[I 2026-08-20 01:31:38,102] Trial 2496 finished with value: 0.6445374145881376 and parameters: {'k1': 0.0007635911239885586, 'D_low': 9120.777922525394, 'k2': 0.01077732487014085, 'D_high': 396.7538836823949, 'fire_exp': 9.245760392737177, 'P_half': 2708.1271236498505, 'pre_dampen_half': 0.02769817696738107, 'gpp_af': 0.9111255667219372, 'gpp_b': 0.0051943961195490464, 'gpp_d': 0.05206990050934235, 'ign_k': 0.01853171004412828, 'ign_c': 72.60022607711468, 'trop_agb_crit': 2.2955033410528145, 'trop_k_veg': 1.744255220820248, 'pop_amp': 0.041028693937611785, 'pop_peak': 6.937967329406474, 'pop_sig': 1.0834878980517877}. Best is trial 1128 with value: -0.620386984093161.
[I 2026-08-20 01:31:41,568] Trial 2497 finished with value: -0.5640731250856165 and parameters: {'k1': 3.282412557421327e-05, 'D_low': 2406.8315479793846, 'k2': 0.02567789351628133, 'D_high': 356920.26438333787, 'fire_exp': 1.7192614341703858, 'P_half': 904.3886658283717, 'pre_dampen_half': 4.1551534724987675, 'gpp_af': 0.6383332850442602, 'gpp_b': 1.9347293458926402e-05, 'gpp_d': 133.8601332150224, 'ign_k': 8.150447112855023, 'ign_c': 0.25981872665979866, 'trop_agb_crit': 1.4451763932448876, 'trop_k_veg': 3.558984590823788, 'pop_amp': 2.1595695686523233, 'pop_peak': 10.474604773736724, 'pop_sig': 1.5525721557972463}. Best is trial 1128 with value: -0.620386984093161.
[I 2026-08-20 01:31:43,995] Trial 2498 finished with value: 0.4958847789660693 and parameters: {'k1': 0.00023328857626035867, 'D_low': 663.4095588942082, 'k2': 0.01886814428445474, 'D_high': 6715169.315001528, 'fire_exp': 1.7273556993266894, 'P_half': 5866.629036440624, 'pre_dampen_half': 27.803169822658568, 'gpp_af': 0.1254440710583462, 'gpp_b': 1.6010728374976402e-05, 'gpp_d': 6.424267723309234, 'ign_k': 3.9986980305044244, 'ign_c': 0.12313396443582841, 'trop_agb_crit': 2.3627358738570914, 'trop_k_veg': 3.2073683455485775, 'pop_amp': 5.825718518014842, 'pop_peak': 44.37777871341844, 'pop_sig': 2.171449948378888}. Best is trial 1128 with value: -0.620386984093161.
[I 2026-08-20 01:31:46,584] Trial 2499 finished with value: 0.6445374145881376 and parameters: {'k1': 0.00022557399020209292, 'D_low': 563.470328160299, 'k2': 0.039536870083252934, 'D_high': 971992.7361307269, 'fire_exp': 2.7647939717313945, 'P_half': 31.1274612109836, 'pre_dampen_half': 0.4901562529717053, 'gpp_af': 0.0014620664330065114, 'gpp_b': 0.0022320654252338495, 'gpp_d': 841.6926473811602, 'ign_k': 1.305365993243292, 'ign_c': 92.42757910228201, 'trop_agb_crit': 10.09573124154544, 'trop_k_veg': 5.916121963933616, 'pop_amp': 0.0011230172881550441, 'pop_peak': 9.903729525018491, 'pop_sig': 0.36002755091667793}. Best is trial 1128 with value: -0.620386984093161.
[setup] COUPLING-READY: climate (D_bar/T_air/P_*) + GPP all from global_baseline_modelC_inputs_1997-2016.nc ...
[fuel] FUEL_WINDOW=60 months, causal trailing mean, 48 months of spin-up ahead of the fit window
[setup] loading GFED5 reference from burntArea.nc ...
[setup] land cells (GFED5 burnable): 13916 / 64800 (21.5%)
[pop] POP_TERM ON: HYDE density, 15031 populated cells, log10 range -1.00 to 3.48
[setup] GFED5 land-mean monthly frac: 0.005068
[pop] fitting a hump in log10 population density, 3 parameters
[opt] warm-start from params.coupledFW.json
[warm] Overall=0.6002  bias=0.6861 rmse=0.3696 seas=0.8068 spatial=0.7691
[opt] sampler=TPESampler seed=42
[opt] running 2500 trials against GFED5 ...
  trial    7/2500  best_overall=0.6002  (0.3 min)
  trial   14/2500  best_overall=0.6002  (0.7 min)
  trial   21/2500  best_overall=0.6002  (1.0 min)
  trial   28/2500  best_overall=0.6002  (1.4 min)
  trial   35/2500  best_overall=0.6002  (1.7 min)
  trial   42/2500  best_overall=0.6002  (2.1 min)
  trial   49/2500  best_overall=0.6002  (2.5 min)
  trial   56/2500  best_overall=0.6002  (2.8 min)
  trial   63/2500  best_overall=0.6002  (3.2 min)
  trial   70/2500  best_overall=0.6002  (3.5 min)
  trial   77/2500  best_overall=0.6002  (3.9 min)
  trial   84/2500  best_overall=0.6002  (4.2 min)
  trial   91/2500  best_overall=0.6002  (4.6 min)
  trial   98/2500  best_overall=0.6002  (4.9 min)
  trial  105/2500  best_overall=0.6002  (5.3 min)
  trial  112/2500  best_overall=0.6002  (5.6 min)
  trial  119/2500  best_overall=0.6002  (6.0 min)
  trial  126/2500  best_overall=0.6002  (6.3 min)
  trial  133/2500  best_overall=0.6002  (6.7 min)
  trial  140/2500  best_overall=0.6002  (7.0 min)
  trial  147/2500  best_overall=0.6002  (7.4 min)
  trial  154/2500  best_overall=0.6002  (7.8 min)
  trial  161/2500  best_overall=0.6002  (8.1 min)
  trial  168/2500  best_overall=0.6002  (8.5 min)
  trial  175/2500  best_overall=0.6002  (8.8 min)
  trial  182/2500  best_overall=0.6002  (9.1 min)
  trial  189/2500  best_overall=0.6002  (9.5 min)
  trial  196/2500  best_overall=0.6002  (9.9 min)
  trial  203/2500  best_overall=0.6002  (10.2 min)
  trial  210/2500  best_overall=0.6002  (10.6 min)
  trial  217/2500  best_overall=0.6002  (10.9 min)
  trial  224/2500  best_overall=0.6002  (11.3 min)
  trial  231/2500  best_overall=0.6002  (11.7 min)
  trial  238/2500  best_overall=0.6002  (12.0 min)
  trial  245/2500  best_overall=0.6002  (12.4 min)
  trial  252/2500  best_overall=0.6002  (12.7 min)
  trial  259/2500  best_overall=0.6002  (13.1 min)
  trial  266/2500  best_overall=0.6002  (13.5 min)
  trial  274/2500  best_overall=0.6002  (13.8 min)
  trial  281/2500  best_overall=0.6049  (14.2 min)
  trial  288/2500  best_overall=0.6049  (14.5 min)
  trial  295/2500  best_overall=0.6049  (14.9 min)
  trial  302/2500  best_overall=0.6049  (15.3 min)
  trial  309/2500  best_overall=0.6049  (15.6 min)
  trial  316/2500  best_overall=0.6049  (16.0 min)
  trial  323/2500  best_overall=0.6049  (16.3 min)
  trial  330/2500  best_overall=0.6049  (16.7 min)
  trial  337/2500  best_overall=0.6049  (17.0 min)
  trial  344/2500  best_overall=0.6049  (17.4 min)
  trial  351/2500  best_overall=0.6049  (17.8 min)
  trial  358/2500  best_overall=0.6049  (18.1 min)
  trial  365/2500  best_overall=0.6049  (18.5 min)
  trial  372/2500  best_overall=0.6049  (18.8 min)
  trial  379/2500  best_overall=0.6049  (19.2 min)
  trial  386/2500  best_overall=0.6049  (19.6 min)
  trial  393/2500  best_overall=0.6049  (19.9 min)
  trial  400/2500  best_overall=0.6049  (20.3 min)
  trial  407/2500  best_overall=0.6049  (20.6 min)
  trial  414/2500  best_overall=0.6049  (21.0 min)
  trial  421/2500  best_overall=0.6049  (21.3 min)
  trial  428/2500  best_overall=0.6049  (21.7 min)
  trial  435/2500  best_overall=0.6049  (22.1 min)
  trial  442/2500  best_overall=0.6049  (22.4 min)
  trial  449/2500  best_overall=0.6049  (22.8 min)
  trial  456/2500  best_overall=0.6049  (23.2 min)
  trial  463/2500  best_overall=0.6049  (23.5 min)
  trial  470/2500  best_overall=0.6049  (23.9 min)
  trial  477/2500  best_overall=0.6049  (24.2 min)
  trial  484/2500  best_overall=0.6049  (24.6 min)
  trial  491/2500  best_overall=0.6049  (25.0 min)
  trial  499/2500  best_overall=0.6049  (25.3 min)
  trial  506/2500  best_overall=0.6049  (25.7 min)
  trial  513/2500  best_overall=0.6049  (26.1 min)
  trial  520/2500  best_overall=0.6049  (26.4 min)
  trial  527/2500  best_overall=0.6049  (26.8 min)
  trial  535/2500  best_overall=0.6049  (27.2 min)
  trial  546/2500  best_overall=0.6049  (27.5 min)
  trial  558/2500  best_overall=0.6049  (27.9 min)
  trial  566/2500  best_overall=0.6049  (28.2 min)
  trial  574/2500  best_overall=0.6049  (28.6 min)
  trial  582/2500  best_overall=0.6049  (29.0 min)
  trial  593/2500  best_overall=0.6049  (29.3 min)
  trial  605/2500  best_overall=0.6049  (29.7 min)
  trial  617/2500  best_overall=0.6049  (30.0 min)
  trial  629/2500  best_overall=0.6049  (30.4 min)
  trial  640/2500  best_overall=0.6049  (30.7 min)
  trial  652/2500  best_overall=0.6049  (31.1 min)
  trial  663/2500  best_overall=0.6049  (31.4 min)
  trial  674/2500  best_overall=0.6049  (31.8 min)
  trial  685/2500  best_overall=0.6049  (32.1 min)
  trial  696/2500  best_overall=0.6049  (32.5 min)
  trial  707/2500  best_overall=0.6049  (32.8 min)
  trial  718/2500  best_overall=0.6049  (33.2 min)
  trial  729/2500  best_overall=0.6049  (33.5 min)
  trial  740/2500  best_overall=0.6049  (33.9 min)
  trial  751/2500  best_overall=0.6049  (34.2 min)
  trial  762/2500  best_overall=0.6049  (34.6 min)
  trial  773/2500  best_overall=0.6049  (34.9 min)
  trial  783/2500  best_overall=0.6049  (35.3 min)
  trial  794/2500  best_overall=0.6049  (35.6 min)
  trial  805/2500  best_overall=0.6049  (36.0 min)
  trial  816/2500  best_overall=0.6049  (36.3 min)
  trial  827/2500  best_overall=0.6049  (36.6 min)
  trial  838/2500  best_overall=0.6049  (37.0 min)
  trial  849/2500  best_overall=0.6049  (37.3 min)
  trial  861/2500  best_overall=0.6049  (37.7 min)
  trial  873/2500  best_overall=0.6049  (38.1 min)
  trial  885/2500  best_overall=0.6049  (38.4 min)
  trial  897/2500  best_overall=0.6049  (38.8 min)
  trial  908/2500  best_overall=0.6049  (39.1 min)
  trial  920/2500  best_overall=0.6049  (39.5 min)
  trial  932/2500  best_overall=0.6049  (39.8 min)
  trial  944/2500  best_overall=0.6049  (40.2 min)
  trial  956/2500  best_overall=0.6049  (40.6 min)
  trial  968/2500  best_overall=0.6049  (40.9 min)
  trial  977/2500  best_overall=0.6049  (41.3 min)
  trial  986/2500  best_overall=0.6049  (41.6 min)
  trial  996/2500  best_overall=0.6049  (42.0 min)
  trial 1007/2500  best_overall=0.6049  (42.4 min)
  trial 1018/2500  best_overall=0.6049  (42.7 min)
  trial 1029/2500  best_overall=0.6049  (43.1 min)
  trial 1040/2500  best_overall=0.6049  (43.4 min)
  trial 1051/2500  best_overall=0.6049  (43.7 min)
  trial 1061/2500  best_overall=0.6049  (44.1 min)
  trial 1071/2500  best_overall=0.6049  (44.5 min)
  trial 1081/2500  best_overall=0.6049  (44.8 min)
  trial 1092/2500  best_overall=0.6049  (45.2 min)
  trial 1102/2500  best_overall=0.6049  (45.5 min)
  trial 1111/2500  best_overall=0.6049  (45.9 min)
  trial 1119/2500  best_overall=0.6049  (46.2 min)
  trial 1130/2500  best_overall=0.6204  (46.6 min)
  trial 1141/2500  best_overall=0.6204  (46.9 min)
  trial 1151/2500  best_overall=0.6204  (47.3 min)
  trial 1162/2500  best_overall=0.6204  (47.6 min)
  trial 1173/2500  best_overall=0.6204  (48.0 min)
  trial 1184/2500  best_overall=0.6204  (48.3 min)
  trial 1195/2500  best_overall=0.6204  (48.7 min)
  trial 1207/2500  best_overall=0.6204  (49.0 min)
  trial 1218/2500  best_overall=0.6204  (49.4 min)
  trial 1229/2500  best_overall=0.6204  (49.7 min)
  trial 1240/2500  best_overall=0.6204  (50.1 min)
  trial 1251/2500  best_overall=0.6204  (50.4 min)
  trial 1262/2500  best_overall=0.6204  (50.8 min)
  trial 1273/2500  best_overall=0.6204  (51.1 min)
  trial 1284/2500  best_overall=0.6204  (51.4 min)
  trial 1296/2500  best_overall=0.6204  (51.8 min)
  trial 1307/2500  best_overall=0.6204  (52.2 min)
  trial 1318/2500  best_overall=0.6204  (52.5 min)
  trial 1329/2500  best_overall=0.6204  (52.8 min)
  trial 1340/2500  best_overall=0.6204  (53.2 min)
  trial 1351/2500  best_overall=0.6204  (53.5 min)
  trial 1362/2500  best_overall=0.6204  (53.9 min)
  trial 1372/2500  best_overall=0.6204  (54.2 min)
  trial 1382/2500  best_overall=0.6204  (54.6 min)
  trial 1392/2500  best_overall=0.6204  (54.9 min)
  trial 1401/2500  best_overall=0.6204  (55.3 min)
  trial 1410/2500  best_overall=0.6204  (55.6 min)
  trial 1419/2500  best_overall=0.6204  (56.0 min)
  trial 1427/2500  best_overall=0.6204  (56.4 min)
  trial 1436/2500  best_overall=0.6204  (56.7 min)
  trial 1444/2500  best_overall=0.6204  (57.1 min)
  trial 1456/2500  best_overall=0.6204  (57.4 min)
  trial 1468/2500  best_overall=0.6204  (57.8 min)
  trial 1480/2500  best_overall=0.6204  (58.2 min)
  trial 1492/2500  best_overall=0.6204  (58.5 min)
  trial 1504/2500  best_overall=0.6204  (58.9 min)
  trial 1515/2500  best_overall=0.6204  (59.2 min)
  trial 1526/2500  best_overall=0.6204  (59.6 min)
  trial 1538/2500  best_overall=0.6204  (59.9 min)
  trial 1550/2500  best_overall=0.6204  (60.3 min)
  trial 1562/2500  best_overall=0.6204  (60.7 min)
  trial 1573/2500  best_overall=0.6204  (61.0 min)
  trial 1584/2500  best_overall=0.6204  (61.4 min)
  trial 1595/2500  best_overall=0.6204  (61.7 min)
  trial 1606/2500  best_overall=0.6204  (62.0 min)
  trial 1617/2500  best_overall=0.6204  (62.4 min)
  trial 1628/2500  best_overall=0.6204  (62.8 min)
  trial 1639/2500  best_overall=0.6204  (63.1 min)
  trial 1650/2500  best_overall=0.6204  (63.5 min)
  trial 1661/2500  best_overall=0.6204  (63.9 min)
  trial 1671/2500  best_overall=0.6204  (64.2 min)
  trial 1681/2500  best_overall=0.6204  (64.6 min)
  trial 1691/2500  best_overall=0.6204  (65.0 min)
  trial 1700/2500  best_overall=0.6204  (65.3 min)
  trial 1709/2500  best_overall=0.6204  (65.7 min)
  trial 1721/2500  best_overall=0.6204  (66.1 min)
  trial 1732/2500  best_overall=0.6204  (66.4 min)
  trial 1743/2500  best_overall=0.6204  (66.8 min)
  trial 1754/2500  best_overall=0.6204  (67.1 min)
  trial 1765/2500  best_overall=0.6204  (67.5 min)
  trial 1776/2500  best_overall=0.6204  (67.8 min)
  trial 1787/2500  best_overall=0.6204  (68.1 min)
  trial 1798/2500  best_overall=0.6204  (68.5 min)
  trial 1810/2500  best_overall=0.6204  (68.9 min)
  trial 1821/2500  best_overall=0.6204  (69.2 min)
  trial 1832/2500  best_overall=0.6204  (69.5 min)
  trial 1843/2500  best_overall=0.6204  (69.9 min)
  trial 1855/2500  best_overall=0.6204  (70.3 min)
  trial 1866/2500  best_overall=0.6204  (70.6 min)
  trial 1877/2500  best_overall=0.6204  (70.9 min)
  trial 1889/2500  best_overall=0.6204  (71.3 min)
  trial 1901/2500  best_overall=0.6204  (71.7 min)
  trial 1912/2500  best_overall=0.6204  (72.0 min)
  trial 1921/2500  best_overall=0.6204  (72.4 min)
  trial 1930/2500  best_overall=0.6204  (72.7 min)
  trial 1938/2500  best_overall=0.6204  (73.1 min)
  trial 1945/2500  best_overall=0.6204  (73.4 min)
  trial 1953/2500  best_overall=0.6204  (73.8 min)
  trial 1960/2500  best_overall=0.6204  (74.2 min)
  trial 1967/2500  best_overall=0.6204  (74.5 min)
  trial 1975/2500  best_overall=0.6204  (74.9 min)
  trial 1983/2500  best_overall=0.6204  (75.3 min)
  trial 1992/2500  best_overall=0.6204  (75.6 min)
  trial 2000/2500  best_overall=0.6204  (76.0 min)
  trial 2008/2500  best_overall=0.6204  (76.4 min)
  trial 2017/2500  best_overall=0.6204  (76.7 min)
  trial 2030/2500  best_overall=0.6204  (77.1 min)
  trial 2043/2500  best_overall=0.6204  (77.4 min)
  trial 2056/2500  best_overall=0.6204  (77.8 min)
  trial 2069/2500  best_overall=0.6204  (78.1 min)
  trial 2082/2500  best_overall=0.6204  (78.5 min)
  trial 2095/2500  best_overall=0.6204  (78.8 min)
  trial 2108/2500  best_overall=0.6204  (79.2 min)
  trial 2121/2500  best_overall=0.6204  (79.6 min)
  trial 2133/2500  best_overall=0.6204  (79.9 min)
  trial 2146/2500  best_overall=0.6204  (80.3 min)
  trial 2159/2500  best_overall=0.6204  (80.6 min)
  trial 2172/2500  best_overall=0.6204  (81.0 min)
  trial 2185/2500  best_overall=0.6204  (81.3 min)
  trial 2198/2500  best_overall=0.6204  (81.6 min)
  trial 2211/2500  best_overall=0.6204  (82.0 min)
  trial 2220/2500  best_overall=0.6204  (82.4 min)
  trial 2229/2500  best_overall=0.6204  (82.8 min)
  trial 2237/2500  best_overall=0.6204  (83.2 min)
  trial 2247/2500  best_overall=0.6204  (83.5 min)
  trial 2257/2500  best_overall=0.6204  (83.9 min)
  trial 2268/2500  best_overall=0.6204  (84.2 min)
  trial 2281/2500  best_overall=0.6204  (84.6 min)
  trial 2293/2500  best_overall=0.6204  (85.0 min)
  trial 2305/2500  best_overall=0.6204  (85.3 min)
  trial 2316/2500  best_overall=0.6204  (85.7 min)
  trial 2327/2500  best_overall=0.6204  (86.1 min)
  trial 2337/2500  best_overall=0.6204  (86.4 min)
  trial 2347/2500  best_overall=0.6204  (86.8 min)
  trial 2357/2500  best_overall=0.6204  (87.2 min)
  trial 2369/2500  best_overall=0.6204  (87.5 min)
  trial 2381/2500  best_overall=0.6204  (87.9 min)
  trial 2393/2500  best_overall=0.6204  (88.3 min)
  trial 2405/2500  best_overall=0.6204  (88.6 min)
  trial 2417/2500  best_overall=0.6204  (89.0 min)
  trial 2429/2500  best_overall=0.6204  (89.3 min)
  trial 2441/2500  best_overall=0.6204  (89.7 min)
  trial 2453/2500  best_overall=0.6204  (90.0 min)
  trial 2465/2500  best_overall=0.6204  (90.4 min)
  trial 2476/2500  best_overall=0.6204  (90.8 min)
  trial 2487/2500  best_overall=0.6204  (91.1 min)
  trial 2497/2500  best_overall=0.6204  (91.5 min)

[done] 2500 trials in 91.7 min
       best Overall = 0.6204
[best] Bias=0.6876  RMSE=0.4033  Seas=0.8311  Spatial=0.7767  Overall=0.6204
[diag] raw rate land-mean (yr^-1): 0.01494  (target ~ 0.06082)
[write] D:\FIRE_OFFLINE\models\C\params.pairPOP.json
[write] D:\FIRE_OFFLINE\ilamb\MODELS\ED-ModelC-final\burntArea.pairPOP.nc  (18.6 MB)
