[I 2026-07-22 20:38:21,284] Trial 384 finished with values: [-0.6652793687515072, 0.1450933720638472] and parameters: {'k1': 0.012840669372724958, 'D_low': 2240.9155921647994, 'k2': 0.014666151770108535, 'D_high': 2742371.6496047364, 'fire_exp': 1.8719045352638064, 'P_half': 60.759029110813756, 'pre_dampen_half': 13.472769577631588, 'gpp_af': 0.2991469302130216, 'gpp_b': 0.0004382884213732982, 'gpp_d': 352.0481045526035, 'ign_k': 0.0029519227433917453, 'ign_c': 0.2939463458625969, 'trop_agb_crit': 2.679156169946616, 'trop_k_veg': 2.1144348148283285, 'fuel_k': 4.710433409437071, 'fuel_half': 1.3323297901105766}.
[I 2026-07-22 20:38:21,694] Trial 385 finished with values: [10.85874497869337, 10.85874497869337] and parameters: {'k1': 0.008471801418819975, 'D_low': 35.437765484261625, 'k2': 4.1265168740903634e-05, 'D_high': 7589190.453000005, 'fire_exp': 1.0374353732655994, 'P_half': 20.654107883022302, 'pre_dampen_half': 14.689407256107613, 'gpp_af': 3.470266988650414, 'gpp_b': 0.0008239138919814073, 'gpp_d': 707.2114131472224, 'ign_k': 0.003252245757497283, 'ign_c': 183.3717796770994, 'trop_agb_crit': 1.8559980846490576, 'trop_k_veg': 2.927602344444864, 'fuel_k': 0.07002142869039267, 'fuel_half': 39.91117266597559}.
[I 2026-07-22 20:38:22,108] Trial 386 finished with values: [10.193531414296018, 10.193531414296018] and parameters: {'k1': 0.0011101191524846067, 'D_low': 2240.9155921647994, 'k2': 0.015602015889668856, 'D_high': 2742371.6496047364, 'fire_exp': 1.9025702662542903, 'P_half': 93.43302657318476, 'pre_dampen_half': 7.823066876094141, 'gpp_af': 0.04897515106470033, 'gpp_b': 0.0028993292583566945, 'gpp_d': 352.0481045526035, 'ign_k': 0.0029519227433917453, 'ign_c': 5.681482545113259, 'trop_agb_crit': 2.679156169946616, 'trop_k_veg': 2.1144348148283285, 'fuel_k': 4.710433409437071, 'fuel_half': 1.3323297901105766}.
[I 2026-07-22 20:38:22,520] Trial 387 finished with values: [10.613489411217973, 10.613489411217973] and parameters: {'k1': 0.028401063201780267, 'D_low': 890.3633614906976, 'k2': 0.0009562822793888481, 'D_high': 2413579.2291304003, 'fire_exp': 1.5532616753672623, 'P_half': 50.34696988263488, 'pre_dampen_half': 13.472769577631588, 'gpp_af': 0.053663001820106804, 'gpp_b': 0.22467045378719638, 'gpp_d': 12.338826503601998, 'ign_k': 0.0029519227433917453, 'ign_c': 22.126836566118193, 'trop_agb_crit': 9.286923253577127, 'trop_k_veg': 1.3987664054208562, 'fuel_k': 4.710433409437071, 'fuel_half': 0.6603566884894324}.
[I 2026-07-22 20:38:22,933] Trial 388 finished with values: [10.606793616256413, 10.606793616256413] and parameters: {'k1': 0.0009299619346742016, 'D_low': 35.437765484261625, 'k2': 0.03699867920489092, 'D_high': 3714594.1935037985, 'fire_exp': 1.1234725391720877, 'P_half': 94.99072859745384, 'pre_dampen_half': 7.665128204660192, 'gpp_af': 0.4840298156332326, 'gpp_b': 0.0011087183655158347, 'gpp_d': 450.59526947401275, 'ign_k': 0.02226297338331263, 'ign_c': 0.2939463458625969, 'trop_agb_crit': 1.6034837661963206, 'trop_k_veg': 3.345591145807529, 'fuel_k': 0.03201034713747641, 'fuel_half': 72.7420826493834}.
[I 2026-07-22 20:38:23,348] Trial 389 finished with values: [10.25307037153362, 10.25307037153362] and parameters: {'k1': 0.0008844550494238247, 'D_low': 2240.9155921647994, 'k2': 0.0009562822793888481, 'D_high': 2742371.6496047364, 'fire_exp': 1.5532616753672623, 'P_half': 355.00125258511594, 'pre_dampen_half': 9.16302609334724, 'gpp_af': 3.470266988650414, 'gpp_b': 1.3289448722869181e-05, 'gpp_d': 352.0481045526035, 'ign_k': 0.0029519227433917453, 'ign_c': 44.67752817973901, 'trop_agb_crit': 12.647327018493208, 'trop_k_veg': 1.9658897090912955, 'fuel_k': 0.07002142869039267, 'fuel_half': 1.3323297901105766}.
[I 2026-07-22 20:38:23,760] Trial 390 finished with values: [13.192606901977637, 13.192606901977637] and parameters: {'k1': 0.0009299619346742016, 'D_low': 35.437765484261625, 'k2': 0.0004976087827261435, 'D_high': 2742371.6496047364, 'fire_exp': 1.5704801393982246, 'P_half': 44.71679901231308, 'pre_dampen_half': 232.87141945732574, 'gpp_af': 0.015875524914818664, 'gpp_b': 0.0001484082099455773, 'gpp_d': 40.95062894476691, 'ign_k': 0.008226074946221037, 'ign_c': 39.52220881906112, 'trop_agb_crit': 8.983402272488592, 'trop_k_veg': 4.050700716504253, 'fuel_k': 4.0632364973692425, 'fuel_half': 0.30817917005205625}.
[I 2026-07-22 20:38:24,171] Trial 391 finished with values: [10.499153074539592, 10.499153074539592] and parameters: {'k1': 4.513311251103459e-05, 'D_low': 35.437765484261625, 'k2': 4.207988669606632e-05, 'D_high': 25566.506194206, 'fire_exp': 1.1234725391720877, 'P_half': 4006.89033223865, 'pre_dampen_half': 70.78932406899753, 'gpp_af': 0.015875524914818664, 'gpp_b': 0.004458440839692221, 'gpp_d': 707.2114131472224, 'ign_k': 4.59148521674054, 'ign_c': 0.7068974950624601, 'trop_agb_crit': 6.289029460848807, 'trop_k_veg': 1.609802507336941, 'fuel_k': 0.025620781631399487, 'fuel_half': 1.0889347318773486}.
[I 2026-07-22 20:38:24,591] Trial 392 finished with values: [10.051254815020606, 10.051254815020606] and parameters: {'k1': 0.028401063201780267, 'D_low': 1.6752866684650682, 'k2': 0.00033271381912662167, 'D_high': 179623.4843885709, 'fire_exp': 1.288726787994845, 'P_half': 56.22114524476698, 'pre_dampen_half': 0.7245868181143029, 'gpp_af': 0.05511595477601764, 'gpp_b': 2.176805640408474e-05, 'gpp_d': 352.0481045526035, 'ign_k': 0.0029519227433917453, 'ign_c': 5.199673923878318, 'trop_agb_crit': 10.584071370490857, 'trop_k_veg': 2.724170387400844, 'fuel_k': 4.710433409437071, 'fuel_half': 1.3323297901105766}.
[I 2026-07-22 20:38:25,010] Trial 393 finished with values: [10.984847919043922, 10.984847919043922] and parameters: {'k1': 0.0001971137615017176, 'D_low': 47.81931841485258, 'k2': 0.0004976087827261435, 'D_high': 267535.550698083, 'fire_exp': 1.6618799814410974, 'P_half': 102.4585893986732, 'pre_dampen_half': 345.01054536130147, 'gpp_af': 0.2901272149738624, 'gpp_b': 0.0013672126623075966, 'gpp_d': 9.156966871245542, 'ign_k': 0.0011417577140741143, 'ign_c': 446.1217349302758, 'trop_agb_crit': 3.1419938725278875, 'trop_k_veg': 6.863422129054256, 'fuel_k': 4.0632364973692425, 'fuel_half': 0.2010796072862617}.
[I 2026-07-22 20:38:25,444] Trial 394 finished with values: [10.252387326394869, 10.252387326394869] and parameters: {'k1': 0.0006579066240690734, 'D_low': 3.86371393182755, 'k2': 0.0009256855841989632, 'D_high': 354469.7472374598, 'fire_exp': 2.3741192393071335, 'P_half': 2.0598022365449626, 'pre_dampen_half': 272.9378165037472, 'gpp_af': 0.2901272149738624, 'gpp_b': 0.0001484082099455773, 'gpp_d': 0.11306051126487641, 'ign_k': 0.003252245757497283, 'ign_c': 0.5655677524618509, 'trop_agb_crit': 2.116824560533658, 'trop_k_veg': 2.9556982260250564, 'fuel_k': 0.28328975157735103, 'fuel_half': 0.30817917005205625}.
[I 2026-07-22 20:38:25,866] Trial 395 finished with values: [10.213299047144995, 10.213299047144995] and parameters: {'k1': 0.008471801418819975, 'D_low': 166.32295851843423, 'k2': 0.0006863458703786212, 'D_high': 7589190.453000005, 'fire_exp': 1.0770888543508004, 'P_half': 310.3604223881657, 'pre_dampen_half': 0.1261583527429052, 'gpp_af': 3.470266988650414, 'gpp_b': 0.0011087183655158347, 'gpp_d': 450.59526947401275, 'ign_k': 2.5383218374507304, 'ign_c': 1.8522006003174372, 'trop_agb_crit': 1.6034837661963206, 'trop_k_veg': 2.9556982260250564, 'fuel_k': 0.03201034713747641, 'fuel_half': 1.953969069312433}.
[I 2026-07-22 20:38:26,286] Trial 396 finished with values: [11.88577034235706, 11.88577034235706] and parameters: {'k1': 0.028401063201780267, 'D_low': 86.64406862241785, 'k2': 0.0006863458703786212, 'D_high': 179623.4843885709, 'fire_exp': 1.9025702662542903, 'P_half': 2.0598022365449626, 'pre_dampen_half': 272.9378165037472, 'gpp_af': 0.03522602097143089, 'gpp_b': 2.176805640408474e-05, 'gpp_d': 36.831884165358964, 'ign_k': 0.0029519227433917453, 'ign_c': 33.592388193960325, 'trop_agb_crit': 5.526463318565575, 'trop_k_veg': 2.724170387400844, 'fuel_k': 4.710433409437071, 'fuel_half': 1.0889347318773486}.
[I 2026-07-22 20:38:26,708] Trial 397 finished with values: [10.30570932203762, 10.30570932203762] and parameters: {'k1': 0.012840669372724958, 'D_low': 25042.526066088038, 'k2': 0.014666151770108535, 'D_high': 2742371.6496047364, 'fire_exp': 1.8719045352638064, 'P_half': 93.43302657318476, 'pre_dampen_half': 13.472769577631588, 'gpp_af': 0.2991469302130216, 'gpp_b': 6.157523964728889e-05, 'gpp_d': 352.0481045526035, 'ign_k': 0.0029519227433917453, 'ign_c': 0.2939463458625969, 'trop_agb_crit': 2.679156169946616, 'trop_k_veg': 2.1144348148283285, 'fuel_k': 4.710433409437071, 'fuel_half': 1.3323297901105766}.
[I 2026-07-22 20:38:27,120] Trial 398 finished with values: [10.139945436853619, 10.139945436853619] and parameters: {'k1': 0.00021066486017042195, 'D_low': 86.64406862241785, 'k2': 0.007299613382801458, 'D_high': 34634.27660734638, 'fire_exp': 2.3741192393071335, 'P_half': 56.22114524476698, 'pre_dampen_half': 272.9378165037472, 'gpp_af': 0.22965432344634348, 'gpp_b': 0.0032988601261053764, 'gpp_d': 15.582234588921391, 'ign_k': 0.038563028138793747, 'ign_c': 0.12299210465793126, 'trop_agb_crit': 2.116824560533658, 'trop_k_veg': 4.129715873342729, 'fuel_k': 0.28328975157735103, 'fuel_half': 84.6362160256194}.
[I 2026-07-22 20:38:27,533] Trial 399 finished with values: [10.0568767855046, 10.0568767855046] and parameters: {'k1': 0.008471801418819975, 'D_low': 16.00237013173313, 'k2': 0.00033271381912662167, 'D_high': 2742371.6496047364, 'fire_exp': 1.9025702662542903, 'P_half': 355.00125258511594, 'pre_dampen_half': 8.259599205585763, 'gpp_af': 3.470266988650414, 'gpp_b': 1.3289448722869181e-05, 'gpp_d': 352.0481045526035, 'ign_k': 0.0029519227433917453, 'ign_c': 44.67752817973901, 'trop_agb_crit': 12.647327018493208, 'trop_k_veg': 2.724170387400844, 'fuel_k': 4.710433409437071, 'fuel_half': 3.75205585512428}.
[I 2026-07-22 20:38:27,948] Trial 400 finished with values: [-0.6972824620257301, 0.11348108971281301] and parameters: {'k1': 0.043264339974928574, 'D_low': 2240.9155921647994, 'k2': 0.00016536937182824412, 'D_high': 2742371.6496047364, 'fire_exp': 1.8719045352638064, 'P_half': 102.4585893986732, 'pre_dampen_half': 14.689407256107613, 'gpp_af': 0.007914355321045717, 'gpp_b': 2.176805640408474e-05, 'gpp_d': 12.151631524283598, 'ign_k': 0.00891606651464436, 'ign_c': 0.12510188850164433, 'trop_agb_crit': 12.647327018493208, 'trop_k_veg': 0.8170196702261714, 'fuel_k': 4.710433409437071, 'fuel_half': 1.3323297901105766}.
[I 2026-07-22 20:38:28,367] Trial 401 finished with values: [10.76923076903347, 10.76923076903347] and parameters: {'k1': 0.0001971137615017176, 'D_low': 356.959242804259, 'k2': 2.296989871634208e-05, 'D_high': 284.74649993162916, 'fire_exp': 1.1109593465084138, 'P_half': 20.654107883022302, 'pre_dampen_half': 719.4083432823455, 'gpp_af': 0.8057329182285735, 'gpp_b': 2.852199954727099e-05, 'gpp_d': 0.04409594046630608, 'ign_k': 0.13500744867919376, 'ign_c': 183.3717796770994, 'trop_agb_crit': 1.6034837661963206, 'trop_k_veg': 0.7258074184598352, 'fuel_k': 4.0995500417030915, 'fuel_half': 1.0889347318773486}.
[I 2026-07-22 20:38:28,784] Trial 402 finished with values: [10.75052097263067, 10.75052097263067] and parameters: {'k1': 0.0001971137615017176, 'D_low': 12.18601522129661, 'k2': 0.02615413574494961, 'D_high': 7589190.453000005, 'fire_exp': 2.14357894201977, 'P_half': 102.4585893986732, 'pre_dampen_half': 0.2774295811500811, 'gpp_af': 0.015875524914818664, 'gpp_b': 2.852199954727099e-05, 'gpp_d': 2.545074556541602, 'ign_k': 0.09313467980132753, 'ign_c': 39.52220881906112, 'trop_agb_crit': 12.856643861355176, 'trop_k_veg': 6.863422129054256, 'fuel_k': 4.0632364973692425, 'fuel_half': 1.0889347318773486}.
[I 2026-07-22 20:38:29,200] Trial 403 finished with values: [10.74615090877608, 10.74615090877608] and parameters: {'k1': 9.74819700926251e-05, 'D_low': 3103.3332277537256, 'k2': 0.0195165137832656, 'D_high': 2742371.6496047364, 'fire_exp': 1.8719045352638064, 'P_half': 3040.8822605588985, 'pre_dampen_half': 1.684714349673854, 'gpp_af': 0.2991469302130216, 'gpp_b': 0.0028993292583566945, 'gpp_d': 352.0481045526035, 'ign_k': 0.0029519227433917453, 'ign_c': 30.785541778315018, 'trop_agb_crit': 2.679156169946616, 'trop_k_veg': 1.034587866621145, 'fuel_k': 4.710433409437071, 'fuel_half': 1.3323297901105766}.
[I 2026-07-22 20:38:29,616] Trial 404 finished with values: [-0.59715700831815, 0.07785359688225257] and parameters: {'k1': 0.0011101191524846067, 'D_low': 2240.9155921647994, 'k2': 0.015602015889668856, 'D_high': 2742371.6496047364, 'fire_exp': 1.9025702662542903, 'P_half': 93.43302657318476, 'pre_dampen_half': 13.472769577631588, 'gpp_af': 0.2991469302130216, 'gpp_b': 0.0028993292583566945, 'gpp_d': 352.0481045526035, 'ign_k': 0.0029519227433917453, 'ign_c': 11.462237838612072, 'trop_agb_crit': 3.3933702290907823, 'trop_k_veg': 2.1144348148283285, 'fuel_k': 4.710433409437071, 'fuel_half': 1.3323297901105766}.
[I 2026-07-22 20:38:30,026] Trial 405 finished with values: [10.082769489922088, 10.082769489922088] and parameters: {'k1': 0.012840669372724958, 'D_low': 2240.9155921647994, 'k2': 0.015602015889668856, 'D_high': 2742371.6496047364, 'fire_exp': 1.8719045352638064, 'P_half': 235.39834531862078, 'pre_dampen_half': 13.472769577631588, 'gpp_af': 0.04897515106470033, 'gpp_b': 0.0028993292583566945, 'gpp_d': 352.0481045526035, 'ign_k': 0.013276678836047658, 'ign_c': 0.12510188850164433, 'trop_agb_crit': 9.286923253577127, 'trop_k_veg': 0.8170196702261714, 'fuel_k': 4.710433409437071, 'fuel_half': 1.3323297901105766}.
[I 2026-07-22 20:38:30,457] Trial 406 finished with values: [-0.44875227340138707, 0.2922301051409576] and parameters: {'k1': 0.0009299619346742016, 'D_low': 86.64406862241785, 'k2': 0.0195165137832656, 'D_high': 693439.2750387826, 'fire_exp': 1.1234725391720877, 'P_half': 56.22114524476698, 'pre_dampen_half': 0.7245868181143029, 'gpp_af': 0.05511595477601764, 'gpp_b': 1.6081669283634658e-05, 'gpp_d': 274.48645214004335, 'ign_k': 0.038563028138793747, 'ign_c': 5.199673923878318, 'trop_agb_crit': 10.584071370490857, 'trop_k_veg': 1.034587866621145, 'fuel_k': 0.025620781631399487, 'fuel_half': 0.14265186058187057}.
[I 2026-07-22 20:38:30,875] Trial 407 finished with values: [11.48368751183034, 11.48368751183034] and parameters: {'k1': 0.028401063201780267, 'D_low': 16.00237013173313, 'k2': 0.00018245734513362482, 'D_high': 179623.4843885709, 'fire_exp': 1.0770888543508004, 'P_half': 19.625093208439857, 'pre_dampen_half': 8.259599205585763, 'gpp_af': 3.470266988650414, 'gpp_b': 1.3289448722869181e-05, 'gpp_d': 352.0481045526035, 'ign_k': 0.0029519227433917453, 'ign_c': 44.67752817973901, 'trop_agb_crit': 10.215415653610627, 'trop_k_veg': 2.724170387400844, 'fuel_k': 0.07002142869039267, 'fuel_half': 1.3323297901105766}.
[I 2026-07-22 20:38:31,294] Trial 408 finished with values: [10.68192061165072, 10.68192061165072] and parameters: {'k1': 0.004898620823554844, 'D_low': 356.959242804259, 'k2': 0.0195165137832656, 'D_high': 34634.27660734638, 'fire_exp': 1.1109593465084138, 'P_half': 56.22114524476698, 'pre_dampen_half': 70.78932406899753, 'gpp_af': 0.05511595477601764, 'gpp_b': 0.0001484082099455773, 'gpp_d': 10.931606102061748, 'ign_k': 0.038563028138793747, 'ign_c': 0.8053471030316095, 'trop_agb_crit': 3.1419938725278875, 'trop_k_veg': 0.7258074184598352, 'fuel_k': 0.025620781631399487, 'fuel_half': 72.7420826493834}.
[I 2026-07-22 20:38:31,707] Trial 409 finished with values: [10.320461695171952, 10.320461695171952] and parameters: {'k1': 0.0011101191524846067, 'D_low': 2240.9155921647994, 'k2': 0.0006863458703786212, 'D_high': 2742371.6496047364, 'fire_exp': 1.9025702662542903, 'P_half': 44.71679901231308, 'pre_dampen_half': 0.9829324480069707, 'gpp_af': 0.04897515106470033, 'gpp_b': 2.852199954727099e-05, 'gpp_d': 352.0481045526035, 'ign_k': 0.0029519227433917453, 'ign_c': 44.67752817973901, 'trop_agb_crit': 8.983402272488592, 'trop_k_veg': 2.1144348148283285, 'fuel_k': 4.710433409437071, 'fuel_half': 1.0889347318773486}.
[I 2026-07-22 20:38:32,151] Trial 410 finished with values: [10.026325225795087, 10.026325225795087] and parameters: {'k1': 0.012840669372724958, 'D_low': 35.437765484261625, 'k2': 0.0009256855841989632, 'D_high': 2742371.6496047364, 'fire_exp': 1.8719045352638064, 'P_half': 60.759029110813756, 'pre_dampen_half': 13.472769577631588, 'gpp_af': 0.2991469302130216, 'gpp_b': 1.5374623779966904e-05, 'gpp_d': 0.06570816861546984, 'ign_k': 0.008226074946221037, 'ign_c': 0.12510188850164433, 'trop_agb_crit': 8.983402272488592, 'trop_k_veg': 0.8170196702261714, 'fuel_k': 4.710433409437071, 'fuel_half': 1.0889347318773486}.
[I 2026-07-22 20:38:32,582] Trial 411 finished with values: [-0.2311392315037367, 0.3546251562770615] and parameters: {'k1': 0.008471801418819975, 'D_low': 2.4063018320720926, 'k2': 0.0003667128654092894, 'D_high': 893.5110590331861, 'fire_exp': 1.4951483674354806, 'P_half': 2.0598022365449626, 'pre_dampen_half': 272.9378165037472, 'gpp_af': 0.22965432344634348, 'gpp_b': 1.3289448722869181e-05, 'gpp_d': 36.831884165358964, 'ign_k': 1.104435084712469, 'ign_c': 0.4933751600448339, 'trop_agb_crit': 1.7024582907699128, 'trop_k_veg': 1.0006736835346968, 'fuel_k': 0.07002142869039267, 'fuel_half': 3.75205585512428}.
[I 2026-07-22 20:38:32,999] Trial 412 finished with values: [10.76923076903347, 10.76923076903347] and parameters: {'k1': 0.00022704877557909215, 'D_low': 216.6574784061471, 'k2': 0.0009562822793888481, 'D_high': 6553509.5104207955, 'fire_exp': 1.5532616753672623, 'P_half': 355.00125258511594, 'pre_dampen_half': 16.224010950061366, 'gpp_af': 0.019528422543904068, 'gpp_b': 1.3289448722869181e-05, 'gpp_d': 36.831884165358964, 'ign_k': 2.136832907235876, 'ign_c': 42.35909356730621, 'trop_agb_crit': 2.7395739167173065, 'trop_k_veg': 1.2317933603979494, 'fuel_k': 0.07002142869039267, 'fuel_half': 0.3036855685244964}.
[I 2026-07-22 20:38:33,419] Trial 413 finished with values: [10.272439772995584, 10.272439772995584] and parameters: {'k1': 1.263794633808287e-05, 'D_low': 32677.376097937307, 'k2': 0.03699867920489092, 'D_high': 61211.32154754238, 'fire_exp': 1.5532616753672623, 'P_half': 94.99072859745384, 'pre_dampen_half': 9.16302609334724, 'gpp_af': 3.470266988650414, 'gpp_b': 0.004458440839692221, 'gpp_d': 59.945376567988106, 'ign_k': 2.136832907235876, 'ign_c': 17.583640270008498, 'trop_agb_crit': 12.647327018493208, 'trop_k_veg': 0.7818074020304813, 'fuel_k': 1.4087221110514259, 'fuel_half': 3.75205585512428}.
[I 2026-07-22 20:38:33,836] Trial 414 finished with values: [10.358462249353106, 10.358462249353106] and parameters: {'k1': 0.004898620823554844, 'D_low': 35.437765484261625, 'k2': 0.0009562822793888481, 'D_high': 2742371.6496047364, 'fire_exp': 1.5532616753672623, 'P_half': 56.22114524476698, 'pre_dampen_half': 16.224010950061366, 'gpp_af': 0.015875524914818664, 'gpp_b': 1.3289448722869181e-05, 'gpp_d': 0.04511991819672032, 'ign_k': 2.136832907235876, 'ign_c': 17.583640270008498, 'trop_agb_crit': 2.7395739167173065, 'trop_k_veg': 2.9556982260250564, 'fuel_k': 0.025620781631399487, 'fuel_half': 1.0889347318773486}.
[I 2026-07-22 20:38:34,250] Trial 415 finished with values: [10.079306605523206, 10.079306605523206] and parameters: {'k1': 0.0006579066240690734, 'D_low': 2.4063018320720926, 'k2': 0.0009562822793888481, 'D_high': 2742371.6496047364, 'fire_exp': 1.9325784557452017, 'P_half': 8.318314747941244, 'pre_dampen_half': 9.16302609334724, 'gpp_af': 0.015875524914818664, 'gpp_b': 2.852199954727099e-05, 'gpp_d': 36.831884165358964, 'ign_k': 2.136832907235876, 'ign_c': 17.583640270008498, 'trop_agb_crit': 1.111888584843313, 'trop_k_veg': 1.9658897090912955, 'fuel_k': 0.03201034713747641, 'fuel_half': 1.0889347318773486}.
[I 2026-07-22 20:38:34,665] Trial 416 finished with values: [-0.3019325093770951, 0.30039003716871926] and parameters: {'k1': 0.028401063201780267, 'D_low': 35.437765484261625, 'k2': 0.015109086063191909, 'D_high': 2742371.6496047364, 'fire_exp': 1.5191397119156032, 'P_half': 60.759029110813756, 'pre_dampen_half': 13.472769577631588, 'gpp_af': 0.053663001820106804, 'gpp_b': 1.5374623779966904e-05, 'gpp_d': 0.04409594046630608, 'ign_k': 0.0029519227433917453, 'ign_c': 0.4051452710153359, 'trop_agb_crit': 1.6034837661963206, 'trop_k_veg': 2.9556982260250564, 'fuel_k': 0.025620781631399487, 'fuel_half': 0.6603566884894324}.
[I 2026-07-22 20:38:35,080] Trial 417 finished with values: [10.297681603108472, 10.297681603108472] and parameters: {'k1': 0.0009299619346742016, 'D_low': 1.6752866684650682, 'k2': 0.0006863458703786212, 'D_high': 693439.2750387826, 'fire_exp': 1.1234725391720877, 'P_half': 56.22114524476698, 'pre_dampen_half': 0.7245868181143029, 'gpp_af': 0.05511595477601764, 'gpp_b': 2.852199954727099e-05, 'gpp_d': 706.4887089740605, 'ign_k': 2.7142572552186843, 'ign_c': 5.199673923878318, 'trop_agb_crit': 12.856643861355176, 'trop_k_veg': 4.050700716504253, 'fuel_k': 0.025620781631399487, 'fuel_half': 1.0889347318773486}.
[I 2026-07-22 20:38:35,490] Trial 418 finished with values: [-0.7649246952103154, 0.09107127716824792] and parameters: {'k1': 0.0006533684593224971, 'D_low': 216.6574784061471, 'k2': 0.0006863458703786212, 'D_high': 693439.2750387826, 'fire_exp': 1.5704801393982246, 'P_half': 355.00125258511594, 'pre_dampen_half': 16.224010950061366, 'gpp_af': 0.015875524914818664, 'gpp_b': 2.852199954727099e-05, 'gpp_d': 36.831884165358964, 'ign_k': 2.7142572552186843, 'ign_c': 17.583640270008498, 'trop_agb_crit': 2.7395739167173065, 'trop_k_veg': 4.050700716504253, 'fuel_k': 0.057024351269772615, 'fuel_half': 0.3036855685244964}.
