[I 2026-08-14 14:08:17,702] Trial 248 finished with values: [-0.35285815409250376, 1.003308547353754e-11] and parameters: {'k1': 0.0024005553432620355, 'D_low': 1.7887890916820506, 'k2': 1.5166126720973775e-05, 'D_high': 316055.11434645514, 'fire_exp': 8.930248873821906, 'P_half': 1746.6799020707338, 'pre_dampen_half': 863.7352551163665, 'gpp_af': 0.005650468465378645, 'gpp_b': 0.03670999219036883, 'gpp_d': 0.8025170779205821, 'ign_k': 7.579797290136804, 'ign_c': 0.18316165443932733, 'trop_agb_crit': 13.98132484257899, 'trop_k_veg': 1.8337190795745402, 'fuel_k': 0.1420467557229587, 'fuel_half': 2.100333410321807}.
[I 2026-08-14 14:08:18,875] Trial 249 finished with values: [-0.4102584487714734, 0.0004200416701735099] and parameters: {'k1': 6.069662445477729e-05, 'D_low': 2.0349553327469425, 'k2': 2.5299503921303695e-05, 'D_high': 12.862664853393753, 'fire_exp': 1.2429193829348841, 'P_half': 4.020051040432125, 'pre_dampen_half': 0.022695682239207024, 'gpp_af': 0.0023751383317256927, 'gpp_b': 0.0039265289720170965, 'gpp_d': 3.0023172465753074, 'ign_k': 1.8108143621079664, 'ign_c': 1.3409701145872435, 'trop_agb_crit': 2.3118820898020997, 'trop_k_veg': 4.844706510617515, 'fuel_k': 1.6630228777630973, 'fuel_half': 42.89592532297351}.
[I 2026-08-14 14:08:20,057] Trial 250 finished with values: [-0.3554625854118624, 0.0] and parameters: {'k1': 1.7926680648388784e-05, 'D_low': 458876.1870833981, 'k2': 1.263794633808287e-05, 'D_high': 44.39648242927527, 'fire_exp': 1.7973831035976209, 'P_half': 48.464976792190825, 'pre_dampen_half': 0.011501973785501987, 'gpp_af': 0.34902252478382495, 'gpp_b': 2.788681037423117, 'gpp_d': 1.14605265271501, 'ign_k': 0.04380580767905655, 'ign_c': 105.24574681335613, 'trop_agb_crit': 16.86264052240002, 'trop_k_veg': 2.3220791324604515, 'fuel_k': 0.06382243375381637, 'fuel_half': 15.581254655530845}.
[I 2026-08-14 14:08:21,229] Trial 251 finished with values: [-0.3730092267299064, 0.002523725744680405] and parameters: {'k1': 0.0003713474360443033, 'D_low': 79359.08226154797, 'k2': 2.1698375693549493e-05, 'D_high': 1826.6972566585878, 'fire_exp': 1.182396148413737, 'P_half': 16.051347487097576, 'pre_dampen_half': 1.254979363966895, 'gpp_af': 0.326288637536534, 'gpp_b': 0.00024732964314480056, 'gpp_d': 314.6826989726468, 'ign_k': 0.03141110271934876, 'ign_c': 14.935213816355384, 'trop_agb_crit': 21.825752290961518, 'trop_k_veg': 6.911478238001162, 'fuel_k': 0.5941849670507414, 'fuel_half': 18.202647368248826}.
[I 2026-08-14 14:08:22,435] Trial 252 finished with values: [-0.3554625854118624, 0.0] and parameters: {'k1': 0.0003893835424674703, 'D_low': 870485.2054190773, 'k2': 0.00019472216066157317, 'D_high': 723180.4465737503, 'fire_exp': 1.7973831035976209, 'P_half': 532.1216007763549, 'pre_dampen_half': 63.26147292744763, 'gpp_af': 0.951028874815854, 'gpp_b': 0.006752383987148558, 'gpp_d': 1.14605265271501, 'ign_k': 0.024858393940748243, 'ign_c': 522.5364338164354, 'trop_agb_crit': 16.86264052240002, 'trop_k_veg': 7.260694958828215, 'fuel_k': 0.02214708063365415, 'fuel_half': 15.581254655530845}.
[I 2026-08-14 14:08:23,654] Trial 253 finished with values: [-0.3554625854118624, 0.0] and parameters: {'k1': 1.680745613966296e-05, 'D_low': 2.607160725470918, 'k2': 2.5299503921303695e-05, 'D_high': 12.862664853393753, 'fire_exp': 9.92285938457466, 'P_half': 539.5442811888478, 'pre_dampen_half': 69.97406045784113, 'gpp_af': 0.03934396739328546, 'gpp_b': 1.1728753685919104, 'gpp_d': 0.17248070105409813, 'ign_k': 0.06341274324516308, 'ign_c': 1.3409701145872435, 'trop_agb_crit': 25.659550869174797, 'trop_k_veg': 2.6845839825295044, 'fuel_k': 0.5588539902953054, 'fuel_half': 10.353854394033835}.
[I 2026-08-14 14:08:24,893] Trial 254 finished with values: [-0.3554625854118624, 0.0] and parameters: {'k1': 0.0067445742055710165, 'D_low': 10748.712866171665, 'k2': 0.002019079599080459, 'D_high': 42.13582405709726, 'fire_exp': 2.6554044046291967, 'P_half': 5.178197947282869, 'pre_dampen_half': 469.71569713904756, 'gpp_af': 42.44656636175248, 'gpp_b': 0.012964140540905063, 'gpp_d': 32.741215209888836, 'ign_k': 0.7745825831079145, 'ign_c': 226.77352235512825, 'trop_agb_crit': 1.5280652380617874, 'trop_k_veg': 1.0049538030148353, 'fuel_k': 2.610379594987055, 'fuel_half': 3.601755030193045}.
[I 2026-08-14 14:08:26,028] Trial 255 finished with values: [-0.40904462662857666, 4.368678820187988e-05] and parameters: {'k1': 0.0010204225357677778, 'D_low': 3735.16768760467, 'k2': 1.263794633808287e-05, 'D_high': 44.39648242927527, 'fire_exp': 1.6733848721157607, 'P_half': 48.464976792190825, 'pre_dampen_half': 0.10609580257119508, 'gpp_af': 0.34902252478382495, 'gpp_b': 1.6569065206637924e-05, 'gpp_d': 2.292633983096564, 'ign_k': 0.04380580767905655, 'ign_c': 105.24574681335613, 'trop_agb_crit': 2.1775224101934065, 'trop_k_veg': 2.3220791324604515, 'fuel_k': 0.28630931797361614, 'fuel_half': 3.7093134348291836}.
[I 2026-08-14 14:08:27,220] Trial 256 finished with values: [-0.40149775543810745, 5.0141461318320424e-05] and parameters: {'k1': 0.05554169083020911, 'D_low': 4158.269729781509, 'k2': 0.00012498583886387654, 'D_high': 392.2836933531829, 'fire_exp': 1.9439887028475722, 'P_half': 220.3445560633069, 'pre_dampen_half': 0.03411860497758073, 'gpp_af': 0.030592049838223532, 'gpp_b': 0.0021331409710300844, 'gpp_d': 2.400225309964113, 'ign_k': 0.567034633562729, 'ign_c': 0.3296550135838091, 'trop_agb_crit': 28.408892144927382, 'trop_k_veg': 0.9478162145499819, 'fuel_k': 0.0122076330314252, 'fuel_half': 26.9364391631794}.
[I 2026-08-14 14:08:28,411] Trial 257 finished with values: [-0.3554625854118624, 0.0] and parameters: {'k1': 0.0015736446109772138, 'D_low': 70586.60227368641, 'k2': 0.0034167643418329683, 'D_high': 1693415.5410667954, 'fire_exp': 9.012915111444606, 'P_half': 894.5150807271528, 'pre_dampen_half': 1.113448236012804, 'gpp_af': 1.1444682032324747, 'gpp_b': 0.6992636148959319, 'gpp_d': 302.3127748796293, 'ign_k': 0.018707420137660268, 'ign_c': 107.49405395173389, 'trop_agb_crit': 1.0501731925367062, 'trop_k_veg': 0.6898193780989617, 'fuel_k': 1.8731335591844642, 'fuel_half': 0.13249100882689224}.
[I 2026-08-14 14:08:29,781] Trial 258 finished with values: [-0.3554625854118624, 0.0] and parameters: {'k1': 0.0015375920235481753, 'D_low': 12.856617791467924, 'k2': 0.07799059237255677, 'D_high': 2283.4228779494524, 'fire_exp': 7.7991371065266675, 'P_half': 3795.8531426706395, 'pre_dampen_half': 0.10609580257119508, 'gpp_af': 0.4085228003668622, 'gpp_b': 0.02893498807797731, 'gpp_d': 0.09548041810464164, 'ign_k': 0.006039096247545781, 'ign_c': 2.001342062287997, 'trop_agb_crit': 2.598572417333811, 'trop_k_veg': 2.4516474838484386, 'fuel_k': 0.3176626387065175, 'fuel_half': 2.2148104601284695}.
[I 2026-08-14 14:08:30,928] Trial 259 finished with values: [-0.40839491683100404, 2.085465593326674e-05] and parameters: {'k1': 0.05554169083020911, 'D_low': 4.043300846639722, 'k2': 1.263794633808287e-05, 'D_high': 392.2836933531829, 'fire_exp': 1.182396148413737, 'P_half': 1938.3858782150498, 'pre_dampen_half': 0.0195172246414495, 'gpp_af': 0.3905244791300363, 'gpp_b': 1.8375468962060828, 'gpp_d': 3.0023172465753074, 'ign_k': 0.011698039424426817, 'ign_c': 0.3296550135838091, 'trop_agb_crit': 2.3118820898020997, 'trop_k_veg': 3.715819581962784, 'fuel_k': 0.06382243375381637, 'fuel_half': 2.100333410321807}.
[I 2026-08-14 14:08:32,978] Trial 260 finished with values: [-0.41976165560521456, 0.0006831290576867488] and parameters: {'k1': 0.0131638092522722, 'D_low': 4.043300846639722, 'k2': 0.00019472216066157317, 'D_high': 160625.60954780428, 'fire_exp': 1.7973831035976209, 'P_half': 1938.3858782150498, 'pre_dampen_half': 0.03426913908389044, 'gpp_af': 0.16983565276584273, 'gpp_b': 0.00012906175696809457, 'gpp_d': 5.1227685768715014, 'ign_k': 0.03141110271934876, 'ign_c': 3.0378658251922155, 'trop_agb_crit': 16.86264052240002, 'trop_k_veg': 7.260694958828215, 'fuel_k': 5.486054129200969, 'fuel_half': 35.2847426865637}.
[I 2026-08-14 14:08:34,116] Trial 261 finished with values: [-0.40141453987497444, 1.1253119439613712e-06] and parameters: {'k1': 1.8595266457134027e-05, 'D_low': 529141.0588169728, 'k2': 1.4363112408604443e-05, 'D_high': 1663.2295851843426, 'fire_exp': 1.2429193829348841, 'P_half': 16.051347487097576, 'pre_dampen_half': 54.70750401264757, 'gpp_af': 0.0023751383317256927, 'gpp_b': 0.00024732964314480056, 'gpp_d': 295.4581800800121, 'ign_k': 1.8108143621079664, 'ign_c': 14.935213816355384, 'trop_agb_crit': 21.825752290961518, 'trop_k_veg': 2.8224577471047865, 'fuel_k': 0.021123235354472927, 'fuel_half': 4.681702225035901}.
[I 2026-08-14 14:08:35,386] Trial 262 finished with values: [-0.3554625854118624, 0.0] and parameters: {'k1': 0.0003713474360443033, 'D_low': 1160.0689839007139, 'k2': 0.0004673518999562748, 'D_high': 1826.6972566585878, 'fire_exp': 3.1018148805490564, 'P_half': 16.051347487097576, 'pre_dampen_half': 0.07345296810407675, 'gpp_af': 0.326288637536534, 'gpp_b': 0.00023973289798891726, 'gpp_d': 32.741215209888836, 'ign_k': 0.034321391362415854, 'ign_c': 771.13129913311, 'trop_agb_crit': 2.598572417333811, 'trop_k_veg': 2.8224577471047865, 'fuel_k': 0.24067532026281035, 'fuel_half': 65.99277195883643}.
[I 2026-08-14 14:08:36,459] Trial 263 finished with values: [-0.4161074083189762, 0.003997557589394574] and parameters: {'k1': 7.118997101275657e-05, 'D_low': 2.607160725470918, 'k2': 0.00013894673469237192, 'D_high': 1627776.4805093438, 'fire_exp': 2.26267489175816, 'P_half': 539.5442811888478, 'pre_dampen_half': 0.022695682239207024, 'gpp_af': 0.03934396739328546, 'gpp_b': 1.815346247026201e-05, 'gpp_d': 0.01307253094873642, 'ign_k': 0.12906379659404604, 'ign_c': 1.3409701145872435, 'trop_agb_crit': 16.86264052240002, 'trop_k_veg': 3.4508425771776365, 'fuel_k': 0.5588539902953054, 'fuel_half': 42.89592532297351}.
[I 2026-08-14 14:08:37,539] Trial 264 finished with values: [-0.3554625854118624, 0.0] and parameters: {'k1': 0.02939607009739149, 'D_low': 301608.31845055183, 'k2': 0.0011101191524846067, 'D_high': 10211.693428871295, 'fire_exp': 6.284853792838699, 'P_half': 397.9749374103113, 'pre_dampen_half': 32.34702813589568, 'gpp_af': 9.527157550070955, 'gpp_b': 2.1879230865774306, 'gpp_d': 0.48975151064700323, 'ign_k': 0.03179302199939539, 'ign_c': 0.23764449553865358, 'trop_agb_crit': 4.284230099058087, 'trop_k_veg': 0.5523938241293617, 'fuel_k': 0.19656297483673957, 'fuel_half': 0.12399445060149628}.
[I 2026-08-14 14:08:38,647] Trial 265 finished with values: [-0.35550494899962815, 2.339319498068093e-05] and parameters: {'k1': 0.0010319747789063166, 'D_low': 19389.89852278267, 'k2': 1.4363112408604443e-05, 'D_high': 1663.2295851843426, 'fire_exp': 1.0362310858538248, 'P_half': 894.5150807271528, 'pre_dampen_half': 469.71569713904756, 'gpp_af': 42.44656636175248, 'gpp_b': 6.049505313715197, 'gpp_d': 0.173242701549491, 'ign_k': 0.015058980408366392, 'ign_c': 107.49405395173389, 'trop_agb_crit': 1.8730954962803803, 'trop_k_veg': 0.8934118487032162, 'fuel_k': 0.013421538374693755, 'fuel_half': 4.681702225035901}.
[I 2026-08-14 14:08:39,796] Trial 266 finished with values: [-0.3554625854118624, 0.0] and parameters: {'k1': 0.0001226254315886001, 'D_low': 19389.89852278267, 'k2': 0.004373100990516265, 'D_high': 44.39648242927527, 'fire_exp': 9.012915111444606, 'P_half': 3.525936800597896, 'pre_dampen_half': 0.37306104754535907, 'gpp_af': 0.34902252478382495, 'gpp_b': 2.788681037423117, 'gpp_d': 0.17638479543546878, 'ign_k': 0.04380580767905655, 'ign_c': 0.15239409361703363, 'trop_agb_crit': 1.0501731925367062, 'trop_k_veg': 0.6898193780989617, 'fuel_k': 2.6379166421137854, 'fuel_half': 26.9364391631794}.
[I 2026-08-14 14:08:40,899] Trial 267 finished with values: [-0.41045778886223366, 0.00017992944874323236] and parameters: {'k1': 0.0010204225357677778, 'D_low': 3735.16768760467, 'k2': 0.004042660783042889, 'D_high': 39079.671568228776, 'fire_exp': 1.6214575867079866, 'P_half': 3910.3637457741784, 'pre_dampen_half': 0.6960360257735198, 'gpp_af': 0.2965524548878197, 'gpp_b': 0.040428727350273294, 'gpp_d': 2.292633983096564, 'ign_k': 0.0012087541473056963, 'ign_c': 0.18316165443932733, 'trop_agb_crit': 16.967533607196547, 'trop_k_veg': 1.7570501127699654, 'fuel_k': 0.28630931797361614, 'fuel_half': 2.100333410321807}.
[I 2026-08-14 14:08:42,044] Trial 268 finished with values: [-0.3554625854118624, 0.0] and parameters: {'k1': 0.0012329098365270509, 'D_low': 19389.89852278267, 'k2': 2.5299503921303695e-05, 'D_high': 1535145.3414688306, 'fire_exp': 2.9731026683493726, 'P_half': 894.5150807271528, 'pre_dampen_half': 54.70750401264757, 'gpp_af': 0.34902252478382495, 'gpp_b': 6.444074720047013, 'gpp_d': 0.08465012008077429, 'ign_k': 0.04380580767905655, 'ign_c': 14.935213816355384, 'trop_agb_crit': 21.825752290961518, 'trop_k_veg': 2.8224577471047865, 'fuel_k': 0.06382243375381637, 'fuel_half': 0.30455368715396786}.
[I 2026-08-14 14:08:43,310] Trial 269 finished with values: [-0.3554625854118624, 0.0] and parameters: {'k1': 0.00014879588507789985, 'D_low': 177.51026696160926, 'k2': 0.00013894673469237192, 'D_high': 1627776.4805093438, 'fire_exp': 1.6733848721157607, 'P_half': 7126.727573532312, 'pre_dampen_half': 2.9046276683520458, 'gpp_af': 70.695884676536, 'gpp_b': 1.815346247026201e-05, 'gpp_d': 290.642121800538, 'ign_k': 0.12906379659404604, 'ign_c': 937.2580613581177, 'trop_agb_crit': 19.189415375617013, 'trop_k_veg': 2.3220791324604515, 'fuel_k': 0.02214708063365415, 'fuel_half': 0.6370755274604819}.
[I 2026-08-14 14:08:44,480] Trial 270 finished with values: [-0.3554625854118624, 0.0] and parameters: {'k1': 1.7926680648388784e-05, 'D_low': 177.51026696160926, 'k2': 0.001906534551939351, 'D_high': 38.287672160557875, 'fire_exp': 1.6214575867079866, 'P_half': 3910.3637457741784, 'pre_dampen_half': 0.05016722470997861, 'gpp_af': 0.11022143612695982, 'gpp_b': 1.6569065206637924e-05, 'gpp_d': 1.14605265271501, 'ign_k': 0.12906379659404604, 'ign_c': 937.2580613581177, 'trop_agb_crit': 3.5522713231614182, 'trop_k_veg': 1.7570501127699654, 'fuel_k': 0.02214708063365415, 'fuel_half': 15.581254655530845}.
[I 2026-08-14 14:08:45,611] Trial 271 finished with values: [-0.3554625854118624, 0.0] and parameters: {'k1': 9.969469187531805e-05, 'D_low': 864.0717009254879, 'k2': 0.0010495653625093638, 'D_high': 8433503.858791472, 'fire_exp': 6.64661557126371, 'P_half': 3.525936800597896, 'pre_dampen_half': 0.8830969679935068, 'gpp_af': 42.29037995744429, 'gpp_b': 4.600919967107135e-05, 'gpp_d': 6.913948698657619, 'ign_k': 3.1030112026960985, 'ign_c': 84.89840783024046, 'trop_agb_crit': 10.719494362768906, 'trop_k_veg': 2.4516474838484386, 'fuel_k': 0.8380096183572122, 'fuel_half': 35.2847426865637}.
[I 2026-08-14 14:08:46,671] Trial 272 finished with values: [-0.4145192067356237, 0.0004504112141512362] and parameters: {'k1': 0.0029707920514735983, 'D_low': 3735.16768760467, 'k2': 0.001906534551939351, 'D_high': 160625.60954780428, 'fire_exp': 1.6214575867079866, 'P_half': 1938.3858782150498, 'pre_dampen_half': 0.05016722470997861, 'gpp_af': 0.0025511964576171086, 'gpp_b': 1.6569065206637924e-05, 'gpp_d': 857.4284557962634, 'ign_k': 0.03141110271934876, 'ign_c': 3.0378658251922155, 'trop_agb_crit': 15.870971677383487, 'trop_k_veg': 6.911478238001162, 'fuel_k': 5.486054129200969, 'fuel_half': 26.9364391631794}.
[I 2026-08-14 14:08:47,767] Trial 273 finished with values: [-0.3554625854118624, 0.0] and parameters: {'k1': 0.0001226254315886001, 'D_low': 3478.435872358157, 'k2': 0.001906534551939351, 'D_high': 392.2836933531829, 'fire_exp': 8.26634592587193, 'P_half': 9124.632886689908, 'pre_dampen_half': 76.38081075786287, 'gpp_af': 0.3905244791300363, 'gpp_b': 0.00012906175696809457, 'gpp_d': 5.1227685768715014, 'ign_k': 3.1030112026960985, 'ign_c': 0.3296550135838091, 'trop_agb_crit': 2.3118820898020997, 'trop_k_veg': 1.128469461526162, 'fuel_k': 2.6379166421137854, 'fuel_half': 26.9364391631794}.
[I 2026-08-14 14:08:48,880] Trial 274 finished with values: [-0.3554625854118624, 0.0] and parameters: {'k1': 2.27847364377152e-05, 'D_low': 2.0349553327469425, 'k2': 0.001566517163094646, 'D_high': 422212.4815323171, 'fire_exp': 1.2310899049053081, 'P_half': 2394.048324276471, 'pre_dampen_half': 0.4016986062226067, 'gpp_af': 0.12243451886824051, 'gpp_b': 1.7565109007473816e-05, 'gpp_d': 9.004606022643067, 'ign_k': 0.567034633562729, 'ign_c': 110.68683358440691, 'trop_agb_crit': 9.362115196011851, 'trop_k_veg': 4.844706510617515, 'fuel_k': 0.018207179480706392, 'fuel_half': 12.136386887218588}.
[I 2026-08-14 14:08:50,051] Trial 275 finished with values: [-0.38811685076699753, 2.1772829505994906e-07] and parameters: {'k1': 0.0024005553432620355, 'D_low': 1160.0689839007139, 'k2': 0.0004673518999562748, 'D_high': 1826.6972566585878, 'fire_exp': 2.1589564941849333, 'P_half': 1212.4080603355412, 'pre_dampen_half': 0.03411860497758073, 'gpp_af': 0.326288637536534, 'gpp_b': 0.9407903301838397, 'gpp_d': 32.741215209888836, 'ign_k': 0.567034633562729, 'ign_c': 5.486676498816058, 'trop_agb_crit': 2.3118820898020997, 'trop_k_veg': 4.844706510617515, 'fuel_k': 0.24067532026281035, 'fuel_half': 65.99277195883643}.
[I 2026-08-14 14:08:51,193] Trial 276 finished with values: [-0.3554625854118624, 0.0] and parameters: {'k1': 0.003198020818004832, 'D_low': 70586.60227368641, 'k2': 3.349496364344092e-05, 'D_high': 38111.59226078823, 'fire_exp': 4.487053621524983, 'P_half': 1212.4080603355412, 'pre_dampen_half': 0.03411860497758073, 'gpp_af': 0.951028874815854, 'gpp_b': 1.56731783988398e-05, 'gpp_d': 1.14605265271501, 'ign_k': 0.39676339357448603, 'ign_c': 107.49405395173389, 'trop_agb_crit': 16.86264052240002, 'trop_k_veg': 0.6898193780989617, 'fuel_k': 1.6630228777630973, 'fuel_half': 0.13249100882689224}.
[I 2026-08-14 14:08:52,263] Trial 277 finished with values: [-0.40546124347944534, 1.5480159454295261e-06] and parameters: {'k1': 0.0012329098365270509, 'D_low': 3735.16768760467, 'k2': 1.263794633808287e-05, 'D_high': 44.39648242927527, 'fire_exp': 1.075051292556307, 'P_half': 351.2704726270846, 'pre_dampen_half': 0.10609580257119508, 'gpp_af': 0.34902252478382495, 'gpp_b': 2.788681037423117, 'gpp_d': 2.292633983096564, 'ign_k': 0.04380580767905655, 'ign_c': 105.24574681335613, 'trop_agb_crit': 2.1775224101934065, 'trop_k_veg': 0.6189606672462583, 'fuel_k': 0.28630931797361614, 'fuel_half': 57.882001937752435}.
[I 2026-08-14 14:08:53,357] Trial 278 finished with values: [-0.38542259258012035, 1.334402366381937e-09] and parameters: {'k1': 0.0029282035181080004, 'D_low': 367.4904945305323, 'k2': 0.08636422432723088, 'D_high': 39079.671568228776, 'fire_exp': 1.6733848721157607, 'P_half': 1535.1441568398143, 'pre_dampen_half': 0.011501973785501987, 'gpp_af': 0.25562996323356024, 'gpp_b': 2.788681037423117, 'gpp_d': 285.57196407381804, 'ign_k': 0.04380580767905655, 'ign_c': 105.24574681335613, 'trop_agb_crit': 2.1775224101934065, 'trop_k_veg': 0.6921865222804094, 'fuel_k': 0.06382243375381637, 'fuel_half': 3.7093134348291836}.
[I 2026-08-14 14:08:54,461] Trial 279 finished with values: [-0.3554625854118624, 0.0] and parameters: {'k1': 0.0012329098365270509, 'D_low': 19389.89852278267, 'k2': 0.004373100990516265, 'D_high': 44.39648242927527, 'fire_exp': 9.012915111444606, 'P_half': 894.5150807271528, 'pre_dampen_half': 0.37306104754535907, 'gpp_af': 0.004225994826142428, 'gpp_b': 2.788681037423117, 'gpp_d': 0.17638479543546878, 'ign_k': 0.04380580767905655, 'ign_c': 55.24095129928624, 'trop_agb_crit': 1.0501731925367062, 'trop_k_veg': 1.64857963637888, 'fuel_k': 0.06382243375381637, 'fuel_half': 0.30455368715396786}.
[I 2026-08-14 14:08:55,574] Trial 280 finished with values: [-0.4643864773237903, 0.10730818279043641] and parameters: {'k1': 0.0006075902911081375, 'D_low': 4.043300846639722, 'k2': 0.00019472216066157317, 'D_high': 160625.60954780428, 'fire_exp': 1.075051292556307, 'P_half': 3910.3637457741784, 'pre_dampen_half': 33.9790424311127, 'gpp_af': 0.0025511964576171086, 'gpp_b': 1.6569065206637924e-05, 'gpp_d': 857.4284557962634, 'ign_k': 0.03141110271934876, 'ign_c': 3.0378658251922155, 'trop_agb_crit': 2.1775224101934065, 'trop_k_veg': 1.7570501127699654, 'fuel_k': 5.486054129200969, 'fuel_half': 15.581254655530845}.
[I 2026-08-14 14:08:56,682] Trial 281 finished with values: [-0.5977192781765364, 0.10901494452126415] and parameters: {'k1': 0.00040091494283268605, 'D_low': 2.0349553327469425, 'k2': 1.915468390724633e-05, 'D_high': 316055.11434645514, 'fire_exp': 1.9439887028475722, 'P_half': 220.3445560633069, 'pre_dampen_half': 39.37581228093823, 'gpp_af': 0.030592049838223532, 'gpp_b': 6.0327793441162e-05, 'gpp_d': 1.105785410092522, 'ign_k': 1.07907786430243, 'ign_c': 15.221840161091626, 'trop_agb_crit': 2.3118820898020997, 'trop_k_veg': 4.844706510617515, 'fuel_k': 0.011892598727815663, 'fuel_half': 0.3995528014939306}.
[I 2026-08-14 14:08:57,904] Trial 282 finished with values: [-0.3554625854118624, 0.0] and parameters: {'k1': 0.00014001191914113747, 'D_low': 126.11058927054879, 'k2': 0.00013894673469237192, 'D_high': 16.752866684650684, 'fire_exp': 1.6733848721157607, 'P_half': 7126.727573532312, 'pre_dampen_half': 0.043181981126981975, 'gpp_af': 70.695884676536, 'gpp_b': 0.4168322557207811, 'gpp_d': 1.14605265271501, 'ign_k': 0.12906379659404604, 'ign_c': 937.2580613581177, 'trop_agb_crit': 16.86264052240002, 'trop_k_veg': 2.3220791324604515, 'fuel_k': 0.02214708063365415, 'fuel_half': 8.17127270071559}.
