[I 2026-08-05 23:32:14,439] Trial 1125 finished with values: [-0.5979570070477523, 0.3627843195199716] and parameters: {'k1': 0.06415745702132086, 'D_low': 1.4045842344024697, 'k2': 0.03071666851587867, 'D_high': 7744.80118512745, 'fire_exp': 1.1258453832483524, 'P_half': 215.55950571043874, 'pre_dampen_half': 304.7488318185732, 'gpp_af': 0.001339466259146302, 'gpp_b': 0.00012797528816608022, 'gpp_d': 368.30088529547436, 'ign_k': 0.4702627143647234, 'ign_c': 0.9294394155644988}.
[I 2026-08-05 23:32:15,344] Trial 1126 finished with values: [-0.5859919606630605, 0.28390178240338027] and parameters: {'k1': 0.008956420301712053, 'D_low': 2.1234210963705626, 'k2': 0.0007081721844034209, 'D_high': 2941.5751391396584, 'fire_exp': 1.1258453832483524, 'P_half': 13.019246714361572, 'pre_dampen_half': 304.7488318185732, 'gpp_af': 0.001339466259146302, 'gpp_b': 7.402343469704428e-05, 'gpp_d': 0.011495884087462726, 'ign_k': 8.761971101023693, 'ign_c': 0.3528113274684997}.
[I 2026-08-05 23:32:16,230] Trial 1127 finished with values: [-0.6195385013828694, 0.4868150454457921] and parameters: {'k1': 0.06415745702132086, 'D_low': 9.882278532808778, 'k2': 0.03071666851587867, 'D_high': 7744.80118512745, 'fire_exp': 1.3239942327296237, 'P_half': 10.226988730324324, 'pre_dampen_half': 304.7488318185732, 'gpp_af': 0.0021836613912815635, 'gpp_b': 7.402343469704428e-05, 'gpp_d': 5.878566318396007, 'ign_k': 0.34703605955441524, 'ign_c': 8.671454322584175}.
[I 2026-08-05 23:32:17,181] Trial 1128 finished with values: [10.014753976064924, 10.014753976064924] and parameters: {'k1': 5.12525027816961e-05, 'D_low': 2.1234210963705626, 'k2': 0.00375241428659295, 'D_high': 2941.5751391396584, 'fire_exp': 1.1044852285094786, 'P_half': 13.019246714361572, 'pre_dampen_half': 304.7488318185732, 'gpp_af': 0.0021836613912815635, 'gpp_b': 7.402343469704428e-05, 'gpp_d': 368.30088529547436, 'ign_k': 8.761971101023693, 'ign_c': 1.5061320080433496}.
[I 2026-08-05 23:32:18,063] Trial 1129 finished with values: [-0.5567346871933513, 0.30333889105156164] and parameters: {'k1': 0.002407354618388189, 'D_low': 1.4045842344024697, 'k2': 0.08894151386481904, 'D_high': 830.8114652888394, 'fire_exp': 1.1258453832483524, 'P_half': 13.019246714361572, 'pre_dampen_half': 304.7488318185732, 'gpp_af': 0.5107061330406066, 'gpp_b': 3.481277316673104e-05, 'gpp_d': 107.84642153666701, 'ign_k': 0.13054148118849407, 'ign_c': 1.5061320080433496}.
[I 2026-08-05 23:32:19,263] Trial 1130 finished with values: [10.769230769178105, 10.769230769178105] and parameters: {'k1': 0.0015139365555347072, 'D_low': 12.492307509390828, 'k2': 0.08894151386481904, 'D_high': 9769.756791866093, 'fire_exp': 1.3239942327296237, 'P_half': 10.226988730324324, 'pre_dampen_half': 703.6426675556048, 'gpp_af': 0.001339466259146302, 'gpp_b': 7.402343469704428e-05, 'gpp_d': 5.878566318396007, 'ign_k': 0.4702627143647234, 'ign_c': 868.3183082509343}.
[I 2026-08-05 23:32:20,139] Trial 1131 finished with values: [10.513388786703631, 10.513388786703631] and parameters: {'k1': 0.008956420301712053, 'D_low': 18.89739291279832, 'k2': 0.0027431991397796683, 'D_high': 2941.5751391396584, 'fire_exp': 1.010722707674549, 'P_half': 5617.618805806643, 'pre_dampen_half': 703.6426675556048, 'gpp_af': 0.001339466259146302, 'gpp_b': 7.402343469704428e-05, 'gpp_d': 891.8036602897795, 'ign_k': 0.4702627143647234, 'ign_c': 0.9294394155644988}.
[I 2026-08-05 23:32:21,065] Trial 1132 finished with values: [-0.61635237320668, 0.261634264284049] and parameters: {'k1': 0.025383218374507292, 'D_low': 1.4045842344024697, 'k2': 0.08894151386481904, 'D_high': 1665.1532285161688, 'fire_exp': 1.1044852285094786, 'P_half': 13.019246714361572, 'pre_dampen_half': 107.40052367919465, 'gpp_af': 0.5107061330406066, 'gpp_b': 0.011750724729953272, 'gpp_d': 891.8036602897795, 'ign_k': 5.9736167866478125, 'ign_c': 3.0378658251922155}.
[I 2026-08-05 23:32:21,967] Trial 1133 finished with values: [10.587020111023298, 10.587020111023298] and parameters: {'k1': 0.025383218374507292, 'D_low': 18.89739291279832, 'k2': 0.03071666851587867, 'D_high': 14.883152891273634, 'fire_exp': 1.010722707674549, 'P_half': 13.019246714361572, 'pre_dampen_half': 703.6426675556048, 'gpp_af': 0.0021836613912815635, 'gpp_b': 3.228689523591491e-05, 'gpp_d': 891.8036602897795, 'ign_k': 0.4702627143647234, 'ign_c': 0.9294394155644988}.
[I 2026-08-05 23:32:22,883] Trial 1134 finished with values: [10.759781223849957, 10.759781223849957] and parameters: {'k1': 0.008956420301712053, 'D_low': 2.1234210963705626, 'k2': 0.0036014695835220327, 'D_high': 7744.80118512745, 'fire_exp': 1.1044852285094786, 'P_half': 13.019246714361572, 'pre_dampen_half': 703.6426675556048, 'gpp_af': 5.511863475708366, 'gpp_b': 0.6637926838138378, 'gpp_d': 0.06669205177379639, 'ign_k': 0.34703605955441524, 'ign_c': 1.6676205667297381}.
[I 2026-08-05 23:32:23,768] Trial 1135 finished with values: [-0.6146877341699365, 0.4958560742670314] and parameters: {'k1': 0.025383218374507292, 'D_low': 2.1234210963705626, 'k2': 0.0036014695835220327, 'D_high': 9769.756791866093, 'fire_exp': 1.1044852285094786, 'P_half': 3.364457865463594, 'pre_dampen_half': 304.7488318185732, 'gpp_af': 0.001339466259146302, 'gpp_b': 0.00012797528816608022, 'gpp_d': 368.30088529547436, 'ign_k': 0.4702627143647234, 'ign_c': 0.9294394155644988}.
[I 2026-08-05 23:32:24,638] Trial 1136 finished with values: [10.41808349331154, 10.41808349331154] and parameters: {'k1': 0.025383218374507292, 'D_low': 1.4045842344024697, 'k2': 0.08894151386481904, 'D_high': 9769.756791866093, 'fire_exp': 1.1044852285094786, 'P_half': 10.226988730324324, 'pre_dampen_half': 304.7488318185732, 'gpp_af': 0.5107061330406066, 'gpp_b': 7.402343469704428e-05, 'gpp_d': 368.30088529547436, 'ign_k': 5.9736167866478125, 'ign_c': 0.9294394155644988}.
[I 2026-08-05 23:32:25,547] Trial 1137 finished with values: [-0.6020675982772179, 0.4333836928990016] and parameters: {'k1': 0.008956420301712053, 'D_low': 1.2299210465793122, 'k2': 0.08894151386481904, 'D_high': 9769.756791866093, 'fire_exp': 1.010722707674549, 'P_half': 13.019246714361572, 'pre_dampen_half': 304.7488318185732, 'gpp_af': 4.264808645687885, 'gpp_b': 0.6637926838138378, 'gpp_d': 857.4284557962634, 'ign_k': 0.12752949611679998, 'ign_c': 0.5505316245273476}.
[I 2026-08-05 23:32:26,489] Trial 1138 finished with values: [-0.6177476961266819, 0.33207370061271113] and parameters: {'k1': 0.06415745702132086, 'D_low': 9.882278532808778, 'k2': 0.0027431991397796683, 'D_high': 2941.5751391396584, 'fire_exp': 1.3239942327296237, 'P_half': 13.019246714361572, 'pre_dampen_half': 304.7488318185732, 'gpp_af': 0.0021836613912815635, 'gpp_b': 7.402343469704428e-05, 'gpp_d': 368.30088529547436, 'ign_k': 8.761971101023693, 'ign_c': 8.671454322584175}.
[I 2026-08-05 23:32:27,399] Trial 1139 finished with values: [-0.6241415690704418, 0.4570251205256117] and parameters: {'k1': 0.06415745702132086, 'D_low': 1.4045842344024697, 'k2': 0.08894151386481904, 'D_high': 1665.1532285161688, 'fire_exp': 1.1044852285094786, 'P_half': 25.49709775062068, 'pre_dampen_half': 304.7488318185732, 'gpp_af': 0.5107061330406066, 'gpp_b': 7.402343469704428e-05, 'gpp_d': 891.8036602897795, 'ign_k': 1.8669871096222272, 'ign_c': 3.0378658251922155}.
[I 2026-08-05 23:32:28,382] Trial 1140 finished with values: [10.108120925827512, 10.108120925827512] and parameters: {'k1': 0.02641449645424223, 'D_low': 2.1234210963705626, 'k2': 7.145711288893928e-05, 'D_high': 2941.5751391396584, 'fire_exp': 1.1044852285094786, 'P_half': 12.808863354047988, 'pre_dampen_half': 304.7488318185732, 'gpp_af': 0.0021836613912815635, 'gpp_b': 7.402343469704428e-05, 'gpp_d': 0.16069682196977472, 'ign_k': 0.12752949611679998, 'ign_c': 8.671454322584175}.
[I 2026-08-05 23:32:29,316] Trial 1141 finished with values: [-0.6029088231501023, 0.273638077160289] and parameters: {'k1': 0.06415745702132086, 'D_low': 12.492307509390828, 'k2': 0.0027431991397796683, 'D_high': 2941.5751391396584, 'fire_exp': 1.1258453832483524, 'P_half': 105.53846463525653, 'pre_dampen_half': 159.77732284872855, 'gpp_af': 0.0021836613912815635, 'gpp_b': 0.00012797528816608022, 'gpp_d': 5.878566318396007, 'ign_k': 8.761971101023693, 'ign_c': 0.9294394155644988}.
[I 2026-08-05 23:32:30,325] Trial 1142 finished with values: [10.769230769178105, 10.769230769178105] and parameters: {'k1': 0.02641449645424223, 'D_low': 2.1234210963705626, 'k2': 0.00375241428659295, 'D_high': 2941.5751391396584, 'fire_exp': 1.9794091854959461, 'P_half': 12.808863354047988, 'pre_dampen_half': 304.7488318185732, 'gpp_af': 0.0021836613912815635, 'gpp_b': 0.6637926838138378, 'gpp_d': 223.60515435267138, 'ign_k': 0.4902396944106615, 'ign_c': 85.35052150482585}.
[I 2026-08-05 23:32:31,313] Trial 1143 finished with values: [-0.575381588144019, 0.2725895178533282] and parameters: {'k1': 0.0014755326436446132, 'D_low': 12.492307509390828, 'k2': 0.002298215566004573, 'D_high': 2941.5751391396584, 'fire_exp': 1.1044852285094786, 'P_half': 24.136213194527585, 'pre_dampen_half': 304.7488318185732, 'gpp_af': 0.001339466259146302, 'gpp_b': 7.402343469704428e-05, 'gpp_d': 0.16069682196977472, 'ign_k': 0.34703605955441524, 'ign_c': 10.800458379640933}.
[I 2026-08-05 23:32:32,374] Trial 1144 finished with values: [10.484131320931098, 10.484131320931098] and parameters: {'k1': 0.002407354618388189, 'D_low': 1.4045842344024697, 'k2': 0.00015495079374286172, 'D_high': 2941.5751391396584, 'fire_exp': 1.1258453832483524, 'P_half': 13.019246714361572, 'pre_dampen_half': 703.6426675556048, 'gpp_af': 0.5107061330406066, 'gpp_b': 0.6637926838138378, 'gpp_d': 223.60515435267138, 'ign_k': 0.13054148118849407, 'ign_c': 1.5061320080433496}.
[I 2026-08-05 23:32:33,326] Trial 1145 finished with values: [-0.6175485882690774, 0.5010880888863825] and parameters: {'k1': 0.06415745702132086, 'D_low': 1.4045842344024697, 'k2': 0.0036014695835220327, 'D_high': 7744.80118512745, 'fire_exp': 1.1044852285094786, 'P_half': 10.226988730324324, 'pre_dampen_half': 304.7488318185732, 'gpp_af': 0.0021836613912815635, 'gpp_b': 0.00012797528816608022, 'gpp_d': 5.878566318396007, 'ign_k': 0.4702627143647234, 'ign_c': 0.9294394155644988}.
[I 2026-08-05 23:32:34,283] Trial 1146 finished with values: [-0.6232507242119729, 0.5543617606769276] and parameters: {'k1': 0.06415745702132086, 'D_low': 12.492307509390828, 'k2': 0.0018200694976756812, 'D_high': 7744.80118512745, 'fire_exp': 1.1044852285094786, 'P_half': 13.019246714361572, 'pre_dampen_half': 304.7488318185732, 'gpp_af': 0.001339466259146302, 'gpp_b': 3.228689523591491e-05, 'gpp_d': 891.8036602897795, 'ign_k': 0.4702627143647234, 'ign_c': 0.9294394155644988}.
[I 2026-08-05 23:32:35,214] Trial 1147 finished with values: [10.486524991038841, 10.486524991038841] and parameters: {'k1': 0.06415745702132086, 'D_low': 18.89739291279832, 'k2': 0.005695622647004589, 'D_high': 7744.80118512745, 'fire_exp': 1.182396148413737, 'P_half': 3113.806805121377, 'pre_dampen_half': 304.7488318185732, 'gpp_af': 0.0021836613912815635, 'gpp_b': 0.00012797528816608022, 'gpp_d': 368.30088529547436, 'ign_k': 8.761971101023693, 'ign_c': 0.9294394155644988}.
[I 2026-08-05 23:32:36,194] Trial 1148 finished with values: [10.093871861966269, 10.093871861966269] and parameters: {'k1': 0.025383218374507292, 'D_low': 18.89739291279832, 'k2': 0.00024232538206837495, 'D_high': 633.1166646948959, 'fire_exp': 1.1258453832483524, 'P_half': 13.019246714361572, 'pre_dampen_half': 304.7488318185732, 'gpp_af': 0.0021836613912815635, 'gpp_b': 3.481277316673104e-05, 'gpp_d': 368.30088529547436, 'ign_k': 0.4702627143647234, 'ign_c': 0.9294394155644988}.
[I 2026-08-05 23:32:37,535] Trial 1149 finished with values: [-0.6232285192954724, 0.35800387769138764] and parameters: {'k1': 0.06415745702132086, 'D_low': 12.492307509390828, 'k2': 0.0027431991397796683, 'D_high': 2941.5751391396584, 'fire_exp': 1.1044852285094786, 'P_half': 10.226988730324324, 'pre_dampen_half': 304.7488318185732, 'gpp_af': 0.0021836613912815635, 'gpp_b': 7.402343469704428e-05, 'gpp_d': 15.186467669014625, 'ign_k': 0.4702627143647234, 'ign_c': 8.671454322584175}.
[I 2026-08-05 23:32:39,414] Trial 1150 finished with values: [-0.6208974964314037, 0.5888142590008316] and parameters: {'k1': 0.008956420301712053, 'D_low': 1.2299210465793122, 'k2': 0.0007081721844034209, 'D_high': 9769.756791866093, 'fire_exp': 1.1258453832483524, 'P_half': 13.019246714361572, 'pre_dampen_half': 304.7488318185732, 'gpp_af': 0.001339466259146302, 'gpp_b': 3.139005000572696e-05, 'gpp_d': 368.30088529547436, 'ign_k': 0.4902396944106615, 'ign_c': 1.5061320080433496}.
[I 2026-08-05 23:32:41,491] Trial 1151 finished with values: [10.202732286903496, 10.202732286903496] and parameters: {'k1': 0.025383218374507292, 'D_low': 2.1234210963705626, 'k2': 0.011078632295006514, 'D_high': 7744.80118512745, 'fire_exp': 1.4456782093093066, 'P_half': 13.019246714361572, 'pre_dampen_half': 107.40052367919465, 'gpp_af': 5.511863475708366, 'gpp_b': 0.6637926838138378, 'gpp_d': 368.30088529547436, 'ign_k': 0.08876620955487982, 'ign_c': 8.671454322584175}.
[I 2026-08-05 23:32:42,404] Trial 1152 finished with values: [-0.5841609049335601, 0.7488041381869299] and parameters: {'k1': 0.007333200379637282, 'D_low': 70.18267183720735, 'k2': 0.03071666851587867, 'D_high': 9769.756791866093, 'fire_exp': 1.1044852285094786, 'P_half': 1.0897490003652053, 'pre_dampen_half': 247.25776073156666, 'gpp_af': 5.511863475708366, 'gpp_b': 0.011750724729953272, 'gpp_d': 368.30088529547436, 'ign_k': 0.12828203940471886, 'ign_c': 3.0378658251922155}.
[I 2026-08-05 23:32:43,350] Trial 1153 finished with values: [-0.6046924227325736, 0.3283039933488514] and parameters: {'k1': 0.008956420301712053, 'D_low': 9.882278532808778, 'k2': 0.0007081721844034209, 'D_high': 2941.5751391396584, 'fire_exp': 1.151006986743773, 'P_half': 10.226988730324324, 'pre_dampen_half': 304.7488318185732, 'gpp_af': 0.0021836613912815635, 'gpp_b': 7.402343469704428e-05, 'gpp_d': 368.30088529547436, 'ign_k': 8.761971101023693, 'ign_c': 0.3528113274684997}.
[I 2026-08-05 23:32:44,280] Trial 1154 finished with values: [-0.5953429438088464, 0.3187213987698648] and parameters: {'k1': 0.0029707920514735983, 'D_low': 9.882278532808778, 'k2': 0.0036014695835220327, 'D_high': 2941.5751391396584, 'fire_exp': 1.1258453832483524, 'P_half': 10.753522341516506, 'pre_dampen_half': 304.7488318185732, 'gpp_af': 0.0021836613912815635, 'gpp_b': 7.402343469704428e-05, 'gpp_d': 5.878566318396007, 'ign_k': 0.4702627143647234, 'ign_c': 8.671454322584175}.
[I 2026-08-05 23:32:45,226] Trial 1155 finished with values: [-0.6033302822684102, 0.32655550049867277] and parameters: {'k1': 0.008956420301712053, 'D_low': 2.1234210963705626, 'k2': 0.0027431991397796683, 'D_high': 2941.5751391396584, 'fire_exp': 1.1258453832483524, 'P_half': 10.226988730324324, 'pre_dampen_half': 703.6426675556048, 'gpp_af': 0.001339466259146302, 'gpp_b': 7.402343469704428e-05, 'gpp_d': 0.011495884087462726, 'ign_k': 0.4902396944106615, 'ign_c': 0.3528113274684997}.
[I 2026-08-05 23:32:46,156] Trial 1156 finished with values: [10.766338456087212, 10.766338456087212] and parameters: {'k1': 0.02641449645424223, 'D_low': 2.1234210963705626, 'k2': 0.0027431991397796683, 'D_high': 9769.756791866093, 'fire_exp': 1.010722707674549, 'P_half': 215.55950571043874, 'pre_dampen_half': 304.7488318185732, 'gpp_af': 0.001339466259146302, 'gpp_b': 0.6637926838138378, 'gpp_d': 29.83701993880331, 'ign_k': 8.761971101023693, 'ign_c': 0.9698743148715472}.
[I 2026-08-05 23:32:47,146] Trial 1157 finished with values: [-0.6038726939732623, 0.23469134482147713] and parameters: {'k1': 0.025383218374507292, 'D_low': 18.89739291279832, 'k2': 0.03071666851587867, 'D_high': 633.1166646948959, 'fire_exp': 1.010722707674549, 'P_half': 12.808863354047988, 'pre_dampen_half': 304.7488318185732, 'gpp_af': 0.0021836613912815635, 'gpp_b': 3.228689523591491e-05, 'gpp_d': 891.8036602897795, 'ign_k': 0.4702627143647234, 'ign_c': 8.671454322584175}.
[I 2026-08-05 23:32:48,085] Trial 1158 finished with values: [-0.6249915743330018, 0.3795743994102989] and parameters: {'k1': 0.06415745702132086, 'D_low': 9.882278532808778, 'k2': 0.03071666851587867, 'D_high': 2941.5751391396584, 'fire_exp': 1.1044852285094786, 'P_half': 10.226988730324324, 'pre_dampen_half': 703.6426675556048, 'gpp_af': 0.0021836613912815635, 'gpp_b': 7.402343469704428e-05, 'gpp_d': 368.30088529547436, 'ign_k': 0.4902396944106615, 'ign_c': 8.671454322584175}.
[I 2026-08-05 23:32:49,031] Trial 1159 finished with values: [10.769230769178105, 10.769230769178105] and parameters: {'k1': 0.025383218374507292, 'D_low': 4.051452710153359, 'k2': 0.00375241428659295, 'D_high': 7744.80118512745, 'fire_exp': 1.1258453832483524, 'P_half': 13.019246714361572, 'pre_dampen_half': 304.7488318185732, 'gpp_af': 0.0021836613912815635, 'gpp_b': 7.402343469704428e-05, 'gpp_d': 0.5604232556560347, 'ign_k': 0.34703605955441524, 'ign_c': 80.50945012618057}.
[I 2026-08-05 23:32:50,004] Trial 1160 finished with values: [10.621277812915654, 10.621277812915654] and parameters: {'k1': 0.02641449645424223, 'D_low': 2.1234210963705626, 'k2': 0.00375241428659295, 'D_high': 9769.756791866093, 'fire_exp': 1.1044852285094786, 'P_half': 9273.417344841548, 'pre_dampen_half': 304.7488318185732, 'gpp_af': 0.001339466259146302, 'gpp_b': 3.139005000572696e-05, 'gpp_d': 891.8036602897795, 'ign_k': 4.006890332238651, 'ign_c': 0.24929432851508837}.
[I 2026-08-05 23:32:50,941] Trial 1161 finished with values: [-0.6161432522269539, 0.3493864651033054] and parameters: {'k1': 0.02641449645424223, 'D_low': 1.4045842344024697, 'k2': 0.08894151386481904, 'D_high': 2941.5751391396584, 'fire_exp': 1.010722707674549, 'P_half': 12.808863354047988, 'pre_dampen_half': 304.7488318185732, 'gpp_af': 0.0021836613912815635, 'gpp_b': 7.402343469704428e-05, 'gpp_d': 1.017352787351922, 'ign_k': 0.12752949611679998, 'ign_c': 8.671454322584175}.
[I 2026-08-05 23:32:51,937] Trial 1162 finished with values: [10.38101426736392, 10.38101426736392] and parameters: {'k1': 0.025383218374507292, 'D_low': 1.4045842344024697, 'k2': 0.08894151386481904, 'D_high': 2941.5751391396584, 'fire_exp': 1.010722707674549, 'P_half': 10.226988730324324, 'pre_dampen_half': 100.0817391226047, 'gpp_af': 1.2003722333832936, 'gpp_b': 0.6637926838138378, 'gpp_d': 857.4284557962634, 'ign_k': 0.006548510655446338, 'ign_c': 8.671454322584175}.
[I 2026-08-05 23:32:52,932] Trial 1163 finished with values: [-0.6167584988955703, 0.33960765111155455] and parameters: {'k1': 0.06415745702132086, 'D_low': 18.89739291279832, 'k2': 0.08894151386481904, 'D_high': 2941.5751391396584, 'fire_exp': 1.010722707674549, 'P_half': 10.226988730324324, 'pre_dampen_half': 304.7488318185732, 'gpp_af': 0.0021836613912815635, 'gpp_b': 0.00012797528816608022, 'gpp_d': 891.8036602897795, 'ign_k': 8.761971101023693, 'ign_c': 8.671454322584175}.
[I 2026-08-05 23:32:53,912] Trial 1164 finished with values: [10.132547188662864, 10.132547188662864] and parameters: {'k1': 0.0016608858962356998, 'D_low': 12.492307509390828, 'k2': 0.0027431991397796683, 'D_high': 830.8114652888394, 'fire_exp': 1.1258453832483524, 'P_half': 13.019246714361572, 'pre_dampen_half': 304.7488318185732, 'gpp_af': 0.0021836613912815635, 'gpp_b': 7.402343469704428e-05, 'gpp_d': 15.186467669014625, 'ign_k': 0.4702627143647234, 'ign_c': 1.5061320080433496}.
[I 2026-08-05 23:32:54,874] Trial 1165 finished with values: [-0.6208101061633842, 0.5442468027804737] and parameters: {'k1': 0.025383218374507292, 'D_low': 18.89739291279832, 'k2': 0.03071666851587867, 'D_high': 9769.756791866093, 'fire_exp': 1.010722707674549, 'P_half': 10.226988730324324, 'pre_dampen_half': 304.7488318185732, 'gpp_af': 0.0021836613912815635, 'gpp_b': 0.00012797528816608022, 'gpp_d': 891.8036602897795, 'ign_k': 0.4702627143647234, 'ign_c': 0.9294394155644988}.
[I 2026-08-05 23:32:55,839] Trial 1166 finished with values: [-0.6237547375137977, 0.48115192400236784] and parameters: {'k1': 0.02641449645424223, 'D_low': 1.2299210465793122, 'k2': 0.0007081721844034209, 'D_high': 7744.80118512745, 'fire_exp': 1.3239942327296237, 'P_half': 13.019246714361572, 'pre_dampen_half': 304.7488318185732, 'gpp_af': 0.0021836613912815635, 'gpp_b': 7.402343469704428e-05, 'gpp_d': 368.30088529547436, 'ign_k': 8.761971101023693, 'ign_c': 8.671454322584175}.
[I 2026-08-05 23:32:56,802] Trial 1167 finished with values: [10.209359161366187, 10.209359161366187] and parameters: {'k1': 0.06415745702132086, 'D_low': 1.4045842344024697, 'k2': 0.08894151386481904, 'D_high': 2941.5751391396584, 'fire_exp': 1.7128214059652005, 'P_half': 10.226988730324324, 'pre_dampen_half': 46.27607115144257, 'gpp_af': 0.0021836613912815635, 'gpp_b': 7.402343469704428e-05, 'gpp_d': 5.878566318396007, 'ign_k': 0.29103270846582247, 'ign_c': 8.671454322584175}.
[I 2026-08-05 23:32:57,736] Trial 1168 finished with values: [10.09508637850333, 10.09508637850333] and parameters: {'k1': 0.06415745702132086, 'D_low': 1.4045842344024697, 'k2': 5.650656901535326e-05, 'D_high': 830.8114652888394, 'fire_exp': 1.0881360604103363, 'P_half': 13.019246714361572, 'pre_dampen_half': 703.6426675556048, 'gpp_af': 5.511863475708366, 'gpp_b': 0.004996983241344723, 'gpp_d': 5.878566318396007, 'ign_k': 0.34703605955441524, 'ign_c': 2.6396009423965827}.
[I 2026-08-05 23:32:58,703] Trial 1169 finished with values: [-0.5944458749150023, 0.32089419935517804] and parameters: {'k1': 0.0029707920514735983, 'D_low': 9.882278532808778, 'k2': 0.0027431991397796683, 'D_high': 2941.5751391396584, 'fire_exp': 1.1044852285094786, 'P_half': 10.753522341516506, 'pre_dampen_half': 304.7488318185732, 'gpp_af': 0.0021836613912815635, 'gpp_b': 7.402343469704428e-05, 'gpp_d': 0.16069682196977472, 'ign_k': 8.761971101023693, 'ign_c': 8.671454322584175}.
