[I 2026-06-10 21:28:50,594] Trial 490 finished with values: [10.397008370041355, 10.397008370041355] and parameters: {'k1': 0.002155595057104387, 'D_low': 2.4474057445796826, 'k2': 0.015109086063191909, 'D_high': 3512.7047262708465, 'fire_exp': 1.2781983515972553, 'P_half': 50.34696988263488, 'pre_dampen_half': 13.472769577631583, 'gpp_af': 0.053663001820106804, 'gpp_b': 1.284284091405877e-05, 'gpp_d': 12.6084874067596, 'ign_k': 5.351470428717437, 'ign_c': 1.4940577239079738, 'trop_agb_crit': 15.68644624233575, 'trop_k_veg': 1.3987664054208562, 'fuel_k': 4.710433409437072, 'fuel_half': 0.17108183937377372}.
[I 2026-06-10 21:28:52,339] Trial 491 finished with values: [11.947370966038884, 11.947370966038884] and parameters: {'k1': 0.0006579066240690734, 'D_low': 7.857247967427123, 'k2': 0.0004976087827261435, 'D_high': 40237.59749324181, 'fire_exp': 1.1103154430776774, 'P_half': 13.30003421978439, 'pre_dampen_half': 243.70551632385417, 'gpp_af': 5.056419398267455, 'gpp_b': 0.00012118589392553798, 'gpp_d': 12.338826503601998, 'ign_k': 0.038563028138793747, 'ign_c': 0.5655677524618509, 'trop_agb_crit': 9.369518687683199, 'trop_k_veg': 6.45312300188076, 'fuel_k': 5.977540012765759, 'fuel_half': 0.17108183937377372}.
[I 2026-06-10 21:28:54,082] Trial 492 finished with values: [11.347835717174158, 11.347835717174158] and parameters: {'k1': 0.0006533684593224971, 'D_low': 2.4474057445796826, 'k2': 0.015109086063191909, 'D_high': 40237.59749324181, 'fire_exp': 1.2781983515972553, 'P_half': 1.6139316358793205, 'pre_dampen_half': 565.0116730717873, 'gpp_af': 0.3002317246575309, 'gpp_b': 1.284284091405877e-05, 'gpp_d': 12.6084874067596, 'ign_k': 1.1044350847124695, 'ign_c': 1.4940577239079738, 'trop_agb_crit': 10.215415653610627, 'trop_k_veg': 4.7254560805090735, 'fuel_k': 0.9221804185592763, 'fuel_half': 0.17108183937377372}.
[I 2026-06-10 21:28:55,925] Trial 493 finished with values: [-0.5233568086906637, 0.3905959881854564] and parameters: {'k1': 0.03865036856259725, 'D_low': 40.12413353131991, 'k2': 0.015109086063191909, 'D_high': 3512.7047262708465, 'fire_exp': 1.1174086754605184, 'P_half': 221.2683656611821, 'pre_dampen_half': 857.6556763881457, 'gpp_af': 0.3002317246575309, 'gpp_b': 1.284284091405877e-05, 'gpp_d': 229.41380323183625, 'ign_k': 0.02741350741975827, 'ign_c': 1.4940577239079738, 'trop_agb_crit': 10.215415653610627, 'trop_k_veg': 6.45312300188076, 'fuel_k': 0.9221804185592763, 'fuel_half': 85.41272006037322}.
[I 2026-06-10 21:28:58,050] Trial 494 finished with values: [10.212574835242213, 10.212574835242213] and parameters: {'k1': 0.02228708726011016, 'D_low': 36.07301614542843, 'k2': 0.0004976087827261435, 'D_high': 2427.054417940131, 'fire_exp': 1.423480109671474, 'P_half': 42.42597609186097, 'pre_dampen_half': 13.472769577631583, 'gpp_af': 0.22965432344634354, 'gpp_b': 2.176805640408474e-05, 'gpp_d': 229.41380323183625, 'ign_k': 0.038563028138793747, 'ign_c': 1.4940577239079738, 'trop_agb_crit': 12.647327018493208, 'trop_k_veg': 4.7254560805090735, 'fuel_k': 4.710433409437072, 'fuel_half': 1.3323297901105768}.
[I 2026-06-10 21:28:59,850] Trial 495 finished with values: [10.769230769178105, 10.769230769178105] and parameters: {'k1': 0.028401063201780267, 'D_low': 323.7668055684038, 'k2': 0.0001906331412032436, 'D_high': 30409.816628296998, 'fire_exp': 1.2051641823721246, 'P_half': 13.30003421978439, 'pre_dampen_half': 243.70551632385417, 'gpp_af': 5.056419398267455, 'gpp_b': 0.00012118589392553798, 'gpp_d': 32.54021513867688, 'ign_k': 1.1044350847124695, 'ign_c': 134.7540839957462, 'trop_agb_crit': 10.215415653610627, 'trop_k_veg': 2.9556982260250573, 'fuel_k': 2.563645943471902, 'fuel_half': 60.70952705230881}.
[I 2026-06-10 21:29:01,652] Trial 496 finished with values: [-0.4277885295203267, 0.9270792354455973] and parameters: {'k1': 0.0018538092461931478, 'D_low': 899.0768948930038, 'k2': 0.007299613382801458, 'D_high': 40237.59749324181, 'fire_exp': 1.2781983515972553, 'P_half': 93.43302657318476, 'pre_dampen_half': 565.0116730717873, 'gpp_af': 10.067774870299937, 'gpp_b': 0.005419266601560437, 'gpp_d': 246.93224594675561, 'ign_k': 1.1044350847124695, 'ign_c': 0.5655677524618509, 'trop_agb_crit': 5.12586335774155, 'trop_k_veg': 4.7254560805090735, 'fuel_k': 4.710433409437072, 'fuel_half': 71.14476009343416}.
[I 2026-06-10 21:29:03,444] Trial 497 finished with values: [10.703906757791131, 10.703906757791131] and parameters: {'k1': 0.001906534551939351, 'D_low': 5.351452349843333, 'k2': 0.0004135816738916685, 'D_high': 40237.59749324181, 'fire_exp': 1.3806513288500464, 'P_half': 93.43302657318476, 'pre_dampen_half': 243.70551632385417, 'gpp_af': 0.04316838564848067, 'gpp_b': 0.10128854052229927, 'gpp_d': 32.54021513867688, 'ign_k': 0.012868405331151606, 'ign_c': 0.5655677524618509, 'trop_agb_crit': 5.526463318565575, 'trop_k_veg': 4.7254560805090735, 'fuel_k': 4.710433409437072, 'fuel_half': 71.14476009343416}.
[I 2026-06-10 21:29:05,239] Trial 498 finished with values: [-0.5945377252860118, 0.5041020065586528] and parameters: {'k1': 0.012840669372724958, 'D_low': 5.351452349843333, 'k2': 0.002884223471687844, 'D_high': 3512.7047262708465, 'fire_exp': 1.2781983515972553, 'P_half': 13.30003421978439, 'pre_dampen_half': 13.472769577631583, 'gpp_af': 0.3002317246575309, 'gpp_b': 2.176805640408474e-05, 'gpp_d': 32.54021513867688, 'ign_k': 3.965503094323014, 'ign_c': 0.5655677524618509, 'trop_agb_crit': 10.215415653610627, 'trop_k_veg': 6.45312300188076, 'fuel_k': 4.710433409437072, 'fuel_half': 11.781063202742125}.
[I 2026-06-10 21:29:07,016] Trial 499 finished with values: [-0.689359178631696, 0.4903564680086874] and parameters: {'k1': 0.03865036856259725, 'D_low': 40.12413353131991, 'k2': 0.015109086063191909, 'D_high': 3512.7047262708465, 'fire_exp': 1.2781983515972553, 'P_half': 221.2683656611821, 'pre_dampen_half': 243.70551632385417, 'gpp_af': 5.056419398267455, 'gpp_b': 1.284284091405877e-05, 'gpp_d': 229.41380323183625, 'ign_k': 5.351470428717437, 'ign_c': 1.4940577239079738, 'trop_agb_crit': 10.691477813613638, 'trop_k_veg': 6.45312300188076, 'fuel_k': 0.9221804185592763, 'fuel_half': 11.781063202742125}.
[I 2026-06-10 21:29:08,786] Trial 500 finished with values: [10.464368607476523, 10.464368607476523] and parameters: {'k1': 0.028401063201780267, 'D_low': 37.35862630812753, 'k2': 0.03699867920489089, 'D_high': 91246.32886689917, 'fire_exp': 1.1103154430776774, 'P_half': 1703.663299029594, 'pre_dampen_half': 132.86323715350125, 'gpp_af': 28.269551568161315, 'gpp_b': 0.005419266601560437, 'gpp_d': 12.6084874067596, 'ign_k': 1.1198001958256893, 'ign_c': 1.4940577239079738, 'trop_agb_crit': 10.691477813613638, 'trop_k_veg': 4.567024709873377, 'fuel_k': 0.9221804185592763, 'fuel_half': 39.91117266597559}.
[I 2026-06-10 21:29:10,525] Trial 501 finished with values: [10.022001389380282, 10.022001389380282] and parameters: {'k1': 1.263794633808287e-05, 'D_low': 212.7578572013544, 'k2': 7.841214856323651e-05, 'D_high': 3512.7047262708465, 'fire_exp': 1.0283820194309468, 'P_half': 221.2683656611821, 'pre_dampen_half': 243.70551632385417, 'gpp_af': 5.056419398267455, 'gpp_b': 1.284284091405877e-05, 'gpp_d': 59.94537656798816, 'ign_k': 5.351470428717437, 'ign_c': 18.219343937475102, 'trop_agb_crit': 27.025726513675966, 'trop_k_veg': 2.132271839889451, 'fuel_k': 0.9221804185592763, 'fuel_half': 0.28682508353628944}.
[I 2026-06-10 21:29:12,683] Trial 502 finished with values: [10.374530113411726, 10.374530113411726] and parameters: {'k1': 0.0006579066240690734, 'D_low': 323.7668055684038, 'k2': 0.002173988526401145, 'D_high': 3512.7047262708465, 'fire_exp': 1.1103154430776774, 'P_half': 56.22114524476698, 'pre_dampen_half': 243.70551632385417, 'gpp_af': 28.269551568161315, 'gpp_b': 0.014662453726154785, 'gpp_d': 59.94537656798816, 'ign_k': 0.012868405331151606, 'ign_c': 30.785541778315018, 'trop_agb_crit': 4.84104109932157, 'trop_k_veg': 2.132271839889451, 'fuel_k': 0.4182971994460706, 'fuel_half': 0.17108183937377372}.
[I 2026-06-10 21:29:14,416] Trial 503 finished with values: [10.374018847399402, 10.374018847399402] and parameters: {'k1': 0.0006579066240690734, 'D_low': 323.7668055684038, 'k2': 0.0001906331412032436, 'D_high': 40237.59749324181, 'fire_exp': 1.2781983515972553, 'P_half': 93.43302657318476, 'pre_dampen_half': 1.506317681823253, 'gpp_af': 10.067774870299937, 'gpp_b': 0.00012118589392553798, 'gpp_d': 32.54021513867688, 'ign_k': 6.344955605329754, 'ign_c': 0.5655677524618509, 'trop_agb_crit': 9.286923253577127, 'trop_k_veg': 2.9556982260250573, 'fuel_k': 2.563645943471902, 'fuel_half': 1.3323297901105768}.
[I 2026-06-10 21:29:16,191] Trial 504 finished with values: [10.059055456264849, 10.059055456264849] and parameters: {'k1': 0.0006579066240690734, 'D_low': 323.7668055684038, 'k2': 0.002173988526401145, 'D_high': 40237.59749324181, 'fire_exp': 1.1103154430776774, 'P_half': 13.30003421978439, 'pre_dampen_half': 565.0116730717873, 'gpp_af': 28.269551568161315, 'gpp_b': 0.005419266601560437, 'gpp_d': 12.6084874067596, 'ign_k': 0.012868405331151606, 'ign_c': 0.5655677524618509, 'trop_agb_crit': 4.84104109932157, 'trop_k_veg': 1.331829048405031, 'fuel_k': 0.4182971994460706, 'fuel_half': 0.17108183937377372}.
[I 2026-06-10 21:29:17,953] Trial 505 finished with values: [10.287048936685368, 10.287048936685368] and parameters: {'k1': 0.012840669372724958, 'D_low': 525.4883437268169, 'k2': 0.0002172578929502367, 'D_high': 40237.59749324181, 'fire_exp': 1.2051641823721246, 'P_half': 93.43302657318476, 'pre_dampen_half': 857.6556763881457, 'gpp_af': 5.056419398267455, 'gpp_b': 2.176805640408474e-05, 'gpp_d': 32.54021513867688, 'ign_k': 1.1044350847124695, 'ign_c': 22.126836566118193, 'trop_agb_crit': 10.215415653610627, 'trop_k_veg': 4.7254560805090735, 'fuel_k': 4.710433409437072, 'fuel_half': 1.3323297901105768}.
[I 2026-06-10 21:29:20,983] Trial 506 finished with values: [-0.38498812265117754, 0.7462448848142327] and parameters: {'k1': 0.002155595057104387, 'D_low': 36.07301614542843, 'k2': 0.002173988526401145, 'D_high': 61536.58035691648, 'fire_exp': 1.423480109671474, 'P_half': 13.30003421978439, 'pre_dampen_half': 565.0116730717873, 'gpp_af': 0.053663001820106804, 'gpp_b': 0.00012118589392553798, 'gpp_d': 229.41380323183625, 'ign_k': 0.012868405331151606, 'ign_c': 0.5655677524618509, 'trop_agb_crit': 5.526463318565575, 'trop_k_veg': 1.3987664054208562, 'fuel_k': 4.710433409437072, 'fuel_half': 11.781063202742125}.
[I 2026-06-10 21:29:23,081] Trial 507 finished with values: [10.177230109087514, 10.177230109087514] and parameters: {'k1': 0.012840669372724958, 'D_low': 40.12413353131991, 'k2': 0.0004976087827261435, 'D_high': 42210.21267871043, 'fire_exp': 1.2781983515972553, 'P_half': 1867.8279278246268, 'pre_dampen_half': 857.6556763881457, 'gpp_af': 0.3002317246575309, 'gpp_b': 2.176805640408474e-05, 'gpp_d': 32.54021513867688, 'ign_k': 1.1044350847124695, 'ign_c': 0.5655677524618509, 'trop_agb_crit': 10.215415653610627, 'trop_k_veg': 4.7254560805090735, 'fuel_k': 0.28328975157735103, 'fuel_half': 1.9170041589170652}.
[I 2026-06-10 21:29:24,819] Trial 508 finished with values: [10.523365604127637, 10.523365604127637] and parameters: {'k1': 0.00021901578520649233, 'D_low': 2.4474057445796826, 'k2': 0.0002172578929502367, 'D_high': 61536.58035691648, 'fire_exp': 1.1103154430776774, 'P_half': 221.2683656611821, 'pre_dampen_half': 565.0116730717873, 'gpp_af': 0.2204465010099918, 'gpp_b': 2.176805640408474e-05, 'gpp_d': 36.831884165358986, 'ign_k': 5.351470428717437, 'ign_c': 18.219343937475102, 'trop_agb_crit': 15.68644624233575, 'trop_k_veg': 1.9658897090912955, 'fuel_k': 0.9221804185592763, 'fuel_half': 0.17108183937377372}.
[I 2026-06-10 21:29:26,349] Trial 509 finished with values: [-0.28950111696810027, 0.9427017304464622] and parameters: {'k1': 0.002155595057104387, 'D_low': 525.4883437268169, 'k2': 0.002884223471687844, 'D_high': 91246.32886689917, 'fire_exp': 1.3806513288500464, 'P_half': 2.0598022365449626, 'pre_dampen_half': 243.70551632385417, 'gpp_af': 0.3002317246575309, 'gpp_b': 2.176805640408474e-05, 'gpp_d': 32.54021513867688, 'ign_k': 0.012868405331151606, 'ign_c': 1.4940577239079738, 'trop_agb_crit': 10.691477813613638, 'trop_k_veg': 6.45312300188076, 'fuel_k': 2.563645943471902, 'fuel_half': 1.3323297901105768}.
[I 2026-06-10 21:29:27,906] Trial 510 finished with values: [-0.491200516075629, 0.7517831829159297] and parameters: {'k1': 0.0006579066240690734, 'D_low': 375.241428659295, 'k2': 0.002884223471687844, 'D_high': 91246.32886689917, 'fire_exp': 1.3806513288500464, 'P_half': 13.30003421978439, 'pre_dampen_half': 565.0116730717873, 'gpp_af': 5.056419398267455, 'gpp_b': 0.014662453726154785, 'gpp_d': 32.54021513867688, 'ign_k': 0.0030257721519613206, 'ign_c': 30.785541778315018, 'trop_agb_crit': 5.12586335774155, 'trop_k_veg': 2.132271839889451, 'fuel_k': 2.563645943471902, 'fuel_half': 0.17108183937377372}.
[I 2026-06-10 21:29:29,477] Trial 511 finished with values: [10.22608503192676, 10.22608503192676] and parameters: {'k1': 0.0010495653625093638, 'D_low': 323.7668055684038, 'k2': 0.002173988526401145, 'D_high': 40237.59749324181, 'fire_exp': 1.1103154430776774, 'P_half': 7.46475488144212, 'pre_dampen_half': 5.277709597877513, 'gpp_af': 28.269551568161315, 'gpp_b': 0.005419266601560437, 'gpp_d': 12.6084874067596, 'ign_k': 6.344955605329754, 'ign_c': 1.1911696453733045, 'trop_agb_crit': 5.526463318565575, 'trop_k_veg': 1.331829048405031, 'fuel_k': 0.4182971994460706, 'fuel_half': 0.17108183937377372}.
[I 2026-06-10 21:29:30,999] Trial 512 finished with values: [10.325304746892828, 10.325304746892828] and parameters: {'k1': 0.012840669372724958, 'D_low': 525.4883437268169, 'k2': 0.0002172578929502367, 'D_high': 12124.080603355414, 'fire_exp': 1.423480109671474, 'P_half': 102.4585893986732, 'pre_dampen_half': 32.53305539860191, 'gpp_af': 0.0010685461957966062, 'gpp_b': 2.176805640408474e-05, 'gpp_d': 14.423399576193098, 'ign_k': 4.591485216740537, 'ign_c': 1.0944963667961967, 'trop_agb_crit': 10.691477813613638, 'trop_k_veg': 4.129715873342728, 'fuel_k': 4.710433409437072, 'fuel_half': 1.3323297901105768}.
[I 2026-06-10 21:29:33,330] Trial 513 finished with values: [10.197180462744068, 10.197180462744068] and parameters: {'k1': 0.0006579066240690734, 'D_low': 323.7668055684038, 'k2': 0.0002172578929502367, 'D_high': 42210.21267871043, 'fire_exp': 1.2781983515972553, 'P_half': 13.30003421978439, 'pre_dampen_half': 565.0116730717873, 'gpp_af': 28.269551568161315, 'gpp_b': 0.005419266601560437, 'gpp_d': 12.6084874067596, 'ign_k': 0.012868405331151606, 'ign_c': 1.4940577239079738, 'trop_agb_crit': 9.286923253577127, 'trop_k_veg': 4.129715873342728, 'fuel_k': 0.9221804185592763, 'fuel_half': 1.3323297901105768}.
[I 2026-06-10 21:29:36,399] Trial 514 finished with values: [10.318692676974202, 10.318692676974202] and parameters: {'k1': 0.012840669372724958, 'D_low': 40.12413353131991, 'k2': 0.002884223471687844, 'D_high': 40237.59749324181, 'fire_exp': 2.111474446641426, 'P_half': 13.30003421978439, 'pre_dampen_half': 857.6556763881457, 'gpp_af': 5.056419398267455, 'gpp_b': 0.005419266601560437, 'gpp_d': 229.41380323183625, 'ign_k': 0.038563028138793747, 'ign_c': 22.126836566118193, 'trop_agb_crit': 12.647327018493208, 'trop_k_veg': 0.6217101289242648, 'fuel_k': 0.28328975157735103, 'fuel_half': 1.9170041589170652}.
[I 2026-06-10 21:29:38,512] Trial 515 finished with values: [10.757486077368142, 10.757486077368142] and parameters: {'k1': 0.002155595057104387, 'D_low': 525.4883437268169, 'k2': 0.0004976087827261435, 'D_high': 292.31166016118357, 'fire_exp': 2.4898471771406303, 'P_half': 2.0598022365449626, 'pre_dampen_half': 13.472769577631583, 'gpp_af': 0.3002317246575309, 'gpp_b': 0.0001484082099455773, 'gpp_d': 32.54021513867688, 'ign_k': 0.038563028138793747, 'ign_c': 1.4940577239079738, 'trop_agb_crit': 10.691477813613638, 'trop_k_veg': 4.7254560805090735, 'fuel_k': 4.710433409437072, 'fuel_half': 1.3323297901105768}.
[I 2026-06-10 21:29:40,221] Trial 516 finished with values: [10.306527628513175, 10.306527628513175] and parameters: {'k1': 0.0021949137421473017, 'D_low': 323.7668055684038, 'k2': 0.029722485376535667, 'D_high': 40237.59749324181, 'fire_exp': 1.2918065501148304, 'P_half': 13.30003421978439, 'pre_dampen_half': 30.014840058280896, 'gpp_af': 5.056419398267455, 'gpp_b': 0.005419266601560437, 'gpp_d': 12.6084874067596, 'ign_k': 0.035828811741825076, 'ign_c': 0.2669144717088781, 'trop_agb_crit': 12.647327018493208, 'trop_k_veg': 0.6217101289242648, 'fuel_k': 0.17641631600494934, 'fuel_half': 1.9170041589170652}.
[I 2026-06-10 21:29:41,944] Trial 517 finished with values: [-0.37250068442546863, 0.9756075031168022] and parameters: {'k1': 0.0006579066240690734, 'D_low': 36.07301614542843, 'k2': 7.841214856323651e-05, 'D_high': 61536.58035691648, 'fire_exp': 1.1103154430776774, 'P_half': 13.30003421978439, 'pre_dampen_half': 13.472769577631583, 'gpp_af': 5.056419398267455, 'gpp_b': 0.00012118589392553798, 'gpp_d': 12.338826503601998, 'ign_k': 3.965503094323014, 'ign_c': 0.5655677524618509, 'trop_agb_crit': 27.025726513675966, 'trop_k_veg': 4.129715873342728, 'fuel_k': 4.710433409437072, 'fuel_half': 1.3323297901105768}.
[I 2026-06-10 21:29:43,723] Trial 518 finished with values: [10.754722545368884, 10.754722545368884] and parameters: {'k1': 0.012840669372724958, 'D_low': 40.12413353131991, 'k2': 0.0004976087827261435, 'D_high': 3512.7047262708465, 'fire_exp': 1.2781983515972553, 'P_half': 221.2683656611821, 'pre_dampen_half': 243.70551632385417, 'gpp_af': 0.015407091237406186, 'gpp_b': 0.15208782389892764, 'gpp_d': 229.41380323183625, 'ign_k': 0.038563028138793747, 'ign_c': 22.126836566118193, 'trop_agb_crit': 10.215415653610627, 'trop_k_veg': 6.45312300188076, 'fuel_k': 0.28328975157735103, 'fuel_half': 11.781063202742125}.
[I 2026-06-10 21:29:45,425] Trial 519 finished with values: [10.435678824145818, 10.435678824145818] and parameters: {'k1': 0.00031117676855667395, 'D_low': 40.12413353131991, 'k2': 8.111076715965557e-05, 'D_high': 19.623826481168347, 'fire_exp': 1.2781983515972553, 'P_half': 221.2683656611821, 'pre_dampen_half': 857.6556763881457, 'gpp_af': 0.3002317246575309, 'gpp_b': 1.284284091405877e-05, 'gpp_d': 229.41380323183625, 'ign_k': 1.1044350847124695, 'ign_c': 22.126836566118193, 'trop_agb_crit': 10.215415653610627, 'trop_k_veg': 6.45312300188076, 'fuel_k': 0.9221804185592763, 'fuel_half': 11.781063202742125}.
[I 2026-06-10 21:29:47,070] Trial 520 finished with values: [10.012704142742198, 10.012704142742198] and parameters: {'k1': 0.02228708726011016, 'D_low': 7.857247967427123, 'k2': 0.0004976087827261435, 'D_high': 40237.59749324181, 'fire_exp': 1.423480109671474, 'P_half': 259.29513803785335, 'pre_dampen_half': 13.472769577631583, 'gpp_af': 0.22965432344634354, 'gpp_b': 2.176805640408474e-05, 'gpp_d': 12.6084874067596, 'ign_k': 4.591485216740537, 'ign_c': 0.2669144717088781, 'trop_agb_crit': 12.647327018493208, 'trop_k_veg': 4.7254560805090735, 'fuel_k': 0.5182294818798785, 'fuel_half': 1.3323297901105768}.
[I 2026-06-10 21:29:48,619] Trial 521 finished with values: [-0.5491397123617814, 0.23459040848425194] and parameters: {'k1': 0.0006579066240690734, 'D_low': 323.7668055684038, 'k2': 0.002884223471687844, 'D_high': 3512.7047262708465, 'fire_exp': 1.2781983515972553, 'P_half': 93.43302657318476, 'pre_dampen_half': 857.6556763881457, 'gpp_af': 0.3002317246575309, 'gpp_b': 0.005419266601560437, 'gpp_d': 12.6084874067596, 'ign_k': 1.1044350847124695, 'ign_c': 0.5655677524618509, 'trop_agb_crit': 10.215415653610627, 'trop_k_veg': 6.45312300188076, 'fuel_k': 0.4182971994460706, 'fuel_half': 11.781063202742125}.
[I 2026-06-10 21:29:50,309] Trial 522 finished with values: [-0.5535759453174894, 0.6431431793904862] and parameters: {'k1': 0.0006579066240690734, 'D_low': 323.7668055684038, 'k2': 0.004708159793250189, 'D_high': 40237.59749324181, 'fire_exp': 1.2781983515972553, 'P_half': 93.43302657318476, 'pre_dampen_half': 565.0116730717873, 'gpp_af': 0.3002317246575309, 'gpp_b': 0.005419266601560437, 'gpp_d': 12.6084874067596, 'ign_k': 1.1044350847124695, 'ign_c': 0.5655677524618509, 'trop_agb_crit': 9.286923253577127, 'trop_k_veg': 4.7254560805090735, 'fuel_k': 0.4182971994460706, 'fuel_half': 7.21890020361181}.
[I 2026-06-10 21:29:51,905] Trial 523 finished with values: [10.359794044242534, 10.359794044242534] and parameters: {'k1': 0.012840669372724958, 'D_low': 2.4474057445796826, 'k2': 0.0007144571308652825, 'D_high': 3512.7047262708465, 'fire_exp': 1.2781983515972553, 'P_half': 13.30003421978439, 'pre_dampen_half': 565.0116730717873, 'gpp_af': 5.056419398267455, 'gpp_b': 1.284284091405877e-05, 'gpp_d': 0.7923715993309053, 'ign_k': 0.02741350741975827, 'ign_c': 1.4940577239079738, 'trop_agb_crit': 5.526463318565575, 'trop_k_veg': 5.476805317861599, 'fuel_k': 0.9221804185592763, 'fuel_half': 0.17108183937377372}.
[I 2026-06-10 21:29:54,350] Trial 524 finished with values: [10.572838333665425, 10.572838333665425] and parameters: {'k1': 0.0006579066240690734, 'D_low': 323.7668055684038, 'k2': 0.002173988526401145, 'D_high': 42210.21267871043, 'fire_exp': 1.1103154430776774, 'P_half': 52.911502562008664, 'pre_dampen_half': 13.472769577631583, 'gpp_af': 0.05511595477601767, 'gpp_b': 0.014662453726154785, 'gpp_d': 32.54021513867688, 'ign_k': 0.012868405331151606, 'ign_c': 30.785541778315018, 'trop_agb_crit': 4.84104109932157, 'trop_k_veg': 1.331829048405031, 'fuel_k': 2.563645943471902, 'fuel_half': 1.3323297901105768}.
