[I 2026-08-06 02:47:10,319] Trial 512 finished with values: [-0.47748331470699146, 0.24266177235206998] and parameters: {'k1': 0.00324789183891923, 'D_low': 2.1234210963705626, 'k2': 0.031211489608802344, 'D_high': 12775.77960461496, 'fire_exp': 1.0881360604103363, 'P_half': 10.226988730324324, 'pre_dampen_half': 107.40052367919465, 'gpp_af': 0.010590622233713298, 'gpp_b': 0.00012797528816608022, 'gpp_d': 3.57879245350232, 'ign_k': 0.0035114452581286888, 'ign_c': 10.140635645866492}.
[I 2026-08-06 02:47:11,444] Trial 513 finished with values: [10.080880104110811, 10.080880104110811] and parameters: {'k1': 0.04897760278488444, 'D_low': 1212.5157220460183, 'k2': 0.0007081721844034209, 'D_high': 6455.595882939566, 'fire_exp': 1.151006986743773, 'P_half': 12.808863354047988, 'pre_dampen_half': 304.7488318185732, 'gpp_af': 29.925002022877802, 'gpp_b': 3.228689523591491e-05, 'gpp_d': 5.878566318396007, 'ign_k': 0.0026834162496848666, 'ign_c': 9.34330265731847}.
[I 2026-08-06 02:47:12,574] Trial 514 finished with values: [10.403192826450285, 10.403192826450285] and parameters: {'k1': 0.002971796631657383, 'D_low': 29.89885508829526, 'k2': 0.023940483242764706, 'D_high': 9769.756791866093, 'fire_exp': 1.0881360604103363, 'P_half': 10.226988730324324, 'pre_dampen_half': 304.7488318185732, 'gpp_af': 29.925002022877802, 'gpp_b': 0.011750724729953272, 'gpp_d': 63.84398027045259, 'ign_k': 0.0026834162496848666, 'ign_c': 10.140635645866492}.
[I 2026-08-06 02:47:13,720] Trial 515 finished with values: [10.610236755605055, 10.610236755605055] and parameters: {'k1': 0.00324789183891923, 'D_low': 2.458603276328005, 'k2': 0.003198020818004832, 'D_high': 33.4949636434409, 'fire_exp': 1.0881360604103363, 'P_half': 125.61043700013555, 'pre_dampen_half': 107.40052367919465, 'gpp_af': 1.3725472882585024, 'gpp_b': 1.1008110571039521e-05, 'gpp_d': 29.749683811098393, 'ign_k': 0.0026834162496848666, 'ign_c': 9.34330265731847}.
[I 2026-08-06 02:47:14,855] Trial 516 finished with values: [10.23531416931584, 10.23531416931584] and parameters: {'k1': 0.02714257255218683, 'D_low': 4.075267974954964, 'k2': 1.1184534120760473e-05, 'D_high': 75773.14388518519, 'fire_exp': 1.5201277403788451, 'P_half': 215.55950571043874, 'pre_dampen_half': 111.37963167994629, 'gpp_af': 20.12115544906385, 'gpp_b': 0.00031478066835753096, 'gpp_d': 4.5768578731086835, 'ign_k': 0.03033111747878116, 'ign_c': 0.11272174259951144}.
[I 2026-08-06 02:47:15,948] Trial 517 finished with values: [10.719115642083393, 10.719115642083393] and parameters: {'k1': 7.841214856323651e-05, 'D_low': 29.89885508829526, 'k2': 0.031211489608802344, 'D_high': 9769.756791866093, 'fire_exp': 1.0881360604103363, 'P_half': 408.3047491580097, 'pre_dampen_half': 304.7488318185732, 'gpp_af': 0.0014542226259417863, 'gpp_b': 0.011750724729953272, 'gpp_d': 5.679195944606101, 'ign_k': 0.3818468247973969, 'ign_c': 6.160975294741436}.
[I 2026-08-06 02:47:17,057] Trial 518 finished with values: [10.168661959726384, 10.168661959726384] and parameters: {'k1': 0.04897760278488444, 'D_low': 2.458603276328005, 'k2': 0.08790311296857814, 'D_high': 48238.23303865264, 'fire_exp': 1.0881360604103363, 'P_half': 10.226988730324324, 'pre_dampen_half': 12.112995966431617, 'gpp_af': 0.8942824595236101, 'gpp_b': 0.011750724729953272, 'gpp_d': 29.749683811098393, 'ign_k': 0.0026834162496848666, 'ign_c': 10.140635645866492}.
[I 2026-08-06 02:47:18,928] Trial 519 finished with values: [10.652012225515756, 10.652012225515756] and parameters: {'k1': 0.002971796631657383, 'D_low': 2.458603276328005, 'k2': 0.0007081721844034209, 'D_high': 9769.756791866093, 'fire_exp': 1.0881360604103363, 'P_half': 2.157758652553991, 'pre_dampen_half': 76.86605275420082, 'gpp_af': 29.925002022877802, 'gpp_b': 0.011750724729953272, 'gpp_d': 8.144272585223819, 'ign_k': 1.5351441568398145, 'ign_c': 0.11433485956638717}.
[I 2026-08-06 02:47:20,080] Trial 520 finished with values: [-0.4719892015304004, 0.5362969836749678] and parameters: {'k1': 0.0008435083887782438, 'D_low': 1112.9571947046009, 'k2': 0.0007081721844034209, 'D_high': 9769.756791866093, 'fire_exp': 1.151006986743773, 'P_half': 24.136213194527585, 'pre_dampen_half': 304.7488318185732, 'gpp_af': 13.560863064135962, 'gpp_b': 0.00031478066835753096, 'gpp_d': 5.679195944606101, 'ign_k': 0.03141110271934876, 'ign_c': 14.367095138664217}.
[I 2026-08-06 02:47:21,228] Trial 521 finished with values: [10.147402124701689, 10.147402124701689] and parameters: {'k1': 3.252245757497282e-05, 'D_low': 1112.9571947046009, 'k2': 3.5917714215176105e-05, 'D_high': 8182.111518618414, 'fire_exp': 1.151006986743773, 'P_half': 12.808863354047988, 'pre_dampen_half': 304.7488318185732, 'gpp_af': 29.925002022877802, 'gpp_b': 0.011750724729953272, 'gpp_d': 150.14555442537656, 'ign_k': 0.0026834162496848666, 'ign_c': 6.160975294741436}.
[I 2026-08-06 02:47:22,333] Trial 522 finished with values: [-0.47013615914534534, 0.47521985050232474] and parameters: {'k1': 0.00324789183891923, 'D_low': 2.1234210963705626, 'k2': 0.0007081721844034209, 'D_high': 12775.77960461496, 'fire_exp': 1.0881360604103363, 'P_half': 12.808863354047988, 'pre_dampen_half': 36.876350096203005, 'gpp_af': 20.12115544906385, 'gpp_b': 0.011750724729953272, 'gpp_d': 3.57879245350232, 'ign_k': 0.0029460000905108855, 'ign_c': 6.160975294741436}.
[I 2026-08-06 02:47:23,404] Trial 523 finished with values: [10.302478443635785, 10.302478443635785] and parameters: {'k1': 0.00324789183891923, 'D_low': 1112.9571947046009, 'k2': 0.0022957398214549472, 'D_high': 8182.111518618414, 'fire_exp': 1.0881360604103363, 'P_half': 215.55950571043874, 'pre_dampen_half': 107.40052367919465, 'gpp_af': 11.234842109991876, 'gpp_b': 1.1008110571039521e-05, 'gpp_d': 0.6380717024176037, 'ign_k': 0.0035114452581286888, 'ign_c': 0.1457050032975653}.
[I 2026-08-06 02:47:24,449] Trial 524 finished with values: [-0.4804100545829845, 0.19878395181287234] and parameters: {'k1': 0.00324789183891923, 'D_low': 29.89885508829526, 'k2': 0.002935672965826306, 'D_high': 8182.111518618414, 'fire_exp': 1.0881360604103363, 'P_half': 215.55950571043874, 'pre_dampen_half': 304.7488318185732, 'gpp_af': 5.620854611217178, 'gpp_b': 0.011750724729953272, 'gpp_d': 4.5768578731086835, 'ign_k': 0.0035114452581286888, 'ign_c': 0.1457050032975653}.
[I 2026-08-06 02:47:25,479] Trial 525 finished with values: [-0.47984254222926725, 0.43886473505592627] and parameters: {'k1': 0.01889771394135163, 'D_low': 4.075267974954964, 'k2': 3.5917714215176105e-05, 'D_high': 6455.595882939566, 'fire_exp': 1.0881360604103363, 'P_half': 147.09699119495133, 'pre_dampen_half': 107.40052367919465, 'gpp_af': 1.3725472882585024, 'gpp_b': 1.1008110571039521e-05, 'gpp_d': 5.878566318396007, 'ign_k': 0.03033111747878116, 'ign_c': 6.160975294741436}.
[I 2026-08-06 02:47:26,496] Trial 526 finished with values: [10.736364865766975, 10.736364865766975] and parameters: {'k1': 0.02714257255218683, 'D_low': 51.9967392387832, 'k2': 0.08790311296857814, 'D_high': 41.05873950290761, 'fire_exp': 1.2680134752324452, 'P_half': 12.808863354047988, 'pre_dampen_half': 111.37963167994629, 'gpp_af': 13.560863064135962, 'gpp_b': 0.000832333943844274, 'gpp_d': 368.30088529547436, 'ign_k': 0.11101191524846071, 'ign_c': 8.671454322584175}.
[I 2026-08-06 02:47:27,492] Trial 527 finished with values: [10.855116047471157, 10.855116047471157] and parameters: {'k1': 0.00324789183891923, 'D_low': 4.075267974954964, 'k2': 0.002935672965826306, 'D_high': 75773.14388518519, 'fire_exp': 1.5201277403788451, 'P_half': 24.136213194527585, 'pre_dampen_half': 805.2502904451399, 'gpp_af': 13.560863064135962, 'gpp_b': 5.6378660494178646e-05, 'gpp_d': 5.878566318396007, 'ign_k': 0.03141110271934876, 'ign_c': 0.11272174259951144}.
[I 2026-08-06 02:47:28,509] Trial 528 finished with values: [10.07418327551696, 10.07418327551696] and parameters: {'k1': 0.01889771394135163, 'D_low': 2.458603276328005, 'k2': 0.0007081721844034209, 'D_high': 10316.033434719713, 'fire_exp': 1.0881360604103363, 'P_half': 552.4095129928629, 'pre_dampen_half': 107.40052367919465, 'gpp_af': 1.3725472882585024, 'gpp_b': 0.00012797528816608022, 'gpp_d': 34.37107943937136, 'ign_k': 0.03033111747878116, 'ign_c': 34.19108473554449}.
[I 2026-08-06 02:47:29,678] Trial 529 finished with values: [10.091966764519961, 10.091966764519961] and parameters: {'k1': 7.841214856323651e-05, 'D_low': 1112.9571947046009, 'k2': 0.0005262881356087174, 'D_high': 75773.14388518519, 'fire_exp': 1.5201277403788451, 'P_half': 24.136213194527585, 'pre_dampen_half': 36.876350096203005, 'gpp_af': 29.925002022877802, 'gpp_b': 3.228689523591491e-05, 'gpp_d': 5.878566318396007, 'ign_k': 0.03141110271934876, 'ign_c': 0.11272174259951144}.
[I 2026-08-06 02:47:30,741] Trial 530 finished with values: [11.155655370936795, 11.155655370936795] and parameters: {'k1': 0.02714257255218683, 'D_low': 51.9967392387832, 'k2': 0.031211489608802344, 'D_high': 48249.14281180252, 'fire_exp': 1.151006986743773, 'P_half': 12.808863354047988, 'pre_dampen_half': 111.37963167994629, 'gpp_af': 20.12115544906385, 'gpp_b': 1.1008110571039521e-05, 'gpp_d': 368.30088529547436, 'ign_k': 0.0063401408602514545, 'ign_c': 0.11272174259951144}.
[I 2026-08-06 02:47:31,830] Trial 531 finished with values: [10.108075228630303, 10.108075228630303] and parameters: {'k1': 0.002971796631657383, 'D_low': 4.051452710153359, 'k2': 3.5917714215176105e-05, 'D_high': 75773.14388518519, 'fire_exp': 3.101662552922359, 'P_half': 10.226988730324324, 'pre_dampen_half': 304.7488318185732, 'gpp_af': 4.095062894476692, 'gpp_b': 3.228689523591491e-05, 'gpp_d': 5.878566318396007, 'ign_k': 0.03141110271934876, 'ign_c': 6.160975294741436}.
[I 2026-08-06 02:47:32,904] Trial 532 finished with values: [10.189370192808704, 10.189370192808704] and parameters: {'k1': 1.8064907756357243e-05, 'D_low': 50.217376233895635, 'k2': 0.0007081721844034209, 'D_high': 8182.111518618414, 'fire_exp': 1.1044852285094786, 'P_half': 2.157758652553991, 'pre_dampen_half': 304.7488318185732, 'gpp_af': 0.8125629376969175, 'gpp_b': 0.024796579879439486, 'gpp_d': 150.14555442537656, 'ign_k': 0.019192001101561888, 'ign_c': 29.815734524531024}.
[I 2026-08-06 02:47:33,984] Trial 533 finished with values: [10.237541765930548, 10.237541765930548] and parameters: {'k1': 0.00011911696453733046, 'D_low': 3840.3004190988563, 'k2': 0.0007081721844034209, 'D_high': 9769.756791866093, 'fire_exp': 1.0881360604103363, 'P_half': 408.3047491580097, 'pre_dampen_half': 304.7488318185732, 'gpp_af': 11.234842109991876, 'gpp_b': 0.011750724729953272, 'gpp_d': 368.30088529547436, 'ign_k': 0.0026834162496848666, 'ign_c': 6.160975294741436}.
[I 2026-08-06 02:47:35,062] Trial 534 finished with values: [10.57506320772838, 10.57506320772838] and parameters: {'k1': 0.01549659926581634, 'D_low': 918.4900818511542, 'k2': 0.00017436039158218316, 'D_high': 9769.756791866093, 'fire_exp': 2.852463849219197, 'P_half': 11.877073321543955, 'pre_dampen_half': 347.79988160923324, 'gpp_af': 11.234842109991876, 'gpp_b': 7.402343469704428e-05, 'gpp_d': 857.4284557962634, 'ign_k': 0.006912296717033066, 'ign_c': 0.11433485956638717}.
[I 2026-08-06 02:47:36,150] Trial 535 finished with values: [10.70285332506195, 10.70285332506195] and parameters: {'k1': 0.0029707920514735983, 'D_low': 1.2299210465793122, 'k2': 0.03210808548911189, 'D_high': 41.05873950290761, 'fire_exp': 1.2680134752324452, 'P_half': 351.2704726270846, 'pre_dampen_half': 304.7488318185732, 'gpp_af': 0.5107061330406066, 'gpp_b': 0.011750724729953272, 'gpp_d': 368.30088529547436, 'ign_k': 0.006912296717033066, 'ign_c': 0.11433485956638717}.
[I 2026-08-06 02:47:37,213] Trial 536 finished with values: [10.692878074017484, 10.692878074017484] and parameters: {'k1': 3.252245757497282e-05, 'D_low': 1112.9571947046009, 'k2': 0.0001870742013766025, 'D_high': 8182.111518618414, 'fire_exp': 1.151006986743773, 'P_half': 408.3047491580097, 'pre_dampen_half': 304.7488318185732, 'gpp_af': 11.234842109991876, 'gpp_b': 3.228689523591491e-05, 'gpp_d': 0.01143148628251203, 'ign_k': 0.019192001101561888, 'ign_c': 6.160975294741436}.
[I 2026-08-06 02:47:38,291] Trial 537 finished with values: [10.14366618144163, 10.14366618144163] and parameters: {'k1': 1.9488910051308668e-05, 'D_low': 51.9967392387832, 'k2': 0.0007081721844034209, 'D_high': 9769.756791866093, 'fire_exp': 1.2680134752324452, 'P_half': 351.2704726270846, 'pre_dampen_half': 111.37963167994629, 'gpp_af': 13.560863064135962, 'gpp_b': 0.011750724729953272, 'gpp_d': 368.30088529547436, 'ign_k': 0.11101191524846071, 'ign_c': 6.160975294741436}.
[I 2026-08-06 02:47:39,382] Trial 538 finished with values: [-0.4742692436387538, 0.2663455794797176] and parameters: {'k1': 0.02714257255218683, 'D_low': 51.9967392387832, 'k2': 1.1184534120760473e-05, 'D_high': 41.05873950290761, 'fire_exp': 1.0881360604103363, 'P_half': 147.09699119495133, 'pre_dampen_half': 107.40052367919465, 'gpp_af': 0.09172078901566363, 'gpp_b': 0.00031478066835753096, 'gpp_d': 4.5768578731086835, 'ign_k': 0.08312953263874531, 'ign_c': 0.11272174259951144}.
[I 2026-08-06 02:47:40,452] Trial 539 finished with values: [10.22656325836638, 10.22656325836638] and parameters: {'k1': 0.00324789183891923, 'D_low': 4.075267974954964, 'k2': 0.002935672965826306, 'D_high': 9769.756791866093, 'fire_exp': 1.0881360604103363, 'P_half': 10.226988730324324, 'pre_dampen_half': 107.40052367919465, 'gpp_af': 5.620854611217178, 'gpp_b': 0.03982202023586574, 'gpp_d': 0.6380717024176037, 'ign_k': 0.0035114452581286888, 'ign_c': 0.11433485956638717}.
[I 2026-08-06 02:47:41,522] Trial 540 finished with values: [10.702615193054791, 10.702615193054791] and parameters: {'k1': 0.002971796631657383, 'D_low': 14.677440038495336, 'k2': 0.006024590664672947, 'D_high': 41.05873950290761, 'fire_exp': 1.0881360604103363, 'P_half': 10.226988730324324, 'pre_dampen_half': 36.876350096203005, 'gpp_af': 13.560863064135962, 'gpp_b': 0.00031478066835753096, 'gpp_d': 4.5768578731086835, 'ign_k': 2.7573353505786358, 'ign_c': 0.11272174259951144}.
[I 2026-08-06 02:47:42,610] Trial 541 finished with values: [10.564278579468152, 10.564278579468152] and parameters: {'k1': 0.013164487472745685, 'D_low': 3840.3004190988563, 'k2': 0.0001870742013766025, 'D_high': 14.403740929157834, 'fire_exp': 1.0881360604103363, 'P_half': 147.09699119495133, 'pre_dampen_half': 107.40052367919465, 'gpp_af': 0.47739011308437823, 'gpp_b': 1.1008110571039521e-05, 'gpp_d': 5.878566318396007, 'ign_k': 0.08356564873457054, 'ign_c': 0.11272174259951144}.
[I 2026-08-06 02:47:43,695] Trial 542 finished with values: [-0.4616862023004071, 0.1800538634411839] and parameters: {'k1': 0.00013783578294796384, 'D_low': 918.4900818511542, 'k2': 0.031211489608802344, 'D_high': 8182.111518618414, 'fire_exp': 1.1044852285094786, 'P_half': 13.019246714361572, 'pre_dampen_half': 347.79988160923324, 'gpp_af': 0.010590622233713298, 'gpp_b': 7.402343469704428e-05, 'gpp_d': 2.8006820077310213, 'ign_k': 0.014879588507790004, 'ign_c': 0.1457050032975653}.
[I 2026-08-06 02:47:44,755] Trial 543 finished with values: [-0.4719032950917973, 0.2804946114248523] and parameters: {'k1': 7.841214856323651e-05, 'D_low': 3840.3004190988563, 'k2': 0.0001870742013766025, 'D_high': 8182.111518618414, 'fire_exp': 1.0881360604103363, 'P_half': 408.3047491580097, 'pre_dampen_half': 304.7488318185732, 'gpp_af': 11.234842109991876, 'gpp_b': 3.228689523591491e-05, 'gpp_d': 368.30088529547436, 'ign_k': 0.3818468247973969, 'ign_c': 6.160975294741436}.
[I 2026-08-06 02:47:45,807] Trial 544 finished with values: [10.499107886437523, 10.499107886437523] and parameters: {'k1': 0.002971796631657383, 'D_low': 3840.3004190988563, 'k2': 0.0007081721844034209, 'D_high': 6455.595882939566, 'fire_exp': 1.0881360604103363, 'P_half': 10.226988730324324, 'pre_dampen_half': 36.876350096203005, 'gpp_af': 29.925002022877802, 'gpp_b': 3.228689523591491e-05, 'gpp_d': 4.5768578731086835, 'ign_k': 0.019192001101561888, 'ign_c': 6.160975294741436}.
[I 2026-08-06 02:47:46,853] Trial 545 finished with values: [10.456982508185398, 10.456982508185398] and parameters: {'k1': 0.01889771394135163, 'D_low': 29.89885508829526, 'k2': 2.6285770615112825e-05, 'D_high': 8182.111518618414, 'fire_exp': 1.7460031217480432, 'P_half': 147.09699119495133, 'pre_dampen_half': 304.7488318185732, 'gpp_af': 29.925002022877802, 'gpp_b': 0.011750724729953272, 'gpp_d': 26.07917317941345, 'ign_k': 0.03033111747878116, 'ign_c': 6.160975294741436}.
[I 2026-08-06 02:47:47,947] Trial 546 finished with values: [-0.46806104881722793, 0.1671823912401944] and parameters: {'k1': 0.00324789183891923, 'D_low': 29.89885508829526, 'k2': 0.0001599021369655865, 'D_high': 10316.033434719713, 'fire_exp': 1.0881360604103363, 'P_half': 2.157758652553991, 'pre_dampen_half': 76.86605275420082, 'gpp_af': 0.8942824595236101, 'gpp_b': 0.011750724729953272, 'gpp_d': 29.749683811098393, 'ign_k': 0.0026834162496848666, 'ign_c': 9.34330265731847}.
[I 2026-08-06 02:47:48,998] Trial 547 finished with values: [-0.47390151490651167, 0.39098797761178417] and parameters: {'k1': 3.252245757497282e-05, 'D_low': 4.075267974954964, 'k2': 0.0022957398214549472, 'D_high': 7744.80118512745, 'fire_exp': 1.151006986743773, 'P_half': 12.808863354047988, 'pre_dampen_half': 304.7488318185732, 'gpp_af': 5.620854611217178, 'gpp_b': 1.1008110571039521e-05, 'gpp_d': 150.14555442537656, 'ign_k': 0.019192001101561888, 'ign_c': 8.671454322584175}.
[I 2026-08-06 02:47:50,209] Trial 548 finished with values: [10.599042020723743, 10.599042020723743] and parameters: {'k1': 0.00324789183891923, 'D_low': 51.9967392387832, 'k2': 0.031211489608802344, 'D_high': 41.05873950290761, 'fire_exp': 1.0881360604103363, 'P_half': 1.4061463985176637, 'pre_dampen_half': 857.6556763881457, 'gpp_af': 0.00515795696727661, 'gpp_b': 3.481277316673104e-05, 'gpp_d': 4.5768578731086835, 'ign_k': 0.014879588507790004, 'ign_c': 0.1457050032975653}.
[I 2026-08-06 02:47:51,232] Trial 549 finished with values: [-0.4829648439932696, 0.44262704056925883] and parameters: {'k1': 0.00324789183891923, 'D_low': 29.89885508829526, 'k2': 0.0007081721844034209, 'D_high': 8182.111518618414, 'fire_exp': 1.0881360604103363, 'P_half': 12.808863354047988, 'pre_dampen_half': 304.7488318185732, 'gpp_af': 29.925002022877802, 'gpp_b': 0.011750724729953272, 'gpp_d': 5.679195944606101, 'ign_k': 0.0026834162496848666, 'ign_c': 6.160975294741436}.
[I 2026-08-06 02:47:52,245] Trial 550 finished with values: [-0.46387097681808054, 0.3758979498606084] and parameters: {'k1': 1.1845753911529365e-05, 'D_low': 2.458603276328005, 'k2': 0.0001870742013766025, 'D_high': 8182.111518618414, 'fire_exp': 1.0881360604103363, 'P_half': 19.4230157499841, 'pre_dampen_half': 304.7488318185732, 'gpp_af': 0.47739011308437823, 'gpp_b': 1.1008110571039521e-05, 'gpp_d': 3.1220565647859098, 'ign_k': 0.019192001101561888, 'ign_c': 9.34330265731847}.
[I 2026-08-06 02:47:53,262] Trial 551 finished with values: [-0.4862355188279131, 0.2161056464674177] and parameters: {'k1': 0.00324789183891923, 'D_low': 4.075267974954964, 'k2': 0.002935672965826306, 'D_high': 2969.087094484682, 'fire_exp': 1.0881360604103363, 'P_half': 12.808863354047988, 'pre_dampen_half': 805.2502904451399, 'gpp_af': 5.620854611217178, 'gpp_b': 0.011750724729953272, 'gpp_d': 0.6380717024176037, 'ign_k': 0.6454459531371669, 'ign_c': 0.11433485956638717}.
[I 2026-08-06 02:47:54,261] Trial 552 finished with values: [10.167705573443989, 10.167705573443989] and parameters: {'k1': 0.00324789183891923, 'D_low': 2.1234210963705626, 'k2': 0.0007081721844034209, 'D_high': 8182.111518618414, 'fire_exp': 3.627844665636024, 'P_half': 12.808863354047988, 'pre_dampen_half': 304.7488318185732, 'gpp_af': 11.234842109991876, 'gpp_b': 0.00031478066835753096, 'gpp_d': 4.5768578731086835, 'ign_k': 0.11101191524846071, 'ign_c': 8.671454322584175}.
[I 2026-08-06 02:47:55,281] Trial 553 finished with values: [12.034025329957268, 12.034025329957268] and parameters: {'k1': 0.002971796631657383, 'D_low': 29.89885508829526, 'k2': 3.5917714215176105e-05, 'D_high': 75773.14388518519, 'fire_exp': 1.0881360604103363, 'P_half': 12.808863354047988, 'pre_dampen_half': 304.7488318185732, 'gpp_af': 4.095062894476692, 'gpp_b': 3.228689523591491e-05, 'gpp_d': 13.205186500450395, 'ign_k': 0.09071933427331372, 'ign_c': 6.160975294741436}.
[I 2026-08-06 02:47:56,288] Trial 554 finished with values: [10.796533607140772, 10.796533607140772] and parameters: {'k1': 7.841214856323651e-05, 'D_low': 4.075267974954964, 'k2': 0.0001870742013766025, 'D_high': 8182.111518618414, 'fire_exp': 1.0881360604103363, 'P_half': 12.808863354047988, 'pre_dampen_half': 304.7488318185732, 'gpp_af': 5.620854611217178, 'gpp_b': 3.228689523591491e-05, 'gpp_d': 368.30088529547436, 'ign_k': 0.3818468247973969, 'ign_c': 0.11433485956638717}.
[I 2026-08-06 02:47:57,317] Trial 555 finished with values: [10.051673027669288, 10.051673027669288] and parameters: {'k1': 1.0941664389997354e-05, 'D_low': 50.217376233895635, 'k2': 0.0007081721844034209, 'D_high': 75773.14388518519, 'fire_exp': 1.1044852285094786, 'P_half': 24.136213194527585, 'pre_dampen_half': 304.7488318185732, 'gpp_af': 11.234842109991876, 'gpp_b': 0.00031478066835753096, 'gpp_d': 5.878566318396007, 'ign_k': 0.019192001101561888, 'ign_c': 0.11272174259951144}.
[I 2026-08-06 02:47:58,352] Trial 556 finished with values: [10.558950453671871, 10.558950453671871] and parameters: {'k1': 0.00020222983754231334, 'D_low': 29.89885508829526, 'k2': 0.0007081721844034209, 'D_high': 1177.190025324204, 'fire_exp': 1.0881360604103363, 'P_half': 10.226988730324324, 'pre_dampen_half': 36.876350096203005, 'gpp_af': 29.925002022877802, 'gpp_b': 0.0024605285374226047, 'gpp_d': 13.205186500450395, 'ign_k': 0.0022462908940323947, 'ign_c': 2.5264326476269368}.
