[I 2026-06-09 12:16:03,982] Trial 741 finished with values: [11.58652974616648, 11.58652974616648] and parameters: {'k1': 0.01549659926581634, 'D_low': 102.53722513378383, 'k2': 0.0005700142105246941, 'D_high': 39655.03094323017, 'fire_exp': 2.10707132280748, 'P_half': 17.588580735887383, 'pre_dampen_half': 566.2858823465564, 'gpp_af': 1.3218737536384089, 'gpp_b': 0.00977702299083608, 'gpp_d': 26.003623362924223, 'ign_k': 0.3242143344038317, 'ign_c': 1.8836925134820866, 'trop_agb_crit': 19.51558406059598, 'trop_k_veg': 4.51930447316402}.
[I 2026-06-09 12:16:05,395] Trial 742 finished with values: [10.391989432727947, 10.391989432727947] and parameters: {'k1': 0.007519407491506672, 'D_low': 13.180029267201178, 'k2': 0.037633129263701104, 'D_high': 69868.4759244566, 'fire_exp': 2.4902446681314054, 'P_half': 149.35213816355395, 'pre_dampen_half': 566.2858823465564, 'gpp_af': 0.5107061330406066, 'gpp_b': 0.002262927522655115, 'gpp_d': 11.263384671337471, 'ign_k': 0.3242143344038317, 'ign_c': 21.132597710340573, 'trop_agb_crit': 1.259515631748535, 'trop_k_veg': 1.8981057964668895}.
[I 2026-06-09 12:16:06,818] Trial 743 finished with values: [10.892801817239523, 10.892801817239523] and parameters: {'k1': 6.404854675916172e-05, 'D_low': 125.32726386250698, 'k2': 8.488887549001697e-05, 'D_high': 26.198194454351665, 'fire_exp': 5.201764353580018, 'P_half': 28.647019533509873, 'pre_dampen_half': 340.6909167027263, 'gpp_af': 1.3218737536384089, 'gpp_b': 2.036444166653217e-05, 'gpp_d': 1.5988721385117124, 'ign_k': 0.012316746498627492, 'ign_c': 0.21234210963705627, 'trop_agb_crit': 19.51558406059598, 'trop_k_veg': 4.8737397608275925}.
[I 2026-06-09 12:16:08,112] Trial 744 finished with values: [10.926811260678475, 10.926811260678475] and parameters: {'k1': 6.404854675916172e-05, 'D_low': 12.115155843077673, 'k2': 4.540076719227351e-05, 'D_high': 39655.03094323017, 'fire_exp': 1.14171776851287, 'P_half': 108.21382910613987, 'pre_dampen_half': 340.6909167027263, 'gpp_af': 0.13767835510755025, 'gpp_b': 2.036444166653217e-05, 'gpp_d': 1.5988721385117124, 'ign_k': 0.3242143344038317, 'ign_c': 1.887567630782227, 'trop_agb_crit': 1.6369193980425034, 'trop_k_veg': 4.51930447316402}.
[I 2026-06-09 12:16:09,343] Trial 745 finished with values: [10.3999764160062, 10.3999764160062] and parameters: {'k1': 0.01549659926581634, 'D_low': 125.32726386250698, 'k2': 8.488887549001697e-05, 'D_high': 39655.03094323017, 'fire_exp': 2.5914873994986967, 'P_half': 1.4045842344024697, 'pre_dampen_half': 673.2248920775328, 'gpp_af': 21.258647437649888, 'gpp_b': 0.002262927522655115, 'gpp_d': 500.2195003344709, 'ign_k': 0.3242143344038317, 'ign_c': 18.43395662181926, 'trop_agb_crit': 1.6369193980425034, 'trop_k_veg': 4.8737397608275925}.
[I 2026-06-09 12:16:10,563] Trial 746 finished with values: [10.359287200733975, 10.359287200733975] and parameters: {'k1': 0.01549659926581634, 'D_low': 13.180029267201178, 'k2': 0.037633129263701104, 'D_high': 39655.03094323017, 'fire_exp': 2.10707132280748, 'P_half': 3.072871314966642, 'pre_dampen_half': 566.2858823465564, 'gpp_af': 1.3218737536384089, 'gpp_b': 0.00012215073856449996, 'gpp_d': 26.003623362924223, 'ign_k': 0.0019264360371306567, 'ign_c': 1.887567630782227, 'trop_agb_crit': 19.51558406059598, 'trop_k_veg': 1.8981057964668895}.
[I 2026-06-09 12:16:11,923] Trial 747 finished with values: [11.05552551930617, 11.05552551930617] and parameters: {'k1': 0.01549659926581634, 'D_low': 115.44738876452311, 'k2': 0.0005700142105246941, 'D_high': 39655.03094323017, 'fire_exp': 2.10707132280748, 'P_half': 50.32059347286801, 'pre_dampen_half': 340.6909167027263, 'gpp_af': 1.3218737536384089, 'gpp_b': 0.00977702299083608, 'gpp_d': 26.003623362924223, 'ign_k': 3.1536006085184716, 'ign_c': 1.8836925134820866, 'trop_agb_crit': 10.141300673741128, 'trop_k_veg': 1.8981057964668895}.
[I 2026-06-09 12:16:13,337] Trial 748 finished with values: [10.196094041465171, 10.196094041465171] and parameters: {'k1': 5.318061933708102e-05, 'D_low': 2.7012557725439073, 'k2': 4.540076719227351e-05, 'D_high': 14268.845807630427, 'fire_exp': 1.060109541566103, 'P_half': 149.35213816355395, 'pre_dampen_half': 151.32148777056312, 'gpp_af': 0.0018077112775902943, 'gpp_b': 2.036444166653217e-05, 'gpp_d': 1.2434469102435366, 'ign_k': 0.004224235973517089, 'ign_c': 1.0022396791143333, 'trop_agb_crit': 1.6369193980425034, 'trop_k_veg': 0.613011901666533}.
[I 2026-06-09 12:16:14,902] Trial 749 finished with values: [10.772616214125751, 10.772616214125751] and parameters: {'k1': 0.007519407491506672, 'D_low': 2.3244932709566686, 'k2': 0.0005700142105246941, 'D_high': 3512.7047262708465, 'fire_exp': 2.4902446681314054, 'P_half': 1.4045842344024697, 'pre_dampen_half': 151.32148777056312, 'gpp_af': 0.5107061330406066, 'gpp_b': 0.014157295662236556, 'gpp_d': 1.2434469102435366, 'ign_k': 0.004224235973517089, 'ign_c': 0.20319809838424974, 'trop_agb_crit': 1.259515631748535, 'trop_k_veg': 3.5706458444460787}.
[I 2026-06-09 12:16:16,101] Trial 750 finished with values: [10.148937637913795, 10.148937637913795] and parameters: {'k1': 0.05832560268546887, 'D_low': 125.32726386250698, 'k2': 8.488887549001697e-05, 'D_high': 39655.03094323017, 'fire_exp': 1.2790187852027382, 'P_half': 1.4045842344024697, 'pre_dampen_half': 6.863744332983871, 'gpp_af': 0.13767835510755025, 'gpp_b': 3.686869490609954e-05, 'gpp_d': 500.2195003344709, 'ign_k': 0.3242143344038317, 'ign_c': 1.887567630782227, 'trop_agb_crit': 1.5144860262751405, 'trop_k_veg': 4.51930447316402}.
[I 2026-06-09 12:16:17,321] Trial 751 finished with values: [10.89285712703633, 10.89285712703633] and parameters: {'k1': 0.0004846497679219079, 'D_low': 12.115155843077673, 'k2': 0.06994589881535453, 'D_high': 18125.870836716233, 'fire_exp': 1.608176525358426, 'P_half': 71.44571308652827, 'pre_dampen_half': 673.2248920775328, 'gpp_af': 1.3218737536384089, 'gpp_b': 3.686869490609954e-05, 'gpp_d': 0.0735311909944862, 'ign_k': 0.4235909356730625, 'ign_c': 55.24095129928624, 'trop_agb_crit': 1.3063813396521713, 'trop_k_veg': 4.51930447316402}.
[I 2026-06-09 12:16:18,535] Trial 752 finished with values: [10.863292122244799, 10.863292122244799] and parameters: {'k1': 0.01549659926581634, 'D_low': 125.32726386250698, 'k2': 8.488887549001697e-05, 'D_high': 39655.03094323017, 'fire_exp': 1.608176525358426, 'P_half': 28.647019533509873, 'pre_dampen_half': 566.2858823465564, 'gpp_af': 0.01942738928156656, 'gpp_b': 1.7213644875359617e-05, 'gpp_d': 26.003623362924223, 'ign_k': 0.3242143344038317, 'ign_c': 18.43395662181926, 'trop_agb_crit': 19.51558406059598, 'trop_k_veg': 4.51930447316402}.
[I 2026-06-09 12:16:19,945] Trial 753 finished with values: [10.874171833233147, 10.874171833233147] and parameters: {'k1': 6.404854675916172e-05, 'D_low': 115.44738876452311, 'k2': 0.0005700142105246941, 'D_high': 26.198194454351665, 'fire_exp': 2.10707132280748, 'P_half': 10.623096700264119, 'pre_dampen_half': 340.6909167027263, 'gpp_af': 1.3218737536384089, 'gpp_b': 0.00977702299083608, 'gpp_d': 1.5988721385117124, 'ign_k': 0.3242143344038317, 'ign_c': 21.132597710340573, 'trop_agb_crit': 2.6695352180079177, 'trop_k_veg': 4.51930447316402}.
[I 2026-06-09 12:16:21,194] Trial 754 finished with values: [11.010708527081793, 11.010708527081793] and parameters: {'k1': 0.015161591075671724, 'D_low': 12.115155843077673, 'k2': 0.0005700142105246941, 'D_high': 71073.4669811227, 'fire_exp': 1.060109541566103, 'P_half': 45.55085098454082, 'pre_dampen_half': 151.32148777056312, 'gpp_af': 0.0018077112775902943, 'gpp_b': 2.036444166653217e-05, 'gpp_d': 2.6165451527521157, 'ign_k': 0.004224235973517089, 'ign_c': 1.0022396791143333, 'trop_agb_crit': 2.679156169946616, 'trop_k_veg': 3.6260119779455584}.
[I 2026-06-09 12:16:22,359] Trial 755 finished with values: [10.892857142659844, 10.892857142659844] and parameters: {'k1': 6.404854675916172e-05, 'D_low': 10.16551026641873, 'k2': 0.0009749762207436118, 'D_high': 14268.845807630427, 'fire_exp': 1.3340920378182823, 'P_half': 1.4045842344024697, 'pre_dampen_half': 269.0845367054866, 'gpp_af': 0.32613327839065587, 'gpp_b': 3.686869490609954e-05, 'gpp_d': 0.42885111268165765, 'ign_k': 1.1215915868662767, 'ign_c': 55.24095129928624, 'trop_agb_crit': 1.6369193980425034, 'trop_k_veg': 3.6260119779455584}.
[I 2026-06-09 12:16:23,557] Trial 756 finished with values: [10.502932221907557, 10.502932221907557] and parameters: {'k1': 5.105542986365652e-05, 'D_low': 125.32726386250698, 'k2': 0.0005700142105246941, 'D_high': 14268.845807630427, 'fire_exp': 1.9268171109476195, 'P_half': 28.647019533509873, 'pre_dampen_half': 340.6909167027263, 'gpp_af': 21.258647437649888, 'gpp_b': 5.0279186721731925e-05, 'gpp_d': 500.2195003344709, 'ign_k': 0.3242143344038317, 'ign_c': 1.0022396791143333, 'trop_agb_crit': 15.507747688843285, 'trop_k_veg': 4.8737397608275925}.
[I 2026-06-09 12:16:24,755] Trial 757 finished with values: [-0.461997698091105, 0.4310217916671095] and parameters: {'k1': 0.0030219760889797966, 'D_low': 1.2164034504723769, 'k2': 0.06994589881535453, 'D_high': 39655.03094323017, 'fire_exp': 1.1615865989246452, 'P_half': 17.655835392092534, 'pre_dampen_half': 340.6909167027263, 'gpp_af': 5.244830565633045, 'gpp_b': 0.002262927522655115, 'gpp_d': 0.0735311909944862, 'ign_k': 0.15882035726402377, 'ign_c': 0.9083381663660584, 'trop_agb_crit': 6.475515989686909, 'trop_k_veg': 1.1984430479717227}.
[I 2026-06-09 12:16:26,058] Trial 758 finished with values: [10.789337568551767, 10.789337568551767] and parameters: {'k1': 0.0004846497679219079, 'D_low': 102.53722513378383, 'k2': 8.488887549001697e-05, 'D_high': 18125.870836716233, 'fire_exp': 1.608176525358426, 'P_half': 1.8942844905792813, 'pre_dampen_half': 0.01648400221743738, 'gpp_af': 21.258647437649888, 'gpp_b': 1.7213644875359617e-05, 'gpp_d': 14.64727643445949, 'ign_k': 0.3242143344038317, 'ign_c': 0.21234210963705627, 'trop_agb_crit': 1.5144860262751405, 'trop_k_veg': 4.51930447316402}.
[I 2026-06-09 12:16:27,380] Trial 759 finished with values: [10.578940406938397, 10.578940406938397] and parameters: {'k1': 0.01549659926581634, 'D_low': 102.53722513378383, 'k2': 0.037633129263701104, 'D_high': 18125.870836716233, 'fire_exp': 2.10707132280748, 'P_half': 1.4045842344024697, 'pre_dampen_half': 566.2858823465564, 'gpp_af': 21.94636142065287, 'gpp_b': 0.0012749409641020352, 'gpp_d': 1.5988721385117124, 'ign_k': 0.3242143344038317, 'ign_c': 0.21234210963705627, 'trop_agb_crit': 1.5144860262751405, 'trop_k_veg': 4.51930447316402}.
[I 2026-06-09 12:16:28,596] Trial 760 finished with values: [10.536629874476944, 10.536629874476944] and parameters: {'k1': 0.01549659926581634, 'D_low': 2.7012557725439073, 'k2': 0.0005700142105246941, 'D_high': 39655.03094323017, 'fire_exp': 2.10707132280748, 'P_half': 50.32059347286801, 'pre_dampen_half': 151.32148777056312, 'gpp_af': 57.150062677916644, 'gpp_b': 2.036444166653217e-05, 'gpp_d': 1.2434469102435366, 'ign_k': 0.004224235973517089, 'ign_c': 21.132597710340573, 'trop_agb_crit': 8.404607864475192, 'trop_k_veg': 2.6508357486965424}.
[I 2026-06-09 12:16:29,762] Trial 761 finished with values: [10.053331693770666, 10.053331693770666] and parameters: {'k1': 0.007519407491506672, 'D_low': 2.3244932709566686, 'k2': 1.5412172709801895e-05, 'D_high': 69868.4759244566, 'fire_exp': 1.060109541566103, 'P_half': 45.55085098454082, 'pre_dampen_half': 673.2248920775328, 'gpp_af': 1.8075983730158514, 'gpp_b': 0.0028993292583566945, 'gpp_d': 0.0735311909944862, 'ign_k': 0.5456725485601477, 'ign_c': 1.0022396791143333, 'trop_agb_crit': 1.259515631748535, 'trop_k_veg': 3.6260119779455584}.
[I 2026-06-09 12:16:30,945] Trial 762 finished with values: [10.588589148479615, 10.588589148479615] and parameters: {'k1': 5.105542986365652e-05, 'D_low': 12.115155843077673, 'k2': 0.0005700142105246941, 'D_high': 39655.03094323017, 'fire_exp': 1.3340920378182823, 'P_half': 1.8942844905792813, 'pre_dampen_half': 340.6909167027263, 'gpp_af': 5.244830565633045, 'gpp_b': 0.00977702299083608, 'gpp_d': 0.0735311909944862, 'ign_k': 3.1536006085184716, 'ign_c': 1.887567630782227, 'trop_agb_crit': 1.6369193980425034, 'trop_k_veg': 1.0540721475196824}.
[I 2026-06-09 12:16:32,112] Trial 763 finished with values: [10.891299672320441, 10.891299672320441] and parameters: {'k1': 0.05832560268546887, 'D_low': 1891.2782917023878, 'k2': 1.5412172709801895e-05, 'D_high': 39655.03094323017, 'fire_exp': 1.14171776851287, 'P_half': 1.4045842344024697, 'pre_dampen_half': 11.164047352793695, 'gpp_af': 0.13767835510755025, 'gpp_b': 2.0194763897972194, 'gpp_d': 26.003623362924223, 'ign_k': 0.5456725485601477, 'ign_c': 0.8171825567718654, 'trop_agb_crit': 1.259515631748535, 'trop_k_veg': 1.1517712915946832}.
[I 2026-06-09 12:16:33,397] Trial 764 finished with values: [10.30525455887803, 10.30525455887803] and parameters: {'k1': 0.015161591075671724, 'D_low': 2.7012557725439073, 'k2': 0.0005700142105246941, 'D_high': 3512.7047262708465, 'fire_exp': 2.10707132280748, 'P_half': 50.32059347286801, 'pre_dampen_half': 151.32148777056312, 'gpp_af': 0.0018077112775902943, 'gpp_b': 2.036444166653217e-05, 'gpp_d': 26.003623362924223, 'ign_k': 3.1536006085184716, 'ign_c': 0.7049841608384424, 'trop_agb_crit': 8.404607864475192, 'trop_k_veg': 5.06204715641377}.
[I 2026-06-09 12:16:34,666] Trial 765 finished with values: [10.024537194638764, 10.024537194638764] and parameters: {'k1': 0.0030219760889797966, 'D_low': 2.3244932709566686, 'k2': 0.037633129263701104, 'D_high': 14268.845807630427, 'fire_exp': 1.9268171109476195, 'P_half': 17.655835392092534, 'pre_dampen_half': 11.164047352793695, 'gpp_af': 0.32613327839065587, 'gpp_b': 2.036444166653217e-05, 'gpp_d': 1.6983565276584263, 'ign_k': 1.1215915868662767, 'ign_c': 0.20319809838424974, 'trop_agb_crit': 1.259515631748535, 'trop_k_veg': 1.1517712915946832}.
[I 2026-06-09 12:16:36,110] Trial 766 finished with values: [-0.5109810664889055, 0.2699546022241347] and parameters: {'k1': 0.01549659926581634, 'D_low': 125.32726386250698, 'k2': 0.037633129263701104, 'D_high': 39655.03094323017, 'fire_exp': 4.083015126292054, 'P_half': 1.4045842344024697, 'pre_dampen_half': 566.2858823465564, 'gpp_af': 21.258647437649888, 'gpp_b': 0.002262927522655115, 'gpp_d': 26.003623362924223, 'ign_k': 0.3242143344038317, 'ign_c': 18.43395662181926, 'trop_agb_crit': 1.5144860262751405, 'trop_k_veg': 4.8737397608275925}.
[I 2026-06-09 12:16:37,305] Trial 767 finished with values: [10.47246598147218, 10.47246598147218] and parameters: {'k1': 0.007519407491506672, 'D_low': 2.3244932709566686, 'k2': 1.5412172709801895e-05, 'D_high': 39655.03094323017, 'fire_exp': 2.10707132280748, 'P_half': 50.32059347286801, 'pre_dampen_half': 673.2248920775328, 'gpp_af': 0.5107061330406066, 'gpp_b': 0.00977702299083608, 'gpp_d': 26.003623362924223, 'ign_k': 3.1536006085184716, 'ign_c': 21.132597710340573, 'trop_agb_crit': 2.6695352180079177, 'trop_k_veg': 1.1517712915946832}.
[I 2026-06-09 12:16:38,455] Trial 768 finished with values: [-0.48612858125115077, 0.24266029213699047] and parameters: {'k1': 6.404854675916172e-05, 'D_low': 12.115155843077673, 'k2': 0.06994589881535453, 'D_high': 18125.870836716233, 'fire_exp': 1.4848387260494937, 'P_half': 108.21382910613987, 'pre_dampen_half': 269.0845367054866, 'gpp_af': 1.3218737536384089, 'gpp_b': 0.002925302746048532, 'gpp_d': 1.5988721385117124, 'ign_k': 0.4303356629825978, 'ign_c': 0.21234210963705627, 'trop_agb_crit': 19.51558406059598, 'trop_k_veg': 4.51930447316402}.
[I 2026-06-09 12:16:39,612] Trial 769 finished with values: [10.467225901413796, 10.467225901413796] and parameters: {'k1': 0.022879430573173633, 'D_low': 1.2164034504723769, 'k2': 1.5412172709801895e-05, 'D_high': 39819.19662051714, 'fire_exp': 2.4902446681314054, 'P_half': 1.4045842344024697, 'pre_dampen_half': 17.849597677210657, 'gpp_af': 0.5107061330406066, 'gpp_b': 3.686869490609954e-05, 'gpp_d': 7.070472286699648, 'ign_k': 0.5456725485601477, 'ign_c': 0.20319809838424974, 'trop_agb_crit': 1.259515631748535, 'trop_k_veg': 1.1517712915946832}.
[I 2026-06-09 12:16:41,028] Trial 770 finished with values: [-0.47041057709654355, 0.36667246340038684] and parameters: {'k1': 0.007519407491506672, 'D_low': 1.533916259116362, 'k2': 1.3357240411974104e-05, 'D_high': 41821.78526757458, 'fire_exp': 1.060109541566103, 'P_half': 45.55085098454082, 'pre_dampen_half': 340.6909167027263, 'gpp_af': 1.8075983730158514, 'gpp_b': 0.0006724850206557243, 'gpp_d': 0.0735311909944862, 'ign_k': 0.5456725485601477, 'ign_c': 1.0022396791143333, 'trop_agb_crit': 2.679156169946616, 'trop_k_veg': 1.332084421871509}.
[I 2026-06-09 12:16:42,325] Trial 771 finished with values: [10.2284632982697, 10.2284632982697] and parameters: {'k1': 8.916132699546889e-05, 'D_low': 125.32726386250698, 'k2': 8.488887549001697e-05, 'D_high': 39655.03094323017, 'fire_exp': 2.10707132280748, 'P_half': 17.655835392092534, 'pre_dampen_half': 566.2858823465564, 'gpp_af': 0.013688256550323697, 'gpp_b': 0.002262927522655115, 'gpp_d': 99.3234953243749, 'ign_k': 0.3242143344038317, 'ign_c': 0.9083381663660584, 'trop_agb_crit': 2.064341235744835, 'trop_k_veg': 1.8981057964668895}.
[I 2026-06-09 12:16:43,472] Trial 772 finished with values: [10.341696516130051, 10.341696516130051] and parameters: {'k1': 0.007519407491506672, 'D_low': 2.3244932709566686, 'k2': 4.540076719227351e-05, 'D_high': 14268.845807630427, 'fire_exp': 2.4902446681314054, 'P_half': 108.21382910613987, 'pre_dampen_half': 673.2248920775328, 'gpp_af': 0.32613327839065587, 'gpp_b': 0.002262927522655115, 'gpp_d': 1.6983565276584263, 'ign_k': 0.5456725485601477, 'ign_c': 0.20319809838424974, 'trop_agb_crit': 19.51558406059598, 'trop_k_veg': 1.1517712915946832}.
[I 2026-06-09 12:16:44,609] Trial 773 finished with values: [10.846875130637898, 10.846875130637898] and parameters: {'k1': 6.404854675916172e-05, 'D_low': 12.115155843077673, 'k2': 0.06994589881535453, 'D_high': 18125.870836716233, 'fire_exp': 2.10707132280748, 'P_half': 50.32059347286801, 'pre_dampen_half': 340.6909167027263, 'gpp_af': 1.3218737536384089, 'gpp_b': 0.002262927522655115, 'gpp_d': 1.5988721385117124, 'ign_k': 0.008860989784957125, 'ign_c': 132.46527974321125, 'trop_agb_crit': 19.51558406059598, 'trop_k_veg': 1.8981057964668895}.
[I 2026-06-09 12:16:45,773] Trial 774 finished with values: [-0.5316584004394281, 0.21041376064256911] and parameters: {'k1': 1.263794633808287e-05, 'D_low': 12.115155843077673, 'k2': 0.0005700142105246941, 'D_high': 18125.870836716233, 'fire_exp': 1.608176525358426, 'P_half': 28.647019533509873, 'pre_dampen_half': 269.0845367054866, 'gpp_af': 21.258647437649888, 'gpp_b': 1.7213644875359617e-05, 'gpp_d': 500.2195003344709, 'ign_k': 0.4303356629825978, 'ign_c': 18.43395662181926, 'trop_agb_crit': 19.51558406059598, 'trop_k_veg': 4.8737397608275925}.
[I 2026-06-09 12:16:47,016] Trial 775 finished with values: [10.471197338816634, 10.471197338816634] and parameters: {'k1': 0.00012566783761977908, 'D_low': 2.3244932709566686, 'k2': 0.06994589881535453, 'D_high': 69868.4759244566, 'fire_exp': 2.4902446681314054, 'P_half': 1.4045842344024697, 'pre_dampen_half': 129.7393125993744, 'gpp_af': 1.3218737536384089, 'gpp_b': 0.0028993292583566945, 'gpp_d': 1.5988721385117124, 'ign_k': 0.4303356629825978, 'ign_c': 0.21234210963705627, 'trop_agb_crit': 1.259515631748535, 'trop_k_veg': 1.1517712915946832}.
[I 2026-06-09 12:16:48,292] Trial 776 finished with values: [-0.4789711121168964, 0.2892182118426554] and parameters: {'k1': 6.404854675916172e-05, 'D_low': 12.115155843077673, 'k2': 0.06994589881535453, 'D_high': 18125.870836716233, 'fire_exp': 1.060109541566103, 'P_half': 108.21382910613987, 'pre_dampen_half': 340.6909167027263, 'gpp_af': 1.3218737536384089, 'gpp_b': 0.002262927522655115, 'gpp_d': 0.2473046721099913, 'ign_k': 0.4303356629825978, 'ign_c': 0.21234210963705627, 'trop_agb_crit': 19.51558406059598, 'trop_k_veg': 4.51930447316402}.
[I 2026-06-09 12:16:49,456] Trial 777 finished with values: [10.032699058867767, 10.032699058867767] and parameters: {'k1': 0.01549659926581634, 'D_low': 125.32726386250698, 'k2': 8.488887549001697e-05, 'D_high': 39655.03094323017, 'fire_exp': 2.10707132280748, 'P_half': 50.32059347286801, 'pre_dampen_half': 673.2248920775328, 'gpp_af': 1.3218737536384089, 'gpp_b': 0.00348681994788104, 'gpp_d': 500.2195003344709, 'ign_k': 0.3242143344038317, 'ign_c': 21.132597710340573, 'trop_agb_crit': 1.5144860262751405, 'trop_k_veg': 4.8737397608275925}.
[I 2026-06-09 12:16:50,597] Trial 778 finished with values: [10.059767245854497, 10.059767245854497] and parameters: {'k1': 0.007519407491506672, 'D_low': 1.533916259116362, 'k2': 1.3357240411974104e-05, 'D_high': 4679.501568332819, 'fire_exp': 1.2460495533150313, 'P_half': 45.55085098454082, 'pre_dampen_half': 340.6909167027263, 'gpp_af': 0.9219336658511308, 'gpp_b': 5.0279186721731925e-05, 'gpp_d': 0.0735311909944862, 'ign_k': 0.3242143344038317, 'ign_c': 1.0022396791143333, 'trop_agb_crit': 2.679156169946616, 'trop_k_veg': 3.6260119779455584}.
[I 2026-06-09 12:16:51,716] Trial 779 finished with values: [10.50281004531518, 10.50281004531518] and parameters: {'k1': 0.015161591075671724, 'D_low': 2.7012557725439073, 'k2': 0.0005700142105246941, 'D_high': 3512.7047262708465, 'fire_exp': 1.060109541566103, 'P_half': 1.4045842344024697, 'pre_dampen_half': 17.849597677210657, 'gpp_af': 5.244830565633045, 'gpp_b': 0.0553548843886643, 'gpp_d': 1.2434469102435366, 'ign_k': 0.06413139914374977, 'ign_c': 0.628303969797272, 'trop_agb_crit': 8.404607864475192, 'trop_k_veg': 5.06204715641377}.
