[I 2026-08-19 17:15:44,155] Trial 637 finished with value: 0.4896762268663588 and parameters: {'k1': 0.06395031656756658, 'D_low': 264.03067125603917, 'k2': 0.00626847217619991, 'D_high': 9679216.025470914, 'fire_exp': 8.515869427315023, 'P_half': 15.777115340805102, 'pre_dampen_half': 2.6916012229210593, 'gpp_af': 0.02291742247877327, 'gpp_b': 1.838946900732446e-05, 'gpp_d': 14.448295103575905, 'ign_k': 0.15329633945528756, 'ign_c': 2.3424269479591313, 'trop_agb_crit': 3.917152573885325, 'trop_k_veg': 2.257376644733192, 'pop_amp': 0.09568271903099021, 'pop_peak': 871.1129025091436, 'pop_sig': 2.3190395424672636, 'fuel_k': 0.018640786890104073, 'fuel_half': 0.3825490929771097}. Best is trial 0 with value: -0.6094076133578652.
[I 2026-08-19 17:15:45,757] Trial 638 finished with value: -0.5008062057510088 and parameters: {'k1': 0.003138465639612292, 'D_low': 3.328410419231725, 'k2': 0.033475756504353305, 'D_high': 8472.9284757131, 'fire_exp': 5.676823365418876, 'P_half': 1.1102149608399166, 'pre_dampen_half': 512.3442678742797, 'gpp_af': 0.05283827354036045, 'gpp_b': 1.4296585994788397e-05, 'gpp_d': 22.131672445631704, 'ign_k': 4.6331745997214995, 'ign_c': 14.923955175809052, 'trop_agb_crit': 5.322445049022037, 'trop_k_veg': 5.1344207355348725, 'pop_amp': 0.006809631160934684, 'pop_peak': 947.068397101922, 'pop_sig': 1.087203271862209, 'fuel_k': 0.05902129434250945, 'fuel_half': 0.1794336068387602}. Best is trial 0 with value: -0.6094076133578652.
[I 2026-08-19 17:15:47,333] Trial 639 finished with value: 0.42017345397788897 and parameters: {'k1': 0.09320400106496962, 'D_low': 22.344504638901924, 'k2': 0.009874796513625715, 'D_high': 723641.3374637197, 'fire_exp': 6.195274998643074, 'P_half': 2.9317924710292718, 'pre_dampen_half': 14.490572830124487, 'gpp_af': 0.0014879485348918298, 'gpp_b': 2.1403688675167116e-05, 'gpp_d': 0.11692176778698733, 'ign_k': 0.6308794029483548, 'ign_c': 3.533761120793513, 'trop_agb_crit': 3.4377380418005226, 'trop_k_veg': 2.100676765072568, 'pop_amp': 0.4854461882765061, 'pop_peak': 291.37490672633385, 'pop_sig': 1.0914925895632759, 'fuel_k': 0.08626226391908477, 'fuel_half': 0.5477544230597747}. Best is trial 0 with value: -0.6094076133578652.
[I 2026-08-19 17:15:48,951] Trial 640 finished with value: 0.5432825644215764 and parameters: {'k1': 0.0037882884002868895, 'D_low': 8.715473573751941, 'k2': 0.02253784028249007, 'D_high': 446004.9500033882, 'fire_exp': 7.364656737272196, 'P_half': 41.22387777551377, 'pre_dampen_half': 0.191664245151632, 'gpp_af': 0.03504430875422502, 'gpp_b': 0.0004300341461872829, 'gpp_d': 1.866425059381612, 'ign_k': 4.942415523846189, 'ign_c': 9.34578761626297, 'trop_agb_crit': 12.719540355897122, 'trop_k_veg': 2.6251662778458478, 'pop_amp': 0.001351657626641304, 'pop_peak': 554.5368592608403, 'pop_sig': 2.2609102742820113, 'fuel_k': 1.1259410535654815, 'fuel_half': 1.2433483471203113}. Best is trial 0 with value: -0.6094076133578652.
[I 2026-08-19 17:15:50,706] Trial 641 finished with value: 0.5742798171954621 and parameters: {'k1': 0.08342157782421739, 'D_low': 49.30712206675619, 'k2': 0.030155725255835347, 'D_high': 15469.181380620043, 'fire_exp': 2.718205649394978, 'P_half': 9.415044310673531, 'pre_dampen_half': 0.021848586635618086, 'gpp_af': 0.005491492419538031, 'gpp_b': 6.242808195404375e-05, 'gpp_d': 1.4885583939245675, 'ign_k': 1.38521108550034, 'ign_c': 0.3695887133340166, 'trop_agb_crit': 1.7053678005629438, 'trop_k_veg': 4.269500850742334, 'pop_amp': 1.2282884092135355, 'pop_peak': 2.045011198429776, 'pop_sig': 0.5600205076867846, 'fuel_k': 0.012558011573179708, 'fuel_half': 3.2572551532276695}. Best is trial 0 with value: -0.6094076133578652.
  trial  642/2500  best_overall=0.6094  (17.4 min)
[I 2026-08-19 17:15:52,660] Trial 642 finished with value: 0.5040695655966397 and parameters: {'k1': 0.002763232776310376, 'D_low': 3.2639657866216774, 'k2': 0.04802313228757113, 'D_high': 9738925.150107116, 'fire_exp': 2.3483457733463977, 'P_half': 2.532963353088357, 'pre_dampen_half': 0.020972895972211036, 'gpp_af': 0.06866836861864165, 'gpp_b': 0.00024330717928408295, 'gpp_d': 0.9717804821030829, 'ign_k': 0.2657867588434547, 'ign_c': 0.1697428666093558, 'trop_agb_crit': 5.155114437456029, 'trop_k_veg': 5.212066306332933, 'pop_amp': 0.6457336083609679, 'pop_peak': 9.009677592725508, 'pop_sig': 0.5819665325767337, 'fuel_k': 0.06514078041530272, 'fuel_half': 3.251780873523189}. Best is trial 0 with value: -0.6094076133578652.
[I 2026-08-19 17:15:54,464] Trial 643 finished with value: 0.43266351558085603 and parameters: {'k1': 0.026049018496258708, 'D_low': 2.5536644090167147, 'k2': 0.029338904982390387, 'D_high': 140281.70347766942, 'fire_exp': 2.506942615280216, 'P_half': 3.757793106403621, 'pre_dampen_half': 2.8683953678552148, 'gpp_af': 0.4955985688328305, 'gpp_b': 0.0001796622182980342, 'gpp_d': 807.0745579844681, 'ign_k': 1.6260016319304575, 'ign_c': 0.9722948717904943, 'trop_agb_crit': 1.4126279391015428, 'trop_k_veg': 2.4858090407136344, 'pop_amp': 0.06019634029855043, 'pop_peak': 66.47346026913259, 'pop_sig': 2.253632114012691, 'fuel_k': 0.022709444566576246, 'fuel_half': 0.2108334244860454}. Best is trial 0 with value: -0.6094076133578652.
[I 2026-08-19 17:15:56,532] Trial 644 finished with value: 0.41416762617013236 and parameters: {'k1': 0.0002794213835458093, 'D_low': 2.5254851702653753, 'k2': 0.04068314157722697, 'D_high': 9106777.195763025, 'fire_exp': 1.658292442792113, 'P_half': 12.348754970105876, 'pre_dampen_half': 2.4481113090989135, 'gpp_af': 0.008539442078944533, 'gpp_b': 1.4914629702662814e-05, 'gpp_d': 749.2022570853418, 'ign_k': 4.516571861839738, 'ign_c': 0.9515879992902141, 'trop_agb_crit': 2.669513330325289, 'trop_k_veg': 2.402865241059319, 'pop_amp': 0.0264044303699743, 'pop_peak': 9.61009802047495, 'pop_sig': 2.290908975645789, 'fuel_k': 0.051791654285888, 'fuel_half': 0.24296877921303964}. Best is trial 0 with value: -0.6094076133578652.
[I 2026-08-19 17:15:58,548] Trial 645 finished with value: 0.47823082115825677 and parameters: {'k1': 0.02920564528420755, 'D_low': 4.478269008868364, 'k2': 0.006585997113569364, 'D_high': 935496.359369524, 'fire_exp': 1.213739341759305, 'P_half': 67.20620676373788, 'pre_dampen_half': 0.06872567957974868, 'gpp_af': 0.043476267260168885, 'gpp_b': 2.561010549820948e-05, 'gpp_d': 3.9291729851926416, 'ign_k': 8.130476430579627, 'ign_c': 0.19357316085016454, 'trop_agb_crit': 4.364463054615084, 'trop_k_veg': 0.9418183710018149, 'pop_amp': 0.011038396735147556, 'pop_peak': 1.8812708896321737, 'pop_sig': 0.9913053911866962, 'fuel_k': 0.0181835782689706, 'fuel_half': 7.447431280693485}. Best is trial 0 with value: -0.6094076133578652.
[I 2026-08-19 17:16:00,485] Trial 646 finished with value: 0.4964911931372701 and parameters: {'k1': 0.00018939728899069019, 'D_low': 2.382434125208952, 'k2': 0.0037653693311626847, 'D_high': 2249612.9544253554, 'fire_exp': 2.7309853722478548, 'P_half': 183.3995722998707, 'pre_dampen_half': 1.1325951058174932, 'gpp_af': 19.60811377568039, 'gpp_b': 0.00010965906266554185, 'gpp_d': 861.2813458871436, 'ign_k': 1.1865649374644065, 'ign_c': 2.380428363295933, 'trop_agb_crit': 19.632197681305062, 'trop_k_veg': 7.8166810983545565, 'pop_amp': 0.007129685506646801, 'pop_peak': 0.5893347436230265, 'pop_sig': 1.3480917577966882, 'fuel_k': 2.861732203123388, 'fuel_half': 71.72637736338758}. Best is trial 0 with value: -0.6094076133578652.
[I 2026-08-19 17:16:02,365] Trial 647 finished with value: 0.6445374145881376 and parameters: {'k1': 0.013461618614071282, 'D_low': 23.04931063611044, 'k2': 0.0006048582159302558, 'D_high': 2382331.438692055, 'fire_exp': 5.09554185708129, 'P_half': 1.0839432542837502, 'pre_dampen_half': 98.5063437822939, 'gpp_af': 0.0905429087717428, 'gpp_b': 1.281804045386269e-05, 'gpp_d': 19.822138043938324, 'ign_k': 0.7390002380571802, 'ign_c': 61.86055938744691, 'trop_agb_crit': 9.483360904827677, 'trop_k_veg': 1.7990951026531852, 'pop_amp': 0.0637504679758848, 'pop_peak': 320.07103613973106, 'pop_sig': 1.5801326125174038, 'fuel_k': 0.08133056720313127, 'fuel_half': 0.27569544931055945}. Best is trial 0 with value: -0.6094076133578652.
[I 2026-08-19 17:16:04,198] Trial 648 finished with value: 0.6445374145881376 and parameters: {'k1': 0.0016635173799161255, 'D_low': 1.6574259462537826, 'k2': 0.0019428612426435434, 'D_high': 8566489.958326545, 'fire_exp': 4.495078722681553, 'P_half': 125.94799527359324, 'pre_dampen_half': 9.22789898096672, 'gpp_af': 0.1299073159079374, 'gpp_b': 1.9445676178091405e-05, 'gpp_d': 5.311925764828097, 'ign_k': 2.557594019851171, 'ign_c': 47.80600692131445, 'trop_agb_crit': 1.7721925914557892, 'trop_k_veg': 4.33307509406252, 'pop_amp': 0.07740456811311516, 'pop_peak': 375.28155761992974, 'pop_sig': 1.894466697882299, 'fuel_k': 0.2814826354390673, 'fuel_half': 1.8320137848788673}. Best is trial 0 with value: -0.6094076133578652.
[I 2026-08-19 17:16:05,877] Trial 649 finished with value: 0.5219514590592448 and parameters: {'k1': 0.00020560289125622514, 'D_low': 20028.013751256505, 'k2': 0.0066777534273843525, 'D_high': 202404.45823541636, 'fire_exp': 1.5433922777870472, 'P_half': 23.916318769599723, 'pre_dampen_half': 1.6276133642899095, 'gpp_af': 0.045996853581693815, 'gpp_b': 0.0024343732329369636, 'gpp_d': 138.62183042113693, 'ign_k': 0.49859635436717725, 'ign_c': 2.01528529599762, 'trop_agb_crit': 17.69650636045358, 'trop_k_veg': 1.386851546576264, 'pop_amp': 0.030405156277021807, 'pop_peak': 0.23195685953723105, 'pop_sig': 0.8582969731821771, 'fuel_k': 0.020384988683560947, 'fuel_half': 1.5245718838808273}. Best is trial 0 with value: -0.6094076133578652.
[I 2026-08-19 17:16:07,513] Trial 650 finished with value: 0.5033790425488045 and parameters: {'k1': 0.0044864191787958975, 'D_low': 66.79097727947646, 'k2': 0.0030401669800892233, 'D_high': 117785.75095467102, 'fire_exp': 2.1980264261527465, 'P_half': 59.38490134265145, 'pre_dampen_half': 0.09954945276518765, 'gpp_af': 3.1369030393424433, 'gpp_b': 0.0001583616183833031, 'gpp_d': 0.8345566693575411, 'ign_k': 1.3115786570175993, 'ign_c': 0.6289160859309071, 'trop_agb_crit': 12.726722420558126, 'trop_k_veg': 2.5073991395080393, 'pop_amp': 3.8220158829622535, 'pop_peak': 0.16101011316512268, 'pop_sig': 0.9457466542777724, 'fuel_k': 0.020160783339701945, 'fuel_half': 0.6677425014263483}. Best is trial 0 with value: -0.6094076133578652.
[I 2026-08-19 17:16:09,160] Trial 651 finished with value: 0.44916715728495527 and parameters: {'k1': 0.0014963402244485293, 'D_low': 30.3064176720461, 'k2': 0.021262376818390848, 'D_high': 2761869.6718685394, 'fire_exp': 2.3089337575071367, 'P_half': 631.9067798793423, 'pre_dampen_half': 5.898463110512182, 'gpp_af': 0.001011948171745739, 'gpp_b': 0.00018180846396909355, 'gpp_d': 991.8704164269835, 'ign_k': 0.5760821213337395, 'ign_c': 7.526322775381806, 'trop_agb_crit': 2.7197334397590316, 'trop_k_veg': 1.2212738008782857, 'pop_amp': 1.2252629482955457, 'pop_peak': 4.143194197993462, 'pop_sig': 2.3985573107303364, 'fuel_k': 0.8016490147365443, 'fuel_half': 0.6803669087822679}. Best is trial 0 with value: -0.6094076133578652.
[I 2026-08-19 17:16:10,807] Trial 652 finished with value: 0.5980661052328194 and parameters: {'k1': 0.017845228134705717, 'D_low': 56.54429741005929, 'k2': 0.04187022304332239, 'D_high': 136965.52782833562, 'fire_exp': 2.210813880275713, 'P_half': 4.812886816744926, 'pre_dampen_half': 12.805082336131443, 'gpp_af': 0.0956920039790286, 'gpp_b': 2.941337691274177e-05, 'gpp_d': 1.839964020663352, 'ign_k': 0.5596613598709966, 'ign_c': 0.5486160511446992, 'trop_agb_crit': 1.2556214396357863, 'trop_k_veg': 5.798886643229439, 'pop_amp': 2.3788791804623672, 'pop_peak': 6.513514483708653, 'pop_sig': 0.9471109857146836, 'fuel_k': 0.031482149715160467, 'fuel_half': 2.310750487554982}. Best is trial 0 with value: -0.6094076133578652.
[I 2026-08-19 17:16:12,442] Trial 653 finished with value: -0.507273512620526 and parameters: {'k1': 0.020257166930103404, 'D_low': 5677.6092076969235, 'k2': 0.0097349191047181, 'D_high': 24660.55348779101, 'fire_exp': 1.7126664100205395, 'P_half': 70.94207320163522, 'pre_dampen_half': 7.0246054690247135, 'gpp_af': 1.6848255120851579, 'gpp_b': 1.5075031761385076e-05, 'gpp_d': 10.321830495079578, 'ign_k': 5.9091207148918805, 'ign_c': 0.12674495712095885, 'trop_agb_crit': 4.737422893527384, 'trop_k_veg': 1.5934540282296756, 'pop_amp': 1.0700959440019968, 'pop_peak': 0.15891841209351326, 'pop_sig': 1.9135962780967892, 'fuel_k': 0.01574298016492531, 'fuel_half': 3.415815939822915}. Best is trial 0 with value: -0.6094076133578652.
  trial  654/2500  best_overall=0.6094  (17.8 min)
[I 2026-08-19 17:16:14,220] Trial 654 finished with value: 0.5467011244085065 and parameters: {'k1': 0.004760730651974027, 'D_low': 5.127850247869102, 'k2': 0.09044560952565467, 'D_high': 551998.5909556327, 'fire_exp': 2.5058841666213856, 'P_half': 7.486622707018929, 'pre_dampen_half': 0.26325092398208744, 'gpp_af': 0.0025197199796697595, 'gpp_b': 3.007112533805389e-05, 'gpp_d': 26.687786131227867, 'ign_k': 0.0398969201884183, 'ign_c': 1.8121256591058466, 'trop_agb_crit': 2.73948363699403, 'trop_k_veg': 5.415303494620498, 'pop_amp': 0.5188194932568225, 'pop_peak': 0.962829221249209, 'pop_sig': 0.7041548961131052, 'fuel_k': 0.017506016213911325, 'fuel_half': 4.752003454511789}. Best is trial 0 with value: -0.6094076133578652.
[I 2026-08-19 17:16:15,901] Trial 655 finished with value: 0.5392496272822036 and parameters: {'k1': 0.00032872741531664036, 'D_low': 3.2330402046668514, 'k2': 0.005049840267446233, 'D_high': 3069732.654406495, 'fire_exp': 1.8768206644240442, 'P_half': 21.87646251966541, 'pre_dampen_half': 0.016296334170291943, 'gpp_af': 0.16703645695583716, 'gpp_b': 3.5004518142998124e-05, 'gpp_d': 575.1178971976252, 'ign_k': 0.06721154546387735, 'ign_c': 9.307975787945518, 'trop_agb_crit': 21.823606719858564, 'trop_k_veg': 3.389637610705531, 'pop_amp': 0.23936939138926358, 'pop_peak': 5.956442329590607, 'pop_sig': 0.716580074764603, 'fuel_k': 1.182758418352907, 'fuel_half': 64.88664540000597}. Best is trial 0 with value: -0.6094076133578652.
[I 2026-08-19 17:16:17,495] Trial 656 finished with value: 0.5538352235354428 and parameters: {'k1': 0.0002704704377257007, 'D_low': 58417.25979462241, 'k2': 0.012643132447138902, 'D_high': 144104.22606959802, 'fire_exp': 1.228100236959973, 'P_half': 624.6844756913591, 'pre_dampen_half': 10.723222399317178, 'gpp_af': 0.008378268236102883, 'gpp_b': 5.3099472704928566e-05, 'gpp_d': 94.6181105211349, 'ign_k': 0.8863844076380754, 'ign_c': 21.76881603992113, 'trop_agb_crit': 25.072152216330014, 'trop_k_veg': 3.5704783672464093, 'pop_amp': 0.0010953623311857454, 'pop_peak': 17.227669549564272, 'pop_sig': 0.8498040846523538, 'fuel_k': 1.4528051568701732, 'fuel_half': 0.2483576249470559}. Best is trial 0 with value: -0.6094076133578652.
[I 2026-08-19 17:16:19,132] Trial 657 finished with value: 0.5181331728850483 and parameters: {'k1': 0.00010171447129701718, 'D_low': 47.67283898428396, 'k2': 0.002717854189545427, 'D_high': 234577.03137694337, 'fire_exp': 1.1308625668008438, 'P_half': 45.77717786752753, 'pre_dampen_half': 1.5768169212113579, 'gpp_af': 0.023167043389809176, 'gpp_b': 0.02557516707738744, 'gpp_d': 24.2546119342847, 'ign_k': 4.626709227075406, 'ign_c': 0.9819566427202938, 'trop_agb_crit': 21.213989301877202, 'trop_k_veg': 1.5117170651306657, 'pop_amp': 0.004791605693105315, 'pop_peak': 0.05339644917559677, 'pop_sig': 1.1072502221856968, 'fuel_k': 0.8650945095048506, 'fuel_half': 2.972658844231545}. Best is trial 0 with value: -0.6094076133578652.
[I 2026-08-19 17:16:20,799] Trial 658 finished with value: 0.4327365058809315 and parameters: {'k1': 0.0010701504748984614, 'D_low': 175.1311286606952, 'k2': 0.04854220593187509, 'D_high': 2197687.0819957163, 'fire_exp': 1.0763653690600057, 'P_half': 60.8832672678604, 'pre_dampen_half': 3.2663069495313732, 'gpp_af': 0.2723927340817124, 'gpp_b': 0.0008060689664124036, 'gpp_d': 0.3684031533366757, 'ign_k': 4.881325712007814, 'ign_c': 0.18678823035361833, 'trop_agb_crit': 10.537092055130882, 'trop_k_veg': 1.1779482797645464, 'pop_amp': 0.4220842719025559, 'pop_peak': 0.08036724677198386, 'pop_sig': 1.4312847490588996, 'fuel_k': 0.019463425582526946, 'fuel_half': 11.965367609447831}. Best is trial 0 with value: -0.6094076133578652.
[I 2026-08-19 17:16:22,468] Trial 659 finished with value: 0.4441242120829332 and parameters: {'k1': 0.0008728231086290145, 'D_low': 6827.609396841452, 'k2': 0.005315085080518851, 'D_high': 654591.6342476021, 'fire_exp': 1.6078957060460897, 'P_half': 65.28150116754838, 'pre_dampen_half': 2.662848293457533, 'gpp_af': 0.12935069809773123, 'gpp_b': 0.0019512919305044929, 'gpp_d': 51.901289730823095, 'ign_k': 0.22519207914154163, 'ign_c': 1.650391981647153, 'trop_agb_crit': 7.899832712315166, 'trop_k_veg': 0.8661306254330475, 'pop_amp': 0.07192756188442802, 'pop_peak': 0.09520549145153177, 'pop_sig': 0.9232136332556907, 'fuel_k': 0.20030235542975267, 'fuel_half': 11.910170833170008}. Best is trial 0 with value: -0.6094076133578652.
[I 2026-08-19 17:16:24,084] Trial 660 finished with value: 0.45630657918922435 and parameters: {'k1': 0.0021924953129629607, 'D_low': 4272.17971812235, 'k2': 6.512057788583578e-05, 'D_high': 204539.6688051394, 'fire_exp': 1.1315600398023915, 'P_half': 1.2109886694958794, 'pre_dampen_half': 9.390725467968428, 'gpp_af': 0.004570859435259608, 'gpp_b': 0.0002435421867654817, 'gpp_d': 9.97081720033137, 'ign_k': 9.289097239500204, 'ign_c': 9.916283195507415, 'trop_agb_crit': 15.18819027648488, 'trop_k_veg': 2.643766387900884, 'pop_amp': 0.005160267674511491, 'pop_peak': 6.084657310545374, 'pop_sig': 1.6916557728915615, 'fuel_k': 0.7352325893534163, 'fuel_half': 0.1653156660671791}. Best is trial 0 with value: -0.6094076133578652.
[I 2026-08-19 17:16:25,683] Trial 661 finished with value: 0.505553208021592 and parameters: {'k1': 0.002279237855965981, 'D_low': 15.002233641245814, 'k2': 0.023593247681623034, 'D_high': 4334197.864288385, 'fire_exp': 2.8917443626454165, 'P_half': 22.632884263686137, 'pre_dampen_half': 0.6672191145042844, 'gpp_af': 0.140305696511412, 'gpp_b': 0.004880431399165471, 'gpp_d': 47.5693788041547, 'ign_k': 0.9344139867979679, 'ign_c': 0.5253702571447908, 'trop_agb_crit': 6.904195831614635, 'trop_k_veg': 0.7429831442360438, 'pop_amp': 0.004073023570720242, 'pop_peak': 0.2505524942498541, 'pop_sig': 1.221394254280707, 'fuel_k': 0.48491795660234843, 'fuel_half': 48.165619464685065}. Best is trial 0 with value: -0.6094076133578652.
[I 2026-08-19 17:16:27,283] Trial 662 finished with value: -0.579533420658345 and parameters: {'k1': 5.496600635336351e-05, 'D_low': 5879.043343562269, 'k2': 0.00011572709332436436, 'D_high': 4353660.4518922595, 'fire_exp': 1.4353357999031306, 'P_half': 204.43101930354985, 'pre_dampen_half': 0.13622825875841837, 'gpp_af': 0.015702065577290432, 'gpp_b': 0.0022952043850169588, 'gpp_d': 710.3639047887503, 'ign_k': 0.2091052895995189, 'ign_c': 1.978086708028059, 'trop_agb_crit': 23.709006978857033, 'trop_k_veg': 6.643207744003047, 'pop_amp': 2.9529474182610502, 'pop_peak': 160.59535886551714, 'pop_sig': 0.5690678644577735, 'fuel_k': 4.7559951146198705, 'fuel_half': 0.22585874061558678}. Best is trial 0 with value: -0.6094076133578652.
[I 2026-08-19 17:16:28,899] Trial 663 finished with value: 0.6445374145881376 and parameters: {'k1': 0.011039894188006967, 'D_low': 12.852761284003183, 'k2': 0.00951818296862767, 'D_high': 230409.80612113295, 'fire_exp': 4.655566819176106, 'P_half': 81.40537436376708, 'pre_dampen_half': 22.920345826421073, 'gpp_af': 0.059204872560601196, 'gpp_b': 7.848651955554856e-05, 'gpp_d': 40.517896572456245, 'ign_k': 1.2861000402333642, 'ign_c': 184.0208001781767, 'trop_agb_crit': 3.8928800654088627, 'trop_k_veg': 3.1419449892278735, 'pop_amp': 0.015425324732649235, 'pop_peak': 5.2011469495130465, 'pop_sig': 2.038238969249851, 'fuel_k': 0.1717086980095756, 'fuel_half': 0.1345889267570089}. Best is trial 0 with value: -0.6094076133578652.
[I 2026-08-19 17:16:30,505] Trial 664 finished with value: 0.5599800197397724 and parameters: {'k1': 0.0003878006451286257, 'D_low': 89193.00878500263, 'k2': 0.0035368287394632334, 'D_high': 6874519.349137953, 'fire_exp': 1.1045427609854641, 'P_half': 4.612248333246337, 'pre_dampen_half': 0.025959559074775224, 'gpp_af': 0.07740270324453871, 'gpp_b': 0.0014995650621182127, 'gpp_d': 152.87176221385204, 'ign_k': 0.045680773746480566, 'ign_c': 0.690629627939692, 'trop_agb_crit': 19.93131310928591, 'trop_k_veg': 5.020275156559085, 'pop_amp': 3.186190355054955, 'pop_peak': 23.018132044848628, 'pop_sig': 0.48634978550153896, 'fuel_k': 1.926856108260586, 'fuel_half': 0.14711696821709522}. Best is trial 0 with value: -0.6094076133578652.
[I 2026-08-19 17:16:32,111] Trial 665 finished with value: 0.6164807673040643 and parameters: {'k1': 0.0026398108925762913, 'D_low': 36268.7175324031, 'k2': 0.015143474245326936, 'D_high': 40947.451753909416, 'fire_exp': 1.7629100438213536, 'P_half': 6.025309608933027, 'pre_dampen_half': 3.6684468815464304, 'gpp_af': 0.11070544609419344, 'gpp_b': 0.0022470358526272224, 'gpp_d': 409.15133662496396, 'ign_k': 0.5254762366273086, 'ign_c': 0.7640387955749853, 'trop_agb_crit': 6.666024409166748, 'trop_k_veg': 0.5004679022966826, 'pop_amp': 0.0013516360625728163, 'pop_peak': 0.7112334089943424, 'pop_sig': 0.7584697069778722, 'fuel_k': 0.011050391205751832, 'fuel_half': 4.25453501454239}. Best is trial 0 with value: -0.6094076133578652.
