[I 2026-08-14 15:14:44,369] Trial 2488 finished with values: [-0.39104253099371095, 3.8858198325719684e-08] and parameters: {'k1': 1.4501178799836011e-05, 'D_low': 9.222492453004657, 'k2': 0.0027681334289927652, 'D_high': 2931.899692680325, 'fire_exp': 1.075051292556307, 'P_half': 1535.1441568398143, 'pre_dampen_half': 0.03627422119926134, 'gpp_af': 0.008983355849178878, 'gpp_b': 0.32036037265591544, 'gpp_d': 0.01307253094873642, 'ign_k': 0.04380580767905655, 'ign_c': 105.24574681335613, 'trop_agb_crit': 14.448413530653728, 'trop_k_veg': 7.063879971757455, 'fuel_k': 5.486054129200969, 'fuel_half': 65.99277195883643}.
[I 2026-08-14 15:14:48,218] Trial 2489 finished with values: [-0.44697983694024257, 0.0006342916102733964] and parameters: {'k1': 0.0012329098365270509, 'D_low': 3507.515213502105, 'k2': 0.0005708731724249573, 'D_high': 316055.11434645514, 'fire_exp': 1.6214575867079866, 'P_half': 351.2704726270846, 'pre_dampen_half': 0.03627422119926134, 'gpp_af': 0.00447098640336194, 'gpp_b': 0.00012906175696809457, 'gpp_d': 597.9617889501159, 'ign_k': 2.3621347634162393, 'ign_c': 25.36860972218539, 'trop_agb_crit': 13.98132484257899, 'trop_k_veg': 1.128469461526162, 'fuel_k': 5.486054129200969, 'fuel_half': 0.30455368715396786}.
[I 2026-08-14 15:14:50,124] Trial 2490 finished with values: [-0.5634256525281873, 0.006335269512651842] and parameters: {'k1': 0.0012329098365270509, 'D_low': 3507.515213502105, 'k2': 0.0005708731724249573, 'D_high': 316055.11434645514, 'fire_exp': 1.6214575867079866, 'P_half': 220.3445560633069, 'pre_dampen_half': 0.10609580257119508, 'gpp_af': 0.0025511964576171086, 'gpp_b': 0.00024732964314480056, 'gpp_d': 1.2092668832190316, 'ign_k': 0.28298168613109503, 'ign_c': 15.221840161091626, 'trop_agb_crit': 9.903123338050214, 'trop_k_veg': 1.9190318285916717, 'fuel_k': 5.486054129200969, 'fuel_half': 0.30455368715396786}.
[I 2026-08-14 15:14:52,108] Trial 2491 finished with values: [-0.41571903406876654, 0.00011795082388732503] and parameters: {'k1': 0.0012329098365270509, 'D_low': 367.4904945305323, 'k2': 1.854837679096716e-05, 'D_high': 13.631866835056986, 'fire_exp': 1.6214575867079866, 'P_half': 269.74113434525447, 'pre_dampen_half': 0.03627422119926134, 'gpp_af': 0.0025511964576171086, 'gpp_b': 0.00012906175696809457, 'gpp_d': 0.07525142212697536, 'ign_k': 0.567034633562729, 'ign_c': 25.36860972218539, 'trop_agb_crit': 5.881906289439389, 'trop_k_veg': 1.128469461526162, 'fuel_k': 5.486054129200969, 'fuel_half': 0.30455368715396786}.
[I 2026-08-14 15:14:53,905] Trial 2492 finished with values: [-0.600359417739997, 0.02580342369903421] and parameters: {'k1': 0.0002765077501813554, 'D_low': 4.043300846639722, 'k2': 1.854837679096716e-05, 'D_high': 316055.11434645514, 'fire_exp': 1.2070502372556005, 'P_half': 351.2704726270846, 'pre_dampen_half': 0.10609580257119508, 'gpp_af': 0.008983355849178878, 'gpp_b': 0.00012906175696809457, 'gpp_d': 82.92610273188414, 'ign_k': 0.25940144092298384, 'ign_c': 14.935213816355384, 'trop_agb_crit': 13.98132484257899, 'trop_k_veg': 1.128469461526162, 'fuel_k': 5.486054129200969, 'fuel_half': 0.30455368715396786}.
[I 2026-08-14 15:14:55,785] Trial 2493 finished with values: [-0.4275972803836613, 0.00011972059298148707] and parameters: {'k1': 1.8595266457134027e-05, 'D_low': 367.4904945305323, 'k2': 1.263794633808287e-05, 'D_high': 625838.668783032, 'fire_exp': 1.182396148413737, 'P_half': 7683.876502998063, 'pre_dampen_half': 0.18429251461627466, 'gpp_af': 0.008983355849178878, 'gpp_b': 0.0050295076940092415, 'gpp_d': 0.012472726063715429, 'ign_k': 0.25940144092298384, 'ign_c': 14.935213816355384, 'trop_agb_crit': 6.859896022427469, 'trop_k_veg': 3.4508425771776365, 'fuel_k': 0.05422498380030069, 'fuel_half': 0.30455368715396786}.
[I 2026-08-14 15:14:57,581] Trial 2494 finished with values: [-0.3554625854118624, 0.0] and parameters: {'k1': 0.0012329098365270509, 'D_low': 9.222492453004657, 'k2': 0.00011861374667636013, 'D_high': 625838.668783032, 'fire_exp': 1.075051292556307, 'P_half': 406.34698167377394, 'pre_dampen_half': 0.36634472798672346, 'gpp_af': 0.0025511964576171086, 'gpp_b': 0.00024732964314480056, 'gpp_d': 0.47648833312290256, 'ign_k': 0.18945647155616227, 'ign_c': 105.24574681335613, 'trop_agb_crit': 16.86264052240002, 'trop_k_veg': 1.128469461526162, 'fuel_k': 5.486054129200969, 'fuel_half': 15.581254655530845}.
[I 2026-08-14 15:14:59,349] Trial 2495 finished with values: [-0.4102053126389471, 1.914014441384282e-07] and parameters: {'k1': 0.00016312233285809254, 'D_low': 1.7887890916820506, 'k2': 0.004143506476189514, 'D_high': 316055.11434645514, 'fire_exp': 1.2429193829348841, 'P_half': 351.2704726270846, 'pre_dampen_half': 0.10609580257119508, 'gpp_af': 0.0023751383317256927, 'gpp_b': 2.788681037423117, 'gpp_d': 0.01307253094873642, 'ign_k': 0.567034633562729, 'ign_c': 15.221840161091626, 'trop_agb_crit': 16.86264052240002, 'trop_k_veg': 0.9513662301833202, 'fuel_k': 5.486054129200969, 'fuel_half': 65.99277195883643}.
[I 2026-08-14 15:15:01,096] Trial 2496 finished with values: [-0.5247257478429184, 0.007458391210661941] and parameters: {'k1': 0.0012329098365270509, 'D_low': 5500.925318788574, 'k2': 0.0005708731724249573, 'D_high': 316055.11434645514, 'fire_exp': 1.6214575867079866, 'P_half': 1.1416310818354956, 'pre_dampen_half': 0.03411860497758073, 'gpp_af': 0.0025511964576171086, 'gpp_b': 0.00024732964314480056, 'gpp_d': 1.2092668832190316, 'ign_k': 0.18945647155616227, 'ign_c': 15.221840161091626, 'trop_agb_crit': 9.903123338050214, 'trop_k_veg': 1.0278430021672995, 'fuel_k': 5.486054129200969, 'fuel_half': 0.30455368715396786}.
[I 2026-08-14 15:15:02,987] Trial 2497 finished with values: [-0.3554625854118624, 0.0] and parameters: {'k1': 0.0012329098365270509, 'D_low': 9.222492453004657, 'k2': 0.0005708731724249573, 'D_high': 316055.11434645514, 'fire_exp': 1.2070502372556005, 'P_half': 1535.1441568398143, 'pre_dampen_half': 0.03627422119926134, 'gpp_af': 0.0022992297821705253, 'gpp_b': 0.00012906175696809457, 'gpp_d': 597.9617889501159, 'ign_k': 2.3621347634162393, 'ign_c': 105.24574681335613, 'trop_agb_crit': 16.86264052240002, 'trop_k_veg': 1.9190318285916717, 'fuel_k': 5.486054129200969, 'fuel_half': 15.581254655530845}.
[I 2026-08-14 15:15:04,734] Trial 2498 finished with values: [-0.3779628960567612, 1.705626750947431e-10] and parameters: {'k1': 0.0012329098365270509, 'D_low': 5500.925318788574, 'k2': 0.00010939944910100016, 'D_high': 316055.11434645514, 'fire_exp': 1.6733848721157607, 'P_half': 351.2704726270846, 'pre_dampen_half': 0.03411860497758073, 'gpp_af': 0.0023751383317256927, 'gpp_b': 2.788681037423117, 'gpp_d': 0.012284844784580964, 'ign_k': 0.04380580767905655, 'ign_c': 15.221840161091626, 'trop_agb_crit': 13.98132484257899, 'trop_k_veg': 0.9694140152996831, 'fuel_k': 0.021123235354472927, 'fuel_half': 65.99277195883643}.
