[I 2026-08-05 23:19:30,812] Trial 495 finished with values: [10.636754685871828, 10.636754685871828] and parameters: {'k1': 0.0004846497679219079, 'D_low': 18.89739291279832, 'k2': 0.0027431991397796683, 'D_high': 7744.80118512745, 'fire_exp': 1.182396148413737, 'P_half': 5949.270019168345, 'pre_dampen_half': 304.7488318185732, 'gpp_af': 29.925002022877802, 'gpp_b': 3.228689523591491e-05, 'gpp_d': 857.4284557962634, 'ign_k': 8.761971101023693, 'ign_c': 2.4287565087611744}.
[I 2026-08-05 23:19:31,985] Trial 496 finished with values: [10.014337547697698, 10.014337547697698] and parameters: {'k1': 0.002407354618388189, 'D_low': 1.4045842344024697, 'k2': 0.08894151386481904, 'D_high': 75773.14388518519, 'fire_exp': 2.628617028154096, 'P_half': 4.395816797119711, 'pre_dampen_half': 304.7488318185732, 'gpp_af': 12.298017893269162, 'gpp_b': 7.402343469704428e-05, 'gpp_d': 5.878566318396007, 'ign_k': 0.13054148118849407, 'ign_c': 0.3528113274684997}.
[I 2026-08-05 23:19:33,124] Trial 497 finished with values: [10.224629423666617, 10.224629423666617] and parameters: {'k1': 0.008956420301712053, 'D_low': 2.1234210963705626, 'k2': 0.00011939136672856547, 'D_high': 48249.14281180252, 'fire_exp': 1.1044852285094786, 'P_half': 8.968733598183245, 'pre_dampen_half': 703.6426675556048, 'gpp_af': 0.5107061330406066, 'gpp_b': 3.139005000572696e-05, 'gpp_d': 368.30088529547436, 'ign_k': 0.04563289369649656, 'ign_c': 8.671454322584175}.
[I 2026-08-05 23:19:34,276] Trial 498 finished with values: [10.620935091479494, 10.620935091479494] and parameters: {'k1': 0.003581820276578069, 'D_low': 38.93835424674703, 'k2': 0.031211489608802344, 'D_high': 75773.14388518519, 'fire_exp': 1.151006986743773, 'P_half': 10.226988730324324, 'pre_dampen_half': 107.40052367919465, 'gpp_af': 0.023500440978156005, 'gpp_b': 0.05693092741736214, 'gpp_d': 20.54051942538844, 'ign_k': 0.03141110271934876, 'ign_c': 0.17036120617148395}.
[I 2026-08-05 23:19:35,442] Trial 499 finished with values: [10.769230769178105, 10.769230769178105] and parameters: {'k1': 0.002407354618388189, 'D_low': 1.1065812688893482, 'k2': 0.08894151386481904, 'D_high': 9769.756791866093, 'fire_exp': 1.1044852285094786, 'P_half': 95.65499215943822, 'pre_dampen_half': 107.40052367919465, 'gpp_af': 0.5107061330406066, 'gpp_b': 0.00012797528816608022, 'gpp_d': 20.54051942538844, 'ign_k': 0.03141110271934876, 'ign_c': 862.8009047476764}.
[I 2026-08-05 23:19:36,583] Trial 500 finished with values: [10.736872767484892, 10.736872767484892] and parameters: {'k1': 0.002407354618388189, 'D_low': 1.1065812688893482, 'k2': 1.4378290221680118e-05, 'D_high': 9769.756791866093, 'fire_exp': 2.5664570832902065, 'P_half': 10.226988730324324, 'pre_dampen_half': 107.40052367919465, 'gpp_af': 29.545818008001255, 'gpp_b': 0.011750724729953272, 'gpp_d': 5.878566318396007, 'ign_k': 0.03141110271934876, 'ign_c': 3.0378658251922155}.
[I 2026-08-05 23:19:37,755] Trial 501 finished with values: [10.256613924238867, 10.256613924238867] and parameters: {'k1': 0.0029707920514735983, 'D_low': 1.1065812688893482, 'k2': 0.0007081721844034209, 'D_high': 83.14160873549643, 'fire_exp': 1.1258453832483524, 'P_half': 13.019246714361572, 'pre_dampen_half': 304.7488318185732, 'gpp_af': 29.925002022877802, 'gpp_b': 0.011750724729953272, 'gpp_d': 857.4284557962634, 'ign_k': 8.761971101023693, 'ign_c': 1.5061320080433496}.
[I 2026-08-05 23:19:38,893] Trial 502 finished with values: [10.307794214948899, 10.307794214948899] and parameters: {'k1': 0.025383218374507292, 'D_low': 2.1234210963705626, 'k2': 4.763991596630584e-05, 'D_high': 9769.756791866093, 'fire_exp': 1.633445707733642, 'P_half': 10.226988730324324, 'pre_dampen_half': 304.7488318185732, 'gpp_af': 5.511863475708366, 'gpp_b': 0.6637926838138378, 'gpp_d': 891.8036602897795, 'ign_k': 0.34703605955441524, 'ign_c': 8.671454322584175}.
[I 2026-08-05 23:19:40,044] Trial 503 finished with values: [-0.5308036517259227, 0.45968686517606794] and parameters: {'k1': 0.0029707920514735983, 'D_low': 125.32726386250698, 'k2': 0.0027431991397796683, 'D_high': 7744.80118512745, 'fire_exp': 1.0743210440710231, 'P_half': 10.753522341516506, 'pre_dampen_half': 304.7488318185732, 'gpp_af': 0.0025511964576171086, 'gpp_b': 3.139005000572696e-05, 'gpp_d': 107.84642153666701, 'ign_k': 0.03141110271934876, 'ign_c': 3.0378658251922155}.
[I 2026-08-05 23:19:41,136] Trial 504 finished with values: [10.174682119778364, 10.174682119778364] and parameters: {'k1': 0.002407354618388189, 'D_low': 1.1065812688893482, 'k2': 0.0007081721844034209, 'D_high': 9769.756791866093, 'fire_exp': 1.010722707674549, 'P_half': 404.266078304289, 'pre_dampen_half': 107.40052367919465, 'gpp_af': 29.925002022877802, 'gpp_b': 0.05693092741736214, 'gpp_d': 857.4284557962634, 'ign_k': 0.03141110271934876, 'ign_c': 3.0378658251922155}.
[I 2026-08-05 23:19:42,332] Trial 505 finished with values: [10.60982391375301, 10.60982391375301] and parameters: {'k1': 0.02641449645424223, 'D_low': 29.792392084398863, 'k2': 0.031211489608802344, 'D_high': 48249.14281180252, 'fire_exp': 7.317424494789711, 'P_half': 12.808863354047988, 'pre_dampen_half': 107.40052367919465, 'gpp_af': 5.511863475708366, 'gpp_b': 0.00012797528816608022, 'gpp_d': 223.60515435267138, 'ign_k': 0.07813392238162735, 'ign_c': 8.671454322584175}.
[I 2026-08-05 23:19:43,496] Trial 506 finished with values: [-0.5264087756227862, 0.6932073882726908] and parameters: {'k1': 0.008956420301712053, 'D_low': 125.32726386250698, 'k2': 0.0010204225357677778, 'D_high': 9769.756791866093, 'fire_exp': 1.1044852285094786, 'P_half': 13.019246714361572, 'pre_dampen_half': 703.6426675556048, 'gpp_af': 0.04339970334001348, 'gpp_b': 3.139005000572696e-05, 'gpp_d': 5.878566318396007, 'ign_k': 0.04563289369649656, 'ign_c': 12.37061744238074}.
[I 2026-08-05 23:19:44,665] Trial 507 finished with values: [10.769230769178105, 10.769230769178105] and parameters: {'k1': 0.0029707920514735983, 'D_low': 125.32726386250698, 'k2': 0.00011939136672856547, 'D_high': 7744.80118512745, 'fire_exp': 1.182396148413737, 'P_half': 8.968733598183245, 'pre_dampen_half': 304.7488318185732, 'gpp_af': 0.5107061330406066, 'gpp_b': 3.228689523591491e-05, 'gpp_d': 857.4284557962634, 'ign_k': 0.34703605955441524, 'ign_c': 746.0599239667742}.
[I 2026-08-05 23:19:46,029] Trial 508 finished with values: [10.274869405953007, 10.274869405953007] and parameters: {'k1': 0.002407354618388189, 'D_low': 125.32726386250698, 'k2': 0.0007081721844034209, 'D_high': 9769.756791866093, 'fire_exp': 1.0881360604103363, 'P_half': 8.968733598183245, 'pre_dampen_half': 304.7488318185732, 'gpp_af': 0.5107061330406066, 'gpp_b': 0.05693092741736214, 'gpp_d': 857.4284557962634, 'ign_k': 0.005522071973135812, 'ign_c': 0.3528113274684997}.
[I 2026-08-05 23:19:47,186] Trial 509 finished with values: [10.496326986989864, 10.496326986989864] and parameters: {'k1': 0.002407354618388189, 'D_low': 29.89885508829526, 'k2': 0.0001870742013766025, 'D_high': 9769.756791866093, 'fire_exp': 1.010722707674549, 'P_half': 2981.897231705516, 'pre_dampen_half': 703.6426675556048, 'gpp_af': 12.298017893269162, 'gpp_b': 0.011750724729953272, 'gpp_d': 857.4284557962634, 'ign_k': 0.03141110271934876, 'ign_c': 0.773448215664679}.
[I 2026-08-05 23:19:48,360] Trial 510 finished with values: [-0.5750939935139342, 0.496994808684292] and parameters: {'k1': 0.025383218374507292, 'D_low': 1.2299210465793122, 'k2': 0.00011939136672856547, 'D_high': 7744.80118512745, 'fire_exp': 1.010722707674549, 'P_half': 13.019246714361572, 'pre_dampen_half': 107.40052367919465, 'gpp_af': 0.5107061330406066, 'gpp_b': 0.011750724729953272, 'gpp_d': 5.878566318396007, 'ign_k': 5.9736167866478125, 'ign_c': 2.4287565087611744}.
[I 2026-08-05 23:19:49,481] Trial 511 finished with values: [10.638021900866198, 10.638021900866198] and parameters: {'k1': 0.008956420301712053, 'D_low': 9.330007965781027, 'k2': 0.0007081721844034209, 'D_high': 75773.14388518519, 'fire_exp': 1.0881360604103363, 'P_half': 13.019246714361572, 'pre_dampen_half': 347.79988160923324, 'gpp_af': 0.001339466259146302, 'gpp_b': 0.011750724729953272, 'gpp_d': 4.5768578731086835, 'ign_k': 8.761971101023693, 'ign_c': 0.9294394155644988}.
[I 2026-08-05 23:19:50,607] Trial 512 finished with values: [10.058190525565113, 10.058190525565113] and parameters: {'k1': 2.0937989739527727e-05, 'D_low': 125.32726386250698, 'k2': 0.0022957398214549472, 'D_high': 12775.77960461496, 'fire_exp': 1.0881360604103363, 'P_half': 8.968733598183245, 'pre_dampen_half': 703.6426675556048, 'gpp_af': 0.5107061330406066, 'gpp_b': 2.800940363375676e-05, 'gpp_d': 857.4284557962634, 'ign_k': 0.0048255892187380085, 'ign_c': 12.37061744238074}.
[I 2026-08-05 23:19:51,747] Trial 513 finished with values: [10.445991693569608, 10.445991693569608] and parameters: {'k1': 0.008956420301712053, 'D_low': 1212.5157220460183, 'k2': 0.0007081721844034209, 'D_high': 9769.756791866093, 'fire_exp': 1.010722707674549, 'P_half': 8.968733598183245, 'pre_dampen_half': 107.40052367919465, 'gpp_af': 12.298017893269162, 'gpp_b': 3.228689523591491e-05, 'gpp_d': 3.032712462969173, 'ign_k': 0.03141110271934876, 'ign_c': 0.3528113274684997}.
[I 2026-08-05 23:19:52,921] Trial 514 finished with values: [-0.4878305032034146, 0.9671282133040395] and parameters: {'k1': 0.002407354618388189, 'D_low': 1.4045842344024697, 'k2': 0.023940483242764706, 'D_high': 75773.14388518519, 'fire_exp': 3.1018148805490564, 'P_half': 12.808863354047988, 'pre_dampen_half': 347.79988160923324, 'gpp_af': 5.511863475708366, 'gpp_b': 7.402343469704428e-05, 'gpp_d': 63.84398027045259, 'ign_k': 0.34703605955441524, 'ign_c': 8.671454322584175}.
[I 2026-08-05 23:19:54,073] Trial 515 finished with values: [10.506724125944498, 10.506724125944498] and parameters: {'k1': 0.00013783578294796384, 'D_low': 29.89885508829526, 'k2': 0.003198020818004832, 'D_high': 33.4949636434409, 'fire_exp': 1.1044852285094786, 'P_half': 13.019246714361572, 'pre_dampen_half': 304.7488318185732, 'gpp_af': 5.511863475708366, 'gpp_b': 0.011750724729953272, 'gpp_d': 891.8036602897795, 'ign_k': 8.761971101023693, 'ign_c': 0.3528113274684997}.
[I 2026-08-05 23:19:55,229] Trial 516 finished with values: [10.04268295987566, 10.04268295987566] and parameters: {'k1': 0.008956420301712053, 'D_low': 18.89739291279832, 'k2': 0.0010204225357677778, 'D_high': 7744.80118512745, 'fire_exp': 1.1258453832483524, 'P_half': 13.019246714361572, 'pre_dampen_half': 703.6426675556048, 'gpp_af': 0.0021836613912815635, 'gpp_b': 3.139005000572696e-05, 'gpp_d': 5.878566318396007, 'ign_k': 8.761971101023693, 'ign_c': 1.5061320080433496}.
[I 2026-08-05 23:19:56,389] Trial 517 finished with values: [10.116486631459718, 10.116486631459718] and parameters: {'k1': 0.025383218374507292, 'D_low': 1.2299210465793122, 'k2': 0.08894151386481904, 'D_high': 75773.14388518519, 'fire_exp': 1.010722707674549, 'P_half': 10.226988730324324, 'pre_dampen_half': 304.7488318185732, 'gpp_af': 0.0014542226259417863, 'gpp_b': 3.228689523591491e-05, 'gpp_d': 5.878566318396007, 'ign_k': 0.34703605955441524, 'ign_c': 8.671454322584175}.
[I 2026-08-05 23:19:57,551] Trial 518 finished with values: [10.257481943988036, 10.257481943988036] and parameters: {'k1': 0.00013783578294796384, 'D_low': 29.89885508829526, 'k2': 0.0007081721844034209, 'D_high': 48238.23303865264, 'fire_exp': 1.0881360604103363, 'P_half': 10.753522341516506, 'pre_dampen_half': 12.112995966431617, 'gpp_af': 5.511863475708366, 'gpp_b': 0.011750724729953272, 'gpp_d': 891.8036602897795, 'ign_k': 8.761971101023693, 'ign_c': 3.0378658251922155}.
[I 2026-08-05 23:19:58,713] Trial 519 finished with values: [-0.5187543918107437, 0.8191616726058876] and parameters: {'k1': 0.010253368317956682, 'D_low': 4.051452710153359, 'k2': 4.30943585950406e-05, 'D_high': 33379.746704222074, 'fire_exp': 1.1044852285094786, 'P_half': 215.55950571043874, 'pre_dampen_half': 76.86605275420082, 'gpp_af': 92.21975850381763, 'gpp_b': 3.228689523591491e-05, 'gpp_d': 857.4284557962634, 'ign_k': 1.5351441568398145, 'ign_c': 0.9294394155644988}.
[I 2026-08-05 23:19:59,857] Trial 520 finished with values: [-0.5367685374459154, 0.6306265619387177] and parameters: {'k1': 0.0008435083887782438, 'D_low': 1.1065812688893482, 'k2': 0.0007081721844034209, 'D_high': 31030.112026960956, 'fire_exp': 1.151006986743773, 'P_half': 10.226988730324324, 'pre_dampen_half': 703.6426675556048, 'gpp_af': 0.001339466259146302, 'gpp_b': 3.139005000572696e-05, 'gpp_d': 107.84642153666701, 'ign_k': 0.050667002161528835, 'ign_c': 0.3528113274684997}.
[I 2026-08-05 23:20:01,003] Trial 521 finished with values: [-0.5441165748043412, 0.47650229740228167] and parameters: {'k1': 0.002407354618388189, 'D_low': 1.1065812688893482, 'k2': 0.0007081721844034209, 'D_high': 9769.756791866093, 'fire_exp': 1.0881360604103363, 'P_half': 13.019246714361572, 'pre_dampen_half': 703.6426675556048, 'gpp_af': 0.001339466259146302, 'gpp_b': 3.139005000572696e-05, 'gpp_d': 857.4284557962634, 'ign_k': 0.04563289369649656, 'ign_c': 8.671454322584175}.
[I 2026-08-05 23:20:02,112] Trial 522 finished with values: [10.552860302128062, 10.552860302128062] and parameters: {'k1': 0.025383218374507292, 'D_low': 1.2299210465793122, 'k2': 4.763991596630584e-05, 'D_high': 7744.80118512745, 'fire_exp': 1.010722707674549, 'P_half': 10.226988730324324, 'pre_dampen_half': 304.7488318185732, 'gpp_af': 5.511863475708366, 'gpp_b': 0.6637926838138378, 'gpp_d': 5.878566318396007, 'ign_k': 0.0029460000905108855, 'ign_c': 8.671454322584175}.
[I 2026-08-05 23:20:03,365] Trial 523 finished with values: [10.000507478476566, 10.000507478476566] and parameters: {'k1': 0.008956420301712053, 'D_low': 29.89885508829526, 'k2': 0.031211489608802344, 'D_high': 7744.80118512745, 'fire_exp': 1.0881360604103363, 'P_half': 24.136213194527585, 'pre_dampen_half': 703.6426675556048, 'gpp_af': 29.925002022877802, 'gpp_b': 3.139005000572696e-05, 'gpp_d': 368.30088529547436, 'ign_k': 0.04563289369649656, 'ign_c': 0.9294394155644988}.
[I 2026-08-05 23:20:04,601] Trial 524 finished with values: [10.143579835037883, 10.143579835037883] and parameters: {'k1': 0.025383218374507292, 'D_low': 2.1234210963705626, 'k2': 4.763991596630584e-05, 'D_high': 75773.14388518519, 'fire_exp': 1.010722707674549, 'P_half': 13.019246714361572, 'pre_dampen_half': 304.7488318185732, 'gpp_af': 5.511863475708366, 'gpp_b': 0.6637926838138378, 'gpp_d': 5.878566318396007, 'ign_k': 0.34703605955441524, 'ign_c': 3.0378658251922155}.
[I 2026-08-05 23:20:05,805] Trial 525 finished with values: [-0.48887294614224946, 0.9370612695337261] and parameters: {'k1': 0.00324789183891923, 'D_low': 1.1065812688893482, 'k2': 0.0007081721844034209, 'D_high': 31030.112026960956, 'fire_exp': 1.151006986743773, 'P_half': 24.136213194527585, 'pre_dampen_half': 304.7488318185732, 'gpp_af': 29.925002022877802, 'gpp_b': 3.228689523591491e-05, 'gpp_d': 857.4284557962634, 'ign_k': 0.03141110271934876, 'ign_c': 0.3528113274684997}.
[I 2026-08-05 23:20:07,180] Trial 526 finished with values: [-0.5043437016700588, 0.7206506711102025] and parameters: {'k1': 0.0029707920514735983, 'D_low': 1.1065812688893482, 'k2': 0.031211489608802344, 'D_high': 9769.756791866093, 'fire_exp': 1.0881360604103363, 'P_half': 13.019246714361572, 'pre_dampen_half': 304.7488318185732, 'gpp_af': 29.925002022877802, 'gpp_b': 0.011750724729953272, 'gpp_d': 857.4284557962634, 'ign_k': 0.03141110271934876, 'ign_c': 8.671454322584175}.
[I 2026-08-05 23:20:08,378] Trial 527 finished with values: [-0.4807589567899795, 0.9384996542686056] and parameters: {'k1': 0.0029707920514735983, 'D_low': 125.32726386250698, 'k2': 0.03071666851587867, 'D_high': 33379.746704222074, 'fire_exp': 1.0881360604103363, 'P_half': 24.136213194527585, 'pre_dampen_half': 304.7488318185732, 'gpp_af': 92.21975850381763, 'gpp_b': 5.6378660494178646e-05, 'gpp_d': 857.4284557962634, 'ign_k': 0.03141110271934876, 'ign_c': 3.0378658251922155}.
[I 2026-08-05 23:20:09,623] Trial 528 finished with values: [10.07289652002801, 10.07289652002801] and parameters: {'k1': 0.002407354618388189, 'D_low': 4.051452710153359, 'k2': 0.0007081721844034209, 'D_high': 75773.14388518519, 'fire_exp': 1.0881360604103363, 'P_half': 552.4095129928629, 'pre_dampen_half': 304.7488318185732, 'gpp_af': 29.925002022877802, 'gpp_b': 0.011750724729953272, 'gpp_d': 857.4284557962634, 'ign_k': 0.03141110271934876, 'ign_c': 3.0378658251922155}.
[I 2026-08-05 23:20:10,859] Trial 529 finished with values: [-0.554663354782941, 0.6218791688534644] and parameters: {'k1': 0.00013783578294796384, 'D_low': 29.89885508829526, 'k2': 0.0005262881356087174, 'D_high': 9769.756791866093, 'fire_exp': 1.0881360604103363, 'P_half': 51.10120656497163, 'pre_dampen_half': 703.6426675556048, 'gpp_af': 5.511863475708366, 'gpp_b': 0.011750724729953272, 'gpp_d': 891.8036602897795, 'ign_k': 8.761971101023693, 'ign_c': 0.3528113274684997}.
[I 2026-08-05 23:20:12,086] Trial 530 finished with values: [-0.5083230008669878, 0.701939691400931] and parameters: {'k1': 0.008956420301712053, 'D_low': 2.1234210963705626, 'k2': 0.0007081721844034209, 'D_high': 9769.756791866093, 'fire_exp': 1.0881360604103363, 'P_half': 10.226988730324324, 'pre_dampen_half': 703.6426675556048, 'gpp_af': 29.925002022877802, 'gpp_b': 0.011750724729953272, 'gpp_d': 368.30088529547436, 'ign_k': 0.0063401408602514545, 'ign_c': 0.3528113274684997}.
[I 2026-08-05 23:20:13,317] Trial 531 finished with values: [10.658199530355132, 10.658199530355132] and parameters: {'k1': 0.002407354618388189, 'D_low': 1.4045842344024697, 'k2': 0.08894151386481904, 'D_high': 75773.14388518519, 'fire_exp': 3.101662552922359, 'P_half': 10.226988730324324, 'pre_dampen_half': 347.79988160923324, 'gpp_af': 0.001339466259146302, 'gpp_b': 7.402343469704428e-05, 'gpp_d': 5.878566318396007, 'ign_k': 0.03141110271934876, 'ign_c': 8.671454322584175}.
[I 2026-08-05 23:20:14,551] Trial 532 finished with values: [10.014985957736306, 10.014985957736306] and parameters: {'k1': 1.8064907756357243e-05, 'D_low': 2.1234210963705626, 'k2': 4.763991596630584e-05, 'D_high': 9769.756791866093, 'fire_exp': 1.010722707674549, 'P_half': 12.808863354047988, 'pre_dampen_half': 304.7488318185732, 'gpp_af': 0.8125629376969175, 'gpp_b': 7.402343469704428e-05, 'gpp_d': 5.878566318396007, 'ign_k': 0.34703605955441524, 'ign_c': 8.671454322584175}.
[I 2026-08-05 23:20:15,905] Trial 533 finished with values: [-0.5141161445739721, 0.7503619840855044] and parameters: {'k1': 0.00011911696453733046, 'D_low': 4.051452710153359, 'k2': 0.0007081721844034209, 'D_high': 9769.756791866093, 'fire_exp': 1.0881360604103363, 'P_half': 24.136213194527585, 'pre_dampen_half': 304.7488318185732, 'gpp_af': 92.21975850381763, 'gpp_b': 0.011750724729953272, 'gpp_d': 857.4284557962634, 'ign_k': 8.761971101023693, 'ign_c': 0.9294394155644988}.
[I 2026-08-05 23:20:17,242] Trial 534 finished with values: [10.352991156295566, 10.352991156295566] and parameters: {'k1': 0.01549659926581634, 'D_low': 43.03411264066069, 'k2': 0.00017436039158218316, 'D_high': 26666.09148594752, 'fire_exp': 2.852463849219197, 'P_half': 13.019246714361572, 'pre_dampen_half': 304.7488318185732, 'gpp_af': 29.925002022877802, 'gpp_b': 0.011750724729953272, 'gpp_d': 368.30088529547436, 'ign_k': 0.04563289369649656, 'ign_c': 8.671454322584175}.
[I 2026-08-05 23:20:18,513] Trial 535 finished with values: [10.154333813208199, 10.154333813208199] and parameters: {'k1': 0.0029707920514735983, 'D_low': 125.32726386250698, 'k2': 0.03071666851587867, 'D_high': 9769.756791866093, 'fire_exp': 1.0881360604103363, 'P_half': 10.226988730324324, 'pre_dampen_half': 304.7488318185732, 'gpp_af': 0.5107061330406066, 'gpp_b': 3.481277316673104e-05, 'gpp_d': 857.4284557962634, 'ign_k': 8.761971101023693, 'ign_c': 1.5061320080433496}.
[I 2026-08-05 23:20:19,814] Trial 536 finished with values: [10.75409580375678, 10.75409580375678] and parameters: {'k1': 0.0029707920514735983, 'D_low': 18.89739291279832, 'k2': 0.08894151386481904, 'D_high': 7744.80118512745, 'fire_exp': 1.182396148413737, 'P_half': 10.226988730324324, 'pre_dampen_half': 304.7488318185732, 'gpp_af': 92.21975850381763, 'gpp_b': 0.011750724729953272, 'gpp_d': 0.01143148628251203, 'ign_k': 8.761971101023693, 'ign_c': 8.671454322584175}.
[I 2026-08-05 23:20:21,134] Trial 537 finished with values: [-0.5044569593255813, 0.9245823331955719] and parameters: {'k1': 1.9488910051308668e-05, 'D_low': 1.2299210465793122, 'k2': 0.08894151386481904, 'D_high': 75773.14388518519, 'fire_exp': 1.010722707674549, 'P_half': 11.877073321543955, 'pre_dampen_half': 107.40052367919465, 'gpp_af': 0.5107061330406066, 'gpp_b': 7.402343469704428e-05, 'gpp_d': 891.8036602897795, 'ign_k': 0.34703605955441524, 'ign_c': 2.4287565087611744}.
[I 2026-08-05 23:20:22,340] Trial 538 finished with values: [10.079861672008775, 10.079861672008775] and parameters: {'k1': 0.025383218374507292, 'D_low': 1.2299210465793122, 'k2': 0.00011939136672856547, 'D_high': 7744.80118512745, 'fire_exp': 1.0881360604103363, 'P_half': 51.10120656497163, 'pre_dampen_half': 304.7488318185732, 'gpp_af': 0.09172078901566363, 'gpp_b': 0.011750724729953272, 'gpp_d': 5.878566318396007, 'ign_k': 0.08312953263874531, 'ign_c': 2.4287565087611744}.
[I 2026-08-05 23:20:23,496] Trial 539 finished with values: [10.26261694843757, 10.26261694843757] and parameters: {'k1': 0.0029707920514735983, 'D_low': 125.32726386250698, 'k2': 0.03071666851587867, 'D_high': 830.8114652888394, 'fire_exp': 1.1258453832483524, 'P_half': 13.019246714361572, 'pre_dampen_half': 107.40052367919465, 'gpp_af': 0.5107061330406066, 'gpp_b': 0.03982202023586574, 'gpp_d': 150.14555442537656, 'ign_k': 8.761971101023693, 'ign_c': 1.5061320080433496}.
