[I 2026-07-22 20:48:01,963] Trial 1714 finished with values: [-0.7605286116709283, 0.02404135758854231] and parameters: {'k1': 0.028401063201780267, 'D_low': 2240.9155921647994, 'k2': 0.0006863458703786212, 'D_high': 6525529.853354094, 'fire_exp': 1.7142304893572406, 'P_half': 157.80309954142965, 'pre_dampen_half': 16.224010950061366, 'gpp_af': 0.007914355321045717, 'gpp_b': 0.0004282509714243062, 'gpp_d': 124.54249714337958, 'ign_k': 3.965503094323014, 'ign_c': 22.126836566118193, 'trop_agb_crit': 26.951029433343408, 'trop_k_veg': 1.0611565590703291, 'fuel_k': 0.6149834196910364, 'fuel_half': 0.6603566884894324}.
[I 2026-07-22 20:48:02,397] Trial 1715 finished with values: [10.55135801974409, 10.55135801974409] and parameters: {'k1': 0.028401063201780267, 'D_low': 216.6574784061471, 'k2': 1.2399620267778296e-05, 'D_high': 9553.720617208288, 'fire_exp': 1.5191397119156032, 'P_half': 157.80309954142965, 'pre_dampen_half': 16.224010950061366, 'gpp_af': 0.03522602097143089, 'gpp_b': 0.004458440839692221, 'gpp_d': 0.2638581205411317, 'ign_k': 3.965503094323014, 'ign_c': 22.126836566118193, 'trop_agb_crit': 13.050465147768051, 'trop_k_veg': 4.5784420637928775, 'fuel_k': 0.1878651702682483, 'fuel_half': 0.6603566884894324}.
[I 2026-07-22 20:48:02,838] Trial 1716 finished with values: [-0.7197121276132343, 0.01801510371478665] and parameters: {'k1': 0.028401063201780267, 'D_low': 6.352873066377336, 'k2': 0.004695480001817501, 'D_high': 2413579.2291304003, 'fire_exp': 1.7804352962143668, 'P_half': 157.80309954142965, 'pre_dampen_half': 16.224010950061366, 'gpp_af': 0.03522602097143089, 'gpp_b': 0.006495428294418489, 'gpp_d': 12.338826503601998, 'ign_k': 3.965503094323014, 'ign_c': 22.126836566118193, 'trop_agb_crit': 8.65937260774655, 'trop_k_veg': 2.724170387400844, 'fuel_k': 0.5118852925133749, 'fuel_half': 0.6603566884894324}.
[I 2026-07-22 20:48:03,280] Trial 1717 finished with values: [10.01163131462881, 10.01163131462881] and parameters: {'k1': 0.028401063201780267, 'D_low': 216.6574784061471, 'k2': 0.004695480001817501, 'D_high': 6525529.853354094, 'fire_exp': 1.7142304893572406, 'P_half': 157.80309954142965, 'pre_dampen_half': 16.224010950061366, 'gpp_af': 0.03522602097143089, 'gpp_b': 0.00012118589392553798, 'gpp_d': 12.338826503601998, 'ign_k': 3.965503094323014, 'ign_c': 22.126836566118193, 'trop_agb_crit': 13.050465147768051, 'trop_k_veg': 4.5784420637928775, 'fuel_k': 0.5673719589652423, 'fuel_half': 0.6603566884894324}.
[I 2026-07-22 20:48:03,727] Trial 1718 finished with values: [-0.7959009946971921, 0.030284638560932664] and parameters: {'k1': 0.028401063201780267, 'D_low': 2240.9155921647994, 'k2': 0.0006863458703786212, 'D_high': 6525529.853354094, 'fire_exp': 1.5704801393982246, 'P_half': 355.00125258511594, 'pre_dampen_half': 16.224010950061366, 'gpp_af': 0.007914355321045717, 'gpp_b': 0.00012118589392553798, 'gpp_d': 12.338826503601998, 'ign_k': 2.7142572552186843, 'ign_c': 22.126836566118193, 'trop_agb_crit': 12.647327018493208, 'trop_k_veg': 2.724170387400844, 'fuel_k': 1.3435190130425099, 'fuel_half': 0.6603566884894324}.
[I 2026-07-22 20:48:04,164] Trial 1719 finished with values: [10.769225090559011, 10.769225090559011] and parameters: {'k1': 0.002820290687495313, 'D_low': 2240.9155921647994, 'k2': 0.004063469816737738, 'D_high': 21.183231330706853, 'fire_exp': 1.7142304893572406, 'P_half': 157.80309954142965, 'pre_dampen_half': 16.224010950061366, 'gpp_af': 0.007914355321045717, 'gpp_b': 0.0004282509714243062, 'gpp_d': 55.36383563435949, 'ign_k': 3.965503094323014, 'ign_c': 22.126836566118193, 'trop_agb_crit': 26.951029433343408, 'trop_k_veg': 4.5784420637928775, 'fuel_k': 0.6149834196910364, 'fuel_half': 0.6603566884894324}.
[I 2026-07-22 20:48:04,592] Trial 1720 finished with values: [-0.7693796112070461, 0.02076394278111593] and parameters: {'k1': 5.006402338982993e-05, 'D_low': 2100.23993517399, 'k2': 0.00018635763101520664, 'D_high': 6525529.853354094, 'fire_exp': 1.5191397119156032, 'P_half': 355.00125258511594, 'pre_dampen_half': 8.259599205585763, 'gpp_af': 0.03522602097143089, 'gpp_b': 0.0028993292583566945, 'gpp_d': 12.338826503601998, 'ign_k': 2.136832907235876, 'ign_c': 22.126836566118193, 'trop_agb_crit': 5.526463318565575, 'trop_k_veg': 4.050700716504253, 'fuel_k': 4.710433409437071, 'fuel_half': 0.6603566884894324}.
[I 2026-07-22 20:48:05,023] Trial 1721 finished with values: [-0.774943684458744, 0.04586761867752853] and parameters: {'k1': 0.09449167675162025, 'D_low': 216.6574784061471, 'k2': 1.0012413382403386e-05, 'D_high': 6525529.853354094, 'fire_exp': 1.5191397119156032, 'P_half': 110.79408034647635, 'pre_dampen_half': 16.224010950061366, 'gpp_af': 0.0176901289740541, 'gpp_b': 0.0004282509714243062, 'gpp_d': 12.338826503601998, 'ign_k': 3.965503094323014, 'ign_c': 22.126836566118193, 'trop_agb_crit': 6.187033415477641, 'trop_k_veg': 6.02985034296454, 'fuel_k': 0.6149834196910364, 'fuel_half': 1.3323297901105766}.
[I 2026-07-22 20:48:05,456] Trial 1722 finished with values: [-0.7899765765718659, 0.04403901445753755] and parameters: {'k1': 0.028401063201780267, 'D_low': 2240.9155921647994, 'k2': 0.0006863458703786212, 'D_high': 6525529.853354094, 'fire_exp': 1.2585476857229763, 'P_half': 355.00125258511594, 'pre_dampen_half': 16.224010950061366, 'gpp_af': 0.00844599651021394, 'gpp_b': 0.00012118589392553798, 'gpp_d': 12.338826503601998, 'ign_k': 3.965503094323014, 'ign_c': 22.126836566118193, 'trop_agb_crit': 6.187033415477641, 'trop_k_veg': 4.5784420637928775, 'fuel_k': 0.6149834196910364, 'fuel_half': 0.1382151742416933}.
[I 2026-07-22 20:48:05,894] Trial 1723 finished with values: [10.488909386503641, 10.488909386503641] and parameters: {'k1': 0.00012725598922226067, 'D_low': 2240.9155921647994, 'k2': 0.004063469816737738, 'D_high': 6525529.853354094, 'fire_exp': 1.5191397119156032, 'P_half': 157.80309954142965, 'pre_dampen_half': 8.259599205585763, 'gpp_af': 3.4267501249140517, 'gpp_b': 0.0004282509714243062, 'gpp_d': 12.338826503601998, 'ign_k': 2.136832907235876, 'ign_c': 22.126836566118193, 'trop_agb_crit': 26.951029433343408, 'trop_k_veg': 2.724170387400844, 'fuel_k': 4.710433409437071, 'fuel_half': 0.6603566884894324}.
[I 2026-07-22 20:48:06,334] Trial 1724 finished with values: [10.39762325694004, 10.39762325694004] and parameters: {'k1': 0.028401063201780267, 'D_low': 216.6574784061471, 'k2': 0.00033271381912662167, 'D_high': 6525529.853354094, 'fire_exp': 1.5191397119156032, 'P_half': 355.00125258511594, 'pre_dampen_half': 8.259599205585763, 'gpp_af': 0.0176901289740541, 'gpp_b': 0.0028993292583566945, 'gpp_d': 12.338826503601998, 'ign_k': 3.965503094323014, 'ign_c': 22.126836566118193, 'trop_agb_crit': 26.951029433343408, 'trop_k_veg': 6.02985034296454, 'fuel_k': 4.710433409437071, 'fuel_half': 0.6603566884894324}.
[I 2026-07-22 20:48:06,764] Trial 1725 finished with values: [10.76923076903347, 10.76923076903347] and parameters: {'k1': 0.028401063201780267, 'D_low': 216.6574784061471, 'k2': 0.00033271381912662167, 'D_high': 6525529.853354094, 'fire_exp': 1.2585476857229763, 'P_half': 157.80309954142965, 'pre_dampen_half': 16.224010950061366, 'gpp_af': 0.03522602097143089, 'gpp_b': 0.006495428294418489, 'gpp_d': 0.020580129731540064, 'ign_k': 3.965503094323014, 'ign_c': 227.69524927950172, 'trop_agb_crit': 6.187033415477641, 'trop_k_veg': 4.5784420637928775, 'fuel_k': 0.6149834196910364, 'fuel_half': 0.6603566884894324}.
[I 2026-07-22 20:48:07,193] Trial 1726 finished with values: [10.409128405041248, 10.409128405041248] and parameters: {'k1': 0.028401063201780267, 'D_low': 2240.9155921647994, 'k2': 0.004695480001817501, 'D_high': 6525529.853354094, 'fire_exp': 1.2585476857229763, 'P_half': 355.00125258511594, 'pre_dampen_half': 16.224010950061366, 'gpp_af': 0.00844599651021394, 'gpp_b': 0.00012118589392553798, 'gpp_d': 12.338826503601998, 'ign_k': 3.965503094323014, 'ign_c': 0.10358090248326732, 'trop_agb_crit': 6.187033415477641, 'trop_k_veg': 4.5784420637928775, 'fuel_k': 0.6149834196910364, 'fuel_half': 0.5501379535690832}.
[I 2026-07-22 20:48:07,618] Trial 1727 finished with values: [-0.7677063159624173, 0.024342285068681302] and parameters: {'k1': 0.028401063201780267, 'D_low': 2240.9155921647994, 'k2': 0.004063469816737738, 'D_high': 6525529.853354094, 'fire_exp': 1.7142304893572406, 'P_half': 157.80309954142965, 'pre_dampen_half': 16.224010950061366, 'gpp_af': 0.007914355321045717, 'gpp_b': 0.0004282509714243062, 'gpp_d': 12.338826503601998, 'ign_k': 3.965503094323014, 'ign_c': 22.126836566118193, 'trop_agb_crit': 26.951029433343408, 'trop_k_veg': 2.724170387400844, 'fuel_k': 0.6149834196910364, 'fuel_half': 0.6603566884894324}.
[I 2026-07-22 20:48:08,045] Trial 1728 finished with values: [-0.7428798679887278, 0.027760970409793417] and parameters: {'k1': 0.00021153782194224395, 'D_low': 2240.9155921647994, 'k2': 0.014666151770108535, 'D_high': 6525529.853354094, 'fire_exp': 1.2585476857229763, 'P_half': 157.80309954142965, 'pre_dampen_half': 8.259599205585763, 'gpp_af': 0.03522602097143089, 'gpp_b': 0.0028993292583566945, 'gpp_d': 12.338826503601998, 'ign_k': 3.965503094323014, 'ign_c': 22.126836566118193, 'trop_agb_crit': 8.65937260774655, 'trop_k_veg': 4.5784420637928775, 'fuel_k': 0.6149834196910364, 'fuel_half': 0.6603566884894324}.
[I 2026-07-22 20:48:08,477] Trial 1729 finished with values: [10.188461382070729, 10.188461382070729] and parameters: {'k1': 0.028401063201780267, 'D_low': 2240.9155921647994, 'k2': 0.0006863458703786212, 'D_high': 6525529.853354094, 'fire_exp': 1.2585476857229763, 'P_half': 355.00125258511594, 'pre_dampen_half': 50.64309983758007, 'gpp_af': 0.007914355321045717, 'gpp_b': 0.00012118589392553798, 'gpp_d': 12.338826503601998, 'ign_k': 2.7142572552186843, 'ign_c': 22.126836566118193, 'trop_agb_crit': 12.647327018493208, 'trop_k_veg': 2.724170387400844, 'fuel_k': 1.3435190130425099, 'fuel_half': 0.6603566884894324}.
[I 2026-07-22 20:48:08,910] Trial 1730 finished with values: [10.03142339289345, 10.03142339289345] and parameters: {'k1': 0.028401063201780267, 'D_low': 2100.23993517399, 'k2': 0.00033271381912662167, 'D_high': 6525529.853354094, 'fire_exp': 1.7142304893572406, 'P_half': 157.80309954142965, 'pre_dampen_half': 16.224010950061366, 'gpp_af': 0.007914355321045717, 'gpp_b': 0.0007899887349071737, 'gpp_d': 12.338826503601998, 'ign_k': 3.965503094323014, 'ign_c': 22.126836566118193, 'trop_agb_crit': 12.647327018493208, 'trop_k_veg': 4.5784420637928775, 'fuel_k': 0.6149834196910364, 'fuel_half': 0.6603566884894324}.
[I 2026-07-22 20:48:09,342] Trial 1731 finished with values: [10.105842808105862, 10.105842808105862] and parameters: {'k1': 0.002820290687495313, 'D_low': 2240.9155921647994, 'k2': 0.00033271381912662167, 'D_high': 6525529.853354094, 'fire_exp': 1.7142304893572406, 'P_half': 157.80309954142965, 'pre_dampen_half': 16.224010950061366, 'gpp_af': 0.0176901289740541, 'gpp_b': 0.0004282509714243062, 'gpp_d': 12.338826503601998, 'ign_k': 3.965503094323014, 'ign_c': 22.126836566118193, 'trop_agb_crit': 26.951029433343408, 'trop_k_veg': 0.6632246586555512, 'fuel_k': 0.10018075766959059, 'fuel_half': 0.6603566884894324}.
[I 2026-07-22 20:48:09,770] Trial 1732 finished with values: [10.73827755618103, 10.73827755618103] and parameters: {'k1': 0.028401063201780267, 'D_low': 3103.3332277537256, 'k2': 0.00033271381912662167, 'D_high': 419.14058799109523, 'fire_exp': 1.5191397119156032, 'P_half': 355.00125258511594, 'pre_dampen_half': 16.224010950061366, 'gpp_af': 0.03522602097143089, 'gpp_b': 0.0028993292583566945, 'gpp_d': 12.338826503601998, 'ign_k': 3.965503094323014, 'ign_c': 22.126836566118193, 'trop_agb_crit': 6.187033415477641, 'trop_k_veg': 5.172449334731738, 'fuel_k': 4.710433409437071, 'fuel_half': 0.6603566884894324}.
[I 2026-07-22 20:48:10,199] Trial 1733 finished with values: [10.018837978017103, 10.018837978017103] and parameters: {'k1': 0.028401063201780267, 'D_low': 2240.9155921647994, 'k2': 0.004063469816737738, 'D_high': 6525529.853354094, 'fire_exp': 1.332581172612547, 'P_half': 355.00125258511594, 'pre_dampen_half': 8.259599205585763, 'gpp_af': 0.0176901289740541, 'gpp_b': 0.0004282509714243062, 'gpp_d': 88.03641700387152, 'ign_k': 3.965503094323014, 'ign_c': 22.126836566118193, 'trop_agb_crit': 5.526463318565575, 'trop_k_veg': 6.02985034296454, 'fuel_k': 4.710433409437071, 'fuel_half': 1.3323297901105766}.
[I 2026-07-22 20:48:10,634] Trial 1734 finished with values: [10.545999930801338, 10.545999930801338] and parameters: {'k1': 0.028401063201780267, 'D_low': 2240.9155921647994, 'k2': 0.03693929302067966, 'D_high': 4007.7859409121997, 'fire_exp': 1.5704801393982246, 'P_half': 157.80309954142965, 'pre_dampen_half': 16.224010950061366, 'gpp_af': 0.007914355321045717, 'gpp_b': 0.00012118589392553798, 'gpp_d': 12.338826503601998, 'ign_k': 2.7142572552186843, 'ign_c': 22.126836566118193, 'trop_agb_crit': 26.951029433343408, 'trop_k_veg': 2.724170387400844, 'fuel_k': 3.372559985150283, 'fuel_half': 0.6603566884894324}.
[I 2026-07-22 20:48:11,068] Trial 1735 finished with values: [-0.7692533619396207, 0.026917130991443772] and parameters: {'k1': 0.028401063201780267, 'D_low': 216.6574784061471, 'k2': 0.00033271381912662167, 'D_high': 6525529.853354094, 'fire_exp': 1.5191397119156032, 'P_half': 157.80309954142965, 'pre_dampen_half': 16.224010950061366, 'gpp_af': 0.03522602097143089, 'gpp_b': 0.0028993292583566945, 'gpp_d': 12.338826503601998, 'ign_k': 3.965503094323014, 'ign_c': 22.126836566118193, 'trop_agb_crit': 8.65937260774655, 'trop_k_veg': 2.724170387400844, 'fuel_k': 0.6149834196910364, 'fuel_half': 0.6603566884894324}.
[I 2026-07-22 20:48:11,515] Trial 1736 finished with values: [-0.7905145903662182, 0.03541303916957472] and parameters: {'k1': 0.028401063201780267, 'D_low': 216.6574784061471, 'k2': 0.0006863458703786212, 'D_high': 6525529.853354094, 'fire_exp': 1.4130253383026772, 'P_half': 355.00125258511594, 'pre_dampen_half': 16.224010950061366, 'gpp_af': 0.007914355321045717, 'gpp_b': 0.00012118589392553798, 'gpp_d': 12.338826503601998, 'ign_k': 2.7142572552186843, 'ign_c': 22.126836566118193, 'trop_agb_crit': 6.187033415477641, 'trop_k_veg': 2.724170387400844, 'fuel_k': 0.6149834196910364, 'fuel_half': 0.6603566884894324}.
[I 2026-07-22 20:48:11,965] Trial 1737 finished with values: [-0.7951325173295707, 0.03044738170531558] and parameters: {'k1': 0.07183129001193454, 'D_low': 2240.9155921647994, 'k2': 0.0006863458703786212, 'D_high': 6525529.853354094, 'fire_exp': 1.5704801393982246, 'P_half': 355.00125258511594, 'pre_dampen_half': 16.224010950061366, 'gpp_af': 0.007914355321045717, 'gpp_b': 0.00012118589392553798, 'gpp_d': 12.338826503601998, 'ign_k': 3.965503094323014, 'ign_c': 22.126836566118193, 'trop_agb_crit': 8.65937260774655, 'trop_k_veg': 2.724170387400844, 'fuel_k': 1.3435190130425099, 'fuel_half': 0.6603566884894324}.
  trial 1738/2500  pareto_size=14  best_taylor=0.8046  best_ilamb=0.6070  (12.6 min)
[I 2026-07-22 20:48:12,717] Trial 1738 finished with values: [10.096874909344022, 10.096874909344022] and parameters: {'k1': 0.028401063201780267, 'D_low': 2240.9155921647994, 'k2': 0.00033271381912662167, 'D_high': 6525529.853354094, 'fire_exp': 1.5191397119156032, 'P_half': 157.80309954142965, 'pre_dampen_half': 16.224010950061366, 'gpp_af': 0.007914355321045717, 'gpp_b': 0.0004282509714243062, 'gpp_d': 0.027954235697852933, 'ign_k': 3.965503094323014, 'ign_c': 22.126836566118193, 'trop_agb_crit': 26.951029433343408, 'trop_k_veg': 4.5784420637928775, 'fuel_k': 0.6149834196910364, 'fuel_half': 0.6603566884894324}.
[I 2026-07-22 20:48:13,163] Trial 1739 finished with values: [-0.7746004097489332, 0.06415063074601923] and parameters: {'k1': 0.028401063201780267, 'D_low': 2240.9155921647994, 'k2': 0.0006863458703786212, 'D_high': 6525529.853354094, 'fire_exp': 1.7142304893572406, 'P_half': 157.80309954142965, 'pre_dampen_half': 16.224010950061366, 'gpp_af': 0.03522602097143089, 'gpp_b': 0.00012118589392553798, 'gpp_d': 12.338826503601998, 'ign_k': 3.965503094323014, 'ign_c': 22.126836566118193, 'trop_agb_crit': 12.647327018493208, 'trop_k_veg': 4.5784420637928775, 'fuel_k': 0.6149834196910364, 'fuel_half': 11.509535571919603}.
[I 2026-07-22 20:48:13,603] Trial 1740 finished with values: [10.551468238754543, 10.551468238754543] and parameters: {'k1': 0.028401063201780267, 'D_low': 2240.9155921647994, 'k2': 8.502316981901375e-05, 'D_high': 9180.878558703731, 'fire_exp': 1.2585476857229763, 'P_half': 157.80309954142965, 'pre_dampen_half': 16.224010950061366, 'gpp_af': 0.03522602097143089, 'gpp_b': 0.006495428294418489, 'gpp_d': 12.338826503601998, 'ign_k': 3.965503094323014, 'ign_c': 22.126836566118193, 'trop_agb_crit': 6.187033415477641, 'trop_k_veg': 4.5784420637928775, 'fuel_k': 0.6149834196910364, 'fuel_half': 0.6603566884894324}.
[I 2026-07-22 20:48:14,054] Trial 1741 finished with values: [-0.7952185078292383, 0.060635000275226836] and parameters: {'k1': 0.0002873259906771425, 'D_low': 2240.9155921647994, 'k2': 0.00033271381912662167, 'D_high': 6525529.853354094, 'fire_exp': 1.3130546915875578, 'P_half': 157.80309954142965, 'pre_dampen_half': 16.224010950061366, 'gpp_af': 0.00844599651021394, 'gpp_b': 0.00012118589392553798, 'gpp_d': 12.338826503601998, 'ign_k': 3.965503094323014, 'ign_c': 22.126836566118193, 'trop_agb_crit': 10.584071370490857, 'trop_k_veg': 4.5784420637928775, 'fuel_k': 0.6149834196910364, 'fuel_half': 0.6603566884894324}.
[I 2026-07-22 20:48:14,492] Trial 1742 finished with values: [-0.754376052557258, 0.02882901008798422] and parameters: {'k1': 0.028401063201780267, 'D_low': 2240.9155921647994, 'k2': 0.00033271381912662167, 'D_high': 6525529.853354094, 'fire_exp': 1.5191397119156032, 'P_half': 35.53000117261622, 'pre_dampen_half': 8.259599205585763, 'gpp_af': 0.03522602097143089, 'gpp_b': 0.0028993292583566945, 'gpp_d': 12.338826503601998, 'ign_k': 3.965503094323014, 'ign_c': 22.126836566118193, 'trop_agb_crit': 25.834351029317236, 'trop_k_veg': 4.5784420637928775, 'fuel_k': 0.6149834196910364, 'fuel_half': 0.6603566884894324}.
[I 2026-07-22 20:48:14,932] Trial 1743 finished with values: [10.76923076903347, 10.76923076903347] and parameters: {'k1': 0.002820290687495313, 'D_low': 2240.9155921647994, 'k2': 0.0033950604779428434, 'D_high': 6525529.853354094, 'fire_exp': 1.7142304893572406, 'P_half': 157.80309954142965, 'pre_dampen_half': 16.224010950061366, 'gpp_af': 0.0176901289740541, 'gpp_b': 0.0004282509714243062, 'gpp_d': 12.338826503601998, 'ign_k': 3.965503094323014, 'ign_c': 65.37750860470403, 'trop_agb_crit': 26.951029433343408, 'trop_k_veg': 2.724170387400844, 'fuel_k': 0.6149834196910364, 'fuel_half': 0.6603566884894324}.
[I 2026-07-22 20:48:15,371] Trial 1744 finished with values: [-0.5814997828457493, 0.09228704335608406] and parameters: {'k1': 1.0410056307646864e-05, 'D_low': 10.03964906805447, 'k2': 0.00033271381912662167, 'D_high': 6525529.853354094, 'fire_exp': 1.7142304893572406, 'P_half': 157.80309954142965, 'pre_dampen_half': 16.224010950061366, 'gpp_af': 0.007914355321045717, 'gpp_b': 0.00012118589392553798, 'gpp_d': 12.338826503601998, 'ign_k': 3.965503094323014, 'ign_c': 22.126836566118193, 'trop_agb_crit': 26.951029433343408, 'trop_k_veg': 4.5784420637928775, 'fuel_k': 0.9570833854908112, 'fuel_half': 0.6603566884894324}.
[I 2026-07-22 20:48:15,806] Trial 1745 finished with values: [-0.7680522508622654, 0.02444211504284799] and parameters: {'k1': 0.028401063201780267, 'D_low': 2240.9155921647994, 'k2': 0.00033271381912662167, 'D_high': 6525529.853354094, 'fire_exp': 1.7142304893572406, 'P_half': 157.80309954142965, 'pre_dampen_half': 16.224010950061366, 'gpp_af': 0.007914355321045717, 'gpp_b': 0.0004282509714243062, 'gpp_d': 12.338826503601998, 'ign_k': 3.965503094323014, 'ign_c': 22.126836566118193, 'trop_agb_crit': 26.951029433343408, 'trop_k_veg': 4.5784420637928775, 'fuel_k': 0.6149834196910364, 'fuel_half': 0.6603566884894324}.
[I 2026-07-22 20:48:16,270] Trial 1746 finished with values: [-0.7395742817088239, 0.020589061035056866] and parameters: {'k1': 1.0300849794948197e-05, 'D_low': 3103.3332277537256, 'k2': 0.00033271381912662167, 'D_high': 6525529.853354094, 'fire_exp': 1.642729354420761, 'P_half': 300.85508055280167, 'pre_dampen_half': 8.259599205585763, 'gpp_af': 0.059905273073812965, 'gpp_b': 0.0028993292583566945, 'gpp_d': 12.338826503601998, 'ign_k': 3.965503094323014, 'ign_c': 22.126836566118193, 'trop_agb_crit': 9.645662417063633, 'trop_k_veg': 4.134197325749631, 'fuel_k': 4.828653971211343, 'fuel_half': 0.6603566884894324}.
[I 2026-07-22 20:48:16,721] Trial 1747 finished with values: [10.374684089830666, 10.374684089830666] and parameters: {'k1': 0.028401063201780267, 'D_low': 2240.9155921647994, 'k2': 0.0006863458703786212, 'D_high': 6525529.853354094, 'fire_exp': 1.7142304893572406, 'P_half': 1107.009023678303, 'pre_dampen_half': 16.224010950061366, 'gpp_af': 0.0176901289740541, 'gpp_b': 0.00012118589392553798, 'gpp_d': 567.3663030442713, 'ign_k': 3.965503094323014, 'ign_c': 22.126836566118193, 'trop_agb_crit': 26.951029433343408, 'trop_k_veg': 2.724170387400844, 'fuel_k': 0.6149834196910364, 'fuel_half': 0.6603566884894324}.
[I 2026-07-22 20:48:17,153] Trial 1748 finished with values: [-0.7815217320303941, 0.04815461324493542] and parameters: {'k1': 0.028401063201780267, 'D_low': 2240.9155921647994, 'k2': 0.00033271381912662167, 'D_high': 6525529.853354094, 'fire_exp': 1.2585476857229763, 'P_half': 157.80309954142965, 'pre_dampen_half': 16.224010950061366, 'gpp_af': 0.0176901289740541, 'gpp_b': 0.0004282509714243062, 'gpp_d': 12.338826503601998, 'ign_k': 3.965503094323014, 'ign_c': 22.126836566118193, 'trop_agb_crit': 6.187033415477641, 'trop_k_veg': 4.5784420637928775, 'fuel_k': 0.6149834196910364, 'fuel_half': 0.6603566884894324}.
