[I 2026-07-24 02:22:13,457] Trial 917 finished with value: 0.4121012941418477 and parameters: {'k1': 0.0001639455241810252, 'D_low': 3047.4557492964673, 'k2': 0.002221188888147279, 'D_high': 2359619.2037317036, 'fire_exp': 1.1275818667095747, 'P_half': 11.857755496112125, 'pre_dampen_half': 2.0069565459005476, 'gpp_af': 0.7390013572145069, 'gpp_b': 0.0011345789752619873, 'gpp_d': 88.06322735886518, 'ign_k': 0.04922806830747845, 'ign_c': 0.12769316193541838, 'trop_agb_crit': 8.71183825746768, 'trop_k_veg': 0.6696119882607167, 'fuel_k': 5.91975915821138, 'fuel_half': 9.16727463275561}. Best is trial 0 with value: -0.6070628323553574.
[I 2026-07-24 02:22:13,873] Trial 918 finished with value: 0.40979384119684803 and parameters: {'k1': 0.0005613005221230876, 'D_low': 2764.6187669236615, 'k2': 0.00012417840369558864, 'D_high': 1667518.2083073962, 'fire_exp': 2.0164112737939153, 'P_half': 30.762887789084292, 'pre_dampen_half': 11.396543079734183, 'gpp_af': 0.02523711400071621, 'gpp_b': 0.000852810066576883, 'gpp_d': 932.7250892197441, 'ign_k': 0.9128158767533548, 'ign_c': 0.1002089601126149, 'trop_agb_crit': 20.316421997399715, 'trop_k_veg': 3.56842813398645, 'fuel_k': 0.6785600817439478, 'fuel_half': 1.0997726088779525}. Best is trial 0 with value: -0.6070628323553574.
[I 2026-07-24 02:22:14,294] Trial 919 finished with value: 0.4541252538644165 and parameters: {'k1': 0.000412929033212901, 'D_low': 85.36533604149963, 'k2': 0.000980133813057478, 'D_high': 42929.2995405518, 'fire_exp': 1.0566731671017047, 'P_half': 3.6386815783964392, 'pre_dampen_half': 6.43277540266148, 'gpp_af': 0.06818706637098819, 'gpp_b': 4.193229434053793e-05, 'gpp_d': 131.1029751913571, 'ign_k': 0.3035574438988828, 'ign_c': 3.011032968149154, 'trop_agb_crit': 10.228321885882403, 'trop_k_veg': 0.6296869503682978, 'fuel_k': 1.3490315757617908, 'fuel_half': 3.4373123347492904}. Best is trial 0 with value: -0.6070628323553574.
[I 2026-07-24 02:22:14,711] Trial 920 finished with value: -0.5597367018018086 and parameters: {'k1': 0.033417311760965795, 'D_low': 14.429418043949989, 'k2': 0.0005920090310231382, 'D_high': 1557968.3270336976, 'fire_exp': 1.980188372544968, 'P_half': 5.862143703911738, 'pre_dampen_half': 2.5230596764719753, 'gpp_af': 0.0016907119622541363, 'gpp_b': 0.000714222245402437, 'gpp_d': 425.0771594646068, 'ign_k': 7.570966797292548, 'ign_c': 1.3888755259135097, 'trop_agb_crit': 5.407673561135072, 'trop_k_veg': 5.863639951224993, 'fuel_k': 0.8863839450731503, 'fuel_half': 0.33695146605936704}. Best is trial 0 with value: -0.6070628323553574.
[I 2026-07-24 02:22:15,124] Trial 921 finished with value: 0.587773338328185 and parameters: {'k1': 0.0011375811569773926, 'D_low': 11168.37023222083, 'k2': 0.00022281181539167012, 'D_high': 40696.5917238995, 'fire_exp': 1.03921017975078, 'P_half': 4.7957283214387765, 'pre_dampen_half': 2.275959817966959, 'gpp_af': 0.0038196654054458343, 'gpp_b': 0.009642316274087738, 'gpp_d': 35.9993549528037, 'ign_k': 0.15336833530112973, 'ign_c': 1.5456529777113588, 'trop_agb_crit': 12.33567032881892, 'trop_k_veg': 2.4369765866801494, 'fuel_k': 2.2798580928625287, 'fuel_half': 6.9031651297287775}. Best is trial 0 with value: -0.6070628323553574.
[I 2026-07-24 02:22:15,541] Trial 922 finished with value: -0.5579064988247422 and parameters: {'k1': 0.000674241555393708, 'D_low': 29.79680893749417, 'k2': 0.001137241592745742, 'D_high': 8928369.741096592, 'fire_exp': 1.3385333160872228, 'P_half': 5.004574006330883, 'pre_dampen_half': 0.10054648600399832, 'gpp_af': 13.039393643531925, 'gpp_b': 0.0002222717225377995, 'gpp_d': 111.56547480818341, 'ign_k': 0.007574169839767325, 'ign_c': 0.46373628097992, 'trop_agb_crit': 6.674964056442991, 'trop_k_veg': 3.769873536147054, 'fuel_k': 4.169167552628507, 'fuel_half': 0.14719495954286665}. Best is trial 0 with value: -0.6070628323553574.
[I 2026-07-24 02:22:15,953] Trial 923 finished with value: 0.5774401564246039 and parameters: {'k1': 7.919393901077417e-05, 'D_low': 151.5467619353004, 'k2': 0.0004382430327504363, 'D_high': 3272027.6377448267, 'fire_exp': 1.1077197697690737, 'P_half': 9.372831974615904, 'pre_dampen_half': 0.03607513803633919, 'gpp_af': 0.15946807152092624, 'gpp_b': 0.38947628818499935, 'gpp_d': 198.28569620627212, 'ign_k': 0.19039856604670694, 'ign_c': 0.9721994403627567, 'trop_agb_crit': 10.136092859237946, 'trop_k_veg': 1.626708896645603, 'fuel_k': 5.418649473433715, 'fuel_half': 32.410211157655795}. Best is trial 0 with value: -0.6070628323553574.
[I 2026-07-24 02:22:16,368] Trial 924 finished with value: -0.5740913752338385 and parameters: {'k1': 0.05428644548841304, 'D_low': 1737.0263378671868, 'k2': 0.0009840308654554578, 'D_high': 1599351.4246335884, 'fire_exp': 1.8812747029128867, 'P_half': 11.67698534799076, 'pre_dampen_half': 0.31792501814685387, 'gpp_af': 0.7616088072691718, 'gpp_b': 0.001700901013209216, 'gpp_d': 19.809034649176933, 'ign_k': 0.8639939988427237, 'ign_c': 1.1308130682345445, 'trop_agb_crit': 21.89446433586526, 'trop_k_veg': 1.3537327869767195, 'fuel_k': 0.76725001723633, 'fuel_half': 0.11713280764262848}. Best is trial 0 with value: -0.6070628323553574.
[I 2026-07-24 02:22:16,784] Trial 925 finished with value: 0.5784986222289842 and parameters: {'k1': 0.0002905491320745868, 'D_low': 51.12598094341856, 'k2': 6.644831859482774e-05, 'D_high': 44199.44240751369, 'fire_exp': 3.957545163789831, 'P_half': 7.316823968831072, 'pre_dampen_half': 0.07852018116865962, 'gpp_af': 0.1474994607077076, 'gpp_b': 1.7928938257078888e-05, 'gpp_d': 219.23091401632877, 'ign_k': 0.40499373210025774, 'ign_c': 0.8473888421725592, 'trop_agb_crit': 10.536043702610986, 'trop_k_veg': 1.5866158370409997, 'fuel_k': 1.550232233714535, 'fuel_half': 33.42684225806925}. Best is trial 0 with value: -0.6070628323553574.
[I 2026-07-24 02:22:17,201] Trial 926 finished with value: 0.5428597784002991 and parameters: {'k1': 0.0016917334795398945, 'D_low': 2.585810392381625, 'k2': 1.0504704747338842e-05, 'D_high': 897133.8392463657, 'fire_exp': 1.0088712043582637, 'P_half': 1.5030121130146892, 'pre_dampen_half': 0.24364210987902876, 'gpp_af': 0.0804861365407383, 'gpp_b': 0.2565444230127881, 'gpp_d': 202.77001845047712, 'ign_k': 1.7094082295247743, 'ign_c': 1.8000814124910314, 'trop_agb_crit': 8.825275091381986, 'trop_k_veg': 3.247839707158997, 'fuel_k': 1.3659365594714508, 'fuel_half': 0.30675919662826456}. Best is trial 0 with value: -0.6070628323553574.
[I 2026-07-24 02:22:17,613] Trial 927 finished with value: 0.5126334622657648 and parameters: {'k1': 7.115040951996749e-05, 'D_low': 2572.2128349423306, 'k2': 3.9960758883509754e-05, 'D_high': 1172466.9899678994, 'fire_exp': 3.605836415504795, 'P_half': 53.11058144446313, 'pre_dampen_half': 4.067932330486291, 'gpp_af': 0.025617972817939243, 'gpp_b': 0.005544939224516006, 'gpp_d': 219.61405422277824, 'ign_k': 0.0805173860810247, 'ign_c': 0.18275398984204613, 'trop_agb_crit': 11.289400518972274, 'trop_k_veg': 2.8697779131247376, 'fuel_k': 4.1948728177396974, 'fuel_half': 0.20001949543472258}. Best is trial 0 with value: -0.6070628323553574.
[I 2026-07-24 02:22:18,027] Trial 928 finished with value: 0.6147310152418248 and parameters: {'k1': 2.5191416687963942e-05, 'D_low': 12166.228979914582, 'k2': 2.4344873235528205e-05, 'D_high': 113974.36462116662, 'fire_exp': 1.702748123988438, 'P_half': 10.141348962311644, 'pre_dampen_half': 10.746846305868274, 'gpp_af': 0.004666320520553216, 'gpp_b': 0.17155785522179473, 'gpp_d': 31.99021238486878, 'ign_k': 0.0772906295470606, 'ign_c': 0.10986647740172892, 'trop_agb_crit': 10.063424661423836, 'trop_k_veg': 1.0177086177135284, 'fuel_k': 0.5065529785548223, 'fuel_half': 19.332159751004383}. Best is trial 0 with value: -0.6070628323553574.
[I 2026-07-24 02:22:18,440] Trial 929 finished with value: 0.5666362276921586 and parameters: {'k1': 0.0012087390874041537, 'D_low': 2800.4689096437482, 'k2': 4.2978098274221545e-05, 'D_high': 1655425.0709828164, 'fire_exp': 1.300493855450906, 'P_half': 8.476474904320012, 'pre_dampen_half': 1.015581413957455, 'gpp_af': 0.001904810070984015, 'gpp_b': 0.0030245136603450178, 'gpp_d': 215.1537714593109, 'ign_k': 0.008925030242688101, 'ign_c': 0.22058813395060803, 'trop_agb_crit': 6.149482211860261, 'trop_k_veg': 1.700764304379666, 'fuel_k': 3.1413971885633534, 'fuel_half': 1.6643104647530096}. Best is trial 0 with value: -0.6070628323553574.
[I 2026-07-24 02:22:18,852] Trial 930 finished with value: 0.6019719668915842 and parameters: {'k1': 0.0006302107394780593, 'D_low': 38.068698815720694, 'k2': 0.0016737951366100376, 'D_high': 1534.7237545051119, 'fire_exp': 1.0210166403967218, 'P_half': 6.206134754707043, 'pre_dampen_half': 0.6330551688582909, 'gpp_af': 0.0849282711174408, 'gpp_b': 0.010491233565041726, 'gpp_d': 128.6834708810725, 'ign_k': 0.029958630680870093, 'ign_c': 2.6824175380626265, 'trop_agb_crit': 28.022777212161444, 'trop_k_veg': 1.3646800850382337, 'fuel_k': 3.8164537137135452, 'fuel_half': 45.073083859786244}. Best is trial 0 with value: -0.6070628323553574.
[I 2026-07-24 02:22:19,344] Trial 931 finished with value: 0.5065657185556722 and parameters: {'k1': 0.0007783258187416158, 'D_low': 51.894083650383934, 'k2': 6.54582848361684e-05, 'D_high': 186377.80478232625, 'fire_exp': 1.2581678522563309, 'P_half': 12.47410726363137, 'pre_dampen_half': 0.08878797257605973, 'gpp_af': 0.011822878732071428, 'gpp_b': 0.0005081796378760934, 'gpp_d': 384.56352352739464, 'ign_k': 1.8161183991700283, 'ign_c': 0.10977083344927556, 'trop_agb_crit': 14.574847754171856, 'trop_k_veg': 0.6877843100037002, 'fuel_k': 3.618697146122857, 'fuel_half': 25.78507429727125}. Best is trial 0 with value: -0.6070628323553574.
[I 2026-07-24 02:22:19,764] Trial 932 finished with value: 0.5098296775915205 and parameters: {'k1': 0.00010964822703174787, 'D_low': 8553.41220502564, 'k2': 4.024569431624283e-05, 'D_high': 208688.57720820152, 'fire_exp': 1.2516054472367963, 'P_half': 18.719390983069253, 'pre_dampen_half': 0.11940680333528869, 'gpp_af': 2.477194047137458, 'gpp_b': 0.0021340662054423307, 'gpp_d': 254.28041146125855, 'ign_k': 0.12200593732700651, 'ign_c': 0.13366649422129837, 'trop_agb_crit': 9.076701807682682, 'trop_k_veg': 2.349468075473268, 'fuel_k': 2.6373062609561146, 'fuel_half': 19.80923830530354}. Best is trial 0 with value: -0.6070628323553574.
[I 2026-07-24 02:22:20,182] Trial 933 finished with value: 0.581043763013902 and parameters: {'k1': 9.724915319969957e-05, 'D_low': 571.3844595724737, 'k2': 0.014540561978656776, 'D_high': 5850298.063897949, 'fire_exp': 8.593263346563464, 'P_half': 1.7039016742008324, 'pre_dampen_half': 15.681345761123138, 'gpp_af': 4.766242951234464, 'gpp_b': 0.007288632848569585, 'gpp_d': 22.22251282998333, 'ign_k': 0.04788312234737469, 'ign_c': 0.8467651760976842, 'trop_agb_crit': 18.90047491363807, 'trop_k_veg': 1.0265215316810634, 'fuel_k': 4.217851223471115, 'fuel_half': 0.2277962248260478}. Best is trial 0 with value: -0.6070628323553574.
[I 2026-07-24 02:22:20,596] Trial 934 finished with value: 0.4129561274949063 and parameters: {'k1': 0.0002827409331232126, 'D_low': 128.88303849317592, 'k2': 0.001354617145493638, 'D_high': 3267154.5092247445, 'fire_exp': 1.139878659789087, 'P_half': 2.089505964761472, 'pre_dampen_half': 0.4965589200752363, 'gpp_af': 0.023365606111531156, 'gpp_b': 4.9614444170533846e-05, 'gpp_d': 219.4972687326755, 'ign_k': 0.5633698016976701, 'ign_c': 1.4326800502921384, 'trop_agb_crit': 6.0713881725452, 'trop_k_veg': 2.8065711126183777, 'fuel_k': 3.3647614296736195, 'fuel_half': 22.744690379696646}. Best is trial 0 with value: -0.6070628323553574.
[I 2026-07-24 02:22:21,008] Trial 935 finished with value: -0.5155136353043867 and parameters: {'k1': 0.00027560953965319676, 'D_low': 2116.1482823568376, 'k2': 0.0001704830960330269, 'D_high': 64400.29774822141, 'fire_exp': 1.014460569591746, 'P_half': 9.675040427143246, 'pre_dampen_half': 1.8576118660314664, 'gpp_af': 0.04318489008769287, 'gpp_b': 0.022616172499207, 'gpp_d': 829.6281218021843, 'ign_k': 1.9194637505704433, 'ign_c': 0.2660433452709971, 'trop_agb_crit': 12.631913706386923, 'trop_k_veg': 1.5049731885234114, 'fuel_k': 0.19287887733058195, 'fuel_half': 6.689850614491332}. Best is trial 0 with value: -0.6070628323553574.
[I 2026-07-24 02:22:21,428] Trial 936 finished with value: 0.5209296281903951 and parameters: {'k1': 0.0014975413724201184, 'D_low': 580.2823064250088, 'k2': 0.0005580596776826896, 'D_high': 167083.1160644458, 'fire_exp': 2.058794381247089, 'P_half': 4.252929914271769, 'pre_dampen_half': 3.16464770798542, 'gpp_af': 0.040840807242029986, 'gpp_b': 0.019560416407856968, 'gpp_d': 104.30240268415687, 'ign_k': 0.1138390507290866, 'ign_c': 2.6367038682082886, 'trop_agb_crit': 9.014088871246837, 'trop_k_veg': 1.8786927353247527, 'fuel_k': 4.962295275308383, 'fuel_half': 51.044391413287094}. Best is trial 0 with value: -0.6070628323553574.
[I 2026-07-24 02:22:21,846] Trial 937 finished with value: 0.4415701873520651 and parameters: {'k1': 0.0009569044528234258, 'D_low': 89.5524906217231, 'k2': 0.02775389432922362, 'D_high': 1034931.0891429285, 'fire_exp': 2.7501297926574373, 'P_half': 70.54426900795639, 'pre_dampen_half': 9.099934325472292, 'gpp_af': 1.997800559160076, 'gpp_b': 0.0017177067612914381, 'gpp_d': 300.76828870785755, 'ign_k': 0.5671636131350127, 'ign_c': 0.19033691544494763, 'trop_agb_crit': 2.533373900536781, 'trop_k_veg': 0.6429914983597841, 'fuel_k': 2.9517981798054067, 'fuel_half': 0.26356206551887795}. Best is trial 0 with value: -0.6070628323553574.
[I 2026-07-24 02:22:22,262] Trial 938 finished with value: 0.5145802071618402 and parameters: {'k1': 1.8103874158808053e-05, 'D_low': 3148.3232743833387, 'k2': 0.0001657005994558952, 'D_high': 4720602.105407692, 'fire_exp': 1.7087022082526166, 'P_half': 23.946240279753916, 'pre_dampen_half': 2.584995108821574, 'gpp_af': 0.03633223112283692, 'gpp_b': 0.0016075150354668726, 'gpp_d': 356.9589589670803, 'ign_k': 0.0844980065391539, 'ign_c': 0.11243303859870138, 'trop_agb_crit': 11.453777610316683, 'trop_k_veg': 5.639439387156604, 'fuel_k': 3.6999558566346256, 'fuel_half': 68.17626040519286}. Best is trial 0 with value: -0.6070628323553574.
[I 2026-07-24 02:22:22,675] Trial 939 finished with value: 0.4295637577381163 and parameters: {'k1': 0.0005413984311051479, 'D_low': 3.9812131452936628, 'k2': 0.003442488051740713, 'D_high': 67907.76142137212, 'fire_exp': 1.1793521284153705, 'P_half': 70.26096301280116, 'pre_dampen_half': 8.22852737900357, 'gpp_af': 0.062392545555352105, 'gpp_b': 0.007046423553801286, 'gpp_d': 899.6944149342386, 'ign_k': 0.10449611299136648, 'ign_c': 0.6376640657384448, 'trop_agb_crit': 8.369494415368852, 'trop_k_veg': 2.201056639161605, 'fuel_k': 2.2029899105668322, 'fuel_half': 23.488042589896256}. Best is trial 0 with value: -0.6070628323553574.
[I 2026-07-24 02:22:23,088] Trial 940 finished with value: 0.6096446069122965 and parameters: {'k1': 0.009116055535735254, 'D_low': 19256.742719972015, 'k2': 0.00012101403730154147, 'D_high': 417971.718695169, 'fire_exp': 1.8640560069459045, 'P_half': 9.837915476845334, 'pre_dampen_half': 2.032522531099728, 'gpp_af': 0.0011615400381672584, 'gpp_b': 0.06159858664979695, 'gpp_d': 9.396377171030714, 'ign_k': 0.3078083416649485, 'ign_c': 0.12209155815572185, 'trop_agb_crit': 10.038552899215176, 'trop_k_veg': 4.308629523582106, 'fuel_k': 2.654535672839247, 'fuel_half': 0.15838877004501492}. Best is trial 0 with value: -0.6070628323553574.
[I 2026-07-24 02:22:23,500] Trial 941 finished with value: 0.520718045621864 and parameters: {'k1': 0.005491251450320771, 'D_low': 15405.996201604967, 'k2': 0.0003592805227041304, 'D_high': 46843.727506044284, 'fire_exp': 1.190141930333832, 'P_half': 31.172609447160347, 'pre_dampen_half': 19.641420652296674, 'gpp_af': 0.12172734443531244, 'gpp_b': 0.06106798966637781, 'gpp_d': 882.4407093560789, 'ign_k': 3.9078110988371115, 'ign_c': 0.2926814123726898, 'trop_agb_crit': 19.597381477454093, 'trop_k_veg': 5.520132778039368, 'fuel_k': 0.6735246441409538, 'fuel_half': 0.2731891301971341}. Best is trial 0 with value: -0.6070628323553574.
[I 2026-07-24 02:22:23,915] Trial 942 finished with value: 0.40607935578062426 and parameters: {'k1': 0.0006947378081432069, 'D_low': 393.8611166381482, 'k2': 0.0009287838375951244, 'D_high': 4659239.012170127, 'fire_exp': 1.8108368505527543, 'P_half': 82.31268951320071, 'pre_dampen_half': 2.4232174226453815, 'gpp_af': 0.2277104058404891, 'gpp_b': 2.921536086914496e-05, 'gpp_d': 190.32460633386364, 'ign_k': 2.901352420465321, 'ign_c': 2.8283968560057695, 'trop_agb_crit': 15.49499693479805, 'trop_k_veg': 4.4656428508019195, 'fuel_k': 0.17056670534527504, 'fuel_half': 0.17114888270936665}. Best is trial 0 with value: -0.6070628323553574.
[I 2026-07-24 02:22:24,336] Trial 943 finished with value: -0.5967396242550558 and parameters: {'k1': 0.002353483099890727, 'D_low': 281.26699859509756, 'k2': 7.096591278578268e-05, 'D_high': 1497736.512073346, 'fire_exp': 1.487536874698858, 'P_half': 3.773380167140877, 'pre_dampen_half': 0.7728493483412806, 'gpp_af': 0.40402875313594305, 'gpp_b': 0.0032655768669930555, 'gpp_d': 51.22203653938061, 'ign_k': 2.6948819798234904, 'ign_c': 1.4880461055528071, 'trop_agb_crit': 19.913569111419616, 'trop_k_veg': 4.514961766914113, 'fuel_k': 4.432393516318258, 'fuel_half': 12.266122010472436}. Best is trial 0 with value: -0.6070628323553574.
[I 2026-07-24 02:22:24,759] Trial 944 finished with value: 0.6512816894926317 and parameters: {'k1': 0.01364530564667651, 'D_low': 131.40565441515938, 'k2': 0.0014341265964539908, 'D_high': 429133.0010745038, 'fire_exp': 2.100248574540873, 'P_half': 4.007659512021674, 'pre_dampen_half': 3.19545042818916, 'gpp_af': 0.5734738900577463, 'gpp_b': 0.01389652437698575, 'gpp_d': 531.5408301192932, 'ign_k': 0.9373832620824906, 'ign_c': 40.07444069648712, 'trop_agb_crit': 26.43389125153071, 'trop_k_veg': 4.223901380938106, 'fuel_k': 2.059243738647223, 'fuel_half': 12.576513755777613}. Best is trial 0 with value: -0.6070628323553574.
[I 2026-07-24 02:22:25,174] Trial 945 finished with value: 0.4789390883849084 and parameters: {'k1': 0.006593148461176954, 'D_low': 1291.3773058883578, 'k2': 0.00012796335997780707, 'D_high': 3355695.0102539086, 'fire_exp': 1.8492275345967588, 'P_half': 2.877332818757062, 'pre_dampen_half': 0.37388681713981853, 'gpp_af': 0.23176381402945648, 'gpp_b': 3.364381072235384e-05, 'gpp_d': 200.9205528786838, 'ign_k': 0.06523427082499471, 'ign_c': 5.863886821360772, 'trop_agb_crit': 23.50841785391805, 'trop_k_veg': 6.994137935371924, 'fuel_k': 5.45033231408085, 'fuel_half': 19.549481633624712}. Best is trial 0 with value: -0.6070628323553574.
[I 2026-07-24 02:22:25,588] Trial 946 finished with value: 0.4573659373578962 and parameters: {'k1': 0.04075373648767992, 'D_low': 91.79959247336078, 'k2': 3.0864936237290414e-05, 'D_high': 268779.9370421032, 'fire_exp': 1.3986394671260347, 'P_half': 2.9891279482011646, 'pre_dampen_half': 0.433219459328858, 'gpp_af': 0.08288757749826942, 'gpp_b': 0.021850201611743607, 'gpp_d': 216.84455638610416, 'ign_k': 0.45625663061613486, 'ign_c': 0.3005568425754812, 'trop_agb_crit': 26.98292566103852, 'trop_k_veg': 5.048545481398273, 'fuel_k': 3.4335920752218834, 'fuel_half': 8.333855149090924}. Best is trial 0 with value: -0.6070628323553574.
[I 2026-07-24 02:22:26,003] Trial 947 finished with value: 0.5374519181255748 and parameters: {'k1': 4.21943354114779e-05, 'D_low': 4877.242721260919, 'k2': 1.653569902718837e-05, 'D_high': 179816.4132850185, 'fire_exp': 1.033627455341645, 'P_half': 5.313358693015429, 'pre_dampen_half': 1.0254210118547995, 'gpp_af': 0.19033962027666196, 'gpp_b': 0.16465871784414385, 'gpp_d': 580.4727767793227, 'ign_k': 0.05210243178495421, 'ign_c': 1.5622628090165709, 'trop_agb_crit': 7.763664241270169, 'trop_k_veg': 3.7236371965415667, 'fuel_k': 1.5858155544394879, 'fuel_half': 2.690413470749291}. Best is trial 0 with value: -0.6070628323553574.
[I 2026-07-24 02:22:26,420] Trial 948 finished with value: 0.49371635005074765 and parameters: {'k1': 0.00021739130374282857, 'D_low': 4589.514955361359, 'k2': 0.00017533448986681077, 'D_high': 2510052.118875483, 'fire_exp': 1.1800140206862881, 'P_half': 8.683829614441908, 'pre_dampen_half': 0.8709576582104546, 'gpp_af': 0.1316651005534905, 'gpp_b': 0.010454928599573587, 'gpp_d': 501.04748336742597, 'ign_k': 0.011645980887481188, 'ign_c': 0.17540575962843175, 'trop_agb_crit': 8.695969409856652, 'trop_k_veg': 3.232143207467249, 'fuel_k': 2.592457618202912, 'fuel_half': 3.1490913621114722}. Best is trial 0 with value: -0.6070628323553574.
[I 2026-07-24 02:22:26,838] Trial 949 finished with value: 0.4867441662645503 and parameters: {'k1': 0.00013758734481995535, 'D_low': 129.64704871808775, 'k2': 0.00011238390813253794, 'D_high': 328086.45537183917, 'fire_exp': 2.085530791368396, 'P_half': 59.136850273302045, 'pre_dampen_half': 0.3196603442097145, 'gpp_af': 0.07295886247428887, 'gpp_b': 0.0009905202978177116, 'gpp_d': 651.4242781843236, 'ign_k': 6.980178060090629, 'ign_c': 4.096750471486345, 'trop_agb_crit': 3.7326848358807077, 'trop_k_veg': 7.968668115436233, 'fuel_k': 0.7622006302408867, 'fuel_half': 0.3649383868490222}. Best is trial 0 with value: -0.6070628323553574.
[I 2026-07-24 02:22:27,255] Trial 950 finished with value: 0.5883532319257299 and parameters: {'k1': 0.001081492993186914, 'D_low': 16.75669855727126, 'k2': 0.0001499190214778669, 'D_high': 6141.696959542366, 'fire_exp': 1.340491231973008, 'P_half': 4.4013819397502845, 'pre_dampen_half': 0.03999594823511076, 'gpp_af': 0.6769057925146662, 'gpp_b': 0.047396469734260434, 'gpp_d': 182.06181322699678, 'ign_k': 0.5228381503421962, 'ign_c': 0.28804226452475196, 'trop_agb_crit': 9.624138718610345, 'trop_k_veg': 1.4745756289929717, 'fuel_k': 1.8189069195204268, 'fuel_half': 18.023392533359818}. Best is trial 0 with value: -0.6070628323553574.
