[I 2026-06-11 01:54:36,824] Trial 276 finished with values: [10.10542946740914, 10.10542946740914] and parameters: {'k1': 2.570626095678496e-05, 'D_low': 171.2446447678494, 'k2': 0.0004976087827261435, 'D_high': 1266.9536563782303, 'fire_exp': 1.4848387260494937, 'P_half': 51.10120656497163, 'pre_dampen_half': 123.04779330083686, 'gpp_af': 42.29037995744429, 'gpp_b': 0.015062722325200045, 'gpp_d': 96.93415502195788, 'ign_k': 0.002357279455676982, 'ign_c': 388.02797007866826, 'trop_agb_crit': 11.664190932505923, 'trop_k_veg': 1.2749676887479542, 'fire_amp': 5.606809127618709}.
[I 2026-06-11 01:54:38,115] Trial 277 finished with values: [10.748997743166838, 10.748997743166838] and parameters: {'k1': 5.7909642338812115e-05, 'D_low': 1.4002277211577039, 'k2': 0.0004976087827261435, 'D_high': 30227.031291375773, 'fire_exp': 1.1633452995374232, 'P_half': 51.10120656497163, 'pre_dampen_half': 123.04779330083686, 'gpp_af': 1.9706963379095486, 'gpp_b': 1.4540386644083135e-05, 'gpp_d': 0.12878367369717508, 'ign_k': 0.17320535908244444, 'ign_c': 48.704711413416454, 'trop_agb_crit': 24.199763404822136, 'trop_k_veg': 5.453348988480011, 'fire_amp': 4.19233232783727}.
[I 2026-06-11 01:54:39,464] Trial 278 finished with values: [10.769230768877819, 10.769230768877819] and parameters: {'k1': 0.006079905434073396, 'D_low': 1.4002277211577039, 'k2': 4.933751600448335e-05, 'D_high': 1817.0401889219124, 'fire_exp': 8.654231079054446, 'P_half': 782.8534228218628, 'pre_dampen_half': 33.71909132517384, 'gpp_af': 0.3015634307185767, 'gpp_b': 0.00047819318414852577, 'gpp_d': 1.0088237648985734, 'ign_k': 0.8945150807271531, 'ign_c': 157.63098727399432, 'trop_agb_crit': 8.0091368834625, 'trop_k_veg': 0.6673124511410327, 'fire_amp': 5.44779717154213}.
[I 2026-06-11 01:54:40,833] Trial 279 finished with values: [10.183648311592956, 10.183648311592956] and parameters: {'k1': 3.609310926766545e-05, 'D_low': 171.2446447678494, 'k2': 0.00037358626308127543, 'D_high': 27.55546207779663, 'fire_exp': 1.4848387260494937, 'P_half': 12.280874862135363, 'pre_dampen_half': 123.04779330083686, 'gpp_af': 0.016306190741524337, 'gpp_b': 2.176805640408474e-05, 'gpp_d': 0.7698760608299932, 'ign_k': 0.0029519227433917453, 'ign_c': 342.8810943862522, 'trop_agb_crit': 2.0527418919564324, 'trop_k_veg': 2.520089655463604, 'fire_amp': 5.44779717154213}.
[I 2026-06-11 01:54:42,352] Trial 280 finished with values: [10.143907217529184, 10.143907217529184] and parameters: {'k1': 5.7909642338812115e-05, 'D_low': 171.2446447678494, 'k2': 0.00037358626308127543, 'D_high': 1817.0401889219124, 'fire_exp': 1.1633452995374232, 'P_half': 564.3426708406568, 'pre_dampen_half': 1.8469033699850426, 'gpp_af': 0.2204465010099918, 'gpp_b': 2.176805640408474e-05, 'gpp_d': 1.0088237648985734, 'ign_k': 0.17320535908244444, 'ign_c': 0.4177928311636542, 'trop_agb_crit': 1.8285200278523417, 'trop_k_veg': 2.520089655463604, 'fire_amp': 5.44779717154213}.
[I 2026-06-11 01:54:43,836] Trial 281 finished with values: [10.122938445333196, 10.122938445333196] and parameters: {'k1': 3.609310926766545e-05, 'D_low': 171.2446447678494, 'k2': 1.8678768363332442e-05, 'D_high': 1266.9536563782303, 'fire_exp': 1.4848387260494937, 'P_half': 51.10120656497163, 'pre_dampen_half': 170.71098124594695, 'gpp_af': 1.9706963379095486, 'gpp_b': 0.015062722325200045, 'gpp_d': 96.93415502195788, 'ign_k': 0.002357279455676982, 'ign_c': 388.02797007866826, 'trop_agb_crit': 11.664190932505923, 'trop_k_veg': 1.2749676887479542, 'fire_amp': 3.1543496524370136}.
[I 2026-06-11 01:54:45,170] Trial 282 finished with values: [10.281129701066329, 10.281129701066329] and parameters: {'k1': 0.0001599021369655865, 'D_low': 1121.5915868662764, 'k2': 0.006802810205786726, 'D_high': 252.84086172415604, 'fire_exp': 1.4848387260494937, 'P_half': 12.280874862135363, 'pre_dampen_half': 30.456909077772018, 'gpp_af': 0.2204465010099918, 'gpp_b': 0.12046049142392454, 'gpp_d': 1.0088237648985734, 'ign_k': 0.17320535908244444, 'ign_c': 7.081721844034206, 'trop_agb_crit': 11.664190932505923, 'trop_k_veg': 5.453348988480011, 'fire_amp': 3.1543496524370136}.
[I 2026-06-11 01:54:46,511] Trial 283 finished with values: [10.712719243525346, 10.712719243525346] and parameters: {'k1': 3.609310926766545e-05, 'D_low': 1121.5915868662764, 'k2': 0.003767022142229395, 'D_high': 1817.0401889219124, 'fire_exp': 1.0601964743503993, 'P_half': 1265.0580856641704, 'pre_dampen_half': 123.04779330083686, 'gpp_af': 1.9706963379095486, 'gpp_b': 1.4540386644083135e-05, 'gpp_d': 3.57879245350232, 'ign_k': 0.17320535908244444, 'ign_c': 48.704711413416454, 'trop_agb_crit': 1.0693376406863295, 'trop_k_veg': 5.636143940068465, 'fire_amp': 5.831305332032283}.
[I 2026-06-11 01:54:47,840] Trial 284 finished with values: [10.447614200138808, 10.447614200138808] and parameters: {'k1': 0.00023134781612225627, 'D_low': 1.7551403048208316, 'k2': 0.08661811390647982, 'D_high': 32311.521854410956, 'fire_exp': 1.41873960828944, 'P_half': 45.55085098454082, 'pre_dampen_half': 16.009350908593582, 'gpp_af': 29.700320404259642, 'gpp_b': 0.00031478066835753096, 'gpp_d': 12.338826503601998, 'ign_k': 0.002357279455676982, 'ign_c': 99.96359851911319, 'trop_agb_crit': 1.8023542850487386, 'trop_k_veg': 6.030247256556128, 'fire_amp': 1.4475279918261055}.
[I 2026-06-11 01:54:49,268] Trial 285 finished with values: [13.37729297834754, 13.37729297834754] and parameters: {'k1': 5.178197947282869e-05, 'D_low': 171.2446447678494, 'k2': 0.0007731571570012607, 'D_high': 1817.0401889219124, 'fire_exp': 1.1633452995374232, 'P_half': 1.859526645713404, 'pre_dampen_half': 123.04779330083686, 'gpp_af': 0.8144272585223832, 'gpp_b': 0.002416023630607169, 'gpp_d': 21.899070557043984, 'ign_k': 0.002357279455676982, 'ign_c': 388.02797007866826, 'trop_agb_crit': 24.199763404822136, 'trop_k_veg': 1.2749676887479542, 'fire_amp': 5.606809127618709}.
[I 2026-06-11 01:54:50,909] Trial 286 finished with values: [-0.5950909781463998, 0.3340126316374352] and parameters: {'k1': 0.0002418422795847161, 'D_low': 236.79352040223893, 'k2': 0.032141234030334316, 'D_high': 6682.9607218310075, 'fire_exp': 1.2060040899560858, 'P_half': 2.226799690893868, 'pre_dampen_half': 4.847666216751353, 'gpp_af': 0.9219336658511308, 'gpp_b': 0.001674375583895437, 'gpp_d': 1.4397852866783676, 'ign_k': 0.0032383308053152635, 'ign_c': 1.364908766641693, 'trop_agb_crit': 12.9667438075127, 'trop_k_veg': 2.99731137426955, 'fire_amp': 2.7806853670293616}.
[I 2026-06-11 01:54:52,345] Trial 287 finished with values: [10.286016406463109, 10.286016406463109] and parameters: {'k1': 5.7909642338812115e-05, 'D_low': 171.2446447678494, 'k2': 4.933751600448335e-05, 'D_high': 36998.679204890876, 'fire_exp': 1.9136159174067866, 'P_half': 93.43302657318476, 'pre_dampen_half': 37.40930273158252, 'gpp_af': 1.9998014714101113, 'gpp_b': 0.05314875633348467, 'gpp_d': 594.7389794988394, 'ign_k': 0.8945150807271531, 'ign_c': 16.497426799845446, 'trop_agb_crit': 1.1683326952092081, 'trop_k_veg': 2.520089655463604, 'fire_amp': 1.5587346124822492}.
[I 2026-06-11 01:54:53,869] Trial 288 finished with values: [10.769230768877819, 10.769230768877819] and parameters: {'k1': 0.012840669372724958, 'D_low': 3063.001606653078, 'k2': 0.0011135501184757278, 'D_high': 42210.21267871043, 'fire_exp': 1.0601964743503993, 'P_half': 1265.0580856641704, 'pre_dampen_half': 4.603480758878793, 'gpp_af': 0.41874665092828456, 'gpp_b': 0.0004125336560355494, 'gpp_d': 46.010874324515754, 'ign_k': 0.17320535908244444, 'ign_c': 783.3500522138154, 'trop_agb_crit': 2.0527418919564324, 'trop_k_veg': 5.636143940068465, 'fire_amp': 5.831305332032283}.
[I 2026-06-11 01:54:55,187] Trial 289 finished with values: [-0.619234880519878, 0.19375389291699918] and parameters: {'k1': 0.012840669372724958, 'D_low': 171.2446447678494, 'k2': 0.00037358626308127543, 'D_high': 36998.679204890876, 'fire_exp': 1.2918065501148304, 'P_half': 61.6097529474144, 'pre_dampen_half': 30.456909077772018, 'gpp_af': 0.016306190741524337, 'gpp_b': 0.0004125336560355494, 'gpp_d': 0.7698760608299932, 'ign_k': 0.0029519227433917453, 'ign_c': 39.52220881906114, 'trop_agb_crit': 2.0527418919564324, 'trop_k_veg': 2.520089655463604, 'fire_amp': 1.2393473789150806}.
[I 2026-06-11 01:54:56,706] Trial 290 finished with values: [10.765830437548397, 10.765830437548397] and parameters: {'k1': 0.00026539376439360527, 'D_low': 7507.777979297807, 'k2': 1.1417577140741129e-05, 'D_high': 29.126651668813768, 'fire_exp': 3.2459542834651627, 'P_half': 9.580682294110435, 'pre_dampen_half': 189.88136301569827, 'gpp_af': 1.7775411110039254, 'gpp_b': 0.002416023630607169, 'gpp_d': 95.2715755007094, 'ign_k': 0.00660597889201953, 'ign_c': 7.832259769732471, 'trop_agb_crit': 21.086120736447015, 'trop_k_veg': 0.6488368931910606, 'fire_amp': 2.818314238665462}.
[I 2026-06-11 01:54:58,263] Trial 291 finished with values: [10.494403813831793, 10.494403813831793] and parameters: {'k1': 5.7909642338812115e-05, 'D_low': 1.7551403048208316, 'k2': 0.003767022142229395, 'D_high': 1817.0401889219124, 'fire_exp': 1.41873960828944, 'P_half': 996.7983879709292, 'pre_dampen_half': 16.009350908593582, 'gpp_af': 0.3015634307185767, 'gpp_b': 0.004411400434514031, 'gpp_d': 1.0088237648985734, 'ign_k': 0.07867677706257832, 'ign_c': 0.33139424373451987, 'trop_agb_crit': 12.708819454040446, 'trop_k_veg': 0.6673124511410327, 'fire_amp': 1.5719333351012774}.
[I 2026-06-11 01:54:59,650] Trial 292 finished with values: [10.7070949709771, 10.7070949709771] and parameters: {'k1': 5.7909642338812115e-05, 'D_low': 1.4002277211577039, 'k2': 0.003767022142229395, 'D_high': 32311.521854410956, 'fire_exp': 1.811096651915224, 'P_half': 5.4712187293420325, 'pre_dampen_half': 33.71909132517384, 'gpp_af': 0.3015634307185767, 'gpp_b': 0.00031478066835753096, 'gpp_d': 0.1619054449471649, 'ign_k': 0.00840038491455979, 'ign_c': 157.63098727399432, 'trop_agb_crit': 12.708819454040446, 'trop_k_veg': 0.6673124511410327, 'fire_amp': 1.5719333351012774}.
[I 2026-06-11 01:55:01,024] Trial 293 finished with values: [10.754456581304918, 10.754456581304918] and parameters: {'k1': 0.05705198955850472, 'D_low': 1079.0778643024298, 'k2': 0.01567230746060024, 'D_high': 44974.07193749848, 'fire_exp': 3.2459542834651627, 'P_half': 1025.3368317956683, 'pre_dampen_half': 98.05638874011484, 'gpp_af': 0.2204465010099918, 'gpp_b': 0.16285506249643175, 'gpp_d': 95.2715755007094, 'ign_k': 3.6309591863459096, 'ign_c': 2.2489542843914485, 'trop_agb_crit': 3.5874145253515306, 'trop_k_veg': 0.6488368931910606, 'fire_amp': 2.818314238665462}.
[I 2026-06-11 01:55:02,382] Trial 294 finished with values: [-0.5087304579773387, 0.081137335278745] and parameters: {'k1': 5.178197947282869e-05, 'D_low': 236.79352040223893, 'k2': 0.0004976087827261435, 'D_high': 24.9899605789089, 'fire_exp': 1.2344878997299724, 'P_half': 45.55085098454082, 'pre_dampen_half': 189.88136301569827, 'gpp_af': 0.2204465010099918, 'gpp_b': 0.002416023630607169, 'gpp_d': 21.899070557043984, 'ign_k': 0.0018548376790967168, 'ign_c': 1.4879588507789996, 'trop_agb_crit': 8.0091368834625, 'trop_k_veg': 6.030247256556128, 'fire_amp': 1.1655705619308396}.
[I 2026-06-11 01:55:03,757] Trial 295 finished with values: [10.543413481373868, 10.543413481373868] and parameters: {'k1': 0.00031134168041628584, 'D_low': 12.105387404469584, 'k2': 0.0004976087827261435, 'D_high': 12.541447539026084, 'fire_exp': 1.0601964743503993, 'P_half': 1.226010546471291, 'pre_dampen_half': 16.009350908593582, 'gpp_af': 1.9706963379095486, 'gpp_b': 0.00031478066835753096, 'gpp_d': 12.338826503601998, 'ign_k': 0.002357279455676982, 'ign_c': 7.081721844034206, 'trop_agb_crit': 24.199763404822136, 'trop_k_veg': 0.5535297685306277, 'fire_amp': 4.19233232783727}.
[I 2026-06-11 01:55:05,242] Trial 296 finished with values: [10.738751588773118, 10.738751588773118] and parameters: {'k1': 0.0001969885015387913, 'D_low': 1.7551403048208316, 'k2': 0.00037358626308127543, 'D_high': 900.6846506533042, 'fire_exp': 1.9136159174067866, 'P_half': 3.591771421517613, 'pre_dampen_half': 30.456909077772018, 'gpp_af': 0.008117091133892173, 'gpp_b': 2.176805640408474e-05, 'gpp_d': 12.338826503601998, 'ign_k': 0.0029519227433917453, 'ign_c': 342.8810943862522, 'trop_agb_crit': 2.0527418919564324, 'trop_k_veg': 0.5535297685306277, 'fire_amp': 1.5719333351012774}.
[I 2026-06-11 01:55:06,692] Trial 297 finished with values: [10.769230768877819, 10.769230768877819] and parameters: {'k1': 0.006079905434073396, 'D_low': 2267.735223551285, 'k2': 0.02065142557895925, 'D_high': 48235.58283024493, 'fire_exp': 1.0601964743503993, 'P_half': 1265.0580856641704, 'pre_dampen_half': 9.044346216330972, 'gpp_af': 0.41874665092828456, 'gpp_b': 0.00047819318414852577, 'gpp_d': 46.010874324515754, 'ign_k': 0.17320535908244444, 'ign_c': 120.67843549291506, 'trop_agb_crit': 10.2166878366619, 'trop_k_veg': 5.636143940068465, 'fire_amp': 1.5587346124822492}.
[I 2026-06-11 01:55:08,008] Trial 298 finished with values: [10.09458189698138, 10.09458189698138] and parameters: {'k1': 5.7909642338812115e-05, 'D_low': 1.7551403048208316, 'k2': 0.00037358626308127543, 'D_high': 36998.679204890876, 'fire_exp': 1.9136159174067866, 'P_half': 93.43302657318476, 'pre_dampen_half': 30.456909077772018, 'gpp_af': 0.07118041471054574, 'gpp_b': 2.176805640408474e-05, 'gpp_d': 1.6963424566071992, 'ign_k': 0.002357279455676982, 'ign_c': 39.52220881906114, 'trop_agb_crit': 4.902399583903479, 'trop_k_veg': 2.520089655463604, 'fire_amp': 3.1543496524370136}.
[I 2026-06-11 01:55:09,311] Trial 299 finished with values: [10.023063914419904, 10.023063914419904] and parameters: {'k1': 0.012840669372724958, 'D_low': 171.2446447678494, 'k2': 0.0004976087827261435, 'D_high': 27.55546207779663, 'fire_exp': 1.2918065501148304, 'P_half': 93.43302657318476, 'pre_dampen_half': 30.456909077772018, 'gpp_af': 0.2204465010099918, 'gpp_b': 2.176805640408474e-05, 'gpp_d': 20.81401325574021, 'ign_k': 0.0029519227433917453, 'ign_c': 342.8810943862522, 'trop_agb_crit': 2.0527418919564324, 'trop_k_veg': 1.2749676887479542, 'fire_amp': 5.606809127618709}.
[I 2026-06-11 01:55:10,638] Trial 300 finished with values: [10.768822444319174, 10.768822444319174] and parameters: {'k1': 0.012840669372724958, 'D_low': 236.79352040223893, 'k2': 0.02065142557895925, 'D_high': 124.31017136067044, 'fire_exp': 1.2918065501148304, 'P_half': 61.6097529474144, 'pre_dampen_half': 4.603480758878793, 'gpp_af': 96.74365715402625, 'gpp_b': 2.800940363375676e-05, 'gpp_d': 0.7698760608299932, 'ign_k': 0.0032383308053152635, 'ign_c': 1.364908766641693, 'trop_agb_crit': 2.0527418919564324, 'trop_k_veg': 2.99731137426955, 'fire_amp': 1.2393473789150806}.
[I 2026-06-11 01:55:12,239] Trial 301 finished with values: [10.891831851765234, 10.891831851765234] and parameters: {'k1': 0.0008362695993649681, 'D_low': 236.79352040223893, 'k2': 0.02939607009739149, 'D_high': 32311.521854410956, 'fire_exp': 1.2060040899560858, 'P_half': 5.4712187293420325, 'pre_dampen_half': 4.847666216751353, 'gpp_af': 1.7775411110039254, 'gpp_b': 0.0036065155862388338, 'gpp_d': 1.4397852866783676, 'ign_k': 3.6309591863459096, 'ign_c': 7.081721844034206, 'trop_agb_crit': 12.9667438075127, 'trop_k_veg': 2.99731137426955, 'fire_amp': 2.7806853670293616}.
[I 2026-06-11 01:55:13,799] Trial 302 finished with values: [10.66823280744292, 10.66823280744292] and parameters: {'k1': 0.0006390695092073222, 'D_low': 408.3047491580097, 'k2': 0.0007731571570012607, 'D_high': 252.84086172415604, 'fire_exp': 1.4848387260494937, 'P_half': 12.280874862135363, 'pre_dampen_half': 1.8469033699850426, 'gpp_af': 0.41874665092828456, 'gpp_b': 0.002416023630607169, 'gpp_d': 96.93415502195788, 'ign_k': 0.012480180965117606, 'ign_c': 48.704711413416454, 'trop_agb_crit': 1.8566494291193822, 'trop_k_veg': 0.5183533149347164, 'fire_amp': 5.44779717154213}.
[I 2026-06-11 01:55:15,269] Trial 303 finished with values: [10.692668371961867, 10.692668371961867] and parameters: {'k1': 0.00031134168041628584, 'D_low': 1739.6167422846984, 'k2': 0.01567230746060024, 'D_high': 42210.21267871043, 'fire_exp': 1.7505406131449859, 'P_half': 101.40635645866499, 'pre_dampen_half': 98.05638874011484, 'gpp_af': 14.161176080022173, 'gpp_b': 1.4540386644083135e-05, 'gpp_d': 0.7698760608299932, 'ign_k': 0.00840038491455979, 'ign_c': 157.63098727399432, 'trop_agb_crit': 3.5874145253515306, 'trop_k_veg': 0.6673124511410327, 'fire_amp': 3.890668402773863}.
[I 2026-06-11 01:55:16,538] Trial 304 finished with values: [10.49397618524601, 10.49397618524601] and parameters: {'k1': 5.7909642338812115e-05, 'D_low': 1.4002277211577039, 'k2': 0.0007731571570012607, 'D_high': 30227.031291375773, 'fire_exp': 1.41873960828944, 'P_half': 1265.0580856641704, 'pre_dampen_half': 16.009350908593582, 'gpp_af': 0.41874665092828456, 'gpp_b': 1.3415796596713932e-05, 'gpp_d': 1.0088237648985734, 'ign_k': 0.17320535908244444, 'ign_c': 7.081721844034206, 'trop_agb_crit': 1.8566494291193822, 'trop_k_veg': 5.453348988480011, 'fire_amp': 1.5719333351012774}.
[I 2026-06-11 01:55:17,900] Trial 305 finished with values: [10.533368279739184, 10.533368279739184] and parameters: {'k1': 0.012840669372724958, 'D_low': 13.012518385211498, 'k2': 0.0002442377596403892, 'D_high': 22.636544662054543, 'fire_exp': 1.0420149135640993, 'P_half': 7.914423612155368, 'pre_dampen_half': 4.603480758878793, 'gpp_af': 0.005061568304359487, 'gpp_b': 0.004411400434514031, 'gpp_d': 1.0088237648985734, 'ign_k': 0.0029519227433917453, 'ign_c': 0.22592797420156951, 'trop_agb_crit': 2.0527418919564324, 'trop_k_veg': 0.5667990147757791, 'fire_amp': 1.2393473789150806}.
[I 2026-06-11 01:55:19,254] Trial 306 finished with values: [10.434169120495975, 10.434169120495975] and parameters: {'k1': 0.003968136435370146, 'D_low': 6010.742028864748, 'k2': 1.1417577140741129e-05, 'D_high': 30227.031291375773, 'fire_exp': 1.41873960828944, 'P_half': 12.280874862135363, 'pre_dampen_half': 16.009350908593582, 'gpp_af': 0.41874665092828456, 'gpp_b': 0.00012118589392553798, 'gpp_d': 1.0088237648985734, 'ign_k': 0.17320535908244444, 'ign_c': 7.081721844034206, 'trop_agb_crit': 4.902399583903479, 'trop_k_veg': 4.989748894578724, 'fire_amp': 3.1543496524370136}.
[I 2026-06-11 01:55:20,717] Trial 307 finished with values: [12.332479216996296, 12.332479216996296] and parameters: {'k1': 0.03648456083047798, 'D_low': 236.79352040223893, 'k2': 0.02065142557895925, 'D_high': 6682.9607218310075, 'fire_exp': 1.0812994412809738, 'P_half': 93.43302657318476, 'pre_dampen_half': 4.847666216751353, 'gpp_af': 0.0065783822580709386, 'gpp_b': 2.176805640408474e-05, 'gpp_d': 94.19931479490882, 'ign_k': 0.0032383308053152635, 'ign_c': 39.52220881906114, 'trop_agb_crit': 8.0091368834625, 'trop_k_veg': 2.99731137426955, 'fire_amp': 5.44779717154213}.
[I 2026-06-11 01:55:22,194] Trial 308 finished with values: [10.03235821621188, 10.03235821621188] and parameters: {'k1': 0.0018697387216131526, 'D_low': 1.7551403048208316, 'k2': 0.0011135501184757278, 'D_high': 32311.521854410956, 'fire_exp': 1.2918065501148304, 'P_half': 61.6097529474144, 'pre_dampen_half': 4.603480758878793, 'gpp_af': 0.016306190741524337, 'gpp_b': 0.0004125336560355494, 'gpp_d': 0.7698760608299932, 'ign_k': 0.002357279455676982, 'ign_c': 59.52904331761843, 'trop_agb_crit': 2.0527418919564324, 'trop_k_veg': 4.989748894578724, 'fire_amp': 3.1543496524370136}.
[I 2026-06-11 01:55:23,523] Trial 309 finished with values: [10.37654389042938, 10.37654389042938] and parameters: {'k1': 0.0326979063339169, 'D_low': 1.7551403048208316, 'k2': 0.0007731571570012607, 'D_high': 27.55546207779663, 'fire_exp': 1.2918065501148304, 'P_half': 3.591771421517613, 'pre_dampen_half': 253.71947027764784, 'gpp_af': 10.25616274847308, 'gpp_b': 0.00807491410172472, 'gpp_d': 20.81401325574021, 'ign_k': 0.002357279455676982, 'ign_c': 7.081721844034206, 'trop_agb_crit': 24.199763404822136, 'trop_k_veg': 0.5535297685306277, 'fire_amp': 2.6192385880432525}.
[I 2026-06-11 01:55:24,849] Trial 310 finished with values: [10.633563268451194, 10.633563268451194] and parameters: {'k1': 5.7909642338812115e-05, 'D_low': 236.79352040223893, 'k2': 7.639737756882014e-05, 'D_high': 21.356209987689077, 'fire_exp': 1.41873960828944, 'P_half': 2.226799690893868, 'pre_dampen_half': 4.847666216751353, 'gpp_af': 0.060029341913968644, 'gpp_b': 0.12105864607844925, 'gpp_d': 1.4397852866783676, 'ign_k': 0.17320535908244444, 'ign_c': 1.364908766641693, 'trop_agb_crit': 8.0091368834625, 'trop_k_veg': 2.99731137426955, 'fire_amp': 3.1543496524370136}.
[I 2026-06-11 01:55:26,189] Trial 311 finished with values: [19.4098915400282, 19.4098915400282] and parameters: {'k1': 3.609310926766545e-05, 'D_low': 43.03411264066069, 'k2': 0.0007731571570012607, 'D_high': 32311.521854410956, 'fire_exp': 1.41873960828944, 'P_half': 5.4712187293420325, 'pre_dampen_half': 170.71098124594695, 'gpp_af': 1.8730788990929563, 'gpp_b': 0.0004360709560327289, 'gpp_d': 12.338826503601998, 'ign_k': 0.17320535908244444, 'ign_c': 0.4177928311636542, 'trop_agb_crit': 12.708819454040446, 'trop_k_veg': 4.989748894578724, 'fire_amp': 3.1543496524370136}.
[I 2026-06-11 01:55:27,641] Trial 312 finished with values: [10.557293217830107, 10.557293217830107] and parameters: {'k1': 0.016973078532467004, 'D_low': 12.105387404469584, 'k2': 0.003767022142229395, 'D_high': 2427.054417940131, 'fire_exp': 1.0601964743503993, 'P_half': 8.318314747941244, 'pre_dampen_half': 0.011396414164620812, 'gpp_af': 1.9706963379095486, 'gpp_b': 1.1008110571039521e-05, 'gpp_d': 46.010874324515754, 'ign_k': 0.00840038491455979, 'ign_c': 48.704711413416454, 'trop_agb_crit': 1.5033346993841157, 'trop_k_veg': 0.6673124511410327, 'fire_amp': 4.19233232783727}.
