[I 2026-08-20 00:45:11,296] Trial 1088 finished with value: 0.5330630356661837 and parameters: {'k1': 0.0011593937602611566, 'D_low': 111.85572902041808, 'k2': 0.0009354335732476765, 'D_high': 279422.56938515033, 'fire_exp': 1.1699397453191427, 'P_half': 1.2594056929869335, 'pre_dampen_half': 0.46716578037776496, 'gpp_af': 0.4071056461514178, 'gpp_b': 0.027719747346910666, 'gpp_d': 1.4244462229965478, 'ign_k': 0.009602938136385372, 'ign_c': 0.29562027908064553, 'trop_agb_crit': 2.43713069647571, 'trop_k_veg': 2.4210788392679663, 'pop_amp': 0.0628037824292834, 'pop_peak': 3.9313449266661094, 'pop_sig': 0.8332121399499269}. Best is trial 274 with value: -0.604910391627968.
[I 2026-08-20 00:45:13,182] Trial 1089 finished with value: 0.6445374145881376 and parameters: {'k1': 0.008140572203864849, 'D_low': 3351.812229327482, 'k2': 0.018169237273841704, 'D_high': 1031790.6843533383, 'fire_exp': 7.715587659729713, 'P_half': 2.763667511944066, 'pre_dampen_half': 3.0998472291792605, 'gpp_af': 0.048079344867398066, 'gpp_b': 0.0011273309417941216, 'gpp_d': 0.10702866339431504, 'ign_k': 0.2158226388695747, 'ign_c': 234.58490402169681, 'trop_agb_crit': 1.7427730421733287, 'trop_k_veg': 5.1512819199877695, 'pop_amp': 0.1158615383387572, 'pop_peak': 2.4801977449909662, 'pop_sig': 1.0054186506635483}. Best is trial 274 with value: -0.604910391627968.
[I 2026-08-20 00:45:15,092] Trial 1090 finished with value: 0.5862251530925946 and parameters: {'k1': 0.0005562577407712757, 'D_low': 1568.7338538988406, 'k2': 0.0752138710245718, 'D_high': 1097161.0962201017, 'fire_exp': 1.4456496080889358, 'P_half': 2.045185770974339, 'pre_dampen_half': 0.20783209512611917, 'gpp_af': 0.01254361569057894, 'gpp_b': 0.04182296990877279, 'gpp_d': 1.4042278034619045, 'ign_k': 0.003996838995468645, 'ign_c': 0.10458485089017092, 'trop_agb_crit': 1.397926546194756, 'trop_k_veg': 2.2236400892618193, 'pop_amp': 0.27684623794767765, 'pop_peak': 0.10410076644017249, 'pop_sig': 1.7895528400368366}. Best is trial 274 with value: -0.604910391627968.
[I 2026-08-20 00:45:17,081] Trial 1091 finished with value: 0.6445374145881376 and parameters: {'k1': 0.031190929127407487, 'D_low': 104.98235781773356, 'k2': 0.028542656361714488, 'D_high': 75950.92438589486, 'fire_exp': 3.3030603996948464, 'P_half': 189.81636163039042, 'pre_dampen_half': 5.270831278696518, 'gpp_af': 0.004963368863979309, 'gpp_b': 7.314617866497289e-05, 'gpp_d': 57.69486903284941, 'ign_k': 0.20379782289138443, 'ign_c': 329.56230018236, 'trop_agb_crit': 10.498837592908238, 'trop_k_veg': 3.313310312561893, 'pop_amp': 0.008571553846959417, 'pop_peak': 4.52729308360905, 'pop_sig': 0.9914395648058504}. Best is trial 274 with value: -0.604910391627968.
[I 2026-08-20 00:45:19,479] Trial 1092 finished with value: 0.6445374145881376 and parameters: {'k1': 0.030118730012836024, 'D_low': 814.8353133896013, 'k2': 0.01308331348222542, 'D_high': 112414.72004374418, 'fire_exp': 2.6485314995265323, 'P_half': 2.5357556686893035, 'pre_dampen_half': 0.6287966144640584, 'gpp_af': 0.05405946688617007, 'gpp_b': 0.0005132552067676435, 'gpp_d': 0.010928075292182865, 'ign_k': 0.41994197041126236, 'ign_c': 85.36644258392603, 'trop_agb_crit': 5.436539584504379, 'trop_k_veg': 4.881778369972187, 'pop_amp': 4.786083341204337, 'pop_peak': 0.565205706851552, 'pop_sig': 2.115944735339356}. Best is trial 274 with value: -0.604910391627968.
[I 2026-08-20 00:45:22,406] Trial 1093 finished with value: 0.4269945959088659 and parameters: {'k1': 1.669856422243505e-05, 'D_low': 2.47871474298774, 'k2': 0.004475271032529788, 'D_high': 5483754.1009191815, 'fire_exp': 1.0894167347276906, 'P_half': 5.816509135805577, 'pre_dampen_half': 0.5006737642642143, 'gpp_af': 0.009641588360281977, 'gpp_b': 0.02198068705562043, 'gpp_d': 0.1117209773872954, 'ign_k': 0.20565195027430216, 'ign_c': 0.24080240117043888, 'trop_agb_crit': 8.03467080522326, 'trop_k_veg': 5.308225693143538, 'pop_amp': 19.95211700023595, 'pop_peak': 0.5644260254229858, 'pop_sig': 1.9854678666110426}. Best is trial 274 with value: -0.604910391627968.
[I 2026-08-20 00:45:24,905] Trial 1094 finished with value: 0.42267753586602164 and parameters: {'k1': 0.00020067095453523426, 'D_low': 19.001059684649853, 'k2': 0.03266516784715824, 'D_high': 2149595.8876749543, 'fire_exp': 1.0456581951646498, 'P_half': 1.2550157344125838, 'pre_dampen_half': 0.0200000150927637, 'gpp_af': 0.04075789298786213, 'gpp_b': 0.005141692500031066, 'gpp_d': 38.996650729503614, 'ign_k': 0.023583518696691404, 'ign_c': 0.3541875961139543, 'trop_agb_crit': 1.3768735815216937, 'trop_k_veg': 1.4085069992520127, 'pop_amp': 8.553173841884037, 'pop_peak': 21.45970830233286, 'pop_sig': 0.933173615429437}. Best is trial 274 with value: -0.604910391627968.
[I 2026-08-20 00:45:26,827] Trial 1095 finished with value: 0.5995807453930262 and parameters: {'k1': 0.00024020427472851627, 'D_low': 2659.998873116768, 'k2': 0.05447099994637098, 'D_high': 834725.483474221, 'fire_exp': 2.839650789519038, 'P_half': 104.53037109122464, 'pre_dampen_half': 41.8692056648522, 'gpp_af': 0.0037071771729072, 'gpp_b': 0.00898824766903536, 'gpp_d': 0.19804239138330157, 'ign_k': 5.856535582823166, 'ign_c': 10.86771560567851, 'trop_agb_crit': 22.911066368769294, 'trop_k_veg': 1.8481415679695763, 'pop_amp': 0.05120018650386879, 'pop_peak': 0.12515706453548436, 'pop_sig': 0.535306151067484}. Best is trial 274 with value: -0.604910391627968.
[I 2026-08-20 00:45:28,815] Trial 1096 finished with value: -0.5721471641754206 and parameters: {'k1': 0.000491965116024443, 'D_low': 15.016512306549464, 'k2': 0.0028120316635078663, 'D_high': 6134032.715770182, 'fire_exp': 1.4502146528945186, 'P_half': 417.3816309852129, 'pre_dampen_half': 3.0958110286608647, 'gpp_af': 0.0033718490748422367, 'gpp_b': 0.0004607027222216561, 'gpp_d': 0.03626415600758122, 'ign_k': 1.4042914841515006, 'ign_c': 1.0805749955206216, 'trop_agb_crit': 1.6203982900685028, 'trop_k_veg': 2.0437740758088845, 'pop_amp': 5.418740873476776, 'pop_peak': 1.4420156296438011, 'pop_sig': 0.4201983565401275}. Best is trial 274 with value: -0.604910391627968.
[I 2026-08-20 00:45:30,707] Trial 1097 finished with value: -0.5478813798489082 and parameters: {'k1': 0.06129177276072666, 'D_low': 2817.231345712829, 'k2': 0.0722005151123554, 'D_high': 775251.1238924582, 'fire_exp': 3.6638642073042154, 'P_half': 2.533380637543326, 'pre_dampen_half': 0.6753999908207535, 'gpp_af': 0.12133425789563332, 'gpp_b': 0.0010612468147183792, 'gpp_d': 0.3082377965448533, 'ign_k': 0.22683348866830155, 'ign_c': 3.9899536736802093, 'trop_agb_crit': 8.373254012811195, 'trop_k_veg': 5.174554255491338, 'pop_amp': 11.18617542139869, 'pop_peak': 0.7849148811355379, 'pop_sig': 0.9523737477648183}. Best is trial 274 with value: -0.604910391627968.
[I 2026-08-20 00:45:32,546] Trial 1098 finished with value: 0.49870046455556993 and parameters: {'k1': 0.001676980797260004, 'D_low': 394.77464155287595, 'k2': 0.03871837567792718, 'D_high': 5687198.619963036, 'fire_exp': 2.4862343128560886, 'P_half': 99.30427671898056, 'pre_dampen_half': 42.188277182717904, 'gpp_af': 0.6513107701332546, 'gpp_b': 0.04225015856237555, 'gpp_d': 797.8405499220239, 'ign_k': 0.15474020268126198, 'ign_c': 4.105295996708117, 'trop_agb_crit': 4.055166944587242, 'trop_k_veg': 2.131980464366405, 'pop_amp': 5.918644735548965, 'pop_peak': 1.3153131060067587, 'pop_sig': 0.41801246639712547}. Best is trial 274 with value: -0.604910391627968.
[I 2026-08-20 00:45:34,512] Trial 1099 finished with value: 0.6442719535714763 and parameters: {'k1': 0.0006786040206010666, 'D_low': 4602.296810655227, 'k2': 0.041860776832521866, 'D_high': 6428061.089192238, 'fire_exp': 2.1259556162270083, 'P_half': 5.741904326704849, 'pre_dampen_half': 44.857266929426025, 'gpp_af': 0.007393971788149403, 'gpp_b': 1.1351878216949836e-05, 'gpp_d': 1.446602288339021, 'ign_k': 0.4335390100713023, 'ign_c': 3.7918184599371663, 'trop_agb_crit': 8.16117121374575, 'trop_k_veg': 7.3868440056193325, 'pop_amp': 4.277454951600086, 'pop_peak': 0.2807761315965263, 'pop_sig': 1.4435770839858888}. Best is trial 274 with value: -0.604910391627968.
[I 2026-08-20 00:45:36,341] Trial 1100 finished with value: 0.6445374145881376 and parameters: {'k1': 0.06530800545572146, 'D_low': 1567.4264227004398, 'k2': 0.03130848894502186, 'D_high': 107154.47548794658, 'fire_exp': 3.733081972163234, 'P_half': 2.700424505784366, 'pre_dampen_half': 0.02480822919829038, 'gpp_af': 0.01615974853736615, 'gpp_b': 0.0006262622735672291, 'gpp_d': 0.08874463056098215, 'ign_k': 4.955216182998152, 'ign_c': 41.69631565226921, 'trop_agb_crit': 2.4850738929428053, 'trop_k_veg': 5.7966061743505835, 'pop_amp': 6.540720635412276, 'pop_peak': 0.481145878603075, 'pop_sig': 0.6119135739968704}. Best is trial 274 with value: -0.604910391627968.
[I 2026-08-20 00:45:38,154] Trial 1101 finished with value: 0.5445580515932159 and parameters: {'k1': 7.228546769570094e-05, 'D_low': 54.51943020687634, 'k2': 0.006754750408813813, 'D_high': 2327261.5860875337, 'fire_exp': 1.4963155025078108, 'P_half': 64.38536126623579, 'pre_dampen_half': 0.012375196573692073, 'gpp_af': 0.006129849186842719, 'gpp_b': 0.0002523058041378364, 'gpp_d': 3.660552356537301, 'ign_k': 0.0010546044298400093, 'ign_c': 0.5580087202379557, 'trop_agb_crit': 2.163236510927939, 'trop_k_veg': 0.7006958092932368, 'pop_amp': 6.624561997902018, 'pop_peak': 9.591674948609622, 'pop_sig': 0.4836910665824268}. Best is trial 274 with value: -0.604910391627968.
[I 2026-08-20 00:45:40,285] Trial 1102 finished with value: 0.4806989345918701 and parameters: {'k1': 2.1289143478127707e-05, 'D_low': 496.1387426514072, 'k2': 0.000512007902898747, 'D_high': 1645047.6700080095, 'fire_exp': 1.0548405964284226, 'P_half': 1437.8430169511073, 'pre_dampen_half': 0.539493475941967, 'gpp_af': 0.05699771278995175, 'gpp_b': 0.0027577536305604684, 'gpp_d': 2.9981662429617506, 'ign_k': 0.3819188962796152, 'ign_c': 0.39276073416118923, 'trop_agb_crit': 5.423987616264397, 'trop_k_veg': 6.848465993353825, 'pop_amp': 1.9759244891526633, 'pop_peak': 3.9592653294035407, 'pop_sig': 1.1514189720279044}. Best is trial 274 with value: -0.604910391627968.
[I 2026-08-20 00:45:42,125] Trial 1103 finished with value: 0.5721771232944884 and parameters: {'k1': 0.00010445385404082764, 'D_low': 3.913807075649445, 'k2': 0.008067526696920662, 'D_high': 699490.5672247754, 'fire_exp': 1.3998210549059817, 'P_half': 3.014644233798278, 'pre_dampen_half': 0.06160031992666303, 'gpp_af': 0.17487721937065592, 'gpp_b': 0.00026493046329568087, 'gpp_d': 0.05229778191099105, 'ign_k': 0.0031019627914893517, 'ign_c': 0.2832059991286535, 'trop_agb_crit': 1.8096077649632638, 'trop_k_veg': 4.495474966227321, 'pop_amp': 0.12653758841115287, 'pop_peak': 11.596132509316071, 'pop_sig': 2.45259924755597}. Best is trial 274 with value: -0.604910391627968.
[I 2026-08-20 00:45:43,936] Trial 1104 finished with value: 0.5565852948748866 and parameters: {'k1': 0.0008417676368245247, 'D_low': 84.29419910615228, 'k2': 0.09453016609426385, 'D_high': 943617.0571497715, 'fire_exp': 1.3544775783859664, 'P_half': 701.2960845284249, 'pre_dampen_half': 0.023476881816892888, 'gpp_af': 0.0028744770727782186, 'gpp_b': 0.00010406059482106408, 'gpp_d': 0.01274022936957234, 'ign_k': 0.015405974247436956, 'ign_c': 2.9550309852870247, 'trop_agb_crit': 2.6448230704966766, 'trop_k_veg': 5.759171284309124, 'pop_amp': 8.455589607714227, 'pop_peak': 0.6551288314871647, 'pop_sig': 0.5706318432898877}. Best is trial 274 with value: -0.604910391627968.
[I 2026-08-20 00:45:45,776] Trial 1105 finished with value: 0.5839717241788256 and parameters: {'k1': 0.011425808578386681, 'D_low': 1.4059655056301648, 'k2': 0.06157360644942797, 'D_high': 528803.6307351148, 'fire_exp': 1.2862510420187003, 'P_half': 3.165436132776818, 'pre_dampen_half': 0.02217827107718114, 'gpp_af': 0.008714613015009493, 'gpp_b': 0.04234093423189382, 'gpp_d': 0.9904381855455344, 'ign_k': 0.012630705664678962, 'ign_c': 0.3388482060927701, 'trop_agb_crit': 2.7749721970626493, 'trop_k_veg': 2.692442383506448, 'pop_amp': 1.0271121033763018, 'pop_peak': 3.4552782374990536, 'pop_sig': 0.7142797013878518}. Best is trial 274 with value: -0.604910391627968.
[I 2026-08-20 00:45:48,058] Trial 1106 finished with value: 0.4583591838206239 and parameters: {'k1': 0.00026319784810790797, 'D_low': 238.59619823032, 'k2': 0.018147613669590047, 'D_high': 590427.8792261215, 'fire_exp': 1.1699446055006446, 'P_half': 176.46832756880545, 'pre_dampen_half': 0.16266515340357138, 'gpp_af': 0.0012993795214981776, 'gpp_b': 2.808712145939526e-05, 'gpp_d': 7.867134767242918, 'ign_k': 0.8286167766910105, 'ign_c': 1.8406082486125206, 'trop_agb_crit': 3.634296314044743, 'trop_k_veg': 4.569775480830445, 'pop_amp': 0.8876558785552298, 'pop_peak': 1.0935870494004616, 'pop_sig': 0.8824822752236824}. Best is trial 274 with value: -0.604910391627968.
[I 2026-08-20 00:45:50,374] Trial 1107 finished with value: 0.5416035264612773 and parameters: {'k1': 2.4926533444570412e-05, 'D_low': 5.206427860925556, 'k2': 0.00011011895419763119, 'D_high': 7812738.633118847, 'fire_exp': 1.3174750001373836, 'P_half': 357.06940614953754, 'pre_dampen_half': 1.1384761226149158, 'gpp_af': 0.19738660607681352, 'gpp_b': 0.0011823018070472062, 'gpp_d': 0.41330331030476863, 'ign_k': 8.043880429210775, 'ign_c': 0.17117522019021267, 'trop_agb_crit': 3.980369784878561, 'trop_k_veg': 7.6509759545701925, 'pop_amp': 17.622668833063347, 'pop_peak': 0.2990236955074619, 'pop_sig': 1.722137496217964}. Best is trial 274 with value: -0.604910391627968.
[I 2026-08-20 00:45:53,848] Trial 1108 finished with value: -0.5196055280309154 and parameters: {'k1': 0.05803262674570944, 'D_low': 22748.038116878128, 'k2': 0.025789287420238595, 'D_high': 109825.0888698188, 'fire_exp': 1.0313486433997812, 'P_half': 1.3942013108211975, 'pre_dampen_half': 0.6914196918299078, 'gpp_af': 0.1016515482636895, 'gpp_b': 0.00015865339335653937, 'gpp_d': 0.23102857727662984, 'ign_k': 2.3499435521884764, 'ign_c': 5.539320069144216, 'trop_agb_crit': 2.565593516238296, 'trop_k_veg': 6.25991945968355, 'pop_amp': 1.818636777872506, 'pop_peak': 0.3486490078646332, 'pop_sig': 1.2474712574384414}. Best is trial 274 with value: -0.604910391627968.
[I 2026-08-20 00:45:56,378] Trial 1109 finished with value: 0.5909286403211372 and parameters: {'k1': 0.00011456210402071025, 'D_low': 4160.592816940582, 'k2': 0.059303207447122336, 'D_high': 2336525.615790211, 'fire_exp': 5.437355052799435, 'P_half': 12.600350455212057, 'pre_dampen_half': 3.437558238407235, 'gpp_af': 0.0015092389214812303, 'gpp_b': 0.002186489491191468, 'gpp_d': 21.752578647978822, 'ign_k': 7.079092379547913, 'ign_c': 2.7628524043942644, 'trop_agb_crit': 8.43729816590894, 'trop_k_veg': 5.164653863692305, 'pop_amp': 0.2998922431749528, 'pop_peak': 0.2155749788783362, 'pop_sig': 0.8639984876537167}. Best is trial 274 with value: -0.604910391627968.
[I 2026-08-20 00:45:58,626] Trial 1110 finished with value: 0.6445374145881376 and parameters: {'k1': 3.040296191342235e-05, 'D_low': 13537.144227775776, 'k2': 0.005840765019841967, 'D_high': 127463.88312753143, 'fire_exp': 1.137541747040322, 'P_half': 1.050089668814493, 'pre_dampen_half': 541.8317701871225, 'gpp_af': 0.002472339085538742, 'gpp_b': 0.00038883400004514673, 'gpp_d': 14.71015987740655, 'ign_k': 0.7541006590184596, 'ign_c': 271.4089093012763, 'trop_agb_crit': 1.7843379971494246, 'trop_k_veg': 3.6151514665878732, 'pop_amp': 0.2482748801266093, 'pop_peak': 83.42613951645866, 'pop_sig': 1.1164650709437218}. Best is trial 274 with value: -0.604910391627968.
[I 2026-08-20 00:46:05,179] Trial 1111 finished with value: 0.507599555742039 and parameters: {'k1': 0.00016295605180837675, 'D_low': 663.0810973157509, 'k2': 0.00025639784841590763, 'D_high': 3479796.051965173, 'fire_exp': 2.7978674758893756, 'P_half': 14.86411428190325, 'pre_dampen_half': 15.277037940961348, 'gpp_af': 0.017687723864798246, 'gpp_b': 0.0027090709292999114, 'gpp_d': 0.09917121316630165, 'ign_k': 7.222911047207979, 'ign_c': 5.026213580204555, 'trop_agb_crit': 1.4230822744403855, 'trop_k_veg': 3.3032162166618892, 'pop_amp': 0.1204199088246958, 'pop_peak': 0.200996428374527, 'pop_sig': 0.3047427933530267}. Best is trial 274 with value: -0.604910391627968.
[I 2026-08-20 00:46:08,048] Trial 1112 finished with value: 0.5786996601840433 and parameters: {'k1': 0.00014694761926930332, 'D_low': 10.63088915053659, 'k2': 0.003813737599906701, 'D_high': 3423167.992557696, 'fire_exp': 2.0913487230316132, 'P_half': 3851.6668417593464, 'pre_dampen_half': 0.463273510263569, 'gpp_af': 0.03195696416551384, 'gpp_b': 0.006884921913669763, 'gpp_d': 1.4999591487900492, 'ign_k': 2.9871886370636687, 'ign_c': 1.0139278171202852, 'trop_agb_crit': 2.743691370291562, 'trop_k_veg': 4.049068623646945, 'pop_amp': 2.5253665477367444, 'pop_peak': 5.260933160451082, 'pop_sig': 2.4761031957309165}. Best is trial 274 with value: -0.604910391627968.
[I 2026-08-20 00:46:10,273] Trial 1113 finished with value: 0.6131495192000332 and parameters: {'k1': 0.04527493962231473, 'D_low': 2095.4483688360237, 'k2': 0.0859841480809091, 'D_high': 798197.8643913935, 'fire_exp': 2.6576084856149227, 'P_half': 786.8458948609233, 'pre_dampen_half': 961.2916965216634, 'gpp_af': 0.003269147142187405, 'gpp_b': 0.0033768299499406817, 'gpp_d': 2.2616640450782244, 'ign_k': 3.5839297865252155, 'ign_c': 5.860345179195626, 'trop_agb_crit': 5.176058345920554, 'trop_k_veg': 3.663794566002314, 'pop_amp': 0.5472362361736893, 'pop_peak': 0.3155024772759068, 'pop_sig': 0.7105307755779718}. Best is trial 274 with value: -0.604910391627968.
[I 2026-08-20 00:46:12,291] Trial 1114 finished with value: 0.6807841032259846 and parameters: {'k1': 0.0014110940303439824, 'D_low': 2680.783003326721, 'k2': 0.07142278264503595, 'D_high': 1338344.010259734, 'fire_exp': 1.0560100984506482, 'P_half': 16.662955587122436, 'pre_dampen_half': 255.0637162683271, 'gpp_af': 0.03699780106016434, 'gpp_b': 2.0448027107613678e-05, 'gpp_d': 0.33568598502893565, 'ign_k': 1.5113785140855998, 'ign_c': 1.5413432837770231, 'trop_agb_crit': 1.1628942153982773, 'trop_k_veg': 4.670800870667298, 'pop_amp': 19.651699995475155, 'pop_peak': 1.9229714617874796, 'pop_sig': 0.4076248538074654}. Best is trial 274 with value: -0.604910391627968.
[I 2026-08-20 00:46:14,356] Trial 1115 finished with value: 0.6073924078686403 and parameters: {'k1': 0.04921685103453944, 'D_low': 15774.105519245113, 'k2': 0.06274197678817117, 'D_high': 87268.89684865522, 'fire_exp': 2.669308972244147, 'P_half': 6.928105592702031, 'pre_dampen_half': 3.330727310616879, 'gpp_af': 0.14498311928556093, 'gpp_b': 9.304024737243312e-05, 'gpp_d': 1.3427510203395499, 'ign_k': 0.17082970721981097, 'ign_c': 59.58908536314414, 'trop_agb_crit': 4.7790114741798115, 'trop_k_veg': 6.747139815153342, 'pop_amp': 3.366858672830286, 'pop_peak': 8.111335253578883, 'pop_sig': 1.2002067160521794}. Best is trial 274 with value: -0.604910391627968.
[I 2026-08-20 00:46:16,360] Trial 1116 finished with value: 0.526497499589549 and parameters: {'k1': 0.00040497062296965253, 'D_low': 4531.290490833656, 'k2': 0.0998040556617439, 'D_high': 8493477.210627308, 'fire_exp': 1.5438239386960928, 'P_half': 371.3503159952795, 'pre_dampen_half': 1.5172869086494054, 'gpp_af': 0.0016857754840639855, 'gpp_b': 0.000509256177668818, 'gpp_d': 1.2501694568544803, 'ign_k': 4.457402877702589, 'ign_c': 0.20271561593831908, 'trop_agb_crit': 1.3694569743269194, 'trop_k_veg': 1.6344656344116297, 'pop_amp': 0.8282137235217276, 'pop_peak': 2.4643734174287033, 'pop_sig': 0.7973338595796383}. Best is trial 274 with value: -0.604910391627968.
[I 2026-08-20 00:46:18,364] Trial 1117 finished with value: -0.5357877965110976 and parameters: {'k1': 7.605855520809397e-05, 'D_low': 1.5384804362273377, 'k2': 0.00853535812798625, 'D_high': 51578.23677934318, 'fire_exp': 1.7217251167587149, 'P_half': 332.06643881157424, 'pre_dampen_half': 9.981367955539731, 'gpp_af': 0.010473106842125109, 'gpp_b': 0.011512723517834661, 'gpp_d': 1.6756338350399778, 'ign_k': 2.8965550220467504, 'ign_c': 3.170125090702165, 'trop_agb_crit': 3.7989772376901705, 'trop_k_veg': 6.5176441419407665, 'pop_amp': 4.083497817708397, 'pop_peak': 2.2101791189295033, 'pop_sig': 2.4515327132940765}. Best is trial 274 with value: -0.604910391627968.
[I 2026-08-20 00:46:20,445] Trial 1118 finished with value: 0.5530558722203718 and parameters: {'k1': 0.0032439323067982397, 'D_low': 15780.688429221824, 'k2': 0.0019137577396828394, 'D_high': 966899.8528651019, 'fire_exp': 4.93434963016503, 'P_half': 146.29332647535838, 'pre_dampen_half': 5.060213799793833, 'gpp_af': 0.027233569449196103, 'gpp_b': 4.763436171638472e-05, 'gpp_d': 904.0519151248029, 'ign_k': 0.16304549380943834, 'ign_c': 0.22205353734465808, 'trop_agb_crit': 15.102675917489425, 'trop_k_veg': 1.8428199223516168, 'pop_amp': 0.25818356985601915, 'pop_peak': 2.47513188799632, 'pop_sig': 0.49395275917656817}. Best is trial 274 with value: -0.604910391627968.
[I 2026-08-20 00:46:22,748] Trial 1119 finished with value: 0.5485824392729594 and parameters: {'k1': 0.010943520421910461, 'D_low': 4276.119241693951, 'k2': 0.0023873825992255884, 'D_high': 9920105.113402026, 'fire_exp': 1.4764759667641505, 'P_half': 345.09294573089767, 'pre_dampen_half': 757.349496459622, 'gpp_af': 0.0031144520559591945, 'gpp_b': 0.0033816003178499202, 'gpp_d': 0.15533432862623725, 'ign_k': 4.350816178871474, 'ign_c': 2.5635100768907004, 'trop_agb_crit': 29.845225809787017, 'trop_k_veg': 2.44341283008527, 'pop_amp': 0.0016919012219643744, 'pop_peak': 12.363378888185865, 'pop_sig': 0.37575779748022436}. Best is trial 274 with value: -0.604910391627968.
