[I 2026-07-25 00:40:42,664] Trial 1463 finished with value: 0.6045244435776997 and parameters: {'k1': 0.001873556705997573, 'D_low': 54996.437765865834, 'k2': 0.0001430145073331177, 'D_high': 5833.795313365573, 'fire_exp': 1.0731737116286801, 'P_half': 26.31952777986752, 'pre_dampen_half': 0.013081904631274224, 'gpp_af': 0.3190973364973434, 'gpp_b': 0.04999752351392914, 'gpp_d': 459.026324836024, 'ign_k': 0.4585590418604702, 'ign_c': 347.3873351691185, 'trop_agb_crit': 26.35936584558491, 'trop_k_veg': 0.9892788944310145, 'gdp_gamma': 0.550278916770614, 'cure_k': 0.0028298981657957807, 'cure_p_min': 364.3830047404786, 'cure_gpp_ref': 0.6280880805209301, 'cure_agb_crit': 2.4570026151695834, 'fuel_k': 0.04852628205847818, 'fuel_half': 1.8847723490819488}. Best is trial 1132 with value: -0.6317570269256394.
[I 2026-07-25 00:40:43,165] Trial 1464 finished with value: 0.5600656340825061 and parameters: {'k1': 0.004180676219484106, 'D_low': 66.68409583741696, 'k2': 0.02267123869094967, 'D_high': 1579866.1766975026, 'fire_exp': 1.3865547695053562, 'P_half': 124.4261482256858, 'pre_dampen_half': 58.576723712944066, 'gpp_af': 0.012094879269315476, 'gpp_b': 4.054127631650793e-05, 'gpp_d': 33.202280999985206, 'ign_k': 0.3651870428133131, 'ign_c': 496.8549353095904, 'trop_agb_crit': 9.98213978817499, 'trop_k_veg': 2.2076042872200623, 'gdp_gamma': 1.987103360590753, 'cure_k': 0.3604308642321738, 'cure_p_min': 232.1882145251273, 'cure_gpp_ref': 0.2878422995066046, 'cure_agb_crit': 2.8943426313124525, 'fuel_k': 0.6384087866813557, 'fuel_half': 11.508822164132189}. Best is trial 1132 with value: -0.6317570269256394.
[I 2026-07-25 00:40:43,650] Trial 1465 finished with value: 0.566240413349657 and parameters: {'k1': 0.0005079436609677231, 'D_low': 222.96141423445226, 'k2': 0.00013283893632237484, 'D_high': 53519.86165642398, 'fire_exp': 1.016667903440633, 'P_half': 35.7962503686051, 'pre_dampen_half': 3.444492885024807, 'gpp_af': 8.901118207830786, 'gpp_b': 0.02081664373936002, 'gpp_d': 1.3571755812617368, 'ign_k': 0.17184709238958903, 'ign_c': 20.33805050044051, 'trop_agb_crit': 18.381732919151364, 'trop_k_veg': 1.8053017959597333, 'gdp_gamma': 0.07626081027678626, 'cure_k': 0.015218773073478215, 'cure_p_min': 294.53522724463085, 'cure_gpp_ref': 0.355662411809515, 'cure_agb_crit': 3.6866670560472463, 'fuel_k': 0.19034536988247133, 'fuel_half': 1.607149037538122}. Best is trial 1132 with value: -0.6317570269256394.
[I 2026-07-25 00:40:44,123] Trial 1466 finished with value: 0.43255523243700333 and parameters: {'k1': 0.00024215990121364468, 'D_low': 1.2374528898483064, 'k2': 0.001335643240224145, 'D_high': 1478453.9151180252, 'fire_exp': 1.8225766071683853, 'P_half': 984.5412214301283, 'pre_dampen_half': 2.3488526063269646, 'gpp_af': 0.026924227251235222, 'gpp_b': 0.005141702946427054, 'gpp_d': 6.515195822412499, 'ign_k': 0.20067392841959047, 'ign_c': 17.27996866852774, 'trop_agb_crit': 2.4606725814836965, 'trop_k_veg': 3.985539173330359, 'gdp_gamma': 1.526996459874431, 'cure_k': 0.01849028866780191, 'cure_p_min': 204.0549157127071, 'cure_gpp_ref': 0.5366771235932042, 'cure_agb_crit': 3.5317117015464503, 'fuel_k': 0.7721782372109488, 'fuel_half': 29.266100713726924}. Best is trial 1132 with value: -0.6317570269256394.
[I 2026-07-25 00:40:44,586] Trial 1467 finished with value: 0.5692280131459462 and parameters: {'k1': 0.08615737971516539, 'D_low': 3.192868559696117, 'k2': 7.378541725837203e-05, 'D_high': 552.2112137534561, 'fire_exp': 1.455744261732773, 'P_half': 107.18500368348748, 'pre_dampen_half': 0.22593497218736988, 'gpp_af': 0.27789566427586676, 'gpp_b': 0.045587349926696635, 'gpp_d': 296.3393817301694, 'ign_k': 0.09475394071604075, 'ign_c': 213.9568917317122, 'trop_agb_crit': 5.527937865869743, 'trop_k_veg': 4.0625487275725165, 'gdp_gamma': 1.2002124081579169, 'cure_k': 0.025991439502319445, 'cure_p_min': 276.6064278905759, 'cure_gpp_ref': 0.6339233807859458, 'cure_agb_crit': 4.293518218385483, 'fuel_k': 0.04129748927264554, 'fuel_half': 1.7751482096450903}. Best is trial 1132 with value: -0.6317570269256394.
[I 2026-07-25 00:40:45,053] Trial 1468 finished with value: 0.4320453050153348 and parameters: {'k1': 3.5746907869940825e-05, 'D_low': 5.671437575818457, 'k2': 0.000543645917285649, 'D_high': 1420838.4898488624, 'fire_exp': 1.3521058731516313, 'P_half': 1816.47422464849, 'pre_dampen_half': 9.309077040266382, 'gpp_af': 0.10561286180372884, 'gpp_b': 0.0003463355223733393, 'gpp_d': 41.729264191928, 'ign_k': 0.7358156279529603, 'ign_c': 16.391120978269292, 'trop_agb_crit': 1.9753152069355693, 'trop_k_veg': 0.9350102128693002, 'gdp_gamma': 0.2618480066913341, 'cure_k': 0.0016409498528840527, 'cure_p_min': 188.29521952489222, 'cure_gpp_ref': 0.32714483507145803, 'cure_agb_crit': 2.583323391921934, 'fuel_k': 1.1395885046846623, 'fuel_half': 0.23236862002353464}. Best is trial 1132 with value: -0.6317570269256394.
[I 2026-07-25 00:40:45,518] Trial 1469 finished with value: 0.5996950968760086 and parameters: {'k1': 0.009980259833903403, 'D_low': 16.67846067785481, 'k2': 0.016037388459016557, 'D_high': 7217293.11721432, 'fire_exp': 3.199266069140096, 'P_half': 44.278425223989636, 'pre_dampen_half': 25.967693381480196, 'gpp_af': 0.0034882323182448636, 'gpp_b': 0.0004903480959179608, 'gpp_d': 0.02596682863773497, 'ign_k': 0.027735604492676008, 'ign_c': 201.93076879396844, 'trop_agb_crit': 15.115663342158157, 'trop_k_veg': 0.8346728221829245, 'gdp_gamma': 0.6021398690991161, 'cure_k': 0.0010583349888043585, 'cure_p_min': 281.4389707254804, 'cure_gpp_ref': 0.38563137289569555, 'cure_agb_crit': 1.458100054393167, 'fuel_k': 0.012942176362584169, 'fuel_half': 89.06648961248897}. Best is trial 1132 with value: -0.6317570269256394.
[I 2026-07-25 00:40:45,980] Trial 1470 finished with value: 0.4897774178859874 and parameters: {'k1': 0.0018148846391895842, 'D_low': 2849.80846765984, 'k2': 3.665613262143368e-05, 'D_high': 1820706.7963393962, 'fire_exp': 1.4447008515552884, 'P_half': 41.41525930474726, 'pre_dampen_half': 0.05815736987278051, 'gpp_af': 2.6833682717974923, 'gpp_b': 1.2539689260708482, 'gpp_d': 528.4964074227008, 'ign_k': 0.02015196663854986, 'ign_c': 3.911270923430357, 'trop_agb_crit': 1.2662524817127725, 'trop_k_veg': 5.479471085996512, 'gdp_gamma': 1.651143408066494, 'cure_k': 0.0070790932584232505, 'cure_p_min': 245.68130950157635, 'cure_gpp_ref': 0.5928022223559636, 'cure_agb_crit': 4.240098792005763, 'fuel_k': 0.22065041637774016, 'fuel_half': 0.4058547375774613}. Best is trial 1132 with value: -0.6317570269256394.
[I 2026-07-25 00:40:46,447] Trial 1471 finished with value: 0.5127052775711365 and parameters: {'k1': 0.0023901774034221744, 'D_low': 2776.8383563761186, 'k2': 3.8940753794949e-05, 'D_high': 122474.38831409223, 'fire_exp': 1.4229826597867645, 'P_half': 171.8568365473255, 'pre_dampen_half': 4.277445736754001, 'gpp_af': 0.44097046697957515, 'gpp_b': 0.056448012804727485, 'gpp_d': 280.8546019172787, 'ign_k': 0.04368578911101915, 'ign_c': 2.2587195514581433, 'trop_agb_crit': 9.620853113821164, 'trop_k_veg': 7.50891155293126, 'gdp_gamma': 0.6819193215112481, 'cure_k': 0.2127046503436637, 'cure_p_min': 298.8271082360209, 'cure_gpp_ref': 1.1802794460597203, 'cure_agb_crit': 2.6743970961453964, 'fuel_k': 0.1262427184401675, 'fuel_half': 0.35621977533848664}. Best is trial 1132 with value: -0.6317570269256394.
[I 2026-07-25 00:40:46,912] Trial 1472 finished with value: 0.5004703967889592 and parameters: {'k1': 0.0006928807640798908, 'D_low': 4.951795141400424, 'k2': 0.0001938307706072723, 'D_high': 198285.1052709907, 'fire_exp': 1.3071190205369156, 'P_half': 37.43669549957899, 'pre_dampen_half': 0.6063020132358592, 'gpp_af': 0.005975984616867198, 'gpp_b': 0.025005795149161878, 'gpp_d': 146.46287220806144, 'ign_k': 1.9198512945354238, 'ign_c': 26.705985090936085, 'trop_agb_crit': 1.119916636673539, 'trop_k_veg': 3.9309008797497427, 'gdp_gamma': 1.219798945639837, 'cure_k': 0.046230792695812255, 'cure_p_min': 220.10518902426986, 'cure_gpp_ref': 0.572167264874537, 'cure_agb_crit': 1.9859040197232352, 'fuel_k': 3.726310325388441, 'fuel_half': 2.4557558687315577}. Best is trial 1132 with value: -0.6317570269256394.
[I 2026-07-25 00:40:47,375] Trial 1473 finished with value: -0.6063267705382447 and parameters: {'k1': 0.000815844726051197, 'D_low': 1841.6606589554403, 'k2': 3.950877497937323e-05, 'D_high': 2328708.90753131, 'fire_exp': 1.0940867954190205, 'P_half': 370.27355468895723, 'pre_dampen_half': 0.14637621237161705, 'gpp_af': 5.905376556791467, 'gpp_b': 2.6242502282333797, 'gpp_d': 44.148984448630834, 'ign_k': 0.0933757814626119, 'ign_c': 0.16046996479617667, 'trop_agb_crit': 1.9671863989406813, 'trop_k_veg': 6.863146470212225, 'gdp_gamma': 0.6953011082937134, 'cure_k': 0.08586424643241225, 'cure_p_min': 248.84487192397972, 'cure_gpp_ref': 0.33659660549297216, 'cure_agb_crit': 3.0749931998157476, 'fuel_k': 0.05337034985062088, 'fuel_half': 0.4894819415835176}. Best is trial 1132 with value: -0.6317570269256394.
[I 2026-07-25 00:40:47,844] Trial 1474 finished with value: 0.45346542087152775 and parameters: {'k1': 2.9013578197836088e-05, 'D_low': 284.66375156495, 'k2': 0.0006323394214799783, 'D_high': 99150.24943815787, 'fire_exp': 1.8283700825831533, 'P_half': 77.42297725678137, 'pre_dampen_half': 9.57366695774314, 'gpp_af': 0.0429866888215305, 'gpp_b': 0.0006672485822296249, 'gpp_d': 38.75880537191111, 'ign_k': 4.1162597665651735, 'ign_c': 3.340344045141982, 'trop_agb_crit': 1.8671630898344505, 'trop_k_veg': 1.615931514635076, 'gdp_gamma': 0.26975654772542057, 'cure_k': 0.009541284605857785, 'cure_p_min': 215.30740061834626, 'cure_gpp_ref': 1.4139678619805802, 'cure_agb_crit': 3.524187509284403, 'fuel_k': 4.43268382453896, 'fuel_half': 1.5113655676737292}. Best is trial 1132 with value: -0.6317570269256394.
[I 2026-07-25 00:40:48,307] Trial 1475 finished with value: 0.42705173958834197 and parameters: {'k1': 0.0011987205251555594, 'D_low': 73.7168047290612, 'k2': 0.004614233560561861, 'D_high': 5875911.93157053, 'fire_exp': 2.1479240425639397, 'P_half': 423.1419828131507, 'pre_dampen_half': 0.22873560514596378, 'gpp_af': 0.37851941175808135, 'gpp_b': 0.004905133043195433, 'gpp_d': 10.194135875517224, 'ign_k': 0.8989476137777489, 'ign_c': 8.104024856326312, 'trop_agb_crit': 1.3133527639076477, 'trop_k_veg': 2.453077634893758, 'gdp_gamma': 0.1101688134229509, 'cure_k': 0.29801415555428257, 'cure_p_min': 184.83406079346958, 'cure_gpp_ref': 0.7523023562845023, 'cure_agb_crit': 3.2104493329991923, 'fuel_k': 1.17591981198943, 'fuel_half': 9.407031601823363}. Best is trial 1132 with value: -0.6317570269256394.
[I 2026-07-25 00:40:48,779] Trial 1476 finished with value: 0.4423568345433996 and parameters: {'k1': 2.938854838422987e-05, 'D_low': 249.91268794501164, 'k2': 3.81974222874027e-05, 'D_high': 852479.9842091119, 'fire_exp': 1.3940379509667007, 'P_half': 238.02453240827452, 'pre_dampen_half': 0.3938642241542664, 'gpp_af': 3.527490300308533, 'gpp_b': 0.0006057394884426662, 'gpp_d': 525.0527481551684, 'ign_k': 0.002141241187913987, 'ign_c': 33.80515997914721, 'trop_agb_crit': 25.40177820349059, 'trop_k_veg': 0.6660064470125763, 'gdp_gamma': 0.6863491832806622, 'cure_k': 0.0037543326445884408, 'cure_p_min': 92.37803872361087, 'cure_gpp_ref': 0.06201613172509687, 'cure_agb_crit': 1.4545914861821125, 'fuel_k': 1.2877895952773195, 'fuel_half': 60.88396569408065}. Best is trial 1132 with value: -0.6317570269256394.
[I 2026-07-25 00:40:49,245] Trial 1477 finished with value: 0.5169060265158514 and parameters: {'k1': 0.00012874580486763233, 'D_low': 324.92579533577344, 'k2': 0.0006028510517855992, 'D_high': 1238046.2284129607, 'fire_exp': 1.8498608645269707, 'P_half': 171.68625112602788, 'pre_dampen_half': 0.04677329358141203, 'gpp_af': 0.05819873592052754, 'gpp_b': 1.9970696640387087e-05, 'gpp_d': 6.110396679577886, 'ign_k': 4.8427195294472964, 'ign_c': 19.449719007617638, 'trop_agb_crit': 2.3974611004909683, 'trop_k_veg': 2.117691563151844, 'gdp_gamma': 0.1643169765713554, 'cure_k': 0.0034766163932624127, 'cure_p_min': 195.63086203233996, 'cure_gpp_ref': 0.5057482742941132, 'cure_agb_crit': 2.227125919642203, 'fuel_k': 0.14927848906184962, 'fuel_half': 2.1457200910970617}. Best is trial 1132 with value: -0.6317570269256394.
[I 2026-07-25 00:40:49,718] Trial 1478 finished with value: 0.5103697950426852 and parameters: {'k1': 5.125692562986976e-05, 'D_low': 4467.4643546999005, 'k2': 9.966610756267699e-05, 'D_high': 1307222.3506873024, 'fire_exp': 1.3776739078467575, 'P_half': 295.539672108272, 'pre_dampen_half': 0.015359523636813173, 'gpp_af': 3.8136594744478227, 'gpp_b': 0.009061343962360791, 'gpp_d': 20.38301477916095, 'ign_k': 0.009017114005928384, 'ign_c': 31.569352907421642, 'trop_agb_crit': 29.176776475424226, 'trop_k_veg': 0.6527211206548086, 'gdp_gamma': 1.9241229409678193, 'cure_k': 0.005942575557437184, 'cure_p_min': 163.16308690043837, 'cure_gpp_ref': 0.10957781658051079, 'cure_agb_crit': 1.4105782961752091, 'fuel_k': 1.7080653306362925, 'fuel_half': 28.235592352705083}. Best is trial 1132 with value: -0.6317570269256394.
[I 2026-07-25 00:40:50,186] Trial 1479 finished with value: 0.5731880102740461 and parameters: {'k1': 0.0023044510501483563, 'D_low': 1.2872185780715466, 'k2': 0.0034113198901256155, 'D_high': 1764771.8035728727, 'fire_exp': 2.363089569042838, 'P_half': 84.35424561387434, 'pre_dampen_half': 0.6197936270907969, 'gpp_af': 0.002961782877282853, 'gpp_b': 0.0006108472324328749, 'gpp_d': 925.4564799938669, 'ign_k': 0.19707499940288764, 'ign_c': 43.83088052091065, 'trop_agb_crit': 9.048301444660591, 'trop_k_veg': 0.862753157856048, 'gdp_gamma': 0.9054664910456388, 'cure_k': 0.41987205645501624, 'cure_p_min': 201.58931476837665, 'cure_gpp_ref': 0.7831579059967102, 'cure_agb_crit': 3.6402946980666626, 'fuel_k': 2.6138143127584685, 'fuel_half': 30.602206625745602}. Best is trial 1132 with value: -0.6317570269256394.
[I 2026-07-25 00:40:50,651] Trial 1480 finished with value: 0.5874715713279441 and parameters: {'k1': 0.01598545419293779, 'D_low': 3781.41986313777, 'k2': 0.0055331364317546886, 'D_high': 2874966.9920671443, 'fire_exp': 1.067093276122527, 'P_half': 164.60006641695597, 'pre_dampen_half': 30.970706487567558, 'gpp_af': 0.014858258521951299, 'gpp_b': 1.384457441199009e-05, 'gpp_d': 32.182278112064346, 'ign_k': 0.0016825930058710183, 'ign_c': 37.57821436708492, 'trop_agb_crit': 23.110800727969114, 'trop_k_veg': 1.8747991415632457, 'gdp_gamma': 1.5780190752954781, 'cure_k': 0.011580658080965858, 'cure_p_min': 102.87369387812508, 'cure_gpp_ref': 0.18739097836969082, 'cure_agb_crit': 5.79664392727531, 'fuel_k': 0.010020876401197832, 'fuel_half': 6.341002933103087}. Best is trial 1132 with value: -0.6317570269256394.
[I 2026-07-25 00:40:51,117] Trial 1481 finished with value: 0.4473457932641576 and parameters: {'k1': 0.022648056181896817, 'D_low': 18.81739421938111, 'k2': 5.1272492363332444e-05, 'D_high': 11030.89555233132, 'fire_exp': 1.0478042701065227, 'P_half': 165.66357498251895, 'pre_dampen_half': 6.011677213218261, 'gpp_af': 0.05729277798342414, 'gpp_b': 0.027887099059330237, 'gpp_d': 2.437831775605104, 'ign_k': 0.5607805659471811, 'ign_c': 9.589375546012086, 'trop_agb_crit': 2.072570482788882, 'trop_k_veg': 1.2712578938838581, 'gdp_gamma': 0.6353058167989509, 'cure_k': 0.016706266958392512, 'cure_p_min': 327.9041883696145, 'cure_gpp_ref': 0.4541779229831077, 'cure_agb_crit': 1.7860649730816984, 'fuel_k': 1.3887808429811352, 'fuel_half': 3.1265995111086093}. Best is trial 1132 with value: -0.6317570269256394.
[I 2026-07-25 00:40:51,582] Trial 1482 finished with value: 0.6027244824253358 and parameters: {'k1': 0.00027526171054123724, 'D_low': 76.86840277276987, 'k2': 0.004589263820717325, 'D_high': 92559.73578004874, 'fire_exp': 1.5432396125635581, 'P_half': 28.58292047848107, 'pre_dampen_half': 12.124277753773702, 'gpp_af': 0.0017688504921515647, 'gpp_b': 0.001984256025707103, 'gpp_d': 201.7440352713718, 'ign_k': 0.333659940021497, 'ign_c': 50.41975243744751, 'trop_agb_crit': 2.129117546216555, 'trop_k_veg': 3.102147702796711, 'gdp_gamma': 1.3857553057569565, 'cure_k': 0.011251821054241124, 'cure_p_min': 388.49853555390365, 'cure_gpp_ref': 0.8061131178397232, 'cure_agb_crit': 6.1239604689171365, 'fuel_k': 0.6345458455695049, 'fuel_half': 5.961868961349924}. Best is trial 1132 with value: -0.6317570269256394.
[I 2026-07-25 00:40:52,047] Trial 1483 finished with value: 0.5782288300407885 and parameters: {'k1': 0.0001174799162739309, 'D_low': 712.7120374594164, 'k2': 0.0003099087604362525, 'D_high': 1301674.1717541742, 'fire_exp': 1.692640105035348, 'P_half': 7.38228799863944, 'pre_dampen_half': 0.6456011386519831, 'gpp_af': 0.19391176432551643, 'gpp_b': 0.011588496237466307, 'gpp_d': 396.5515096705867, 'ign_k': 4.450569203875467, 'ign_c': 43.420333666935036, 'trop_agb_crit': 1.6973500905551806, 'trop_k_veg': 1.2106215317218696, 'gdp_gamma': 1.2312362334337257, 'cure_k': 0.02236296535040899, 'cure_p_min': 186.75875403211361, 'cure_gpp_ref': 0.4234422515800137, 'cure_agb_crit': 2.4759614236473473, 'fuel_k': 1.3458642481062362, 'fuel_half': 15.669027711209475}. Best is trial 1132 with value: -0.6317570269256394.
[I 2026-07-25 00:40:52,512] Trial 1484 finished with value: 0.4673090535594865 and parameters: {'k1': 0.0027191021407929456, 'D_low': 990.1050774625971, 'k2': 1.1115611327131493e-05, 'D_high': 132501.2147811508, 'fire_exp': 1.1125506636927505, 'P_half': 376.26510782590117, 'pre_dampen_half': 24.32683148005506, 'gpp_af': 2.1638848287835293, 'gpp_b': 9.650029684691262, 'gpp_d': 443.1250690164743, 'ign_k': 0.38741417517164695, 'ign_c': 0.3967698144269454, 'trop_agb_crit': 2.9448532012805066, 'trop_k_veg': 5.868800571209029, 'gdp_gamma': 0.7655924552731557, 'cure_k': 0.022075453907843493, 'cure_p_min': 168.19645805648315, 'cure_gpp_ref': 0.4256555556590868, 'cure_agb_crit': 4.9023305284286565, 'fuel_k': 0.03980635089285789, 'fuel_half': 5.112895742342842}. Best is trial 1132 with value: -0.6317570269256394.
[I 2026-07-25 00:40:52,982] Trial 1485 finished with value: -0.5974558741553178 and parameters: {'k1': 0.0017800095844161495, 'D_low': 732.9815988660591, 'k2': 3.698837365298264e-05, 'D_high': 330285.9049460026, 'fire_exp': 1.18098070580835, 'P_half': 15.962385207659999, 'pre_dampen_half': 1.4916387994863058, 'gpp_af': 3.110446946467084, 'gpp_b': 1.604366568639225, 'gpp_d': 622.7448709886214, 'ign_k': 0.12176637364885394, 'ign_c': 0.5685388534743593, 'trop_agb_crit': 13.445741293544012, 'trop_k_veg': 4.238921068826638, 'gdp_gamma': 0.23448663858766589, 'cure_k': 0.011116773285645221, 'cure_p_min': 366.4753796877111, 'cure_gpp_ref': 0.909708451320654, 'cure_agb_crit': 3.987018949344947, 'fuel_k': 0.23901042514397858, 'fuel_half': 0.24444168738083794}. Best is trial 1132 with value: -0.6317570269256394.
[I 2026-07-25 00:40:53,451] Trial 1486 finished with value: 0.4297225314896038 and parameters: {'k1': 0.00028709359709905443, 'D_low': 489.68056219822734, 'k2': 7.174480977705658e-05, 'D_high': 291037.1292383428, 'fire_exp': 1.417981232146384, 'P_half': 15.456176769460777, 'pre_dampen_half': 0.9007558468168946, 'gpp_af': 0.052753582151023055, 'gpp_b': 0.0011224514208749347, 'gpp_d': 1.2595961397649527, 'ign_k': 0.04134946143613131, 'ign_c': 2.670563082139881, 'trop_agb_crit': 2.178485101698786, 'trop_k_veg': 1.356631479105011, 'gdp_gamma': 0.8422324627971896, 'cure_k': 0.072359467394364, 'cure_p_min': 303.8065701682509, 'cure_gpp_ref': 0.0593433971200367, 'cure_agb_crit': 1.079307673785145, 'fuel_k': 0.08783626114478142, 'fuel_half': 20.24647986576777}. Best is trial 1132 with value: -0.6317570269256394.
[I 2026-07-25 00:40:53,945] Trial 1487 finished with value: 0.5475842354774045 and parameters: {'k1': 0.08370755022898052, 'D_low': 349.6805990342789, 'k2': 0.047077021687787726, 'D_high': 7486522.90759162, 'fire_exp': 2.0729523707625384, 'P_half': 841.3703759544547, 'pre_dampen_half': 0.8834154019426255, 'gpp_af': 0.004502876371833026, 'gpp_b': 3.877091980144738e-05, 'gpp_d': 3.5549034585202754, 'ign_k': 0.002964596018280488, 'ign_c': 3.6332432199066345, 'trop_agb_crit': 18.046949649113426, 'trop_k_veg': 0.9299447540709029, 'gdp_gamma': 0.6842676723503529, 'cure_k': 0.0052074305540443, 'cure_p_min': 284.2575828200089, 'cure_gpp_ref': 0.1478657992994967, 'cure_agb_crit': 1.4384072110453212, 'fuel_k': 0.06597026773009743, 'fuel_half': 23.585311894570744}. Best is trial 1132 with value: -0.6317570269256394.
[I 2026-07-25 00:40:54,438] Trial 1488 finished with value: 0.5780943144996226 and parameters: {'k1': 0.007914990117059836, 'D_low': 1.4369911683357772, 'k2': 0.00023345542648448803, 'D_high': 7076166.369677104, 'fire_exp': 2.6457307161044836, 'P_half': 68.64612702356281, 'pre_dampen_half': 13.610907666004492, 'gpp_af': 0.051481109999238404, 'gpp_b': 1.3781645797697568e-05, 'gpp_d': 7.928627061031002, 'ign_k': 0.18340781848029072, 'ign_c': 262.6966851585413, 'trop_agb_crit': 6.706535336790326, 'trop_k_veg': 0.7803144269778979, 'gdp_gamma': 0.7592904378738727, 'cure_k': 0.023915089758280807, 'cure_p_min': 111.73763544614117, 'cure_gpp_ref': 0.6092281657813299, 'cure_agb_crit': 2.731218000945755, 'fuel_k': 5.756323049281597, 'fuel_half': 68.86092533237748}. Best is trial 1132 with value: -0.6317570269256394.
