[I 2026-07-24 02:10:19,614] Trial 576 finished with value: 0.5073943047957997 and parameters: {'k1': 2.0585367540562994e-05, 'D_low': 829.4099403162361, 'k2': 0.03625730433472443, 'D_high': 194403.94679012048, 'fire_exp': 1.5901920109627539, 'P_half': 13.74258883333753, 'pre_dampen_half': 1.356661872653158, 'gpp_af': 0.0048305134506796115, 'gpp_b': 0.0013855032557656484, 'gpp_d': 0.22596455432295895, 'ign_k': 0.0028477398968076626, 'ign_c': 13.826969852962401, 'trop_agb_crit': 8.6294543949045, 'trop_k_veg': 1.8856425116768327, 'gdp_gamma': 0.8261646284708307, 'fuel_k': 0.21178588703161894, 'fuel_half': 29.442728156137747}. Best is trial 335 with value: -0.6233152110406992.
[I 2026-07-24 02:10:20,063] Trial 577 finished with value: 0.5927582895608948 and parameters: {'k1': 0.0004343695516190857, 'D_low': 323.60941220507823, 'k2': 0.012146262950672018, 'D_high': 932415.8805583934, 'fire_exp': 3.9706280343108658, 'P_half': 310.15089043655536, 'pre_dampen_half': 942.9461412452648, 'gpp_af': 0.5247889012837469, 'gpp_b': 0.15042752774476437, 'gpp_d': 400.6667460169108, 'ign_k': 0.030517500009545565, 'ign_c': 1.0036811813843025, 'trop_agb_crit': 4.448813743244616, 'trop_k_veg': 6.07962052375989, 'gdp_gamma': 0.3976361795231076, 'fuel_k': 0.028361963330912895, 'fuel_half': 50.34554293337452}. Best is trial 335 with value: -0.6233152110406992.
[I 2026-07-24 02:10:20,506] Trial 578 finished with value: 0.4181308659130174 and parameters: {'k1': 0.000605722936607549, 'D_low': 86.05644551011633, 'k2': 0.0009457453552775975, 'D_high': 1274759.2483409566, 'fire_exp': 1.3997913728986806, 'P_half': 275.0460397763677, 'pre_dampen_half': 3.1861204414381814, 'gpp_af': 0.0020198088127610465, 'gpp_b': 0.000708399514129191, 'gpp_d': 0.5777379016986021, 'ign_k': 0.003170471681445063, 'ign_c': 26.19415502703618, 'trop_agb_crit': 1.2878290821200717, 'trop_k_veg': 3.583494729739474, 'gdp_gamma': 1.195572148581227, 'fuel_k': 0.022770799440067952, 'fuel_half': 7.752129408262858}. Best is trial 335 with value: -0.6233152110406992.
[I 2026-07-24 02:10:20,959] Trial 579 finished with value: 0.5766597056188922 and parameters: {'k1': 4.378611889487973e-05, 'D_low': 1.3569786051648798, 'k2': 0.038878138097162555, 'D_high': 1477709.5953903357, 'fire_exp': 3.1641647246638644, 'P_half': 173.56883746499463, 'pre_dampen_half': 1.356748241710709, 'gpp_af': 0.036379138105501474, 'gpp_b': 0.00026590143888145394, 'gpp_d': 0.20373615011052126, 'ign_k': 0.00599090871874504, 'ign_c': 167.9298910320056, 'trop_agb_crit': 1.590785767522342, 'trop_k_veg': 1.0260518188015961, 'gdp_gamma': 1.18621583885528, 'fuel_k': 0.016784490540612585, 'fuel_half': 22.263614281991188}. Best is trial 335 with value: -0.6233152110406992.
[I 2026-07-24 02:10:21,406] Trial 580 finished with value: -0.5347446972128116 and parameters: {'k1': 1.789996410339953e-05, 'D_low': 8.575440913956728, 'k2': 0.024232574296823, 'D_high': 357879.7418838207, 'fire_exp': 1.1182804688094927, 'P_half': 1.3653604274339377, 'pre_dampen_half': 3.048655116278683, 'gpp_af': 0.006241259773183927, 'gpp_b': 2.4196314838882856e-05, 'gpp_d': 0.016199207174474383, 'ign_k': 0.00921365691661841, 'ign_c': 5.447556238069244, 'trop_agb_crit': 3.0271043139064013, 'trop_k_veg': 0.6705947423428291, 'gdp_gamma': 0.21281554749869483, 'fuel_k': 0.022520218692766776, 'fuel_half': 36.562963282953355}. Best is trial 335 with value: -0.6233152110406992.
[I 2026-07-24 02:10:21,853] Trial 581 finished with value: 0.49555373580297224 and parameters: {'k1': 2.2906647446146572e-05, 'D_low': 9.82087319458257, 'k2': 0.05680011154633856, 'D_high': 634000.4283343797, 'fire_exp': 1.532700665888333, 'P_half': 54.73556662455943, 'pre_dampen_half': 1.9944113913960793, 'gpp_af': 0.0032145074926999985, 'gpp_b': 0.0006993203100965807, 'gpp_d': 0.04991772379838127, 'ign_k': 0.0069812037769077856, 'ign_c': 56.02586783583516, 'trop_agb_crit': 4.70995520645458, 'trop_k_veg': 1.5744306768704737, 'gdp_gamma': 1.22627218026118, 'fuel_k': 0.025056024978484807, 'fuel_half': 8.601226868633368}. Best is trial 335 with value: -0.6233152110406992.
[I 2026-07-24 02:10:22,300] Trial 582 finished with value: 0.5338800498275551 and parameters: {'k1': 2.1107017027923718e-05, 'D_low': 355.97432900328903, 'k2': 0.0265201679659087, 'D_high': 2579089.5426864666, 'fire_exp': 2.0913913543985654, 'P_half': 6.259313140796185, 'pre_dampen_half': 4.808609973332633, 'gpp_af': 0.0073011412939224035, 'gpp_b': 0.00021009775493568183, 'gpp_d': 0.12004055129896493, 'ign_k': 0.0023480587779546825, 'ign_c': 201.0310118974701, 'trop_agb_crit': 2.147318939863412, 'trop_k_veg': 0.9787458677990842, 'gdp_gamma': 1.1729527689836519, 'fuel_k': 0.017380488856045453, 'fuel_half': 38.50390434250654}. Best is trial 335 with value: -0.6233152110406992.
[I 2026-07-24 02:10:22,748] Trial 583 finished with value: 0.5824787279540982 and parameters: {'k1': 2.0261326237838127e-05, 'D_low': 18.79631194028657, 'k2': 0.0009927607616728176, 'D_high': 169680.74479043746, 'fire_exp': 2.547091672116928, 'P_half': 27.091367541952025, 'pre_dampen_half': 28.785699718893056, 'gpp_af': 0.0010031656176503069, 'gpp_b': 4.4436055063230735e-05, 'gpp_d': 0.020918741673969708, 'ign_k': 0.003973617385173184, 'ign_c': 336.2623492290863, 'trop_agb_crit': 4.069178625186493, 'trop_k_veg': 2.3526808006836295, 'gdp_gamma': 0.71764279748447, 'fuel_k': 0.02203043770548293, 'fuel_half': 43.55157910237546}. Best is trial 335 with value: -0.6233152110406992.
[I 2026-07-24 02:10:23,193] Trial 584 finished with value: 0.5902075333564653 and parameters: {'k1': 0.03076609193178296, 'D_low': 895.9288536889763, 'k2': 0.023571700957089596, 'D_high': 111047.77797892266, 'fire_exp': 1.8730790799414379, 'P_half': 7.6136148422877135, 'pre_dampen_half': 1.5445669486393945, 'gpp_af': 1.952880116144736, 'gpp_b': 1.2712021221728458, 'gpp_d': 602.9995658214269, 'ign_k': 0.0011783717180109167, 'ign_c': 215.42927000909057, 'trop_agb_crit': 5.739327210769284, 'trop_k_veg': 0.5090427376345865, 'gdp_gamma': 0.12818278895864244, 'fuel_k': 2.077782307784134, 'fuel_half': 49.52758047763088}. Best is trial 335 with value: -0.6233152110406992.
[I 2026-07-24 02:10:23,643] Trial 585 finished with value: 0.5808528096777363 and parameters: {'k1': 0.0228314149964422, 'D_low': 316.6699910521397, 'k2': 0.019317162148816062, 'D_high': 404606.9484021088, 'fire_exp': 2.008891099161181, 'P_half': 2074.239946951555, 'pre_dampen_half': 6.712724400947595, 'gpp_af': 0.011192648220367895, 'gpp_b': 1.1078456240155827e-05, 'gpp_d': 321.9342497627993, 'ign_k': 0.008675793418770316, 'ign_c': 90.13168095531256, 'trop_agb_crit': 9.123590083219337, 'trop_k_veg': 0.8159706031509913, 'gdp_gamma': 0.38227374660299135, 'fuel_k': 0.011645591326042825, 'fuel_half': 56.83650190447928}. Best is trial 335 with value: -0.6233152110406992.
[I 2026-07-24 02:10:24,104] Trial 586 finished with value: 0.4650096673604759 and parameters: {'k1': 0.0025798529476743553, 'D_low': 15080.444110457369, 'k2': 0.01908708698287041, 'D_high': 317971.9970785415, 'fire_exp': 2.5595376252590603, 'P_half': 13.216090224209688, 'pre_dampen_half': 3.018881118363952, 'gpp_af': 0.08962770068184261, 'gpp_b': 3.851380776823357e-05, 'gpp_d': 299.8162353423983, 'ign_k': 0.0013563963337274553, 'ign_c': 0.9092613963235351, 'trop_agb_crit': 9.099429820691745, 'trop_k_veg': 3.521422626881446, 'gdp_gamma': 1.7230843892664949, 'fuel_k': 0.01204271978260587, 'fuel_half': 5.12898608373142}. Best is trial 335 with value: -0.6233152110406992.
[I 2026-07-24 02:10:24,590] Trial 587 finished with value: 0.4468509160965036 and parameters: {'k1': 0.00035668338917178865, 'D_low': 1.439537564547122, 'k2': 0.0011319357907952654, 'D_high': 701146.6129460124, 'fire_exp': 7.5538354439170465, 'P_half': 170.30089881400426, 'pre_dampen_half': 53.18168682573139, 'gpp_af': 0.006022129821826358, 'gpp_b': 2.7726578749604615e-05, 'gpp_d': 89.33022217734448, 'ign_k': 0.49005324189845983, 'ign_c': 1.6698225926878234, 'trop_agb_crit': 13.254928659522239, 'trop_k_veg': 0.6436329114780597, 'gdp_gamma': 0.001400926529856127, 'fuel_k': 3.068208101072402, 'fuel_half': 0.1568657705783888}. Best is trial 335 with value: -0.6233152110406992.
[I 2026-07-24 02:10:25,069] Trial 588 finished with value: 0.6056326198369465 and parameters: {'k1': 0.0003683088419824535, 'D_low': 17.57110778529739, 'k2': 0.018196209582225394, 'D_high': 52314.312424130534, 'fire_exp': 2.61099998915609, 'P_half': 56.540696228916886, 'pre_dampen_half': 585.6630731349175, 'gpp_af': 0.07444022438528178, 'gpp_b': 0.00016416105633057447, 'gpp_d': 0.05868031903855842, 'ign_k': 0.002187693049159333, 'ign_c': 121.45959396534131, 'trop_agb_crit': 1.3745387605857171, 'trop_k_veg': 1.6800433559218089, 'gdp_gamma': 0.25007448056865317, 'fuel_k': 0.09481413828012632, 'fuel_half': 79.48628796466242}. Best is trial 335 with value: -0.6233152110406992.
[I 2026-07-24 02:10:25,524] Trial 589 finished with value: 0.5328715440380052 and parameters: {'k1': 4.103977548991146e-05, 'D_low': 2670.0399725297234, 'k2': 0.0003243596915083035, 'D_high': 113076.48629150065, 'fire_exp': 1.1830860630071451, 'P_half': 82.10899674558975, 'pre_dampen_half': 74.17065767814903, 'gpp_af': 0.01992749865572523, 'gpp_b': 4.6012475076447494e-05, 'gpp_d': 0.1882406140673286, 'ign_k': 0.0026793227377937545, 'ign_c': 0.44420936213981066, 'trop_agb_crit': 2.1817181687935188, 'trop_k_veg': 2.0305300164929245, 'gdp_gamma': 1.1431690750077792, 'fuel_k': 0.03904395948407328, 'fuel_half': 2.9288354733887596}. Best is trial 335 with value: -0.6233152110406992.
[I 2026-07-24 02:10:25,978] Trial 590 finished with value: 0.601725569568698 and parameters: {'k1': 0.001996172499094448, 'D_low': 61.45781373454786, 'k2': 0.024252312223701722, 'D_high': 4126.447583085994, 'fire_exp': 4.238545754588226, 'P_half': 135.74632541390753, 'pre_dampen_half': 0.37771387021694486, 'gpp_af': 5.670043585773624, 'gpp_b': 1.7648323843693667e-05, 'gpp_d': 331.887007135063, 'ign_k': 0.03232352503326266, 'ign_c': 0.6252580654620256, 'trop_agb_crit': 18.803680588642393, 'trop_k_veg': 1.1968278819774516, 'gdp_gamma': 1.1103336105422896, 'fuel_k': 0.025463655432598653, 'fuel_half': 1.9296270119303416}. Best is trial 335 with value: -0.6233152110406992.
[I 2026-07-24 02:10:26,423] Trial 591 finished with value: 0.4655090788984878 and parameters: {'k1': 0.0010299141812969246, 'D_low': 41.03786323325833, 'k2': 0.0003901559923897868, 'D_high': 2392658.2048881166, 'fire_exp': 2.618598848943933, 'P_half': 5.325775874551385, 'pre_dampen_half': 33.34955753843842, 'gpp_af': 0.001469574753840949, 'gpp_b': 4.141137374350221e-05, 'gpp_d': 1.8344153263432637, 'ign_k': 0.009591944507456571, 'ign_c': 48.259339272906075, 'trop_agb_crit': 11.722606270099515, 'trop_k_veg': 1.6717383280505853, 'gdp_gamma': 0.5187270813595015, 'fuel_k': 0.5392017190657327, 'fuel_half': 59.43852569380557}. Best is trial 335 with value: -0.6233152110406992.
[I 2026-07-24 02:10:26,876] Trial 592 finished with value: -0.5692362717356543 and parameters: {'k1': 5.2200009952399095e-05, 'D_low': 328.3283783802107, 'k2': 0.08308372359862162, 'D_high': 862037.7028901691, 'fire_exp': 1.7345897545685314, 'P_half': 14.456556419129525, 'pre_dampen_half': 187.55304610876533, 'gpp_af': 0.001727027781617384, 'gpp_b': 9.845945691925849e-05, 'gpp_d': 0.03149949095067288, 'ign_k': 0.01386532648689316, 'ign_c': 12.76937881298137, 'trop_agb_crit': 1.3693854268695422, 'trop_k_veg': 1.2871063524625403, 'gdp_gamma': 0.4182096082660943, 'fuel_k': 0.015979813119867903, 'fuel_half': 7.5658372510375145}. Best is trial 335 with value: -0.6233152110406992.
[I 2026-07-24 02:10:27,326] Trial 593 finished with value: 0.5370995285777855 and parameters: {'k1': 1.114265843285609e-05, 'D_low': 3638.535762669898, 'k2': 0.0018410626535547894, 'D_high': 3388132.385142979, 'fire_exp': 2.435331875288836, 'P_half': 3.0299268672841526, 'pre_dampen_half': 5.2428323269672354, 'gpp_af': 0.0017999024174892915, 'gpp_b': 3.594899020363535e-05, 'gpp_d': 1.7956642446737585, 'ign_k': 0.001111826655049478, 'ign_c': 24.743235323151836, 'trop_agb_crit': 17.73872484277672, 'trop_k_veg': 0.9072901803704189, 'gdp_gamma': 0.7864338602752071, 'fuel_k': 0.05553078327383139, 'fuel_half': 55.67101443527673}. Best is trial 335 with value: -0.6233152110406992.
[I 2026-07-24 02:10:27,774] Trial 594 finished with value: 0.5949385224783597 and parameters: {'k1': 5.339112669861159e-05, 'D_low': 699.1436649428445, 'k2': 0.08470618355327557, 'D_high': 4337201.218995355, 'fire_exp': 1.3420603034380767, 'P_half': 3181.898150009943, 'pre_dampen_half': 8.017292697733884, 'gpp_af': 0.0011077247384199634, 'gpp_b': 0.12172608469596267, 'gpp_d': 2.6471341036891594, 'ign_k': 0.09637420824250469, 'ign_c': 2.543120582656622, 'trop_agb_crit': 1.5111505668753105, 'trop_k_veg': 1.8904738674360102, 'gdp_gamma': 0.7243540841869985, 'fuel_k': 0.04982700017834162, 'fuel_half': 43.69090938421024}. Best is trial 335 with value: -0.6233152110406992.
[I 2026-07-24 02:10:28,236] Trial 595 finished with value: -0.6037818780390659 and parameters: {'k1': 0.0004991533628884275, 'D_low': 2.452359720895941, 'k2': 0.00671561018471119, 'D_high': 2651892.6031840583, 'fire_exp': 2.203486562667902, 'P_half': 5.820277391469912, 'pre_dampen_half': 7.114314638132257, 'gpp_af': 0.025444487282898085, 'gpp_b': 9.274922930479235e-05, 'gpp_d': 1.6162189434508918, 'ign_k': 0.003477369355876648, 'ign_c': 1.6386602908463215, 'trop_agb_crit': 2.1528311596941996, 'trop_k_veg': 1.1029599803424148, 'gdp_gamma': 1.3620567791963696, 'fuel_k': 0.054015154449382305, 'fuel_half': 76.18214148031932}. Best is trial 335 with value: -0.6233152110406992.
[I 2026-07-24 02:10:28,685] Trial 596 finished with value: 0.4870661025114018 and parameters: {'k1': 0.0002352659423260955, 'D_low': 1.905106210384958, 'k2': 0.0005516448035089193, 'D_high': 1020342.251910533, 'fire_exp': 1.9918818504568687, 'P_half': 21.044393782066113, 'pre_dampen_half': 2.1275071688369374, 'gpp_af': 0.004402026301516592, 'gpp_b': 0.0002113461742143086, 'gpp_d': 0.11140963253507485, 'ign_k': 0.004385334667223311, 'ign_c': 1.1861548616074304, 'trop_agb_crit': 3.284723856570662, 'trop_k_veg': 0.7713673325844166, 'gdp_gamma': 0.548699295826477, 'fuel_k': 0.07068707401823197, 'fuel_half': 74.73435275276239}. Best is trial 335 with value: -0.6233152110406992.
[I 2026-07-24 02:10:29,190] Trial 597 finished with value: 0.5223033010227958 and parameters: {'k1': 0.0016202096929863348, 'D_low': 19.163698368990588, 'k2': 0.01859544150481497, 'D_high': 294011.50217411976, 'fire_exp': 3.906957584285881, 'P_half': 197.05688098188418, 'pre_dampen_half': 129.87614493380556, 'gpp_af': 0.003113486223072959, 'gpp_b': 2.311918919115385e-05, 'gpp_d': 584.2897847125251, 'ign_k': 0.001445000811425831, 'ign_c': 18.23726715885103, 'trop_agb_crit': 16.69498618066069, 'trop_k_veg': 1.7178466717727163, 'gdp_gamma': 1.6189337870915352, 'fuel_k': 0.017361271428805503, 'fuel_half': 94.38796790840328}. Best is trial 335 with value: -0.6233152110406992.
[I 2026-07-24 02:10:29,639] Trial 598 finished with value: 0.5357110074142286 and parameters: {'k1': 0.0003917558427156272, 'D_low': 3.205842868270521, 'k2': 0.005334115348877627, 'D_high': 312930.4109630276, 'fire_exp': 2.8843985314112417, 'P_half': 6.653589430225363, 'pre_dampen_half': 0.9629605522930405, 'gpp_af': 0.05867507517997404, 'gpp_b': 0.0027363903497004322, 'gpp_d': 0.43613627428188473, 'ign_k': 0.005816407842835542, 'ign_c': 7.10835839704972, 'trop_agb_crit': 2.0439122764314774, 'trop_k_veg': 2.1426253175795473, 'gdp_gamma': 0.8715824501712166, 'fuel_k': 0.0388301756532012, 'fuel_half': 37.15311824879739}. Best is trial 335 with value: -0.6233152110406992.
[I 2026-07-24 02:10:30,085] Trial 599 finished with value: 0.44091472287977884 and parameters: {'k1': 0.08231754951441843, 'D_low': 1896.9455706612914, 'k2': 0.00955210684475403, 'D_high': 3499486.3587718955, 'fire_exp': 1.120900324108429, 'P_half': 23.851369781288412, 'pre_dampen_half': 15.630877960277202, 'gpp_af': 0.13660250517398698, 'gpp_b': 0.0058642174582502395, 'gpp_d': 98.73426718378654, 'ign_k': 0.0012941956544860523, 'ign_c': 813.5699230959825, 'trop_agb_crit': 2.06977523505739, 'trop_k_veg': 0.6139119801413772, 'gdp_gamma': 0.40151550913894457, 'fuel_k': 0.6486223327195214, 'fuel_half': 2.610124023825577}. Best is trial 335 with value: -0.6233152110406992.
[I 2026-07-24 02:10:30,531] Trial 600 finished with value: 0.5947969635694036 and parameters: {'k1': 1.3109186050720668e-05, 'D_low': 8.117001232902204, 'k2': 0.00023734880191839764, 'D_high': 17984.87164825979, 'fire_exp': 1.9412201870585841, 'P_half': 545.2854275865924, 'pre_dampen_half': 30.833415501601912, 'gpp_af': 0.0012718508639329546, 'gpp_b': 2.6426112219209996e-05, 'gpp_d': 11.99713550728896, 'ign_k': 0.003763722403457701, 'ign_c': 258.27589622107257, 'trop_agb_crit': 1.5123344862150911, 'trop_k_veg': 2.4385026630049884, 'gdp_gamma': 1.0264634718907408, 'fuel_k': 0.022850608102263414, 'fuel_half': 20.96587775484347}. Best is trial 335 with value: -0.6233152110406992.
[I 2026-07-24 02:10:30,985] Trial 601 finished with value: 0.5670798719218227 and parameters: {'k1': 6.698200712096157e-05, 'D_low': 217.80671241706779, 'k2': 0.01661655242727204, 'D_high': 8093674.671917943, 'fire_exp': 2.2805723552115458, 'P_half': 16.810364402665833, 'pre_dampen_half': 297.6801370256025, 'gpp_af': 0.001567409892634075, 'gpp_b': 0.0008856694478461176, 'gpp_d': 0.03436702165624532, 'ign_k': 0.0015040206930288097, 'ign_c': 192.5251118333943, 'trop_agb_crit': 2.7034270832486316, 'trop_k_veg': 2.9963203689492284, 'gdp_gamma': 1.0631903611629705, 'fuel_k': 0.01957500765960268, 'fuel_half': 7.234159515862416}. Best is trial 335 with value: -0.6233152110406992.
[I 2026-07-24 02:10:31,431] Trial 602 finished with value: 0.5094115631379253 and parameters: {'k1': 0.025393835464353944, 'D_low': 8.835091201720214, 'k2': 0.04671913563924276, 'D_high': 6298.324630326606, 'fire_exp': 1.2474512132422189, 'P_half': 36.94268577924959, 'pre_dampen_half': 19.784396559914185, 'gpp_af': 0.011279128048942743, 'gpp_b': 0.00013979984326652905, 'gpp_d': 228.00477844364784, 'ign_k': 0.0010954360910739032, 'ign_c': 40.26403218009276, 'trop_agb_crit': 7.5714672830930185, 'trop_k_veg': 0.7427082979207936, 'gdp_gamma': 1.3471687243563863, 'fuel_k': 0.02653551418541075, 'fuel_half': 74.21677901743786}. Best is trial 335 with value: -0.6233152110406992.
[I 2026-07-24 02:10:31,878] Trial 603 finished with value: 0.44124140950284274 and parameters: {'k1': 0.0004027827635857281, 'D_low': 25.82077070466848, 'k2': 0.057277504558699045, 'D_high': 1600419.4050026424, 'fire_exp': 1.199852407132605, 'P_half': 9.095720286672584, 'pre_dampen_half': 33.61107961203867, 'gpp_af': 0.05324823438763899, 'gpp_b': 0.00035498835166838927, 'gpp_d': 0.08785987915187099, 'ign_k': 0.0026035561149332057, 'ign_c': 5.071840809375437, 'trop_agb_crit': 1.1225695352361262, 'trop_k_veg': 1.6396049692128596, 'gdp_gamma': 0.3491780753003045, 'fuel_k': 0.14460569707078574, 'fuel_half': 80.57048377469556}. Best is trial 335 with value: -0.6233152110406992.
[I 2026-07-24 02:10:32,326] Trial 604 finished with value: 0.542578868830932 and parameters: {'k1': 0.0016054320359327064, 'D_low': 3.4071935073429094, 'k2': 0.011632609430856382, 'D_high': 2987666.5334084276, 'fire_exp': 2.0524371789530442, 'P_half': 47.10053216189184, 'pre_dampen_half': 5.429030528623897, 'gpp_af': 0.0025716914903741186, 'gpp_b': 0.0002584799123726281, 'gpp_d': 6.077245350634175, 'ign_k': 0.0016706930940799318, 'ign_c': 2.8788291866704467, 'trop_agb_crit': 1.5705336831298975, 'trop_k_veg': 2.5852123143969328, 'gdp_gamma': 0.179163819874709, 'fuel_k': 0.022715744638345418, 'fuel_half': 99.96588246937252}. Best is trial 335 with value: -0.6233152110406992.
[I 2026-07-24 02:10:32,774] Trial 605 finished with value: 0.4615836522624299 and parameters: {'k1': 0.008816205935828419, 'D_low': 157.40038124588688, 'k2': 0.06744877372222094, 'D_high': 156444.44625329724, 'fire_exp': 2.4775753600406447, 'P_half': 33.015019479875775, 'pre_dampen_half': 0.29939950238147295, 'gpp_af': 0.006729424952908539, 'gpp_b': 2.9739727610481683e-05, 'gpp_d': 814.9032707486135, 'ign_k': 0.011601184392094108, 'ign_c': 0.280276510122344, 'trop_agb_crit': 27.312299173840444, 'trop_k_veg': 1.5030848424468102, 'gdp_gamma': 1.7938391610340834, 'fuel_k': 0.015234501460835393, 'fuel_half': 1.8689409080185413}. Best is trial 335 with value: -0.6233152110406992.
[I 2026-07-24 02:10:33,221] Trial 606 finished with value: 0.4142578248137143 and parameters: {'k1': 0.0009013560653601652, 'D_low': 2457.1248413990556, 'k2': 0.005273359159999086, 'D_high': 2142092.4449546607, 'fire_exp': 3.1346775189680356, 'P_half': 15.428600180957968, 'pre_dampen_half': 64.36114025243461, 'gpp_af': 0.43131181581491823, 'gpp_b': 0.0076835405064589945, 'gpp_d': 71.77164385482376, 'ign_k': 0.0012671155644330126, 'ign_c': 11.214474317984026, 'trop_agb_crit': 23.198497367221854, 'trop_k_veg': 3.2183926935950455, 'gdp_gamma': 1.0961765538499129, 'fuel_k': 0.05684799172307946, 'fuel_half': 80.64407110015236}. Best is trial 335 with value: -0.6233152110406992.
[I 2026-07-24 02:10:33,673] Trial 607 finished with value: 0.5240188361939488 and parameters: {'k1': 4.499252587708453e-05, 'D_low': 1.256291225484623, 'k2': 0.0006584595086896787, 'D_high': 313188.13927677914, 'fire_exp': 1.3411167234748487, 'P_half': 7.633878083802777, 'pre_dampen_half': 4.387925642230743, 'gpp_af': 0.015045803724906355, 'gpp_b': 2.7324370017748874e-05, 'gpp_d': 0.20942746209826257, 'ign_k': 0.0010100504069167505, 'ign_c': 419.39914101538835, 'trop_agb_crit': 9.49620080502528, 'trop_k_veg': 1.713720422441163, 'gdp_gamma': 0.057047540329673685, 'fuel_k': 0.050278594857811054, 'fuel_half': 40.35763933656272}. Best is trial 335 with value: -0.6233152110406992.
