[I 2026-08-05 23:36:39,738] Trial 1395 finished with values: [10.327544026983064, 10.327544026983064] and parameters: {'k1': 0.06415745702132086, 'D_low': 9.882278532808778, 'k2': 0.0027431991397796683, 'D_high': 2941.5751391396584, 'fire_exp': 1.3239942327296237, 'P_half': 13.019246714361572, 'pre_dampen_half': 304.7488318185732, 'gpp_af': 35.16422330469638, 'gpp_b': 7.402343469704428e-05, 'gpp_d': 5.878566318396007, 'ign_k': 0.34703605955441524, 'ign_c': 8.671454322584175}.
[I 2026-08-05 23:36:40,654] Trial 1396 finished with values: [10.121337927227646, 10.121337927227646] and parameters: {'k1': 0.025383218374507292, 'D_low': 6.1642743507854245, 'k2': 0.0027431991397796683, 'D_high': 633.1166646948959, 'fire_exp': 1.1258453832483524, 'P_half': 142.82597314566826, 'pre_dampen_half': 304.7488318185732, 'gpp_af': 0.0021836613912815635, 'gpp_b': 0.00012797528816608022, 'gpp_d': 891.8036602897795, 'ign_k': 3.529389593576794, 'ign_c': 9.800540600083304}.
[I 2026-08-05 23:36:41,554] Trial 1397 finished with values: [-0.6009239496747871, 0.23582257463882494] and parameters: {'k1': 0.06415745702132086, 'D_low': 2.1234210963705626, 'k2': 0.08894151386481904, 'D_high': 984.0626059011972, 'fire_exp': 1.5292421264264235, 'P_half': 13.019246714361572, 'pre_dampen_half': 304.7488318185732, 'gpp_af': 0.0021836613912815635, 'gpp_b': 7.402343469704428e-05, 'gpp_d': 5.878566318396007, 'ign_k': 0.34703605955441524, 'ign_c': 0.2641768757953155}.
[I 2026-08-05 23:36:42,435] Trial 1398 finished with values: [-0.5637648454514769, 0.22862002065974973] and parameters: {'k1': 0.025383218374507292, 'D_low': 12.492307509390828, 'k2': 0.0027431991397796683, 'D_high': 633.1166646948959, 'fire_exp': 1.1044852285094786, 'P_half': 13.019246714361572, 'pre_dampen_half': 304.7488318185732, 'gpp_af': 0.0021836613912815635, 'gpp_b': 3.228689523591491e-05, 'gpp_d': 891.8036602897795, 'ign_k': 0.4702627143647234, 'ign_c': 0.9294394155644988}.
[I 2026-08-05 23:36:43,369] Trial 1399 finished with values: [10.010983075686672, 10.010983075686672] and parameters: {'k1': 0.016594187721123744, 'D_low': 2.1234210963705626, 'k2': 0.00375241428659295, 'D_high': 1665.1532285161688, 'fire_exp': 1.010722707674549, 'P_half': 13.019246714361572, 'pre_dampen_half': 304.7488318185732, 'gpp_af': 1.9226512897582446, 'gpp_b': 7.402343469704428e-05, 'gpp_d': 891.8036602897795, 'ign_k': 0.34703605955441524, 'ign_c': 0.9294394155644988}.
[I 2026-08-05 23:36:44,301] Trial 1400 finished with values: [10.769230521144552, 10.769230521144552] and parameters: {'k1': 0.025383218374507292, 'D_low': 1942.730875500185, 'k2': 0.08894151386481904, 'D_high': 1665.1532285161688, 'fire_exp': 1.1044852285094786, 'P_half': 13.019246714361572, 'pre_dampen_half': 0.798178522480916, 'gpp_af': 0.0021836613912815635, 'gpp_b': 7.402343469704428e-05, 'gpp_d': 891.8036602897795, 'ign_k': 3.529389593576794, 'ign_c': 8.671454322584175}.
[I 2026-08-05 23:36:45,177] Trial 1401 finished with values: [-0.6085830128504714, 0.2853288940767438] and parameters: {'k1': 0.06415745702132086, 'D_low': 12.492307509390828, 'k2': 0.0027431991397796683, 'D_high': 1665.1532285161688, 'fire_exp': 1.010722707674549, 'P_half': 105.53846463525653, 'pre_dampen_half': 304.7488318185732, 'gpp_af': 0.001339466259146302, 'gpp_b': 3.228689523591491e-05, 'gpp_d': 891.8036602897795, 'ign_k': 8.761971101023693, 'ign_c': 0.9294394155644988}.
[I 2026-08-05 23:36:46,070] Trial 1402 finished with values: [10.233562793693144, 10.233562793693144] and parameters: {'k1': 0.025383218374507292, 'D_low': 1.4045842344024697, 'k2': 0.01266039931354181, 'D_high': 72095.24393416548, 'fire_exp': 1.010722707674549, 'P_half': 10.226988730324324, 'pre_dampen_half': 304.7488318185732, 'gpp_af': 0.0021836613912815635, 'gpp_b': 2.4497488749956643e-05, 'gpp_d': 5.878566318396007, 'ign_k': 0.4702627143647234, 'ign_c': 0.9294394155644988}.
[I 2026-08-05 23:36:46,942] Trial 1403 finished with values: [-0.5933023294764614, 0.24604995069870816] and parameters: {'k1': 0.06415745702132086, 'D_low': 6.1642743507854245, 'k2': 0.03071666851587867, 'D_high': 633.1166646948959, 'fire_exp': 1.010722707674549, 'P_half': 6.532295709354627, 'pre_dampen_half': 304.7488318185732, 'gpp_af': 0.0021836613912815635, 'gpp_b': 0.00012797528816608022, 'gpp_d': 891.8036602897795, 'ign_k': 0.34703605955441524, 'ign_c': 0.9294394155644988}.
[I 2026-08-05 23:36:47,820] Trial 1404 finished with values: [-0.5993279762616595, 0.24287107593130286] and parameters: {'k1': 0.06415745702132086, 'D_low': 12.492307509390828, 'k2': 0.03071666851587867, 'D_high': 984.0626059011972, 'fire_exp': 1.1044852285094786, 'P_half': 24.136213194527585, 'pre_dampen_half': 304.7488318185732, 'gpp_af': 0.001339466259146302, 'gpp_b': 7.402343469704428e-05, 'gpp_d': 5.878566318396007, 'ign_k': 0.34703605955441524, 'ign_c': 0.9294394155644988}.
[I 2026-08-05 23:36:48,729] Trial 1405 finished with values: [-0.6161697128883706, 0.4392140419286841] and parameters: {'k1': 0.02641449645424223, 'D_low': 12.492307509390828, 'k2': 0.0027431991397796683, 'D_high': 2941.5751391396584, 'fire_exp': 1.010722707674549, 'P_half': 10.226988730324324, 'pre_dampen_half': 304.7488318185732, 'gpp_af': 0.0021836613912815635, 'gpp_b': 1.0749238062021576e-05, 'gpp_d': 857.4284557962634, 'ign_k': 0.12397054908843057, 'ign_c': 8.671454322584175}.
[I 2026-08-05 23:36:49,612] Trial 1406 finished with values: [10.721750589935555, 10.721750589935555] and parameters: {'k1': 0.06415745702132086, 'D_low': 2.1234210963705626, 'k2': 0.00014078352411766088, 'D_high': 984.0626059011972, 'fire_exp': 1.010722707674549, 'P_half': 13.019246714361572, 'pre_dampen_half': 92.10264346077673, 'gpp_af': 0.0021836613912815635, 'gpp_b': 0.029211926233813405, 'gpp_d': 891.8036602897795, 'ign_k': 0.4902396944106615, 'ign_c': 0.9294394155644988}.
[I 2026-08-05 23:36:50,492] Trial 1407 finished with values: [-0.6188510055082522, 0.3350118291064552] and parameters: {'k1': 0.06415745702132086, 'D_low': 9.882278532808778, 'k2': 0.08894151386481904, 'D_high': 2941.5751391396584, 'fire_exp': 1.3239942327296237, 'P_half': 13.019246714361572, 'pre_dampen_half': 304.7488318185732, 'gpp_af': 0.0021836613912815635, 'gpp_b': 7.402343469704428e-05, 'gpp_d': 14.890596236621091, 'ign_k': 3.529389593576794, 'ign_c': 0.9294394155644988}.
[I 2026-08-05 23:36:51,806] Trial 1408 finished with values: [-0.5911105710104285, 0.21046673612402056] and parameters: {'k1': 0.025383218374507292, 'D_low': 18.89739291279832, 'k2': 0.03071666851587867, 'D_high': 633.1166646948959, 'fire_exp': 1.1044852285094786, 'P_half': 10.226988730324324, 'pre_dampen_half': 247.25776073156666, 'gpp_af': 0.0021836613912815635, 'gpp_b': 0.00012797528816608022, 'gpp_d': 891.8036602897795, 'ign_k': 0.4702627143647234, 'ign_c': 0.9294394155644988}.
[I 2026-08-05 23:36:52,695] Trial 1409 finished with values: [-0.6131282243946219, 0.39216207234568745] and parameters: {'k1': 0.025383218374507292, 'D_low': 6.1642743507854245, 'k2': 0.03071666851587867, 'D_high': 1665.1532285161688, 'fire_exp': 1.010722707674549, 'P_half': 25.49709775062068, 'pre_dampen_half': 97.62719199426238, 'gpp_af': 0.09546679952518865, 'gpp_b': 7.402343469704428e-05, 'gpp_d': 891.8036602897795, 'ign_k': 0.34703605955441524, 'ign_c': 2.4511692798424947}.
[I 2026-08-05 23:36:53,611] Trial 1410 finished with values: [-0.6159215395054722, 0.3041631241440972] and parameters: {'k1': 0.06415745702132086, 'D_low': 9.882278532808778, 'k2': 0.0036014695835220327, 'D_high': 1665.1532285161688, 'fire_exp': 1.1258453832483524, 'P_half': 10.226988730324324, 'pre_dampen_half': 304.7488318185732, 'gpp_af': 0.001339466259146302, 'gpp_b': 3.228689523591491e-05, 'gpp_d': 5.878566318396007, 'ign_k': 8.761971101023693, 'ign_c': 0.3528113274684997}.
[I 2026-08-05 23:36:54,510] Trial 1411 finished with values: [-0.6281662386258835, 0.4108062163376116] and parameters: {'k1': 0.06415745702132086, 'D_low': 6.1642743507854245, 'k2': 0.08894151386481904, 'D_high': 2941.5751391396584, 'fire_exp': 1.1044852285094786, 'P_half': 10.226988730324324, 'pre_dampen_half': 304.7488318185732, 'gpp_af': 0.0021836613912815635, 'gpp_b': 3.481277316673104e-05, 'gpp_d': 891.8036602897795, 'ign_k': 0.4902396944106615, 'ign_c': 0.9294394155644988}.
[I 2026-08-05 23:36:55,394] Trial 1412 finished with values: [-0.6213767660092687, 0.2883421220257386] and parameters: {'k1': 0.06415745702132086, 'D_low': 2.1234210963705626, 'k2': 0.03071666851587867, 'D_high': 1665.1532285161688, 'fire_exp': 1.404276171936119, 'P_half': 24.136213194527585, 'pre_dampen_half': 304.7488318185732, 'gpp_af': 0.0021836613912815635, 'gpp_b': 3.228689523591491e-05, 'gpp_d': 5.878566318396007, 'ign_k': 0.34703605955441524, 'ign_c': 8.671454322584175}.
[I 2026-08-05 23:36:56,296] Trial 1413 finished with values: [-0.6240971783341396, 0.3973091745548475] and parameters: {'k1': 0.02641449645424223, 'D_low': 6.1642743507854245, 'k2': 0.08894151386481904, 'D_high': 2941.5751391396584, 'fire_exp': 1.1044852285094786, 'P_half': 13.019246714361572, 'pre_dampen_half': 304.7488318185732, 'gpp_af': 0.0055518823149351484, 'gpp_b': 7.402343469704428e-05, 'gpp_d': 376.2273313395826, 'ign_k': 0.13555497741705774, 'ign_c': 3.0378658251922155}.
[I 2026-08-05 23:36:57,180] Trial 1414 finished with values: [10.688558148334543, 10.688558148334543] and parameters: {'k1': 0.06415745702132086, 'D_low': 4.603606140283045, 'k2': 0.03071666851587867, 'D_high': 1665.1532285161688, 'fire_exp': 1.1044852285094786, 'P_half': 24.136213194527585, 'pre_dampen_half': 0.061627438103753165, 'gpp_af': 0.001339466259146302, 'gpp_b': 7.402343469704428e-05, 'gpp_d': 1.4794382088887477, 'ign_k': 0.34703605955441524, 'ign_c': 8.671454322584175}.
[I 2026-08-05 23:36:58,049] Trial 1415 finished with values: [-0.5942710746118498, 0.26811078030695246] and parameters: {'k1': 0.06415745702132086, 'D_low': 12.492307509390828, 'k2': 0.03071666851587867, 'D_high': 2941.5751391396584, 'fire_exp': 1.010722707674549, 'P_half': 607.570211421418, 'pre_dampen_half': 304.7488318185732, 'gpp_af': 0.0021836613912815635, 'gpp_b': 2.4497488749956643e-05, 'gpp_d': 891.8036602897795, 'ign_k': 0.4702627143647234, 'ign_c': 0.9294394155644988}.
[I 2026-08-05 23:36:58,968] Trial 1416 finished with values: [-0.6094760630722817, 0.445629700707476] and parameters: {'k1': 0.025383218374507292, 'D_low': 2.1234210963705626, 'k2': 0.08894151386481904, 'D_high': 14895.167857414559, 'fire_exp': 1.1044852285094786, 'P_half': 224.42820887784595, 'pre_dampen_half': 304.7488318185732, 'gpp_af': 0.0021836613912815635, 'gpp_b': 0.00012797528816608022, 'gpp_d': 15.186467669014625, 'ign_k': 0.4702627143647234, 'ign_c': 8.671454322584175}.
[I 2026-08-05 23:36:59,869] Trial 1417 finished with values: [-0.6277744084620674, 0.3548373125654405] and parameters: {'k1': 0.025383218374507292, 'D_low': 9.882278532808778, 'k2': 0.03071666851587867, 'D_high': 2941.5751391396584, 'fire_exp': 1.1044852285094786, 'P_half': 13.019246714361572, 'pre_dampen_half': 304.7488318185732, 'gpp_af': 0.0021836613912815635, 'gpp_b': 7.402343469704428e-05, 'gpp_d': 15.186467669014625, 'ign_k': 0.4702627143647234, 'ign_c': 8.671454322584175}.
[I 2026-08-05 23:37:00,770] Trial 1418 finished with values: [-0.6264630729351165, 0.36742266808883195] and parameters: {'k1': 0.02641449645424223, 'D_low': 2.1234210963705626, 'k2': 0.01153590300936118, 'D_high': 2941.5751391396584, 'fire_exp': 1.1044852285094786, 'P_half': 13.019246714361572, 'pre_dampen_half': 247.25776073156666, 'gpp_af': 0.0021836613912815635, 'gpp_b': 7.402343469704428e-05, 'gpp_d': 368.30088529547436, 'ign_k': 0.4702627143647234, 'ign_c': 0.9294394155644988}.
[I 2026-08-05 23:37:01,674] Trial 1419 finished with values: [-0.5991254930399487, 0.22296492635289067] and parameters: {'k1': 0.025383218374507292, 'D_low': 6.1642743507854245, 'k2': 0.03071666851587867, 'D_high': 633.1166646948959, 'fire_exp': 1.010722707674549, 'P_half': 25.49709775062068, 'pre_dampen_half': 304.7488318185732, 'gpp_af': 0.0021836613912815635, 'gpp_b': 0.00012797528816608022, 'gpp_d': 891.8036602897795, 'ign_k': 3.529389593576794, 'ign_c': 1.8494675180817686}.
[I 2026-08-05 23:37:02,569] Trial 1420 finished with values: [10.10416860873707, 10.10416860873707] and parameters: {'k1': 0.06415745702132086, 'D_low': 6.1642743507854245, 'k2': 0.03071666851587867, 'D_high': 26835.953334046168, 'fire_exp': 1.010722707674549, 'P_half': 25.49709775062068, 'pre_dampen_half': 339.40346662065144, 'gpp_af': 0.0055518823149351484, 'gpp_b': 0.00012797528816608022, 'gpp_d': 891.8036602897795, 'ign_k': 3.529389593576794, 'ign_c': 0.9294394155644988}.
[I 2026-08-05 23:37:03,454] Trial 1421 finished with values: [-0.5654181066816861, 0.21343959989101902] and parameters: {'k1': 0.00012812030076593395, 'D_low': 6.1642743507854245, 'k2': 0.03071666851587867, 'D_high': 984.0626059011972, 'fire_exp': 1.010722707674549, 'P_half': 10.226988730324324, 'pre_dampen_half': 827.1939770346661, 'gpp_af': 0.0021836613912815635, 'gpp_b': 7.402343469704428e-05, 'gpp_d': 1.4794382088887477, 'ign_k': 0.34703605955441524, 'ign_c': 8.671454322584175}.
[I 2026-08-05 23:37:04,354] Trial 1422 finished with values: [10.274753798533137, 10.274753798533137] and parameters: {'k1': 0.06415745702132086, 'D_low': 6.1642743507854245, 'k2': 0.0027431991397796683, 'D_high': 633.1166646948959, 'fire_exp': 1.010722707674549, 'P_half': 3.654652697890419, 'pre_dampen_half': 304.7488318185732, 'gpp_af': 0.0021836613912815635, 'gpp_b': 7.402343469704428e-05, 'gpp_d': 891.8036602897795, 'ign_k': 0.006427804711224163, 'ign_c': 0.9294394155644988}.
[I 2026-08-05 23:37:05,241] Trial 1423 finished with values: [10.060316110733645, 10.060316110733645] and parameters: {'k1': 0.025383218374507292, 'D_low': 5.456314022643806, 'k2': 0.03071666851587867, 'D_high': 633.1166646948959, 'fire_exp': 1.1044852285094786, 'P_half': 24.136213194527585, 'pre_dampen_half': 304.7488318185732, 'gpp_af': 0.5107061330406066, 'gpp_b': 7.402343469704428e-05, 'gpp_d': 1.4794382088887477, 'ign_k': 3.529389593576794, 'ign_c': 8.671454322584175}.
[I 2026-08-05 23:37:06,109] Trial 1424 finished with values: [10.461046540700973, 10.461046540700973] and parameters: {'k1': 0.02641449645424223, 'D_low': 2.1234210963705626, 'k2': 0.00375241428659295, 'D_high': 2941.5751391396584, 'fire_exp': 1.1044852285094786, 'P_half': 3766.680988255313, 'pre_dampen_half': 304.7488318185732, 'gpp_af': 1.8683694679300018, 'gpp_b': 7.402343469704428e-05, 'gpp_d': 15.186467669014625, 'ign_k': 8.761971101023693, 'ign_c': 8.671454322584175}.
[I 2026-08-05 23:37:07,040] Trial 1425 finished with values: [10.037074342181013, 10.037074342181013] and parameters: {'k1': 0.06415745702132086, 'D_low': 9.882278532808778, 'k2': 0.03071666851587867, 'D_high': 2941.5751391396584, 'fire_exp': 1.1258453832483524, 'P_half': 13.019246714361572, 'pre_dampen_half': 703.6426675556048, 'gpp_af': 0.0021836613912815635, 'gpp_b': 1.0749238062021576e-05, 'gpp_d': 368.30088529547436, 'ign_k': 0.34703605955441524, 'ign_c': 8.671454322584175}.
[I 2026-08-05 23:37:07,953] Trial 1426 finished with values: [-0.5660100179210842, 0.2726344106523968] and parameters: {'k1': 4.05898207003965e-05, 'D_low': 9.882278532808778, 'k2': 0.0036014695835220327, 'D_high': 2941.5751391396584, 'fire_exp': 1.1258453832483524, 'P_half': 10.226988730324324, 'pre_dampen_half': 304.7488318185732, 'gpp_af': 0.0055518823149351484, 'gpp_b': 7.402343469704428e-05, 'gpp_d': 5.878566318396007, 'ign_k': 8.761971101023693, 'ign_c': 5.771566094775099}.
[I 2026-08-05 23:37:08,854] Trial 1427 finished with values: [-0.6149289839786943, 0.30612187094881593] and parameters: {'k1': 0.06415745702132086, 'D_low': 2.1234210963705626, 'k2': 0.002891958791644794, 'D_high': 1665.1532285161688, 'fire_exp': 1.1044852285094786, 'P_half': 2.1570307680573153, 'pre_dampen_half': 304.7488318185732, 'gpp_af': 0.0021836613912815635, 'gpp_b': 7.402343469704428e-05, 'gpp_d': 258.2746858912498, 'ign_k': 0.34703605955441524, 'ign_c': 8.671454322584175}.
[I 2026-08-05 23:37:09,771] Trial 1428 finished with values: [-0.626801154494261, 0.3466119700367698] and parameters: {'k1': 0.016383781286443064, 'D_low': 9.882278532808778, 'k2': 0.08894151386481904, 'D_high': 2941.5751391396584, 'fire_exp': 1.1258453832483524, 'P_half': 13.019246714361572, 'pre_dampen_half': 304.7488318185732, 'gpp_af': 0.0021836613912815635, 'gpp_b': 7.402343469704428e-05, 'gpp_d': 368.30088529547436, 'ign_k': 0.4902396944106615, 'ign_c': 8.671454322584175}.
[I 2026-08-05 23:37:10,700] Trial 1429 finished with values: [-0.6158332120478158, 0.28665857759598257] and parameters: {'k1': 0.06415745702132086, 'D_low': 2.1234210963705626, 'k2': 0.08894151386481904, 'D_high': 1049.1246574185643, 'fire_exp': 1.1044852285094786, 'P_half': 13.019246714361572, 'pre_dampen_half': 304.7488318185732, 'gpp_af': 0.0055518823149351484, 'gpp_b': 7.402343469704428e-05, 'gpp_d': 891.8036602897795, 'ign_k': 3.529389593576794, 'ign_c': 0.9294394155644988}.
[I 2026-08-05 23:37:11,598] Trial 1430 finished with values: [-0.5811326328376042, 0.20987790911418847] and parameters: {'k1': 0.06415745702132086, 'D_low': 6.1642743507854245, 'k2': 0.03071666851587867, 'D_high': 633.1166646948959, 'fire_exp': 1.010722707674549, 'P_half': 271.7121699145744, 'pre_dampen_half': 304.7488318185732, 'gpp_af': 0.0021836613912815635, 'gpp_b': 7.402343469704428e-05, 'gpp_d': 891.8036602897795, 'ign_k': 0.4702627143647234, 'ign_c': 0.9294394155644988}.
[I 2026-08-05 23:37:12,897] Trial 1431 finished with values: [10.186374656614575, 10.186374656614575] and parameters: {'k1': 0.02641449645424223, 'D_low': 6.1642743507854245, 'k2': 0.0027431991397796683, 'D_high': 1665.1532285161688, 'fire_exp': 2.9102572298675855, 'P_half': 10.226988730324324, 'pre_dampen_half': 304.7488318185732, 'gpp_af': 0.001339466259146302, 'gpp_b': 7.402343469704428e-05, 'gpp_d': 15.186467669014625, 'ign_k': 3.529389593576794, 'ign_c': 3.0378658251922155}.
[I 2026-08-05 23:37:13,797] Trial 1432 finished with values: [-0.5597463582526585, 0.3240373389157386] and parameters: {'k1': 0.06415745702132086, 'D_low': 2.1234210963705626, 'k2': 0.00375241428659295, 'D_high': 633.1166646948959, 'fire_exp': 1.010722707674549, 'P_half': 10.226988730324324, 'pre_dampen_half': 304.7488318185732, 'gpp_af': 68.49093205085057, 'gpp_b': 7.402343469704428e-05, 'gpp_d': 891.8036602897795, 'ign_k': 0.34703605955441524, 'ign_c': 8.671454322584175}.
[I 2026-08-05 23:37:14,714] Trial 1433 finished with values: [10.769230769178105, 10.769230769178105] and parameters: {'k1': 0.02641449645424223, 'D_low': 2.1234210963705626, 'k2': 0.01153590300936118, 'D_high': 2941.5751391396584, 'fire_exp': 1.1258453832483524, 'P_half': 24.136213194527585, 'pre_dampen_half': 1.2268879368890822, 'gpp_af': 0.0055518823149351484, 'gpp_b': 7.402343469704428e-05, 'gpp_d': 5.878566318396007, 'ign_k': 0.4902396944106615, 'ign_c': 863.8558450754007}.
[I 2026-08-05 23:37:15,615] Trial 1434 finished with values: [-0.6270049147315134, 0.4236763658207612] and parameters: {'k1': 0.025383218374507292, 'D_low': 9.882278532808778, 'k2': 0.03071666851587867, 'D_high': 4695.480001817503, 'fire_exp': 1.1044852285094786, 'P_half': 10.226988730324324, 'pre_dampen_half': 247.25776073156666, 'gpp_af': 0.0021836613912815635, 'gpp_b': 7.402343469704428e-05, 'gpp_d': 5.878566318396007, 'ign_k': 8.761971101023693, 'ign_c': 0.3528113274684997}.
[I 2026-08-05 23:37:16,499] Trial 1435 finished with values: [-0.6056143532389515, 0.2610865698660576] and parameters: {'k1': 0.06415745702132086, 'D_low': 1.4045842344024697, 'k2': 0.0027431991397796683, 'D_high': 1665.1532285161688, 'fire_exp': 1.404276171936119, 'P_half': 24.136213194527585, 'pre_dampen_half': 304.7488318185732, 'gpp_af': 0.0021836613912815635, 'gpp_b': 7.402343469704428e-05, 'gpp_d': 891.8036602897795, 'ign_k': 0.34703605955441524, 'ign_c': 8.671454322584175}.
[I 2026-08-05 23:37:17,416] Trial 1436 finished with values: [10.769230769178105, 10.769230769178105] and parameters: {'k1': 0.003456886280594567, 'D_low': 9.882278532808778, 'k2': 0.08894151386481904, 'D_high': 633.1166646948959, 'fire_exp': 1.010722707674549, 'P_half': 12.808863354047988, 'pre_dampen_half': 304.7488318185732, 'gpp_af': 0.0021836613912815635, 'gpp_b': 7.402343469704428e-05, 'gpp_d': 0.06757319853660379, 'ign_k': 8.761971101023693, 'ign_c': 337.06296224386006}.
[I 2026-08-05 23:37:18,301] Trial 1437 finished with values: [10.767236522926083, 10.767236522926083] and parameters: {'k1': 0.0005128126758785009, 'D_low': 18.89739291279832, 'k2': 4.455881402182094e-05, 'D_high': 11.231301345658464, 'fire_exp': 3.6287385930703477, 'P_half': 13.019246714361572, 'pre_dampen_half': 4.335089924140592, 'gpp_af': 0.0021836613912815635, 'gpp_b': 0.00012797528816608022, 'gpp_d': 891.8036602897795, 'ign_k': 0.34703605955441524, 'ign_c': 0.9294394155644988}.
[I 2026-08-05 23:37:19,185] Trial 1438 finished with values: [10.75292615317361, 10.75292615317361] and parameters: {'k1': 0.06415745702132086, 'D_low': 1.4045842344024697, 'k2': 0.042171429440250686, 'D_high': 633.1166646948959, 'fire_exp': 1.010722707674549, 'P_half': 13.019246714361572, 'pre_dampen_half': 304.7488318185732, 'gpp_af': 0.0021836613912815635, 'gpp_b': 0.20707216977591905, 'gpp_d': 368.30088529547436, 'ign_k': 3.6394202908311692, 'ign_c': 0.20779081121680665}.
[I 2026-08-05 23:37:20,100] Trial 1439 finished with values: [10.759549940530066, 10.759549940530066] and parameters: {'k1': 0.06415745702132086, 'D_low': 2.1234210963705626, 'k2': 0.0027431991397796683, 'D_high': 2941.5751391396584, 'fire_exp': 1.1044852285094786, 'P_half': 13.019246714361572, 'pre_dampen_half': 304.7488318185732, 'gpp_af': 0.0021836613912815635, 'gpp_b': 0.24489444951824743, 'gpp_d': 368.30088529547436, 'ign_k': 0.4702627143647234, 'ign_c': 8.671454322584175}.
