[I 2026-08-19 15:47:40,004] Trial 1420 finished with value: -0.48022594569292 and parameters: {'k1': 0.003090274965595696, 'D_low': 1.6952247342706752, 'k2': 5.405395584066965e-05, 'D_high': 375928.95635958004, 'fire_exp': 1.2304786112891428, 'P_half': 1.8903584767542894, 'pre_dampen_half': 6.98134798426628, 'gpp_af': 8.008322787618882, 'gpp_b': 0.00035979799341372696, 'gpp_d': 177.0972641463019, 'ign_k': 3.0129675618345586, 'ign_c': 3.269436614584442, 'trop_agb_crit': 9.0496497735451, 'trop_k_veg': 7.832654506806482, 'pop_amp': 2.327243885316658, 'pop_peak': 0.06917511602793114, 'pop_sig': 0.36580524433972267, 'fuel_k': 3.203180947592227, 'fuel_half': 14.067064644374456}. Best is trial 421 with value: -0.6216386034937503.
[I 2026-08-19 15:47:44,481] Trial 1421 finished with value: -0.5467261018508696 and parameters: {'k1': 0.0005378776176293581, 'D_low': 3.4694944094107565, 'k2': 0.0011623092997285875, 'D_high': 2778132.5434074863, 'fire_exp': 1.1619039445309696, 'P_half': 1.6585293461025368, 'pre_dampen_half': 6.490495077198728, 'gpp_af': 0.25043324646976795, 'gpp_b': 2.6434920699857437e-05, 'gpp_d': 13.193140231099473, 'ign_k': 0.1303052225928785, 'ign_c': 2.3144370446217972, 'trop_agb_crit': 9.157852002094353, 'trop_k_veg': 4.066001034168343, 'pop_amp': 0.21333070195291942, 'pop_peak': 0.06832608125560573, 'pop_sig': 0.3154842028532831, 'fuel_k': 1.3609682019889908, 'fuel_half': 2.2486400272356684}. Best is trial 421 with value: -0.6216386034937503.
[I 2026-08-19 15:47:51,511] Trial 1422 finished with value: -0.5816432148501443 and parameters: {'k1': 0.004173558299228683, 'D_low': 155.31048743668677, 'k2': 0.00019278857670166388, 'D_high': 2321282.2645344865, 'fire_exp': 3.5040200758491493, 'P_half': 4.361132561114738, 'pre_dampen_half': 2.175652551635123, 'gpp_af': 0.016764793277720555, 'gpp_b': 2.1840458622789218e-05, 'gpp_d': 0.27488377681096676, 'ign_k': 0.41169627877179205, 'ign_c': 13.401267215669948, 'trop_agb_crit': 16.680423218400968, 'trop_k_veg': 1.9298703582261028, 'pop_amp': 0.17087378155755273, 'pop_peak': 8.821352472683108, 'pop_sig': 0.7528323788627037, 'fuel_k': 0.06737134177604139, 'fuel_half': 1.3604549955277943}. Best is trial 421 with value: -0.6216386034937503.
[I 2026-08-19 15:47:55,851] Trial 1423 finished with value: -0.5837520953757309 and parameters: {'k1': 0.002764077847539959, 'D_low': 467.44434250090126, 'k2': 0.002551232715803618, 'D_high': 298802.0553327873, 'fire_exp': 6.521615915741239, 'P_half': 162.73943447028208, 'pre_dampen_half': 38.921555114307715, 'gpp_af': 0.12435019617704286, 'gpp_b': 0.0014480743326190414, 'gpp_d': 14.202406726604865, 'ign_k': 2.1114032480904346, 'ign_c': 6.59936916017545, 'trop_agb_crit': 18.052291461597633, 'trop_k_veg': 5.166276609401818, 'pop_amp': 0.01903687138246646, 'pop_peak': 2.887663821693127, 'pop_sig': 0.8971235895752905, 'fuel_k': 1.0597578273063861, 'fuel_half': 0.20650461018082097}. Best is trial 421 with value: -0.6216386034937503.
  trial 1424/2500  best_overall=0.6216  (83.9 min)
[I 2026-08-19 15:48:00,029] Trial 1424 finished with value: -0.5961796836500237 and parameters: {'k1': 0.00031436453446540864, 'D_low': 7.9291397456205805, 'k2': 0.00029985005088763167, 'D_high': 1797871.3803959163, 'fire_exp': 1.4698241542630464, 'P_half': 2.0712872684539234, 'pre_dampen_half': 4.591908503864002, 'gpp_af': 0.9080264239420393, 'gpp_b': 0.0004869225709680425, 'gpp_d': 175.1065651613643, 'ign_k': 0.059160498095536015, 'ign_c': 4.565109106522962, 'trop_agb_crit': 14.28849730326706, 'trop_k_veg': 6.876428217053016, 'pop_amp': 0.019852873725489325, 'pop_peak': 0.05964483646982906, 'pop_sig': 0.5364913927963711, 'fuel_k': 1.3671194478266002, 'fuel_half': 0.7832005980215211}. Best is trial 421 with value: -0.6216386034937503.
[I 2026-08-19 15:48:03,963] Trial 1425 finished with value: -0.3554625854118624 and parameters: {'k1': 1.021586587810646e-05, 'D_low': 1.2770081817557577, 'k2': 1.2855733164721406e-05, 'D_high': 1969014.01472985, 'fire_exp': 2.0970151146540723, 'P_half': 7.544710885805983, 'pre_dampen_half': 26.35353305273651, 'gpp_af': 0.12266062464282841, 'gpp_b': 0.00016303930952055168, 'gpp_d': 607.5237291406454, 'ign_k': 1.6388753051409524, 'ign_c': 326.81941089109677, 'trop_agb_crit': 18.6524747067815, 'trop_k_veg': 6.089709297899775, 'pop_amp': 0.679386118237793, 'pop_peak': 0.13237562783836399, 'pop_sig': 0.30072284841494507, 'fuel_k': 2.07727132445127, 'fuel_half': 0.5889746552315858}. Best is trial 421 with value: -0.6216386034937503.
[I 2026-08-19 15:48:07,312] Trial 1426 finished with value: -0.4173037382284203 and parameters: {'k1': 0.013313843251146918, 'D_low': 228.2302091670302, 'k2': 0.015002715356684241, 'D_high': 8643938.710959187, 'fire_exp': 3.98643162449604, 'P_half': 5.674963006835866, 'pre_dampen_half': 0.2395338229677849, 'gpp_af': 0.0022670604653253867, 'gpp_b': 0.0022909131426735335, 'gpp_d': 168.89707471468768, 'ign_k': 3.070109062267802, 'ign_c': 22.22005123579754, 'trop_agb_crit': 27.84418627102972, 'trop_k_veg': 1.4924203077608558, 'pop_amp': 0.011060654185050542, 'pop_peak': 1.0835477057561174, 'pop_sig': 0.7783768164787195, 'fuel_k': 2.746649015187973, 'fuel_half': 0.4483244209091598}. Best is trial 421 with value: -0.6216386034937503.
[I 2026-08-19 15:48:11,022] Trial 1427 finished with value: -0.4178517806689384 and parameters: {'k1': 0.0001968669113554706, 'D_low': 113.00920465558073, 'k2': 0.0013528468912497006, 'D_high': 1481698.0106714973, 'fire_exp': 2.962530172817101, 'P_half': 835.5796369993485, 'pre_dampen_half': 5.054159434264997, 'gpp_af': 0.022400137721376574, 'gpp_b': 0.005640557359775779, 'gpp_d': 16.268688440329928, 'ign_k': 0.03817310731713454, 'ign_c': 17.308305220942632, 'trop_agb_crit': 12.396494917337543, 'trop_k_veg': 2.8676390565001926, 'pop_amp': 0.016154821179393843, 'pop_peak': 20.026909155286504, 'pop_sig': 1.9857600440239935, 'fuel_k': 3.088267594087039, 'fuel_half': 1.3619124016148632}. Best is trial 421 with value: -0.6216386034937503.
[I 2026-08-19 15:48:14,064] Trial 1428 finished with value: -0.4931336798498752 and parameters: {'k1': 1.811720623695618e-05, 'D_low': 1.6071178730187168, 'k2': 1.4706861988495259e-05, 'D_high': 259741.76195103468, 'fire_exp': 1.1149011415416927, 'P_half': 5.82945829022548, 'pre_dampen_half': 21.6833036223729, 'gpp_af': 0.011429027858615867, 'gpp_b': 0.004119253896758375, 'gpp_d': 57.975784473025, 'ign_k': 0.004429688198468084, 'ign_c': 29.967306096160296, 'trop_agb_crit': 19.4850330574067, 'trop_k_veg': 7.777072109371304, 'pop_amp': 0.07488030529282412, 'pop_peak': 163.21937462762625, 'pop_sig': 0.41494853546524696, 'fuel_k': 0.22095223767171676, 'fuel_half': 1.0179423869655289}. Best is trial 421 with value: -0.6216386034937503.
[I 2026-08-19 15:48:16,987] Trial 1429 finished with value: -0.4487989658631367 and parameters: {'k1': 0.00040044726738373257, 'D_low': 1.1621887551688146, 'k2': 2.267869103103506e-05, 'D_high': 514679.8388565555, 'fire_exp': 1.8745702898846597, 'P_half': 1.5891046307470789, 'pre_dampen_half': 0.4911577219083625, 'gpp_af': 0.20800723907318575, 'gpp_b': 0.0006320815564488736, 'gpp_d': 9.312120852195319, 'ign_k': 0.028858979625114817, 'ign_c': 30.47377125654269, 'trop_agb_crit': 10.848064245967725, 'trop_k_veg': 3.640466591867864, 'pop_amp': 0.26637052116306054, 'pop_peak': 0.3548960542512623, 'pop_sig': 0.38379637350913326, 'fuel_k': 1.9653333108326825, 'fuel_half': 1.9846601851402128}. Best is trial 421 with value: -0.6216386034937503.
  trial 1430/2500  best_overall=0.6216  (84.2 min)
[I 2026-08-19 15:48:20,663] Trial 1430 finished with value: -0.6074102105624617 and parameters: {'k1': 0.00023808207991162433, 'D_low': 2.85893428997725, 'k2': 0.00010108858802766956, 'D_high': 9697594.130394166, 'fire_exp': 1.5211975004927698, 'P_half': 1.0071785383295118, 'pre_dampen_half': 0.6117673720138753, 'gpp_af': 0.5760135698904894, 'gpp_b': 6.038300176312162e-05, 'gpp_d': 169.93727519101003, 'ign_k': 0.2147906112041234, 'ign_c': 11.444050863787348, 'trop_agb_crit': 29.044618401849213, 'trop_k_veg': 1.7261587755077914, 'pop_amp': 0.07759386573949167, 'pop_peak': 0.23914926830580438, 'pop_sig': 0.5411578323347359, 'fuel_k': 3.9822398820639093, 'fuel_half': 1.4113845736006223}. Best is trial 421 with value: -0.6216386034937503.
[I 2026-08-19 15:48:23,928] Trial 1431 finished with value: -0.5444726601614304 and parameters: {'k1': 0.0001232966029330346, 'D_low': 1.290669740346835, 'k2': 5.9100346744385496e-05, 'D_high': 5502862.9839795595, 'fire_exp': 1.0440828623727658, 'P_half': 5.53700214492469, 'pre_dampen_half': 0.753685447380412, 'gpp_af': 0.28804765698481, 'gpp_b': 1.09483380064676e-05, 'gpp_d': 27.761371056751823, 'ign_k': 0.3204458129052979, 'ign_c': 11.723090465476808, 'trop_agb_crit': 28.806189086251067, 'trop_k_veg': 3.8642144085827965, 'pop_amp': 2.8284959428974674, 'pop_peak': 0.26743414112473063, 'pop_sig': 0.46118976174164417, 'fuel_k': 1.0051388105109038, 'fuel_half': 4.013385088782888}. Best is trial 421 with value: -0.6216386034937503.
[I 2026-08-19 15:48:26,854] Trial 1432 finished with value: -0.5765205234921484 and parameters: {'k1': 0.0007237760845450727, 'D_low': 63.11707930780102, 'k2': 2.6123720278130648e-05, 'D_high': 1264810.9039652394, 'fire_exp': 2.315987100752009, 'P_half': 519.144471417078, 'pre_dampen_half': 15.331182170411568, 'gpp_af': 0.1875426672819304, 'gpp_b': 5.96132046380713e-05, 'gpp_d': 3.397430367302361, 'ign_k': 2.730075633118493, 'ign_c': 0.1061600580558694, 'trop_agb_crit': 25.607360936187817, 'trop_k_veg': 7.618858229126165, 'pop_amp': 0.9218737257983203, 'pop_peak': 559.797143012177, 'pop_sig': 1.1253377368670452, 'fuel_k': 0.020448204473881192, 'fuel_half': 0.9892326528089744}. Best is trial 421 with value: -0.6216386034937503.
[I 2026-08-19 15:48:29,920] Trial 1433 finished with value: -0.5767271921777604 and parameters: {'k1': 0.019654718409334974, 'D_low': 121.8071309009153, 'k2': 0.09012574976324064, 'D_high': 2619708.755339636, 'fire_exp': 4.072510995207131, 'P_half': 32.051579345550195, 'pre_dampen_half': 3.504198279720251, 'gpp_af': 0.06312326466475114, 'gpp_b': 3.213549926777565e-05, 'gpp_d': 195.76799893805463, 'ign_k': 0.928101350695408, 'ign_c': 3.242239242429196, 'trop_agb_crit': 9.430985306947601, 'trop_k_veg': 5.333148171470761, 'pop_amp': 0.02817901822116803, 'pop_peak': 3.1223944370102377, 'pop_sig': 0.6196148382443752, 'fuel_k': 1.9136998284951414, 'fuel_half': 0.1255264933729909}. Best is trial 421 with value: -0.6216386034937503.
[I 2026-08-19 15:48:33,544] Trial 1434 finished with value: -0.5689787755146429 and parameters: {'k1': 5.973287780225686e-05, 'D_low': 5.472586830108249, 'k2': 0.0002954076025933739, 'D_high': 3968345.344665125, 'fire_exp': 1.7968217706283116, 'P_half': 1.1084872410004012, 'pre_dampen_half': 2.106589737831984, 'gpp_af': 2.1140050468874647, 'gpp_b': 0.00016600172363671819, 'gpp_d': 125.77543843726733, 'ign_k': 1.7335519272245974, 'ign_c': 23.63052791684144, 'trop_agb_crit': 11.425504643522576, 'trop_k_veg': 3.682584296994183, 'pop_amp': 0.012151581041749784, 'pop_peak': 0.16825080863221997, 'pop_sig': 0.3386163463880548, 'fuel_k': 1.4353391625332717, 'fuel_half': 0.8184697458378143}. Best is trial 421 with value: -0.6216386034937503.
[I 2026-08-19 15:48:36,579] Trial 1435 finished with value: -0.5988666089296667 and parameters: {'k1': 0.0002551845076140222, 'D_low': 40.503706084052155, 'k2': 0.006561247745929118, 'D_high': 212418.35373526157, 'fire_exp': 1.0052087045469458, 'P_half': 78.32447009009296, 'pre_dampen_half': 7.034752996554353, 'gpp_af': 0.07532148781653508, 'gpp_b': 0.00012484337282670275, 'gpp_d': 2.605593213244534, 'ign_k': 0.1359596995436162, 'ign_c': 14.65760319964923, 'trop_agb_crit': 26.602745314432433, 'trop_k_veg': 2.1680398162255723, 'pop_amp': 0.0014969200613332773, 'pop_peak': 91.42160978366238, 'pop_sig': 1.2300532537624127, 'fuel_k': 0.6398399115881472, 'fuel_half': 0.9488453960265439}. Best is trial 421 with value: -0.6216386034937503.
[I 2026-08-19 15:48:39,633] Trial 1436 finished with value: -0.48082648307292064 and parameters: {'k1': 0.00027392202868049804, 'D_low': 7.837520518708069, 'k2': 0.001603337757233567, 'D_high': 8872553.920817465, 'fire_exp': 2.0632666492813843, 'P_half': 5.399023668487613, 'pre_dampen_half': 2.1776118816875014, 'gpp_af': 2.4683832228958194, 'gpp_b': 0.0015832730911950253, 'gpp_d': 128.75978990387978, 'ign_k': 0.01815987013181327, 'ign_c': 26.676764081387283, 'trop_agb_crit': 28.66969793383125, 'trop_k_veg': 0.7107675138676415, 'pop_amp': 0.06820551320461808, 'pop_peak': 0.30086655507611215, 'pop_sig': 0.565389473416735, 'fuel_k': 2.9900998336660813, 'fuel_half': 1.0390839085571932}. Best is trial 421 with value: -0.6216386034937503.
  trial 1437/2500  best_overall=0.6216  (84.6 min)
[I 2026-08-19 15:48:43,619] Trial 1437 finished with value: -0.5685988015234824 and parameters: {'k1': 2.173665763538181e-05, 'D_low': 2.414394944420767, 'k2': 0.00013247568472734027, 'D_high': 1895266.1088679663, 'fire_exp': 1.0434819265314865, 'P_half': 1.8941162752791103, 'pre_dampen_half': 0.42539307132969206, 'gpp_af': 0.17813520930543553, 'gpp_b': 0.0001971129022805918, 'gpp_d': 854.2424323257075, 'ign_k': 0.15525989221201195, 'ign_c': 3.736671375578226, 'trop_agb_crit': 8.745423463400261, 'trop_k_veg': 5.331621909118112, 'pop_amp': 0.19446991992870877, 'pop_peak': 0.5341995431939869, 'pop_sig': 0.5126941558844913, 'fuel_k': 1.1429709356631494, 'fuel_half': 3.7373572881463604}. Best is trial 421 with value: -0.6216386034937503.
[I 2026-08-19 15:48:46,121] Trial 1438 finished with value: -0.5708703678231921 and parameters: {'k1': 0.0007694430532942953, 'D_low': 1.3448228134276654, 'k2': 2.4918287410463553e-05, 'D_high': 7564191.57282223, 'fire_exp': 2.352458474274938, 'P_half': 7.554747673202984, 'pre_dampen_half': 0.18848609057072402, 'gpp_af': 0.32333092515585937, 'gpp_b': 0.0014885827220861574, 'gpp_d': 585.5333131889803, 'ign_k': 0.6179409306799454, 'ign_c': 4.985243224237433, 'trop_agb_crit': 12.467568709197252, 'trop_k_veg': 1.2391127587382549, 'pop_amp': 0.006931386750233367, 'pop_peak': 0.3088570758896523, 'pop_sig': 0.9532600410064215, 'fuel_k': 2.8868504223584415, 'fuel_half': 1.0649113371095638}. Best is trial 421 with value: -0.6216386034937503.
[I 2026-08-19 15:48:49,018] Trial 1439 finished with value: -0.44030002483663244 and parameters: {'k1': 8.267001036159601e-05, 'D_low': 17.830884324717786, 'k2': 7.647948916429281e-05, 'D_high': 4487782.188989248, 'fire_exp': 1.648330852997297, 'P_half': 1.60084680735583, 'pre_dampen_half': 5.120744996808253, 'gpp_af': 1.5602517424786706, 'gpp_b': 0.00017738090509186784, 'gpp_d': 501.2723731401545, 'ign_k': 0.04370575766765495, 'ign_c': 46.75539528381533, 'trop_agb_crit': 12.083272405584648, 'trop_k_veg': 3.199113562417168, 'pop_amp': 0.001765416990187153, 'pop_peak': 0.10914954217432965, 'pop_sig': 0.7659739501283073, 'fuel_k': 2.144390002297593, 'fuel_half': 6.957906475911641}. Best is trial 421 with value: -0.6216386034937503.
[I 2026-08-19 15:48:52,881] Trial 1440 finished with value: -0.4541076565214828 and parameters: {'k1': 0.0075727520240138554, 'D_low': 66.68909550709856, 'k2': 0.0034023730213901993, 'D_high': 57942.67394877198, 'fire_exp': 1.4695320696983265, 'P_half': 5.801933824732793, 'pre_dampen_half': 0.8085711472730824, 'gpp_af': 0.0011287610632766765, 'gpp_b': 1.058694967131658e-05, 'gpp_d': 0.08593385155185344, 'ign_k': 0.33557051678108013, 'ign_c': 0.4550044946495111, 'trop_agb_crit': 23.96943775190142, 'trop_k_veg': 1.0751166331637283, 'pop_amp': 0.01299209329125957, 'pop_peak': 18.220893052514043, 'pop_sig': 0.6736473990271225, 'fuel_k': 4.910999119548637, 'fuel_half': 0.12438994849913124}. Best is trial 421 with value: -0.6216386034937503.
[I 2026-08-19 15:48:56,290] Trial 1441 finished with value: -0.6081404022860436 and parameters: {'k1': 1.3253198269987142e-05, 'D_low': 1556.869766637057, 'k2': 0.01617220602658762, 'D_high': 5117495.397438568, 'fire_exp': 1.4031880622669877, 'P_half': 76.34636941614079, 'pre_dampen_half': 3.9377417473579364, 'gpp_af': 4.339061199408775, 'gpp_b': 0.0005824712650380485, 'gpp_d': 188.16324729455317, 'ign_k': 0.13429779229076605, 'ign_c': 2.236526114723639, 'trop_agb_crit': 7.088315051574208, 'trop_k_veg': 3.1867858447469, 'pop_amp': 0.005514695714165569, 'pop_peak': 8.356160831314778, 'pop_sig': 1.6815260055418055, 'fuel_k': 5.6115877508676455, 'fuel_half': 1.6039236591694956}. Best is trial 421 with value: -0.6216386034937503.
[I 2026-08-19 15:48:59,932] Trial 1442 finished with value: -0.5344777173461531 and parameters: {'k1': 4.457854431630337e-05, 'D_low': 3098.1198950168255, 'k2': 0.0015309659843747022, 'D_high': 2156468.7260214803, 'fire_exp': 1.671016371489285, 'P_half': 106.32654828352229, 'pre_dampen_half': 2.678549380245546, 'gpp_af': 3.5189710553145477, 'gpp_b': 0.00019700845321352688, 'gpp_d': 253.16930554180666, 'ign_k': 0.06343780900663266, 'ign_c': 1.492877346982695, 'trop_agb_crit': 7.609032960937995, 'trop_k_veg': 7.128180204578562, 'pop_amp': 0.0020359955581658036, 'pop_peak': 0.34174991989155556, 'pop_sig': 0.8214074307766464, 'fuel_k': 0.5825381868432438, 'fuel_half': 0.8331742872102399}. Best is trial 421 with value: -0.6216386034937503.
[I 2026-08-19 15:49:03,031] Trial 1443 finished with value: -0.5642444935857187 and parameters: {'k1': 7.111676250634602e-05, 'D_low': 22494.095963601554, 'k2': 0.005409768789976958, 'D_high': 2502713.3135156767, 'fire_exp': 1.0842401191067688, 'P_half': 20.182906232214524, 'pre_dampen_half': 8.966740579635783, 'gpp_af': 2.632318185905631, 'gpp_b': 0.0001389879283987202, 'gpp_d': 91.1177346667139, 'ign_k': 2.0103943907701827, 'ign_c': 8.78308608053555, 'trop_agb_crit': 15.478905185214437, 'trop_k_veg': 1.3350988114253446, 'pop_amp': 0.007378884312140343, 'pop_peak': 10.247903997768322, 'pop_sig': 1.8670229450889408, 'fuel_k': 1.312197043110001, 'fuel_half': 1.189478039696358}. Best is trial 421 with value: -0.6216386034937503.
  trial 1444/2500  best_overall=0.6216  (85.0 min)
[I 2026-08-19 15:49:07,074] Trial 1444 finished with value: -0.41800591616623956 and parameters: {'k1': 0.0014619233884033325, 'D_low': 5.841387425187233, 'k2': 0.0003588313583058981, 'D_high': 1420184.6207986593, 'fire_exp': 8.064349695838919, 'P_half': 12.951405968500804, 'pre_dampen_half': 1.0734975143210566, 'gpp_af': 0.010914388894432171, 'gpp_b': 4.5911907170198954e-05, 'gpp_d': 0.10536772015352981, 'ign_k': 0.006935480058988265, 'ign_c': 9.945358058323437, 'trop_agb_crit': 28.443618000173725, 'trop_k_veg': 2.024357221792999, 'pop_amp': 0.7327707048787092, 'pop_peak': 86.71986258597954, 'pop_sig': 1.5333838297429139, 'fuel_k': 0.01917702389133285, 'fuel_half': 0.3716799964046084}. Best is trial 421 with value: -0.6216386034937503.
[I 2026-08-19 15:49:10,304] Trial 1445 finished with value: -0.44181865802312525 and parameters: {'k1': 0.00019241348381939332, 'D_low': 5.089195719296641, 'k2': 0.0002983762333951194, 'D_high': 5139783.171205809, 'fire_exp': 1.1101530453817778, 'P_half': 1.499094299213328, 'pre_dampen_half': 1.0250750412481624, 'gpp_af': 2.1728819413757816, 'gpp_b': 5.617560083712624e-05, 'gpp_d': 14.273304391322425, 'ign_k': 0.042521114528656374, 'ign_c': 64.06279729270383, 'trop_agb_crit': 28.945396098536644, 'trop_k_veg': 1.2995177101680155, 'pop_amp': 0.07492269875764766, 'pop_peak': 0.746784813385847, 'pop_sig': 0.47285571471439614, 'fuel_k': 3.4101126332582825, 'fuel_half': 15.940686305998064}. Best is trial 421 with value: -0.6216386034937503.
[I 2026-08-19 15:49:13,300] Trial 1446 finished with value: -0.5879852824008664 and parameters: {'k1': 2.6964466089333576e-05, 'D_low': 859.8846203188234, 'k2': 0.033632407962988164, 'D_high': 3475971.1356993867, 'fire_exp': 1.8304829924402921, 'P_half': 113.31369476068453, 'pre_dampen_half': 10.219942548769142, 'gpp_af': 0.1614338801812715, 'gpp_b': 0.001296958597447533, 'gpp_d': 426.1536412347436, 'ign_k': 0.20705955545289317, 'ign_c': 0.2030286986569482, 'trop_agb_crit': 6.55416929991213, 'trop_k_veg': 2.950661781550116, 'pop_amp': 0.23118536386900926, 'pop_peak': 11.109196432947833, 'pop_sig': 1.2505103949961083, 'fuel_k': 4.581218869548524, 'fuel_half': 1.383970573314354}. Best is trial 421 with value: -0.6216386034937503.
[I 2026-08-19 15:49:15,746] Trial 1447 finished with value: -0.42038477073153385 and parameters: {'k1': 1.71345203126691e-05, 'D_low': 3088.632283478869, 'k2': 0.005678756997601822, 'D_high': 1228607.277420843, 'fire_exp': 2.4910265864840486, 'P_half': 59.345639955119395, 'pre_dampen_half': 0.32494693110141, 'gpp_af': 3.7778082010074496, 'gpp_b': 0.003068296503000783, 'gpp_d': 79.4941765996924, 'ign_k': 0.16368080097964582, 'ign_c': 49.514110307067654, 'trop_agb_crit': 10.653329823267875, 'trop_k_veg': 4.2883033156357735, 'pop_amp': 0.002187697539245975, 'pop_peak': 3.2403299636154843, 'pop_sig': 2.492123075896766, 'fuel_k': 2.9115438130814035, 'fuel_half': 0.20496545138733638}. Best is trial 421 with value: -0.6216386034937503.
[I 2026-08-19 15:49:18,220] Trial 1448 finished with value: -0.3554625854118624 and parameters: {'k1': 0.0006508632058231313, 'D_low': 1.0144355696828984, 'k2': 1.7325219979042632e-05, 'D_high': 2760481.9590047454, 'fire_exp': 1.55290348628228, 'P_half': 1.174364193031297, 'pre_dampen_half': 30.73330815371936, 'gpp_af': 13.135740496681406, 'gpp_b': 0.00036236933051527446, 'gpp_d': 27.330381178387753, 'ign_k': 0.13721756428883303, 'ign_c': 434.11701163436976, 'trop_agb_crit': 8.406975257553231, 'trop_k_veg': 4.05622967145416, 'pop_amp': 0.027844028929991837, 'pop_peak': 1.2339103749739102, 'pop_sig': 0.3570024433011183, 'fuel_k': 4.792316336012817, 'fuel_half': 5.2656219350016364}. Best is trial 421 with value: -0.6216386034937503.
