[I 2026-08-19 17:33:09,793] Trial 1246 finished with value: 0.43369295551556164 and parameters: {'k1': 0.000799693225612919, 'D_low': 1555.9345825895268, 'k2': 0.00026092771730829245, 'D_high': 5020552.347360614, 'fire_exp': 2.674843756944665, 'P_half': 37.14401818908302, 'pre_dampen_half': 16.702929920982463, 'gpp_af': 1.3529593975235072, 'gpp_b': 7.28042377151192e-05, 'gpp_d': 224.75891255758987, 'ign_k': 5.846259237619653, 'ign_c': 0.39333295602589513, 'trop_agb_crit': 18.40123512427993, 'trop_k_veg': 1.2076492472370124, 'pop_amp': 0.11067248403678002, 'pop_peak': 7.977436817157499, 'pop_sig': 0.48613367005259717, 'fuel_k': 0.12921040451841326, 'fuel_half': 1.0449191666399513}. Best is trial 0 with value: -0.6094076133578652.
[I 2026-08-19 17:33:11,592] Trial 1247 finished with value: 0.5904500987486503 and parameters: {'k1': 0.00648782107390867, 'D_low': 19.9024924039707, 'k2': 0.00022987872320248594, 'D_high': 1387910.2636227177, 'fire_exp': 1.9689197747479297, 'P_half': 2.6602336016334327, 'pre_dampen_half': 46.11570221087064, 'gpp_af': 0.001735329584040711, 'gpp_b': 1.840437735119437e-05, 'gpp_d': 570.7288958981343, 'ign_k': 1.179075910965228, 'ign_c': 0.1043852644344762, 'trop_agb_crit': 20.310026952392523, 'trop_k_veg': 5.789664793429606, 'pop_amp': 0.3209785786886617, 'pop_peak': 0.17288404436407478, 'pop_sig': 0.2561670278392962, 'fuel_k': 1.6592929763245465, 'fuel_half': 0.6038527064162944}. Best is trial 0 with value: -0.6094076133578652.
[I 2026-08-19 17:33:13,426] Trial 1248 finished with value: 0.4341956259804689 and parameters: {'k1': 0.015189943393989788, 'D_low': 5.661397217679172, 'k2': 0.011606787310307553, 'D_high': 2758771.359611689, 'fire_exp': 3.5957768301003203, 'P_half': 6.39778995568129, 'pre_dampen_half': 2.1292062769790014, 'gpp_af': 0.01636084130423906, 'gpp_b': 7.708256741597988e-05, 'gpp_d': 196.66365599204923, 'ign_k': 0.3343289720041645, 'ign_c': 1.1427259489036214, 'trop_agb_crit': 11.385986967294913, 'trop_k_veg': 1.700913532174794, 'pop_amp': 0.01546053552721771, 'pop_peak': 0.543902885480646, 'pop_sig': 0.6650591634202979, 'fuel_k': 2.354033913318677, 'fuel_half': 0.1801404710848974}. Best is trial 0 with value: -0.6094076133578652.
[I 2026-08-19 17:33:15,424] Trial 1249 finished with value: -0.5874337931280443 and parameters: {'k1': 0.023692615754795737, 'D_low': 1.1774734475128934, 'k2': 0.0011958033575612493, 'D_high': 4708269.056518078, 'fire_exp': 3.477259194363461, 'P_half': 10.753022778988464, 'pre_dampen_half': 7.515054343948546, 'gpp_af': 0.0272302964463352, 'gpp_b': 0.0019754028709657134, 'gpp_d': 24.81536290756457, 'ign_k': 0.2727200322335955, 'ign_c': 2.828136696736599, 'trop_agb_crit': 6.687051503265132, 'trop_k_veg': 5.751002492918465, 'pop_amp': 0.0014413582067770389, 'pop_peak': 0.13268835279464572, 'pop_sig': 0.6108389156332473, 'fuel_k': 0.5535967599635168, 'fuel_half': 0.6854509880136128}. Best is trial 0 with value: -0.6094076133578652.
[I 2026-08-19 17:33:17,184] Trial 1250 finished with value: 0.5794368770260135 and parameters: {'k1': 0.004258355691199503, 'D_low': 4.190051051021045, 'k2': 0.032442520204678915, 'D_high': 305681.78197031224, 'fire_exp': 5.914427645693743, 'P_half': 15.962602420208821, 'pre_dampen_half': 26.236507387967823, 'gpp_af': 0.04392242597695364, 'gpp_b': 0.000589604079453706, 'gpp_d': 63.68257619355871, 'ign_k': 0.08284779884836323, 'ign_c': 23.218872700346388, 'trop_agb_crit': 17.47280041477538, 'trop_k_veg': 4.185170603880825, 'pop_amp': 0.0032463692418319224, 'pop_peak': 0.2132565532714844, 'pop_sig': 0.31091250448733593, 'fuel_k': 2.272648786857202, 'fuel_half': 0.28896829915986855}. Best is trial 0 with value: -0.6094076133578652.
[I 2026-08-19 17:33:18,936] Trial 1251 finished with value: 0.5892387987332163 and parameters: {'k1': 0.031180439329328954, 'D_low': 13.530421413727991, 'k2': 0.002283956369031346, 'D_high': 186658.70113590723, 'fire_exp': 6.790967120842261, 'P_half': 1.4335972510831068, 'pre_dampen_half': 7.513834423062266, 'gpp_af': 0.20566185224115002, 'gpp_b': 0.03625395605766765, 'gpp_d': 711.2481872378675, 'ign_k': 0.036117874362174916, 'ign_c': 44.517763700134815, 'trop_agb_crit': 18.702648199163082, 'trop_k_veg': 5.143475462187126, 'pop_amp': 0.03242546662878961, 'pop_peak': 0.5930699982682494, 'pop_sig': 0.39427085175728604, 'fuel_k': 0.09724585510188513, 'fuel_half': 3.504954806410518}. Best is trial 0 with value: -0.6094076133578652.
[I 2026-08-19 17:33:20,854] Trial 1252 finished with value: 0.4539169426144729 and parameters: {'k1': 0.007623733399538151, 'D_low': 3.480595832537902, 'k2': 0.0008156219735561585, 'D_high': 165375.04898280665, 'fire_exp': 5.993416198139409, 'P_half': 5.759559815070709, 'pre_dampen_half': 54.289986723377524, 'gpp_af': 0.2205474495734102, 'gpp_b': 0.0042200163589818955, 'gpp_d': 484.5700119164608, 'ign_k': 0.4148199868480441, 'ign_c': 2.689302511632732, 'trop_agb_crit': 19.328805134410057, 'trop_k_veg': 5.83574637572447, 'pop_amp': 0.026887345797835322, 'pop_peak': 1.1717218595357404, 'pop_sig': 0.5389373997147838, 'fuel_k': 0.40343024731151716, 'fuel_half': 0.2794318778879463}. Best is trial 0 with value: -0.6094076133578652.
[I 2026-08-19 17:33:22,648] Trial 1253 finished with value: 0.5453264866029299 and parameters: {'k1': 0.004111391535139497, 'D_low': 1.8956469158461458, 'k2': 0.002022404339447515, 'D_high': 8641125.336619174, 'fire_exp': 4.414124457305832, 'P_half': 260.9875331467874, 'pre_dampen_half': 1.651878050460773, 'gpp_af': 0.044763537707280025, 'gpp_b': 0.0008116170834451469, 'gpp_d': 17.510886846438996, 'ign_k': 2.716312818766157, 'ign_c': 3.215469168905863, 'trop_agb_crit': 4.7087808549429155, 'trop_k_veg': 4.988742094553999, 'pop_amp': 0.0013355225413020512, 'pop_peak': 0.15191959875499716, 'pop_sig': 0.5455933816100516, 'fuel_k': 0.3698437013654118, 'fuel_half': 4.403734872395223}. Best is trial 0 with value: -0.6094076133578652.
[I 2026-08-19 17:33:24,551] Trial 1254 finished with value: 0.5879784061444571 and parameters: {'k1': 0.037059299826115735, 'D_low': 12.302176142419869, 'k2': 0.013847647094144948, 'D_high': 3328.3605800129285, 'fire_exp': 5.744874050040956, 'P_half': 2.942759580434331, 'pre_dampen_half': 2.0310011687176535, 'gpp_af': 0.17106121018700438, 'gpp_b': 6.76485221433005e-05, 'gpp_d': 389.47940977851295, 'ign_k': 0.6388714140725581, 'ign_c': 0.10932834956405228, 'trop_agb_crit': 10.936698779289863, 'trop_k_veg': 1.4617648271913117, 'pop_amp': 0.07788367775925797, 'pop_peak': 1.5226001139015088, 'pop_sig': 0.32929242620714455, 'fuel_k': 0.6634225002027132, 'fuel_half': 0.15962264174090549}. Best is trial 0 with value: -0.6094076133578652.
[I 2026-08-19 17:33:26,438] Trial 1255 finished with value: 0.4118466026679386 and parameters: {'k1': 0.004761119338085637, 'D_low': 24.12788816747232, 'k2': 8.401602401923917e-05, 'D_high': 407015.5816379837, 'fire_exp': 2.20309070052023, 'P_half': 16.044758525425635, 'pre_dampen_half': 28.23983606329834, 'gpp_af': 0.02600442020388614, 'gpp_b': 8.494070925969008e-05, 'gpp_d': 339.28844617011424, 'ign_k': 0.07695013937024356, 'ign_c': 0.20190841349676575, 'trop_agb_crit': 24.565482951609287, 'trop_k_veg': 1.1068601349098586, 'pop_amp': 0.0020556539745959904, 'pop_peak': 0.26733121641511753, 'pop_sig': 1.0108971266374764, 'fuel_k': 0.19564243737895415, 'fuel_half': 0.19718074761158644}. Best is trial 0 with value: -0.6094076133578652.
[I 2026-08-19 17:33:28,285] Trial 1256 finished with value: 0.5898524818239345 and parameters: {'k1': 0.007674033434092871, 'D_low': 45.775030258650176, 'k2': 0.003799113281228742, 'D_high': 1707335.779027206, 'fire_exp': 2.1474519912580443, 'P_half': 574.3909298422875, 'pre_dampen_half': 0.31143773604919506, 'gpp_af': 0.009792938957730242, 'gpp_b': 1.505811336646105, 'gpp_d': 79.30503542566949, 'ign_k': 2.8769302234180802, 'ign_c': 4.423418890868625, 'trop_agb_crit': 9.923292457564267, 'trop_k_veg': 1.9096716371117797, 'pop_amp': 0.21127691005333063, 'pop_peak': 12.449454841411171, 'pop_sig': 0.5153213680076497, 'fuel_k': 0.04829672244701346, 'fuel_half': 0.3863187555104161}. Best is trial 0 with value: -0.6094076133578652.
  trial 1257/2500  best_overall=0.6094  (35.1 min)
[I 2026-08-19 17:33:30,408] Trial 1257 finished with value: 0.5914138193142197 and parameters: {'k1': 0.0028753849382093357, 'D_low': 118.37404140174327, 'k2': 0.0003798760964446709, 'D_high': 1071733.1747508978, 'fire_exp': 3.3908966693885008, 'P_half': 3.3273702593002574, 'pre_dampen_half': 1.1463498769000589, 'gpp_af': 0.11518616495205299, 'gpp_b': 0.10857992176858591, 'gpp_d': 424.47905239146803, 'ign_k': 0.017768427389622584, 'ign_c': 0.7909860793908394, 'trop_agb_crit': 2.43481340987985, 'trop_k_veg': 2.083031579732232, 'pop_amp': 0.26092514056167304, 'pop_peak': 0.28533908542045683, 'pop_sig': 0.9578060439459967, 'fuel_k': 0.2902497161931242, 'fuel_half': 0.12655350881651392}. Best is trial 0 with value: -0.6094076133578652.
[I 2026-08-19 17:33:32,086] Trial 1258 finished with value: 0.40482618518528757 and parameters: {'k1': 0.0004901553919689023, 'D_low': 46.9169972195414, 'k2': 7.2654085318044e-05, 'D_high': 688033.7999694777, 'fire_exp': 2.34579750750414, 'P_half': 3.5579903647464493, 'pre_dampen_half': 4.659808146828593, 'gpp_af': 0.5559020324285638, 'gpp_b': 0.011603319856868338, 'gpp_d': 545.4874312490829, 'ign_k': 1.0622311502396153, 'ign_c': 0.3460780571258213, 'trop_agb_crit': 26.506620349714588, 'trop_k_veg': 4.72674375079557, 'pop_amp': 0.11275125222556447, 'pop_peak': 0.11753648842988675, 'pop_sig': 0.2917109449020206, 'fuel_k': 0.5391196621756267, 'fuel_half': 0.9480336830153923}. Best is trial 0 with value: -0.6094076133578652.
[I 2026-08-19 17:33:33,773] Trial 1259 finished with value: 0.5040069022480809 and parameters: {'k1': 0.0003389027287394588, 'D_low': 10.55869438233024, 'k2': 0.0003801706856588364, 'D_high': 224300.771917958, 'fire_exp': 3.951525410567309, 'P_half': 4.039747933859598, 'pre_dampen_half': 6.277161192239823, 'gpp_af': 0.007292126230694676, 'gpp_b': 0.006955912337239449, 'gpp_d': 77.5798380403268, 'ign_k': 0.4261649272790856, 'ign_c': 6.253483200355325, 'trop_agb_crit': 7.169329233143208, 'trop_k_veg': 1.6369512197627014, 'pop_amp': 0.017986086725928954, 'pop_peak': 0.1794213375452198, 'pop_sig': 0.6645641402284354, 'fuel_k': 5.18581677878057, 'fuel_half': 0.2437988869421385}. Best is trial 0 with value: -0.6094076133578652.
[I 2026-08-19 17:33:35,462] Trial 1260 finished with value: -0.5172483057148461 and parameters: {'k1': 0.00991595199050036, 'D_low': 34.888257473063376, 'k2': 0.0009445563250637553, 'D_high': 8088146.665236219, 'fire_exp': 1.5128795340922199, 'P_half': 1.3628749986653272, 'pre_dampen_half': 26.25188111005396, 'gpp_af': 0.005822614613877881, 'gpp_b': 0.020876412269870172, 'gpp_d': 7.034160161858344, 'ign_k': 0.17343164722191504, 'ign_c': 1.2725494688305383, 'trop_agb_crit': 3.4344480284287355, 'trop_k_veg': 5.811361706524936, 'pop_amp': 0.0017867704417610375, 'pop_peak': 0.1301790000364683, 'pop_sig': 0.7864515954357819, 'fuel_k': 3.3509288649847306, 'fuel_half': 0.31701304732081265}. Best is trial 0 with value: -0.6094076133578652.
[I 2026-08-19 17:33:37,171] Trial 1261 finished with value: 0.4464397780881646 and parameters: {'k1': 0.004189860102808251, 'D_low': 1.7139508437221525, 'k2': 0.0006141987035731155, 'D_high': 6498033.257453064, 'fire_exp': 2.4408185522593753, 'P_half': 8.031926453723493, 'pre_dampen_half': 0.9362660077246914, 'gpp_af': 0.02578202900559699, 'gpp_b': 0.0011548042928443147, 'gpp_d': 870.3550889359237, 'ign_k': 0.21168536518111808, 'ign_c': 3.6735776284619877, 'trop_agb_crit': 8.365539932541168, 'trop_k_veg': 1.4404135158792188, 'pop_amp': 0.00985019121136198, 'pop_peak': 0.3232199183984589, 'pop_sig': 1.0527124427211323, 'fuel_k': 0.37334499651698483, 'fuel_half': 0.4081011472793141}. Best is trial 0 with value: -0.6094076133578652.
[I 2026-08-19 17:33:38,823] Trial 1262 finished with value: 0.6049603745040946 and parameters: {'k1': 0.09397573273156161, 'D_low': 9.824056267727471, 'k2': 0.0009013616231127109, 'D_high': 36490.59386476444, 'fire_exp': 5.322960386818657, 'P_half': 2.365068342349092, 'pre_dampen_half': 27.759678489806365, 'gpp_af': 0.00278049826174815, 'gpp_b': 0.0019163507925424785, 'gpp_d': 103.71675245986795, 'ign_k': 0.03328825171336456, 'ign_c': 6.599235594142407, 'trop_agb_crit': 4.857148935720454, 'trop_k_veg': 4.669727917671907, 'pop_amp': 0.011841898262528143, 'pop_peak': 0.12222583750804739, 'pop_sig': 0.334309824107069, 'fuel_k': 3.17473895699144, 'fuel_half': 3.3719202214066946}. Best is trial 0 with value: -0.6094076133578652.
[I 2026-08-19 17:33:40,503] Trial 1263 finished with value: 0.48584410629291575 and parameters: {'k1': 0.003441158339898025, 'D_low': 1.514065635170288, 'k2': 0.00520480402055741, 'D_high': 1955919.8018635905, 'fire_exp': 2.8310280854560648, 'P_half': 7.055694934311203, 'pre_dampen_half': 1.003992183272625, 'gpp_af': 0.05504351197266573, 'gpp_b': 0.0033598210885165294, 'gpp_d': 0.5380217337194101, 'ign_k': 0.4797570940664858, 'ign_c': 0.7570285077776456, 'trop_agb_crit': 2.843744269864031, 'trop_k_veg': 2.771080933935443, 'pop_amp': 0.004766895601283249, 'pop_peak': 1.5996118926549898, 'pop_sig': 0.265549639418374, 'fuel_k': 0.1450211170540655, 'fuel_half': 0.1829993684661698}. Best is trial 0 with value: -0.6094076133578652.
[I 2026-08-19 17:33:42,176] Trial 1264 finished with value: 0.6015235123915823 and parameters: {'k1': 0.022934669510119313, 'D_low': 1.5361745105896487, 'k2': 0.00041927531664836897, 'D_high': 4176835.6613494153, 'fire_exp': 6.936417448652597, 'P_half': 3.9881184163561945, 'pre_dampen_half': 1.0043508460878083, 'gpp_af': 0.0030427882977056833, 'gpp_b': 0.006948777251834324, 'gpp_d': 4.001262831120247, 'ign_k': 1.408251901643654, 'ign_c': 8.90724110584773, 'trop_agb_crit': 11.806787553801348, 'trop_k_veg': 4.802258551932049, 'pop_amp': 0.034009192454079275, 'pop_peak': 0.05313728903402793, 'pop_sig': 0.7884817712959887, 'fuel_k': 0.7212931554923203, 'fuel_half': 6.036975934926827}. Best is trial 0 with value: -0.6094076133578652.
[I 2026-08-19 17:33:43,851] Trial 1265 finished with value: 0.6445374145881376 and parameters: {'k1': 0.003006825484177314, 'D_low': 72.23380661240076, 'k2': 0.07141033844523903, 'D_high': 7935888.566146407, 'fire_exp': 8.107789488584412, 'P_half': 55.37806830027606, 'pre_dampen_half': 2.511877448281317, 'gpp_af': 0.03700452548435857, 'gpp_b': 7.272894286461074e-05, 'gpp_d': 457.15501976714586, 'ign_k': 0.2850492629495893, 'ign_c': 72.74499940406834, 'trop_agb_crit': 2.1219767258985445, 'trop_k_veg': 1.8306801015206478, 'pop_amp': 0.4787776907014566, 'pop_peak': 131.8904415616507, 'pop_sig': 1.6847926279385614, 'fuel_k': 0.22363137240187472, 'fuel_half': 0.22257819204098872}. Best is trial 0 with value: -0.6094076133578652.
[I 2026-08-19 17:33:45,561] Trial 1266 finished with value: 0.5009026631033071 and parameters: {'k1': 0.0060214591242986155, 'D_low': 6.389548911133573, 'k2': 0.0008250493069192843, 'D_high': 364957.6626035914, 'fire_exp': 5.3026621548470745, 'P_half': 72.87756726235003, 'pre_dampen_half': 4.660820977171856, 'gpp_af': 7.131373355746537, 'gpp_b': 0.028802566448190785, 'gpp_d': 270.054084443624, 'ign_k': 0.043312873091452056, 'ign_c': 0.7240870079357087, 'trop_agb_crit': 3.2614771757694494, 'trop_k_veg': 0.8750363364244779, 'pop_amp': 5.671179989756211, 'pop_peak': 13.057087575365786, 'pop_sig': 0.7815668164406177, 'fuel_k': 0.05020688443827334, 'fuel_half': 1.5152410818844106}. Best is trial 0 with value: -0.6094076133578652.
[I 2026-08-19 17:33:47,172] Trial 1267 finished with value: 0.6031605010552487 and parameters: {'k1': 0.008721535444503877, 'D_low': 4.999742450579821, 'k2': 2.743133577763112e-05, 'D_high': 4882872.473342801, 'fire_exp': 4.378636537666165, 'P_half': 18.062267482705238, 'pre_dampen_half': 1.8782498575649995, 'gpp_af': 0.0015561897997415025, 'gpp_b': 0.011755517826277114, 'gpp_d': 27.677627963001235, 'ign_k': 0.34483285522296464, 'ign_c': 0.2113638493346536, 'trop_agb_crit': 4.105296447121493, 'trop_k_veg': 0.5613190655450014, 'pop_amp': 0.26029198950988064, 'pop_peak': 167.114508105173, 'pop_sig': 0.5241003830070632, 'fuel_k': 0.9930094307949727, 'fuel_half': 0.7618838620479648}. Best is trial 0 with value: -0.6094076133578652.
[I 2026-08-19 17:33:48,813] Trial 1268 finished with value: 0.4041014892278023 and parameters: {'k1': 0.004826490814545976, 'D_low': 13.074471992340818, 'k2': 0.008088427069832718, 'D_high': 235683.23952464137, 'fire_exp': 2.016736819673767, 'P_half': 26.18502307951499, 'pre_dampen_half': 1.2814610564840336, 'gpp_af': 0.2624703001132048, 'gpp_b': 0.0025340410016076883, 'gpp_d': 346.34699251275873, 'ign_k': 2.1321018539975136, 'ign_c': 0.10538186756863029, 'trop_agb_crit': 21.03996600303099, 'trop_k_veg': 2.5823568073003047, 'pop_amp': 0.23436789349674472, 'pop_peak': 0.14981232750865894, 'pop_sig': 0.38796397093716783, 'fuel_k': 1.2445184170095298, 'fuel_half': 0.41111516328968994}. Best is trial 0 with value: -0.6094076133578652.
  trial 1269/2500  best_overall=0.6094  (35.4 min)
[I 2026-08-19 17:33:50,807] Trial 1269 finished with value: 0.5920224406978929 and parameters: {'k1': 0.0011000952613713622, 'D_low': 3.053194300801343, 'k2': 0.0004726202459185423, 'D_high': 458960.38037661364, 'fire_exp': 3.7054042211198324, 'P_half': 2571.7307182834147, 'pre_dampen_half': 0.3656664878298661, 'gpp_af': 0.0098811032613129, 'gpp_b': 0.015836562614324444, 'gpp_d': 22.666094846334367, 'ign_k': 0.002599029016603244, 'ign_c': 0.10207742903291345, 'trop_agb_crit': 5.167397937945605, 'trop_k_veg': 0.570045564763432, 'pop_amp': 1.3990840176502972, 'pop_peak': 1.061367917247085, 'pop_sig': 0.5778615473754198, 'fuel_k': 0.2802767292387409, 'fuel_half': 0.12793134669562792}. Best is trial 0 with value: -0.6094076133578652.
[I 2026-08-19 17:33:52,398] Trial 1270 finished with value: -0.5939114726263085 and parameters: {'k1': 0.05307352541437341, 'D_low': 1.1873863164366563, 'k2': 7.326542241914338e-05, 'D_high': 1353519.1872696318, 'fire_exp': 3.815422795949974, 'P_half': 2.9574602712468043, 'pre_dampen_half': 4.248005955826185, 'gpp_af': 0.015019026923341672, 'gpp_b': 0.0006167242977224472, 'gpp_d': 30.207248308950142, 'ign_k': 0.10591922897614935, 'ign_c': 2.8495405946941914, 'trop_agb_crit': 8.081534663113382, 'trop_k_veg': 4.947995851009437, 'pop_amp': 0.003317160415851225, 'pop_peak': 0.37391991178146367, 'pop_sig': 0.509597985253059, 'fuel_k': 2.20822803098676, 'fuel_half': 1.149800496230875}. Best is trial 0 with value: -0.6094076133578652.
[I 2026-08-19 17:33:54,083] Trial 1271 finished with value: 0.6445374145881376 and parameters: {'k1': 0.08371960723712538, 'D_low': 2.431260103137392, 'k2': 0.00044703297274112917, 'D_high': 584812.1116492103, 'fire_exp': 2.448471518718539, 'P_half': 6.067586491432415, 'pre_dampen_half': 3.3479957244375735, 'gpp_af': 0.034779627779088766, 'gpp_b': 0.000915572481663606, 'gpp_d': 640.8241896796119, 'ign_k': 0.12202543595889076, 'ign_c': 158.83768351554858, 'trop_agb_crit': 14.193218599692132, 'trop_k_veg': 2.331977646901543, 'pop_amp': 0.010836157533439427, 'pop_peak': 0.45374649635595793, 'pop_sig': 0.39408451293430474, 'fuel_k': 1.353321493260594, 'fuel_half': 0.6786187201760441}. Best is trial 0 with value: -0.6094076133578652.
[I 2026-08-19 17:33:55,897] Trial 1272 finished with value: 0.4375785402694109 and parameters: {'k1': 0.009125309024742933, 'D_low': 18.762044758465436, 'k2': 0.0008238765843725432, 'D_high': 4886133.855119485, 'fire_exp': 1.4773696781483523, 'P_half': 4.074745304287485, 'pre_dampen_half': 3.065900861317687, 'gpp_af': 2.19335271885464, 'gpp_b': 0.0007660642541726495, 'gpp_d': 25.172282820885883, 'ign_k': 0.08412369725107922, 'ign_c': 6.464172058443003, 'trop_agb_crit': 5.008167461430328, 'trop_k_veg': 1.1032766109718226, 'pop_amp': 1.499133289488325, 'pop_peak': 0.2299206181114201, 'pop_sig': 0.832571440735361, 'fuel_k': 0.35089713297556585, 'fuel_half': 0.5935935255482546}. Best is trial 0 with value: -0.6094076133578652.
[I 2026-08-19 17:33:57,640] Trial 1273 finished with value: 0.4445698202456494 and parameters: {'k1': 0.00038772409866183157, 'D_low': 1.5969633242710233, 'k2': 0.005265811386911262, 'D_high': 54260.116185094084, 'fire_exp': 2.8205097187101065, 'P_half': 2.7323908214868275, 'pre_dampen_half': 4.287395280766291, 'gpp_af': 0.06931080391050017, 'gpp_b': 0.00033799173707800843, 'gpp_d': 338.11176667230365, 'ign_k': 1.812590314516548, 'ign_c': 8.834679779981975, 'trop_agb_crit': 22.672895810223388, 'trop_k_veg': 1.1797608477542056, 'pop_amp': 0.0037248680861745416, 'pop_peak': 0.05488189386835787, 'pop_sig': 1.4108186458822796, 'fuel_k': 2.2944566670899236, 'fuel_half': 0.1717102786084125}. Best is trial 0 with value: -0.6094076133578652.
[I 2026-08-19 17:33:59,283] Trial 1274 finished with value: 0.5809562455815442 and parameters: {'k1': 0.019444612570848386, 'D_low': 862.5088701272675, 'k2': 0.0007790914178231016, 'D_high': 8915002.475492787, 'fire_exp': 2.0891169838506074, 'P_half': 8975.987953097301, 'pre_dampen_half': 4.135522875197015, 'gpp_af': 0.12796297276539756, 'gpp_b': 1.3272539354276576e-05, 'gpp_d': 50.192115818722, 'ign_k': 1.88160977742135, 'ign_c': 1.408394986888592, 'trop_agb_crit': 23.02740005646041, 'trop_k_veg': 3.6994947816910773, 'pop_amp': 1.545656409635929, 'pop_peak': 0.6616084220810478, 'pop_sig': 0.6035595720595827, 'fuel_k': 0.055750415715625536, 'fuel_half': 0.11064437751511254}. Best is trial 0 with value: -0.6094076133578652.
