[I 2026-08-20 00:31:52,691] Trial 831 finished with value: 0.6445374145881376 and parameters: {'k1': 0.0009192261893606882, 'D_low': 1506.5012165371998, 'k2': 7.042173406836317e-05, 'D_high': 435989.3834368844, 'fire_exp': 1.092913315054444, 'P_half': 13.513496485803156, 'pre_dampen_half': 3.3669977963691204, 'gpp_af': 0.07674775290914715, 'gpp_b': 2.1839066701922582e-05, 'gpp_d': 1.5369414447972605, 'ign_k': 4.608913124420924, 'ign_c': 50.6871180604488, 'trop_agb_crit': 1.8139489105485538, 'trop_k_veg': 5.694458680491657}. Best is trial 0 with value: -0.5989088506199346.
[I 2026-08-20 00:31:54,053] Trial 832 finished with value: 0.4714090573751998 and parameters: {'k1': 0.0003653922508038053, 'D_low': 26.112416129057266, 'k2': 1.0328390639817215e-05, 'D_high': 6085915.425249372, 'fire_exp': 2.384856895428873, 'P_half': 21.078849726578238, 'pre_dampen_half': 0.7957388240689914, 'gpp_af': 0.33686128020522144, 'gpp_b': 0.0008975346806347304, 'gpp_d': 193.91141199281995, 'ign_k': 0.11401719830076798, 'ign_c': 0.17988612353562947, 'trop_agb_crit': 7.067344500687048, 'trop_k_veg': 3.7474328604957385}. Best is trial 0 with value: -0.5989088506199346.
[I 2026-08-20 00:31:55,452] Trial 833 finished with value: 0.4489455312197762 and parameters: {'k1': 0.00028494967980047177, 'D_low': 3.359463569464296, 'k2': 4.675546972961471e-05, 'D_high': 1838477.4995584642, 'fire_exp': 3.053906449569878, 'P_half': 6.100732025827833, 'pre_dampen_half': 14.90238238527049, 'gpp_af': 4.722287615701145, 'gpp_b': 0.00011749069965732948, 'gpp_d': 141.10821710368367, 'ign_k': 7.2338112472423495, 'ign_c': 7.5467589149540055, 'trop_agb_crit': 3.0377804583054617, 'trop_k_veg': 2.057574235873391}. Best is trial 0 with value: -0.5989088506199346.
[I 2026-08-20 00:31:56,854] Trial 834 finished with value: 0.6445374145881376 and parameters: {'k1': 0.0004544750637464995, 'D_low': 2.054113341304778, 'k2': 0.0002821472342995935, 'D_high': 136244.97959662037, 'fire_exp': 2.6868626488291656, 'P_half': 1.2292504561316728, 'pre_dampen_half': 86.49993522878158, 'gpp_af': 1.1508740083216162, 'gpp_b': 0.0045653002507636525, 'gpp_d': 536.209603155115, 'ign_k': 2.703253982010535, 'ign_c': 42.64970522219211, 'trop_agb_crit': 4.000254424637175, 'trop_k_veg': 1.3293473771371302}. Best is trial 0 with value: -0.5989088506199346.
[I 2026-08-20 00:31:58,311] Trial 835 finished with value: 0.6085408088308022 and parameters: {'k1': 0.07106364968896446, 'D_low': 103.5007453587924, 'k2': 0.0013352996455212476, 'D_high': 6514.159060470259, 'fire_exp': 5.2780746140365675, 'P_half': 41.566038188656904, 'pre_dampen_half': 3.083860443137469, 'gpp_af': 0.08455577311801869, 'gpp_b': 0.11532587460717236, 'gpp_d': 63.494406882483275, 'ign_k': 9.770311449947766, 'ign_c': 6.231712187918507, 'trop_agb_crit': 5.790780152192337, 'trop_k_veg': 5.978791994291355}. Best is trial 0 with value: -0.5989088506199346.
[I 2026-08-20 00:31:59,704] Trial 836 finished with value: 0.5797235533574525 and parameters: {'k1': 0.003175693151597877, 'D_low': 178.0881992887937, 'k2': 0.00010910989354452731, 'D_high': 3954206.869768207, 'fire_exp': 4.266183625891774, 'P_half': 38.052789066619425, 'pre_dampen_half': 6.464034574006968, 'gpp_af': 1.0249074819588402, 'gpp_b': 0.03824614460991837, 'gpp_d': 485.09111222442715, 'ign_k': 0.026155949099367456, 'ign_c': 16.51098014663984, 'trop_agb_crit': 28.17453425332907, 'trop_k_veg': 1.6348051930481937}. Best is trial 0 with value: -0.5989088506199346.
[I 2026-08-20 00:32:01,132] Trial 837 finished with value: 0.5097603469824605 and parameters: {'k1': 0.0035992075549814108, 'D_low': 26.495207139377825, 'k2': 9.164376642969146e-05, 'D_high': 2924870.6886808444, 'fire_exp': 2.3942894748760746, 'P_half': 344.5613483840592, 'pre_dampen_half': 12.207231931456962, 'gpp_af': 0.025203736360818896, 'gpp_b': 1.2921913652352702e-05, 'gpp_d': 19.21392743522932, 'ign_k': 0.04990385613125168, 'ign_c': 2.3421101059273854, 'trop_agb_crit': 9.993607081663985, 'trop_k_veg': 3.236126983300846}. Best is trial 0 with value: -0.5989088506199346.
[I 2026-08-20 00:32:02,763] Trial 838 finished with value: 0.4827008075602943 and parameters: {'k1': 0.010513116559925702, 'D_low': 47.49101200295028, 'k2': 0.0005964092337939379, 'D_high': 3704561.3875901345, 'fire_exp': 6.78761923061716, 'P_half': 2.0760847147158246, 'pre_dampen_half': 2.103772604158374, 'gpp_af': 15.37176241912441, 'gpp_b': 0.03575888238708693, 'gpp_d': 163.04972825354133, 'ign_k': 9.022994780133237, 'ign_c': 8.712953919554604, 'trop_agb_crit': 2.1973785686748797, 'trop_k_veg': 5.622591670718988}. Best is trial 0 with value: -0.5989088506199346.
[I 2026-08-20 00:32:04,182] Trial 839 finished with value: 0.4474200430893629 and parameters: {'k1': 0.00013227120483671621, 'D_low': 17968.278725535987, 'k2': 0.0686636709264336, 'D_high': 1046638.5370757004, 'fire_exp': 1.6278959485707862, 'P_half': 2.7066141502037744, 'pre_dampen_half': 96.0512075179947, 'gpp_af': 0.2369949862456637, 'gpp_b': 0.00019188107043887294, 'gpp_d': 58.80267976751286, 'ign_k': 0.06134846088530431, 'ign_c': 1.3513096679736505, 'trop_agb_crit': 6.369661646706205, 'trop_k_veg': 2.8860979741869057}. Best is trial 0 with value: -0.5989088506199346.
[I 2026-08-20 00:32:05,725] Trial 840 finished with value: -0.5670802526381015 and parameters: {'k1': 0.025184168013777198, 'D_low': 15.805180283079569, 'k2': 0.0003220496989820393, 'D_high': 144245.88967825464, 'fire_exp': 3.3437246354950974, 'P_half': 13.398870875030823, 'pre_dampen_half': 2.8541714321729676, 'gpp_af': 0.05485355601883867, 'gpp_b': 0.00015230456923077279, 'gpp_d': 409.27108262957836, 'ign_k': 7.412102793617167, 'ign_c': 0.15953331643655153, 'trop_agb_crit': 5.250702619986179, 'trop_k_veg': 4.7729209790083775}. Best is trial 0 with value: -0.5989088506199346.
[I 2026-08-20 00:32:07,339] Trial 841 finished with value: 0.42721764518699745 and parameters: {'k1': 0.06895958593730715, 'D_low': 1.9527676397446354, 'k2': 0.0002495917560182499, 'D_high': 3246733.7499964223, 'fire_exp': 4.341123905043366, 'P_half': 9.366203614782371, 'pre_dampen_half': 14.494886192082681, 'gpp_af': 0.2338763629280129, 'gpp_b': 0.0024983362215553846, 'gpp_d': 294.51249633726945, 'ign_k': 0.8951923336530545, 'ign_c': 0.3799271084749432, 'trop_agb_crit': 2.778808367021722, 'trop_k_veg': 3.2125969373816385}. Best is trial 0 with value: -0.5989088506199346.
[I 2026-08-20 00:32:08,986] Trial 842 finished with value: 0.6495548327530836 and parameters: {'k1': 0.028414364769473562, 'D_low': 4678.906438805563, 'k2': 0.00010049171632888046, 'D_high': 1413891.860660828, 'fire_exp': 3.354162523508535, 'P_half': 86.19116516508534, 'pre_dampen_half': 10.874363729868461, 'gpp_af': 21.27632024689736, 'gpp_b': 0.366292252689317, 'gpp_d': 8.836045292805284, 'ign_k': 0.2720380663089579, 'ign_c': 41.525444413043424, 'trop_agb_crit': 25.96468208200168, 'trop_k_veg': 3.132819581374973}. Best is trial 0 with value: -0.5989088506199346.
[I 2026-08-20 00:32:10,375] Trial 843 finished with value: 0.6168925264849806 and parameters: {'k1': 2.4360168471242308e-05, 'D_low': 5883.225997553832, 'k2': 0.004040877209779154, 'D_high': 4162697.1093462976, 'fire_exp': 2.208318916959134, 'P_half': 1.4113689428308598, 'pre_dampen_half': 23.744749516299596, 'gpp_af': 0.012850399704070533, 'gpp_b': 0.388685826650779, 'gpp_d': 113.35013427158948, 'ign_k': 0.23529973230425955, 'ign_c': 0.1718741135421282, 'trop_agb_crit': 7.7826452334765595, 'trop_k_veg': 6.64400548560271}. Best is trial 0 with value: -0.5989088506199346.
[I 2026-08-20 00:32:11,785] Trial 844 finished with value: 0.4393751568639689 and parameters: {'k1': 0.0014938080662256874, 'D_low': 16.20687883515745, 'k2': 0.0003351452801420846, 'D_high': 5611322.5445846105, 'fire_exp': 3.772105614379422, 'P_half': 2.4367626630336487, 'pre_dampen_half': 16.779618607240952, 'gpp_af': 32.580379983564995, 'gpp_b': 0.008652110206736868, 'gpp_d': 962.3294850175942, 'ign_k': 0.9529399780468558, 'ign_c': 6.239101207433557, 'trop_agb_crit': 3.404999014256114, 'trop_k_veg': 2.2216805016850145}. Best is trial 0 with value: -0.5989088506199346.
[I 2026-08-20 00:32:13,232] Trial 845 finished with value: 0.6414787737207908 and parameters: {'k1': 0.00039587956370661824, 'D_low': 350604.59457854554, 'k2': 0.05642967191041549, 'D_high': 816544.9811611206, 'fire_exp': 1.1291214560975986, 'P_half': 6.82766562784196, 'pre_dampen_half': 1.591705849136475, 'gpp_af': 0.07783918644080404, 'gpp_b': 0.004129636343848698, 'gpp_d': 49.489615726920825, 'ign_k': 1.327544874782461, 'ign_c': 0.6057542763730501, 'trop_agb_crit': 4.570053089050656, 'trop_k_veg': 3.0206433864555873}. Best is trial 0 with value: -0.5989088506199346.
[I 2026-08-20 00:32:14,660] Trial 846 finished with value: 0.5551393513936249 and parameters: {'k1': 7.510654128258933e-05, 'D_low': 3.1470632907344878, 'k2': 4.765817698813337e-05, 'D_high': 9026468.472368423, 'fire_exp': 3.0437305322151182, 'P_half': 909.1532031633203, 'pre_dampen_half': 246.90124479966107, 'gpp_af': 0.25727058471655156, 'gpp_b': 1.4246609447685186e-05, 'gpp_d': 12.993687155622125, 'ign_k': 3.2383273753247486, 'ign_c': 0.46889196912060477, 'trop_agb_crit': 4.226021096369561, 'trop_k_veg': 3.471384526086824}. Best is trial 0 with value: -0.5989088506199346.
[I 2026-08-20 00:32:16,160] Trial 847 finished with value: 0.5972054991770125 and parameters: {'k1': 0.0001145953493582993, 'D_low': 9.244282115121207, 'k2': 0.00028557558252031317, 'D_high': 1641478.2799929993, 'fire_exp': 2.1262908842297406, 'P_half': 7.890920701073201, 'pre_dampen_half': 7.37009371698085, 'gpp_af': 14.42792662856587, 'gpp_b': 1.2726837886738246e-05, 'gpp_d': 0.028613174547667534, 'ign_k': 0.053409565711966686, 'ign_c': 0.10587118571644018, 'trop_agb_crit': 1.3209168387321202, 'trop_k_veg': 2.198866572015509}. Best is trial 0 with value: -0.5989088506199346.
[I 2026-08-20 00:32:17,507] Trial 848 finished with value: 0.6138095734066009 and parameters: {'k1': 0.00012632153275050827, 'D_low': 428.26837604825596, 'k2': 0.0012155574483679059, 'D_high': 5717356.339284953, 'fire_exp': 2.427940478420143, 'P_half': 42.550530190980346, 'pre_dampen_half': 201.9979505857204, 'gpp_af': 0.2168006888509021, 'gpp_b': 0.0009563402113270855, 'gpp_d': 37.251966239742195, 'ign_k': 0.19154310044651754, 'ign_c': 46.06901010146299, 'trop_agb_crit': 27.152888555146166, 'trop_k_veg': 1.3107358393531008}. Best is trial 0 with value: -0.5989088506199346.
[I 2026-08-20 00:32:18,891] Trial 849 finished with value: 0.5201039361205442 and parameters: {'k1': 0.00012729717232064957, 'D_low': 1.5913687357745026, 'k2': 1.0062457165454166e-05, 'D_high': 6855695.195716517, 'fire_exp': 5.7352222173844, 'P_half': 27.63349049378535, 'pre_dampen_half': 3.1424275624482654, 'gpp_af': 0.04976365191255225, 'gpp_b': 0.0004047484199180938, 'gpp_d': 23.589439284581186, 'ign_k': 1.8287579127214308, 'ign_c': 1.0227355798792355, 'trop_agb_crit': 6.288753857085517, 'trop_k_veg': 3.196051429828992}. Best is trial 0 with value: -0.5989088506199346.
[I 2026-08-20 00:32:20,260] Trial 850 finished with value: -0.5422308251531242 and parameters: {'k1': 0.04573761840373908, 'D_low': 141.36646991493623, 'k2': 0.00020192734992955554, 'D_high': 2272817.5396508165, 'fire_exp': 3.2940926668894734, 'P_half': 201.0497269628424, 'pre_dampen_half': 5.802405382791568, 'gpp_af': 2.3386989090418195, 'gpp_b': 7.92026216411383e-05, 'gpp_d': 98.26548088399748, 'ign_k': 0.8263925680970373, 'ign_c': 2.4049993619618046, 'trop_agb_crit': 12.560471616841589, 'trop_k_veg': 2.564984672403059}. Best is trial 0 with value: -0.5989088506199346.
[I 2026-08-20 00:32:21,715] Trial 851 finished with value: 0.4431053595787239 and parameters: {'k1': 0.002085165840091249, 'D_low': 5.835359601443156, 'k2': 0.00011832013391369619, 'D_high': 6489413.344986405, 'fire_exp': 3.5913506544903075, 'P_half': 5.191317613535515, 'pre_dampen_half': 112.77029816145993, 'gpp_af': 0.9636539831633841, 'gpp_b': 0.08447606425034486, 'gpp_d': 15.997321472255274, 'ign_k': 8.230957616112265, 'ign_c': 4.218340984731364, 'trop_agb_crit': 4.112713241289396, 'trop_k_veg': 1.974174688644746}. Best is trial 0 with value: -0.5989088506199346.
[I 2026-08-20 00:32:23,441] Trial 852 finished with value: 0.5908235891207998 and parameters: {'k1': 0.0004147685450491413, 'D_low': 10.698323755987522, 'k2': 2.521897842628248e-05, 'D_high': 71640.97581337762, 'fire_exp': 1.3330920709421095, 'P_half': 14.273685539958462, 'pre_dampen_half': 0.6378937635140187, 'gpp_af': 0.1463375756690673, 'gpp_b': 1.3013039062640786e-05, 'gpp_d': 8.546943711535324, 'ign_k': 0.14490101764457664, 'ign_c': 46.93100747291933, 'trop_agb_crit': 1.8629423420149107, 'trop_k_veg': 5.836699492093716}. Best is trial 0 with value: -0.5989088506199346.
[I 2026-08-20 00:32:25,024] Trial 853 finished with value: 0.6445374145881376 and parameters: {'k1': 0.0003250460231286093, 'D_low': 364.02480114904586, 'k2': 0.00044570277738097683, 'D_high': 5352885.542858897, 'fire_exp': 6.730395806161849, 'P_half': 5.4031017061055495, 'pre_dampen_half': 4.939010576861424, 'gpp_af': 2.01238824774521, 'gpp_b': 2.6267034188099147e-05, 'gpp_d': 33.17945801291644, 'ign_k': 4.630663245934444, 'ign_c': 51.13642500973188, 'trop_agb_crit': 9.983971214507664, 'trop_k_veg': 1.8351345211170293}. Best is trial 0 with value: -0.5989088506199346.
[I 2026-08-20 00:32:26,546] Trial 854 finished with value: 0.39964888271262056 and parameters: {'k1': 0.0009967710749864528, 'D_low': 654.8169841090868, 'k2': 1.0249622968750622e-05, 'D_high': 2287550.8283564895, 'fire_exp': 1.5174277610127864, 'P_half': 92.61780468143598, 'pre_dampen_half': 9.06329903552653, 'gpp_af': 0.3707779677214152, 'gpp_b': 0.0057075990409169285, 'gpp_d': 31.231719087514954, 'ign_k': 0.2155561311295481, 'ign_c': 1.2101069845118764, 'trop_agb_crit': 24.203217931723913, 'trop_k_veg': 3.96836930255332}. Best is trial 0 with value: -0.5989088506199346.
[I 2026-08-20 00:32:27,999] Trial 855 finished with value: 0.6445374145881376 and parameters: {'k1': 0.0001269391526282393, 'D_low': 81.81894074747514, 'k2': 0.0013090139833756593, 'D_high': 1022.7174090388513, 'fire_exp': 2.809393550576655, 'P_half': 7711.323807129332, 'pre_dampen_half': 0.022494657510957927, 'gpp_af': 0.0014043820429022829, 'gpp_b': 0.08868280436615625, 'gpp_d': 0.30275644425723464, 'ign_k': 0.07083516558777392, 'ign_c': 2.482104439254669, 'trop_agb_crit': 10.031004260959719, 'trop_k_veg': 0.7481773858505736}. Best is trial 0 with value: -0.5989088506199346.
[I 2026-08-20 00:32:29,420] Trial 856 finished with value: 0.6445374145881376 and parameters: {'k1': 1.6890979062491767e-05, 'D_low': 322473.9115920661, 'k2': 5.8512371377148684e-05, 'D_high': 11187.753318245595, 'fire_exp': 3.356273098022097, 'P_half': 2.3903405621303055, 'pre_dampen_half': 0.69572382877368, 'gpp_af': 0.050642683465684735, 'gpp_b': 2.1278620223862106, 'gpp_d': 2.6604331603290947, 'ign_k': 7.771601733012037, 'ign_c': 343.45744497727975, 'trop_agb_crit': 21.313101300585622, 'trop_k_veg': 0.6669186579867065}. Best is trial 0 with value: -0.5989088506199346.
[I 2026-08-20 00:32:30,853] Trial 857 finished with value: 0.47520589076071373 and parameters: {'k1': 0.00017346838004890654, 'D_low': 1.8767174602769674, 'k2': 3.96952729280081e-05, 'D_high': 553554.4199091364, 'fire_exp': 1.0244995755537876, 'P_half': 26.596035395700255, 'pre_dampen_half': 0.4976042443781353, 'gpp_af': 0.060086964626624675, 'gpp_b': 0.00027251605552017265, 'gpp_d': 0.07605524609978478, 'ign_k': 1.4972181165870027, 'ign_c': 20.95724153304215, 'trop_agb_crit': 5.510585187787147, 'trop_k_veg': 7.040843386793468}. Best is trial 0 with value: -0.5989088506199346.
[I 2026-08-20 00:32:32,310] Trial 858 finished with value: -0.5582930789142238 and parameters: {'k1': 0.00014244299735717656, 'D_low': 1.4256693180956852, 'k2': 0.00018350118765838116, 'D_high': 5887973.599674108, 'fire_exp': 5.119567977590626, 'P_half': 1.8760555893782076, 'pre_dampen_half': 4.07638231565779, 'gpp_af': 0.49189576342658553, 'gpp_b': 1.0529353939450241e-05, 'gpp_d': 211.95762050992434, 'ign_k': 1.4559174264824828, 'ign_c': 5.817869339529178, 'trop_agb_crit': 6.253181446662946, 'trop_k_veg': 2.198898439760762}. Best is trial 0 with value: -0.5989088506199346.
[I 2026-08-20 00:32:33,685] Trial 859 finished with value: 0.448196091838272 and parameters: {'k1': 0.04265842002183128, 'D_low': 43.393263897876686, 'k2': 0.006816032647680022, 'D_high': 168446.51701858954, 'fire_exp': 7.540724512019774, 'P_half': 4.930853400661969, 'pre_dampen_half': 17.63377059465196, 'gpp_af': 0.7356013357010234, 'gpp_b': 0.0003737770593319745, 'gpp_d': 33.60050865078959, 'ign_k': 9.245304208282079, 'ign_c': 0.16693175846158975, 'trop_agb_crit': 2.2564269190236828, 'trop_k_veg': 1.3098306592423483}. Best is trial 0 with value: -0.5989088506199346.
[I 2026-08-20 00:32:35,025] Trial 860 finished with value: 0.6018403983795837 and parameters: {'k1': 0.038693983865436196, 'D_low': 6.984553880912627, 'k2': 0.007001995250846239, 'D_high': 389269.42761498725, 'fire_exp': 3.988293510206815, 'P_half': 5.3820080681739695, 'pre_dampen_half': 0.6205424360507985, 'gpp_af': 0.0020224624797334926, 'gpp_b': 0.006574034212468298, 'gpp_d': 18.86245359145396, 'ign_k': 1.668276636584116, 'ign_c': 0.38523863591507995, 'trop_agb_crit': 7.785712640548752, 'trop_k_veg': 3.467535877719486}. Best is trial 0 with value: -0.5989088506199346.
[I 2026-08-20 00:32:36,546] Trial 861 finished with value: 0.5769855577067831 and parameters: {'k1': 0.000247883557599881, 'D_low': 200.06318766720554, 'k2': 0.00022426584987720477, 'D_high': 885771.6727240173, 'fire_exp': 3.71674594206853, 'P_half': 52.480523336265954, 'pre_dampen_half': 84.44039199141484, 'gpp_af': 0.22228537749239413, 'gpp_b': 0.03601288752815696, 'gpp_d': 17.595786318950466, 'ign_k': 0.02699034182341192, 'ign_c': 0.43216095533383364, 'trop_agb_crit': 28.326031756619418, 'trop_k_veg': 5.316601508850572}. Best is trial 0 with value: -0.5989088506199346.
[I 2026-08-20 00:32:37,904] Trial 862 finished with value: 0.6445374145881376 and parameters: {'k1': 0.00040643015478040545, 'D_low': 2.951873863289849, 'k2': 6.726540492668241e-05, 'D_high': 812417.7765813294, 'fire_exp': 1.019905276781363, 'P_half': 17.427148709717418, 'pre_dampen_half': 0.3400089608248382, 'gpp_af': 0.026680217488394924, 'gpp_b': 1.9645403612957583e-05, 'gpp_d': 201.02037187583906, 'ign_k': 1.0772257030632595, 'ign_c': 80.8859280024449, 'trop_agb_crit': 7.239900601838732, 'trop_k_veg': 2.5550926113644783}. Best is trial 0 with value: -0.5989088506199346.
[I 2026-08-20 00:32:39,264] Trial 863 finished with value: 0.5245421216098191 and parameters: {'k1': 0.008030846093867998, 'D_low': 2.580868512375922, 'k2': 0.00024492165296106195, 'D_high': 182390.3947332548, 'fire_exp': 2.6735553055843853, 'P_half': 21.62356483454234, 'pre_dampen_half': 0.24496957661575883, 'gpp_af': 0.914216403565183, 'gpp_b': 0.013841596352256588, 'gpp_d': 24.72217184906675, 'ign_k': 1.995343623338699, 'ign_c': 3.0684498013780543, 'trop_agb_crit': 1.2510720672490254, 'trop_k_veg': 4.225696935023572}. Best is trial 0 with value: -0.5989088506199346.
[I 2026-08-20 00:32:40,658] Trial 864 finished with value: 0.5683048589141249 and parameters: {'k1': 0.0038649808092337313, 'D_low': 1602.7218264799458, 'k2': 6.82357209225198e-05, 'D_high': 400467.0681218583, 'fire_exp': 3.7296689036260746, 'P_half': 47.86861531079175, 'pre_dampen_half': 34.34433001091854, 'gpp_af': 0.6407593918964615, 'gpp_b': 5.3380185001667984e-05, 'gpp_d': 257.59616265949893, 'ign_k': 0.0128028686255393, 'ign_c': 5.842734275318559, 'trop_agb_crit': 20.095138747833634, 'trop_k_veg': 2.166328357513407}. Best is trial 0 with value: -0.5989088506199346.
[I 2026-08-20 00:32:42,050] Trial 865 finished with value: 0.5315459358043146 and parameters: {'k1': 0.09298658115170752, 'D_low': 23.34441892711863, 'k2': 0.00745805110817334, 'D_high': 347368.37519477285, 'fire_exp': 8.870529532422218, 'P_half': 33.51521295163452, 'pre_dampen_half': 2.289994634348235, 'gpp_af': 0.02014389412543952, 'gpp_b': 0.0003478518533144324, 'gpp_d': 33.777128297817406, 'ign_k': 8.503259062959131, 'ign_c': 1.4362353410608477, 'trop_agb_crit': 2.0999250421645055, 'trop_k_veg': 2.4504341790483717}. Best is trial 0 with value: -0.5989088506199346.
[I 2026-08-20 00:32:43,655] Trial 866 finished with value: 0.522512353063854 and parameters: {'k1': 0.01648854172861074, 'D_low': 32.65429353028503, 'k2': 0.006185777500004206, 'D_high': 61877.26036247963, 'fire_exp': 2.652143892037511, 'P_half': 28.82143827188529, 'pre_dampen_half': 0.3585126808317364, 'gpp_af': 0.029583971217551876, 'gpp_b': 7.126970799828553e-05, 'gpp_d': 4.718861331939765, 'ign_k': 8.669850892647284, 'ign_c': 0.9239174990217742, 'trop_agb_crit': 2.1931957557126673, 'trop_k_veg': 1.4223859859626884}. Best is trial 0 with value: -0.5989088506199346.
[I 2026-08-20 00:32:45,051] Trial 867 finished with value: 0.6445374145881376 and parameters: {'k1': 0.004057563391554765, 'D_low': 23057.318798617467, 'k2': 6.423594743600885e-05, 'D_high': 1276669.2404819175, 'fire_exp': 1.3255228803535424, 'P_half': 19.574192321796065, 'pre_dampen_half': 3.988573827076136, 'gpp_af': 0.004363056388252637, 'gpp_b': 2.9155028080860646e-05, 'gpp_d': 2.0774229588283344, 'ign_k': 2.527617909013344, 'ign_c': 43.269877753519935, 'trop_agb_crit': 26.06824220979716, 'trop_k_veg': 1.980935508218381}. Best is trial 0 with value: -0.5989088506199346.
[I 2026-08-20 00:32:46,564] Trial 868 finished with value: 0.6007046293815196 and parameters: {'k1': 0.0005742041061288635, 'D_low': 337.6443129032235, 'k2': 0.06168421899728444, 'D_high': 389520.30461753195, 'fire_exp': 1.8985563891179427, 'P_half': 16.682806500834122, 'pre_dampen_half': 37.74074282827678, 'gpp_af': 0.019534513477747664, 'gpp_b': 0.08388865378082665, 'gpp_d': 446.28312749592584, 'ign_k': 0.11421734766338454, 'ign_c': 0.8061351524551827, 'trop_agb_crit': 13.330188056765637, 'trop_k_veg': 1.5295915350111746}. Best is trial 0 with value: -0.5989088506199346.
