[I 2026-07-25 00:39:41,602] Trial 1333 finished with value: 0.6037345256235152 and parameters: {'k1': 0.026082444816764166, 'D_low': 2.316419729013402, 'k2': 0.018868060784462334, 'D_high': 1099196.4689377514, 'fire_exp': 2.0156079525182142, 'P_half': 88.9552412786843, 'pre_dampen_half': 23.368624596525784, 'gpp_af': 0.0070044049007598535, 'gpp_b': 0.0005684157115502381, 'gpp_d': 0.03310066836518886, 'ign_k': 1.0326241064721025, 'ign_c': 110.22273392532507, 'trop_agb_crit': 18.527175271859637, 'trop_k_veg': 0.877521248898856, 'gdp_gamma': 0.74457018604043, 'cure_k': 0.0030709305101395915, 'cure_p_min': 297.12270652062847, 'cure_gpp_ref': 1.041369419212817, 'cure_agb_crit': 1.5748737535557382, 'fuel_k': 0.02392877847045328, 'fuel_half': 58.516354633307635}. Best is trial 1132 with value: -0.6317570269256394.
[I 2026-07-25 00:39:42,066] Trial 1334 finished with value: 0.41578252339538346 and parameters: {'k1': 0.0009943414514603382, 'D_low': 3.0087813897885654, 'k2': 2.412834023582795e-05, 'D_high': 5447800.3744644495, 'fire_exp': 2.7234354764773068, 'P_half': 33.0370933888911, 'pre_dampen_half': 3.550338713040866, 'gpp_af': 0.26485528695821864, 'gpp_b': 0.003636273788828661, 'gpp_d': 181.31806506689404, 'ign_k': 0.002340402058749088, 'ign_c': 0.8219236740447318, 'trop_agb_crit': 16.342730856129418, 'trop_k_veg': 5.020461716017133, 'gdp_gamma': 1.225758319415542, 'cure_k': 0.00276686482487173, 'cure_p_min': 337.93333332698586, 'cure_gpp_ref': 0.29836152764791984, 'cure_agb_crit': 5.340042473399305, 'fuel_k': 0.16058482552525155, 'fuel_half': 0.12153333593935098}. Best is trial 1132 with value: -0.6317570269256394.
[I 2026-07-25 00:39:42,536] Trial 1335 finished with value: 0.5460641578066412 and parameters: {'k1': 0.08781775803378412, 'D_low': 6399.756393267858, 'k2': 0.012250488907057022, 'D_high': 5121218.673981032, 'fire_exp': 2.5964118981388684, 'P_half': 541.4150548766602, 'pre_dampen_half': 3.2892254186278738, 'gpp_af': 0.012087517487982943, 'gpp_b': 2.5401927221550973e-05, 'gpp_d': 0.09669166666118453, 'ign_k': 0.012495054024228906, 'ign_c': 0.48477340631839877, 'trop_agb_crit': 15.214203197234472, 'trop_k_veg': 1.6502859874831204, 'gdp_gamma': 0.7613280260572045, 'cure_k': 0.0010900386494248893, 'cure_p_min': 392.8866751971714, 'cure_gpp_ref': 0.6472832245191713, 'cure_agb_crit': 1.411879029048445, 'fuel_k': 0.04044829816268402, 'fuel_half': 35.055613603496504}. Best is trial 1132 with value: -0.6317570269256394.
[I 2026-07-25 00:39:42,996] Trial 1336 finished with value: 0.5147412619715932 and parameters: {'k1': 0.0005930463471381729, 'D_low': 124.0563816472538, 'k2': 3.3422787868463944e-05, 'D_high': 3558627.780701202, 'fire_exp': 1.3463182984015591, 'P_half': 65.01285209300072, 'pre_dampen_half': 6.329868196836603, 'gpp_af': 0.028557658592072648, 'gpp_b': 0.28282319071061374, 'gpp_d': 33.868143331352336, 'ign_k': 0.005547754959391153, 'ign_c': 0.4226267150206959, 'trop_agb_crit': 13.599797466827932, 'trop_k_veg': 5.3217510902412135, 'gdp_gamma': 0.652946258383783, 'cure_k': 0.39020435782559465, 'cure_p_min': 246.76925442299503, 'cure_gpp_ref': 0.4173374543037226, 'cure_agb_crit': 3.9673321993661026, 'fuel_k': 0.09253053137652707, 'fuel_half': 0.10446166137438387}. Best is trial 1132 with value: -0.6317570269256394.
[I 2026-07-25 00:39:43,454] Trial 1337 finished with value: 0.5998396579390805 and parameters: {'k1': 1.8876369941709648e-05, 'D_low': 9310.486231683983, 'k2': 0.000711661762029164, 'D_high': 511168.20955438656, 'fire_exp': 1.4235666920548278, 'P_half': 14.115259639425254, 'pre_dampen_half': 0.11511650814804085, 'gpp_af': 0.14704126134943246, 'gpp_b': 0.005071130577745383, 'gpp_d': 70.05878571138207, 'ign_k': 5.140869412843183, 'ign_c': 600.9802149973799, 'trop_agb_crit': 2.2061726469477607, 'trop_k_veg': 4.1892410359047, 'gdp_gamma': 0.9567752186160229, 'cure_k': 0.006549133755220936, 'cure_p_min': 232.45041103669973, 'cure_gpp_ref': 1.6414944433847143, 'cure_agb_crit': 2.4598431233259435, 'fuel_k': 4.955235323679831, 'fuel_half': 26.245183645456386}. Best is trial 1132 with value: -0.6317570269256394.
[I 2026-07-25 00:39:43,919] Trial 1338 finished with value: 0.565024319754413 and parameters: {'k1': 0.029872172329250813, 'D_low': 93.09337246241545, 'k2': 0.004711454931411613, 'D_high': 3915369.8021152145, 'fire_exp': 3.5321722592181817, 'P_half': 9.684357211016742, 'pre_dampen_half': 1.616802550111833, 'gpp_af': 0.17430312360960237, 'gpp_b': 0.0001234425543088685, 'gpp_d': 0.06687955259706792, 'ign_k': 0.057648784009193224, 'ign_c': 26.13359871715869, 'trop_agb_crit': 24.27128724191915, 'trop_k_veg': 0.9870079421460585, 'gdp_gamma': 0.9958717159486369, 'cure_k': 0.0029042990975039597, 'cure_p_min': 147.30544320314195, 'cure_gpp_ref': 0.7048247489086146, 'cure_agb_crit': 1.2103406149047296, 'fuel_k': 0.35529086797580656, 'fuel_half': 88.21088316703761}. Best is trial 1132 with value: -0.6317570269256394.
[I 2026-07-25 00:39:44,382] Trial 1339 finished with value: -0.5785536492242607 and parameters: {'k1': 0.029794384053840554, 'D_low': 523.8856545418355, 'k2': 0.007953539005894569, 'D_high': 9261773.150820363, 'fire_exp': 2.259041888558516, 'P_half': 141.27678840627766, 'pre_dampen_half': 4.5056875797796865, 'gpp_af': 0.007648875524099854, 'gpp_b': 0.003117481809293123, 'gpp_d': 0.8794352567260004, 'ign_k': 0.14570333526871448, 'ign_c': 3.2180393663406504, 'trop_agb_crit': 9.269412282540813, 'trop_k_veg': 2.0228234205058477, 'gdp_gamma': 1.099827411920899, 'cure_k': 0.0010773958491964103, 'cure_p_min': 292.4482927663839, 'cure_gpp_ref': 0.32294769797112544, 'cure_agb_crit': 1.0771989914770448, 'fuel_k': 0.019914184956041702, 'fuel_half': 43.53482189727176}. Best is trial 1132 with value: -0.6317570269256394.
[I 2026-07-25 00:39:44,840] Trial 1340 finished with value: 0.48936495281576176 and parameters: {'k1': 0.012308952655826978, 'D_low': 2.273433840430241, 'k2': 5.139522998257486e-05, 'D_high': 406092.87869578926, 'fire_exp': 1.1265045280610482, 'P_half': 103.91931360485592, 'pre_dampen_half': 2.962236255118382, 'gpp_af': 0.31850384218310007, 'gpp_b': 3.6981534612837987, 'gpp_d': 812.2745207489979, 'ign_k': 0.14405478037629688, 'ign_c': 0.6181653886905024, 'trop_agb_crit': 4.3632306050232454, 'trop_k_veg': 7.772119869368756, 'gdp_gamma': 0.8054204542352098, 'cure_k': 0.26534845218375097, 'cure_p_min': 218.19246921780595, 'cure_gpp_ref': 0.5277827018538153, 'cure_agb_crit': 2.6936666082700054, 'fuel_k': 0.2574128408753583, 'fuel_half': 0.24034835412532818}. Best is trial 1132 with value: -0.6317570269256394.
[I 2026-07-25 00:39:45,301] Trial 1341 finished with value: 0.5582859158923397 and parameters: {'k1': 0.0678450597855088, 'D_low': 21.13086842398355, 'k2': 0.005470830584189037, 'D_high': 6780536.266504263, 'fire_exp': 2.6291434493896, 'P_half': 108.87632444733326, 'pre_dampen_half': 9.556496792762173, 'gpp_af': 0.014821766510600637, 'gpp_b': 5.488346247771691e-05, 'gpp_d': 0.09299114459036473, 'ign_k': 0.11853211007444188, 'ign_c': 34.744746162087225, 'trop_agb_crit': 5.593889835219276, 'trop_k_veg': 1.8258803181361873, 'gdp_gamma': 1.854355026490304, 'cure_k': 0.005445213548809933, 'cure_p_min': 173.89940943916682, 'cure_gpp_ref': 0.4826667432641854, 'cure_agb_crit': 1.0937501105370542, 'fuel_k': 0.01335508098145084, 'fuel_half': 15.21532561132667}. Best is trial 1132 with value: -0.6317570269256394.
[I 2026-07-25 00:39:45,761] Trial 1342 finished with value: 0.5881422800106765 and parameters: {'k1': 2.4615541655293027e-05, 'D_low': 65.6730872109071, 'k2': 0.002354415589598188, 'D_high': 9263327.024441838, 'fire_exp': 1.7584149318859037, 'P_half': 650.0057339787876, 'pre_dampen_half': 5.3864842629476914, 'gpp_af': 0.0253794465452542, 'gpp_b': 0.1425901653085942, 'gpp_d': 137.80990857060252, 'ign_k': 1.8236804225173582, 'ign_c': 24.338375671276776, 'trop_agb_crit': 3.5630540017751327, 'trop_k_veg': 1.2887336312125148, 'gdp_gamma': 0.5739587503752671, 'cure_k': 0.01318873940145375, 'cure_p_min': 310.51610800951863, 'cure_gpp_ref': 0.891005609502986, 'cure_agb_crit': 3.540350223197301, 'fuel_k': 0.7060284581736594, 'fuel_half': 35.9398941033437}. Best is trial 1132 with value: -0.6317570269256394.
[I 2026-07-25 00:39:46,227] Trial 1343 finished with value: 0.40351258162401993 and parameters: {'k1': 0.00020995448994772515, 'D_low': 83.65654485819421, 'k2': 6.691392588501228e-05, 'D_high': 46042.64272801589, 'fire_exp': 1.6820373528569736, 'P_half': 3.3321164147852333, 'pre_dampen_half': 12.696431848949741, 'gpp_af': 0.6199759366483281, 'gpp_b': 0.018737164970215697, 'gpp_d': 129.77561804030285, 'ign_k': 0.005957182396881786, 'ign_c': 0.9261456095437975, 'trop_agb_crit': 10.820933375897928, 'trop_k_veg': 2.4789810135771315, 'gdp_gamma': 0.9451483860179487, 'cure_k': 0.02410105969301907, 'cure_p_min': 254.5182750107652, 'cure_gpp_ref': 0.13659051225186683, 'cure_agb_crit': 2.4634439740228777, 'fuel_k': 0.07449340880135756, 'fuel_half': 0.24872533649453812}. Best is trial 1132 with value: -0.6317570269256394.
[I 2026-07-25 00:39:46,686] Trial 1344 finished with value: 0.41827343518511484 and parameters: {'k1': 0.0004054780708517669, 'D_low': 12.960921440986247, 'k2': 2.4433685704797208e-05, 'D_high': 1128340.2937620503, 'fire_exp': 1.0904413511113844, 'P_half': 3418.374790579071, 'pre_dampen_half': 0.8112049530189501, 'gpp_af': 2.4403623854326115, 'gpp_b': 0.03896396342924481, 'gpp_d': 236.35404076254363, 'ign_k': 0.020344107342034557, 'ign_c': 0.33391864657192394, 'trop_agb_crit': 3.9776339147808732, 'trop_k_veg': 3.5267396268770352, 'gdp_gamma': 1.8276177570665995, 'cure_k': 0.023855514435108867, 'cure_p_min': 372.36155200032835, 'cure_gpp_ref': 0.3939165404990792, 'cure_agb_crit': 2.252471840912813, 'fuel_k': 0.01569769805733541, 'fuel_half': 0.15725567688934}. Best is trial 1132 with value: -0.6317570269256394.
[I 2026-07-25 00:39:47,148] Trial 1345 finished with value: 0.39059402785386066 and parameters: {'k1': 0.06091161454500455, 'D_low': 18.19509280549741, 'k2': 0.00034745610574182816, 'D_high': 820575.9582356638, 'fire_exp': 1.5091134694337385, 'P_half': 767.7854622527661, 'pre_dampen_half': 0.29912103257142936, 'gpp_af': 0.0837139554877098, 'gpp_b': 2.991661155467566e-05, 'gpp_d': 0.5110910418155844, 'ign_k': 0.10046596773078971, 'ign_c': 8.209758881246552, 'trop_agb_crit': 22.158974460936268, 'trop_k_veg': 0.8561371195887514, 'gdp_gamma': 1.065419818255431, 'cure_k': 0.003413996442278575, 'cure_p_min': 209.62733506893304, 'cure_gpp_ref': 1.0104477414737927, 'cure_agb_crit': 1.354017028992823, 'fuel_k': 0.01693267459841114, 'fuel_half': 6.670506253992603}. Best is trial 1132 with value: -0.6317570269256394.
[I 2026-07-25 00:39:47,608] Trial 1346 finished with value: 0.4388221253319673 and parameters: {'k1': 0.00047003449526796784, 'D_low': 16.189694024652493, 'k2': 2.3288561517608457e-05, 'D_high': 11606.389650249443, 'fire_exp': 1.3760079665822622, 'P_half': 7.360635870690375, 'pre_dampen_half': 0.17153902274429306, 'gpp_af': 5.107655800200734, 'gpp_b': 1.1714287084578678, 'gpp_d': 66.15503720084618, 'ign_k': 0.016596457603195572, 'ign_c': 1.3504637615880297, 'trop_agb_crit': 7.262491800382148, 'trop_k_veg': 6.995261783732524, 'gdp_gamma': 1.278651387502533, 'cure_k': 0.05405689161409759, 'cure_p_min': 275.97922648551713, 'cure_gpp_ref': 0.9744866773063582, 'cure_agb_crit': 2.724733813886926, 'fuel_k': 0.026793286177851774, 'fuel_half': 0.252988742221793}. Best is trial 1132 with value: -0.6317570269256394.
[I 2026-07-25 00:39:48,070] Trial 1347 finished with value: 0.4473525672657982 and parameters: {'k1': 2.1057014480080548e-05, 'D_low': 1.9827638322234362, 'k2': 0.0001223058860539224, 'D_high': 6605857.708664826, 'fire_exp': 2.238057090394037, 'P_half': 61.826339677183405, 'pre_dampen_half': 33.30719275574259, 'gpp_af': 0.06021672733865483, 'gpp_b': 0.0028467803712460683, 'gpp_d': 25.17753342811699, 'ign_k': 0.0024380002974716333, 'ign_c': 0.1382646716760425, 'trop_agb_crit': 7.791162809932101, 'trop_k_veg': 2.934444189964389, 'gdp_gamma': 0.6528121302047042, 'cure_k': 0.020574771620253323, 'cure_p_min': 292.7129197638507, 'cure_gpp_ref': 0.5191764046382774, 'cure_agb_crit': 3.5077662206848133, 'fuel_k': 0.12633618759259638, 'fuel_half': 0.44643745811310415}. Best is trial 1132 with value: -0.6317570269256394.
[I 2026-07-25 00:39:48,534] Trial 1348 finished with value: 0.5735685864349386 and parameters: {'k1': 0.04501083375107619, 'D_low': 20.161281216359175, 'k2': 0.03287278169728873, 'D_high': 870061.3946515366, 'fire_exp': 2.552122632571222, 'P_half': 222.07036116593963, 'pre_dampen_half': 21.084645176439402, 'gpp_af': 0.02212955453229735, 'gpp_b': 0.010881421717669353, 'gpp_d': 0.033744774366409096, 'ign_k': 0.005573864558153264, 'ign_c': 4.213984459728059, 'trop_agb_crit': 27.402469381001445, 'trop_k_veg': 1.4298676991332, 'gdp_gamma': 0.7146487924344775, 'cure_k': 0.012695313556057198, 'cure_p_min': 211.0130124857504, 'cure_gpp_ref': 0.23594716666093685, 'cure_agb_crit': 1.5357121550911452, 'fuel_k': 0.01101331898383621, 'fuel_half': 46.89686930398558}. Best is trial 1132 with value: -0.6317570269256394.
[I 2026-07-25 00:39:49,032] Trial 1349 finished with value: 0.5056597882419313 and parameters: {'k1': 0.0009169250597432049, 'D_low': 2.434672697159435, 'k2': 2.450473042578572e-05, 'D_high': 52238.91324857103, 'fire_exp': 2.158247555490641, 'P_half': 16.547981695538265, 'pre_dampen_half': 13.80899763572478, 'gpp_af': 0.35156986397514606, 'gpp_b': 0.08180412590832445, 'gpp_d': 23.26983274755649, 'ign_k': 0.008913714283163452, 'ign_c': 0.20284745640613341, 'trop_agb_crit': 9.004700110794355, 'trop_k_veg': 2.438184903788537, 'gdp_gamma': 1.4444760409295268, 'cure_k': 0.2920359131176243, 'cure_p_min': 350.1099745722991, 'cure_gpp_ref': 0.4286379312969384, 'cure_agb_crit': 6.076147062635975, 'fuel_k': 0.06055838024708468, 'fuel_half': 3.7618517442532875}. Best is trial 1132 with value: -0.6317570269256394.
[I 2026-07-25 00:39:49,506] Trial 1350 finished with value: 0.606846660696329 and parameters: {'k1': 0.041182672965263664, 'D_low': 264.34501436730136, 'k2': 0.03288283708735626, 'D_high': 5106003.801999907, 'fire_exp': 1.1785586443533218, 'P_half': 1229.6695649855762, 'pre_dampen_half': 114.4232370463729, 'gpp_af': 0.07596188578317224, 'gpp_b': 0.0004488265669170397, 'gpp_d': 0.12348075669512369, 'ign_k': 0.05226590265106094, 'ign_c': 119.30668448523946, 'trop_agb_crit': 17.025929323389676, 'trop_k_veg': 1.986151362955711, 'gdp_gamma': 0.2815673088471192, 'cure_k': 0.0011363203343284247, 'cure_p_min': 326.25070110943324, 'cure_gpp_ref': 0.9729705003216018, 'cure_agb_crit': 1.0307507175231923, 'fuel_k': 0.039698583654938745, 'fuel_half': 20.229543047559453}. Best is trial 1132 with value: -0.6317570269256394.
[I 2026-07-25 00:39:49,970] Trial 1351 finished with value: 0.49888019995466526 and parameters: {'k1': 0.0006290191275900751, 'D_low': 24.837744039391126, 'k2': 7.000155096521716e-05, 'D_high': 2217320.0051058973, 'fire_exp': 1.0327087295555928, 'P_half': 33.623290178245014, 'pre_dampen_half': 0.12950322255137312, 'gpp_af': 18.61301577157995, 'gpp_b': 0.21253917100703246, 'gpp_d': 6.530153116693691, 'ign_k': 0.15296609960048538, 'ign_c': 0.10172122442868951, 'trop_agb_crit': 7.851831354612666, 'trop_k_veg': 3.853680584672831, 'gdp_gamma': 0.18016321607871646, 'cure_k': 0.014906108647864983, 'cure_p_min': 307.9075860890432, 'cure_gpp_ref': 0.6980197636655819, 'cure_agb_crit': 1.6019574052863632, 'fuel_k': 0.018553058576095915, 'fuel_half': 0.12491178586417065}. Best is trial 1132 with value: -0.6317570269256394.
[I 2026-07-25 00:39:50,430] Trial 1352 finished with value: -0.5895319310104956 and parameters: {'k1': 0.0003832298318205159, 'D_low': 1.0979267458907986, 'k2': 2.0484950653392194e-05, 'D_high': 876045.9939715663, 'fire_exp': 1.4072570939655502, 'P_half': 24.561243333051234, 'pre_dampen_half': 0.028082895958882942, 'gpp_af': 0.34175934669293545, 'gpp_b': 0.017885751514296094, 'gpp_d': 128.1672312133694, 'ign_k': 0.004488632374166112, 'ign_c': 2.1680658443829883, 'trop_agb_crit': 9.874635959438173, 'trop_k_veg': 4.139813045114865, 'gdp_gamma': 0.9074609959850667, 'cure_k': 0.10176231176344522, 'cure_p_min': 249.45875075013018, 'cure_gpp_ref': 0.24536927010297108, 'cure_agb_crit': 3.9798923666276487, 'fuel_k': 0.036431855124276886, 'fuel_half': 0.20742266441685903}. Best is trial 1132 with value: -0.6317570269256394.
[I 2026-07-25 00:39:50,888] Trial 1353 finished with value: 0.525722471630926 and parameters: {'k1': 0.0021962179800542286, 'D_low': 1.265555480865524, 'k2': 0.0003671945657073782, 'D_high': 45322.754425666586, 'fire_exp': 1.06143848501719, 'P_half': 198.9247352746311, 'pre_dampen_half': 0.2595060590527692, 'gpp_af': 0.3065698848576474, 'gpp_b': 1.1913466553105476, 'gpp_d': 426.29394349332114, 'ign_k': 0.12903383146340291, 'ign_c': 1.994667542169578, 'trop_agb_crit': 23.644200972666283, 'trop_k_veg': 4.193937611418165, 'gdp_gamma': 0.6859880705532062, 'cure_k': 0.0024514840302744968, 'cure_p_min': 335.33907814224017, 'cure_gpp_ref': 0.26245578842755984, 'cure_agb_crit': 2.8565509209378215, 'fuel_k': 0.1816216011681361, 'fuel_half': 0.8709206032377763}. Best is trial 1132 with value: -0.6317570269256394.
[I 2026-07-25 00:39:51,350] Trial 1354 finished with value: 0.6377791420535558 and parameters: {'k1': 0.0008208893800655844, 'D_low': 1.356434305454391, 'k2': 4.3800016876537115e-05, 'D_high': 1326656.9347845344, 'fire_exp': 1.1500023118905545, 'P_half': 31.129946894504833, 'pre_dampen_half': 0.24854101178433805, 'gpp_af': 20.061662468775445, 'gpp_b': 7.890725624449366, 'gpp_d': 723.6723444695007, 'ign_k': 0.06417782169990953, 'ign_c': 0.13824944576386902, 'trop_agb_crit': 5.378707133859897, 'trop_k_veg': 2.4951868926907825, 'gdp_gamma': 1.367446674699001, 'cure_k': 0.9797581857328936, 'cure_p_min': 380.0160619398035, 'cure_gpp_ref': 0.5136732467243738, 'cure_agb_crit': 3.263990264722419, 'fuel_k': 0.04248652498474787, 'fuel_half': 0.188445297432117}. Best is trial 1132 with value: -0.6317570269256394.
[I 2026-07-25 00:39:51,809] Trial 1355 finished with value: 0.5069950324576582 and parameters: {'k1': 1.3987354927554296e-05, 'D_low': 28.758178491410188, 'k2': 0.0041416620016731034, 'D_high': 7909837.0195989935, 'fire_exp': 1.8928150851230334, 'P_half': 1675.2777959520179, 'pre_dampen_half': 0.26368656569918353, 'gpp_af': 0.047826038343972456, 'gpp_b': 0.002713497829206903, 'gpp_d': 0.2962061433370175, 'ign_k': 0.40773732743603897, 'ign_c': 4.925773149625894, 'trop_agb_crit': 5.67778089790629, 'trop_k_veg': 2.878139421125841, 'gdp_gamma': 0.356072044027473, 'cure_k': 0.082794212846589, 'cure_p_min': 345.8664001769813, 'cure_gpp_ref': 1.9192650902933468, 'cure_agb_crit': 6.270302740845331, 'fuel_k': 0.38620324983992765, 'fuel_half': 0.6830833308498823}. Best is trial 1132 with value: -0.6317570269256394.
[I 2026-07-25 00:39:52,273] Trial 1356 finished with value: 0.5682655461142887 and parameters: {'k1': 0.0009287297623599034, 'D_low': 3.3646284643624185, 'k2': 0.000703037794798221, 'D_high': 1014245.5218304523, 'fire_exp': 2.363330935464742, 'P_half': 14.99098578414675, 'pre_dampen_half': 0.7794577442620835, 'gpp_af': 0.0022571127007404877, 'gpp_b': 0.0006434990803984401, 'gpp_d': 97.46302783464994, 'ign_k': 0.003270484384330456, 'ign_c': 185.5845442980548, 'trop_agb_crit': 26.082915220721166, 'trop_k_veg': 1.468717804424745, 'gdp_gamma': 0.6348656175463582, 'cure_k': 0.0023434948550709466, 'cure_p_min': 227.43408893568386, 'cure_gpp_ref': 1.0263914184926528, 'cure_agb_crit': 3.6263256344521544, 'fuel_k': 0.39168003356097114, 'fuel_half': 12.993379366171064}. Best is trial 1132 with value: -0.6317570269256394.
[I 2026-07-25 00:39:52,738] Trial 1357 finished with value: 0.5175139725964706 and parameters: {'k1': 0.0006402384112915405, 'D_low': 399.15112726922746, 'k2': 7.532919905097134e-05, 'D_high': 4241796.245246145, 'fire_exp': 1.879380680293952, 'P_half': 468.58794756341797, 'pre_dampen_half': 1.113103749031172, 'gpp_af': 47.22316874781976, 'gpp_b': 1.7055037576514538, 'gpp_d': 61.841813370814826, 'ign_k': 0.03946943541993073, 'ign_c': 19.627762074802792, 'trop_agb_crit': 23.542805780047622, 'trop_k_veg': 1.283868615878123, 'gdp_gamma': 0.7035848046764205, 'cure_k': 0.014873857948418842, 'cure_p_min': 394.95943461985894, 'cure_gpp_ref': 0.5304243765707093, 'cure_agb_crit': 2.6729485243234135, 'fuel_k': 0.41477028483765577, 'fuel_half': 0.5089442972319023}. Best is trial 1132 with value: -0.6317570269256394.
[I 2026-07-25 00:39:53,202] Trial 1358 finished with value: 0.5727531262215823 and parameters: {'k1': 0.0007177039963424358, 'D_low': 74.28637470316211, 'k2': 2.376405529361502e-05, 'D_high': 285282.4796565673, 'fire_exp': 1.682029080825806, 'P_half': 258.64773818183704, 'pre_dampen_half': 0.21909240311513842, 'gpp_af': 0.29833666228533784, 'gpp_b': 1.0862453713911122, 'gpp_d': 294.8254802336293, 'ign_k': 0.40383037946805656, 'ign_c': 1.209324903108376, 'trop_agb_crit': 19.27313912014227, 'trop_k_veg': 7.700566138052486, 'gdp_gamma': 1.0321318490340512, 'cure_k': 0.0044560576657226535, 'cure_p_min': 348.8630679908756, 'cure_gpp_ref': 0.9042449008121206, 'cure_agb_crit': 2.1797872653163757, 'fuel_k': 0.015595722404621135, 'fuel_half': 0.32419458646772764}. Best is trial 1132 with value: -0.6317570269256394.
