[I 2026-08-06 10:26:21,486] Trial 780 finished with values: [-0.5246065049766986, 0.04627869312346766] and parameters: {'k1': 0.008912611835817005, 'D_low': 355.00125258511594, 'k2': 0.03538758864779238, 'D_high': 39819.19662051714, 'fire_exp': 1.3170256885255098, 'P_half': 5.076307782729897, 'pre_dampen_half': 63.6685916079943, 'gpp_af': 0.05849340411085125, 'gpp_b': 0.006906522645653115, 'gpp_d': 2.944272359149677, 'ign_k': 0.21006485619596416, 'ign_c': 5.13055176058983, 'trop_agb_crit': 1.0903028125370984, 'trop_k_veg': 3.1473758868965476}.
[I 2026-08-06 10:26:22,640] Trial 781 finished with values: [10.1350510960757, 10.1350510960757] and parameters: {'k1': 0.012021930484915042, 'D_low': 3.525936800597896, 'k2': 1.4403740929157842e-05, 'D_high': 985.7545621889059, 'fire_exp': 1.0629462657398439, 'P_half': 140.74279366401683, 'pre_dampen_half': 63.6685916079943, 'gpp_af': 5.335773317316405, 'gpp_b': 0.006906522645653115, 'gpp_d': 1.6983565276584263, 'ign_k': 0.21006485619596416, 'ign_c': 5.13055176058983, 'trop_agb_crit': 1.0903028125370984, 'trop_k_veg': 3.1473758868965476}.
[I 2026-08-06 10:26:23,774] Trial 782 finished with values: [10.463847091594959, 10.463847091594959] and parameters: {'k1': 8.860989784957121e-05, 'D_low': 2.4622754931226587, 'k2': 5.52207197313581e-05, 'D_high': 985.7545621889059, 'fire_exp': 1.3170256885255098, 'P_half': 5.076307782729897, 'pre_dampen_half': 63.6685916079943, 'gpp_af': 0.6403036652671171, 'gpp_b': 0.006906522645653115, 'gpp_d': 2.944272359149677, 'ign_k': 2.9818972317055166, 'ign_c': 11.400863701127316, 'trop_agb_crit': 1.0903028125370984, 'trop_k_veg': 0.6673124511410327}.
[I 2026-08-06 10:26:24,994] Trial 783 finished with values: [10.612343179342513, 10.612343179342513] and parameters: {'k1': 0.008912611835817005, 'D_low': 355.00125258511594, 'k2': 0.03538758864779238, 'D_high': 11832.967057468773, 'fire_exp': 1.1174086754605184, 'P_half': 220.3445560633069, 'pre_dampen_half': 552.4163637315892, 'gpp_af': 0.7539992074650279, 'gpp_b': 0.0021331409710300844, 'gpp_d': 16.460426816350523, 'ign_k': 8.103949702339497, 'ign_c': 5.13055176058983, 'trop_agb_crit': 1.0903028125370984, 'trop_k_veg': 2.194427136482602}.
[I 2026-08-06 10:26:26,219] Trial 784 finished with values: [10.76786298805775, 10.76786298805775] and parameters: {'k1': 0.00488137519160367, 'D_low': 1324.652797432114, 'k2': 5.52207197313581e-05, 'D_high': 3712.591045287726, 'fire_exp': 1.0629462657398439, 'P_half': 220.3445560633069, 'pre_dampen_half': 552.4163637315892, 'gpp_af': 0.023660841034240054, 'gpp_b': 0.8623546531089763, 'gpp_d': 4.25060659305504, 'ign_k': 0.0680787482656459, 'ign_c': 15.221840161091626, 'trop_agb_crit': 4.2258373850699344, 'trop_k_veg': 0.6673124511410327}.
[I 2026-08-06 10:26:27,438] Trial 785 finished with values: [10.554740226548859, 10.554740226548859] and parameters: {'k1': 0.008912611835817005, 'D_low': 4.484744524732794, 'k2': 0.0003432139136241583, 'D_high': 4679.501568332819, 'fire_exp': 1.1430983876313219, 'P_half': 2.4106893837852787, 'pre_dampen_half': 63.6685916079943, 'gpp_af': 0.7539992074650279, 'gpp_b': 0.006906522645653115, 'gpp_d': 2.944272359149677, 'ign_k': 5.466937478766086, 'ign_c': 5.13055176058983, 'trop_agb_crit': 1.0903028125370984, 'trop_k_veg': 0.6673124511410327}.
[I 2026-08-06 10:26:28,629] Trial 786 finished with values: [-0.49883337445790377, 0.09982381942553287] and parameters: {'k1': 0.008912611835817005, 'D_low': 4.484744524732794, 'k2': 7.914423612155373e-05, 'D_high': 985.7545621889059, 'fire_exp': 1.0629462657398439, 'P_half': 220.3445560633069, 'pre_dampen_half': 502.5175192217655, 'gpp_af': 0.7539992074650279, 'gpp_b': 0.14577755664212386, 'gpp_d': 0.986538195779616, 'ign_k': 2.9818972317055166, 'ign_c': 0.557280750002996, 'trop_agb_crit': 1.0455434848969813, 'trop_k_veg': 2.4978545597116653}.
[I 2026-08-06 10:26:29,832] Trial 787 finished with values: [10.119143723361397, 10.119143723361397] and parameters: {'k1': 0.004312951023617458, 'D_low': 4.484744524732794, 'k2': 0.0003432139136241583, 'D_high': 3712.591045287726, 'fire_exp': 1.1263716762638152, 'P_half': 220.3445560633069, 'pre_dampen_half': 502.5175192217655, 'gpp_af': 1.3161234383542866, 'gpp_b': 0.0021331409710300844, 'gpp_d': 10.369565216756202, 'ign_k': 0.0680787482656459, 'ign_c': 15.221840161091626, 'trop_agb_crit': 2.1861040860339416, 'trop_k_veg': 2.194427136482602}.
[I 2026-08-06 10:26:31,072] Trial 788 finished with values: [-0.5377125242081654, 0.12667483890308806] and parameters: {'k1': 0.004312951023617458, 'D_low': 1112.9571947046009, 'k2': 0.0001280298359290444, 'D_high': 5670.3463356272905, 'fire_exp': 1.0629462657398439, 'P_half': 64.13139914374976, 'pre_dampen_half': 502.5175192217655, 'gpp_af': 0.7539992074650279, 'gpp_b': 3.481277316673104e-05, 'gpp_d': 8.571213555597648, 'ign_k': 0.01364908766641695, 'ign_c': 3.5828811741825057, 'trop_agb_crit': 1.7708319837489073, 'trop_k_veg': 0.983473833513531}.
[I 2026-08-06 10:26:32,280] Trial 789 finished with values: [11.074658095261697, 11.074658095261697] and parameters: {'k1': 0.008912611835817005, 'D_low': 2.143851363193517, 'k2': 7.914423612155373e-05, 'D_high': 8861.249804463225, 'fire_exp': 1.0629462657398439, 'P_half': 5.076307782729897, 'pre_dampen_half': 502.5175192217655, 'gpp_af': 0.7539992074650279, 'gpp_b': 0.0021331409710300844, 'gpp_d': 16.460426816350523, 'ign_k': 0.0680787482656459, 'ign_c': 15.221840161091626, 'trop_agb_crit': 1.0903028125370984, 'trop_k_veg': 3.1473758868965476}.
[I 2026-08-06 10:26:33,467] Trial 790 finished with values: [-0.5304853549253175, 0.12716862191477307] and parameters: {'k1': 0.008912611835817005, 'D_low': 4.484744524732794, 'k2': 1.915468390724633e-05, 'D_high': 15351.441568398131, 'fire_exp': 1.1430983876313219, 'P_half': 220.3445560633069, 'pre_dampen_half': 502.5175192217655, 'gpp_af': 0.7539992074650279, 'gpp_b': 0.0021331409710300844, 'gpp_d': 4.25060659305504, 'ign_k': 0.0680787482656459, 'ign_c': 15.221840161091626, 'trop_agb_crit': 2.3949151201661625, 'trop_k_veg': 0.6673124511410327}.
[I 2026-08-06 10:26:34,713] Trial 791 finished with values: [-0.5270604577747141, 0.1392734195524653] and parameters: {'k1': 0.004312951023617458, 'D_low': 4.484744524732794, 'k2': 1.8205657658407255e-05, 'D_high': 3712.591045287726, 'fire_exp': 1.0629462657398439, 'P_half': 220.3445560633069, 'pre_dampen_half': 502.5175192217655, 'gpp_af': 0.7539992074650279, 'gpp_b': 0.0021331409710300844, 'gpp_d': 16.460426816350523, 'ign_k': 0.0680787482656459, 'ign_c': 15.221840161091626, 'trop_agb_crit': 1.0903028125370984, 'trop_k_veg': 1.4584243470991722}.
[I 2026-08-06 10:26:35,949] Trial 792 finished with values: [10.456509064012714, 10.456509064012714] and parameters: {'k1': 0.012021930484915042, 'D_low': 7.299348683062307, 'k2': 0.0154776166709383, 'D_high': 11832.967057468773, 'fire_exp': 1.1263716762638152, 'P_half': 5.076307782729897, 'pre_dampen_half': 63.6685916079943, 'gpp_af': 20.605605824266945, 'gpp_b': 0.14577755664212386, 'gpp_d': 19.600139992927435, 'ign_k': 2.9818972317055166, 'ign_c': 5.13055176058983, 'trop_agb_crit': 7.628718523810018, 'trop_k_veg': 3.1473758868965476}.
[I 2026-08-06 10:26:37,126] Trial 793 finished with values: [-0.5688005055611673, 0.06406398543154868] and parameters: {'k1': 0.008912611835817005, 'D_low': 355.00125258511594, 'k2': 0.03538758864779238, 'D_high': 11832.967057468773, 'fire_exp': 1.3170256885255098, 'P_half': 5.076307782729897, 'pre_dampen_half': 63.6685916079943, 'gpp_af': 0.6403036652671171, 'gpp_b': 0.006906522645653115, 'gpp_d': 2.944272359149677, 'ign_k': 0.21006485619596416, 'ign_c': 4.2425976091860935, 'trop_agb_crit': 1.0911298587990423, 'trop_k_veg': 4.375785248100498}.
[I 2026-08-06 10:26:38,310] Trial 794 finished with values: [-0.5340575682269456, 0.1351810675527947] and parameters: {'k1': 0.008912611835817005, 'D_low': 4.484744524732794, 'k2': 5.52207197313581e-05, 'D_high': 15351.441568398131, 'fire_exp': 1.1263716762638152, 'P_half': 140.74279366401683, 'pre_dampen_half': 552.4163637315892, 'gpp_af': 1.9706963379095486, 'gpp_b': 0.14577755664212386, 'gpp_d': 10.369565216756202, 'ign_k': 0.0680787482656459, 'ign_c': 15.221840161091626, 'trop_agb_crit': 1.0903028125370984, 'trop_k_veg': 0.6673124511410327}.
[I 2026-08-06 10:26:39,770] Trial 795 finished with values: [10.552462760105925, 10.552462760105925] and parameters: {'k1': 0.008912611835817005, 'D_low': 355.00125258511594, 'k2': 0.0003432139136241583, 'D_high': 73.6137938035779, 'fire_exp': 1.3170256885255098, 'P_half': 2.414672422128219, 'pre_dampen_half': 552.4163637315892, 'gpp_af': 0.7539992074650279, 'gpp_b': 0.14577755664212386, 'gpp_d': 16.460426816350523, 'ign_k': 0.21006485619596416, 'ign_c': 15.221840161091626, 'trop_agb_crit': 19.3289574092866, 'trop_k_veg': 2.194427136482602}.
[I 2026-08-06 10:26:41,688] Trial 796 finished with values: [-0.5317875934358753, 0.06894948907713172] and parameters: {'k1': 0.008912611835817005, 'D_low': 4.484744524732794, 'k2': 0.0003432139136241583, 'D_high': 3712.591045287726, 'fire_exp': 1.1263716762638152, 'P_half': 1.2432381951316052, 'pre_dampen_half': 552.4163637315892, 'gpp_af': 0.7539992074650279, 'gpp_b': 0.14577755664212386, 'gpp_d': 16.460426816350523, 'ign_k': 3.589155871450839, 'ign_c': 15.221840161091626, 'trop_agb_crit': 1.0455434848969813, 'trop_k_veg': 2.194427136482602}.
[I 2026-08-06 10:26:43,127] Trial 797 finished with values: [10.768928425735607, 10.768928425735607] and parameters: {'k1': 0.008912611835817005, 'D_low': 1112.9571947046009, 'k2': 1.8205657658407255e-05, 'D_high': 8182.111518618414, 'fire_exp': 4.385019211707302, 'P_half': 268.1489769414653, 'pre_dampen_half': 502.5175192217655, 'gpp_af': 0.7539992074650279, 'gpp_b': 0.0021331409710300844, 'gpp_d': 4.25060659305504, 'ign_k': 0.0680787482656459, 'ign_c': 15.221840161091626, 'trop_agb_crit': 1.0903028125370984, 'trop_k_veg': 0.983473833513531}.
[I 2026-08-06 10:26:44,443] Trial 798 finished with values: [10.132243691756832, 10.132243691756832] and parameters: {'k1': 0.008912611835817005, 'D_low': 4.484744524732794, 'k2': 0.0003432139136241583, 'D_high': 1537.4098204111451, 'fire_exp': 1.1174086754605184, 'P_half': 140.74279366401683, 'pre_dampen_half': 502.5175192217655, 'gpp_af': 1.9706963379095486, 'gpp_b': 0.14577755664212386, 'gpp_d': 10.369565216756202, 'ign_k': 3.589155871450839, 'ign_c': 15.221840161091626, 'trop_agb_crit': 1.0455434848969813, 'trop_k_veg': 2.194427136482602}.
[I 2026-08-06 10:26:45,923] Trial 799 finished with values: [10.487543254959181, 10.487543254959181] and parameters: {'k1': 0.004312951023617458, 'D_low': 1112.9571947046009, 'k2': 7.914423612155373e-05, 'D_high': 8182.111518618414, 'fire_exp': 1.1430983876313219, 'P_half': 523.1053126909052, 'pre_dampen_half': 63.6685916079943, 'gpp_af': 0.7539992074650279, 'gpp_b': 0.0002464237581990368, 'gpp_d': 150.14555442537656, 'ign_k': 0.0680787482656459, 'ign_c': 0.557280750002996, 'trop_agb_crit': 1.0455434848969813, 'trop_k_veg': 2.573214588078609}.
[I 2026-08-06 10:26:47,341] Trial 800 finished with values: [10.110283544681678, 10.110283544681678] and parameters: {'k1': 0.007530210437963516, 'D_low': 4.484744524732794, 'k2': 8.923807143379776e-05, 'D_high': 11832.967057468773, 'fire_exp': 2.459835109241264, 'P_half': 5.076307782729897, 'pre_dampen_half': 552.4163637315892, 'gpp_af': 0.7539992074650279, 'gpp_b': 0.14577755664212386, 'gpp_d': 16.460426816350523, 'ign_k': 0.21006485619596416, 'ign_c': 5.13055176058983, 'trop_agb_crit': 24.584290528289387, 'trop_k_veg': 3.1473758868965476}.
[I 2026-08-06 10:26:48,669] Trial 801 finished with values: [-0.5175632555108995, 0.1028793898333844] and parameters: {'k1': 0.004312951023617458, 'D_low': 238.72908899163244, 'k2': 5.52207197313581e-05, 'D_high': 5670.3463356272905, 'fire_exp': 1.0629462657398439, 'P_half': 220.3445560633069, 'pre_dampen_half': 552.4163637315892, 'gpp_af': 1.9706963379095486, 'gpp_b': 0.0325181766809307, 'gpp_d': 4.25060659305504, 'ign_k': 0.01364908766641695, 'ign_c': 11.400863701127316, 'trop_agb_crit': 1.0903028125370984, 'trop_k_veg': 0.983473833513531}.
[I 2026-08-06 10:26:49,956] Trial 802 finished with values: [-0.4720758768602547, 0.11655565542166635] and parameters: {'k1': 2.316457903103837e-05, 'D_low': 520.4862686958022, 'k2': 0.014344484793173472, 'D_high': 42210.21267871043, 'fire_exp': 1.221575427404682, 'P_half': 97.0660675687761, 'pre_dampen_half': 17.707795393478506, 'gpp_af': 0.2204465010099918, 'gpp_b': 7.210246166617508e-05, 'gpp_d': 4.25060659305504, 'ign_k': 0.01364908766641695, 'ign_c': 2.8335389417624683, 'trop_agb_crit': 8.997007571451054, 'trop_k_veg': 0.983473833513531}.
[I 2026-08-06 10:26:51,280] Trial 803 finished with values: [-0.5340069958623346, 0.1869230815208459] and parameters: {'k1': 0.004312951023617458, 'D_low': 34.459310919273356, 'k2': 0.014344484793173472, 'D_high': 5670.3463356272905, 'fire_exp': 1.5036604936020428, 'P_half': 220.3445560633069, 'pre_dampen_half': 234.12640025944248, 'gpp_af': 86.88155815838691, 'gpp_b': 0.0021331409710300844, 'gpp_d': 16.460426816350523, 'ign_k': 0.01364908766641695, 'ign_c': 2.8335389417624683, 'trop_agb_crit': 1.0903028125370984, 'trop_k_veg': 0.983473833513531}.
[I 2026-08-06 10:26:52,588] Trial 804 finished with values: [11.327899019763882, 11.327899019763882] and parameters: {'k1': 0.004312951023617458, 'D_low': 3.5136541394511, 'k2': 7.914423612155373e-05, 'D_high': 8182.111518618414, 'fire_exp': 1.1430983876313219, 'P_half': 220.3445560633069, 'pre_dampen_half': 502.5175192217655, 'gpp_af': 0.7539992074650279, 'gpp_b': 3.481277316673104e-05, 'gpp_d': 150.14555442537656, 'ign_k': 0.0680787482656459, 'ign_c': 0.557280750002996, 'trop_agb_crit': 1.14876138417489, 'trop_k_veg': 2.573214588078609}.
[I 2026-08-06 10:26:53,879] Trial 805 finished with values: [10.716409395458276, 10.716409395458276] and parameters: {'k1': 0.006642027816373391, 'D_low': 603.3623633620597, 'k2': 0.03538758864779238, 'D_high': 414.2619760188261, 'fire_exp': 1.0629462657398439, 'P_half': 220.3445560633069, 'pre_dampen_half': 552.4163637315892, 'gpp_af': 0.7539992074650279, 'gpp_b': 0.14577755664212386, 'gpp_d': 16.460426816350523, 'ign_k': 3.589155871450839, 'ign_c': 15.221840161091626, 'trop_agb_crit': 24.584290528289387, 'trop_k_veg': 0.6743482387129308}.
[I 2026-08-06 10:26:55,303] Trial 806 finished with values: [-0.5519443574815484, 0.06835079431220314] and parameters: {'k1': 0.008912611835817005, 'D_low': 1112.9571947046009, 'k2': 0.0005161767747867287, 'D_high': 8182.111518618414, 'fire_exp': 1.1174086754605184, 'P_half': 140.74279366401683, 'pre_dampen_half': 502.5175192217655, 'gpp_af': 0.25562996323356024, 'gpp_b': 3.481277316673104e-05, 'gpp_d': 4.25060659305504, 'ign_k': 0.21006485619596416, 'ign_c': 11.400863701127316, 'trop_agb_crit': 1.0455434848969813, 'trop_k_veg': 2.194427136482602}.
[I 2026-08-06 10:26:56,659] Trial 807 finished with values: [10.132976182200185, 10.132976182200185] and parameters: {'k1': 0.008912611835817005, 'D_low': 741.978058430228, 'k2': 0.0001280298359290444, 'D_high': 5670.3463356272905, 'fire_exp': 1.0629462657398439, 'P_half': 220.3445560633069, 'pre_dampen_half': 502.5175192217655, 'gpp_af': 0.7539992074650279, 'gpp_b': 0.0021331409710300844, 'gpp_d': 4.25060659305504, 'ign_k': 0.01364908766641695, 'ign_c': 15.221840161091626, 'trop_agb_crit': 2.3949151201661625, 'trop_k_veg': 0.983473833513531}.
[I 2026-08-06 10:26:57,911] Trial 808 finished with values: [10.27231232578224, 10.27231232578224] and parameters: {'k1': 0.008912611835817005, 'D_low': 4.484744524732794, 'k2': 0.0003432139136241583, 'D_high': 21.947742689197344, 'fire_exp': 1.0629462657398439, 'P_half': 588.4974770225299, 'pre_dampen_half': 502.5175192217655, 'gpp_af': 24.725776073156705, 'gpp_b': 0.0021331409710300844, 'gpp_d': 16.460426816350523, 'ign_k': 0.0680787482656459, 'ign_c': 15.221840161091626, 'trop_agb_crit': 1.0903028125370984, 'trop_k_veg': 0.983473833513531}.
[I 2026-08-06 10:26:59,145] Trial 809 finished with values: [11.430029911495955, 11.430029911495955] and parameters: {'k1': 0.008912611835817005, 'D_low': 4.484744524732794, 'k2': 0.0003432139136241583, 'D_high': 15351.441568398131, 'fire_exp': 1.0629462657398439, 'P_half': 220.3445560633069, 'pre_dampen_half': 502.5175192217655, 'gpp_af': 0.7539992074650279, 'gpp_b': 3.481277316673104e-05, 'gpp_d': 10.369565216756202, 'ign_k': 0.21006485619596416, 'ign_c': 11.400863701127316, 'trop_agb_crit': 1.0455434848969813, 'trop_k_veg': 3.1473758868965476}.
[I 2026-08-06 10:27:00,692] Trial 810 finished with values: [10.167272608805387, 10.167272608805387] and parameters: {'k1': 0.008912611835817005, 'D_low': 34.459310919273356, 'k2': 0.014344484793173472, 'D_high': 3712.591045287726, 'fire_exp': 1.5036604936020428, 'P_half': 220.3445560633069, 'pre_dampen_half': 234.12640025944248, 'gpp_af': 0.7539992074650279, 'gpp_b': 0.14577755664212386, 'gpp_d': 10.369565216756202, 'ign_k': 9.226223582279749, 'ign_c': 15.221840161091626, 'trop_agb_crit': 1.0903028125370984, 'trop_k_veg': 0.6673124511410327}.
[I 2026-08-06 10:27:01,961] Trial 811 finished with values: [-0.5597805648776355, 0.06418306679222308] and parameters: {'k1': 0.008912611835817005, 'D_low': 355.00125258511594, 'k2': 0.03538758864779238, 'D_high': 8182.111518618414, 'fire_exp': 1.0629462657398439, 'P_half': 220.3445560633069, 'pre_dampen_half': 63.6685916079943, 'gpp_af': 0.6403036652671171, 'gpp_b': 0.006906522645653115, 'gpp_d': 2.944272359149677, 'ign_k': 0.0680787482656459, 'ign_c': 5.13055176058983, 'trop_agb_crit': 1.0903028125370984, 'trop_k_veg': 3.1473758868965476}.
[I 2026-08-06 10:27:03,225] Trial 812 finished with values: [10.407739575852505, 10.407739575852505] and parameters: {'k1': 0.012021930484915042, 'D_low': 355.00125258511594, 'k2': 0.03538758864779238, 'D_high': 11832.967057468773, 'fire_exp': 1.1488607445926913, 'P_half': 220.3445560633069, 'pre_dampen_half': 502.5175192217655, 'gpp_af': 0.6403036652671171, 'gpp_b': 0.006906522645653115, 'gpp_d': 0.04385018674829578, 'ign_k': 5.466937478766086, 'ign_c': 5.13055176058983, 'trop_agb_crit': 1.0903028125370984, 'trop_k_veg': 3.1473758868965476}.
[I 2026-08-06 10:27:04,447] Trial 813 finished with values: [10.071581440365016, 10.071581440365016] and parameters: {'k1': 0.012021930484915042, 'D_low': 520.4862686958022, 'k2': 1.915468390724633e-05, 'D_high': 1493.5213816355397, 'fire_exp': 1.0629462657398439, 'P_half': 2.608786855182909, 'pre_dampen_half': 502.5175192217655, 'gpp_af': 1.9706963379095486, 'gpp_b': 0.0021331409710300844, 'gpp_d': 19.600139992927435, 'ign_k': 0.7895056976009632, 'ign_c': 3.5828811741825057, 'trop_agb_crit': 1.0903028125370984, 'trop_k_veg': 0.983473833513531}.
[I 2026-08-06 10:27:05,670] Trial 814 finished with values: [10.129427488873162, 10.129427488873162] and parameters: {'k1': 0.004312951023617458, 'D_low': 1112.9571947046009, 'k2': 1.915468390724633e-05, 'D_high': 8182.111518618414, 'fire_exp': 1.1430983876313219, 'P_half': 220.3445560633069, 'pre_dampen_half': 502.5175192217655, 'gpp_af': 0.7539992074650279, 'gpp_b': 3.481277316673104e-05, 'gpp_d': 10.369565216756202, 'ign_k': 0.0680787482656459, 'ign_c': 0.557280750002996, 'trop_agb_crit': 1.14876138417489, 'trop_k_veg': 1.4584243470991722}.
[I 2026-08-06 10:27:06,903] Trial 815 finished with values: [10.720912439341909, 10.720912439341909] and parameters: {'k1': 0.004312951023617458, 'D_low': 355.00125258511594, 'k2': 0.03538758864779238, 'D_high': 8182.111518618414, 'fire_exp': 1.0629462657398439, 'P_half': 5.076307782729897, 'pre_dampen_half': 63.6685916079943, 'gpp_af': 0.6403036652671171, 'gpp_b': 0.006906522645653115, 'gpp_d': 2.944272359149677, 'ign_k': 0.21006485619596416, 'ign_c': 0.557280750002996, 'trop_agb_crit': 1.0455434848969813, 'trop_k_veg': 2.4855199240230106}.
[I 2026-08-06 10:27:08,185] Trial 816 finished with values: [-0.554584617795817, 0.1240558867071927] and parameters: {'k1': 0.008912611835817005, 'D_low': 3.525936800597896, 'k2': 0.00012492307509390826, 'D_high': 15351.441568398131, 'fire_exp': 1.1430983876313219, 'P_half': 220.3445560633069, 'pre_dampen_half': 502.5175192217655, 'gpp_af': 5.335773317316405, 'gpp_b': 0.14577755664212386, 'gpp_d': 10.369565216756202, 'ign_k': 0.0680787482656459, 'ign_c': 15.221840161091626, 'trop_agb_crit': 8.997007571451054, 'trop_k_veg': 0.6231612697298179}.
[I 2026-08-06 10:27:09,419] Trial 817 finished with values: [10.769090822047612, 10.769090822047612] and parameters: {'k1': 2.20106566100558e-05, 'D_low': 355.00125258511594, 'k2': 0.03538758864779238, 'D_high': 11832.967057468773, 'fire_exp': 7.837740398103447, 'P_half': 5.076307782729897, 'pre_dampen_half': 63.6685916079943, 'gpp_af': 0.6403036652671171, 'gpp_b': 0.006906522645653115, 'gpp_d': 2.944272359149677, 'ign_k': 0.21006485619596416, 'ign_c': 4.2425976091860935, 'trop_agb_crit': 1.0903028125370984, 'trop_k_veg': 3.1473758868965476}.
[I 2026-08-06 10:27:10,641] Trial 818 finished with values: [10.437612675140127, 10.437612675140127] and parameters: {'k1': 0.004312951023617458, 'D_low': 1112.9571947046009, 'k2': 0.0003432139136241583, 'D_high': 8182.111518618414, 'fire_exp': 1.5554903627343437, 'P_half': 220.3445560633069, 'pre_dampen_half': 552.4163637315892, 'gpp_af': 0.7539992074650279, 'gpp_b': 3.481277316673104e-05, 'gpp_d': 150.14555442537656, 'ign_k': 0.0680787482656459, 'ign_c': 15.221840161091626, 'trop_agb_crit': 1.0455434848969813, 'trop_k_veg': 1.4584243470991722}.
[I 2026-08-06 10:27:13,354] Trial 819 finished with values: [10.394536165846308, 10.394536165846308] and parameters: {'k1': 0.00488137519160367, 'D_low': 34.459310919273356, 'k2': 0.014344484793173472, 'D_high': 3712.591045287726, 'fire_exp': 1.1263716762638152, 'P_half': 523.1053126909052, 'pre_dampen_half': 502.5175192217655, 'gpp_af': 0.7539992074650279, 'gpp_b': 0.14577755664212386, 'gpp_d': 0.4138641521695059, 'ign_k': 0.0680787482656459, 'ign_c': 2.8335389417624683, 'trop_agb_crit': 21.20801447986448, 'trop_k_veg': 2.573214588078609}.
