[I 2026-06-11 13:23:37,676] Trial 240 finished with values: [-0.5000914882027646, 0.24490486127543287] and parameters: {'k1': 0.00031134168041628584, 'D_low': 12.105387404469584, 'k2': 0.003767022142229395, 'D_high': 30227.031291375773, 'fire_exp': 1.0601964743503993, 'P_half': 24.617096698415132, 'pre_dampen_half': 16.009350908593582, 'gpp_af': 0.0662749342026412, 'gpp_b': 1.4540386644083135e-05, 'gpp_d': 28.312234265202243, 'ign_k': 0.00840038491455979, 'ign_c': 51.53053011412483, 'trop_agb_crit': 1.0693376406863295, 'trop_k_veg': 0.6673124511410327, 'fire_amp': 1.5719333351012774}.
[I 2026-06-11 13:23:38,614] Trial 241 finished with values: [10.592202303696858, 10.592202303696858] and parameters: {'k1': 5.7909642338812115e-05, 'D_low': 148.21691630007544, 'k2': 1.5178052094448868e-05, 'D_high': 30.357607606785333, 'fire_exp': 1.5191397119156032, 'P_half': 102.93072560417136, 'pre_dampen_half': 191.62369310763663, 'gpp_af': 1.9654778690222015, 'gpp_b': 9.497440085397415e-05, 'gpp_d': 0.02253428262837267, 'ign_k': 0.371259104528773, 'ign_c': 22.126836566118193, 'trop_agb_crit': 7.332660227137139, 'trop_k_veg': 6.778288138489648, 'fire_amp': 2.7556562114998226}.
[I 2026-06-11 13:23:39,543] Trial 242 finished with values: [10.652093200505245, 10.652093200505245] and parameters: {'k1': 0.0001887567630782227, 'D_low': 2396.0796124300746, 'k2': 1.2390468928182031e-05, 'D_high': 18108.14362107968, 'fire_exp': 1.9136159174067866, 'P_half': 2.969335773129636, 'pre_dampen_half': 30.456909077772018, 'gpp_af': 1.3954498518315706, 'gpp_b': 1.8400604093141188, 'gpp_d': 47.35384181058586, 'ign_k': 1.636529060071807, 'ign_c': 1.1698039424426816, 'trop_agb_crit': 1.8285200278523417, 'trop_k_veg': 4.0068236274914755, 'fire_amp': 4.2446263054164195}.
[I 2026-06-11 13:23:40,494] Trial 243 finished with values: [10.446853408210524, 10.446853408210524] and parameters: {'k1': 0.0326979063339169, 'D_low': 12.105387404469584, 'k2': 0.003767022142229395, 'D_high': 32311.521854410956, 'fire_exp': 1.0601964743503993, 'P_half': 3.591771421517613, 'pre_dampen_half': 121.93011993958949, 'gpp_af': 0.07118041471054574, 'gpp_b': 0.6089142387470042, 'gpp_d': 0.12878367369717508, 'ign_k': 0.4303356629825978, 'ign_c': 7.081721844034206, 'trop_agb_crit': 12.708819454040446, 'trop_k_veg': 6.825463866194253, 'fire_amp': 1.5719333351012774}.
[I 2026-06-11 13:23:41,467] Trial 244 finished with values: [10.532718469488014, 10.532718469488014] and parameters: {'k1': 0.00031134168041628584, 'D_low': 12.105387404469584, 'k2': 0.003767022142229395, 'D_high': 22.636544662054543, 'fire_exp': 1.0601964743503993, 'P_half': 69.68111190775313, 'pre_dampen_half': 33.71909132517384, 'gpp_af': 37.28155624293858, 'gpp_b': 1.2690840169394997, 'gpp_d': 7.631016235941559, 'ign_k': 0.00840038491455979, 'ign_c': 7.832259769732471, 'trop_agb_crit': 19.102873436429586, 'trop_k_veg': 1.6648666152166967, 'fire_amp': 4.783836175730692}.
[I 2026-06-11 13:23:42,451] Trial 245 finished with values: [10.408245587044634, 10.408245587044634] and parameters: {'k1': 0.014666151770108535, 'D_low': 1440.3650379563878, 'k2': 0.0004976087827261435, 'D_high': 42210.21267871043, 'fire_exp': 1.14171776851287, 'P_half': 93.43302657318476, 'pre_dampen_half': 231.59500020699807, 'gpp_af': 0.2204465010099918, 'gpp_b': 0.0003601974223479835, 'gpp_d': 0.03927259340973166, 'ign_k': 0.22970993031159073, 'ign_c': 13.054148118849394, 'trop_agb_crit': 8.354945434478699, 'trop_k_veg': 2.520089655463604, 'fire_amp': 5.606809127618709}.
[I 2026-06-11 13:23:43,405] Trial 246 finished with values: [10.689293792692089, 10.689293792692089] and parameters: {'k1': 0.006814781046529926, 'D_low': 1.2768174677433957, 'k2': 1.1417577140741129e-05, 'D_high': 42210.21267871043, 'fire_exp': 1.111738490499784, 'P_half': 1.4551749476072258, 'pre_dampen_half': 0.050654860639753524, 'gpp_af': 3.298293484806585, 'gpp_b': 0.006999112505425414, 'gpp_d': 0.030844007727232167, 'ign_k': 0.22970993031159073, 'ign_c': 7.832259769732471, 'trop_agb_crit': 1.8023542850487386, 'trop_k_veg': 1.6648666152166967, 'fire_amp': 2.042193818779288}.
[I 2026-06-11 13:23:44,385] Trial 247 finished with values: [10.762225196270975, 10.762225196270975] and parameters: {'k1': 0.016973078532467004, 'D_low': 2228.7087260110166, 'k2': 0.003767022142229395, 'D_high': 2427.054417940131, 'fire_exp': 1.0601964743503993, 'P_half': 8.318314747941244, 'pre_dampen_half': 0.011396414164620812, 'gpp_af': 1.9706963379095486, 'gpp_b': 1.1008110571039521e-05, 'gpp_d': 46.010874324515754, 'ign_k': 0.00840038491455979, 'ign_c': 48.704711413416454, 'trop_agb_crit': 1.5033346993841157, 'trop_k_veg': 0.6673124511410327, 'fire_amp': 4.19233232783727}.
[I 2026-06-11 13:23:45,317] Trial 248 finished with values: [11.219832287695937, 11.219832287695937] and parameters: {'k1': 0.006164329525571074, 'D_low': 171.2446447678494, 'k2': 0.00037358626308127543, 'D_high': 36998.679204890876, 'fire_exp': 1.1633452995374232, 'P_half': 318.834644588275, 'pre_dampen_half': 30.697381831179275, 'gpp_af': 0.2204465010099918, 'gpp_b': 0.12046049142392454, 'gpp_d': 1.0088237648985734, 'ign_k': 0.17320535908244444, 'ign_c': 0.4177928311636542, 'trop_agb_crit': 3.108985631683375, 'trop_k_veg': 5.453348988480011, 'fire_amp': 5.606809127618709}.
[I 2026-06-11 13:23:46,345] Trial 249 finished with values: [10.726210295396887, 10.726210295396887] and parameters: {'k1': 5.7909642338812115e-05, 'D_low': 12.105387404469584, 'k2': 0.002981573452453104, 'D_high': 30227.031291375773, 'fire_exp': 1.41873960828944, 'P_half': 1025.3368317956683, 'pre_dampen_half': 1.8469033699850426, 'gpp_af': 1.9706963379095486, 'gpp_b': 0.004411400434514031, 'gpp_d': 0.12878367369717508, 'ign_k': 0.17320535908244444, 'ign_c': 0.4177928311636542, 'trop_agb_crit': 1.0693376406863295, 'trop_k_veg': 0.6673124511410327, 'fire_amp': 1.3286749923230772}.
[I 2026-06-11 13:23:47,278] Trial 250 finished with values: [11.3635742152808, 11.3635742152808] and parameters: {'k1': 0.0018697387216131526, 'D_low': 1.7551403048208316, 'k2': 0.0004976087827261435, 'D_high': 42210.21267871043, 'fire_exp': 1.2918065501148304, 'P_half': 3.591771421517613, 'pre_dampen_half': 253.71947027764784, 'gpp_af': 0.008117091133892173, 'gpp_b': 0.00807491410172472, 'gpp_d': 0.03927259340973166, 'ign_k': 0.0029519227433917453, 'ign_c': 39.52220881906114, 'trop_agb_crit': 12.647327018493208, 'trop_k_veg': 0.5535297685306277, 'fire_amp': 5.606809127618709}.
[I 2026-06-11 13:23:48,218] Trial 251 finished with values: [10.70490227765493, 10.70490227765493] and parameters: {'k1': 0.00035868164986275477, 'D_low': 12.105387404469584, 'k2': 0.01183296705746878, 'D_high': 22.636544662054543, 'fire_exp': 1.2918065501148304, 'P_half': 148.17820606039086, 'pre_dampen_half': 33.71909132517384, 'gpp_af': 0.0662749342026412, 'gpp_b': 2.800940363375676e-05, 'gpp_d': 0.03927259340973166, 'ign_k': 0.00840038491455979, 'ign_c': 157.63098727399432, 'trop_agb_crit': 1.0693376406863295, 'trop_k_veg': 2.520089655463604, 'fire_amp': 4.783836175730692}.
[I 2026-06-11 13:23:49,148] Trial 252 finished with values: [10.080835976796113, 10.080835976796113] and parameters: {'k1': 0.0018697387216131526, 'D_low': 12.105387404469584, 'k2': 0.003767022142229395, 'D_high': 431.45617043093523, 'fire_exp': 1.0601964743503993, 'P_half': 4.213183643253957, 'pre_dampen_half': 16.009350908593582, 'gpp_af': 0.008117091133892173, 'gpp_b': 1.4540386644083135e-05, 'gpp_d': 46.010874324515754, 'ign_k': 0.00840038491455979, 'ign_c': 48.704711413416454, 'trop_agb_crit': 1.0693376406863295, 'trop_k_veg': 0.6673124511410327, 'fire_amp': 1.5719333351012774}.
[I 2026-06-11 13:23:50,069] Trial 253 finished with values: [13.309969135692565, 13.309969135692565] and parameters: {'k1': 0.0001887567630782227, 'D_low': 148.21691630007544, 'k2': 0.03071666851587867, 'D_high': 570.8731724249576, 'fire_exp': 1.069663761954776, 'P_half': 2.969335773129636, 'pre_dampen_half': 30.456909077772018, 'gpp_af': 42.29037995744429, 'gpp_b': 1.8400604093141188, 'gpp_d': 545.0253444559129, 'ign_k': 1.636529060071807, 'ign_c': 3.4321391362415827, 'trop_agb_crit': 1.8285200278523417, 'trop_k_veg': 4.0068236274914755, 'fire_amp': 4.2446263054164195}.
[I 2026-06-11 13:23:50,999] Trial 254 finished with values: [10.769230768928226, 10.769230768928226] and parameters: {'k1': 0.006079905434073396, 'D_low': 43.2326421037033, 'k2': 0.003767022142229395, 'D_high': 20103.283734409175, 'fire_exp': 1.0601964743503993, 'P_half': 69.68111190775313, 'pre_dampen_half': 33.71909132517384, 'gpp_af': 0.004409093791567215, 'gpp_b': 0.006999112505425414, 'gpp_d': 0.47379914349407487, 'ign_k': 0.9419612235978201, 'ign_c': 157.63098727399432, 'trop_agb_crit': 8.188098178380693, 'trop_k_veg': 0.7808079158649266, 'fire_amp': 5.869450070968175}.
[I 2026-06-11 13:23:51,942] Trial 255 finished with values: [10.207521814168594, 10.207521814168594] and parameters: {'k1': 0.032270237615157994, 'D_low': 2.843767489444367, 'k2': 3.152468275632564e-05, 'D_high': 570.8731724249576, 'fire_exp': 2.3820146568432237, 'P_half': 118.94665366442581, 'pre_dampen_half': 11.669626228257902, 'gpp_af': 42.29037995744429, 'gpp_b': 2.800940363375676e-05, 'gpp_d': 545.0253444559129, 'ign_k': 1.6270983114897255, 'ign_c': 0.6235377135673155, 'trop_agb_crit': 5.588032458772675, 'trop_k_veg': 1.508040082046931, 'fire_amp': 2.6192385880432525}.
[I 2026-06-11 13:23:52,891] Trial 256 finished with values: [10.476910312229782, 10.476910312229782] and parameters: {'k1': 0.00031134168041628584, 'D_low': 12.105387404469584, 'k2': 0.0004976087827261435, 'D_high': 42210.21267871043, 'fire_exp': 1.2918065501148304, 'P_half': 93.43302657318476, 'pre_dampen_half': 16.009350908593582, 'gpp_af': 1.9706963379095486, 'gpp_b': 0.0003601974223479835, 'gpp_d': 0.12878367369717508, 'ign_k': 0.00840038491455979, 'ign_c': 39.52220881906114, 'trop_agb_crit': 1.0693376406863295, 'trop_k_veg': 2.520089655463604, 'fire_amp': 1.5719333351012774}.
[I 2026-06-11 13:23:53,814] Trial 257 finished with values: [10.724431892428106, 10.724431892428106] and parameters: {'k1': 0.012840669372724958, 'D_low': 1.2768174677433957, 'k2': 0.01183296705746878, 'D_high': 18701.140647651915, 'fire_exp': 1.2918065501148304, 'P_half': 148.17820606039086, 'pre_dampen_half': 0.050654860639753524, 'gpp_af': 27.78052183438328, 'gpp_b': 2.800940363375676e-05, 'gpp_d': 0.03927259340973166, 'ign_k': 0.22970993031159073, 'ign_c': 0.6235377135673155, 'trop_agb_crit': 4.140875693557523, 'trop_k_veg': 5.022956259243681, 'fire_amp': 1.2393473789150806}.
[I 2026-06-11 13:23:54,715] Trial 258 finished with values: [10.722312235862688, 10.722312235862688] and parameters: {'k1': 0.00023134781612225627, 'D_low': 2186.356344942016, 'k2': 0.08661811390647982, 'D_high': 42210.21267871043, 'fire_exp': 1.2918065501148304, 'P_half': 2539.9645554516837, 'pre_dampen_half': 3.4461856429915305, 'gpp_af': 37.28155624293858, 'gpp_b': 0.00031478066835753096, 'gpp_d': 7.631016235941559, 'ign_k': 0.09256855841989636, 'ign_c': 1.9423015749984096, 'trop_agb_crit': 1.8023542850487386, 'trop_k_veg': 0.5089315327929785, 'fire_amp': 1.4475279918261055}.
[I 2026-06-11 13:23:55,632] Trial 259 finished with values: [10.31432077386426, 10.31432077386426] and parameters: {'k1': 0.0018697387216131526, 'D_low': 12.105387404469584, 'k2': 0.003767022142229395, 'D_high': 16780.50857913099, 'fire_exp': 1.0601964743503993, 'P_half': 3.591771421517613, 'pre_dampen_half': 16.009350908593582, 'gpp_af': 0.008117091133892173, 'gpp_b': 1.4540386644083135e-05, 'gpp_d': 0.12878367369717508, 'ign_k': 0.00840038491455979, 'ign_c': 7.081721844034206, 'trop_agb_crit': 1.0693376406863295, 'trop_k_veg': 6.825463866194253, 'fire_amp': 1.5719333351012774}.
[I 2026-06-11 13:23:56,564] Trial 260 finished with values: [10.700712765059103, 10.700712765059103] and parameters: {'k1': 0.00031134168041628584, 'D_low': 43.2326421037033, 'k2': 0.003767022142229395, 'D_high': 22.636544662054543, 'fire_exp': 1.9365919987098117, 'P_half': 69.68111190775313, 'pre_dampen_half': 33.71909132517384, 'gpp_af': 3.298293484806585, 'gpp_b': 1.2690840169394997, 'gpp_d': 12.151631524283598, 'ign_k': 0.02779045054796808, 'ign_c': 7.832259769732471, 'trop_agb_crit': 8.188098178380693, 'trop_k_veg': 1.6648666152166967, 'fire_amp': 5.869450070968175}.
[I 2026-06-11 13:23:57,499] Trial 261 finished with values: [10.305622297661458, 10.305622297661458] and parameters: {'k1': 0.08409006963311547, 'D_low': 2186.356344942016, 'k2': 0.003767022142229395, 'D_high': 16780.50857913099, 'fire_exp': 1.111738490499784, 'P_half': 1.4551749476072258, 'pre_dampen_half': 16.009350908593582, 'gpp_af': 37.28155624293858, 'gpp_b': 1.4540386644083135e-05, 'gpp_d': 0.12878367369717508, 'ign_k': 0.00840038491455979, 'ign_c': 7.081721844034206, 'trop_agb_crit': 1.0693376406863295, 'trop_k_veg': 6.825463866194253, 'fire_amp': 3.102033517490054}.
[I 2026-06-11 13:23:58,435] Trial 262 finished with values: [10.448552484145187, 10.448552484145187] and parameters: {'k1': 0.0326979063339169, 'D_low': 12.105387404469584, 'k2': 0.003767022142229395, 'D_high': 32311.521854410956, 'fire_exp': 1.0601964743503993, 'P_half': 10.94496366796197, 'pre_dampen_half': 121.93011993958949, 'gpp_af': 0.07118041471054574, 'gpp_b': 0.6089142387470042, 'gpp_d': 0.12878367369717508, 'ign_k': 0.4303356629825978, 'ign_c': 7.081721844034206, 'trop_agb_crit': 12.708819454040446, 'trop_k_veg': 6.825463866194253, 'fire_amp': 1.5719333351012774}.
[I 2026-06-11 13:23:59,377] Trial 263 finished with values: [10.133815750137712, 10.133815750137712] and parameters: {'k1': 0.006079905434073396, 'D_low': 12.105387404469584, 'k2': 2.316457903103837e-05, 'D_high': 2295.7398214549485, 'fire_exp': 1.0601964743503993, 'P_half': 12.262543158860007, 'pre_dampen_half': 189.36639872354493, 'gpp_af': 3.298293484806585, 'gpp_b': 0.006999112505425414, 'gpp_d': 0.030844007727232167, 'ign_k': 0.00840038491455979, 'ign_c': 48.704711413416454, 'trop_agb_crit': 8.639792249596399, 'trop_k_veg': 1.6648666152166967, 'fire_amp': 5.869450070968175}.
[I 2026-06-11 13:24:00,314] Trial 264 finished with values: [10.610294086409914, 10.610294086409914] and parameters: {'k1': 0.006079905434073396, 'D_low': 43.2326421037033, 'k2': 0.003767022142229395, 'D_high': 30227.031291375773, 'fire_exp': 1.0420149135640993, 'P_half': 12.262543158860007, 'pre_dampen_half': 189.36639872354493, 'gpp_af': 1.9706963379095486, 'gpp_b': 1.3415796596713932e-05, 'gpp_d': 0.12878367369717508, 'ign_k': 0.02779045054796808, 'ign_c': 7.081721844034206, 'trop_agb_crit': 1.0693376406863295, 'trop_k_veg': 1.6648666152166967, 'fire_amp': 1.5719333351012774}.
[I 2026-06-11 13:24:01,245] Trial 265 finished with values: [10.549906710983976, 10.549906710983976] and parameters: {'k1': 0.0014452451441203328, 'D_low': 1074.940539517341, 'k2': 5.5686900831970225e-05, 'D_high': 29.126651668813768, 'fire_exp': 1.9783727454920947, 'P_half': 1.4551749476072258, 'pre_dampen_half': 79.2915624488668, 'gpp_af': 1.3954498518315706, 'gpp_b': 0.006999112505425414, 'gpp_d': 79.05373031352391, 'ign_k': 0.09256855841989636, 'ign_c': 7.832259769732471, 'trop_agb_crit': 1.8023542850487386, 'trop_k_veg': 1.6648666152166967, 'fire_amp': 4.2446263054164195}.
[I 2026-06-11 13:24:02,178] Trial 266 finished with values: [24.986573962219094, 24.986573962219094] and parameters: {'k1': 0.012840669372724958, 'D_low': 43.2326421037033, 'k2': 0.003767022142229395, 'D_high': 42210.21267871043, 'fire_exp': 1.41873960828944, 'P_half': 12.262543158860007, 'pre_dampen_half': 189.36639872354493, 'gpp_af': 3.298293484806585, 'gpp_b': 1.3415796596713932e-05, 'gpp_d': 700.6693992445935, 'ign_k': 0.02779045054796808, 'ign_c': 1.9423015749984096, 'trop_agb_crit': 8.188098178380693, 'trop_k_veg': 2.520089655463604, 'fire_amp': 5.869450070968175}.
[I 2026-06-11 13:24:03,101] Trial 267 finished with values: [19.805485546237215, 19.805485546237215] and parameters: {'k1': 0.014666151770108535, 'D_low': 12.105387404469584, 'k2': 0.0004976087827261435, 'D_high': 42210.21267871043, 'fire_exp': 1.0601964743503993, 'P_half': 69.68111190775313, 'pre_dampen_half': 231.59500020699807, 'gpp_af': 0.0662749342026412, 'gpp_b': 0.0003601974223479835, 'gpp_d': 28.312234265202243, 'ign_k': 0.00840038491455979, 'ign_c': 13.054148118849394, 'trop_agb_crit': 1.438876022196885, 'trop_k_veg': 2.520089655463604, 'fire_amp': 4.783836175730692}.
[I 2026-06-11 13:24:04,029] Trial 268 finished with values: [10.129813001863932, 10.129813001863932] and parameters: {'k1': 5.7909642338812115e-05, 'D_low': 2267.735223551285, 'k2': 0.0011239682517242113, 'D_high': 262.11304189124235, 'fire_exp': 1.1633452995374232, 'P_half': 12.262543158860007, 'pre_dampen_half': 9.044346216330972, 'gpp_af': 0.016306190741524337, 'gpp_b': 0.0004125336560355494, 'gpp_d': 0.7698760608299932, 'ign_k': 0.17320535908244444, 'ign_c': 0.4177928311636542, 'trop_agb_crit': 1.8023542850487386, 'trop_k_veg': 2.520089655463604, 'fire_amp': 2.042193818779288}.
[I 2026-06-11 13:24:04,967] Trial 269 finished with values: [10.302287618292706, 10.302287618292706] and parameters: {'k1': 0.016973078532467004, 'D_low': 12.105387404469584, 'k2': 0.003767022142229395, 'D_high': 2427.054417940131, 'fire_exp': 1.0601964743503993, 'P_half': 8.318314747941244, 'pre_dampen_half': 0.011396414164620812, 'gpp_af': 6.384685545228285, 'gpp_b': 1.1008110571039521e-05, 'gpp_d': 46.010874324515754, 'ign_k': 0.00840038491455979, 'ign_c': 48.704711413416454, 'trop_agb_crit': 1.5033346993841157, 'trop_k_veg': 0.6673124511410327, 'fire_amp': 4.19233232783727}.
[I 2026-06-11 13:24:05,873] Trial 270 finished with values: [10.05573243521991, 10.05573243521991] and parameters: {'k1': 0.012840669372724958, 'D_low': 148.21691630007544, 'k2': 0.02065142557895925, 'D_high': 42210.21267871043, 'fire_exp': 1.2344878997299724, 'P_half': 61.6097529474144, 'pre_dampen_half': 4.603480758878793, 'gpp_af': 0.10098504976210308, 'gpp_b': 2.800940363375676e-05, 'gpp_d': 0.7698760608299932, 'ign_k': 0.002357279455676982, 'ign_c': 1.9423015749984096, 'trop_agb_crit': 1.2489332852689512, 'trop_k_veg': 2.520089655463604, 'fire_amp': 1.5180207449214471}.
[I 2026-06-11 13:24:06,907] Trial 271 finished with values: [11.296450713124225, 11.296450713124225] and parameters: {'k1': 0.016973078532467004, 'D_low': 146.24004590125713, 'k2': 0.003767022142229395, 'D_high': 2427.054417940131, 'fire_exp': 1.0601964743503993, 'P_half': 24.617096698415132, 'pre_dampen_half': 16.009350908593582, 'gpp_af': 0.0662749342026412, 'gpp_b': 1.1008110571039521e-05, 'gpp_d': 46.010874324515754, 'ign_k': 0.00840038491455979, 'ign_c': 51.53053011412483, 'trop_agb_crit': 1.0693376406863295, 'trop_k_veg': 0.6673124511410327, 'fire_amp': 4.19233232783727}.
[I 2026-06-11 13:24:07,832] Trial 272 finished with values: [11.43190994241647, 11.43190994241647] and parameters: {'k1': 0.003968136435370146, 'D_low': 1.7551403048208316, 'k2': 0.0001280886335404798, 'D_high': 32311.521854410956, 'fire_exp': 1.811096651915224, 'P_half': 5.4712187293420325, 'pre_dampen_half': 10.931606102061748, 'gpp_af': 0.07118041471054574, 'gpp_b': 0.00031478066835753096, 'gpp_d': 0.1619054449471649, 'ign_k': 0.22970993031159073, 'ign_c': 7.081721844034206, 'trop_agb_crit': 2.0527418919564324, 'trop_k_veg': 0.6673124511410327, 'fire_amp': 5.615047466686494}.
[I 2026-06-11 13:24:08,771] Trial 273 finished with values: [10.201711539099614, 10.201711539099614] and parameters: {'k1': 0.00031134168041628584, 'D_low': 12.105387404469584, 'k2': 0.0004976087827261435, 'D_high': 22.636544662054543, 'fire_exp': 1.14171776851287, 'P_half': 69.68111190775313, 'pre_dampen_half': 33.71909132517384, 'gpp_af': 0.0662749342026412, 'gpp_b': 0.0012611058927054877, 'gpp_d': 28.312234265202243, 'ign_k': 0.00840038491455979, 'ign_c': 157.63098727399432, 'trop_agb_crit': 1.0693376406863295, 'trop_k_veg': 0.6673124511410327, 'fire_amp': 4.783836175730692}.
[I 2026-06-11 13:24:09,700] Trial 274 finished with values: [10.76885957683783, 10.76885957683783] and parameters: {'k1': 5.7909642338812115e-05, 'D_low': 23.307122788234057, 'k2': 0.0002442377596403892, 'D_high': 8912.611835817017, 'fire_exp': 4.291626251159958, 'P_half': 774.5825831079144, 'pre_dampen_half': 4.603480758878793, 'gpp_af': 0.005061568304359487, 'gpp_b': 1.4540386644083135e-05, 'gpp_d': 0.12878367369717508, 'ign_k': 0.002357279455676982, 'ign_c': 7.081721844034206, 'trop_agb_crit': 1.2489332852689512, 'trop_k_veg': 2.520089655463604, 'fire_amp': 3.1045399027418377}.
[I 2026-06-11 13:24:10,623] Trial 275 finished with values: [10.769230768928226, 10.769230768928226] and parameters: {'k1': 0.05347027553411487, 'D_low': 1074.940539517341, 'k2': 0.02065142557895925, 'D_high': 262.11304189124235, 'fire_exp': 1.0812994412809738, 'P_half': 61.6097529474144, 'pre_dampen_half': 4.603480758878793, 'gpp_af': 3.298293484806585, 'gpp_b': 0.00012118589392553798, 'gpp_d': 0.7698760608299932, 'ign_k': 0.0029519227433917453, 'ign_c': 1.9423015749984096, 'trop_agb_crit': 1.8023542850487386, 'trop_k_veg': 6.172643383211297, 'fire_amp': 1.5180207449214471}.
[I 2026-06-11 13:24:11,538] Trial 276 finished with values: [10.542955233871433, 10.542955233871433] and parameters: {'k1': 2.570626095678496e-05, 'D_low': 12.105387404469584, 'k2': 0.0004976087827261435, 'D_high': 42210.21267871043, 'fire_exp': 1.2918065501148304, 'P_half': 93.43302657318476, 'pre_dampen_half': 16.009350908593582, 'gpp_af': 1.9706963379095486, 'gpp_b': 0.0003601974223479835, 'gpp_d': 0.12878367369717508, 'ign_k': 0.00840038491455979, 'ign_c': 39.52220881906114, 'trop_agb_crit': 1.0693376406863295, 'trop_k_veg': 2.520089655463604, 'fire_amp': 1.5719333351012774}.
