[I 2026-07-22 21:42:26,177] Trial 209 finished with values: [10.725474271920882, 10.725474271920882] and parameters: {'k1': 0.002971796631657383, 'D_low': 163.4864778201543, 'k2': 0.0027431991397796683, 'D_high': 10377.055497115112, 'fire_exp': 1.0341837609578937, 'P_half': 1106.908213475539, 'pre_dampen_half': 347.79988160923324, 'gpp_af': 29.925002022877816, 'gpp_b': 7.402343469704414e-05, 'gpp_d': 4.576857873108685, 'ign_k': 8.761971101023699, 'ign_c': 6.1609752947414345, 'trop_agb_crit': 6.1198430581046965, 'trop_k_veg': 4.130963924640279, 'fuel_k': 0.04572914063536324, 'fuel_half': 15.298506868937444}.
[I 2026-07-22 21:42:26,640] Trial 210 finished with values: [-0.4303006531110342, 0.9303004740203409] and parameters: {'k1': 0.00016480446427978953, 'D_low': 1768.4772284586304, 'k2': 0.002342238625792905, 'D_high': 887331.2884015184, 'fire_exp': 1.024589524149873, 'P_half': 10.226988730324324, 'pre_dampen_half': 347.79988160923324, 'gpp_af': 29.925002022877816, 'gpp_b': 0.0054502936945582505, 'gpp_d': 2.8006820077310226, 'ign_k': 0.006290644294586149, 'ign_c': 15.221840161091619, 'trop_agb_crit': 6.1198430581046965, 'trop_k_veg': 1.4584243470991722, 'fuel_k': 4.680936683972859, 'fuel_half': 0.32476735706274484}.
[I 2026-07-22 21:42:27,120] Trial 211 finished with values: [10.389369454672455, 10.389369454672455] and parameters: {'k1': 0.00013783578294796384, 'D_low': 3.325987092445845, 'k2': 0.0038341488164556755, 'D_high': 10377.055497115112, 'fire_exp': 1.0482996836046896, 'P_half': 13.019246714361572, 'pre_dampen_half': 10.687450020671585, 'gpp_af': 0.015769192447197523, 'gpp_b': 4.0803257466853524e-05, 'gpp_d': 9.00460602264307, 'ign_k': 0.5131654955148324, 'ign_c': 0.11650681118986138, 'trop_agb_crit': 1.886175574962432, 'trop_k_veg': 0.9369104721775232, 'fuel_k': 0.04572914063536324, 'fuel_half': 42.6871254378718}.
[I 2026-07-22 21:42:27,558] Trial 212 finished with values: [-0.3323948801429743, 0.8746094037305805] and parameters: {'k1': 0.00023352156626184448, 'D_low': 247.75146043208053, 'k2': 1.127217425995114e-05, 'D_high': 305369.47947832284, 'fire_exp': 1.0341837609578937, 'P_half': 38.82837025280678, 'pre_dampen_half': 347.79988160923324, 'gpp_af': 1.1300566419249867, 'gpp_b': 0.00012118589392553819, 'gpp_d': 4.576857873108685, 'ign_k': 0.0026834162496848666, 'ign_c': 6.1609752947414345, 'trop_agb_crit': 12.285102065067687, 'trop_k_veg': 1.140286245977296, 'fuel_k': 0.08612665817296865, 'fuel_half': 1.3547291924247347}.
[I 2026-07-22 21:42:27,988] Trial 213 finished with values: [10.726849233583032, 10.726849233583032] and parameters: {'k1': 0.0029707920514735983, 'D_low': 4.043300846639722, 'k2': 3.5281132746849994e-05, 'D_high': 2512533.442757688, 'fire_exp': 2.41664604728687, 'P_half': 1938.3858782150498, 'pre_dampen_half': 33.97904243111269, 'gpp_af': 2.114381609520638, 'gpp_b': 0.00011277885258222645, 'gpp_d': 857.4284557962626, 'ign_k': 0.04732407125181112, 'ign_c': 3.0378658251922155, 'trop_agb_crit': 5.841230872704112, 'trop_k_veg': 0.5695379443977426, 'fuel_k': 0.028970790717327534, 'fuel_half': 16.371966573507315}.
[I 2026-07-22 21:42:28,439] Trial 214 finished with values: [10.729573154507795, 10.729573154507795] and parameters: {'k1': 0.00016480446427978953, 'D_low': 150.83210025074274, 'k2': 0.01567230746060024, 'D_high': 558.9524205217922, 'fire_exp': 1.2120759485719061, 'P_half': 8832.039346746853, 'pre_dampen_half': 347.79988160923324, 'gpp_af': 0.008983355849178878, 'gpp_b': 0.0005995821881487623, 'gpp_d': 0.5121071390703817, 'ign_k': 5.985024829384178, 'ign_c': 11.40086370112731, 'trop_agb_crit': 29.789943908227905, 'trop_k_veg': 1.7570501127699656, 'fuel_k': 0.6199941538390381, 'fuel_half': 0.3335026483569958}.
[I 2026-07-22 21:42:28,882] Trial 215 finished with values: [10.652495488164327, 10.652495488164327] and parameters: {'k1': 0.00016480446427978953, 'D_low': 1407.7923139972395, 'k2': 0.01567230746060024, 'D_high': 558.9524205217922, 'fire_exp': 1.0482996836046896, 'P_half': 9.324787201197319, 'pre_dampen_half': 347.79988160923324, 'gpp_af': 1.4558259811306475, 'gpp_b': 0.0005995821881487623, 'gpp_d': 2.8006820077310226, 'ign_k': 0.006290644294586149, 'ign_c': 11.40086370112731, 'trop_agb_crit': 29.789943908227905, 'trop_k_veg': 4.341934294871134, 'fuel_k': 3.8843204090935095, 'fuel_half': 18.202647368248815}.
[I 2026-07-22 21:42:29,315] Trial 216 finished with values: [10.759298664169334, 10.759298664169334] and parameters: {'k1': 0.002968335334246999, 'D_low': 6220.638781359816, 'k2': 0.0034207303670092245, 'D_high': 107013.64911724928, 'fire_exp': 1.0862503061991866, 'P_half': 4.961134450191397, 'pre_dampen_half': 269.0845367054863, 'gpp_af': 0.008562341633595545, 'gpp_b': 1.7565109007473816e-05, 'gpp_d': 0.03254982364882649, 'ign_k': 0.5131654955148324, 'ign_c': 4.1108484350212295, 'trop_agb_crit': 5.707205898008383, 'trop_k_veg': 0.9369104721775232, 'fuel_k': 1.312881567992459, 'fuel_half': 0.13249100882689224}.
[I 2026-07-22 21:42:29,744] Trial 217 finished with values: [10.768973066893906, 10.768973066893906] and parameters: {'k1': 0.002971796631657383, 'D_low': 3735.16768760467, 'k2': 0.0007081721844034209, 'D_high': 305369.47947832284, 'fire_exp': 1.0341837609578937, 'P_half': 10.226988730324324, 'pre_dampen_half': 0.10609580257119508, 'gpp_af': 0.008983355849178878, 'gpp_b': 4.201176460336357, 'gpp_d': 2.2926339830965645, 'ign_k': 0.18170401889219115, 'ign_c': 6.1609752947414345, 'trop_agb_crit': 13.98132484257899, 'trop_k_veg': 0.9793402026070162, 'fuel_k': 0.05597555634027867, 'fuel_half': 1.3547291924247347}.
[I 2026-07-22 21:42:30,168] Trial 218 finished with values: [10.49015014679937, 10.49015014679937] and parameters: {'k1': 0.002971796631657383, 'D_low': 4.043300846639722, 'k2': 2.1698375693549493e-05, 'D_high': 160625.60954780428, 'fire_exp': 2.2271826002669806, 'P_half': 245.27450543222417, 'pre_dampen_half': 36.876350096202984, 'gpp_af': 0.0025511964576171086, 'gpp_b': 3.228689523591491e-05, 'gpp_d': 27.50607428241511, 'ign_k': 0.018707420137660268, 'ign_c': 0.1867876836333246, 'trop_agb_crit': 15.870971677383487, 'trop_k_veg': 6.911478238001162, 'fuel_k': 1.8731335591844647, 'fuel_half': 18.202647368248815}.
[I 2026-07-22 21:42:30,595] Trial 219 finished with values: [10.72371923852311, 10.72371923852311] and parameters: {'k1': 0.052334804885400876, 'D_low': 6220.638781359816, 'k2': 0.0014057163351022498, 'D_high': 708572.1663941594, 'fire_exp': 1.0862503061991866, 'P_half': 5.575453980775371, 'pre_dampen_half': 36.876350096202984, 'gpp_af': 0.008562341633595545, 'gpp_b': 3.228689523591491e-05, 'gpp_d': 9.00460602264307, 'ign_k': 0.5131654955148324, 'ign_c': 6.1609752947414345, 'trop_agb_crit': 5.707205898008383, 'trop_k_veg': 0.9369104721775232, 'fuel_k': 1.8731335591844647, 'fuel_half': 1.3547291924247347}.
[I 2026-07-22 21:42:31,012] Trial 220 finished with values: [10.765388050918395, 10.765388050918395] and parameters: {'k1': 0.0001599021369655865, 'D_low': 4.043300846639722, 'k2': 2.1698375693549493e-05, 'D_high': 160625.60954780428, 'fire_exp': 1.0689448798385355, 'P_half': 1938.3858782150498, 'pre_dampen_half': 33.97904243111269, 'gpp_af': 0.0025511964576171086, 'gpp_b': 0.17743223857939708, 'gpp_d': 302.3127748796295, 'ign_k': 0.03141110271934876, 'ign_c': 3.0378658251922155, 'trop_agb_crit': 15.870971677383487, 'trop_k_veg': 6.911478238001162, 'fuel_k': 1.8731335591844647, 'fuel_half': 38.21129441691226}.
[I 2026-07-22 21:42:31,455] Trial 221 finished with values: [10.291727890583312, 10.291727890583312] and parameters: {'k1': 1.8595266457134027e-05, 'D_low': 1.6646452049870526, 'k2': 0.001566517163094646, 'D_high': 580966.5602369158, 'fire_exp': 1.0862503061991866, 'P_half': 136.0956887810302, 'pre_dampen_half': 33.97904243111269, 'gpp_af': 0.12243451886824051, 'gpp_b': 3.228689523591491e-05, 'gpp_d': 8.144272585223822, 'ign_k': 8.761971101023699, 'ign_c': 0.11650681118986138, 'trop_agb_crit': 15.870971677383487, 'trop_k_veg': 0.9369104721775232, 'fuel_k': 1.312881567992459, 'fuel_half': 42.6871254378718}.
[I 2026-07-22 21:42:31,878] Trial 222 finished with values: [10.142542040130289, 10.142542040130289] and parameters: {'k1': 0.00023352156626184448, 'D_low': 247.75146043208053, 'k2': 1.127217425995114e-05, 'D_high': 1026.0852623190942, 'fire_exp': 1.1239133746826044, 'P_half': 24.184227958471602, 'pre_dampen_half': 347.79988160923324, 'gpp_af': 0.005618069878716736, 'gpp_b': 0.0005392415140872105, 'gpp_d': 700.6693992445935, 'ign_k': 0.7588328899786276, 'ign_c': 8.405439129313676, 'trop_agb_crit': 12.285102065067687, 'trop_k_veg': 4.130963924640279, 'fuel_k': 0.08612665817296865, 'fuel_half': 2.276766792290519}.
[I 2026-07-22 21:42:32,294] Trial 223 finished with values: [10.011235058272362, 10.011235058272362] and parameters: {'k1': 0.003242143344038315, 'D_low': 70586.60227368641, 'k2': 0.0007406380926311093, 'D_high': 1693415.5410667954, 'fire_exp': 1.0862503061991866, 'P_half': 13.019246714361572, 'pre_dampen_half': 290.26521418263894, 'gpp_af': 0.008562341633595545, 'gpp_b': 1.7565109007473816e-05, 'gpp_d': 9.00460602264307, 'ign_k': 8.761971101023699, 'ign_c': 0.2755546207779662, 'trop_agb_crit': 5.707205898008383, 'trop_k_veg': 1.6340262437673856, 'fuel_k': 1.312881567992459, 'fuel_half': 0.6370755274604819}.
[I 2026-07-22 21:42:32,713] Trial 224 finished with values: [10.14163372344939, 10.14163372344939] and parameters: {'k1': 1.8205657658407255e-05, 'D_low': 13.25142220631392, 'k2': 0.003045524314144144, 'D_high': 305369.47947832284, 'fire_exp': 1.3219590610242518, 'P_half': 2.458603276328005, 'pre_dampen_half': 36.876350096202984, 'gpp_af': 0.11022143612695977, 'gpp_b': 0.0005392415140872105, 'gpp_d': 8.057329182285729, 'ign_k': 0.006039096247545781, 'ign_c': 0.15239409361703363, 'trop_agb_crit': 6.1198430581046965, 'trop_k_veg': 0.9793402026070162, 'fuel_k': 2.637916642113786, 'fuel_half': 7.259866824755671}.
[I 2026-07-22 21:42:33,135] Trial 225 finished with values: [10.769230769178105, 10.769230769178105] and parameters: {'k1': 0.00013783578294796384, 'D_low': 1.6646452049870526, 'k2': 2.1698375693549493e-05, 'D_high': 10377.055497115112, 'fire_exp': 1.9656831165940098, 'P_half': 13.019246714361572, 'pre_dampen_half': 347.79988160923324, 'gpp_af': 0.008983355849178878, 'gpp_b': 6.933201384399588, 'gpp_d': 2.8006820077310226, 'ign_k': 0.18170401889219115, 'ign_c': 750.7777979297798, 'trop_agb_crit': 9.836162684900028, 'trop_k_veg': 4.130963924640279, 'fuel_k': 0.046063721952885314, 'fuel_half': 18.202647368248815}.
[I 2026-07-22 21:42:33,559] Trial 226 finished with values: [10.346348396473095, 10.346348396473095] and parameters: {'k1': 0.00013783578294796384, 'D_low': 1.6646452049870526, 'k2': 0.0027431991397796683, 'D_high': 160625.60954780428, 'fire_exp': 1.0689448798385355, 'P_half': 13.019246714361572, 'pre_dampen_half': 347.79988160923324, 'gpp_af': 5.600917281261383, 'gpp_b': 7.402343469704414e-05, 'gpp_d': 857.4284557962626, 'ign_k': 0.03141110271934876, 'ign_c': 0.9294394155644988, 'trop_agb_crit': 15.870971677383487, 'trop_k_veg': 6.911478238001162, 'fuel_k': 0.04572914063536324, 'fuel_half': 15.298506868937444}.
[I 2026-07-22 21:42:33,991] Trial 227 finished with values: [10.37314603299112, 10.37314603299112] and parameters: {'k1': 6.693990428538841e-05, 'D_low': 11.437258028094242, 'k2': 0.05583672722754823, 'D_high': 305369.47947832284, 'fire_exp': 2.3123511487896353, 'P_half': 28.15630081597223, 'pre_dampen_half': 868.1843415114095, 'gpp_af': 2.114381609520638, 'gpp_b': 1.1983032564333187e-05, 'gpp_d': 373.3014953695604, 'ign_k': 0.00515399351160314, 'ign_c': 6.1609752947414345, 'trop_agb_crit': 6.058402553512053, 'trop_k_veg': 0.977663002683211, 'fuel_k': 0.017262921159278164, 'fuel_half': 97.86395331218435}.
[I 2026-07-22 21:42:34,451] Trial 228 finished with values: [10.007669669864717, 10.007669669864717] and parameters: {'k1': 6.693990428538841e-05, 'D_low': 2.8627614274446977, 'k2': 7.67074891445376e-05, 'D_high': 305369.47947832284, 'fire_exp': 2.4645237762603327, 'P_half': 1.4378290221680121, 'pre_dampen_half': 10.059683154936915, 'gpp_af': 0.03924302839842014, 'gpp_b': 6.0327793441162e-05, 'gpp_d': 373.3014953695604, 'ign_k': 1.07907786430243, 'ign_c': 6.1609752947414345, 'trop_agb_crit': 2.539877620672643, 'trop_k_veg': 1.140286245977296, 'fuel_k': 0.028970790717327534, 'fuel_half': 16.371966573507315}.
[I 2026-07-22 21:42:34,895] Trial 229 finished with values: [10.127535967056074, 10.127535967056074] and parameters: {'k1': 0.004312951023617458, 'D_low': 102.19595065529477, 'k2': 0.001566517163094646, 'D_high': 10377.055497115112, 'fire_exp': 1.024589524149873, 'P_half': 220.3445560633069, 'pre_dampen_half': 347.79988160923324, 'gpp_af': 0.7539992074650282, 'gpp_b': 8.129227514069975e-05, 'gpp_d': 9.00460602264307, 'ign_k': 0.06807874826564587, 'ign_c': 0.1254144753902608, 'trop_agb_crit': 24.584290528289387, 'trop_k_veg': 2.42764713875812, 'fuel_k': 0.04572914063536324, 'fuel_half': 52.005817291141206}.
  trial  230/1500  pareto_size=2  best_taylor=0.7828  best_ilamb=0.6071  (1.7 min)
[I 2026-07-22 21:42:35,357] Trial 230 finished with values: [10.737647576819455, 10.737647576819455] and parameters: {'k1': 0.0015974581244256687, 'D_low': 3.325987092445845, 'k2': 0.0038341488164556755, 'D_high': 26587.030147082678, 'fire_exp': 1.3219590610242518, 'P_half': 136.0956887810302, 'pre_dampen_half': 0.01290083312696445, 'gpp_af': 0.008562341633595545, 'gpp_b': 4.0803257466853524e-05, 'gpp_d': 700.6693992445935, 'ign_k': 0.0013726318898045872, 'ign_c': 8.405439129313676, 'trop_agb_crit': 1.886175574962432, 'trop_k_veg': 0.9369104721775232, 'fuel_k': 0.07925709222907362, 'fuel_half': 42.6871254378718}.
[I 2026-07-22 21:42:35,770] Trial 231 finished with values: [10.132300700226985, 10.132300700226985] and parameters: {'k1': 0.00016480446427978953, 'D_low': 163.4864778201543, 'k2': 0.002342238625792905, 'D_high': 8433503.858791472, 'fire_exp': 1.0341837609578937, 'P_half': 10.226988730324324, 'pre_dampen_half': 347.79988160923324, 'gpp_af': 29.925002022877816, 'gpp_b': 0.00012118589392553819, 'gpp_d': 2.8006820077310226, 'ign_k': 4.59148521674054, 'ign_c': 11.40086370112731, 'trop_agb_crit': 6.1198430581046965, 'trop_k_veg': 1.140286245977296, 'fuel_k': 3.6992394681929355, 'fuel_half': 2.9236782115513154}.
[I 2026-07-22 21:42:36,192] Trial 232 finished with values: [10.354454915546913, 10.354454915546913] and parameters: {'k1': 0.00016480446427978953, 'D_low': 247.75146043208053, 'k2': 1.127217425995114e-05, 'D_high': 558.9524205217922, 'fire_exp': 1.1239133746826044, 'P_half': 13.019246714361572, 'pre_dampen_half': 347.79988160923324, 'gpp_af': 0.005618069878716736, 'gpp_b': 0.0054502936945582505, 'gpp_d': 2.8006820077310226, 'ign_k': 0.7588328899786276, 'ign_c': 2.329535895346768, 'trop_agb_crit': 29.789943908227905, 'trop_k_veg': 4.130963924640279, 'fuel_k': 0.48736180483849406, 'fuel_half': 2.276766792290519}.
[I 2026-07-22 21:42:36,634] Trial 233 finished with values: [10.749172638956829, 10.749172638956829] and parameters: {'k1': 0.00016480446427978953, 'D_low': 1407.7923139972395, 'k2': 0.01567230746060024, 'D_high': 558.9524205217922, 'fire_exp': 2.2271826002669806, 'P_half': 9.324787201197319, 'pre_dampen_half': 347.79988160923324, 'gpp_af': 2.114381609520638, 'gpp_b': 0.0005995821881487623, 'gpp_d': 373.3014953695604, 'ign_k': 0.0026834162496848666, 'ign_c': 6.1609752947414345, 'trop_agb_crit': 5.841230872704112, 'trop_k_veg': 4.232850899624566, 'fuel_k': 0.028970790717327534, 'fuel_half': 16.371966573507315}.
[I 2026-07-22 21:42:37,062] Trial 234 finished with values: [10.091632599744276, 10.091632599744276] and parameters: {'k1': 0.00013783578294796384, 'D_low': 9.497440085397416, 'k2': 0.01567230746060024, 'D_high': 71534.52030884045, 'fire_exp': 1.0482996836046896, 'P_half': 540.9803697908727, 'pre_dampen_half': 19.600139992927424, 'gpp_af': 0.015769192447197523, 'gpp_b': 7.402343469704414e-05, 'gpp_d': 2.8006820077310226, 'ign_k': 0.06807874826564587, 'ign_c': 0.9294394155644988, 'trop_agb_crit': 9.836162684900028, 'trop_k_veg': 4.130963924640279, 'fuel_k': 0.48736180483849406, 'fuel_half': 15.298506868937444}.
[I 2026-07-22 21:42:37,489] Trial 235 finished with values: [10.563598716946023, 10.563598716946023] and parameters: {'k1': 0.002968335334246999, 'D_low': 6220.638781359816, 'k2': 2.8459703343413838e-05, 'D_high': 580966.5602369158, 'fire_exp': 1.034491242472073, 'P_half': 1228.2126524008484, 'pre_dampen_half': 0.7354388726789677, 'gpp_af': 1.1300566419249867, 'gpp_b': 1.7565109007473816e-05, 'gpp_d': 9.00460602264307, 'ign_k': 0.03141110271934876, 'ign_c': 8.405439129313676, 'trop_agb_crit': 5.707205898008383, 'trop_k_veg': 3.107373729897127, 'fuel_k': 1.2528108647479208, 'fuel_half': 42.6871254378718}.
[I 2026-07-22 21:42:37,911] Trial 236 finished with values: [10.577973426804025, 10.577973426804025] and parameters: {'k1': 0.0006075902911081375, 'D_low': 6220.638781359816, 'k2': 0.0027431991397796683, 'D_high': 10377.055497115112, 'fire_exp': 1.0862503061991866, 'P_half': 13.019246714361572, 'pre_dampen_half': 347.79988160923324, 'gpp_af': 0.008562341633595545, 'gpp_b': 7.402343469704414e-05, 'gpp_d': 0.23341745600171465, 'ign_k': 0.5131654955148324, 'ign_c': 0.9294394155644988, 'trop_agb_crit': 5.707205898008383, 'trop_k_veg': 4.130963924640279, 'fuel_k': 0.04572914063536324, 'fuel_half': 0.3335026483569958}.
[I 2026-07-22 21:42:38,329] Trial 237 finished with values: [10.410989861735876, 10.410989861735876] and parameters: {'k1': 0.09738633019266786, 'D_low': 3.325987092445845, 'k2': 0.001566517163094646, 'D_high': 10377.055497115112, 'fire_exp': 1.0862503061991866, 'P_half': 13.019246714361572, 'pre_dampen_half': 10.687450020671585, 'gpp_af': 0.008562341633595545, 'gpp_b': 4.0803257466853524e-05, 'gpp_d': 9.00460602264307, 'ign_k': 0.050667002161528835, 'ign_c': 0.11650681118986138, 'trop_agb_crit': 1.886175574962432, 'trop_k_veg': 0.9369104721775232, 'fuel_k': 0.04572914063536324, 'fuel_half': 42.6871254378718}.
[I 2026-07-22 21:42:38,755] Trial 238 finished with values: [10.070381167167572, 10.070381167167572] and parameters: {'k1': 0.00013783578294796384, 'D_low': 1.6646452049870526, 'k2': 1.127217425995114e-05, 'D_high': 10377.055497115112, 'fire_exp': 1.2120759485719061, 'P_half': 13.019246714361572, 'pre_dampen_half': 347.79988160923324, 'gpp_af': 0.008983355849178878, 'gpp_b': 7.402343469704414e-05, 'gpp_d': 2.8006820077310226, 'ign_k': 5.985024829384178, 'ign_c': 6.3906950920732175, 'trop_agb_crit': 9.836162684900028, 'trop_k_veg': 1.7570501127699656, 'fuel_k': 0.04572914063536324, 'fuel_half': 0.6370755274604819}.
[I 2026-07-22 21:42:39,171] Trial 239 finished with values: [10.085783139548361, 10.085783139548361] and parameters: {'k1': 1.8205657658407255e-05, 'D_low': 6220.638781359816, 'k2': 0.0034207303670092245, 'D_high': 580966.5602369158, 'fire_exp': 1.161749421319469, 'P_half': 136.0956887810302, 'pre_dampen_half': 94.20121790275627, 'gpp_af': 0.008562341633595545, 'gpp_b': 0.0005392415140872105, 'gpp_d': 8.057329182285729, 'ign_k': 0.006039096247545781, 'ign_c': 0.11650681118986138, 'trop_agb_crit': 3.5522713231614182, 'trop_k_veg': 0.9369104721775232, 'fuel_k': 1.312881567992459, 'fuel_half': 0.33988503110784557}.
[I 2026-07-22 21:42:39,637] Trial 240 finished with values: [-0.23445372520213972, 0.6721407395911732] and parameters: {'k1': 0.004312951023617458, 'D_low': 102.19595065529477, 'k2': 0.015109086063191909, 'D_high': 145242.37928628005, 'fire_exp': 1.024589524149873, 'P_half': 220.3445560633069, 'pre_dampen_half': 10.059683154936915, 'gpp_af': 2.114381609520638, 'gpp_b': 0.00011277885258222645, 'gpp_d': 16.460426816350534, 'ign_k': 0.04732407125181112, 'ign_c': 15.221840161091619, 'trop_agb_crit': 24.584290528289387, 'trop_k_veg': 0.5695379443977426, 'fuel_k': 0.028970790717327534, 'fuel_half': 16.371966573507315}.
[I 2026-07-22 21:42:40,058] Trial 241 finished with values: [10.7682836139158, 10.7682836139158] and parameters: {'k1': 7.639737756882014e-05, 'D_low': 19389.89852278267, 'k2': 0.0001971137615017176, 'D_high': 107013.64911724928, 'fire_exp': 2.3987174696212126, 'P_half': 2193.8654178115053, 'pre_dampen_half': 0.02581696750231143, 'gpp_af': 0.008562341633595545, 'gpp_b': 0.0032930655419269924, 'gpp_d': 2.8006820077310226, 'ign_k': 0.5131654955148324, 'ign_c': 4.1108484350212295, 'trop_agb_crit': 29.789943908227905, 'trop_k_veg': 3.2989278108116276, 'fuel_k': 0.6199941538390381, 'fuel_half': 0.32476735706274484}.
[I 2026-07-22 21:42:40,482] Trial 242 finished with values: [10.383932746473425, 10.383932746473425] and parameters: {'k1': 0.052334804885400876, 'D_low': 4.043300846639722, 'k2': 2.1698375693549493e-05, 'D_high': 1693415.5410667954, 'fire_exp': 1.0689448798385355, 'P_half': 1938.3858782150498, 'pre_dampen_half': 33.97904243111269, 'gpp_af': 0.0025511964576171086, 'gpp_b': 3.228689523591491e-05, 'gpp_d': 302.3127748796295, 'ign_k': 0.018707420137660268, 'ign_c': 3.0378658251922155, 'trop_agb_crit': 15.870971677383487, 'trop_k_veg': 1.6340262437673856, 'fuel_k': 1.8731335591844647, 'fuel_half': 38.21129441691226}.
[I 2026-07-22 21:42:40,918] Trial 243 finished with values: [10.339597795745686, 10.339597795745686] and parameters: {'k1': 1.8205657658407255e-05, 'D_low': 126.11058927054879, 'k2': 2.1698375693549493e-05, 'D_high': 708572.1663941594, 'fire_exp': 1.0862503061991866, 'P_half': 1.7036120617148391, 'pre_dampen_half': 26.373339933815235, 'gpp_af': 0.15876781526923997, 'gpp_b': 0.0005392415140872105, 'gpp_d': 700.6693992445935, 'ign_k': 0.03141110271934876, 'ign_c': 0.11650681118986138, 'trop_agb_crit': 15.870971677383487, 'trop_k_veg': 0.9369104721775232, 'fuel_k': 1.312881567992459, 'fuel_half': 0.253071961271088}.
