[I 2026-07-22 20:39:21,455] Trial 524 finished with values: [10.100554199036536, 10.100554199036536] and parameters: {'k1': 0.0006533684593224971, 'D_low': 35.437765484261625, 'k2': 0.0006863458703786212, 'D_high': 693439.2750387826, 'fire_exp': 1.5704801393982246, 'P_half': 44.71679901231308, 'pre_dampen_half': 16.224010950061366, 'gpp_af': 0.015875524914818664, 'gpp_b': 2.852199954727099e-05, 'gpp_d': 36.831884165358964, 'ign_k': 0.003252245757497283, 'ign_c': 5.199673923878318, 'trop_agb_crit': 12.856643861355176, 'trop_k_veg': 2.9556982260250564, 'fuel_k': 0.057024351269772615, 'fuel_half': 0.3036855685244964}.
[I 2026-07-22 20:39:21,872] Trial 525 finished with values: [10.579699014120642, 10.579699014120642] and parameters: {'k1': 0.001192139671682983, 'D_low': 35.437765484261625, 'k2': 0.0195165137832656, 'D_high': 2742371.6496047364, 'fire_exp': 1.1234725391720877, 'P_half': 56.22114524476698, 'pre_dampen_half': 70.78932406899753, 'gpp_af': 0.24883380935306074, 'gpp_b': 0.004458440839692221, 'gpp_d': 0.013434154203681773, 'ign_k': 0.038563028138793747, 'ign_c': 30.785541778315018, 'trop_agb_crit': 6.289029460848807, 'trop_k_veg': 2.9556982260250564, 'fuel_k': 0.025620781631399487, 'fuel_half': 1.0889347318773486}.
[I 2026-07-22 20:39:22,313] Trial 526 finished with values: [10.208649171653013, 10.208649171653013] and parameters: {'k1': 0.008471801418819975, 'D_low': 2.4063018320720926, 'k2': 0.00033271381912662167, 'D_high': 693439.2750387826, 'fire_exp': 1.5191397119156032, 'P_half': 355.00125258511594, 'pre_dampen_half': 16.224010950061366, 'gpp_af': 3.470266988650414, 'gpp_b': 2.852199954727099e-05, 'gpp_d': 0.5084393304411556, 'ign_k': 2.136832907235876, 'ign_c': 17.583640270008498, 'trop_agb_crit': 2.7395739167173065, 'trop_k_veg': 1.9658897090912955, 'fuel_k': 0.07002142869039267, 'fuel_half': 1.3822508203434103}.
[I 2026-07-22 20:39:22,737] Trial 527 finished with values: [10.555812848148276, 10.555812848148276] and parameters: {'k1': 0.028401063201780267, 'D_low': 16.00237013173313, 'k2': 0.014666151770108535, 'D_high': 6525529.853354094, 'fire_exp': 1.5191397119156032, 'P_half': 93.43302657318476, 'pre_dampen_half': 8.259599205585763, 'gpp_af': 0.03522602097143089, 'gpp_b': 0.0028993292583566945, 'gpp_d': 12.338826503601998, 'ign_k': 3.965503094323014, 'ign_c': 3.9381397500791064, 'trop_agb_crit': 5.526463318565575, 'trop_k_veg': 2.1144348148283285, 'fuel_k': 0.10978148458640455, 'fuel_half': 71.14476009343416}.
[I 2026-07-22 20:39:23,169] Trial 528 finished with values: [-0.3539103906411, 0.3429933717195127] and parameters: {'k1': 0.00022704877557909215, 'D_low': 3.86371393182755, 'k2': 0.00209261568837867, 'D_high': 693439.2750387826, 'fire_exp': 1.6305788395534822, 'P_half': 44.71679901231308, 'pre_dampen_half': 13.472769577631588, 'gpp_af': 0.2901272149738624, 'gpp_b': 2.852199954727099e-05, 'gpp_d': 352.0481045526035, 'ign_k': 0.013276678836047658, 'ign_c': 17.583640270008498, 'trop_agb_crit': 2.7395739167173065, 'trop_k_veg': 2.1144348148283285, 'fuel_k': 0.07002142869039267, 'fuel_half': 1.0889347318773486}.
[I 2026-07-22 20:39:23,600] Trial 529 finished with values: [10.383189883876891, 10.383189883876891] and parameters: {'k1': 0.008471801418819975, 'D_low': 166.32295851843423, 'k2': 0.010056781316817115, 'D_high': 3714594.1935037985, 'fire_exp': 1.8719045352638064, 'P_half': 19.625093208439857, 'pre_dampen_half': 13.472769577631588, 'gpp_af': 0.2991469302130216, 'gpp_b': 0.0011087183655158347, 'gpp_d': 450.59526947401275, 'ign_k': 0.0029519227433917453, 'ign_c': 1.8522006003174372, 'trop_agb_crit': 1.530786397511255, 'trop_k_veg': 2.1144348148283285, 'fuel_k': 4.710433409437071, 'fuel_half': 1.3323297901105766}.
[I 2026-07-22 20:39:24,031] Trial 530 finished with values: [-0.5279735688292725, 0.14575841866938732] and parameters: {'k1': 0.012840669372724958, 'D_low': 3.86371393182755, 'k2': 0.0027015957920129437, 'D_high': 2742371.6496047364, 'fire_exp': 1.5532616753672623, 'P_half': 93.43302657318476, 'pre_dampen_half': 0.9829324480069707, 'gpp_af': 0.2991469302130216, 'gpp_b': 0.0028993292583566945, 'gpp_d': 66.7446265922751, 'ign_k': 2.136832907235876, 'ign_c': 0.26691447170887805, 'trop_agb_crit': 8.983402272488592, 'trop_k_veg': 0.8170196702261714, 'fuel_k': 0.07002142869039267, 'fuel_half': 3.75205585512428}.
[I 2026-07-22 20:39:24,453] Trial 531 finished with values: [10.57560968192725, 10.57560968192725] and parameters: {'k1': 0.0001971137615017176, 'D_low': 2240.9155921647994, 'k2': 0.0004976087827261435, 'D_high': 2742371.6496047364, 'fire_exp': 1.8719045352638064, 'P_half': 93.43302657318476, 'pre_dampen_half': 0.2774295811500811, 'gpp_af': 0.2901272149738624, 'gpp_b': 2.176805640408474e-05, 'gpp_d': 2.545074556541602, 'ign_k': 0.0029519227433917453, 'ign_c': 44.67752817973901, 'trop_agb_crit': 3.1419938725278875, 'trop_k_veg': 6.863422129054256, 'fuel_k': 4.0632364973692425, 'fuel_half': 1.3323297901105766}.
[I 2026-07-22 20:39:24,870] Trial 532 finished with values: [10.15330248748924, 10.15330248748924] and parameters: {'k1': 0.012840669372724958, 'D_low': 2240.9155921647994, 'k2': 0.014666151770108535, 'D_high': 754943.4688259525, 'fire_exp': 1.8719045352638064, 'P_half': 102.4585893986732, 'pre_dampen_half': 13.472769577631588, 'gpp_af': 0.2991469302130216, 'gpp_b': 0.0028993292583566945, 'gpp_d': 352.0481045526035, 'ign_k': 0.013276678836047658, 'ign_c': 0.2939463458625969, 'trop_agb_crit': 2.679156169946616, 'trop_k_veg': 2.1144348148283285, 'fuel_k': 0.9886772072665515, 'fuel_half': 1.3323297901105766}.
[I 2026-07-22 20:39:25,295] Trial 533 finished with values: [11.857684651294848, 11.857684651294848] and parameters: {'k1': 0.004898620823554844, 'D_low': 1.6752866684650682, 'k2': 0.014666151770108535, 'D_high': 2742371.6496047364, 'fire_exp': 1.5532616753672623, 'P_half': 56.22114524476698, 'pre_dampen_half': 599.2644014925409, 'gpp_af': 3.470266988650414, 'gpp_b': 0.004458440839692221, 'gpp_d': 274.48645214004335, 'ign_k': 0.038563028138793747, 'ign_c': 0.2939463458625969, 'trop_agb_crit': 9.369518687683199, 'trop_k_veg': 4.129715873342729, 'fuel_k': 0.025620781631399487, 'fuel_half': 3.75205585512428}.
[I 2026-07-22 20:39:25,721] Trial 534 finished with values: [10.589391804786265, 10.589391804786265] and parameters: {'k1': 0.00022704877557909215, 'D_low': 216.6574784061471, 'k2': 0.0195165137832656, 'D_high': 34634.27660734638, 'fire_exp': 1.5532616753672623, 'P_half': 56.22114524476698, 'pre_dampen_half': 13.472769577631588, 'gpp_af': 3.470266988650414, 'gpp_b': 1.3289448722869181e-05, 'gpp_d': 0.012335674846568605, 'ign_k': 0.038563028138793747, 'ign_c': 0.2939463458625969, 'trop_agb_crit': 2.679156169946616, 'trop_k_veg': 4.129715873342729, 'fuel_k': 0.025620781631399487, 'fuel_half': 0.3036855685244964}.
[I 2026-07-22 20:39:26,150] Trial 535 finished with values: [10.074591278738628, 10.074591278738628] and parameters: {'k1': 0.0009299619346742016, 'D_low': 2240.9155921647994, 'k2': 0.06598741607403362, 'D_high': 2742371.6496047364, 'fire_exp': 1.8719045352638064, 'P_half': 93.43302657318476, 'pre_dampen_half': 0.9829324480069707, 'gpp_af': 0.2991469302130216, 'gpp_b': 0.0001484082099455773, 'gpp_d': 12.151631524283598, 'ign_k': 0.0029519227433917453, 'ign_c': 0.13035590385085064, 'trop_agb_crit': 8.983402272488592, 'trop_k_veg': 2.1144348148283285, 'fuel_k': 4.710433409437071, 'fuel_half': 0.17108183937377372}.
[I 2026-07-22 20:39:26,569] Trial 536 finished with values: [10.038554355996121, 10.038554355996121] and parameters: {'k1': 0.00022704877557909215, 'D_low': 216.6574784061471, 'k2': 0.014666151770108535, 'D_high': 2742371.6496047364, 'fire_exp': 1.8719045352638064, 'P_half': 355.00125258511594, 'pre_dampen_half': 13.472769577631588, 'gpp_af': 3.470266988650414, 'gpp_b': 0.0028993292583566945, 'gpp_d': 352.0481045526035, 'ign_k': 0.0029519227433917453, 'ign_c': 17.583640270008498, 'trop_agb_crit': 1.9462015937208994, 'trop_k_veg': 2.1144348148283285, 'fuel_k': 4.710433409437071, 'fuel_half': 1.3323297901105766}.
[I 2026-07-22 20:39:26,987] Trial 537 finished with values: [11.87457721419264, 11.87457721419264] and parameters: {'k1': 0.00021066486017042195, 'D_low': 86.64406862241785, 'k2': 0.0006863458703786212, 'D_high': 7589190.453000005, 'fire_exp': 1.0069538588190927, 'P_half': 2.0598022365449626, 'pre_dampen_half': 272.9378165037472, 'gpp_af': 0.015875524914818664, 'gpp_b': 2.852199954727099e-05, 'gpp_d': 36.831884165358964, 'ign_k': 0.003252245757497283, 'ign_c': 0.4933751600448339, 'trop_agb_crit': 1.6034837661963206, 'trop_k_veg': 2.9556982260250564, 'fuel_k': 0.03201034713747641, 'fuel_half': 1.0889347318773486}.
[I 2026-07-22 20:39:27,409] Trial 538 finished with values: [-0.68085418946997, 0.07591676749281384] and parameters: {'k1': 0.012840669372724958, 'D_low': 7670.934685230384, 'k2': 0.014666151770108535, 'D_high': 2742371.6496047364, 'fire_exp': 1.8719045352638064, 'P_half': 50.34696988263488, 'pre_dampen_half': 13.472769577631588, 'gpp_af': 0.053663001820106804, 'gpp_b': 0.0028993292583566945, 'gpp_d': 352.0481045526035, 'ign_k': 3.965503094323014, 'ign_c': 0.2939463458625969, 'trop_agb_crit': 2.679156169946616, 'trop_k_veg': 6.02985034296454, 'fuel_k': 0.025620781631399487, 'fuel_half': 0.6603566884894324}.
[I 2026-07-22 20:39:27,827] Trial 539 finished with values: [10.753150316372555, 10.753150316372555] and parameters: {'k1': 0.028401063201780267, 'D_low': 1.6752866684650682, 'k2': 9.41736029651194e-05, 'D_high': 2413579.2291304003, 'fire_exp': 1.1234725391720877, 'P_half': 5106.674528526557, 'pre_dampen_half': 16.224010950061366, 'gpp_af': 3.470266988650414, 'gpp_b': 0.004458440839692221, 'gpp_d': 274.48645214004335, 'ign_k': 2.136832907235876, 'ign_c': 30.785541778315018, 'trop_agb_crit': 6.289029460848807, 'trop_k_veg': 4.129715873342729, 'fuel_k': 0.025620781631399487, 'fuel_half': 0.6603566884894324}.
[I 2026-07-22 20:39:28,244] Trial 540 finished with values: [-0.3283105966548279, 0.2754822543134956] and parameters: {'k1': 1.742085881788942e-05, 'D_low': 3103.3332277537256, 'k2': 0.014666151770108535, 'D_high': 34634.27660734638, 'fire_exp': 1.8719045352638064, 'P_half': 93.43302657318476, 'pre_dampen_half': 70.78932406899753, 'gpp_af': 0.2991469302130216, 'gpp_b': 0.0028993292583566945, 'gpp_d': 352.0481045526035, 'ign_k': 0.0029519227433917453, 'ign_c': 0.2939463458625969, 'trop_agb_crit': 2.679156169946616, 'trop_k_veg': 4.129715873342729, 'fuel_k': 4.710433409437071, 'fuel_half': 1.3323297901105766}.
[I 2026-07-22 20:39:28,670] Trial 541 finished with values: [10.660834121072831, 10.660834121072831] and parameters: {'k1': 0.05466937478766079, 'D_low': 86.64406862241785, 'k2': 0.015109086063191909, 'D_high': 6525529.853354094, 'fire_exp': 1.1234725391720877, 'P_half': 56.22114524476698, 'pre_dampen_half': 8.259599205585763, 'gpp_af': 0.05511595477601764, 'gpp_b': 0.00012118589392553798, 'gpp_d': 274.48645214004335, 'ign_k': 3.965503094323014, 'ign_c': 30.785541778315018, 'trop_agb_crit': 10.584071370490857, 'trop_k_veg': 2.724170387400844, 'fuel_k': 0.025620781631399487, 'fuel_half': 1.0889347318773486}.
[I 2026-07-22 20:39:29,090] Trial 542 finished with values: [10.047273108729483, 10.047273108729483] and parameters: {'k1': 0.012840669372724958, 'D_low': 2240.9155921647994, 'k2': 0.0002549709775062065, 'D_high': 2742371.6496047364, 'fire_exp': 1.1234725391720877, 'P_half': 56.22114524476698, 'pre_dampen_half': 70.78932406899753, 'gpp_af': 0.015875524914818664, 'gpp_b': 0.004458440839692221, 'gpp_d': 0.04409594046630608, 'ign_k': 0.038563028138793747, 'ign_c': 0.2939463458625969, 'trop_agb_crit': 6.289029460848807, 'trop_k_veg': 2.9556982260250564, 'fuel_k': 0.025620781631399487, 'fuel_half': 1.3323297901105766}.
[I 2026-07-22 20:39:29,509] Trial 543 finished with values: [-0.39424013305349814, 0.1927316085277968] and parameters: {'k1': 0.00018391807805583142, 'D_low': 35.437765484261625, 'k2': 0.014666151770108535, 'D_high': 693439.2750387826, 'fire_exp': 1.5704801393982246, 'P_half': 44.71679901231308, 'pre_dampen_half': 565.0116730717867, 'gpp_af': 0.015875524914818664, 'gpp_b': 0.005419266601560437, 'gpp_d': 352.0481045526035, 'ign_k': 0.012868405331151606, 'ign_c': 0.12510188850164433, 'trop_agb_crit': 5.613675661974366, 'trop_k_veg': 0.8170196702261714, 'fuel_k': 0.41829719944607047, 'fuel_half': 1.0889347318773486}.
[I 2026-07-22 20:39:29,932] Trial 544 finished with values: [12.820943145034692, 12.820943145034692] and parameters: {'k1': 0.008471801418819975, 'D_low': 1.6752866684650682, 'k2': 0.015109086063191909, 'D_high': 2742371.6496047364, 'fire_exp': 1.5532616753672623, 'P_half': 50.34696988263488, 'pre_dampen_half': 16.224010950061366, 'gpp_af': 3.470266988650414, 'gpp_b': 1.3289448722869181e-05, 'gpp_d': 12.338826503601998, 'ign_k': 2.136832907235876, 'ign_c': 0.25449737887285034, 'trop_agb_crit': 12.647327018493208, 'trop_k_veg': 1.9658897090912955, 'fuel_k': 0.07002142869039267, 'fuel_half': 2.8682386094461343}.
[I 2026-07-22 20:39:30,372] Trial 545 finished with values: [-0.740882138929977, 0.160958311407287] and parameters: {'k1': 0.0006533684593224971, 'D_low': 216.6574784061471, 'k2': 0.0006863458703786212, 'D_high': 693439.2750387826, 'fire_exp': 1.5704801393982246, 'P_half': 355.00125258511594, 'pre_dampen_half': 16.224010950061366, 'gpp_af': 3.470266988650414, 'gpp_b': 2.852199954727099e-05, 'gpp_d': 36.831884165358964, 'ign_k': 2.7142572552186843, 'ign_c': 17.583640270008498, 'trop_agb_crit': 2.7395739167173065, 'trop_k_veg': 3.1470652177597604, 'fuel_k': 0.057024351269772615, 'fuel_half': 0.3036855685244964}.
[I 2026-07-22 20:39:30,807] Trial 546 finished with values: [-0.7496155880372012, 0.09351550899675598] and parameters: {'k1': 0.00022704877557909215, 'D_low': 216.6574784061471, 'k2': 0.00033271381912662167, 'D_high': 2413579.2291304003, 'fire_exp': 1.5532616753672623, 'P_half': 355.00125258511594, 'pre_dampen_half': 16.224010950061366, 'gpp_af': 0.019225729985674112, 'gpp_b': 2.852199954727099e-05, 'gpp_d': 12.338826503601998, 'ign_k': 2.136832907235876, 'ign_c': 17.583640270008498, 'trop_agb_crit': 2.7395739167173065, 'trop_k_veg': 3.1470652177597604, 'fuel_k': 0.07002142869039267, 'fuel_half': 0.3036855685244964}.
[I 2026-07-22 20:39:31,235] Trial 547 finished with values: [-0.578188265042769, 0.24385577982213058] and parameters: {'k1': 8.31416087354964e-05, 'D_low': 35.437765484261625, 'k2': 0.00033271381912662167, 'D_high': 2742371.6496047364, 'fire_exp': 1.2982619388755097, 'P_half': 60.759029110813756, 'pre_dampen_half': 1.5063176818232538, 'gpp_af': 0.015875524914818664, 'gpp_b': 0.00012118589392553798, 'gpp_d': 7.12933025511547, 'ign_k': 3.965503094323014, 'ign_c': 0.12510188850164433, 'trop_agb_crit': 2.679156169946616, 'trop_k_veg': 2.9556982260250564, 'fuel_k': 0.10978148458640455, 'fuel_half': 1.3323297901105766}.
[I 2026-07-22 20:39:31,664] Trial 548 finished with values: [-0.4065830437953779, 0.22819903785556028] and parameters: {'k1': 0.008471801418819975, 'D_low': 3.86371393182755, 'k2': 0.0009562822793888481, 'D_high': 137138.85091300905, 'fire_exp': 1.5532616753672623, 'P_half': 355.00125258511594, 'pre_dampen_half': 9.16302609334724, 'gpp_af': 0.03439139756527846, 'gpp_b': 1.3289448722869181e-05, 'gpp_d': 36.831884165358964, 'ign_k': 0.0011417577140741143, 'ign_c': 0.12510188850164433, 'trop_agb_crit': 8.983402272488592, 'trop_k_veg': 4.633503917129023, 'fuel_k': 4.0632364973692425, 'fuel_half': 3.75205585512428}.
[I 2026-07-22 20:39:32,115] Trial 549 finished with values: [-0.7687574049784638, 0.11762499408012972] and parameters: {'k1': 0.028401063201780267, 'D_low': 16.00237013173313, 'k2': 0.0006863458703786212, 'D_high': 6525529.853354094, 'fire_exp': 1.5704801393982246, 'P_half': 157.80309954142965, 'pre_dampen_half': 16.224010950061366, 'gpp_af': 0.03522602097143089, 'gpp_b': 2.852199954727099e-05, 'gpp_d': 36.831884165358964, 'ign_k': 2.7142572552186843, 'ign_c': 22.126836566118193, 'trop_agb_crit': 2.7395739167173065, 'trop_k_veg': 2.724170387400844, 'fuel_k': 0.10978148458640455, 'fuel_half': 4.1446115222565965}.
[I 2026-07-22 20:39:32,551] Trial 550 finished with values: [10.03472170086995, 10.03472170086995] and parameters: {'k1': 0.012840669372724958, 'D_low': 2240.9155921647994, 'k2': 0.014666151770108535, 'D_high': 2742371.6496047364, 'fire_exp': 1.5532616753672623, 'P_half': 93.43302657318476, 'pre_dampen_half': 13.472769577631588, 'gpp_af': 3.470266988650414, 'gpp_b': 2.176805640408474e-05, 'gpp_d': 352.0481045526035, 'ign_k': 0.01758858073588739, 'ign_c': 44.67752817973901, 'trop_agb_crit': 12.647327018493208, 'trop_k_veg': 2.1144348148283285, 'fuel_k': 5.9775400127657585, 'fuel_half': 1.3323297901105766}.
[I 2026-07-22 20:39:33,013] Trial 551 finished with values: [10.266907753401108, 10.266907753401108] and parameters: {'k1': 0.0009299619346742016, 'D_low': 2240.9155921647994, 'k2': 0.0195165137832656, 'D_high': 2742371.6496047364, 'fire_exp': 1.8719045352638064, 'P_half': 56.22114524476698, 'pre_dampen_half': 0.7245868181143029, 'gpp_af': 0.2991469302130216, 'gpp_b': 1.6081669283634658e-05, 'gpp_d': 274.48645214004335, 'ign_k': 0.038563028138793747, 'ign_c': 0.13035590385085064, 'trop_agb_crit': 10.584071370490857, 'trop_k_veg': 1.034587866621145, 'fuel_k': 0.025620781631399487, 'fuel_half': 0.14265186058187057}.
[I 2026-07-22 20:39:33,443] Trial 552 finished with values: [10.029101819607392, 10.029101819607392] and parameters: {'k1': 0.0009299619346742016, 'D_low': 4592.0086752828765, 'k2': 0.015109086063191909, 'D_high': 693439.2750387826, 'fire_exp': 1.9274583644466141, 'P_half': 44.71679901231308, 'pre_dampen_half': 565.0116730717867, 'gpp_af': 0.015875524914818664, 'gpp_b': 0.005419266601560437, 'gpp_d': 274.48645214004335, 'ign_k': 1.104435084712469, 'ign_c': 0.29126651668813763, 'trop_agb_crit': 2.5275438918356885, 'trop_k_veg': 2.2447221162684823, 'fuel_k': 0.025620781631399487, 'fuel_half': 1.0889347318773486}.
[I 2026-07-22 20:39:33,863] Trial 553 finished with values: [10.375193207810783, 10.375193207810783] and parameters: {'k1': 0.00045102062878998736, 'D_low': 1.6752866684650682, 'k2': 0.014666151770108535, 'D_high': 2742371.6496047364, 'fire_exp': 1.8719045352638064, 'P_half': 93.43302657318476, 'pre_dampen_half': 8.259599205585763, 'gpp_af': 0.053663001820106804, 'gpp_b': 0.0028993292583566945, 'gpp_d': 12.338826503601998, 'ign_k': 0.0029519227433917453, 'ign_c': 22.126836566118193, 'trop_agb_crit': 10.584071370490857, 'trop_k_veg': 1.3987664054208562, 'fuel_k': 0.025620781631399487, 'fuel_half': 0.6603566884894324}.
[I 2026-07-22 20:39:34,288] Trial 554 finished with values: [-0.3915528238880831, 0.2725224245784814] and parameters: {'k1': 0.012840669372724958, 'D_low': 1.6752866684650682, 'k2': 0.0195165137832656, 'D_high': 34634.27660734638, 'fire_exp': 2.14357894201977, 'P_half': 56.22114524476698, 'pre_dampen_half': 70.78932406899753, 'gpp_af': 0.05511595477601764, 'gpp_b': 2.852199954727099e-05, 'gpp_d': 36.831884165358964, 'ign_k': 0.038563028138793747, 'ign_c': 0.2939463458625969, 'trop_agb_crit': 1.6034837661963206, 'trop_k_veg': 1.711191091839882, 'fuel_k': 0.025620781631399487, 'fuel_half': 1.3323297901105766}.
[I 2026-07-22 20:39:34,715] Trial 555 finished with values: [10.282041638836116, 10.282041638836116] and parameters: {'k1': 0.0009299619346742016, 'D_low': 35.437765484261625, 'k2': 0.0006863458703786212, 'D_high': 693439.2750387826, 'fire_exp': 1.5532616753672623, 'P_half': 355.00125258511594, 'pre_dampen_half': 0.7245868181143029, 'gpp_af': 3.470266988650414, 'gpp_b': 1.3289448722869181e-05, 'gpp_d': 450.59526947401275, 'ign_k': 2.7142572552186843, 'ign_c': 0.2939463458625969, 'trop_agb_crit': 9.369518687683199, 'trop_k_veg': 4.050700716504253, 'fuel_k': 5.9775400127657585, 'fuel_half': 1.0889347318773486}.
[I 2026-07-22 20:39:35,141] Trial 556 finished with values: [-0.5751570806419735, 0.11699448972715709] and parameters: {'k1': 0.008471801418819975, 'D_low': 2240.9155921647994, 'k2': 0.00033271381912662167, 'D_high': 2742371.6496047364, 'fire_exp': 1.8719045352638064, 'P_half': 355.00125258511594, 'pre_dampen_half': 1.5063176818232538, 'gpp_af': 3.470266988650414, 'gpp_b': 1.3289448722869181e-05, 'gpp_d': 36.831884165358964, 'ign_k': 3.965503094323014, 'ign_c': 0.2939463458625969, 'trop_agb_crit': 2.679156169946616, 'trop_k_veg': 1.9658897090912955, 'fuel_k': 5.9775400127657585, 'fuel_half': 3.75205585512428}.
[I 2026-07-22 20:39:35,578] Trial 557 finished with values: [10.477993529696374, 10.477993529696374] and parameters: {'k1': 0.0009299619346742016, 'D_low': 86.64406862241785, 'k2': 0.014666151770108535, 'D_high': 2742371.6496047364, 'fire_exp': 1.1234725391720877, 'P_half': 56.22114524476698, 'pre_dampen_half': 14.689407256107613, 'gpp_af': 0.2991469302130216, 'gpp_b': 0.004458440839692221, 'gpp_d': 352.0481045526035, 'ign_k': 0.0029519227433917453, 'ign_c': 0.2939463458625969, 'trop_agb_crit': 2.679156169946616, 'trop_k_veg': 2.1144348148283285, 'fuel_k': 0.025620781631399487, 'fuel_half': 1.3323297901105766}.
[I 2026-07-22 20:39:36,004] Trial 558 finished with values: [-0.35014454847546184, 0.20833356008011672] and parameters: {'k1': 0.008471801418819975, 'D_low': 3907.96715682288, 'k2': 4.207988669606632e-05, 'D_high': 25566.506194206, 'fire_exp': 1.4284956407464617, 'P_half': 1.104970302415413, 'pre_dampen_half': 10.129197956845726, 'gpp_af': 3.470266988650414, 'gpp_b': 0.0008239138919814073, 'gpp_d': 707.2114131472224, 'ign_k': 4.59148521674054, 'ign_c': 0.7068974950624601, 'trop_agb_crit': 1.8559980846490576, 'trop_k_veg': 1.733613253381165, 'fuel_k': 0.07002142869039267, 'fuel_half': 3.75205585512428}.
