[I 2026-07-25 00:39:29,364] Trial 1307 finished with value: 0.47193288988977566 and parameters: {'k1': 0.0373709878981852, 'D_low': 306.9769774327726, 'k2': 0.03436591044599522, 'D_high': 1563159.245131539, 'fire_exp': 1.438911823663079, 'P_half': 1092.009098262943, 'pre_dampen_half': 120.36518676862823, 'gpp_af': 0.03436518909917377, 'gpp_b': 1.1531599183180845e-05, 'gpp_d': 521.2835517603021, 'ign_k': 0.00895163396720511, 'ign_c': 14.396575699012383, 'trop_agb_crit': 12.086667795054932, 'trop_k_veg': 0.5264054018533838, 'gdp_gamma': 0.30109523619690126, 'cure_k': 0.0019179635783721162, 'cure_p_min': 268.27700262628963, 'cure_gpp_ref': 0.1357112098109274, 'cure_agb_crit': 4.398546586240419, 'fuel_k': 0.10703343885916015, 'fuel_half': 48.27022921213707}. Best is trial 1132 with value: -0.6317570269256394.
[I 2026-07-25 00:39:29,827] Trial 1308 finished with value: 0.5534542804980875 and parameters: {'k1': 0.045089469351055074, 'D_low': 299.1567039251515, 'k2': 1.8274642335201757e-05, 'D_high': 877732.6437155629, 'fire_exp': 1.6284797371363648, 'P_half': 88.95311510880212, 'pre_dampen_half': 0.0649615312537738, 'gpp_af': 0.22972868152913567, 'gpp_b': 0.6702624180962343, 'gpp_d': 4.950064985896664, 'ign_k': 0.5206514570949491, 'ign_c': 14.503480666546878, 'trop_agb_crit': 8.132920255431875, 'trop_k_veg': 3.742193501077077, 'gdp_gamma': 0.2114879536782269, 'cure_k': 0.07829518836414433, 'cure_p_min': 379.8860146957597, 'cure_gpp_ref': 0.7973041914105646, 'cure_agb_crit': 3.2946297883098477, 'fuel_k': 0.2392722470273624, 'fuel_half': 4.003489207643787}. Best is trial 1132 with value: -0.6317570269256394.
[I 2026-07-25 00:39:30,293] Trial 1309 finished with value: -0.586431071755562 and parameters: {'k1': 0.03371321046878984, 'D_low': 2874.8613423186634, 'k2': 0.046636791219893045, 'D_high': 8822547.723257173, 'fire_exp': 1.3052611751502872, 'P_half': 794.760279221203, 'pre_dampen_half': 220.36210888150674, 'gpp_af': 0.007825856196710267, 'gpp_b': 0.0012839606646876463, 'gpp_d': 36.089630330850596, 'ign_k': 0.015592302876535081, 'ign_c': 36.306762049135806, 'trop_agb_crit': 17.395481412747287, 'trop_k_veg': 0.5935782654509655, 'gdp_gamma': 1.4582124657695739, 'cure_k': 0.005880852444261402, 'cure_p_min': 221.81411890779137, 'cure_gpp_ref': 0.8267777849474597, 'cure_agb_crit': 2.5223287181955962, 'fuel_k': 0.27378884715680646, 'fuel_half': 97.77609799006937}. Best is trial 1132 with value: -0.6317570269256394.
[I 2026-07-25 00:39:30,759] Trial 1310 finished with value: -0.5974631891398344 and parameters: {'k1': 0.04761777902928976, 'D_low': 580.5921790416272, 'k2': 0.0002074751532370964, 'D_high': 3551694.3576376294, 'fire_exp': 2.7106995763053883, 'P_half': 186.24884824868846, 'pre_dampen_half': 0.14613200516249164, 'gpp_af': 0.1872749263673006, 'gpp_b': 0.0025938054776265987, 'gpp_d': 46.29061367243569, 'ign_k': 0.030716456387359807, 'ign_c': 28.729945092514203, 'trop_agb_crit': 5.357105596596825, 'trop_k_veg': 7.324664281694609, 'gdp_gamma': 1.292503318877082, 'cure_k': 0.10948439833092297, 'cure_p_min': 354.09568495589536, 'cure_gpp_ref': 1.7645267763787134, 'cure_agb_crit': 2.879952140496857, 'fuel_k': 0.022206454959800562, 'fuel_half': 0.9721007576358061}. Best is trial 1132 with value: -0.6317570269256394.
[I 2026-07-25 00:39:31,227] Trial 1311 finished with value: 0.551406610425387 and parameters: {'k1': 0.009484790103662634, 'D_low': 25.23400001425016, 'k2': 5.992868394296116e-05, 'D_high': 544805.0877031565, 'fire_exp': 1.4082647681706215, 'P_half': 269.16844269027445, 'pre_dampen_half': 0.11993600808471999, 'gpp_af': 2.3914214128698785, 'gpp_b': 0.8381204822620231, 'gpp_d': 211.74505786505947, 'ign_k': 0.04067891918552793, 'ign_c': 5.133856830643179, 'trop_agb_crit': 5.554315576164701, 'trop_k_veg': 7.633328873115625, 'gdp_gamma': 0.15174792995137365, 'cure_k': 0.03423215724328084, 'cure_p_min': 283.4791179291565, 'cure_gpp_ref': 0.8084897723430201, 'cure_agb_crit': 2.9662111465235013, 'fuel_k': 0.014458998968393843, 'fuel_half': 1.1598488578529238}. Best is trial 1132 with value: -0.6317570269256394.
[I 2026-07-25 00:39:31,687] Trial 1312 finished with value: 0.601703867868679 and parameters: {'k1': 0.000604660348913667, 'D_low': 48.964998170097424, 'k2': 0.0005857554054512236, 'D_high': 1608209.5439386014, 'fire_exp': 1.1457936263930188, 'P_half': 1.075290905823227, 'pre_dampen_half': 7.677135577128721, 'gpp_af': 0.04243338212459904, 'gpp_b': 0.010373984666917642, 'gpp_d': 0.21715497556477797, 'ign_k': 0.7603150697021882, 'ign_c': 1.1611661574746321, 'trop_agb_crit': 6.078170372914158, 'trop_k_veg': 4.40800603318152, 'gdp_gamma': 1.751212919538375, 'cure_k': 0.002958591915569452, 'cure_p_min': 255.73379420797218, 'cure_gpp_ref': 1.548679634809692, 'cure_agb_crit': 3.165333754423979, 'fuel_k': 1.536013923503234, 'fuel_half': 13.715935580917685}. Best is trial 1132 with value: -0.6317570269256394.
[I 2026-07-25 00:39:32,161] Trial 1313 finished with value: -0.5433950136337321 and parameters: {'k1': 1.658611474435441e-05, 'D_low': 2355.3556041001066, 'k2': 0.00592569730100371, 'D_high': 8332563.868502583, 'fire_exp': 1.0589932646910887, 'P_half': 2151.548821238035, 'pre_dampen_half': 0.04064985088024196, 'gpp_af': 16.901799367824797, 'gpp_b': 0.004147484045483487, 'gpp_d': 5.44967474045041, 'ign_k': 0.0015203130240913144, 'ign_c': 30.605037028850678, 'trop_agb_crit': 11.835197394454578, 'trop_k_veg': 0.6045038106738477, 'gdp_gamma': 1.5885343687963198, 'cure_k': 0.08132900256200915, 'cure_p_min': 88.12413083760343, 'cure_gpp_ref': 0.108642644037292, 'cure_agb_crit': 1.1443996272744736, 'fuel_k': 1.0066578929282226, 'fuel_half': 96.55747816034537}. Best is trial 1132 with value: -0.6317570269256394.
[I 2026-07-25 00:39:32,626] Trial 1314 finished with value: -0.6062974214035708 and parameters: {'k1': 0.0002369053799358986, 'D_low': 2.5606766532180676, 'k2': 1.052094474454861e-05, 'D_high': 456402.38588329003, 'fire_exp': 1.0085204535683177, 'P_half': 111.33059047480258, 'pre_dampen_half': 0.12612176610927886, 'gpp_af': 4.693986196021812, 'gpp_b': 0.6278517839005425, 'gpp_d': 363.74117555689037, 'ign_k': 0.04019820101402037, 'ign_c': 0.3567287300675521, 'trop_agb_crit': 5.1621150320473514, 'trop_k_veg': 5.325750647752181, 'gdp_gamma': 0.8472152484575661, 'cure_k': 0.04417204597256488, 'cure_p_min': 276.0436102340599, 'cure_gpp_ref': 0.9152316847516392, 'cure_agb_crit': 2.7705366282807438, 'fuel_k': 0.03598623672798733, 'fuel_half': 0.22239035528999132}. Best is trial 1132 with value: -0.6317570269256394.
[I 2026-07-25 00:39:33,094] Trial 1315 finished with value: -0.5925152387843464 and parameters: {'k1': 0.0005118835024030189, 'D_low': 30.025986157428694, 'k2': 4.667365724507496e-05, 'D_high': 375039.8431213332, 'fire_exp': 1.0951502763693963, 'P_half': 632.3274308301144, 'pre_dampen_half': 0.022058266344096772, 'gpp_af': 26.59146047846852, 'gpp_b': 6.105984648777287, 'gpp_d': 718.8138579269571, 'ign_k': 0.050473491233621964, 'ign_c': 0.551854095518393, 'trop_agb_crit': 2.990979592964367, 'trop_k_veg': 4.488724455811616, 'gdp_gamma': 0.5976521183024129, 'cure_k': 0.0980908772937265, 'cure_p_min': 139.69484869411323, 'cure_gpp_ref': 1.1927286364858771, 'cure_agb_crit': 2.9311612268402696, 'fuel_k': 0.0137033058489451, 'fuel_half': 0.5187225179042118}. Best is trial 1132 with value: -0.6317570269256394.
[I 2026-07-25 00:39:33,553] Trial 1316 finished with value: -0.6139002630290391 and parameters: {'k1': 0.00015593152412866692, 'D_low': 67.83075428374588, 'k2': 0.000633380889918218, 'D_high': 3763500.146704436, 'fire_exp': 1.5676317131831654, 'P_half': 446.74001879719765, 'pre_dampen_half': 0.6133140037775279, 'gpp_af': 0.11131682730687387, 'gpp_b': 0.007373319633336613, 'gpp_d': 74.01788378174491, 'ign_k': 1.0430814368110424, 'ign_c': 15.75796757806423, 'trop_agb_crit': 2.0514901899279447, 'trop_k_veg': 2.018247172308573, 'gdp_gamma': 0.8913128147875714, 'cure_k': 0.014009018303256262, 'cure_p_min': 286.9369007741929, 'cure_gpp_ref': 0.8852078431668121, 'cure_agb_crit': 3.0500340377504678, 'fuel_k': 2.0000993959454454, 'fuel_half': 7.295528995288987}. Best is trial 1132 with value: -0.6317570269256394.
[I 2026-07-25 00:39:34,014] Trial 1317 finished with value: 0.41697912429765827 and parameters: {'k1': 6.640674603317189e-05, 'D_low': 214.98918499702964, 'k2': 0.00016749478780119846, 'D_high': 396929.38104381936, 'fire_exp': 2.6121939068055324, 'P_half': 23.692595656984334, 'pre_dampen_half': 6.562239413239891, 'gpp_af': 16.277968279477026, 'gpp_b': 0.9593779264771656, 'gpp_d': 399.28409831015574, 'ign_k': 0.023695326497437504, 'ign_c': 0.12192455838897268, 'trop_agb_crit': 1.8373871188228508, 'trop_k_veg': 5.353318012015801, 'gdp_gamma': 0.8600379328494778, 'cure_k': 0.009847957150777787, 'cure_p_min': 326.65247741604156, 'cure_gpp_ref': 0.8642649986470696, 'cure_agb_crit': 1.9652461955321097, 'fuel_k': 0.1747681613949629, 'fuel_half': 0.24339298201241144}. Best is trial 1132 with value: -0.6317570269256394.
[I 2026-07-25 00:39:34,484] Trial 1318 finished with value: 0.4900033365041472 and parameters: {'k1': 0.005784153967971359, 'D_low': 75.83758843908383, 'k2': 0.00012573975878096347, 'D_high': 215837.16008738987, 'fire_exp': 1.2993261394045714, 'P_half': 681.1011894421448, 'pre_dampen_half': 0.31481469577424603, 'gpp_af': 29.4069691516145, 'gpp_b': 0.10079075825076744, 'gpp_d': 41.28215047702851, 'ign_k': 0.6736692899077705, 'ign_c': 0.8489199937112082, 'trop_agb_crit': 6.2204911642739456, 'trop_k_veg': 7.82907376546589, 'gdp_gamma': 0.30476613859963525, 'cure_k': 0.006191639040729253, 'cure_p_min': 392.35714604578453, 'cure_gpp_ref': 0.35407065009396477, 'cure_agb_crit': 3.474520125693021, 'fuel_k': 0.026941608450964577, 'fuel_half': 0.10673080267189085}. Best is trial 1132 with value: -0.6317570269256394.
[I 2026-07-25 00:39:34,948] Trial 1319 finished with value: -0.5662142270210552 and parameters: {'k1': 0.0008579144230437546, 'D_low': 28.609463848749286, 'k2': 0.006563761948884937, 'D_high': 3079.4846209887564, 'fire_exp': 1.6729590726050272, 'P_half': 123.73211026455186, 'pre_dampen_half': 0.08725295523962982, 'gpp_af': 0.5144356497375179, 'gpp_b': 0.009942836390097165, 'gpp_d': 55.4949317894549, 'ign_k': 0.6902157792845294, 'ign_c': 129.2079321925748, 'trop_agb_crit': 2.1276473293915092, 'trop_k_veg': 3.074122612428331, 'gdp_gamma': 0.5812645635442831, 'cure_k': 0.16497221682017935, 'cure_p_min': 341.45436933715536, 'cure_gpp_ref': 1.0266628518535834, 'cure_agb_crit': 2.880010969385474, 'fuel_k': 1.1010765295387142, 'fuel_half': 18.094315193075122}. Best is trial 1132 with value: -0.6317570269256394.
[I 2026-07-25 00:39:35,409] Trial 1320 finished with value: 0.6037683955824974 and parameters: {'k1': 6.994861840841688e-05, 'D_low': 330.58546259207253, 'k2': 0.0008500917257494348, 'D_high': 622885.0842844942, 'fire_exp': 2.454358849834425, 'P_half': 143.1970262184986, 'pre_dampen_half': 6.534001010798037, 'gpp_af': 0.0019996449441840947, 'gpp_b': 0.00021743749966834542, 'gpp_d': 2.4065427544462765, 'ign_k': 1.1840056473436718, 'ign_c': 39.77551827036859, 'trop_agb_crit': 1.402517438283769, 'trop_k_veg': 1.4629066292707453, 'gdp_gamma': 1.0640800834862412, 'cure_k': 0.00666727062214757, 'cure_p_min': 379.0288060590958, 'cure_gpp_ref': 0.41813973508542707, 'cure_agb_crit': 4.4333528174808, 'fuel_k': 1.6667867064384618, 'fuel_half': 65.2843681798888}. Best is trial 1132 with value: -0.6317570269256394.
[I 2026-07-25 00:39:35,871] Trial 1321 finished with value: 0.4720038499375022 and parameters: {'k1': 0.00018904933902783022, 'D_low': 75.39671098528632, 'k2': 0.0010818241523841445, 'D_high': 2401815.468939921, 'fire_exp': 1.0476975270722482, 'P_half': 333.1448975188673, 'pre_dampen_half': 0.13876848045957138, 'gpp_af': 1.8255845895838438, 'gpp_b': 0.0004034933424699279, 'gpp_d': 112.74536162364055, 'ign_k': 0.2407977193120462, 'ign_c': 3.9758189448179135, 'trop_agb_crit': 1.1474753892644518, 'trop_k_veg': 1.665303284152818, 'gdp_gamma': 0.9036731677200479, 'cure_k': 0.0012046584825365404, 'cure_p_min': 395.66348151092484, 'cure_gpp_ref': 1.3448479187170337, 'cure_agb_crit': 2.64239437190248, 'fuel_k': 0.8876089431081275, 'fuel_half': 10.157528304190217}. Best is trial 1132 with value: -0.6317570269256394.
[I 2026-07-25 00:39:36,340] Trial 1322 finished with value: 0.5541100835075718 and parameters: {'k1': 0.00031620214681956797, 'D_low': 1.3155022884287688, 'k2': 1.702924625590971e-05, 'D_high': 51288.45601749594, 'fire_exp': 1.3736590531463981, 'P_half': 435.2694505475757, 'pre_dampen_half': 0.2916287009199176, 'gpp_af': 6.148911415113643, 'gpp_b': 3.8761641870037487, 'gpp_d': 747.6034489840004, 'ign_k': 0.01610820951490037, 'ign_c': 0.35705219146728284, 'trop_agb_crit': 2.585164137502503, 'trop_k_veg': 5.787582826322406, 'gdp_gamma': 0.6547439720014638, 'cure_k': 0.016210649009423733, 'cure_p_min': 296.04732225217487, 'cure_gpp_ref': 1.005731458258809, 'cure_agb_crit': 4.38012543536462, 'fuel_k': 0.021547223171450098, 'fuel_half': 0.20113294792344055}. Best is trial 1132 with value: -0.6317570269256394.
[I 2026-07-25 00:39:36,801] Trial 1323 finished with value: 0.4417466669208292 and parameters: {'k1': 0.0003065468037312587, 'D_low': 261.2366166014456, 'k2': 1.1080655708334865e-05, 'D_high': 1163428.9292804075, 'fire_exp': 2.408818786186641, 'P_half': 159.628590642171, 'pre_dampen_half': 0.3250836317813027, 'gpp_af': 3.158993097343605, 'gpp_b': 0.015396598073357066, 'gpp_d': 16.928144733926924, 'ign_k': 4.277202357568553, 'ign_c': 3.494251154932082, 'trop_agb_crit': 1.9451334988531512, 'trop_k_veg': 1.6133814572824319, 'gdp_gamma': 1.1384499786146463, 'cure_k': 0.05656305909281481, 'cure_p_min': 289.91946322704734, 'cure_gpp_ref': 0.77617228623265, 'cure_agb_crit': 3.7580694245594417, 'fuel_k': 3.9961061858464735, 'fuel_half': 9.11379667989066}. Best is trial 1132 with value: -0.6317570269256394.
[I 2026-07-25 00:39:37,262] Trial 1324 finished with value: 0.5904023302456857 and parameters: {'k1': 0.0013227632250557787, 'D_low': 92.64285126798397, 'k2': 0.0005235348250475046, 'D_high': 98085.88851476026, 'fire_exp': 1.39078999312925, 'P_half': 1417.7507358541932, 'pre_dampen_half': 0.12584018044711465, 'gpp_af': 0.8657002256228971, 'gpp_b': 9.941187019956795, 'gpp_d': 361.6827371737643, 'ign_k': 0.6238176367162288, 'ign_c': 0.38118817762411683, 'trop_agb_crit': 4.627600930750896, 'trop_k_veg': 6.074253350098027, 'gdp_gamma': 0.30119896994123246, 'cure_k': 0.008423432549957562, 'cure_p_min': 249.2305477287179, 'cure_gpp_ref': 0.9424511115659435, 'cure_agb_crit': 1.9516463076151436, 'fuel_k': 0.05830390509707367, 'fuel_half': 0.38878236918858705}. Best is trial 1132 with value: -0.6317570269256394.
[I 2026-07-25 00:39:37,731] Trial 1325 finished with value: 0.5976634864153509 and parameters: {'k1': 0.030556217166391616, 'D_low': 169813.94325999182, 'k2': 0.05797836306716617, 'D_high': 2685.562072697904, 'fire_exp': 3.3028943982079815, 'P_half': 58.49160100186893, 'pre_dampen_half': 82.23550989360963, 'gpp_af': 0.015613541360685322, 'gpp_b': 6.793630749922694e-05, 'gpp_d': 812.483257444861, 'ign_k': 0.0035896603317796018, 'ign_c': 38.924180646127446, 'trop_agb_crit': 10.948506079567858, 'trop_k_veg': 1.1848284296122777, 'gdp_gamma': 1.0629108218863959, 'cure_k': 0.009746300326848931, 'cure_p_min': 171.94585057782777, 'cure_gpp_ref': 0.42550548849596576, 'cure_agb_crit': 3.261906084008448, 'fuel_k': 0.16624865210288772, 'fuel_half': 0.622147926823954}. Best is trial 1132 with value: -0.6317570269256394.
[I 2026-07-25 00:39:38,226] Trial 1326 finished with value: 0.523637758796187 and parameters: {'k1': 0.00010756311101289916, 'D_low': 53.71450961300968, 'k2': 0.0004505848490057803, 'D_high': 4606840.328167921, 'fire_exp': 1.425158893696042, 'P_half': 3049.445230329957, 'pre_dampen_half': 0.05138078169056773, 'gpp_af': 0.08090494190475513, 'gpp_b': 0.006749342985511168, 'gpp_d': 12.49748974116899, 'ign_k': 1.436732489545021, 'ign_c': 6.371864743204538, 'trop_agb_crit': 2.0895987134854086, 'trop_k_veg': 2.731939453286953, 'gdp_gamma': 0.602623538393869, 'cure_k': 0.03260684850136017, 'cure_p_min': 336.87906626893596, 'cure_gpp_ref': 1.1669575396705532, 'cure_agb_crit': 2.08266888660713, 'fuel_k': 1.0833439350956546, 'fuel_half': 4.146570640460027}. Best is trial 1132 with value: -0.6317570269256394.
[I 2026-07-25 00:39:38,701] Trial 1327 finished with value: 0.4385067837005098 and parameters: {'k1': 1.2990277341284652e-05, 'D_low': 9.752699970259517, 'k2': 8.695566742503776e-05, 'D_high': 1516691.1838667989, 'fire_exp': 1.1944031575742857, 'P_half': 593.0038206806794, 'pre_dampen_half': 0.03273170514760613, 'gpp_af': 0.7502703351567962, 'gpp_b': 0.16633197623387647, 'gpp_d': 3.2750197684858398, 'ign_k': 0.12213935120766548, 'ign_c': 0.5275416984896325, 'trop_agb_crit': 6.7821785401182195, 'trop_k_veg': 2.608552063583731, 'gdp_gamma': 1.753626315975316, 'cure_k': 0.04919975712030638, 'cure_p_min': 241.69804479543527, 'cure_gpp_ref': 0.3788605077161086, 'cure_agb_crit': 4.090966693024095, 'fuel_k': 0.011074723679118303, 'fuel_half': 0.15076786667980047}. Best is trial 1132 with value: -0.6317570269256394.
[I 2026-07-25 00:39:39,163] Trial 1328 finished with value: 0.5810427282752554 and parameters: {'k1': 0.00018399672293479663, 'D_low': 1.5159911175714573, 'k2': 2.0346678160664582e-05, 'D_high': 640202.5382435271, 'fire_exp': 1.3231547296074821, 'P_half': 305.83924959271997, 'pre_dampen_half': 0.1859649867005295, 'gpp_af': 12.596052292043069, 'gpp_b': 0.2525827028510527, 'gpp_d': 1.7766166515557211, 'ign_k': 0.014725811750816921, 'ign_c': 0.257320576415347, 'trop_agb_crit': 3.7706394623959687, 'trop_k_veg': 2.5168533920250855, 'gdp_gamma': 0.12617717259836916, 'cure_k': 0.051613204397441124, 'cure_p_min': 271.257706650371, 'cure_gpp_ref': 0.3082775364901046, 'cure_agb_crit': 2.8364235030569134, 'fuel_k': 0.2061872546144642, 'fuel_half': 1.0189138214588271}. Best is trial 1132 with value: -0.6317570269256394.
[I 2026-07-25 00:39:39,757] Trial 1329 finished with value: -0.6164811241129703 and parameters: {'k1': 0.0003542795432802114, 'D_low': 2.8245980830469803, 'k2': 4.18791245498857e-05, 'D_high': 901300.943003131, 'fire_exp': 1.7345602805828706, 'P_half': 30.087411213133482, 'pre_dampen_half': 3.1082092054620656, 'gpp_af': 0.11567718983008335, 'gpp_b': 0.04994485327775294, 'gpp_d': 153.5606615717025, 'ign_k': 0.0049730968179575565, 'ign_c': 0.956501597322486, 'trop_agb_crit': 12.939948595925449, 'trop_k_veg': 3.651015355501659, 'gdp_gamma': 1.8791622364631728, 'cure_k': 0.04608151843461623, 'cure_p_min': 293.4734360990777, 'cure_gpp_ref': 0.24916009902073036, 'cure_agb_crit': 5.0744113775314945, 'fuel_k': 0.0738256719714695, 'fuel_half': 0.13040592619073088}. Best is trial 1132 with value: -0.6317570269256394.
[I 2026-07-25 00:39:40,221] Trial 1330 finished with value: 0.531648764805217 and parameters: {'k1': 5.8657210747358845e-05, 'D_low': 2.3063442115476143, 'k2': 0.0001611525765378431, 'D_high': 2396285.8544632, 'fire_exp': 1.0972750729951222, 'P_half': 26.65731041414532, 'pre_dampen_half': 0.11412490555831152, 'gpp_af': 0.37476516679254657, 'gpp_b': 0.5380289607390397, 'gpp_d': 334.92121365783026, 'ign_k': 0.04971445307012058, 'ign_c': 0.193701867668171, 'trop_agb_crit': 4.900812401660703, 'trop_k_veg': 5.352247419507611, 'gdp_gamma': 0.2978664785853036, 'cure_k': 0.04754592131913994, 'cure_p_min': 221.80917208009876, 'cure_gpp_ref': 1.5986416406401713, 'cure_agb_crit': 2.4698660896590257, 'fuel_k': 0.1478465882690748, 'fuel_half': 0.17081794891301633}. Best is trial 1132 with value: -0.6317570269256394.
[I 2026-07-25 00:39:40,680] Trial 1331 finished with value: -0.6190447753502523 and parameters: {'k1': 0.07309318944844632, 'D_low': 77.23011798158366, 'k2': 0.011113591608625064, 'D_high': 8818058.293780642, 'fire_exp': 2.093267124721401, 'P_half': 207.32070317682587, 'pre_dampen_half': 8.069469730483377, 'gpp_af': 0.007794566565757295, 'gpp_b': 0.00017828518400915926, 'gpp_d': 0.020843965482269397, 'ign_k': 0.05250198799527129, 'ign_c': 9.855827687868839, 'trop_agb_crit': 11.948604456975696, 'trop_k_veg': 1.3932489352745063, 'gdp_gamma': 1.9440751663380447, 'cure_k': 0.0012483815541786565, 'cure_p_min': 274.4940209212821, 'cure_gpp_ref': 0.5067722037201536, 'cure_agb_crit': 1.1972505745142605, 'fuel_k': 0.013638711229862016, 'fuel_half': 47.70369586934456}. Best is trial 1132 with value: -0.6317570269256394.
[I 2026-07-25 00:39:41,143] Trial 1332 finished with value: 0.5422221592990987 and parameters: {'k1': 0.0004343628298441694, 'D_low': 86.55348246256213, 'k2': 3.920306957443396e-05, 'D_high': 75797.6911676223, 'fire_exp': 1.2994284325825938, 'P_half': 17.617594202389665, 'pre_dampen_half': 0.0671736970999927, 'gpp_af': 0.03236776944217424, 'gpp_b': 1.6787389456911503, 'gpp_d': 199.40522029574007, 'ign_k': 0.04572834031725507, 'ign_c': 2.721311287254416, 'trop_agb_crit': 6.321253558019096, 'trop_k_veg': 5.218787497833382, 'gdp_gamma': 0.3977718485760533, 'cure_k': 0.0929791477758566, 'cure_p_min': 338.097122458143, 'cure_gpp_ref': 0.30510248621568525, 'cure_agb_crit': 2.3515230919432004, 'fuel_k': 0.08757400785391568, 'fuel_half': 0.13400227490620947}. Best is trial 1132 with value: -0.6317570269256394.
