[I 2026-08-20 01:16:51,805] Trial 2016 finished with value: 0.6445374145881376 and parameters: {'k1': 2.9646436761214537e-05, 'D_low': 42.4419011732787, 'k2': 0.024674484977221637, 'D_high': 2418561.922297036, 'fire_exp': 1.361669038952654, 'P_half': 1.9448726603751834, 'pre_dampen_half': 8.948647031033627, 'gpp_af': 0.017379181009550895, 'gpp_b': 0.00026011016537171776, 'gpp_d': 18.661083841965638, 'ign_k': 2.9357165813844768, 'ign_c': 506.2018112050652, 'trop_agb_crit': 5.992971019594431, 'trop_k_veg': 3.2486618041615833, 'pop_amp': 2.528584970997824, 'pop_peak': 2.3581169635588806, 'pop_sig': 0.33133023160813074}. Best is trial 1128 with value: -0.620386984093161.
[I 2026-08-20 01:16:53,890] Trial 2017 finished with value: 0.6363929147015274 and parameters: {'k1': 0.02309852451134252, 'D_low': 496.16029470563325, 'k2': 0.009389645110783738, 'D_high': 11.238040773228763, 'fire_exp': 5.595443337269558, 'P_half': 13.974181937159578, 'pre_dampen_half': 68.51433552741452, 'gpp_af': 0.003649161262381517, 'gpp_b': 1.9353185221517915e-05, 'gpp_d': 3.0608125462758204, 'ign_k': 0.0017998217337407494, 'ign_c': 1.295615216199512, 'trop_agb_crit': 1.5744154457138104, 'trop_k_veg': 0.9240780496648942, 'pop_amp': 0.014039307170127973, 'pop_peak': 0.06849544004595877, 'pop_sig': 0.3825484541207334}. Best is trial 1128 with value: -0.620386984093161.
[I 2026-08-20 01:16:55,494] Trial 2018 finished with value: 0.5202330768343915 and parameters: {'k1': 3.62610741542192e-05, 'D_low': 4.270057573327446, 'k2': 0.00020227570834748925, 'D_high': 274254.1318712176, 'fire_exp': 3.692469942260302, 'P_half': 2.786497586710161, 'pre_dampen_half': 1.091460285175637, 'gpp_af': 0.0045227086615557245, 'gpp_b': 1.3517002739549831e-05, 'gpp_d': 205.41083250858918, 'ign_k': 9.26272681835492, 'ign_c': 2.7817011632857653, 'trop_agb_crit': 5.06868655019897, 'trop_k_veg': 4.767030988494022, 'pop_amp': 0.37826773636780997, 'pop_peak': 38.402146325505214, 'pop_sig': 0.4891488469186409}. Best is trial 1128 with value: -0.620386984093161.
[I 2026-08-20 01:16:57,079] Trial 2019 finished with value: -0.5177740720226571 and parameters: {'k1': 0.0008812874445497409, 'D_low': 12.373097160165607, 'k2': 0.0011481451565020782, 'D_high': 1656666.7992955036, 'fire_exp': 3.9757650341832425, 'P_half': 16.480239971752436, 'pre_dampen_half': 63.887171374497825, 'gpp_af': 0.08040014453936323, 'gpp_b': 2.6840191087089573e-05, 'gpp_d': 3.897831742405233, 'ign_k': 0.7553391592067835, 'ign_c': 25.07489017828839, 'trop_agb_crit': 5.681994175388492, 'trop_k_veg': 1.48732860692313, 'pop_amp': 1.218743848111965, 'pop_peak': 74.19741387802641, 'pop_sig': 1.8383812396479218}. Best is trial 1128 with value: -0.620386984093161.
[I 2026-08-20 01:16:58,632] Trial 2020 finished with value: 0.6805280881965925 and parameters: {'k1': 0.00040707506139136905, 'D_low': 17.6605415942904, 'k2': 0.00020383298177846103, 'D_high': 185632.32923002043, 'fire_exp': 1.9422496759573264, 'P_half': 14.183021136654059, 'pre_dampen_half': 4.3194684610383725, 'gpp_af': 0.043923179024500617, 'gpp_b': 1.5661000732890438e-05, 'gpp_d': 1.6575060363606895, 'ign_k': 1.4878938795378025, 'ign_c': 1.8691256052563814, 'trop_agb_crit': 8.335478628612606, 'trop_k_veg': 0.754249104942843, 'pop_amp': 10.948351632914704, 'pop_peak': 0.5268654885278917, 'pop_sig': 1.647586312680417}. Best is trial 1128 with value: -0.620386984093161.
[I 2026-08-20 01:17:00,192] Trial 2021 finished with value: -0.5843843208508261 and parameters: {'k1': 0.024893460430536713, 'D_low': 95.53099081181287, 'k2': 0.00017765099474544244, 'D_high': 621442.3367279603, 'fire_exp': 2.029986538149493, 'P_half': 2.8880565902419493, 'pre_dampen_half': 6.67282095202637, 'gpp_af': 0.022917595339447566, 'gpp_b': 0.0003897458974008817, 'gpp_d': 767.2514446792561, 'ign_k': 1.24865536432557, 'ign_c': 12.657851318928715, 'trop_agb_crit': 1.6000146066642875, 'trop_k_veg': 0.9849188664752773, 'pop_amp': 0.0010837927248392417, 'pop_peak': 8.820644947804999, 'pop_sig': 0.7556086362649937}. Best is trial 1128 with value: -0.620386984093161.
[I 2026-08-20 01:17:01,774] Trial 2022 finished with value: 0.6488603159691596 and parameters: {'k1': 0.0012211939138118927, 'D_low': 4.051422724761301, 'k2': 0.0023797117504449046, 'D_high': 884168.6863198095, 'fire_exp': 1.1535486615479498, 'P_half': 1.4126483941842598, 'pre_dampen_half': 81.50297489921763, 'gpp_af': 0.11031190483964676, 'gpp_b': 0.001189724925610762, 'gpp_d': 390.2245929849692, 'ign_k': 1.875033305600393, 'ign_c': 4.4126337668756355, 'trop_agb_crit': 2.551804044920964, 'trop_k_veg': 5.572408998313477, 'pop_amp': 4.761103262527802, 'pop_peak': 36.932059762130784, 'pop_sig': 0.37042025903283204}. Best is trial 1128 with value: -0.620386984093161.
[I 2026-08-20 01:17:03,355] Trial 2023 finished with value: 0.4239249937268196 and parameters: {'k1': 0.00022438967463286023, 'D_low': 1587.2914419017732, 'k2': 0.003412175612402417, 'D_high': 2394554.859782981, 'fire_exp': 1.409994075262305, 'P_half': 36.50925006416529, 'pre_dampen_half': 2.4345226325395126, 'gpp_af': 0.5721324370817158, 'gpp_b': 2.0713359889483503e-05, 'gpp_d': 907.0005117106432, 'ign_k': 0.9589644481328596, 'ign_c': 4.063169368526918, 'trop_agb_crit': 3.4382602554952144, 'trop_k_veg': 7.667548951534599, 'pop_amp': 0.0055333863762478015, 'pop_peak': 9.526942401719907, 'pop_sig': 0.37952513149963374}. Best is trial 1128 with value: -0.620386984093161.
[I 2026-08-20 01:17:04,876] Trial 2024 finished with value: 0.570727764018595 and parameters: {'k1': 5.024578282889637e-05, 'D_low': 45.69735338352397, 'k2': 0.008874954594226533, 'D_high': 1110713.748721066, 'fire_exp': 4.742861129992741, 'P_half': 379.24689924461126, 'pre_dampen_half': 0.44358459725399496, 'gpp_af': 0.0030140755247779066, 'gpp_b': 2.2179332387644612e-05, 'gpp_d': 89.2353993583786, 'ign_k': 0.566479541944892, 'ign_c': 17.838782245404765, 'trop_agb_crit': 6.612957673788677, 'trop_k_veg': 1.7232407296259193, 'pop_amp': 0.589019760906872, 'pop_peak': 2.343347427738021, 'pop_sig': 2.270756280280061}. Best is trial 1128 with value: -0.620386984093161.
[I 2026-08-20 01:17:06,426] Trial 2025 finished with value: 0.5995089283397207 and parameters: {'k1': 1.3201811974985608e-05, 'D_low': 1.1511413818732552, 'k2': 0.00825708126949594, 'D_high': 4561915.990503767, 'fire_exp': 3.0115585524746367, 'P_half': 10.288935180104593, 'pre_dampen_half': 8.886891246818665, 'gpp_af': 0.0025834275793889102, 'gpp_b': 0.00016978603120429967, 'gpp_d': 23.54325880837732, 'ign_k': 0.36875844626811816, 'ign_c': 36.01770794741365, 'trop_agb_crit': 1.3457040857687113, 'trop_k_veg': 3.784694013919678, 'pop_amp': 5.589736658936865, 'pop_peak': 47.63837114175204, 'pop_sig': 0.5164218183751549}. Best is trial 1128 with value: -0.620386984093161.
[I 2026-08-20 01:17:08,087] Trial 2026 finished with value: 0.567312369046597 and parameters: {'k1': 2.0466239418652513e-05, 'D_low': 1.1640327981604268, 'k2': 0.002151464490513042, 'D_high': 169759.5726260724, 'fire_exp': 2.436476719081335, 'P_half': 50.76822926323338, 'pre_dampen_half': 0.02728119372756458, 'gpp_af': 0.36423273131519274, 'gpp_b': 0.0009509594073005188, 'gpp_d': 27.448775259651185, 'ign_k': 0.5939941955819926, 'ign_c': 2.107417534883642, 'trop_agb_crit': 14.114183914876635, 'trop_k_veg': 0.9594515733600857, 'pop_amp': 0.5339828150733419, 'pop_peak': 0.21766246782581303, 'pop_sig': 2.4773853295274173}. Best is trial 1128 with value: -0.620386984093161.
[I 2026-08-20 01:17:09,669] Trial 2027 finished with value: 0.5998805766743913 and parameters: {'k1': 0.015178557983857671, 'D_low': 39307.86534007086, 'k2': 0.0027307727958515195, 'D_high': 2359748.3740831707, 'fire_exp': 5.554761960092152, 'P_half': 309.16415162281425, 'pre_dampen_half': 2.145682782655362, 'gpp_af': 0.8660163444603134, 'gpp_b': 1.6574344533664006e-05, 'gpp_d': 70.02721714961166, 'ign_k': 0.6967067396683416, 'ign_c': 0.3340354180106933, 'trop_agb_crit': 3.0542945102471086, 'trop_k_veg': 6.546211402966101, 'pop_amp': 0.4722988587944137, 'pop_peak': 12.7239926112766, 'pop_sig': 1.8230110481365251}. Best is trial 1128 with value: -0.620386984093161.
[I 2026-08-20 01:17:11,238] Trial 2028 finished with value: 0.5728754687248081 and parameters: {'k1': 1.1187892481032968e-05, 'D_low': 4.9996868516148805, 'k2': 8.17097865067229e-05, 'D_high': 146082.00777550612, 'fire_exp': 2.67334713945369, 'P_half': 52.917979719670846, 'pre_dampen_half': 1.9573716400045094, 'gpp_af': 0.002769830234787223, 'gpp_b': 0.0004288002245137241, 'gpp_d': 77.86760337087563, 'ign_k': 0.02818402708291858, 'ign_c': 16.64385650624299, 'trop_agb_crit': 1.911497449289041, 'trop_k_veg': 1.0523588290800991, 'pop_amp': 6.084481771678762, 'pop_peak': 3.8564666341546774, 'pop_sig': 2.4673096073672047}. Best is trial 1128 with value: -0.620386984093161.
[I 2026-08-20 01:17:12,821] Trial 2029 finished with value: 0.6445374145881376 and parameters: {'k1': 0.0014855836654231705, 'D_low': 4367.186478901777, 'k2': 0.0009173451827290699, 'D_high': 1365.968579084397, 'fire_exp': 7.6143645038895125, 'P_half': 3404.500883017806, 'pre_dampen_half': 59.99065840064862, 'gpp_af': 0.03611738480506566, 'gpp_b': 0.05203047014995087, 'gpp_d': 0.2564222077893709, 'ign_k': 1.1383468698159172, 'ign_c': 74.07656772467732, 'trop_agb_crit': 23.529271507767096, 'trop_k_veg': 0.8071232775833508, 'pop_amp': 2.85472710444026, 'pop_peak': 4.370495203798662, 'pop_sig': 0.9956446916897294}. Best is trial 1128 with value: -0.620386984093161.
[I 2026-08-20 01:17:14,818] Trial 2030 finished with value: 0.6445374145881376 and parameters: {'k1': 0.0006050518160422202, 'D_low': 2.7652441195235604, 'k2': 0.0007374976838279716, 'D_high': 5078108.427169141, 'fire_exp': 1.2968839066535007, 'P_half': 135.97117138107168, 'pre_dampen_half': 2.370361610854896, 'gpp_af': 0.003600091847951444, 'gpp_b': 7.348581486665254e-05, 'gpp_d': 1.1108640736513702, 'ign_k': 2.861277321327139, 'ign_c': 186.02797085398646, 'trop_agb_crit': 4.267070927180752, 'trop_k_veg': 2.5397492036641345, 'pop_amp': 7.599496120975318, 'pop_peak': 12.638020713943147, 'pop_sig': 2.3886927541795604}. Best is trial 1128 with value: -0.620386984093161.
[I 2026-08-20 01:17:16,329] Trial 2031 finished with value: 0.6445374145881376 and parameters: {'k1': 0.000852434399760172, 'D_low': 3.6792825509631855, 'k2': 0.0010105896903403301, 'D_high': 1506821.2768019165, 'fire_exp': 1.8660718804797176, 'P_half': 1.4677664581920313, 'pre_dampen_half': 0.5523681621603008, 'gpp_af': 0.480580648829758, 'gpp_b': 9.380212501938327e-05, 'gpp_d': 5.385766117402374, 'ign_k': 2.1547346562450853, 'ign_c': 101.42554465433955, 'trop_agb_crit': 4.678837396426896, 'trop_k_veg': 6.4269951710800655, 'pop_amp': 0.7601375341681118, 'pop_peak': 16.610678298246338, 'pop_sig': 0.3009244931898327}. Best is trial 1128 with value: -0.620386984093161.
[I 2026-08-20 01:17:17,952] Trial 2032 finished with value: 0.5498967096915772 and parameters: {'k1': 7.736408406467362e-05, 'D_low': 382.3676375365946, 'k2': 0.0020432657304961083, 'D_high': 611661.5794684265, 'fire_exp': 4.742970935959354, 'P_half': 35.13648743776915, 'pre_dampen_half': 3.659455938718099, 'gpp_af': 0.1082341193377129, 'gpp_b': 3.459804781784539e-05, 'gpp_d': 57.35729705134842, 'ign_k': 0.8181196595920993, 'ign_c': 21.5092202735559, 'trop_agb_crit': 7.967501247689594, 'trop_k_veg': 0.6993511351433107, 'pop_amp': 18.10545158529422, 'pop_peak': 2.463583795964974, 'pop_sig': 2.101565431375271}. Best is trial 1128 with value: -0.620386984093161.
[I 2026-08-20 01:17:19,533] Trial 2033 finished with value: 0.5261453622157213 and parameters: {'k1': 0.00023785013457714013, 'D_low': 1.2506888288022855, 'k2': 0.00036291847476450115, 'D_high': 264293.30717466096, 'fire_exp': 1.9793010534638178, 'P_half': 4.735415268058483, 'pre_dampen_half': 0.3993629113990661, 'gpp_af': 0.0014911676684155712, 'gpp_b': 1.253263710697047e-05, 'gpp_d': 132.52203666665267, 'ign_k': 0.06219071909509199, 'ign_c': 26.830323144977694, 'trop_agb_crit': 2.790612994157753, 'trop_k_veg': 5.0575312803631665, 'pop_amp': 2.874105343436876, 'pop_peak': 30.004968413439755, 'pop_sig': 0.5536760210896312}. Best is trial 1128 with value: -0.620386984093161.
[I 2026-08-20 01:17:21,084] Trial 2034 finished with value: 0.6083289810424377 and parameters: {'k1': 1.497155649922188e-05, 'D_low': 2.237139501656577, 'k2': 0.00145017844548414, 'D_high': 2045298.6907100377, 'fire_exp': 1.6857240510568814, 'P_half': 6.018419060241961, 'pre_dampen_half': 1.9543444317642682, 'gpp_af': 0.008968972484004233, 'gpp_b': 5.43806720545134e-05, 'gpp_d': 179.20252432891547, 'ign_k': 2.307938976099854, 'ign_c': 30.73772618394479, 'trop_agb_crit': 2.5139800585334386, 'trop_k_veg': 7.361070655608094, 'pop_amp': 1.2700341913581024, 'pop_peak': 22.925861104078816, 'pop_sig': 0.42486877497683206}. Best is trial 1128 with value: -0.620386984093161.
[I 2026-08-20 01:17:22,660] Trial 2035 finished with value: 0.5160864316029745 and parameters: {'k1': 2.6311084176803026e-05, 'D_low': 2.849376112894708, 'k2': 0.0018145923053416435, 'D_high': 8515602.823339082, 'fire_exp': 1.836922417025632, 'P_half': 2.5026171289371604, 'pre_dampen_half': 0.07903894050936557, 'gpp_af': 0.022359378497770612, 'gpp_b': 0.0002625938415103576, 'gpp_d': 87.5940858173555, 'ign_k': 0.9742363339501754, 'ign_c': 0.8894420148014317, 'trop_agb_crit': 4.609588356282619, 'trop_k_veg': 3.793202977608255, 'pop_amp': 1.4814846205694552, 'pop_peak': 1.3762154676467355, 'pop_sig': 0.5429535802207939}. Best is trial 1128 with value: -0.620386984093161.
[I 2026-08-20 01:17:24,253] Trial 2036 finished with value: -0.5606325578104949 and parameters: {'k1': 0.0009891596163669534, 'D_low': 2146.759155948566, 'k2': 0.017323665215500286, 'D_high': 3891428.8924852507, 'fire_exp': 2.0883173304538123, 'P_half': 6.6111573602008376, 'pre_dampen_half': 0.15979959250807985, 'gpp_af': 0.06916510289686109, 'gpp_b': 4.9297593993515194e-05, 'gpp_d': 119.7261812593381, 'ign_k': 0.019776052450862076, 'ign_c': 10.531288778599619, 'trop_agb_crit': 10.102463867420415, 'trop_k_veg': 7.187489376249183, 'pop_amp': 8.788238274269542, 'pop_peak': 12.435809363314434, 'pop_sig': 1.4692928076803204}. Best is trial 1128 with value: -0.620386984093161.
[I 2026-08-20 01:17:25,828] Trial 2037 finished with value: 0.4568590244535007 and parameters: {'k1': 0.0006339904074804044, 'D_low': 1.5354444992811944, 'k2': 0.005038150205239036, 'D_high': 6795892.925323199, 'fire_exp': 2.9076460128992663, 'P_half': 16.91758449654664, 'pre_dampen_half': 0.5915815122602469, 'gpp_af': 0.0025432897228153117, 'gpp_b': 0.00014212996438379462, 'gpp_d': 71.34288313197068, 'ign_k': 3.5207230117505035, 'ign_c': 16.323782576325314, 'trop_agb_crit': 7.468558967992837, 'trop_k_veg': 4.793393595105482, 'pop_amp': 1.168925234560556, 'pop_peak': 2.2738910480200243, 'pop_sig': 0.6675863473180479}. Best is trial 1128 with value: -0.620386984093161.
[I 2026-08-20 01:17:27,411] Trial 2038 finished with value: 0.42420064734840446 and parameters: {'k1': 0.00023015474830634798, 'D_low': 633.9610084749172, 'k2': 0.0007003997008020857, 'D_high': 9992586.653068835, 'fire_exp': 4.903987642437752, 'P_half': 276.15040089542714, 'pre_dampen_half': 5.504622946309603, 'gpp_af': 0.09774811724024692, 'gpp_b': 3.502696888685718e-05, 'gpp_d': 139.70743631205463, 'ign_k': 0.48715313697117696, 'ign_c': 0.34671976326792836, 'trop_agb_crit': 11.65931226948228, 'trop_k_veg': 3.1997406946642797, 'pop_amp': 4.488792046607739, 'pop_peak': 20.51870782557674, 'pop_sig': 0.4104064233965809}. Best is trial 1128 with value: -0.620386984093161.
[I 2026-08-20 01:17:28,982] Trial 2039 finished with value: 0.6499657216079451 and parameters: {'k1': 0.005934234121203935, 'D_low': 6.722628223023485, 'k2': 0.058830102117702225, 'D_high': 917202.5618521043, 'fire_exp': 1.401952117821461, 'P_half': 1.3156485963287796, 'pre_dampen_half': 5.014225800664591, 'gpp_af': 0.012320986821563481, 'gpp_b': 0.00027325312033191505, 'gpp_d': 341.7581431565632, 'ign_k': 0.0010092357626926098, 'ign_c': 1.1174495691689637, 'trop_agb_crit': 4.140295595196658, 'trop_k_veg': 1.0005339361181098, 'pop_amp': 14.0016278994733, 'pop_peak': 66.76404331885507, 'pop_sig': 1.6783611755748866}. Best is trial 1128 with value: -0.620386984093161.
[I 2026-08-20 01:17:30,523] Trial 2040 finished with value: 0.6445374145881376 and parameters: {'k1': 6.814963360394973e-05, 'D_low': 116.71505378789304, 'k2': 0.017200112513207404, 'D_high': 406.35958711432323, 'fire_exp': 2.9037852381906553, 'P_half': 13.358907025586488, 'pre_dampen_half': 0.4644206548206715, 'gpp_af': 28.777371895883284, 'gpp_b': 0.004240339235713959, 'gpp_d': 0.01886426014458581, 'ign_k': 0.5428166858296328, 'ign_c': 164.77451482204367, 'trop_agb_crit': 2.292626117065395, 'trop_k_veg': 5.70435168978832, 'pop_amp': 0.08196651908618569, 'pop_peak': 0.9197599040783304, 'pop_sig': 0.4752868874623807}. Best is trial 1128 with value: -0.620386984093161.
[I 2026-08-20 01:17:32,053] Trial 2041 finished with value: 0.5816836321120575 and parameters: {'k1': 0.0016970267176138728, 'D_low': 8239.270534691605, 'k2': 0.032608764421697, 'D_high': 1767622.4001421572, 'fire_exp': 1.3998458956887627, 'P_half': 39.06207069218096, 'pre_dampen_half': 0.15594479147965246, 'gpp_af': 9.269349403550082, 'gpp_b': 4.379603461721164, 'gpp_d': 17.934335186434215, 'ign_k': 0.002129634559709719, 'ign_c': 43.68169130393148, 'trop_agb_crit': 1.2397955860335026, 'trop_k_veg': 1.7767429810629762, 'pop_amp': 0.0070781559916228394, 'pop_peak': 130.4437359387475, 'pop_sig': 0.7755332475180927}. Best is trial 1128 with value: -0.620386984093161.
[I 2026-08-20 01:17:33,665] Trial 2042 finished with value: 0.4572007642252123 and parameters: {'k1': 0.004214829828649647, 'D_low': 16.921172290247316, 'k2': 0.00021064286763224684, 'D_high': 33457.014857954186, 'fire_exp': 2.72488211215038, 'P_half': 22.220864236980233, 'pre_dampen_half': 1.899324646870601, 'gpp_af': 0.10691724043858807, 'gpp_b': 0.0006865091591120858, 'gpp_d': 31.26138493412057, 'ign_k': 4.031274011711515, 'ign_c': 0.9649964417007353, 'trop_agb_crit': 5.676122619254749, 'trop_k_veg': 5.720004130069225, 'pop_amp': 2.6021144432371996, 'pop_peak': 2.298980383080725, 'pop_sig': 1.895682026471408}. Best is trial 1128 with value: -0.620386984093161.
[I 2026-08-20 01:17:35,626] Trial 2043 finished with value: -0.5553443840325292 and parameters: {'k1': 0.00011030294011882563, 'D_low': 88.37268501053134, 'k2': 0.021012934434354032, 'D_high': 907035.7372825607, 'fire_exp': 3.7210635641733445, 'P_half': 38.43379881303447, 'pre_dampen_half': 7.437206945377072, 'gpp_af': 0.05752438069240804, 'gpp_b': 1.47095555269116e-05, 'gpp_d': 43.0208317747289, 'ign_k': 0.1824629326344374, 'ign_c': 1.9263529616305197, 'trop_agb_crit': 12.454047675323412, 'trop_k_veg': 0.6530330666628523, 'pop_amp': 0.14143937533259096, 'pop_peak': 0.6852988082602094, 'pop_sig': 2.193334257219538}. Best is trial 1128 with value: -0.620386984093161.
[I 2026-08-20 01:17:37,171] Trial 2044 finished with value: 0.6112014624305022 and parameters: {'k1': 0.0027327960100161767, 'D_low': 8.800850842073249, 'k2': 0.002696806083273307, 'D_high': 145576.0877378536, 'fire_exp': 2.6190450492982986, 'P_half': 12.893581411102348, 'pre_dampen_half': 0.473258404171908, 'gpp_af': 0.021745572188180243, 'gpp_b': 0.0013730123349762259, 'gpp_d': 155.78399412155468, 'ign_k': 0.5262129561197114, 'ign_c': 46.17860768362589, 'trop_agb_crit': 2.12323558761898, 'trop_k_veg': 1.6705832615783203, 'pop_amp': 8.25076109822942, 'pop_peak': 0.5693752370536357, 'pop_sig': 0.42651279785762364}. Best is trial 1128 with value: -0.620386984093161.
[I 2026-08-20 01:17:38,755] Trial 2045 finished with value: 0.6343828878136292 and parameters: {'k1': 0.002273148608324921, 'D_low': 127.34692301217419, 'k2': 0.005139049300391819, 'D_high': 35.598632653099294, 'fire_exp': 7.890343660551371, 'P_half': 35.73951413271875, 'pre_dampen_half': 206.19041906823344, 'gpp_af': 0.08366507348138096, 'gpp_b': 0.002122925227426462, 'gpp_d': 3.472932778774928, 'ign_k': 0.11100842267659883, 'ign_c': 44.54342502745727, 'trop_agb_crit': 5.664647227358913, 'trop_k_veg': 0.94819781508713, 'pop_amp': 0.0026111738563832703, 'pop_peak': 51.01645767516797, 'pop_sig': 0.29771514569312}. Best is trial 1128 with value: -0.620386984093161.
[I 2026-08-20 01:17:40,312] Trial 2046 finished with value: 0.5420291471145391 and parameters: {'k1': 5.6289508355453716e-05, 'D_low': 4.674632741651624, 'k2': 0.006562922471339475, 'D_high': 3962022.3520362773, 'fire_exp': 3.265867518963972, 'P_half': 23.51402052595118, 'pre_dampen_half': 0.0485660084914331, 'gpp_af': 0.07636756137307957, 'gpp_b': 5.432181409489794e-05, 'gpp_d': 610.5044943001694, 'ign_k': 8.660403898535954, 'ign_c': 5.234551485174022, 'trop_agb_crit': 2.275242161771032, 'trop_k_veg': 6.590791795244763, 'pop_amp': 0.27469637566734056, 'pop_peak': 3.4231529223402815, 'pop_sig': 0.33195641424782096}. Best is trial 1128 with value: -0.620386984093161.
[I 2026-08-20 01:17:41,854] Trial 2047 finished with value: 0.5357669774002536 and parameters: {'k1': 0.0012623276113285528, 'D_low': 913.7878453805035, 'k2': 0.0017332802197497848, 'D_high': 1647347.6972197774, 'fire_exp': 1.6277548592559687, 'P_half': 773.218271508783, 'pre_dampen_half': 1.713266283494886, 'gpp_af': 0.008700545061276188, 'gpp_b': 0.001222212140049958, 'gpp_d': 1.1983063198861066, 'ign_k': 4.624041735045593, 'ign_c': 8.79259083273435, 'trop_agb_crit': 23.259013053799595, 'trop_k_veg': 3.118152387184866, 'pop_amp': 0.001767351235148337, 'pop_peak': 37.88942301034914, 'pop_sig': 1.1372907658527247}. Best is trial 1128 with value: -0.620386984093161.
