[I 2026-08-06 00:01:15,482] Trial 1230 finished with values: [10.457708682378842, 10.457708682378842] and parameters: {'k1': 0.016594187721123744, 'D_low': 4.051452710153359, 'k2': 0.00038791280730284417, 'D_high': 85018.70149611714, 'fire_exp': 1.151006986743773, 'P_half': 39.03214299767183, 'pre_dampen_half': 703.6426675556048, 'gpp_af': 2.9865936975455876, 'gpp_b': 0.10123867001105968, 'gpp_d': 34.37107943937136, 'ign_k': 5.9736167866478125, 'ign_c': 14.810800730363484}.
[I 2026-08-06 00:01:16,545] Trial 1231 finished with values: [10.716324240581995, 10.716324240581995] and parameters: {'k1': 0.016973078532467004, 'D_low': 9.051497105326684, 'k2': 0.0007081721844034209, 'D_high': 85018.70149611714, 'fire_exp': 1.2943117749495199, 'P_half': 12.808863354047988, 'pre_dampen_half': 917.1017259920797, 'gpp_af': 11.234842109991876, 'gpp_b': 0.7987896438549947, 'gpp_d': 9.797752629207743, 'ign_k': 5.9736167866478125, 'ign_c': 0.11433485956638717}.
[I 2026-08-06 00:01:17,540] Trial 1232 finished with values: [10.121781876776971, 10.121781876776971] and parameters: {'k1': 0.016973078532467004, 'D_low': 29.89885508829526, 'k2': 0.034987345440353576, 'D_high': 68913.86015952702, 'fire_exp': 1.151006986743773, 'P_half': 12.808863354047988, 'pre_dampen_half': 111.37963167994629, 'gpp_af': 35.20481045526041, 'gpp_b': 0.10123867001105968, 'gpp_d': 4.5768578731086835, 'ign_k': 0.12828203940471886, 'ign_c': 14.810800730363484}.
[I 2026-08-06 00:01:18,538] Trial 1233 finished with values: [10.361843730372513, 10.361843730372513] and parameters: {'k1': 0.016973078532467004, 'D_low': 4.051452710153359, 'k2': 0.00038791280730284417, 'D_high': 54669.374787660905, 'fire_exp': 1.2943117749495199, 'P_half': 876.2992842289289, 'pre_dampen_half': 53.73093479067421, 'gpp_af': 29.925002022877802, 'gpp_b': 0.10123867001105968, 'gpp_d': 34.37107943937136, 'ign_k': 9.848952560187115, 'ign_c': 6.160975294741436}.
[I 2026-08-06 00:01:19,598] Trial 1234 finished with values: [10.84621892023859, 10.84621892023859] and parameters: {'k1': 0.03232155805617897, 'D_low': 29.89885508829526, 'k2': 0.0499774937030317, 'D_high': 85018.70149611714, 'fire_exp': 1.151006986743773, 'P_half': 12.808863354047988, 'pre_dampen_half': 703.6426675556048, 'gpp_af': 35.20481045526041, 'gpp_b': 0.03841303420847976, 'gpp_d': 4.5768578731086835, 'ign_k': 5.9736167866478125, 'ign_c': 0.11433485956638717}.
[I 2026-08-06 00:01:20,611] Trial 1235 finished with values: [10.744503181915055, 10.744503181915055] and parameters: {'k1': 0.015602015889668856, 'D_low': 4.051452710153359, 'k2': 0.00038791280730284417, 'D_high': 54669.374787660905, 'fire_exp': 1.5201277403788451, 'P_half': 5400.740686445294, 'pre_dampen_half': 53.73093479067421, 'gpp_af': 35.20481045526041, 'gpp_b': 0.07167887776549431, 'gpp_d': 34.37107943937136, 'ign_k': 0.4702627143647234, 'ign_c': 6.160975294741436}.
[I 2026-08-06 00:01:21,639] Trial 1236 finished with values: [-0.5799340221671714, 0.07333793808234668] and parameters: {'k1': 0.016973078532467004, 'D_low': 65.69152413762717, 'k2': 0.0007081721844034209, 'D_high': 6455.595882939566, 'fire_exp': 1.151006986743773, 'P_half': 12.808863354047988, 'pre_dampen_half': 703.6426675556048, 'gpp_af': 35.20481045526041, 'gpp_b': 0.7987896438549947, 'gpp_d': 4.5768578731086835, 'ign_k': 5.9736167866478125, 'ign_c': 0.11433485956638717}.
[I 2026-08-06 00:01:22,635] Trial 1237 finished with values: [11.652407890008272, 11.652407890008272] and parameters: {'k1': 0.016973078532467004, 'D_low': 4.051452710153359, 'k2': 0.0007081721844034209, 'D_high': 85018.70149611714, 'fire_exp': 1.2943117749495199, 'P_half': 12.808863354047988, 'pre_dampen_half': 703.6426675556048, 'gpp_af': 2.9865936975455876, 'gpp_b': 0.10123867001105968, 'gpp_d': 4.5768578731086835, 'ign_k': 0.476373748459372, 'ign_c': 0.11433485956638717}.
[I 2026-08-06 00:01:23,981] Trial 1238 finished with values: [-0.5795174524711746, 0.09120279760761718] and parameters: {'k1': 0.016973078532467004, 'D_low': 2.458603276328005, 'k2': 0.0499774937030317, 'D_high': 85018.70149611714, 'fire_exp': 1.151006986743773, 'P_half': 12.808863354047988, 'pre_dampen_half': 703.6426675556048, 'gpp_af': 35.20481045526041, 'gpp_b': 0.7987896438549947, 'gpp_d': 4.5768578731086835, 'ign_k': 0.9614686563869651, 'ign_c': 0.11433485956638717}.
[I 2026-08-06 00:01:24,996] Trial 1239 finished with values: [11.051949525570508, 11.051949525570508] and parameters: {'k1': 0.015602015889668856, 'D_low': 4.051452710153359, 'k2': 0.00038791280730284417, 'D_high': 85018.70149611714, 'fire_exp': 1.5201277403788451, 'P_half': 39.03214299767183, 'pre_dampen_half': 703.6426675556048, 'gpp_af': 29.925002022877802, 'gpp_b': 0.10123867001105968, 'gpp_d': 34.37107943937136, 'ign_k': 0.476373748459372, 'ign_c': 4.841636865364905}.
[I 2026-08-06 00:01:25,993] Trial 1240 finished with values: [-0.5814978848303209, 0.09468182330462238] and parameters: {'k1': 0.03232155805617897, 'D_low': 2.458603276328005, 'k2': 0.0499774937030317, 'D_high': 85018.70149611714, 'fire_exp': 1.151006986743773, 'P_half': 12.808863354047988, 'pre_dampen_half': 703.6426675556048, 'gpp_af': 35.20481045526041, 'gpp_b': 0.7987896438549947, 'gpp_d': 4.5768578731086835, 'ign_k': 0.4702627143647234, 'ign_c': 0.11433485956638717}.
[I 2026-08-06 00:01:27,005] Trial 1241 finished with values: [10.050715020965253, 10.050715020965253] and parameters: {'k1': 0.0035051730090894812, 'D_low': 2.458603276328005, 'k2': 0.013886937225450393, 'D_high': 85018.70149611714, 'fire_exp': 1.151006986743773, 'P_half': 39.03214299767183, 'pre_dampen_half': 111.37963167994629, 'gpp_af': 35.20481045526041, 'gpp_b': 0.7987896438549947, 'gpp_d': 4.5768578731086835, 'ign_k': 0.476373748459372, 'ign_c': 0.11433485956638717}.
[I 2026-08-06 00:01:28,033] Trial 1242 finished with values: [-0.568853820441363, 0.0964585674841979] and parameters: {'k1': 0.005643426708406567, 'D_low': 174.83983085324363, 'k2': 0.00038791280730284417, 'D_high': 85018.70149611714, 'fire_exp': 1.151006986743773, 'P_half': 39.03214299767183, 'pre_dampen_half': 111.37963167994629, 'gpp_af': 11.234842109991876, 'gpp_b': 0.7987896438549947, 'gpp_d': 10.409702860563906, 'ign_k': 5.9736167866478125, 'ign_c': 1.6676205667297381}.
[I 2026-08-06 00:01:29,060] Trial 1243 finished with values: [10.619801032611697, 10.619801032611697] and parameters: {'k1': 0.03232155805617897, 'D_low': 29.89885508829526, 'k2': 0.0499774937030317, 'D_high': 85018.70149611714, 'fire_exp': 1.5201277403788451, 'P_half': 12.808863354047988, 'pre_dampen_half': 111.37963167994629, 'gpp_af': 35.20481045526041, 'gpp_b': 0.7987896438549947, 'gpp_d': 4.5768578731086835, 'ign_k': 0.4702627143647234, 'ign_c': 14.810800730363484}.
[I 2026-08-06 00:01:30,130] Trial 1244 finished with values: [10.768576928953825, 10.768576928953825] and parameters: {'k1': 0.04897760278488444, 'D_low': 29.89885508829526, 'k2': 3.706785664265659e-05, 'D_high': 85018.70149611714, 'fire_exp': 1.151006986743773, 'P_half': 12.808863354047988, 'pre_dampen_half': 0.039055387811874696, 'gpp_af': 35.20481045526041, 'gpp_b': 0.7987896438549947, 'gpp_d': 4.5768578731086835, 'ign_k': 5.9736167866478125, 'ign_c': 0.11433485956638717}.
[I 2026-08-06 00:01:31,168] Trial 1245 finished with values: [-0.5630551844769911, 0.06241609118819247] and parameters: {'k1': 0.005643426708406567, 'D_low': 2.458603276328005, 'k2': 3.706785664265659e-05, 'D_high': 85018.70149611714, 'fire_exp': 1.151006986743773, 'P_half': 12.808863354047988, 'pre_dampen_half': 111.37963167994629, 'gpp_af': 35.20481045526041, 'gpp_b': 0.7987896438549947, 'gpp_d': 4.5768578731086835, 'ign_k': 5.9736167866478125, 'ign_c': 0.11433485956638717}.
[I 2026-08-06 00:01:32,210] Trial 1246 finished with values: [10.63140172114386, 10.63140172114386] and parameters: {'k1': 0.005643426708406567, 'D_low': 57.22950094567826, 'k2': 0.0007081721844034209, 'D_high': 85018.70149611714, 'fire_exp': 2.5698329288387236, 'P_half': 12.808863354047988, 'pre_dampen_half': 111.37963167994629, 'gpp_af': 15.812896493361498, 'gpp_b': 0.7987896438549947, 'gpp_d': 4.5768578731086835, 'ign_k': 5.9736167866478125, 'ign_c': 3.4302976652689012}.
[I 2026-08-06 00:01:33,254] Trial 1247 finished with values: [-0.573574936285088, 0.07033691329307468] and parameters: {'k1': 0.016973078532467004, 'D_low': 4.051452710153359, 'k2': 0.0019386039125504583, 'D_high': 85018.70149611714, 'fire_exp': 1.2943117749495199, 'P_half': 39.03214299767183, 'pre_dampen_half': 703.6426675556048, 'gpp_af': 29.925002022877802, 'gpp_b': 0.7987896438549947, 'gpp_d': 4.5768578731086835, 'ign_k': 0.476373748459372, 'ign_c': 0.11433485956638717}.
[I 2026-08-06 00:01:34,283] Trial 1248 finished with values: [10.168638220610777, 10.168638220610777] and parameters: {'k1': 0.016973078532467004, 'D_low': 4.051452710153359, 'k2': 0.0007081721844034209, 'D_high': 85018.70149611714, 'fire_exp': 1.2943117749495199, 'P_half': 224.42820887784595, 'pre_dampen_half': 703.6426675556048, 'gpp_af': 29.925002022877802, 'gpp_b': 0.7987896438549947, 'gpp_d': 4.5768578731086835, 'ign_k': 0.476373748459372, 'ign_c': 0.11433485956638717}.
[I 2026-08-06 00:01:35,358] Trial 1249 finished with values: [-0.5674305497546858, 0.03373057053072903] and parameters: {'k1': 0.016594187721123744, 'D_low': 4.051452710153359, 'k2': 0.0007081721844034209, 'D_high': 85018.70149611714, 'fire_exp': 1.5292421264264235, 'P_half': 12.808863354047988, 'pre_dampen_half': 703.6426675556048, 'gpp_af': 2.9865936975455876, 'gpp_b': 0.10123867001105968, 'gpp_d': 4.5768578731086835, 'ign_k': 5.9736167866478125, 'ign_c': 14.810800730363484}.
[I 2026-08-06 00:01:36,388] Trial 1250 finished with values: [10.422793271013616, 10.422793271013616] and parameters: {'k1': 0.03232155805617897, 'D_low': 2.458603276328005, 'k2': 0.0499774937030317, 'D_high': 85018.70149611714, 'fire_exp': 1.151006986743773, 'P_half': 39.03214299767183, 'pre_dampen_half': 703.6426675556048, 'gpp_af': 35.20481045526041, 'gpp_b': 0.7987896438549947, 'gpp_d': 4.5768578731086835, 'ign_k': 8.315365004960604, 'ign_c': 14.810800730363484}.
[I 2026-08-06 00:01:37,399] Trial 1251 finished with values: [10.83260418042884, 10.83260418042884] and parameters: {'k1': 0.005643426708406567, 'D_low': 31.117676855667376, 'k2': 0.00038791280730284417, 'D_high': 85018.70149611714, 'fire_exp': 1.5201277403788451, 'P_half': 39.03214299767183, 'pre_dampen_half': 703.6426675556048, 'gpp_af': 11.234842109991876, 'gpp_b': 0.7987896438549947, 'gpp_d': 34.37107943937136, 'ign_k': 0.5080094006294851, 'ign_c': 1.6676205667297381}.
[I 2026-08-06 00:01:38,427] Trial 1252 finished with values: [-0.5836666911617533, 0.07451141641175041] and parameters: {'k1': 0.016973078532467004, 'D_low': 70.18267183720735, 'k2': 0.0007081721844034209, 'D_high': 85018.70149611714, 'fire_exp': 1.151006986743773, 'P_half': 12.808863354047988, 'pre_dampen_half': 703.6426675556048, 'gpp_af': 35.20481045526041, 'gpp_b': 0.7987896438549947, 'gpp_d': 4.5768578731086835, 'ign_k': 0.4702627143647234, 'ign_c': 0.11433485956638717}.
[I 2026-08-06 00:01:39,455] Trial 1253 finished with values: [10.293470828818172, 10.293470828818172] and parameters: {'k1': 0.016973078532467004, 'D_low': 2.458603276328005, 'k2': 0.0007081721844034209, 'D_high': 85018.70149611714, 'fire_exp': 1.151006986743773, 'P_half': 39.03214299767183, 'pre_dampen_half': 703.6426675556048, 'gpp_af': 11.234842109991876, 'gpp_b': 0.7987896438549947, 'gpp_d': 4.5768578731086835, 'ign_k': 5.9736167866478125, 'ign_c': 14.810800730363484}.
[I 2026-08-06 00:01:40,517] Trial 1254 finished with values: [-0.5287409945253972, 0.08556178730657649] and parameters: {'k1': 0.03232155805617897, 'D_low': 31.117676855667376, 'k2': 0.0007081721844034209, 'D_high': 85018.70149611714, 'fire_exp': 1.151006986743773, 'P_half': 12.808863354047988, 'pre_dampen_half': 111.37963167994629, 'gpp_af': 35.20481045526041, 'gpp_b': 0.7987896438549947, 'gpp_d': 4.5768578731086835, 'ign_k': 0.02811523815379816, 'ign_c': 2.177936207481481}.
[I 2026-08-06 00:01:41,559] Trial 1255 finished with values: [-0.5807950937087857, 0.09071700306347097] and parameters: {'k1': 0.005643426708406567, 'D_low': 31.117676855667376, 'k2': 0.00038791280730284417, 'D_high': 85018.70149611714, 'fire_exp': 1.151006986743773, 'P_half': 39.03214299767183, 'pre_dampen_half': 36.876350096203005, 'gpp_af': 35.20481045526041, 'gpp_b': 0.10123867001105968, 'gpp_d': 4.5768578731086835, 'ign_k': 8.315365004960604, 'ign_c': 0.11433485956638717}.
[I 2026-08-06 00:01:42,585] Trial 1256 finished with values: [10.514122573628496, 10.514122573628496] and parameters: {'k1': 0.016973078532467004, 'D_low': 31.117676855667376, 'k2': 0.0007081721844034209, 'D_high': 12.728781576199358, 'fire_exp': 1.151006986743773, 'P_half': 12.808863354047988, 'pre_dampen_half': 111.37963167994629, 'gpp_af': 29.925002022877802, 'gpp_b': 0.7987896438549947, 'gpp_d': 4.5768578731086835, 'ign_k': 5.9736167866478125, 'ign_c': 0.3253741042140523}.
[I 2026-08-06 00:01:43,595] Trial 1257 finished with values: [-0.571464463020386, 0.02356035958589442] and parameters: {'k1': 0.005643426708406567, 'D_low': 9.051497105326684, 'k2': 0.0007081721844034209, 'D_high': 85018.70149611714, 'fire_exp': 1.2943117749495199, 'P_half': 12.808863354047988, 'pre_dampen_half': 703.6426675556048, 'gpp_af': 35.20481045526041, 'gpp_b': 0.7987896438549947, 'gpp_d': 34.37107943937136, 'ign_k': 5.9736167866478125, 'ign_c': 14.810800730363484}.
[I 2026-08-06 00:01:44,987] Trial 1258 finished with values: [10.583305363042415, 10.583305363042415] and parameters: {'k1': 0.03232155805617897, 'D_low': 312.92286563608616, 'k2': 0.0007081721844034209, 'D_high': 12.495886031183844, 'fire_exp': 1.151006986743773, 'P_half': 1.0897490003652053, 'pre_dampen_half': 703.6426675556048, 'gpp_af': 35.20481045526041, 'gpp_b': 0.7987896438549947, 'gpp_d': 4.5768578731086835, 'ign_k': 0.4702627143647234, 'ign_c': 0.11433485956638717}.
[I 2026-08-06 00:01:46,033] Trial 1259 finished with values: [-0.5642523658240572, 0.06555369885676099] and parameters: {'k1': 0.016973078532467004, 'D_low': 2.458603276328005, 'k2': 0.0007081721844034209, 'D_high': 85018.70149611714, 'fire_exp': 1.151006986743773, 'P_half': 39.03214299767183, 'pre_dampen_half': 111.37963167994629, 'gpp_af': 35.20481045526041, 'gpp_b': 0.7987896438549947, 'gpp_d': 4.5768578731086835, 'ign_k': 5.9736167866478125, 'ign_c': 0.11433485956638717}.
[I 2026-08-06 00:01:47,075] Trial 1260 finished with values: [10.71647897782928, 10.71647897782928] and parameters: {'k1': 0.015602015889668856, 'D_low': 31.117676855667376, 'k2': 0.00038791280730284417, 'D_high': 21222.091110076937, 'fire_exp': 1.151006986743773, 'P_half': 39.03214299767183, 'pre_dampen_half': 111.37963167994629, 'gpp_af': 35.20481045526041, 'gpp_b': 0.7987896438549947, 'gpp_d': 34.37107943937136, 'ign_k': 0.4702627143647234, 'ign_c': 0.11433485956638717}.
[I 2026-08-06 00:01:48,071] Trial 1261 finished with values: [10.04654140154112, 10.04654140154112] and parameters: {'k1': 0.016973078532467004, 'D_low': 65.69152413762717, 'k2': 0.011078632295006514, 'D_high': 23846.702350126758, 'fire_exp': 1.4456782093093066, 'P_half': 12.808863354047988, 'pre_dampen_half': 703.6426675556048, 'gpp_af': 35.20481045526041, 'gpp_b': 0.7987896438549947, 'gpp_d': 4.5768578731086835, 'ign_k': 0.476373748459372, 'ign_c': 0.11433485956638717}.
[I 2026-08-06 00:01:49,072] Trial 1262 finished with values: [11.42836231132667, 11.42836231132667] and parameters: {'k1': 0.015602015889668856, 'D_low': 4.051452710153359, 'k2': 0.00038791280730284417, 'D_high': 54669.374787660905, 'fire_exp': 1.2943117749495199, 'P_half': 12.808863354047988, 'pre_dampen_half': 703.6426675556048, 'gpp_af': 29.925002022877802, 'gpp_b': 0.7987896438549947, 'gpp_d': 34.37107943937136, 'ign_k': 0.476373748459372, 'ign_c': 0.11433485956638717}.
[I 2026-08-06 00:01:50,056] Trial 1263 finished with values: [10.132374064815899, 10.132374064815899] and parameters: {'k1': 0.016973078532467004, 'D_low': 31.117676855667376, 'k2': 0.0007081721844034209, 'D_high': 85018.70149611714, 'fire_exp': 1.151006986743773, 'P_half': 12.808863354047988, 'pre_dampen_half': 917.1017259920797, 'gpp_af': 11.234842109991876, 'gpp_b': 0.7987896438549947, 'gpp_d': 4.5768578731086835, 'ign_k': 5.9736167866478125, 'ign_c': 0.11433485956638717}.
[I 2026-08-06 00:01:51,077] Trial 1264 finished with values: [10.755891710835776, 10.755891710835776] and parameters: {'k1': 0.015602015889668856, 'D_low': 12.367537614338005, 'k2': 0.00038791280730284417, 'D_high': 54669.374787660905, 'fire_exp': 1.5201277403788451, 'P_half': 39.03214299767183, 'pre_dampen_half': 3.8939810275168565, 'gpp_af': 0.0311621825915585, 'gpp_b': 0.10123867001105968, 'gpp_d': 34.37107943937136, 'ign_k': 5.9736167866478125, 'ign_c': 6.160975294741436}.
[I 2026-08-06 00:01:52,072] Trial 1265 finished with values: [10.686947110308918, 10.686947110308918] and parameters: {'k1': 0.016973078532467004, 'D_low': 2.458603276328005, 'k2': 0.05790512193308814, 'D_high': 85018.70149611714, 'fire_exp': 1.151006986743773, 'P_half': 12.808863354047988, 'pre_dampen_half': 703.6426675556048, 'gpp_af': 0.01979173167138072, 'gpp_b': 0.7987896438549947, 'gpp_d': 4.5768578731086835, 'ign_k': 0.12828203940471886, 'ign_c': 0.11433485956638717}.
[I 2026-08-06 00:01:53,060] Trial 1266 finished with values: [10.109005749811843, 10.109005749811843] and parameters: {'k1': 0.005643426708406567, 'D_low': 2.458603276328005, 'k2': 0.00038791280730284417, 'D_high': 85018.70149611714, 'fire_exp': 1.5201277403788451, 'P_half': 39.03214299767183, 'pre_dampen_half': 111.37963167994629, 'gpp_af': 35.20481045526041, 'gpp_b': 0.10123867001105968, 'gpp_d': 34.37107943937136, 'ign_k': 5.9736167866478125, 'ign_c': 14.810800730363484}.
[I 2026-08-06 00:01:54,032] Trial 1267 finished with values: [10.128964843763452, 10.128964843763452] and parameters: {'k1': 0.015602015889668856, 'D_low': 2.458603276328005, 'k2': 0.0007081721844034209, 'D_high': 85018.70149611714, 'fire_exp': 1.151006986743773, 'P_half': 12.808863354047988, 'pre_dampen_half': 703.6426675556048, 'gpp_af': 35.20481045526041, 'gpp_b': 0.10123867001105968, 'gpp_d': 4.5768578731086835, 'ign_k': 5.9736167866478125, 'ign_c': 14.810800730363484}.
[I 2026-08-06 00:01:54,998] Trial 1268 finished with values: [-0.5752137658034839, 0.07676670370063066] and parameters: {'k1': 0.016973078532467004, 'D_low': 4.051452710153359, 'k2': 0.0005231512302572119, 'D_high': 23846.702350126758, 'fire_exp': 1.2943117749495199, 'P_half': 12.808863354047988, 'pre_dampen_half': 703.6426675556048, 'gpp_af': 29.925002022877802, 'gpp_b': 0.7987896438549947, 'gpp_d': 4.5768578731086835, 'ign_k': 5.9736167866478125, 'ign_c': 0.11433485956638717}.
[I 2026-08-06 00:01:56,043] Trial 1269 finished with values: [10.663427616680751, 10.663427616680751] and parameters: {'k1': 0.016973078532467004, 'D_low': 3096.8559306323946, 'k2': 0.00038791280730284417, 'D_high': 75773.14388518519, 'fire_exp': 1.5201277403788451, 'P_half': 39.03214299767183, 'pre_dampen_half': 36.876350096203005, 'gpp_af': 16.205701454358664, 'gpp_b': 0.10123867001105968, 'gpp_d': 34.37107943937136, 'ign_k': 0.4702627143647234, 'ign_c': 0.11433485956638717}.
[I 2026-08-06 00:01:57,037] Trial 1270 finished with values: [11.807848867605736, 11.807848867605736] and parameters: {'k1': 0.016973078532467004, 'D_low': 65.69152413762717, 'k2': 0.034987345440353576, 'D_high': 85018.70149611714, 'fire_exp': 1.151006986743773, 'P_half': 12.808863354047988, 'pre_dampen_half': 703.6426675556048, 'gpp_af': 35.20481045526041, 'gpp_b': 0.00013080022982604522, 'gpp_d': 4.5768578731086835, 'ign_k': 0.4702627143647234, 'ign_c': 0.11433485956638717}.
[I 2026-08-06 00:01:58,022] Trial 1271 finished with values: [10.135283289466411, 10.135283289466411] and parameters: {'k1': 0.005643426708406567, 'D_low': 174.83983085324363, 'k2': 0.0007081721844034209, 'D_high': 6455.595882939566, 'fire_exp': 1.151006986743773, 'P_half': 12.808863354047988, 'pre_dampen_half': 111.37963167994629, 'gpp_af': 35.20481045526041, 'gpp_b': 0.7987896438549947, 'gpp_d': 4.5768578731086835, 'ign_k': 5.9736167866478125, 'ign_c': 1.6676205667297381}.
[I 2026-08-06 00:01:59,003] Trial 1272 finished with values: [10.439470949290238, 10.439470949290238] and parameters: {'k1': 0.005643426708406567, 'D_low': 2.458603276328005, 'k2': 0.00038791280730284417, 'D_high': 85018.70149611714, 'fire_exp': 1.151006986743773, 'P_half': 2.4106893837852787, 'pre_dampen_half': 36.876350096203005, 'gpp_af': 35.20481045526041, 'gpp_b': 0.10123867001105968, 'gpp_d': 4.5768578731086835, 'ign_k': 5.9736167866478125, 'ign_c': 14.810800730363484}.
[I 2026-08-06 00:01:59,988] Trial 1273 finished with values: [-0.5676281344784725, 0.06386028958108281] and parameters: {'k1': 0.007333200379637282, 'D_low': 31.117676855667376, 'k2': 0.0007081721844034209, 'D_high': 85018.70149611714, 'fire_exp': 1.151006986743773, 'P_half': 12.808863354047988, 'pre_dampen_half': 111.37963167994629, 'gpp_af': 35.20481045526041, 'gpp_b': 0.7987896438549947, 'gpp_d': 4.5768578731086835, 'ign_k': 5.9736167866478125, 'ign_c': 0.11433485956638717}.
[I 2026-08-06 00:02:01,034] Trial 1274 finished with values: [-0.5789302700683961, 0.0810052155648795] and parameters: {'k1': 0.03232155805617897, 'D_low': 4.051452710153359, 'k2': 0.0007081721844034209, 'D_high': 85018.70149611714, 'fire_exp': 1.151006986743773, 'P_half': 12.808863354047988, 'pre_dampen_half': 703.6426675556048, 'gpp_af': 35.20481045526041, 'gpp_b': 0.7987896438549947, 'gpp_d': 4.5768578731086835, 'ign_k': 5.9736167866478125, 'ign_c': 1.6676205667297381}.
