[I 2026-07-25 00:33:26,327] Trial 524 finished with value: 0.5312318108734908 and parameters: {'k1': 0.0025542485948571118, 'D_low': 3666.4785260616068, 'k2': 0.05387242295601959, 'D_high': 51909.35957667691, 'fire_exp': 2.1547780909076715, 'P_half': 29.536660878401413, 'pre_dampen_half': 6.532531225039411, 'gpp_af': 0.17675750207452778, 'gpp_b': 5.895164943192306e-05, 'gpp_d': 169.16825322506884, 'ign_k': 0.07855793147727419, 'ign_c': 0.8862816358547692, 'trop_agb_crit': 12.63670964660053, 'trop_k_veg': 0.759291055527258, 'gdp_gamma': 1.6259156555997756, 'cure_k': 0.05643121559242258, 'cure_p_min': 183.76567013760655, 'cure_gpp_ref': 0.5872646148601446, 'cure_agb_crit': 1.469325647373461, 'fuel_k': 0.11931068608622446, 'fuel_half': 41.40098974889941}. Best is trial 0 with value: -0.6232552202351066.
[I 2026-07-25 00:33:26,778] Trial 525 finished with value: 0.6078452611294427 and parameters: {'k1': 1.4493388010376418e-05, 'D_low': 4.224101318833823, 'k2': 0.003988023629657874, 'D_high': 282.1374933451511, 'fire_exp': 1.0006633248371615, 'P_half': 2.597299545358312, 'pre_dampen_half': 1.4024976345429534, 'gpp_af': 0.00988765367790128, 'gpp_b': 0.2542318363505572, 'gpp_d': 0.09621380532170799, 'ign_k': 0.019787695894397085, 'ign_c': 0.12193588638742527, 'trop_agb_crit': 1.0575596481786673, 'trop_k_veg': 5.064619363864451, 'gdp_gamma': 1.2393470602315944, 'cure_k': 0.837739073066257, 'cure_p_min': 351.3564597187692, 'cure_gpp_ref': 0.21130408900522332, 'cure_agb_crit': 1.3343237997943647, 'fuel_k': 0.015910868866260912, 'fuel_half': 3.582176720217184}. Best is trial 0 with value: -0.6232552202351066.
[I 2026-07-25 00:33:27,228] Trial 526 finished with value: -0.548930129043353 and parameters: {'k1': 0.0011561305846136136, 'D_low': 34.72293694692691, 'k2': 0.0077358634550610565, 'D_high': 8164879.913278621, 'fire_exp': 4.129007195937457, 'P_half': 11.747955535435171, 'pre_dampen_half': 3.9763906115472523, 'gpp_af': 6.872557406842208, 'gpp_b': 7.749025939799494e-05, 'gpp_d': 14.214381046023586, 'ign_k': 0.031201719912914646, 'ign_c': 0.19924224889443432, 'trop_agb_crit': 21.760756235204052, 'trop_k_veg': 2.612159486508754, 'gdp_gamma': 1.3046031236994735, 'cure_k': 0.05939844303021399, 'cure_p_min': 375.7805881635059, 'cure_gpp_ref': 0.11355913411371599, 'cure_agb_crit': 3.544707120565203, 'fuel_k': 0.09050072014197275, 'fuel_half': 0.7211600516813784}. Best is trial 0 with value: -0.6232552202351066.
[I 2026-07-25 00:33:27,679] Trial 527 finished with value: -0.5641804416032254 and parameters: {'k1': 0.001482501765596544, 'D_low': 3468.7346114830334, 'k2': 0.0004627869493326099, 'D_high': 60889.12876391075, 'fire_exp': 1.3007982767452646, 'P_half': 56.50489401529577, 'pre_dampen_half': 5.48505079527338, 'gpp_af': 2.9444806169298783, 'gpp_b': 0.01841323999579454, 'gpp_d': 12.151333487696986, 'ign_k': 3.7202524746833987, 'ign_c': 0.11171862560818602, 'trop_agb_crit': 1.257538562515122, 'trop_k_veg': 1.2884836448456847, 'gdp_gamma': 0.17101438918227985, 'cure_k': 0.011906320274308236, 'cure_p_min': 362.2384337287328, 'cure_gpp_ref': 0.06469271851743043, 'cure_agb_crit': 2.2983756317215955, 'fuel_k': 0.04776421142928451, 'fuel_half': 17.534760272982865}. Best is trial 0 with value: -0.6232552202351066.
[I 2026-07-25 00:33:28,135] Trial 528 finished with value: 0.6022310511846394 and parameters: {'k1': 0.0002875803887643046, 'D_low': 18.80797264148711, 'k2': 3.7152478037857914e-05, 'D_high': 2022165.5792656578, 'fire_exp': 1.5641191375164398, 'P_half': 39.504696910589466, 'pre_dampen_half': 299.21127989486854, 'gpp_af': 0.13044791213285276, 'gpp_b': 1.541323129036331e-05, 'gpp_d': 8.549644822180372, 'ign_k': 0.005530689827256001, 'ign_c': 296.1844591305012, 'trop_agb_crit': 11.502136003767852, 'trop_k_veg': 5.991157382914995, 'gdp_gamma': 1.1513285603696923, 'cure_k': 0.41333717029165207, 'cure_p_min': 301.25991300075793, 'cure_gpp_ref': 1.0705637804827268, 'cure_agb_crit': 1.9003453444399658, 'fuel_k': 0.24323024369100332, 'fuel_half': 4.347775885637049}. Best is trial 0 with value: -0.6232552202351066.
[I 2026-07-25 00:33:28,588] Trial 529 finished with value: 0.5817435205374601 and parameters: {'k1': 0.00036755204007289665, 'D_low': 276.68321104456845, 'k2': 5.328963474592902e-05, 'D_high': 124598.38576883869, 'fire_exp': 2.7825093155851577, 'P_half': 220.96424599897102, 'pre_dampen_half': 0.507763549714658, 'gpp_af': 77.27709365484841, 'gpp_b': 0.00021830333150609432, 'gpp_d': 123.98449963479186, 'ign_k': 0.006638507996085824, 'ign_c': 4.553598012748204, 'trop_agb_crit': 29.310758230984668, 'trop_k_veg': 2.056070387721551, 'gdp_gamma': 0.22471477480831564, 'cure_k': 0.010224032574842544, 'cure_p_min': 181.73917825623627, 'cure_gpp_ref': 0.1871701151297372, 'cure_agb_crit': 5.275617060293654, 'fuel_k': 0.06525575372702265, 'fuel_half': 1.2867897179461771}. Best is trial 0 with value: -0.6232552202351066.
[I 2026-07-25 00:33:29,040] Trial 530 finished with value: 0.6062270722873289 and parameters: {'k1': 4.028300685278397e-05, 'D_low': 1811.187028505508, 'k2': 0.00595861466668501, 'D_high': 20065.734036250597, 'fire_exp': 2.9691247359337294, 'P_half': 381.85548879286654, 'pre_dampen_half': 7.647416966497248, 'gpp_af': 39.76499425881367, 'gpp_b': 7.962979926589558e-05, 'gpp_d': 1.4561462961251583, 'ign_k': 0.019259045348975674, 'ign_c': 36.84483506705138, 'trop_agb_crit': 14.780418021163724, 'trop_k_veg': 3.423948557241765, 'gdp_gamma': 0.0774360210877084, 'cure_k': 0.0013994672761773392, 'cure_p_min': 268.65083639505895, 'cure_gpp_ref': 1.1417374001231784, 'cure_agb_crit': 7.552516015444699, 'fuel_k': 0.08084608896552133, 'fuel_half': 0.7010490185126395}. Best is trial 0 with value: -0.6232552202351066.
[I 2026-07-25 00:33:29,492] Trial 531 finished with value: -0.5425696887093536 and parameters: {'k1': 6.434945917921909e-05, 'D_low': 9.111487481295638, 'k2': 4.2738729881673414e-05, 'D_high': 27169.568155922618, 'fire_exp': 1.0335380087521058, 'P_half': 3.0243089178942926, 'pre_dampen_half': 0.6895395541703931, 'gpp_af': 0.28901626395902524, 'gpp_b': 0.006546103872421051, 'gpp_d': 0.0664455301017092, 'ign_k': 0.005972967723719662, 'ign_c': 4.693678448661416, 'trop_agb_crit': 1.2416347444296647, 'trop_k_veg': 6.800369871729538, 'gdp_gamma': 1.5637375285421318, 'cure_k': 0.12397727696308175, 'cure_p_min': 319.630818204085, 'cure_gpp_ref': 0.11594662226125502, 'cure_agb_crit': 1.2609675744758597, 'fuel_k': 0.029163538694257887, 'fuel_half': 2.049863450937783}. Best is trial 0 with value: -0.6232552202351066.
[I 2026-07-25 00:33:29,964] Trial 532 finished with value: 0.45839947367978984 and parameters: {'k1': 0.05010717730523566, 'D_low': 1085.2754108154504, 'k2': 0.0719662908583324, 'D_high': 475599.8652444537, 'fire_exp': 1.3978924619034725, 'P_half': 1726.3478593520695, 'pre_dampen_half': 417.26350673898355, 'gpp_af': 0.035391925563107655, 'gpp_b': 9.062732840811088e-05, 'gpp_d': 347.71156200811464, 'ign_k': 0.025825077915001545, 'ign_c': 2.014421520925467, 'trop_agb_crit': 8.406008500998855, 'trop_k_veg': 1.2461541657154867, 'gdp_gamma': 1.2883960402235464, 'cure_k': 0.002105174381450076, 'cure_p_min': 292.48399072072095, 'cure_gpp_ref': 1.2704493025542427, 'cure_agb_crit': 3.8232820670098095, 'fuel_k': 0.5677394444541932, 'fuel_half': 1.506410921170425}. Best is trial 0 with value: -0.6232552202351066.
[I 2026-07-25 00:33:30,449] Trial 533 finished with value: 0.5499431877568036 and parameters: {'k1': 0.000236952479722718, 'D_low': 14.92272662069258, 'k2': 0.0004992263594587655, 'D_high': 34257.502428606145, 'fire_exp': 1.0644088058714918, 'P_half': 3.136540323026703, 'pre_dampen_half': 0.5307949050388102, 'gpp_af': 0.02458041585886015, 'gpp_b': 0.00043470784778241713, 'gpp_d': 0.01153793010466333, 'ign_k': 0.0031615596307644814, 'ign_c': 0.1936014073261846, 'trop_agb_crit': 2.307138206523759, 'trop_k_veg': 5.6057802002087955, 'gdp_gamma': 0.3198441753147836, 'cure_k': 0.050597162522851784, 'cure_p_min': 207.68248634060456, 'cure_gpp_ref': 0.15078580752992438, 'cure_agb_crit': 2.0317736874376036, 'fuel_k': 0.013012189146641508, 'fuel_half': 45.02415271733731}. Best is trial 0 with value: -0.6232552202351066.
[I 2026-07-25 00:33:30,903] Trial 534 finished with value: 0.5492110151829879 and parameters: {'k1': 0.010475362092284947, 'D_low': 19450.123617473793, 'k2': 0.0003445727032571368, 'D_high': 8469733.016199516, 'fire_exp': 2.3805538095189, 'P_half': 4.081133958238061, 'pre_dampen_half': 20.66975102410386, 'gpp_af': 0.6411468130484692, 'gpp_b': 0.0004148499031778138, 'gpp_d': 69.22425004611614, 'ign_k': 0.10174628990769313, 'ign_c': 0.292320151033803, 'trop_agb_crit': 2.2869164785367895, 'trop_k_veg': 1.427181086136206, 'gdp_gamma': 0.24635550722263191, 'cure_k': 0.7654722681183129, 'cure_p_min': 310.5139829510865, 'cure_gpp_ref': 0.08019546107627566, 'cure_agb_crit': 1.6139134969470958, 'fuel_k': 0.04060297420401111, 'fuel_half': 14.515285457248575}. Best is trial 0 with value: -0.6232552202351066.
[I 2026-07-25 00:33:31,353] Trial 535 finished with value: 0.5240289125472977 and parameters: {'k1': 0.002647108326123126, 'D_low': 1441.4459502581285, 'k2': 0.0010008637094365183, 'D_high': 160263.9551824658, 'fire_exp': 1.7709998806654488, 'P_half': 50.785523755382286, 'pre_dampen_half': 0.22751082621941696, 'gpp_af': 44.17693793554975, 'gpp_b': 0.0001913936474540712, 'gpp_d': 4.785818682211934, 'ign_k': 0.003331400917512233, 'ign_c': 1.3619778989651972, 'trop_agb_crit': 17.151030351688508, 'trop_k_veg': 1.162058596819201, 'gdp_gamma': 1.3459514809526711, 'cure_k': 0.006202364312084823, 'cure_p_min': 393.3281005446647, 'cure_gpp_ref': 0.21546979366659655, 'cure_agb_crit': 6.7957222312271535, 'fuel_k': 0.028012434521770053, 'fuel_half': 1.4991758458958855}. Best is trial 0 with value: -0.6232552202351066.
[I 2026-07-25 00:33:31,808] Trial 536 finished with value: 0.47608490310076856 and parameters: {'k1': 1.1995243390050018e-05, 'D_low': 6561.475243379559, 'k2': 1.8658013931435442e-05, 'D_high': 2435367.2811215725, 'fire_exp': 1.2587065456847422, 'P_half': 54.57466298751679, 'pre_dampen_half': 0.178422513970452, 'gpp_af': 0.0014668948000219522, 'gpp_b': 0.2312154481778215, 'gpp_d': 0.19239604613226824, 'ign_k': 0.03340043613057619, 'ign_c': 10.963635746482469, 'trop_agb_crit': 4.2334751248661755, 'trop_k_veg': 2.7414197960588726, 'gdp_gamma': 0.8345361015915194, 'cure_k': 0.08853273307550594, 'cure_p_min': 237.08950543530523, 'cure_gpp_ref': 0.12997674840524928, 'cure_agb_crit': 1.117573964209592, 'fuel_k': 0.014538130492042355, 'fuel_half': 45.733337040624185}. Best is trial 0 with value: -0.6232552202351066.
[I 2026-07-25 00:33:32,259] Trial 537 finished with value: 0.5867511720437625 and parameters: {'k1': 0.008947852245673998, 'D_low': 268.3861535914963, 'k2': 1.5948406183456516e-05, 'D_high': 1957290.1633096444, 'fire_exp': 1.1540413455352612, 'P_half': 3.6880418407453077, 'pre_dampen_half': 47.494274358170344, 'gpp_af': 0.2437277076291984, 'gpp_b': 0.0010529677343864648, 'gpp_d': 4.277519007958883, 'ign_k': 0.031639013089519955, 'ign_c': 0.8756972656863836, 'trop_agb_crit': 1.8758616032078355, 'trop_k_veg': 0.8126752049504299, 'gdp_gamma': 0.6300639863774726, 'cure_k': 0.047713798509757314, 'cure_p_min': 200.99876422634085, 'cure_gpp_ref': 0.10931605873460969, 'cure_agb_crit': 3.006053350799221, 'fuel_k': 0.0659638633457771, 'fuel_half': 15.516131854293334}. Best is trial 0 with value: -0.6232552202351066.
[I 2026-07-25 00:33:32,708] Trial 538 finished with value: 0.5879654928784783 and parameters: {'k1': 0.000131881495905344, 'D_low': 566.2966211699149, 'k2': 0.00011696163365979883, 'D_high': 148.5930438407719, 'fire_exp': 1.1013866714615788, 'P_half': 1.3831843926182819, 'pre_dampen_half': 0.01018055495296392, 'gpp_af': 0.00106980068786782, 'gpp_b': 0.0006788962336951669, 'gpp_d': 321.86518933713285, 'ign_k': 0.3036109921907784, 'ign_c': 20.741940804634087, 'trop_agb_crit': 1.5163858261108885, 'trop_k_veg': 2.0350270491900058, 'gdp_gamma': 0.4697001362861484, 'cure_k': 0.005575020261713616, 'cure_p_min': 303.89422119847836, 'cure_gpp_ref': 0.06496803707984442, 'cure_agb_crit': 1.1882527105054135, 'fuel_k': 0.01910326528903277, 'fuel_half': 1.3551814165970948}. Best is trial 0 with value: -0.6232552202351066.
[I 2026-07-25 00:33:33,166] Trial 539 finished with value: 0.5402862148621089 and parameters: {'k1': 0.00024784270754628124, 'D_low': 39.142250909100476, 'k2': 0.000328128849617145, 'D_high': 7029242.087216176, 'fire_exp': 1.0087963058889198, 'P_half': 13.551390249266374, 'pre_dampen_half': 0.15090213201809485, 'gpp_af': 0.0027870105948300645, 'gpp_b': 0.054296977240873824, 'gpp_d': 0.13306362880448194, 'ign_k': 0.09095400683884827, 'ign_c': 6.834796335883956, 'trop_agb_crit': 1.2756960165287972, 'trop_k_veg': 3.9135619235103216, 'gdp_gamma': 1.2984499593424867, 'cure_k': 0.03914886356358434, 'cure_p_min': 246.27597056405097, 'cure_gpp_ref': 0.061116069057261364, 'cure_agb_crit': 1.3883681815869136, 'fuel_k': 0.09128705339251503, 'fuel_half': 26.441900028434667}. Best is trial 0 with value: -0.6232552202351066.
[I 2026-07-25 00:33:33,668] Trial 540 finished with value: 0.6003488614602339 and parameters: {'k1': 0.005538583049340343, 'D_low': 510.9176800938242, 'k2': 0.04127851337662532, 'D_high': 91033.17592275502, 'fire_exp': 2.6262498732204267, 'P_half': 83.58078191017749, 'pre_dampen_half': 7.894187933882732, 'gpp_af': 0.010991837729538061, 'gpp_b': 0.020225819207757238, 'gpp_d': 20.0097839938935, 'ign_k': 0.007398322798627876, 'ign_c': 1.5964134314223968, 'trop_agb_crit': 10.51448494421629, 'trop_k_veg': 1.0805403352926284, 'gdp_gamma': 0.6429844789481172, 'cure_k': 0.00153167041684401, 'cure_p_min': 136.9923794041394, 'cure_gpp_ref': 0.579254995584545, 'cure_agb_crit': 1.5527190666162065, 'fuel_k': 0.2329325424659671, 'fuel_half': 9.329678547074844}. Best is trial 0 with value: -0.6232552202351066.
[I 2026-07-25 00:33:34,139] Trial 541 finished with value: 0.5748460705157445 and parameters: {'k1': 0.0020287877414482164, 'D_low': 2350.5162904758217, 'k2': 0.0001953746050419027, 'D_high': 76684.46140679155, 'fire_exp': 1.7286125940735895, 'P_half': 22.528543802546373, 'pre_dampen_half': 0.09876567492228754, 'gpp_af': 0.03568188804463025, 'gpp_b': 0.00048139210167479627, 'gpp_d': 485.4280220882591, 'ign_k': 0.007694363830939066, 'ign_c': 14.828090617340964, 'trop_agb_crit': 11.103259699765992, 'trop_k_veg': 2.442221582010358, 'gdp_gamma': 0.06318747790704063, 'cure_k': 0.0015075369451053753, 'cure_p_min': 314.8597795367326, 'cure_gpp_ref': 0.1490640782451533, 'cure_agb_crit': 4.131965222239342, 'fuel_k': 0.026752392427417893, 'fuel_half': 37.65584623989907}. Best is trial 0 with value: -0.6232552202351066.
[I 2026-07-25 00:33:34,590] Trial 542 finished with value: 0.576731037107445 and parameters: {'k1': 0.019497272791490935, 'D_low': 4577.162096562221, 'k2': 0.00028731621226640554, 'D_high': 4616557.045239662, 'fire_exp': 1.9699249306837976, 'P_half': 12.25339013546234, 'pre_dampen_half': 257.77289660245026, 'gpp_af': 0.008620642928423756, 'gpp_b': 0.0025388649743108556, 'gpp_d': 1.664162380399317, 'ign_k': 0.3981064991315595, 'ign_c': 0.32989425593653726, 'trop_agb_crit': 1.6385971828104506, 'trop_k_veg': 0.929006087614011, 'gdp_gamma': 1.2976512425715012, 'cure_k': 0.010403392290913341, 'cure_p_min': 353.8359883552835, 'cure_gpp_ref': 0.07895094909081837, 'cure_agb_crit': 1.4167688891035395, 'fuel_k': 0.1449917059701858, 'fuel_half': 21.904107030804916}. Best is trial 0 with value: -0.6232552202351066.
[I 2026-07-25 00:33:35,046] Trial 543 finished with value: 0.4637749741080759 and parameters: {'k1': 1.2649013922717751e-05, 'D_low': 78.02555725130244, 'k2': 1.848010988152461e-05, 'D_high': 1010.956845728224, 'fire_exp': 1.236338609829573, 'P_half': 20.116435166022363, 'pre_dampen_half': 1.5579365162974623, 'gpp_af': 0.026491505843782938, 'gpp_b': 0.006729996143618415, 'gpp_d': 0.13502214359287545, 'ign_k': 0.011529246351872222, 'ign_c': 0.14571403950187722, 'trop_agb_crit': 1.4814010068337315, 'trop_k_veg': 4.394740466578606, 'gdp_gamma': 1.1461870599671593, 'cure_k': 0.059535412054463534, 'cure_p_min': 164.75003581512885, 'cure_gpp_ref': 0.22628467021639923, 'cure_agb_crit': 1.08608519387961, 'fuel_k': 0.012048014091978256, 'fuel_half': 12.085569647819273}. Best is trial 0 with value: -0.6232552202351066.
[I 2026-07-25 00:33:35,505] Trial 544 finished with value: -0.603594292013027 and parameters: {'k1': 0.0009827742915241057, 'D_low': 74.75177943662021, 'k2': 0.00027913493774123633, 'D_high': 303427.7027846188, 'fire_exp': 1.0159724446102376, 'P_half': 242.3446177493011, 'pre_dampen_half': 0.22009333548595447, 'gpp_af': 48.875779889954806, 'gpp_b': 5.930497615762005e-05, 'gpp_d': 166.48517332376, 'ign_k': 0.45938970410564206, 'ign_c': 21.311205097704768, 'trop_agb_crit': 12.008367961652572, 'trop_k_veg': 2.650677311454135, 'gdp_gamma': 0.4186581485611344, 'cure_k': 0.006058473304416296, 'cure_p_min': 314.95824400608063, 'cure_gpp_ref': 0.33326240748287567, 'cure_agb_crit': 7.941983204468012, 'fuel_k': 0.05442822872113179, 'fuel_half': 0.12363088740608286}. Best is trial 0 with value: -0.6232552202351066.
[I 2026-07-25 00:33:35,965] Trial 545 finished with value: 0.5158830133673045 and parameters: {'k1': 0.0003147046730486809, 'D_low': 937.3736991319859, 'k2': 4.635059138613981e-05, 'D_high': 1563279.225254122, 'fire_exp': 2.0758639415406246, 'P_half': 24.676129585355863, 'pre_dampen_half': 0.05763722792975105, 'gpp_af': 17.135419019125372, 'gpp_b': 0.00019726096568795597, 'gpp_d': 53.23035150169159, 'ign_k': 1.2542527494859201, 'ign_c': 2.003868815741595, 'trop_agb_crit': 5.9107697001992765, 'trop_k_veg': 2.0420188696771198, 'gdp_gamma': 0.8723212071078054, 'cure_k': 0.0275740399819817, 'cure_p_min': 299.99838158956294, 'cure_gpp_ref': 0.33063231899627094, 'cure_agb_crit': 5.380013561310894, 'fuel_k': 0.20961603439177828, 'fuel_half': 0.13322982020029067}. Best is trial 0 with value: -0.6232552202351066.
[I 2026-07-25 00:33:36,424] Trial 546 finished with value: 0.5263108948704387 and parameters: {'k1': 0.000126758565449465, 'D_low': 63.17532424495912, 'k2': 0.00011413644365698709, 'D_high': 7522.542017287963, 'fire_exp': 1.040634828340655, 'P_half': 9.731660123248243, 'pre_dampen_half': 0.03627063130776066, 'gpp_af': 6.953493256310721, 'gpp_b': 0.0003903707741063012, 'gpp_d': 6.974166028096535, 'ign_k': 1.5400492624717823, 'ign_c': 54.28191484875902, 'trop_agb_crit': 1.2416861634146528, 'trop_k_veg': 3.2361434806889267, 'gdp_gamma': 1.2499907753551638, 'cure_k': 0.32990264478550985, 'cure_p_min': 326.5847982747444, 'cure_gpp_ref': 0.05845576877502039, 'cure_agb_crit': 1.7666799410365026, 'fuel_k': 0.014939575808836232, 'fuel_half': 7.920070108920792}. Best is trial 0 with value: -0.6232552202351066.
[I 2026-07-25 00:33:36,880] Trial 547 finished with value: 0.5979025218434016 and parameters: {'k1': 0.0006984180297103758, 'D_low': 32.111929304159055, 'k2': 0.00555259636695936, 'D_high': 7056.269709298392, 'fire_exp': 1.4542143914910213, 'P_half': 263.3402580792715, 'pre_dampen_half': 0.1199042966040789, 'gpp_af': 9.151850381656665, 'gpp_b': 2.102726518728668e-05, 'gpp_d': 540.7086000406637, 'ign_k': 0.8083161917983059, 'ign_c': 37.820440478362016, 'trop_agb_crit': 18.197632332647355, 'trop_k_veg': 2.2175846606763807, 'gdp_gamma': 0.1062117493511628, 'cure_k': 0.03329503994762403, 'cure_p_min': 215.25010801037817, 'cure_gpp_ref': 0.8337495914299439, 'cure_agb_crit': 5.006634516992407, 'fuel_k': 0.20256116943601923, 'fuel_half': 0.5045986975061397}. Best is trial 0 with value: -0.6232552202351066.
[I 2026-07-25 00:33:37,338] Trial 548 finished with value: 0.5736263763357858 and parameters: {'k1': 0.0012599454599659416, 'D_low': 940.140796900627, 'k2': 0.0009550980118185676, 'D_high': 34521.80956694245, 'fire_exp': 3.1928949431466465, 'P_half': 2.5730521056402127, 'pre_dampen_half': 0.2855964726236645, 'gpp_af': 20.131037584865382, 'gpp_b': 0.002107255367245092, 'gpp_d': 414.29058441755336, 'ign_k': 0.05257991572376002, 'ign_c': 0.16868552582646168, 'trop_agb_crit': 1.4187981929660962, 'trop_k_veg': 6.298250174254552, 'gdp_gamma': 0.1758778762148867, 'cure_k': 0.0017875793362973917, 'cure_p_min': 318.4472435382524, 'cure_gpp_ref': 1.9179233062809762, 'cure_agb_crit': 6.087515239932367, 'fuel_k': 0.1450577032097457, 'fuel_half': 8.567795390407232}. Best is trial 0 with value: -0.6232552202351066.
[I 2026-07-25 00:33:37,796] Trial 549 finished with value: 0.42936068583294296 and parameters: {'k1': 0.010622556242480275, 'D_low': 12.206819597009305, 'k2': 0.0463569751926568, 'D_high': 303613.2731729329, 'fire_exp': 2.562122801080661, 'P_half': 602.4632738501898, 'pre_dampen_half': 905.3559962232866, 'gpp_af': 0.006014751809355601, 'gpp_b': 2.3547379859050085e-05, 'gpp_d': 310.07551858368055, 'ign_k': 0.07274323399538567, 'ign_c': 3.699646071343716, 'trop_agb_crit': 10.256649900347716, 'trop_k_veg': 1.6547238032283638, 'gdp_gamma': 0.5431370409564955, 'cure_k': 0.002670214254090751, 'cure_p_min': 159.96069308548766, 'cure_gpp_ref': 0.20628710077017645, 'cure_agb_crit': 2.4080976468219477, 'fuel_k': 0.07455496498483466, 'fuel_half': 0.5262733248491167}. Best is trial 0 with value: -0.6232552202351066.
