[I 2026-07-22 20:52:32,207] Trial 2309 finished with values: [10.251769083668266, 10.251769083668266] and parameters: {'k1': 5.006402338982993e-05, 'D_low': 2240.9155921647994, 'k2': 0.00033271381912662167, 'D_high': 2413579.2291304003, 'fire_exp': 1.5191397119156032, 'P_half': 355.00125258511594, 'pre_dampen_half': 16.224010950061366, 'gpp_af': 0.03522602097143089, 'gpp_b': 0.0028993292583566945, 'gpp_d': 12.338826503601998, 'ign_k': 2.136832907235876, 'ign_c': 22.126836566118193, 'trop_agb_crit': 5.526463318565575, 'trop_k_veg': 4.050700716504253, 'fuel_k': 0.6149834196910364, 'fuel_half': 0.6603566884894324}.
[I 2026-07-22 20:52:32,654] Trial 2310 finished with values: [-0.7589278011306462, 0.015605923364103602] and parameters: {'k1': 5.006402338982993e-05, 'D_low': 2240.9155921647994, 'k2': 0.026481893558424535, 'D_high': 2413579.2291304003, 'fire_exp': 1.5191397119156032, 'P_half': 355.00125258511594, 'pre_dampen_half': 8.259599205585763, 'gpp_af': 0.03522602097143089, 'gpp_b': 0.006495428294418489, 'gpp_d': 12.338826503601998, 'ign_k': 3.965503094323014, 'ign_c': 22.126836566118193, 'trop_agb_crit': 5.526463318565575, 'trop_k_veg': 4.050700716504253, 'fuel_k': 4.710433409437071, 'fuel_half': 0.6603566884894324}.
[I 2026-07-22 20:52:33,092] Trial 2311 finished with values: [-0.8014195185570839, 0.05946362543721384] and parameters: {'k1': 0.0002873259906771425, 'D_low': 2240.9155921647994, 'k2': 0.009365392315930438, 'D_high': 267611.24600477156, 'fire_exp': 1.5704801393982246, 'P_half': 157.80309954142965, 'pre_dampen_half': 16.224010950061366, 'gpp_af': 0.0176901289740541, 'gpp_b': 0.00012118589392553798, 'gpp_d': 12.338826503601998, 'ign_k': 2.136832907235876, 'ign_c': 22.126836566118193, 'trop_agb_crit': 13.050465147768051, 'trop_k_veg': 4.5784420637928775, 'fuel_k': 0.6149834196910364, 'fuel_half': 0.6603566884894324}.
[I 2026-07-22 20:52:33,519] Trial 2312 finished with values: [-0.7324137808532389, 0.06636571281653847] and parameters: {'k1': 0.009849709335222936, 'D_low': 2240.9155921647994, 'k2': 7.293948905052268e-05, 'D_high': 693439.2750387826, 'fire_exp': 1.5191397119156032, 'P_half': 355.00125258511594, 'pre_dampen_half': 8.259599205585763, 'gpp_af': 0.15705544810058888, 'gpp_b': 0.00012118589392553798, 'gpp_d': 12.338826503601998, 'ign_k': 3.965503094323014, 'ign_c': 22.126836566118193, 'trop_agb_crit': 13.050465147768051, 'trop_k_veg': 4.050700716504253, 'fuel_k': 0.6149834196910364, 'fuel_half': 0.6603566884894324}.
[I 2026-07-22 20:52:33,946] Trial 2313 finished with values: [10.016971605336883, 10.016971605336883] and parameters: {'k1': 0.028401063201780267, 'D_low': 4605.539697822405, 'k2': 0.004695480001817501, 'D_high': 6525529.853354094, 'fire_exp': 1.2585476857229763, 'P_half': 4.379874076217435, 'pre_dampen_half': 23.346785185614166, 'gpp_af': 0.007875284985403621, 'gpp_b': 0.006495428294418489, 'gpp_d': 12.338826503601998, 'ign_k': 3.965503094323014, 'ign_c': 22.126836566118193, 'trop_agb_crit': 6.187033415477641, 'trop_k_veg': 4.521629083020433, 'fuel_k': 2.4768953726695084, 'fuel_half': 0.6603566884894324}.
[I 2026-07-22 20:52:34,371] Trial 2314 finished with values: [-0.7669521571245163, 0.025757522222414564] and parameters: {'k1': 0.0008685306488754917, 'D_low': 2240.9155921647994, 'k2': 0.0010532624798722347, 'D_high': 6525529.853354094, 'fire_exp': 1.5704801393982246, 'P_half': 355.00125258511594, 'pre_dampen_half': 16.224010950061366, 'gpp_af': 0.03522602097143089, 'gpp_b': 0.0028993292583566945, 'gpp_d': 12.338826503601998, 'ign_k': 2.136832907235876, 'ign_c': 22.126836566118193, 'trop_agb_crit': 26.951029433343408, 'trop_k_veg': 2.724170387400844, 'fuel_k': 1.3435190130425099, 'fuel_half': 0.6603566884894324}.
[I 2026-07-22 20:52:34,800] Trial 2315 finished with values: [-0.7746597841260573, 0.01815687692357626] and parameters: {'k1': 0.028401063201780267, 'D_low': 2100.23993517399, 'k2': 0.0006863458703786212, 'D_high': 6525529.853354094, 'fire_exp': 1.5191397119156032, 'P_half': 355.00125258511594, 'pre_dampen_half': 16.224010950061366, 'gpp_af': 0.03522602097143089, 'gpp_b': 0.0028993292583566945, 'gpp_d': 12.338826503601998, 'ign_k': 3.965503094323014, 'ign_c': 22.126836566118193, 'trop_agb_crit': 12.647327018493208, 'trop_k_veg': 4.050700716504253, 'fuel_k': 1.3435190130425099, 'fuel_half': 0.6603566884894324}.
[I 2026-07-22 20:52:35,227] Trial 2316 finished with values: [-0.7965260507011296, 0.042001070504626536] and parameters: {'k1': 0.0059675815427035804, 'D_low': 2240.9155921647994, 'k2': 8.502316981901375e-05, 'D_high': 6525529.853354094, 'fire_exp': 1.2585476857229763, 'P_half': 355.00125258511594, 'pre_dampen_half': 16.224010950061366, 'gpp_af': 0.03522602097143089, 'gpp_b': 0.0004282509714243062, 'gpp_d': 12.338826503601998, 'ign_k': 3.965503094323014, 'ign_c': 22.126836566118193, 'trop_agb_crit': 6.187033415477641, 'trop_k_veg': 4.5784420637928775, 'fuel_k': 0.6149834196910364, 'fuel_half': 0.6603566884894324}.
[I 2026-07-22 20:52:35,657] Trial 2317 finished with values: [10.591634658831476, 10.591634658831476] and parameters: {'k1': 0.028401063201780267, 'D_low': 2240.9155921647994, 'k2': 0.00033271381912662167, 'D_high': 6525529.853354094, 'fire_exp': 1.2585476857229763, 'P_half': 355.00125258511594, 'pre_dampen_half': 0.1406017751244735, 'gpp_af': 0.03522602097143089, 'gpp_b': 0.0004282509714243062, 'gpp_d': 12.338826503601998, 'ign_k': 3.965503094323014, 'ign_c': 22.126836566118193, 'trop_agb_crit': 5.526463318565575, 'trop_k_veg': 6.02985034296454, 'fuel_k': 0.6149834196910364, 'fuel_half': 0.6603566884894324}.
[I 2026-07-22 20:52:36,088] Trial 2318 finished with values: [-0.7953826063099658, 0.06311063987056942] and parameters: {'k1': 0.028401063201780267, 'D_low': 2240.9155921647994, 'k2': 7.293948905052268e-05, 'D_high': 2413579.2291304003, 'fire_exp': 1.5704801393982246, 'P_half': 355.00125258511594, 'pre_dampen_half': 16.224010950061366, 'gpp_af': 0.03522602097143089, 'gpp_b': 5.0735015910031235e-05, 'gpp_d': 12.338826503601998, 'ign_k': 2.7142572552186843, 'ign_c': 22.126836566118193, 'trop_agb_crit': 5.526463318565575, 'trop_k_veg': 2.724170387400844, 'fuel_k': 1.3435190130425099, 'fuel_half': 0.6603566884894324}.
[I 2026-07-22 20:52:36,519] Trial 2319 finished with values: [10.738683800023923, 10.738683800023923] and parameters: {'k1': 0.028401063201780267, 'D_low': 2240.9155921647994, 'k2': 0.00033271381912662167, 'D_high': 98.10856892465614, 'fire_exp': 1.2585476857229763, 'P_half': 355.00125258511594, 'pre_dampen_half': 16.224010950061366, 'gpp_af': 0.00844599651021394, 'gpp_b': 0.00012118589392553798, 'gpp_d': 75.28886533500305, 'ign_k': 2.136832907235876, 'ign_c': 22.126836566118193, 'trop_agb_crit': 6.187033415477641, 'trop_k_veg': 2.724170387400844, 'fuel_k': 0.6149834196910364, 'fuel_half': 0.6603566884894324}.
[I 2026-07-22 20:52:36,999] Trial 2320 finished with values: [10.130931759934032, 10.130931759934032] and parameters: {'k1': 1.0185176067069698e-05, 'D_low': 138.45729766322435, 'k2': 0.00033271381912662167, 'D_high': 2413579.2291304003, 'fire_exp': 1.5191397119156032, 'P_half': 355.00125258511594, 'pre_dampen_half': 8.259599205585763, 'gpp_af': 0.00844599651021394, 'gpp_b': 0.0028993292583566945, 'gpp_d': 12.338826503601998, 'ign_k': 2.136832907235876, 'ign_c': 22.126836566118193, 'trop_agb_crit': 5.526463318565575, 'trop_k_veg': 4.050700716504253, 'fuel_k': 4.710433409437071, 'fuel_half': 0.6603566884894324}.
[I 2026-07-22 20:52:37,472] Trial 2321 finished with values: [10.357639272217279, 10.357639272217279] and parameters: {'k1': 0.028401063201780267, 'D_low': 2240.9155921647994, 'k2': 0.0006863458703786212, 'D_high': 6525529.853354094, 'fire_exp': 1.5704801393982246, 'P_half': 300.85508055280167, 'pre_dampen_half': 8.259599205585763, 'gpp_af': 0.059905273073812965, 'gpp_b': 0.00012118589392553798, 'gpp_d': 12.338826503601998, 'ign_k': 3.965503094323014, 'ign_c': 22.126836566118193, 'trop_agb_crit': 5.526463318565575, 'trop_k_veg': 3.667910588944105, 'fuel_k': 4.710433409437071, 'fuel_half': 0.6603566884894324}.
[I 2026-07-22 20:52:37,943] Trial 2322 finished with values: [-0.8025259345535748, 0.054973140974439394] and parameters: {'k1': 0.0002873259906771425, 'D_low': 2240.9155921647994, 'k2': 0.00033271381912662167, 'D_high': 6525529.853354094, 'fire_exp': 1.5191397119156032, 'P_half': 157.80309954142965, 'pre_dampen_half': 16.224010950061366, 'gpp_af': 0.00978336290980289, 'gpp_b': 0.00012118589392553798, 'gpp_d': 12.338826503601998, 'ign_k': 3.965503094323014, 'ign_c': 22.126836566118193, 'trop_agb_crit': 13.050465147768051, 'trop_k_veg': 4.776259022974975, 'fuel_k': 0.6149834196910364, 'fuel_half': 0.6603566884894324}.
[I 2026-07-22 20:52:38,392] Trial 2323 finished with values: [-0.7663229166458821, 0.04240796540891423] and parameters: {'k1': 0.028401063201780267, 'D_low': 2240.9155921647994, 'k2': 0.00033271381912662167, 'D_high': 6525529.853354094, 'fire_exp': 1.2585476857229763, 'P_half': 355.00125258511594, 'pre_dampen_half': 8.259599205585763, 'gpp_af': 0.00844599651021394, 'gpp_b': 7.19872806202416e-05, 'gpp_d': 12.338826503601998, 'ign_k': 3.965503094323014, 'ign_c': 22.126836566118193, 'trop_agb_crit': 6.187033415477641, 'trop_k_veg': 3.809506709621017, 'fuel_k': 0.6149834196910364, 'fuel_half': 0.6603566884894324}.
[I 2026-07-22 20:52:38,845] Trial 2324 finished with values: [10.087704340121949, 10.087704340121949] and parameters: {'k1': 0.028401063201780267, 'D_low': 2240.9155921647994, 'k2': 0.0011474490207395737, 'D_high': 6525529.853354094, 'fire_exp': 1.2585476857229763, 'P_half': 157.80309954142965, 'pre_dampen_half': 16.224010950061366, 'gpp_af': 0.03522602097143089, 'gpp_b': 7.19872806202416e-05, 'gpp_d': 12.338826503601998, 'ign_k': 3.965503094323014, 'ign_c': 22.126836566118193, 'trop_agb_crit': 6.187033415477641, 'trop_k_veg': 4.134197325749631, 'fuel_k': 0.6149834196910364, 'fuel_half': 0.6603566884894324}.
[I 2026-07-22 20:52:39,299] Trial 2325 finished with values: [-0.7461818701014735, 0.045287700492302574] and parameters: {'k1': 5.006402338982993e-05, 'D_low': 3103.3332277537256, 'k2': 4.4202944923364884e-05, 'D_high': 2413579.2291304003, 'fire_exp': 1.5191397119156032, 'P_half': 355.00125258511594, 'pre_dampen_half': 8.259599205585763, 'gpp_af': 0.03522602097143089, 'gpp_b': 0.0028993292583566945, 'gpp_d': 12.338826503601998, 'ign_k': 2.136832907235876, 'ign_c': 22.126836566118193, 'trop_agb_crit': 5.526463318565575, 'trop_k_veg': 0.6303466538723476, 'fuel_k': 4.710433409437071, 'fuel_half': 0.6603566884894324}.
[I 2026-07-22 20:52:39,753] Trial 2326 finished with values: [10.119760440282496, 10.119760440282496] and parameters: {'k1': 0.002820290687495313, 'D_low': 2100.23993517399, 'k2': 0.0006863458703786212, 'D_high': 6525529.853354094, 'fire_exp': 1.5191397119156032, 'P_half': 355.00125258511594, 'pre_dampen_half': 16.224010950061366, 'gpp_af': 0.03522602097143089, 'gpp_b': 0.0028993292583566945, 'gpp_d': 12.338826503601998, 'ign_k': 2.136832907235876, 'ign_c': 22.126836566118193, 'trop_agb_crit': 13.050465147768051, 'trop_k_veg': 2.724170387400844, 'fuel_k': 0.6149834196910364, 'fuel_half': 0.6603566884894324}.
  trial 2327/2500  pareto_size=22  best_taylor=0.8047  best_ilamb=0.6071  (17.0 min)
[I 2026-07-22 20:52:40,643] Trial 2327 finished with values: [10.062165526023898, 10.062165526023898] and parameters: {'k1': 0.028401063201780267, 'D_low': 2240.9155921647994, 'k2': 8.502316981901375e-05, 'D_high': 6525529.853354094, 'fire_exp': 1.7142304893572406, 'P_half': 157.80309954142965, 'pre_dampen_half': 16.224010950061366, 'gpp_af': 0.0176901289740541, 'gpp_b': 0.00012118589392553798, 'gpp_d': 12.338826503601998, 'ign_k': 3.965503094323014, 'ign_c': 22.126836566118193, 'trop_agb_crit': 1.0672245398857356, 'trop_k_veg': 4.521629083020433, 'fuel_k': 0.02887177636356242, 'fuel_half': 0.6603566884894324}.
[I 2026-07-22 20:52:41,115] Trial 2328 finished with values: [-0.6366978851051931, 0.01666535284544668] and parameters: {'k1': 0.028401063201780267, 'D_low': 138.45729766322435, 'k2': 0.00033271381912662167, 'D_high': 6525529.853354094, 'fire_exp': 1.5191397119156032, 'P_half': 355.00125258511594, 'pre_dampen_half': 8.259599205585763, 'gpp_af': 0.007914355321045717, 'gpp_b': 0.0028993292583566945, 'gpp_d': 284.62803524157226, 'ign_k': 2.136832907235876, 'ign_c': 22.126836566118193, 'trop_agb_crit': 8.65937260774655, 'trop_k_veg': 4.050700716504253, 'fuel_k': 4.710433409437071, 'fuel_half': 0.6603566884894324}.
[I 2026-07-22 20:52:41,572] Trial 2329 finished with values: [-0.7632376970531378, 0.027546278318411055] and parameters: {'k1': 0.002820290687495313, 'D_low': 2240.9155921647994, 'k2': 0.00033271381912662167, 'D_high': 6525529.853354094, 'fire_exp': 1.5820135154740131, 'P_half': 355.00125258511594, 'pre_dampen_half': 16.224010950061366, 'gpp_af': 0.00844599651021394, 'gpp_b': 0.00012118589392553798, 'gpp_d': 12.338826503601998, 'ign_k': 3.965503094323014, 'ign_c': 22.126836566118193, 'trop_agb_crit': 10.584071370490857, 'trop_k_veg': 4.5784420637928775, 'fuel_k': 0.6149834196910364, 'fuel_half': 0.6603566884894324}.
[I 2026-07-22 20:52:42,033] Trial 2330 finished with values: [-0.5383200325749853, 0.23145803334225457] and parameters: {'k1': 9.250120000291016e-05, 'D_low': 2240.9155921647994, 'k2': 0.00033271381912662167, 'D_high': 6525529.853354094, 'fire_exp': 1.3834986351129641, 'P_half': 355.00125258511594, 'pre_dampen_half': 16.224010950061366, 'gpp_af': 0.00844599651021394, 'gpp_b': 0.0028993292583566945, 'gpp_d': 12.338826503601998, 'ign_k': 0.0026386509129543933, 'ign_c': 22.126836566118193, 'trop_agb_crit': 5.526463318565575, 'trop_k_veg': 0.9262318156857808, 'fuel_k': 4.710433409437071, 'fuel_half': 0.6603566884894324}.
[I 2026-07-22 20:52:42,501] Trial 2331 finished with values: [-0.7954988078428518, 0.030166159682779914] and parameters: {'k1': 0.028401063201780267, 'D_low': 2240.9155921647994, 'k2': 0.0006863458703786212, 'D_high': 6525529.853354094, 'fire_exp': 1.5704801393982246, 'P_half': 355.00125258511594, 'pre_dampen_half': 16.224010950061366, 'gpp_af': 0.007914355321045717, 'gpp_b': 0.00012118589392553798, 'gpp_d': 12.338826503601998, 'ign_k': 2.7142572552186843, 'ign_c': 22.126836566118193, 'trop_agb_crit': 8.65937260774655, 'trop_k_veg': 2.1094958993739077, 'fuel_k': 1.3435190130425099, 'fuel_half': 0.6603566884894324}.
[I 2026-07-22 20:52:42,949] Trial 2332 finished with values: [10.49245987883633, 10.49245987883633] and parameters: {'k1': 5.006402338982993e-05, 'D_low': 138.45729766322435, 'k2': 7.293948905052268e-05, 'D_high': 2413579.2291304003, 'fire_exp': 1.5191397119156032, 'P_half': 269.78061004103927, 'pre_dampen_half': 0.1685627356080019, 'gpp_af': 0.00844599651021394, 'gpp_b': 2.220204381329843e-05, 'gpp_d': 12.338826503601998, 'ign_k': 2.136832907235876, 'ign_c': 22.126836566118193, 'trop_agb_crit': 5.526463318565575, 'trop_k_veg': 4.050700716504253, 'fuel_k': 4.710433409437071, 'fuel_half': 0.6603566884894324}.
[I 2026-07-22 20:52:43,397] Trial 2333 finished with values: [10.166569590358032, 10.166569590358032] and parameters: {'k1': 0.002820290687495313, 'D_low': 2240.9155921647994, 'k2': 0.00033271381912662167, 'D_high': 6525529.853354094, 'fire_exp': 1.5704801393982246, 'P_half': 355.00125258511594, 'pre_dampen_half': 16.224010950061366, 'gpp_af': 0.03522602097143089, 'gpp_b': 0.006495428294418489, 'gpp_d': 12.338826503601998, 'ign_k': 6.440018912938695, 'ign_c': 22.126836566118193, 'trop_agb_crit': 3.7809676563722077, 'trop_k_veg': 2.724170387400844, 'fuel_k': 1.3435190130425099, 'fuel_half': 0.6603566884894324}.
[I 2026-07-22 20:52:43,846] Trial 2334 finished with values: [-0.7983076922886106, 0.03918944178845951] and parameters: {'k1': 0.028401063201780267, 'D_low': 2240.9155921647994, 'k2': 8.502316981901375e-05, 'D_high': 6525529.853354094, 'fire_exp': 1.2585476857229763, 'P_half': 355.00125258511594, 'pre_dampen_half': 16.224010950061366, 'gpp_af': 0.007914355321045717, 'gpp_b': 0.00012118589392553798, 'gpp_d': 12.338826503601998, 'ign_k': 6.440018912938695, 'ign_c': 22.126836566118193, 'trop_agb_crit': 12.647327018493208, 'trop_k_veg': 2.516998274048592, 'fuel_k': 0.6149834196910364, 'fuel_half': 0.6603566884894324}.
[I 2026-07-22 20:52:44,296] Trial 2335 finished with values: [-0.7534495452493132, 0.060411614644941714] and parameters: {'k1': 0.0008685306488754917, 'D_low': 2240.9155921647994, 'k2': 0.00033271381912662167, 'D_high': 693439.2750387826, 'fire_exp': 1.5191397119156032, 'P_half': 157.80309954142965, 'pre_dampen_half': 16.224010950061366, 'gpp_af': 0.014825756216383266, 'gpp_b': 0.00012118589392553798, 'gpp_d': 12.338826503601998, 'ign_k': 2.136832907235876, 'ign_c': 22.126836566118193, 'trop_agb_crit': 6.187033415477641, 'trop_k_veg': 4.5784420637928775, 'fuel_k': 1.3435190130425099, 'fuel_half': 0.6603566884894324}.
[I 2026-07-22 20:52:44,748] Trial 2336 finished with values: [-0.7955282901951759, 0.030746534947545978] and parameters: {'k1': 0.028401063201780267, 'D_low': 2240.9155921647994, 'k2': 8.502316981901375e-05, 'D_high': 6525529.853354094, 'fire_exp': 1.5704801393982246, 'P_half': 355.00125258511594, 'pre_dampen_half': 16.224010950061366, 'gpp_af': 0.007914355321045717, 'gpp_b': 0.00012118589392553798, 'gpp_d': 12.338826503601998, 'ign_k': 6.440018912938695, 'ign_c': 22.126836566118193, 'trop_agb_crit': 12.647327018493208, 'trop_k_veg': 4.5784420637928775, 'fuel_k': 1.3435190130425099, 'fuel_half': 0.6603566884894324}.
[I 2026-07-22 20:52:45,198] Trial 2337 finished with values: [-0.7697641396075097, 0.020705001804981138] and parameters: {'k1': 5.006402338982993e-05, 'D_low': 2240.9155921647994, 'k2': 7.293948905052268e-05, 'D_high': 2413579.2291304003, 'fire_exp': 1.5191397119156032, 'P_half': 355.00125258511594, 'pre_dampen_half': 8.259599205585763, 'gpp_af': 0.03522602097143089, 'gpp_b': 0.0028993292583566945, 'gpp_d': 12.338826503601998, 'ign_k': 2.136832907235876, 'ign_c': 22.126836566118193, 'trop_agb_crit': 5.526463318565575, 'trop_k_veg': 4.050700716504253, 'fuel_k': 4.710433409437071, 'fuel_half': 0.6603566884894324}.
[I 2026-07-22 20:52:45,645] Trial 2338 finished with values: [10.73404899609189, 10.73404899609189] and parameters: {'k1': 7.554673383441435e-05, 'D_low': 3103.3332277537256, 'k2': 0.0006863458703786212, 'D_high': 2413579.2291304003, 'fire_exp': 1.5191397119156032, 'P_half': 355.00125258511594, 'pre_dampen_half': 629.9615074601512, 'gpp_af': 0.007914355321045717, 'gpp_b': 0.0028993292583566945, 'gpp_d': 12.338826503601998, 'ign_k': 2.136832907235876, 'ign_c': 29.187839113058924, 'trop_agb_crit': 12.647327018493208, 'trop_k_veg': 2.724170387400844, 'fuel_k': 1.3435190130425099, 'fuel_half': 0.6603566884894324}.
[I 2026-07-22 20:52:46,101] Trial 2339 finished with values: [10.001200814973924, 10.001200814973924] and parameters: {'k1': 0.028401063201780267, 'D_low': 2240.9155921647994, 'k2': 8.502316981901375e-05, 'D_high': 6525529.853354094, 'fire_exp': 1.2585476857229763, 'P_half': 157.80309954142965, 'pre_dampen_half': 16.224010950061366, 'gpp_af': 0.00844599651021394, 'gpp_b': 0.006495428294418489, 'gpp_d': 75.28886533500305, 'ign_k': 3.965503094323014, 'ign_c': 22.126836566118193, 'trop_agb_crit': 6.187033415477641, 'trop_k_veg': 4.5784420637928775, 'fuel_k': 2.4768953726695084, 'fuel_half': 0.6603566884894324}.
[I 2026-07-22 20:52:46,543] Trial 2340 finished with values: [10.098562442331126, 10.098562442331126] and parameters: {'k1': 5.006402338982993e-05, 'D_low': 2100.23993517399, 'k2': 0.00018635763101520664, 'D_high': 6525529.853354094, 'fire_exp': 1.5191397119156032, 'P_half': 355.00125258511594, 'pre_dampen_half': 16.224010950061366, 'gpp_af': 0.03522602097143089, 'gpp_b': 0.0028993292583566945, 'gpp_d': 12.338826503601998, 'ign_k': 2.136832907235876, 'ign_c': 22.126836566118193, 'trop_agb_crit': 6.187033415477641, 'trop_k_veg': 2.724170387400844, 'fuel_k': 1.3435190130425099, 'fuel_half': 0.6603566884894324}.
[I 2026-07-22 20:52:46,990] Trial 2341 finished with values: [-0.7714376508952869, 0.022116538681450693] and parameters: {'k1': 5.006402338982993e-05, 'D_low': 2100.23993517399, 'k2': 0.0006863458703786212, 'D_high': 6525529.853354094, 'fire_exp': 1.5191397119156032, 'P_half': 355.00125258511594, 'pre_dampen_half': 8.259599205585763, 'gpp_af': 0.03522602097143089, 'gpp_b': 0.0028993292583566945, 'gpp_d': 12.338826503601998, 'ign_k': 2.136832907235876, 'ign_c': 22.126836566118193, 'trop_agb_crit': 5.526463318565575, 'trop_k_veg': 2.724170387400844, 'fuel_k': 4.710433409437071, 'fuel_half': 0.6603566884894324}.
[I 2026-07-22 20:52:47,438] Trial 2342 finished with values: [-0.7968661350941959, 0.04548128881369384] and parameters: {'k1': 0.028401063201780267, 'D_low': 2240.9155921647994, 'k2': 0.00033271381912662167, 'D_high': 2413579.2291304003, 'fire_exp': 1.5191397119156032, 'P_half': 355.00125258511594, 'pre_dampen_half': 16.224010950061366, 'gpp_af': 0.6086844623937467, 'gpp_b': 0.0028993292583566945, 'gpp_d': 12.338826503601998, 'ign_k': 2.136832907235876, 'ign_c': 22.126836566118193, 'trop_agb_crit': 5.526463318565575, 'trop_k_veg': 6.02985034296454, 'fuel_k': 1.3435190130425099, 'fuel_half': 0.6603566884894324}.
[I 2026-07-22 20:52:47,886] Trial 2343 finished with values: [-0.7690295695894168, 0.027984763764620446] and parameters: {'k1': 0.028401063201780267, 'D_low': 2240.9155921647994, 'k2': 0.00033271381912662167, 'D_high': 693439.2750387826, 'fire_exp': 1.5704801393982246, 'P_half': 355.00125258511594, 'pre_dampen_half': 16.224010950061366, 'gpp_af': 0.00844599651021394, 'gpp_b': 0.00012118589392553798, 'gpp_d': 12.338826503601998, 'ign_k': 3.965503094323014, 'ign_c': 22.126836566118193, 'trop_agb_crit': 13.050465147768051, 'trop_k_veg': 4.776259022974975, 'fuel_k': 0.6149834196910364, 'fuel_half': 0.6603566884894324}.
