[I 2026-06-11 13:07:44,725] Trial 287 finished with values: [10.410173165758088, 10.410173165758088] and parameters: {'k1': 5.7909642338812115e-05, 'D_low': 1.4002277211577039, 'k2': 4.933751600448335e-05, 'D_high': 1817.0401889219124, 'fire_exp': 1.1633452995374232, 'P_half': 1265.0580856641704, 'pre_dampen_half': 37.40930273158252, 'gpp_af': 1.9998014714101113, 'gpp_b': 0.05314875633348467, 'gpp_d': 594.7389794988394, 'ign_k': 0.8945150807271531, 'ign_c': 16.497426799845446, 'trop_agb_crit': 1.1683326952092081, 'trop_k_veg': 5.453348988480011, 'fire_amp': 1.5587346124822492}.
[I 2026-06-11 13:07:45,774] Trial 288 finished with values: [10.769230398665297, 10.769230398665297] and parameters: {'k1': 0.03648456083047798, 'D_low': 3063.001606653078, 'k2': 0.019383858782150494, 'D_high': 6682.9607218310075, 'fire_exp': 1.4848387260494937, 'P_half': 12.280874862135363, 'pre_dampen_half': 4.847666216751353, 'gpp_af': 1.9706963379095486, 'gpp_b': 0.001674375583895437, 'gpp_d': 96.93415502195788, 'ign_k': 0.012480180965117606, 'ign_c': 783.3500522138154, 'trop_agb_crit': 12.9667438075127, 'trop_k_veg': 4.989748894578724, 'fire_amp': 3.1543496524370136}.
[I 2026-06-11 13:07:46,675] Trial 289 finished with values: [13.007765898324328, 13.007765898324328] and parameters: {'k1': 0.00031134168041628584, 'D_low': 1.7551403048208316, 'k2': 0.0001280886335404798, 'D_high': 24.9899605789089, 'fire_exp': 1.0601964743503993, 'P_half': 69.68111190775313, 'pre_dampen_half': 121.93011993958949, 'gpp_af': 0.0662749342026412, 'gpp_b': 1.4540386644083135e-05, 'gpp_d': 28.312234265202243, 'ign_k': 0.002357279455676982, 'ign_c': 7.081721844034206, 'trop_agb_crit': 1.0693376406863295, 'trop_k_veg': 0.5183533149347164, 'fire_amp': 4.783836175730692}.
[I 2026-06-11 13:07:47,547] Trial 290 finished with values: [10.76847322475766, 10.76847322475766] and parameters: {'k1': 5.7909642338812115e-05, 'D_low': 7507.777979297807, 'k2': 0.0007731571570012607, 'D_high': 1817.0401889219124, 'fire_exp': 3.2459542834651627, 'P_half': 1265.0580856641704, 'pre_dampen_half': 1.8469033699850426, 'gpp_af': 1.7775411110039254, 'gpp_b': 0.004411400434514031, 'gpp_d': 95.2715755007094, 'ign_k': 0.17320535908244444, 'ign_c': 0.4177928311636542, 'trop_agb_crit': 1.8566494291193822, 'trop_k_veg': 0.6488368931910606, 'fire_amp': 2.818314238665462}.
[I 2026-06-11 13:07:48,447] Trial 291 finished with values: [10.013460415193443, 10.013460415193443] and parameters: {'k1': 0.03648456083047798, 'D_low': 1.7551403048208316, 'k2': 0.019383858782150494, 'D_high': 6682.9607218310075, 'fire_exp': 1.41873960828944, 'P_half': 996.7983879709292, 'pre_dampen_half': 16.009350908593582, 'gpp_af': 0.10098504976210308, 'gpp_b': 0.001674375583895437, 'gpp_d': 545.0253444559129, 'ign_k': 0.07867677706257832, 'ign_c': 0.33139424373451987, 'trop_agb_crit': 12.708819454040446, 'trop_k_veg': 2.724170387400844, 'fire_amp': 1.5719333351012774}.
[I 2026-06-11 13:07:49,349] Trial 292 finished with values: [10.144880482710914, 10.144880482710914] and parameters: {'k1': 0.003968136435370146, 'D_low': 12.105387404469584, 'k2': 0.003767022142229395, 'D_high': 32311.521854410956, 'fire_exp': 1.811096651915224, 'P_half': 5.4712187293420325, 'pre_dampen_half': 10.931606102061748, 'gpp_af': 0.060029341913968644, 'gpp_b': 0.00031478066835753096, 'gpp_d': 0.1619054449471649, 'ign_k': 0.0032383308053152635, 'ign_c': 1.364908766641693, 'trop_agb_crit': 12.708819454040446, 'trop_k_veg': 5.636143940068465, 'fire_amp': 1.5719333351012774}.
[I 2026-06-11 13:07:50,278] Trial 293 finished with values: [10.140773594029707, 10.140773594029707] and parameters: {'k1': 0.03648456083047798, 'D_low': 1079.0778643024298, 'k2': 0.045914852167405346, 'D_high': 6682.9607218310075, 'fire_exp': 1.41873960828944, 'P_half': 45.55085098454082, 'pre_dampen_half': 170.71098124594695, 'gpp_af': 42.29037995744429, 'gpp_b': 2.800940363375676e-05, 'gpp_d': 12.338826503601998, 'ign_k': 0.012480180965117606, 'ign_c': 16.470698221724305, 'trop_agb_crit': 8.0091368834625, 'trop_k_veg': 3.4439936249445045, 'fire_amp': 1.5719333351012774}.
[I 2026-06-11 13:07:51,160] Trial 294 finished with values: [10.139496308718073, 10.139496308718073] and parameters: {'k1': 0.03648456083047798, 'D_low': 236.79352040223893, 'k2': 0.003767022142229395, 'D_high': 6682.9607218310075, 'fire_exp': 1.41873960828944, 'P_half': 8.318314747941244, 'pre_dampen_half': 16.009350908593582, 'gpp_af': 1.9706963379095486, 'gpp_b': 2.800940363375676e-05, 'gpp_d': 12.338826503601998, 'ign_k': 0.00840038491455979, 'ign_c': 1.364908766641693, 'trop_agb_crit': 8.0091368834625, 'trop_k_veg': 0.6673124511410327, 'fire_amp': 1.5719333351012774}.
[I 2026-06-11 13:07:52,066] Trial 295 finished with values: [10.172854564049937, 10.172854564049937] and parameters: {'k1': 0.0001887567630782227, 'D_low': 236.79352040223893, 'k2': 0.00037358626308127543, 'D_high': 12.541447539026084, 'fire_exp': 1.305777134899723, 'P_half': 1.226010546471291, 'pre_dampen_half': 30.456909077772018, 'gpp_af': 0.04513257622008944, 'gpp_b': 0.006999112505425414, 'gpp_d': 79.05373031352391, 'ign_k': 0.0032383308053152635, 'ign_c': 7.832259769732471, 'trop_agb_crit': 3.438084743887884, 'trop_k_veg': 1.6648666152166967, 'fire_amp': 2.7806853670293616}.
[I 2026-06-11 13:07:52,960] Trial 296 finished with values: [10.264632512010557, 10.264632512010557] and parameters: {'k1': 0.0001969885015387913, 'D_low': 1.7551403048208316, 'k2': 0.003767022142229395, 'D_high': 900.6846506533042, 'fire_exp': 1.0601964743503993, 'P_half': 3.591771421517613, 'pre_dampen_half': 1.8469033699850426, 'gpp_af': 0.008117091133892173, 'gpp_b': 1.4540386644083135e-05, 'gpp_d': 12.338826503601998, 'ign_k': 0.17320535908244444, 'ign_c': 0.4177928311636542, 'trop_agb_crit': 1.0693376406863295, 'trop_k_veg': 0.5535297685306277, 'fire_amp': 1.5719333351012774}.
[I 2026-06-11 13:07:53,856] Trial 297 finished with values: [10.720949801036152, 10.720949801036152] and parameters: {'k1': 0.0018697387216131526, 'D_low': 6010.742028864748, 'k2': 0.045914852167405346, 'D_high': 16780.50857913099, 'fire_exp': 1.4848387260494937, 'P_half': 12.280874862135363, 'pre_dampen_half': 16.009350908593582, 'gpp_af': 1.9706963379095486, 'gpp_b': 0.00012118589392553798, 'gpp_d': 96.93415502195788, 'ign_k': 0.012480180965117606, 'ign_c': 120.67843549291506, 'trop_agb_crit': 10.2166878366619, 'trop_k_veg': 4.989748894578724, 'fire_amp': 3.1543496524370136}.
[I 2026-06-11 13:07:54,765] Trial 298 finished with values: [10.623137937474286, 10.623137937474286] and parameters: {'k1': 5.7909642338812115e-05, 'D_low': 1.7551403048208316, 'k2': 0.0002442377596403892, 'D_high': 8912.611835817017, 'fire_exp': 1.5315561686017187, 'P_half': 7.914423612155368, 'pre_dampen_half': 1.8469033699850426, 'gpp_af': 0.07118041471054574, 'gpp_b': 0.004411400434514031, 'gpp_d': 1.6963424566071992, 'ign_k': 0.002357279455676982, 'ign_c': 14.709699119495124, 'trop_agb_crit': 21.086120736447015, 'trop_k_veg': 5.453348988480011, 'fire_amp': 1.5719333351012774}.
[I 2026-06-11 13:07:55,656] Trial 299 finished with values: [10.390075814304106, 10.390075814304106] and parameters: {'k1': 0.0001887567630782227, 'D_low': 236.79352040223893, 'k2': 0.0007731571570012607, 'D_high': 16780.50857913099, 'fire_exp': 1.1633452995374232, 'P_half': 2.226799690893868, 'pre_dampen_half': 1.8469033699850426, 'gpp_af': 0.008117091133892173, 'gpp_b': 0.0012611058927054877, 'gpp_d': 1.0088237648985734, 'ign_k': 0.0032383308053152635, 'ign_c': 0.4177928311636542, 'trop_agb_crit': 3.438084743887884, 'trop_k_veg': 6.825463866194253, 'fire_amp': 1.5719333351012774}.
[I 2026-06-11 13:07:56,540] Trial 300 finished with values: [10.7642330209512, 10.7642330209512] and parameters: {'k1': 0.03648456083047798, 'D_low': 236.79352040223893, 'k2': 0.005204862686958021, 'D_high': 124.31017136067044, 'fire_exp': 1.0812994412809738, 'P_half': 2.226799690893868, 'pre_dampen_half': 4.847666216751353, 'gpp_af': 96.74365715402625, 'gpp_b': 0.049565458633074926, 'gpp_d': 1.4397852866783676, 'ign_k': 0.0032383308053152635, 'ign_c': 1.3431925993528124, 'trop_agb_crit': 8.0091368834625, 'trop_k_veg': 4.0068236274914755, 'fire_amp': 1.5180207449214471}.
[I 2026-06-11 13:07:57,473] Trial 301 finished with values: [10.070637559043373, 10.070637559043373] and parameters: {'k1': 0.03648456083047798, 'D_low': 236.79352040223893, 'k2': 0.045914852167405346, 'D_high': 32311.521854410956, 'fire_exp': 1.41873960828944, 'P_half': 5.4712187293420325, 'pre_dampen_half': 16.009350908593582, 'gpp_af': 0.008117091133892173, 'gpp_b': 0.0036065155862388338, 'gpp_d': 12.338826503601998, 'ign_k': 0.0032383308053152635, 'ign_c': 7.081721844034206, 'trop_agb_crit': 8.0091368834625, 'trop_k_veg': 3.4439936249445045, 'fire_amp': 1.5719333351012774}.
[I 2026-06-11 13:07:58,401] Trial 302 finished with values: [11.558436028130247, 11.558436028130247] and parameters: {'k1': 0.0006390695092073222, 'D_low': 1.4002277211577039, 'k2': 0.0007731571570012607, 'D_high': 44974.07193749848, 'fire_exp': 3.2459542834651627, 'P_half': 101.40635645866499, 'pre_dampen_half': 123.04779330083686, 'gpp_af': 20.12115544906385, 'gpp_b': 1.1008110571039521e-05, 'gpp_d': 95.2715755007094, 'ign_k': 3.6309591863459096, 'ign_c': 2.2489542843914485, 'trop_agb_crit': 1.5033346993841157, 'trop_k_veg': 5.453348988480011, 'fire_amp': 5.416595007374148}.
[I 2026-06-11 13:07:59,382] Trial 303 finished with values: [10.249493536138212, 10.249493536138212] and parameters: {'k1': 0.03648456083047798, 'D_low': 171.2446447678494, 'k2': 0.0011135501184757278, 'D_high': 42210.21267871043, 'fire_exp': 1.2918065501148304, 'P_half': 61.6097529474144, 'pre_dampen_half': 4.603480758878793, 'gpp_af': 0.016306190741524337, 'gpp_b': 0.001674375583895437, 'gpp_d': 0.7698760608299932, 'ign_k': 0.0032383308053152635, 'ign_c': 1.364908766641693, 'trop_agb_crit': 2.0527418919564324, 'trop_k_veg': 2.724170387400844, 'fire_amp': 1.2393473789150806}.
[I 2026-06-11 13:08:00,302] Trial 304 finished with values: [10.147523511443733, 10.147523511443733] and parameters: {'k1': 0.03648456083047798, 'D_low': 236.79352040223893, 'k2': 0.02065142557895925, 'D_high': 6682.9607218310075, 'fire_exp': 1.0812994412809738, 'P_half': 2.226799690893868, 'pre_dampen_half': 4.847666216751353, 'gpp_af': 0.060029341913968644, 'gpp_b': 2.800940363375676e-05, 'gpp_d': 1.4397852866783676, 'ign_k': 0.0032383308053152635, 'ign_c': 1.364908766641693, 'trop_agb_crit': 8.0091368834625, 'trop_k_veg': 2.99731137426955, 'fire_amp': 1.5180207449214471}.
[I 2026-06-11 13:08:01,173] Trial 305 finished with values: [10.410772174957923, 10.410772174957923] and parameters: {'k1': 0.00031134168041628584, 'D_low': 1121.5915868662764, 'k2': 0.032141234030334316, 'D_high': 252.84086172415604, 'fire_exp': 1.4848387260494937, 'P_half': 12.280874862135363, 'pre_dampen_half': 33.71909132517384, 'gpp_af': 42.29037995744429, 'gpp_b': 0.00012118589392553798, 'gpp_d': 96.93415502195788, 'ign_k': 0.00840038491455979, 'ign_c': 16.470698221724305, 'trop_agb_crit': 1.0693376406863295, 'trop_k_veg': 4.989748894578724, 'fire_amp': 4.783836175730692}.
[I 2026-06-11 13:08:02,090] Trial 306 finished with values: [10.669810414628175, 10.669810414628175] and parameters: {'k1': 0.016973078532467004, 'D_low': 148.21691630007544, 'k2': 0.0004976087827261435, 'D_high': 27.55546207779663, 'fire_exp': 1.2060040899560858, 'P_half': 4303.306161410612, 'pre_dampen_half': 8.259599205585761, 'gpp_af': 0.2204465010099918, 'gpp_b': 0.001674375583895437, 'gpp_d': 20.81401325574021, 'ign_k': 0.002357279455676982, 'ign_c': 1.364908766641693, 'trop_agb_crit': 5.588032458772675, 'trop_k_veg': 2.724170387400844, 'fire_amp': 2.7806853670293616}.
[I 2026-06-11 13:08:03,044] Trial 307 finished with values: [10.05487225735989, 10.05487225735989] and parameters: {'k1': 3.609310926766545e-05, 'D_low': 1121.5915868662764, 'k2': 0.032141234030334316, 'D_high': 252.84086172415604, 'fire_exp': 1.4848387260494937, 'P_half': 5.4712187293420325, 'pre_dampen_half': 170.71098124594695, 'gpp_af': 0.0065783822580709386, 'gpp_b': 0.004411400434514031, 'gpp_d': 94.19931479490882, 'ign_k': 0.012480180965117606, 'ign_c': 22.126836566118193, 'trop_agb_crit': 11.664190932505923, 'trop_k_veg': 4.989748894578724, 'fire_amp': 1.5719333351012774}.
[I 2026-06-11 13:08:03,940] Trial 308 finished with values: [-0.33374575735644835, 0.5044380393405783] and parameters: {'k1': 0.03648456083047798, 'D_low': 1074.940539517341, 'k2': 0.0004976087827261435, 'D_high': 6682.9607218310075, 'fire_exp': 1.0601964743503993, 'P_half': 51.10120656497163, 'pre_dampen_half': 123.04779330083686, 'gpp_af': 1.9706963379095486, 'gpp_b': 1.4540386644083135e-05, 'gpp_d': 0.12878367369717508, 'ign_k': 0.0032383308053152635, 'ign_c': 59.52904331761843, 'trop_agb_crit': 24.199763404822136, 'trop_k_veg': 1.6648666152166967, 'fire_amp': 4.2446263054164195}.
[I 2026-06-11 13:08:04,815] Trial 309 finished with values: [10.286910248730814, 10.286910248730814] and parameters: {'k1': 0.00031134168041628584, 'D_low': 408.3047491580097, 'k2': 0.0004976087827261435, 'D_high': 24.9899605789089, 'fire_exp': 1.7505406131449859, 'P_half': 51.10120656497163, 'pre_dampen_half': 189.88136301569827, 'gpp_af': 1.9706963379095486, 'gpp_b': 0.002416023630607169, 'gpp_d': 21.899070557043984, 'ign_k': 0.00660597889201953, 'ign_c': 48.704711413416454, 'trop_agb_crit': 21.086120736447015, 'trop_k_veg': 0.5183533149347164, 'fire_amp': 4.19233232783727}.
[I 2026-06-11 13:08:05,764] Trial 310 finished with values: [10.04918683803395, 10.04918683803395] and parameters: {'k1': 0.003968136435370146, 'D_low': 1074.940539517341, 'k2': 7.639737756882014e-05, 'D_high': 21.356209987689077, 'fire_exp': 1.0601964743503993, 'P_half': 1.4551749476072258, 'pre_dampen_half': 30.456909077772018, 'gpp_af': 1.3954498518315706, 'gpp_b': 0.12105864607844925, 'gpp_d': 47.35384181058586, 'ign_k': 0.0032383308053152635, 'ign_c': 7.832259769732471, 'trop_agb_crit': 1.8023542850487386, 'trop_k_veg': 1.6648666152166967, 'fire_amp': 2.7806853670293616}.
[I 2026-06-11 13:08:06,698] Trial 311 finished with values: [10.743923678249427, 10.743923678249427] and parameters: {'k1': 0.00023134781612225627, 'D_low': 6010.742028864748, 'k2': 0.045914852167405346, 'D_high': 42.242359735170886, 'fire_exp': 1.7792742686803427, 'P_half': 157.3644610977214, 'pre_dampen_half': 121.93011993958949, 'gpp_af': 1.8730788990929563, 'gpp_b': 0.0004360709560327289, 'gpp_d': 594.7389794988394, 'ign_k': 0.002357279455676982, 'ign_c': 7.081721844034206, 'trop_agb_crit': 8.0091368834625, 'trop_k_veg': 0.5535297685306277, 'fire_amp': 1.5719333351012774}.
[I 2026-06-11 13:08:07,586] Trial 312 finished with values: [10.331244817761243, 10.331244817761243] and parameters: {'k1': 0.00023134781612225627, 'D_low': 148.21691630007544, 'k2': 0.0001280886335404798, 'D_high': 32311.521854410956, 'fire_exp': 1.5191397119156032, 'P_half': 5.4712187293420325, 'pre_dampen_half': 42.05657072871069, 'gpp_af': 0.10098504976210308, 'gpp_b': 0.004411400434514031, 'gpp_d': 0.1619054449471649, 'ign_k': 0.002357279455676982, 'ign_c': 22.126836566118193, 'trop_agb_crit': 1.2489332852689512, 'trop_k_veg': 0.5535297685306277, 'fire_amp': 1.5719333351012774}.
[I 2026-06-11 13:08:08,487] Trial 313 finished with values: [10.769107047178402, 10.769107047178402] and parameters: {'k1': 0.0018697387216131526, 'D_low': 171.2446447678494, 'k2': 0.0011135501184757278, 'D_high': 16780.50857913099, 'fire_exp': 8.930248873821906, 'P_half': 61.6097529474144, 'pre_dampen_half': 16.009350908593582, 'gpp_af': 0.008117091133892173, 'gpp_b': 0.0004125336560355494, 'gpp_d': 1.0088237648985734, 'ign_k': 0.004020051040432127, 'ign_c': 1.9423015749984096, 'trop_agb_crit': 2.0527418919564324, 'trop_k_veg': 2.520089655463604, 'fire_amp': 1.2393473789150806}.
[I 2026-06-11 13:08:09,374] Trial 314 finished with values: [10.7692307688997, 10.7692307688997] and parameters: {'k1': 0.03648456083047798, 'D_low': 1074.940539517341, 'k2': 0.032141234030334316, 'D_high': 262.11304189124235, 'fire_exp': 1.111738490499784, 'P_half': 12.262543158860007, 'pre_dampen_half': 170.71098124594695, 'gpp_af': 3.298293484806585, 'gpp_b': 2.800940363375676e-05, 'gpp_d': 96.93415502195788, 'ign_k': 0.0032383308053152635, 'ign_c': 1.364908766641693, 'trop_agb_crit': 1.8023542850487386, 'trop_k_veg': 3.4439936249445045, 'fire_amp': 2.042193818779288}.
[I 2026-06-11 13:08:10,294] Trial 315 finished with values: [10.67789944357711, 10.67789944357711] and parameters: {'k1': 0.00031134168041628584, 'D_low': 1121.5915868662764, 'k2': 0.08661811390647982, 'D_high': 1266.9536563782303, 'fire_exp': 1.0601964743503993, 'P_half': 69.68111190775313, 'pre_dampen_half': 1.4510220269654117, 'gpp_af': 52.24919465719593, 'gpp_b': 0.010307896803108956, 'gpp_d': 7.631016235941559, 'ign_k': 0.00840038491455979, 'ign_c': 16.470698221724305, 'trop_agb_crit': 11.664190932505923, 'trop_k_veg': 1.600928934389327, 'fire_amp': 3.139567065154707}.
[I 2026-06-11 13:08:11,256] Trial 316 finished with values: [10.65721120259306, 10.65721120259306] and parameters: {'k1': 0.00026539376439360527, 'D_low': 1074.940539517341, 'k2': 1.1417577140741129e-05, 'D_high': 29.126651668813768, 'fire_exp': 1.111738490499784, 'P_half': 38.93835424674703, 'pre_dampen_half': 189.36639872354493, 'gpp_af': 3.298293484806585, 'gpp_b': 0.006999112505425414, 'gpp_d': 0.030844007727232167, 'ign_k': 0.09256855841989636, 'ign_c': 7.832259769732471, 'trop_agb_crit': 1.8023542850487386, 'trop_k_veg': 1.6648666152166967, 'fire_amp': 2.042193818779288}.
[I 2026-06-11 13:08:12,163] Trial 317 finished with values: [11.702029804698277, 11.702029804698277] and parameters: {'k1': 0.00023134781612225627, 'D_low': 1121.5915868662764, 'k2': 0.045914852167405346, 'D_high': 1266.9536563782303, 'fire_exp': 1.41873960828944, 'P_half': 5.4712187293420325, 'pre_dampen_half': 170.71098124594695, 'gpp_af': 0.07118041471054574, 'gpp_b': 0.010307896803108956, 'gpp_d': 7.631016235941559, 'ign_k': 0.012480180965117606, 'ign_c': 16.470698221724305, 'trop_agb_crit': 11.664190932505923, 'trop_k_veg': 6.030247256556128, 'fire_amp': 3.1543496524370136}.
[I 2026-06-11 13:08:13,065] Trial 318 finished with values: [10.448567028193912, 10.448567028193912] and parameters: {'k1': 0.00023134781612225627, 'D_low': 148.21691630007544, 'k2': 0.0007731571570012607, 'D_high': 32311.521854410956, 'fire_exp': 1.5191397119156032, 'P_half': 3.591771421517613, 'pre_dampen_half': 42.05657072871069, 'gpp_af': 0.008117091133892173, 'gpp_b': 0.004411400434514031, 'gpp_d': 0.1619054449471649, 'ign_k': 0.17320535908244444, 'ign_c': 22.126836566118193, 'trop_agb_crit': 1.2489332852689512, 'trop_k_veg': 0.5535297685306277, 'fire_amp': 1.5719333351012774}.
[I 2026-06-11 13:08:13,967] Trial 319 finished with values: [10.7692307688997, 10.7692307688997] and parameters: {'k1': 0.012840669372724958, 'D_low': 6010.742028864748, 'k2': 0.00012498583886387654, 'D_high': 32311.521854410956, 'fire_exp': 1.2918065501148304, 'P_half': 45.55085098454082, 'pre_dampen_half': 0.011396414164620812, 'gpp_af': 0.07118041471054574, 'gpp_b': 0.00031478066835753096, 'gpp_d': 0.1619054449471649, 'ign_k': 8.628009047476775, 'ign_c': 39.52220881906114, 'trop_agb_crit': 12.708819454040446, 'trop_k_veg': 0.5535297685306277, 'fire_amp': 2.0822063607840695}.
[I 2026-06-11 13:08:14,858] Trial 320 finished with values: [10.874611782304736, 10.874611782304736] and parameters: {'k1': 0.00026539376439360527, 'D_low': 1074.940539517341, 'k2': 0.005204862686958021, 'D_high': 18108.14362107968, 'fire_exp': 1.9136159174067866, 'P_half': 2.226799690893868, 'pre_dampen_half': 269.0845367054866, 'gpp_af': 0.8594202650742228, 'gpp_b': 0.00012118589392553798, 'gpp_d': 96.93415502195788, 'ign_k': 0.012480180965117606, 'ign_c': 1.3431925993528124, 'trop_agb_crit': 1.8023542850487386, 'trop_k_veg': 4.0068236274914755, 'fire_amp': 2.7556562114998226}.
[I 2026-06-11 13:08:15,807] Trial 321 finished with values: [10.549800919574846, 10.549800919574846] and parameters: {'k1': 0.0001887567630782227, 'D_low': 236.79352040223893, 'k2': 0.0007731571570012607, 'D_high': 1817.0401889219124, 'fire_exp': 1.1633452995374232, 'P_half': 1265.0580856641704, 'pre_dampen_half': 1.8469033699850426, 'gpp_af': 0.04513257622008944, 'gpp_b': 1.1008110571039521e-05, 'gpp_d': 47.35384181058586, 'ign_k': 0.0467351899956275, 'ign_c': 0.4177928311636542, 'trop_agb_crit': 1.5033346993841157, 'trop_k_veg': 4.0068236274914755, 'fire_amp': 2.7806853670293616}.
[I 2026-06-11 13:08:16,742] Trial 322 finished with values: [10.764919803172262, 10.764919803172262] and parameters: {'k1': 0.037704815040649445, 'D_low': 236.79352040223893, 'k2': 0.02065142557895925, 'D_high': 22.636544662054543, 'fire_exp': 1.0812994412809738, 'P_half': 2.226799690893868, 'pre_dampen_half': 33.71909132517384, 'gpp_af': 0.060029341913968644, 'gpp_b': 1.4540386644083135e-05, 'gpp_d': 1.4397852866783676, 'ign_k': 0.0032383308053152635, 'ign_c': 157.63098727399432, 'trop_agb_crit': 1.0693376406863295, 'trop_k_veg': 0.6673124511410327, 'fire_amp': 4.783836175730692}.
[I 2026-06-11 13:08:17,645] Trial 323 finished with values: [10.717122827177523, 10.717122827177523] and parameters: {'k1': 0.0004846497679219079, 'D_low': 43.2326421037033, 'k2': 4.933751600448335e-05, 'D_high': 83.14160873549643, 'fire_exp': 1.7792742686803427, 'P_half': 45.55085098454082, 'pre_dampen_half': 37.40930273158252, 'gpp_af': 42.29037995744429, 'gpp_b': 0.010307896803108956, 'gpp_d': 7.631016235941559, 'ign_k': 0.012480180965117606, 'ign_c': 16.470698221724305, 'trop_agb_crit': 8.0091368834625, 'trop_k_veg': 1.6003641872536711, 'fire_amp': 1.5587346124822492}.
