[I 2026-07-22 20:39:05,701] Trial 489 finished with values: [-0.2879064798761679, 0.25336841773305174] and parameters: {'k1': 1.263794633808287e-05, 'D_low': 1.6752866684650682, 'k2': 0.0195165137832656, 'D_high': 34634.27660734638, 'fire_exp': 1.0871627347485018, 'P_half': 94.99072859745384, 'pre_dampen_half': 7.665128204660192, 'gpp_af': 0.05511595477601764, 'gpp_b': 0.004458440839692221, 'gpp_d': 274.48645214004335, 'ign_k': 0.038563028138793747, 'ign_c': 0.2939463458625969, 'trop_agb_crit': 7.513532694186442, 'trop_k_veg': 3.345591145807529, 'fuel_k': 0.025620781631399487, 'fuel_half': 1.3323297901105766}.
[I 2026-07-22 20:39:06,140] Trial 490 finished with values: [-0.4579433592314673, 0.19455889006514038] and parameters: {'k1': 0.0009299619346742016, 'D_low': 86.64406862241785, 'k2': 0.015109086063191909, 'D_high': 693439.2750387826, 'fire_exp': 1.1234725391720877, 'P_half': 56.22114524476698, 'pre_dampen_half': 14.689407256107613, 'gpp_af': 0.05511595477601764, 'gpp_b': 0.004458440839692221, 'gpp_d': 274.48645214004335, 'ign_k': 0.038563028138793747, 'ign_c': 30.785541778315018, 'trop_agb_crit': 10.584071370490857, 'trop_k_veg': 4.129715873342729, 'fuel_k': 0.025620781631399487, 'fuel_half': 1.0889347318773486}.
[I 2026-07-22 20:39:06,585] Trial 491 finished with values: [-0.47475468331597737, 0.1373954816603804] and parameters: {'k1': 0.008471801418819975, 'D_low': 2240.9155921647994, 'k2': 0.014666151770108535, 'D_high': 2742371.6496047364, 'fire_exp': 1.5532616753672623, 'P_half': 355.00125258511594, 'pre_dampen_half': 13.472769577631588, 'gpp_af': 3.470266988650414, 'gpp_b': 1.3289448722869181e-05, 'gpp_d': 36.831884165358964, 'ign_k': 0.0029519227433917453, 'ign_c': 0.2939463458625969, 'trop_agb_crit': 9.369518687683199, 'trop_k_veg': 1.9658897090912955, 'fuel_k': 5.9775400127657585, 'fuel_half': 3.75205585512428}.
[I 2026-07-22 20:39:07,026] Trial 492 finished with values: [10.26287492813544, 10.26287492813544] and parameters: {'k1': 0.0009299619346742016, 'D_low': 86.64406862241785, 'k2': 0.015109086063191909, 'D_high': 2007776.2367162877, 'fire_exp': 1.1234725391720877, 'P_half': 2.0598022365449626, 'pre_dampen_half': 0.7245868181143029, 'gpp_af': 0.05511595477601764, 'gpp_b': 0.004458440839692221, 'gpp_d': 274.48645214004335, 'ign_k': 0.013276678836047658, 'ign_c': 5.199673923878318, 'trop_agb_crit': 2.679156169946616, 'trop_k_veg': 0.8170196702261714, 'fuel_k': 0.025620781631399487, 'fuel_half': 1.0889347318773486}.
[I 2026-07-22 20:39:07,458] Trial 493 finished with values: [10.249618287181791, 10.249618287181791] and parameters: {'k1': 0.012840669372724958, 'D_low': 2240.9155921647994, 'k2': 0.014666151770108535, 'D_high': 2742371.6496047364, 'fire_exp': 1.0451665433786628, 'P_half': 60.759029110813756, 'pre_dampen_half': 14.689407256107613, 'gpp_af': 0.2991469302130216, 'gpp_b': 0.0004382884213732982, 'gpp_d': 12.151631524283598, 'ign_k': 0.0029519227433917453, 'ign_c': 0.2939463458625969, 'trop_agb_crit': 12.647327018493208, 'trop_k_veg': 2.1144348148283285, 'fuel_k': 4.710433409437071, 'fuel_half': 85.41272006037322}.
[I 2026-07-22 20:39:07,960] Trial 494 finished with values: [-0.49860299112095685, 0.23602652022477788] and parameters: {'k1': 0.0006579066240690734, 'D_low': 16.00237013173313, 'k2': 3.3139424373452e-05, 'D_high': 179623.4843885709, 'fire_exp': 1.9025702662542903, 'P_half': 42.42597609186097, 'pre_dampen_half': 8.259599205585763, 'gpp_af': 0.015875524914818664, 'gpp_b': 2.852199954727099e-05, 'gpp_d': 352.0481045526035, 'ign_k': 0.003252245757497283, 'ign_c': 44.67752817973901, 'trop_agb_crit': 2.116824560533658, 'trop_k_veg': 2.9556982260250564, 'fuel_k': 4.710433409437071, 'fuel_half': 1.3323297901105766}.
[I 2026-07-22 20:39:08,415] Trial 495 finished with values: [10.76923076903347, 10.76923076903347] and parameters: {'k1': 0.028401063201780267, 'D_low': 166.32295851843423, 'k2': 0.00033271381912662167, 'D_high': 1676952.2710907264, 'fire_exp': 1.0770888543508004, 'P_half': 157.80309954142965, 'pre_dampen_half': 8.259599205585763, 'gpp_af': 3.470266988650414, 'gpp_b': 2.176805640408474e-05, 'gpp_d': 722.6207258080483, 'ign_k': 2.5383218374507304, 'ign_c': 134.75408399574607, 'trop_agb_crit': 10.215415653610627, 'trop_k_veg': 2.724170387400844, 'fuel_k': 4.710433409437071, 'fuel_half': 1.3323297901105766}.
[I 2026-07-22 20:39:08,877] Trial 496 finished with values: [10.420853300217265, 10.420853300217265] and parameters: {'k1': 0.0018538092461931478, 'D_low': 26958.470923544683, 'k2': 0.015109086063191909, 'D_high': 2742371.6496047364, 'fire_exp': 1.5191397119156032, 'P_half': 50.34696988263488, 'pre_dampen_half': 16.224010950061366, 'gpp_af': 3.470266988650414, 'gpp_b': 0.004458440839692221, 'gpp_d': 246.93224594675561, 'ign_k': 2.136832907235876, 'ign_c': 22.126836566118193, 'trop_agb_crit': 8.983402272488592, 'trop_k_veg': 1.3987664054208562, 'fuel_k': 4.710433409437071, 'fuel_half': 0.17108183937377372}.
[I 2026-07-22 20:39:09,337] Trial 497 finished with values: [10.691651552042403, 10.691651552042403] and parameters: {'k1': 0.0009299619346742016, 'D_low': 1.6752866684650682, 'k2': 0.0004135816738916685, 'D_high': 2413579.2291304003, 'fire_exp': 1.5704801393982246, 'P_half': 44.71679901231308, 'pre_dampen_half': 0.7245868181143029, 'gpp_af': 0.04316838564848067, 'gpp_b': 0.10128854052229926, 'gpp_d': 450.59526947401275, 'ign_k': 2.7142572552186843, 'ign_c': 5.199673923878318, 'trop_agb_crit': 2.7395739167173065, 'trop_k_veg': 4.050700716504253, 'fuel_k': 0.025620781631399487, 'fuel_half': 0.6603566884894324}.
[I 2026-07-22 20:39:09,792] Trial 498 finished with values: [10.075660176634406, 10.075660176634406] and parameters: {'k1': 0.0011101191524846067, 'D_low': 1.6752866684650682, 'k2': 0.015602015889668856, 'D_high': 2742371.6496047364, 'fire_exp': 1.9025702662542903, 'P_half': 50.34696988263488, 'pre_dampen_half': 8.259599205585763, 'gpp_af': 0.2991469302130216, 'gpp_b': 0.004458440839692221, 'gpp_d': 12.338826503601998, 'ign_k': 3.965503094323014, 'ign_c': 22.126836566118193, 'trop_agb_crit': 3.3933702290907823, 'trop_k_veg': 2.1144348148283285, 'fuel_k': 0.025620781631399487, 'fuel_half': 1.3323297901105766}.
[I 2026-07-22 20:39:10,224] Trial 499 finished with values: [10.023892675359882, 10.023892675359882] and parameters: {'k1': 0.00022704877557909215, 'D_low': 216.6574784061471, 'k2': 0.0009562822793888481, 'D_high': 2413579.2291304003, 'fire_exp': 1.5532616753672623, 'P_half': 355.00125258511594, 'pre_dampen_half': 16.224010950061366, 'gpp_af': 0.015875524914818664, 'gpp_b': 1.3289448722869181e-05, 'gpp_d': 450.59526947401275, 'ign_k': 0.012868405331151606, 'ign_c': 0.29126651668813763, 'trop_agb_crit': 1.1693687409928537, 'trop_k_veg': 4.050700716504253, 'fuel_k': 0.07002142869039267, 'fuel_half': 0.3036855685244964}.
[I 2026-07-22 20:39:10,688] Trial 500 finished with values: [10.306332421072284, 10.306332421072284] and parameters: {'k1': 0.028401063201780267, 'D_low': 1.6752866684650682, 'k2': 0.015109086063191909, 'D_high': 2742371.6496047364, 'fire_exp': 1.5532616753672623, 'P_half': 1703.663299029594, 'pre_dampen_half': 8.259599205585763, 'gpp_af': 0.6739998811889463, 'gpp_b': 1.3289448722869181e-05, 'gpp_d': 14.423399576193093, 'ign_k': 1.119800195825689, 'ign_c': 1.0944963667961969, 'trop_agb_crit': 10.584071370490857, 'trop_k_veg': 4.567024709873377, 'fuel_k': 3.826843441487285, 'fuel_half': 0.6603566884894324}.
[I 2026-07-22 20:39:11,143] Trial 501 finished with values: [-0.5830865279441313, 0.13301661752433735] and parameters: {'k1': 0.0011101191524846067, 'D_low': 2240.9155921647994, 'k2': 0.015602015889668856, 'D_high': 2742371.6496047364, 'fire_exp': 1.9025702662542903, 'P_half': 93.43302657318476, 'pre_dampen_half': 13.472769577631588, 'gpp_af': 0.04897515106470033, 'gpp_b': 2.176805640408474e-05, 'gpp_d': 352.0481045526035, 'ign_k': 0.0029519227433917453, 'ign_c': 44.67752817973901, 'trop_agb_crit': 9.286923253577127, 'trop_k_veg': 2.1144348148283285, 'fuel_k': 4.710433409437071, 'fuel_half': 1.3323297901105766}.
[I 2026-07-22 20:39:11,586] Trial 502 finished with values: [-0.7322209456259464, 0.16260299580676318] and parameters: {'k1': 0.00022704877557909215, 'D_low': 216.6574784061471, 'k2': 0.0009562822793888481, 'D_high': 2742371.6496047364, 'fire_exp': 1.5532616753672623, 'P_half': 355.00125258511594, 'pre_dampen_half': 13.472769577631588, 'gpp_af': 3.470266988650414, 'gpp_b': 1.3289448722869181e-05, 'gpp_d': 352.0481045526035, 'ign_k': 2.136832907235876, 'ign_c': 17.583640270008498, 'trop_agb_crit': 2.7395739167173065, 'trop_k_veg': 2.1144348148283285, 'fuel_k': 0.07002142869039267, 'fuel_half': 0.3036855685244964}.
[I 2026-07-22 20:39:12,069] Trial 503 finished with values: [-0.6028588303846985, 0.24047541981644915] and parameters: {'k1': 0.012840669372724958, 'D_low': 16.00237013173313, 'k2': 0.00033271381912662167, 'D_high': 2007776.2367162877, 'fire_exp': 1.8719045352638064, 'P_half': 102.4585893986732, 'pre_dampen_half': 1.5063176818232538, 'gpp_af': 0.2901272149738624, 'gpp_b': 0.00012118589392553798, 'gpp_d': 12.338826503601998, 'ign_k': 3.965503094323014, 'ign_c': 0.12510188850164433, 'trop_agb_crit': 2.679156169946616, 'trop_k_veg': 2.724170387400844, 'fuel_k': 0.10978148458640455, 'fuel_half': 1.3323297901105766}.
[I 2026-07-22 20:39:12,523] Trial 504 finished with values: [-0.3560419090354629, 0.30138398105915265] and parameters: {'k1': 0.0009299619346742016, 'D_low': 35.437765484261625, 'k2': 0.0006863458703786212, 'D_high': 7589190.453000005, 'fire_exp': 1.5704801393982246, 'P_half': 20.654107883022302, 'pre_dampen_half': 14.689407256107613, 'gpp_af': 0.015875524914818664, 'gpp_b': 2.852199954727099e-05, 'gpp_d': 0.04409594046630608, 'ign_k': 0.003252245757497283, 'ign_c': 0.4051452710153359, 'trop_agb_crit': 1.6034837661963206, 'trop_k_veg': 2.9556982260250564, 'fuel_k': 0.03201034713747641, 'fuel_half': 1.0889347318773486}.
[I 2026-07-22 20:39:12,968] Trial 505 finished with values: [-0.2745014651714936, 0.2618424075649405] and parameters: {'k1': 0.0006579066240690734, 'D_low': 86.64406862241785, 'k2': 3.3139424373452e-05, 'D_high': 2742371.6496047364, 'fire_exp': 1.8719045352638064, 'P_half': 93.43302657318476, 'pre_dampen_half': 13.472769577631588, 'gpp_af': 0.2991469302130216, 'gpp_b': 2.852199954727099e-05, 'gpp_d': 59.945376567988106, 'ign_k': 0.0029519227433917453, 'ign_c': 0.2939463458625969, 'trop_agb_crit': 2.679156169946616, 'trop_k_veg': 2.1144348148283285, 'fuel_k': 0.28328975157735103, 'fuel_half': 0.1257793442986093}.
[I 2026-07-22 20:39:13,411] Trial 506 finished with values: [10.073347214060176, 10.073347214060176] and parameters: {'k1': 0.0006579066240690734, 'D_low': 216.6574784061471, 'k2': 3.3139424373452e-05, 'D_high': 2742371.6496047364, 'fire_exp': 1.9325784557452017, 'P_half': 60.759029110813756, 'pre_dampen_half': 13.472769577631588, 'gpp_af': 0.015875524914818664, 'gpp_b': 2.852199954727099e-05, 'gpp_d': 59.945376567988106, 'ign_k': 0.0029519227433917453, 'ign_c': 0.2939463458625969, 'trop_agb_crit': 1.111888584843313, 'trop_k_veg': 2.9556982260250564, 'fuel_k': 0.03201034713747641, 'fuel_half': 1.3323297901105766}.
[I 2026-07-22 20:39:13,843] Trial 507 finished with values: [10.557057310600495, 10.557057310600495] and parameters: {'k1': 0.043264339974928574, 'D_low': 2240.9155921647994, 'k2': 0.0006863458703786212, 'D_high': 693439.2750387826, 'fire_exp': 1.8719045352638064, 'P_half': 1867.8279278246268, 'pre_dampen_half': 14.689407256107613, 'gpp_af': 0.007914355321045717, 'gpp_b': 2.852199954727099e-05, 'gpp_d': 40.95062894476691, 'ign_k': 0.00891606651464436, 'ign_c': 0.12510188850164433, 'trop_agb_crit': 12.647327018493208, 'trop_k_veg': 4.050700716504253, 'fuel_k': 4.710433409437071, 'fuel_half': 1.0889347318773486}.
[I 2026-07-22 20:39:14,285] Trial 508 finished with values: [11.090960815905268, 11.090960815905268] and parameters: {'k1': 0.0001971137615017176, 'D_low': 216.6574784061471, 'k2': 0.0004976087827261435, 'D_high': 2742371.6496047364, 'fire_exp': 1.5704801393982246, 'P_half': 102.4585893986732, 'pre_dampen_half': 16.224010950061366, 'gpp_af': 0.2901272149738624, 'gpp_b': 0.0001484082099455773, 'gpp_d': 2.545074556541602, 'ign_k': 0.0029519227433917453, 'ign_c': 39.52220881906112, 'trop_agb_crit': 2.7395739167173065, 'trop_k_veg': 6.863422129054256, 'fuel_k': 4.0632364973692425, 'fuel_half': 0.3036855685244964}.
[I 2026-07-22 20:39:14,722] Trial 509 finished with values: [10.60324795877995, 10.60324795877995] and parameters: {'k1': 0.012840669372724958, 'D_low': 2240.9155921647994, 'k2': 0.00033271381912662167, 'D_high': 6525529.853354094, 'fire_exp': 1.5191397119156032, 'P_half': 102.4585893986732, 'pre_dampen_half': 8.259599205585763, 'gpp_af': 0.2901272149738624, 'gpp_b': 0.00012118589392553798, 'gpp_d': 12.338826503601998, 'ign_k': 3.965503094323014, 'ign_c': 0.12510188850164433, 'trop_agb_crit': 2.679156169946616, 'trop_k_veg': 0.8170196702261714, 'fuel_k': 0.10978148458640455, 'fuel_half': 1.3323297901105766}.
[I 2026-07-22 20:39:15,164] Trial 510 finished with values: [-0.3052749269085774, 0.27596115805435295] and parameters: {'k1': 0.00022704877557909215, 'D_low': 16.00237013173313, 'k2': 0.00033271381912662167, 'D_high': 6525529.853354094, 'fire_exp': 1.5191397119156032, 'P_half': 157.80309954142965, 'pre_dampen_half': 16.224010950061366, 'gpp_af': 0.03522602097143089, 'gpp_b': 1.3289448722869181e-05, 'gpp_d': 12.338826503601998, 'ign_k': 0.0030257721519613176, 'ign_c': 17.583640270008498, 'trop_agb_crit': 5.526463318565575, 'trop_k_veg': 3.1470652177597604, 'fuel_k': 0.10978148458640455, 'fuel_half': 0.3036855685244964}.
[I 2026-07-22 20:39:15,602] Trial 511 finished with values: [10.030020731309184, 10.030020731309184] and parameters: {'k1': 0.004898620823554844, 'D_low': 1.6752866684650682, 'k2': 0.0195165137832656, 'D_high': 34634.27660734638, 'fire_exp': 1.1234725391720877, 'P_half': 56.22114524476698, 'pre_dampen_half': 5.2777095978775135, 'gpp_af': 0.05511595477601764, 'gpp_b': 0.004458440839692221, 'gpp_d': 274.48645214004335, 'ign_k': 0.038563028138793747, 'ign_c': 30.785541778315018, 'trop_agb_crit': 6.289029460848807, 'trop_k_veg': 4.129715873342729, 'fuel_k': 0.025620781631399487, 'fuel_half': 84.6362160256194}.
[I 2026-07-22 20:39:16,044] Trial 512 finished with values: [10.008258521174406, 10.008258521174406] and parameters: {'k1': 0.0009299619346742016, 'D_low': 2240.9155921647994, 'k2': 0.00016536937182824412, 'D_high': 693439.2750387826, 'fire_exp': 1.5191397119156032, 'P_half': 50.34696988263488, 'pre_dampen_half': 8.259599205585763, 'gpp_af': 0.0010685461957966062, 'gpp_b': 2.176805640408474e-05, 'gpp_d': 12.338826503601998, 'ign_k': 3.965503094323014, 'ign_c': 22.126836566118193, 'trop_agb_crit': 12.647327018493208, 'trop_k_veg': 2.1144348148283285, 'fuel_k': 0.025620781631399487, 'fuel_half': 0.6603566884894324}.
[I 2026-07-22 20:39:16,481] Trial 513 finished with values: [12.376199981957463, 12.376199981957463] and parameters: {'k1': 0.008471801418819975, 'D_low': 166.32295851843423, 'k2': 0.015602015889668856, 'D_high': 3714594.1935037985, 'fire_exp': 1.0770888543508004, 'P_half': 19.625093208439857, 'pre_dampen_half': 13.472769577631588, 'gpp_af': 0.04897515106470033, 'gpp_b': 1.3289448722869181e-05, 'gpp_d': 722.6207258080483, 'ign_k': 0.0029519227433917453, 'ign_c': 44.67752817973901, 'trop_agb_crit': 10.215415653610627, 'trop_k_veg': 1.1514990646668624, 'fuel_k': 4.710433409437071, 'fuel_half': 3.75205585512428}.
[I 2026-07-22 20:39:16,932] Trial 514 finished with values: [12.285083007731494, 12.285083007731494] and parameters: {'k1': 0.0009299619346742016, 'D_low': 2240.9155921647994, 'k2': 0.00016536937182824412, 'D_high': 2413579.2291304003, 'fire_exp': 1.3463739120574105, 'P_half': 355.00125258511594, 'pre_dampen_half': 14.689407256107613, 'gpp_af': 3.470266988650414, 'gpp_b': 1.3289448722869181e-05, 'gpp_d': 12.151631524283598, 'ign_k': 2.136832907235876, 'ign_c': 0.13035590385085064, 'trop_agb_crit': 2.7395739167173065, 'trop_k_veg': 0.681921925779883, 'fuel_k': 4.710433409437071, 'fuel_half': 0.3036855685244964}.
[I 2026-07-22 20:39:17,397] Trial 515 finished with values: [10.72137429759258, 10.72137429759258] and parameters: {'k1': 0.028401063201780267, 'D_low': 16.00237013173313, 'k2': 0.0006863458703786212, 'D_high': 1580.4079629609182, 'fire_exp': 1.4376493235450032, 'P_half': 157.80309954142965, 'pre_dampen_half': 0.7245868181143029, 'gpp_af': 0.03522602097143089, 'gpp_b': 0.00012118589392553798, 'gpp_d': 40.95062894476691, 'ign_k': 0.013276678836047658, 'ign_c': 22.126836566118193, 'trop_agb_crit': 5.526463318565575, 'trop_k_veg': 0.8170196702261714, 'fuel_k': 0.10978148458640455, 'fuel_half': 71.14476009343416}.
[I 2026-07-22 20:39:17,850] Trial 516 finished with values: [10.838473556402793, 10.838473556402793] and parameters: {'k1': 0.028401063201780267, 'D_low': 166.32295851843423, 'k2': 0.015109086063191909, 'D_high': 3714594.1935037985, 'fire_exp': 1.0770888543508004, 'P_half': 50.34696988263488, 'pre_dampen_half': 30.01484005828091, 'gpp_af': 0.053663001820106804, 'gpp_b': 0.0011087183655158347, 'gpp_d': 450.59526947401275, 'ign_k': 0.035828811741825076, 'ign_c': 1.8522006003174372, 'trop_agb_crit': 1.530786397511255, 'trop_k_veg': 3.345591145807529, 'fuel_k': 0.17641631600494934, 'fuel_half': 1.953969069312433}.
[I 2026-07-22 20:39:18,302] Trial 517 finished with values: [-0.4681700738880615, 0.176628123567535] and parameters: {'k1': 0.00021066486017042195, 'D_low': 3103.3332277537256, 'k2': 0.014666151770108535, 'D_high': 7589190.453000005, 'fire_exp': 2.14357894201977, 'P_half': 2.0598022365449626, 'pre_dampen_half': 13.472769577631588, 'gpp_af': 0.8057329182285735, 'gpp_b': 0.0028993292583566945, 'gpp_d': 36.831884165358964, 'ign_k': 0.003252245757497283, 'ign_c': 0.8053471030316095, 'trop_agb_crit': 2.679156169946616, 'trop_k_veg': 2.1144348148283285, 'fuel_k': 4.710433409437071, 'fuel_half': 1.3323297901105766}.
[I 2026-07-22 20:39:18,746] Trial 518 finished with values: [10.224439457682182, 10.224439457682182] and parameters: {'k1': 0.0011101191524846067, 'D_low': 2240.9155921647994, 'k2': 0.014666151770108535, 'D_high': 2742371.6496047364, 'fire_exp': 1.9025702662542903, 'P_half': 93.43302657318476, 'pre_dampen_half': 13.472769577631588, 'gpp_af': 0.0154070912374062, 'gpp_b': 0.0028993292583566945, 'gpp_d': 352.0481045526035, 'ign_k': 0.0029519227433917453, 'ign_c': 44.67752817973901, 'trop_agb_crit': 9.286923253577127, 'trop_k_veg': 2.1144348148283285, 'fuel_k': 4.710433409437071, 'fuel_half': 1.3323297901105766}.
[I 2026-07-22 20:39:19,211] Trial 519 finished with values: [10.203349203897508, 10.203349203897508] and parameters: {'k1': 0.00031117676855667395, 'D_low': 2240.9155921647994, 'k2': 8.111076715965557e-05, 'D_high': 27.49005081365632, 'fire_exp': 1.1234725391720877, 'P_half': 56.22114524476698, 'pre_dampen_half': 14.689407256107613, 'gpp_af': 0.2901272149738624, 'gpp_b': 0.0001484082099455773, 'gpp_d': 2.545074556541602, 'ign_k': 0.038563028138793747, 'ign_c': 30.785541778315018, 'trop_agb_crit': 5.12586335774155, 'trop_k_veg': 4.129715873342729, 'fuel_k': 4.0632364973692425, 'fuel_half': 1.0889347318773486}.
[I 2026-07-22 20:39:19,666] Trial 520 finished with values: [10.111703952231007, 10.111703952231007] and parameters: {'k1': 0.012840669372724958, 'D_low': 35.437765484261625, 'k2': 0.002173988526401145, 'D_high': 34634.27660734638, 'fire_exp': 1.5704801393982246, 'P_half': 259.29513803785335, 'pre_dampen_half': 565.0116730717867, 'gpp_af': 0.015875524914818664, 'gpp_b': 0.005419266601560437, 'gpp_d': 274.48645214004335, 'ign_k': 0.012868405331151606, 'ign_c': 0.2939463458625969, 'trop_agb_crit': 2.679156169946616, 'trop_k_veg': 4.050700716504253, 'fuel_k': 0.025620781631399487, 'fuel_half': 1.0889347318773486}.
[I 2026-07-22 20:39:20,095] Trial 521 finished with values: [10.180020990012075, 10.180020990012075] and parameters: {'k1': 0.0009299619346742016, 'D_low': 35.437765484261625, 'k2': 0.014666151770108535, 'D_high': 2007776.2367162877, 'fire_exp': 1.1234725391720877, 'P_half': 56.22114524476698, 'pre_dampen_half': 13.472769577631588, 'gpp_af': 0.2901272149738624, 'gpp_b': 0.004458440839692221, 'gpp_d': 274.48645214004335, 'ign_k': 0.013276678836047658, 'ign_c': 30.785541778315018, 'trop_agb_crit': 2.679156169946616, 'trop_k_veg': 0.8170196702261714, 'fuel_k': 0.025620781631399487, 'fuel_half': 1.3323297901105766}.
[I 2026-07-22 20:39:20,515] Trial 522 finished with values: [11.921298146476698, 11.921298146476698] and parameters: {'k1': 0.0009299619346742016, 'D_low': 35.437765484261625, 'k2': 0.004708159793250189, 'D_high': 7589190.453000005, 'fire_exp': 1.1234725391720877, 'P_half': 60.759029110813756, 'pre_dampen_half': 13.472769577631588, 'gpp_af': 0.2991469302130216, 'gpp_b': 0.004458440839692221, 'gpp_d': 352.0481045526035, 'ign_k': 0.038563028138793747, 'ign_c': 0.2939463458625969, 'trop_agb_crit': 5.12586335774155, 'trop_k_veg': 4.129715873342729, 'fuel_k': 4.710433409437071, 'fuel_half': 7.21890020361181}.
[I 2026-07-22 20:39:20,936] Trial 523 finished with values: [10.866428363187701, 10.866428363187701] and parameters: {'k1': 0.043264339974928574, 'D_low': 2240.9155921647994, 'k2': 0.0007144571308652825, 'D_high': 2742371.6496047364, 'fire_exp': 1.10726080528881, 'P_half': 102.4585893986732, 'pre_dampen_half': 14.689407256107613, 'gpp_af': 0.007914355321045717, 'gpp_b': 0.0001484082099455773, 'gpp_d': 0.7923715993309051, 'ign_k': 0.0029519227433917453, 'ign_c': 0.12510188850164433, 'trop_agb_crit': 12.647327018493208, 'trop_k_veg': 5.4768053178616, 'fuel_k': 4.710433409437071, 'fuel_half': 1.3323297901105766}.
  trial  524/2500  pareto_size=5  best_taylor=0.7785  best_ilamb=0.6078  (3.7 min)
