[I 2026-07-25 00:35:50,499] Trial 838 finished with value: 0.4525681950256807 and parameters: {'k1': 0.015139345369149586, 'D_low': 159.2512542466265, 'k2': 0.027081789451330246, 'D_high': 13283.073627783686, 'fire_exp': 1.5578928345187113, 'P_half': 22.901786366907736, 'pre_dampen_half': 9.852023591159135, 'gpp_af': 0.18119277878285292, 'gpp_b': 0.00449516287186633, 'gpp_d': 3.6610764430064267, 'ign_k': 0.007736827826502571, 'ign_c': 0.6777113702890574, 'trop_agb_crit': 5.337549936651317, 'trop_k_veg': 5.948486794041975, 'gdp_gamma': 1.0952682963485194, 'cure_k': 0.028540492321026185, 'cure_p_min': 312.45296394264943, 'cure_gpp_ref': 0.34908383645866176, 'cure_agb_crit': 2.2338300821951633, 'fuel_k': 0.2812455772539113, 'fuel_half': 3.2713709471658756}. Best is trial 577 with value: -0.629883323094065.
[I 2026-07-25 00:35:50,999] Trial 839 finished with value: 0.5319368386878116 and parameters: {'k1': 0.0006311806952363384, 'D_low': 1447.9532905134804, 'k2': 0.009690470257986783, 'D_high': 134797.98354613368, 'fire_exp': 1.5989179951452475, 'P_half': 1647.4981518963948, 'pre_dampen_half': 56.00944411469969, 'gpp_af': 0.038747216897129316, 'gpp_b': 2.7277903337226923e-05, 'gpp_d': 472.14733371556633, 'ign_k': 0.003641479167612922, 'ign_c': 46.44724027811105, 'trop_agb_crit': 6.456590298751957, 'trop_k_veg': 0.8758715196818759, 'gdp_gamma': 0.44889898540330886, 'cure_k': 0.004263574753204484, 'cure_p_min': 138.7177188070085, 'cure_gpp_ref': 0.09272197591872207, 'cure_agb_crit': 4.247749886073101, 'fuel_k': 0.3835262543948519, 'fuel_half': 5.089955603216831}. Best is trial 577 with value: -0.629883323094065.
[I 2026-07-25 00:35:51,462] Trial 840 finished with value: 0.5884485750308579 and parameters: {'k1': 0.007446765696930792, 'D_low': 3409.6842967347275, 'k2': 5.5139222501192975e-05, 'D_high': 7947.994472067792, 'fire_exp': 1.2611576370927602, 'P_half': 766.3101530273358, 'pre_dampen_half': 0.29115674688822796, 'gpp_af': 2.4493807499856413, 'gpp_b': 0.04173891205677717, 'gpp_d': 1.5868211287702407, 'ign_k': 0.015602399055748986, 'ign_c': 0.23567839705044005, 'trop_agb_crit': 24.09939791811408, 'trop_k_veg': 3.0699494589168737, 'gdp_gamma': 0.38014701339725787, 'cure_k': 0.00830339428753324, 'cure_p_min': 313.99272397314536, 'cure_gpp_ref': 1.2409034156552756, 'cure_agb_crit': 3.087303650264598, 'fuel_k': 0.20844747822208756, 'fuel_half': 1.0180602534654597}. Best is trial 577 with value: -0.629883323094065.
[I 2026-07-25 00:35:51,920] Trial 841 finished with value: 0.5770948463821448 and parameters: {'k1': 5.802486312572893e-05, 'D_low': 2333.721664085062, 'k2': 0.0010446898793454308, 'D_high': 4646409.4736302495, 'fire_exp': 2.5039788898322377, 'P_half': 1486.3218336314494, 'pre_dampen_half': 296.293821110027, 'gpp_af': 0.34975125906856697, 'gpp_b': 0.00747064684122193, 'gpp_d': 649.5782309704801, 'ign_k': 0.0022094894131520185, 'ign_c': 3.374237531924493, 'trop_agb_crit': 21.39247932863946, 'trop_k_veg': 1.1796854907361938, 'gdp_gamma': 0.1587553021846812, 'cure_k': 0.07154577910502459, 'cure_p_min': 130.35841841185956, 'cure_gpp_ref': 0.21045138454671536, 'cure_agb_crit': 2.485699353696279, 'fuel_k': 0.15500390939593886, 'fuel_half': 36.66813956415862}. Best is trial 577 with value: -0.629883323094065.
[I 2026-07-25 00:35:52,378] Trial 842 finished with value: 0.5709787637963094 and parameters: {'k1': 0.001740018005914481, 'D_low': 1395.8392145909656, 'k2': 0.028901904819781457, 'D_high': 5670396.966248875, 'fire_exp': 1.073827638342873, 'P_half': 173.33514792735585, 'pre_dampen_half': 23.057855261032078, 'gpp_af': 0.0033063149585949724, 'gpp_b': 2.0901100428294504e-05, 'gpp_d': 289.90758935240706, 'ign_k': 0.002096321127237628, 'ign_c': 10.633250871767439, 'trop_agb_crit': 19.948148395370342, 'trop_k_veg': 1.0879038873784384, 'gdp_gamma': 1.7778697939006978, 'cure_k': 0.008223468788545825, 'cure_p_min': 91.73958434242476, 'cure_gpp_ref': 0.9597820476500479, 'cure_agb_crit': 6.693864187516794, 'fuel_k': 0.023222918740168266, 'fuel_half': 8.405086772969472}. Best is trial 577 with value: -0.629883323094065.
[I 2026-07-25 00:35:52,840] Trial 843 finished with value: 0.48562382444900787 and parameters: {'k1': 0.009324355816085116, 'D_low': 8535.836750054104, 'k2': 0.00011969916413047417, 'D_high': 3693544.671249727, 'fire_exp': 1.0059049238880844, 'P_half': 1.401802276539413, 'pre_dampen_half': 0.5103067162529473, 'gpp_af': 0.30389202144479543, 'gpp_b': 0.2343453436827669, 'gpp_d': 24.167625726136727, 'ign_k': 0.37618559000723933, 'ign_c': 0.28306529485706594, 'trop_agb_crit': 4.265261446595265, 'trop_k_veg': 2.2610323495124525, 'gdp_gamma': 1.7979534882546246, 'cure_k': 0.2369373856154547, 'cure_p_min': 337.8726863586273, 'cure_gpp_ref': 0.09748656734527379, 'cure_agb_crit': 1.4492443978442933, 'fuel_k': 0.12225837529219545, 'fuel_half': 33.958647567470415}. Best is trial 577 with value: -0.629883323094065.
[I 2026-07-25 00:35:53,302] Trial 844 finished with value: 0.5921181809809568 and parameters: {'k1': 0.0013514323564861944, 'D_low': 118.54550752767128, 'k2': 0.001598267821310115, 'D_high': 39974.186847934994, 'fire_exp': 3.9394461076131706, 'P_half': 1756.0709538891854, 'pre_dampen_half': 60.163575714780706, 'gpp_af': 2.111327948274563, 'gpp_b': 2.409819881741334e-05, 'gpp_d': 271.2994693144558, 'ign_k': 0.00976486162437367, 'ign_c': 50.84123605388892, 'trop_agb_crit': 23.189053182121526, 'trop_k_veg': 0.6786790499348937, 'gdp_gamma': 0.7181083866129079, 'cure_k': 0.001165650568200566, 'cure_p_min': 88.72319616276468, 'cure_gpp_ref': 0.13320685440998276, 'cure_agb_crit': 2.733764467592823, 'fuel_k': 0.15603405543786017, 'fuel_half': 96.17719646694778}. Best is trial 577 with value: -0.629883323094065.
[I 2026-07-25 00:35:53,761] Trial 845 finished with value: 0.5820893411630649 and parameters: {'k1': 0.0038304964875649473, 'D_low': 7.106332528646425, 'k2': 0.017369490831079484, 'D_high': 5981144.574701783, 'fire_exp': 3.7392152854810234, 'P_half': 1201.016471960455, 'pre_dampen_half': 3.4482786341592138, 'gpp_af': 0.46990060234367337, 'gpp_b': 0.00045906916554927545, 'gpp_d': 205.41664545977818, 'ign_k': 0.0037130332292417976, 'ign_c': 7.410818425199602, 'trop_agb_crit': 10.857746954089938, 'trop_k_veg': 0.7169956437172353, 'gdp_gamma': 1.6453779964374784, 'cure_k': 0.0011985687896512664, 'cure_p_min': 224.2408891457612, 'cure_gpp_ref': 0.15211076977928797, 'cure_agb_crit': 1.4828566909338907, 'fuel_k': 0.030692672137345146, 'fuel_half': 15.700970547612947}. Best is trial 577 with value: -0.629883323094065.
[I 2026-07-25 00:35:54,217] Trial 846 finished with value: 0.4963364642571644 and parameters: {'k1': 4.5070110234912324e-05, 'D_low': 4808.802573701725, 'k2': 0.0001369649288703191, 'D_high': 3230.643476497941, 'fire_exp': 2.8804767902407082, 'P_half': 1.6075397614108538, 'pre_dampen_half': 8.336781475358405, 'gpp_af': 15.032563851976029, 'gpp_b': 1.542075466358528e-05, 'gpp_d': 4.56445741229968, 'ign_k': 0.01129377355358922, 'ign_c': 0.26445358467564994, 'trop_agb_crit': 29.12365110013815, 'trop_k_veg': 3.259207173812322, 'gdp_gamma': 1.5685375878747214, 'cure_k': 0.06541026388768617, 'cure_p_min': 389.0871345158373, 'cure_gpp_ref': 0.37453415401091367, 'cure_agb_crit': 2.688507090612928, 'fuel_k': 0.04279581444434371, 'fuel_half': 10.435330310308201}. Best is trial 577 with value: -0.629883323094065.
[I 2026-07-25 00:35:54,672] Trial 847 finished with value: 0.605205056794043 and parameters: {'k1': 0.00022212836181499177, 'D_low': 964232.296872799, 'k2': 0.09620074314187511, 'D_high': 431687.6954816745, 'fire_exp': 2.7820908342703947, 'P_half': 23.969373156873115, 'pre_dampen_half': 0.663145032205686, 'gpp_af': 0.8941939407163142, 'gpp_b': 0.0009051076422964392, 'gpp_d': 114.28408040927927, 'ign_k': 0.0018918796256739338, 'ign_c': 132.32510963795147, 'trop_agb_crit': 16.037792084636845, 'trop_k_veg': 0.7269029047432616, 'gdp_gamma': 1.226673746324851, 'cure_k': 0.0010498472857658014, 'cure_p_min': 102.40150161601277, 'cure_gpp_ref': 0.072383126156621, 'cure_agb_crit': 3.2970962666911072, 'fuel_k': 0.14262660820383716, 'fuel_half': 33.301126790102096}. Best is trial 577 with value: -0.629883323094065.
[I 2026-07-25 00:35:55,219] Trial 848 finished with value: 0.5925296224046993 and parameters: {'k1': 6.168154342089008e-05, 'D_low': 19.925118507857643, 'k2': 0.0305338709515878, 'D_high': 56556.465073880136, 'fire_exp': 4.2180413649769894, 'P_half': 97.1435294040639, 'pre_dampen_half': 138.10494658554376, 'gpp_af': 0.23953837059303432, 'gpp_b': 2.2039530047068052e-05, 'gpp_d': 420.74471067377243, 'ign_k': 0.004399096798317295, 'ign_c': 0.7509318883448736, 'trop_agb_crit': 17.03919675105452, 'trop_k_veg': 0.6191760805793577, 'gdp_gamma': 0.6035987575820193, 'cure_k': 0.0018706290797035723, 'cure_p_min': 109.18465634493401, 'cure_gpp_ref': 0.12421829296477202, 'cure_agb_crit': 3.718215807466968, 'fuel_k': 1.0317122718251215, 'fuel_half': 15.708687007732737}. Best is trial 577 with value: -0.629883323094065.
[I 2026-07-25 00:35:55,674] Trial 849 finished with value: 0.5675746775634744 and parameters: {'k1': 5.90918493525702e-05, 'D_low': 479.1269499973337, 'k2': 0.0004964755838380642, 'D_high': 120918.72259419144, 'fire_exp': 3.350232356963308, 'P_half': 7.879169159346759, 'pre_dampen_half': 3.1770192815266487, 'gpp_af': 12.172549424874259, 'gpp_b': 1.1488185187021847, 'gpp_d': 207.85054005894918, 'ign_k': 0.011760973425824817, 'ign_c': 14.747969647112313, 'trop_agb_crit': 3.654287235800066, 'trop_k_veg': 4.392892489146648, 'gdp_gamma': 1.9326794545884227, 'cure_k': 0.0011662451255892482, 'cure_p_min': 314.72197896152124, 'cure_gpp_ref': 1.6486442372764132, 'cure_agb_crit': 5.86850652905077, 'fuel_k': 0.43198318547824005, 'fuel_half': 0.8413243223669892}. Best is trial 577 with value: -0.629883323094065.
[I 2026-07-25 00:35:56,132] Trial 850 finished with value: 0.5872413478069984 and parameters: {'k1': 0.0007129584640807172, 'D_low': 1318.540046831006, 'k2': 0.00647784614203719, 'D_high': 3089476.3874469837, 'fire_exp': 2.652923793476355, 'P_half': 4007.7050812165517, 'pre_dampen_half': 66.40291058823227, 'gpp_af': 0.046352082312342224, 'gpp_b': 0.0002675274455763352, 'gpp_d': 26.938922421883646, 'ign_k': 0.003258475691808456, 'ign_c': 4.665098172560834, 'trop_agb_crit': 9.11972545557055, 'trop_k_veg': 0.6498751579569236, 'gdp_gamma': 1.869518028238247, 'cure_k': 0.0018570750704432193, 'cure_p_min': 135.6015021230441, 'cure_gpp_ref': 0.17024015111918478, 'cure_agb_crit': 2.1262488392152963, 'fuel_k': 0.17542919918454122, 'fuel_half': 87.21320240802058}. Best is trial 577 with value: -0.629883323094065.
[I 2026-07-25 00:35:56,585] Trial 851 finished with value: 0.6241639181228331 and parameters: {'k1': 0.002025947401519549, 'D_low': 25503.16963081623, 'k2': 3.789419175366673e-05, 'D_high': 269163.06523745204, 'fire_exp': 2.0980360543402963, 'P_half': 2.8093758304125545, 'pre_dampen_half': 95.36913773129554, 'gpp_af': 0.5245638874935492, 'gpp_b': 0.0010106504554828562, 'gpp_d': 0.9944310057965532, 'ign_k': 0.23408724657790264, 'ign_c': 0.4815262322768197, 'trop_agb_crit': 1.2176159915073694, 'trop_k_veg': 1.869424887920437, 'gdp_gamma': 0.7100744762338782, 'cure_k': 0.029702863385884386, 'cure_p_min': 347.3172959020287, 'cure_gpp_ref': 0.18014337256927818, 'cure_agb_crit': 1.682462076425764, 'fuel_k': 0.022862587094154577, 'fuel_half': 56.41345169577244}. Best is trial 577 with value: -0.629883323094065.
[I 2026-07-25 00:35:57,040] Trial 852 finished with value: -0.601386680108137 and parameters: {'k1': 0.00023921191942270434, 'D_low': 72.63212171464293, 'k2': 0.004343526561604097, 'D_high': 147384.0395932221, 'fire_exp': 1.695967752531054, 'P_half': 41.04630152981814, 'pre_dampen_half': 1.6635714054162605, 'gpp_af': 0.048541922389579134, 'gpp_b': 0.0031969630799674647, 'gpp_d': 994.8542114969019, 'ign_k': 0.002548288433904612, 'ign_c': 3.048161915609126, 'trop_agb_crit': 16.26365250934999, 'trop_k_veg': 0.6262673773069494, 'gdp_gamma': 1.5409833511465532, 'cure_k': 0.034947199690525864, 'cure_p_min': 84.22774420383689, 'cure_gpp_ref': 0.054039907672582356, 'cure_agb_crit': 1.5517582836704633, 'fuel_k': 0.38384637378251807, 'fuel_half': 44.59793350557913}. Best is trial 577 with value: -0.629883323094065.
[I 2026-07-25 00:35:57,496] Trial 853 finished with value: 0.48755268614571023 and parameters: {'k1': 5.5108809662694544e-05, 'D_low': 90.72221471401262, 'k2': 0.00015724701874642773, 'D_high': 7076686.176016614, 'fire_exp': 4.380540265282281, 'P_half': 1.0206277676269393, 'pre_dampen_half': 31.44581753231266, 'gpp_af': 0.006246572658914499, 'gpp_b': 0.0006634785973552593, 'gpp_d': 5.13149047948471, 'ign_k': 0.13925109641982827, 'ign_c': 8.04993406794916, 'trop_agb_crit': 2.373285736769933, 'trop_k_veg': 0.7035894848043988, 'gdp_gamma': 0.5994425679856779, 'cure_k': 0.019098168636446984, 'cure_p_min': 340.23459249825873, 'cure_gpp_ref': 0.07002003461964824, 'cure_agb_crit': 2.2671525212706265, 'fuel_k': 0.06449265653768858, 'fuel_half': 47.30889275673552}. Best is trial 577 with value: -0.629883323094065.
[I 2026-07-25 00:35:57,950] Trial 854 finished with value: 0.5078156657834858 and parameters: {'k1': 0.005094557023943166, 'D_low': 4899.719798485007, 'k2': 0.01089261231443732, 'D_high': 777982.1073771416, 'fire_exp': 1.2310315195177892, 'P_half': 7.24962802525058, 'pre_dampen_half': 0.029265751609235186, 'gpp_af': 2.9959870368878634, 'gpp_b': 4.491492214194688e-05, 'gpp_d': 0.48508626360082185, 'ign_k': 0.06876856357923959, 'ign_c': 6.287655587623128, 'trop_agb_crit': 3.6467910323726973, 'trop_k_veg': 3.152590718331311, 'gdp_gamma': 0.2111145546014692, 'cure_k': 0.008934132300121873, 'cure_p_min': 392.74089821617883, 'cure_gpp_ref': 1.8271960975982888, 'cure_agb_crit': 3.2615055116139615, 'fuel_k': 0.25089280408978043, 'fuel_half': 1.4846878024286552}. Best is trial 577 with value: -0.629883323094065.
[I 2026-07-25 00:35:58,407] Trial 855 finished with value: 0.5207851412670763 and parameters: {'k1': 0.00037842695291572616, 'D_low': 1235.6320601780865, 'k2': 0.0004024151407759817, 'D_high': 100610.53232210825, 'fire_exp': 1.2120851921762503, 'P_half': 56.26174397694273, 'pre_dampen_half': 0.45177065950870415, 'gpp_af': 0.010247359462705807, 'gpp_b': 6.858409202860958e-05, 'gpp_d': 72.84671359444975, 'ign_k': 0.0017614891382729946, 'ign_c': 3.1694280276614912, 'trop_agb_crit': 10.557710671389684, 'trop_k_veg': 0.8446396714585107, 'gdp_gamma': 0.12383609998374025, 'cure_k': 0.05883918996523149, 'cure_p_min': 98.81717072999922, 'cure_gpp_ref': 0.06833159418488471, 'cure_agb_crit': 1.0865422427430877, 'fuel_k': 0.5933571925141666, 'fuel_half': 16.648865814781264}. Best is trial 577 with value: -0.629883323094065.
[I 2026-07-25 00:35:58,865] Trial 856 finished with value: -0.532499187266047 and parameters: {'k1': 1.580036767377788e-05, 'D_low': 4931.035930346181, 'k2': 0.010000337824554686, 'D_high': 1598677.9394123189, 'fire_exp': 2.2148394534916003, 'P_half': 327.2024202150311, 'pre_dampen_half': 36.72218823071946, 'gpp_af': 2.973532322043483, 'gpp_b': 1.0715838151516307e-05, 'gpp_d': 984.9257851652661, 'ign_k': 0.005871807778230628, 'ign_c': 7.232925477214347, 'trop_agb_crit': 12.558546406221273, 'trop_k_veg': 1.4992541739853609, 'gdp_gamma': 0.4453002508301438, 'cure_k': 0.09948200963886841, 'cure_p_min': 84.28838399445362, 'cure_gpp_ref': 0.05228654074497017, 'cure_agb_crit': 1.9804283378946257, 'fuel_k': 0.14878924883507533, 'fuel_half': 93.72508971941114}. Best is trial 577 with value: -0.629883323094065.
[I 2026-07-25 00:35:59,318] Trial 857 finished with value: 0.5462140355619287 and parameters: {'k1': 0.0013303044256861199, 'D_low': 75.43874244541043, 'k2': 0.04371167156481132, 'D_high': 150996.91320861754, 'fire_exp': 1.3049015840112301, 'P_half': 9.620899299680344, 'pre_dampen_half': 0.015418085231098942, 'gpp_af': 0.3364818011867464, 'gpp_b': 0.06185027003521104, 'gpp_d': 9.091887314474091, 'ign_k': 0.015164894491336555, 'ign_c': 0.49308761388457056, 'trop_agb_crit': 13.050614693288011, 'trop_k_veg': 3.65377352683805, 'gdp_gamma': 0.06086879189969049, 'cure_k': 0.11600635922960413, 'cure_p_min': 213.31500528057464, 'cure_gpp_ref': 0.1337655829362493, 'cure_agb_crit': 3.2201459668691776, 'fuel_k': 0.20880391363962308, 'fuel_half': 1.6860878581882088}. Best is trial 577 with value: -0.629883323094065.
[I 2026-07-25 00:35:59,776] Trial 858 finished with value: 0.593322104339267 and parameters: {'k1': 0.00013263180599669934, 'D_low': 3272.974844669774, 'k2': 0.00197722607241447, 'D_high': 105518.08631358971, 'fire_exp': 2.5604870901254895, 'P_half': 11.87818664049291, 'pre_dampen_half': 0.7424833543604203, 'gpp_af': 0.22417315588233439, 'gpp_b': 0.44790078418342144, 'gpp_d': 561.8194620632863, 'ign_k': 0.007211399980178488, 'ign_c': 10.357551178633695, 'trop_agb_crit': 19.130541363796397, 'trop_k_veg': 1.1353093476083755, 'gdp_gamma': 0.2564187237561191, 'cure_k': 0.009858851870455652, 'cure_p_min': 91.46353113557373, 'cure_gpp_ref': 0.09619327552525377, 'cure_agb_crit': 1.1119777971901332, 'fuel_k': 1.6401468767933574, 'fuel_half': 8.210093314052463}. Best is trial 577 with value: -0.629883323094065.
[I 2026-07-25 00:36:00,230] Trial 859 finished with value: -0.5978310008089445 and parameters: {'k1': 0.0006398447557680396, 'D_low': 4.731722335710495, 'k2': 0.0005482555405753902, 'D_high': 1108022.203510964, 'fire_exp': 2.4396625616621863, 'P_half': 41.64013438425076, 'pre_dampen_half': 2.184376115438278, 'gpp_af': 0.18097984214757282, 'gpp_b': 0.00290659904105331, 'gpp_d': 185.0101004437104, 'ign_k': 0.004262704378904664, 'ign_c': 25.904048837977573, 'trop_agb_crit': 22.36080665467766, 'trop_k_veg': 0.9038492775842639, 'gdp_gamma': 0.8548828028171521, 'cure_k': 0.08844813597033337, 'cure_p_min': 115.10042242298597, 'cure_gpp_ref': 0.12414691611182202, 'cure_agb_crit': 1.8022085249288748, 'fuel_k': 0.13209345518443347, 'fuel_half': 2.014763231748344}. Best is trial 577 with value: -0.629883323094065.
[I 2026-07-25 00:36:00,688] Trial 860 finished with value: 0.453536822203801 and parameters: {'k1': 0.0018194715426336566, 'D_low': 189.47354972675032, 'k2': 0.0009782035634290972, 'D_high': 11396.197867766747, 'fire_exp': 1.6505663742304857, 'P_half': 23.461743895656568, 'pre_dampen_half': 20.201234281062373, 'gpp_af': 0.12247681301166381, 'gpp_b': 0.0016281131164377401, 'gpp_d': 214.46342795089234, 'ign_k': 0.008885600393318547, 'ign_c': 11.947128121246877, 'trop_agb_crit': 11.700083082124474, 'trop_k_veg': 0.542082817846763, 'gdp_gamma': 1.7048576144634553, 'cure_k': 0.06641764882510176, 'cure_p_min': 122.22216624445024, 'cure_gpp_ref': 0.05314498277373619, 'cure_agb_crit': 1.8687040482309354, 'fuel_k': 2.4284750216665296, 'fuel_half': 31.070787026389894}. Best is trial 577 with value: -0.629883323094065.
[I 2026-07-25 00:36:01,144] Trial 861 finished with value: 0.4499881487719998 and parameters: {'k1': 0.0005778719677850831, 'D_low': 6.569476760784276, 'k2': 0.0006372719993958898, 'D_high': 1709951.4119649082, 'fire_exp': 3.038961607734381, 'P_half': 32.38298781731484, 'pre_dampen_half': 0.5688037126991305, 'gpp_af': 0.2792567571273252, 'gpp_b': 0.0014210926076697959, 'gpp_d': 388.586143592395, 'ign_k': 0.0037541647276372997, 'ign_c': 26.986481610762546, 'trop_agb_crit': 12.705991393140334, 'trop_k_veg': 1.043854402783428, 'gdp_gamma': 0.58976686150454, 'cure_k': 0.20671656277616177, 'cure_p_min': 93.26920481561358, 'cure_gpp_ref': 0.05471162063995483, 'cure_agb_crit': 1.6811536623969685, 'fuel_k': 0.31263366475671406, 'fuel_half': 0.812524626777268}. Best is trial 577 with value: -0.629883323094065.
[I 2026-07-25 00:36:01,635] Trial 862 finished with value: -0.5554344248137328 and parameters: {'k1': 0.0012183187920053631, 'D_low': 84.39195273822006, 'k2': 0.04498790254579402, 'D_high': 388686.1470554111, 'fire_exp': 3.576654438296332, 'P_half': 4.59782250254119, 'pre_dampen_half': 1.052499183054834, 'gpp_af': 0.04548638634816272, 'gpp_b': 0.0001873029863433059, 'gpp_d': 108.92890970590805, 'ign_k': 0.004077568683439738, 'ign_c': 2.6208456873721637, 'trop_agb_crit': 25.024837834671306, 'trop_k_veg': 0.6883967860856052, 'gdp_gamma': 1.4964429912284005, 'cure_k': 0.07568429239323447, 'cure_p_min': 99.83481519257239, 'cure_gpp_ref': 0.05386633346967443, 'cure_agb_crit': 1.0581146045718217, 'fuel_k': 0.1492969809335532, 'fuel_half': 17.24450589818494}. Best is trial 577 with value: -0.629883323094065.
[I 2026-07-25 00:36:02,110] Trial 863 finished with value: -0.6115996436865794 and parameters: {'k1': 0.0002172325137628365, 'D_low': 282.21070152089516, 'k2': 0.002802904483082081, 'D_high': 1635113.503174475, 'fire_exp': 1.3943998562302349, 'P_half': 12.073821500000063, 'pre_dampen_half': 0.50466491443668, 'gpp_af': 0.03802715748203454, 'gpp_b': 0.0027785408644323806, 'gpp_d': 257.7674233157616, 'ign_k': 0.005054743075655308, 'ign_c': 7.4283715438014, 'trop_agb_crit': 10.21374752726299, 'trop_k_veg': 1.0467972094268205, 'gdp_gamma': 1.0149204466942319, 'cure_k': 0.019570881742818274, 'cure_p_min': 85.01633402766707, 'cure_gpp_ref': 0.11252131738675385, 'cure_agb_crit': 2.0519265910584092, 'fuel_k': 0.03592728059994767, 'fuel_half': 40.83134565605681}. Best is trial 577 with value: -0.629883323094065.
