[I 2026-08-14 14:15:22,639] Trial 493 finished with values: [-0.40110137554787473, 1.659474722082166e-07] and parameters: {'k1': 1.0477226564098276e-05, 'D_low': 2148.727319612887, 'k2': 1.3243445838637965e-05, 'D_high': 160625.60954780428, 'fire_exp': 2.1589564941849333, 'P_half': 1.7036120617148391, 'pre_dampen_half': 0.043181981126981975, 'gpp_af': 0.0023751383317256927, 'gpp_b': 0.040428727350273294, 'gpp_d': 700.6693992445935, 'ign_k': 0.03141110271934876, 'ign_c': 11.462237838612067, 'trop_agb_crit': 15.53776736258787, 'trop_k_veg': 3.1061628445647007, 'fuel_k': 0.02496045629458217, 'fuel_half': 57.882001937752435}.
[I 2026-08-14 14:15:24,685] Trial 494 finished with values: [-0.39632458526585235, 1.829885401094522e-06] and parameters: {'k1': 2.6285770615112825e-05, 'D_low': 35.16392386455341, 'k2': 0.00019472216066157317, 'D_high': 39079.671568228776, 'fire_exp': 2.726360712292888, 'P_half': 1938.3858782150498, 'pre_dampen_half': 0.05844629901057142, 'gpp_af': 6.940121430516967, 'gpp_b': 0.040428727350273294, 'gpp_d': 3.0023172465753074, 'ign_k': 0.03141110271934876, 'ign_c': 0.21947742689197342, 'trop_agb_crit': 2.1775224101934065, 'trop_k_veg': 7.260694958828215, 'fuel_k': 0.02496045629458217, 'fuel_half': 28.412055118924737}.
[I 2026-08-14 14:15:26,631] Trial 495 finished with values: [-0.4114323162933303, 0.0024171008317658282] and parameters: {'k1': 0.0029707920514735983, 'D_low': 9.222492453004657, 'k2': 2.1698375693549493e-05, 'D_high': 16.752866684650684, 'fire_exp': 1.6733848721157607, 'P_half': 3.0257721519613185, 'pre_dampen_half': 0.03333029838740256, 'gpp_af': 0.0025511964576171086, 'gpp_b': 3.228689523591491e-05, 'gpp_d': 285.57196407381804, 'ign_k': 0.03141110271934876, 'ign_c': 0.1254144753902608, 'trop_agb_crit': 2.3118820898020997, 'trop_k_veg': 6.911478238001162, 'fuel_k': 1.6630228777630973, 'fuel_half': 12.136386887218588}.
[I 2026-08-14 14:15:28,523] Trial 496 finished with values: [-0.42020802395796214, 0.009932269355512946] and parameters: {'k1': 0.000132965214572995, 'D_low': 4.043300846639722, 'k2': 1.4363112408604443e-05, 'D_high': 18489.90108223028, 'fire_exp': 1.7973831035976209, 'P_half': 4.961134450191397, 'pre_dampen_half': 0.043181981126981975, 'gpp_af': 0.16983565276584273, 'gpp_b': 2.325239859823921e-05, 'gpp_d': 5.1227685768715014, 'ign_k': 0.03141110271934876, 'ign_c': 0.10544710041137256, 'trop_agb_crit': 15.53776736258787, 'trop_k_veg': 0.6139438440498544, 'fuel_k': 1.6630228777630973, 'fuel_half': 2.841639333505349}.
[I 2026-08-14 14:15:30,398] Trial 497 finished with values: [-0.480228980092555, 0.0987842755585151] and parameters: {'k1': 0.00019876655910112227, 'D_low': 158.0407962960918, 'k2': 0.0005708731724249573, 'D_high': 316055.11434645514, 'fire_exp': 1.6733848721157607, 'P_half': 269.74113434525447, 'pre_dampen_half': 3.659675301686169, 'gpp_af': 0.34902252478382495, 'gpp_b': 0.00024732964314480056, 'gpp_d': 0.9568931772917477, 'ign_k': 0.04380580767905655, 'ign_c': 0.18316165443932733, 'trop_agb_crit': 2.3118820898020997, 'trop_k_veg': 2.3220791324604515, 'fuel_k': 0.021123235354472927, 'fuel_half': 0.3995528014939306}.
[I 2026-08-14 14:15:32,406] Trial 498 finished with values: [-0.5539665784839591, 0.119677098057276] and parameters: {'k1': 0.0003713474360443033, 'D_low': 126.11058927054879, 'k2': 0.006051580666890612, 'D_high': 160625.60954780428, 'fire_exp': 1.6214575867079866, 'P_half': 269.74113434525447, 'pre_dampen_half': 3.659675301686169, 'gpp_af': 0.0876577878178163, 'gpp_b': 0.004922228103935987, 'gpp_d': 314.6826989726468, 'ign_k': 0.567034633562729, 'ign_c': 0.18316165443932733, 'trop_agb_crit': 1.8730954962803803, 'trop_k_veg': 2.1816482703680733, 'fuel_k': 5.486054129200969, 'fuel_half': 15.581254655530845}.
[I 2026-08-14 14:15:34,647] Trial 499 finished with values: [-0.47073156588955134, 0.13996633321658092] and parameters: {'k1': 0.004312951023617458, 'D_low': 126.11058927054879, 'k2': 1.915468390724633e-05, 'D_high': 71534.52030884045, 'fire_exp': 1.0629462657398439, 'P_half': 65.33684593224972, 'pre_dampen_half': 0.15144408538724474, 'gpp_af': 0.7539992074650279, 'gpp_b': 2.325239859823921e-05, 'gpp_d': 1.105785410092522, 'ign_k': 0.31014294272127446, 'ign_c': 0.4213183643253957, 'trop_agb_crit': 24.584290528289387, 'trop_k_veg': 1.4584243470991722, 'fuel_k': 1.6630228777630973, 'fuel_half': 52.00581729114123}.
[I 2026-08-14 14:15:36,518] Trial 500 finished with values: [-0.3982887736276275, 3.101231382807157e-08] and parameters: {'k1': 1.8595266457134027e-05, 'D_low': 14787.382840410779, 'k2': 1.263794633808287e-05, 'D_high': 1826.6972566585878, 'fire_exp': 1.2429193829348841, 'P_half': 351.2704726270846, 'pre_dampen_half': 0.0195172246414495, 'gpp_af': 0.0023751383317256927, 'gpp_b': 0.040428727350273294, 'gpp_d': 8.144272585223819, 'ign_k': 0.04380580767905655, 'ign_c': 105.24574681335613, 'trop_agb_crit': 2.1775224101934065, 'trop_k_veg': 2.8224577471047865, 'fuel_k': 0.021123235354472927, 'fuel_half': 65.99277195883643}.
[I 2026-08-14 14:15:38,429] Trial 501 finished with values: [-0.4336444143465873, 0.025458793697843207] and parameters: {'k1': 0.07573282902008706, 'D_low': 126.11058927054879, 'k2': 2.5299503921303695e-05, 'D_high': 316055.11434645514, 'fire_exp': 1.9439887028475722, 'P_half': 8.91613269954689, 'pre_dampen_half': 0.15144408538724474, 'gpp_af': 0.030592049838223532, 'gpp_b': 6.0327793441162e-05, 'gpp_d': 1.105785410092522, 'ign_k': 0.031117676855667385, 'ign_c': 15.221840161091626, 'trop_agb_crit': 1.8730954962803803, 'trop_k_veg': 0.9389228405367726, 'fuel_k': 0.011892598727815663, 'fuel_half': 2.841639333505349}.
[I 2026-08-14 14:15:40,545] Trial 502 finished with values: [-0.35598695229853466, 0.0] and parameters: {'k1': 0.00014888230597983555, 'D_low': 93.75345303884801, 'k2': 1.263794633808287e-05, 'D_high': 44.39648242927527, 'fire_exp': 6.188409493921614, 'P_half': 351.2704726270846, 'pre_dampen_half': 0.0195172246414495, 'gpp_af': 0.34902252478382495, 'gpp_b': 0.040428727350273294, 'gpp_d': 34.70266988650411, 'ign_k': 0.011698039424426817, 'ign_c': 105.24574681335613, 'trop_agb_crit': 16.967533607196547, 'trop_k_veg': 0.9008485225328876, 'fuel_k': 0.06382243375381637, 'fuel_half': 43.240425516201185}.
[I 2026-08-14 14:15:42,393] Trial 503 finished with values: [-0.41648733339761146, 0.00034760347793372226] and parameters: {'k1': 1.8595266457134027e-05, 'D_low': 14787.382840410779, 'k2': 1.263794633808287e-05, 'D_high': 44.39648242927527, 'fire_exp': 1.2429193829348841, 'P_half': 351.2704726270846, 'pre_dampen_half': 0.0195172246414495, 'gpp_af': 0.34902252478382495, 'gpp_b': 0.040428727350273294, 'gpp_d': 34.70266988650411, 'ign_k': 0.011698039424426817, 'ign_c': 14.935213816355384, 'trop_agb_crit': 21.825752290961518, 'trop_k_veg': 0.9008485225328876, 'fuel_k': 0.021123235354472927, 'fuel_half': 65.99277195883643}.
[I 2026-08-14 14:15:44,351] Trial 504 finished with values: [-0.3823811935940459, 4.1486870605567105e-08] and parameters: {'k1': 0.0024005553432620355, 'D_low': 367.4904945305323, 'k2': 0.0005708731724249573, 'D_high': 1826.6972566585878, 'fire_exp': 2.1589564941849333, 'P_half': 1212.4080603355412, 'pre_dampen_half': 0.023226277943865486, 'gpp_af': 0.326288637536534, 'gpp_b': 0.00024732964314480056, 'gpp_d': 285.57196407381804, 'ign_k': 0.04380580767905655, 'ign_c': 79.62155254464994, 'trop_agb_crit': 2.3118820898020997, 'trop_k_veg': 2.3220791324604515, 'fuel_k': 0.06382243375381637, 'fuel_half': 65.99277195883643}.
[I 2026-08-14 14:15:46,236] Trial 505 finished with values: [-0.4140207600381916, 3.0660306158392103e-06] and parameters: {'k1': 0.0012329098365270509, 'D_low': 367.4904945305323, 'k2': 1.263794633808287e-05, 'D_high': 44.39648242927527, 'fire_exp': 1.075051292556307, 'P_half': 351.2704726270846, 'pre_dampen_half': 0.37306104754535907, 'gpp_af': 0.34902252478382495, 'gpp_b': 2.788681037423117, 'gpp_d': 0.17638479543546878, 'ign_k': 0.04380580767905655, 'ign_c': 105.24574681335613, 'trop_agb_crit': 2.1775224101934065, 'trop_k_veg': 0.6189606672462583, 'fuel_k': 0.06382243375381637, 'fuel_half': 0.30455368715396786}.
[I 2026-08-14 14:15:48,108] Trial 506 finished with values: [-0.4030369395195675, 1.4930256075906811e-07] and parameters: {'k1': 5.325873749322162e-05, 'D_low': 35.16392386455341, 'k2': 1.4363112408604443e-05, 'D_high': 160625.60954780428, 'fire_exp': 1.7973831035976209, 'P_half': 1938.3858782150498, 'pre_dampen_half': 0.03426913908389044, 'gpp_af': 0.16983565276584273, 'gpp_b': 2.788681037423117, 'gpp_d': 3.0023172465753074, 'ign_k': 0.03141110271934876, 'ign_c': 3.0378658251922155, 'trop_agb_crit': 15.53776736258787, 'trop_k_veg': 3.1061628445647007, 'fuel_k': 0.013421538374693755, 'fuel_half': 0.30455368715396786}.
[I 2026-08-14 14:15:49,945] Trial 507 finished with values: [-0.5257754285581067, 0.047316637069272804] and parameters: {'k1': 0.0012329098365270509, 'D_low': 3735.16768760467, 'k2': 1.854837679096716e-05, 'D_high': 1620420.329328003, 'fire_exp': 1.6214575867079866, 'P_half': 6.658322706867178, 'pre_dampen_half': 502.5175192217655, 'gpp_af': 0.34902252478382495, 'gpp_b': 0.03103333227753725, 'gpp_d': 2.292633983096564, 'ign_k': 0.0680787482656459, 'ign_c': 15.221840161091626, 'trop_agb_crit': 13.98132484257899, 'trop_k_veg': 1.0540721475196824, 'fuel_k': 0.28630931797361614, 'fuel_half': 52.00581729114123}.
[I 2026-08-14 14:15:51,804] Trial 508 finished with values: [-0.4451604447316672, 0.03707125794214183] and parameters: {'k1': 0.0012329098365270509, 'D_low': 3735.16768760467, 'k2': 0.00010939944910100016, 'D_high': 160625.60954780428, 'fire_exp': 1.6214575867079866, 'P_half': 259.29513803785335, 'pre_dampen_half': 0.37306104754535907, 'gpp_af': 0.34902252478382495, 'gpp_b': 3.228689523591491e-05, 'gpp_d': 2.292633983096564, 'ign_k': 0.04380580767905655, 'ign_c': 3.0378658251922155, 'trop_agb_crit': 13.98132484257899, 'trop_k_veg': 3.715819581962784, 'fuel_k': 0.28630931797361614, 'fuel_half': 12.136386887218588}.
[I 2026-08-14 14:15:53,687] Trial 509 finished with values: [-0.4313022817434618, 0.008826342293410061] and parameters: {'k1': 0.0010204225357677778, 'D_low': 9.222492453004657, 'k2': 1.854837679096716e-05, 'D_high': 316055.11434645514, 'fire_exp': 1.075051292556307, 'P_half': 3910.3637457741784, 'pre_dampen_half': 0.10609580257119508, 'gpp_af': 0.008983355849178878, 'gpp_b': 1.6569065206637924e-05, 'gpp_d': 2.292633983096564, 'ign_k': 0.18170401889219123, 'ign_c': 0.18316165443932733, 'trop_agb_crit': 2.1775224101934065, 'trop_k_veg': 1.7570501127699654, 'fuel_k': 0.28630931797361614, 'fuel_half': 12.136386887218588}.
[I 2026-08-14 14:15:56,066] Trial 510 finished with values: [-0.35538035715820226, 0.0] and parameters: {'k1': 0.00040091494283268605, 'D_low': 2.0349553327469425, 'k2': 0.00010939944910100016, 'D_high': 160625.60954780428, 'fire_exp': 4.487053621524983, 'P_half': 4.961134450191397, 'pre_dampen_half': 0.03411860497758073, 'gpp_af': 0.0023751383317256927, 'gpp_b': 0.23395511097933275, 'gpp_d': 2.292633983096564, 'ign_k': 0.39676339357448603, 'ign_c': 0.4213183643253957, 'trop_agb_crit': 2.3118820898020997, 'trop_k_veg': 4.844706510617515, 'fuel_k': 5.486054129200969, 'fuel_half': 0.46335780813176825}.
[I 2026-08-14 14:15:58,060] Trial 511 finished with values: [-0.36198978146715854, 1.003308547353754e-11] and parameters: {'k1': 1.0477226564098276e-05, 'D_low': 9.222492453004657, 'k2': 0.00010939944910100016, 'D_high': 160625.60954780428, 'fire_exp': 4.487053621524983, 'P_half': 1212.4080603355412, 'pre_dampen_half': 0.03333029838740256, 'gpp_af': 0.008983355849178878, 'gpp_b': 0.07311344697279921, 'gpp_d': 2.292633983096564, 'ign_k': 0.47081597932501906, 'ign_c': 0.1254144753902608, 'trop_agb_crit': 2.3118820898020997, 'trop_k_veg': 0.6921865222804094, 'fuel_k': 5.486054129200969, 'fuel_half': 12.136386887218588}.
[I 2026-08-14 14:15:59,978] Trial 512 finished with values: [-0.5491374797808446, 0.7533169659839469] and parameters: {'k1': 0.0024005553432620355, 'D_low': 1.7887890916820506, 'k2': 0.0010495653625093638, 'D_high': 316055.11434645514, 'fire_exp': 1.6214575867079866, 'P_half': 27.59069025439785, 'pre_dampen_half': 12.515601598062563, 'gpp_af': 0.4085228003668622, 'gpp_b': 1.6569065206637924e-05, 'gpp_d': 12.151631524283598, 'ign_k': 0.567034633562729, 'ign_c': 0.18316165443932733, 'trop_agb_crit': 13.98132484257899, 'trop_k_veg': 2.4516474838484386, 'fuel_k': 0.3176626387065175, 'fuel_half': 2.2148104601284695}.
[I 2026-08-14 14:16:01,826] Trial 513 finished with values: [-0.41666593388124246, 2.9278065588056457e-05] and parameters: {'k1': 0.05554169083020911, 'D_low': 4.043300846639722, 'k2': 1.854837679096716e-05, 'D_high': 316055.11434645514, 'fire_exp': 1.182396148413737, 'P_half': 7683.876502998063, 'pre_dampen_half': 0.0195172246414495, 'gpp_af': 0.2077161282926346, 'gpp_b': 3.228689523591491e-05, 'gpp_d': 2.292633983096564, 'ign_k': 0.04380580767905655, 'ign_c': 105.24574681335613, 'trop_agb_crit': 1.7813653882411722, 'trop_k_veg': 3.715819581962784, 'fuel_k': 0.06382243375381637, 'fuel_half': 0.14319038307687884}.
[I 2026-08-14 14:16:03,670] Trial 514 finished with values: [-0.4110888941785572, 0.00011869517181084532] and parameters: {'k1': 6.069662445477729e-05, 'D_low': 126.11058927054879, 'k2': 1.263794633808287e-05, 'D_high': 12.862664853393753, 'fire_exp': 1.2429193829348841, 'P_half': 4.961134450191397, 'pre_dampen_half': 0.0195172246414495, 'gpp_af': 0.34902252478382495, 'gpp_b': 0.4168322557207811, 'gpp_d': 700.6693992445935, 'ign_k': 0.011698039424426817, 'ign_c': 105.24574681335613, 'trop_agb_crit': 20.205002815711154, 'trop_k_veg': 2.1816482703680733, 'fuel_k': 0.06382243375381637, 'fuel_half': 8.17127270071559}.
[I 2026-08-14 14:16:05,725] Trial 515 finished with values: [-0.3901854516502995, 6.802442276132581e-09] and parameters: {'k1': 0.0012329098365270509, 'D_low': 4.043300846639722, 'k2': 1.854837679096716e-05, 'D_high': 160625.60954780428, 'fire_exp': 2.3976499639906934, 'P_half': 6153.658035691652, 'pre_dampen_half': 0.0195172246414495, 'gpp_af': 0.8533931648032835, 'gpp_b': 0.010847560307977218, 'gpp_d': 2.292633983096564, 'ign_k': 0.03141110271934876, 'ign_c': 105.24574681335613, 'trop_agb_crit': 15.870971677383487, 'trop_k_veg': 6.911478238001162, 'fuel_k': 0.06382243375381637, 'fuel_half': 18.202647368248826}.
[I 2026-08-14 14:16:07,894] Trial 516 finished with values: [-0.3554625854118624, 0.0] and parameters: {'k1': 0.0024005553432620355, 'D_low': 2.0349553327469425, 'k2': 1.915468390724633e-05, 'D_high': 1513567.8611940327, 'fire_exp': 3.304317611738493, 'P_half': 1212.4080603355412, 'pre_dampen_half': 39.37581228093823, 'gpp_af': 0.0023751383317256927, 'gpp_b': 0.9407903301838397, 'gpp_d': 1.105785410092522, 'ign_k': 1.07907786430243, 'ign_c': 5.486676498816058, 'trop_agb_crit': 2.3118820898020997, 'trop_k_veg': 4.844706510617515, 'fuel_k': 1.6630228777630973, 'fuel_half': 12.136386887218588}.
[I 2026-08-14 14:16:10,179] Trial 517 finished with values: [-0.38721243532108757, 1.2547999288292644e-05] and parameters: {'k1': 0.0024005553432620355, 'D_low': 367.4904945305323, 'k2': 0.0009670857606743155, 'D_high': 44.39648242927527, 'fire_exp': 1.075051292556307, 'P_half': 3910.3637457741784, 'pre_dampen_half': 2.488338093530606, 'gpp_af': 0.008983355849178878, 'gpp_b': 2.788681037423117, 'gpp_d': 0.17638479543546878, 'ign_k': 0.0012663923057989628, 'ign_c': 105.24574681335613, 'trop_agb_crit': 2.1775224101934065, 'trop_k_veg': 0.6189606672462583, 'fuel_k': 0.08872338014306087, 'fuel_half': 0.30455368715396786}.
[I 2026-08-14 14:16:12,175] Trial 518 finished with values: [-0.40574544782573074, 1.5620533300175765e-07] and parameters: {'k1': 0.0012329098365270509, 'D_low': 367.4904945305323, 'k2': 0.0009670857606743155, 'D_high': 316055.11434645514, 'fire_exp': 1.182396148413737, 'P_half': 7683.876502998063, 'pre_dampen_half': 0.03411860497758073, 'gpp_af': 0.0025511964576171086, 'gpp_b': 0.015382154459808445, 'gpp_d': 2.292633983096564, 'ign_k': 0.04380580767905655, 'ign_c': 105.24574681335613, 'trop_agb_crit': 2.1775224101934065, 'trop_k_veg': 2.417028380770307, 'fuel_k': 0.28630931797361614, 'fuel_half': 12.136386887218588}.
[I 2026-08-14 14:16:14,077] Trial 519 finished with values: [-0.4089761135406137, 1.4632397801195296e-05] and parameters: {'k1': 5.325873749322162e-05, 'D_low': 35.16392386455341, 'k2': 1.3243445838637965e-05, 'D_high': 160625.60954780428, 'fire_exp': 1.7973831035976209, 'P_half': 1938.3858782150498, 'pre_dampen_half': 0.03333029838740256, 'gpp_af': 0.07961191926812566, 'gpp_b': 0.07311344697279921, 'gpp_d': 3.0023172465753074, 'ign_k': 0.04380580767905655, 'ign_c': 3.0378658251922155, 'trop_agb_crit': 15.53776736258787, 'trop_k_veg': 3.1061628445647007, 'fuel_k': 0.013421538374693755, 'fuel_half': 0.30455368715396786}.
[I 2026-08-14 14:16:16,259] Trial 520 finished with values: [-0.4052390485121012, 3.643759147320402e-05] and parameters: {'k1': 0.0003938139750079106, 'D_low': 3735.16768760467, 'k2': 0.00209261568837867, 'D_high': 15907.988939621297, 'fire_exp': 2.1589564941849333, 'P_half': 1440.3650379563878, 'pre_dampen_half': 0.0195172246414495, 'gpp_af': 0.008983355849178878, 'gpp_b': 1.6569065206637924e-05, 'gpp_d': 2.292633983096564, 'ign_k': 0.0012087541473056963, 'ign_c': 0.7464754881442118, 'trop_agb_crit': 16.967533607196547, 'trop_k_veg': 2.417028380770307, 'fuel_k': 0.28630931797361614, 'fuel_half': 12.136386887218588}.
[I 2026-08-14 14:16:18,168] Trial 521 finished with values: [-0.44467302912062856, 0.003948620361575617] and parameters: {'k1': 0.0029707920514735983, 'D_low': 3735.16768760467, 'k2': 1.915468390724633e-05, 'D_high': 160625.60954780428, 'fire_exp': 1.9439887028475722, 'P_half': 270.15957920129443, 'pre_dampen_half': 0.10609580257119508, 'gpp_af': 0.0023751383317256927, 'gpp_b': 6.0327793441162e-05, 'gpp_d': 11.40961991569626, 'ign_k': 1.07907786430243, 'ign_c': 0.3296550135838091, 'trop_agb_crit': 15.870971677383487, 'trop_k_veg': 2.8224577471047865, 'fuel_k': 0.7156083490235491, 'fuel_half': 0.3995528014939306}.
[I 2026-08-14 14:16:20,075] Trial 522 finished with values: [-0.40657275638242246, 1.9018627314126846e-06] and parameters: {'k1': 1.0477226564098276e-05, 'D_low': 105.0448464633852, 'k2': 0.00019472216066157317, 'D_high': 160625.60954780428, 'fire_exp': 2.1589564941849333, 'P_half': 1440.3650379563878, 'pre_dampen_half': 0.03426913908389044, 'gpp_af': 0.16983565276584273, 'gpp_b': 0.040428727350273294, 'gpp_d': 0.08139347272614299, 'ign_k': 0.03141110271934876, 'ign_c': 0.7464754881442118, 'trop_agb_crit': 16.86264052240002, 'trop_k_veg': 7.260694958828215, 'fuel_k': 0.02496045629458217, 'fuel_half': 35.2847426865637}.
[I 2026-08-14 14:16:22,005] Trial 523 finished with values: [-0.3905058319632039, 1.976520835889062e-09] and parameters: {'k1': 0.0029282035181080004, 'D_low': 367.4904945305323, 'k2': 0.011469197890812934, 'D_high': 39079.671568228776, 'fire_exp': 1.6733848721157607, 'P_half': 1938.3858782150498, 'pre_dampen_half': 0.043181981126981975, 'gpp_af': 0.008983355849178878, 'gpp_b': 2.788681037423117, 'gpp_d': 16.460426816350523, 'ign_k': 0.04380580767905655, 'ign_c': 15.221840161091626, 'trop_agb_crit': 2.1775224101934065, 'trop_k_veg': 0.6921865222804094, 'fuel_k': 5.486054129200969, 'fuel_half': 27.4762346187747}.
[I 2026-08-14 14:16:23,834] Trial 524 finished with values: [-0.3554625854118624, 0.0] and parameters: {'k1': 0.00014888230597983555, 'D_low': 93.75345303884801, 'k2': 0.007455766613295631, 'D_high': 44.39648242927527, 'fire_exp': 1.9439887028475722, 'P_half': 351.2704726270846, 'pre_dampen_half': 0.0195172246414495, 'gpp_af': 0.34902252478382495, 'gpp_b': 6.0327793441162e-05, 'gpp_d': 599.2644014925409, 'ign_k': 1.07907786430243, 'ign_c': 105.24574681335613, 'trop_agb_crit': 16.967533607196547, 'trop_k_veg': 0.5259254914812883, 'fuel_k': 0.06382243375381637, 'fuel_half': 43.240425516201185}.
[I 2026-08-14 14:16:25,811] Trial 525 finished with values: [-0.37282387264104916, 1.0491306929871769e-06] and parameters: {'k1': 0.0004688858519834985, 'D_low': 70586.60227368641, 'k2': 1.263794633808287e-05, 'D_high': 1826.6972566585878, 'fire_exp': 1.2429193829348841, 'P_half': 119.9763911113096, 'pre_dampen_half': 0.10609580257119508, 'gpp_af': 0.0023751383317256927, 'gpp_b': 0.006752383987148558, 'gpp_d': 8.144272585223819, 'ign_k': 0.018707420137660268, 'ign_c': 107.49405395173389, 'trop_agb_crit': 16.967533607196547, 'trop_k_veg': 0.6898193780989617, 'fuel_k': 0.06382243375381637, 'fuel_half': 57.882001937752435}.
[I 2026-08-14 14:16:27,720] Trial 526 finished with values: [-0.5068733963454457, 0.04997740064549938] and parameters: {'k1': 6.068927406889472e-05, 'D_low': 126.11058927054879, 'k2': 2.5299503921303695e-05, 'D_high': 625838.668783032, 'fire_exp': 1.2429193829348841, 'P_half': 65.33684593224972, 'pre_dampen_half': 0.15144408538724474, 'gpp_af': 0.0010909739353103314, 'gpp_b': 2.325239859823921e-05, 'gpp_d': 17.273230592904202, 'ign_k': 0.31014294272127446, 'ign_c': 0.4213183643253957, 'trop_agb_crit': 1.8730954962803803, 'trop_k_veg': 4.844706510617515, 'fuel_k': 1.6630228777630973, 'fuel_half': 2.841639333505349}.
[I 2026-08-14 14:16:29,635] Trial 527 finished with values: [-0.402553280545715, 6.1712408815362e-06] and parameters: {'k1': 0.00040091494283268605, 'D_low': 2.0349553327469425, 'k2': 0.00019472216066157317, 'D_high': 316055.11434645514, 'fire_exp': 1.6214575867079866, 'P_half': 4.961134450191397, 'pre_dampen_half': 0.043181981126981975, 'gpp_af': 0.0023751383317256927, 'gpp_b': 0.08980754434235988, 'gpp_d': 309.13825046274377, 'ign_k': 1.07907786430243, 'ign_c': 0.21947742689197342, 'trop_agb_crit': 1.8730954962803803, 'trop_k_veg': 4.844706510617515, 'fuel_k': 0.011892598727815663, 'fuel_half': 0.5375846873770783}.
