[I 2026-06-10 19:25:56,369] Trial 259 finished with values: [10.290106948780283, 10.290106948780283] and parameters: {'k1': 0.006079905434073396, 'D_low': 43.2326421037033, 'k2': 0.0007731571570012607, 'D_high': 1817.0401889219124, 'fire_exp': 1.4690410989404576, 'P_half': 1.4551749476072258, 'pre_dampen_half': 903.3231300044874, 'gpp_af': 3.298293484806585, 'gpp_b': 0.006999112505425414, 'gpp_d': 1.0088237648985734, 'ign_k': 0.8945150807271531, 'ign_c': 7.832259769732471, 'trop_agb_crit': 2.1989086830950257, 'trop_k_veg': 5.453348988480011, 'fire_amp': 5.44779717154213}.
[I 2026-06-10 19:25:57,916] Trial 260 finished with values: [10.647286476721241, 10.647286476721241] and parameters: {'k1': 0.03820259936390116, 'D_low': 1074.940539517341, 'k2': 1.1049703024154134e-05, 'D_high': 41833.85682146036, 'fire_exp': 1.9365919987098117, 'P_half': 18.93453091519153, 'pre_dampen_half': 562.7426550259207, 'gpp_af': 1.9706963379095486, 'gpp_b': 0.027582100003239053, 'gpp_d': 12.151631524283598, 'ign_k': 0.00840038491455979, 'ign_c': 1.488823059798356, 'trop_agb_crit': 1.0693376406863295, 'trop_k_veg': 3.226732148133099, 'fire_amp': 4.19233232783727}.
[I 2026-06-10 19:25:59,398] Trial 261 finished with values: [10.69383972339157, 10.69383972339157] and parameters: {'k1': 0.08409006963311547, 'D_low': 236.79352040223893, 'k2': 0.02065142557895925, 'D_high': 48235.58283024493, 'fire_exp': 1.2060040899560858, 'P_half': 2.226799690893868, 'pre_dampen_half': 9.044346216330972, 'gpp_af': 0.060029341913968644, 'gpp_b': 2.800940363375676e-05, 'gpp_d': 14.427333163005196, 'ign_k': 0.06219881174029358, 'ign_c': 1.488823059798356, 'trop_agb_crit': 1.0189592979395135, 'trop_k_veg': 4.796046723963646, 'fire_amp': 3.102033517490054}.
[I 2026-06-10 19:26:00,914] Trial 262 finished with values: [10.5973091842203, 10.5973091842203] and parameters: {'k1': 0.0869690639641868, 'D_low': 1.605843632310088, 'k2': 0.02065142557895925, 'D_high': 48235.58283024493, 'fire_exp': 1.9095652801045373, 'P_half': 10.94496366796197, 'pre_dampen_half': 4.603480758878793, 'gpp_af': 0.016306190741524337, 'gpp_b': 0.0004125336560355494, 'gpp_d': 0.7698760608299932, 'ign_k': 0.0029519227433917453, 'ign_c': 0.6235377135673155, 'trop_agb_crit': 2.0527418919564324, 'trop_k_veg': 2.520089655463604, 'fire_amp': 2.6192385880432525}.
[I 2026-06-10 19:26:02,463] Trial 263 finished with values: [10.12408636402936, 10.12408636402936] and parameters: {'k1': 0.012840669372724958, 'D_low': 50.32059347286801, 'k2': 0.0001280886335404798, 'D_high': 20103.283734409175, 'fire_exp': 1.264103030891254, 'P_half': 5.4712187293420325, 'pre_dampen_half': 121.93011993958949, 'gpp_af': 0.004409093791567215, 'gpp_b': 0.0015782327810795573, 'gpp_d': 0.47379914349407487, 'ign_k': 0.03845635122720663, 'ign_c': 0.773448215664679, 'trop_agb_crit': 8.639792249596399, 'trop_k_veg': 0.7808079158649266, 'fire_amp': 3.8500040010232275}.
[I 2026-06-10 19:26:03,932] Trial 264 finished with values: [-0.31225705375805035, 0.9575608931279141] and parameters: {'k1': 0.00026539376439360527, 'D_low': 1074.940539517341, 'k2': 0.0001280886335404798, 'D_high': 42210.21267871043, 'fire_exp': 1.0601964743503993, 'P_half': 12.262543158860007, 'pre_dampen_half': 189.36639872354493, 'gpp_af': 0.07118041471054574, 'gpp_b': 1.4008921101492135e-05, 'gpp_d': 0.1619054449471649, 'ign_k': 0.00840038491455979, 'ign_c': 7.081721844034206, 'trop_agb_crit': 2.0527418919564324, 'trop_k_veg': 1.6648666152166967, 'fire_amp': 1.5719333351012774}.
[I 2026-06-10 19:26:05,390] Trial 265 finished with values: [10.832621534254892, 10.832621534254892] and parameters: {'k1': 0.0014452451441203328, 'D_low': 5.08290658294838, 'k2': 0.02065142557895925, 'D_high': 48235.58283024493, 'fire_exp': 1.233919071594971, 'P_half': 18.93453091519153, 'pre_dampen_half': 79.2915624488668, 'gpp_af': 56.62858823465573, 'gpp_b': 2.800940363375676e-05, 'gpp_d': 14.427333163005196, 'ign_k': 0.06219881174029358, 'ign_c': 1.488823059798356, 'trop_agb_crit': 1.0189592979395135, 'trop_k_veg': 4.796046723963646, 'fire_amp': 2.6192385880432525}.
[I 2026-06-10 19:26:06,967] Trial 266 finished with values: [10.508042669392298, 10.508042669392298] and parameters: {'k1': 0.03820259936390116, 'D_low': 1074.940539517341, 'k2': 3.152468275632564e-05, 'D_high': 48235.58283024493, 'fire_exp': 1.14171776851287, 'P_half': 12.262543158860007, 'pre_dampen_half': 189.36639872354493, 'gpp_af': 1.9706963379095486, 'gpp_b': 2.800940363375676e-05, 'gpp_d': 46.010874324515754, 'ign_k': 0.00840038491455979, 'ign_c': 0.10435856341129002, 'trop_agb_crit': 1.0693376406863295, 'trop_k_veg': 0.6618107836658104, 'fire_amp': 4.19233232783727}.
[I 2026-06-10 19:26:08,513] Trial 267 finished with values: [10.052930826200571, 10.052930826200571] and parameters: {'k1': 5.7909642338812115e-05, 'D_low': 2186.356344942016, 'k2': 0.0007731571570012607, 'D_high': 1817.0401889219124, 'fire_exp': 1.111738490499784, 'P_half': 1.4551749476072258, 'pre_dampen_half': 189.36639872354493, 'gpp_af': 3.298293484806585, 'gpp_b': 0.002416023630607169, 'gpp_d': 7.631016235941559, 'ign_k': 0.8945150807271531, 'ign_c': 2.2882309479728957, 'trop_agb_crit': 1.438876022196885, 'trop_k_veg': 5.453348988480011, 'fire_amp': 2.042193818779288}.
[I 2026-06-10 19:26:10,038] Trial 268 finished with values: [10.469403567186768, 10.469403567186768] and parameters: {'k1': 0.012840669372724958, 'D_low': 171.2446447678494, 'k2': 0.003767022142229395, 'D_high': 431.45617043093523, 'fire_exp': 1.0601964743503993, 'P_half': 4.213183643253957, 'pre_dampen_half': 38.00678588560607, 'gpp_af': 14.161176080022173, 'gpp_b': 0.0012749409641020352, 'gpp_d': 14.427333163005196, 'ign_k': 0.0029519227433917453, 'ign_c': 48.704711413416454, 'trop_agb_crit': 1.0693376406863295, 'trop_k_veg': 5.636143940068465, 'fire_amp': 4.19233232783727}.
[I 2026-06-10 19:26:11,590] Trial 269 finished with values: [10.585421714019557, 10.585421714019557] and parameters: {'k1': 5.7909642338812115e-05, 'D_low': 1216.4139351417061, 'k2': 1.1049703024154134e-05, 'D_high': 30.357607606785333, 'fire_exp': 1.305777134899723, 'P_half': 18.93453091519153, 'pre_dampen_half': 562.7426550259207, 'gpp_af': 6.384685545228285, 'gpp_b': 0.027582100003239053, 'gpp_d': 14.427333163005196, 'ign_k': 0.06219881174029358, 'ign_c': 0.4177928311636542, 'trop_agb_crit': 3.058280993112277, 'trop_k_veg': 3.226732148133099, 'fire_amp': 1.147839669817869}.
[I 2026-06-10 19:26:13,145] Trial 270 finished with values: [10.267592397674587, 10.267592397674587] and parameters: {'k1': 0.012840669372724958, 'D_low': 37.13474360443033, 'k2': 0.0011135501184757278, 'D_high': 42210.21267871043, 'fire_exp': 1.2344878997299724, 'P_half': 61.6097529474144, 'pre_dampen_half': 4.603480758878793, 'gpp_af': 5.470750401264765, 'gpp_b': 0.0004125336560355494, 'gpp_d': 0.7698760608299932, 'ign_k': 3.965503094323014, 'ign_c': 1.9423015749984096, 'trop_agb_crit': 6.351751286408562, 'trop_k_veg': 2.520089655463604, 'fire_amp': 1.2393473789150806}.
[I 2026-06-10 19:26:14,822] Trial 271 finished with values: [10.797815975002996, 10.797815975002996] and parameters: {'k1': 0.0001887567630782227, 'D_low': 146.24004590125713, 'k2': 0.02065142557895925, 'D_high': 1266.9536563782303, 'fire_exp': 1.9095652801045373, 'P_half': 61.6097529474144, 'pre_dampen_half': 4.603480758878793, 'gpp_af': 0.016306190741524337, 'gpp_b': 5.0875243087016374e-05, 'gpp_d': 47.35384181058586, 'ign_k': 0.0029519227433917453, 'ign_c': 0.6235377135673155, 'trop_agb_crit': 2.0527418919564324, 'trop_k_veg': 2.520089655463604, 'fire_amp': 1.4475279918261055}.
[I 2026-06-10 19:26:16,469] Trial 272 finished with values: [-0.3084542786743619, 0.9908853517884756] and parameters: {'k1': 0.0869690639641868, 'D_low': 50.32059347286801, 'k2': 0.0001280886335404798, 'D_high': 41833.85682146036, 'fire_exp': 1.264103030891254, 'P_half': 5.4712187293420325, 'pre_dampen_half': 9.044346216330972, 'gpp_af': 56.62858823465573, 'gpp_b': 0.00013164432569139702, 'gpp_d': 0.26636419343091605, 'ign_k': 0.00660597889201953, 'ign_c': 0.773448215664679, 'trop_agb_crit': 21.086120736447015, 'trop_k_veg': 6.825463866194253, 'fire_amp': 5.615047466686494}.
[I 2026-06-10 19:26:18,065] Trial 273 finished with values: [10.222226108237086, 10.222226108237086] and parameters: {'k1': 0.012840669372724958, 'D_low': 16.480446427978972, 'k2': 0.0001280886335404798, 'D_high': 48235.58283024493, 'fire_exp': 1.811096651915224, 'P_half': 118.94665366442581, 'pre_dampen_half': 9.044346216330972, 'gpp_af': 10.25616274847308, 'gpp_b': 0.0015782327810795573, 'gpp_d': 0.4742269251269962, 'ign_k': 0.9419612235978201, 'ign_c': 0.6235377135673155, 'trop_agb_crit': 2.100813292597435, 'trop_k_veg': 0.7808079158649266, 'fire_amp': 2.6192385880432525}.
[I 2026-06-10 19:26:19,637] Trial 274 finished with values: [10.388375003375284, 10.388375003375284] and parameters: {'k1': 0.03820259936390116, 'D_low': 23.307122788234057, 'k2': 0.0001280886335404798, 'D_high': 41833.85682146036, 'fire_exp': 4.291626251159958, 'P_half': 5.4712187293420325, 'pre_dampen_half': 4.603480758878793, 'gpp_af': 56.62858823465573, 'gpp_b': 0.00013164432569139702, 'gpp_d': 0.26636419343091605, 'ign_k': 3.965503094323014, 'ign_c': 0.773448215664679, 'trop_agb_crit': 6.351751286408562, 'trop_k_veg': 2.520089655463604, 'fire_amp': 3.890668402773863}.
[I 2026-06-10 19:26:21,206] Trial 275 finished with values: [12.386159037823662, 12.386159037823662] and parameters: {'k1': 0.05347027553411487, 'D_low': 1.605843632310088, 'k2': 0.018467059900514494, 'D_high': 48235.58283024493, 'fire_exp': 1.9136159174067866, 'P_half': 70.91190338709636, 'pre_dampen_half': 269.0845367054866, 'gpp_af': 27.448645214004376, 'gpp_b': 2.800940363375676e-05, 'gpp_d': 47.35384181058586, 'ign_k': 3.965503094323014, 'ign_c': 1.3431925993528124, 'trop_agb_crit': 3.058280993112277, 'trop_k_veg': 0.6618107836658104, 'fire_amp': 3.0602124456299986}.
[I 2026-06-10 19:26:22,966] Trial 276 finished with values: [10.432716364959242, 10.432716364959242] and parameters: {'k1': 2.570626095678496e-05, 'D_low': 16.480446427978972, 'k2': 0.0001280886335404798, 'D_high': 20103.283734409175, 'fire_exp': 1.811096651915224, 'P_half': 5.4712187293420325, 'pre_dampen_half': 121.93011993958949, 'gpp_af': 0.004409093791567215, 'gpp_b': 0.0015782327810795573, 'gpp_d': 0.47379914349407487, 'ign_k': 0.9419612235978201, 'ign_c': 7.081721844034206, 'trop_agb_crit': 2.100813292597435, 'trop_k_veg': 0.7808079158649266, 'fire_amp': 3.8500040010232275}.
[I 2026-06-10 19:26:24,477] Trial 277 finished with values: [10.723496658919599, 10.723496658919599] and parameters: {'k1': 0.0001887567630782227, 'D_low': 2267.735223551285, 'k2': 0.019383858782150494, 'D_high': 949.9072859745386, 'fire_exp': 1.14171776851287, 'P_half': 2.226799690893868, 'pre_dampen_half': 1.8469033699850426, 'gpp_af': 0.005061568304359487, 'gpp_b': 0.004411400434514031, 'gpp_d': 1.4397852866783676, 'ign_k': 1.6270983114897255, 'ign_c': 1.364908766641693, 'trop_agb_crit': 3.430044314610246, 'trop_k_veg': 0.6618107836658104, 'fire_amp': 3.1045399027418377}.
[I 2026-06-10 19:26:26,035] Trial 278 finished with values: [10.832747444548334, 10.832747444548334] and parameters: {'k1': 0.03648456083047798, 'D_low': 1.7551403048208316, 'k2': 0.005204862686958021, 'D_high': 42210.21267871043, 'fire_exp': 8.654231079054446, 'P_half': 61.6097529474144, 'pre_dampen_half': 4.847666216751353, 'gpp_af': 0.07302012718529301, 'gpp_b': 0.001674375583895437, 'gpp_d': 1.4397852866783676, 'ign_k': 0.0032383308053152635, 'ign_c': 7.081721844034206, 'trop_agb_crit': 1.456074715900995, 'trop_k_veg': 2.99731137426955, 'fire_amp': 2.7806853670293616}.
[I 2026-06-10 19:26:27,587] Trial 279 finished with values: [10.71384133106607, 10.71384133106607] and parameters: {'k1': 0.00026539376439360527, 'D_low': 50.32059347286801, 'k2': 0.0001280886335404798, 'D_high': 21.095259085905752, 'fire_exp': 1.1633452995374232, 'P_half': 7.598586431588784, 'pre_dampen_half': 1.8469033699850426, 'gpp_af': 56.62858823465573, 'gpp_b': 0.00013164432569139702, 'gpp_d': 0.26636419343091605, 'ign_k': 0.03845635122720663, 'ign_c': 0.773448215664679, 'trop_agb_crit': 1.2489332852689512, 'trop_k_veg': 2.1406449943451844, 'fire_amp': 3.890668402773863}.
[I 2026-06-10 19:26:29,146] Trial 280 finished with values: [10.41781572023072, 10.41781572023072] and parameters: {'k1': 5.7909642338812115e-05, 'D_low': 1.4002277211577039, 'k2': 0.0007731571570012607, 'D_high': 1266.9536563782303, 'fire_exp': 1.111738490499784, 'P_half': 564.3426708406568, 'pre_dampen_half': 189.36639872354493, 'gpp_af': 3.298293484806585, 'gpp_b': 0.006999112505425414, 'gpp_d': 1.0088237648985734, 'ign_k': 0.09256855841989636, 'ign_c': 7.832259769732471, 'trop_agb_crit': 1.8023542850487386, 'trop_k_veg': 5.453348988480011, 'fire_amp': 5.44779717154213}.
[I 2026-06-10 19:26:30,721] Trial 281 finished with values: [11.0830168955418, 11.0830168955418] and parameters: {'k1': 0.012840669372724958, 'D_low': 16.480446427978972, 'k2': 1.8678768363332442e-05, 'D_high': 20103.283734409175, 'fire_exp': 1.233919071594971, 'P_half': 5.4712187293420325, 'pre_dampen_half': 189.88136301569827, 'gpp_af': 14.161176080022173, 'gpp_b': 0.0015782327810795573, 'gpp_d': 0.47379914349407487, 'ign_k': 0.9419612235978201, 'ign_c': 7.081721844034206, 'trop_agb_crit': 3.058280993112277, 'trop_k_veg': 0.7808079158649266, 'fire_amp': 5.831305332032283}.
[I 2026-06-10 19:26:32,245] Trial 282 finished with values: [10.625660504051403, 10.625660504051403] and parameters: {'k1': 0.0001599021369655865, 'D_low': 236.79352040223893, 'k2': 0.006802810205786726, 'D_high': 6682.9607218310075, 'fire_exp': 1.2060040899560858, 'P_half': 2.226799690893868, 'pre_dampen_half': 269.0845367054866, 'gpp_af': 5.470750401264765, 'gpp_b': 0.049565458633074926, 'gpp_d': 47.35384181058586, 'ign_k': 3.965503094323014, 'ign_c': 1.3431925993528124, 'trop_agb_crit': 1.456074715900995, 'trop_k_veg': 4.0068236274914755, 'fire_amp': 2.7806853670293616}.
[I 2026-06-10 19:26:33,785] Trial 283 finished with values: [10.709693001955316, 10.709693001955316] and parameters: {'k1': 0.00026539376439360527, 'D_low': 1074.940539517341, 'k2': 0.02065142557895925, 'D_high': 267.3088310781672, 'fire_exp': 1.111738490499784, 'P_half': 157.3644610977214, 'pre_dampen_half': 1.8469033699850426, 'gpp_af': 1.9706963379095486, 'gpp_b': 0.5903603324157484, 'gpp_d': 14.427333163005196, 'ign_k': 0.8945150807271531, 'ign_c': 0.4177928311636542, 'trop_agb_crit': 8.0091368834625, 'trop_k_veg': 1.6003641872536711, 'fire_amp': 4.472176921013167}.
[I 2026-06-10 19:26:35,267] Trial 284 finished with values: [10.514811033645405, 10.514811033645405] and parameters: {'k1': 0.03820259936390116, 'D_low': 408.3047491580097, 'k2': 0.02065142557895925, 'D_high': 48235.58283024493, 'fire_exp': 1.7505406131449859, 'P_half': 96.70857606743157, 'pre_dampen_half': 0.058813839452486964, 'gpp_af': 27.448645214004376, 'gpp_b': 0.002416023630607169, 'gpp_d': 21.899070557043984, 'ign_k': 0.06219881174029358, 'ign_c': 0.6235377135673155, 'trop_agb_crit': 3.058280993112277, 'trop_k_veg': 0.6618107836658104, 'fire_amp': 2.6192385880432525}.
[I 2026-06-10 19:26:36,845] Trial 285 finished with values: [10.669314592645287, 10.669314592645287] and parameters: {'k1': 0.006079905434073396, 'D_low': 12.105387404469584, 'k2': 0.0007731571570012607, 'D_high': 1817.0401889219124, 'fire_exp': 1.0601964743503993, 'P_half': 1.859526645713404, 'pre_dampen_half': 253.71947027764784, 'gpp_af': 0.8144272585223832, 'gpp_b': 0.00047819318414852577, 'gpp_d': 1.0088237648985734, 'ign_k': 0.0029519227433917453, 'ign_c': 39.52220881906114, 'trop_agb_crit': 12.647327018493208, 'trop_k_veg': 0.6618107836658104, 'fire_amp': 5.606809127618709}.
[I 2026-06-10 19:26:38,433] Trial 286 finished with values: [10.563340921309155, 10.563340921309155] and parameters: {'k1': 0.0002418422795847161, 'D_low': 2267.735223551285, 'k2': 1.1417577140741129e-05, 'D_high': 431.45617043093523, 'fire_exp': 1.14171776851287, 'P_half': 12.262543158860007, 'pre_dampen_half': 9.044346216330972, 'gpp_af': 1.9706963379095486, 'gpp_b': 1.4540386644083135e-05, 'gpp_d': 0.4742269251269962, 'ign_k': 0.00840038491455979, 'ign_c': 0.10435856341129002, 'trop_agb_crit': 8.188098178380693, 'trop_k_veg': 0.6618107836658104, 'fire_amp': 2.6192385880432525}.
[I 2026-06-10 19:26:39,944] Trial 287 finished with values: [10.15217537663175, 10.15217537663175] and parameters: {'k1': 0.004177995063991521, 'D_low': 24.28756508761176, 'k2': 1.1417577140741129e-05, 'D_high': 6682.9607218310075, 'fire_exp': 1.2060040899560858, 'P_half': 2.226799690893868, 'pre_dampen_half': 189.36639872354493, 'gpp_af': 3.030008727251782, 'gpp_b': 0.05314875633348467, 'gpp_d': 7.631016235941559, 'ign_k': 0.09256855841989636, 'ign_c': 7.832259769732471, 'trop_agb_crit': 1.1683326952092081, 'trop_k_veg': 5.453348988480011, 'fire_amp': 2.042193818779288}.
[I 2026-06-10 19:26:41,453] Trial 288 finished with values: [10.83333333328067, 10.83333333328067] and parameters: {'k1': 0.006079905434073396, 'D_low': 3063.001606653078, 'k2': 0.0007731571570012607, 'D_high': 1817.0401889219124, 'fire_exp': 1.111738490499784, 'P_half': 157.3644610977214, 'pre_dampen_half': 38.00678588560607, 'gpp_af': 1.9998014714101113, 'gpp_b': 0.00047819318414852577, 'gpp_d': 525.1661172395181, 'ign_k': 0.8945150807271531, 'ign_c': 783.3500522138154, 'trop_agb_crit': 1.0693376406863295, 'trop_k_veg': 1.6003641872536711, 'fire_amp': 4.472176921013167}.
[I 2026-06-10 19:26:43,123] Trial 289 finished with values: [10.496266596959021, 10.496266596959021] and parameters: {'k1': 0.0869690639641868, 'D_low': 1.7551403048208316, 'k2': 0.0001280886335404798, 'D_high': 42210.21267871043, 'fire_exp': 1.9095652801045373, 'P_half': 118.94665366442581, 'pre_dampen_half': 121.93011993958949, 'gpp_af': 10.25616274847308, 'gpp_b': 2.800940363375676e-05, 'gpp_d': 0.4742269251269962, 'ign_k': 0.002357279455676982, 'ign_c': 7.081721844034206, 'trop_agb_crit': 1.0189592979395135, 'trop_k_veg': 2.520089655463604, 'fire_amp': 2.6192385880432525}.
[I 2026-06-10 19:26:44,721] Trial 290 finished with values: [10.570131814643306, 10.570131814643306] and parameters: {'k1': 0.0869690639641868, 'D_low': 7507.777979297807, 'k2': 0.02065142557895925, 'D_high': 48235.58283024493, 'fire_exp': 1.111738490499784, 'P_half': 96.70857606743157, 'pre_dampen_half': 1.6130673726933187, 'gpp_af': 3.030008727251782, 'gpp_b': 2.800940363375676e-05, 'gpp_d': 7.631016235941559, 'ign_k': 1.6270983114897255, 'ign_c': 0.6235377135673155, 'trop_agb_crit': 3.058280993112277, 'trop_k_veg': 1.6648666152166967, 'fire_amp': 2.042193818779288}.
[I 2026-06-10 19:26:46,216] Trial 291 finished with values: [-0.7459864106822296, 0.3993132553066224] and parameters: {'k1': 0.03648456083047798, 'D_low': 50.32059347286801, 'k2': 0.005204862686958021, 'D_high': 42210.21267871043, 'fire_exp': 1.1633452995374232, 'P_half': 996.7983879709292, 'pre_dampen_half': 1.8469033699850426, 'gpp_af': 0.07302012718529301, 'gpp_b': 0.00036184510553922684, 'gpp_d': 1.4397852866783676, 'ign_k': 0.13500744867919376, 'ign_c': 0.33139424373451987, 'trop_agb_crit': 3.1419938725278875, 'trop_k_veg': 2.99731137426955, 'fire_amp': 5.44779717154213}.
[I 2026-06-10 19:26:47,661] Trial 292 finished with values: [10.269274394657296, 10.269274394657296] and parameters: {'k1': 0.03648456083047798, 'D_low': 1.7551403048208316, 'k2': 0.005204862686958021, 'D_high': 32311.521854410956, 'fire_exp': 1.6901885781909627, 'P_half': 5.4712187293420325, 'pre_dampen_half': 4.847666216751353, 'gpp_af': 0.07302012718529301, 'gpp_b': 1.1008110571039521e-05, 'gpp_d': 0.1619054449471649, 'ign_k': 0.0032383308053152635, 'ign_c': 7.081721844034206, 'trop_agb_crit': 1.2489332852689512, 'trop_k_veg': 2.99731137426955, 'fire_amp': 2.7556562114998226}.
[I 2026-06-10 19:26:49,122] Trial 293 finished with values: [10.704792451754729, 10.704792451754729] and parameters: {'k1': 0.006079905434073396, 'D_low': 1079.0778643024298, 'k2': 0.045914852167405346, 'D_high': 16780.50857913099, 'fire_exp': 1.7792742686803427, 'P_half': 157.80309954142965, 'pre_dampen_half': 253.71947027764784, 'gpp_af': 0.09885838682552685, 'gpp_b': 0.00047819318414852577, 'gpp_d': 12.338826503601998, 'ign_k': 0.0029519227433917453, 'ign_c': 39.52220881906114, 'trop_agb_crit': 8.0091368834625, 'trop_k_veg': 1.6003641872536711, 'fire_amp': 1.5587346124822492}.
[I 2026-06-10 19:26:50,603] Trial 294 finished with values: [10.521770034315834, 10.521770034315834] and parameters: {'k1': 0.006079905434073396, 'D_low': 1.7551403048208316, 'k2': 1.1417577140741129e-05, 'D_high': 16780.50857913099, 'fire_exp': 1.7792742686803427, 'P_half': 12.262543158860007, 'pre_dampen_half': 16.009350908593582, 'gpp_af': 3.030008727251782, 'gpp_b': 0.00047819318414852577, 'gpp_d': 12.338826503601998, 'ign_k': 0.09256855841989636, 'ign_c': 7.081721844034206, 'trop_agb_crit': 8.0091368834625, 'trop_k_veg': 1.6648666152166967, 'fire_amp': 1.5587346124822492}.
[I 2026-06-10 19:26:52,138] Trial 295 finished with values: [10.528417415799835, 10.528417415799835] and parameters: {'k1': 5.7909642338812115e-05, 'D_low': 12.105387404469584, 'k2': 3.152468275632564e-05, 'D_high': 12.541447539026084, 'fire_exp': 1.14171776851287, 'P_half': 1.226010546471291, 'pre_dampen_half': 0.058813839452486964, 'gpp_af': 3.298293484806585, 'gpp_b': 0.002416023630607169, 'gpp_d': 21.899070557043984, 'ign_k': 0.09256855841989636, 'ign_c': 0.6235377135673155, 'trop_agb_crit': 8.188098178380693, 'trop_k_veg': 6.825463866194253, 'fire_amp': 5.44779717154213}.
