[I 2026-06-11 13:13:23,398] Trial 620 finished with values: [12.080281077752314, 12.080281077752314] and parameters: {'k1': 0.003968136435370146, 'D_low': 236.79352040223893, 'k2': 0.003767022142229395, 'D_high': 6682.9607218310075, 'fire_exp': 1.1593349727271403, 'P_half': 8.318314747941244, 'pre_dampen_half': 269.0845367054866, 'gpp_af': 1.9706963379095486, 'gpp_b': 0.049565458633074926, 'gpp_d': 47.35384181058586, 'ign_k': 0.00840038491455979, 'ign_c': 21.275785720135406, 'trop_agb_crit': 2.49652474515731, 'trop_k_veg': 3.4439936249445045, 'fire_amp': 1.5719333351012774}.
[I 2026-06-11 13:13:24,333] Trial 621 finished with values: [10.399519972416586, 10.399519972416586] and parameters: {'k1': 0.08409006963311547, 'D_low': 1.4002277211577039, 'k2': 0.045914852167405346, 'D_high': 6682.9607218310075, 'fire_exp': 1.0420149135640993, 'P_half': 1265.0580856641704, 'pre_dampen_half': 30.456909077772018, 'gpp_af': 0.008117091133892173, 'gpp_b': 0.0036065155862388338, 'gpp_d': 47.35384181058586, 'ign_k': 0.09256855841989636, 'ign_c': 29.690870944846793, 'trop_agb_crit': 8.0091368834625, 'trop_k_veg': 3.4439936249445045, 'fire_amp': 3.102033517490054}.
[I 2026-06-11 13:13:25,249] Trial 622 finished with values: [-0.7205218497750316, 0.03449441820637] and parameters: {'k1': 0.08409006963311547, 'D_low': 236.79352040223893, 'k2': 0.045914852167405346, 'D_high': 32311.521854410956, 'fire_exp': 1.41873960828944, 'P_half': 5.4712187293420325, 'pre_dampen_half': 30.456909077772018, 'gpp_af': 0.008117091133892173, 'gpp_b': 0.0036065155862388338, 'gpp_d': 47.35384181058586, 'ign_k': 0.09256855841989636, 'ign_c': 29.690870944846793, 'trop_agb_crit': 8.0091368834625, 'trop_k_veg': 3.4439936249445045, 'fire_amp': 3.102033517490054}.
[I 2026-06-11 13:13:26,158] Trial 623 finished with values: [10.048262815430187, 10.048262815430187] and parameters: {'k1': 0.003968136435370146, 'D_low': 1074.940539517341, 'k2': 7.639737756882014e-05, 'D_high': 18108.14362107968, 'fire_exp': 1.0601964743503993, 'P_half': 2.226799690893868, 'pre_dampen_half': 1.8469033699850426, 'gpp_af': 1.3954498518315706, 'gpp_b': 0.0012611058927054877, 'gpp_d': 47.35384181058586, 'ign_k': 0.0032383308053152635, 'ign_c': 7.832259769732471, 'trop_agb_crit': 3.438084743887884, 'trop_k_veg': 1.6648666152166967, 'fire_amp': 2.7806853670293616}.
[I 2026-06-11 13:13:27,049] Trial 624 finished with values: [14.289878992622047, 14.289878992622047] and parameters: {'k1': 0.05466937478766084, 'D_low': 236.79352040223893, 'k2': 0.005204862686958021, 'D_high': 69868.4759244566, 'fire_exp': 1.1593349727271403, 'P_half': 2.226799690893868, 'pre_dampen_half': 269.0845367054866, 'gpp_af': 0.05729456628445246, 'gpp_b': 0.001674375583895437, 'gpp_d': 1.336803341156552, 'ign_k': 0.0032383308053152635, 'ign_c': 23.422386257929038, 'trop_agb_crit': 2.49652474515731, 'trop_k_veg': 4.0068236274914755, 'fire_amp': 2.7806853670293616}.
[I 2026-06-11 13:13:27,940] Trial 625 finished with values: [10.502941434906072, 10.502941434906072] and parameters: {'k1': 6.784924519083143e-05, 'D_low': 2.5449737887285035, 'k2': 1.1417577140741129e-05, 'D_high': 252.84086172415604, 'fire_exp': 1.4848387260494937, 'P_half': 12.280874862135363, 'pre_dampen_half': 170.71098124594695, 'gpp_af': 42.29037995744429, 'gpp_b': 0.00012118589392553798, 'gpp_d': 1.4397852866783676, 'ign_k': 0.012480180965117606, 'ign_c': 0.22592797420156951, 'trop_agb_crit': 1.3063813396521713, 'trop_k_veg': 4.989748894578724, 'fire_amp': 4.1162797330133705}.
[I 2026-06-11 13:13:28,823] Trial 626 finished with values: [-0.6144760680669714, 0.18570369251522179] and parameters: {'k1': 0.0008779848797373387, 'D_low': 236.79352040223893, 'k2': 0.02939607009739149, 'D_high': 6682.9607218310075, 'fire_exp': 1.2060040899560858, 'P_half': 2.226799690893868, 'pre_dampen_half': 4.847666216751353, 'gpp_af': 0.060029341913968644, 'gpp_b': 0.001674375583895437, 'gpp_d': 545.0253444559129, 'ign_k': 0.0032383308053152635, 'ign_c': 23.422386257929038, 'trop_agb_crit': 5.588032458772675, 'trop_k_veg': 2.99731137426955, 'fire_amp': 1.5180207449214471}.
[I 2026-06-11 13:13:29,929] Trial 627 finished with values: [11.462228168309395, 11.462228168309395] and parameters: {'k1': 0.08409006963311547, 'D_low': 1.4002277211577039, 'k2': 0.019383858782150494, 'D_high': 6682.9607218310075, 'fire_exp': 1.41873960828944, 'P_half': 2.226799690893868, 'pre_dampen_half': 4.847666216751353, 'gpp_af': 0.060029341913968644, 'gpp_b': 0.0036065155862388338, 'gpp_d': 94.19931479490882, 'ign_k': 0.09256855841989636, 'ign_c': 2.2489542843914485, 'trop_agb_crit': 5.588032458772675, 'trop_k_veg': 0.6488368931910606, 'fire_amp': 2.818314238665462}.
[I 2026-06-11 13:13:30,878] Trial 628 finished with values: [10.566007158190088, 10.566007158190088] and parameters: {'k1': 0.08006837661379566, 'D_low': 1074.940539517341, 'k2': 0.045914852167405346, 'D_high': 1266.9536563782303, 'fire_exp': 1.41873960828944, 'P_half': 5.4712187293420325, 'pre_dampen_half': 28.01075698398644, 'gpp_af': 1.3954498518315706, 'gpp_b': 0.12105864607844925, 'gpp_d': 94.19931479490882, 'ign_k': 3.6309591863459096, 'ign_c': 2.2489542843914485, 'trop_agb_crit': 12.9667438075127, 'trop_k_veg': 0.6488368931910606, 'fire_amp': 2.7806853670293616}.
[I 2026-06-11 13:13:31,752] Trial 629 finished with values: [10.234559163007356, 10.234559163007356] and parameters: {'k1': 6.784924519083143e-05, 'D_low': 427.93836042014675, 'k2': 0.003767022142229395, 'D_high': 6682.9607218310075, 'fire_exp': 1.41873960828944, 'P_half': 8.318314747941244, 'pre_dampen_half': 16.009350908593582, 'gpp_af': 0.0065783822580709386, 'gpp_b': 0.001674375583895437, 'gpp_d': 34.18897529667503, 'ign_k': 0.00840038491455979, 'ign_c': 1.364908766641693, 'trop_agb_crit': 8.0091368834625, 'trop_k_veg': 0.5588127200017643, 'fire_amp': 1.5719333351012774}.
[I 2026-06-11 13:13:32,633] Trial 630 finished with values: [10.117628130102347, 10.117628130102347] and parameters: {'k1': 0.0008362695993649681, 'D_low': 1.4002277211577039, 'k2': 0.02065142557895925, 'D_high': 32311.521854410956, 'fire_exp': 1.1490848108902036, 'P_half': 1265.0580856641704, 'pre_dampen_half': 4.847666216751353, 'gpp_af': 0.41874665092828456, 'gpp_b': 0.0036065155862388338, 'gpp_d': 47.35384181058586, 'ign_k': 0.0032383308053152635, 'ign_c': 0.9736725715035878, 'trop_agb_crit': 8.0091368834625, 'trop_k_veg': 2.99731137426955, 'fire_amp': 3.102033517490054}.
[I 2026-06-11 13:13:33,514] Trial 631 finished with values: [10.454095237192739, 10.454095237192739] and parameters: {'k1': 6.784924519083143e-05, 'D_low': 13.012518385211498, 'k2': 0.0004976087827261435, 'D_high': 6682.9607218310075, 'fire_exp': 1.4848387260494937, 'P_half': 2.226799690893868, 'pre_dampen_half': 170.71098124594695, 'gpp_af': 0.060029341913968644, 'gpp_b': 0.001674375583895437, 'gpp_d': 12.338826503601998, 'ign_k': 0.0032383308053152635, 'ign_c': 1.364908766641693, 'trop_agb_crit': 8.0091368834625, 'trop_k_veg': 4.989748894578724, 'fire_amp': 1.5180207449214471}.
[I 2026-06-11 13:13:34,381] Trial 632 finished with values: [11.214523228375445, 11.214523228375445] and parameters: {'k1': 6.784924519083143e-05, 'D_low': 13.012518385211498, 'k2': 0.0004976087827261435, 'D_high': 22.636544662054543, 'fire_exp': 1.1593349727271403, 'P_half': 5.4712187293420325, 'pre_dampen_half': 170.71098124594695, 'gpp_af': 0.060029341913968644, 'gpp_b': 0.0036065155862388338, 'gpp_d': 0.1922572998567411, 'ign_k': 0.09256855841989636, 'ign_c': 0.22592797420156951, 'trop_agb_crit': 8.0091368834625, 'trop_k_veg': 4.989748894578724, 'fire_amp': 2.7556562114998226}.
[I 2026-06-11 13:13:35,272] Trial 633 finished with values: [10.613882449031118, 10.613882449031118] and parameters: {'k1': 0.03648456083047798, 'D_low': 1121.5915868662764, 'k2': 0.00037358626308127543, 'D_high': 6682.9607218310075, 'fire_exp': 1.2060040899560858, 'P_half': 93.43302657318476, 'pre_dampen_half': 4.847666216751353, 'gpp_af': 0.060029341913968644, 'gpp_b': 0.001674375583895437, 'gpp_d': 0.09467055845337147, 'ign_k': 0.0032383308053152635, 'ign_c': 39.52220881906114, 'trop_agb_crit': 12.647327018493208, 'trop_k_veg': 4.989748894578724, 'fire_amp': 1.5180207449214471}.
[I 2026-06-11 13:13:36,236] Trial 634 finished with values: [10.620616105191532, 10.620616105191532] and parameters: {'k1': 6.784924519083143e-05, 'D_low': 148.21691630007544, 'k2': 1.1417577140741129e-05, 'D_high': 6682.9607218310075, 'fire_exp': 1.811096651915224, 'P_half': 2.226799690893868, 'pre_dampen_half': 4.847666216751353, 'gpp_af': 0.060029341913968644, 'gpp_b': 0.006999112505425414, 'gpp_d': 545.0253444559129, 'ign_k': 3.6309591863459096, 'ign_c': 23.422386257929038, 'trop_agb_crit': 12.9667438075127, 'trop_k_veg': 4.0068236274914755, 'fire_amp': 3.211868494428654}.
[I 2026-06-11 13:13:37,110] Trial 635 finished with values: [10.458331448923124, 10.458331448923124] and parameters: {'k1': 0.03648456083047798, 'D_low': 148.21691630007544, 'k2': 0.003767022142229395, 'D_high': 6682.9607218310075, 'fire_exp': 1.2060040899560858, 'P_half': 2.226799690893868, 'pre_dampen_half': 0.26568345471341914, 'gpp_af': 0.060029341913968644, 'gpp_b': 0.001674375583895437, 'gpp_d': 12.338826503601998, 'ign_k': 0.0032383308053152635, 'ign_c': 1.364908766641693, 'trop_agb_crit': 8.0091368834625, 'trop_k_veg': 0.6673124511410327, 'fire_amp': 1.734275426324203}.
[I 2026-06-11 13:13:38,009] Trial 636 finished with values: [11.76649102844745, 11.76649102844745] and parameters: {'k1': 0.003968136435370146, 'D_low': 148.21691630007544, 'k2': 0.019383858782150494, 'D_high': 6682.9607218310075, 'fire_exp': 1.1593349727271403, 'P_half': 2.226799690893868, 'pre_dampen_half': 269.0845367054866, 'gpp_af': 0.060029341913968644, 'gpp_b': 0.049565458633074926, 'gpp_d': 545.0253444559129, 'ign_k': 0.0032383308053152635, 'ign_c': 21.275785720135406, 'trop_agb_crit': 2.49652474515731, 'trop_k_veg': 4.0068236274914755, 'fire_amp': 2.7556562114998226}.
[I 2026-06-11 13:13:38,866] Trial 637 finished with values: [13.115045714222898, 13.115045714222898] and parameters: {'k1': 0.03648456083047798, 'D_low': 148.21691630007544, 'k2': 0.019383858782150494, 'D_high': 6682.9607218310075, 'fire_exp': 1.2060040899560858, 'P_half': 2.226799690893868, 'pre_dampen_half': 4.847666216751353, 'gpp_af': 0.060029341913968644, 'gpp_b': 0.001674375583895437, 'gpp_d': 545.0253444559129, 'ign_k': 3.6309591863459096, 'ign_c': 2.2489542843914485, 'trop_agb_crit': 5.588032458772675, 'trop_k_veg': 2.99731137426955, 'fire_amp': 2.818314238665462}.
[I 2026-06-11 13:13:39,757] Trial 638 finished with values: [14.283562390608793, 14.283562390608793] and parameters: {'k1': 0.08409006963311547, 'D_low': 148.21691630007544, 'k2': 0.02939607009739149, 'D_high': 32311.521854410956, 'fire_exp': 1.2060040899560858, 'P_half': 2.226799690893868, 'pre_dampen_half': 103.54508504947606, 'gpp_af': 0.060029341913968644, 'gpp_b': 0.001674375583895437, 'gpp_d': 545.0253444559129, 'ign_k': 0.09256855841989636, 'ign_c': 23.422386257929038, 'trop_agb_crit': 8.0091368834625, 'trop_k_veg': 1.6648666152166967, 'fire_amp': 2.7806853670293616}.
[I 2026-06-11 13:13:40,647] Trial 639 finished with values: [10.00288697534204, 10.00288697534204] and parameters: {'k1': 0.0008362695993649681, 'D_low': 236.79352040223893, 'k2': 0.045914852167405346, 'D_high': 69868.4759244566, 'fire_exp': 1.2060040899560858, 'P_half': 2.226799690893868, 'pre_dampen_half': 28.01075698398644, 'gpp_af': 0.015627364027979502, 'gpp_b': 0.015382154459808445, 'gpp_d': 0.09467055845337147, 'ign_k': 0.0029519227433917453, 'ign_c': 14.343168707118846, 'trop_agb_crit': 12.9667438075127, 'trop_k_veg': 2.99731137426955, 'fire_amp': 1.746805197047088}.
[I 2026-06-11 13:13:41,560] Trial 640 finished with values: [10.132141244085647, 10.132141244085647] and parameters: {'k1': 0.05347027553411487, 'D_low': 276.27089412392087, 'k2': 0.02065142557895925, 'D_high': 6682.9607218310075, 'fire_exp': 1.0812994412809738, 'P_half': 2.226799690893868, 'pre_dampen_half': 4.847666216751353, 'gpp_af': 3.8084948364657136, 'gpp_b': 0.004411400434514031, 'gpp_d': 1.4397852866783676, 'ign_k': 0.0032383308053152635, 'ign_c': 0.17036120617148395, 'trop_agb_crit': 1.8566494291193822, 'trop_k_veg': 5.453348988480011, 'fire_amp': 1.5180207449214471}.
[I 2026-06-11 13:13:42,445] Trial 641 finished with values: [10.160370728663692, 10.160370728663692] and parameters: {'k1': 0.00026539376439360527, 'D_low': 148.21691630007544, 'k2': 0.019383858782150494, 'D_high': 6682.9607218310075, 'fire_exp': 1.41873960828944, 'P_half': 2.226799690893868, 'pre_dampen_half': 4.847666216751353, 'gpp_af': 0.060029341913968644, 'gpp_b': 0.00043225896016820903, 'gpp_d': 545.0253444559129, 'ign_k': 0.0032383308053152635, 'ign_c': 0.17036120617148395, 'trop_agb_crit': 5.588032458772675, 'trop_k_veg': 3.4439936249445045, 'fire_amp': 4.2446263054164195}.
[I 2026-06-11 13:13:43,329] Trial 642 finished with values: [10.588455817048834, 10.588455817048834] and parameters: {'k1': 0.03648456083047798, 'D_low': 236.79352040223893, 'k2': 0.003767022142229395, 'D_high': 451.02062878998754, 'fire_exp': 1.41873960828944, 'P_half': 8.318314747941244, 'pre_dampen_half': 16.009350908593582, 'gpp_af': 1.9706963379095486, 'gpp_b': 0.05719024141066792, 'gpp_d': 34.18897529667503, 'ign_k': 0.00840038491455979, 'ign_c': 1.364908766641693, 'trop_agb_crit': 1.513702538071769, 'trop_k_veg': 0.8262197191676174, 'fire_amp': 1.5719333351012774}.
[I 2026-06-11 13:13:44,219] Trial 643 finished with values: [-0.48146177821119784, 0.11783384416558229] and parameters: {'k1': 3.609310926766545e-05, 'D_low': 1121.5915868662764, 'k2': 0.032141234030334316, 'D_high': 252.84086172415604, 'fire_exp': 1.4848387260494937, 'P_half': 5.4712187293420325, 'pre_dampen_half': 170.71098124594695, 'gpp_af': 2.5444227489578917, 'gpp_b': 0.00012118589392553798, 'gpp_d': 94.19931479490882, 'ign_k': 0.012480180965117606, 'ign_c': 23.40999464613212, 'trop_agb_crit': 11.664190932505923, 'trop_k_veg': 4.989748894578724, 'fire_amp': 1.5719333351012774}.
[I 2026-06-11 13:13:45,166] Trial 644 finished with values: [10.228736535601094, 10.228736535601094] and parameters: {'k1': 0.00026539376439360527, 'D_low': 236.79352040223893, 'k2': 0.045914852167405346, 'D_high': 1266.9536563782303, 'fire_exp': 1.41873960828944, 'P_half': 1.4551749476072258, 'pre_dampen_half': 16.009350908593582, 'gpp_af': 0.008117091133892173, 'gpp_b': 0.0036065155862388338, 'gpp_d': 0.1619054449471649, 'ign_k': 0.005318061933708109, 'ign_c': 65.87536748686888, 'trop_agb_crit': 8.0091368834625, 'trop_k_veg': 3.4439936249445045, 'fire_amp': 2.7806853670293616}.
[I 2026-06-11 13:13:46,068] Trial 645 finished with values: [10.950907090657804, 10.950907090657804] and parameters: {'k1': 0.001260821293027586, 'D_low': 1.4002277211577039, 'k2': 1.1417577140741129e-05, 'D_high': 6682.9607218310075, 'fire_exp': 1.0420149135640993, 'P_half': 5.4712187293420325, 'pre_dampen_half': 35.09387368811639, 'gpp_af': 0.060029341913968644, 'gpp_b': 0.006999112505425414, 'gpp_d': 47.35384181058586, 'ign_k': 0.0014363112408604436, 'ign_c': 29.690870944846793, 'trop_agb_crit': 1.8023542850487386, 'trop_k_veg': 1.6648666152166967, 'fire_amp': 3.102033517490054}.
[I 2026-06-11 13:13:46,968] Trial 646 finished with values: [-0.6718434487392075, 0.08119023339494535] and parameters: {'k1': 0.03648456083047798, 'D_low': 13.012518385211498, 'k2': 0.019383858782150494, 'D_high': 714.4571308652828, 'fire_exp': 1.41873960828944, 'P_half': 2.226799690893868, 'pre_dampen_half': 16.009350908593582, 'gpp_af': 0.060029341913968644, 'gpp_b': 0.0036065155862388338, 'gpp_d': 94.19931479490882, 'ign_k': 0.002676132993402929, 'ign_c': 2.2489542843914485, 'trop_agb_crit': 8.462233625364036, 'trop_k_veg': 0.6488368931910606, 'fire_amp': 1.5719333351012774}.
[I 2026-06-11 13:13:47,838] Trial 647 finished with values: [-0.6934178048046921, 0.07390028046125163] and parameters: {'k1': 0.08409006963311547, 'D_low': 236.79352040223893, 'k2': 0.0018588694009815867, 'D_high': 32311.521854410956, 'fire_exp': 1.2060040899560858, 'P_half': 93.43302657318476, 'pre_dampen_half': 28.01075698398644, 'gpp_af': 0.008117091133892173, 'gpp_b': 0.0036065155862388338, 'gpp_d': 47.35384181058586, 'ign_k': 0.0029519227433917453, 'ign_c': 29.690870944846793, 'trop_agb_crit': 8.0091368834625, 'trop_k_veg': 3.4439936249445045, 'fire_amp': 1.5835969292419834}.
[I 2026-06-11 13:13:48,724] Trial 648 finished with values: [10.38052816785168, 10.38052816785168] and parameters: {'k1': 0.03648456083047798, 'D_low': 148.21691630007544, 'k2': 0.019383858782150494, 'D_high': 1266.9536563782303, 'fire_exp': 1.2060040899560858, 'P_half': 93.43302657318476, 'pre_dampen_half': 4.847666216751353, 'gpp_af': 0.060029341913968644, 'gpp_b': 0.0010881810414580882, 'gpp_d': 94.19931479490882, 'ign_k': 3.6309591863459096, 'ign_c': 23.422386257929038, 'trop_agb_crit': 12.9667438075127, 'trop_k_veg': 4.989748894578724, 'fire_amp': 2.7806853670293616}.
[I 2026-06-11 13:13:49,594] Trial 649 finished with values: [10.739865755552435, 10.739865755552435] and parameters: {'k1': 0.08409006963311547, 'D_low': 236.79352040223893, 'k2': 0.005204862686958021, 'D_high': 32311.521854410956, 'fire_exp': 1.811096651915224, 'P_half': 5.4712187293420325, 'pre_dampen_half': 10.931606102061748, 'gpp_af': 0.060029341913968644, 'gpp_b': 0.0036065155862388338, 'gpp_d': 47.35384181058586, 'ign_k': 0.0032383308053152635, 'ign_c': 710.7346698112268, 'trop_agb_crit': 2.49652474515731, 'trop_k_veg': 1.9108076884826826, 'fire_amp': 1.5719333351012774}.
[I 2026-06-11 13:13:50,734] Trial 650 finished with values: [10.035125652780986, 10.035125652780986] and parameters: {'k1': 0.00023134781612225627, 'D_low': 148.21691630007544, 'k2': 0.019383858782150494, 'D_high': 6682.9607218310075, 'fire_exp': 1.811096651915224, 'P_half': 5.4712187293420325, 'pre_dampen_half': 4.847666216751353, 'gpp_af': 0.060029341913968644, 'gpp_b': 0.00031478066835753096, 'gpp_d': 545.0253444559129, 'ign_k': 1.6748279468858231, 'ign_c': 0.17036120617148395, 'trop_agb_crit': 2.49652474515731, 'trop_k_veg': 2.298840177048904, 'fire_amp': 1.505817508996859}.
[I 2026-06-11 13:13:51,639] Trial 651 finished with values: [10.666699355757146, 10.666699355757146] and parameters: {'k1': 0.08006837661379566, 'D_low': 1.4002277211577039, 'k2': 0.045914852167405346, 'D_high': 32311.521854410956, 'fire_exp': 1.41873960828944, 'P_half': 5.4712187293420325, 'pre_dampen_half': 0.01648400221743738, 'gpp_af': 0.41874665092828456, 'gpp_b': 0.0036065155862388338, 'gpp_d': 47.35384181058586, 'ign_k': 0.0032383308053152635, 'ign_c': 29.690870944846793, 'trop_agb_crit': 8.614723729015276, 'trop_k_veg': 1.6648666152166967, 'fire_amp': 1.5719333351012774}.
[I 2026-06-11 13:13:52,492] Trial 652 finished with values: [10.159775229523426, 10.159775229523426] and parameters: {'k1': 0.00026539376439360527, 'D_low': 148.21691630007544, 'k2': 0.0015064557931192917, 'D_high': 6682.9607218310075, 'fire_exp': 1.2060040899560858, 'P_half': 1.4551749476072258, 'pre_dampen_half': 4.847666216751353, 'gpp_af': 0.008117091133892173, 'gpp_b': 0.006999112505425414, 'gpp_d': 0.1619054449471649, 'ign_k': 0.0032383308053152635, 'ign_c': 7.832259769732471, 'trop_agb_crit': 25.429516249301212, 'trop_k_veg': 2.6508357486965424, 'fire_amp': 2.7806853670293616}.
[I 2026-06-11 13:13:53,379] Trial 653 finished with values: [-0.5748656109048316, 0.22277117784507428] and parameters: {'k1': 0.03648456083047798, 'D_low': 236.79352040223893, 'k2': 0.02939607009739149, 'D_high': 6682.9607218310075, 'fire_exp': 1.2060040899560858, 'P_half': 2.226799690893868, 'pre_dampen_half': 1.8575807716793389, 'gpp_af': 0.060029341913968644, 'gpp_b': 0.001674375583895437, 'gpp_d': 12.338826503601998, 'ign_k': 0.0032383308053152635, 'ign_c': 23.422386257929038, 'trop_agb_crit': 8.0091368834625, 'trop_k_veg': 0.9660523662864217, 'fire_amp': 2.7806853670293616}.
[I 2026-06-11 13:13:54,264] Trial 654 finished with values: [10.146682823085783, 10.146682823085783] and parameters: {'k1': 0.08006837661379566, 'D_low': 1.4002277211577039, 'k2': 0.045914852167405346, 'D_high': 6682.9607218310075, 'fire_exp': 1.41873960828944, 'P_half': 5.4712187293420325, 'pre_dampen_half': 4.847666216751353, 'gpp_af': 0.060029341913968644, 'gpp_b': 2.800940363375676e-05, 'gpp_d': 0.1619054449471649, 'ign_k': 0.09256855841989636, 'ign_c': 0.13577269394141456, 'trop_agb_crit': 1.3063813396521713, 'trop_k_veg': 0.828441460847982, 'fire_amp': 1.5719333351012774}.
[I 2026-06-11 13:13:55,152] Trial 655 finished with values: [11.031120133822759, 11.031120133822759] and parameters: {'k1': 0.00038698408508416947, 'D_low': 12.105387404469584, 'k2': 0.045914852167405346, 'D_high': 32311.521854410956, 'fire_exp': 1.2060040899560858, 'P_half': 5.4712187293420325, 'pre_dampen_half': 124.72235343584714, 'gpp_af': 0.060029341913968644, 'gpp_b': 0.001674375583895437, 'gpp_d': 0.1619054449471649, 'ign_k': 0.0032383308053152635, 'ign_c': 29.690870944846793, 'trop_agb_crit': 12.9667438075127, 'trop_k_veg': 4.667598965682156, 'fire_amp': 1.5719333351012774}.
[I 2026-06-11 13:13:56,045] Trial 656 finished with values: [10.716764131166023, 10.716764131166023] and parameters: {'k1': 0.0008362695993649681, 'D_low': 1121.5915868662764, 'k2': 0.00037358626308127543, 'D_high': 6682.9607218310075, 'fire_exp': 1.2060040899560858, 'P_half': 2.226799690893868, 'pre_dampen_half': 28.01075698398644, 'gpp_af': 26.365275679433186, 'gpp_b': 0.015382154459808445, 'gpp_d': 0.09467055845337147, 'ign_k': 0.0029519227433917453, 'ign_c': 39.52220881906114, 'trop_agb_crit': 5.588032458772675, 'trop_k_veg': 2.99731137426955, 'fire_amp': 1.5180207449214471}.
