[I 2026-08-20 00:24:34,243] Trial 480 finished with value: 0.520578385800907 and parameters: {'k1': 0.0007463355836463823, 'D_low': 62.33136274699366, 'k2': 0.0006163148833304012, 'D_high': 224954.90713787545, 'fire_exp': 2.5165698692944902, 'P_half': 1.2025933329295064, 'pre_dampen_half': 8.369489290513494, 'gpp_af': 0.1622982749304336, 'gpp_b': 2.1542255982628593e-05, 'gpp_d': 0.03115454500811368, 'ign_k': 0.08298548577369293, 'ign_c': 0.8242546924861964, 'trop_agb_crit': 1.4527365162961325, 'trop_k_veg': 2.3728305196033266, 'pop_amp': 0.08221826957245629, 'pop_peak': 0.1731765946338669, 'pop_sig': 0.42070306444527583}. Best is trial 274 with value: -0.604910391627968.
[I 2026-08-20 00:24:37,288] Trial 481 finished with value: 0.47280462015957714 and parameters: {'k1': 0.0012848251491312539, 'D_low': 2850.4766137680895, 'k2': 0.0017826892226010954, 'D_high': 256228.6739190781, 'fire_exp': 3.5435066925128926, 'P_half': 200.46266858358118, 'pre_dampen_half': 2.3763597324606924, 'gpp_af': 0.02272354001995548, 'gpp_b': 1.5059086777587092e-05, 'gpp_d': 0.9797221873925335, 'ign_k': 1.7078679979308016, 'ign_c': 1.6456535852644347, 'trop_agb_crit': 3.6333803697777802, 'trop_k_veg': 1.7445628696982154, 'pop_amp': 0.8939600549221448, 'pop_peak': 9.268980969570846, 'pop_sig': 0.5546193118618828}. Best is trial 274 with value: -0.604910391627968.
[I 2026-08-20 00:24:40,322] Trial 482 finished with value: 0.4489414531963899 and parameters: {'k1': 0.0006527036066840304, 'D_low': 120.80317236839525, 'k2': 0.00030027991401400156, 'D_high': 179402.1961203006, 'fire_exp': 1.1885257027359089, 'P_half': 75.87347695707685, 'pre_dampen_half': 2.1481426115988542, 'gpp_af': 0.04744091401149797, 'gpp_b': 6.948907177404507e-05, 'gpp_d': 0.773292226980178, 'ign_k': 0.005308175223392656, 'ign_c': 0.4219593022370261, 'trop_agb_crit': 10.619291571619693, 'trop_k_veg': 1.4296737180989574, 'pop_amp': 0.6630658646429556, 'pop_peak': 414.2578222343223, 'pop_sig': 2.088289471697196}. Best is trial 274 with value: -0.604910391627968.
[I 2026-08-20 00:24:43,595] Trial 483 finished with value: 0.6445374145881376 and parameters: {'k1': 0.09175103138626474, 'D_low': 446630.0979956241, 'k2': 0.012743421033420802, 'D_high': 6446.118050618985, 'fire_exp': 1.9953937799621488, 'P_half': 1337.0334805849336, 'pre_dampen_half': 39.339073440475914, 'gpp_af': 0.12594178823899388, 'gpp_b': 3.823890361781307e-05, 'gpp_d': 4.97769067669643, 'ign_k': 0.12434455695797263, 'ign_c': 0.12083962632804864, 'trop_agb_crit': 25.451638784942382, 'trop_k_veg': 4.988690620197282, 'pop_amp': 1.3335879194872915, 'pop_peak': 1.8041288896930112, 'pop_sig': 0.8906947834907808}. Best is trial 274 with value: -0.604910391627968.
[I 2026-08-20 00:24:46,788] Trial 484 finished with value: 0.5229982718352555 and parameters: {'k1': 0.0005572246647152084, 'D_low': 11588.16273984512, 'k2': 0.00039760086859829167, 'D_high': 1705941.8104592985, 'fire_exp': 1.104588704470221, 'P_half': 2257.753029679857, 'pre_dampen_half': 11.397917593556938, 'gpp_af': 1.317843376140034, 'gpp_b': 0.00011305078382263742, 'gpp_d': 22.457390362936167, 'ign_k': 1.030445020334944, 'ign_c': 2.638339773271179, 'trop_agb_crit': 29.164623894070978, 'trop_k_veg': 2.53352848794611, 'pop_amp': 0.0033791015912464995, 'pop_peak': 6.077616522126238, 'pop_sig': 1.393274202819478}. Best is trial 274 with value: -0.604910391627968.
[I 2026-08-20 00:24:49,794] Trial 485 finished with value: 0.4119453195401448 and parameters: {'k1': 0.0004453061270283233, 'D_low': 569.6543466321367, 'k2': 0.010321170543926934, 'D_high': 4750509.417137262, 'fire_exp': 1.1991467409303402, 'P_half': 1.532905109948206, 'pre_dampen_half': 2.055446147043358, 'gpp_af': 0.0063803138470319995, 'gpp_b': 0.0001853266091542529, 'gpp_d': 0.2691696083940884, 'ign_k': 2.0720176813810074, 'ign_c': 0.5351161038388292, 'trop_agb_crit': 5.838033528328769, 'trop_k_veg': 1.7290767480154554, 'pop_amp': 0.12359079128245219, 'pop_peak': 0.07362602245378376, 'pop_sig': 0.5762033582099719}. Best is trial 274 with value: -0.604910391627968.
[I 2026-08-20 00:24:52,730] Trial 486 finished with value: 0.5792354051464382 and parameters: {'k1': 0.0008846785085226497, 'D_low': 3730.231620918918, 'k2': 0.0035131507245428064, 'D_high': 5914938.370339389, 'fire_exp': 1.10766739420439, 'P_half': 1.0029189903542752, 'pre_dampen_half': 3.085292428489599, 'gpp_af': 0.03472081100485558, 'gpp_b': 0.059925337550362036, 'gpp_d': 11.102058506907953, 'ign_k': 0.0011692009373453268, 'ign_c': 0.2186298093961986, 'trop_agb_crit': 7.481117086942378, 'trop_k_veg': 0.5666951391822187, 'pop_amp': 0.09196684926697798, 'pop_peak': 110.37148200222823, 'pop_sig': 1.0144010067105396}. Best is trial 274 with value: -0.604910391627968.
[I 2026-08-20 00:24:55,698] Trial 487 finished with value: 0.43892669894776537 and parameters: {'k1': 0.00015470870347021685, 'D_low': 5463.181939017481, 'k2': 0.001215266429143337, 'D_high': 1029943.8214970775, 'fire_exp': 1.235774570991596, 'P_half': 8.936851614643707, 'pre_dampen_half': 14.634466678407886, 'gpp_af': 0.009161157749130637, 'gpp_b': 2.5206791860426133e-05, 'gpp_d': 1.2937763051235966, 'ign_k': 0.009677886962759463, 'ign_c': 0.538048374371922, 'trop_agb_crit': 28.22060670602268, 'trop_k_veg': 1.0286821949460432, 'pop_amp': 0.10941291905939775, 'pop_peak': 39.89056795856631, 'pop_sig': 1.8498122640675545}. Best is trial 274 with value: -0.604910391627968.
[I 2026-08-20 00:24:58,798] Trial 488 finished with value: 0.5295310648177785 and parameters: {'k1': 8.247728475571962e-05, 'D_low': 6.756822918562248, 'k2': 0.015584111894610491, 'D_high': 5918319.091575967, 'fire_exp': 3.122044044953411, 'P_half': 4.254359533500021, 'pre_dampen_half': 3.178224990273521, 'gpp_af': 0.4621826557170351, 'gpp_b': 0.0014223143191818214, 'gpp_d': 0.22487561180191223, 'ign_k': 2.854353893166693, 'ign_c': 1.5736113762365127, 'trop_agb_crit': 1.8143040817945302, 'trop_k_veg': 4.728489949587045, 'pop_amp': 0.0323971624136825, 'pop_peak': 0.17565834075641457, 'pop_sig': 0.6181192980288033}. Best is trial 274 with value: -0.604910391627968.
[I 2026-08-20 00:25:01,684] Trial 489 finished with value: 0.5779348581591244 and parameters: {'k1': 0.006924201668400201, 'D_low': 166.2889429275491, 'k2': 0.0007634116553373552, 'D_high': 1245396.6880232284, 'fire_exp': 2.64160465711419, 'P_half': 6.192628762889071, 'pre_dampen_half': 0.09211112958509358, 'gpp_af': 0.0038698115556169846, 'gpp_b': 0.0006153630470300385, 'gpp_d': 1.845892192700773, 'ign_k': 0.011247325434013265, 'ign_c': 1.0813985312328904, 'trop_agb_crit': 21.960744901808415, 'trop_k_veg': 0.9818187566635009, 'pop_amp': 0.6180094225079439, 'pop_peak': 736.5530884253747, 'pop_sig': 0.9765981243072802}. Best is trial 274 with value: -0.604910391627968.
[I 2026-08-20 00:25:04,587] Trial 490 finished with value: 0.4233848148273557 and parameters: {'k1': 0.0012519283296199897, 'D_low': 4.079669411401152, 'k2': 0.03238807740224466, 'D_high': 3072353.22862669, 'fire_exp': 1.395636492501737, 'P_half': 64.84098539414681, 'pre_dampen_half': 15.535307648128432, 'gpp_af': 0.0015053157701985327, 'gpp_b': 4.2426455546961525e-05, 'gpp_d': 8.43032864249799, 'ign_k': 0.004745720889286281, 'ign_c': 0.3053865385575104, 'trop_agb_crit': 23.15939713848598, 'trop_k_veg': 0.6430859437606381, 'pop_amp': 1.1380503323804123, 'pop_peak': 2.1336004570187734, 'pop_sig': 2.18656262445571}. Best is trial 274 with value: -0.604910391627968.
[I 2026-08-20 00:25:07,589] Trial 491 finished with value: 0.5651302538193004 and parameters: {'k1': 0.0014123728648863382, 'D_low': 266.0782792000904, 'k2': 0.06894361001731983, 'D_high': 33695.372114380945, 'fire_exp': 1.4479781439260115, 'P_half': 7.539808305710708, 'pre_dampen_half': 1.0042065217576917, 'gpp_af': 0.003937552560114775, 'gpp_b': 0.004319705910463827, 'gpp_d': 0.06669510166351554, 'ign_k': 1.4181025310786928, 'ign_c': 5.225685709740478, 'trop_agb_crit': 3.956437750911065, 'trop_k_veg': 3.4022915926586488, 'pop_amp': 0.03563409045171255, 'pop_peak': 0.06397417467683573, 'pop_sig': 0.6059409619507756}. Best is trial 274 with value: -0.604910391627968.
[I 2026-08-20 00:25:10,321] Trial 492 finished with value: 0.4700588984400039 and parameters: {'k1': 0.0018053432769008944, 'D_low': 710.6141587300255, 'k2': 0.035802141226325954, 'D_high': 1037707.8834936254, 'fire_exp': 1.1931681606959714, 'P_half': 1621.161328991487, 'pre_dampen_half': 811.6760113218178, 'gpp_af': 0.003909798475420399, 'gpp_b': 0.000494232790222385, 'gpp_d': 4.0775963646692555, 'ign_k': 6.81979562402006, 'ign_c': 20.53774068002452, 'trop_agb_crit': 21.95497473381315, 'trop_k_veg': 2.0053592072852786, 'pop_amp': 0.019728953757296087, 'pop_peak': 95.11296971664278, 'pop_sig': 0.5899850457625072}. Best is trial 274 with value: -0.604910391627968.
[I 2026-08-20 00:25:13,074] Trial 493 finished with value: -0.54090215299703 and parameters: {'k1': 0.035896536568762974, 'D_low': 22.00006845255672, 'k2': 0.004741886074964679, 'D_high': 364264.86101944844, 'fire_exp': 1.500647094654245, 'P_half': 52.39645770328448, 'pre_dampen_half': 1.0276356283276822, 'gpp_af': 0.005276573187598486, 'gpp_b': 1.1018920864487486e-05, 'gpp_d': 762.4046632171218, 'ign_k': 0.06511290074515806, 'ign_c': 5.28413205424459, 'trop_agb_crit': 7.795815534697227, 'trop_k_veg': 5.126385299225451, 'pop_amp': 0.004614882442012833, 'pop_peak': 32.83233221872671, 'pop_sig': 1.4519907055303256}. Best is trial 274 with value: -0.604910391627968.
[I 2026-08-20 00:25:15,959] Trial 494 finished with value: 0.5930037108403031 and parameters: {'k1': 9.428369762925338e-05, 'D_low': 379.1350869053155, 'k2': 0.00030005200063766985, 'D_high': 112691.57664929148, 'fire_exp': 5.891413761102243, 'P_half': 622.1376996704147, 'pre_dampen_half': 8.336793566317182, 'gpp_af': 0.05116269731460525, 'gpp_b': 0.021298972226571712, 'gpp_d': 0.6960005545427091, 'ign_k': 7.47003473166509, 'ign_c': 0.27709484636368426, 'trop_agb_crit': 10.490944988768764, 'trop_k_veg': 5.543333038038794, 'pop_amp': 1.0787753277340124, 'pop_peak': 0.2779818720721173, 'pop_sig': 0.9666894158718813}. Best is trial 274 with value: -0.604910391627968.
[I 2026-08-20 00:25:18,817] Trial 495 finished with value: 0.4322536548518895 and parameters: {'k1': 0.00013262987998292346, 'D_low': 330.8175399671683, 'k2': 0.07980432236673989, 'D_high': 4125292.0952379312, 'fire_exp': 1.6662734694849337, 'P_half': 4.152376952394434, 'pre_dampen_half': 6.8055906640125965, 'gpp_af': 0.019946252360126714, 'gpp_b': 4.277368746752067e-05, 'gpp_d': 0.08748549037740218, 'ign_k': 0.1518912041403251, 'ign_c': 0.6437287016902774, 'trop_agb_crit': 1.3204305630313682, 'trop_k_veg': 1.8077375946719978, 'pop_amp': 1.1271226798142697, 'pop_peak': 0.703787587054105, 'pop_sig': 0.39781138700131685}. Best is trial 274 with value: -0.604910391627968.
[I 2026-08-20 00:25:21,650] Trial 496 finished with value: -0.5864874143671999 and parameters: {'k1': 0.00040317087552926926, 'D_low': 39.55571350937738, 'k2': 0.020047113772422052, 'D_high': 4033550.1908920137, 'fire_exp': 1.2080839072991474, 'P_half': 5.134107145649839, 'pre_dampen_half': 0.20719655397884945, 'gpp_af': 0.04385937439632188, 'gpp_b': 0.0005551408737632314, 'gpp_d': 13.454738924694423, 'ign_k': 0.017606907547809112, 'ign_c': 3.7273045451897397, 'trop_agb_crit': 12.22035634111277, 'trop_k_veg': 0.870974333139744, 'pop_amp': 2.295475555192894, 'pop_peak': 26.57867992786726, 'pop_sig': 1.1665287967749203}. Best is trial 274 with value: -0.604910391627968.
[I 2026-08-20 00:25:24,468] Trial 497 finished with value: 0.43890540186070337 and parameters: {'k1': 0.0002974019364834832, 'D_low': 1.5182698671975006, 'k2': 0.009226249210589423, 'D_high': 7210334.647003451, 'fire_exp': 1.1183425964900484, 'P_half': 5.883542111959777, 'pre_dampen_half': 0.3594653050695704, 'gpp_af': 0.001750862604610953, 'gpp_b': 9.422159347603561e-05, 'gpp_d': 26.993232850572866, 'ign_k': 0.012952165838672921, 'ign_c': 35.97285096732637, 'trop_agb_crit': 19.066378580886482, 'trop_k_veg': 0.8962255013661468, 'pop_amp': 8.312843576708673, 'pop_peak': 6.852910525350741, 'pop_sig': 1.123424430465901}. Best is trial 274 with value: -0.604910391627968.
[I 2026-08-20 00:25:27,288] Trial 498 finished with value: -0.5596924769355167 and parameters: {'k1': 0.004481069553251632, 'D_low': 2897.2237744837685, 'k2': 0.0004214755754075513, 'D_high': 217002.68805111374, 'fire_exp': 1.217541613902216, 'P_half': 2.557109538013329, 'pre_dampen_half': 3.1708232309232307, 'gpp_af': 0.07682824911448798, 'gpp_b': 0.00034098120071374914, 'gpp_d': 23.57281536282402, 'ign_k': 0.003136627206563851, 'ign_c': 10.039270785798003, 'trop_agb_crit': 26.69698012553266, 'trop_k_veg': 0.804349328755335, 'pop_amp': 0.47156585196659445, 'pop_peak': 8.916801972980487, 'pop_sig': 1.5916569443286472}. Best is trial 274 with value: -0.604910391627968.
[I 2026-08-20 00:25:30,392] Trial 499 finished with value: 0.4429547893655891 and parameters: {'k1': 0.0011595347450329742, 'D_low': 557.1427470949661, 'k2': 0.00242741471641779, 'D_high': 110410.61589573119, 'fire_exp': 1.1222455336983108, 'P_half': 5.783214731320561, 'pre_dampen_half': 48.85403872078298, 'gpp_af': 0.052999941470977606, 'gpp_b': 0.0012756896995177456, 'gpp_d': 722.2458703198381, 'ign_k': 0.0014605810611899495, 'ign_c': 0.5595941797232352, 'trop_agb_crit': 27.832877369065844, 'trop_k_veg': 1.3484858307480314, 'pop_amp': 0.03441697646998461, 'pop_peak': 57.64517477058857, 'pop_sig': 2.1825435246139477}. Best is trial 274 with value: -0.604910391627968.
[I 2026-08-20 00:25:33,281] Trial 500 finished with value: 0.6006440931857342 and parameters: {'k1': 0.004347838171213253, 'D_low': 316.4002476882096, 'k2': 0.0019715776018103775, 'D_high': 4718.44175815023, 'fire_exp': 1.4774836301408012, 'P_half': 3.019341950035763, 'pre_dampen_half': 0.1535535832098392, 'gpp_af': 0.1925937063669732, 'gpp_b': 0.00554558439911999, 'gpp_d': 141.01932414943673, 'ign_k': 0.0010836534229056503, 'ign_c': 0.9656888225491821, 'trop_agb_crit': 19.591254050280845, 'trop_k_veg': 1.168268078028869, 'pop_amp': 0.47062270255179967, 'pop_peak': 3.038979430770027, 'pop_sig': 0.604559669008056}. Best is trial 274 with value: -0.604910391627968.
[I 2026-08-20 00:25:36,201] Trial 501 finished with value: 0.5333985965987367 and parameters: {'k1': 0.003509592104200572, 'D_low': 47.573771541339404, 'k2': 0.007270648915665953, 'D_high': 1029799.9932534627, 'fire_exp': 1.8769586958937439, 'P_half': 63.43878199390658, 'pre_dampen_half': 5.13600950118144, 'gpp_af': 0.005178154338820918, 'gpp_b': 0.0003266459513965057, 'gpp_d': 876.9857093494128, 'ign_k': 0.007120672050937359, 'ign_c': 5.099893457156403, 'trop_agb_crit': 12.462021337643815, 'trop_k_veg': 3.413284462318107, 'pop_amp': 0.004182178089591416, 'pop_peak': 1.2915898725864376, 'pop_sig': 1.8064731576079625}. Best is trial 274 with value: -0.604910391627968.
[I 2026-08-20 00:25:38,960] Trial 502 finished with value: 0.5994622757364407 and parameters: {'k1': 0.009878586209847665, 'D_low': 84.44160845891933, 'k2': 0.0048686051231469265, 'D_high': 5988.377490267554, 'fire_exp': 8.200427560072585, 'P_half': 536.1657337207597, 'pre_dampen_half': 24.002799501119245, 'gpp_af': 0.031412633059758055, 'gpp_b': 4.613862775423789e-05, 'gpp_d': 832.4239734296941, 'ign_k': 0.6207481618618208, 'ign_c': 3.5770655939564415, 'trop_agb_crit': 7.6533517509742826, 'trop_k_veg': 3.7991296263770824, 'pop_amp': 0.007815586054143012, 'pop_peak': 139.59226409197683, 'pop_sig': 1.5607487751921532}. Best is trial 274 with value: -0.604910391627968.
[I 2026-08-20 00:25:41,939] Trial 503 finished with value: 0.4839267991253914 and parameters: {'k1': 0.017416606100878165, 'D_low': 308.1888263727497, 'k2': 0.00047240057589843847, 'D_high': 28902.645591640452, 'fire_exp': 6.7655812519472285, 'P_half': 3.5702437607065547, 'pre_dampen_half': 171.35467202224288, 'gpp_af': 0.0021143841904636717, 'gpp_b': 1.907017687534781e-05, 'gpp_d': 505.74226946750593, 'ign_k': 4.452906054036335, 'ign_c': 0.4406373944945715, 'trop_agb_crit': 10.575233357992257, 'trop_k_veg': 2.443217757029239, 'pop_amp': 0.005537951723760229, 'pop_peak': 385.42612609839205, 'pop_sig': 2.1130124333234854}. Best is trial 274 with value: -0.604910391627968.
[I 2026-08-20 00:25:45,048] Trial 504 finished with value: 0.5849231745346033 and parameters: {'k1': 0.0011131882351175341, 'D_low': 1188.5798594841572, 'k2': 0.08476053540865953, 'D_high': 3653628.9496699683, 'fire_exp': 1.7763948222010142, 'P_half': 1.488607877541309, 'pre_dampen_half': 0.0637743105159432, 'gpp_af': 0.0013140846233530004, 'gpp_b': 0.003879663032650732, 'gpp_d': 2.8826204379887463, 'ign_k': 0.007240947540640225, 'ign_c': 3.404069994220052, 'trop_agb_crit': 5.0359938119665175, 'trop_k_veg': 1.6413200470826637, 'pop_amp': 1.1592091136191567, 'pop_peak': 15.077021950144774, 'pop_sig': 0.8312255371982323}. Best is trial 274 with value: -0.604910391627968.
[I 2026-08-20 00:25:48,433] Trial 505 finished with value: 0.5382037026401749 and parameters: {'k1': 1.165580677288923e-05, 'D_low': 189.56715717935214, 'k2': 0.0017535451592394506, 'D_high': 38581.04259589559, 'fire_exp': 1.2430126530225178, 'P_half': 70.40866880877506, 'pre_dampen_half': 2.630428503796499, 'gpp_af': 0.0018446266011633364, 'gpp_b': 0.000555957624346763, 'gpp_d': 0.0347758915739135, 'ign_k': 3.0601307482419764, 'ign_c': 3.2535997869129765, 'trop_agb_crit': 6.220889859375886, 'trop_k_veg': 3.880269914614168, 'pop_amp': 0.006389530917289585, 'pop_peak': 0.3377462459883427, 'pop_sig': 0.5343787450627566}. Best is trial 274 with value: -0.604910391627968.
[I 2026-08-20 00:25:51,858] Trial 506 finished with value: 0.41122510681919233 and parameters: {'k1': 0.0016392905957957305, 'D_low': 59.073777950968854, 'k2': 0.0007430546947699948, 'D_high': 3859382.181667367, 'fire_exp': 2.534181969846004, 'P_half': 46.27158355689432, 'pre_dampen_half': 13.40530937880851, 'gpp_af': 0.26352029381837927, 'gpp_b': 0.000534517772317399, 'gpp_d': 2.3093717648397725, 'ign_k': 8.203728229173082, 'ign_c': 5.877824992466052, 'trop_agb_crit': 6.7661565054969195, 'trop_k_veg': 1.5601498676718883, 'pop_amp': 0.05863433224840573, 'pop_peak': 22.480289525271925, 'pop_sig': 0.8388870672665619}. Best is trial 274 with value: -0.604910391627968.
[I 2026-08-20 00:25:54,807] Trial 507 finished with value: 0.5804570627241948 and parameters: {'k1': 0.004502256346606286, 'D_low': 19570.98116842941, 'k2': 2.040322007351961e-05, 'D_high': 5977771.329968034, 'fire_exp': 1.4878209588534546, 'P_half': 2.8575621135497062, 'pre_dampen_half': 0.0891101086927026, 'gpp_af': 0.030436007793667542, 'gpp_b': 0.0014901512980895104, 'gpp_d': 20.882862648780378, 'ign_k': 0.0025377383933355147, 'ign_c': 8.092707530667244, 'trop_agb_crit': 23.056871971913697, 'trop_k_veg': 2.394637556058468, 'pop_amp': 0.8502475934909642, 'pop_peak': 9.968238853330067, 'pop_sig': 1.7360556151632742}. Best is trial 274 with value: -0.604910391627968.
[I 2026-08-20 00:25:57,832] Trial 508 finished with value: 0.43218445092842506 and parameters: {'k1': 0.00183065234644314, 'D_low': 4184.572899010345, 'k2': 0.00013257713761108227, 'D_high': 204388.58928997855, 'fire_exp': 1.0919830532389452, 'P_half': 3.935183301197879, 'pre_dampen_half': 14.848128466646472, 'gpp_af': 0.10615193117250195, 'gpp_b': 0.000695467107622661, 'gpp_d': 68.68535695188172, 'ign_k': 0.001907460106325374, 'ign_c': 5.288697391882208, 'trop_agb_crit': 24.471303446404917, 'trop_k_veg': 0.7655726923084492, 'pop_amp': 0.7763496856798231, 'pop_peak': 7.466917922368314, 'pop_sig': 1.8953168645515683}. Best is trial 274 with value: -0.604910391627968.
[I 2026-08-20 00:26:00,892] Trial 509 finished with value: 0.6445374145881376 and parameters: {'k1': 0.02267722938523776, 'D_low': 1044.703473781255, 'k2': 0.006097099688108497, 'D_high': 1319577.172364907, 'fire_exp': 1.4446701139246612, 'P_half': 7.348553838290425, 'pre_dampen_half': 0.22684777831761507, 'gpp_af': 0.0013861502753422929, 'gpp_b': 3.2136840512497525e-05, 'gpp_d': 285.30540219339866, 'ign_k': 0.6890179852255686, 'ign_c': 162.62614638552748, 'trop_agb_crit': 10.073890283972263, 'trop_k_veg': 3.233355394787246, 'pop_amp': 0.45118762123450146, 'pop_peak': 1.3301451089135332, 'pop_sig': 1.4355600594624922}. Best is trial 274 with value: -0.604910391627968.
[I 2026-08-20 00:26:04,198] Trial 510 finished with value: 0.45240756337000276 and parameters: {'k1': 0.08016402491059631, 'D_low': 2382.2956540615455, 'k2': 0.02728595271109339, 'D_high': 2438080.2299152263, 'fire_exp': 1.098417219913011, 'P_half': 5182.419849822763, 'pre_dampen_half': 704.3664631254406, 'gpp_af': 0.329348062293863, 'gpp_b': 0.00031304341207860577, 'gpp_d': 8.944031623745202, 'ign_k': 1.5040438601506112, 'ign_c': 0.10394599269598877, 'trop_agb_crit': 24.89023460945112, 'trop_k_veg': 3.65660220461519, 'pop_amp': 6.202006910677324, 'pop_peak': 0.8724676449401465, 'pop_sig': 1.304288978058996}. Best is trial 274 with value: -0.604910391627968.
[I 2026-08-20 00:26:07,009] Trial 511 finished with value: 0.4259930536035228 and parameters: {'k1': 0.0053110248576432395, 'D_low': 5.019270583348608, 'k2': 0.0008054595639798145, 'D_high': 2565043.8885068544, 'fire_exp': 3.700732125522083, 'P_half': 34.61022495120012, 'pre_dampen_half': 15.101851194585343, 'gpp_af': 0.003008153133760628, 'gpp_b': 4.699584435322821e-05, 'gpp_d': 153.41341702676087, 'ign_k': 0.6000048933137272, 'ign_c': 4.470316619867105, 'trop_agb_crit': 6.248145745579345, 'trop_k_veg': 4.645488117885607, 'pop_amp': 0.7260393783540732, 'pop_peak': 13.912120101031647, 'pop_sig': 0.8850261933789327}. Best is trial 274 with value: -0.604910391627968.
