[I 2026-08-20 01:10:26,765] Trial 1856 finished with value: 0.5578058589093426 and parameters: {'k1': 0.0011549729660891815, 'D_low': 22.58830900061597, 'k2': 0.010266411816485507, 'D_high': 1489518.5708416975, 'fire_exp': 1.2047622848884154, 'P_half': 1482.6435816218996, 'pre_dampen_half': 0.29458227105033186, 'gpp_af': 0.018566016719851076, 'gpp_b': 1.2338743276078228e-05, 'gpp_d': 124.16692630965197, 'ign_k': 0.44326728087415257, 'ign_c': 23.058311714996467, 'trop_agb_crit': 2.335771823283518, 'trop_k_veg': 7.856555106000225, 'pop_amp': 0.004631916360318846, 'pop_peak': 0.6425585035650989, 'pop_sig': 0.444930662604042}. Best is trial 1128 with value: -0.620386984093161.
[I 2026-08-20 01:10:28,595] Trial 1857 finished with value: 0.49332191592163344 and parameters: {'k1': 0.0024310320000419526, 'D_low': 19.49418138510193, 'k2': 0.01167953212787128, 'D_high': 944456.73502723, 'fire_exp': 1.4195858326549893, 'P_half': 140.8321304124098, 'pre_dampen_half': 7.519500646341663, 'gpp_af': 0.10278294496662897, 'gpp_b': 0.005416274972369612, 'gpp_d': 815.4518587896317, 'ign_k': 1.1657717456586327, 'ign_c': 25.634317850591195, 'trop_agb_crit': 2.491322155666548, 'trop_k_veg': 7.487765772574003, 'pop_amp': 0.002852687875333787, 'pop_peak': 18.39362781043951, 'pop_sig': 0.8497680801712629}. Best is trial 1128 with value: -0.620386984093161.
[I 2026-08-20 01:10:30,432] Trial 1858 finished with value: 0.5577790433156752 and parameters: {'k1': 0.0011063020122682788, 'D_low': 315.8563645983621, 'k2': 0.011655303969954565, 'D_high': 5723529.170119216, 'fire_exp': 2.8500849323126167, 'P_half': 9.913463310321749, 'pre_dampen_half': 0.9152149381477094, 'gpp_af': 0.042396920479889195, 'gpp_b': 0.001013010397939377, 'gpp_d': 42.15033865136032, 'ign_k': 0.02061410617741329, 'ign_c': 5.792386327812631, 'trop_agb_crit': 3.954172934171713, 'trop_k_veg': 2.37634813937927, 'pop_amp': 0.6197404646417122, 'pop_peak': 109.17195041960134, 'pop_sig': 1.0703641182992376}. Best is trial 1128 with value: -0.620386984093161.
[I 2026-08-20 01:10:32,281] Trial 1859 finished with value: 0.5645643383661707 and parameters: {'k1': 0.001124127505175422, 'D_low': 1997.7892468413831, 'k2': 0.0009804828389499553, 'D_high': 117254.39703868485, 'fire_exp': 4.725461545914274, 'P_half': 84.11428590736013, 'pre_dampen_half': 0.07726429749664687, 'gpp_af': 0.4546388558125218, 'gpp_b': 0.0006745347024435409, 'gpp_d': 4.866185820839285, 'ign_k': 2.945589819389593, 'ign_c': 0.9546812799844933, 'trop_agb_crit': 5.664520938123771, 'trop_k_veg': 3.999208814225077, 'pop_amp': 0.10755639956199402, 'pop_peak': 48.18201081822592, 'pop_sig': 2.3404112770798084}. Best is trial 1128 with value: -0.620386984093161.
[I 2026-08-20 01:10:34,077] Trial 1860 finished with value: 0.47587887662021344 and parameters: {'k1': 0.00013679861506152766, 'D_low': 2.8635175607440413, 'k2': 0.012803309529194049, 'D_high': 2803670.7771798843, 'fire_exp': 1.7028654579032128, 'P_half': 40.6185857980231, 'pre_dampen_half': 430.669510911025, 'gpp_af': 0.0714751056116534, 'gpp_b': 3.1397413529589204e-05, 'gpp_d': 279.70451199242416, 'ign_k': 0.4983900910709503, 'ign_c': 1.6435025405541672, 'trop_agb_crit': 11.86723923257172, 'trop_k_veg': 7.083964328083095, 'pop_amp': 0.0011615552298870572, 'pop_peak': 2.733287925905398, 'pop_sig': 0.9686278202173106}. Best is trial 1128 with value: -0.620386984093161.
[I 2026-08-20 01:10:35,889] Trial 1861 finished with value: -0.5603703718404532 and parameters: {'k1': 8.767464725573576e-05, 'D_low': 7.924784588451425, 'k2': 0.006939860464788807, 'D_high': 2116317.5773847485, 'fire_exp': 1.4682613676297362, 'P_half': 94.00168834384687, 'pre_dampen_half': 1.838627820075045, 'gpp_af': 0.0033200374525503853, 'gpp_b': 3.157487894581608e-05, 'gpp_d': 52.6957455936613, 'ign_k': 7.479167100374323, 'ign_c': 1.1502261330637427, 'trop_agb_crit': 3.7167423912144684, 'trop_k_veg': 4.2119812013061395, 'pop_amp': 0.008804457442343353, 'pop_peak': 1.005300265959801, 'pop_sig': 1.2956424815510894}. Best is trial 1128 with value: -0.620386984093161.
[I 2026-08-20 01:10:37,700] Trial 1862 finished with value: -0.5775897871554297 and parameters: {'k1': 0.0005529754167662729, 'D_low': 12332.004307046998, 'k2': 0.008717935358483227, 'D_high': 600818.5589972554, 'fire_exp': 1.8014695224260298, 'P_half': 340.7848027594581, 'pre_dampen_half': 177.9282049251225, 'gpp_af': 0.5574299874728936, 'gpp_b': 0.0005880267340974422, 'gpp_d': 300.92730746140035, 'ign_k': 3.1420975867987044, 'ign_c': 8.794648553769871, 'trop_agb_crit': 16.382721334908673, 'trop_k_veg': 2.596129288192541, 'pop_amp': 0.00163119086587934, 'pop_peak': 58.41368283992993, 'pop_sig': 0.5916436573319047}. Best is trial 1128 with value: -0.620386984093161.
[I 2026-08-20 01:10:39,514] Trial 1863 finished with value: 0.5118043717249694 and parameters: {'k1': 0.002057963900542048, 'D_low': 3.3561697584326984, 'k2': 0.002484301869216732, 'D_high': 478411.04363249394, 'fire_exp': 1.066341634698071, 'P_half': 484.33285634119653, 'pre_dampen_half': 0.5132827287917372, 'gpp_af': 0.001294427071682326, 'gpp_b': 7.92344693706529e-05, 'gpp_d': 0.1530605298441106, 'ign_k': 0.016094183304801973, 'ign_c': 56.8428226791908, 'trop_agb_crit': 3.2885673805828133, 'trop_k_veg': 3.5790565271884867, 'pop_amp': 2.2874464478450136, 'pop_peak': 87.73079137550619, 'pop_sig': 0.6379163159910483}. Best is trial 1128 with value: -0.620386984093161.
[I 2026-08-20 01:10:41,321] Trial 1864 finished with value: 0.4712489024129731 and parameters: {'k1': 0.0026411416893118815, 'D_low': 92.77843014180068, 'k2': 0.0020076256357931784, 'D_high': 4523551.860203483, 'fire_exp': 1.1691344419654197, 'P_half': 58.574781228853006, 'pre_dampen_half': 32.15886621287756, 'gpp_af': 0.03307830444905289, 'gpp_b': 2.2208755332468367e-05, 'gpp_d': 519.5635162930408, 'ign_k': 0.20504120525557248, 'ign_c': 1.1243006820512775, 'trop_agb_crit': 4.2861164854190275, 'trop_k_veg': 5.893891510873323, 'pop_amp': 0.0016848169029388418, 'pop_peak': 0.3535247091921738, 'pop_sig': 0.4830667794411065}. Best is trial 1128 with value: -0.620386984093161.
[I 2026-08-20 01:10:43,129] Trial 1865 finished with value: 0.44819058523425037 and parameters: {'k1': 0.00342124840939156, 'D_low': 7262.457936466081, 'k2': 0.005983949730907878, 'D_high': 197041.9453142768, 'fire_exp': 1.8907995975349194, 'P_half': 406.9972592144151, 'pre_dampen_half': 9.21171534684598, 'gpp_af': 0.48579305241089754, 'gpp_b': 0.00011521490289082525, 'gpp_d': 145.10153516597015, 'ign_k': 0.14495615285931207, 'ign_c': 0.31139077557074746, 'trop_agb_crit': 2.476558467430739, 'trop_k_veg': 0.8660002193938692, 'pop_amp': 3.652793830119277, 'pop_peak': 545.7335062778494, 'pop_sig': 2.0880322708751007}. Best is trial 1128 with value: -0.620386984093161.
[I 2026-08-20 01:10:45,419] Trial 1866 finished with value: 0.4073665700179452 and parameters: {'k1': 0.014005023386641903, 'D_low': 8.640369460947845, 'k2': 0.0001705900581179533, 'D_high': 4850473.296524137, 'fire_exp': 2.999092280134348, 'P_half': 29.047273082493657, 'pre_dampen_half': 34.80298233065332, 'gpp_af': 0.011359554776019389, 'gpp_b': 1.605004338615151e-05, 'gpp_d': 486.96990354670356, 'ign_k': 3.044328438986059, 'ign_c': 18.076398072886274, 'trop_agb_crit': 6.8843352515709535, 'trop_k_veg': 3.4150601849433047, 'pop_amp': 0.0026703816049273373, 'pop_peak': 52.67783966767612, 'pop_sig': 0.46021456925368165}. Best is trial 1128 with value: -0.620386984093161.
[I 2026-08-20 01:10:47,261] Trial 1867 finished with value: 0.4125328097244423 and parameters: {'k1': 0.010299439435790043, 'D_low': 99.81596265276538, 'k2': 0.03236866696501079, 'D_high': 431725.93788628886, 'fire_exp': 1.744391990065209, 'P_half': 19.407449123658804, 'pre_dampen_half': 1.693088136056725, 'gpp_af': 0.16511034407524122, 'gpp_b': 1.5279095206050062e-05, 'gpp_d': 14.901428137393404, 'ign_k': 4.27549155945548, 'ign_c': 11.280953464361927, 'trop_agb_crit': 4.075544742210669, 'trop_k_veg': 4.07592212228045, 'pop_amp': 0.0010051190577645623, 'pop_peak': 0.7667201662730965, 'pop_sig': 0.8000532259324533}. Best is trial 1128 with value: -0.620386984093161.
[I 2026-08-20 01:10:49,081] Trial 1868 finished with value: 0.44218408877235016 and parameters: {'k1': 0.0001054625906475229, 'D_low': 4.850164541166577, 'k2': 0.020540530769467456, 'D_high': 1429110.136706793, 'fire_exp': 1.4288437489041823, 'P_half': 24.45423547858929, 'pre_dampen_half': 17.840884398627033, 'gpp_af': 1.9530708818472764, 'gpp_b': 0.0004556283735944097, 'gpp_d': 384.1002075421291, 'ign_k': 6.026486067632575, 'ign_c': 8.191426485109751, 'trop_agb_crit': 7.677802992318007, 'trop_k_veg': 7.332216382867748, 'pop_amp': 0.006521373296818784, 'pop_peak': 2.5871542379056933, 'pop_sig': 0.3443440558208475}. Best is trial 1128 with value: -0.620386984093161.
[I 2026-08-20 01:10:50,897] Trial 1869 finished with value: 0.596036103362822 and parameters: {'k1': 0.0005497453997149321, 'D_low': 5.7920879250338215, 'k2': 7.974350225293775e-05, 'D_high': 12212.698199515698, 'fire_exp': 5.968053701695662, 'P_half': 825.30634339915, 'pre_dampen_half': 0.036040846929112, 'gpp_af': 0.1621582972044875, 'gpp_b': 0.012409916529952873, 'gpp_d': 7.790553724735925, 'ign_k': 0.07884421732594157, 'ign_c': 14.427787199156786, 'trop_agb_crit': 2.4951259684617715, 'trop_k_veg': 1.5222779652866136, 'pop_amp': 0.03250816634262411, 'pop_peak': 0.2760948279091473, 'pop_sig': 0.6596233085410397}. Best is trial 1128 with value: -0.620386984093161.
[I 2026-08-20 01:10:52,743] Trial 1870 finished with value: 0.44368708257556555 and parameters: {'k1': 0.018154656620255866, 'D_low': 3196.688995918972, 'k2': 0.007363277300668693, 'D_high': 2150642.092882827, 'fire_exp': 2.3824432820009966, 'P_half': 26.236745375555184, 'pre_dampen_half': 221.18822554210797, 'gpp_af': 0.18453494307629736, 'gpp_b': 0.004897015230841877, 'gpp_d': 8.22701218697188, 'ign_k': 8.047623738700283, 'ign_c': 9.03532623057873, 'trop_agb_crit': 10.596496608841534, 'trop_k_veg': 0.8668776411782022, 'pop_amp': 0.0015417178834124948, 'pop_peak': 11.703035940835528, 'pop_sig': 1.4634453845110502}. Best is trial 1128 with value: -0.620386984093161.
[I 2026-08-20 01:10:54,551] Trial 1871 finished with value: 0.4200071471021256 and parameters: {'k1': 0.0007359105428492472, 'D_low': 1.1428839412862075, 'k2': 0.0013715131728679229, 'D_high': 700112.2390321102, 'fire_exp': 2.1865429969331585, 'P_half': 11.843210452329219, 'pre_dampen_half': 2.3088215433311747, 'gpp_af': 0.24354645690831503, 'gpp_b': 4.728374925799336e-05, 'gpp_d': 24.92578224499915, 'ign_k': 3.468779128120033, 'ign_c': 4.346640091554575, 'trop_agb_crit': 2.8545271928304334, 'trop_k_veg': 6.603022383686628, 'pop_amp': 0.005758521525115951, 'pop_peak': 1.6866123212773023, 'pop_sig': 0.5692537412547068}. Best is trial 1128 with value: -0.620386984093161.
[I 2026-08-20 01:10:56,376] Trial 1872 finished with value: -0.5947830333955337 and parameters: {'k1': 0.00031643698560680073, 'D_low': 3.4109407921365498, 'k2': 0.0041367460214433585, 'D_high': 536347.3452757264, 'fire_exp': 1.8190138643844904, 'P_half': 34.15808871227158, 'pre_dampen_half': 18.696908106660224, 'gpp_af': 0.003151511906337394, 'gpp_b': 0.0001968242790262349, 'gpp_d': 5.568234542915367, 'ign_k': 1.7604466821061682, 'ign_c': 16.55297767574912, 'trop_agb_crit': 2.349633792944505, 'trop_k_veg': 7.920961895207373, 'pop_amp': 0.0033287739365381705, 'pop_peak': 2.8619135033573024, 'pop_sig': 0.2669391648030519}. Best is trial 1128 with value: -0.620386984093161.
[I 2026-08-20 01:10:58,204] Trial 1873 finished with value: -0.5667378223746745 and parameters: {'k1': 0.00011248214289805026, 'D_low': 43.415247335846836, 'k2': 0.001994911114371343, 'D_high': 1002188.616516048, 'fire_exp': 1.7084790811598998, 'P_half': 517.5684943144498, 'pre_dampen_half': 74.07306358400314, 'gpp_af': 0.018499502744363457, 'gpp_b': 0.00029551615254952624, 'gpp_d': 0.36394067824318294, 'ign_k': 2.1499207145206034, 'ign_c': 5.087140744628107, 'trop_agb_crit': 5.884842816058072, 'trop_k_veg': 4.027186887572439, 'pop_amp': 0.02064067977182723, 'pop_peak': 57.20089653456814, 'pop_sig': 0.251552412850466}. Best is trial 1128 with value: -0.620386984093161.
[I 2026-08-20 01:11:00,041] Trial 1874 finished with value: 0.5393245094691101 and parameters: {'k1': 0.02096468635300366, 'D_low': 59.56753779724922, 'k2': 8.831535658113468e-05, 'D_high': 17136.695430849315, 'fire_exp': 1.342944932675512, 'P_half': 54.08285409821024, 'pre_dampen_half': 1.0313160044318055, 'gpp_af': 0.005651129843921941, 'gpp_b': 9.310893822263241e-05, 'gpp_d': 208.47670683743374, 'ign_k': 3.7415977170770596, 'ign_c': 0.5663724436325891, 'trop_agb_crit': 5.667604866857926, 'trop_k_veg': 6.514748414363495, 'pop_amp': 0.0011271120516599719, 'pop_peak': 14.6829261667557, 'pop_sig': 0.580195300269526}. Best is trial 1128 with value: -0.620386984093161.
[I 2026-08-20 01:11:01,871] Trial 1875 finished with value: 0.6445374145881376 and parameters: {'k1': 0.0005670796331277418, 'D_low': 36.584937519431584, 'k2': 0.010908627161995433, 'D_high': 1133081.0355900067, 'fire_exp': 1.1188335872093456, 'P_half': 34.00997696148286, 'pre_dampen_half': 6.626397443440042, 'gpp_af': 0.003756455148671426, 'gpp_b': 9.869706328691617e-05, 'gpp_d': 1.922931019163423, 'ign_k': 0.4988339856842976, 'ign_c': 141.05652483125183, 'trop_agb_crit': 1.7649214899637709, 'trop_k_veg': 3.5903111825307605, 'pop_amp': 0.007197256333815241, 'pop_peak': 2.2239133673850944, 'pop_sig': 0.2818402536076314}. Best is trial 1128 with value: -0.620386984093161.
[I 2026-08-20 01:11:03,697] Trial 1876 finished with value: 0.5303306074194971 and parameters: {'k1': 0.00023493025651281555, 'D_low': 1.1587874511255223, 'k2': 0.035133036239653186, 'D_high': 50477.13927354693, 'fire_exp': 3.256587594450375, 'P_half': 25.53720624013097, 'pre_dampen_half': 4.088615686497709, 'gpp_af': 0.05945489607527363, 'gpp_b': 0.003458724206624064, 'gpp_d': 7.685187229656492, 'ign_k': 3.7548674749059914, 'ign_c': 17.846130772198208, 'trop_agb_crit': 1.7024391392132283, 'trop_k_veg': 3.069573790210028, 'pop_amp': 0.04830463883749811, 'pop_peak': 2.29917654115887, 'pop_sig': 0.27527279913834063}. Best is trial 1128 with value: -0.620386984093161.
[I 2026-08-20 01:11:05,949] Trial 1877 finished with value: 0.4647426565029382 and parameters: {'k1': 0.0005732140219111233, 'D_low': 3.560335133112103, 'k2': 0.004597402312521089, 'D_high': 9061471.99211628, 'fire_exp': 2.386822163517917, 'P_half': 63.436725429148225, 'pre_dampen_half': 0.5923727615344693, 'gpp_af': 0.38017498744567735, 'gpp_b': 1.1544332713315886e-05, 'gpp_d': 537.2910616520024, 'ign_k': 0.31829400282686554, 'ign_c': 13.878736447223414, 'trop_agb_crit': 3.9609700774805576, 'trop_k_veg': 7.178570249246134, 'pop_amp': 0.0014949997462330136, 'pop_peak': 1.5529695934115564, 'pop_sig': 0.6760351602642073}. Best is trial 1128 with value: -0.620386984093161.
[I 2026-08-20 01:11:07,748] Trial 1878 finished with value: 0.4554847184514841 and parameters: {'k1': 0.0010827482724554715, 'D_low': 2.804330726655079, 'k2': 0.03898524956405589, 'D_high': 2035534.588642756, 'fire_exp': 1.3658828031695591, 'P_half': 29.22883385008123, 'pre_dampen_half': 127.78039408268225, 'gpp_af': 0.01775814381975228, 'gpp_b': 0.0005700145493633118, 'gpp_d': 9.096447778074511, 'ign_k': 1.9334206599535493, 'ign_c': 15.458545081883724, 'trop_agb_crit': 1.367924407296459, 'trop_k_veg': 3.7437397971522697, 'pop_amp': 0.006545335946487847, 'pop_peak': 3.3703351460729363, 'pop_sig': 0.5169244154021079}. Best is trial 1128 with value: -0.620386984093161.
[I 2026-08-20 01:11:09,564] Trial 1879 finished with value: 0.443998625459355 and parameters: {'k1': 0.032747870034180795, 'D_low': 56.93151952739359, 'k2': 0.00013038183175415196, 'D_high': 72424.82539160334, 'fire_exp': 1.2588912776108006, 'P_half': 33.15516673287733, 'pre_dampen_half': 2.38741204453347, 'gpp_af': 0.002182537268321987, 'gpp_b': 0.00035937928191964627, 'gpp_d': 12.597787367937642, 'ign_k': 4.356435910483258, 'ign_c': 17.199170780909913, 'trop_agb_crit': 5.030895921968725, 'trop_k_veg': 3.5632142303329113, 'pop_amp': 0.0016486812121317563, 'pop_peak': 146.7730795435415, 'pop_sig': 0.8907707656133182}. Best is trial 1128 with value: -0.620386984093161.
[I 2026-08-20 01:11:11,365] Trial 1880 finished with value: 0.5025100994487423 and parameters: {'k1': 0.0010413108610729785, 'D_low': 86.8247204305327, 'k2': 0.003173665743755402, 'D_high': 989353.4348605103, 'fire_exp': 2.254800839876554, 'P_half': 16.320670836766443, 'pre_dampen_half': 4.241350421718316, 'gpp_af': 0.006067235952990655, 'gpp_b': 0.0007860584206903664, 'gpp_d': 1.1692042950852495, 'ign_k': 1.445043973389005, 'ign_c': 22.662725335979072, 'trop_agb_crit': 3.1344290271000226, 'trop_k_veg': 3.3267374713872555, 'pop_amp': 0.0026051122007635817, 'pop_peak': 25.782902522325273, 'pop_sig': 0.30280574291433054}. Best is trial 1128 with value: -0.620386984093161.
[I 2026-08-20 01:11:13,165] Trial 1881 finished with value: 0.6445374145881376 and parameters: {'k1': 0.0006130500143347358, 'D_low': 42.77166477788993, 'k2': 0.0007209391042397175, 'D_high': 2227001.524110031, 'fire_exp': 2.163968457926258, 'P_half': 668.6950778229477, 'pre_dampen_half': 8.282165194887483, 'gpp_af': 0.0019421441964288181, 'gpp_b': 2.0053227484265884e-05, 'gpp_d': 177.10381182526817, 'ign_k': 0.49295243573360664, 'ign_c': 131.3637352853561, 'trop_agb_crit': 2.7079817342504726, 'trop_k_veg': 7.092911987552857, 'pop_amp': 0.0037891927867139082, 'pop_peak': 3.607330018120058, 'pop_sig': 0.5368657874363745}. Best is trial 1128 with value: -0.620386984093161.
[I 2026-08-20 01:11:14,999] Trial 1882 finished with value: 0.47799263951055804 and parameters: {'k1': 4.2389608509591155e-05, 'D_low': 13.308213467452212, 'k2': 0.08601531619775465, 'D_high': 1805981.471396841, 'fire_exp': 1.0868863809318259, 'P_half': 11.50702973079679, 'pre_dampen_half': 411.3574343538569, 'gpp_af': 0.0032599489785341317, 'gpp_b': 8.781133931596155e-05, 'gpp_d': 13.415254254246449, 'ign_k': 0.5886349393852475, 'ign_c': 4.217735262871394, 'trop_agb_crit': 3.1914789994809394, 'trop_k_veg': 7.145706901642453, 'pop_amp': 0.002620094547466529, 'pop_peak': 0.6356162258922493, 'pop_sig': 0.25065626683958403}. Best is trial 1128 with value: -0.620386984093161.
[I 2026-08-20 01:11:16,839] Trial 1883 finished with value: 0.6445374145881376 and parameters: {'k1': 0.0006391144183947778, 'D_low': 16.587298455063348, 'k2': 0.05607412008357467, 'D_high': 683477.7143436476, 'fire_exp': 3.1178912023583427, 'P_half': 81.61560586421125, 'pre_dampen_half': 7.464239724247695, 'gpp_af': 0.36353647956209145, 'gpp_b': 2.5162604540829876e-05, 'gpp_d': 43.56515001489751, 'ign_k': 2.091125657089586, 'ign_c': 81.96014058936507, 'trop_agb_crit': 5.753229770480519, 'trop_k_veg': 6.675821794592136, 'pop_amp': 0.004700996109078009, 'pop_peak': 3.5413959028730955, 'pop_sig': 0.5265070325946348}. Best is trial 1128 with value: -0.620386984093161.
[I 2026-08-20 01:11:18,652] Trial 1884 finished with value: 0.5484965162043738 and parameters: {'k1': 0.0005552352657136318, 'D_low': 34.22993550576692, 'k2': 0.016283172709028983, 'D_high': 41024.393149166295, 'fire_exp': 2.0839558333559034, 'P_half': 14.936099905930378, 'pre_dampen_half': 0.0802934205279616, 'gpp_af': 0.0030261936338909223, 'gpp_b': 1.6320596776831466e-05, 'gpp_d': 416.07582197326656, 'ign_k': 0.7147750384620201, 'ign_c': 1.019897754380904, 'trop_agb_crit': 5.271705240259242, 'trop_k_veg': 6.307785021573381, 'pop_amp': 0.005936810823289075, 'pop_peak': 1.0565652251424948, 'pop_sig': 0.5226431681603091}. Best is trial 1128 with value: -0.620386984093161.
[I 2026-08-20 01:11:20,467] Trial 1885 finished with value: 0.6304207761060426 and parameters: {'k1': 0.0003619810486368969, 'D_low': 198.7604459756969, 'k2': 0.03080627832146357, 'D_high': 962489.3497829514, 'fire_exp': 2.4553191065971083, 'P_half': 2.170501620707667, 'pre_dampen_half': 0.16791554626353744, 'gpp_af': 1.0968954412718557, 'gpp_b': 1.0732633198965024e-05, 'gpp_d': 392.85927564799255, 'ign_k': 2.4678752448672805, 'ign_c': 32.09422078514796, 'trop_agb_crit': 18.38327121580477, 'trop_k_veg': 1.5928646486765912, 'pop_amp': 1.9282401318832028, 'pop_peak': 109.98925656096777, 'pop_sig': 0.5745873935570224}. Best is trial 1128 with value: -0.620386984093161.
[I 2026-08-20 01:11:22,260] Trial 1886 finished with value: 0.39615806641123985 and parameters: {'k1': 0.0030202202933073004, 'D_low': 1799.9070537566067, 'k2': 0.005279931696501549, 'D_high': 3415878.8392272466, 'fire_exp': 5.868620459670898, 'P_half': 99.8587071593156, 'pre_dampen_half': 27.18778636953443, 'gpp_af': 0.22542748483456243, 'gpp_b': 0.0003900341371901435, 'gpp_d': 764.1354948311849, 'ign_k': 6.279878255448445, 'ign_c': 0.12352742650583957, 'trop_agb_crit': 9.072995769319244, 'trop_k_veg': 2.178997047017367, 'pop_amp': 1.4225444738017015, 'pop_peak': 3.5606202510400773, 'pop_sig': 1.4274335435244812}. Best is trial 1128 with value: -0.620386984093161.
[I 2026-08-20 01:11:24,041] Trial 1887 finished with value: 0.6390383030580612 and parameters: {'k1': 0.003209773814525435, 'D_low': 3.2757898270342176, 'k2': 0.0007690465254649718, 'D_high': 1471836.8161637562, 'fire_exp': 2.5184351936741294, 'P_half': 31.483408522806425, 'pre_dampen_half': 32.39086721265943, 'gpp_af': 0.0037742534077060907, 'gpp_b': 0.00011222506350932852, 'gpp_d': 240.89108726651895, 'ign_k': 0.7022259376119602, 'ign_c': 45.740442893094915, 'trop_agb_crit': 2.4410529127606178, 'trop_k_veg': 7.386578247539426, 'pop_amp': 0.0064842329843731, 'pop_peak': 12.15720250719379, 'pop_sig': 0.25607101150869216}. Best is trial 1128 with value: -0.620386984093161.
