[I 2026-07-22 20:45:58,038] Trial 1434 finished with values: [-0.7668341820076846, 0.04050875199540738] and parameters: {'k1': 0.028401063201780267, 'D_low': 216.6574784061471, 'k2': 0.00016536937182824412, 'D_high': 6525529.853354094, 'fire_exp': 1.5191397119156032, 'P_half': 157.80309954142965, 'pre_dampen_half': 8.259599205585763, 'gpp_af': 0.007914355321045717, 'gpp_b': 0.00012118589392553798, 'gpp_d': 12.338826503601998, 'ign_k': 3.965503094323014, 'ign_c': 22.126836566118193, 'trop_agb_crit': 13.050465147768051, 'trop_k_veg': 2.724170387400844, 'fuel_k': 4.5009330622799215, 'fuel_half': 29.080029827895537}.
[I 2026-07-22 20:45:58,461] Trial 1435 finished with values: [10.113714182816908, 10.113714182816908] and parameters: {'k1': 0.08683183082509353, 'D_low': 16.00237013173313, 'k2': 0.014666151770108535, 'D_high': 6525529.853354094, 'fire_exp': 1.5532616753672623, 'P_half': 157.80309954142965, 'pre_dampen_half': 8.259599205585763, 'gpp_af': 0.059905273073812965, 'gpp_b': 0.0028993292583566945, 'gpp_d': 352.0481045526035, 'ign_k': 3.965503094323014, 'ign_c': 22.126836566118193, 'trop_agb_crit': 1.0053374252510665, 'trop_k_veg': 2.724170387400844, 'fuel_k': 0.6149834196910364, 'fuel_half': 0.6603566884894324}.
[I 2026-07-22 20:45:58,890] Trial 1436 finished with values: [-0.7851269211196761, 0.04836364317767328] and parameters: {'k1': 0.028401063201780267, 'D_low': 2240.9155921647994, 'k2': 0.0035124122305121006, 'D_high': 6525529.853354094, 'fire_exp': 1.5191397119156032, 'P_half': 355.00125258511594, 'pre_dampen_half': 16.224010950061366, 'gpp_af': 0.03522602097143089, 'gpp_b': 0.00012118589392553798, 'gpp_d': 12.338826503601998, 'ign_k': 3.965503094323014, 'ign_c': 22.126836566118193, 'trop_agb_crit': 6.187033415477641, 'trop_k_veg': 4.5784420637928775, 'fuel_k': 0.6149834196910364, 'fuel_half': 0.6603566884894324}.
[I 2026-07-22 20:45:59,321] Trial 1437 finished with values: [10.253549827271137, 10.253549827271137] and parameters: {'k1': 5.006402338982993e-05, 'D_low': 3103.3332277537256, 'k2': 0.026481893558424535, 'D_high': 2413579.2291304003, 'fire_exp': 1.5948485434369246, 'P_half': 50.34696988263488, 'pre_dampen_half': 8.259599205585763, 'gpp_af': 0.03522602097143089, 'gpp_b': 0.0028993292583566945, 'gpp_d': 12.338826503601998, 'ign_k': 2.136832907235876, 'ign_c': 22.126836566118193, 'trop_agb_crit': 5.526463318565575, 'trop_k_veg': 4.776259022974975, 'fuel_k': 0.5118852925133749, 'fuel_half': 0.6603566884894324}.
[I 2026-07-22 20:45:59,775] Trial 1438 finished with values: [-0.7339516859377625, 0.023241204288437567] and parameters: {'k1': 0.028401063201780267, 'D_low': 16.00237013173313, 'k2': 0.00033271381912662167, 'D_high': 6525529.853354094, 'fire_exp': 1.5948485434369246, 'P_half': 50.34696988263488, 'pre_dampen_half': 8.259599205585763, 'gpp_af': 0.03522602097143089, 'gpp_b': 0.004458440839692221, 'gpp_d': 12.338826503601998, 'ign_k': 3.965503094323014, 'ign_c': 22.126836566118193, 'trop_agb_crit': 5.526463318565575, 'trop_k_veg': 4.105599926384157, 'fuel_k': 0.5118852925133749, 'fuel_half': 0.6603566884894324}.
[I 2026-07-22 20:46:00,220] Trial 1439 finished with values: [10.284108263085034, 10.284108263085034] and parameters: {'k1': 0.0002958267235643845, 'D_low': 3103.3332277537256, 'k2': 0.014666151770108535, 'D_high': 6525529.853354094, 'fire_exp': 1.3230624590942492, 'P_half': 355.00125258511594, 'pre_dampen_half': 8.259599205585763, 'gpp_af': 0.03522602097143089, 'gpp_b': 2.0268065011320596e-05, 'gpp_d': 352.0481045526035, 'ign_k': 3.965503094323014, 'ign_c': 22.126836566118193, 'trop_agb_crit': 5.526463318565575, 'trop_k_veg': 4.050700716504253, 'fuel_k': 4.710433409437071, 'fuel_half': 1.3323297901105766}.
[I 2026-07-22 20:46:00,648] Trial 1440 finished with values: [10.47473377758889, 10.47473377758889] and parameters: {'k1': 0.028401063201780267, 'D_low': 16.00237013173313, 'k2': 0.014666151770108535, 'D_high': 6525529.853354094, 'fire_exp': 1.5532616753672623, 'P_half': 10.725779915372891, 'pre_dampen_half': 16.224010950061366, 'gpp_af': 0.059905273073812965, 'gpp_b': 0.00012118589392553798, 'gpp_d': 12.338826503601998, 'ign_k': 2.7142572552186843, 'ign_c': 22.126836566118193, 'trop_agb_crit': 26.951029433343408, 'trop_k_veg': 6.02985034296454, 'fuel_k': 0.014634187688176314, 'fuel_half': 6.477185855917802}.
[I 2026-07-22 20:46:01,078] Trial 1441 finished with values: [10.754267072169739, 10.754267072169739] and parameters: {'k1': 0.028401063201780267, 'D_low': 16.00237013173313, 'k2': 0.0012397054908843052, 'D_high': 693439.2750387826, 'fire_exp': 1.5948485434369246, 'P_half': 157.80309954142965, 'pre_dampen_half': 8.259599205585763, 'gpp_af': 0.00978336290980289, 'gpp_b': 0.13168596206969851, 'gpp_d': 12.338826503601998, 'ign_k': 3.965503094323014, 'ign_c': 22.126836566118193, 'trop_agb_crit': 6.187033415477641, 'trop_k_veg': 4.776259022974975, 'fuel_k': 0.6149834196910364, 'fuel_half': 0.6603566884894324}.
[I 2026-07-22 20:46:01,516] Trial 1442 finished with values: [10.265049834245511, 10.265049834245511] and parameters: {'k1': 0.028401063201780267, 'D_low': 16.00237013173313, 'k2': 0.00016536937182824412, 'D_high': 693439.2750387826, 'fire_exp': 1.5948485434369246, 'P_half': 50.34696988263488, 'pre_dampen_half': 8.259599205585763, 'gpp_af': 0.007914355321045717, 'gpp_b': 0.004458440839692221, 'gpp_d': 12.338826503601998, 'ign_k': 3.965503094323014, 'ign_c': 22.126836566118193, 'trop_agb_crit': 5.526463318565575, 'trop_k_veg': 2.724170387400844, 'fuel_k': 0.5118852925133749, 'fuel_half': 0.6603566884894324}.
[I 2026-07-22 20:46:01,943] Trial 1443 finished with values: [10.412159421283791, 10.412159421283791] and parameters: {'k1': 0.08683183082509353, 'D_low': 16.00237013173313, 'k2': 1.7745670917202122e-05, 'D_high': 6525529.853354094, 'fire_exp': 1.1106039446900404, 'P_half': 12.002808592678374, 'pre_dampen_half': 8.259599205585763, 'gpp_af': 0.03522602097143089, 'gpp_b': 0.0028993292583566945, 'gpp_d': 3.6518526344448548, 'ign_k': 0.03430485059177825, 'ign_c': 22.126836566118193, 'trop_agb_crit': 13.050465147768051, 'trop_k_veg': 6.02985034296454, 'fuel_k': 0.6149834196910364, 'fuel_half': 0.6603566884894324}.
[I 2026-07-22 20:46:02,388] Trial 1444 finished with values: [-0.5611219080351474, 0.16858349303303188] and parameters: {'k1': 0.0008685306488754917, 'D_low': 216.6574784061471, 'k2': 0.0012397054908843052, 'D_high': 693439.2750387826, 'fire_exp': 1.5189894598246036, 'P_half': 157.80309954142965, 'pre_dampen_half': 8.259599205585763, 'gpp_af': 0.00978336290980289, 'gpp_b': 0.0004282509714243062, 'gpp_d': 12.338826503601998, 'ign_k': 0.029937262613128835, 'ign_c': 0.304859688781269, 'trop_agb_crit': 6.187033415477641, 'trop_k_veg': 4.776259022974975, 'fuel_k': 0.6149834196910364, 'fuel_half': 0.6603566884894324}.
[I 2026-07-22 20:46:02,816] Trial 1445 finished with values: [-0.7629073453524997, 0.047505607985610654] and parameters: {'k1': 0.08683183082509353, 'D_low': 216.6574784061471, 'k2': 0.00033271381912662167, 'D_high': 6525529.853354094, 'fire_exp': 1.156740436550563, 'P_half': 12.002808592678374, 'pre_dampen_half': 16.224010950061366, 'gpp_af': 0.03522602097143089, 'gpp_b': 0.0028993292583566945, 'gpp_d': 352.0481045526035, 'ign_k': 3.965503094323014, 'ign_c': 22.126836566118193, 'trop_agb_crit': 9.341194710265947, 'trop_k_veg': 6.02985034296454, 'fuel_k': 0.07002142869039267, 'fuel_half': 0.6603566884894324}.
[I 2026-07-22 20:46:03,250] Trial 1446 finished with values: [10.76923076903347, 10.76923076903347] and parameters: {'k1': 0.028401063201780267, 'D_low': 2240.9155921647994, 'k2': 0.00016536937182824412, 'D_high': 6525529.853354094, 'fire_exp': 1.4679663055230616, 'P_half': 157.80309954142965, 'pre_dampen_half': 14.689407256107613, 'gpp_af': 0.03522602097143089, 'gpp_b': 0.00012118589392553798, 'gpp_d': 12.338826503601998, 'ign_k': 3.965503094323014, 'ign_c': 101.09092984143018, 'trop_agb_crit': 26.951029433343408, 'trop_k_veg': 2.724170387400844, 'fuel_k': 0.6149834196910364, 'fuel_half': 71.14476009343416}.
[I 2026-07-22 20:46:03,676] Trial 1447 finished with values: [10.67613033465592, 10.67613033465592] and parameters: {'k1': 0.0008685306488754917, 'D_low': 216.6574784061471, 'k2': 0.00016536937182824412, 'D_high': 6525529.853354094, 'fire_exp': 1.5191397119156032, 'P_half': 157.80309954142965, 'pre_dampen_half': 0.022648441513416447, 'gpp_af': 0.007914355321045717, 'gpp_b': 0.00012118589392553798, 'gpp_d': 12.338826503601998, 'ign_k': 3.965503094323014, 'ign_c': 22.126836566118193, 'trop_agb_crit': 13.050465147768051, 'trop_k_veg': 2.724170387400844, 'fuel_k': 0.6149834196910364, 'fuel_half': 0.6603566884894324}.
[I 2026-07-22 20:46:04,106] Trial 1448 finished with values: [10.727396907180879, 10.727396907180879] and parameters: {'k1': 0.00021153782194224395, 'D_low': 2240.9155921647994, 'k2': 0.004695480001817501, 'D_high': 6525529.853354094, 'fire_exp': 1.2585476857229763, 'P_half': 355.00125258511594, 'pre_dampen_half': 8.259599205585763, 'gpp_af': 0.03522602097143089, 'gpp_b': 0.00012118589392553798, 'gpp_d': 12.338826503601998, 'ign_k': 2.136832907235876, 'ign_c': 0.20927630382208162, 'trop_agb_crit': 8.65937260774655, 'trop_k_veg': 4.5784420637928775, 'fuel_k': 0.6149834196910364, 'fuel_half': 0.6603566884894324}.
[I 2026-07-22 20:46:04,532] Trial 1449 finished with values: [10.83875966718703, 10.83875966718703] and parameters: {'k1': 0.0008685306488754917, 'D_low': 216.6574784061471, 'k2': 0.00033271381912662167, 'D_high': 6525529.853354094, 'fire_exp': 1.5191397119156032, 'P_half': 157.80309954142965, 'pre_dampen_half': 8.259599205585763, 'gpp_af': 0.0176901289740541, 'gpp_b': 0.0004282509714243062, 'gpp_d': 12.338826503601998, 'ign_k': 3.965503094323014, 'ign_c': 2.624733216373653, 'trop_agb_crit': 6.187033415477641, 'trop_k_veg': 2.724170387400844, 'fuel_k': 0.6149834196910364, 'fuel_half': 0.6603566884894324}.
[I 2026-07-22 20:46:04,961] Trial 1450 finished with values: [10.042376564101469, 10.042376564101469] and parameters: {'k1': 0.028401063201780267, 'D_low': 2240.9155921647994, 'k2': 0.0006863458703786212, 'D_high': 6525529.853354094, 'fire_exp': 1.5191397119156032, 'P_half': 157.80309954142965, 'pre_dampen_half': 8.259599205585763, 'gpp_af': 0.007914355321045717, 'gpp_b': 0.0004282509714243062, 'gpp_d': 511.2443931364675, 'ign_k': 3.965503094323014, 'ign_c': 22.126836566118193, 'trop_agb_crit': 26.951029433343408, 'trop_k_veg': 2.724170387400844, 'fuel_k': 0.6149834196910364, 'fuel_half': 0.6603566884894324}.
[I 2026-07-22 20:46:05,387] Trial 1451 finished with values: [-0.7920593369129336, 0.05031684550274984] and parameters: {'k1': 0.004723790048317697, 'D_low': 216.6574784061471, 'k2': 0.00033271381912662167, 'D_high': 6525529.853354094, 'fire_exp': 1.5191397119156032, 'P_half': 157.80309954142965, 'pre_dampen_half': 8.259599205585763, 'gpp_af': 0.03522602097143089, 'gpp_b': 0.0004282509714243062, 'gpp_d': 12.338826503601998, 'ign_k': 3.965503094323014, 'ign_c': 22.126836566118193, 'trop_agb_crit': 13.050465147768051, 'trop_k_veg': 3.2822379364447407, 'fuel_k': 0.6149834196910364, 'fuel_half': 0.6603566884894324}.
[I 2026-07-22 20:46:05,821] Trial 1452 finished with values: [10.182100611941987, 10.182100611941987] and parameters: {'k1': 0.028401063201780267, 'D_low': 2240.9155921647994, 'k2': 0.004695480001817501, 'D_high': 6525529.853354094, 'fire_exp': 1.7142304893572406, 'P_half': 157.80309954142965, 'pre_dampen_half': 16.224010950061366, 'gpp_af': 0.7248417777477646, 'gpp_b': 0.00012118589392553798, 'gpp_d': 12.338826503601998, 'ign_k': 3.965503094323014, 'ign_c': 22.126836566118193, 'trop_agb_crit': 8.65937260774655, 'trop_k_veg': 4.5784420637928775, 'fuel_k': 1.3435190130425099, 'fuel_half': 0.6603566884894324}.
[I 2026-07-22 20:46:06,250] Trial 1453 finished with values: [-0.7949895812280509, 0.043245010373143544] and parameters: {'k1': 0.028401063201780267, 'D_low': 2240.9155921647994, 'k2': 0.0006863458703786212, 'D_high': 6525529.853354094, 'fire_exp': 1.5704801393982246, 'P_half': 157.80309954142965, 'pre_dampen_half': 16.224010950061366, 'gpp_af': 0.007914355321045717, 'gpp_b': 0.00012118589392553798, 'gpp_d': 12.338826503601998, 'ign_k': 2.7142572552186843, 'ign_c': 22.126836566118193, 'trop_agb_crit': 12.647327018493208, 'trop_k_veg': 2.724170387400844, 'fuel_k': 0.6149834196910364, 'fuel_half': 0.6603566884894324}.
[I 2026-07-22 20:46:06,682] Trial 1454 finished with values: [10.299952772608073, 10.299952772608073] and parameters: {'k1': 0.028401063201780267, 'D_low': 216.6574784061471, 'k2': 0.0006863458703786212, 'D_high': 2413579.2291304003, 'fire_exp': 1.2925223374952708, 'P_half': 157.80309954142965, 'pre_dampen_half': 8.259599205585763, 'gpp_af': 0.06450597652420033, 'gpp_b': 0.03647243401543446, 'gpp_d': 12.338826503601998, 'ign_k': 2.136832907235876, 'ign_c': 22.126836566118193, 'trop_agb_crit': 13.050465147768051, 'trop_k_veg': 2.724170387400844, 'fuel_k': 0.10978148458640455, 'fuel_half': 0.6603566884894324}.
[I 2026-07-22 20:46:07,108] Trial 1455 finished with values: [-0.7557318674028058, 0.02324795181342154] and parameters: {'k1': 0.028401063201780267, 'D_low': 216.6574784061471, 'k2': 0.00033271381912662167, 'D_high': 6525529.853354094, 'fire_exp': 1.2585476857229763, 'P_half': 157.80309954142965, 'pre_dampen_half': 16.224010950061366, 'gpp_af': 0.03522602097143089, 'gpp_b': 0.006495428294418489, 'gpp_d': 12.338826503601998, 'ign_k': 3.965503094323014, 'ign_c': 22.126836566118193, 'trop_agb_crit': 6.187033415477641, 'trop_k_veg': 4.5784420637928775, 'fuel_k': 0.6149834196910364, 'fuel_half': 0.6603566884894324}.
[I 2026-07-22 20:46:07,535] Trial 1456 finished with values: [10.386389772166673, 10.386389772166673] and parameters: {'k1': 0.0002958267235643845, 'D_low': 216.6574784061471, 'k2': 0.00016536937182824412, 'D_high': 6525529.853354094, 'fire_exp': 1.5191397119156032, 'P_half': 157.80309954142965, 'pre_dampen_half': 8.259599205585763, 'gpp_af': 0.03522602097143089, 'gpp_b': 0.00012118589392553798, 'gpp_d': 0.011237143324933916, 'ign_k': 3.965503094323014, 'ign_c': 22.126836566118193, 'trop_agb_crit': 5.526463318565575, 'trop_k_veg': 4.050700716504253, 'fuel_k': 0.6149834196910364, 'fuel_half': 1.3323297901105766}.
[I 2026-07-22 20:46:07,962] Trial 1457 finished with values: [10.11263443008097, 10.11263443008097] and parameters: {'k1': 0.028401063201780267, 'D_low': 2240.9155921647994, 'k2': 0.00033271381912662167, 'D_high': 6525529.853354094, 'fire_exp': 1.5191397119156032, 'P_half': 157.80309954142965, 'pre_dampen_half': 8.259599205585763, 'gpp_af': 0.007914355321045717, 'gpp_b': 0.00012118589392553798, 'gpp_d': 12.338826503601998, 'ign_k': 2.7142572552186843, 'ign_c': 22.126836566118193, 'trop_agb_crit': 6.187033415477641, 'trop_k_veg': 2.724170387400844, 'fuel_k': 0.016620306147390372, 'fuel_half': 0.6603566884894324}.
[I 2026-07-22 20:46:08,390] Trial 1458 finished with values: [-0.7721391630487142, 0.03650572165937038] and parameters: {'k1': 0.0008685306488754917, 'D_low': 216.6574784061471, 'k2': 0.00033271381912662167, 'D_high': 6525529.853354094, 'fire_exp': 1.5191397119156032, 'P_half': 157.80309954142965, 'pre_dampen_half': 8.259599205585763, 'gpp_af': 0.0176901289740541, 'gpp_b': 0.0004282509714243062, 'gpp_d': 12.338826503601998, 'ign_k': 3.965503094323014, 'ign_c': 22.126836566118193, 'trop_agb_crit': 6.187033415477641, 'trop_k_veg': 2.724170387400844, 'fuel_k': 0.6149834196910364, 'fuel_half': 0.6603566884894324}.
[I 2026-07-22 20:46:08,828] Trial 1459 finished with values: [-0.7584168401794574, 0.0385191715880191] and parameters: {'k1': 0.028401063201780267, 'D_low': 16.00237013173313, 'k2': 0.04702255345208716, 'D_high': 2413579.2291304003, 'fire_exp': 1.5532616753672623, 'P_half': 157.80309954142965, 'pre_dampen_half': 15.15235832545264, 'gpp_af': 0.007914355321045717, 'gpp_b': 0.0004282509714243062, 'gpp_d': 3.6518526344448548, 'ign_k': 3.965503094323014, 'ign_c': 22.126836566118193, 'trop_agb_crit': 13.050465147768051, 'trop_k_veg': 6.290382693646065, 'fuel_k': 0.6149834196910364, 'fuel_half': 0.6603566884894324}.
[I 2026-07-22 20:46:09,256] Trial 1460 finished with values: [10.045809157010142, 10.045809157010142] and parameters: {'k1': 0.028401063201780267, 'D_low': 16.00237013173313, 'k2': 0.00033271381912662167, 'D_high': 6525529.853354094, 'fire_exp': 1.156740436550563, 'P_half': 157.80309954142965, 'pre_dampen_half': 8.259599205585763, 'gpp_af': 0.007914355321045717, 'gpp_b': 0.0004282509714243062, 'gpp_d': 12.151631524283598, 'ign_k': 3.965503094323014, 'ign_c': 22.126836566118193, 'trop_agb_crit': 13.050465147768051, 'trop_k_veg': 4.105599926384157, 'fuel_k': 0.6149834196910364, 'fuel_half': 0.6603566884894324}.
  trial 1461/2500  pareto_size=6  best_taylor=0.8012  best_ilamb=0.6064  (10.5 min)
[I 2026-07-22 20:46:09,926] Trial 1461 finished with values: [10.775975000598088, 10.775975000598088] and parameters: {'k1': 0.028401063201780267, 'D_low': 1.6752866684650682, 'k2': 0.0006863458703786212, 'D_high': 6525529.853354094, 'fire_exp': 1.5704801393982246, 'P_half': 50.34696988263488, 'pre_dampen_half': 16.224010950061366, 'gpp_af': 0.007914355321045717, 'gpp_b': 0.00012118589392553798, 'gpp_d': 12.338826503601998, 'ign_k': 2.7142572552186843, 'ign_c': 22.126836566118193, 'trop_agb_crit': 12.647327018493208, 'trop_k_veg': 2.724170387400844, 'fuel_k': 1.3435190130425099, 'fuel_half': 0.6603566884894324}.
[I 2026-07-22 20:46:10,359] Trial 1462 finished with values: [-0.7658083372110552, 0.024130815987462917] and parameters: {'k1': 0.002820290687495313, 'D_low': 2240.9155921647994, 'k2': 0.0006863458703786212, 'D_high': 6525529.853354094, 'fire_exp': 1.7142304893572406, 'P_half': 157.80309954142965, 'pre_dampen_half': 16.224010950061366, 'gpp_af': 0.007914355321045717, 'gpp_b': 0.0004282509714243062, 'gpp_d': 124.54249714337958, 'ign_k': 3.965503094323014, 'ign_c': 22.126836566118193, 'trop_agb_crit': 26.951029433343408, 'trop_k_veg': 2.724170387400844, 'fuel_k': 0.6149834196910364, 'fuel_half': 0.6603566884894324}.
[I 2026-07-22 20:46:10,788] Trial 1463 finished with values: [10.76923076903347, 10.76923076903347] and parameters: {'k1': 0.028401063201780267, 'D_low': 2240.9155921647994, 'k2': 0.00033271381912662167, 'D_high': 6525529.853354094, 'fire_exp': 1.4583372975518283, 'P_half': 157.80309954142965, 'pre_dampen_half': 16.224010950061366, 'gpp_af': 0.03522602097143089, 'gpp_b': 0.00012118589392553798, 'gpp_d': 12.338826503601998, 'ign_k': 3.965503094323014, 'ign_c': 312.4599607438032, 'trop_agb_crit': 10.584071370490857, 'trop_k_veg': 4.5784420637928775, 'fuel_k': 0.07002142869039267, 'fuel_half': 0.6603566884894324}.
[I 2026-07-22 20:46:11,212] Trial 1464 finished with values: [10.452464788701988, 10.452464788701988] and parameters: {'k1': 0.028401063201780267, 'D_low': 216.6574784061471, 'k2': 0.014666151770108535, 'D_high': 6525529.853354094, 'fire_exp': 1.9413231969283669, 'P_half': 355.00125258511594, 'pre_dampen_half': 8.259599205585763, 'gpp_af': 0.007914355321045717, 'gpp_b': 0.0028993292583566945, 'gpp_d': 352.0481045526035, 'ign_k': 3.965503094323014, 'ign_c': 22.126836566118193, 'trop_agb_crit': 5.526463318565575, 'trop_k_veg': 4.050700716504253, 'fuel_k': 0.6149834196910364, 'fuel_half': 0.6603566884894324}.
[I 2026-07-22 20:46:11,648] Trial 1465 finished with values: [10.366020760177422, 10.366020760177422] and parameters: {'k1': 1.0300849794948197e-05, 'D_low': 3103.3332277537256, 'k2': 0.0006863458703786212, 'D_high': 2413579.2291304003, 'fire_exp': 1.7142304893572406, 'P_half': 355.00125258511594, 'pre_dampen_half': 8.259599205585763, 'gpp_af': 0.7248417777477646, 'gpp_b': 0.00012118589392553798, 'gpp_d': 352.0481045526035, 'ign_k': 3.965503094323014, 'ign_c': 22.126836566118193, 'trop_agb_crit': 26.951029433343408, 'trop_k_veg': 0.6984523816770664, 'fuel_k': 4.710433409437071, 'fuel_half': 50.975315433465305}.
[I 2026-07-22 20:46:12,075] Trial 1466 finished with values: [10.097256235772889, 10.097256235772889] and parameters: {'k1': 0.028401063201780267, 'D_low': 216.6574784061471, 'k2': 0.00033271381912662167, 'D_high': 6525529.853354094, 'fire_exp': 1.030878238819558, 'P_half': 102.4585893986732, 'pre_dampen_half': 8.259599205585763, 'gpp_af': 0.03522602097143089, 'gpp_b': 0.00012118589392553798, 'gpp_d': 12.338826503601998, 'ign_k': 3.965503094323014, 'ign_c': 22.126836566118193, 'trop_agb_crit': 26.951029433343408, 'trop_k_veg': 2.724170387400844, 'fuel_k': 0.6149834196910364, 'fuel_half': 71.14476009343416}.
[I 2026-07-22 20:46:12,554] Trial 1467 finished with values: [10.302350870727963, 10.302350870727963] and parameters: {'k1': 1.844061400699247e-05, 'D_low': 216.6574784061471, 'k2': 0.0006863458703786212, 'D_high': 6525529.853354094, 'fire_exp': 1.7142304893572406, 'P_half': 157.80309954142965, 'pre_dampen_half': 4.675600137562565, 'gpp_af': 0.03522602097143089, 'gpp_b': 0.00012118589392553798, 'gpp_d': 12.338826503601998, 'ign_k': 3.965503094323014, 'ign_c': 22.126836566118193, 'trop_agb_crit': 13.050465147768051, 'trop_k_veg': 2.724170387400844, 'fuel_k': 0.6149834196910364, 'fuel_half': 0.6603566884894324}.
[I 2026-07-22 20:46:12,996] Trial 1468 finished with values: [12.261009959121637, 12.261009959121637] and parameters: {'k1': 0.0008685306488754917, 'D_low': 7.125621386178505, 'k2': 0.00033271381912662167, 'D_high': 6525529.853354094, 'fire_exp': 1.010784395776661, 'P_half': 157.80309954142965, 'pre_dampen_half': 8.259599205585763, 'gpp_af': 0.0176901289740541, 'gpp_b': 0.0004282509714243062, 'gpp_d': 12.151631524283598, 'ign_k': 3.965503094323014, 'ign_c': 4.876823527429814, 'trop_agb_crit': 13.050465147768051, 'trop_k_veg': 2.724170387400844, 'fuel_k': 0.6149834196910364, 'fuel_half': 0.6603566884894324}.
