[I 2026-08-06 03:08:16,788] Trial 588 finished with values: [10.137883771644216, 10.137883771644216] and parameters: {'k1': 0.0030285741098956273, 'D_low': 1.1102341430568343, 'k2': 0.00014001191914113747, 'D_high': 21863.563449420166, 'fire_exp': 1.0881360604103363, 'P_half': 4.933751600448339, 'pre_dampen_half': 36.876350096203005, 'gpp_af': 0.09145768948268033, 'gpp_b': 0.03611645441147496, 'gpp_d': 10.931606102061748, 'ign_k': 0.002115412774188856, 'ign_c': 0.45091583859733314, 'gdp_gamma': 0.019542129335162826}.
[I 2026-08-06 03:08:18,402] Trial 589 finished with values: [10.314318562838958, 10.314318562838958] and parameters: {'k1': 0.00031489116479568613, 'D_low': 1.1102341430568343, 'k2': 0.0001599021369655865, 'D_high': 21863.563449420166, 'fire_exp': 1.4322493718230251, 'P_half': 4.933751600448339, 'pre_dampen_half': 36.876350096203005, 'gpp_af': 0.09145768948268033, 'gpp_b': 0.004215504256370331, 'gpp_d': 331.7366635899375, 'ign_k': 0.37424230019851973, 'ign_c': 6.807874826564585, 'gdp_gamma': 1.8068697350278546}.
[I 2026-08-06 03:08:20,015] Trial 590 finished with values: [-0.6014746490267989, 0.1039563127949249] and parameters: {'k1': 0.07928164425547335, 'D_low': 148.10800730363493, 'k2': 0.00015466641867531393, 'D_high': 35.11445258128688, 'fire_exp': 1.0881360604103363, 'P_half': 4.933751600448339, 'pre_dampen_half': 36.876350096203005, 'gpp_af': 0.05391752791214327, 'gpp_b': 0.004215504256370331, 'gpp_d': 33.9790424311127, 'ign_k': 0.37424230019851973, 'ign_c': 0.21948188038908775, 'gdp_gamma': 0.559652086128564}.
[I 2026-08-06 03:08:21,627] Trial 591 finished with values: [10.07561921975063, 10.07561921975063] and parameters: {'k1': 0.00031489116479568613, 'D_low': 29.89885508829526, 'k2': 0.03820259936390116, 'D_high': 21863.563449420166, 'fire_exp': 1.0340574447037933, 'P_half': 2.951922743391744, 'pre_dampen_half': 17.62185042369633, 'gpp_af': 0.05391752791214327, 'gpp_b': 0.0030742893625766146, 'gpp_d': 34.70266988650411, 'ign_k': 0.37424230019851973, 'ign_c': 22.126836566118193, 'gdp_gamma': 0.3862443158940324}.
[I 2026-08-06 03:08:23,255] Trial 592 finished with values: [10.1436622578014, 10.1436622578014] and parameters: {'k1': 2.9394634586259703e-05, 'D_low': 1.1102341430568343, 'k2': 0.06994589881535453, 'D_high': 28975.337521324145, 'fire_exp': 1.0881360604103363, 'P_half': 10.755022125844455, 'pre_dampen_half': 36.876350096203005, 'gpp_af': 0.002311080279955305, 'gpp_b': 0.004215504256370331, 'gpp_d': 331.7366635899375, 'ign_k': 0.37424230019851973, 'ign_c': 0.9580682294110432, 'gdp_gamma': 0.3862443158940324}.
[I 2026-08-06 03:08:24,966] Trial 593 finished with values: [-0.5462208421647312, 0.20410474839851345] and parameters: {'k1': 0.0030285741098956273, 'D_low': 29.89885508829526, 'k2': 4.484744524732793e-05, 'D_high': 21863.563449420166, 'fire_exp': 1.0643782527174972, 'P_half': 616.1423618045311, 'pre_dampen_half': 129.7187644086357, 'gpp_af': 0.1241231030920017, 'gpp_b': 0.0030742893625766146, 'gpp_d': 189.88136301569827, 'ign_k': 1.2021930484915047, 'ign_c': 6.807874826564585, 'gdp_gamma': 0.1138099269777268}.
[I 2026-08-06 03:08:26,597] Trial 594 finished with values: [10.155299444607436, 10.155299444607436] and parameters: {'k1': 2.9394634586259703e-05, 'D_low': 19.063314120324364, 'k2': 0.0007081721844034209, 'D_high': 2970.7920514735997, 'fire_exp': 1.0340574447037933, 'P_half': 10.755022125844455, 'pre_dampen_half': 9.16302609334724, 'gpp_af': 1.036956521675621, 'gpp_b': 0.02052499618703749, 'gpp_d': 331.7366635899375, 'ign_k': 0.038791280730284435, 'ign_c': 1.317454386434276, 'gdp_gamma': 0.3862443158940324}.
[I 2026-08-06 03:08:28,227] Trial 595 finished with values: [-0.555189213482407, 0.1215334743018095] and parameters: {'k1': 0.0002191739661157602, 'D_low': 29.89885508829526, 'k2': 7.639737756882014e-05, 'D_high': 75448.27057709853, 'fire_exp': 1.0881360604103363, 'P_half': 1.2765717873951687, 'pre_dampen_half': 36.876350096203005, 'gpp_af': 0.002311080279955305, 'gpp_b': 0.0012070331879029856, 'gpp_d': 48.69745226446181, 'ign_k': 0.0026834162496848666, 'ign_c': 6.807874826564585, 'gdp_gamma': 0.7366679513906507}.
[I 2026-08-06 03:08:29,839] Trial 596 finished with values: [11.23973520069153, 11.23973520069153] and parameters: {'k1': 0.0030285741098956273, 'D_low': 10.777889602079263, 'k2': 3.277320296937061e-05, 'D_high': 35.11445258128688, 'fire_exp': 1.0340574447037933, 'P_half': 25.255166452944085, 'pre_dampen_half': 397.4459556835019, 'gpp_af': 0.09145768948268033, 'gpp_b': 0.0005623095666134974, 'gpp_d': 2.0564340380953867, 'ign_k': 0.37424230019851973, 'ign_c': 0.6615437365561385, 'gdp_gamma': 0.3862443158940324}.
[I 2026-08-06 03:08:31,847] Trial 597 finished with values: [-0.6134622882600705, 0.10422313818648665] and parameters: {'k1': 0.0030285741098956273, 'D_low': 376.7022142229396, 'k2': 0.0007081721844034209, 'D_high': 2970.7920514735997, 'fire_exp': 1.0881360604103363, 'P_half': 10.226988730324324, 'pre_dampen_half': 8.904067307938409, 'gpp_af': 0.09145768948268033, 'gpp_b': 0.004215504256370331, 'gpp_d': 33.9790424311127, 'ign_k': 0.37424230019851973, 'ign_c': 0.6615437365561385, 'gdp_gamma': 1.8068697350278546}.
[I 2026-08-06 03:08:33,460] Trial 598 finished with values: [10.156415776524277, 10.156415776524277] and parameters: {'k1': 2.9394634586259703e-05, 'D_low': 423.5909356730624, 'k2': 7.639737756882014e-05, 'D_high': 28975.337521324145, 'fire_exp': 1.0340574447037933, 'P_half': 10.755022125844455, 'pre_dampen_half': 14.711215379121963, 'gpp_af': 1.036956521675621, 'gpp_b': 0.004215504256370331, 'gpp_d': 331.7366635899375, 'ign_k': 0.01998758192761449, 'ign_c': 6.807874826564585, 'gdp_gamma': 1.351676663316814}.
[I 2026-08-06 03:08:35,125] Trial 599 finished with values: [-0.576233947159845, 0.13050853645555338] and parameters: {'k1': 0.0002191739661157602, 'D_low': 29.89885508829526, 'k2': 0.0007492772870670282, 'D_high': 13.670484737132345, 'fire_exp': 1.4322493718230251, 'P_half': 1.2765717873951687, 'pre_dampen_half': 397.4459556835019, 'gpp_af': 0.05391752791214327, 'gpp_b': 0.0012070331879029856, 'gpp_d': 48.69745226446181, 'ign_k': 0.37424230019851973, 'ign_c': 6.807874826564585, 'gdp_gamma': 0.7366679513906507}.
[I 2026-08-06 03:08:36,822] Trial 600 finished with values: [10.503648370393693, 10.503648370393693] and parameters: {'k1': 0.0030285741098956273, 'D_low': 1241.3450098922583, 'k2': 0.007519407491506672, 'D_high': 2842.140588732084, 'fire_exp': 1.4322493718230251, 'P_half': 25.255166452944085, 'pre_dampen_half': 36.876350096203005, 'gpp_af': 0.05391752791214327, 'gpp_b': 0.004215504256370331, 'gpp_d': 331.7366635899375, 'ign_k': 0.37424230019851973, 'ign_c': 6.807874826564585, 'gdp_gamma': 1.8068697350278546}.
[I 2026-08-06 03:08:38,454] Trial 601 finished with values: [10.283242958778983, 10.283242958778983] and parameters: {'k1': 2.9394634586259703e-05, 'D_low': 29.89885508829526, 'k2': 0.0007081721844034209, 'D_high': 21863.563449420166, 'fire_exp': 1.4322493718230251, 'P_half': 10.226988730324324, 'pre_dampen_half': 129.7187644086357, 'gpp_af': 0.05391752791214327, 'gpp_b': 0.0012070331879029856, 'gpp_d': 10.931606102061748, 'ign_k': 0.003338063875587391, 'ign_c': 6.160975294741436, 'gdp_gamma': 1.8068697350278546}.
[I 2026-08-06 03:08:40,097] Trial 602 finished with values: [-0.550802032118547, 0.22871836716258265] and parameters: {'k1': 0.00031489116479568613, 'D_low': 1.1102341430568343, 'k2': 0.00020222983754231334, 'D_high': 75732.82902008703, 'fire_exp': 1.0881360604103363, 'P_half': 1.2765717873951687, 'pre_dampen_half': 36.876350096203005, 'gpp_af': 0.09145768948268033, 'gpp_b': 0.004215504256370331, 'gpp_d': 331.7366635899375, 'ign_k': 0.002115412774188856, 'ign_c': 6.533684593224968, 'gdp_gamma': 0.3862443158940324}.
[I 2026-08-06 03:08:41,838] Trial 603 finished with values: [-0.5659975813552115, 0.09363465015410755] and parameters: {'k1': 0.0002191739661157602, 'D_low': 29.89885508829526, 'k2': 0.0007492772870670282, 'D_high': 13.670484737132345, 'fire_exp': 1.4322493718230251, 'P_half': 8.794311679173452, 'pre_dampen_half': 129.7187644086357, 'gpp_af': 0.05391752791214327, 'gpp_b': 2.760453806101824e-05, 'gpp_d': 0.48359183418131724, 'ign_k': 0.37424230019851973, 'ign_c': 6.160975294741436, 'gdp_gamma': 0.7366679513906507}.
[I 2026-08-06 03:08:43,462] Trial 604 finished with values: [10.176321478369974, 10.176321478369974] and parameters: {'k1': 0.00031489116479568613, 'D_low': 376.7022142229396, 'k2': 0.0007081721844034209, 'D_high': 28975.337521324145, 'fire_exp': 1.0881360604103363, 'P_half': 1.2765717873951687, 'pre_dampen_half': 8.904067307938409, 'gpp_af': 0.09145768948268033, 'gpp_b': 0.0030742893625766146, 'gpp_d': 331.7366635899375, 'ign_k': 2.7728241828010627, 'ign_c': 0.6615437365561385, 'gdp_gamma': 1.8068697350278546}.
[I 2026-08-06 03:08:45,091] Trial 605 finished with values: [10.126924756109041, 10.126924756109041] and parameters: {'k1': 2.9394634586259703e-05, 'D_low': 2.6285770615112845, 'k2': 9.293516267059069e-05, 'D_high': 2842.140588732084, 'fire_exp': 1.0340574447037933, 'P_half': 1.2765717873951687, 'pre_dampen_half': 31.977584652685227, 'gpp_af': 0.002311080279955305, 'gpp_b': 3.686869490609954e-05, 'gpp_d': 26.003623362924223, 'ign_k': 0.038791280730284435, 'ign_c': 0.6615437365561385, 'gdp_gamma': 1.8068697350278546}.
[I 2026-08-06 03:08:46,762] Trial 606 finished with values: [10.237807491885167, 10.237807491885167] and parameters: {'k1': 0.00031489116479568613, 'D_low': 376.7022142229396, 'k2': 4.775640431359603e-05, 'D_high': 2842.140588732084, 'fire_exp': 1.4322493718230251, 'P_half': 1.2765717873951687, 'pre_dampen_half': 36.876350096203005, 'gpp_af': 0.09145768948268033, 'gpp_b': 0.0005623095666134974, 'gpp_d': 331.7366635899375, 'ign_k': 0.002115412774188856, 'ign_c': 0.6615437365561385, 'gdp_gamma': 1.8068697350278546}.
[I 2026-08-06 03:08:48,370] Trial 607 finished with values: [10.004901489377765, 10.004901489377765] and parameters: {'k1': 2.80643901112427e-05, 'D_low': 148.10800730363493, 'k2': 0.00014001191914113747, 'D_high': 1199.7639111130961, 'fire_exp': 1.0881360604103363, 'P_half': 2.1698375693549488, 'pre_dampen_half': 129.7187644086357, 'gpp_af': 0.05391752791214327, 'gpp_b': 0.004215504256370331, 'gpp_d': 4.08522800366862, 'ign_k': 0.37424230019851973, 'ign_c': 0.3525936800597896, 'gdp_gamma': 0.3862443158940324}.
[I 2026-08-06 03:08:49,984] Trial 608 finished with values: [10.211078024183974, 10.211078024183974] and parameters: {'k1': 0.0009343302657318475, 'D_low': 1.1102341430568343, 'k2': 0.0007492772870670282, 'D_high': 4042.6607830428875, 'fire_exp': 1.314673522286271, 'P_half': 22.285003453523874, 'pre_dampen_half': 139.44945761007625, 'gpp_af': 26.90845367054865, 'gpp_b': 0.028369067932328344, 'gpp_d': 33.9790424311127, 'ign_k': 0.05291150256200868, 'ign_c': 1.3894673469237204, 'gdp_gamma': 0.7366679513906507}.
[I 2026-08-06 03:08:51,644] Trial 609 finished with values: [10.306148660530127, 10.306148660530127] and parameters: {'k1': 0.002971796631657383, 'D_low': 376.7022142229396, 'k2': 0.06994589881535453, 'D_high': 2970.7920514735997, 'fire_exp': 1.2621840161507252, 'P_half': 251.23618639978196, 'pre_dampen_half': 36.876350096203005, 'gpp_af': 0.002311080279955305, 'gpp_b': 3.686869490609954e-05, 'gpp_d': 26.003623362924223, 'ign_k': 0.038791280730284435, 'ign_c': 1.3894673469237204, 'gdp_gamma': 0.057304083737274164}.
[I 2026-08-06 03:08:53,672] Trial 610 finished with values: [10.309136365133593, 10.309136365133593] and parameters: {'k1': 2.9394634586259703e-05, 'D_low': 19.063314120324364, 'k2': 0.060126084038369415, 'D_high': 2970.7920514735997, 'fire_exp': 1.8108717155566076, 'P_half': 4.933751600448339, 'pre_dampen_half': 36.876350096203005, 'gpp_af': 0.09145768948268033, 'gpp_b': 0.004215504256370331, 'gpp_d': 33.9790424311127, 'ign_k': 0.00988227853280878, 'ign_c': 1.317454386434276, 'gdp_gamma': 1.8068697350278546}.
[I 2026-08-06 03:08:55,285] Trial 611 finished with values: [-0.5566307296492999, 0.17578791014579942] and parameters: {'k1': 2.9394634586259703e-05, 'D_low': 19.063314120324364, 'k2': 0.00014001191914113747, 'D_high': 8182.111518618414, 'fire_exp': 1.0881360604103363, 'P_half': 294.1575139139658, 'pre_dampen_half': 129.7187644086357, 'gpp_af': 3.4188975296675026, 'gpp_b': 0.004215504256370331, 'gpp_d': 1.2434469102435366, 'ign_k': 1.2021930484915047, 'ign_c': 6.807874826564585, 'gdp_gamma': 1.8068697350278546}.
[I 2026-08-06 03:08:56,897] Trial 612 finished with values: [10.016893994483866, 10.016893994483866] and parameters: {'k1': 0.0030285741098956273, 'D_low': 29.89885508829526, 'k2': 4.484744524732793e-05, 'D_high': 35.11445258128688, 'fire_exp': 1.5191397119156032, 'P_half': 25.255166452944085, 'pre_dampen_half': 36.876350096203005, 'gpp_af': 0.017832592720985762, 'gpp_b': 0.0030742893625766146, 'gpp_d': 331.7366635899375, 'ign_k': 0.37424230019851973, 'ign_c': 0.3525936800597896, 'gdp_gamma': 1.8068697350278546}.
[I 2026-08-06 03:08:58,626] Trial 613 finished with values: [10.217826473821667, 10.217826473821667] and parameters: {'k1': 4.657658379389482e-05, 'D_low': 148.10800730363493, 'k2': 0.00014001191914113747, 'D_high': 21863.563449420166, 'fire_exp': 1.0881360604103363, 'P_half': 37.15131799947327, 'pre_dampen_half': 36.876350096203005, 'gpp_af': 0.09145768948268033, 'gpp_b': 0.004215504256370331, 'gpp_d': 189.88136301569827, 'ign_k': 0.37424230019851973, 'ign_c': 0.21948188038908775, 'gdp_gamma': 0.3862443158940324}.
[I 2026-08-06 03:09:00,255] Trial 614 finished with values: [10.461051364489652, 10.461051364489652] and parameters: {'k1': 4.682490071065176e-05, 'D_low': 3.7322156377670694, 'k2': 2.143851363193518e-05, 'D_high': 28975.337521324145, 'fire_exp': 1.2621840161507252, 'P_half': 2.1698375693549488, 'pre_dampen_half': 31.977584652685227, 'gpp_af': 0.002311080279955305, 'gpp_b': 0.004215504256370331, 'gpp_d': 331.7366635899375, 'ign_k': 0.038791280730284435, 'ign_c': 0.6615437365561385, 'gdp_gamma': 1.8068697350278546}.
[I 2026-08-06 03:09:01,757] Trial 615 finished with values: [10.57502981073947, 10.57502981073947] and parameters: {'k1': 2.9394634586259703e-05, 'D_low': 19.063314120324364, 'k2': 4.484744524732793e-05, 'D_high': 35.11445258128688, 'fire_exp': 1.0252685873887095, 'P_half': 10.226988730324324, 'pre_dampen_half': 31.977584652685227, 'gpp_af': 0.09145768948268033, 'gpp_b': 0.004215504256370331, 'gpp_d': 0.015253065480601964, 'ign_k': 0.002115412774188856, 'ign_c': 1.3894673469237204, 'gdp_gamma': 1.8068697350278546}.
[I 2026-08-06 03:09:03,386] Trial 616 finished with values: [-0.5673397717521697, 0.17722004717338735] and parameters: {'k1': 2.9394634586259703e-05, 'D_low': 1.1102341430568343, 'k2': 0.0007081721844034209, 'D_high': 21863.563449420166, 'fire_exp': 1.5191397119156032, 'P_half': 25.255166452944085, 'pre_dampen_half': 129.7187644086357, 'gpp_af': 0.05391752791214327, 'gpp_b': 0.011750724729953272, 'gpp_d': 10.931606102061748, 'ign_k': 0.882283302750158, 'ign_c': 6.160975294741436, 'gdp_gamma': 0.3862443158940324}.
[I 2026-08-06 03:09:04,984] Trial 617 finished with values: [-0.5795775128558669, 0.10039133691011204] and parameters: {'k1': 0.0030285741098956273, 'D_low': 1.1102341430568343, 'k2': 0.00020222983754231334, 'D_high': 35.11445258128688, 'fire_exp': 1.0881360604103363, 'P_half': 25.255166452944085, 'pre_dampen_half': 36.876350096203005, 'gpp_af': 0.09145768948268033, 'gpp_b': 0.0030742893625766146, 'gpp_d': 331.7366635899375, 'ign_k': 0.37424230019851973, 'ign_c': 11.77190025324203, 'gdp_gamma': 0.3862443158940324}.
[I 2026-08-06 03:09:06,595] Trial 618 finished with values: [10.73042051498762, 10.73042051498762] and parameters: {'k1': 2.9394634586259703e-05, 'D_low': 1.226010546471291, 'k2': 0.00452082931537682, 'D_high': 25037.41931228843, 'fire_exp': 2.982846300838729, 'P_half': 4.933751600448339, 'pre_dampen_half': 36.876350096203005, 'gpp_af': 0.09145768948268033, 'gpp_b': 0.0030742893625766146, 'gpp_d': 10.931606102061748, 'ign_k': 0.48618632318472765, 'ign_c': 22.126836566118193, 'gdp_gamma': 0.015216188354081242}.
[I 2026-08-06 03:09:08,258] Trial 619 finished with values: [-0.5626673484035587, 0.09641672190544504] and parameters: {'k1': 2.9394634586259703e-05, 'D_low': 1.1102341430568343, 'k2': 0.0007492772870670282, 'D_high': 21863.563449420166, 'fire_exp': 1.314673522286271, 'P_half': 2380.5746020770407, 'pre_dampen_half': 129.7187644086357, 'gpp_af': 0.05391752791214327, 'gpp_b': 0.0012070331879029856, 'gpp_d': 48.69745226446181, 'ign_k': 0.37424230019851973, 'ign_c': 1.3894673469237204, 'gdp_gamma': 0.7366679513906507}.
[I 2026-08-06 03:09:09,859] Trial 620 finished with values: [10.135617820559823, 10.135617820559823] and parameters: {'k1': 2.9394634586259703e-05, 'D_low': 3.7322156377670694, 'k2': 0.06994589881535453, 'D_high': 2970.7920514735997, 'fire_exp': 2.066761381010117, 'P_half': 2.1698375693549488, 'pre_dampen_half': 31.977584652685227, 'gpp_af': 10.674579222939725, 'gpp_b': 0.011750724729953272, 'gpp_d': 26.003623362924223, 'ign_k': 0.37424230019851973, 'ign_c': 0.6615437365561385, 'gdp_gamma': 1.8068697350278546}.
[I 2026-08-06 03:09:11,487] Trial 621 finished with values: [10.535367373667938, 10.535367373667938] and parameters: {'k1': 0.0002191739661157602, 'D_low': 1.1102341430568343, 'k2': 4.484744524732793e-05, 'D_high': 28975.337521324145, 'fire_exp': 1.4322493718230251, 'P_half': 1.2765717873951687, 'pre_dampen_half': 397.4459556835019, 'gpp_af': 0.05391752791214327, 'gpp_b': 0.004215504256370331, 'gpp_d': 331.7366635899375, 'ign_k': 0.37424230019851973, 'ign_c': 0.5351452349843333, 'gdp_gamma': 0.3862443158940324}.
[I 2026-08-06 03:09:13,068] Trial 622 finished with values: [10.625921394854888, 10.625921394854888] and parameters: {'k1': 0.0029690870944846805, 'D_low': 376.7022142229396, 'k2': 0.0007081721844034209, 'D_high': 2194.913742147303, 'fire_exp': 1.0881360604103363, 'P_half': 2972.248537653567, 'pre_dampen_half': 36.876350096203005, 'gpp_af': 0.09145768948268033, 'gpp_b': 0.02052499618703749, 'gpp_d': 4.08522800366862, 'ign_k': 2.7728241828010627, 'ign_c': 0.6615437365561385, 'gdp_gamma': 0.004780661660600485}.
[I 2026-08-06 03:09:15,018] Trial 623 finished with values: [10.947201955115487, 10.947201955115487] and parameters: {'k1': 0.0030285741098956273, 'D_low': 1.1102341430568343, 'k2': 0.00014001191914113747, 'D_high': 21863.563449420166, 'fire_exp': 1.0881360604103363, 'P_half': 25.255166452944085, 'pre_dampen_half': 36.876350096203005, 'gpp_af': 0.09145768948268033, 'gpp_b': 4.6937258127101956e-05, 'gpp_d': 331.7366635899375, 'ign_k': 0.011994950112756754, 'ign_c': 1.3894673469237204, 'gdp_gamma': 0.559652086128564}.
[I 2026-08-06 03:09:16,633] Trial 624 finished with values: [10.401247584502332, 10.401247584502332] and parameters: {'k1': 0.0030285741098956273, 'D_low': 148.10800730363493, 'k2': 4.484744524732793e-05, 'D_high': 2970.7920514735997, 'fire_exp': 1.2621840161507252, 'P_half': 2.1698375693549488, 'pre_dampen_half': 36.876350096203005, 'gpp_af': 0.001929453339832733, 'gpp_b': 3.481277316673104e-05, 'gpp_d': 4.08522800366862, 'ign_k': 0.0026834162496848666, 'ign_c': 0.3525936800597896, 'gdp_gamma': 0.056676959595989916}.
[I 2026-08-06 03:09:18,245] Trial 625 finished with values: [-0.558838029695021, 0.10464985117282] and parameters: {'k1': 2.9394634586259703e-05, 'D_low': 3.7322156377670694, 'k2': 0.06994589881535453, 'D_high': 2970.7920514735997, 'fire_exp': 1.0881360604103363, 'P_half': 141.1179996668461, 'pre_dampen_half': 36.876350096203005, 'gpp_af': 0.002311080279955305, 'gpp_b': 0.004215504256370331, 'gpp_d': 331.7366635899375, 'ign_k': 0.37424230019851973, 'ign_c': 6.807874826564585, 'gdp_gamma': 1.8068697350278546}.
[I 2026-08-06 03:09:19,891] Trial 626 finished with values: [-0.5318273693902726, 0.1610417688934821] and parameters: {'k1': 0.0030285741098956273, 'D_low': 1.226010546471291, 'k2': 0.060126084038369415, 'D_high': 25037.41931228843, 'fire_exp': 1.8108717155566076, 'P_half': 4.933751600448339, 'pre_dampen_half': 36.876350096203005, 'gpp_af': 0.09145768948268033, 'gpp_b': 0.004215504256370331, 'gpp_d': 37.40930273158252, 'ign_k': 0.48618632318472765, 'ign_c': 0.36093109267665474, 'gdp_gamma': 0.015216188354081242}.
[I 2026-08-06 03:09:21,497] Trial 627 finished with values: [10.223217053303065, 10.223217053303065] and parameters: {'k1': 2.9394634586259703e-05, 'D_low': 29.89885508829526, 'k2': 0.0007492772870670282, 'D_high': 13.670484737132345, 'fire_exp': 1.5191397119156032, 'P_half': 1.2765717873951687, 'pre_dampen_half': 481.9793830934018, 'gpp_af': 0.0015729600890422783, 'gpp_b': 0.0012070331879029856, 'gpp_d': 189.88136301569827, 'ign_k': 1.2021930484915047, 'ign_c': 22.126836566118193, 'gdp_gamma': 1.8068697350278546}.
[I 2026-08-06 03:09:23,068] Trial 628 finished with values: [10.111743184431713, 10.111743184431713] and parameters: {'k1': 0.00031489116479568613, 'D_low': 29.89885508829526, 'k2': 0.007519407491506672, 'D_high': 2842.140588732084, 'fire_exp': 1.5191397119156032, 'P_half': 616.1423618045311, 'pre_dampen_half': 129.7187644086357, 'gpp_af': 0.05391752791214327, 'gpp_b': 0.0030742893625766146, 'gpp_d': 34.70266988650411, 'ign_k': 0.0030792124641270437, 'ign_c': 22.126836566118193, 'gdp_gamma': 1.8068697350278546}.
[I 2026-08-06 03:09:24,770] Trial 629 finished with values: [-0.5298734498848472, 0.18454104710191532] and parameters: {'k1': 0.0007284371265166888, 'D_low': 29.89885508829526, 'k2': 0.00014001191914113747, 'D_high': 8182.111518618414, 'fire_exp': 1.0643782527174972, 'P_half': 616.1423618045311, 'pre_dampen_half': 129.7187644086357, 'gpp_af': 0.1241231030920017, 'gpp_b': 0.0025797966927081192, 'gpp_d': 189.88136301569827, 'ign_k': 1.2021930484915047, 'ign_c': 8.308114652888387, 'gdp_gamma': 0.1138099269777268}.
