[I 2026-07-25 00:35:38,503] Trial 812 finished with value: 0.5462407281730366 and parameters: {'k1': 0.00010316477467140382, 'D_low': 644.6104340531649, 'k2': 0.003935098868499698, 'D_high': 107190.26365214551, 'fire_exp': 5.310561383100368, 'P_half': 9.160350910286299, 'pre_dampen_half': 0.28108763546781157, 'gpp_af': 0.03420962798973304, 'gpp_b': 2.4070783507812424e-05, 'gpp_d': 4.85218853672056, 'ign_k': 1.429329252381467, 'ign_c': 11.19426796853808, 'trop_agb_crit': 10.951675824687761, 'trop_k_veg': 1.6757233111845378, 'gdp_gamma': 0.19330880064641381, 'cure_k': 0.0012417885701426399, 'cure_p_min': 134.47715839423674, 'cure_gpp_ref': 0.0753662030434409, 'cure_agb_crit': 2.5210445966278594, 'fuel_k': 1.6253599800628011, 'fuel_half': 68.56726075035571}. Best is trial 577 with value: -0.629883323094065.
[I 2026-07-25 00:35:38,958] Trial 813 finished with value: -0.5729628905256714 and parameters: {'k1': 0.0004883606720872116, 'D_low': 11161.814999550286, 'k2': 0.0006362558114463167, 'D_high': 1128878.2524460077, 'fire_exp': 1.2420955367298445, 'P_half': 758.7349099870572, 'pre_dampen_half': 0.21131583990006525, 'gpp_af': 32.32602808203273, 'gpp_b': 2.694328758650372e-05, 'gpp_d': 105.86426881253918, 'ign_k': 2.4511202658242586, 'ign_c': 14.937146442820241, 'trop_agb_crit': 10.645036458806713, 'trop_k_veg': 5.301723080389785, 'gdp_gamma': 1.8184961634144072, 'cure_k': 0.0011319198615402433, 'cure_p_min': 276.468194635242, 'cure_gpp_ref': 1.021439492660488, 'cure_agb_crit': 6.643051272549859, 'fuel_k': 0.015270670705118953, 'fuel_half': 0.14006114964854616}. Best is trial 577 with value: -0.629883323094065.
[I 2026-07-25 00:35:39,419] Trial 814 finished with value: 0.5713996366446341 and parameters: {'k1': 0.011627972556695515, 'D_low': 37.242025358083495, 'k2': 0.022894280284939283, 'D_high': 4365369.912936592, 'fire_exp': 2.4363376413267868, 'P_half': 789.9445541635181, 'pre_dampen_half': 0.44593722174822686, 'gpp_af': 0.004369828276120921, 'gpp_b': 5.173491126989324e-05, 'gpp_d': 162.07744319939627, 'ign_k': 0.0030114138858773343, 'ign_c': 64.60353390407144, 'trop_agb_crit': 29.256201980198938, 'trop_k_veg': 1.0313056696939715, 'gdp_gamma': 0.6183730147690365, 'cure_k': 0.004796902583018952, 'cure_p_min': 96.33197864715818, 'cure_gpp_ref': 0.36331951476812596, 'cure_agb_crit': 6.047687209871349, 'fuel_k': 0.018893074988304653, 'fuel_half': 34.202303809092655}. Best is trial 577 with value: -0.629883323094065.
[I 2026-07-25 00:35:39,906] Trial 815 finished with value: 0.46369905289709723 and parameters: {'k1': 0.005334896739075769, 'D_low': 295.10672573448556, 'k2': 0.00014930039163131264, 'D_high': 4703413.791723367, 'fire_exp': 1.3219828536499674, 'P_half': 12.359360013868233, 'pre_dampen_half': 0.7951103228422852, 'gpp_af': 0.07324538628639513, 'gpp_b': 0.003434707785638026, 'gpp_d': 28.18970712699108, 'ign_k': 0.0442280553750834, 'ign_c': 0.19931315617648301, 'trop_agb_crit': 5.50080197835462, 'trop_k_veg': 2.4697707586354816, 'gdp_gamma': 1.714749815307609, 'cure_k': 0.004307290922604793, 'cure_p_min': 293.5643266423633, 'cure_gpp_ref': 0.10600594600412307, 'cure_agb_crit': 1.925978194952067, 'fuel_k': 0.08648971898556279, 'fuel_half': 45.95345375998606}. Best is trial 577 with value: -0.629883323094065.
[I 2026-07-25 00:35:40,388] Trial 816 finished with value: 0.46511310386207827 and parameters: {'k1': 0.00034608782651714733, 'D_low': 1578.419567919291, 'k2': 0.0005048329888449767, 'D_high': 138442.1135809319, 'fire_exp': 3.278683584881069, 'P_half': 366.8482624231095, 'pre_dampen_half': 19.067922780951662, 'gpp_af': 16.590572344119128, 'gpp_b': 0.0001825619919093608, 'gpp_d': 367.84819886865586, 'ign_k': 0.04957285845436919, 'ign_c': 1.1304116746233963, 'trop_agb_crit': 5.810544942837545, 'trop_k_veg': 2.839132785885804, 'gdp_gamma': 0.5870696911928043, 'cure_k': 0.0021351443244817863, 'cure_p_min': 283.094481437146, 'cure_gpp_ref': 1.2495358569294388, 'cure_agb_crit': 6.356434059035727, 'fuel_k': 0.01679476159453968, 'fuel_half': 0.10762124805862676}. Best is trial 577 with value: -0.629883323094065.
[I 2026-07-25 00:35:40,851] Trial 817 finished with value: 0.4500187091901017 and parameters: {'k1': 0.0015143322668136612, 'D_low': 650.8883184221784, 'k2': 2.279889486192513e-05, 'D_high': 610690.784251369, 'fire_exp': 1.5503461876472566, 'P_half': 1.9342006995443457, 'pre_dampen_half': 0.6971738969513736, 'gpp_af': 0.04022370381050535, 'gpp_b': 0.04407329412217707, 'gpp_d': 14.482622480933387, 'ign_k': 0.10555827254248999, 'ign_c': 0.22357134097573725, 'trop_agb_crit': 3.2520438346795375, 'trop_k_veg': 1.2263357882142776, 'gdp_gamma': 0.5601625148949422, 'cure_k': 0.04778997979880365, 'cure_p_min': 321.67060299874373, 'cure_gpp_ref': 0.13785474923057217, 'cure_agb_crit': 1.1021502536420755, 'fuel_k': 0.02898947575196408, 'fuel_half': 12.017016903260155}. Best is trial 577 with value: -0.629883323094065.
[I 2026-07-25 00:35:41,310] Trial 818 finished with value: 0.541267931255532 and parameters: {'k1': 3.7002642633234796e-05, 'D_low': 174.89525113349296, 'k2': 0.010270523483090689, 'D_high': 9853579.298108669, 'fire_exp': 3.550261849414749, 'P_half': 19.832117040796582, 'pre_dampen_half': 39.17326119759989, 'gpp_af': 0.02668522667844673, 'gpp_b': 5.5238726557734314e-05, 'gpp_d': 6.855571351066683, 'ign_k': 0.2708294103240192, 'ign_c': 3.604427461975013, 'trop_agb_crit': 11.399830989626416, 'trop_k_veg': 2.6290152050336855, 'gdp_gamma': 0.8719667080628523, 'cure_k': 0.0010773115562987717, 'cure_p_min': 139.43945889454858, 'cure_gpp_ref': 0.0599994432519133, 'cure_agb_crit': 1.7476319524001482, 'fuel_k': 1.1241208481641483, 'fuel_half': 16.64708295391245}. Best is trial 577 with value: -0.629883323094065.
[I 2026-07-25 00:35:41,771] Trial 819 finished with value: 0.5462333428584254 and parameters: {'k1': 0.0014570885147220244, 'D_low': 69.0078440217975, 'k2': 0.00016185344696728463, 'D_high': 64924.226576896675, 'fire_exp': 1.1327360578615184, 'P_half': 1821.2004341009317, 'pre_dampen_half': 0.4372903514030599, 'gpp_af': 10.018822819824816, 'gpp_b': 0.0001434370389558322, 'gpp_d': 325.93821132489717, 'ign_k': 2.47556551285583, 'ign_c': 13.07260337645036, 'trop_agb_crit': 8.412118400970245, 'trop_k_veg': 2.975655070728003, 'gdp_gamma': 0.05874879917536126, 'cure_k': 0.0021688106351422896, 'cure_p_min': 264.4536452606861, 'cure_gpp_ref': 0.3089646791365289, 'cure_agb_crit': 7.942914682248767, 'fuel_k': 0.05655472555418671, 'fuel_half': 0.11393151737428073}. Best is trial 577 with value: -0.629883323094065.
[I 2026-07-25 00:35:42,230] Trial 820 finished with value: 0.6077840414542897 and parameters: {'k1': 0.08572169614170953, 'D_low': 30.222277144211475, 'k2': 0.0780029691151321, 'D_high': 7381.936075283573, 'fire_exp': 1.8478244497329883, 'P_half': 1711.1391640152221, 'pre_dampen_half': 473.6924350399462, 'gpp_af': 0.0067436051563859265, 'gpp_b': 0.00018989949002894068, 'gpp_d': 787.4582109478753, 'ign_k': 0.7892494454294575, 'ign_c': 37.67498421295243, 'trop_agb_crit': 6.243102489174831, 'trop_k_veg': 1.0201020750987246, 'gdp_gamma': 0.14925230838008735, 'cure_k': 0.0015629883882812728, 'cure_p_min': 83.20618531740082, 'cure_gpp_ref': 0.3805210759764502, 'cure_agb_crit': 6.186261781294416, 'fuel_k': 0.14658116486608797, 'fuel_half': 8.782474697637127}. Best is trial 577 with value: -0.629883323094065.
[I 2026-07-25 00:35:42,685] Trial 821 finished with value: 0.5309821614442762 and parameters: {'k1': 0.0012255191001328636, 'D_low': 5153.570158614679, 'k2': 0.0006337961061508607, 'D_high': 54376.51118245362, 'fire_exp': 1.5229825384037943, 'P_half': 1284.8447854073474, 'pre_dampen_half': 0.07413788630137583, 'gpp_af': 0.6624386728447073, 'gpp_b': 0.022413221881325003, 'gpp_d': 749.6645865151116, 'ign_k': 0.033459224508956276, 'ign_c': 11.481565844787786, 'trop_agb_crit': 20.043593273146925, 'trop_k_veg': 4.522615952754355, 'gdp_gamma': 1.8464135408692903, 'cure_k': 0.01827522934518182, 'cure_p_min': 307.27783153689023, 'cure_gpp_ref': 1.4469205265189249, 'cure_agb_crit': 5.501373666890696, 'fuel_k': 0.06317960137102957, 'fuel_half': 0.4881189453474358}. Best is trial 577 with value: -0.629883323094065.
[I 2026-07-25 00:35:43,141] Trial 822 finished with value: -0.5692519270201948 and parameters: {'k1': 0.024632012765909327, 'D_low': 30.5511143964311, 'k2': 4.101442527012672e-05, 'D_high': 719695.5247062456, 'fire_exp': 1.0882489515683027, 'P_half': 4.248262392976659, 'pre_dampen_half': 15.856194016134642, 'gpp_af': 0.0010923374654891016, 'gpp_b': 0.006466245501216556, 'gpp_d': 4.235403560548047, 'ign_k': 0.029823373425687846, 'ign_c': 0.6057276263571217, 'trop_agb_crit': 3.247723488404698, 'trop_k_veg': 4.450599687053675, 'gdp_gamma': 0.6899899951637914, 'cure_k': 0.1967758472088006, 'cure_p_min': 375.04433718564144, 'cure_gpp_ref': 0.07410513324336991, 'cure_agb_crit': 1.1660317800583424, 'fuel_k': 0.4261007434005085, 'fuel_half': 15.508058783060916}. Best is trial 577 with value: -0.629883323094065.
[I 2026-07-25 00:35:43,604] Trial 823 finished with value: 0.5411282189723533 and parameters: {'k1': 0.0015492726046975492, 'D_low': 238.97125665986192, 'k2': 0.0079484063502939, 'D_high': 257392.7400369154, 'fire_exp': 3.5537474440472807, 'P_half': 46.69838359372015, 'pre_dampen_half': 1.215985311380386, 'gpp_af': 0.04151889725454959, 'gpp_b': 1.8375672155959973e-05, 'gpp_d': 44.37010713310608, 'ign_k': 0.0010459412492964794, 'ign_c': 55.129746739518865, 'trop_agb_crit': 27.692770937274542, 'trop_k_veg': 1.3225546494188376, 'gdp_gamma': 0.8601299537247613, 'cure_k': 0.003950110817490426, 'cure_p_min': 159.32690759294292, 'cure_gpp_ref': 1.2327686843170105, 'cure_agb_crit': 7.556687665096139, 'fuel_k': 0.040991789065859874, 'fuel_half': 7.511196980326011}. Best is trial 577 with value: -0.629883323094065.
[I 2026-07-25 00:35:44,061] Trial 824 finished with value: 0.48200319363596633 and parameters: {'k1': 0.0015219121663414261, 'D_low': 280.9773024717131, 'k2': 4.39113876086323e-05, 'D_high': 31205.999730120147, 'fire_exp': 1.002643914459325, 'P_half': 8.055897542435654, 'pre_dampen_half': 0.12813169880205233, 'gpp_af': 0.31648931249909007, 'gpp_b': 0.00788910276994728, 'gpp_d': 3.240406535912706, 'ign_k': 0.01565258581236043, 'ign_c': 1.5143042420425357, 'trop_agb_crit': 12.414582635173941, 'trop_k_veg': 2.8982140898734445, 'gdp_gamma': 0.28543204159438007, 'cure_k': 0.07640985169747741, 'cure_p_min': 358.16046227291565, 'cure_gpp_ref': 1.7819614027085031, 'cure_agb_crit': 2.507320035233361, 'fuel_k': 0.06308912118249932, 'fuel_half': 0.20721273738703946}. Best is trial 577 with value: -0.629883323094065.
[I 2026-07-25 00:35:44,519] Trial 825 finished with value: 0.5668418831627939 and parameters: {'k1': 0.0005350124705277629, 'D_low': 14.527847798020668, 'k2': 0.009599462382775968, 'D_high': 62837.08117907653, 'fire_exp': 3.7467899653885097, 'P_half': 342.0391793394152, 'pre_dampen_half': 129.50833292578835, 'gpp_af': 0.002731716173952987, 'gpp_b': 2.6692889123498193e-05, 'gpp_d': 610.9674580105295, 'ign_k': 0.003847676491253352, 'ign_c': 11.347869237146945, 'trop_agb_crit': 11.929164350902061, 'trop_k_veg': 1.0196482676137766, 'gdp_gamma': 1.3274633503616025, 'cure_k': 0.0011728680982284485, 'cure_p_min': 194.07451701629924, 'cure_gpp_ref': 0.11114369019537594, 'cure_agb_crit': 2.6709910506889867, 'fuel_k': 0.014390121665766255, 'fuel_half': 31.204904566675417}. Best is trial 577 with value: -0.629883323094065.
[I 2026-07-25 00:35:44,978] Trial 826 finished with value: 0.4318458851437088 and parameters: {'k1': 0.07240745364371987, 'D_low': 52.27118910662128, 'k2': 0.0025009514694720914, 'D_high': 640700.2460696877, 'fire_exp': 1.2508721661781477, 'P_half': 2.000736083608278, 'pre_dampen_half': 0.16208749895400762, 'gpp_af': 0.006865808925465845, 'gpp_b': 0.0029183844745666308, 'gpp_d': 1.753213613381998, 'ign_k': 0.03872679805225561, 'ign_c': 0.21067156914943053, 'trop_agb_crit': 6.009152161927778, 'trop_k_veg': 0.8493641123161604, 'gdp_gamma': 1.0089061646636306, 'cure_k': 0.21838188690178695, 'cure_p_min': 361.79777383265747, 'cure_gpp_ref': 0.06988855754909541, 'cure_agb_crit': 1.9657535704262583, 'fuel_k': 0.03469611378242825, 'fuel_half': 19.173418664310887}. Best is trial 577 with value: -0.629883323094065.
[I 2026-07-25 00:35:45,435] Trial 827 finished with value: 0.5400606797689843 and parameters: {'k1': 0.0007362951902061826, 'D_low': 30.24871017823124, 'k2': 0.0002977301829336028, 'D_high': 2618464.793244159, 'fire_exp': 1.1044806535598761, 'P_half': 39.09054146888999, 'pre_dampen_half': 17.80457941785549, 'gpp_af': 0.02428588679047437, 'gpp_b': 0.821264638165306, 'gpp_d': 8.21567360295231, 'ign_k': 0.7900122818705404, 'ign_c': 3.6614410799390003, 'trop_agb_crit': 3.410153616648047, 'trop_k_veg': 1.5587339485439304, 'gdp_gamma': 1.662723140643697, 'cure_k': 0.037411441093436526, 'cure_p_min': 300.7141970147512, 'cure_gpp_ref': 0.12003038097691156, 'cure_agb_crit': 1.000386142043333, 'fuel_k': 0.1189793759889262, 'fuel_half': 60.263466927563634}. Best is trial 577 with value: -0.629883323094065.
[I 2026-07-25 00:35:45,894] Trial 828 finished with value: 0.48954547146952265 and parameters: {'k1': 0.004012863742352204, 'D_low': 1385.4964956964184, 'k2': 0.019841284068937624, 'D_high': 62229.45694930069, 'fire_exp': 1.0999671753110685, 'P_half': 1.3247538862069235, 'pre_dampen_half': 0.09624801848388911, 'gpp_af': 6.904312301617285, 'gpp_b': 7.166769962025156e-05, 'gpp_d': 883.9254173069436, 'ign_k': 0.3092969269124317, 'ign_c': 7.270457602926361, 'trop_agb_crit': 7.057526166407045, 'trop_k_veg': 3.404291589485858, 'gdp_gamma': 0.03778466026791736, 'cure_k': 0.0016208675189202865, 'cure_p_min': 297.36448852621646, 'cure_gpp_ref': 1.301128196725537, 'cure_agb_crit': 2.8942764498131073, 'fuel_k': 0.5817876418092452, 'fuel_half': 3.576768549184954}. Best is trial 577 with value: -0.629883323094065.
[I 2026-07-25 00:35:46,354] Trial 829 finished with value: 0.6051769688842558 and parameters: {'k1': 0.0001545909076946333, 'D_low': 838908.9272719648, 'k2': 0.011936104492644322, 'D_high': 353573.31897215307, 'fire_exp': 1.8242878124395372, 'P_half': 2.3466098012369985, 'pre_dampen_half': 0.12985975549127296, 'gpp_af': 9.520897291151265, 'gpp_b': 0.0004929164276897674, 'gpp_d': 30.786679381032418, 'ign_k': 0.08723180976416686, 'ign_c': 2.591950022742014, 'trop_agb_crit': 19.260818946425577, 'trop_k_veg': 3.2487161659852393, 'gdp_gamma': 0.024777405894654436, 'cure_k': 0.0023368510266847517, 'cure_p_min': 314.6644326740015, 'cure_gpp_ref': 0.42143497924653833, 'cure_agb_crit': 3.8315482392002664, 'fuel_k': 0.17797589261788868, 'fuel_half': 0.10746776535058183}. Best is trial 577 with value: -0.629883323094065.
[I 2026-07-25 00:35:46,812] Trial 830 finished with value: 0.4913935655515076 and parameters: {'k1': 0.0012246605060720866, 'D_low': 300.9072397632655, 'k2': 0.0044072027357347394, 'D_high': 769996.8403882398, 'fire_exp': 1.0620711267582224, 'P_half': 59.658088081506456, 'pre_dampen_half': 0.4858726408617426, 'gpp_af': 0.16296654112038164, 'gpp_b': 0.018280090011061578, 'gpp_d': 943.3292859220227, 'ign_k': 0.04396319102416045, 'ign_c': 130.79704893617546, 'trop_agb_crit': 7.054180142140217, 'trop_k_veg': 2.1514742950419494, 'gdp_gamma': 0.984429218123577, 'cure_k': 0.04625237186091402, 'cure_p_min': 321.1365268765124, 'cure_gpp_ref': 0.9508334148096463, 'cure_agb_crit': 4.3073544167850875, 'fuel_k': 0.9037768131747869, 'fuel_half': 3.670136701691289}. Best is trial 577 with value: -0.629883323094065.
[I 2026-07-25 00:35:47,268] Trial 831 finished with value: 0.44998543698734284 and parameters: {'k1': 0.0011547979827603646, 'D_low': 10718.457324714245, 'k2': 0.015744878198646728, 'D_high': 500463.418396898, 'fire_exp': 1.0137781486289013, 'P_half': 45.56477160976657, 'pre_dampen_half': 0.07985529685770427, 'gpp_af': 1.5700134796004903, 'gpp_b': 0.0007913720108975613, 'gpp_d': 365.88845015824404, 'ign_k': 0.10180132497382362, 'ign_c': 5.287463294654027, 'trop_agb_crit': 5.093583338457387, 'trop_k_veg': 0.8218865407869769, 'gdp_gamma': 0.2426549705560734, 'cure_k': 0.010322223292113273, 'cure_p_min': 388.52427022524637, 'cure_gpp_ref': 0.9418886682047831, 'cure_agb_crit': 3.028579525869618, 'fuel_k': 0.1608718089511064, 'fuel_half': 2.500341097010943}. Best is trial 577 with value: -0.629883323094065.
[I 2026-07-25 00:35:47,728] Trial 832 finished with value: 0.6038891622916203 and parameters: {'k1': 0.001731419815756243, 'D_low': 540443.5657903727, 'k2': 0.005815243670219124, 'D_high': 10745.531402401715, 'fire_exp': 1.0336774204707804, 'P_half': 66.3577449392738, 'pre_dampen_half': 0.24905149581154726, 'gpp_af': 0.29265513199291504, 'gpp_b': 0.0019160717078149155, 'gpp_d': 23.279435506808298, 'ign_k': 0.003438672713507027, 'ign_c': 2.6504823575808087, 'trop_agb_crit': 13.00836104680008, 'trop_k_veg': 2.831735228814594, 'gdp_gamma': 0.2437667913970491, 'cure_k': 0.006739619449985533, 'cure_p_min': 334.9471173751981, 'cure_gpp_ref': 1.4040254074108345, 'cure_agb_crit': 2.6025423885095362, 'fuel_k': 0.09217942420683292, 'fuel_half': 0.1579220381524988}. Best is trial 577 with value: -0.629883323094065.
[I 2026-07-25 00:35:48,188] Trial 833 finished with value: 0.46214201464263094 and parameters: {'k1': 0.006977472259199738, 'D_low': 12518.646934075061, 'k2': 0.005110922354538851, 'D_high': 1814487.3814608725, 'fire_exp': 1.2361065501798638, 'P_half': 400.5895690905398, 'pre_dampen_half': 4.43128849360026, 'gpp_af': 9.642719805019391, 'gpp_b': 0.06327308026537247, 'gpp_d': 12.443377385144387, 'ign_k': 0.019989780400828452, 'ign_c': 0.11010350018991545, 'trop_agb_crit': 7.602660319719317, 'trop_k_veg': 2.555973668029779, 'gdp_gamma': 0.1889724346861272, 'cure_k': 0.041885450257686016, 'cure_p_min': 395.8429795734716, 'cure_gpp_ref': 1.0027459389400442, 'cure_agb_crit': 6.189286648705855, 'fuel_k': 3.023600412086892, 'fuel_half': 1.5004206404726506}. Best is trial 577 with value: -0.629883323094065.
[I 2026-07-25 00:35:48,648] Trial 834 finished with value: 0.601587870518117 and parameters: {'k1': 0.0019231870747560237, 'D_low': 104449.66850022809, 'k2': 0.003333714201651057, 'D_high': 144949.81468135767, 'fire_exp': 1.6520791545446207, 'P_half': 91.17991956835762, 'pre_dampen_half': 1.5468189827828247, 'gpp_af': 0.0016585987897682092, 'gpp_b': 3.4471800022685546e-05, 'gpp_d': 500.14883972195184, 'ign_k': 0.0016274693575039159, 'ign_c': 1.4708155414390724, 'trop_agb_crit': 23.984697619231298, 'trop_k_veg': 1.1730908114832173, 'gdp_gamma': 0.08162066101031219, 'cure_k': 0.0010571829849988132, 'cure_p_min': 102.9010399476117, 'cure_gpp_ref': 0.4544449500429994, 'cure_agb_crit': 5.928109959649963, 'fuel_k': 0.020699043395955095, 'fuel_half': 4.370956282097244}. Best is trial 577 with value: -0.629883323094065.
[I 2026-07-25 00:35:49,104] Trial 835 finished with value: -0.5955107013282792 and parameters: {'k1': 0.0002449623474265467, 'D_low': 1416.1189723383006, 'k2': 0.01728438397897152, 'D_high': 1498477.8842003022, 'fire_exp': 2.308724459860097, 'P_half': 339.19448681663283, 'pre_dampen_half': 47.749828851228166, 'gpp_af': 0.07085756088160236, 'gpp_b': 2.0916704277352106e-05, 'gpp_d': 488.1444804617336, 'ign_k': 0.0031693666890404695, 'ign_c': 11.603875747832292, 'trop_agb_crit': 13.877316080047356, 'trop_k_veg': 0.6687398148608078, 'gdp_gamma': 1.5850228583501742, 'cure_k': 0.003718908041564012, 'cure_p_min': 116.09195999608731, 'cure_gpp_ref': 0.11443616451800868, 'cure_agb_crit': 2.8618765909180848, 'fuel_k': 0.1609060067223671, 'fuel_half': 66.5275171025247}. Best is trial 577 with value: -0.629883323094065.
[I 2026-07-25 00:35:49,574] Trial 836 finished with value: 0.4582286328581142 and parameters: {'k1': 0.009915262170935638, 'D_low': 793.1861356466097, 'k2': 0.08395305433612509, 'D_high': 4629359.300780359, 'fire_exp': 1.7886700890507616, 'P_half': 951.520688178078, 'pre_dampen_half': 381.46779052755676, 'gpp_af': 0.0919361818260997, 'gpp_b': 3.5983051018035565e-05, 'gpp_d': 77.74459429573302, 'ign_k': 0.04944962151089299, 'ign_c': 5.657653529123333, 'trop_agb_crit': 9.46092475779459, 'trop_k_veg': 0.6210033239561946, 'gdp_gamma': 0.2349907066669072, 'cure_k': 0.0011994607904471048, 'cure_p_min': 137.80648325544593, 'cure_gpp_ref': 0.33547115586531234, 'cure_agb_crit': 2.746597884984553, 'fuel_k': 0.3363212010845687, 'fuel_half': 1.2227751846705048}. Best is trial 577 with value: -0.629883323094065.
[I 2026-07-25 00:35:50,029] Trial 837 finished with value: 0.5674245907886095 and parameters: {'k1': 0.003355552165370389, 'D_low': 9.008770496371646, 'k2': 0.004550186963873039, 'D_high': 3428647.137534983, 'fire_exp': 1.4118772313888062, 'P_half': 253.34037339586004, 'pre_dampen_half': 0.031158718036422933, 'gpp_af': 0.0030866918726062185, 'gpp_b': 8.60711076124895e-05, 'gpp_d': 211.74091641501414, 'ign_k': 0.0118284415107431, 'ign_c': 6.194112080505686, 'trop_agb_crit': 8.816948050394053, 'trop_k_veg': 0.6565400723548459, 'gdp_gamma': 0.15381382810580577, 'cure_k': 0.002517591115299294, 'cure_p_min': 131.73784817983162, 'cure_gpp_ref': 0.25142508430887545, 'cure_agb_crit': 5.572575042856847, 'fuel_k': 0.14907697820253055, 'fuel_half': 9.75372892135352}. Best is trial 577 with value: -0.629883323094065.
