[I 2026-06-08 12:12:48,178] Trial 234 finished with values: [10.892145934304379, 10.892145934304379] and parameters: {'k1': 0.00031134168041628584, 'D_low': 38.82837025280678, 'k2': 0.03538758864779238, 'D_high': 774.2116473996249, 'fire_exp': 1.695318866910499, 'P_half': 4.213183643253957, 'pre_dampen_half': 0.012952289461753311, 'gpp_af': 0.2204465010099918, 'gpp_b': 0.42247700890263645, 'gpp_d': 2.944272359149677, 'ign_k': 0.00840038491455979, 'ign_c': 5.13055176058983, 'trop_agb_crit': 10.965064494899984, 'trop_k_veg': 0.6673124511410327}.
[I 2026-06-08 12:12:50,326] Trial 235 finished with values: [10.201807972078495, 10.201807972078495] and parameters: {'k1': 0.008912611835817005, 'D_low': 64.39790863101601, 'k2': 1.915468390724633e-05, 'D_high': 3712.591045287726, 'fire_exp': 1.0629462657398439, 'P_half': 220.3445560633069, 'pre_dampen_half': 502.5175192217655, 'gpp_af': 0.7539992074650279, 'gpp_b': 0.0021331409710300844, 'gpp_d': 16.460426816350523, 'ign_k': 0.0680787482656459, 'ign_c': 0.8547476176667198, 'trop_agb_crit': 24.584290528289387, 'trop_k_veg': 0.5349971555643298}.
[I 2026-06-08 12:12:52,446] Trial 236 finished with values: [10.849180780061818, 10.849180780061818] and parameters: {'k1': 0.004312951023617458, 'D_low': 12.105387404469584, 'k2': 0.015763894361785387, 'D_high': 431.45617043093523, 'fire_exp': 1.0601964743503993, 'P_half': 220.3445560633069, 'pre_dampen_half': 0.2888838362365318, 'gpp_af': 0.7539992074650279, 'gpp_b': 0.0054502936945582505, 'gpp_d': 29.749683811098393, 'ign_k': 0.0035281132746849977, 'ign_c': 11.400863701127316, 'trop_agb_crit': 24.584290528289387, 'trop_k_veg': 5.580504276549027}.
[I 2026-06-08 12:12:54,388] Trial 237 finished with values: [10.790785588576846, 10.790785588576846] and parameters: {'k1': 8.488887549001697e-05, 'D_low': 38.82837025280678, 'k2': 0.0003432139136241583, 'D_high': 1493.5213816355397, 'fire_exp': 1.0601964743503993, 'P_half': 5.076307782729897, 'pre_dampen_half': 39.827466658711515, 'gpp_af': 0.6403036652671171, 'gpp_b': 0.14577755664212386, 'gpp_d': 0.4726373877250429, 'ign_k': 0.010167079878196114, 'ign_c': 30.28574109895626, 'trop_agb_crit': 10.965064494899984, 'trop_k_veg': 0.5303724136602885}.
[I 2026-06-08 12:12:56,263] Trial 238 finished with values: [10.866563870321192, 10.866563870321192] and parameters: {'k1': 0.0007883068789768041, 'D_low': 40.12413353131991, 'k2': 0.014344484793173472, 'D_high': 1578.0309954142967, 'fire_exp': 1.4900535273878766, 'P_half': 140.74279366401683, 'pre_dampen_half': 0.9829324480069708, 'gpp_af': 5.335773317316405, 'gpp_b': 1.284284091405877e-05, 'gpp_d': 1.279742971294904, 'ign_k': 0.01364908766641695, 'ign_c': 18.219343937475102, 'trop_agb_crit': 20.824968728078442, 'trop_k_veg': 3.49157152291552}.
[I 2026-06-08 12:12:58,241] Trial 239 finished with values: [10.892849384267475, 10.892849384267475] and parameters: {'k1': 0.002155595057104387, 'D_low': 1228.2126524008484, 'k2': 0.031536006085184705, 'D_high': 783.2259769732478, 'fire_exp': 3.3801590342525687, 'P_half': 221.2683656611821, 'pre_dampen_half': 0.9829324480069708, 'gpp_af': 1.200191344086032, 'gpp_b': 1.319554058182653e-05, 'gpp_d': 1.279742971294904, 'ign_k': 0.0315101491238403, 'ign_c': 30.28574109895626, 'trop_agb_crit': 10.965064494899984, 'trop_k_veg': 0.6673124511410327}.
[I 2026-06-08 12:13:00,456] Trial 240 finished with values: [10.230540683144286, 10.230540683144286] and parameters: {'k1': 0.004312951023617458, 'D_low': 4.484744524732794, 'k2': 0.015763894361785387, 'D_high': 3712.591045287726, 'fire_exp': 1.695318866910499, 'P_half': 220.3445560633069, 'pre_dampen_half': 502.5175192217655, 'gpp_af': 0.7539992074650279, 'gpp_b': 0.0021331409710300844, 'gpp_d': 5.1715677287580455, 'ign_k': 0.010167079878196114, 'ign_c': 15.221840161091626, 'trop_agb_crit': 24.584290528289387, 'trop_k_veg': 1.4584243470991722}.
[I 2026-06-08 12:13:02,429] Trial 241 finished with values: [10.705371455276737, 10.705371455276737] and parameters: {'k1': 0.03635503353478365, 'D_low': 171.2446447678494, 'k2': 0.012758211164590085, 'D_high': 2940.51756322311, 'fire_exp': 1.2918065501148304, 'P_half': 4.213183643253957, 'pre_dampen_half': 0.2888838362365318, 'gpp_af': 0.1476584299248268, 'gpp_b': 2.176805640408474e-05, 'gpp_d': 1.6983565276584263, 'ign_k': 8.708806168038567, 'ign_c': 0.12510188850164433, 'trop_agb_crit': 7.500118950416987, 'trop_k_veg': 0.6673124511410327}.
[I 2026-06-08 12:13:04,466] Trial 242 finished with values: [10.868504726199683, 10.868504726199683] and parameters: {'k1': 0.05705198955850472, 'D_low': 1812.5870836716226, 'k2': 0.003101429427212743, 'D_high': 61536.58035691648, 'fire_exp': 1.0362310858538248, 'P_half': 3227.0237615158, 'pre_dampen_half': 5.048653998722947, 'gpp_af': 9.860891468435602, 'gpp_b': 0.01777482313117792, 'gpp_d': 0.7668707039273328, 'ign_k': 5.351470428717437, 'ign_c': 1.9580595319750387, 'trop_agb_crit': 7.444615346113405, 'trop_k_veg': 1.0594599158279707}.
[I 2026-06-08 12:13:06,459] Trial 243 finished with values: [10.88226824896946, 10.88226824896946] and parameters: {'k1': 0.008287522363768155, 'D_low': 355.00125258511594, 'k2': 0.09811523358736457, 'D_high': 252.84086172415604, 'fire_exp': 1.3170256885255098, 'P_half': 712.8188058401365, 'pre_dampen_half': 63.6685916079943, 'gpp_af': 0.6403036652671171, 'gpp_b': 0.42247700890263645, 'gpp_d': 2.944272359149677, 'ign_k': 0.12329098365270515, 'ign_c': 5.13055176058983, 'trop_agb_crit': 1.0903028125370984, 'trop_k_veg': 0.6743482387129308}.
[I 2026-06-08 12:13:08,614] Trial 244 finished with values: [10.733778529499315, 10.733778529499315] and parameters: {'k1': 0.004312951023617458, 'D_low': 7.299348683062307, 'k2': 0.011715293025123641, 'D_high': 1578.0309954142967, 'fire_exp': 1.0629462657398439, 'P_half': 2897.5337521324113, 'pre_dampen_half': 5.048653998722947, 'gpp_af': 0.7539992074650279, 'gpp_b': 3.481277316673104e-05, 'gpp_d': 757.2868182332339, 'ign_k': 0.11619873314872933, 'ign_c': 0.9580682294110432, 'trop_agb_crit': 14.948114979829949, 'trop_k_veg': 1.0594599158279707}.
[I 2026-06-08 12:13:10,512] Trial 245 finished with values: [10.803772803734379, 10.803772803734379] and parameters: {'k1': 0.008912611835817005, 'D_low': 40.52505887227999, 'k2': 0.0007047307383115598, 'D_high': 3346.220103048382, 'fire_exp': 1.2918065501148304, 'P_half': 751.9407491506673, 'pre_dampen_half': 3.3841016089580034, 'gpp_af': 0.2204465010099918, 'gpp_b': 1.284284091405877e-05, 'gpp_d': 0.03927259340973166, 'ign_k': 5.351470428717437, 'ign_c': 0.12510188850164433, 'trop_agb_crit': 12.647327018493208, 'trop_k_veg': 1.8914629029068306}.
[I 2026-06-08 12:13:12,313] Trial 246 finished with values: [10.511262288494413, 10.511262288494413] and parameters: {'k1': 0.012840669372724958, 'D_low': 40.12413353131991, 'k2': 0.014344484793173472, 'D_high': 3712.591045287726, 'fire_exp': 1.423480109671474, 'P_half': 93.43302657318476, 'pre_dampen_half': 8.594202650742222, 'gpp_af': 0.2204465010099918, 'gpp_b': 1.284284091405877e-05, 'gpp_d': 229.41380323183625, 'ign_k': 0.01364908766641695, 'ign_c': 18.219343937475102, 'trop_agb_crit': 24.584290528289387, 'trop_k_veg': 3.49157152291552}.
[I 2026-06-08 12:13:14,220] Trial 247 finished with values: [10.368794127783431, 10.368794127783431] and parameters: {'k1': 0.004312951023617458, 'D_low': 4.484744524732794, 'k2': 0.015763894361785387, 'D_high': 42.070539502879384, 'fire_exp': 1.0629462657398439, 'P_half': 323.6099399575106, 'pre_dampen_half': 502.5175192217655, 'gpp_af': 0.7539992074650279, 'gpp_b': 1.3289448722869181e-05, 'gpp_d': 10.369565216756202, 'ign_k': 0.0680787482656459, 'ign_c': 0.70689749506246, 'trop_agb_crit': 18.785197416433792, 'trop_k_veg': 0.83140195149031}.
[I 2026-06-08 12:13:16,161] Trial 248 finished with values: [10.892271608150558, 10.892271608150558] and parameters: {'k1': 0.004312951023617458, 'D_low': 3123.981524414059, 'k2': 1.915468390724633e-05, 'D_high': 3712.591045287726, 'fire_exp': 1.0629462657398439, 'P_half': 220.3445560633069, 'pre_dampen_half': 502.5175192217655, 'gpp_af': 0.2204465010099918, 'gpp_b': 8.02603067403424, 'gpp_d': 16.460426816350523, 'ign_k': 0.0680787482656459, 'ign_c': 0.12510188850164433, 'trop_agb_crit': 24.584290528289387, 'trop_k_veg': 1.4584243470991722}.
[I 2026-06-08 12:13:18,407] Trial 249 finished with values: [10.888708806517293, 10.888708806517293] and parameters: {'k1': 0.06994589881535453, 'D_low': 40.12413353131991, 'k2': 0.03538758864779238, 'D_high': 21.947742689197344, 'fire_exp': 1.695318866910499, 'P_half': 1.1827346017839087, 'pre_dampen_half': 63.6685916079943, 'gpp_af': 0.7539992074650279, 'gpp_b': 0.42247700890263645, 'gpp_d': 5.1715677287580455, 'ign_k': 0.12329098365270515, 'ign_c': 5.13055176058983, 'trop_agb_crit': 15.961316409649486, 'trop_k_veg': 0.6743482387129308}.
[I 2026-06-08 12:13:20,223] Trial 250 finished with values: [10.599536076641241, 10.599536076641241] and parameters: {'k1': 0.002155595057104387, 'D_low': 40.12413353131991, 'k2': 0.0007047307383115598, 'D_high': 11832.967057468773, 'fire_exp': 1.423480109671474, 'P_half': 221.2683656611821, 'pre_dampen_half': 3.3841016089580034, 'gpp_af': 1.5386842469144075, 'gpp_b': 1.284284091405877e-05, 'gpp_d': 229.41380323183625, 'ign_k': 5.351470428717437, 'ign_c': 18.219343937475102, 'trop_agb_crit': 10.691477813613638, 'trop_k_veg': 1.0594599158279707}.
[I 2026-06-08 12:13:22,286] Trial 251 finished with values: [10.754744539354006, 10.754744539354006] and parameters: {'k1': 0.008287522363768155, 'D_low': 355.00125258511594, 'k2': 0.015763894361785387, 'D_high': 774.2116473996249, 'fire_exp': 1.3170256885255098, 'P_half': 712.8188058401365, 'pre_dampen_half': 63.6685916079943, 'gpp_af': 0.6403036652671171, 'gpp_b': 0.0021331409710300844, 'gpp_d': 2.944272359149677, 'ign_k': 0.0680787482656459, 'ign_c': 5.13055176058983, 'trop_agb_crit': 24.584290528289387, 'trop_k_veg': 0.6743482387129308}.
[I 2026-06-08 12:13:24,109] Trial 252 finished with values: [-0.5388002290368117, 0.20434548810238495] and parameters: {'k1': 0.008471801418819975, 'D_low': 2.143851363193517, 'k2': 0.012758211164590085, 'D_high': 2940.51756322311, 'fire_exp': 1.1430983876313219, 'P_half': 56.22114524476698, 'pre_dampen_half': 10.129197956845726, 'gpp_af': 0.1476584299248268, 'gpp_b': 1.3289448722869181e-05, 'gpp_d': 10.369565216756202, 'ign_k': 8.708806168038567, 'ign_c': 0.70689749506246, 'trop_agb_crit': 3.5747129226002423, 'trop_k_veg': 0.83140195149031}.
[I 2026-06-08 12:13:25,923] Trial 253 finished with values: [10.830211443035152, 10.830211443035152] and parameters: {'k1': 0.004312951023617458, 'D_low': 12.105387404469584, 'k2': 8.923807143379776e-05, 'D_high': 8182.111518618414, 'fire_exp': 1.1430983876313219, 'P_half': 4.213183643253957, 'pre_dampen_half': 502.5175192217655, 'gpp_af': 0.7539992074650279, 'gpp_b': 3.481277316673104e-05, 'gpp_d': 1.493264336549928, 'ign_k': 0.0680787482656459, 'ign_c': 0.557280750002996, 'trop_agb_crit': 7.500118950416987, 'trop_k_veg': 0.6673124511410327}.
[I 2026-06-08 12:13:27,788] Trial 254 finished with values: [10.887642033712229, 10.887642033712229] and parameters: {'k1': 0.012021930484915042, 'D_low': 38.82837025280678, 'k2': 0.0012040762895973265, 'D_high': 21.947742689197344, 'fire_exp': 1.695318866910499, 'P_half': 14.281536924924877, 'pre_dampen_half': 39.827466658711515, 'gpp_af': 0.12269699058825158, 'gpp_b': 0.22727308251068193, 'gpp_d': 757.2868182332339, 'ign_k': 0.11619873314872933, 'ign_c': 30.28574109895626, 'trop_agb_crit': 10.965064494899984, 'trop_k_veg': 1.0594599158279707}.
[I 2026-06-08 12:13:29,845] Trial 255 finished with values: [10.882535794943598, 10.882535794943598] and parameters: {'k1': 3.23559867820537e-05, 'D_low': 171.2446447678494, 'k2': 0.00023295358953467695, 'D_high': 3346.220103048382, 'fire_exp': 1.695318866910499, 'P_half': 220.3445560633069, 'pre_dampen_half': 0.011396414164620812, 'gpp_af': 0.2204465010099918, 'gpp_b': 2.176805640408474e-05, 'gpp_d': 0.03927259340973166, 'ign_k': 8.708806168038567, 'ign_c': 0.12510188850164433, 'trop_agb_crit': 24.584290528289387, 'trop_k_veg': 1.6081790145072552}.
[I 2026-06-08 12:13:31,808] Trial 256 finished with values: [10.889169164108234, 10.889169164108234] and parameters: {'k1': 0.008912611835817005, 'D_low': 38.82837025280678, 'k2': 0.03538758864779238, 'D_high': 774.2116473996249, 'fire_exp': 1.3170256885255098, 'P_half': 1.1827346017839087, 'pre_dampen_half': 48.74291611803564, 'gpp_af': 2.6003623362924237, 'gpp_b': 0.42247700890263645, 'gpp_d': 0.2204889335659561, 'ign_k': 0.12329098365270515, 'ign_c': 30.28574109895626, 'trop_agb_crit': 15.961316409649486, 'trop_k_veg': 3.1473758868965476}.
[I 2026-06-08 12:13:33,598] Trial 257 finished with values: [10.722403405888986, 10.722403405888986] and parameters: {'k1': 0.004312951023617458, 'D_low': 4.484744524732794, 'k2': 0.0003432139136241583, 'D_high': 1493.5213816355397, 'fire_exp': 1.0601964743503993, 'P_half': 4.213183643253957, 'pre_dampen_half': 502.5175192217655, 'gpp_af': 0.10409127568994281, 'gpp_b': 1.3289448722869181e-05, 'gpp_d': 0.4726373877250429, 'ign_k': 0.0680787482656459, 'ign_c': 0.70689749506246, 'trop_agb_crit': 10.965064494899984, 'trop_k_veg': 0.83140195149031}.
[I 2026-06-08 12:13:35,473] Trial 258 finished with values: [10.70796639372615, 10.70796639372615] and parameters: {'k1': 3.23559867820537e-05, 'D_low': 77.31571570012609, 'k2': 2.683416249684868e-05, 'D_high': 21.947742689197344, 'fire_exp': 1.4900535273878766, 'P_half': 221.2683656611821, 'pre_dampen_half': 502.5175192217655, 'gpp_af': 0.7539992074650279, 'gpp_b': 1.284284091405877e-05, 'gpp_d': 1.279742971294904, 'ign_k': 0.0315101491238403, 'ign_c': 15.221840161091626, 'trop_agb_crit': 10.691477813613638, 'trop_k_veg': 6.2065960186008615}.
[I 2026-06-08 12:13:37,454] Trial 259 finished with values: [10.314987090024024, 10.314987090024024] and parameters: {'k1': 0.012840669372724958, 'D_low': 12.105387404469584, 'k2': 1.1065812688893481e-05, 'D_high': 5670.3463356272905, 'fire_exp': 1.1430983876313219, 'P_half': 93.43302657318476, 'pre_dampen_half': 502.5175192217655, 'gpp_af': 0.2204465010099918, 'gpp_b': 1.3289448722869181e-05, 'gpp_d': 1.493264336549928, 'ign_k': 2.1368329072358767, 'ign_c': 15.221840161091626, 'trop_agb_crit': 7.500118950416987, 'trop_k_veg': 3.869465953383845}.
[I 2026-06-08 12:13:39,229] Trial 260 finished with values: [10.68930499719458, 10.68930499719458] and parameters: {'k1': 0.012840669372724958, 'D_low': 40.12413353131991, 'k2': 0.0007047307383115598, 'D_high': 3712.591045287726, 'fire_exp': 1.423480109671474, 'P_half': 221.2683656611821, 'pre_dampen_half': 5.048653998722947, 'gpp_af': 0.2204465010099918, 'gpp_b': 1.284284091405877e-05, 'gpp_d': 757.2868182332339, 'ign_k': 0.01364908766641695, 'ign_c': 11.400863701127316, 'trop_agb_crit': 24.584290528289387, 'trop_k_veg': 0.6673124511410327}.
[I 2026-06-08 12:13:41,178] Trial 261 finished with values: [10.388136785530927, 10.388136785530927] and parameters: {'k1': 0.008912611835817005, 'D_low': 4.484744524732794, 'k2': 0.015763894361785387, 'D_high': 645.2946500764235, 'fire_exp': 1.7329145403564932, 'P_half': 5.076307782729897, 'pre_dampen_half': 502.5175192217655, 'gpp_af': 0.7539992074650279, 'gpp_b': 0.14577755664212386, 'gpp_d': 5.1715677287580455, 'ign_k': 0.010167079878196114, 'ign_c': 5.13055176058983, 'trop_agb_crit': 24.584290528289387, 'trop_k_veg': 3.1473758868965476}.
[I 2026-06-08 12:13:43,041] Trial 262 finished with values: [10.449432527339948, 10.449432527339948] and parameters: {'k1': 0.00031134168041628584, 'D_low': 7.240382572465288, 'k2': 0.0012040762895973265, 'D_high': 8182.111518618414, 'fire_exp': 1.695318866910499, 'P_half': 4.213183643253957, 'pre_dampen_half': 38.00678588560607, 'gpp_af': 0.2204465010099918, 'gpp_b': 6.369295096609023e-05, 'gpp_d': 5.1715677287580455, 'ign_k': 0.00840038491455979, 'ign_c': 0.1406146398517664, 'trop_agb_crit': 10.965064494899984, 'trop_k_veg': 2.520089655463604}.
[I 2026-06-08 12:13:44,908] Trial 263 finished with values: [11.273429074329876, 11.273429074329876] and parameters: {'k1': 0.008471801418819975, 'D_low': 2.143851363193517, 'k2': 0.012758211164590085, 'D_high': 61536.58035691648, 'fire_exp': 1.3170256885255098, 'P_half': 56.22114524476698, 'pre_dampen_half': 63.6685916079943, 'gpp_af': 0.1476584299248268, 'gpp_b': 1.3289448722869181e-05, 'gpp_d': 229.41380323183625, 'ign_k': 8.926311370835233, 'ign_c': 5.13055176058983, 'trop_agb_crit': 3.5747129226002423, 'trop_k_veg': 0.83140195149031}.
[I 2026-06-08 12:13:46,798] Trial 264 finished with values: [10.76036283620555, 10.76036283620555] and parameters: {'k1': 2.766282010813135e-05, 'D_low': 12.105387404469584, 'k2': 0.003767022142229395, 'D_high': 431.45617043093523, 'fire_exp': 1.0601964743503993, 'P_half': 4.213183643253957, 'pre_dampen_half': 63.6685916079943, 'gpp_af': 3.4702669886504163, 'gpp_b': 1.4540386644083135e-05, 'gpp_d': 0.12878367369717508, 'ign_k': 0.00840038491455979, 'ign_c': 48.704711413416454, 'trop_agb_crit': 24.80219492452611, 'trop_k_veg': 0.6673124511410327}.
[I 2026-06-08 12:13:48,588] Trial 265 finished with values: [10.80602291465115, 10.80602291465115] and parameters: {'k1': 0.0002621130418912425, 'D_low': 70.18267183720735, 'k2': 0.0003432139136241583, 'D_high': 25628.666000163565, 'fire_exp': 1.0601964743503993, 'P_half': 220.3445560633069, 'pre_dampen_half': 0.2730203117796979, 'gpp_af': 0.7539992074650279, 'gpp_b': 0.0054502936945582505, 'gpp_d': 418.77522137884927, 'ign_k': 8.708806168038567, 'ign_c': 20.03995359361212, 'trop_agb_crit': 10.965064494899984, 'trop_k_veg': 1.4584243470991722}.
[I 2026-06-08 12:13:50,808] Trial 266 finished with values: [10.866058959405901, 10.866058959405901] and parameters: {'k1': 0.00488137519160367, 'D_low': 355.00125258511594, 'k2': 0.00015319072862693227, 'D_high': 61536.58035691648, 'fire_exp': 1.695318866910499, 'P_half': 5.076307782729897, 'pre_dampen_half': 0.14724438934285344, 'gpp_af': 0.10409127568994281, 'gpp_b': 0.01777482313117792, 'gpp_d': 229.41380323183625, 'ign_k': 8.926311370835233, 'ign_c': 5.13055176058983, 'trop_agb_crit': 24.80219492452611, 'trop_k_veg': 0.5618951132741115}.
[I 2026-06-08 12:13:52,830] Trial 267 finished with values: [10.850348194188983, 10.850348194188983] and parameters: {'k1': 0.012840669372724958, 'D_low': 1.54121727098019, 'k2': 1.915468390724633e-05, 'D_high': 42210.21267871043, 'fire_exp': 1.4665043946307825, 'P_half': 93.43302657318476, 'pre_dampen_half': 0.012284844784580964, 'gpp_af': 0.2204465010099918, 'gpp_b': 2.176805640408474e-05, 'gpp_d': 16.460426816350523, 'ign_k': 0.00840038491455979, 'ign_c': 15.221840161091626, 'trop_agb_crit': 1.0903028125370984, 'trop_k_veg': 3.869465953383845}.
[I 2026-06-08 12:13:54,560] Trial 268 finished with values: [10.892840486609161, 10.892840486609161] and parameters: {'k1': 0.00031134168041628584, 'D_low': 38.82837025280678, 'k2': 0.0012040762895973265, 'D_high': 8182.111518618414, 'fire_exp': 1.695318866910499, 'P_half': 14.281536924924877, 'pre_dampen_half': 38.00678588560607, 'gpp_af': 0.10409127568994281, 'gpp_b': 8.43984242800236, 'gpp_d': 0.12878367369717508, 'ign_k': 0.00840038491455979, 'ign_c': 30.28574109895626, 'trop_agb_crit': 10.965064494899984, 'trop_k_veg': 2.573214588078609}.
[I 2026-06-08 12:13:56,408] Trial 269 finished with values: [-0.47226127056490724, 0.34903232461049505] and parameters: {'k1': 0.06598741607403362, 'D_low': 38.82837025280678, 'k2': 7.914423612155373e-05, 'D_high': 4316.517111160399, 'fire_exp': 1.3170256885255098, 'P_half': 4.213183643253957, 'pre_dampen_half': 241.69519319206728, 'gpp_af': 6.155035361040188, 'gpp_b': 1.4540386644083135e-05, 'gpp_d': 16.460426816350523, 'ign_k': 0.010167079878196114, 'ign_c': 0.14551749476072262, 'trop_agb_crit': 1.0903028125370984, 'trop_k_veg': 3.1473758868965476}.
[I 2026-06-08 12:13:58,325] Trial 270 finished with values: [10.49339492294774, 10.49339492294774] and parameters: {'k1': 0.012840669372724958, 'D_low': 38.82837025280678, 'k2': 0.0012040762895973265, 'D_high': 8182.111518618414, 'fire_exp': 1.4665043946307825, 'P_half': 14.281536924924877, 'pre_dampen_half': 502.5175192217655, 'gpp_af': 0.2204465010099918, 'gpp_b': 2.176805640408474e-05, 'gpp_d': 1.3767835510755015, 'ign_k': 0.010167079878196114, 'ign_c': 30.28574109895626, 'trop_agb_crit': 24.584290528289387, 'trop_k_veg': 3.869465953383845}.
[I 2026-06-08 12:14:00,199] Trial 271 finished with values: [10.024456925059134, 10.024456925059134] and parameters: {'k1': 0.03635503353478365, 'D_low': 38.82837025280678, 'k2': 0.0012040762895973265, 'D_high': 2940.51756322311, 'fire_exp': 1.165368636520435, 'P_half': 12.808863354047988, 'pre_dampen_half': 107.40052367919465, 'gpp_af': 0.10409127568994281, 'gpp_b': 0.0005752434266899163, 'gpp_d': 5.1715677287580455, 'ign_k': 0.010167079878196114, 'ign_c': 30.28574109895626, 'trop_agb_crit': 3.5747129226002423, 'trop_k_veg': 2.573214588078609}.
[I 2026-06-08 12:14:02,040] Trial 272 finished with values: [-0.5002273015780323, 0.20519175074792773] and parameters: {'k1': 0.008912611835817005, 'D_low': 34.459310919273356, 'k2': 1.915468390724633e-05, 'D_high': 3712.591045287726, 'fire_exp': 1.1430983876313219, 'P_half': 523.1053126909052, 'pre_dampen_half': 502.5175192217655, 'gpp_af': 0.05511595477601767, 'gpp_b': 0.0021331409710300844, 'gpp_d': 10.369565216756202, 'ign_k': 2.1368329072358767, 'ign_c': 0.70689749506246, 'trop_agb_crit': 18.785197416433792, 'trop_k_veg': 0.5349971555643298}.
