[I 2026-08-20 00:57:23,262] Trial 1835 finished with value: 0.5938816063332295 and parameters: {'k1': 0.024342492522408256, 'D_low': 3308.4911746575012, 'k2': 3.6505375063172086e-05, 'D_high': 24033.263831446726, 'fire_exp': 1.1946054312679237, 'P_half': 1.578247436968811, 'pre_dampen_half': 0.042464824749706295, 'gpp_af': 4.978510476011684, 'gpp_b': 7.588526217149286, 'gpp_d': 135.59564690749136, 'ign_k': 0.0020897737984727814, 'ign_c': 39.67047097394143, 'trop_agb_crit': 25.224673467708996, 'trop_k_veg': 1.4252533349410748}. Best is trial 1285 with value: -0.6015874360929447.
[I 2026-08-20 00:57:24,587] Trial 1836 finished with value: 0.5628019586609201 and parameters: {'k1': 0.0004068555137085811, 'D_low': 18.698455625444804, 'k2': 0.00020852213070864353, 'D_high': 82354.07676617852, 'fire_exp': 3.632570878379212, 'P_half': 52.963766369984775, 'pre_dampen_half': 3.318225446956326, 'gpp_af': 0.5808934201371014, 'gpp_b': 0.0007860119871955427, 'gpp_d': 8.01067366197619, 'ign_k': 0.09631533607875802, 'ign_c': 12.000816823969673, 'trop_agb_crit': 12.077487872057345, 'trop_k_veg': 3.5073688910442438}. Best is trial 1285 with value: -0.6015874360929447.
[I 2026-08-20 00:57:25,927] Trial 1837 finished with value: 0.5284030383090239 and parameters: {'k1': 0.00024740593969074424, 'D_low': 20.429950203979793, 'k2': 0.00034299213084568766, 'D_high': 2245242.565119983, 'fire_exp': 2.603009584712106, 'P_half': 33.02418957608213, 'pre_dampen_half': 0.7320145974943204, 'gpp_af': 1.4718372997206772, 'gpp_b': 0.0034596829641959166, 'gpp_d': 3.491326875238004, 'ign_k': 0.08680019634446254, 'ign_c': 1.5556385207219716, 'trop_agb_crit': 29.87340682991978, 'trop_k_veg': 7.931986182128829}. Best is trial 1285 with value: -0.6015874360929447.
[I 2026-08-20 00:57:27,300] Trial 1838 finished with value: 0.6445374145881376 and parameters: {'k1': 0.0019648333354675127, 'D_low': 5.7943802375931845, 'k2': 1.0701555139872425e-05, 'D_high': 6731131.624082274, 'fire_exp': 4.485000958487582, 'P_half': 13.61867959841157, 'pre_dampen_half': 114.84532621809069, 'gpp_af': 8.082061315406186, 'gpp_b': 0.05529678762532678, 'gpp_d': 87.09701359538376, 'ign_k': 1.3576794957338392, 'ign_c': 118.18305420587285, 'trop_agb_crit': 10.963194135983564, 'trop_k_veg': 1.0311220525219709}. Best is trial 1285 with value: -0.6015874360929447.
[I 2026-08-20 00:57:28,627] Trial 1839 finished with value: -0.5744317599627161 and parameters: {'k1': 0.0006546441922876909, 'D_low': 1445.2490359072915, 'k2': 0.0005019905686742068, 'D_high': 8792048.629251793, 'fire_exp': 1.9633329813667826, 'P_half': 175.9591063578411, 'pre_dampen_half': 5.6312047197373625, 'gpp_af': 0.044581230609698916, 'gpp_b': 0.00012284052210655868, 'gpp_d': 222.3097164321932, 'ign_k': 0.13821998460133847, 'ign_c': 3.1586138846029694, 'trop_agb_crit': 28.59015501900802, 'trop_k_veg': 1.957813335835867}. Best is trial 1285 with value: -0.6015874360929447.
[I 2026-08-20 00:57:30,011] Trial 1840 finished with value: 0.6445374145881376 and parameters: {'k1': 0.00012286861350884024, 'D_low': 32.38472954306036, 'k2': 0.0030049540740199852, 'D_high': 99.29590236023529, 'fire_exp': 8.164133389450159, 'P_half': 1208.811690831272, 'pre_dampen_half': 1.361379957772664, 'gpp_af': 26.52407527112419, 'gpp_b': 0.8883390372975948, 'gpp_d': 3.3181232657620554, 'ign_k': 6.548359030445487, 'ign_c': 11.618556707267492, 'trop_agb_crit': 6.479227982738509, 'trop_k_veg': 1.8171082174458069}. Best is trial 1285 with value: -0.6015874360929447.
[I 2026-08-20 00:57:31,784] Trial 1841 finished with value: 0.5936310556108497 and parameters: {'k1': 0.029039312135235272, 'D_low': 2609.6672886280094, 'k2': 0.0050489220040817705, 'D_high': 985430.9481651683, 'fire_exp': 2.8943634950610075, 'P_half': 38.60718165794438, 'pre_dampen_half': 3.0141761713872537, 'gpp_af': 19.6402178823361, 'gpp_b': 2.302581990933753, 'gpp_d': 549.4188364611747, 'ign_k': 0.21376720272310604, 'ign_c': 37.49067258651395, 'trop_agb_crit': 17.297078223657042, 'trop_k_veg': 1.764359775681455}. Best is trial 1285 with value: -0.6015874360929447.
[I 2026-08-20 00:57:33,208] Trial 1842 finished with value: 0.5654727342371876 and parameters: {'k1': 0.014202072033321907, 'D_low': 684.6861218918195, 'k2': 0.00011892906063211809, 'D_high': 519213.3899206267, 'fire_exp': 8.609454507824763, 'P_half': 14.928987051892024, 'pre_dampen_half': 204.97311081568736, 'gpp_af': 10.208860656954984, 'gpp_b': 3.0131000196997034e-05, 'gpp_d': 912.4874362704703, 'ign_k': 0.07102740747012412, 'ign_c': 8.12541072495943, 'trop_agb_crit': 13.531940604915398, 'trop_k_veg': 2.079428287509037}. Best is trial 1285 with value: -0.6015874360929447.
[I 2026-08-20 00:57:34,564] Trial 1843 finished with value: 0.6547818010224808 and parameters: {'k1': 0.0005300184403713601, 'D_low': 1.311294936130289, 'k2': 0.0004974822206214129, 'D_high': 5977241.648580189, 'fire_exp': 6.5149193143944535, 'P_half': 1.0149271126471984, 'pre_dampen_half': 32.71964990606972, 'gpp_af': 0.2500055188982383, 'gpp_b': 0.0018376301841106022, 'gpp_d': 59.875306019402444, 'ign_k': 6.222124902624211, 'ign_c': 32.38481350014162, 'trop_agb_crit': 9.465527768479253, 'trop_k_veg': 1.88286407306996}. Best is trial 1285 with value: -0.6015874360929447.
[I 2026-08-20 00:57:36,024] Trial 1844 finished with value: 0.6445374145881376 and parameters: {'k1': 0.038658755828001, 'D_low': 3704.717133763557, 'k2': 0.0005061642741881741, 'D_high': 532335.9586392702, 'fire_exp': 9.613625757982522, 'P_half': 1251.7535693857483, 'pre_dampen_half': 18.975092270695807, 'gpp_af': 0.0015548170556799348, 'gpp_b': 0.6658755131742133, 'gpp_d': 0.1958899107333475, 'ign_k': 0.029782138375997646, 'ign_c': 1.0100885930940358, 'trop_agb_crit': 1.3138767436456433, 'trop_k_veg': 3.872216422518372}. Best is trial 1285 with value: -0.6015874360929447.
[I 2026-08-20 00:57:37,369] Trial 1845 finished with value: 0.5906456044021018 and parameters: {'k1': 0.00013046066522068476, 'D_low': 1.4259815733350028, 'k2': 0.001027635822803469, 'D_high': 13300.522015308465, 'fire_exp': 2.846779808396592, 'P_half': 2.2351525644999777, 'pre_dampen_half': 0.14756446008433366, 'gpp_af': 1.5479442955294145, 'gpp_b': 0.002110668699210332, 'gpp_d': 0.7219320878067012, 'ign_k': 0.15907710779392437, 'ign_c': 8.64856097477889, 'trop_agb_crit': 29.96842298708073, 'trop_k_veg': 5.856522633046033}. Best is trial 1285 with value: -0.6015874360929447.
[I 2026-08-20 00:57:38,720] Trial 1846 finished with value: 0.4695562582231948 and parameters: {'k1': 0.0021379930365387242, 'D_low': 318.21076195657974, 'k2': 0.026245313362371816, 'D_high': 512068.4653136792, 'fire_exp': 2.201374369612597, 'P_half': 6.928315042272571, 'pre_dampen_half': 1.5492635401248633, 'gpp_af': 0.08914459748794802, 'gpp_b': 0.014039120509397, 'gpp_d': 30.9254649003136, 'ign_k': 0.45602447986270694, 'ign_c': 0.21213350890251945, 'trop_agb_crit': 26.590040153984884, 'trop_k_veg': 6.409262909678845}. Best is trial 1285 with value: -0.6015874360929447.
[I 2026-08-20 00:57:40,050] Trial 1847 finished with value: 0.5853297782571202 and parameters: {'k1': 0.061351070772010775, 'D_low': 311.67285302827605, 'k2': 0.0015934022306512633, 'D_high': 3100365.934847164, 'fire_exp': 2.5210560176190695, 'P_half': 69.93315382359617, 'pre_dampen_half': 1.7863664173942482, 'gpp_af': 1.2895215545692342, 'gpp_b': 0.1698645373920322, 'gpp_d': 447.172600795976, 'ign_k': 0.10154319689839168, 'ign_c': 48.25620386077485, 'trop_agb_crit': 26.455160281594704, 'trop_k_veg': 2.173641968480465}. Best is trial 1285 with value: -0.6015874360929447.
[I 2026-08-20 00:57:41,432] Trial 1848 finished with value: 0.4641269328848018 and parameters: {'k1': 0.0010957298904882913, 'D_low': 39.29909536407617, 'k2': 0.001958316065256476, 'D_high': 1303906.0553022379, 'fire_exp': 6.21294411306674, 'P_half': 2.1550865955227283, 'pre_dampen_half': 3.2887806122593997, 'gpp_af': 0.2591123087115219, 'gpp_b': 0.003979818727061919, 'gpp_d': 331.4978656236202, 'ign_k': 3.5695856697103054, 'ign_c': 2.7754905534057475, 'trop_agb_crit': 3.2491638086157892, 'trop_k_veg': 2.297452457407197}. Best is trial 1285 with value: -0.6015874360929447.
[I 2026-08-20 00:57:42,793] Trial 1849 finished with value: 0.4330615056071514 and parameters: {'k1': 0.0021379491490938077, 'D_low': 82.84458644993396, 'k2': 0.0007366036148545758, 'D_high': 1756727.3996341724, 'fire_exp': 3.9700163276633766, 'P_half': 1.111763639372038, 'pre_dampen_half': 6.855672220516827, 'gpp_af': 0.2704672729897439, 'gpp_b': 0.013539799342045486, 'gpp_d': 964.6507957641347, 'ign_k': 3.9237829752803672, 'ign_c': 15.644695380620744, 'trop_agb_crit': 4.72605538827461, 'trop_k_veg': 3.1268669137505722}. Best is trial 1285 with value: -0.6015874360929447.
[I 2026-08-20 00:57:44,215] Trial 1850 finished with value: 0.6446964771436134 and parameters: {'k1': 6.023666530952776e-05, 'D_low': 3862.5492632501832, 'k2': 3.0077853760988454e-05, 'D_high': 19.40066668889649, 'fire_exp': 6.958451684838776, 'P_half': 40.862237157459234, 'pre_dampen_half': 0.026676269228519588, 'gpp_af': 0.0010677964570124515, 'gpp_b': 2.7129017509278746e-05, 'gpp_d': 2.858276868092701, 'ign_k': 0.3621999843331302, 'ign_c': 29.03766663238794, 'trop_agb_crit': 20.394626791005976, 'trop_k_veg': 1.2536032664778234}. Best is trial 1285 with value: -0.6015874360929447.
[I 2026-08-20 00:57:45,585] Trial 1851 finished with value: 0.5543473794547964 and parameters: {'k1': 0.002893972855986128, 'D_low': 89.0931692274849, 'k2': 0.0005164618318190283, 'D_high': 3825957.172165119, 'fire_exp': 1.6302710937466673, 'P_half': 1145.7060997638437, 'pre_dampen_half': 0.2631976956275821, 'gpp_af': 0.31352147002572495, 'gpp_b': 0.0005007285214675257, 'gpp_d': 470.98713151870146, 'ign_k': 0.7062759354545978, 'ign_c': 4.343188738217401, 'trop_agb_crit': 4.608571542157552, 'trop_k_veg': 1.1487401165755746}. Best is trial 1285 with value: -0.6015874360929447.
[I 2026-08-20 00:57:46,992] Trial 1852 finished with value: 0.45357215890964186 and parameters: {'k1': 0.00037332116851501355, 'D_low': 13.794665719231345, 'k2': 4.525940033747278e-05, 'D_high': 255221.7239363102, 'fire_exp': 3.3887655798893803, 'P_half': 3.005159501635065, 'pre_dampen_half': 2.3194880970118, 'gpp_af': 0.14885364516507482, 'gpp_b': 0.00010451971558426534, 'gpp_d': 5.6558302823294975, 'ign_k': 0.13480421238453533, 'ign_c': 0.6807406115819946, 'trop_agb_crit': 14.027281508985016, 'trop_k_veg': 6.655982340752677}. Best is trial 1285 with value: -0.6015874360929447.
[I 2026-08-20 00:57:48,353] Trial 1853 finished with value: 0.6441229690189294 and parameters: {'k1': 0.03667320580604316, 'D_low': 1.814016534974325, 'k2': 0.0010887899888171728, 'D_high': 243477.9900753205, 'fire_exp': 4.994834045995422, 'P_half': 2.0602342656373085, 'pre_dampen_half': 6.300739567895447, 'gpp_af': 0.008291189039531965, 'gpp_b': 0.06353912582112076, 'gpp_d': 0.019749107142741206, 'ign_k': 0.01063029749884607, 'ign_c': 5.94505272019989, 'trop_agb_crit': 3.1222901030996373, 'trop_k_veg': 7.307519944576001}. Best is trial 1285 with value: -0.6015874360929447.
[I 2026-08-20 00:57:49,711] Trial 1854 finished with value: 0.5740250386602079 and parameters: {'k1': 0.002091674996070975, 'D_low': 159.65096737504803, 'k2': 0.0013595257086622982, 'D_high': 4200.421506067421, 'fire_exp': 3.1790534053510355, 'P_half': 8.371369250432402, 'pre_dampen_half': 48.07641840275002, 'gpp_af': 0.20225910529883845, 'gpp_b': 0.0005064563770747102, 'gpp_d': 5.820512229284746, 'ign_k': 0.24675677485866127, 'ign_c': 7.927699366653727, 'trop_agb_crit': 23.861132485405157, 'trop_k_veg': 7.498383782565769}. Best is trial 1285 with value: -0.6015874360929447.
[I 2026-08-20 00:57:51,089] Trial 1855 finished with value: 0.6476555358780676 and parameters: {'k1': 4.4140126501722496e-05, 'D_low': 624.3376580645058, 'k2': 0.009944942036274062, 'D_high': 8004634.804379468, 'fire_exp': 1.202995571920322, 'P_half': 63.64593853056962, 'pre_dampen_half': 50.801343774237345, 'gpp_af': 0.009107374268147735, 'gpp_b': 0.00029782343323900946, 'gpp_d': 2.145641537183659, 'ign_k': 0.12689593477911248, 'ign_c': 126.10230348510558, 'trop_agb_crit': 29.223390620081695, 'trop_k_veg': 5.6777869933952845}. Best is trial 1285 with value: -0.6015874360929447.
[I 2026-08-20 00:57:52,873] Trial 1856 finished with value: 0.6536090350541703 and parameters: {'k1': 6.121493672887658e-05, 'D_low': 6.305314693233444, 'k2': 0.0008086431244869103, 'D_high': 3802427.135820726, 'fire_exp': 5.723660454740568, 'P_half': 1.4936399769761677, 'pre_dampen_half': 260.43609683926377, 'gpp_af': 0.4112661790899931, 'gpp_b': 0.02047044745750252, 'gpp_d': 665.7167778329609, 'ign_k': 8.927904770426592, 'ign_c': 31.99778867488043, 'trop_agb_crit': 1.9923172752401477, 'trop_k_veg': 1.38632638082963}. Best is trial 1285 with value: -0.6015874360929447.
[I 2026-08-20 00:57:54,248] Trial 1857 finished with value: 0.6445374145881376 and parameters: {'k1': 0.0010208433996325493, 'D_low': 193244.94539655498, 'k2': 0.0077285046446190706, 'D_high': 250.66023297702006, 'fire_exp': 7.371309869188271, 'P_half': 22.738004025387667, 'pre_dampen_half': 1.5558515440641891, 'gpp_af': 0.06188084023563333, 'gpp_b': 0.3408007390308128, 'gpp_d': 3.220212126523632, 'ign_k': 0.003001519647937077, 'ign_c': 84.48745145102001, 'trop_agb_crit': 1.4860121049771038, 'trop_k_veg': 3.143816840342625}. Best is trial 1285 with value: -0.6015874360929447.
[I 2026-08-20 00:57:55,641] Trial 1858 finished with value: 0.44887851014177893 and parameters: {'k1': 0.002898180576585999, 'D_low': 11.51496054418433, 'k2': 0.00038089330095800053, 'D_high': 9125924.894059902, 'fire_exp': 7.1027287270397546, 'P_half': 9.794099851652328, 'pre_dampen_half': 130.9730267929729, 'gpp_af': 0.723924943917664, 'gpp_b': 0.0007942184670710805, 'gpp_d': 16.02145104222616, 'ign_k': 2.803607206718861, 'ign_c': 10.886126816961323, 'trop_agb_crit': 2.075692187652627, 'trop_k_veg': 4.1086407403123415}. Best is trial 1285 with value: -0.6015874360929447.
[I 2026-08-20 00:57:57,045] Trial 1859 finished with value: 0.6109309266936945 and parameters: {'k1': 0.0001320616147341671, 'D_low': 13.983657234227463, 'k2': 9.697691391391722e-05, 'D_high': 1419915.1342119016, 'fire_exp': 5.889798054023341, 'P_half': 1.2972642129573324, 'pre_dampen_half': 4.5151177185413545, 'gpp_af': 23.965962228454547, 'gpp_b': 0.9660779707405861, 'gpp_d': 3.0669029316329626, 'ign_k': 9.01336524843596, 'ign_c': 3.520900499987149, 'trop_agb_crit': 3.8834179864208314, 'trop_k_veg': 2.140914234786886}. Best is trial 1285 with value: -0.6015874360929447.
[I 2026-08-20 00:57:58,453] Trial 1860 finished with value: 0.6509181463798153 and parameters: {'k1': 0.004833179587765399, 'D_low': 44.816941658685586, 'k2': 0.0026931145748197694, 'D_high': 8584404.290588945, 'fire_exp': 2.518429931382319, 'P_half': 2.6580151061724893, 'pre_dampen_half': 0.08706702644408022, 'gpp_af': 56.93218185129484, 'gpp_b': 0.03764334016224447, 'gpp_d': 961.512530444324, 'ign_k': 4.353528797629158, 'ign_c': 31.174101526847043, 'trop_agb_crit': 1.84000122312153, 'trop_k_veg': 1.7967650827101167}. Best is trial 1285 with value: -0.6015874360929447.
[I 2026-08-20 00:57:59,836] Trial 1861 finished with value: -0.5707497914925151 and parameters: {'k1': 0.0013172295457560131, 'D_low': 2.531506213207824, 'k2': 1.7476145688533266e-05, 'D_high': 656228.7614551556, 'fire_exp': 3.587453821494631, 'P_half': 22.776874580192857, 'pre_dampen_half': 3.4519384530930406, 'gpp_af': 1.3999479488772246, 'gpp_b': 0.013440038896678832, 'gpp_d': 821.1026704242361, 'ign_k': 0.6059439530937345, 'ign_c': 3.397473797146294, 'trop_agb_crit': 21.08033768408057, 'trop_k_veg': 1.8311839162694128}. Best is trial 1285 with value: -0.6015874360929447.
[I 2026-08-20 00:58:01,231] Trial 1862 finished with value: 0.6445374145881376 and parameters: {'k1': 0.009362889889758011, 'D_low': 9.004708234254814, 'k2': 0.0004544302854262828, 'D_high': 8582987.13552915, 'fire_exp': 4.43900269627101, 'P_half': 5.22976911232659, 'pre_dampen_half': 72.95948913690354, 'gpp_af': 0.06200720225785874, 'gpp_b': 1.390470706084949e-05, 'gpp_d': 19.20850716242625, 'ign_k': 1.1885796978775958, 'ign_c': 65.36071692073824, 'trop_agb_crit': 2.542940150002491, 'trop_k_veg': 0.9801841696133847}. Best is trial 1285 with value: -0.6015874360929447.
[I 2026-08-20 00:58:02,666] Trial 1863 finished with value: 0.6445374145881376 and parameters: {'k1': 0.00018844348136146352, 'D_low': 76.13852995354203, 'k2': 3.123863444652547e-05, 'D_high': 1276994.322107397, 'fire_exp': 1.5268232305520004, 'P_half': 742.3833014251092, 'pre_dampen_half': 0.4749674564034254, 'gpp_af': 0.013241622728718911, 'gpp_b': 9.44666805947378e-05, 'gpp_d': 64.98325420145916, 'ign_k': 3.85081955488157, 'ign_c': 43.19479878746218, 'trop_agb_crit': 5.179918702853397, 'trop_k_veg': 4.608667882672261}. Best is trial 1285 with value: -0.6015874360929447.
[I 2026-08-20 00:58:04,086] Trial 1864 finished with value: 0.5597781265792431 and parameters: {'k1': 0.001660393150977966, 'D_low': 1.3490646689256658, 'k2': 8.192074888656767e-05, 'D_high': 1635002.7164559898, 'fire_exp': 3.573387170340931, 'P_half': 3.7297351413465627, 'pre_dampen_half': 5.399145074063656, 'gpp_af': 2.4261707726461, 'gpp_b': 0.005882680310618661, 'gpp_d': 48.768487105355476, 'ign_k': 2.444137772819806, 'ign_c': 27.128618258626155, 'trop_agb_crit': 3.9414499353484347, 'trop_k_veg': 1.316607748621809}. Best is trial 1285 with value: -0.6015874360929447.
[I 2026-08-20 00:58:05,540] Trial 1865 finished with value: 0.6232826750394741 and parameters: {'k1': 0.003987263010579295, 'D_low': 111431.09980713011, 'k2': 0.08933828220617093, 'D_high': 844741.2969522349, 'fire_exp': 1.6572185232075962, 'P_half': 117.50273959969985, 'pre_dampen_half': 44.472036285802126, 'gpp_af': 1.0117557173473692, 'gpp_b': 0.02555445185238052, 'gpp_d': 15.14140747937469, 'ign_k': 0.038851760935452985, 'ign_c': 0.11835671824445768, 'trop_agb_crit': 18.829149077140062, 'trop_k_veg': 6.597799402071861}. Best is trial 1285 with value: -0.6015874360929447.
[I 2026-08-20 00:58:06,935] Trial 1866 finished with value: 0.48484005607185454 and parameters: {'k1': 0.009604532156497425, 'D_low': 15.583397365884785, 'k2': 3.2540968958264126e-05, 'D_high': 6662541.831242205, 'fire_exp': 6.1795013360003415, 'P_half': 144.6181183809544, 'pre_dampen_half': 90.2217493857037, 'gpp_af': 0.2598268094314814, 'gpp_b': 0.007663011520956156, 'gpp_d': 622.1597552774784, 'ign_k': 0.1456160619230692, 'ign_c': 4.071891859123107, 'trop_agb_crit': 28.594768100189533, 'trop_k_veg': 1.5477225208388357}. Best is trial 1285 with value: -0.6015874360929447.
[I 2026-08-20 00:58:08,370] Trial 1867 finished with value: 0.5915284625661059 and parameters: {'k1': 0.004689144702386788, 'D_low': 24977.216998014115, 'k2': 0.00016109866686508532, 'D_high': 312303.48643487185, 'fire_exp': 1.6267501807957656, 'P_half': 15.746187990331103, 'pre_dampen_half': 6.669866585930934, 'gpp_af': 1.1107678824956897, 'gpp_b': 0.23228119821978016, 'gpp_d': 516.0282901689004, 'ign_k': 0.015244079773101037, 'ign_c': 7.5234867900508515, 'trop_agb_crit': 28.820824399318795, 'trop_k_veg': 3.279278108811016}. Best is trial 1285 with value: -0.6015874360929447.
[I 2026-08-20 00:58:09,756] Trial 1868 finished with value: 0.48071885430524275 and parameters: {'k1': 0.00030933621749445496, 'D_low': 124.1068586926361, 'k2': 1.0134460319362902e-05, 'D_high': 4502674.252778188, 'fire_exp': 6.655844054338886, 'P_half': 90.90347414883047, 'pre_dampen_half': 25.814075285998335, 'gpp_af': 0.6461515173721991, 'gpp_b': 1.831233116302835e-05, 'gpp_d': 83.41131247493124, 'ign_k': 6.008406733709884, 'ign_c': 17.516326243364507, 'trop_agb_crit': 4.481020413575107, 'trop_k_veg': 1.2787573778355594}. Best is trial 1285 with value: -0.6015874360929447.
[I 2026-08-20 00:58:11,182] Trial 1869 finished with value: 0.6445374145881376 and parameters: {'k1': 0.0003871301702848465, 'D_low': 157.28791787483982, 'k2': 0.0028846435197477983, 'D_high': 549014.8375908697, 'fire_exp': 4.212228057270203, 'P_half': 131.80230346384386, 'pre_dampen_half': 32.13245914804489, 'gpp_af': 1.340002392872576, 'gpp_b': 0.00014927362970600918, 'gpp_d': 13.203145433749818, 'ign_k': 1.7313166230358175, 'ign_c': 50.676819975727334, 'trop_agb_crit': 3.3642495696507497, 'trop_k_veg': 1.8345781425279002}. Best is trial 1285 with value: -0.6015874360929447.
[I 2026-08-20 00:58:12,662] Trial 1870 finished with value: 0.574133591206338 and parameters: {'k1': 0.08291084547674019, 'D_low': 14189.105215612964, 'k2': 0.00014377311094753635, 'D_high': 4417497.843831282, 'fire_exp': 1.4439868104608367, 'P_half': 881.4363827725275, 'pre_dampen_half': 1.735090347938571, 'gpp_af': 0.42716661448779614, 'gpp_b': 0.02680014667770578, 'gpp_d': 913.4311430190705, 'ign_k': 0.6825215380974039, 'ign_c': 21.706326509887855, 'trop_agb_crit': 12.608252129799375, 'trop_k_veg': 0.85056502256453}. Best is trial 1285 with value: -0.6015874360929447.
[I 2026-08-20 00:58:14,422] Trial 1871 finished with value: 0.6445374145881376 and parameters: {'k1': 0.024314603427075563, 'D_low': 1597.7472226141751, 'k2': 0.0010464684027200932, 'D_high': 158859.08242876624, 'fire_exp': 9.709620376829365, 'P_half': 7222.218628241619, 'pre_dampen_half': 1.4522460845488045, 'gpp_af': 0.0836612722325714, 'gpp_b': 0.0010932882002145582, 'gpp_d': 1.3969896347972972, 'ign_k': 0.520330299350929, 'ign_c': 66.97139554508043, 'trop_agb_crit': 2.3152157804308096, 'trop_k_veg': 0.7634495142393432}. Best is trial 1285 with value: -0.6015874360929447.
