[I 2026-06-11 01:23:50,294] Trial 270 finished with values: [10.679596082883503, 10.679596082883503] and parameters: {'k1': 5.7909642338812115e-05, 'D_low': 1074.940539517341, 'k2': 1.1417577140741129e-05, 'D_high': 48235.58283024493, 'fire_exp': 1.9783727454920947, 'P_half': 318.834644588275, 'pre_dampen_half': 189.88136301569827, 'gpp_af': 14.161176080022173, 'gpp_b': 2.1309331861011757e-05, 'gpp_d': 21.899070557043984, 'ign_k': 0.17320535908244444, 'ign_c': 7.832259769732471, 'trop_agb_crit': 1.8023542850487386, 'trop_k_veg': 1.6648666152166967, 'fire_amp': 1.1655705619308396}.
[I 2026-06-11 01:23:51,907] Trial 271 finished with values: [10.019890808434056, 10.019890808434056] and parameters: {'k1': 0.00023134781612225627, 'D_low': 146.24004590125713, 'k2': 0.0001280886335404798, 'D_high': 32311.521854410956, 'fire_exp': 1.811096651915224, 'P_half': 5.4712187293420325, 'pre_dampen_half': 121.93011993958949, 'gpp_af': 14.161176080022173, 'gpp_b': 0.00031478066835753096, 'gpp_d': 0.1619054449471649, 'ign_k': 0.002357279455676982, 'ign_c': 1.4879588507789996, 'trop_agb_crit': 19.102873436429586, 'trop_k_veg': 0.5183533149347164, 'fire_amp': 1.5719333351012774}.
[I 2026-06-11 01:23:53,481] Trial 272 finished with values: [10.083706658417315, 10.083706658417315] and parameters: {'k1': 0.016973078532467004, 'D_low': 1074.940539517341, 'k2': 5.5686900831970225e-05, 'D_high': 29.126651668813768, 'fire_exp': 1.9783727454920947, 'P_half': 12.262543158860007, 'pre_dampen_half': 123.04779330083686, 'gpp_af': 14.161176080022173, 'gpp_b': 0.006999112505425414, 'gpp_d': 79.05373031352391, 'ign_k': 0.002357279455676982, 'ign_c': 7.832259769732471, 'trop_agb_crit': 24.199763404822136, 'trop_k_veg': 1.2749676887479542, 'fire_amp': 5.615047466686494}.
[I 2026-06-11 01:23:54,854] Trial 273 finished with values: [10.746016126350137, 10.746016126350137] and parameters: {'k1': 5.178197947282869e-05, 'D_low': 408.3047491580097, 'k2': 0.0001016707987819611, 'D_high': 42210.21267871043, 'fire_exp': 1.5191397119156032, 'P_half': 61.6097529474144, 'pre_dampen_half': 4.603480758878793, 'gpp_af': 0.016306190741524337, 'gpp_b': 0.005916090676703775, 'gpp_d': 0.7698760608299932, 'ign_k': 0.002357279455676982, 'ign_c': 1.9423015749984096, 'trop_agb_crit': 21.380932890222198, 'trop_k_veg': 5.636143940068465, 'fire_amp': 1.2393473789150806}.
[I 2026-06-11 01:23:56,222] Trial 274 finished with values: [10.76908685530136, 10.76908685530136] and parameters: {'k1': 0.00026539376439360527, 'D_low': 23.307122788234057, 'k2': 7.857247967427128e-05, 'D_high': 24.9899605789089, 'fire_exp': 4.291626251159958, 'P_half': 12.262543158860007, 'pre_dampen_half': 21.14381609520636, 'gpp_af': 3.030008727251782, 'gpp_b': 0.01666658176842624, 'gpp_d': 21.899070557043984, 'ign_k': 0.00660597889201953, 'ign_c': 1.4879588507789996, 'trop_agb_crit': 21.086120736447015, 'trop_k_veg': 0.7928574866766803, 'fire_amp': 2.042193818779288}.
[I 2026-06-11 01:23:57,553] Trial 275 finished with values: [10.677818399319351, 10.677818399319351] and parameters: {'k1': 0.05347027553411487, 'D_low': 43.2326421037033, 'k2': 8.968733598183248e-05, 'D_high': 42.242359735170886, 'fire_exp': 1.811096651915224, 'P_half': 5.4712187293420325, 'pre_dampen_half': 121.93011993958949, 'gpp_af': 1.9998014714101113, 'gpp_b': 0.006999112505425414, 'gpp_d': 0.1619054449471649, 'ign_k': 0.002357279455676982, 'ign_c': 388.02797007866826, 'trop_agb_crit': 4.140875693557523, 'trop_k_veg': 1.6003641872536711, 'fire_amp': 1.5719333351012774}.
[I 2026-06-11 01:23:59,021] Trial 276 finished with values: [10.136867504544874, 10.136867504544874] and parameters: {'k1': 2.570626095678496e-05, 'D_low': 408.3047491580097, 'k2': 0.0001016707987819611, 'D_high': 1537.592023548176, 'fire_exp': 1.5191397119156032, 'P_half': 61.6097529474144, 'pre_dampen_half': 121.93011993958949, 'gpp_af': 0.5970408652384318, 'gpp_b': 0.005916090676703775, 'gpp_d': 0.1619054449471649, 'ign_k': 0.002357279455676982, 'ign_c': 1.9423015749984096, 'trop_agb_crit': 21.380932890222198, 'trop_k_veg': 5.636143940068465, 'fire_amp': 3.7523365308330816}.
[I 2026-06-11 01:24:00,674] Trial 277 finished with values: [10.029446735693739, 10.029446735693739] and parameters: {'k1': 5.178197947282869e-05, 'D_low': 408.3047491580097, 'k2': 0.02065142557895925, 'D_high': 31301.15118850836, 'fire_exp': 1.305777134899723, 'P_half': 2.226799690893868, 'pre_dampen_half': 9.044346216330972, 'gpp_af': 0.060029341913968644, 'gpp_b': 0.001674375583895437, 'gpp_d': 0.4742269251269962, 'ign_k': 0.002357279455676982, 'ign_c': 0.6235377135673155, 'trop_agb_crit': 12.9667438075127, 'trop_k_veg': 2.8926781829782864, 'fire_amp': 2.7806853670293616}.
[I 2026-06-11 01:24:02,151] Trial 278 finished with values: [10.769230768838547, 10.769230768838547] and parameters: {'k1': 0.017276056747028225, 'D_low': 2.843767489444367, 'k2': 0.02939607009739149, 'D_high': 6682.9607218310075, 'fire_exp': 8.654231079054446, 'P_half': 157.80309954142965, 'pre_dampen_half': 1.6130673726933187, 'gpp_af': 0.060029341913968644, 'gpp_b': 0.16285506249643175, 'gpp_d': 700.6693992445935, 'ign_k': 3.6309591863459096, 'ign_c': 1.364908766641693, 'trop_agb_crit': 3.5874145253515306, 'trop_k_veg': 2.99731137426955, 'fire_amp': 2.7806853670293616}.
[I 2026-06-11 01:24:03,435] Trial 279 finished with values: [10.698566596784213, 10.698566596784213] and parameters: {'k1': 0.0869690639641868, 'D_low': 1.7551403048208316, 'k2': 0.0001280886335404798, 'D_high': 6682.9607218310075, 'fire_exp': 1.2060040899560858, 'P_half': 2539.9645554516837, 'pre_dampen_half': 9.044346216330972, 'gpp_af': 2.5017068255320485, 'gpp_b': 0.00031478066835753096, 'gpp_d': 304.7488318185732, 'ign_k': 0.0032383308053152635, 'ign_c': 342.8810943862522, 'trop_agb_crit': 2.100813292597435, 'trop_k_veg': 6.963655030926962, 'fire_amp': 1.5719333351012774}.
[I 2026-06-11 01:24:04,801] Trial 280 finished with values: [10.66995475786759, 10.66995475786759] and parameters: {'k1': 0.00023134781612225627, 'D_low': 1.7551403048208316, 'k2': 0.0001280886335404798, 'D_high': 32311.521854410956, 'fire_exp': 1.811096651915224, 'P_half': 564.3426708406568, 'pre_dampen_half': 121.93011993958949, 'gpp_af': 0.07118041471054574, 'gpp_b': 0.00031478066835753096, 'gpp_d': 0.1619054449471649, 'ign_k': 0.002357279455676982, 'ign_c': 388.02797007866826, 'trop_agb_crit': 12.708819454040446, 'trop_k_veg': 0.5535297685306277, 'fire_amp': 1.5719333351012774}.
[I 2026-06-11 01:24:06,222] Trial 281 finished with values: [10.549277850341948, 10.549277850341948] and parameters: {'k1': 5.7909642338812115e-05, 'D_low': 2267.735223551285, 'k2': 1.8678768363332442e-05, 'D_high': 48235.58283024493, 'fire_exp': 1.811096651915224, 'P_half': 318.834644588275, 'pre_dampen_half': 121.93011993958949, 'gpp_af': 2.5017068255320485, 'gpp_b': 2.1309331861011757e-05, 'gpp_d': 1.0088237648985734, 'ign_k': 0.17320535908244444, 'ign_c': 0.4177928311636542, 'trop_agb_crit': 2.100813292597435, 'trop_k_veg': 5.453348988480011, 'fire_amp': 1.5719333351012774}.
[I 2026-06-11 01:24:07,901] Trial 282 finished with values: [-0.48835216526742, 0.20828270007649308] and parameters: {'k1': 0.0001599021369655865, 'D_low': 236.79352040223893, 'k2': 0.006802810205786726, 'D_high': 1266.9536563782303, 'fire_exp': 1.2060040899560858, 'P_half': 1.4551749476072258, 'pre_dampen_half': 903.3231300044874, 'gpp_af': 0.005061568304359487, 'gpp_b': 0.010307896803108956, 'gpp_d': 0.7698760608299932, 'ign_k': 0.00660597889201953, 'ign_c': 14.709699119495124, 'trop_agb_crit': 1.8023542850487386, 'trop_k_veg': 6.030247256556128, 'fire_amp': 2.7806853670293616}.
[I 2026-06-11 01:24:09,389] Trial 283 finished with values: [10.680819566242231, 10.680819566242231] and parameters: {'k1': 0.0869690639641868, 'D_low': 236.79352040223893, 'k2': 8.968733598183248e-05, 'D_high': 31301.15118850836, 'fire_exp': 1.811096651915224, 'P_half': 436.4516946807792, 'pre_dampen_half': 9.044346216330972, 'gpp_af': 0.060029341913968644, 'gpp_b': 0.002416023630607169, 'gpp_d': 2.990423074145505, 'ign_k': 0.002357279455676982, 'ign_c': 1.364908766641693, 'trop_agb_crit': 21.380932890222198, 'trop_k_veg': 2.8926781829782864, 'fire_amp': 3.7523365308330816}.
[I 2026-06-11 01:24:10,823] Trial 284 finished with values: [-0.40932894251788354, 0.1552797026250241] and parameters: {'k1': 9.132348475718357e-05, 'D_low': 1.7551403048208316, 'k2': 0.019383858782150494, 'D_high': 6682.9607218310075, 'fire_exp': 1.811096651915224, 'P_half': 2.226799690893868, 'pre_dampen_half': 121.93011993958949, 'gpp_af': 27.78052183438328, 'gpp_b': 0.001674375583895437, 'gpp_d': 0.1619054449471649, 'ign_k': 0.002357279455676982, 'ign_c': 0.10435856341129002, 'trop_agb_crit': 12.9667438075127, 'trop_k_veg': 2.99731137426955, 'fire_amp': 2.6192385880432525}.
[I 2026-06-11 01:24:12,229] Trial 285 finished with values: [10.769214290161097, 10.769214290161097] and parameters: {'k1': 0.016973078532467004, 'D_low': 408.3047491580097, 'k2': 0.0499774937030317, 'D_high': 27.55546207779663, 'fire_exp': 1.6901885781909627, 'P_half': 1.859526645713404, 'pre_dampen_half': 903.3231300044874, 'gpp_af': 0.8144272585223832, 'gpp_b': 0.015062722325200045, 'gpp_d': 20.81401325574021, 'ign_k': 0.00660597889201953, 'ign_c': 14.709699119495124, 'trop_agb_crit': 2.1989086830950257, 'trop_k_veg': 5.453348988480011, 'fire_amp': 3.1045399027418377}.
[I 2026-06-11 01:24:13,668] Trial 286 finished with values: [-0.4726561621612425, 0.10274473756597235] and parameters: {'k1': 0.0002418422795847161, 'D_low': 236.79352040223893, 'k2': 0.0007731571570012607, 'D_high': 6682.9607218310075, 'fire_exp': 1.2060040899560858, 'P_half': 3.591771421517613, 'pre_dampen_half': 4.847666216751353, 'gpp_af': 0.9219336658511308, 'gpp_b': 0.001674375583895437, 'gpp_d': 1.4397852866783676, 'ign_k': 0.0032383308053152635, 'ign_c': 1.364908766641693, 'trop_agb_crit': 12.9667438075127, 'trop_k_veg': 2.99731137426955, 'fire_amp': 2.7806853670293616}.
[I 2026-06-11 01:24:15,152] Trial 287 finished with values: [10.177091794997057, 10.177091794997057] and parameters: {'k1': 0.00023134781612225627, 'D_low': 1.7551403048208316, 'k2': 1.1417577140741129e-05, 'D_high': 32311.521854410956, 'fire_exp': 1.811096651915224, 'P_half': 5.4712187293420325, 'pre_dampen_half': 189.88136301569827, 'gpp_af': 3.030008727251782, 'gpp_b': 0.05314875633348467, 'gpp_d': 21.899070557043984, 'ign_k': 0.00660597889201953, 'ign_c': 1.4879588507789996, 'trop_agb_crit': 1.1683326952092081, 'trop_k_veg': 0.5535297685306277, 'fire_amp': 2.042193818779288}.
[I 2026-06-11 01:24:16,740] Trial 288 finished with values: [10.746411461135471, 10.746411461135471] and parameters: {'k1': 0.0869690639641868, 'D_low': 3063.001606653078, 'k2': 0.019383858782150494, 'D_high': 6682.9607218310075, 'fire_exp': 1.2060040899560858, 'P_half': 2.226799690893868, 'pre_dampen_half': 8.259599205585761, 'gpp_af': 0.060029341913968644, 'gpp_b': 2.1309331861011757e-05, 'gpp_d': 1.4397852866783676, 'ign_k': 0.0032383308053152635, 'ign_c': 783.3500522138154, 'trop_agb_crit': 12.9667438075127, 'trop_k_veg': 2.99731137426955, 'fire_amp': 2.7806853670293616}.
[I 2026-06-11 01:24:18,124] Trial 289 finished with values: [-0.47379001140765087, 0.12100681414572512] and parameters: {'k1': 0.00026539376439360527, 'D_low': 1.7551403048208316, 'k2': 0.0001280886335404798, 'D_high': 32311.521854410956, 'fire_exp': 1.111738490499784, 'P_half': 12.262543158860007, 'pre_dampen_half': 121.93011993958949, 'gpp_af': 3.298293484806585, 'gpp_b': 0.006999112505425414, 'gpp_d': 0.030844007727232167, 'ign_k': 0.002357279455676982, 'ign_c': 7.081721844034206, 'trop_agb_crit': 1.8023542850487386, 'trop_k_veg': 0.5535297685306277, 'fire_amp': 2.042193818779288}.
[I 2026-06-11 01:24:19,482] Trial 290 finished with values: [10.748273421075599, 10.748273421075599] and parameters: {'k1': 0.00026539376439360527, 'D_low': 7507.777979297807, 'k2': 4.933751600448335e-05, 'D_high': 42.242359735170886, 'fire_exp': 1.811096651915224, 'P_half': 1.4551749476072258, 'pre_dampen_half': 253.71947027764784, 'gpp_af': 0.5970408652384318, 'gpp_b': 0.006999112505425414, 'gpp_d': 0.1619054449471649, 'ign_k': 0.8945150807271531, 'ign_c': 16.497426799845446, 'trop_agb_crit': 8.0091368834625, 'trop_k_veg': 2.8926781829782864, 'fire_amp': 5.416595007374148}.
[I 2026-06-11 01:24:20,801] Trial 291 finished with values: [10.335451798247162, 10.335451798247162] and parameters: {'k1': 0.0869690639641868, 'D_low': 1074.940539517341, 'k2': 3.152468275632564e-05, 'D_high': 949.9072859745386, 'fire_exp': 1.111738490499784, 'P_half': 996.7983879709292, 'pre_dampen_half': 189.36639872354493, 'gpp_af': 0.10098504976210308, 'gpp_b': 2.1309331861011757e-05, 'gpp_d': 545.0253444559129, 'ign_k': 0.09256855841989636, 'ign_c': 0.33139424373451987, 'trop_agb_crit': 1.8023542850487386, 'trop_k_veg': 2.724170387400844, 'fire_amp': 2.042193818779288}.
[I 2026-06-11 01:24:22,322] Trial 292 finished with values: [10.665980343598875, 10.665980343598875] and parameters: {'k1': 0.00026539376439360527, 'D_low': 1074.940539517341, 'k2': 0.0011239682517242113, 'D_high': 24.9899605789089, 'fire_exp': 1.2918065501148304, 'P_half': 93.43302657318476, 'pre_dampen_half': 189.36639872354493, 'gpp_af': 3.298293484806585, 'gpp_b': 0.002416023630607169, 'gpp_d': 0.03927259340973166, 'ign_k': 0.09256855841989636, 'ign_c': 7.832259769732471, 'trop_agb_crit': 21.086120736447015, 'trop_k_veg': 2.520089655463604, 'fire_amp': 2.7556562114998226}.
[I 2026-06-11 01:24:23,859] Trial 293 finished with values: [12.058670083113283, 12.058670083113283] and parameters: {'k1': 5.7909642338812115e-05, 'D_low': 1079.0778643024298, 'k2': 0.0007731571570012607, 'D_high': 6682.9607218310075, 'fire_exp': 1.1633452995374232, 'P_half': 5.4712187293420325, 'pre_dampen_half': 121.93011993958949, 'gpp_af': 0.004409093791567215, 'gpp_b': 0.001674375583895437, 'gpp_d': 304.7488318185732, 'ign_k': 0.9419612235978201, 'ign_c': 7.081721844034206, 'trop_agb_crit': 3.108985631683375, 'trop_k_veg': 5.453348988480011, 'fire_amp': 2.7806853670293616}.
[I 2026-06-11 01:24:25,294] Trial 294 finished with values: [-0.5588294796333522, 0.10773917035977665] and parameters: {'k1': 0.0869690639641868, 'D_low': 148.21691630007544, 'k2': 0.0001870742013766025, 'D_high': 1817.0401889219124, 'fire_exp': 1.5191397119156032, 'P_half': 51.10120656497163, 'pre_dampen_half': 9.044346216330972, 'gpp_af': 0.5970408652384318, 'gpp_b': 2.1309331861011757e-05, 'gpp_d': 0.4742269251269962, 'ign_k': 0.002357279455676982, 'ign_c': 22.126836566118193, 'trop_agb_crit': 5.588032458772675, 'trop_k_veg': 2.8926781829782864, 'fire_amp': 5.44779717154213}.
[I 2026-06-11 01:24:26,639] Trial 295 finished with values: [10.310825395382372, 10.310825395382372] and parameters: {'k1': 9.132348475718357e-05, 'D_low': 1.7551403048208316, 'k2': 0.0001280886335404798, 'D_high': 12.541447539026084, 'fire_exp': 1.811096651915224, 'P_half': 1.226010546471291, 'pre_dampen_half': 189.88136301569827, 'gpp_af': 2.5017068255320485, 'gpp_b': 0.002416023630607169, 'gpp_d': 21.899070557043984, 'ign_k': 0.0032383308053152635, 'ign_c': 1.4879588507789996, 'trop_agb_crit': 2.100813292597435, 'trop_k_veg': 0.5183533149347164, 'fire_amp': 1.5719333351012774}.
[I 2026-06-11 01:24:28,087] Trial 296 finished with values: [10.666093873753754, 10.666093873753754] and parameters: {'k1': 0.0001969885015387913, 'D_low': 408.3047491580097, 'k2': 5.5686900831970225e-05, 'D_high': 900.6846506533042, 'fire_exp': 1.9783727454920947, 'P_half': 61.6097529474144, 'pre_dampen_half': 189.88136301569827, 'gpp_af': 0.5970408652384318, 'gpp_b': 0.006999112505425414, 'gpp_d': 0.1619054449471649, 'ign_k': 0.09256855841989636, 'ign_c': 7.832259769732471, 'trop_agb_crit': 1.8023542850487386, 'trop_k_veg': 5.636143940068465, 'fire_amp': 3.7523365308330816}.
[I 2026-06-11 01:24:29,493] Trial 297 finished with values: [10.769230768838547, 10.769230768838547] and parameters: {'k1': 0.0003445931091927334, 'D_low': 2186.356344942016, 'k2': 0.08661811390647982, 'D_high': 1817.0401889219124, 'fire_exp': 1.9783727454920947, 'P_half': 12.262543158860007, 'pre_dampen_half': 8.259599205585761, 'gpp_af': 14.161176080022173, 'gpp_b': 5.0875243087016374e-05, 'gpp_d': 79.05373031352391, 'ign_k': 0.09256855841989636, 'ign_c': 120.67843549291506, 'trop_agb_crit': 10.2166878366619, 'trop_k_veg': 1.6648666152166967, 'fire_amp': 1.4475279918261055}.
[I 2026-06-11 01:24:30,996] Trial 298 finished with values: [-0.41348959310671013, 0.12956903600067782] and parameters: {'k1': 0.00023134781612225627, 'D_low': 408.3047491580097, 'k2': 0.0001280886335404798, 'D_high': 32311.521854410956, 'fire_exp': 1.811096651915224, 'P_half': 5.4712187293420325, 'pre_dampen_half': 121.93011993958949, 'gpp_af': 0.2204465010099918, 'gpp_b': 0.00031478066835753096, 'gpp_d': 1.6963424566071992, 'ign_k': 0.0029519227433917453, 'ign_c': 7.081721844034206, 'trop_agb_crit': 21.086120736447015, 'trop_k_veg': 0.5535297685306277, 'fire_amp': 1.1655705619308396}.
[I 2026-06-11 01:24:32,565] Trial 299 finished with values: [-0.38242609907599234, 0.1370315521840939] and parameters: {'k1': 9.132348475718357e-05, 'D_low': 1.7551403048208316, 'k2': 0.0002442377596403892, 'D_high': 8912.611835817017, 'fire_exp': 1.4690410989404576, 'P_half': 5.4712187293420325, 'pre_dampen_half': 121.93011993958949, 'gpp_af': 0.005061568304359487, 'gpp_b': 0.00031478066835753096, 'gpp_d': 1.0088237648985734, 'ign_k': 0.0032383308053152635, 'ign_c': 342.8810943862522, 'trop_agb_crit': 2.100813292597435, 'trop_k_veg': 5.453348988480011, 'fire_amp': 3.1045399027418377}.
[I 2026-06-11 01:24:34,086] Trial 300 finished with values: [10.769230768838547, 10.769230768838547] and parameters: {'k1': 0.016973078532467004, 'D_low': 2186.356344942016, 'k2': 0.08661811390647982, 'D_high': 124.31017136067044, 'fire_exp': 1.6901885781909627, 'P_half': 51.10120656497163, 'pre_dampen_half': 123.04779330083686, 'gpp_af': 96.74365715402625, 'gpp_b': 5.0875243087016374e-05, 'gpp_d': 20.81401325574021, 'ign_k': 0.09256855841989636, 'ign_c': 7.832259769732471, 'trop_agb_crit': 24.199763404822136, 'trop_k_veg': 1.6648666152166967, 'fire_amp': 5.416595007374148}.
[I 2026-06-11 01:24:35,432] Trial 301 finished with values: [10.458856981066967, 10.458856981066967] and parameters: {'k1': 5.7909642338812115e-05, 'D_low': 2267.735223551285, 'k2': 0.0007731571570012607, 'D_high': 27.55546207779663, 'fire_exp': 1.1633452995374232, 'P_half': 51.10120656497163, 'pre_dampen_half': 4.847666216751353, 'gpp_af': 0.9219336658511308, 'gpp_b': 0.0036065155862388338, 'gpp_d': 304.7488318185732, 'ign_k': 0.0032383308053152635, 'ign_c': 0.773448215664679, 'trop_agb_crit': 3.108985631683375, 'trop_k_veg': 5.453348988480011, 'fire_amp': 2.7806853670293616}.
[I 2026-06-11 01:24:36,818] Trial 302 finished with values: [10.76675397242343, 10.76675397242343] and parameters: {'k1': 0.0006390695092073222, 'D_low': 2267.735223551285, 'k2': 0.0007731571570012607, 'D_high': 42.242359735170886, 'fire_exp': 1.7792742686803427, 'P_half': 157.3644610977214, 'pre_dampen_half': 9.044346216330972, 'gpp_af': 0.41874665092828456, 'gpp_b': 2.1309331861011757e-05, 'gpp_d': 594.7389794988394, 'ign_k': 0.8945150807271531, 'ign_c': 16.497426799845446, 'trop_agb_crit': 3.108985631683375, 'trop_k_veg': 5.453348988480011, 'fire_amp': 2.6192385880432525}.
[I 2026-06-11 01:24:38,392] Trial 303 finished with values: [10.07464895377992, 10.07464895377992] and parameters: {'k1': 0.0869690639641868, 'D_low': 2.843767489444367, 'k2': 0.0499774937030317, 'D_high': 27.55546207779663, 'fire_exp': 1.6901885781909627, 'P_half': 51.10120656497163, 'pre_dampen_half': 123.04779330083686, 'gpp_af': 20.12115544906385, 'gpp_b': 2.1309331861011757e-05, 'gpp_d': 20.81401325574021, 'ign_k': 1.6270983114897255, 'ign_c': 0.10435856341129002, 'trop_agb_crit': 24.199763404822136, 'trop_k_veg': 0.6618107836658104, 'fire_amp': 5.416595007374148}.
[I 2026-06-11 01:24:40,047] Trial 304 finished with values: [10.679853415973428, 10.679853415973428] and parameters: {'k1': 0.0869690639641868, 'D_low': 148.21691630007544, 'k2': 0.02065142557895925, 'D_high': 48235.58283024493, 'fire_exp': 1.5191397119156032, 'P_half': 118.94665366442581, 'pre_dampen_half': 42.05657072871069, 'gpp_af': 0.10098504976210308, 'gpp_b': 0.004411400434514031, 'gpp_d': 0.4742269251269962, 'ign_k': 1.6270983114897255, 'ign_c': 22.126836566118193, 'trop_agb_crit': 1.2489332852689512, 'trop_k_veg': 4.796046723963646, 'fire_amp': 2.6192385880432525}.
[I 2026-06-11 01:24:41,450] Trial 305 finished with values: [10.481202219184805, 10.481202219184805] and parameters: {'k1': 0.00026539376439360527, 'D_low': 236.79352040223893, 'k2': 1.1417577140741129e-05, 'D_high': 6682.9607218310075, 'fire_exp': 1.2060040899560858, 'P_half': 12.262543158860007, 'pre_dampen_half': 189.36639872354493, 'gpp_af': 3.298293484806585, 'gpp_b': 0.006999112505425414, 'gpp_d': 0.030844007727232167, 'ign_k': 0.09256855841989636, 'ign_c': 1.364908766641693, 'trop_agb_crit': 1.8023542850487386, 'trop_k_veg': 6.963655030926962, 'fire_amp': 2.042193818779288}.
[I 2026-06-11 01:24:42,769] Trial 306 finished with values: [10.683574892914029, 10.683574892914029] and parameters: {'k1': 0.0869690639641868, 'D_low': 148.21691630007544, 'k2': 0.019383858782150494, 'D_high': 6682.9607218310075, 'fire_exp': 1.14171776851287, 'P_half': 4303.306161410612, 'pre_dampen_half': 8.259599205585761, 'gpp_af': 27.78052183438328, 'gpp_b': 2.1309331861011757e-05, 'gpp_d': 1.4397852866783676, 'ign_k': 1.6270983114897255, 'ign_c': 0.10435856341129002, 'trop_agb_crit': 5.588032458772675, 'trop_k_veg': 2.724170387400844, 'fire_amp': 2.6192385880432525}.
