[I 2026-06-10 22:41:48,202] Trial 783 finished with values: [10.290579492162895, 10.290579492162895] and parameters: {'k1': 0.0869690639641868, 'D_low': 12.105387404469584, 'k2': 0.0007731571570012607, 'D_high': 431.45617043093523, 'fire_exp': 1.1633452995374232, 'P_half': 157.3644610977214, 'pre_dampen_half': 189.36639872354493, 'gpp_af': 37.28155624293858, 'gpp_b': 0.004411400434514031, 'gpp_d': 7.631016235941559, 'ign_k': 0.17320535908244444, 'ign_c': 0.29205563600251844, 'trop_agb_crit': 1.8566494291193822, 'trop_k_veg': 6.825463866194253, 'fire_amp': 1.4475279918261055}.
[I 2026-06-10 22:41:49,503] Trial 784 finished with values: [10.05365427829625, 10.05365427829625] and parameters: {'k1': 0.006079905434073396, 'D_low': 171.2446447678494, 'k2': 0.00024195799118138832, 'D_high': 949.9072859745386, 'fire_exp': 1.2732983562135975, 'P_half': 157.3644610977214, 'pre_dampen_half': 37.40930273158252, 'gpp_af': 0.09885838682552685, 'gpp_b': 0.00047819318414852577, 'gpp_d': 47.35384181058586, 'ign_k': 7.544827057709847, 'ign_c': 23.422386257929038, 'trop_agb_crit': 1.8566494291193822, 'trop_k_veg': 6.825463866194253, 'fire_amp': 5.3557573266024745}.
[I 2026-06-10 22:41:50,818] Trial 785 finished with values: [10.625124438187445, 10.625124438187445] and parameters: {'k1': 0.00026539376439360527, 'D_low': 7988.050530300041, 'k2': 1.1417577140741129e-05, 'D_high': 48235.58283024493, 'fire_exp': 1.0601964743503993, 'P_half': 366.3433473924884, 'pre_dampen_half': 189.36639872354493, 'gpp_af': 3.298293484806585, 'gpp_b': 0.004411400434514031, 'gpp_d': 0.030844007727232167, 'ign_k': 0.17320535908244444, 'ign_c': 16.497426799845446, 'trop_agb_crit': 4.902399583903479, 'trop_k_veg': 2.1406449943451844, 'fire_amp': 2.042193818779288}.
[I 2026-06-10 22:41:52,279] Trial 786 finished with values: [10.520410227041637, 10.520410227041637] and parameters: {'k1': 0.0869690639641868, 'D_low': 1.4002277211577039, 'k2': 0.003767022142229395, 'D_high': 27.55546207779663, 'fire_exp': 1.0601964743503993, 'P_half': 4.213183643253957, 'pre_dampen_half': 9.044346216330972, 'gpp_af': 0.41874665092828456, 'gpp_b': 1.4540386644083135e-05, 'gpp_d': 0.4742269251269962, 'ign_k': 0.8945150807271531, 'ign_c': 0.4177928311636542, 'trop_agb_crit': 1.5033346993841157, 'trop_k_veg': 5.636143940068465, 'fire_amp': 2.6192385880432525}.
[I 2026-06-10 22:41:53,812] Trial 787 finished with values: [19.574305157033102, 19.574305157033102] and parameters: {'k1': 0.00026539376439360527, 'D_low': 2396.0796124300746, 'k2': 0.003767022142229395, 'D_high': 48235.58283024493, 'fire_exp': 1.0601964743503993, 'P_half': 118.94665366442581, 'pre_dampen_half': 129.5396794881549, 'gpp_af': 2.5184956910855436, 'gpp_b': 1.4540386644083135e-05, 'gpp_d': 47.35384181058586, 'ign_k': 1.6270983114897255, 'ign_c': 1.3431925993528124, 'trop_agb_crit': 1.8285200278523417, 'trop_k_veg': 0.7220139871468583, 'fire_amp': 4.19233232783727}.
[I 2026-06-10 22:41:55,234] Trial 788 finished with values: [-0.32745654092138593, 0.5674350545673466] and parameters: {'k1': 0.0001887567630782227, 'D_low': 50.32059347286801, 'k2': 1.1417577140741129e-05, 'D_high': 431.45617043093523, 'fire_exp': 1.9136159174067866, 'P_half': 1.4551749476072258, 'pre_dampen_half': 21.593412825402957, 'gpp_af': 1.3954498518315706, 'gpp_b': 1.4540386644083135e-05, 'gpp_d': 47.35384181058586, 'ign_k': 0.09256855841989636, 'ign_c': 7.832259769732471, 'trop_agb_crit': 1.8285200278523417, 'trop_k_veg': 1.6648666152166967, 'fire_amp': 4.19233232783727}.
[I 2026-06-10 22:41:56,553] Trial 789 finished with values: [10.001160159559625, 10.001160159559625] and parameters: {'k1': 0.0869690639641868, 'D_low': 146.24004590125713, 'k2': 0.0010726091927327822, 'D_high': 35.136541394511, 'fire_exp': 1.0601964743503993, 'P_half': 118.94665366442581, 'pre_dampen_half': 189.36639872354493, 'gpp_af': 0.41874665092828456, 'gpp_b': 0.0008861657881839811, 'gpp_d': 46.010874324515754, 'ign_k': 0.371259104528773, 'ign_c': 0.1276571787395169, 'trop_agb_crit': 1.0189592979395135, 'trop_k_veg': 4.796046723963646, 'fire_amp': 2.6192385880432525}.
[I 2026-06-10 22:41:57,816] Trial 790 finished with values: [18.104832093401164, 18.104832093401164] and parameters: {'k1': 0.0001887567630782227, 'D_low': 1.4002277211577039, 'k2': 0.003767022142229395, 'D_high': 28058.07870333385, 'fire_exp': 1.3807440352456883, 'P_half': 4.213183643253957, 'pre_dampen_half': 20.84599542460349, 'gpp_af': 0.41874665092828456, 'gpp_b': 1.4540386644083135e-05, 'gpp_d': 47.35384181058586, 'ign_k': 0.17320535908244444, 'ign_c': 1.3431925993528124, 'trop_agb_crit': 1.513702538071769, 'trop_k_veg': 0.8262197191676174, 'fire_amp': 5.3557573266024745}.
[I 2026-06-10 22:41:59,463] Trial 791 finished with values: [-0.4411699469578669, 0.2243624026703972] and parameters: {'k1': 0.00031134168041628584, 'D_low': 12.105387404469584, 'k2': 0.049094038862232466, 'D_high': 48235.58283024493, 'fire_exp': 1.9365919987098117, 'P_half': 101.40635645866499, 'pre_dampen_half': 37.40930273158252, 'gpp_af': 0.41874665092828456, 'gpp_b': 0.004411400434514031, 'gpp_d': 12.151631524283598, 'ign_k': 0.17320535908244444, 'ign_c': 0.7619822175388142, 'trop_agb_crit': 1.0189592979395135, 'trop_k_veg': 0.6488368931910606, 'fire_amp': 2.5192808848916854}.
[I 2026-06-10 22:42:01,005] Trial 792 finished with values: [11.16234839907831, 11.16234839907831] and parameters: {'k1': 0.00031134168041628584, 'D_low': 43.2326421037033, 'k2': 4.933751600448335e-05, 'D_high': 44974.07193749848, 'fire_exp': 1.2732983562135975, 'P_half': 157.3644610977214, 'pre_dampen_half': 37.40930273158252, 'gpp_af': 0.09885838682552685, 'gpp_b': 0.00047819318414852577, 'gpp_d': 12.151631524283598, 'ign_k': 1.636529060071807, 'ign_c': 16.497426799845446, 'trop_agb_crit': 1.0693376406863295, 'trop_k_veg': 0.6488368931910606, 'fire_amp': 4.1162797330133705}.
[I 2026-06-10 22:42:02,549] Trial 793 finished with values: [10.51797803206362, 10.51797803206362] and parameters: {'k1': 0.006079905434073396, 'D_low': 146.24004590125713, 'k2': 0.00025923015361558547, 'D_high': 48235.58283024493, 'fire_exp': 1.2732983562135975, 'P_half': 1265.0580856641704, 'pre_dampen_half': 2.7246429232774694, 'gpp_af': 0.41874665092828456, 'gpp_b': 0.0002637687576667052, 'gpp_d': 0.4742269251269962, 'ign_k': 1.6270983114897255, 'ign_c': 16.497426799845446, 'trop_agb_crit': 1.0189592979395135, 'trop_k_veg': 4.796046723963646, 'fire_amp': 2.6192385880432525}.
[I 2026-06-10 22:42:03,845] Trial 794 finished with values: [10.089825882859786, 10.089825882859786] and parameters: {'k1': 0.006079905434073396, 'D_low': 476.3737484593719, 'k2': 4.933751600448335e-05, 'D_high': 48235.58283024493, 'fire_exp': 1.0601964743503993, 'P_half': 1265.0580856641704, 'pre_dampen_half': 9.044346216330972, 'gpp_af': 0.41874665092828456, 'gpp_b': 0.00047819318414852577, 'gpp_d': 0.4742269251269962, 'ign_k': 0.8945150807271531, 'ign_c': 0.6235377135673155, 'trop_agb_crit': 1.0189592979395135, 'trop_k_veg': 4.796046723963646, 'fire_amp': 2.6192385880432525}.
[I 2026-06-10 22:42:05,190] Trial 795 finished with values: [-0.526507140279951, 0.16585607469001407] and parameters: {'k1': 0.0869690639641868, 'D_low': 266.07970538371484, 'k2': 0.003767022142229395, 'D_high': 44974.07193749848, 'fire_exp': 5.117531439790398, 'P_half': 101.40635645866499, 'pre_dampen_half': 189.36639872354493, 'gpp_af': 0.09885838682552685, 'gpp_b': 0.00047819318414852577, 'gpp_d': 0.4742269251269962, 'ign_k': 0.8945150807271531, 'ign_c': 0.10435856341129002, 'trop_agb_crit': 8.188098178380693, 'trop_k_veg': 4.167664671344212, 'fire_amp': 2.6192385880432525}.
[I 2026-06-10 22:42:06,510] Trial 796 finished with values: [10.428690549453556, 10.428690549453556] and parameters: {'k1': 0.0001887567630782227, 'D_low': 5.004428734228137, 'k2': 0.0012030178871154666, 'D_high': 949.9072859745386, 'fire_exp': 1.0601964743503993, 'P_half': 1265.0580856641704, 'pre_dampen_half': 9.044346216330972, 'gpp_af': 0.41874665092828456, 'gpp_b': 0.00047819318414852577, 'gpp_d': 46.010874324515754, 'ign_k': 0.17320535908244444, 'ign_c': 0.4177928311636542, 'trop_agb_crit': 1.8285200278523417, 'trop_k_veg': 3.1055119128084763, 'fire_amp': 4.19233232783727}.
[I 2026-06-10 22:42:08,243] Trial 797 finished with values: [11.795322027861419, 11.795322027861419] and parameters: {'k1': 0.006079905434073396, 'D_low': 171.2446447678494, 'k2': 0.003767022142229395, 'D_high': 44974.07193749848, 'fire_exp': 1.3807440352456883, 'P_half': 4.213183643253957, 'pre_dampen_half': 98.05638874011484, 'gpp_af': 0.41874665092828456, 'gpp_b': 0.16285506249643175, 'gpp_d': 47.35384181058586, 'ign_k': 7.544827057709847, 'ign_c': 0.7619822175388142, 'trop_agb_crit': 1.0189592979395135, 'trop_k_veg': 0.6488368931910606, 'fire_amp': 5.3557573266024745}.
[I 2026-06-10 22:42:09,828] Trial 798 finished with values: [10.814633303077892, 10.814633303077892] and parameters: {'k1': 0.0869690639641868, 'D_low': 1.4002277211577039, 'k2': 4.933751600448335e-05, 'D_high': 44974.07193749848, 'fire_exp': 5.117531439790398, 'P_half': 882.2833027501578, 'pre_dampen_half': 20.84599542460349, 'gpp_af': 0.41874665092828456, 'gpp_b': 1.4540386644083135e-05, 'gpp_d': 0.4742269251269962, 'ign_k': 1.6270983114897255, 'ign_c': 0.10435856341129002, 'trop_agb_crit': 8.188098178380693, 'trop_k_veg': 5.593985425286908, 'fire_amp': 4.19233232783727}.
[I 2026-06-10 22:42:11,196] Trial 799 finished with values: [15.23366497811648, 15.23366497811648] and parameters: {'k1': 0.0032360993995751053, 'D_low': 15.0613200804335, 'k2': 0.019383858782150494, 'D_high': 42210.21267871043, 'fire_exp': 1.1633452995374232, 'P_half': 1265.0580856641704, 'pre_dampen_half': 189.36639872354493, 'gpp_af': 0.8057329182285734, 'gpp_b': 1.4540386644083135e-05, 'gpp_d': 46.010874324515754, 'ign_k': 0.17320535908244444, 'ign_c': 0.4177928311636542, 'trop_agb_crit': 1.0693376406863295, 'trop_k_veg': 5.636143940068465, 'fire_amp': 5.831305332032283}.
[I 2026-06-10 22:42:12,664] Trial 800 finished with values: [10.24008691180885, 10.24008691180885] and parameters: {'k1': 0.00026539376439360527, 'D_low': 3266.346436894069, 'k2': 1.1417577140741129e-05, 'D_high': 27.55546207779663, 'fire_exp': 1.111738490499784, 'P_half': 61.6097529474144, 'pre_dampen_half': 350.88322284755304, 'gpp_af': 2.5184956910855436, 'gpp_b': 0.00265975681233728, 'gpp_d': 3.257094673454639, 'ign_k': 0.46813761934505577, 'ign_c': 0.5232779509048977, 'trop_agb_crit': 15.605813459825825, 'trop_k_veg': 0.6108091740265464, 'fire_amp': 1.5719333351012774}.
[I 2026-06-10 22:42:14,252] Trial 801 finished with values: [10.647502287672777, 10.647502287672777] and parameters: {'k1': 0.00031134168041628584, 'D_low': 12.105387404469584, 'k2': 0.003767022142229395, 'D_high': 393.2349508311775, 'fire_exp': 1.9365919987098117, 'P_half': 101.40635645866499, 'pre_dampen_half': 98.05638874011484, 'gpp_af': 1.3954498518315706, 'gpp_b': 0.16285506249643175, 'gpp_d': 12.151631524283598, 'ign_k': 1.636529060071807, 'ign_c': 0.7619822175388142, 'trop_agb_crit': 1.0693376406863295, 'trop_k_veg': 0.6488368931910606, 'fire_amp': 4.1162797330133705}.
[I 2026-06-10 22:42:15,796] Trial 802 finished with values: [10.451356016212838, 10.451356016212838] and parameters: {'k1': 0.0869690639641868, 'D_low': 1.4002277211577039, 'k2': 0.0007731571570012607, 'D_high': 35.136541394511, 'fire_exp': 1.1633452995374232, 'P_half': 1265.0580856641704, 'pre_dampen_half': 189.36639872354493, 'gpp_af': 0.41874665092828456, 'gpp_b': 7.555164990945509e-05, 'gpp_d': 7.631016235941559, 'ign_k': 0.8945150807271531, 'ign_c': 0.4177928311636542, 'trop_agb_crit': 1.0189592979395135, 'trop_k_veg': 6.825463866194253, 'fire_amp': 1.4475279918261055}.
[I 2026-06-10 22:42:17,473] Trial 803 finished with values: [10.801272653566562, 10.801272653566562] and parameters: {'k1': 0.0869690639641868, 'D_low': 29.52145029390025, 'k2': 0.003767022142229395, 'D_high': 48235.58283024493, 'fire_exp': 1.1633452995374232, 'P_half': 1265.0580856641704, 'pre_dampen_half': 189.36639872354493, 'gpp_af': 0.41874665092828456, 'gpp_b': 0.004411400434514031, 'gpp_d': 7.631016235941559, 'ign_k': 0.8945150807271531, 'ign_c': 7.832259769732471, 'trop_agb_crit': 1.8566494291193822, 'trop_k_veg': 4.796046723963646, 'fire_amp': 2.6192385880432525}.
[I 2026-06-10 22:42:18,898] Trial 804 finished with values: [10.875878590965968, 10.875878590965968] and parameters: {'k1': 0.006079905434073396, 'D_low': 1.4002277211577039, 'k2': 4.933751600448335e-05, 'D_high': 27.55546207779663, 'fire_exp': 1.1633452995374232, 'P_half': 51.10120656497163, 'pre_dampen_half': 20.84599542460349, 'gpp_af': 0.41874665092828456, 'gpp_b': 0.004411400434514031, 'gpp_d': 1.0088237648985734, 'ign_k': 1.6270983114897255, 'ign_c': 0.4177928311636542, 'trop_agb_crit': 1.8285200278523417, 'trop_k_veg': 3.1055119128084763, 'fire_amp': 4.19233232783727}.
[I 2026-06-10 22:42:20,582] Trial 805 finished with values: [-0.5432629400207013, 0.15059585627815875] and parameters: {'k1': 0.00031134168041628584, 'D_low': 1.4002277211577039, 'k2': 0.003767022142229395, 'D_high': 431.45617043093523, 'fire_exp': 1.0601964743503993, 'P_half': 4.213183643253957, 'pre_dampen_half': 123.04779330083686, 'gpp_af': 0.07118041471054574, 'gpp_b': 1.4540386644083135e-05, 'gpp_d': 0.12878367369717508, 'ign_k': 0.00840038491455979, 'ign_c': 0.4177928311636542, 'trop_agb_crit': 1.5033346993841157, 'trop_k_veg': 5.636143940068465, 'fire_amp': 4.19233232783727}.
[I 2026-06-10 22:42:21,911] Trial 806 finished with values: [-0.5989643088338112, 0.2985549069343991] and parameters: {'k1': 0.0869690639641868, 'D_low': 1.4002277211577039, 'k2': 0.0007731571570012607, 'D_high': 1266.9536563782303, 'fire_exp': 1.1633452995374232, 'P_half': 1.4551749476072258, 'pre_dampen_half': 189.36639872354493, 'gpp_af': 37.28155624293858, 'gpp_b': 0.004411400434514031, 'gpp_d': 7.631016235941559, 'ign_k': 0.17320535908244444, 'ign_c': 7.832259769732471, 'trop_agb_crit': 1.8566494291193822, 'trop_k_veg': 6.825463866194253, 'fire_amp': 1.4475279918261055}.
[I 2026-06-10 22:42:23,343] Trial 807 finished with values: [10.310004733094987, 10.310004733094987] and parameters: {'k1': 0.0869690639641868, 'D_low': 1.873653322520581, 'k2': 0.0012030178871154666, 'D_high': 35.136541394511, 'fire_exp': 1.0601964743503993, 'P_half': 1265.0580856641704, 'pre_dampen_half': 189.36639872354493, 'gpp_af': 0.09885838682552685, 'gpp_b': 0.00047819318414852577, 'gpp_d': 46.010874324515754, 'ign_k': 0.8945150807271531, 'ign_c': 0.10435856341129002, 'trop_agb_crit': 1.0189592979395135, 'trop_k_veg': 5.593985425286908, 'fire_amp': 5.831305332032283}.
[I 2026-06-10 22:42:24,920] Trial 808 finished with values: [10.822731739561057, 10.822731739561057] and parameters: {'k1': 0.006079905434073396, 'D_low': 1.4002277211577039, 'k2': 0.0007731571570012607, 'D_high': 949.9072859745386, 'fire_exp': 1.1633452995374232, 'P_half': 1265.0580856641704, 'pre_dampen_half': 0.013460448623833698, 'gpp_af': 0.41874665092828456, 'gpp_b': 0.004411400434514031, 'gpp_d': 47.35384181058586, 'ign_k': 1.6270983114897255, 'ign_c': 7.832259769732471, 'trop_agb_crit': 1.513702538071769, 'trop_k_veg': 0.8262197191676174, 'fire_amp': 2.5432210024239192}.
[I 2026-06-10 22:42:26,322] Trial 809 finished with values: [10.806437232483567, 10.806437232483567] and parameters: {'k1': 0.016973078532467004, 'D_low': 1.4002277211577039, 'k2': 0.003767022142229395, 'D_high': 949.9072859745386, 'fire_exp': 1.14171776851287, 'P_half': 157.80309954142965, 'pre_dampen_half': 9.044346216330972, 'gpp_af': 0.00474057962703787, 'gpp_b': 1.1008110571039521e-05, 'gpp_d': 47.35384181058586, 'ign_k': 0.9419612235978201, 'ign_c': 1.3431925993528124, 'trop_agb_crit': 1.8285200278523417, 'trop_k_veg': 0.7808079158649266, 'fire_amp': 5.416595007374148}.
[I 2026-06-10 22:42:27,635] Trial 810 finished with values: [10.072068107985354, 10.072068107985354] and parameters: {'k1': 0.00026539376439360527, 'D_low': 1.4002277211577039, 'k2': 0.0007731571570012607, 'D_high': 1266.9536563782303, 'fire_exp': 1.1633452995374232, 'P_half': 1.4551749476072258, 'pre_dampen_half': 189.36639872354493, 'gpp_af': 2.5184956910855436, 'gpp_b': 2.800940363375676e-05, 'gpp_d': 0.7698760608299932, 'ign_k': 0.17320535908244444, 'ign_c': 0.6235377135673155, 'trop_agb_crit': 2.0527418919564324, 'trop_k_veg': 6.825463866194253, 'fire_amp': 1.4475279918261055}.
[I 2026-06-10 22:42:28,985] Trial 811 finished with values: [10.753947664549568, 10.753947664549568] and parameters: {'k1': 0.07119679541167405, 'D_low': 171.2446447678494, 'k2': 0.0012030178871154666, 'D_high': 27.55546207779663, 'fire_exp': 1.0601964743503993, 'P_half': 1265.0580856641704, 'pre_dampen_half': 5.593036834117395, 'gpp_af': 0.41874665092828456, 'gpp_b': 1.4540386644083135e-05, 'gpp_d': 46.010874324515754, 'ign_k': 7.299424898595565, 'ign_c': 23.422386257929038, 'trop_agb_crit': 1.0693376406863295, 'trop_k_veg': 5.636143940068465, 'fire_amp': 2.170444898566564}.
[I 2026-06-10 22:42:30,282] Trial 812 finished with values: [10.099865867300018, 10.099865867300018] and parameters: {'k1': 0.006079905434073396, 'D_low': 43.2326421037033, 'k2': 0.003767022142229395, 'D_high': 949.9072859745386, 'fire_exp': 1.2732983562135975, 'P_half': 157.3644610977214, 'pre_dampen_half': 20.84599542460349, 'gpp_af': 1.3954498518315706, 'gpp_b': 0.16285506249643175, 'gpp_d': 7.631016235941559, 'ign_k': 1.6270983114897255, 'ign_c': 0.7619822175388142, 'trop_agb_crit': 1.0189592979395135, 'trop_k_veg': 0.6488368931910606, 'fire_amp': 4.19233232783727}.
[I 2026-06-10 22:42:31,827] Trial 813 finished with values: [12.412679320853051, 12.412679320853051] and parameters: {'k1': 0.00026539376439360527, 'D_low': 2396.0796124300746, 'k2': 0.003767022142229395, 'D_high': 20103.283734409175, 'fire_exp': 1.1633452995374232, 'P_half': 17.671138565264357, 'pre_dampen_half': 30.456909077772018, 'gpp_af': 0.41874665092828456, 'gpp_b': 0.004411400434514031, 'gpp_d': 0.47379914349407487, 'ign_k': 0.10581992548039146, 'ign_c': 0.10435856341129002, 'trop_agb_crit': 1.8285200278523417, 'trop_k_veg': 1.6911993818705504, 'fire_amp': 5.615047466686494}.
[I 2026-06-10 22:42:33,337] Trial 814 finished with values: [10.644043599396735, 10.644043599396735] and parameters: {'k1': 0.05466937478766084, 'D_low': 1.4002277211577039, 'k2': 0.0012030178871154666, 'D_high': 27.55546207779663, 'fire_exp': 1.1633452995374232, 'P_half': 1265.0580856641704, 'pre_dampen_half': 189.36639872354493, 'gpp_af': 0.003375385817830422, 'gpp_b': 1.4540386644083135e-05, 'gpp_d': 29.9035514860849, 'ign_k': 0.09256855841989636, 'ign_c': 36.58518527736812, 'trop_agb_crit': 4.902399583903479, 'trop_k_veg': 5.636143940068465, 'fire_amp': 5.831305332032283}.
[I 2026-06-10 22:42:34,685] Trial 815 finished with values: [10.833333333148357, 10.833333333148357] and parameters: {'k1': 0.017276056747028225, 'D_low': 2396.0796124300746, 'k2': 0.02939607009739149, 'D_high': 431.45617043093523, 'fire_exp': 1.0601964743503993, 'P_half': 101.40635645866499, 'pre_dampen_half': 98.05638874011484, 'gpp_af': 1.3954498518315706, 'gpp_b': 1.4540386644083135e-05, 'gpp_d': 47.35384181058586, 'ign_k': 1.636529060071807, 'ign_c': 1.3431925993528124, 'trop_agb_crit': 1.8285200278523417, 'trop_k_veg': 0.6673124511410327, 'fire_amp': 5.416595007374148}.
[I 2026-06-10 22:42:35,969] Trial 816 finished with values: [11.10352989389103, 11.10352989389103] and parameters: {'k1': 0.0014452451441203328, 'D_low': 1.4002277211577039, 'k2': 4.933751600448335e-05, 'D_high': 949.9072859745386, 'fire_exp': 1.0601964743503993, 'P_half': 157.80309954142965, 'pre_dampen_half': 9.044346216330972, 'gpp_af': 0.09885838682552685, 'gpp_b': 1.4540386644083135e-05, 'gpp_d': 0.12027930570908299, 'ign_k': 0.17320535908244444, 'ign_c': 0.6235377135673155, 'trop_agb_crit': 2.0527418919564324, 'trop_k_veg': 1.6003641872536711, 'fire_amp': 4.19233232783727}.
[I 2026-06-10 22:42:37,336] Trial 817 finished with values: [10.793815322802462, 10.793815322802462] and parameters: {'k1': 0.00026539376439360527, 'D_low': 1.4002277211577039, 'k2': 0.02065142557895925, 'D_high': 949.9072859745386, 'fire_exp': 1.9095652801045373, 'P_half': 157.3644610977214, 'pre_dampen_half': 9.044346216330972, 'gpp_af': 0.09885838682552685, 'gpp_b': 0.00047819318414852577, 'gpp_d': 0.4742269251269962, 'ign_k': 0.037151317999473285, 'ign_c': 0.6235377135673155, 'trop_agb_crit': 2.0527418919564324, 'trop_k_veg': 1.6003641872536711, 'fire_amp': 1.2393473789150806}.
[I 2026-06-10 22:42:38,783] Trial 818 finished with values: [10.264242296572423, 10.264242296572423] and parameters: {'k1': 0.006079905434073396, 'D_low': 146.24004590125713, 'k2': 0.003767022142229395, 'D_high': 4567.167062335235, 'fire_exp': 4.164740583255681, 'P_half': 5.4712187293420325, 'pre_dampen_half': 121.93011993958949, 'gpp_af': 0.8057329182285734, 'gpp_b': 0.004411400434514031, 'gpp_d': 17.82401184029455, 'ign_k': 0.17320535908244444, 'ign_c': 7.832259769732471, 'trop_agb_crit': 1.8566494291193822, 'trop_k_veg': 4.796046723963646, 'fire_amp': 1.4475279918261055}.
[I 2026-06-10 22:42:40,422] Trial 819 finished with values: [10.050401982425802, 10.050401982425802] and parameters: {'k1': 0.05466937478766084, 'D_low': 43.2326421037033, 'k2': 0.0012030178871154666, 'D_high': 949.9072859745386, 'fire_exp': 1.2732983562135975, 'P_half': 51.10120656497163, 'pre_dampen_half': 37.40930273158252, 'gpp_af': 0.09885838682552685, 'gpp_b': 0.00012118589392553798, 'gpp_d': 29.9035514860849, 'ign_k': 7.252283715822169, 'ign_c': 7.832259769732471, 'trop_agb_crit': 1.8566494291193822, 'trop_k_veg': 6.825463866194253, 'fire_amp': 2.042193818779288}.
