[I 2026-08-14 14:34:18,668] Trial 1053 finished with values: [-0.35548850570489693, 2.006617094707508e-11] and parameters: {'k1': 0.00040091494283268605, 'D_low': 2.0349553327469425, 'k2': 0.00019472216066157317, 'D_high': 314.2513840368517, 'fire_exp': 1.9439887028475722, 'P_half': 1938.3858782150498, 'pre_dampen_half': 0.03627422119926134, 'gpp_af': 0.030592049838223532, 'gpp_b': 1.1728753685919104, 'gpp_d': 0.01307253094873642, 'ign_k': 0.476373748459372, 'ign_c': 1.2240492848947009, 'trop_agb_crit': 16.86264052240002, 'trop_k_veg': 3.4508425771776365, 'fuel_k': 5.486054129200969, 'fuel_half': 15.581254655530845}.
[I 2026-08-14 14:34:20,555] Trial 1054 finished with values: [-0.37435524296382494, 8.026479481060278e-11] and parameters: {'k1': 0.00040091494283268605, 'D_low': 126.11058927054879, 'k2': 1.263794633808287e-05, 'D_high': 316055.11434645514, 'fire_exp': 1.9439887028475722, 'P_half': 8.606931125089957, 'pre_dampen_half': 0.011501973785501987, 'gpp_af': 0.0025511964576171086, 'gpp_b': 0.07311344697279921, 'gpp_d': 8.144272585223819, 'ign_k': 0.04380580767905655, 'ign_c': 105.24574681335613, 'trop_agb_crit': 2.3118820898020997, 'trop_k_veg': 2.8224577471047865, 'fuel_k': 0.06382243375381637, 'fuel_half': 3.7093134348291836}.
[I 2026-08-14 14:34:22,405] Trial 1055 finished with values: [-0.38561277803980665, 7.023170933706524e-10] and parameters: {'k1': 0.00040091494283268605, 'D_low': 2.607160725470918, 'k2': 1.263794633808287e-05, 'D_high': 8500.54600545206, 'fire_exp': 1.6733848721157607, 'P_half': 1938.3858782150498, 'pre_dampen_half': 0.03627422119926134, 'gpp_af': 0.0025511964576171086, 'gpp_b': 1.1728753685919104, 'gpp_d': 0.01307253094873642, 'ign_k': 0.476373748459372, 'ign_c': 0.18316165443932733, 'trop_agb_crit': 16.86264052240002, 'trop_k_veg': 3.4508425771776365, 'fuel_k': 5.486054129200969, 'fuel_half': 15.581254655530845}.
[I 2026-08-14 14:34:24,286] Trial 1056 finished with values: [-0.5858863224085168, 0.027126325241120797] and parameters: {'k1': 0.0012329098365270509, 'D_low': 4.043300846639722, 'k2': 1.854837679096716e-05, 'D_high': 316055.11434645514, 'fire_exp': 1.6214575867079866, 'P_half': 269.74113434525447, 'pre_dampen_half': 0.10609580257119508, 'gpp_af': 0.008983355849178878, 'gpp_b': 0.00012906175696809457, 'gpp_d': 597.9617889501159, 'ign_k': 0.567034633562729, 'ign_c': 3.0378658251922155, 'trop_agb_crit': 12.090290534777825, 'trop_k_veg': 1.128469461526162, 'fuel_k': 5.486054129200969, 'fuel_half': 0.30455368715396786}.
[I 2026-08-14 14:34:26,487] Trial 1057 finished with values: [-0.3554625854118624, 0.0] and parameters: {'k1': 0.0012329098365270509, 'D_low': 367.4904945305323, 'k2': 0.00019472216066157317, 'D_high': 316055.11434645514, 'fire_exp': 5.746431874856217, 'P_half': 7683.876502998063, 'pre_dampen_half': 0.03627422119926134, 'gpp_af': 0.030592049838223532, 'gpp_b': 1.1728753685919104, 'gpp_d': 0.01307253094873642, 'ign_k': 0.04380580767905655, 'ign_c': 105.24574681335613, 'trop_agb_crit': 2.1775224101934065, 'trop_k_veg': 3.4508425771776365, 'fuel_k': 0.17760095864122427, 'fuel_half': 12.136386887218588}.
[I 2026-08-14 14:34:28,301] Trial 1058 finished with values: [-0.40117225934410927, 6.153300480260526e-08] and parameters: {'k1': 0.05554169083020911, 'D_low': 4.043300846639722, 'k2': 1.854837679096716e-05, 'D_high': 44.39648242927527, 'fire_exp': 1.2429193829348841, 'P_half': 351.2704726270846, 'pre_dampen_half': 0.03411860497758073, 'gpp_af': 0.0023751383317256927, 'gpp_b': 2.788681037423117, 'gpp_d': 76.48086387319148, 'ign_k': 0.04380580767905655, 'ign_c': 0.19678273362633986, 'trop_agb_crit': 2.1775224101934065, 'trop_k_veg': 1.128469461526162, 'fuel_k': 1.6460650207153917, 'fuel_half': 3.7093134348291836}.
[I 2026-08-14 14:34:30,157] Trial 1059 finished with values: [-0.43189127149954726, 0.00813963925467831] and parameters: {'k1': 0.0003713474360443033, 'D_low': 3507.515213502105, 'k2': 0.00010939944910100016, 'D_high': 625838.668783032, 'fire_exp': 1.2429193829348841, 'P_half': 351.2704726270846, 'pre_dampen_half': 0.10609580257119508, 'gpp_af': 0.0023751383317256927, 'gpp_b': 3.228689523591491e-05, 'gpp_d': 2.292633983096564, 'ign_k': 0.0018258480425922795, 'ign_c': 105.24574681335613, 'trop_agb_crit': 5.250513426238183, 'trop_k_veg': 2.8224577471047865, 'fuel_k': 0.010340193296440528, 'fuel_half': 2.100333410321807}.
[I 2026-08-14 14:34:32,570] Trial 1060 finished with values: [-0.41065812956875336, 4.966553120322459e-06] and parameters: {'k1': 0.0012329098365270509, 'D_low': 4.043300846639722, 'k2': 0.0005708731724249573, 'D_high': 625838.668783032, 'fire_exp': 1.0804722074545263, 'P_half': 65.33684593224972, 'pre_dampen_half': 0.03627422119926134, 'gpp_af': 0.0025511964576171086, 'gpp_b': 1.1728753685919104, 'gpp_d': 0.01307253094873642, 'ign_k': 0.001780790432997079, 'ign_c': 0.18316165443932733, 'trop_agb_crit': 5.273338791937182, 'trop_k_veg': 3.4508425771776365, 'fuel_k': 1.6630228777630973, 'fuel_half': 10.013658413533488}.
[I 2026-08-14 14:34:34,422] Trial 1061 finished with values: [-0.5788113276530088, 0.030397942359811636] and parameters: {'k1': 0.0012329098365270509, 'D_low': 4.043300846639722, 'k2': 1.854837679096716e-05, 'D_high': 316055.11434645514, 'fire_exp': 1.182396148413737, 'P_half': 351.2704726270846, 'pre_dampen_half': 0.03426913908389044, 'gpp_af': 0.008983355849178878, 'gpp_b': 0.00012906175696809457, 'gpp_d': 597.9617889501159, 'ign_k': 0.567034633562729, 'ign_c': 3.0378658251922155, 'trop_agb_crit': 13.98132484257899, 'trop_k_veg': 1.128469461526162, 'fuel_k': 5.486054129200969, 'fuel_half': 0.30455368715396786}.
[I 2026-08-14 14:34:36,360] Trial 1062 finished with values: [-0.42182873974869695, 0.00020048012185247543] and parameters: {'k1': 6.069662445477729e-05, 'D_low': 4.043300846639722, 'k2': 0.0011811772263023127, 'D_high': 625838.668783032, 'fire_exp': 1.182396148413737, 'P_half': 1866.9871096222266, 'pre_dampen_half': 0.15144408538724474, 'gpp_af': 0.0025511964576171086, 'gpp_b': 0.00024732964314480056, 'gpp_d': 0.07525142212697536, 'ign_k': 0.03141110271934876, 'ign_c': 105.24574681335613, 'trop_agb_crit': 5.273338791937182, 'trop_k_veg': 6.172050274215951, 'fuel_k': 1.6630228777630973, 'fuel_half': 10.013658413533488}.
[I 2026-08-14 14:34:38,280] Trial 1063 finished with values: [-0.38740391212511754, 4.6764281336209024e-08] and parameters: {'k1': 3.6056327059001404e-05, 'D_low': 367.4904945305323, 'k2': 0.001347977766751687, 'D_high': 1826.6972566585878, 'fire_exp': 1.182396148413737, 'P_half': 48.464976792190825, 'pre_dampen_half': 0.03411860497758073, 'gpp_af': 0.0023751383317256927, 'gpp_b': 2.788681037423117, 'gpp_d': 3.0023172465753074, 'ign_k': 0.567034633562729, 'ign_c': 15.221840161091626, 'trop_agb_crit': 2.1775224101934065, 'trop_k_veg': 1.5630700232398234, 'fuel_k': 0.06382243375381637, 'fuel_half': 0.30455368715396786}.
[I 2026-08-14 14:34:40,153] Trial 1064 finished with values: [-0.410231829811443, 0.00014170932198942499] and parameters: {'k1': 0.00040091494283268605, 'D_low': 1.7887890916820506, 'k2': 0.0009670857606743155, 'D_high': 368081.9831637289, 'fire_exp': 1.9439887028475722, 'P_half': 220.3445560633069, 'pre_dampen_half': 0.10609580257119508, 'gpp_af': 0.008983355849178878, 'gpp_b': 0.03103333227753725, 'gpp_d': 3.0023172465753074, 'ign_k': 0.567034633562729, 'ign_c': 0.18316165443932733, 'trop_agb_crit': 13.98132484257899, 'trop_k_veg': 1.7570501127699654, 'fuel_k': 1.6630228777630973, 'fuel_half': 2.100333410321807}.
[I 2026-08-14 14:34:42,049] Trial 1065 finished with values: [-0.467513316156806, 0.01835592413064291] and parameters: {'k1': 0.0004688858519834985, 'D_low': 4.043300846639722, 'k2': 1.263794633808287e-05, 'D_high': 316055.11434645514, 'fire_exp': 1.182396148413737, 'P_half': 48.464976792190825, 'pre_dampen_half': 0.03426913908389044, 'gpp_af': 0.0023751383317256927, 'gpp_b': 0.00012906175696809457, 'gpp_d': 597.9617889501159, 'ign_k': 0.567034633562729, 'ign_c': 3.0378658251922155, 'trop_agb_crit': 13.98132484257899, 'trop_k_veg': 2.8224577471047865, 'fuel_k': 0.06382243375381637, 'fuel_half': 0.30455368715396786}.
[I 2026-08-14 14:34:44,208] Trial 1066 finished with values: [-0.4110482308674312, 1.64256462442669e-05] and parameters: {'k1': 0.0012329098365270509, 'D_low': 367.4904945305323, 'k2': 0.0005708731724249573, 'D_high': 316055.11434645514, 'fire_exp': 1.182396148413737, 'P_half': 7683.876502998063, 'pre_dampen_half': 0.03426913908389044, 'gpp_af': 0.0025511964576171086, 'gpp_b': 0.015382154459808445, 'gpp_d': 0.5454018808453853, 'ign_k': 0.04380580767905655, 'ign_c': 15.221840161091626, 'trop_agb_crit': 13.98132484257899, 'trop_k_veg': 1.0540721475196824, 'fuel_k': 1.6460650207153917, 'fuel_half': 52.00581729114123}.
[I 2026-08-14 14:34:46,086] Trial 1067 finished with values: [-0.4045085049063969, 2.731009643985871e-07] and parameters: {'k1': 0.00040091494283268605, 'D_low': 126.11058927054879, 'k2': 1.263794633808287e-05, 'D_high': 44.39648242927527, 'fire_exp': 1.2429193829348841, 'P_half': 8.606931125089957, 'pre_dampen_half': 0.0195172246414495, 'gpp_af': 0.0023751383317256927, 'gpp_b': 0.07311344697279921, 'gpp_d': 0.07525142212697536, 'ign_k': 0.04380580767905655, 'ign_c': 105.24574681335613, 'trop_agb_crit': 2.3118820898020997, 'trop_k_veg': 2.8224577471047865, 'fuel_k': 5.486054129200969, 'fuel_half': 0.3995528014939306}.
[I 2026-08-14 14:34:47,995] Trial 1068 finished with values: [-0.4837343123270717, 0.032657707981513906] and parameters: {'k1': 0.0012329098365270509, 'D_low': 4.043300846639722, 'k2': 1.854837679096716e-05, 'D_high': 316055.11434645514, 'fire_exp': 1.6214575867079866, 'P_half': 351.2704726270846, 'pre_dampen_half': 0.03411860497758073, 'gpp_af': 31.562160824084614, 'gpp_b': 1.3518869652785337e-05, 'gpp_d': 597.9617889501159, 'ign_k': 0.567034633562729, 'ign_c': 3.0378658251922155, 'trop_agb_crit': 13.98132484257899, 'trop_k_veg': 3.1495784461709877, 'fuel_k': 1.6460650207153917, 'fuel_half': 0.30455368715396786}.
[I 2026-08-14 14:34:49,885] Trial 1069 finished with values: [-0.4177848057796121, 4.193044729539075e-06] and parameters: {'k1': 1.8595266457134027e-05, 'D_low': 128395.48332743198, 'k2': 0.00010939944910100016, 'D_high': 316055.11434645514, 'fire_exp': 1.2429193829348841, 'P_half': 1938.3858782150498, 'pre_dampen_half': 0.0195172246414495, 'gpp_af': 0.0023751383317256927, 'gpp_b': 0.00017826376967587887, 'gpp_d': 2.292633983096564, 'ign_k': 0.03141110271934876, 'ign_c': 105.24574681335613, 'trop_agb_crit': 2.1775224101934065, 'trop_k_veg': 3.4508425771776365, 'fuel_k': 5.486054129200969, 'fuel_half': 15.581254655530845}.
[I 2026-08-14 14:34:51,845] Trial 1070 finished with values: [-0.3554625854118624, 0.0] and parameters: {'k1': 0.05554169083020911, 'D_low': 4.043300846639722, 'k2': 1.854837679096716e-05, 'D_high': 316055.11434645514, 'fire_exp': 9.191670218530467, 'P_half': 1535.1441568398143, 'pre_dampen_half': 0.03411860497758073, 'gpp_af': 0.0023751383317256927, 'gpp_b': 0.03103333227753725, 'gpp_d': 3.0023172465753074, 'ign_k': 0.567034633562729, 'ign_c': 105.24574681335613, 'trop_agb_crit': 13.98132484257899, 'trop_k_veg': 1.128469461526162, 'fuel_k': 1.6460650207153917, 'fuel_half': 0.30455368715396786}.
[I 2026-08-14 14:34:54,265] Trial 1071 finished with values: [-0.39993897713631565, 0.004882635472432839] and parameters: {'k1': 0.0012329098365270509, 'D_low': 13713.885091300914, 'k2': 0.0004673518999562748, 'D_high': 316055.11434645514, 'fire_exp': 1.075051292556307, 'P_half': 351.2704726270846, 'pre_dampen_half': 6.321802404315143, 'gpp_af': 0.326288637536534, 'gpp_b': 3.228689523591491e-05, 'gpp_d': 2.292633983096564, 'ign_k': 0.04380580767905655, 'ign_c': 105.24574681335613, 'trop_agb_crit': 2.1775224101934065, 'trop_k_veg': 2.8224577471047865, 'fuel_k': 0.010340193296440528, 'fuel_half': 12.136386887218588}.
[I 2026-08-14 14:34:56,159] Trial 1072 finished with values: [-0.4788669930182968, 0.011569149259871514] and parameters: {'k1': 0.0012329098365270509, 'D_low': 4.043300846639722, 'k2': 1.854837679096716e-05, 'D_high': 316055.11434645514, 'fire_exp': 1.6214575867079866, 'P_half': 351.2704726270846, 'pre_dampen_half': 0.15144408538724474, 'gpp_af': 0.008983355849178878, 'gpp_b': 0.00012906175696809457, 'gpp_d': 757.4758210832017, 'ign_k': 0.31014294272127446, 'ign_c': 3.0378658251922155, 'trop_agb_crit': 5.273338791937182, 'trop_k_veg': 1.128469461526162, 'fuel_k': 5.486054129200969, 'fuel_half': 10.013658413533488}.
[I 2026-08-14 14:34:58,008] Trial 1073 finished with values: [-0.3554625854118624, 0.0] and parameters: {'k1': 0.0004688858519834985, 'D_low': 1.7887890916820506, 'k2': 1.854837679096716e-05, 'D_high': 316055.11434645514, 'fire_exp': 1.6214575867079866, 'P_half': 48.464976792190825, 'pre_dampen_half': 0.10609580257119508, 'gpp_af': 0.008983355849178878, 'gpp_b': 1.4862329780204044, 'gpp_d': 0.012472726063715429, 'ign_k': 0.04380580767905655, 'ign_c': 105.24574681335613, 'trop_agb_crit': 2.1775224101934065, 'trop_k_veg': 2.8224577471047865, 'fuel_k': 0.06382243375381637, 'fuel_half': 8.46633791940142}.
[I 2026-08-14 14:34:59,962] Trial 1074 finished with values: [-0.3554625854118624, 0.0] and parameters: {'k1': 0.0004688858519834985, 'D_low': 367.4904945305323, 'k2': 1.263794633808287e-05, 'D_high': 44.39648242927527, 'fire_exp': 8.64614395376049, 'P_half': 48.464976792190825, 'pre_dampen_half': 0.011501973785501987, 'gpp_af': 0.0023751383317256927, 'gpp_b': 2.788681037423117, 'gpp_d': 8.144272585223819, 'ign_k': 0.04380580767905655, 'ign_c': 0.16181974674385904, 'trop_agb_crit': 2.1775224101934065, 'trop_k_veg': 2.8224577471047865, 'fuel_k': 0.06382243375381637, 'fuel_half': 3.7093134348291836}.
[I 2026-08-14 14:35:01,826] Trial 1075 finished with values: [-0.410223031040025, 2.2081024354525525e-06] and parameters: {'k1': 0.0024005553432620355, 'D_low': 1.7887890916820506, 'k2': 1.854837679096716e-05, 'D_high': 316055.11434645514, 'fire_exp': 1.9439887028475722, 'P_half': 3910.3637457741784, 'pre_dampen_half': 0.10609580257119508, 'gpp_af': 0.008983355849178878, 'gpp_b': 0.03103333227753725, 'gpp_d': 0.012472726063715429, 'ign_k': 0.567034633562729, 'ign_c': 0.18316165443932733, 'trop_agb_crit': 13.365572767895445, 'trop_k_veg': 1.128469461526162, 'fuel_k': 1.6630228777630973, 'fuel_half': 2.100333410321807}.
[I 2026-08-14 14:35:04,087] Trial 1076 finished with values: [-0.3554625854118624, 0.0] and parameters: {'k1': 0.07573282902008706, 'D_low': 195.72118561834387, 'k2': 1.854837679096716e-05, 'D_high': 3256.5662257743147, 'fire_exp': 1.182396148413737, 'P_half': 7683.876502998063, 'pre_dampen_half': 0.03411860497758073, 'gpp_af': 0.34902252478382495, 'gpp_b': 1.6569065206637924e-05, 'gpp_d': 0.012284844784580964, 'ign_k': 0.567034633562729, 'ign_c': 105.24574681335613, 'trop_agb_crit': 2.3118820898020997, 'trop_k_veg': 2.417028380770307, 'fuel_k': 0.28630931797361614, 'fuel_half': 12.136386887218588}.
[I 2026-08-14 14:35:05,963] Trial 1077 finished with values: [-0.40910959919443257, 1.688921794107401e-05] and parameters: {'k1': 0.00010980728756907093, 'D_low': 4.043300846639722, 'k2': 1.915468390724633e-05, 'D_high': 368081.9831637289, 'fire_exp': 1.9439887028475722, 'P_half': 838.0768799422991, 'pre_dampen_half': 0.03426913908389044, 'gpp_af': 0.008983355849178878, 'gpp_b': 0.03103333227753725, 'gpp_d': 3.0023172465753074, 'ign_k': 0.567034633562729, 'ign_c': 0.3296550135838091, 'trop_agb_crit': 13.98132484257899, 'trop_k_veg': 1.128469461526162, 'fuel_k': 5.486054129200969, 'fuel_half': 8.115041565366717}.
[I 2026-08-14 14:35:07,886] Trial 1078 finished with values: [-0.4588587967511494, 0.015968309682353965] and parameters: {'k1': 0.05554169083020911, 'D_low': 4.043300846639722, 'k2': 1.915468390724633e-05, 'D_high': 316055.11434645514, 'fire_exp': 1.6214575867079866, 'P_half': 220.3445560633069, 'pre_dampen_half': 0.03411860497758073, 'gpp_af': 0.030592049838223532, 'gpp_b': 6.0327793441162e-05, 'gpp_d': 1.105785410092522, 'ign_k': 1.07907786430243, 'ign_c': 0.19678273362633986, 'trop_agb_crit': 13.365572767895445, 'trop_k_veg': 4.844706510617515, 'fuel_k': 0.011892598727815663, 'fuel_half': 0.3995528014939306}.
[I 2026-08-14 14:35:09,794] Trial 1079 finished with values: [-0.36274454132363926, 4.013245291645262e-11] and parameters: {'k1': 0.0003713474360443033, 'D_low': 3507.515213502105, 'k2': 0.0005708731724249573, 'D_high': 16.752866684650684, 'fire_exp': 1.075051292556307, 'P_half': 1535.1441568398143, 'pre_dampen_half': 0.10609580257119508, 'gpp_af': 0.0023751383317256927, 'gpp_b': 2.788681037423117, 'gpp_d': 0.06888046676681166, 'ign_k': 0.04380580767905655, 'ign_c': 105.24574681335613, 'trop_agb_crit': 2.1775224101934065, 'trop_k_veg': 2.1816482703680733, 'fuel_k': 1.6630228777630973, 'fuel_half': 2.100333410321807}.
[I 2026-08-14 14:35:11,836] Trial 1080 finished with values: [-0.3554625854118624, 0.0] and parameters: {'k1': 0.0003713474360443033, 'D_low': 3507.515213502105, 'k2': 1.263794633808287e-05, 'D_high': 582349.8764421478, 'fire_exp': 9.57849088945592, 'P_half': 1535.1441568398143, 'pre_dampen_half': 6.685131651092355, 'gpp_af': 0.008983355849178878, 'gpp_b': 2.788681037423117, 'gpp_d': 8.144272585223819, 'ign_k': 0.567034633562729, 'ign_c': 105.24574681335613, 'trop_agb_crit': 10.412790284818238, 'trop_k_veg': 7.151800917825274, 'fuel_k': 0.0516035184355362, 'fuel_half': 3.7093134348291836}.
[I 2026-08-14 14:35:13,781] Trial 1081 finished with values: [-0.4085498276705577, 7.235153783646808e-06] and parameters: {'k1': 0.0012329098365270509, 'D_low': 9.222492453004657, 'k2': 1.854837679096716e-05, 'D_high': 5568672.881423475, 'fire_exp': 1.6733848721157607, 'P_half': 48.464976792190825, 'pre_dampen_half': 0.0195172246414495, 'gpp_af': 0.0025511964576171086, 'gpp_b': 0.07311344697279921, 'gpp_d': 0.07525142212697536, 'ign_k': 0.04380580767905655, 'ign_c': 0.18316165443932733, 'trop_agb_crit': 2.447085645036977, 'trop_k_veg': 0.6189606672462583, 'fuel_k': 5.486054129200969, 'fuel_half': 0.14319038307687884}.
[I 2026-08-14 14:35:16,217] Trial 1082 finished with values: [-0.4248706222498308, 0.0002122510041903114] and parameters: {'k1': 0.0012329098365270509, 'D_low': 367.4904945305323, 'k2': 0.0009670857606743155, 'D_high': 625838.668783032, 'fire_exp': 1.182396148413737, 'P_half': 7683.876502998063, 'pre_dampen_half': 0.03411860497758073, 'gpp_af': 0.0025511964576171086, 'gpp_b': 0.00024732964314480056, 'gpp_d': 2.292633983096564, 'ign_k': 0.28298168613109503, 'ign_c': 15.221840161091626, 'trop_agb_crit': 2.1775224101934065, 'trop_k_veg': 2.417028380770307, 'fuel_k': 1.6630228777630973, 'fuel_half': 12.136386887218588}.
[I 2026-08-14 14:35:18,192] Trial 1083 finished with values: [-0.3845608992129973, 1.0434424435601386e-09] and parameters: {'k1': 0.00016312233285809254, 'D_low': 4.039009420067191, 'k2': 1.263794633808287e-05, 'D_high': 84148.73833102529, 'fire_exp': 1.6733848721157607, 'P_half': 48.464976792190825, 'pre_dampen_half': 0.03333029838740256, 'gpp_af': 0.004598575950307868, 'gpp_b': 2.788681037423117, 'gpp_d': 0.01307253094873642, 'ign_k': 0.04380580767905655, 'ign_c': 0.18316165443932733, 'trop_agb_crit': 2.447085645036977, 'trop_k_veg': 0.8659709482239795, 'fuel_k': 0.06382243375381637, 'fuel_half': 0.30455368715396786}.
[I 2026-08-14 14:35:20,263] Trial 1084 finished with values: [-0.3554625854118624, 0.0] and parameters: {'k1': 6.069662445477729e-05, 'D_low': 1.7887890916820506, 'k2': 0.00010939944910100016, 'D_high': 316055.11434645514, 'fire_exp': 3.675617025971904, 'P_half': 3910.3637457741784, 'pre_dampen_half': 0.10609580257119508, 'gpp_af': 0.0025511964576171086, 'gpp_b': 1.1728753685919104, 'gpp_d': 0.012284844784580964, 'ign_k': 0.602755130171958, 'ign_c': 14.935213816355384, 'trop_agb_crit': 16.86264052240002, 'trop_k_veg': 2.8224577471047865, 'fuel_k': 0.021123235354472927, 'fuel_half': 65.99277195883643}.
[I 2026-08-14 14:35:22,187] Trial 1085 finished with values: [-0.3985662974825112, 4.754153410391204e-06] and parameters: {'k1': 0.0012329098365270509, 'D_low': 2.0349553327469425, 'k2': 1.854837679096716e-05, 'D_high': 5568672.881423475, 'fire_exp': 1.182396148413737, 'P_half': 7683.876502998063, 'pre_dampen_half': 2.0876728026575546, 'gpp_af': 0.0025511964576171086, 'gpp_b': 0.07311344697279921, 'gpp_d': 0.012284844784580964, 'ign_k': 0.04380580767905655, 'ign_c': 105.24574681335613, 'trop_agb_crit': 2.3118820898020997, 'trop_k_veg': 0.6921865222804094, 'fuel_k': 5.486054129200969, 'fuel_half': 2.100333410321807}.
[I 2026-08-14 14:35:24,194] Trial 1086 finished with values: [-0.4884598508596323, 0.006287826019013232] and parameters: {'k1': 0.0012329098365270509, 'D_low': 4.043300846639722, 'k2': 0.00019472216066157317, 'D_high': 316055.11434645514, 'fire_exp': 1.6214575867079866, 'P_half': 351.2704726270846, 'pre_dampen_half': 0.03627422119926134, 'gpp_af': 0.008983355849178878, 'gpp_b': 0.00012906175696809457, 'gpp_d': 5.1227685768715014, 'ign_k': 0.03141110271934876, 'ign_c': 0.18316165443932733, 'trop_agb_crit': 13.98132484257899, 'trop_k_veg': 3.4508425771776365, 'fuel_k': 5.486054129200969, 'fuel_half': 0.30455368715396786}.
[I 2026-08-14 14:35:26,137] Trial 1087 finished with values: [-0.3554625854118624, 0.0] and parameters: {'k1': 0.0012329098365270509, 'D_low': 9.222492453004657, 'k2': 1.854837679096716e-05, 'D_high': 44.39648242927527, 'fire_exp': 9.375735126919194, 'P_half': 48.464976792190825, 'pre_dampen_half': 0.0195172246414495, 'gpp_af': 0.0023751383317256927, 'gpp_b': 2.788681037423117, 'gpp_d': 8.144272585223819, 'ign_k': 0.04380580767905655, 'ign_c': 105.24574681335613, 'trop_agb_crit': 2.1775224101934065, 'trop_k_veg': 2.8224577471047865, 'fuel_k': 0.06382243375381637, 'fuel_half': 3.7093134348291836}.
