[I 2026-08-14 14:49:32,101] Trial 1508 finished with values: [-0.5843153645667094, 0.05905024572792661] and parameters: {'k1': 0.0012329098365270509, 'D_low': 20.293423820012748, 'k2': 1.854837679096716e-05, 'D_high': 316055.11434645514, 'fire_exp': 1.182396148413737, 'P_half': 269.74113434525447, 'pre_dampen_half': 0.10609580257119508, 'gpp_af': 0.34902252478382495, 'gpp_b': 0.03103333227753725, 'gpp_d': 597.9617889501159, 'ign_k': 0.567034633562729, 'ign_c': 3.0378658251922155, 'trop_agb_crit': 13.365572767895445, 'trop_k_veg': 1.128469461526162, 'fuel_k': 5.486054129200969, 'fuel_half': 0.30455368715396786}.
[I 2026-08-14 14:49:33,992] Trial 1509 finished with values: [-0.3554625854118624, 0.0] and parameters: {'k1': 6.069662445477729e-05, 'D_low': 2.607160725470918, 'k2': 0.00019472216066157317, 'D_high': 625838.668783032, 'fire_exp': 9.728277853041872, 'P_half': 1535.1441568398143, 'pre_dampen_half': 0.03627422119926134, 'gpp_af': 0.0025511964576171086, 'gpp_b': 1.1728753685919104, 'gpp_d': 0.01307253094873642, 'ign_k': 0.03141110271934876, 'ign_c': 0.18316165443932733, 'trop_agb_crit': 13.98132484257899, 'trop_k_veg': 3.4508425771776365, 'fuel_k': 5.486054129200969, 'fuel_half': 15.581254655530845}.
[I 2026-08-14 14:49:35,773] Trial 1510 finished with values: [-0.39535927131813725, 5.675724923381864e-08] and parameters: {'k1': 1.8595266457134027e-05, 'D_low': 2.607160725470918, 'k2': 0.00010939944910100016, 'D_high': 8500.54600545206, 'fire_exp': 1.3224672913793163, 'P_half': 48.464976792190825, 'pre_dampen_half': 0.0195172246414495, 'gpp_af': 0.030592049838223532, 'gpp_b': 2.788681037423117, 'gpp_d': 0.01307253094873642, 'ign_k': 0.03141110271934876, 'ign_c': 14.935213816355384, 'trop_agb_crit': 13.98132484257899, 'trop_k_veg': 2.8224577471047865, 'fuel_k': 5.486054129200969, 'fuel_half': 65.99277195883643}.
[I 2026-08-14 14:49:37,529] Trial 1511 finished with values: [-0.4505881805303316, 0.0038737960881063405] and parameters: {'k1': 6.069662445477729e-05, 'D_low': 2.607160725470918, 'k2': 0.00019472216066157317, 'D_high': 625838.668783032, 'fire_exp': 1.2429193829348841, 'P_half': 220.3445560633069, 'pre_dampen_half': 0.10609580257119508, 'gpp_af': 0.0025511964576171086, 'gpp_b': 0.005296753072420282, 'gpp_d': 0.06888046676681166, 'ign_k': 0.28298168613109503, 'ign_c': 15.221840161091626, 'trop_agb_crit': 16.86264052240002, 'trop_k_veg': 3.370813815105423, 'fuel_k': 5.486054129200969, 'fuel_half': 0.30455368715396786}.
[I 2026-08-14 14:49:39,350] Trial 1512 finished with values: [-0.3554625854118624, 0.0] and parameters: {'k1': 1.8595266457134027e-05, 'D_low': 2.0349553327469425, 'k2': 1.915468390724633e-05, 'D_high': 316055.11434645514, 'fire_exp': 1.2429193829348841, 'P_half': 1535.1441568398143, 'pre_dampen_half': 0.03627422119926134, 'gpp_af': 0.030592049838223532, 'gpp_b': 6.0327793441162e-05, 'gpp_d': 1.105785410092522, 'ign_k': 1.07907786430243, 'ign_c': 105.24574681335613, 'trop_agb_crit': 16.86264052240002, 'trop_k_veg': 4.844706510617515, 'fuel_k': 5.486054129200969, 'fuel_half': 15.581254655530845}.
[I 2026-08-14 14:49:41,137] Trial 1513 finished with values: [-0.382131854277748, 3.0099300829533604e-10] and parameters: {'k1': 0.00040091494283268605, 'D_low': 2.607160725470918, 'k2': 0.00010939944910100016, 'D_high': 8500.54600545206, 'fire_exp': 1.6733848721157607, 'P_half': 1938.3858782150498, 'pre_dampen_half': 0.10609580257119508, 'gpp_af': 0.0025511964576171086, 'gpp_b': 1.1728753685919104, 'gpp_d': 0.012284844784580964, 'ign_k': 0.03141110271934876, 'ign_c': 0.18316165443932733, 'trop_agb_crit': 13.98132484257899, 'trop_k_veg': 3.4508425771776365, 'fuel_k': 5.486054129200969, 'fuel_half': 65.99277195883643}.
[I 2026-08-14 14:49:43,990] Trial 1514 finished with values: [-0.5694051473237792, 0.015131542628503025] and parameters: {'k1': 0.0010204225357677778, 'D_low': 2.607160725470918, 'k2': 0.0005708731724249573, 'D_high': 625838.668783032, 'fire_exp': 1.6214575867079866, 'P_half': 269.74113434525447, 'pre_dampen_half': 0.050438810714852664, 'gpp_af': 0.008983355849178878, 'gpp_b': 0.00012906175696809457, 'gpp_d': 597.9617889501159, 'ign_k': 0.08757069543594141, 'ign_c': 3.0378658251922155, 'trop_agb_crit': 16.86264052240002, 'trop_k_veg': 1.128469461526162, 'fuel_k': 5.486054129200969, 'fuel_half': 0.12095119390046481}.
[I 2026-08-14 14:49:45,758] Trial 1515 finished with values: [-0.5446083202553021, 0.010670399710612233] and parameters: {'k1': 0.0010515271044062584, 'D_low': 4.043300846639722, 'k2': 1.854837679096716e-05, 'D_high': 316055.11434645514, 'fire_exp': 1.6214575867079866, 'P_half': 351.2704726270846, 'pre_dampen_half': 0.04050483631781763, 'gpp_af': 0.008983355849178878, 'gpp_b': 0.00012906175696809457, 'gpp_d': 597.9617889501159, 'ign_k': 0.567034633562729, 'ign_c': 3.0378658251922155, 'trop_agb_crit': 13.98132484257899, 'trop_k_veg': 1.128469461526162, 'fuel_k': 4.766352578230014, 'fuel_half': 0.30455368715396786}.
[I 2026-08-14 14:49:47,565] Trial 1516 finished with values: [-0.4159965679510541, 5.891635671551043e-07] and parameters: {'k1': 0.00016312233285809254, 'D_low': 2.607160725470918, 'k2': 0.04212821120592908, 'D_high': 625838.668783032, 'fire_exp': 1.2429193829348841, 'P_half': 1535.1441568398143, 'pre_dampen_half': 0.03627422119926134, 'gpp_af': 0.030592049838223532, 'gpp_b': 1.1728753685919104, 'gpp_d': 0.01307253094873642, 'ign_k': 0.567034633562729, 'ign_c': 15.221840161091626, 'trop_agb_crit': 5.808568531484235, 'trop_k_veg': 2.8224577471047865, 'fuel_k': 5.486054129200969, 'fuel_half': 15.581254655530845}.
[I 2026-08-14 14:49:49,424] Trial 1517 finished with values: [-0.4190404910000328, 5.0248551773934835e-06] and parameters: {'k1': 1.0477226564098276e-05, 'D_low': 128395.48332743198, 'k2': 0.00017277896632650726, 'D_high': 316055.11434645514, 'fire_exp': 1.2429193829348841, 'P_half': 1938.3858782150498, 'pre_dampen_half': 0.0195172246414495, 'gpp_af': 0.0023751383317256927, 'gpp_b': 0.00017826376967587887, 'gpp_d': 0.015163585438685893, 'ign_k': 0.03442126698957967, 'ign_c': 105.24574681335613, 'trop_agb_crit': 2.1775224101934065, 'trop_k_veg': 3.4508425771776365, 'fuel_k': 1.6630228777630973, 'fuel_half': 15.581254655530845}.
[I 2026-08-14 14:49:51,363] Trial 1518 finished with values: [-0.39470694981640164, 0.00012932958173361708] and parameters: {'k1': 0.005066525680701903, 'D_low': 1191.2594415394453, 'k2': 0.04212821120592908, 'D_high': 625838.668783032, 'fire_exp': 1.2429193829348841, 'P_half': 1535.1441568398143, 'pre_dampen_half': 0.03411860497758073, 'gpp_af': 0.34902252478382495, 'gpp_b': 0.03103333227753725, 'gpp_d': 0.01307253094873642, 'ign_k': 0.567034633562729, 'ign_c': 15.221840161091626, 'trop_agb_crit': 5.881906289439389, 'trop_k_veg': 2.417028380770307, 'fuel_k': 5.486054129200969, 'fuel_half': 0.30455368715396786}.
[I 2026-08-14 14:49:53,135] Trial 1519 finished with values: [-0.4078753316735931, 2.2581072978145045e-06] and parameters: {'k1': 0.002474172281858601, 'D_low': 2.607160725470918, 'k2': 0.00010939944910100016, 'D_high': 8500.54600545206, 'fire_exp': 1.2429193829348841, 'P_half': 1938.3858782150498, 'pre_dampen_half': 0.0195172246414495, 'gpp_af': 0.030592049838223532, 'gpp_b': 0.13168596206969846, 'gpp_d': 0.015666791470307268, 'ign_k': 0.04380580767905655, 'ign_c': 15.221840161091626, 'trop_agb_crit': 16.86264052240002, 'trop_k_veg': 3.4508425771776365, 'fuel_k': 0.021123235354472927, 'fuel_half': 15.581254655530845}.
[I 2026-08-14 14:49:54,973] Trial 1520 finished with values: [-0.42336337299145405, 0.0003018346875304223] and parameters: {'k1': 1.0477226564098276e-05, 'D_low': 128395.48332743198, 'k2': 0.00019472216066157317, 'D_high': 316055.11434645514, 'fire_exp': 1.2429193829348841, 'P_half': 1535.1441568398143, 'pre_dampen_half': 0.03627422119926134, 'gpp_af': 0.0023751383317256927, 'gpp_b': 0.00017826376967587887, 'gpp_d': 0.015163585438685893, 'ign_k': 0.04380580767905655, 'ign_c': 0.18316165443932733, 'trop_agb_crit': 2.1775224101934065, 'trop_k_veg': 0.5448092727807784, 'fuel_k': 1.6630228777630973, 'fuel_half': 15.581254655530845}.
[I 2026-08-14 14:49:56,748] Trial 1521 finished with values: [-0.4171563631328003, 5.232599495474943e-06] and parameters: {'k1': 6.069662445477729e-05, 'D_low': 4.043300846639722, 'k2': 0.0001997174727159274, 'D_high': 316055.11434645514, 'fire_exp': 1.6214575867079866, 'P_half': 351.2704726270846, 'pre_dampen_half': 0.03627422119926134, 'gpp_af': 0.008983355849178878, 'gpp_b': 0.00024732964314480056, 'gpp_d': 314.6826989726468, 'ign_k': 0.04380580767905655, 'ign_c': 105.24574681335613, 'trop_agb_crit': 12.090290534777825, 'trop_k_veg': 1.128469461526162, 'fuel_k': 0.11964261652761375, 'fuel_half': 0.30455368715396786}.
[I 2026-08-14 14:49:58,521] Trial 1522 finished with values: [-0.3554625854118624, 0.0] and parameters: {'k1': 4.366160997917848e-05, 'D_low': 367.4904945305323, 'k2': 0.00010939944910100016, 'D_high': 316055.11434645514, 'fire_exp': 1.6733848721157607, 'P_half': 1938.3858782150498, 'pre_dampen_half': 0.0195172246414495, 'gpp_af': 0.0023751383317256927, 'gpp_b': 2.788681037423117, 'gpp_d': 8.144272585223819, 'ign_k': 0.04380580767905655, 'ign_c': 105.24574681335613, 'trop_agb_crit': 1.0110060758310602, 'trop_k_veg': 1.1399347374493585, 'fuel_k': 0.021123235354472927, 'fuel_half': 0.79388452151199}.
[I 2026-08-14 14:50:00,299] Trial 1523 finished with values: [-0.3961246329943492, 6.672011942931988e-09] and parameters: {'k1': 0.0004688858519834985, 'D_low': 367.4904945305323, 'k2': 0.00010939944910100016, 'D_high': 316055.11434645514, 'fire_exp': 1.2429193829348841, 'P_half': 351.2704726270846, 'pre_dampen_half': 0.013084600933070978, 'gpp_af': 0.0023751383317256927, 'gpp_b': 0.34457334881309626, 'gpp_d': 8.144272585223819, 'ign_k': 0.04380580767905655, 'ign_c': 105.24574681335613, 'trop_agb_crit': 4.756572078533054, 'trop_k_veg': 0.9694140152996831, 'fuel_k': 0.021123235354472927, 'fuel_half': 57.882001937752435}.
[I 2026-08-14 14:50:02,098] Trial 1524 finished with values: [-0.509029096986682, 0.008183105095158072] and parameters: {'k1': 1.8595266457134027e-05, 'D_low': 4.043300846639722, 'k2': 0.0005708731724249573, 'D_high': 316055.11434645514, 'fire_exp': 1.6214575867079866, 'P_half': 14.354203134578931, 'pre_dampen_half': 0.10609580257119508, 'gpp_af': 0.0025511964576171086, 'gpp_b': 0.00024732964314480056, 'gpp_d': 0.01307253094873642, 'ign_k': 0.28298168613109503, 'ign_c': 14.935213816355384, 'trop_agb_crit': 16.86264052240002, 'trop_k_veg': 2.1816482703680733, 'fuel_k': 5.486054129200969, 'fuel_half': 0.30455368715396786}.
[I 2026-08-14 14:50:04,637] Trial 1525 finished with values: [-0.3559110816491424, 0.0] and parameters: {'k1': 1.8595266457134027e-05, 'D_low': 367.4904945305323, 'k2': 0.00019472216066157317, 'D_high': 625838.668783032, 'fire_exp': 1.2429193829348841, 'P_half': 1535.1441568398143, 'pre_dampen_half': 0.03627422119926134, 'gpp_af': 0.008983355849178878, 'gpp_b': 0.0014842940448848419, 'gpp_d': 0.01307253094873642, 'ign_k': 0.03141110271934876, 'ign_c': 398.41229480136946, 'trop_agb_crit': 16.86264052240002, 'trop_k_veg': 3.4508425771776365, 'fuel_k': 5.486054129200969, 'fuel_half': 0.22305752579704294}.
[I 2026-08-14 14:50:07,090] Trial 1526 finished with values: [-0.38768044237586974, 0.0004904447612950058] and parameters: {'k1': 0.00040091494283268605, 'D_low': 367.4904945305323, 'k2': 0.0009670857606743155, 'D_high': 316055.11434645514, 'fire_exp': 1.9439887028475722, 'P_half': 7683.876502998063, 'pre_dampen_half': 39.37581228093823, 'gpp_af': 0.030592049838223532, 'gpp_b': 6.0327793441162e-05, 'gpp_d': 0.012472726063715429, 'ign_k': 1.07907786430243, 'ign_c': 15.221840161091626, 'trop_agb_crit': 2.3118820898020997, 'trop_k_veg': 4.844706510617515, 'fuel_k': 0.011892598727815663, 'fuel_half': 0.3995528014939306}.
[I 2026-08-14 14:50:09,015] Trial 1527 finished with values: [-0.3755339255498774, 1.5049650414766802e-10] and parameters: {'k1': 1.8595266457134027e-05, 'D_low': 128395.48332743198, 'k2': 0.00010939944910100016, 'D_high': 316055.11434645514, 'fire_exp': 1.2429193829348841, 'P_half': 1938.3858782150498, 'pre_dampen_half': 0.0195172246414495, 'gpp_af': 0.0023751383317256927, 'gpp_b': 5.43892379240966, 'gpp_d': 2.292633983096564, 'ign_k': 0.04380580767905655, 'ign_c': 14.935213816355384, 'trop_agb_crit': 13.98132484257899, 'trop_k_veg': 2.8224577471047865, 'fuel_k': 0.07451557009672505, 'fuel_half': 0.79388452151199}.
[I 2026-08-14 14:50:11,099] Trial 1528 finished with values: [-0.4872028379355623, 0.012254234795348262] and parameters: {'k1': 0.0012329098365270509, 'D_low': 4.043300846639722, 'k2': 1.854837679096716e-05, 'D_high': 316055.11434645514, 'fire_exp': 1.6214575867079866, 'P_half': 269.74113434525447, 'pre_dampen_half': 0.10609580257119508, 'gpp_af': 0.008983355849178878, 'gpp_b': 0.00012906175696809457, 'gpp_d': 597.9617889501159, 'ign_k': 0.567034633562729, 'ign_c': 3.0378658251922155, 'trop_agb_crit': 10.412790284818238, 'trop_k_veg': 2.1816482703680733, 'fuel_k': 5.486054129200969, 'fuel_half': 8.115041565366717}.
[I 2026-08-14 14:50:13,043] Trial 1529 finished with values: [-0.4131547190790822, 0.0003150132732538946] and parameters: {'k1': 0.0012329098365270509, 'D_low': 4.043300846639722, 'k2': 0.0005708731724249573, 'D_high': 316055.11434645514, 'fire_exp': 1.6214575867079866, 'P_half': 269.74113434525447, 'pre_dampen_half': 0.10609580257119508, 'gpp_af': 0.008983355849178878, 'gpp_b': 0.03103333227753725, 'gpp_d': 597.9617889501159, 'ign_k': 0.567034633562729, 'ign_c': 3.0378658251922155, 'trop_agb_crit': 13.98132484257899, 'trop_k_veg': 1.0540721475196824, 'fuel_k': 5.486054129200969, 'fuel_half': 52.00581729114123}.
[I 2026-08-14 14:50:15,018] Trial 1530 finished with values: [-0.3554625854118624, 0.0] and parameters: {'k1': 0.0004688858519834985, 'D_low': 367.4904945305323, 'k2': 0.00010939944910100016, 'D_high': 316055.11434645514, 'fire_exp': 1.2429193829348841, 'P_half': 1535.1441568398143, 'pre_dampen_half': 0.10609580257119508, 'gpp_af': 27.670586314549833, 'gpp_b': 1.1728753685919104, 'gpp_d': 0.012284844784580964, 'ign_k': 0.602755130171958, 'ign_c': 105.24574681335613, 'trop_agb_crit': 13.98132484257899, 'trop_k_veg': 2.8224577471047865, 'fuel_k': 0.4732237210896606, 'fuel_half': 65.99277195883643}.
[I 2026-08-14 14:50:16,735] Trial 1531 finished with values: [-0.39170908745338523, 1.7056270840143384e-09] and parameters: {'k1': 1.8595266457134027e-05, 'D_low': 367.4904945305323, 'k2': 0.00010939944910100016, 'D_high': 316055.11434645514, 'fire_exp': 1.2070502372556005, 'P_half': 351.2704726270846, 'pre_dampen_half': 0.0195172246414495, 'gpp_af': 0.0023751383317256927, 'gpp_b': 2.788681037423117, 'gpp_d': 135.99933935738719, 'ign_k': 0.03141110271934876, 'ign_c': 105.24574681335613, 'trop_agb_crit': 28.412323986638135, 'trop_k_veg': 1.128469461526162, 'fuel_k': 5.486054129200969, 'fuel_half': 65.99277195883643}.
[I 2026-08-14 14:50:18,513] Trial 1532 finished with values: [-0.4602734007655248, 0.010408464735561118] and parameters: {'k1': 0.00016312233285809254, 'D_low': 367.4904945305323, 'k2': 1.263794633808287e-05, 'D_high': 316055.11434645514, 'fire_exp': 1.3224672913793163, 'P_half': 48.464976792190825, 'pre_dampen_half': 0.5491703202887761, 'gpp_af': 0.0023751383317256927, 'gpp_b': 0.0005375670326609257, 'gpp_d': 0.01018182259982803, 'ign_k': 0.567034633562729, 'ign_c': 15.221840161091626, 'trop_agb_crit': 5.808568531484235, 'trop_k_veg': 0.6189606672462583, 'fuel_k': 0.021123235354472927, 'fuel_half': 15.581254655530845}.
[I 2026-08-14 14:50:20,312] Trial 1533 finished with values: [-0.42311480550913083, 0.00016848968390936747] and parameters: {'k1': 1.8595266457134027e-05, 'D_low': 367.4904945305323, 'k2': 0.04212821120592908, 'D_high': 625838.668783032, 'fire_exp': 1.2429193829348841, 'P_half': 7683.876502998063, 'pre_dampen_half': 0.03411860497758073, 'gpp_af': 0.0025511964576171086, 'gpp_b': 0.00017826376967587887, 'gpp_d': 0.012472726063715429, 'ign_k': 0.04380580767905655, 'ign_c': 15.221840161091626, 'trop_agb_crit': 5.881906289439389, 'trop_k_veg': 7.1827780755420445, 'fuel_k': 5.486054129200969, 'fuel_half': 3.7093134348291836}.
[I 2026-08-14 14:50:22,125] Trial 1534 finished with values: [-0.47303676069155476, 0.0076419368594825565] and parameters: {'k1': 0.0012329098365270509, 'D_low': 1.7887890916820506, 'k2': 0.00036134960108376936, 'D_high': 316055.11434645514, 'fire_exp': 1.2429193829348841, 'P_half': 269.74113434525447, 'pre_dampen_half': 0.10609580257119508, 'gpp_af': 0.0023751383317256927, 'gpp_b': 0.00012906175696809457, 'gpp_d': 0.8463685627358606, 'ign_k': 0.602755130171958, 'ign_c': 14.935213816355384, 'trop_agb_crit': 13.98132484257899, 'trop_k_veg': 2.8224577471047865, 'fuel_k': 0.08823621277702565, 'fuel_half': 65.99277195883643}.
[I 2026-08-14 14:50:23,993] Trial 1535 finished with values: [-0.40956283520143766, 5.075644036178772e-07] and parameters: {'k1': 0.00016312233285809254, 'D_low': 2.0349553327469425, 'k2': 0.0009670857606743155, 'D_high': 38111.59226078823, 'fire_exp': 1.3224672913793163, 'P_half': 1212.4080603355412, 'pre_dampen_half': 0.03411860497758073, 'gpp_af': 0.030592049838223532, 'gpp_b': 2.788681037423117, 'gpp_d': 0.32837927360248453, 'ign_k': 0.567034633562729, 'ign_c': 15.221840161091626, 'trop_agb_crit': 6.305574834804029, 'trop_k_veg': 0.6189606672462583, 'fuel_k': 0.011892598727815663, 'fuel_half': 0.3995528014939306}.
[I 2026-08-14 14:50:26,572] Trial 1536 finished with values: [-0.38709841521757526, 6.722177259277373e-10] and parameters: {'k1': 0.0004688858519834985, 'D_low': 367.4904945305323, 'k2': 0.0011811772263023127, 'D_high': 582349.8764421478, 'fire_exp': 1.2429193829348841, 'P_half': 1866.9871096222266, 'pre_dampen_half': 0.03627422119926134, 'gpp_af': 0.005898277699213492, 'gpp_b': 2.788681037423117, 'gpp_d': 0.07525142212697536, 'ign_k': 0.04380580767905655, 'ign_c': 105.24574681335613, 'trop_agb_crit': 5.881906289439389, 'trop_k_veg': 7.151800917825274, 'fuel_k': 5.486054129200969, 'fuel_half': 15.581254655530845}.
[I 2026-08-14 14:50:28,351] Trial 1537 finished with values: [-0.3705447058077128, 1.003308547353754e-11] and parameters: {'k1': 0.0004688858519834985, 'D_low': 367.4904945305323, 'k2': 1.263794633808287e-05, 'D_high': 44.39648242927527, 'fire_exp': 1.2429193829348841, 'P_half': 48.464976792190825, 'pre_dampen_half': 0.011501973785501987, 'gpp_af': 0.0023751383317256927, 'gpp_b': 2.788681037423117, 'gpp_d': 8.144272585223819, 'ign_k': 0.04380580767905655, 'ign_c': 105.24574681335613, 'trop_agb_crit': 2.1775224101934065, 'trop_k_veg': 2.8224577471047865, 'fuel_k': 0.06382243375381637, 'fuel_half': 3.7093134348291836}.
[I 2026-08-14 14:50:30,127] Trial 1538 finished with values: [-0.39606608955048, 9.671909051434113e-09] and parameters: {'k1': 1.8595266457134027e-05, 'D_low': 2100.23993517399, 'k2': 0.00010939944910100016, 'D_high': 8500.54600545206, 'fire_exp': 1.2429193829348841, 'P_half': 1938.3858782150498, 'pre_dampen_half': 0.10609580257119508, 'gpp_af': 0.0025511964576171086, 'gpp_b': 2.788681037423117, 'gpp_d': 0.012284844784580964, 'ign_k': 0.03141110271934876, 'ign_c': 14.935213816355384, 'trop_agb_crit': 13.98132484257899, 'trop_k_veg': 2.8224577471047865, 'fuel_k': 5.486054129200969, 'fuel_half': 65.99277195883643}.
[I 2026-08-14 14:50:31,969] Trial 1539 finished with values: [-0.5498014699284458, 0.006439676118623727] and parameters: {'k1': 0.0010204225357677778, 'D_low': 2.607160725470918, 'k2': 0.0005708731724249573, 'D_high': 625838.668783032, 'fire_exp': 1.6733848721157607, 'P_half': 220.3445560633069, 'pre_dampen_half': 0.10609580257119508, 'gpp_af': 0.0025511964576171086, 'gpp_b': 0.00024732964314480056, 'gpp_d': 0.01307253094873642, 'ign_k': 0.28298168613109503, 'ign_c': 15.221840161091626, 'trop_agb_crit': 16.86264052240002, 'trop_k_veg': 2.1816482703680733, 'fuel_k': 5.486054129200969, 'fuel_half': 0.30455368715396786}.
[I 2026-08-14 14:50:34,321] Trial 1540 finished with values: [-0.4103856511958977, 0.012114885275679055] and parameters: {'k1': 0.00016312233285809254, 'D_low': 3507.515213502105, 'k2': 0.00021153782194224395, 'D_high': 160625.60954780428, 'fire_exp': 1.6214575867079866, 'P_half': 269.74113434525447, 'pre_dampen_half': 6.685131651092355, 'gpp_af': 0.008983355849178878, 'gpp_b': 0.03103333227753725, 'gpp_d': 2.292633983096564, 'ign_k': 0.567034633562729, 'ign_c': 3.0378658251922155, 'trop_agb_crit': 13.365572767895445, 'trop_k_veg': 1.128469461526162, 'fuel_k': 1.6460650207153917, 'fuel_half': 15.581254655530845}.
[I 2026-08-14 14:50:36,415] Trial 1541 finished with values: [-0.403484865796586, 8.471949897170816e-08] and parameters: {'k1': 0.0012329098365270509, 'D_low': 4.043300846639722, 'k2': 0.0001997174727159274, 'D_high': 625838.668783032, 'fire_exp': 1.6214575867079866, 'P_half': 406.34698167377394, 'pre_dampen_half': 0.10609580257119508, 'gpp_af': 0.0025511964576171086, 'gpp_b': 1.1728753685919104, 'gpp_d': 0.01307253094873642, 'ign_k': 0.14683150478891638, 'ign_c': 15.221840161091626, 'trop_agb_crit': 16.86264052240002, 'trop_k_veg': 3.4508425771776365, 'fuel_k': 5.486054129200969, 'fuel_half': 0.30455368715396786}.
[I 2026-08-14 14:50:38,379] Trial 1542 finished with values: [-0.5192518297509249, 0.1664383438011524] and parameters: {'k1': 0.00016312233285809254, 'D_low': 2.607160725470918, 'k2': 0.04212821120592908, 'D_high': 316055.11434645514, 'fire_exp': 1.2429193829348841, 'P_half': 351.2704726270846, 'pre_dampen_half': 64.49247782660952, 'gpp_af': 0.030592049838223532, 'gpp_b': 0.00024732964314480056, 'gpp_d': 0.01307253094873642, 'ign_k': 0.28298168613109503, 'ign_c': 3.0378658251922155, 'trop_agb_crit': 12.090290534777825, 'trop_k_veg': 1.128469461526162, 'fuel_k': 5.486054129200969, 'fuel_half': 15.581254655530845}.
