[I 2026-08-06 00:05:10,320] Trial 1455 finished with values: [10.769162833794303, 10.769162833794303] and parameters: {'k1': 0.007333200379637282, 'D_low': 70.18267183720735, 'k2': 0.00038791280730284417, 'D_high': 85018.70149611714, 'fire_exp': 1.5201277403788451, 'P_half': 2013.3201996321875, 'pre_dampen_half': 703.6426675556048, 'gpp_af': 35.20481045526041, 'gpp_b': 0.7987896438549947, 'gpp_d': 0.0318557175945047, 'ign_k': 0.4702627143647234, 'ign_c': 0.11433485956638717}.
[I 2026-08-06 00:05:11,261] Trial 1456 finished with values: [10.312540431065067, 10.312540431065067] and parameters: {'k1': 0.005643426708406567, 'D_low': 4.051452710153359, 'k2': 0.00038791280730284417, 'D_high': 85018.70149611714, 'fire_exp': 1.5201277403788451, 'P_half': 39.03214299767183, 'pre_dampen_half': 703.6426675556048, 'gpp_af': 35.20481045526041, 'gpp_b': 0.10123867001105968, 'gpp_d': 4.5768578731086835, 'ign_k': 5.9736167866478125, 'ign_c': 14.810800730363484}.
[I 2026-08-06 00:05:12,211] Trial 1457 finished with values: [-0.5524142761245003, 0.10992291647873109] and parameters: {'k1': 9.109540080835495e-05, 'D_low': 2.458603276328005, 'k2': 0.0007081721844034209, 'D_high': 85018.70149611714, 'fire_exp': 1.5201277403788451, 'P_half': 39.03214299767183, 'pre_dampen_half': 703.6426675556048, 'gpp_af': 35.20481045526041, 'gpp_b': 0.7987896438549947, 'gpp_d': 34.37107943937136, 'ign_k': 0.4702627143647234, 'ign_c': 0.5505316245273476}.
[I 2026-08-06 00:05:13,177] Trial 1458 finished with values: [-0.5694832075507466, 0.04333296573465828] and parameters: {'k1': 0.005643426708406567, 'D_low': 71.73480907515082, 'k2': 0.00038791280730284417, 'D_high': 85018.70149611714, 'fire_exp': 1.5201277403788451, 'P_half': 39.03214299767183, 'pre_dampen_half': 703.6426675556048, 'gpp_af': 11.234842109991876, 'gpp_b': 0.10123867001105968, 'gpp_d': 34.37107943937136, 'ign_k': 0.4702627143647234, 'ign_c': 14.810800730363484}.
[I 2026-08-06 00:05:14,611] Trial 1459 finished with values: [10.311391697438598, 10.311391697438598] and parameters: {'k1': 0.03232155805617897, 'D_low': 174.83983085324363, 'k2': 0.0007081721844034209, 'D_high': 6455.595882939566, 'fire_exp': 1.5201277403788451, 'P_half': 3.6973278239412215, 'pre_dampen_half': 111.37963167994629, 'gpp_af': 11.234842109991876, 'gpp_b': 0.7987896438549947, 'gpp_d': 4.5768578731086835, 'ign_k': 0.5080094006294851, 'ign_c': 1.6676205667297381}.
[I 2026-08-06 00:05:15,554] Trial 1460 finished with values: [10.73831245103559, 10.73831245103559] and parameters: {'k1': 0.007333200379637282, 'D_low': 4.051452710153359, 'k2': 0.0499774937030317, 'D_high': 85018.70149611714, 'fire_exp': 1.2943117749495199, 'P_half': 24.647089738642787, 'pre_dampen_half': 1.7854796082315108, 'gpp_af': 35.16422330469638, 'gpp_b': 0.10123867001105968, 'gpp_d': 34.37107943937136, 'ign_k': 5.9736167866478125, 'ign_c': 14.810800730363484}.
[I 2026-08-06 00:05:16,488] Trial 1461 finished with values: [10.568498373542857, 10.568498373542857] and parameters: {'k1': 0.005643426708406567, 'D_low': 989.2483802693089, 'k2': 0.00038791280730284417, 'D_high': 4023.373392740452, 'fire_exp': 1.5201277403788451, 'P_half': 304.58903846531524, 'pre_dampen_half': 111.37963167994629, 'gpp_af': 35.20481045526041, 'gpp_b': 0.10123867001105968, 'gpp_d': 34.37107943937136, 'ign_k': 0.5080094006294851, 'ign_c': 1.6676205667297381}.
[I 2026-08-06 00:05:17,447] Trial 1462 finished with values: [-0.5898729654053395, 0.0734658470550501] and parameters: {'k1': 0.005643426708406567, 'D_low': 4.051452710153359, 'k2': 0.00038791280730284417, 'D_high': 54669.374787660905, 'fire_exp': 1.5201277403788451, 'P_half': 39.03214299767183, 'pre_dampen_half': 53.73093479067421, 'gpp_af': 35.20481045526041, 'gpp_b': 0.10123867001105968, 'gpp_d': 34.37107943937136, 'ign_k': 0.4702627143647234, 'ign_c': 6.160975294741436}.
[I 2026-08-06 00:05:18,399] Trial 1463 finished with values: [-0.5789162237505474, 0.04641016692462996] and parameters: {'k1': 0.015602015889668856, 'D_low': 4.051452710153359, 'k2': 0.0499774937030317, 'D_high': 85018.70149611714, 'fire_exp': 1.151006986743773, 'P_half': 39.03214299767183, 'pre_dampen_half': 703.6426675556048, 'gpp_af': 35.20481045526041, 'gpp_b': 0.7987896438549947, 'gpp_d': 34.37107943937136, 'ign_k': 0.4702627143647234, 'ign_c': 14.810800730363484}.
[I 2026-08-06 00:05:19,345] Trial 1464 finished with values: [10.433586593695495, 10.433586593695495] and parameters: {'k1': 0.005643426708406567, 'D_low': 31.117676855667376, 'k2': 3.706785664265659e-05, 'D_high': 85018.70149611714, 'fire_exp': 1.151006986743773, 'P_half': 12.808863354047988, 'pre_dampen_half': 917.1017259920797, 'gpp_af': 35.20481045526041, 'gpp_b': 0.7987896438549947, 'gpp_d': 4.5768578731086835, 'ign_k': 5.9736167866478125, 'ign_c': 14.810800730363484}.
[I 2026-08-06 00:05:20,274] Trial 1465 finished with values: [10.528494169952838, 10.528494169952838] and parameters: {'k1': 0.016973078532467004, 'D_low': 31.117676855667376, 'k2': 3.706785664265659e-05, 'D_high': 85018.70149611714, 'fire_exp': 1.151006986743773, 'P_half': 39.03214299767183, 'pre_dampen_half': 703.6426675556048, 'gpp_af': 11.234842109991876, 'gpp_b': 0.7987896438549947, 'gpp_d': 0.5779293266899784, 'ign_k': 5.9736167866478125, 'ign_c': 0.11433485956638717}.
[I 2026-08-06 00:05:21,206] Trial 1466 finished with values: [-0.5782961261742035, 0.049325818248530995] and parameters: {'k1': 0.016973078532467004, 'D_low': 2.122762382987707, 'k2': 0.0007081721844034209, 'D_high': 85018.70149611714, 'fire_exp': 1.151006986743773, 'P_half': 39.03214299767183, 'pre_dampen_half': 703.6426675556048, 'gpp_af': 35.20481045526041, 'gpp_b': 0.10123867001105968, 'gpp_d': 34.37107943937136, 'ign_k': 5.9736167866478125, 'ign_c': 14.810800730363484}.
[I 2026-08-06 00:05:22,140] Trial 1467 finished with values: [10.755449384350321, 10.755449384350321] and parameters: {'k1': 0.03232155805617897, 'D_low': 4.051452710153359, 'k2': 0.00038791280730284417, 'D_high': 6455.595882939566, 'fire_exp': 6.941407697937204, 'P_half': 76.7624220881052, 'pre_dampen_half': 53.73093479067421, 'gpp_af': 11.234842109991876, 'gpp_b': 0.10123867001105968, 'gpp_d': 34.37107943937136, 'ign_k': 5.9736167866478125, 'ign_c': 0.11433485956638717}.
[I 2026-08-06 00:05:23,105] Trial 1468 finished with values: [-0.5926852931258881, 0.1045374149480155] and parameters: {'k1': 0.015602015889668856, 'D_low': 4.051452710153359, 'k2': 0.00016688483049782368, 'D_high': 85018.70149611714, 'fire_exp': 1.5201277403788451, 'P_half': 10.826381820576978, 'pre_dampen_half': 53.73093479067421, 'gpp_af': 35.20481045526041, 'gpp_b': 0.10123867001105968, 'gpp_d': 34.37107943937136, 'ign_k': 5.9736167866478125, 'ign_c': 6.160975294741436}.
[I 2026-08-06 00:05:24,022] Trial 1469 finished with values: [10.552108566454438, 10.552108566454438] and parameters: {'k1': 0.016973078532467004, 'D_low': 65.69152413762717, 'k2': 0.0499774937030317, 'D_high': 82493.50417880772, 'fire_exp': 1.151006986743773, 'P_half': 12.808863354047988, 'pre_dampen_half': 703.6426675556048, 'gpp_af': 35.20481045526041, 'gpp_b': 0.7987896438549947, 'gpp_d': 14.815308234941392, 'ign_k': 5.9736167866478125, 'ign_c': 0.11433485956638717}.
[I 2026-08-06 00:05:24,956] Trial 1470 finished with values: [10.68561659302677, 10.68561659302677] and parameters: {'k1': 0.007333200379637282, 'D_low': 31.117676855667376, 'k2': 0.00038791280730284417, 'D_high': 85018.70149611714, 'fire_exp': 1.3374105401704135, 'P_half': 1.0897490003652053, 'pre_dampen_half': 703.6426675556048, 'gpp_af': 11.234842109991876, 'gpp_b': 0.10123867001105968, 'gpp_d': 4.5768578731086835, 'ign_k': 0.5066525680701905, 'ign_c': 0.11433485956638717}.
[I 2026-08-06 00:05:25,889] Trial 1471 finished with values: [11.946240349204547, 11.946240349204547] and parameters: {'k1': 0.016973078532467004, 'D_low': 57.22950094567826, 'k2': 0.00038791280730284417, 'D_high': 85018.70149611714, 'fire_exp': 1.151006986743773, 'P_half': 39.03214299767183, 'pre_dampen_half': 703.6426675556048, 'gpp_af': 35.20481045526041, 'gpp_b': 0.10123867001105968, 'gpp_d': 34.37107943937136, 'ign_k': 0.476373748459372, 'ign_c': 0.4558536260712558}.
[I 2026-08-06 00:05:26,822] Trial 1472 finished with values: [10.05794630202184, 10.05794630202184] and parameters: {'k1': 0.007333200379637282, 'D_low': 29.89885508829526, 'k2': 0.0001997174727159274, 'D_high': 5562.99650055119, 'fire_exp': 1.5201277403788451, 'P_half': 39.03214299767183, 'pre_dampen_half': 53.73093479067421, 'gpp_af': 35.20481045526041, 'gpp_b': 0.10123867001105968, 'gpp_d': 34.37107943937136, 'ign_k': 0.0018991732852766694, 'ign_c': 14.810800730363484}.
[I 2026-08-06 00:05:27,772] Trial 1473 finished with values: [-0.5809703963724058, 0.047392830548427245] and parameters: {'k1': 0.015602015889668856, 'D_low': 4.051452710153359, 'k2': 0.0499774937030317, 'D_high': 85018.70149611714, 'fire_exp': 1.151006986743773, 'P_half': 12.808863354047988, 'pre_dampen_half': 703.6426675556048, 'gpp_af': 35.20481045526041, 'gpp_b': 0.7987896438549947, 'gpp_d': 34.37107943937136, 'ign_k': 0.5080094006294851, 'ign_c': 14.810800730363484}.
[I 2026-08-06 00:05:28,722] Trial 1474 finished with values: [10.238852496448393, 10.238852496448393] and parameters: {'k1': 0.015602015889668856, 'D_low': 4.051452710153359, 'k2': 1.702637694606324e-05, 'D_high': 85018.70149611714, 'fire_exp': 1.151006986743773, 'P_half': 12.808863354047988, 'pre_dampen_half': 703.6426675556048, 'gpp_af': 35.20481045526041, 'gpp_b': 0.10123867001105968, 'gpp_d': 4.5768578731086835, 'ign_k': 0.5080094006294851, 'ign_c': 14.810800730363484}.
[I 2026-08-06 00:05:29,661] Trial 1475 finished with values: [-0.5773753278523213, 0.0726645866466733] and parameters: {'k1': 0.007333200379637282, 'D_low': 65.69152413762717, 'k2': 0.0499774937030317, 'D_high': 85018.70149611714, 'fire_exp': 1.151006986743773, 'P_half': 39.03214299767183, 'pre_dampen_half': 703.6426675556048, 'gpp_af': 35.20481045526041, 'gpp_b': 0.7987896438549947, 'gpp_d': 4.5768578731086835, 'ign_k': 0.9614686563869651, 'ign_c': 0.11433485956638717}.
[I 2026-08-06 00:05:30,622] Trial 1476 finished with values: [10.769229542896653, 10.769229542896653] and parameters: {'k1': 0.03232155805617897, 'D_low': 312.92286563608616, 'k2': 0.0499774937030317, 'D_high': 50.064023389829906, 'fire_exp': 1.151006986743773, 'P_half': 39.03214299767183, 'pre_dampen_half': 111.37963167994629, 'gpp_af': 11.234842109991876, 'gpp_b': 0.10123867001105968, 'gpp_d': 4.5768578731086835, 'ign_k': 2.648189355842456, 'ign_c': 14.810800730363484}.
[I 2026-08-06 00:05:31,538] Trial 1477 finished with values: [-0.5757758142919396, 0.032817405855440906] and parameters: {'k1': 0.015602015889668856, 'D_low': 8.1043507389441, 'k2': 0.0499774937030317, 'D_high': 85018.70149611714, 'fire_exp': 1.151006986743773, 'P_half': 39.03214299767183, 'pre_dampen_half': 703.6426675556048, 'gpp_af': 35.20481045526041, 'gpp_b': 0.7987896438549947, 'gpp_d': 34.37107943937136, 'ign_k': 2.2292793902120662, 'ign_c': 14.810800730363484}.
[I 2026-08-06 00:05:32,486] Trial 1478 finished with values: [10.566136497296347, 10.566136497296347] and parameters: {'k1': 0.00013094965356693928, 'D_low': 4.051452710153359, 'k2': 0.0499774937030317, 'D_high': 6455.595882939566, 'fire_exp': 1.151006986743773, 'P_half': 12.808863354047988, 'pre_dampen_half': 703.6426675556048, 'gpp_af': 35.20481045526041, 'gpp_b': 0.7987896438549947, 'gpp_d': 4.5768578731086835, 'ign_k': 5.9736167866478125, 'ign_c': 14.810800730363484}.
[I 2026-08-06 00:05:33,437] Trial 1479 finished with values: [-0.5775933076055676, 0.06202738111374673] and parameters: {'k1': 0.005643426708406567, 'D_low': 68.10869610924271, 'k2': 0.0007081721844034209, 'D_high': 85018.70149611714, 'fire_exp': 1.151006986743773, 'P_half': 12.808863354047988, 'pre_dampen_half': 703.6426675556048, 'gpp_af': 35.20481045526041, 'gpp_b': 0.7987896438549947, 'gpp_d': 4.5768578731086835, 'ign_k': 5.9736167866478125, 'ign_c': 2.592301536155855}.
[I 2026-08-06 00:05:34,400] Trial 1480 finished with values: [10.75761191750653, 10.75761191750653] and parameters: {'k1': 0.03232155805617897, 'D_low': 312.92286563608616, 'k2': 0.003728444134949849, 'D_high': 85018.70149611714, 'fire_exp': 4.944820983274038, 'P_half': 39.03214299767183, 'pre_dampen_half': 111.37963167994629, 'gpp_af': 11.234842109991876, 'gpp_b': 0.7987896438549947, 'gpp_d': 4.5768578731086835, 'ign_k': 5.9736167866478125, 'ign_c': 0.11433485956638717}.
[I 2026-08-06 00:05:35,841] Trial 1481 finished with values: [12.064127452813853, 12.064127452813853] and parameters: {'k1': 0.016973078532467004, 'D_low': 31.117676855667376, 'k2': 0.001123618840167381, 'D_high': 85018.70149611714, 'fire_exp': 1.5201277403788451, 'P_half': 39.03214299767183, 'pre_dampen_half': 703.6426675556048, 'gpp_af': 11.234842109991876, 'gpp_b': 0.10123867001105968, 'gpp_d': 34.37107943937136, 'ign_k': 0.476373748459372, 'ign_c': 0.4558536260712558}.
[I 2026-08-06 00:05:36,776] Trial 1482 finished with values: [10.203292200420197, 10.203292200420197] and parameters: {'k1': 0.005643426708406567, 'D_low': 4.051452710153359, 'k2': 0.00038791280730284417, 'D_high': 85018.70149611714, 'fire_exp': 1.5201277403788451, 'P_half': 39.03214299767183, 'pre_dampen_half': 53.73093479067421, 'gpp_af': 11.234842109991876, 'gpp_b': 0.10123867001105968, 'gpp_d': 34.37107943937136, 'ign_k': 5.9736167866478125, 'ign_c': 14.810800730363484}.
[I 2026-08-06 00:05:37,708] Trial 1483 finished with values: [-0.5796660176583195, 0.07407079771869696] and parameters: {'k1': 0.016973078532467004, 'D_low': 29.89885508829526, 'k2': 0.0007081721844034209, 'D_high': 85018.70149611714, 'fire_exp': 1.151006986743773, 'P_half': 12.808863354047988, 'pre_dampen_half': 703.6426675556048, 'gpp_af': 35.20481045526041, 'gpp_b': 0.7987896438549947, 'gpp_d': 4.5768578731086835, 'ign_k': 5.9736167866478125, 'ign_c': 1.6643425133733851}.
[I 2026-08-06 00:05:38,674] Trial 1484 finished with values: [10.768129034209997, 10.768129034209997] and parameters: {'k1': 7.088878053884099e-05, 'D_low': 4.051452710153359, 'k2': 0.034987345440353576, 'D_high': 68913.86015952702, 'fire_exp': 1.151006986743773, 'P_half': 12.808863354047988, 'pre_dampen_half': 703.6426675556048, 'gpp_af': 0.0014653682342295232, 'gpp_b': 0.7987896438549947, 'gpp_d': 4.5768578731086835, 'ign_k': 0.12828203940471886, 'ign_c': 14.810800730363484}.
[I 2026-08-06 00:05:39,621] Trial 1485 finished with values: [10.154723415115567, 10.154723415115567] and parameters: {'k1': 0.03232155805617897, 'D_low': 70.18267183720735, 'k2': 0.0007081721844034209, 'D_high': 85018.70149611714, 'fire_exp': 1.5201277403788451, 'P_half': 12.808863354047988, 'pre_dampen_half': 111.37963167994629, 'gpp_af': 11.234842109991876, 'gpp_b': 0.7987896438549947, 'gpp_d': 4.5768578731086835, 'ign_k': 5.9736167866478125, 'ign_c': 0.11433485956638717}.
[I 2026-08-06 00:05:40,555] Trial 1486 finished with values: [12.12350468428064, 12.12350468428064] and parameters: {'k1': 0.005643426708406567, 'D_low': 31.117676855667376, 'k2': 0.00038791280730284417, 'D_high': 85018.70149611714, 'fire_exp': 1.151006986743773, 'P_half': 12.808863354047988, 'pre_dampen_half': 703.6426675556048, 'gpp_af': 35.20481045526041, 'gpp_b': 0.10123867001105968, 'gpp_d': 34.37107943937136, 'ign_k': 0.016435601583749338, 'ign_c': 0.11433485956638717}.
[I 2026-08-06 00:05:41,520] Trial 1487 finished with values: [10.351711854323622, 10.351711854323622] and parameters: {'k1': 0.007333200379637282, 'D_low': 31.117676855667376, 'k2': 0.0499774937030317, 'D_high': 85018.70149611714, 'fire_exp': 4.4994848154903435, 'P_half': 12.808863354047988, 'pre_dampen_half': 703.6426675556048, 'gpp_af': 35.20481045526041, 'gpp_b': 0.10123867001105968, 'gpp_d': 34.37107943937136, 'ign_k': 5.9736167866478125, 'ign_c': 14.810800730363484}.
[I 2026-08-06 00:05:42,451] Trial 1488 finished with values: [-0.5887382425666187, 0.09512943485195247] and parameters: {'k1': 0.015602015889668856, 'D_low': 4.051452710153359, 'k2': 0.00038791280730284417, 'D_high': 54669.374787660905, 'fire_exp': 1.5201277403788451, 'P_half': 39.03214299767183, 'pre_dampen_half': 53.73093479067421, 'gpp_af': 35.20481045526041, 'gpp_b': 0.10123867001105968, 'gpp_d': 34.37107943937136, 'ign_k': 5.9736167866478125, 'ign_c': 6.160975294741436}.
[I 2026-08-06 00:05:43,399] Trial 1489 finished with values: [10.126518277156753, 10.126518277156753] and parameters: {'k1': 0.015602015889668856, 'D_low': 4.051452710153359, 'k2': 0.05665252534977915, 'D_high': 30536.40655299408, 'fire_exp': 1.5201277403788451, 'P_half': 39.03214299767183, 'pre_dampen_half': 703.6426675556048, 'gpp_af': 2.9865936975455876, 'gpp_b': 0.10123867001105968, 'gpp_d': 67.65873641051081, 'ign_k': 0.4702627143647234, 'ign_c': 14.810800730363484}.
[I 2026-08-06 00:05:44,350] Trial 1490 finished with values: [10.684965722925714, 10.684965722925714] and parameters: {'k1': 0.014249163607123368, 'D_low': 31.117676855667376, 'k2': 0.00038791280730284417, 'D_high': 85018.70149611714, 'fire_exp': 4.623649488375329, 'P_half': 12.808863354047988, 'pre_dampen_half': 703.6426675556048, 'gpp_af': 35.20481045526041, 'gpp_b': 0.10123867001105968, 'gpp_d': 34.37107943937136, 'ign_k': 0.010993789830771867, 'ign_c': 14.810800730363484}.
[I 2026-08-06 00:05:45,266] Trial 1491 finished with values: [10.425531690586727, 10.425531690586727] and parameters: {'k1': 0.005643426708406567, 'D_low': 2.458603276328005, 'k2': 0.0007081721844034209, 'D_high': 85018.70149611714, 'fire_exp': 1.151006986743773, 'P_half': 12.808863354047988, 'pre_dampen_half': 36.876350096203005, 'gpp_af': 35.20481045526041, 'gpp_b': 2.7744070810402452, 'gpp_d': 34.37107943937136, 'ign_k': 5.9736167866478125, 'ign_c': 14.810800730363484}.
[I 2026-08-06 00:05:46,199] Trial 1492 finished with values: [10.442223640805565, 10.442223640805565] and parameters: {'k1': 0.016973078532467004, 'D_low': 70.18267183720735, 'k2': 0.00038791280730284417, 'D_high': 85018.70149611714, 'fire_exp': 1.151006986743773, 'P_half': 39.03214299767183, 'pre_dampen_half': 703.6426675556048, 'gpp_af': 35.20481045526041, 'gpp_b': 0.7987896438549947, 'gpp_d': 4.5768578731086835, 'ign_k': 0.4702627143647234, 'ign_c': 14.810800730363484}.
[I 2026-08-06 00:05:47,134] Trial 1493 finished with values: [10.374418200488213, 10.374418200488213] and parameters: {'k1': 0.004818692882815972, 'D_low': 4.051452710153359, 'k2': 0.0007081721844034209, 'D_high': 85018.70149611714, 'fire_exp': 3.634466171907605, 'P_half': 12.808863354047988, 'pre_dampen_half': 703.6426675556048, 'gpp_af': 35.20481045526041, 'gpp_b': 0.10123867001105968, 'gpp_d': 34.37107943937136, 'ign_k': 0.9614686563869651, 'ign_c': 14.810800730363484}.
[I 2026-08-06 00:05:48,067] Trial 1494 finished with values: [10.765416026580246, 10.765416026580246] and parameters: {'k1': 0.016973078532467004, 'D_low': 174.83983085324363, 'k2': 0.0007081721844034209, 'D_high': 85018.70149611714, 'fire_exp': 1.2943117749495199, 'P_half': 39.03214299767183, 'pre_dampen_half': 703.6426675556048, 'gpp_af': 35.20481045526041, 'gpp_b': 0.7987896438549947, 'gpp_d': 0.03588784215299428, 'ign_k': 0.9614686563869651, 'ign_c': 0.11433485956638717}.
[I 2026-08-06 00:05:48,967] Trial 1495 finished with values: [10.001113949122308, 10.001113949122308] and parameters: {'k1': 0.015602015889668856, 'D_low': 4.051452710153359, 'k2': 0.0007081721844034209, 'D_high': 25261.796445828073, 'fire_exp': 1.151006986743773, 'P_half': 39.03214299767183, 'pre_dampen_half': 703.6426675556048, 'gpp_af': 35.20481045526041, 'gpp_b': 0.004812084698458953, 'gpp_d': 2.0035092691103578, 'ign_k': 0.4702627143647234, 'ign_c': 14.810800730363484}.
[I 2026-08-06 00:05:49,916] Trial 1496 finished with values: [10.099137506198957, 10.099137506198957] and parameters: {'k1': 0.016973078532467004, 'D_low': 65.69152413762717, 'k2': 0.034987345440353576, 'D_high': 28724.62965685646, 'fire_exp': 1.151006986743773, 'P_half': 12.808863354047988, 'pre_dampen_half': 703.6426675556048, 'gpp_af': 0.5410546089881338, 'gpp_b': 0.7987896438549947, 'gpp_d': 4.5768578731086835, 'ign_k': 5.9736167866478125, 'ign_c': 3.3235498402793757}.
[I 2026-08-06 00:05:50,849] Trial 1497 finished with values: [-0.5763567621753448, 0.05953591907133182] and parameters: {'k1': 0.016973078532467004, 'D_low': 312.92286563608616, 'k2': 0.0499774937030317, 'D_high': 80760.9304904705, 'fire_exp': 1.5201277403788451, 'P_half': 39.03214299767183, 'pre_dampen_half': 339.40346662065144, 'gpp_af': 11.234842109991876, 'gpp_b': 0.10123867001105968, 'gpp_d': 4.5768578731086835, 'ign_k': 5.9736167866478125, 'ign_c': 0.11433485956638717}.
[I 2026-08-06 00:05:51,798] Trial 1498 finished with values: [10.484640789706251, 10.484640789706251] and parameters: {'k1': 0.016973078532467004, 'D_low': 4.051452710153359, 'k2': 0.00016688483049782368, 'D_high': 27.725690651664003, 'fire_exp': 1.5201277403788451, 'P_half': 10.826381820576978, 'pre_dampen_half': 703.6426675556048, 'gpp_af': 35.20481045526041, 'gpp_b': 0.10123867001105968, 'gpp_d': 1.2964093110665396, 'ign_k': 0.9614686563869651, 'ign_c': 0.11433485956638717}.
