[I 2026-06-09 12:23:04,466] Trial 1053 finished with values: [10.047092220356642, 10.047092220356642] and parameters: {'k1': 0.007519407491506672, 'D_low': 2.3244932709566686, 'k2': 1.5412172709801895e-05, 'D_high': 35293.89593576791, 'fire_exp': 1.608176525358426, 'P_half': 383.0392255273741, 'pre_dampen_half': 673.2248920775328, 'gpp_af': 0.5107061330406066, 'gpp_b': 1.7213644875359617e-05, 'gpp_d': 1.6983565276584263, 'ign_k': 0.5456725485601477, 'ign_c': 0.20319809838424974, 'trop_agb_crit': 1.259515631748535, 'trop_k_veg': 1.1517712915946832}.
[I 2026-06-09 12:23:05,615] Trial 1054 finished with values: [-0.4972840138192273, 0.23306098725139734] and parameters: {'k1': 0.01549659926581634, 'D_low': 13.180029267201178, 'k2': 0.0005700142105246941, 'D_high': 3512.7047262708465, 'fire_exp': 1.060109541566103, 'P_half': 818.2111518618419, 'pre_dampen_half': 566.2858823465564, 'gpp_af': 0.0018077112775902943, 'gpp_b': 0.002262927522655115, 'gpp_d': 99.3234953243749, 'ign_k': 0.3242143344038317, 'ign_c': 1.0022396791143333, 'trop_agb_crit': 19.51558406059598, 'trop_k_veg': 5.06204715641377}.
[I 2026-06-09 12:23:06,751] Trial 1055 finished with values: [12.23540720270205, 12.23540720270205] and parameters: {'k1': 0.01549659926581634, 'D_low': 1.254144753902608, 'k2': 0.0005700142105246941, 'D_high': 14268.845807630427, 'fire_exp': 2.10707132280748, 'P_half': 1.4045842344024697, 'pre_dampen_half': 340.6909167027263, 'gpp_af': 1.3218737536384089, 'gpp_b': 0.002262927522655115, 'gpp_d': 26.003623362924223, 'ign_k': 0.3242143344038317, 'ign_c': 1.391961287132517, 'trop_agb_crit': 2.6695352180079177, 'trop_k_veg': 4.51930447316402}.
[I 2026-06-09 12:23:07,926] Trial 1056 finished with values: [10.282092058150198, 10.282092058150198] and parameters: {'k1': 0.015161591075671724, 'D_low': 1.254144753902608, 'k2': 0.0005700142105246941, 'D_high': 39655.03094323017, 'fire_exp': 2.10707132280748, 'P_half': 1.4045842344024697, 'pre_dampen_half': 566.2858823465564, 'gpp_af': 0.01942738928156656, 'gpp_b': 2.036444166653217e-05, 'gpp_d': 26.003623362924223, 'ign_k': 0.004224235973517089, 'ign_c': 1.0022396791143333, 'trop_agb_crit': 8.404607864475192, 'trop_k_veg': 5.06204715641377}.
[I 2026-06-09 12:23:09,061] Trial 1057 finished with values: [10.556352073443943, 10.556352073443943] and parameters: {'k1': 0.01549659926581634, 'D_low': 115.44738876452311, 'k2': 1.5412172709801895e-05, 'D_high': 39655.03094323017, 'fire_exp': 2.4902446681314054, 'P_half': 50.32059347286801, 'pre_dampen_half': 340.6909167027263, 'gpp_af': 12.01530210349995, 'gpp_b': 0.0028993292583566945, 'gpp_d': 1.6983565276584263, 'ign_k': 0.5456725485601477, 'ign_c': 0.20319809838424974, 'trop_agb_crit': 2.6695352180079177, 'trop_k_veg': 1.8981057964668895}.
[I 2026-06-09 12:23:10,383] Trial 1058 finished with values: [10.29278584563531, 10.29278584563531] and parameters: {'k1': 1.263794633808287e-05, 'D_low': 125.32726386250698, 'k2': 0.0005700142105246941, 'D_high': 39655.03094323017, 'fire_exp': 1.608176525358426, 'P_half': 1.4045842344024697, 'pre_dampen_half': 673.2248920775328, 'gpp_af': 0.13767835510755025, 'gpp_b': 0.0028993292583566945, 'gpp_d': 1.6983565276584263, 'ign_k': 0.4303356629825978, 'ign_c': 18.43395662181926, 'trop_agb_crit': 1.259515631748535, 'trop_k_veg': 1.1517712915946832}.
[I 2026-06-09 12:23:11,729] Trial 1059 finished with values: [10.194905617267677, 10.194905617267677] and parameters: {'k1': 0.01549659926581634, 'D_low': 35.02761367842313, 'k2': 0.0009749762207436118, 'D_high': 39655.03094323017, 'fire_exp': 1.4408046627835394, 'P_half': 50.32059347286801, 'pre_dampen_half': 340.6909167027263, 'gpp_af': 4.861668997351737, 'gpp_b': 1.4730584448236093, 'gpp_d': 26.003623362924223, 'ign_k': 3.1536006085184716, 'ign_c': 0.20319809838424974, 'trop_agb_crit': 1.259515631748535, 'trop_k_veg': 1.1517712915946832}.
[I 2026-06-09 12:23:12,958] Trial 1060 finished with values: [10.072977171186272, 10.072977171186272] and parameters: {'k1': 0.007519407491506672, 'D_low': 115.44738876452311, 'k2': 0.0005700142105246941, 'D_high': 39655.03094323017, 'fire_exp': 2.4902446681314054, 'P_half': 1.4045842344024697, 'pre_dampen_half': 340.6909167027263, 'gpp_af': 17.083297083173804, 'gpp_b': 0.0028993292583566945, 'gpp_d': 26.003623362924223, 'ign_k': 3.1536006085184716, 'ign_c': 21.132597710340573, 'trop_agb_crit': 1.259515631748535, 'trop_k_veg': 1.1517712915946832}.
[I 2026-06-09 12:23:14,085] Trial 1061 finished with values: [10.889786436880657, 10.889786436880657] and parameters: {'k1': 5.105542986365652e-05, 'D_low': 125.32726386250698, 'k2': 8.488887549001697e-05, 'D_high': 39655.03094323017, 'fire_exp': 8.297103997182807, 'P_half': 28.647019533509873, 'pre_dampen_half': 673.2248920775328, 'gpp_af': 21.258647437649888, 'gpp_b': 1.7213644875359617e-05, 'gpp_d': 500.2195003344709, 'ign_k': 0.3242143344038317, 'ign_c': 18.43395662181926, 'trop_agb_crit': 1.5144860262751405, 'trop_k_veg': 4.8737397608275925}.
[I 2026-06-09 12:23:15,574] Trial 1062 finished with values: [10.308355708944575, 10.308355708944575] and parameters: {'k1': 0.015161591075671724, 'D_low': 35.02761367842313, 'k2': 0.0005700142105246941, 'D_high': 39655.03094323017, 'fire_exp': 2.10707132280748, 'P_half': 10.208550480923067, 'pre_dampen_half': 340.6909167027263, 'gpp_af': 0.01942738928156656, 'gpp_b': 0.00977702299083608, 'gpp_d': 26.003623362924223, 'ign_k': 3.1536006085184716, 'ign_c': 1.8836925134820866, 'trop_agb_crit': 19.51558406059598, 'trop_k_veg': 4.51930447316402}.
[I 2026-06-09 12:23:16,749] Trial 1063 finished with values: [10.262661957827085, 10.262661957827085] and parameters: {'k1': 0.01549659926581634, 'D_low': 2.3244932709566686, 'k2': 0.06994589881535453, 'D_high': 39655.03094323017, 'fire_exp': 2.10707132280748, 'P_half': 1.4045842344024697, 'pre_dampen_half': 340.6909167027263, 'gpp_af': 0.01942738928156656, 'gpp_b': 0.0006809980431188124, 'gpp_d': 26.003623362924223, 'ign_k': 1.0475330041760889, 'ign_c': 21.132597710340573, 'trop_agb_crit': 19.51558406059598, 'trop_k_veg': 1.8981057964668895}.
[I 2026-06-09 12:23:17,993] Trial 1064 finished with values: [11.762447892173949, 11.762447892173949] and parameters: {'k1': 0.007519407491506672, 'D_low': 125.32726386250698, 'k2': 0.06994589881535453, 'D_high': 69868.4759244566, 'fire_exp': 2.4902446681314054, 'P_half': 28.647019533509873, 'pre_dampen_half': 269.0845367054866, 'gpp_af': 21.258647437649888, 'gpp_b': 1.7213644875359617e-05, 'gpp_d': 500.2195003344709, 'ign_k': 0.5456725485601477, 'ign_c': 0.20319809838424974, 'trop_agb_crit': 1.5144860262751405, 'trop_k_veg': 1.1517712915946832}.
[I 2026-06-09 12:23:19,240] Trial 1065 finished with values: [10.892857142659844, 10.892857142659844] and parameters: {'k1': 5.105542986365652e-05, 'D_low': 125.32726386250698, 'k2': 8.488887549001697e-05, 'D_high': 695.2772018502055, 'fire_exp': 1.608176525358426, 'P_half': 28.647019533509873, 'pre_dampen_half': 673.2248920775328, 'gpp_af': 21.258647437649888, 'gpp_b': 1.7213644875359617e-05, 'gpp_d': 500.2195003344709, 'ign_k': 0.3242143344038317, 'ign_c': 233.34269612839574, 'trop_agb_crit': 1.5144860262751405, 'trop_k_veg': 4.8737397608275925}.
[I 2026-06-09 12:23:20,426] Trial 1066 finished with values: [-0.4973884364789979, 0.25676120706271566] and parameters: {'k1': 0.0030219760889797966, 'D_low': 820.2811066259796, 'k2': 0.037633129263701104, 'D_high': 12758.2111645901, 'fire_exp': 1.608176525358426, 'P_half': 17.655835392092534, 'pre_dampen_half': 566.2858823465564, 'gpp_af': 1.3218737536384089, 'gpp_b': 2.036444166653217e-05, 'gpp_d': 26.003623362924223, 'ign_k': 0.3242143344038317, 'ign_c': 21.132597710340573, 'trop_agb_crit': 19.51558406059598, 'trop_k_veg': 4.8737397608275925}.
[I 2026-06-09 12:23:21,665] Trial 1067 finished with values: [10.307953735089606, 10.307953735089606] and parameters: {'k1': 0.007519407491506672, 'D_low': 35.02761367842313, 'k2': 0.0009749762207436118, 'D_high': 39655.03094323017, 'fire_exp': 2.10707132280748, 'P_half': 1.4045842344024697, 'pre_dampen_half': 17.849597677210657, 'gpp_af': 0.13767835510755025, 'gpp_b': 0.002262927522655115, 'gpp_d': 1.6983565276584263, 'ign_k': 0.3242143344038317, 'ign_c': 0.20319809838424974, 'trop_agb_crit': 1.259515631748535, 'trop_k_veg': 1.1517712915946832}.
[I 2026-06-09 12:23:22,928] Trial 1068 finished with values: [10.498325649311091, 10.498325649311091] and parameters: {'k1': 5.105542986365652e-05, 'D_low': 125.32726386250698, 'k2': 0.004213542227595512, 'D_high': 14268.845807630427, 'fire_exp': 2.10707132280748, 'P_half': 149.35213816355395, 'pre_dampen_half': 673.2248920775328, 'gpp_af': 16.66423623820547, 'gpp_b': 0.002262927522655115, 'gpp_d': 500.2195003344709, 'ign_k': 0.3242143344038317, 'ign_c': 18.43395662181926, 'trop_agb_crit': 1.5144860262751405, 'trop_k_veg': 1.8981057964668895}.
[I 2026-06-09 12:23:24,231] Trial 1069 finished with values: [-0.5243869131438903, 0.23194233275802312] and parameters: {'k1': 1.263794633808287e-05, 'D_low': 125.32726386250698, 'k2': 0.0676863566564884, 'D_high': 39655.03094323017, 'fire_exp': 1.608176525358426, 'P_half': 28.647019533509873, 'pre_dampen_half': 673.2248920775328, 'gpp_af': 21.258647437649888, 'gpp_b': 1.7213644875359617e-05, 'gpp_d': 500.2195003344709, 'ign_k': 0.3242143344038317, 'ign_c': 18.43395662181926, 'trop_agb_crit': 1.5144860262751405, 'trop_k_veg': 4.8737397608275925}.
[I 2026-06-09 12:23:25,488] Trial 1070 finished with values: [10.427737566139122, 10.427737566139122] and parameters: {'k1': 1.263794633808287e-05, 'D_low': 125.32726386250698, 'k2': 0.06994589881535453, 'D_high': 23341.737328466752, 'fire_exp': 2.10707132280748, 'P_half': 28.647019533509873, 'pre_dampen_half': 566.2858823465564, 'gpp_af': 0.01942738928156656, 'gpp_b': 0.002262927522655115, 'gpp_d': 500.2195003344709, 'ign_k': 0.3242143344038317, 'ign_c': 18.43395662181926, 'trop_agb_crit': 19.51558406059598, 'trop_k_veg': 4.8737397608275925}.
[I 2026-06-09 12:23:26,667] Trial 1071 finished with values: [10.021778693559122, 10.021778693559122] and parameters: {'k1': 0.01549659926581634, 'D_low': 102.53722513378383, 'k2': 0.0005700142105246941, 'D_high': 39655.03094323017, 'fire_exp': 2.10707132280748, 'P_half': 50.32059347286801, 'pre_dampen_half': 340.6909167027263, 'gpp_af': 1.3218737536384089, 'gpp_b': 0.00977702299083608, 'gpp_d': 1.2434469102435366, 'ign_k': 3.1536006085184716, 'ign_c': 0.5125250278169615, 'trop_agb_crit': 19.51558406059598, 'trop_k_veg': 1.8981057964668895}.
[I 2026-06-09 12:23:27,840] Trial 1072 finished with values: [10.030314989939736, 10.030314989939736] and parameters: {'k1': 0.00515305301141249, 'D_low': 151.39365555347075, 'k2': 1.5412172709801895e-05, 'D_high': 14268.845807630427, 'fire_exp': 1.608176525358426, 'P_half': 1.4045842344024697, 'pre_dampen_half': 566.2858823465564, 'gpp_af': 0.01942738928156656, 'gpp_b': 0.002262927522655115, 'gpp_d': 838.2020094010369, 'ign_k': 0.3242143344038317, 'ign_c': 0.20319809838424974, 'trop_agb_crit': 19.51558406059598, 'trop_k_veg': 4.51930447316402}.
[I 2026-06-09 12:23:28,993] Trial 1073 finished with values: [-0.5123982716811007, 0.33905600925657187] and parameters: {'k1': 0.01549659926581634, 'D_low': 125.32726386250698, 'k2': 0.06994589881535453, 'D_high': 39655.03094323017, 'fire_exp': 2.10707132280748, 'P_half': 1.4045842344024697, 'pre_dampen_half': 566.2858823465564, 'gpp_af': 48.393732009256986, 'gpp_b': 0.002262927522655115, 'gpp_d': 26.003623362924223, 'ign_k': 0.3242143344038317, 'ign_c': 21.132597710340573, 'trop_agb_crit': 19.51558406059598, 'trop_k_veg': 4.51930447316402}.
[I 2026-06-09 12:23:30,162] Trial 1074 finished with values: [10.48695617193906, 10.48695617193906] and parameters: {'k1': 1.263794633808287e-05, 'D_low': 125.32726386250698, 'k2': 8.488887549001697e-05, 'D_high': 39655.03094323017, 'fire_exp': 1.608176525358426, 'P_half': 28.647019533509873, 'pre_dampen_half': 151.32148777056312, 'gpp_af': 0.32613327839065587, 'gpp_b': 0.0028993292583566945, 'gpp_d': 1.6983565276584263, 'ign_k': 0.3242143344038317, 'ign_c': 18.43395662181926, 'trop_agb_crit': 2.064341235744835, 'trop_k_veg': 5.06204715641377}.
[I 2026-06-09 12:23:31,408] Trial 1075 finished with values: [10.892234672849092, 10.892234672849092] and parameters: {'k1': 0.015161591075671724, 'D_low': 35.02761367842313, 'k2': 0.0005700142105246941, 'D_high': 3512.7047262708465, 'fire_exp': 8.657411615794171, 'P_half': 1.4883152891273632, 'pre_dampen_half': 151.32148777056312, 'gpp_af': 0.13767835510755025, 'gpp_b': 3.686869490609954e-05, 'gpp_d': 26.003623362924223, 'ign_k': 0.0019264360371306567, 'ign_c': 1.0022396791143333, 'trop_agb_crit': 8.404607864475192, 'trop_k_veg': 5.06204715641377}.
[I 2026-06-09 12:23:32,723] Trial 1076 finished with values: [10.826790899170437, 10.826790899170437] and parameters: {'k1': 0.007519407491506672, 'D_low': 35.02761367842313, 'k2': 0.0009749762207436118, 'D_high': 39655.03094323017, 'fire_exp': 2.4902446681314054, 'P_half': 1.4045842344024697, 'pre_dampen_half': 673.2248920775328, 'gpp_af': 0.13767835510755025, 'gpp_b': 0.0028993292583566945, 'gpp_d': 1.6983565276584263, 'ign_k': 0.5456725485601477, 'ign_c': 0.20319809838424974, 'trop_agb_crit': 1.259515631748535, 'trop_k_veg': 1.1517712915946832}.
[I 2026-06-09 12:23:33,900] Trial 1077 finished with values: [11.09599340825767, 11.09599340825767] and parameters: {'k1': 0.01549659926581634, 'D_low': 115.44738876452311, 'k2': 0.0005700142105246941, 'D_high': 39655.03094323017, 'fire_exp': 1.608176525358426, 'P_half': 28.647019533509873, 'pre_dampen_half': 269.0845367054866, 'gpp_af': 21.258647437649888, 'gpp_b': 1.7213644875359617e-05, 'gpp_d': 500.2195003344709, 'ign_k': 0.4303356629825978, 'ign_c': 18.43395662181926, 'trop_agb_crit': 2.6695352180079177, 'trop_k_veg': 1.8981057964668895}.
[I 2026-06-09 12:23:35,033] Trial 1078 finished with values: [10.866387374598931, 10.866387374598931] and parameters: {'k1': 0.01549659926581634, 'D_low': 1.254144753902608, 'k2': 0.0005700142105246941, 'D_high': 20424.506990274727, 'fire_exp': 2.10707132280748, 'P_half': 1.4045842344024697, 'pre_dampen_half': 0.06669205177379639, 'gpp_af': 0.01942738928156656, 'gpp_b': 0.002262927522655115, 'gpp_d': 26.003623362924223, 'ign_k': 0.3242143344038317, 'ign_c': 21.132597710340573, 'trop_agb_crit': 12.123761779314275, 'trop_k_veg': 1.8981057964668895}.
[I 2026-06-09 12:23:36,575] Trial 1079 finished with values: [10.323496997393553, 10.323496997393553] and parameters: {'k1': 0.0030219760889797966, 'D_low': 115.44738876452311, 'k2': 0.037633129263701104, 'D_high': 14268.845807630427, 'fire_exp': 3.411597492629774, 'P_half': 50.32059347286801, 'pre_dampen_half': 566.2858823465564, 'gpp_af': 4.861668997351737, 'gpp_b': 0.00977702299083608, 'gpp_d': 26.003623362924223, 'ign_k': 3.1536006085184716, 'ign_c': 21.132597710340573, 'trop_agb_crit': 2.6695352180079177, 'trop_k_veg': 4.8737397608275925}.
[I 2026-06-09 12:23:37,753] Trial 1080 finished with values: [10.27973699674108, 10.27973699674108] and parameters: {'k1': 3.364457865463592e-05, 'D_low': 125.32726386250698, 'k2': 8.488887549001697e-05, 'D_high': 39655.03094323017, 'fire_exp': 1.608176525358426, 'P_half': 28.647019533509873, 'pre_dampen_half': 566.2858823465564, 'gpp_af': 48.393732009256986, 'gpp_b': 1.7213644875359617e-05, 'gpp_d': 26.003623362924223, 'ign_k': 0.3242143344038317, 'ign_c': 18.43395662181926, 'trop_agb_crit': 11.813004122914103, 'trop_k_veg': 4.8737397608275925}.
[I 2026-06-09 12:23:39,115] Trial 1081 finished with values: [10.54583982168624, 10.54583982168624] and parameters: {'k1': 0.01549659926581634, 'D_low': 1866.9871096222266, 'k2': 0.037633129263701104, 'D_high': 14268.845807630427, 'fire_exp': 2.10707132280748, 'P_half': 50.32059347286801, 'pre_dampen_half': 340.6909167027263, 'gpp_af': 1.3218737536384089, 'gpp_b': 0.002262927522655115, 'gpp_d': 26.003623362924223, 'ign_k': 3.1536006085184716, 'ign_c': 21.132597710340573, 'trop_agb_crit': 19.51558406059598, 'trop_k_veg': 1.8981057964668895}.
[I 2026-06-09 12:23:40,350] Trial 1082 finished with values: [-0.5726549496731533, 0.08828631112938246] and parameters: {'k1': 0.01549659926581634, 'D_low': 13.180029267201178, 'k2': 0.06994589881535453, 'D_high': 14268.845807630427, 'fire_exp': 2.10707132280748, 'P_half': 149.35213816355395, 'pre_dampen_half': 566.2858823465564, 'gpp_af': 1.3218737536384089, 'gpp_b': 0.002262927522655115, 'gpp_d': 99.3234953243749, 'ign_k': 0.3242143344038317, 'ign_c': 21.132597710340573, 'trop_agb_crit': 19.51558406059598, 'trop_k_veg': 4.51930447316402}.
[I 2026-06-09 12:23:41,530] Trial 1083 finished with values: [-0.5166263331593589, 0.19758320775010374] and parameters: {'k1': 0.007519407491506672, 'D_low': 7.145711288893932, 'k2': 1.5412172709801895e-05, 'D_high': 69868.4759244566, 'fire_exp': 2.10707132280748, 'P_half': 50.32059347286801, 'pre_dampen_half': 340.6909167027263, 'gpp_af': 0.5107061330406066, 'gpp_b': 0.0028993292583566945, 'gpp_d': 1.6983565276584263, 'ign_k': 3.1536006085184716, 'ign_c': 0.20319809838424974, 'trop_agb_crit': 1.259515631748535, 'trop_k_veg': 2.0327189701599173}.
[I 2026-06-09 12:23:42,759] Trial 1084 finished with values: [10.44849588849542, 10.44849588849542] and parameters: {'k1': 0.007519407491506672, 'D_low': 115.44738876452311, 'k2': 0.06994589881535453, 'D_high': 69868.4759244566, 'fire_exp': 2.10707132280748, 'P_half': 108.21382910613987, 'pre_dampen_half': 340.6909167027263, 'gpp_af': 0.5107061330406066, 'gpp_b': 0.0028993292583566945, 'gpp_d': 26.003623362924223, 'ign_k': 3.1536006085184716, 'ign_c': 0.20319809838424974, 'trop_agb_crit': 1.259515631748535, 'trop_k_veg': 1.1517712915946832}.
[I 2026-06-09 12:23:43,989] Trial 1085 finished with values: [10.880214998414559, 10.880214998414559] and parameters: {'k1': 0.05832560268546887, 'D_low': 2305.7494411285825, 'k2': 0.06994589881535453, 'D_high': 20424.506990274727, 'fire_exp': 2.10707132280748, 'P_half': 1.4045842344024697, 'pre_dampen_half': 11.164047352793695, 'gpp_af': 0.01942738928156656, 'gpp_b': 0.002262927522655115, 'gpp_d': 26.003623362924223, 'ign_k': 0.0019264360371306567, 'ign_c': 85.35052150482585, 'trop_agb_crit': 6.32339194002794, 'trop_k_veg': 4.51930447316402}.
[I 2026-06-09 12:23:45,240] Trial 1086 finished with values: [10.550195712693224, 10.550195712693224] and parameters: {'k1': 0.01549659926581634, 'D_low': 68.8314745893381, 'k2': 0.013805946158117076, 'D_high': 3512.7047262708465, 'fire_exp': 2.10707132280748, 'P_half': 818.2111518618419, 'pre_dampen_half': 566.2858823465564, 'gpp_af': 1.3218737536384089, 'gpp_b': 0.002262927522655115, 'gpp_d': 288.68448554985713, 'ign_k': 0.3242143344038317, 'ign_c': 21.132597710340573, 'trop_agb_crit': 19.51558406059598, 'trop_k_veg': 1.8981057964668895}.
[I 2026-06-09 12:23:46,570] Trial 1087 finished with values: [10.045834967080527, 10.045834967080527] and parameters: {'k1': 0.01549659926581634, 'D_low': 115.44738876452311, 'k2': 0.013805946158117076, 'D_high': 39655.03094323017, 'fire_exp': 2.10707132280748, 'P_half': 149.35213816355395, 'pre_dampen_half': 566.2858823465564, 'gpp_af': 0.8948257071260668, 'gpp_b': 0.002262927522655115, 'gpp_d': 26.003623362924223, 'ign_k': 0.3242143344038317, 'ign_c': 21.132597710340573, 'trop_agb_crit': 19.51558406059598, 'trop_k_veg': 2.046902221183337}.
[I 2026-06-09 12:23:47,866] Trial 1088 finished with values: [10.809491689429755, 10.809491689429755] and parameters: {'k1': 0.0030219760889797966, 'D_low': 35.02761367842313, 'k2': 0.037633129263701104, 'D_high': 154.95079374286178, 'fire_exp': 1.4408046627835394, 'P_half': 1.4045842344024697, 'pre_dampen_half': 11.164047352793695, 'gpp_af': 0.13767835510755025, 'gpp_b': 0.0028993292583566945, 'gpp_d': 7.070472286699648, 'ign_k': 3.1536006085184716, 'ign_c': 0.9083381663660584, 'trop_agb_crit': 2.6695352180079177, 'trop_k_veg': 1.1517712915946832}.
[I 2026-06-09 12:23:49,040] Trial 1089 finished with values: [10.85799136542555, 10.85799136542555] and parameters: {'k1': 1.263794633808287e-05, 'D_low': 1.254144753902608, 'k2': 0.06994589881535453, 'D_high': 23341.737328466752, 'fire_exp': 2.10707132280748, 'P_half': 1.4045842344024697, 'pre_dampen_half': 6.685131651092355, 'gpp_af': 0.01942738928156656, 'gpp_b': 0.002262927522655115, 'gpp_d': 26.003623362924223, 'ign_k': 0.4303356629825978, 'ign_c': 21.132597710340573, 'trop_agb_crit': 1.5144860262751405, 'trop_k_veg': 4.51930447316402}.
[I 2026-06-09 12:23:50,213] Trial 1090 finished with values: [10.892857142659844, 10.892857142659844] and parameters: {'k1': 0.028261051090193647, 'D_low': 2.3244932709566686, 'k2': 0.037633129263701104, 'D_high': 5695.622647004591, 'fire_exp': 2.4902446681314054, 'P_half': 1.4045842344024697, 'pre_dampen_half': 566.2858823465564, 'gpp_af': 0.5107061330406066, 'gpp_b': 0.002262927522655115, 'gpp_d': 1.6983565276584263, 'ign_k': 0.3242143344038317, 'ign_c': 311.38068051213736, 'trop_agb_crit': 1.259515631748535, 'trop_k_veg': 2.91837528313531}.
[I 2026-06-09 12:23:51,368] Trial 1091 finished with values: [11.712233199508548, 11.712233199508548] and parameters: {'k1': 0.011078632295006514, 'D_low': 9.178481720510277, 'k2': 0.06994589881535453, 'D_high': 14268.845807630427, 'fire_exp': 2.10707132280748, 'P_half': 1.4045842344024697, 'pre_dampen_half': 566.2858823465564, 'gpp_af': 0.006314779272413356, 'gpp_b': 0.00015304633681488832, 'gpp_d': 26.003623362924223, 'ign_k': 0.3242143344038317, 'ign_c': 7.018267183720731, 'trop_agb_crit': 19.51558406059598, 'trop_k_veg': 1.8981057964668895}.
