[I 2026-08-19 17:18:56,792] Trial 753 finished with value: 0.643535292495247 and parameters: {'k1': 0.0018734026717783384, 'D_low': 563660.5999576694, 'k2': 2.8290717975494374e-05, 'D_high': 3768038.1441807337, 'fire_exp': 2.126978910266412, 'P_half': 630.4626609261204, 'pre_dampen_half': 8.958047151683994, 'gpp_af': 0.006482899565848296, 'gpp_b': 5.017659500482788e-05, 'gpp_d': 6.012296323039631, 'ign_k': 0.03575429978207416, 'ign_c': 14.342377018773673, 'trop_agb_crit': 16.041060552580777, 'trop_k_veg': 5.753874570047942, 'pop_amp': 10.872622247587728, 'pop_peak': 0.8502927827581179, 'pop_sig': 1.1239480375116657, 'fuel_k': 1.3954570838984008, 'fuel_half': 0.39920194809466053}. Best is trial 0 with value: -0.6094076133578652.
[I 2026-08-19 17:18:59,048] Trial 754 finished with value: 0.5795068204056708 and parameters: {'k1': 1.2669301248278776e-05, 'D_low': 308313.8724721304, 'k2': 1.2378400956930478e-05, 'D_high': 2831415.6556596207, 'fire_exp': 1.133989774316804, 'P_half': 269.845456979974, 'pre_dampen_half': 3.0897573666182527, 'gpp_af': 0.0880342677040285, 'gpp_b': 0.0016362222241721421, 'gpp_d': 22.22377247983181, 'ign_k': 0.0029392304069006964, 'ign_c': 14.756022873665946, 'trop_agb_crit': 3.312069408721685, 'trop_k_veg': 4.485022237641557, 'pop_amp': 0.43751496885048335, 'pop_peak': 19.30335136477167, 'pop_sig': 0.6193852240609368, 'fuel_k': 0.19269017902347893, 'fuel_half': 0.39479162178974775}. Best is trial 0 with value: -0.6094076133578652.
[I 2026-08-19 17:19:00,697] Trial 755 finished with value: 0.5077178970264191 and parameters: {'k1': 0.0002341590376628104, 'D_low': 7.931946767624664, 'k2': 0.00011971658329266614, 'D_high': 402930.577130974, 'fire_exp': 6.05546270285344, 'P_half': 19.547813822276233, 'pre_dampen_half': 2.5628369311837784, 'gpp_af': 0.38759874491726026, 'gpp_b': 0.00018459047020224147, 'gpp_d': 1.0437657429167577, 'ign_k': 2.231858294368511, 'ign_c': 14.901757591001038, 'trop_agb_crit': 10.894227052116745, 'trop_k_veg': 4.357850156345622, 'pop_amp': 0.0637254319322435, 'pop_peak': 417.3859342005814, 'pop_sig': 0.7070888262985889, 'fuel_k': 0.6108755465674143, 'fuel_half': 0.7023657789148069}. Best is trial 0 with value: -0.6094076133578652.
  trial  756/2500  best_overall=0.6094  (20.6 min)
[I 2026-08-19 17:19:02,521] Trial 756 finished with value: -0.47671070523339915 and parameters: {'k1': 2.231015827737095e-05, 'D_low': 19305.32701998323, 'k2': 1.0181897392907398e-05, 'D_high': 45223.49177630202, 'fire_exp': 1.057012755552766, 'P_half': 4.028277696321622, 'pre_dampen_half': 19.182161186601714, 'gpp_af': 0.035442393019985634, 'gpp_b': 0.11328675375764394, 'gpp_d': 144.487805203752, 'ign_k': 0.03243034251848162, 'ign_c': 2.818650140370046, 'trop_agb_crit': 11.306928141781949, 'trop_k_veg': 5.667884311794428, 'pop_amp': 0.33413858772753185, 'pop_peak': 9.940191677401467, 'pop_sig': 0.9290571777122331, 'fuel_k': 3.413933396695203, 'fuel_half': 0.1229425898281709}. Best is trial 0 with value: -0.6094076133578652.
[I 2026-08-19 17:19:04,141] Trial 757 finished with value: 0.4277425944088795 and parameters: {'k1': 0.006683214064224717, 'D_low': 2496.01282258884, 'k2': 0.006855540182240535, 'D_high': 531303.5799721894, 'fire_exp': 1.6628076402617087, 'P_half': 28.453245232018435, 'pre_dampen_half': 35.43820535173579, 'gpp_af': 0.17978610118803406, 'gpp_b': 0.014516106343929166, 'gpp_d': 18.1111852329451, 'ign_k': 0.34568459768179954, 'ign_c': 0.5602450506398221, 'trop_agb_crit': 8.179367179502522, 'trop_k_veg': 1.2899865223104845, 'pop_amp': 0.018009252337838913, 'pop_peak': 1.1047650709279249, 'pop_sig': 1.8581487655649611, 'fuel_k': 0.01044491500906837, 'fuel_half': 1.2399491852330464}. Best is trial 0 with value: -0.6094076133578652.
[I 2026-08-19 17:19:05,783] Trial 758 finished with value: 0.40814371516274117 and parameters: {'k1': 7.537163683570537e-05, 'D_low': 8511.566232992769, 'k2': 0.00030181705790228454, 'D_high': 818461.0932041289, 'fire_exp': 1.2812155010957524, 'P_half': 264.28270308095676, 'pre_dampen_half': 0.824749269113652, 'gpp_af': 0.34485548630196877, 'gpp_b': 0.037109261139744935, 'gpp_d': 158.89551396004106, 'ign_k': 0.5578506388849215, 'ign_c': 4.97254603824447, 'trop_agb_crit': 10.137905458039098, 'trop_k_veg': 3.034109339189104, 'pop_amp': 1.2027121114795134, 'pop_peak': 4.710364230648467, 'pop_sig': 0.8379446467742531, 'fuel_k': 2.357856903285423, 'fuel_half': 0.11481767752563916}. Best is trial 0 with value: -0.6094076133578652.
[I 2026-08-19 17:19:07,416] Trial 759 finished with value: 0.5309023809289128 and parameters: {'k1': 0.0002127260703984901, 'D_low': 8595.836413648753, 'k2': 0.0001256483071366522, 'D_high': 1758291.1326936933, 'fire_exp': 2.1539196239985277, 'P_half': 78.39694269916423, 'pre_dampen_half': 1.2345997481935667, 'gpp_af': 0.020660440868867706, 'gpp_b': 0.0009116715559831376, 'gpp_d': 57.41865963384433, 'ign_k': 0.028596550747907824, 'ign_c': 1.7114468581798252, 'trop_agb_crit': 14.637726134361484, 'trop_k_veg': 1.3066589969232036, 'pop_amp': 0.7363925779502584, 'pop_peak': 0.6194167083963229, 'pop_sig': 0.7550585208074639, 'fuel_k': 1.2961570370544013, 'fuel_half': 0.2582455401869849}. Best is trial 0 with value: -0.6094076133578652.
[I 2026-08-19 17:19:09,015] Trial 760 finished with value: 0.5863561273002523 and parameters: {'k1': 1.6735574467939542e-05, 'D_low': 161904.10673003414, 'k2': 0.000557443056054995, 'D_high': 109143.2611077811, 'fire_exp': 1.5442089942655013, 'P_half': 166.4205243214143, 'pre_dampen_half': 0.022227485082647054, 'gpp_af': 0.005270885989107052, 'gpp_b': 0.00025496871137628205, 'gpp_d': 206.88767460272058, 'ign_k': 0.0073862177280008675, 'ign_c': 6.394787922340682, 'trop_agb_crit': 23.82651246694095, 'trop_k_veg': 5.807298290420772, 'pop_amp': 6.338092110462401, 'pop_peak': 572.9121644294577, 'pop_sig': 0.3761945592076092, 'fuel_k': 2.2245607642107412, 'fuel_half': 0.3582008332959119}. Best is trial 0 with value: -0.6094076133578652.
[I 2026-08-19 17:19:10,622] Trial 761 finished with value: -0.5766486913153976 and parameters: {'k1': 2.2940538763914443e-05, 'D_low': 138348.38385878934, 'k2': 0.00015382350503075762, 'D_high': 1691652.7922889688, 'fire_exp': 1.2150408994280626, 'P_half': 101.50306744696182, 'pre_dampen_half': 6.938860017802899, 'gpp_af': 0.5795047553559524, 'gpp_b': 0.0052472789810622915, 'gpp_d': 58.8377998961901, 'ign_k': 0.008714362979131156, 'ign_c': 11.634446025844575, 'trop_agb_crit': 16.481429556650706, 'trop_k_veg': 5.885911992668435, 'pop_amp': 13.598613823774963, 'pop_peak': 39.50083691906899, 'pop_sig': 0.9707907132394591, 'fuel_k': 1.0013666714335985, 'fuel_half': 0.576126364674531}. Best is trial 0 with value: -0.6094076133578652.
[I 2026-08-19 17:19:12,288] Trial 762 finished with value: 0.40882211795779033 and parameters: {'k1': 3.4338094199235444e-05, 'D_low': 8799.715793415402, 'k2': 0.0002001920747607531, 'D_high': 599849.6834591684, 'fire_exp': 1.5465717192878008, 'P_half': 43.04177054771045, 'pre_dampen_half': 2.8154165876613417, 'gpp_af': 0.6359451881594055, 'gpp_b': 0.053754912870160605, 'gpp_d': 73.97659332129224, 'ign_k': 0.01250152510394015, 'ign_c': 6.959084774551262, 'trop_agb_crit': 20.80845605083105, 'trop_k_veg': 6.916730322258361, 'pop_amp': 5.73426099181158, 'pop_peak': 196.2968931313249, 'pop_sig': 1.3063145785320038, 'fuel_k': 0.9595140332789721, 'fuel_half': 1.064054807001778}. Best is trial 0 with value: -0.6094076133578652.
[I 2026-08-19 17:19:13,908] Trial 763 finished with value: 0.6199463394035947 and parameters: {'k1': 0.007657667340932998, 'D_low': 25269.69431678191, 'k2': 0.09507970746180436, 'D_high': 6828760.967770979, 'fire_exp': 6.79845450541649, 'P_half': 244.71283711133648, 'pre_dampen_half': 52.06676866464815, 'gpp_af': 0.02157016243737489, 'gpp_b': 0.011703498312144137, 'gpp_d': 4.993754200244214, 'ign_k': 7.995046099536454, 'ign_c': 2.065499853987117, 'trop_agb_crit': 1.5919076642425316, 'trop_k_veg': 2.717772514866778, 'pop_amp': 0.0014862828567836495, 'pop_peak': 776.1498984260837, 'pop_sig': 0.693733931436941, 'fuel_k': 0.17867479819641768, 'fuel_half': 0.7317773709281475}. Best is trial 0 with value: -0.6094076133578652.
[I 2026-08-19 17:19:15,487] Trial 764 finished with value: 0.5715729570408712 and parameters: {'k1': 0.009412988431411385, 'D_low': 31.16793167831881, 'k2': 0.002184835708840191, 'D_high': 9280130.493757367, 'fire_exp': 4.404769660627282, 'P_half': 331.7769105303557, 'pre_dampen_half': 1.9241085277126568, 'gpp_af': 0.8453711106295558, 'gpp_b': 0.0007904860395577119, 'gpp_d': 1.7792170677877162, 'ign_k': 0.226602724536088, 'ign_c': 16.34619808951195, 'trop_agb_crit': 3.4588740045914355, 'trop_k_veg': 2.5702687695851703, 'pop_amp': 0.005164733008581035, 'pop_peak': 226.6562650535023, 'pop_sig': 0.8003977373617529, 'fuel_k': 0.03429455271686324, 'fuel_half': 0.1705150673743412}. Best is trial 0 with value: -0.6094076133578652.
[I 2026-08-19 17:19:17,065] Trial 765 finished with value: 0.48106089437747845 and parameters: {'k1': 0.0013504131600035297, 'D_low': 373.08331381708564, 'k2': 0.0008179643334855686, 'D_high': 1269805.160916922, 'fire_exp': 1.4598679792680829, 'P_half': 719.9780870584094, 'pre_dampen_half': 1.7663716658779753, 'gpp_af': 0.011035645161766732, 'gpp_b': 0.0007901659476319945, 'gpp_d': 9.722541440522802, 'ign_k': 1.5842195531713728, 'ign_c': 12.575430452936512, 'trop_agb_crit': 17.34048748890073, 'trop_k_veg': 3.069138822280141, 'pop_amp': 0.0011113573512458546, 'pop_peak': 8.9230171299868, 'pop_sig': 0.7080725482656443, 'fuel_k': 0.3831185793889551, 'fuel_half': 0.322306866020658}. Best is trial 0 with value: -0.6094076133578652.
[I 2026-08-19 17:19:18,701] Trial 766 finished with value: 0.5655231310053661 and parameters: {'k1': 2.0678459706887497e-05, 'D_low': 4499.840647360491, 'k2': 0.0001064677444028557, 'D_high': 6508741.955680395, 'fire_exp': 1.1850539994625535, 'P_half': 236.26390818951586, 'pre_dampen_half': 0.4650945233075549, 'gpp_af': 0.017484543160719332, 'gpp_b': 0.08404427437780684, 'gpp_d': 550.5577449737792, 'ign_k': 0.13145805329217827, 'ign_c': 13.077950130326878, 'trop_agb_crit': 15.16252603952179, 'trop_k_veg': 2.1312110854872963, 'pop_amp': 16.714275702968788, 'pop_peak': 670.1250324356108, 'pop_sig': 0.27416607176665125, 'fuel_k': 2.3241797080513162, 'fuel_half': 0.4294738746347029}. Best is trial 0 with value: -0.6094076133578652.
[I 2026-08-19 17:19:20,307] Trial 767 finished with value: 0.5423273046343364 and parameters: {'k1': 0.0001434611013735276, 'D_low': 94643.13401990636, 'k2': 0.00031340758579815426, 'D_high': 6257769.54406654, 'fire_exp': 1.570875235173609, 'P_half': 167.86056181930573, 'pre_dampen_half': 47.56315532509177, 'gpp_af': 1.120695247081983, 'gpp_b': 0.01089008695371527, 'gpp_d': 1.1726846376891218, 'ign_k': 0.0012094103336701995, 'ign_c': 56.36729568153624, 'trop_agb_crit': 15.752263408700307, 'trop_k_veg': 5.053432565272877, 'pop_amp': 6.741343586011221, 'pop_peak': 197.22508080656345, 'pop_sig': 0.6846763626574883, 'fuel_k': 0.6432890006239264, 'fuel_half': 0.7084599697807199}. Best is trial 0 with value: -0.6094076133578652.
[I 2026-08-19 17:19:21,894] Trial 768 finished with value: 0.4319902530225962 and parameters: {'k1': 1.7564543187804947e-05, 'D_low': 609.3682820037025, 'k2': 1.2590670663711928e-05, 'D_high': 1438196.013114745, 'fire_exp': 2.5937883003439643, 'P_half': 24.711945477014325, 'pre_dampen_half': 38.06715930542885, 'gpp_af': 0.07784229165087618, 'gpp_b': 0.0034005380288722885, 'gpp_d': 241.38638749703972, 'ign_k': 0.003665891485090375, 'ign_c': 16.609584400099493, 'trop_agb_crit': 16.229825975170012, 'trop_k_veg': 4.625847904930849, 'pop_amp': 10.205621543774878, 'pop_peak': 6.974735408639321, 'pop_sig': 0.6522874894496327, 'fuel_k': 1.7788568914553478, 'fuel_half': 0.15753597195701816}. Best is trial 0 with value: -0.6094076133578652.
  trial  769/2500  best_overall=0.6094  (21.0 min)
[I 2026-08-19 17:19:23,636] Trial 769 finished with value: 0.5814286185896381 and parameters: {'k1': 3.947226505100679e-05, 'D_low': 361845.48454555153, 'k2': 2.074140358664909e-05, 'D_high': 883.211039978836, 'fire_exp': 1.1848548644448365, 'P_half': 1327.5330183665665, 'pre_dampen_half': 0.21642219087519748, 'gpp_af': 0.0654524114035738, 'gpp_b': 0.024304922798940472, 'gpp_d': 680.7861427826365, 'ign_k': 1.5001192506247214, 'ign_c': 0.2646707047945935, 'trop_agb_crit': 18.96217760278239, 'trop_k_veg': 3.6532264843533264, 'pop_amp': 5.130429020693089, 'pop_peak': 260.3662136320913, 'pop_sig': 1.091765595978201, 'fuel_k': 1.059605094605992, 'fuel_half': 0.22561101852561083}. Best is trial 0 with value: -0.6094076133578652.
[I 2026-08-19 17:19:25,234] Trial 770 finished with value: 0.5056093792580698 and parameters: {'k1': 1.7863200933837075e-05, 'D_low': 3676.5717694771392, 'k2': 8.407945722390954e-05, 'D_high': 9894168.83824744, 'fire_exp': 2.7548040320717284, 'P_half': 2.013994353667682, 'pre_dampen_half': 5.898204612900264, 'gpp_af': 0.2863768550859902, 'gpp_b': 0.0009759924779155867, 'gpp_d': 604.916664187488, 'ign_k': 0.0012623539038127607, 'ign_c': 4.183178885958501, 'trop_agb_crit': 23.638175059898447, 'trop_k_veg': 2.9231308281528725, 'pop_amp': 2.506462644999253, 'pop_peak': 0.5157487534970859, 'pop_sig': 2.2849972944732864, 'fuel_k': 5.248644894756379, 'fuel_half': 1.1816594536327245}. Best is trial 0 with value: -0.6094076133578652.
[I 2026-08-19 17:19:26,830] Trial 771 finished with value: 0.5968203069877969 and parameters: {'k1': 0.003922626029618127, 'D_low': 1.7617402720797977, 'k2': 0.08376591034303361, 'D_high': 6074.215632171716, 'fire_exp': 2.241223187303609, 'P_half': 160.70442660134563, 'pre_dampen_half': 0.9251722861566706, 'gpp_af': 0.0028738212972644643, 'gpp_b': 0.003320315875902295, 'gpp_d': 713.3842285349963, 'ign_k': 2.6961735461280796, 'ign_c': 0.8073940616092955, 'trop_agb_crit': 3.6196343874916126, 'trop_k_veg': 1.5623495637307305, 'pop_amp': 0.8720393233793979, 'pop_peak': 90.54001634847789, 'pop_sig': 0.827805645635329, 'fuel_k': 0.06845532804873042, 'fuel_half': 0.2213041970379347}. Best is trial 0 with value: -0.6094076133578652.
[I 2026-08-19 17:19:28,441] Trial 772 finished with value: 0.4697738185994599 and parameters: {'k1': 0.00014540488059181997, 'D_low': 72.61261604524968, 'k2': 0.006724750324425129, 'D_high': 9814698.589551788, 'fire_exp': 1.495082597981467, 'P_half': 6.055693714737812, 'pre_dampen_half': 29.350667438576764, 'gpp_af': 0.10615150049345755, 'gpp_b': 3.976297799456587e-05, 'gpp_d': 930.8103134186509, 'ign_k': 0.01537779064865833, 'ign_c': 39.06914769102795, 'trop_agb_crit': 20.089841501297823, 'trop_k_veg': 5.003510253972685, 'pop_amp': 0.25636024179375455, 'pop_peak': 7.845072950463264, 'pop_sig': 0.7224463211997807, 'fuel_k': 0.3250417169171281, 'fuel_half': 86.46122782385484}. Best is trial 0 with value: -0.6094076133578652.
[I 2026-08-19 17:19:30,011] Trial 773 finished with value: 0.4582535143757024 and parameters: {'k1': 0.0002115288518939848, 'D_low': 21.718342749776728, 'k2': 0.009740636831286788, 'D_high': 617515.0985729195, 'fire_exp': 1.748217723278673, 'P_half': 35.15161394841242, 'pre_dampen_half': 0.3403021303612079, 'gpp_af': 2.914597633627704, 'gpp_b': 0.00261912069821701, 'gpp_d': 733.943428327461, 'ign_k': 0.5312854705521817, 'ign_c': 3.8440440444504267, 'trop_agb_crit': 8.356526680476687, 'trop_k_veg': 1.4880454221483532, 'pop_amp': 0.0033729571833813147, 'pop_peak': 0.6904759084395896, 'pop_sig': 0.5222621638286473, 'fuel_k': 0.07382011590369415, 'fuel_half': 1.1781061231649814}. Best is trial 0 with value: -0.6094076133578652.
[I 2026-08-19 17:19:31,592] Trial 774 finished with value: -0.5738430607132805 and parameters: {'k1': 0.00048002200372606544, 'D_low': 21241.204391421423, 'k2': 1.2591548839867844e-05, 'D_high': 7459104.496803791, 'fire_exp': 1.6252650123027534, 'P_half': 142.25906961883817, 'pre_dampen_half': 2.9419546062787396, 'gpp_af': 0.2857178544379822, 'gpp_b': 0.0006085140203488402, 'gpp_d': 251.49486179739915, 'ign_k': 0.011741175961012899, 'ign_c': 2.8061278015324307, 'trop_agb_crit': 14.157881583402254, 'trop_k_veg': 2.1949105216198186, 'pop_amp': 3.01210351496333, 'pop_peak': 5.432460521238732, 'pop_sig': 1.4944513845131286, 'fuel_k': 1.1576857138980725, 'fuel_half': 0.2045480915299314}. Best is trial 0 with value: -0.6094076133578652.
[I 2026-08-19 17:19:33,238] Trial 775 finished with value: 0.5248814497225667 and parameters: {'k1': 0.08059221416376458, 'D_low': 4962.118379272766, 'k2': 0.01493522003706792, 'D_high': 87419.45478742126, 'fire_exp': 8.148360673747336, 'P_half': 4.118038099639965, 'pre_dampen_half': 68.83639302376983, 'gpp_af': 0.02131094644613181, 'gpp_b': 4.659634827766512e-05, 'gpp_d': 1.8030721443376665, 'ign_k': 0.3795019865180601, 'ign_c': 20.260626722137946, 'trop_agb_crit': 7.119948330538026, 'trop_k_veg': 4.360297604581462, 'pop_amp': 0.01805315614384226, 'pop_peak': 434.5382888999513, 'pop_sig': 1.2759021159191228, 'fuel_k': 0.10747612240846549, 'fuel_half': 0.30184515413142315}. Best is trial 0 with value: -0.6094076133578652.
[I 2026-08-19 17:19:34,794] Trial 776 finished with value: -0.5083129391650077 and parameters: {'k1': 1.760832645137219e-05, 'D_low': 40206.05721452884, 'k2': 0.00026936039530243495, 'D_high': 5849912.157449716, 'fire_exp': 1.1573472356577532, 'P_half': 133.18589329252495, 'pre_dampen_half': 7.932963108934939, 'gpp_af': 12.043829036575847, 'gpp_b': 0.0005224411590498232, 'gpp_d': 35.60220248655919, 'ign_k': 0.02190174039602391, 'ign_c': 30.14830365591296, 'trop_agb_crit': 11.697395550639623, 'trop_k_veg': 2.5238244417992686, 'pop_amp': 0.3937191978919645, 'pop_peak': 3.7158232111370513, 'pop_sig': 1.4264107543264346, 'fuel_k': 1.1441448547909132, 'fuel_half': 2.033263855540457}. Best is trial 0 with value: -0.6094076133578652.
[I 2026-08-19 17:19:36,405] Trial 777 finished with value: 0.5865930349481687 and parameters: {'k1': 0.06799470081388191, 'D_low': 9267.54288227134, 'k2': 0.09850004485323621, 'D_high': 1103857.7914859515, 'fire_exp': 6.41315204261244, 'P_half': 9.511738916082606, 'pre_dampen_half': 29.37089397421066, 'gpp_af': 0.004203570509995851, 'gpp_b': 0.0017145454098168862, 'gpp_d': 12.283008532461597, 'ign_k': 2.6281087006866506, 'ign_c': 5.086962626953787, 'trop_agb_crit': 2.924408608687919, 'trop_k_veg': 1.657296855708154, 'pop_amp': 0.16058404263164006, 'pop_peak': 820.2807262337019, 'pop_sig': 0.47088829788434905, 'fuel_k': 0.0171659162369899, 'fuel_half': 0.7236015877410041}. Best is trial 0 with value: -0.6094076133578652.
[I 2026-08-19 17:19:38,001] Trial 778 finished with value: -0.5489865345779178 and parameters: {'k1': 9.661989890320418e-05, 'D_low': 1.4256374439442725, 'k2': 0.03667250653857346, 'D_high': 2552005.489456791, 'fire_exp': 1.4186795033947002, 'P_half': 4.944531841181541, 'pre_dampen_half': 0.1704676144867487, 'gpp_af': 2.212167639343466, 'gpp_b': 0.00015114570468735436, 'gpp_d': 404.6463477142981, 'ign_k': 3.060140659976384, 'ign_c': 0.22817208160430064, 'trop_agb_crit': 9.289378628648056, 'trop_k_veg': 1.0752663119758006, 'pop_amp': 0.031974093700483375, 'pop_peak': 0.3319351492458648, 'pop_sig': 0.5781923517819606, 'fuel_k': 1.5454948865159275, 'fuel_half': 90.9689750096601}. Best is trial 0 with value: -0.6094076133578652.
[I 2026-08-19 17:19:39,649] Trial 779 finished with value: 0.6445374145881376 and parameters: {'k1': 0.0044256296034539755, 'D_low': 1.547821263810051, 'k2': 0.0030672663810603798, 'D_high': 101979.21855114325, 'fire_exp': 8.484034172973356, 'P_half': 6.099391251139691, 'pre_dampen_half': 3.865739143980046, 'gpp_af': 0.2408580646711773, 'gpp_b': 2.1371982130093533e-05, 'gpp_d': 0.39479456822861037, 'ign_k': 2.913635239800523, 'ign_c': 68.50002311679341, 'trop_agb_crit': 3.831582542940395, 'trop_k_veg': 2.9270928202317084, 'pop_amp': 0.009884154249440632, 'pop_peak': 130.55292588570836, 'pop_sig': 0.9047210421200448, 'fuel_k': 0.05545471481929075, 'fuel_half': 0.3120146845294818}. Best is trial 0 with value: -0.6094076133578652.
[I 2026-08-19 17:19:41,249] Trial 780 finished with value: 0.584942830985637 and parameters: {'k1': 0.0001472970486589843, 'D_low': 7306.748675951223, 'k2': 1.9373096253787915e-05, 'D_high': 9177041.303633232, 'fire_exp': 3.6217804457189846, 'P_half': 852.9672624958793, 'pre_dampen_half': 0.8353893819000672, 'gpp_af': 0.8689280785941785, 'gpp_b': 0.00016862216384454188, 'gpp_d': 687.5559413728212, 'ign_k': 0.04624828004841576, 'ign_c': 68.17579045929543, 'trop_agb_crit': 13.880486052648806, 'trop_k_veg': 1.822737383560075, 'pop_amp': 0.49906975158931854, 'pop_peak': 52.26367309988046, 'pop_sig': 1.7909004312759438, 'fuel_k': 2.6973157821295293, 'fuel_half': 0.24151457257287876}. Best is trial 0 with value: -0.6094076133578652.
[I 2026-08-19 17:19:42,835] Trial 781 finished with value: 0.5422962277556065 and parameters: {'k1': 0.008060164421739109, 'D_low': 318.25459416311094, 'k2': 0.0003031752857912038, 'D_high': 7972854.701839062, 'fire_exp': 2.1311787608743873, 'P_half': 117.85709961611482, 'pre_dampen_half': 0.023707383630495744, 'gpp_af': 0.09893309265040354, 'gpp_b': 0.0016604793692830278, 'gpp_d': 1.81219783853979, 'ign_k': 8.778361052156319, 'ign_c': 0.16489208918369788, 'trop_agb_crit': 7.37004445368936, 'trop_k_veg': 0.9011532534700578, 'pop_amp': 0.8254866925666544, 'pop_peak': 0.6174508398096924, 'pop_sig': 1.0080377064346537, 'fuel_k': 0.024284293242165432, 'fuel_half': 1.0843443065991758}. Best is trial 0 with value: -0.6094076133578652.
  trial  782/2500  best_overall=0.6094  (21.3 min)
