[I 2026-08-19 18:14:20,329] Trial 2493 finished with value: 0.6301166098690761 and parameters: {'k1': 3.4345504842827946e-05, 'D_low': 2364.4496042480328, 'k2': 0.0002883766825307613, 'D_high': 22.25208701762461, 'fire_exp': 1.7557524769646675, 'P_half': 8.444488653272051, 'pre_dampen_half': 15.41418257768138, 'gpp_af': 69.09759306686676, 'gpp_b': 1.9915784023554617, 'gpp_d': 1.0765902364915008, 'ign_k': 0.05490264137827284, 'ign_c': 28.37559362068652, 'trop_agb_crit': 1.1803256862010005, 'trop_k_veg': 3.2890903635890667, 'pop_amp': 0.007789450812729501, 'pop_peak': 26.029658623338236, 'pop_sig': 0.8719916337397771, 'fuel_k': 0.02578968692352531, 'fuel_half': 0.39342968485734037}. Best is trial 1622 with value: -0.6125870653324885.
[I 2026-08-19 18:14:22,168] Trial 2494 finished with value: 0.6445374145881376 and parameters: {'k1': 0.014989839276198522, 'D_low': 58.996844686184666, 'k2': 0.0048410650765795225, 'D_high': 7610.701714925507, 'fire_exp': 2.9452256467869393, 'P_half': 19.68523663447348, 'pre_dampen_half': 12.645739765255577, 'gpp_af': 0.005527735613017932, 'gpp_b': 1.0349327358636889e-05, 'gpp_d': 24.320782702458704, 'ign_k': 0.6662327270610677, 'ign_c': 102.56738195804948, 'trop_agb_crit': 3.47981113178334, 'trop_k_veg': 6.7759074516915945, 'pop_amp': 0.0018488347222476366, 'pop_peak': 0.2520995312926973, 'pop_sig': 1.1411867714532626, 'fuel_k': 1.140808734346835, 'fuel_half': 13.684136848842927}. Best is trial 1622 with value: -0.6125870653324885.
[I 2026-08-19 18:14:23,980] Trial 2495 finished with value: -0.5677456240767633 and parameters: {'k1': 0.0752468812174647, 'D_low': 1.2772888483620624, 'k2': 2.3750272640381542e-05, 'D_high': 1028794.6935169668, 'fire_exp': 2.4307676884359117, 'P_half': 6.48760482262012, 'pre_dampen_half': 95.81848667682736, 'gpp_af': 0.004753560092297522, 'gpp_b': 0.0008116353019485259, 'gpp_d': 312.5753998892096, 'ign_k': 0.41614889319519716, 'ign_c': 18.92186736316045, 'trop_agb_crit': 6.113042062722275, 'trop_k_veg': 1.4463043652686383, 'pop_amp': 0.015135374148723013, 'pop_peak': 0.14666691700208762, 'pop_sig': 0.9036005577721706, 'fuel_k': 0.016649492802903367, 'fuel_half': 9.694946218810157}. Best is trial 1622 with value: -0.6125870653324885.
[I 2026-08-19 18:14:25,760] Trial 2496 finished with value: 0.5110219316679708 and parameters: {'k1': 0.041940044242255226, 'D_low': 1.7614068226725774, 'k2': 0.016608411564314227, 'D_high': 2401662.0579990237, 'fire_exp': 2.58196576338799, 'P_half': 50.06873225319704, 'pre_dampen_half': 92.90258748320322, 'gpp_af': 0.05995617006050956, 'gpp_b': 0.000326017650567553, 'gpp_d': 18.33611195536525, 'ign_k': 0.04748485047896142, 'ign_c': 20.243294334784764, 'trop_agb_crit': 15.005873290804296, 'trop_k_veg': 1.3916023928842998, 'pop_amp': 0.004972917198464028, 'pop_peak': 1.2708924527793437, 'pop_sig': 0.6875939982402629, 'fuel_k': 0.5092034206785587, 'fuel_half': 24.037925520810703}. Best is trial 1622 with value: -0.6125870653324885.
[I 2026-08-19 18:14:27,617] Trial 2497 finished with value: 0.6044851669597595 and parameters: {'k1': 0.0009378685514638764, 'D_low': 3.195617588637477, 'k2': 0.004385002899411674, 'D_high': 803711.5661664114, 'fire_exp': 1.0748595247217014, 'P_half': 4.460664060598127, 'pre_dampen_half': 0.786657722483605, 'gpp_af': 0.3482788653450997, 'gpp_b': 0.003741491185069356, 'gpp_d': 0.26772699328909294, 'ign_k': 1.3598655922455296, 'ign_c': 33.17152747038222, 'trop_agb_crit': 14.883520656116264, 'trop_k_veg': 1.6657613981982904, 'pop_amp': 0.5743462153741777, 'pop_peak': 255.19157102686987, 'pop_sig': 0.7551272682354729, 'fuel_k': 0.013554161201461513, 'fuel_half': 95.57643088449707}. Best is trial 1622 with value: -0.6125870653324885.
[I 2026-08-19 18:14:29,409] Trial 2498 finished with value: 0.47222174154262964 and parameters: {'k1': 4.764362567142041e-05, 'D_low': 7.473044603802433, 'k2': 0.00017153542846602135, 'D_high': 6628040.923672784, 'fire_exp': 1.604785739969488, 'P_half': 158.90463429240083, 'pre_dampen_half': 1.5622191911405305, 'gpp_af': 0.018817035778137075, 'gpp_b': 5.4342307488926054e-05, 'gpp_d': 3.0444859572215734, 'ign_k': 1.0673729912611498, 'ign_c': 2.4733496018294767, 'trop_agb_crit': 24.04717896112999, 'trop_k_veg': 0.6401175680805867, 'pop_amp': 0.13094271024844797, 'pop_peak': 748.4030296208535, 'pop_sig': 0.8420581518639275, 'fuel_k': 0.016308424793382285, 'fuel_half': 26.805930542160386}. Best is trial 1622 with value: -0.6125870653324885.
[I 2026-08-19 18:14:31,195] Trial 2499 finished with value: 0.5923054009655616 and parameters: {'k1': 0.0001601218532305262, 'D_low': 10.37884296016402, 'k2': 0.0016840839881165424, 'D_high': 2744515.441715287, 'fire_exp': 2.335877489070844, 'P_half': 5.704440869973062, 'pre_dampen_half': 6.336892402587357, 'gpp_af': 0.004851593872965838, 'gpp_b': 0.0030897069768373413, 'gpp_d': 0.03408796488295445, 'ign_k': 0.43503412912334855, 'ign_c': 33.04419603194946, 'trop_agb_crit': 17.819604965001595, 'trop_k_veg': 0.760907411098934, 'pop_amp': 0.25470189506924956, 'pop_peak': 232.49105622821313, 'pop_sig': 2.0081689568456755, 'fuel_k': 0.04417607024277565, 'fuel_half': 17.026578071987895}. Best is trial 1622 with value: -0.6125870653324885.

[done] 2500 trials in 76.1 min
       best Overall = 0.6126
[best] Bias=0.6856  RMSE=0.3949  Seas=0.8293  Spatial=0.7583  Overall=0.6126
[diag] raw rate land-mean (yr^-1): 0.06887  (target ~ 0.06082)
[write] D:\FIRE_OFFLINE\models\C\params.coupledPOPmag.json
[write] D:\FIRE_OFFLINE\ilamb\MODELS\ED-ModelC-final\burntArea.coupledPOPmag.nc  (16.6 MB)
