[I 2026-07-24 02:09:50,725] Trial 512 finished with value: 0.4307508936620513 and parameters: {'k1': 0.0004274806391456879, 'D_low': 468.3070695306484, 'k2': 0.044239675241748766, 'D_high': 207019.06748315715, 'fire_exp': 4.0983245271604805, 'P_half': 8.593366871743982, 'pre_dampen_half': 924.4880128807374, 'gpp_af': 8.068313966544533, 'gpp_b': 0.8924459843212252, 'gpp_d': 110.48444422190465, 'ign_k': 0.044006923408379396, 'ign_c': 0.43791041724492963, 'trop_agb_crit': 16.99312380483635, 'trop_k_veg': 6.900834556688865, 'gdp_gamma': 0.507999060457656, 'fuel_k': 0.6739542928084788, 'fuel_half': 52.92790276126861}. Best is trial 335 with value: -0.6233152110406992.
[I 2026-07-24 02:09:51,181] Trial 513 finished with value: 0.588369977908407 and parameters: {'k1': 0.00016100432337463132, 'D_low': 15.258232995850328, 'k2': 5.101689702500407e-05, 'D_high': 319437.0628770847, 'fire_exp': 1.0708413852089487, 'P_half': 10.083551184943678, 'pre_dampen_half': 13.744399307516133, 'gpp_af': 0.0063757621022168635, 'gpp_b': 0.005576619475404472, 'gpp_d': 1.0612539585785115, 'ign_k': 0.03632090303168305, 'ign_c': 177.6425101140276, 'trop_agb_crit': 1.4275543020223758, 'trop_k_veg': 0.7264088750234073, 'gdp_gamma': 1.0406637529125904, 'fuel_k': 0.030418485041234712, 'fuel_half': 89.72506600328822}. Best is trial 335 with value: -0.6233152110406992.
[I 2026-07-24 02:09:51,629] Trial 514 finished with value: 0.6104651098492643 and parameters: {'k1': 0.02377831172771026, 'D_low': 36828.679087332945, 'k2': 0.0006729524274908565, 'D_high': 2308757.542841132, 'fire_exp': 3.924014210237399, 'P_half': 11.776501707758484, 'pre_dampen_half': 15.151956297636048, 'gpp_af': 5.12095712250852, 'gpp_b': 0.6323097075439434, 'gpp_d': 141.99572479431865, 'ign_k': 0.006884913846257782, 'ign_c': 70.05154575613233, 'trop_agb_crit': 13.049991426819002, 'trop_k_veg': 1.0637707313010745, 'gdp_gamma': 0.9908850897368272, 'fuel_k': 4.37146492414443, 'fuel_half': 9.17709597967909}. Best is trial 335 with value: -0.6233152110406992.
[I 2026-07-24 02:09:52,075] Trial 515 finished with value: 0.49469769758825366 and parameters: {'k1': 0.0013140146724721516, 'D_low': 15.97166120104604, 'k2': 0.02084235633917671, 'D_high': 1727366.948074627, 'fire_exp': 2.468568296949881, 'P_half': 1100.396549576519, 'pre_dampen_half': 62.83274571280062, 'gpp_af': 0.8083137365528448, 'gpp_b': 0.7927872678650981, 'gpp_d': 50.68395163202543, 'ign_k': 0.11106192903146131, 'ign_c': 0.38015572430394307, 'trop_agb_crit': 17.540589600588778, 'trop_k_veg': 5.751879919253301, 'gdp_gamma': 1.2062174491939668, 'fuel_k': 0.028533718721388695, 'fuel_half': 97.68078332588217}. Best is trial 335 with value: -0.6233152110406992.
[I 2026-07-24 02:09:52,527] Trial 516 finished with value: 0.5127987683087957 and parameters: {'k1': 0.0010848710608199646, 'D_low': 2.0243656055537556, 'k2': 0.015690928960228147, 'D_high': 6455838.266799954, 'fire_exp': 2.33823617945791, 'P_half': 18.429007532065327, 'pre_dampen_half': 0.8035559303350571, 'gpp_af': 0.6354500387739482, 'gpp_b': 8.402688859477293e-05, 'gpp_d': 0.3738642118866239, 'ign_k': 0.06728324220057467, 'ign_c': 0.1978425734733608, 'trop_agb_crit': 25.281449270782623, 'trop_k_veg': 1.0221446339179736, 'gdp_gamma': 1.7233445005393442, 'fuel_k': 0.23079696726073032, 'fuel_half': 63.70675523394751}. Best is trial 335 with value: -0.6233152110406992.
[I 2026-07-24 02:09:52,974] Trial 517 finished with value: 0.5709341000503365 and parameters: {'k1': 0.000499892406762815, 'D_low': 458.2781747236448, 'k2': 0.08379168443232109, 'D_high': 309651.76261157787, 'fire_exp': 1.4391437833369174, 'P_half': 1074.7329837097966, 'pre_dampen_half': 15.488284332238722, 'gpp_af': 0.28950607698341746, 'gpp_b': 0.00046054709963863275, 'gpp_d': 0.4645204110730873, 'ign_k': 0.0035273412774442328, 'ign_c': 1.3465406703008895, 'trop_agb_crit': 25.448609162713982, 'trop_k_veg': 0.7045008682010415, 'gdp_gamma': 0.139613270796314, 'fuel_k': 0.5141028812302303, 'fuel_half': 76.2332886041524}. Best is trial 335 with value: -0.6233152110406992.
[I 2026-07-24 02:09:53,426] Trial 518 finished with value: 0.47817471417358304 and parameters: {'k1': 0.012354401070356251, 'D_low': 3401.8359965811433, 'k2': 0.0029749184241498615, 'D_high': 200651.52182594727, 'fire_exp': 1.188105333944664, 'P_half': 32.47388488134908, 'pre_dampen_half': 0.21455881017638048, 'gpp_af': 8.88366295993111, 'gpp_b': 1.7682455536789382e-05, 'gpp_d': 402.90299562561205, 'ign_k': 0.0012191589571747831, 'ign_c': 0.30702487636307163, 'trop_agb_crit': 22.988882476422067, 'trop_k_veg': 1.5598443486715967, 'gdp_gamma': 0.3099213681679385, 'fuel_k': 0.1418909134613072, 'fuel_half': 1.7120602209254665}. Best is trial 335 with value: -0.6233152110406992.
[I 2026-07-24 02:09:53,887] Trial 519 finished with value: 0.5404431633577048 and parameters: {'k1': 5.010659680308446e-05, 'D_low': 217.82762184279946, 'k2': 0.034249948405258475, 'D_high': 9158345.579918208, 'fire_exp': 1.5107986485380949, 'P_half': 155.0413254763244, 'pre_dampen_half': 2.7904602616004985, 'gpp_af': 0.008316833018275382, 'gpp_b': 2.7678318621925127e-05, 'gpp_d': 0.35581211907635013, 'ign_k': 0.022965921333822605, 'ign_c': 33.36718640411589, 'trop_agb_crit': 20.71775918929549, 'trop_k_veg': 0.6258739098152135, 'gdp_gamma': 0.1247775025675261, 'fuel_k': 0.4745561271392328, 'fuel_half': 27.58375029123211}. Best is trial 335 with value: -0.6233152110406992.
[I 2026-07-24 02:09:54,335] Trial 520 finished with value: 0.551100420225613 and parameters: {'k1': 3.644886112943694e-05, 'D_low': 9.96313032563474, 'k2': 0.0651335995070265, 'D_high': 2079433.963765715, 'fire_exp': 1.5300228162134764, 'P_half': 56.64004309957024, 'pre_dampen_half': 0.49235229973422273, 'gpp_af': 0.39670153941734443, 'gpp_b': 0.004047899965881577, 'gpp_d': 0.26938588594987634, 'ign_k': 0.04512399455929593, 'ign_c': 3.8876508574887256, 'trop_agb_crit': 13.49675028495746, 'trop_k_veg': 0.5339894485711614, 'gdp_gamma': 0.1623335842673951, 'fuel_k': 0.15105488922637678, 'fuel_half': 48.267321949246636}. Best is trial 335 with value: -0.6233152110406992.
[I 2026-07-24 02:09:54,780] Trial 521 finished with value: -0.5916200091605653 and parameters: {'k1': 1.2906817188505835e-05, 'D_low': 36.41114100153806, 'k2': 0.0008166948365188292, 'D_high': 214244.25419812568, 'fire_exp': 1.536330382128277, 'P_half': 98.04403994479578, 'pre_dampen_half': 15.267769134947676, 'gpp_af': 0.006739644150835858, 'gpp_b': 4.198686091799622e-05, 'gpp_d': 1.1015547375489267, 'ign_k': 0.002869577424338102, 'ign_c': 74.06968115866387, 'trop_agb_crit': 2.9830972344811237, 'trop_k_veg': 3.071233946103495, 'gdp_gamma': 0.6443161070560827, 'fuel_k': 0.016189781428474666, 'fuel_half': 17.279756212876293}. Best is trial 335 with value: -0.6233152110406992.
[I 2026-07-24 02:09:55,229] Trial 522 finished with value: 0.5071218930463368 and parameters: {'k1': 9.702633638462355e-05, 'D_low': 20493.46274336258, 'k2': 0.009045182627716789, 'D_high': 652728.6011685068, 'fire_exp': 2.022192144657883, 'P_half': 20.131424128823486, 'pre_dampen_half': 941.5829499363853, 'gpp_af': 0.18315287942719835, 'gpp_b': 0.0820640636652104, 'gpp_d': 17.785215420078806, 'ign_k': 0.03411457767492193, 'ign_c': 0.5118057183554185, 'trop_agb_crit': 27.57452232463538, 'trop_k_veg': 4.023291586060172, 'gdp_gamma': 0.599822847443056, 'fuel_k': 0.17122609457834986, 'fuel_half': 89.73937454735331}. Best is trial 335 with value: -0.6233152110406992.
[I 2026-07-24 02:09:55,676] Trial 523 finished with value: 0.5807759054082389 and parameters: {'k1': 1.977835968914313e-05, 'D_low': 90.91290186995005, 'k2': 0.0013777120493388363, 'D_high': 911840.1044815562, 'fire_exp': 1.7815652113864384, 'P_half': 11.446633931452995, 'pre_dampen_half': 30.860394698706628, 'gpp_af': 0.0057466816439614545, 'gpp_b': 1.8522894909878566e-05, 'gpp_d': 0.04032295014785341, 'ign_k': 0.012243018033870923, 'ign_c': 658.7915408175583, 'trop_agb_crit': 1.9721841949086065, 'trop_k_veg': 4.706719989242619, 'gdp_gamma': 0.10450580648185856, 'fuel_k': 0.2676912321625986, 'fuel_half': 6.148804166010877}. Best is trial 335 with value: -0.6233152110406992.
[I 2026-07-24 02:09:56,127] Trial 524 finished with value: 0.5829961098473646 and parameters: {'k1': 0.015463501733262903, 'D_low': 2048.8443672244634, 'k2': 0.042441716177703856, 'D_high': 2604035.659662482, 'fire_exp': 3.158245726176228, 'P_half': 1078.7326105133711, 'pre_dampen_half': 0.35886991020229014, 'gpp_af': 0.22234603642883283, 'gpp_b': 0.00014862304105060393, 'gpp_d': 39.88654416134703, 'ign_k': 0.008712784276043132, 'ign_c': 0.6660936855263562, 'trop_agb_crit': 16.82731711186137, 'trop_k_veg': 1.2024454620610703, 'gdp_gamma': 0.7844595497834517, 'fuel_k': 0.10847807068609812, 'fuel_half': 5.45685186598505}. Best is trial 335 with value: -0.6233152110406992.
[I 2026-07-24 02:09:56,577] Trial 525 finished with value: 0.4389741105244166 and parameters: {'k1': 2.2199480541514745e-05, 'D_low': 280.21516698195643, 'k2': 0.0014127109734549726, 'D_high': 96054.26728560345, 'fire_exp': 1.003539590216542, 'P_half': 210.25614036676484, 'pre_dampen_half': 0.36742772436102, 'gpp_af': 0.008814570935748512, 'gpp_b': 0.00048610754930382947, 'gpp_d': 0.326980494774165, 'ign_k': 0.002428376488622029, 'ign_c': 127.04173263200524, 'trop_agb_crit': 3.438282750486262, 'trop_k_veg': 2.865887545636313, 'gdp_gamma': 1.0228390506249583, 'fuel_k': 0.0250308032268271, 'fuel_half': 59.24458443031738}. Best is trial 335 with value: -0.6233152110406992.
[I 2026-07-24 02:09:57,028] Trial 526 finished with value: -0.5850591942130088 and parameters: {'k1': 7.480432204382929e-05, 'D_low': 148.36216698584212, 'k2': 0.00021540423982479602, 'D_high': 90278.32192825736, 'fire_exp': 1.5804756266592919, 'P_half': 170.35474326710084, 'pre_dampen_half': 59.82448164466853, 'gpp_af': 0.004450935042266946, 'gpp_b': 0.0007661460603160922, 'gpp_d': 0.11605998936263975, 'ign_k': 0.0027334728178392206, 'ign_c': 7.916426159026126, 'trop_agb_crit': 2.6141916010032933, 'trop_k_veg': 2.0741364046802686, 'gdp_gamma': 1.3000720763962015, 'fuel_k': 0.033978824017299465, 'fuel_half': 13.061173714704974}. Best is trial 335 with value: -0.6233152110406992.
[I 2026-07-24 02:09:57,483] Trial 527 finished with value: 0.4050313221984947 and parameters: {'k1': 0.0001068143800600102, 'D_low': 10.718582127651997, 'k2': 0.00034701799319646716, 'D_high': 354772.83129778184, 'fire_exp': 1.5550984305395226, 'P_half': 1.1420781548523207, 'pre_dampen_half': 136.9887418972174, 'gpp_af': 0.004607715168362095, 'gpp_b': 1.0344325976729414e-05, 'gpp_d': 16.103080203421516, 'ign_k': 0.003121197619467242, 'ign_c': 386.71885448105735, 'trop_agb_crit': 4.127995264071706, 'trop_k_veg': 3.583514000296988, 'gdp_gamma': 1.3342118963606577, 'fuel_k': 0.02333896030774126, 'fuel_half': 82.9070838681566}. Best is trial 335 with value: -0.6233152110406992.
[I 2026-07-24 02:09:57,932] Trial 528 finished with value: 0.6008354201101999 and parameters: {'k1': 2.0939487970363353e-05, 'D_low': 1033.8624509227807, 'k2': 0.000976793931228016, 'D_high': 5704.907028052361, 'fire_exp': 1.7787789097985398, 'P_half': 86.54711159819036, 'pre_dampen_half': 156.9875593626843, 'gpp_af': 0.002390725630553917, 'gpp_b': 0.0002573986255421414, 'gpp_d': 3.9063814740666682, 'ign_k': 0.0028043087798720148, 'ign_c': 23.205474202291473, 'trop_agb_crit': 1.4953036486576454, 'trop_k_veg': 3.6944126352818545, 'gdp_gamma': 0.151233799508028, 'fuel_k': 0.04448739624635007, 'fuel_half': 15.53902394153465}. Best is trial 335 with value: -0.6233152110406992.
[I 2026-07-24 02:09:58,385] Trial 529 finished with value: 0.509497100065501 and parameters: {'k1': 3.815051689217354e-05, 'D_low': 344.8183513842267, 'k2': 0.0029463221898527224, 'D_high': 9819.561239856068, 'fire_exp': 2.763598441355288, 'P_half': 256.2765310624174, 'pre_dampen_half': 299.1057589278956, 'gpp_af': 0.09905952938262663, 'gpp_b': 0.007944857324664425, 'gpp_d': 58.36503344907183, 'ign_k': 0.05952578576056224, 'ign_c': 0.17600572732080355, 'trop_agb_crit': 20.023376753330865, 'trop_k_veg': 4.7799061431490655, 'gdp_gamma': 1.3977593544891374, 'fuel_k': 0.02201352385596824, 'fuel_half': 8.292107435463421}. Best is trial 335 with value: -0.6233152110406992.
[I 2026-07-24 02:09:58,832] Trial 530 finished with value: 0.5821498278628241 and parameters: {'k1': 0.0007996224677388847, 'D_low': 1046.270276553251, 'k2': 0.03643763452044507, 'D_high': 19124.325214815144, 'fire_exp': 4.229204485106425, 'P_half': 132.13760411838257, 'pre_dampen_half': 138.97900125527926, 'gpp_af': 1.3160502905232678, 'gpp_b': 0.1088360281187517, 'gpp_d': 661.3169261640327, 'ign_k': 0.002683145792795244, 'ign_c': 0.26652814919111334, 'trop_agb_crit': 22.617494218178972, 'trop_k_veg': 4.3474295084828105, 'gdp_gamma': 0.9638465444661454, 'fuel_k': 0.022147969014185358, 'fuel_half': 61.64680206149058}. Best is trial 335 with value: -0.6233152110406992.
[I 2026-07-24 02:09:59,277] Trial 531 finished with value: 0.5545998219466808 and parameters: {'k1': 0.00021048587624426226, 'D_low': 845.1143590141431, 'k2': 0.003571844885421209, 'D_high': 8197069.568968282, 'fire_exp': 1.1941007094031766, 'P_half': 298.8242705392772, 'pre_dampen_half': 100.56243983257644, 'gpp_af': 0.006370372240968855, 'gpp_b': 0.0036797708618084334, 'gpp_d': 0.015091106797213202, 'ign_k': 0.005733318766307305, 'ign_c': 26.294438787897096, 'trop_agb_crit': 2.0322453013262933, 'trop_k_veg': 1.4403196215358764, 'gdp_gamma': 0.19806553437059474, 'fuel_k': 0.06261268359970767, 'fuel_half': 2.0909248129675877}. Best is trial 335 with value: -0.6233152110406992.
[I 2026-07-24 02:09:59,726] Trial 532 finished with value: 0.4627343632369699 and parameters: {'k1': 0.00021657254362386614, 'D_low': 656.4955427010777, 'k2': 0.004969925152144295, 'D_high': 1275486.5229090864, 'fire_exp': 1.406884163316134, 'P_half': 136.54515494570737, 'pre_dampen_half': 500.6409065651768, 'gpp_af': 2.9356693184398983, 'gpp_b': 0.8906266938678015, 'gpp_d': 14.166874024161295, 'ign_k': 0.0021238096961725813, 'ign_c': 0.22515853482415757, 'trop_agb_crit': 8.427993395195383, 'trop_k_veg': 7.5864121731618415, 'gdp_gamma': 1.8992645836181532, 'fuel_k': 0.032411574445779474, 'fuel_half': 82.00819476209887}. Best is trial 335 with value: -0.6233152110406992.
[I 2026-07-24 02:10:00,175] Trial 533 finished with value: 0.6445374145881376 and parameters: {'k1': 0.00451067015147862, 'D_low': 247946.51986922813, 'k2': 0.040310334797336436, 'D_high': 7123.566897201288, 'fire_exp': 2.676694044979485, 'P_half': 81.39336303910105, 'pre_dampen_half': 7.116715911084581, 'gpp_af': 0.2022895006648708, 'gpp_b': 1.226051607356437e-05, 'gpp_d': 302.27346031992573, 'ign_k': 0.03447415609411101, 'ign_c': 0.3011127514696298, 'trop_agb_crit': 28.05608769993206, 'trop_k_veg': 2.4966873665865092, 'gdp_gamma': 1.605513773647503, 'fuel_k': 0.07511786762566544, 'fuel_half': 5.172393154045856}. Best is trial 335 with value: -0.6233152110406992.
[I 2026-07-24 02:10:00,620] Trial 534 finished with value: 0.5995808658661799 and parameters: {'k1': 0.0005264650281252474, 'D_low': 86.03654210745607, 'k2': 0.0015495840478402976, 'D_high': 19991.736369732615, 'fire_exp': 1.4573990249389452, 'P_half': 4462.754875273068, 'pre_dampen_half': 8.105901447013856, 'gpp_af': 0.0011418897550571165, 'gpp_b': 0.005254138507971923, 'gpp_d': 0.020752245499087465, 'ign_k': 0.029307895724467865, 'ign_c': 3.607247034190562, 'trop_agb_crit': 2.059503329966719, 'trop_k_veg': 2.2821943170126793, 'gdp_gamma': 0.7144479877179447, 'fuel_k': 0.03599448234713692, 'fuel_half': 24.556110598226212}. Best is trial 335 with value: -0.6233152110406992.
[I 2026-07-24 02:10:01,075] Trial 535 finished with value: 0.5803589416405062 and parameters: {'k1': 0.00038912268972800745, 'D_low': 31.866644099277636, 'k2': 0.00023250345902837809, 'D_high': 50394.24160942198, 'fire_exp': 1.0251752356578383, 'P_half': 114.61901073926845, 'pre_dampen_half': 147.17147752353617, 'gpp_af': 0.16155479023415484, 'gpp_b': 0.0004754103205468499, 'gpp_d': 5.6105591512958455, 'ign_k': 0.0029471015505940223, 'ign_c': 1.1557997586017899, 'trop_agb_crit': 1.9859437151029178, 'trop_k_veg': 2.544586228272665, 'gdp_gamma': 1.1526715966379788, 'fuel_k': 0.052187346681215246, 'fuel_half': 26.230467543253898}. Best is trial 335 with value: -0.6233152110406992.
[I 2026-07-24 02:10:01,519] Trial 536 finished with value: 0.5923642511417735 and parameters: {'k1': 4.2443827664173844e-05, 'D_low': 4.722064088093156, 'k2': 6.179201387344905e-05, 'D_high': 7206.922834918814, 'fire_exp': 1.6599258366131724, 'P_half': 1524.9869437676698, 'pre_dampen_half': 22.671386936051515, 'gpp_af': 0.003732276443352877, 'gpp_b': 3.116846755398133e-05, 'gpp_d': 0.01375376795883866, 'ign_k': 0.0016127268668703722, 'ign_c': 1.3366072109896714, 'trop_agb_crit': 2.6314334184313086, 'trop_k_veg': 4.208446991023101, 'gdp_gamma': 0.7616916178048602, 'fuel_k': 0.033935859499941996, 'fuel_half': 1.9505664176433943}. Best is trial 335 with value: -0.6233152110406992.
[I 2026-07-24 02:10:01,968] Trial 537 finished with value: 0.5952268042342491 and parameters: {'k1': 0.00010710709320223098, 'D_low': 1003.4163476006872, 'k2': 0.0016016488023297356, 'D_high': 149449.2885169473, 'fire_exp': 2.8608987247185205, 'P_half': 151.51411373987412, 'pre_dampen_half': 15.104163791625258, 'gpp_af': 0.05824142963970759, 'gpp_b': 1.313123314037201e-05, 'gpp_d': 0.8479469685444437, 'ign_k': 0.05852097207513206, 'ign_c': 133.14047009959322, 'trop_agb_crit': 4.773544397637444, 'trop_k_veg': 2.1676174107412143, 'gdp_gamma': 0.6339726841523274, 'fuel_k': 0.024841517968186, 'fuel_half': 10.899315645213044}. Best is trial 335 with value: -0.6233152110406992.
[I 2026-07-24 02:10:02,415] Trial 538 finished with value: 0.5633448575763583 and parameters: {'k1': 0.01711454563226661, 'D_low': 103.60757170683726, 'k2': 0.013005240790456797, 'D_high': 5610933.7992298445, 'fire_exp': 1.7163598427584865, 'P_half': 1.3407103379428953, 'pre_dampen_half': 1.3813182661213104, 'gpp_af': 0.23341764212052923, 'gpp_b': 0.019615953037973838, 'gpp_d': 1.5010014488498833, 'ign_k': 0.0010531562241062093, 'ign_c': 542.4124387745418, 'trop_agb_crit': 10.85140949523552, 'trop_k_veg': 0.7732984795362371, 'gdp_gamma': 0.06422324753562174, 'fuel_k': 1.3894177603813613, 'fuel_half': 4.613383662966134}. Best is trial 335 with value: -0.6233152110406992.
[I 2026-07-24 02:10:02,879] Trial 539 finished with value: 0.5903427809951479 and parameters: {'k1': 0.0001919494207857587, 'D_low': 801.7434514563013, 'k2': 0.00030433502576439786, 'D_high': 951695.2294295443, 'fire_exp': 2.027937110109287, 'P_half': 19.59092744408549, 'pre_dampen_half': 23.88088085640973, 'gpp_af': 0.006567460687306827, 'gpp_b': 0.02619311058079676, 'gpp_d': 0.010487901529974161, 'ign_k': 0.010640278766656658, 'ign_c': 1.9378326955176246, 'trop_agb_crit': 2.1017216136040022, 'trop_k_veg': 1.4408828669139286, 'gdp_gamma': 1.3240440045005353, 'fuel_k': 0.015479942706100697, 'fuel_half': 42.8644279542489}. Best is trial 335 with value: -0.6233152110406992.
[I 2026-07-24 02:10:03,329] Trial 540 finished with value: 0.5797727228632595 and parameters: {'k1': 1.8261448201792903e-05, 'D_low': 11.712157254301632, 'k2': 0.00044775406735687, 'D_high': 3234.280667833008, 'fire_exp': 1.371222885687067, 'P_half': 535.9559268814415, 'pre_dampen_half': 266.14687556374764, 'gpp_af': 0.007101796301349688, 'gpp_b': 0.0002849321547544246, 'gpp_d': 3.0858492949058856, 'ign_k': 0.0021327900673140283, 'ign_c': 11.497747552082556, 'trop_agb_crit': 3.8585376929013084, 'trop_k_veg': 1.2804481222485884, 'gdp_gamma': 0.8058448292996442, 'fuel_k': 0.014980641988109706, 'fuel_half': 60.264537034727304}. Best is trial 335 with value: -0.6233152110406992.
[I 2026-07-24 02:10:03,782] Trial 541 finished with value: 0.6007003427362807 and parameters: {'k1': 1.992088544926634e-05, 'D_low': 53548.835106530634, 'k2': 6.878684409269845e-05, 'D_high': 18109.976006736673, 'fire_exp': 1.8553507468186918, 'P_half': 914.5168884563712, 'pre_dampen_half': 5.435562371961687, 'gpp_af': 0.01800219321157485, 'gpp_b': 0.008611226237522527, 'gpp_d': 0.4426928858463442, 'ign_k': 0.009073660700096714, 'ign_c': 2.020255063815827, 'trop_agb_crit': 1.8276922388624182, 'trop_k_veg': 1.762528406492619, 'gdp_gamma': 1.7697465707853899, 'fuel_k': 0.1339056524851828, 'fuel_half': 24.679910876832395}. Best is trial 335 with value: -0.6233152110406992.
[I 2026-07-24 02:10:04,234] Trial 542 finished with value: -0.5239540359317066 and parameters: {'k1': 1.0915929955899008e-05, 'D_low': 1853.9948814408226, 'k2': 0.00021116987509486152, 'D_high': 39570.44658830266, 'fire_exp': 1.3922904013906139, 'P_half': 54.857843255993416, 'pre_dampen_half': 460.41255749883373, 'gpp_af': 0.17255179838885779, 'gpp_b': 9.18376977983721e-05, 'gpp_d': 0.40814089801775444, 'ign_k': 0.008072249857060853, 'ign_c': 30.061540503888462, 'trop_agb_crit': 7.17922407143559, 'trop_k_veg': 1.218652247531689, 'gdp_gamma': 0.5955077596679312, 'fuel_k': 0.010226191072544633, 'fuel_half': 2.381806909379364}. Best is trial 335 with value: -0.6233152110406992.
[I 2026-07-24 02:10:04,700] Trial 543 finished with value: 0.5750905613490438 and parameters: {'k1': 0.00010798549196205888, 'D_low': 61.88754344469022, 'k2': 0.000217202391294585, 'D_high': 3015742.8028035443, 'fire_exp': 3.276224574733836, 'P_half': 370.0781741842276, 'pre_dampen_half': 9.11740606267456, 'gpp_af': 0.02921172689818053, 'gpp_b': 0.0013549374431174855, 'gpp_d': 4.5758958658563085, 'ign_k': 0.004455456373652207, 'ign_c': 27.88880094450432, 'trop_agb_crit': 4.023424346412931, 'trop_k_veg': 3.2185307565995793, 'gdp_gamma': 0.712643647014813, 'fuel_k': 0.017912954768390707, 'fuel_half': 5.110257224184603}. Best is trial 335 with value: -0.6233152110406992.
