[I 2026-08-06 00:00:21,335] Trial 1185 finished with values: [12.615484288573633, 12.615484288573633] and parameters: {'k1': 0.016973078532467004, 'D_low': 2.458603276328005, 'k2': 0.0006229347004284254, 'D_high': 85018.70149611714, 'fire_exp': 1.151006986743773, 'P_half': 12.808863354047988, 'pre_dampen_half': 703.6426675556048, 'gpp_af': 4.077131237195135, 'gpp_b': 0.7987896438549947, 'gpp_d': 269.7608381628704, 'ign_k': 5.9736167866478125, 'ign_c': 0.11433485956638717}.
[I 2026-08-06 00:00:22,375] Trial 1186 finished with values: [12.2628954645724, 12.2628954645724] and parameters: {'k1': 0.015602015889668856, 'D_low': 2.458603276328005, 'k2': 0.0007081721844034209, 'D_high': 85018.70149611714, 'fire_exp': 1.151006986743773, 'P_half': 39.03214299767183, 'pre_dampen_half': 703.6426675556048, 'gpp_af': 35.20481045526041, 'gpp_b': 0.10123867001105968, 'gpp_d': 34.37107943937136, 'ign_k': 0.476373748459372, 'ign_c': 0.11433485956638717}.
[I 2026-08-06 00:00:23,405] Trial 1187 finished with values: [10.750901985844267, 10.750901985844267] and parameters: {'k1': 0.007333200379637282, 'D_low': 29.89885508829526, 'k2': 0.034987345440353576, 'D_high': 85018.70149611714, 'fire_exp': 3.9178186942813955, 'P_half': 12.808863354047988, 'pre_dampen_half': 703.6426675556048, 'gpp_af': 35.20481045526041, 'gpp_b': 0.7987896438549947, 'gpp_d': 4.5768578731086835, 'ign_k': 0.4702627143647234, 'ign_c': 14.810800730363484}.
[I 2026-08-06 00:00:24,450] Trial 1188 finished with values: [-0.5788556572195254, 0.08137837133089565] and parameters: {'k1': 0.03232155805617897, 'D_low': 2.458603276328005, 'k2': 0.0007081721844034209, 'D_high': 85018.70149611714, 'fire_exp': 1.151006986743773, 'P_half': 12.808863354047988, 'pre_dampen_half': 703.6426675556048, 'gpp_af': 35.20481045526041, 'gpp_b': 0.7987896438549947, 'gpp_d': 4.5768578731086835, 'ign_k': 5.9736167866478125, 'ign_c': 1.6676205667297381}.
[I 2026-08-06 00:00:25,571] Trial 1189 finished with values: [10.585865389041246, 10.585865389041246] and parameters: {'k1': 0.016973078532467004, 'D_low': 158.82035726402376, 'k2': 0.0007081721844034209, 'D_high': 85018.70149611714, 'fire_exp': 2.463347595720777, 'P_half': 12.808863354047988, 'pre_dampen_half': 111.37963167994629, 'gpp_af': 11.234842109991876, 'gpp_b': 0.7987896438549947, 'gpp_d': 4.5768578731086835, 'ign_k': 5.9736167866478125, 'ign_c': 0.11433485956638717}.
[I 2026-08-06 00:00:26,609] Trial 1190 finished with values: [-0.5853769196977725, 0.13473000589475248] and parameters: {'k1': 0.03232155805617897, 'D_low': 2.458603276328005, 'k2': 0.0007081721844034209, 'D_high': 75773.14388518519, 'fire_exp': 1.151006986743773, 'P_half': 44.718513991627965, 'pre_dampen_half': 36.876350096203005, 'gpp_af': 35.20481045526041, 'gpp_b': 0.03841303420847976, 'gpp_d': 4.5768578731086835, 'ign_k': 5.9736167866478125, 'ign_c': 0.11433485956638717}.
[I 2026-08-06 00:00:27,613] Trial 1191 finished with values: [10.768511982558453, 10.768511982558453] and parameters: {'k1': 0.016973078532467004, 'D_low': 2.458603276328005, 'k2': 0.0499774937030317, 'D_high': 75773.14388518519, 'fire_exp': 1.5201277403788451, 'P_half': 605.9999467262207, 'pre_dampen_half': 36.876350096203005, 'gpp_af': 0.0010377465972769557, 'gpp_b': 0.10123867001105968, 'gpp_d': 4.5768578731086835, 'ign_k': 5.9736167866478125, 'ign_c': 0.11433485956638717}.
[I 2026-08-06 00:00:28,724] Trial 1192 finished with values: [10.40306724030131, 10.40306724030131] and parameters: {'k1': 0.03232155805617897, 'D_low': 29.89885508829526, 'k2': 0.00038791280730284417, 'D_high': 68913.86015952702, 'fire_exp': 1.5201277403788451, 'P_half': 12.808863354047988, 'pre_dampen_half': 53.73093479067421, 'gpp_af': 35.20481045526041, 'gpp_b': 0.7987896438549947, 'gpp_d': 4.5768578731086835, 'ign_k': 0.4702627143647234, 'ign_c': 0.11433485956638717}.
[I 2026-08-06 00:00:29,759] Trial 1193 finished with values: [11.52280119819898, 11.52280119819898] and parameters: {'k1': 0.005643426708406567, 'D_low': 31.117676855667376, 'k2': 0.034987345440353576, 'D_high': 23846.702350126758, 'fire_exp': 1.5201277403788451, 'P_half': 12.808863354047988, 'pre_dampen_half': 917.1017259920797, 'gpp_af': 35.20481045526041, 'gpp_b': 0.10123867001105968, 'gpp_d': 34.37107943937136, 'ign_k': 5.9736167866478125, 'ign_c': 0.11433485956638717}.
[I 2026-08-06 00:00:30,802] Trial 1194 finished with values: [-0.5763604579068814, 0.08115737358553976] and parameters: {'k1': 0.005643426708406567, 'D_low': 2.458603276328005, 'k2': 0.0007081721844034209, 'D_high': 6455.595882939566, 'fire_exp': 1.151006986743773, 'P_half': 12.808863354047988, 'pre_dampen_half': 703.6426675556048, 'gpp_af': 35.20481045526041, 'gpp_b': 0.7987896438549947, 'gpp_d': 4.5768578731086835, 'ign_k': 5.9736167866478125, 'ign_c': 0.11433485956638717}.
[I 2026-08-06 00:00:31,861] Trial 1195 finished with values: [-0.5842905729609058, 0.14950670317841386] and parameters: {'k1': 0.016973078532467004, 'D_low': 2.458603276328005, 'k2': 0.0007081721844034209, 'D_high': 75773.14388518519, 'fire_exp': 1.151006986743773, 'P_half': 2.4106893837852787, 'pre_dampen_half': 36.876350096203005, 'gpp_af': 35.20481045526041, 'gpp_b': 0.03841303420847976, 'gpp_d': 4.5768578731086835, 'ign_k': 5.9736167866478125, 'ign_c': 0.11433485956638717}.
[I 2026-08-06 00:00:32,889] Trial 1196 finished with values: [-0.5793234311361705, 0.09821132201763738] and parameters: {'k1': 0.005643426708406567, 'D_low': 2.458603276328005, 'k2': 0.0007081721844034209, 'D_high': 85018.70149611714, 'fire_exp': 1.0473002272689056, 'P_half': 12.808863354047988, 'pre_dampen_half': 703.6426675556048, 'gpp_af': 35.20481045526041, 'gpp_b': 0.7987896438549947, 'gpp_d': 4.5768578731086835, 'ign_k': 5.9736167866478125, 'ign_c': 0.11433485956638717}.
[I 2026-08-06 00:00:33,917] Trial 1197 finished with values: [10.431442621217709, 10.431442621217709] and parameters: {'k1': 0.016973078532467004, 'D_low': 158.82035726402376, 'k2': 0.0007081721844034209, 'D_high': 85018.70149611714, 'fire_exp': 1.151006986743773, 'P_half': 12.808863354047988, 'pre_dampen_half': 703.6426675556048, 'gpp_af': 35.20481045526041, 'gpp_b': 0.052183838897628114, 'gpp_d': 4.5768578731086835, 'ign_k': 5.9736167866478125, 'ign_c': 0.17036120617148395}.
[I 2026-08-06 00:00:34,965] Trial 1198 finished with values: [-0.5788403931809613, 0.09071173724188575] and parameters: {'k1': 0.03232155805617897, 'D_low': 4.051452710153359, 'k2': 0.0499774937030317, 'D_high': 6455.595882939566, 'fire_exp': 1.010722707674549, 'P_half': 12.808863354047988, 'pre_dampen_half': 111.37963167994629, 'gpp_af': 35.20481045526041, 'gpp_b': 0.7987896438549947, 'gpp_d': 4.5768578731086835, 'ign_k': 5.9736167866478125, 'ign_c': 0.17036120617148395}.
[I 2026-08-06 00:00:35,985] Trial 1199 finished with values: [10.152963458168161, 10.152963458168161] and parameters: {'k1': 0.002971796631657383, 'D_low': 158.82035726402376, 'k2': 0.034987345440353576, 'D_high': 85018.70149611714, 'fire_exp': 1.3239942327296237, 'P_half': 12.808863354047988, 'pre_dampen_half': 88.81627111957808, 'gpp_af': 11.234842109991876, 'gpp_b': 0.7987896438549947, 'gpp_d': 4.5768578731086835, 'ign_k': 5.9736167866478125, 'ign_c': 0.11433485956638717}.
[I 2026-08-06 00:00:37,061] Trial 1200 finished with values: [-0.5784877397721981, 0.08631030257565353] and parameters: {'k1': 0.016973078532467004, 'D_low': 4.051452710153359, 'k2': 0.0007081721844034209, 'D_high': 6455.595882939566, 'fire_exp': 1.151006986743773, 'P_half': 12.808863354047988, 'pre_dampen_half': 703.6426675556048, 'gpp_af': 35.20481045526041, 'gpp_b': 0.7987896438549947, 'gpp_d': 4.5768578731086835, 'ign_k': 5.9736167866478125, 'ign_c': 0.17036120617148395}.
[I 2026-08-06 00:00:38,098] Trial 1201 finished with values: [-0.5784306947974946, 0.08880095266148347] and parameters: {'k1': 0.016973078532467004, 'D_low': 4.051452710153359, 'k2': 0.0002642238654525265, 'D_high': 39095.08806930525, 'fire_exp': 1.151006986743773, 'P_half': 12.808863354047988, 'pre_dampen_half': 703.6426675556048, 'gpp_af': 35.20481045526041, 'gpp_b': 0.7987896438549947, 'gpp_d': 4.5768578731086835, 'ign_k': 5.9736167866478125, 'ign_c': 0.17036120617148395}.
[I 2026-08-06 00:00:39,130] Trial 1202 finished with values: [-0.5587314970721222, 0.07801229819783018] and parameters: {'k1': 0.016973078532467004, 'D_low': 2.458603276328005, 'k2': 0.034987345440353576, 'D_high': 85018.70149611714, 'fire_exp': 1.151006986743773, 'P_half': 12.808863354047988, 'pre_dampen_half': 93.53769344293097, 'gpp_af': 35.20481045526041, 'gpp_b': 0.7987896438549947, 'gpp_d': 4.5768578731086835, 'ign_k': 0.12828203940471886, 'ign_c': 0.11433485956638717}.
[I 2026-08-06 00:00:40,510] Trial 1203 finished with values: [-0.5797783572765, 0.10920004032215391] and parameters: {'k1': 0.03232155805617897, 'D_low': 2.3548462628715368, 'k2': 0.0499774937030317, 'D_high': 85018.70149611714, 'fire_exp': 1.151006986743773, 'P_half': 12.808863354047988, 'pre_dampen_half': 703.6426675556048, 'gpp_af': 35.20481045526041, 'gpp_b': 0.7987896438549947, 'gpp_d': 4.5768578731086835, 'ign_k': 0.12828203940471886, 'ign_c': 0.11433485956638717}.
[I 2026-08-06 00:00:41,603] Trial 1204 finished with values: [10.008372451060747, 10.008372451060747] and parameters: {'k1': 0.005643426708406567, 'D_low': 4.051452710153359, 'k2': 0.0007081721844034209, 'D_high': 85018.70149611714, 'fire_exp': 1.151006986743773, 'P_half': 12.808863354047988, 'pre_dampen_half': 703.6426675556048, 'gpp_af': 0.8729941525466279, 'gpp_b': 0.7987896438549947, 'gpp_d': 4.5768578731086835, 'ign_k': 5.9736167866478125, 'ign_c': 8.392504050877111}.
[I 2026-08-06 00:00:42,669] Trial 1205 finished with values: [-0.5420637415579168, 0.06869904566865781] and parameters: {'k1': 0.005643426708406567, 'D_low': 31.117676855667376, 'k2': 3.706785664265659e-05, 'D_high': 85018.70149611714, 'fire_exp': 1.5201277403788451, 'P_half': 39.03214299767183, 'pre_dampen_half': 917.1017259920797, 'gpp_af': 1.6278996489926025, 'gpp_b': 0.10123867001105968, 'gpp_d': 34.37107943937136, 'ign_k': 5.9736167866478125, 'ign_c': 14.810800730363484}.
[I 2026-08-06 00:00:43,701] Trial 1206 finished with values: [11.948104580787348, 11.948104580787348] and parameters: {'k1': 0.016973078532467004, 'D_low': 4.051452710153359, 'k2': 0.0007081721844034209, 'D_high': 68913.86015952702, 'fire_exp': 1.2943117749495199, 'P_half': 12.808863354047988, 'pre_dampen_half': 703.6426675556048, 'gpp_af': 35.20481045526041, 'gpp_b': 2.4497488749956643e-05, 'gpp_d': 4.5768578731086835, 'ign_k': 0.12828203940471886, 'ign_c': 0.11433485956638717}.
[I 2026-08-06 00:00:44,779] Trial 1207 finished with values: [10.397790168339393, 10.397790168339393] and parameters: {'k1': 0.007333200379637282, 'D_low': 70.18267183720735, 'k2': 0.0007081721844034209, 'D_high': 2088.984173542034, 'fire_exp': 1.5201277403788451, 'P_half': 39.03214299767183, 'pre_dampen_half': 703.6426675556048, 'gpp_af': 0.6418343258142463, 'gpp_b': 0.7987896438549947, 'gpp_d': 34.37107943937136, 'ign_k': 5.9736167866478125, 'ign_c': 14.810800730363484}.
[I 2026-08-06 00:00:45,817] Trial 1208 finished with values: [10.51621504775939, 10.51621504775939] and parameters: {'k1': 0.03232155805617897, 'D_low': 2.458603276328005, 'k2': 0.0499774937030317, 'D_high': 85018.70149611714, 'fire_exp': 1.151006986743773, 'P_half': 39.03214299767183, 'pre_dampen_half': 111.37963167994629, 'gpp_af': 11.234842109991876, 'gpp_b': 0.10123867001105968, 'gpp_d': 4.5768578731086835, 'ign_k': 5.9736167866478125, 'ign_c': 0.11433485956638717}.
[I 2026-08-06 00:00:46,867] Trial 1209 finished with values: [-0.5840825746766907, 0.07051359516794964] and parameters: {'k1': 0.005643426708406567, 'D_low': 174.83983085324363, 'k2': 0.0007081721844034209, 'D_high': 85018.70149611714, 'fire_exp': 1.151006986743773, 'P_half': 12.808863354047988, 'pre_dampen_half': 111.37963167994629, 'gpp_af': 35.20481045526041, 'gpp_b': 0.7987896438549947, 'gpp_d': 10.409702860563906, 'ign_k': 0.5080094006294851, 'ign_c': 1.6676205667297381}.
[I 2026-08-06 00:00:47,936] Trial 1210 finished with values: [10.383829524762623, 10.383829524762623] and parameters: {'k1': 0.03232155805617897, 'D_low': 312.92286563608616, 'k2': 0.0499774937030317, 'D_high': 6455.595882939566, 'fire_exp': 1.5201277403788451, 'P_half': 12.808863354047988, 'pre_dampen_half': 111.37963167994629, 'gpp_af': 35.20481045526041, 'gpp_b': 0.7987896438549947, 'gpp_d': 4.5768578731086835, 'ign_k': 5.9736167866478125, 'ign_c': 0.11433485956638717}.
[I 2026-08-06 00:00:48,981] Trial 1211 finished with values: [10.60357209549548, 10.60357209549548] and parameters: {'k1': 0.03232155805617897, 'D_low': 4.020051040432125, 'k2': 0.0499774937030317, 'D_high': 39095.08806930525, 'fire_exp': 1.151006986743773, 'P_half': 12.808863354047988, 'pre_dampen_half': 111.37963167994629, 'gpp_af': 11.234842109991876, 'gpp_b': 0.10123867001105968, 'gpp_d': 4.5768578731086835, 'ign_k': 5.9736167866478125, 'ign_c': 0.29205563600251844}.
[I 2026-08-06 00:00:50,023] Trial 1212 finished with values: [-0.5684162469209441, 0.049533820010382645] and parameters: {'k1': 0.016594187721123744, 'D_low': 4.051452710153359, 'k2': 0.0007081721844034209, 'D_high': 85018.70149611714, 'fire_exp': 1.151006986743773, 'P_half': 12.808863354047988, 'pre_dampen_half': 703.6426675556048, 'gpp_af': 2.9865936975455876, 'gpp_b': 0.10123867001105968, 'gpp_d': 4.5768578731086835, 'ign_k': 5.9736167866478125, 'ign_c': 14.810800730363484}.
[I 2026-08-06 00:00:51,082] Trial 1213 finished with values: [10.767001137124877, 10.767001137124877] and parameters: {'k1': 0.016973078532467004, 'D_low': 31.117676855667376, 'k2': 0.0007081721844034209, 'D_high': 85018.70149611714, 'fire_exp': 1.2943117749495199, 'P_half': 12.808863354047988, 'pre_dampen_half': 0.22341051034589954, 'gpp_af': 35.20481045526041, 'gpp_b': 0.7987896438549947, 'gpp_d': 4.5768578731086835, 'ign_k': 5.9736167866478125, 'ign_c': 0.3253741042140523}.
[I 2026-08-06 00:00:52,142] Trial 1214 finished with values: [10.401949037416005, 10.401949037416005] and parameters: {'k1': 0.016973078532467004, 'D_low': 1996.1705347166455, 'k2': 0.011078632295006514, 'D_high': 85018.70149611714, 'fire_exp': 1.4456782093093066, 'P_half': 12.808863354047988, 'pre_dampen_half': 703.6426675556048, 'gpp_af': 35.20481045526041, 'gpp_b': 0.7987896438549947, 'gpp_d': 34.37107943937136, 'ign_k': 5.9736167866478125, 'ign_c': 0.11433485956638717}.
[I 2026-08-06 00:00:53,219] Trial 1215 finished with values: [10.640534983902, 10.640534983902] and parameters: {'k1': 0.016973078532467004, 'D_low': 312.92286563608616, 'k2': 0.0499774937030317, 'D_high': 984.0626059011972, 'fire_exp': 1.5201277403788451, 'P_half': 12.808863354047988, 'pre_dampen_half': 111.37963167994629, 'gpp_af': 35.20481045526041, 'gpp_b': 0.7987896438549947, 'gpp_d': 4.5768578731086835, 'ign_k': 5.9736167866478125, 'ign_c': 0.11433485956638717}.
[I 2026-08-06 00:00:54,277] Trial 1216 finished with values: [-0.5138390169199247, 0.12183601925125087] and parameters: {'k1': 0.005643426708406567, 'D_low': 31.117676855667376, 'k2': 0.0007081721844034209, 'D_high': 85018.70149611714, 'fire_exp': 1.5201277403788451, 'P_half': 39.03214299767183, 'pre_dampen_half': 917.1017259920797, 'gpp_af': 35.20481045526041, 'gpp_b': 0.10123867001105968, 'gpp_d': 4.5768578731086835, 'ign_k': 0.0020334482133945423, 'ign_c': 0.11433485956638717}.
[I 2026-08-06 00:00:55,417] Trial 1217 finished with values: [10.584064027442713, 10.584064027442713] and parameters: {'k1': 0.016973078532467004, 'D_low': 4.051452710153359, 'k2': 0.0007081721844034209, 'D_high': 6455.595882939566, 'fire_exp': 1.144329066180296, 'P_half': 12.808863354047988, 'pre_dampen_half': 703.6426675556048, 'gpp_af': 35.20481045526041, 'gpp_b': 0.7987896438549947, 'gpp_d': 0.4690202496211708, 'ign_k': 5.9736167866478125, 'ign_c': 0.3253741042140523}.
[I 2026-08-06 00:00:57,356] Trial 1218 finished with values: [10.769230768838547, 10.769230768838547] and parameters: {'k1': 0.016973078532467004, 'D_low': 9.051497105326684, 'k2': 0.0007081721844034209, 'D_high': 85018.70149611714, 'fire_exp': 1.151006986743773, 'P_half': 12.808863354047988, 'pre_dampen_half': 703.6426675556048, 'gpp_af': 35.20481045526041, 'gpp_b': 0.7987896438549947, 'gpp_d': 4.5768578731086835, 'ign_k': 5.9736167866478125, 'ign_c': 137.90750725122015}.
[I 2026-08-06 00:00:59,370] Trial 1219 finished with values: [10.339779127574568, 10.339779127574568] and parameters: {'k1': 0.016973078532467004, 'D_low': 312.92286563608616, 'k2': 0.0499774937030317, 'D_high': 39095.08806930525, 'fire_exp': 1.5201277403788451, 'P_half': 12.808863354047988, 'pre_dampen_half': 111.37963167994629, 'gpp_af': 11.234842109991876, 'gpp_b': 0.7987896438549947, 'gpp_d': 4.5768578731086835, 'ign_k': 5.9736167866478125, 'ign_c': 0.29205563600251844}.
[I 2026-08-06 00:01:01,204] Trial 1220 finished with values: [-0.5783095568693911, 0.07642503612862461] and parameters: {'k1': 0.04897760278488444, 'D_low': 2.458603276328005, 'k2': 0.0007081721844034209, 'D_high': 85018.70149611714, 'fire_exp': 1.151006986743773, 'P_half': 12.808863354047988, 'pre_dampen_half': 703.6426675556048, 'gpp_af': 35.20481045526041, 'gpp_b': 0.7987896438549947, 'gpp_d': 4.5768578731086835, 'ign_k': 5.9736167866478125, 'ign_c': 2.592301536155855}.
[I 2026-08-06 00:01:03,705] Trial 1221 finished with values: [10.586237450095183, 10.586237450095183] and parameters: {'k1': 0.016973078532467004, 'D_low': 2.458603276328005, 'k2': 0.034987345440353576, 'D_high': 85018.70149611714, 'fire_exp': 1.2943117749495199, 'P_half': 39.03214299767183, 'pre_dampen_half': 703.6426675556048, 'gpp_af': 3.4546549264812216, 'gpp_b': 0.539125393369549, 'gpp_d': 4.5768578731086835, 'ign_k': 1.786252932834922, 'ign_c': 0.11433485956638717}.
[I 2026-08-06 00:01:05,565] Trial 1222 finished with values: [13.136910511669722, 13.136910511669722] and parameters: {'k1': 0.03232155805617897, 'D_low': 117.2401123013763, 'k2': 0.0007081721844034209, 'D_high': 55772.84121799238, 'fire_exp': 1.5201277403788451, 'P_half': 39.03214299767183, 'pre_dampen_half': 703.6426675556048, 'gpp_af': 0.1588528422491509, 'gpp_b': 1.722111409234053e-05, 'gpp_d': 4.5768578731086835, 'ign_k': 0.4702627143647234, 'ign_c': 2.592301536155855}.
[I 2026-08-06 00:01:07,469] Trial 1223 finished with values: [10.14400139438622, 10.14400139438622] and parameters: {'k1': 0.016973078532467004, 'D_low': 2.458603276328005, 'k2': 0.0007081721844034209, 'D_high': 85018.70149611714, 'fire_exp': 1.404276171936119, 'P_half': 12.808863354047988, 'pre_dampen_half': 111.37963167994629, 'gpp_af': 35.20481045526041, 'gpp_b': 0.7987896438549947, 'gpp_d': 4.5768578731086835, 'ign_k': 5.9736167866478125, 'ign_c': 0.17036120617148395}.
[I 2026-08-06 00:01:09,003] Trial 1224 finished with values: [-0.5705526316563615, 0.04900785857034573] and parameters: {'k1': 0.005643426708406567, 'D_low': 4.051452710153359, 'k2': 0.00038791280730284417, 'D_high': 85018.70149611714, 'fire_exp': 1.5201277403788451, 'P_half': 39.03214299767183, 'pre_dampen_half': 703.6426675556048, 'gpp_af': 11.234842109991876, 'gpp_b': 0.10123867001105968, 'gpp_d': 34.37107943937136, 'ign_k': 0.4702627143647234, 'ign_c': 14.810800730363484}.
[I 2026-08-06 00:01:10,132] Trial 1225 finished with values: [10.236551088402795, 10.236551088402795] and parameters: {'k1': 0.016973078532467004, 'D_low': 2.458603276328005, 'k2': 0.0007081721844034209, 'D_high': 85018.70149611714, 'fire_exp': 1.151006986743773, 'P_half': 12.808863354047988, 'pre_dampen_half': 36.876350096203005, 'gpp_af': 35.20481045526041, 'gpp_b': 0.03841303420847976, 'gpp_d': 0.43748560545593573, 'ign_k': 5.9736167866478125, 'ign_c': 0.11433485956638717}.
[I 2026-08-06 00:01:11,209] Trial 1226 finished with values: [10.191098606559068, 10.191098606559068] and parameters: {'k1': 0.006697348618512094, 'D_low': 2.458603276328005, 'k2': 0.0007081721844034209, 'D_high': 85018.70149611714, 'fire_exp': 1.0473002272689056, 'P_half': 12.808863354047988, 'pre_dampen_half': 703.6426675556048, 'gpp_af': 35.20481045526041, 'gpp_b': 0.7987896438549947, 'gpp_d': 1.4794382088887477, 'ign_k': 0.4702627143647234, 'ign_c': 0.9698743148715472}.
[I 2026-08-06 00:01:12,291] Trial 1227 finished with values: [-0.568741450835695, 0.06308426909748321] and parameters: {'k1': 0.03232155805617897, 'D_low': 2.458603276328005, 'k2': 0.0499774937030317, 'D_high': 85018.70149611714, 'fire_exp': 1.151006986743773, 'P_half': 12.808863354047988, 'pre_dampen_half': 111.37963167994629, 'gpp_af': 35.20481045526041, 'gpp_b': 0.7987896438549947, 'gpp_d': 4.5768578731086835, 'ign_k': 5.9736167866478125, 'ign_c': 1.6676205667297381}.
[I 2026-08-06 00:01:13,368] Trial 1228 finished with values: [11.62438337177026, 11.62438337177026] and parameters: {'k1': 0.016973078532467004, 'D_low': 2.458603276328005, 'k2': 2.2615266960724332e-05, 'D_high': 75773.14388518519, 'fire_exp': 1.151006986743773, 'P_half': 2.4106893837852787, 'pre_dampen_half': 703.6426675556048, 'gpp_af': 35.20481045526041, 'gpp_b': 0.00021070348375919418, 'gpp_d': 4.5768578731086835, 'ign_k': 5.9736167866478125, 'ign_c': 0.11433485956638717}.
[I 2026-08-06 00:01:14,449] Trial 1229 finished with values: [-0.5779405497988305, 0.06688749188952459] and parameters: {'k1': 0.016973078532467004, 'D_low': 29.89885508829526, 'k2': 0.0499774937030317, 'D_high': 85018.70149611714, 'fire_exp': 1.2943117749495199, 'P_half': 12.808863354047988, 'pre_dampen_half': 703.6426675556048, 'gpp_af': 35.20481045526041, 'gpp_b': 0.7987896438549947, 'gpp_d': 4.5768578731086835, 'ign_k': 0.4702627143647234, 'ign_c': 0.11433485956638717}.
