[I 2026-08-06 00:13:35,687] Trial 435 finished with values: [10.15715048984191, 10.15715048984191] and parameters: {'k1': 0.00012105387404469581, 'D_low': 2.458603276328005, 'k2': 2.1698375693549493e-05, 'D_high': 75773.14388518519, 'fire_exp': 1.182396148413737, 'P_half': 408.3047491580097, 'pre_dampen_half': 36.876350096203005, 'gpp_af': 0.0014003494178092962, 'gpp_b': 3.228689523591491e-05, 'gpp_d': 857.4284557962634, 'ign_k': 0.0026834162496848666, 'ign_c': 201.0328373440913}.
[I 2026-08-06 00:13:36,667] Trial 436 finished with values: [10.75110535827084, 10.75110535827084] and parameters: {'k1': 0.0017320535908244437, 'D_low': 3.2770228519285682, 'k2': 3.5917714215176105e-05, 'D_high': 6366.1449945522045, 'fire_exp': 1.5201277403788451, 'P_half': 1938.3858782150498, 'pre_dampen_half': 304.7488318185732, 'gpp_af': 0.47739011308437823, 'gpp_b': 8.539677611488478e-05, 'gpp_d': 0.19476644406315288, 'ign_k': 0.03141110271934876, 'ign_c': 47.268615251255675}.
[I 2026-08-06 00:13:37,647] Trial 437 finished with values: [-0.5429348086369433, 0.2450365817608724] and parameters: {'k1': 2.0937989739527727e-05, 'D_low': 74.92772870670282, 'k2': 0.0010204225357677778, 'D_high': 9769.756791866093, 'fire_exp': 1.0881360604103363, 'P_half': 63.585411411994926, 'pre_dampen_half': 703.6426675556048, 'gpp_af': 10.25616274847308, 'gpp_b': 2.800940363375676e-05, 'gpp_d': 4.5768578731086835, 'ign_k': 0.0048255892187380085, 'ign_c': 6.160975294741436}.
[I 2026-08-06 00:13:38,676] Trial 438 finished with values: [10.749329349172493, 10.749329349172493] and parameters: {'k1': 0.0002656971546588439, 'D_low': 396.8136435370147, 'k2': 3.5917714215176105e-05, 'D_high': 10316.033434719713, 'fire_exp': 1.5201277403788451, 'P_half': 147.09699119495133, 'pre_dampen_half': 76.86605275420082, 'gpp_af': 35.20481045526041, 'gpp_b': 0.011750724729953272, 'gpp_d': 0.47379914349407487, 'ign_k': 0.005877005203443299, 'ign_c': 14.810800730363484}.
[I 2026-08-06 00:13:39,719] Trial 439 finished with values: [10.549801800605083, 10.549801800605083] and parameters: {'k1': 0.00012105387404469581, 'D_low': 2.458603276328005, 'k2': 0.0499774937030317, 'D_high': 3660.150802571655, 'fire_exp': 1.811096651915224, 'P_half': 941.9612235978199, 'pre_dampen_half': 76.86605275420082, 'gpp_af': 1.6595781802652418, 'gpp_b': 5.2308563179361105e-05, 'gpp_d': 150.14555442537656, 'ign_k': 0.002357279455676982, 'ign_c': 14.810800730363484}.
[I 2026-08-06 00:13:40,741] Trial 440 finished with values: [10.128279280800374, 10.128279280800374] and parameters: {'k1': 0.0017320535908244437, 'D_low': 4.051452710153359, 'k2': 3.5917714215176105e-05, 'D_high': 3660.150802571655, 'fire_exp': 1.5201277403788451, 'P_half': 4.395816797119711, 'pre_dampen_half': 33.9790424311127, 'gpp_af': 12.298017893269162, 'gpp_b': 8.539677611488478e-05, 'gpp_d': 150.14555442537656, 'ign_k': 0.09071933427331372, 'ign_c': 14.810800730363484}.
[I 2026-08-06 00:13:41,872] Trial 441 finished with values: [10.33982251879045, 10.33982251879045] and parameters: {'k1': 0.0017320535908244437, 'D_low': 98.57545621889057, 'k2': 0.006138509947844854, 'D_high': 1123.9682517242118, 'fire_exp': 1.5201277403788451, 'P_half': 8.369109437186466, 'pre_dampen_half': 304.7488318185732, 'gpp_af': 0.004344117003966495, 'gpp_b': 8.539677611488478e-05, 'gpp_d': 0.11136446029400991, 'ign_k': 0.005877005203443299, 'ign_c': 14.810800730363484}.
[I 2026-08-06 00:13:42,882] Trial 442 finished with values: [10.724019719886211, 10.724019719886211] and parameters: {'k1': 0.025383218374507292, 'D_low': 18.522006003174383, 'k2': 0.021307706784814803, 'D_high': 1687.3495104568947, 'fire_exp': 1.1044852285094786, 'P_half': 608.3019192425825, 'pre_dampen_half': 14.689898077648792, 'gpp_af': 0.028585493941961918, 'gpp_b': 0.6637926838138378, 'gpp_d': 4.5768578731086835, 'ign_k': 0.0026834162496848666, 'ign_c': 2.92043384718141}.
[I 2026-08-06 00:13:43,894] Trial 443 finished with values: [10.216013010340635, 10.216013010340635] and parameters: {'k1': 0.002971796631657383, 'D_low': 7.068974950624602, 'k2': 0.006138509947844854, 'D_high': 75773.14388518519, 'fire_exp': 1.0881360604103363, 'P_half': 14.94057723907974, 'pre_dampen_half': 1.6130673726933187, 'gpp_af': 0.028585493941961918, 'gpp_b': 0.0006082667040432242, 'gpp_d': 368.30088529547436, 'ign_k': 0.0026834162496848666, 'ign_c': 10.140635645866492}.
[I 2026-08-06 00:13:44,875] Trial 444 finished with values: [10.89463594714764, 10.89463594714764] and parameters: {'k1': 2.0937989739527727e-05, 'D_low': 29.89885508829526, 'k2': 0.0007081721844034209, 'D_high': 75773.14388518519, 'fire_exp': 1.2943117749495199, 'P_half': 63.585411411994926, 'pre_dampen_half': 76.86605275420082, 'gpp_af': 10.25616274847308, 'gpp_b': 0.011750724729953272, 'gpp_d': 39.827466658711515, 'ign_k': 0.10712009151798696, 'ign_c': 0.6235377135673155}.
[I 2026-08-06 00:13:45,857] Trial 445 finished with values: [-0.5404211517058706, 0.17717618688054415] and parameters: {'k1': 0.021368329072358756, 'D_low': 7.068974950624602, 'k2': 1.4378290221680118e-05, 'D_high': 10.605801312906209, 'fire_exp': 1.1044852285094786, 'P_half': 24.136213194527585, 'pre_dampen_half': 33.9790424311127, 'gpp_af': 0.028585493941961918, 'gpp_b': 0.011750724729953272, 'gpp_d': 4.5768578731086835, 'ign_k': 0.019192001101561888, 'ign_c': 2.92043384718141}.
[I 2026-08-06 00:13:46,883] Trial 446 finished with values: [10.769230768877819, 10.769230768877819] and parameters: {'k1': 0.03232155805617897, 'D_low': 2.5379946629058443, 'k2': 0.0004381141781653133, 'D_high': 6366.1449945522045, 'fire_exp': 1.9365919987098117, 'P_half': 8.369109437186466, 'pre_dampen_half': 703.6426675556048, 'gpp_af': 0.0025511964576171086, 'gpp_b': 0.0035057749039614167, 'gpp_d': 0.11136446029400991, 'ign_k': 0.8826264591983531, 'ign_c': 47.268615251255675}.
[I 2026-08-06 00:13:47,848] Trial 447 finished with values: [-0.39142657542345755, 0.27773212745934195] and parameters: {'k1': 0.00012105387404469581, 'D_low': 2.458603276328005, 'k2': 0.002935672965826306, 'D_high': 57.90964233881214, 'fire_exp': 1.3614924220931135, 'P_half': 2.157758652553991, 'pre_dampen_half': 805.2502904451399, 'gpp_af': 1.6595781802652418, 'gpp_b': 3.228689523591491e-05, 'gpp_d': 39.827466658711515, 'ign_k': 0.017654048052495083, 'ign_c': 0.11049703024154134}.
[I 2026-08-06 00:13:48,828] Trial 448 finished with values: [11.566554674412115, 11.566554674412115] and parameters: {'k1': 0.0017320535908244437, 'D_low': 2.5379946629058443, 'k2': 0.010080550999930625, 'D_high': 3660.150802571655, 'fire_exp': 1.2680134752324452, 'P_half': 336.708521740818, 'pre_dampen_half': 304.7488318185732, 'gpp_af': 13.560863064135962, 'gpp_b': 3.228689523591491e-05, 'gpp_d': 857.4284557962634, 'ign_k': 0.03141110271934876, 'ign_c': 14.810800730363484}.
[I 2026-08-06 00:13:49,807] Trial 449 finished with values: [-0.448713352133729, 0.3276730762021236] and parameters: {'k1': 0.0002656971546588439, 'D_low': 125.32726386250698, 'k2': 0.0004381141781653133, 'D_high': 8182.111518618414, 'fire_exp': 1.010722707674549, 'P_half': 125.61043700013555, 'pre_dampen_half': 304.7488318185732, 'gpp_af': 0.0025511964576171086, 'gpp_b': 0.011750724729953272, 'gpp_d': 300.3420512048734, 'ign_k': 0.005877005203443299, 'ign_c': 1.24801809651176}.
[I 2026-08-06 00:13:50,837] Trial 450 finished with values: [10.768412591417007, 10.768412591417007] and parameters: {'k1': 0.021368329072358756, 'D_low': 7.068974950624602, 'k2': 0.006138509947844854, 'D_high': 109.44963667961977, 'fire_exp': 4.305322641492379, 'P_half': 2.157758652553991, 'pre_dampen_half': 36.876350096203005, 'gpp_af': 0.028585493941961918, 'gpp_b': 5.2308563179361105e-05, 'gpp_d': 4.5768578731086835, 'ign_k': 0.017654048052495083, 'ign_c': 14.810800730363484}.
[I 2026-08-06 00:13:51,850] Trial 451 finished with values: [10.76390622311742, 10.76390622311742] and parameters: {'k1': 0.0014452451441203328, 'D_low': 2.5379946629058443, 'k2': 3.5917714215176105e-05, 'D_high': 3660.150802571655, 'fire_exp': 1.182396148413737, 'P_half': 1938.3858782150498, 'pre_dampen_half': 304.7488318185732, 'gpp_af': 1.6595781802652418, 'gpp_b': 3.228689523591491e-05, 'gpp_d': 0.19476644406315288, 'ign_k': 0.11903394335305037, 'ign_c': 47.268615251255675}.
[I 2026-08-06 00:13:52,893] Trial 452 finished with values: [10.377308619998173, 10.377308619998173] and parameters: {'k1': 0.002971796631657383, 'D_low': 74.92772870670282, 'k2': 0.0004381141781653133, 'D_high': 6366.1449945522045, 'fire_exp': 1.0881360604103363, 'P_half': 1938.3858782150498, 'pre_dampen_half': 5.542030950268268, 'gpp_af': 0.08235550625917108, 'gpp_b': 0.011750724729953272, 'gpp_d': 79.2915624488668, 'ign_k': 0.11903394335305037, 'ign_c': 6.160975294741436}.
[I 2026-08-06 00:13:53,873] Trial 453 finished with values: [10.506762833869443, 10.506762833869443] and parameters: {'k1': 0.021368329072358756, 'D_low': 7.068974950624602, 'k2': 2.678690610097712e-05, 'D_high': 8182.111518618414, 'fire_exp': 1.811096651915224, 'P_half': 12.808863354047988, 'pre_dampen_half': 33.9790424311127, 'gpp_af': 0.028585493941961918, 'gpp_b': 0.011750724729953272, 'gpp_d': 4.5768578731086835, 'ign_k': 0.002357279455676982, 'ign_c': 0.1457050032975653}.
[I 2026-08-06 00:13:54,872] Trial 454 finished with values: [-0.5699887610477703, 0.1913434753307739] and parameters: {'k1': 0.03232155805617897, 'D_low': 125.32726386250698, 'k2': 0.006138509947844854, 'D_high': 11069.082134755383, 'fire_exp': 2.196935728020977, 'P_half': 22.4895428439145, 'pre_dampen_half': 111.37963167994629, 'gpp_af': 0.47739011308437823, 'gpp_b': 8.539677611488478e-05, 'gpp_d': 5.085491038878331, 'ign_k': 0.005877005203443299, 'ign_c': 8.671454322584175}.
[I 2026-08-06 00:13:55,886] Trial 455 finished with values: [10.842189793136589, 10.842189793136589] and parameters: {'k1': 0.03232155805617897, 'D_low': 98.57545621889057, 'k2': 0.006138509947844854, 'D_high': 1123.9682517242118, 'fire_exp': 2.2881850891698634, 'P_half': 14.94057723907974, 'pre_dampen_half': 111.37963167994629, 'gpp_af': 0.004344117003966495, 'gpp_b': 0.0006082667040432242, 'gpp_d': 653.070428885499, 'ign_k': 0.8826264591983531, 'ign_c': 8.671454322584175}.
[I 2026-08-06 00:13:56,901] Trial 456 finished with values: [10.652855619486173, 10.652855619486173] and parameters: {'k1': 0.021368329072358756, 'D_low': 7.068974950624602, 'k2': 1.1184534120760473e-05, 'D_high': 75773.14388518519, 'fire_exp': 2.197213031069217, 'P_half': 339.2247823857358, 'pre_dampen_half': 1.6130673726933187, 'gpp_af': 0.028585493941961918, 'gpp_b': 3.481277316673104e-05, 'gpp_d': 368.30088529547436, 'ign_k': 5.347027553411489, 'ign_c': 2.92043384718141}.
[I 2026-08-06 00:13:57,913] Trial 457 finished with values: [12.27312464162959, 12.27312464162959] and parameters: {'k1': 0.03232155805617897, 'D_low': 7.068974950624602, 'k2': 0.006138509947844854, 'D_high': 9769.756791866093, 'fire_exp': 1.010722707674549, 'P_half': 14.94057723907974, 'pre_dampen_half': 14.689898077648792, 'gpp_af': 0.028585493941961918, 'gpp_b': 0.0006082667040432242, 'gpp_d': 368.30088529547436, 'ign_k': 0.11101191524846071, 'ign_c': 2.92043384718141}.
[I 2026-08-06 00:13:58,878] Trial 458 finished with values: [10.725679177159915, 10.725679177159915] and parameters: {'k1': 0.0017320535908244437, 'D_low': 125.32726386250698, 'k2': 1.4378290221680118e-05, 'D_high': 75773.14388518519, 'fire_exp': 2.196935728020977, 'P_half': 24.136213194527585, 'pre_dampen_half': 304.7488318185732, 'gpp_af': 0.028585493941961918, 'gpp_b': 0.011750724729953272, 'gpp_d': 0.03254982364882648, 'ign_k': 0.005877005203443299, 'ign_c': 14.810800730363484}.
[I 2026-08-06 00:13:59,827] Trial 459 finished with values: [-0.4412417617387625, 0.2164738317485898] and parameters: {'k1': 0.0005486676498816061, 'D_low': 532.1216007763549, 'k2': 2.1698375693549493e-05, 'D_high': 20.31481195045495, 'fire_exp': 1.5201277403788451, 'P_half': 2.157758652553991, 'pre_dampen_half': 485.44768702840923, 'gpp_af': 0.0025511964576171086, 'gpp_b': 0.003510201564752293, 'gpp_d': 0.07404167689653945, 'ign_k': 3.7173717478250508, 'ign_c': 2.2882309479728957}.
[I 2026-08-06 00:14:00,823] Trial 460 finished with values: [12.219855060868387, 12.219855060868387] and parameters: {'k1': 0.005643426708406567, 'D_low': 2.1234210963705626, 'k2': 0.006138509947844854, 'D_high': 6455.595882939566, 'fire_exp': 1.8713074096420792, 'P_half': 12.808863354047988, 'pre_dampen_half': 304.7488318185732, 'gpp_af': 1.6595781802652418, 'gpp_b': 3.481277316673104e-05, 'gpp_d': 39.827466658711515, 'ign_k': 0.11101191524846071, 'ign_c': 14.810800730363484}.
[I 2026-08-06 00:14:01,854] Trial 461 finished with values: [10.619426947632086, 10.619426947632086] and parameters: {'k1': 0.002971796631657383, 'D_low': 7.068974950624602, 'k2': 0.08790311296857814, 'D_high': 3660.150802571655, 'fire_exp': 1.0881360604103363, 'P_half': 125.61043700013555, 'pre_dampen_half': 76.86605275420082, 'gpp_af': 1.6595781802652418, 'gpp_b': 0.011750724729953272, 'gpp_d': 5.878566318396007, 'ign_k': 0.0026834162496848666, 'ign_c': 2.92043384718141}.
[I 2026-08-06 00:14:02,991] Trial 462 finished with values: [11.772691304481452, 11.772691304481452] and parameters: {'k1': 3.252245757497282e-05, 'D_low': 74.92772870670282, 'k2': 3.5917714215176105e-05, 'D_high': 3660.150802571655, 'fire_exp': 1.182396148413737, 'P_half': 24.136213194527585, 'pre_dampen_half': 304.7488318185732, 'gpp_af': 0.0021836613912815635, 'gpp_b': 3.481277316673104e-05, 'gpp_d': 4.5768578731086835, 'ign_k': 0.11903394335305037, 'ign_c': 0.8891936446296247}.
[I 2026-08-06 00:14:03,986] Trial 463 finished with values: [-0.5206793626009921, 0.14232067807831184] and parameters: {'k1': 0.0017320535908244437, 'D_low': 396.8136435370147, 'k2': 0.0001599021369655865, 'D_high': 6802.810205786723, 'fire_exp': 1.1044852285094786, 'P_half': 24.136213194527585, 'pre_dampen_half': 33.9790424311127, 'gpp_af': 0.028585493941961918, 'gpp_b': 0.011750724729953272, 'gpp_d': 10.931606102061748, 'ign_k': 0.005877005203443299, 'ign_c': 14.810800730363484}.
[I 2026-08-06 00:14:04,934] Trial 464 finished with values: [-0.4980879580166178, 0.24465118021591892] and parameters: {'k1': 3.252245757497282e-05, 'D_low': 1112.9571947046009, 'k2': 3.5917714215176105e-05, 'D_high': 17300.724838654387, 'fire_exp': 1.5201277403788451, 'P_half': 24.136213194527585, 'pre_dampen_half': 304.7488318185732, 'gpp_af': 0.0025511964576171086, 'gpp_b': 3.481277316673104e-05, 'gpp_d': 150.14555442537656, 'ign_k': 0.019192001101561888, 'ign_c': 9.34330265731847}.
[I 2026-08-06 00:14:05,899] Trial 465 finished with values: [10.732393792406056, 10.732393792406056] and parameters: {'k1': 0.00324789183891923, 'D_low': 2.1234210963705626, 'k2': 0.006138509947844854, 'D_high': 18.595266457134045, 'fire_exp': 1.1044852285094786, 'P_half': 958.8659498594012, 'pre_dampen_half': 1.6130673726933187, 'gpp_af': 5.511863475708366, 'gpp_b': 0.0024194895091734425, 'gpp_d': 368.30088529547436, 'ign_k': 0.11101191524846071, 'ign_c': 10.140635645866492}.
[I 2026-08-06 00:14:06,882] Trial 466 finished with values: [-0.4805173151449086, 0.1788120132089931] and parameters: {'k1': 3.252245757497282e-05, 'D_low': 125.32726386250698, 'k2': 0.0004381141781653133, 'D_high': 6366.1449945522045, 'fire_exp': 2.196935728020977, 'P_half': 24.136213194527585, 'pre_dampen_half': 703.6426675556048, 'gpp_af': 0.0025511964576171086, 'gpp_b': 3.481277316673104e-05, 'gpp_d': 0.19476644406315288, 'ign_k': 0.03141110271934876, 'ign_c': 14.810800730363484}.
[I 2026-08-06 00:14:07,866] Trial 467 finished with values: [-0.5498481529074166, 0.25114652492021305] and parameters: {'k1': 0.021368329072358756, 'D_low': 7.068974950624602, 'k2': 0.0004381141781653133, 'D_high': 75773.14388518519, 'fire_exp': 1.1044852285094786, 'P_half': 1938.3858782150498, 'pre_dampen_half': 247.25776073156666, 'gpp_af': 0.0025511964576171086, 'gpp_b': 3.228689523591491e-05, 'gpp_d': 150.14555442537656, 'ign_k': 0.03141110271934876, 'ign_c': 47.268615251255675}.
[I 2026-08-06 00:14:08,831] Trial 468 finished with values: [-0.5514207910423494, 0.13133628945115794] and parameters: {'k1': 0.0029707920514735983, 'D_low': 1.54121727098019, 'k2': 1.1184534120760473e-05, 'D_high': 75773.14388518519, 'fire_exp': 1.4665043946307825, 'P_half': 125.61043700013555, 'pre_dampen_half': 36.876350096203005, 'gpp_af': 0.0025511964576171086, 'gpp_b': 3.228689523591491e-05, 'gpp_d': 5.878566318396007, 'ign_k': 0.019192001101561888, 'ign_c': 2.92043384718141}.
[I 2026-08-06 00:14:09,813] Trial 469 finished with values: [-0.523389618155003, 0.16471827988801901] and parameters: {'k1': 0.00012105387404469581, 'D_low': 4.051452710153359, 'k2': 3.5917714215176105e-05, 'D_high': 3660.150802571655, 'fire_exp': 1.5201277403788451, 'P_half': 22.4895428439145, 'pre_dampen_half': 304.7488318185732, 'gpp_af': 1.6595781802652418, 'gpp_b': 8.539677611488478e-05, 'gpp_d': 8.144272585223819, 'ign_k': 0.03141110271934876, 'ign_c': 2.41842279584716}.
[I 2026-08-06 00:14:10,777] Trial 470 finished with values: [11.874364621220385, 11.874364621220385] and parameters: {'k1': 0.0017320535908244437, 'D_low': 125.32726386250698, 'k2': 0.0010204225357677778, 'D_high': 10316.033434719713, 'fire_exp': 2.196935728020977, 'P_half': 22.4895428439145, 'pre_dampen_half': 304.7488318185732, 'gpp_af': 0.47739011308437823, 'gpp_b': 8.539677611488478e-05, 'gpp_d': 300.3420512048734, 'ign_k': 0.4702627143647234, 'ign_c': 14.810800730363484}.
[I 2026-08-06 00:14:11,727] Trial 471 finished with values: [10.639966584527329, 10.639966584527329] and parameters: {'k1': 0.0002656971546588439, 'D_low': 74.92772870670282, 'k2': 3.5917714215176105e-05, 'D_high': 10316.033434719713, 'fire_exp': 1.5201277403788451, 'P_half': 147.09699119495133, 'pre_dampen_half': 76.86605275420082, 'gpp_af': 35.20481045526041, 'gpp_b': 0.05314875633348467, 'gpp_d': 4.5768578731086835, 'ign_k': 0.4702627143647234, 'ign_c': 0.15239409361703363}.
[I 2026-08-06 00:14:12,741] Trial 472 finished with values: [10.330788874885899, 10.330788874885899] and parameters: {'k1': 0.025383218374507292, 'D_low': 125.32726386250698, 'k2': 0.0004381141781653133, 'D_high': 3660.150802571655, 'fire_exp': 1.5201277403788451, 'P_half': 125.61043700013555, 'pre_dampen_half': 304.7488318185732, 'gpp_af': 1.6595781802652418, 'gpp_b': 0.011750724729953272, 'gpp_d': 227.8683621488816, 'ign_k': 0.019192001101561888, 'ign_c': 6.160975294741436}.
[I 2026-08-06 00:14:13,737] Trial 473 finished with values: [10.769230768877819, 10.769230768877819] and parameters: {'k1': 0.03232155805617897, 'D_low': 1112.9571947046009, 'k2': 0.0783350052213816, 'D_high': 57.90964233881214, 'fire_exp': 1.5201277403788451, 'P_half': 24.136213194527585, 'pre_dampen_half': 111.37963167994629, 'gpp_af': 69.88585397513438, 'gpp_b': 3.481277316673104e-05, 'gpp_d': 39.827466658711515, 'ign_k': 0.03141110271934876, 'ign_c': 99.67983879709281}.
[I 2026-08-06 00:14:14,685] Trial 474 finished with values: [10.323918549823217, 10.323918549823217] and parameters: {'k1': 0.002971796631657383, 'D_low': 74.92772870670282, 'k2': 0.0007081721844034209, 'D_high': 33.139424373451995, 'fire_exp': 1.0881360604103363, 'P_half': 10.226988730324324, 'pre_dampen_half': 5.542030950268268, 'gpp_af': 0.08235550625917108, 'gpp_b': 0.011750724729953272, 'gpp_d': 4.5768578731086835, 'ign_k': 0.11903394335305037, 'ign_c': 6.160975294741436}.
[I 2026-08-06 00:14:15,666] Trial 475 finished with values: [10.587009248018806, 10.587009248018806] and parameters: {'k1': 0.0005486676498816061, 'D_low': 98.57545621889057, 'k2': 0.006138509947844854, 'D_high': 75773.14388518519, 'fire_exp': 1.0473002272689056, 'P_half': 958.8659498594012, 'pre_dampen_half': 76.86605275420082, 'gpp_af': 0.028585493941961918, 'gpp_b': 0.35446974723746, 'gpp_d': 150.14555442537656, 'ign_k': 0.0027847738314446878, 'ign_c': 2.92043384718141}.
[I 2026-08-06 00:14:16,646] Trial 476 finished with values: [12.111261488003722, 12.111261488003722] and parameters: {'k1': 0.00012105387404469581, 'D_low': 1112.9571947046009, 'k2': 0.006138509947844854, 'D_high': 3660.150802571655, 'fire_exp': 1.058246684404056, 'P_half': 12.808863354047988, 'pre_dampen_half': 111.37963167994629, 'gpp_af': 1.6595781802652418, 'gpp_b': 8.539677611488478e-05, 'gpp_d': 39.827466658711515, 'ign_k': 0.11101191524846071, 'ign_c': 14.810800730363484}.
[I 2026-08-06 00:14:17,628] Trial 477 finished with values: [-0.5054011371729397, 0.17300470534633838] and parameters: {'k1': 0.0005486676498816061, 'D_low': 98.57545621889057, 'k2': 2.1698375693549493e-05, 'D_high': 949.9072859745386, 'fire_exp': 1.182396148413737, 'P_half': 7.857247967427123, 'pre_dampen_half': 36.876350096203005, 'gpp_af': 0.004344117003966495, 'gpp_b': 0.003510201564752293, 'gpp_d': 891.8036602897795, 'ign_k': 3.7173717478250508, 'ign_c': 2.92043384718141}.
[I 2026-08-06 00:14:18,609] Trial 478 finished with values: [10.16894549069501, 10.16894549069501] and parameters: {'k1': 1.226010546471291e-05, 'D_low': 29.89885508829526, 'k2': 1.1184534120760473e-05, 'D_high': 29.580419692843236, 'fire_exp': 1.5201277403788451, 'P_half': 125.61043700013555, 'pre_dampen_half': 304.7488318185732, 'gpp_af': 0.47739011308437823, 'gpp_b': 0.028780534359197463, 'gpp_d': 5.878566318396007, 'ign_k': 0.019192001101561888, 'ign_c': 1.24801809651176}.
[I 2026-08-06 00:14:19,618] Trial 479 finished with values: [10.768659555369558, 10.768659555369558] and parameters: {'k1': 0.00012105387404469581, 'D_low': 2.5379946629058443, 'k2': 0.0001969885015387913, 'D_high': 3660.150802571655, 'fire_exp': 1.182396148413737, 'P_half': 2.157758652553991, 'pre_dampen_half': 2.7746994751929965, 'gpp_af': 0.0025511964576171086, 'gpp_b': 0.4192224259816183, 'gpp_d': 0.19476644406315288, 'ign_k': 0.017654048052495083, 'ign_c': 14.810800730363484}.
