[I 2026-07-22 21:48:33,777] Trial 1014 finished with values: [10.758820455935519, 10.758820455935519] and parameters: {'k1': 0.002968335334246999, 'D_low': 2.8627614274446977, 'k2': 0.017300724838654365, 'D_high': 13.968526091630164, 'fire_exp': 2.3987174696212126, 'P_half': 136.0956887810302, 'pre_dampen_half': 502.5175192217655, 'gpp_af': 0.4224904711663322, 'gpp_b': 0.052183838897628114, 'gpp_d': 12.151631524283598, 'ign_k': 0.47637374845937214, 'ign_c': 0.3706785664265659, 'trop_agb_crit': 3.5522713231614182, 'trop_k_veg': 1.140286245977296, 'fuel_k': 4.680936683972859, 'fuel_half': 38.21129441691226}.
[I 2026-07-22 21:48:34,236] Trial 1015 finished with values: [10.769230769178105, 10.769230769178105] and parameters: {'k1': 0.003663433473924883, 'D_low': 2.9612221068836555, 'k2': 0.017300724838654365, 'D_high': 142222.4154204991, 'fire_exp': 1.024589524149873, 'P_half': 136.0956887810302, 'pre_dampen_half': 269.0845367054863, 'gpp_af': 0.4224904711663322, 'gpp_b': 0.0032930655419269924, 'gpp_d': 12.151631524283598, 'ign_k': 3.210808548911192, 'ign_c': 212.2209111007691, 'trop_agb_crit': 19.28597237496244, 'trop_k_veg': 1.140286245977296, 'fuel_k': 4.680936683972859, 'fuel_half': 38.21129441691226}.
[I 2026-07-22 21:48:34,685] Trial 1016 finished with values: [-0.7735104531881962, 0.36457426325190045] and parameters: {'k1': 0.007895056976009628, 'D_low': 102.19595065529477, 'k2': 0.002342238625792905, 'D_high': 107013.64911724928, 'fire_exp': 2.3987174696212126, 'P_half': 220.3445560633069, 'pre_dampen_half': 269.0845367054863, 'gpp_af': 0.4224904711663322, 'gpp_b': 0.0054502936945582505, 'gpp_d': 12.151631524283598, 'ign_k': 0.47637374845937214, 'ign_c': 4.1108484350212295, 'trop_agb_crit': 19.28597237496244, 'trop_k_veg': 1.6340262437673856, 'fuel_k': 4.680936683972859, 'fuel_half': 16.371966573507315}.
[I 2026-07-22 21:48:35,120] Trial 1017 finished with values: [-0.7550539778235446, 0.3526793062055277] and parameters: {'k1': 0.002968335334246999, 'D_low': 102.19595065529477, 'k2': 0.002342238625792905, 'D_high': 107013.64911724928, 'fire_exp': 2.3987174696212126, 'P_half': 220.3445560633069, 'pre_dampen_half': 269.0845367054863, 'gpp_af': 0.4224904711663322, 'gpp_b': 0.0054502936945582505, 'gpp_d': 12.151631524283598, 'ign_k': 3.210808548911192, 'ign_c': 0.19678273362633986, 'trop_agb_crit': 19.28597237496244, 'trop_k_veg': 2.3300158957406234, 'fuel_k': 4.680936683972859, 'fuel_half': 38.21129441691226}.
[I 2026-07-22 21:48:35,544] Trial 1018 finished with values: [10.078968720959933, 10.078968720959933] and parameters: {'k1': 0.002968335334246999, 'D_low': 9.497440085397416, 'k2': 0.020149789847008874, 'D_high': 107013.64911724928, 'fire_exp': 2.3987174696212126, 'P_half': 220.3445560633069, 'pre_dampen_half': 269.0845367054863, 'gpp_af': 0.4224904711663322, 'gpp_b': 0.0021331409710300844, 'gpp_d': 12.151631524283598, 'ign_k': 0.47637374845937214, 'ign_c': 15.221840161091619, 'trop_agb_crit': 2.5313878860438592, 'trop_k_veg': 1.6340262437673856, 'fuel_k': 0.010340193296440528, 'fuel_half': 38.21129441691226}.
[I 2026-07-22 21:48:35,968] Trial 1019 finished with values: [-0.7685100857937297, 0.37589132195926744] and parameters: {'k1': 0.002968335334246999, 'D_low': 2.8627614274446977, 'k2': 0.0011811772263023127, 'D_high': 145242.37928628005, 'fire_exp': 2.3987174696212126, 'P_half': 220.3445560633069, 'pre_dampen_half': 269.0845367054863, 'gpp_af': 0.4224904711663322, 'gpp_b': 0.0054502936945582505, 'gpp_d': 12.151631524283598, 'ign_k': 3.210808548911192, 'ign_c': 4.1108484350212295, 'trop_agb_crit': 19.28597237496244, 'trop_k_veg': 1.6340262437673856, 'fuel_k': 4.680936683972859, 'fuel_half': 38.21129441691226}.
[I 2026-07-22 21:48:36,392] Trial 1020 finished with values: [-0.7562313155811788, 0.3817740261051984] and parameters: {'k1': 0.002968335334246999, 'D_low': 2.8627614274446977, 'k2': 0.017300724838654365, 'D_high': 107013.64911724928, 'fire_exp': 2.3987174696212126, 'P_half': 220.3445560633069, 'pre_dampen_half': 269.0845367054863, 'gpp_af': 0.4224904711663322, 'gpp_b': 0.0032930655419269924, 'gpp_d': 12.151631524283598, 'ign_k': 3.210808548911192, 'ign_c': 0.19678273362633986, 'trop_agb_crit': 19.28597237496244, 'trop_k_veg': 1.6340262437673856, 'fuel_k': 4.680936683972859, 'fuel_half': 38.21129441691226}.
[I 2026-07-22 21:48:36,815] Trial 1021 finished with values: [-0.7593855124571958, 0.3867808947514064] and parameters: {'k1': 0.002968335334246999, 'D_low': 2.8627614274446977, 'k2': 0.020149789847008874, 'D_high': 107013.64911724928, 'fire_exp': 2.3987174696212126, 'P_half': 220.3445560633069, 'pre_dampen_half': 502.5175192217655, 'gpp_af': 0.4224904711663322, 'gpp_b': 0.0021331409710300844, 'gpp_d': 12.151631524283598, 'ign_k': 0.8015297379101401, 'ign_c': 0.19678273362633986, 'trop_agb_crit': 6.1198430581046965, 'trop_k_veg': 1.6340262437673856, 'fuel_k': 4.680936683972859, 'fuel_half': 38.21129441691226}.
[I 2026-07-22 21:48:37,240] Trial 1022 finished with values: [10.682357822811898, 10.682357822811898] and parameters: {'k1': 0.002968335334246999, 'D_low': 2.8627614274446977, 'k2': 0.020149789847008874, 'D_high': 619.9453995031586, 'fire_exp': 2.3987174696212126, 'P_half': 220.3445560633069, 'pre_dampen_half': 269.0845367054863, 'gpp_af': 0.4224904711663322, 'gpp_b': 0.0032930655419269924, 'gpp_d': 12.151631524283598, 'ign_k': 0.47637374845937214, 'ign_c': 0.19678273362633986, 'trop_agb_crit': 19.28597237496244, 'trop_k_veg': 1.140286245977296, 'fuel_k': 4.680936683972859, 'fuel_half': 38.21129441691226}.
[I 2026-07-22 21:48:37,694] Trial 1023 finished with values: [-0.7338553358316273, 0.25257442149097986] and parameters: {'k1': 0.002968335334246999, 'D_low': 2.8627614274446977, 'k2': 0.020149789847008874, 'D_high': 107013.64911724928, 'fire_exp': 2.3987174696212126, 'P_half': 220.3445560633069, 'pre_dampen_half': 269.0845367054863, 'gpp_af': 0.03924302839842014, 'gpp_b': 0.0021331409710300844, 'gpp_d': 16.460426816350534, 'ign_k': 0.8015297379101401, 'ign_c': 2.5923015361558552, 'trop_agb_crit': 6.1198430581046965, 'trop_k_veg': 1.7570501127699656, 'fuel_k': 4.1053408532534545, 'fuel_half': 38.21129441691226}.
[I 2026-07-22 21:48:38,128] Trial 1024 finished with values: [10.58884882620385, 10.58884882620385] and parameters: {'k1': 0.007895056976009628, 'D_low': 2.8627614274446977, 'k2': 0.017300724838654365, 'D_high': 107013.64911724928, 'fire_exp': 2.3987174696212126, 'P_half': 220.3445560633069, 'pre_dampen_half': 269.0845367054863, 'gpp_af': 1.1300566419249867, 'gpp_b': 0.052183838897628114, 'gpp_d': 12.151631524283598, 'ign_k': 0.010893991584851536, 'ign_c': 0.19678273362633986, 'trop_agb_crit': 3.5522713231614182, 'trop_k_veg': 1.6340262437673856, 'fuel_k': 4.680936683972859, 'fuel_half': 38.21129441691226}.
[I 2026-07-22 21:48:38,643] Trial 1025 finished with values: [10.477463092986692, 10.477463092986692] and parameters: {'k1': 0.007895056976009628, 'D_low': 102.19595065529477, 'k2': 0.002342238625792905, 'D_high': 107013.64911724928, 'fire_exp': 2.3987174696212126, 'P_half': 220.3445560633069, 'pre_dampen_half': 269.0845367054863, 'gpp_af': 0.026886479903448782, 'gpp_b': 0.029533947738179488, 'gpp_d': 12.151631524283598, 'ign_k': 3.210808548911192, 'ign_c': 4.1108484350212295, 'trop_agb_crit': 19.28597237496244, 'trop_k_veg': 1.6340262437673856, 'fuel_k': 4.680936683972859, 'fuel_half': 38.21129441691226}.
[I 2026-07-22 21:48:39,173] Trial 1026 finished with values: [10.024979835617502, 10.024979835617502] and parameters: {'k1': 0.002968335334246999, 'D_low': 2.9612221068836555, 'k2': 0.017300724838654365, 'D_high': 145242.37928628005, 'fire_exp': 2.3987174696212126, 'P_half': 220.3445560633069, 'pre_dampen_half': 269.0845367054863, 'gpp_af': 0.4224904711663322, 'gpp_b': 0.029533947738179488, 'gpp_d': 12.151631524283598, 'ign_k': 3.210808548911192, 'ign_c': 0.19678273362633986, 'trop_agb_crit': 3.5522713231614182, 'trop_k_veg': 1.665640975011574, 'fuel_k': 4.680936683972859, 'fuel_half': 38.21129441691226}.
[I 2026-07-22 21:48:39,785] Trial 1027 finished with values: [-0.7780894061480045, 0.3953933339007696] and parameters: {'k1': 0.002968335334246999, 'D_low': 2.8627614274446977, 'k2': 0.017300724838654365, 'D_high': 107013.64911724928, 'fire_exp': 2.3987174696212126, 'P_half': 220.3445560633069, 'pre_dampen_half': 269.0845367054863, 'gpp_af': 0.4224904711663322, 'gpp_b': 0.0021331409710300844, 'gpp_d': 12.151631524283598, 'ign_k': 0.47637374845937214, 'ign_c': 0.19678273362633986, 'trop_agb_crit': 6.1198430581046965, 'trop_k_veg': 1.6456154580440219, 'fuel_k': 4.680936683972859, 'fuel_half': 16.371966573507315}.
  trial 1028/1500  pareto_size=8  best_taylor=0.8002  best_ilamb=0.5771  (7.8 min)
[I 2026-07-22 21:48:40,488] Trial 1028 finished with values: [-0.7679451464423643, 0.4141528336662519] and parameters: {'k1': 0.002968335334246999, 'D_low': 102.19595065529477, 'k2': 0.002342238625792905, 'D_high': 145242.37928628005, 'fire_exp': 2.3987174696212126, 'P_half': 220.3445560633069, 'pre_dampen_half': 269.0845367054863, 'gpp_af': 1.1300566419249867, 'gpp_b': 0.0054502936945582505, 'gpp_d': 12.151631524283598, 'ign_k': 3.210808548911192, 'ign_c': 4.1108484350212295, 'trop_agb_crit': 6.1198430581046965, 'trop_k_veg': 1.6340262437673856, 'fuel_k': 4.680936683972859, 'fuel_half': 16.371966573507315}.
[I 2026-07-22 21:48:40,925] Trial 1029 finished with values: [10.321943437748988, 10.321943437748988] and parameters: {'k1': 0.002968335334246999, 'D_low': 2.8627614274446977, 'k2': 0.002342238625792905, 'D_high': 145242.37928628005, 'fire_exp': 2.3987174696212126, 'P_half': 220.3445560633069, 'pre_dampen_half': 269.0845367054863, 'gpp_af': 23.102088989199988, 'gpp_b': 0.0054502936945582505, 'gpp_d': 12.151631524283598, 'ign_k': 0.47637374845937214, 'ign_c': 4.1108484350212295, 'trop_agb_crit': 19.28597237496244, 'trop_k_veg': 1.6340262437673856, 'fuel_k': 4.680936683972859, 'fuel_half': 16.371966573507315}.
[I 2026-07-22 21:48:41,420] Trial 1030 finished with values: [10.769230769178105, 10.769230769178105] and parameters: {'k1': 0.002968335334246999, 'D_low': 102.19595065529477, 'k2': 0.017300724838654365, 'D_high': 107013.64911724928, 'fire_exp': 1.6435309173976318, 'P_half': 220.3445560633069, 'pre_dampen_half': 269.0845367054863, 'gpp_af': 0.4224904711663322, 'gpp_b': 0.03484064149498812, 'gpp_d': 12.151631524283598, 'ign_k': 3.210808548911192, 'ign_c': 233.2030720277585, 'trop_agb_crit': 19.28597237496244, 'trop_k_veg': 1.140286245977296, 'fuel_k': 4.680936683972859, 'fuel_half': 38.21129441691226}.
[I 2026-07-22 21:48:41,915] Trial 1031 finished with values: [10.73505979388163, 10.73505979388163] and parameters: {'k1': 0.007895056976009628, 'D_low': 102.19595065529477, 'k2': 0.017300724838654365, 'D_high': 142222.4154204991, 'fire_exp': 2.3987174696212126, 'P_half': 220.3445560633069, 'pre_dampen_half': 269.0845367054863, 'gpp_af': 0.4224904711663322, 'gpp_b': 0.029533947738179488, 'gpp_d': 0.08521324210991373, 'ign_k': 1.6239521897968812, 'ign_c': 4.1108484350212295, 'trop_agb_crit': 1.1195539271968775, 'trop_k_veg': 1.6340262437673856, 'fuel_k': 4.680936683972859, 'fuel_half': 38.21129441691226}.
[I 2026-07-22 21:48:42,376] Trial 1032 finished with values: [-0.7920941666188035, 0.43144633721166015] and parameters: {'k1': 0.002968335334246999, 'D_low': 561.204727018637, 'k2': 0.000854821601517369, 'D_high': 145242.37928628005, 'fire_exp': 2.3987174696212126, 'P_half': 220.3445560633069, 'pre_dampen_half': 269.0845367054863, 'gpp_af': 0.7539992074650282, 'gpp_b': 0.0032930655419269924, 'gpp_d': 12.151631524283598, 'ign_k': 3.210808548911192, 'ign_c': 0.19678273362633986, 'trop_agb_crit': 19.28597237496244, 'trop_k_veg': 1.6340262437673856, 'fuel_k': 4.680936683972859, 'fuel_half': 18.202647368248815}.
[I 2026-07-22 21:48:42,889] Trial 1033 finished with values: [10.353789153463818, 10.353789153463818] and parameters: {'k1': 0.002968335334246999, 'D_low': 6.322368927254567, 'k2': 0.0011811772263023127, 'D_high': 145242.37928628005, 'fire_exp': 1.0766500554046263, 'P_half': 220.3445560633069, 'pre_dampen_half': 269.0845367054863, 'gpp_af': 0.4224904711663322, 'gpp_b': 0.029533947738179488, 'gpp_d': 12.151631524283598, 'ign_k': 3.210808548911192, 'ign_c': 4.1108484350212295, 'trop_agb_crit': 19.28597237496244, 'trop_k_veg': 1.6340262437673856, 'fuel_k': 4.680936683972859, 'fuel_half': 38.21129441691226}.
[I 2026-07-22 21:48:43,354] Trial 1034 finished with values: [-0.7497374462791518, 0.35767024577330486] and parameters: {'k1': 0.002968335334246999, 'D_low': 2.8627614274446977, 'k2': 0.020149789847008874, 'D_high': 107013.64911724928, 'fire_exp': 2.3987174696212126, 'P_half': 220.3445560633069, 'pre_dampen_half': 269.0845367054863, 'gpp_af': 0.4224904711663322, 'gpp_b': 0.0032930655419269924, 'gpp_d': 12.151631524283598, 'ign_k': 0.8015297379101401, 'ign_c': 0.19678273362633986, 'trop_agb_crit': 6.1198430581046965, 'trop_k_veg': 1.6340262437673856, 'fuel_k': 4.680936683972859, 'fuel_half': 38.21129441691226}.
[I 2026-07-22 21:48:43,839] Trial 1035 finished with values: [10.043071310847832, 10.043071310847832] and parameters: {'k1': 0.002968335334246999, 'D_low': 2.8627614274446977, 'k2': 0.020149789847008874, 'D_high': 71534.52030884045, 'fire_exp': 2.3987174696212126, 'P_half': 220.3445560633069, 'pre_dampen_half': 269.0845367054863, 'gpp_af': 0.7539992074650282, 'gpp_b': 0.029533947738179488, 'gpp_d': 12.151631524283598, 'ign_k': 3.210808548911192, 'ign_c': 15.221840161091619, 'trop_agb_crit': 19.28597237496244, 'trop_k_veg': 1.6340262437673856, 'fuel_k': 1.0527505957829522, 'fuel_half': 38.21129441691226}.
[I 2026-07-22 21:48:44,318] Trial 1036 finished with values: [-0.6923355739603577, 0.34903890090397827] and parameters: {'k1': 0.002968335334246999, 'D_low': 2.8627614274446977, 'k2': 0.002342238625792905, 'D_high': 71534.52030884045, 'fire_exp': 2.3987174696212126, 'P_half': 220.3445560633069, 'pre_dampen_half': 269.0845367054863, 'gpp_af': 0.4224904711663322, 'gpp_b': 0.0021331409710300844, 'gpp_d': 12.151631524283598, 'ign_k': 0.47637374845937214, 'ign_c': 0.11650681118986138, 'trop_agb_crit': 19.28597237496244, 'trop_k_veg': 1.140286245977296, 'fuel_k': 4.680936683972859, 'fuel_half': 52.005817291141206}.
[I 2026-07-22 21:48:44,775] Trial 1037 finished with values: [10.453465185383095, 10.453465185383095] and parameters: {'k1': 0.002968335334246999, 'D_low': 102.19595065529477, 'k2': 0.017300724838654365, 'D_high': 9522.849354795237, 'fire_exp': 2.3987174696212126, 'P_half': 220.3445560633069, 'pre_dampen_half': 269.0845367054863, 'gpp_af': 0.7539992074650282, 'gpp_b': 0.0032930655419269924, 'gpp_d': 12.151631524283598, 'ign_k': 0.47637374845937214, 'ign_c': 15.221840161091619, 'trop_agb_crit': 24.584290528289387, 'trop_k_veg': 1.6340262437673856, 'fuel_k': 4.680936683972859, 'fuel_half': 38.21129441691226}.
[I 2026-07-22 21:48:45,206] Trial 1038 finished with values: [-0.7986292130950401, 0.3714153354146532] and parameters: {'k1': 0.002968335334246999, 'D_low': 2.8627614274446977, 'k2': 0.002342238625792905, 'D_high': 145242.37928628005, 'fire_exp': 2.3987174696212126, 'P_half': 220.3445560633069, 'pre_dampen_half': 269.0845367054863, 'gpp_af': 0.4224904711663322, 'gpp_b': 0.0021331409710300844, 'gpp_d': 16.460426816350534, 'ign_k': 0.8015297379101401, 'ign_c': 15.221840161091619, 'trop_agb_crit': 6.1198430581046965, 'trop_k_veg': 1.7570501127699656, 'fuel_k': 4.1053408532534545, 'fuel_half': 38.21129441691226}.
[I 2026-07-22 21:48:45,639] Trial 1039 finished with values: [10.029894846748759, 10.029894846748759] and parameters: {'k1': 0.002968335334246999, 'D_low': 102.19595065529477, 'k2': 0.017300724838654365, 'D_high': 107013.64911724928, 'fire_exp': 1.6435309173976318, 'P_half': 220.3445560633069, 'pre_dampen_half': 269.0845367054863, 'gpp_af': 0.4224904711663322, 'gpp_b': 0.0032930655419269924, 'gpp_d': 12.151631524283598, 'ign_k': 0.5080094006294851, 'ign_c': 5.589884191278509, 'trop_agb_crit': 12.090290534777825, 'trop_k_veg': 1.6340262437673856, 'fuel_k': 4.680936683972859, 'fuel_half': 38.21129441691226}.
[I 2026-07-22 21:48:46,067] Trial 1040 finished with values: [10.50556041645301, 10.50556041645301] and parameters: {'k1': 0.002968335334246999, 'D_low': 2.8627614274446977, 'k2': 0.008280049147416806, 'D_high': 107013.64911724928, 'fire_exp': 2.3987174696212126, 'P_half': 1153.5903009361184, 'pre_dampen_half': 269.0845367054863, 'gpp_af': 0.4224904711663322, 'gpp_b': 0.0054502936945582505, 'gpp_d': 12.151631524283598, 'ign_k': 0.5080094006294851, 'ign_c': 0.19678273362633986, 'trop_agb_crit': 19.28597237496244, 'trop_k_veg': 1.6340262437673856, 'fuel_k': 0.027635728963681244, 'fuel_half': 38.21129441691226}.
[I 2026-07-22 21:48:46,499] Trial 1041 finished with values: [-0.7528115551579325, 0.40882634752896774] and parameters: {'k1': 0.002968335334246999, 'D_low': 2.8627614274446977, 'k2': 0.017300724838654365, 'D_high': 145242.37928628005, 'fire_exp': 2.3987174696212126, 'P_half': 220.3445560633069, 'pre_dampen_half': 269.0845367054863, 'gpp_af': 0.4224904711663322, 'gpp_b': 0.0021331409710300844, 'gpp_d': 16.460426816350534, 'ign_k': 0.8015297379101401, 'ign_c': 2.5923015361558552, 'trop_agb_crit': 6.1198430581046965, 'trop_k_veg': 1.7570501127699656, 'fuel_k': 0.49578999904399057, 'fuel_half': 16.371966573507315}.
[I 2026-07-22 21:48:46,926] Trial 1042 finished with values: [10.339483782615128, 10.339483782615128] and parameters: {'k1': 0.003663433473924883, 'D_low': 6.4882039597001375, 'k2': 0.017300724838654365, 'D_high': 145242.37928628005, 'fire_exp': 2.3987174696212126, 'P_half': 220.3445560633069, 'pre_dampen_half': 269.0845367054863, 'gpp_af': 0.4224904711663322, 'gpp_b': 0.3222927351872303, 'gpp_d': 12.151631524283598, 'ign_k': 0.47637374845937214, 'ign_c': 0.19678273362633986, 'trop_agb_crit': 19.28597237496244, 'trop_k_veg': 1.6340262437673856, 'fuel_k': 4.680936683972859, 'fuel_half': 18.202647368248815}.
[I 2026-07-22 21:48:47,360] Trial 1043 finished with values: [-0.681289213533144, 0.2994791137824876] and parameters: {'k1': 0.002968335334246999, 'D_low': 102.19595065529477, 'k2': 0.017300724838654365, 'D_high': 107013.64911724928, 'fire_exp': 2.3987174696212126, 'P_half': 220.3445560633069, 'pre_dampen_half': 269.0845367054863, 'gpp_af': 1.926530022550307, 'gpp_b': 0.029533947738179488, 'gpp_d': 16.460426816350534, 'ign_k': 3.210808548911192, 'ign_c': 4.1108484350212295, 'trop_agb_crit': 6.1198430581046965, 'trop_k_veg': 1.6340262437673856, 'fuel_k': 4.680936683972859, 'fuel_half': 38.21129441691226}.
[I 2026-07-22 21:48:47,793] Trial 1044 finished with values: [-0.7860164637461161, 0.3823824643047623] and parameters: {'k1': 0.007895056976009628, 'D_low': 102.19595065529477, 'k2': 0.017300724838654365, 'D_high': 145242.37928628005, 'fire_exp': 2.3987174696212126, 'P_half': 220.3445560633069, 'pre_dampen_half': 269.0845367054863, 'gpp_af': 0.4224904711663322, 'gpp_b': 0.0054502936945582505, 'gpp_d': 12.151631524283598, 'ign_k': 6.7059217948258265, 'ign_c': 0.1887261434847181, 'trop_agb_crit': 19.28597237496244, 'trop_k_veg': 1.140286245977296, 'fuel_k': 4.680936683972859, 'fuel_half': 16.371966573507315}.
[I 2026-07-22 21:48:48,235] Trial 1045 finished with values: [-0.7614389036274112, 0.23087680362907326] and parameters: {'k1': 0.002968335334246999, 'D_low': 9.497440085397416, 'k2': 0.020149789847008874, 'D_high': 107013.64911724928, 'fire_exp': 2.3987174696212126, 'P_half': 220.3445560633069, 'pre_dampen_half': 502.5175192217655, 'gpp_af': 0.03924302839842014, 'gpp_b': 0.0021331409710300844, 'gpp_d': 12.151631524283598, 'ign_k': 3.210808548911192, 'ign_c': 15.221840161091619, 'trop_agb_crit': 6.1198430581046965, 'trop_k_veg': 1.6340262437673856, 'fuel_k': 4.680936683972859, 'fuel_half': 38.21129441691226}.
[I 2026-07-22 21:48:48,670] Trial 1046 finished with values: [-0.7195651345652002, 0.33499764193946757] and parameters: {'k1': 0.002968335334246999, 'D_low': 2.199522084499044, 'k2': 0.017300724838654365, 'D_high': 145242.37928628005, 'fire_exp': 2.3987174696212126, 'P_half': 220.3445560633069, 'pre_dampen_half': 502.5175192217655, 'gpp_af': 0.4224904711663322, 'gpp_b': 0.0054502936945582505, 'gpp_d': 12.151631524283598, 'ign_k': 3.210808548911192, 'ign_c': 4.1108484350212295, 'trop_agb_crit': 6.1198430581046965, 'trop_k_veg': 1.140286245977296, 'fuel_k': 0.02929333925546488, 'fuel_half': 16.371966573507315}.
[I 2026-07-22 21:48:49,107] Trial 1047 finished with values: [-0.7792417083828499, 0.3359934929971088] and parameters: {'k1': 0.007895056976009628, 'D_low': 102.19595065529477, 'k2': 0.002342238625792905, 'D_high': 107013.64911724928, 'fire_exp': 2.3987174696212126, 'P_half': 220.3445560633069, 'pre_dampen_half': 269.0845367054863, 'gpp_af': 0.4224904711663322, 'gpp_b': 0.0021331409710300844, 'gpp_d': 12.151631524283598, 'ign_k': 0.47637374845937214, 'ign_c': 15.221840161091619, 'trop_agb_crit': 19.28597237496244, 'trop_k_veg': 1.6340262437673856, 'fuel_k': 4.680936683972859, 'fuel_half': 38.21129441691226}.
[I 2026-07-22 21:48:49,536] Trial 1048 finished with values: [-0.5983895196230703, 0.17626962030711368] and parameters: {'k1': 0.007895056976009628, 'D_low': 102.19595065529477, 'k2': 0.020149789847008874, 'D_high': 107013.64911724928, 'fire_exp': 2.3987174696212126, 'P_half': 220.3445560633069, 'pre_dampen_half': 269.0845367054863, 'gpp_af': 0.026886479903448782, 'gpp_b': 0.029533947738179488, 'gpp_d': 12.151631524283598, 'ign_k': 3.210808548911192, 'ign_c': 4.1108484350212295, 'trop_agb_crit': 19.28597237496244, 'trop_k_veg': 1.6340262437673856, 'fuel_k': 4.680936683972859, 'fuel_half': 0.7023623513432808}.
