[I 2026-07-22 20:36:37,225] Trial 139 finished with values: [10.404654813574558, 10.404654813574558] and parameters: {'k1': 0.0006579066240690734, 'D_low': 5825.704883392062, 'k2': 0.004679839449773939, 'D_high': 2552396.0446765427, 'fire_exp': 1.0425212905832526, 'P_half': 13.30003421978439, 'pre_dampen_half': 30.6973818311793, 'gpp_af': 28.2695515681613, 'gpp_b': 0.00011536203425923768, 'gpp_d': 12.6084874067596, 'ign_k': 0.012868405331151606, 'ign_c': 6.968111190775308, 'trop_agb_crit': 4.84104109932157, 'trop_k_veg': 1.372760022287972, 'fuel_k': 0.2503625235956924, 'fuel_half': 0.17108183937377372}.
[I 2026-07-22 20:36:37,634] Trial 140 finished with values: [10.725326773453839, 10.725326773453839] and parameters: {'k1': 0.00013431925993528124, 'D_low': 637.395609283818, 'k2': 0.010056781316817115, 'D_high': 693439.2750387826, 'fire_exp': 2.4783442138475, 'P_half': 284.21405887320833, 'pre_dampen_half': 0.3924302839842013, 'gpp_af': 7.62192732934522, 'gpp_b': 0.0011087183655158347, 'gpp_d': 0.0684178985066717, 'ign_k': 2.7142572552186843, 'ign_c': 5.199673923878318, 'trop_agb_crit': 29.112281680134476, 'trop_k_veg': 4.050700716504253, 'fuel_k': 0.019341658237934812, 'fuel_half': 51.01039893789344}.
[I 2026-07-22 20:36:38,049] Trial 141 finished with values: [10.471174706545693, 10.471174706545693] and parameters: {'k1': 0.0001971137615017176, 'D_low': 2240.9155921647994, 'k2': 0.0006863458703786212, 'D_high': 7589190.453000005, 'fire_exp': 1.5704801393982246, 'P_half': 20.654107883022302, 'pre_dampen_half': 0.2774295811500811, 'gpp_af': 0.2204465010099918, 'gpp_b': 2.852199954727099e-05, 'gpp_d': 2.545074556541602, 'ign_k': 0.0029519227433917453, 'ign_c': 0.8446694862290623, 'trop_agb_crit': 3.1419938725278875, 'trop_k_veg': 6.825463866194253, 'fuel_k': 0.03201034713747641, 'fuel_half': 1.0889347318773486}.
[I 2026-07-22 20:36:38,472] Trial 142 finished with values: [10.595769375872042, 10.595769375872042] and parameters: {'k1': 0.0009299619346742016, 'D_low': 3907.96715682288, 'k2': 0.0012056765208549535, 'D_high': 7589190.453000005, 'fire_exp': 2.203135761329667, 'P_half': 396.8136435370147, 'pre_dampen_half': 14.689407256107613, 'gpp_af': 3.470266988650414, 'gpp_b': 2.852199954727099e-05, 'gpp_d': 707.2114131472224, 'ign_k': 0.003252245757497283, 'ign_c': 0.13035590385085064, 'trop_agb_crit': 1.8559980846490576, 'trop_k_veg': 0.83140195149031, 'fuel_k': 0.07002142869039267, 'fuel_half': 0.43540407017515786}.
[I 2026-07-22 20:36:38,884] Trial 143 finished with values: [10.790779281755496, 10.790779281755496] and parameters: {'k1': 0.00013431925993528124, 'D_low': 1.6752866684650682, 'k2': 0.0195165137832656, 'D_high': 693439.2750387826, 'fire_exp': 2.4783442138475, 'P_half': 122.73630375458193, 'pre_dampen_half': 565.0116730717867, 'gpp_af': 28.2695515681613, 'gpp_b': 0.005419266601560437, 'gpp_d': 450.59526947401275, 'ign_k': 2.7142572552186843, 'ign_c': 5.199673923878318, 'trop_agb_crit': 4.84104109932157, 'trop_k_veg': 1.331829048405031, 'fuel_k': 1.0403789263969374, 'fuel_half': 51.01039893789344}.
  trial  144/2500  pareto_size=1  best_taylor=0.6206  best_ilamb=0.5631  (1.0 min)
[I 2026-07-22 20:36:39,317] Trial 144 finished with values: [-0.22969904733579444, 0.27992299438263135] and parameters: {'k1': 0.0001971137615017176, 'D_low': 356.959242804259, 'k2': 2.296989871634208e-05, 'D_high': 284.74649993162916, 'fire_exp': 1.1109593465084138, 'P_half': 277.00025557434554, 'pre_dampen_half': 233.5530649297829, 'gpp_af': 0.8057329182285735, 'gpp_b': 0.0001484082099455773, 'gpp_d': 10.931606102061748, 'ign_k': 0.13500744867919376, 'ign_c': 0.8053471030316095, 'trop_agb_crit': 3.1419938725278875, 'trop_k_veg': 0.7258074184598352, 'fuel_k': 4.0995500417030915, 'fuel_half': 72.7420826493834}.
[I 2026-07-22 20:36:39,728] Trial 145 finished with values: [10.594954424792121, 10.594954424792121] and parameters: {'k1': 0.0009299619346742016, 'D_low': 35.437765484261625, 'k2': 0.0006863458703786212, 'D_high': 7589190.453000005, 'fire_exp': 1.1234725391720877, 'P_half': 1.9977959434035766, 'pre_dampen_half': 14.689407256107613, 'gpp_af': 0.011997897226934482, 'gpp_b': 2.852199954727099e-05, 'gpp_d': 3.659675301686168, 'ign_k': 0.001609633064821938, 'ign_c': 188.97713941351608, 'trop_agb_crit': 1.6034837661963206, 'trop_k_veg': 0.9478162145499819, 'fuel_k': 0.03201034713747641, 'fuel_half': 1.0889347318773486}.
[I 2026-07-22 20:36:40,137] Trial 146 finished with values: [10.602471986591894, 10.602471986591894] and parameters: {'k1': 3.511445258128687e-05, 'D_low': 1.2225538397552076, 'k2': 0.00014281536924924868, 'D_high': 34634.27660734638, 'fire_exp': 1.9325784557452017, 'P_half': 56.22114524476698, 'pre_dampen_half': 331.7366635899375, 'gpp_af': 0.05511595477601764, 'gpp_b': 0.012132126638791128, 'gpp_d': 82.84476373292442, 'ign_k': 0.038563028138793747, 'ign_c': 30.785541778315018, 'trop_agb_crit': 5.426206745606971, 'trop_k_veg': 1.034587866621145, 'fuel_k': 0.025620781631399487, 'fuel_half': 0.12902113024567152}.
[I 2026-07-22 20:36:40,547] Trial 147 finished with values: [10.166126887076482, 10.166126887076482] and parameters: {'k1': 0.0016150602315370215, 'D_low': 86.64406862241785, 'k2': 0.015161591075671724, 'D_high': 4905912.994162975, 'fire_exp': 2.0131182980979285, 'P_half': 3.6345672005817913, 'pre_dampen_half': 272.9378165037472, 'gpp_af': 0.2736251365128465, 'gpp_b': 5.2187377767382e-05, 'gpp_d': 0.0763203160273735, 'ign_k': 0.05021737623389565, 'ign_c': 0.12299210465793126, 'trop_agb_crit': 2.116824560533658, 'trop_k_veg': 2.2447221162684823, 'fuel_k': 0.5753052119333703, 'fuel_half': 0.5938312608859317}.
[I 2026-07-22 20:36:40,961] Trial 148 finished with values: [10.769229837210839, 10.769229837210839] and parameters: {'k1': 0.0001971137615017176, 'D_low': 2240.9155921647994, 'k2': 0.0004976087827261435, 'D_high': 2742371.6496047364, 'fire_exp': 1.10726080528881, 'P_half': 93.43302657318476, 'pre_dampen_half': 0.08554434606254244, 'gpp_af': 7.62192732934522, 'gpp_b': 0.0011087183655158347, 'gpp_d': 2.545074556541602, 'ign_k': 2.7142572552186843, 'ign_c': 39.52220881906112, 'trop_agb_crit': 14.175578644749322, 'trop_k_veg': 2.520089655463604, 'fuel_k': 0.014999101825504624, 'fuel_half': 93.29979664603117}.
[I 2026-07-22 20:36:41,371] Trial 149 finished with values: [11.369233748932936, 11.369233748932936] and parameters: {'k1': 0.007926237587961899, 'D_low': 47.81931841485258, 'k2': 0.00025147860158173594, 'D_high': 2742371.6496047364, 'fire_exp': 1.0544303921216927, 'P_half': 279.82272717049284, 'pre_dampen_half': 0.8726691654212084, 'gpp_af': 0.2204465010099918, 'gpp_b': 2.176805640408474e-05, 'gpp_d': 36.831884165358964, 'ign_k': 5.832560268546886, 'ign_c': 0.29126651668813763, 'trop_agb_crit': 1.1693687409928537, 'trop_k_veg': 0.559773544096922, 'fuel_k': 2.3801202050712624, 'fuel_half': 0.1614670469622492}.
[I 2026-07-22 20:36:41,782] Trial 150 finished with values: [-0.7468883373521114, 0.06941111815886147] and parameters: {'k1': 0.028401063201780267, 'D_low': 16.00237013173313, 'k2': 0.00033271381912662167, 'D_high': 6525529.853354094, 'fire_exp': 1.5191397119156032, 'P_half': 157.80309954142965, 'pre_dampen_half': 8.259599205585761, 'gpp_af': 0.03522602097143089, 'gpp_b': 0.00012118589392553798, 'gpp_d': 12.338826503601998, 'ign_k': 3.965503094323014, 'ign_c': 22.126836566118193, 'trop_agb_crit': 5.526463318565575, 'trop_k_veg': 2.724170387400844, 'fuel_k': 0.10978148458640455, 'fuel_half': 71.14476009343416}.
[I 2026-07-22 20:36:42,192] Trial 151 finished with values: [-0.6200614399122004, 0.1803862754687353] and parameters: {'k1': 0.0007883068789768041, 'D_low': 3.86371393182755, 'k2': 0.0009256855841989632, 'D_high': 2007776.2367162877, 'fire_exp': 1.6236231976277165, 'P_half': 102.4585893986732, 'pre_dampen_half': 0.9829324480069707, 'gpp_af': 0.2901272149738624, 'gpp_b': 0.0001484082099455773, 'gpp_d': 40.95062894476691, 'ign_k': 0.013276678836047658, 'ign_c': 0.12510188850164433, 'trop_agb_crit': 8.983402272488592, 'trop_k_veg': 0.8170196702261714, 'fuel_k': 4.0632364973692425, 'fuel_half': 0.30817917005205625}.
[I 2026-07-22 20:36:42,604] Trial 152 finished with values: [10.745722941263788, 10.745722941263788] and parameters: {'k1': 0.0016150602315370215, 'D_low': 413.7701671571924, 'k2': 0.00015061320080433504, 'D_high': 4905912.994162975, 'fire_exp': 2.0131182980979285, 'P_half': 3.6345672005817913, 'pre_dampen_half': 219.95805943313172, 'gpp_af': 0.2736251365128465, 'gpp_b': 2.329771677613653, 'gpp_d': 99.833496022928, 'ign_k': 0.05021737623389565, 'ign_c': 0.12299210465793126, 'trop_agb_crit': 2.493842593648857, 'trop_k_veg': 2.2447221162684823, 'fuel_k': 0.5753052119333703, 'fuel_half': 0.5938312608859317}.
[I 2026-07-22 20:36:43,012] Trial 153 finished with values: [10.666918239644435, 10.666918239644435] and parameters: {'k1': 0.0011101191524846067, 'D_low': 1.5983646703804382, 'k2': 0.010056781316817115, 'D_high': 108.12328381849699, 'fire_exp': 1.9025702662542903, 'P_half': 1.457050032975653, 'pre_dampen_half': 30.6973818311793, 'gpp_af': 0.04897515106470033, 'gpp_b': 0.0011087183655158347, 'gpp_d': 450.59526947401275, 'ign_k': 0.0030376902301221657, 'ign_c': 5.199673923878318, 'trop_agb_crit': 12.856643861355176, 'trop_k_veg': 1.372760022287972, 'fuel_k': 0.2503625235956924, 'fuel_half': 60.70952705230875}.
[I 2026-07-22 20:36:43,438] Trial 154 finished with values: [10.768525159924994, 10.768525159924994] and parameters: {'k1': 0.00022704877557909215, 'D_low': 124.52525727440515, 'k2': 0.00014281536924924868, 'D_high': 1361.558478200329, 'fire_exp': 1.10726080528881, 'P_half': 15.434297335162846, 'pre_dampen_half': 0.2774295811500811, 'gpp_af': 0.2204465010099918, 'gpp_b': 0.09594602618277152, 'gpp_d': 483.22422323215085, 'ign_k': 0.26651167490553546, 'ign_c': 39.52220881906112, 'trop_agb_crit': 3.1419938725278875, 'trop_k_veg': 3.1470652177597604, 'fuel_k': 0.45000412754978936, 'fuel_half': 0.14265186058187057}.
[I 2026-07-22 20:36:43,859] Trial 155 finished with values: [10.733625136893771, 10.733625136893771] and parameters: {'k1': 0.07799059237255677, 'D_low': 3781.109641794858, 'k2': 0.03699867920489092, 'D_high': 9320665.791505713, 'fire_exp': 2.0715108722728917, 'P_half': 102.4585893986732, 'pre_dampen_half': 0.06993189798526715, 'gpp_af': 0.2901272149738624, 'gpp_b': 0.0001484082099455773, 'gpp_d': 0.04409594046630608, 'ign_k': 0.003252245757497283, 'ign_c': 0.4961134450191397, 'trop_agb_crit': 1.6034837661963206, 'trop_k_veg': 0.8170196702261714, 'fuel_k': 4.0995500417030915, 'fuel_half': 72.7420826493834}.
[I 2026-07-22 20:36:44,274] Trial 156 finished with values: [10.40030512188254, 10.40030512188254] and parameters: {'k1': 0.007926237587961899, 'D_low': 47.81931841485258, 'k2': 0.0003845635122720661, 'D_high': 267535.550698083, 'fire_exp': 1.480442702914831, 'P_half': 279.82272717049284, 'pre_dampen_half': 0.8726691654212084, 'gpp_af': 0.0021221774916927918, 'gpp_b': 0.0005843773200430936, 'gpp_d': 0.8423423635296957, 'ign_k': 2.5383218374507304, 'ign_c': 1.8522006003174372, 'trop_agb_crit': 1.7797595772834214, 'trop_k_veg': 0.559773544096922, 'fuel_k': 3.988224126368738, 'fuel_half': 12.24868285680487}.
[I 2026-07-22 20:36:44,685] Trial 157 finished with values: [10.746948254513008, 10.746948254513008] and parameters: {'k1': 0.00013431925993528124, 'D_low': 27972.024228472703, 'k2': 0.010056781316817115, 'D_high': 693439.2750387826, 'fire_exp': 2.4783442138475, 'P_half': 44.71679901231308, 'pre_dampen_half': 0.10189118197357125, 'gpp_af': 0.006580815488709274, 'gpp_b': 0.0011087183655158347, 'gpp_d': 118.26972885708247, 'ign_k': 0.45791923103229343, 'ign_c': 5.199673923878318, 'trop_agb_crit': 3.3887235042490564, 'trop_k_veg': 4.050700716504253, 'fuel_k': 0.019341658237934812, 'fuel_half': 51.01039893789344}.
[I 2026-07-22 20:36:45,100] Trial 158 finished with values: [10.769107481339114, 10.769107481339114] and parameters: {'k1': 0.008471801418819975, 'D_low': 228.34228779494518, 'k2': 4.207988669606632e-05, 'D_high': 86.2913219007186, 'fire_exp': 1.742055699858284, 'P_half': 2915.443189153754, 'pre_dampen_half': 0.03227842705043214, 'gpp_af': 3.470266988650414, 'gpp_b': 1.3289448722869181e-05, 'gpp_d': 0.06359264168909615, 'ign_k': 0.013276678836047658, 'ign_c': 1.381594751631993, 'trop_agb_crit': 1.8034072970800916, 'trop_k_veg': 6.00873667277442, 'fuel_k': 1.2779126504250835, 'fuel_half': 72.7420826493834}.
[I 2026-07-22 20:36:45,512] Trial 159 finished with values: [10.365621255088183, 10.365621255088183] and parameters: {'k1': 0.008471801418819975, 'D_low': 3907.96715682288, 'k2': 0.00016536937182824412, 'D_high': 150011.2079985058, 'fire_exp': 1.8719045352638064, 'P_half': 93.43302657318476, 'pre_dampen_half': 13.472769577631588, 'gpp_af': 0.2991469302130216, 'gpp_b': 0.0008239138919814073, 'gpp_d': 707.2114131472224, 'ign_k': 0.0029519227433917453, 'ign_c': 0.7068974950624601, 'trop_agb_crit': 1.8559980846490576, 'trop_k_veg': 1.733613253381165, 'fuel_k': 0.07002142869039267, 'fuel_half': 1.3323297901105766}.
[I 2026-07-22 20:36:45,926] Trial 160 finished with values: [-0.29060216975258873, 0.40432280502725526] and parameters: {'k1': 0.0009299619346742016, 'D_low': 35.437765484261625, 'k2': 4.1265168740903634e-05, 'D_high': 7589190.453000005, 'fire_exp': 1.1234725391720877, 'P_half': 20.654107883022302, 'pre_dampen_half': 14.689407256107613, 'gpp_af': 0.6378078463802856, 'gpp_b': 2.852199954727099e-05, 'gpp_d': 0.04409594046630608, 'ign_k': 0.003252245757497283, 'ign_c': 183.3717796770994, 'trop_agb_crit': 1.6034837661963206, 'trop_k_veg': 2.927602344444864, 'fuel_k': 0.03201034713747641, 'fuel_half': 1.0889347318773486}.
[I 2026-07-22 20:36:46,339] Trial 161 finished with values: [10.4210843962034, 10.4210843962034] and parameters: {'k1': 0.0009299619346742016, 'D_low': 35.437765484261625, 'k2': 0.0012056765208549535, 'D_high': 7589190.453000005, 'fire_exp': 2.203135761329667, 'P_half': 20.654107883022302, 'pre_dampen_half': 233.5530649297829, 'gpp_af': 0.2901272149738624, 'gpp_b': 0.0001484082099455773, 'gpp_d': 0.01210428510799503, 'ign_k': 0.003252245757497283, 'ign_c': 0.13035590385085064, 'trop_agb_crit': 8.974255743856958, 'trop_k_veg': 2.9556982260250564, 'fuel_k': 4.0995500417030915, 'fuel_half': 0.43540407017515786}.
[I 2026-07-22 20:36:46,747] Trial 162 finished with values: [10.630946374152224, 10.630946374152224] and parameters: {'k1': 7.902459656172905e-05, 'D_low': 22.024481291326488, 'k2': 0.014666151770108535, 'D_high': 546649.376092156, 'fire_exp': 1.0871627347485018, 'P_half': 8.318314747941244, 'pre_dampen_half': 0.01939964577577238, 'gpp_af': 0.24002253099641152, 'gpp_b': 0.004458440839692221, 'gpp_d': 483.22422323215085, 'ign_k': 0.012868405331151606, 'ign_c': 0.5655677524618509, 'trop_agb_crit': 1.626357634890109, 'trop_k_veg': 1.034587866621145, 'fuel_k': 0.5217990518430394, 'fuel_half': 0.17108183937377372}.
[I 2026-07-22 20:36:47,160] Trial 163 finished with values: [-0.16006012611722512, 0.25835929448929706] and parameters: {'k1': 1.263794633808287e-05, 'D_low': 32677.376097937307, 'k2': 0.03699867920489092, 'D_high': 61211.32154754238, 'fire_exp': 1.0871627347485018, 'P_half': 94.99072859745384, 'pre_dampen_half': 7.665128204660192, 'gpp_af': 0.4840298156332326, 'gpp_b': 0.004458440839692221, 'gpp_d': 59.945376567988106, 'ign_k': 0.013276678836047658, 'ign_c': 0.2939463458625969, 'trop_agb_crit': 7.513532694186442, 'trop_k_veg': 0.7818074020304813, 'fuel_k': 3.826843441487285, 'fuel_half': 72.7420826493834}.
[I 2026-07-22 20:36:47,571] Trial 164 finished with values: [10.507302436833424, 10.507302436833424] and parameters: {'k1': 0.0034207303670092245, 'D_low': 16.00237013173313, 'k2': 2.296989871634208e-05, 'D_high': 61211.32154754238, 'fire_exp': 2.0715108722728917, 'P_half': 157.80309954142965, 'pre_dampen_half': 8.259599205585763, 'gpp_af': 0.2901272149738624, 'gpp_b': 0.0001484082099455773, 'gpp_d': 12.338826503601998, 'ign_k': 3.965503094323014, 'ign_c': 22.126836566118193, 'trop_agb_crit': 5.526463318565575, 'trop_k_veg': 0.8108268204433952, 'fuel_k': 0.10978148458640455, 'fuel_half': 71.14476009343416}.
[I 2026-07-22 20:36:47,983] Trial 165 finished with values: [10.510784870285413, 10.510784870285413] and parameters: {'k1': 0.0007883068789768041, 'D_low': 3.86371393182755, 'k2': 0.0009256855841989632, 'D_high': 6931.554219323896, 'fire_exp': 1.9325784557452017, 'P_half': 15.434297335162846, 'pre_dampen_half': 0.9829324480069707, 'gpp_af': 0.24002253099641152, 'gpp_b': 0.0001484082099455773, 'gpp_d': 40.95062894476691, 'ign_k': 0.008226074946221037, 'ign_c': 0.12510188850164433, 'trop_agb_crit': 8.983402272488592, 'trop_k_veg': 0.8170196702261714, 'fuel_k': 3.826843441487285, 'fuel_half': 0.30817917005205625}.
[I 2026-07-22 20:36:48,399] Trial 166 finished with values: [-0.36011216896494724, 0.1960539575180259] and parameters: {'k1': 0.0006579066240690734, 'D_low': 216.6574784061471, 'k2': 0.06598741607403362, 'D_high': 2552396.0446765427, 'fire_exp': 1.0425212905832526, 'P_half': 8.318314747941244, 'pre_dampen_half': 1.2531420756075002, 'gpp_af': 0.017324270154949098, 'gpp_b': 0.0013672126623075966, 'gpp_d': 483.22422323215085, 'ign_k': 0.0011417577140741143, 'ign_c': 0.5655677524618509, 'trop_agb_crit': 1.1693687409928537, 'trop_k_veg': 1.034587866621145, 'fuel_k': 0.45000412754978936, 'fuel_half': 0.17108183937377372}.
[I 2026-07-22 20:36:48,808] Trial 167 finished with values: [10.646332330765715, 10.646332330765715] and parameters: {'k1': 1.3243445838637965e-05, 'D_low': 1.2225538397552076, 'k2': 0.002090955698118952, 'D_high': 34634.27660734638, 'fire_exp': 1.4324834025078965, 'P_half': 56.22114524476698, 'pre_dampen_half': 70.78932406899753, 'gpp_af': 0.011997897226934482, 'gpp_b': 0.012132126638791128, 'gpp_d': 0.02671390178713565, 'ign_k': 0.001609633064821938, 'ign_c': 30.785541778315018, 'trop_agb_crit': 6.289029460848807, 'trop_k_veg': 0.6443637990899901, 'fuel_k': 0.025620781631399487, 'fuel_half': 84.6362160256194}.
[I 2026-07-22 20:36:49,219] Trial 168 finished with values: [10.835378984354058, 10.835378984354058] and parameters: {'k1': 0.00013431925993528124, 'D_low': 11.604789380012715, 'k2': 4.207988669606632e-05, 'D_high': 8300256.10476198, 'fire_exp': 1.742055699858284, 'P_half': 102.4585893986732, 'pre_dampen_half': 10.129197956845726, 'gpp_af': 7.62192732934522, 'gpp_b': 0.0001484082099455773, 'gpp_d': 450.59526947401275, 'ign_k': 2.136832907235876, 'ign_c': 0.7068974950624601, 'trop_agb_crit': 1.8559980846490576, 'trop_k_veg': 0.83140195149031, 'fuel_k': 0.07002142869039267, 'fuel_half': 91.83411054064538}.
[I 2026-07-22 20:36:49,629] Trial 169 finished with values: [10.504738502924132, 10.504738502924132] and parameters: {'k1': 0.0001971137615017176, 'D_low': 2240.9155921647994, 'k2': 0.0004976087827261435, 'D_high': 2742371.6496047364, 'fire_exp': 2.2344816025862264, 'P_half': 1524.6518242848613, 'pre_dampen_half': 281.855626699674, 'gpp_af': 0.2204465010099918, 'gpp_b': 2.176805640408474e-05, 'gpp_d': 2.545074556541602, 'ign_k': 0.20564614086027933, 'ign_c': 0.13924162890248676, 'trop_agb_crit': 3.1419938725278875, 'trop_k_veg': 2.251019475487767, 'fuel_k': 0.014999101825504624, 'fuel_half': 5.9224278919224576}.
[I 2026-07-22 20:36:50,047] Trial 170 finished with values: [10.745722941263788, 10.745722941263788] and parameters: {'k1': 0.0016150602315370215, 'D_low': 413.7701671571924, 'k2': 0.00015061320080433504, 'D_high': 4905912.994162975, 'fire_exp': 2.0131182980979285, 'P_half': 3.6345672005817913, 'pre_dampen_half': 219.95805943313172, 'gpp_af': 0.2736251365128465, 'gpp_b': 2.329771677613653, 'gpp_d': 99.833496022928, 'ign_k': 0.05021737623389565, 'ign_c': 0.12299210465793126, 'trop_agb_crit': 2.493842593648857, 'trop_k_veg': 2.2447221162684823, 'fuel_k': 0.5753052119333703, 'fuel_half': 0.5938312608859317}.
[I 2026-07-22 20:36:50,457] Trial 171 finished with values: [-0.08738556534552522, 0.3007828927542616] and parameters: {'k1': 3.511445258128687e-05, 'D_low': 1.2225538397552076, 'k2': 4.207988669606632e-05, 'D_high': 25566.506194206, 'fire_exp': 1.4324834025078965, 'P_half': 11.545165697879465, 'pre_dampen_half': 331.7366635899375, 'gpp_af': 3.470266988650414, 'gpp_b': 0.0008239138919814073, 'gpp_d': 707.2114131472224, 'ign_k': 0.003296550135838091, 'ign_c': 0.7068974950624601, 'trop_agb_crit': 18.785197416433792, 'trop_k_veg': 5.876643247346734, 'fuel_k': 0.025620781631399487, 'fuel_half': 60.223067871697125}.
[I 2026-07-22 20:36:50,867] Trial 172 finished with values: [10.76923076903347, 10.76923076903347] and parameters: {'k1': 0.0001971137615017176, 'D_low': 541887.320757682, 'k2': 0.0002172578929502367, 'D_high': 422156.2491370542, 'fire_exp': 1.10726080528881, 'P_half': 1.9977959434035766, 'pre_dampen_half': 43.74654720293282, 'gpp_af': 0.2204465010099918, 'gpp_b': 0.13502505988471447, 'gpp_d': 1.4932643365499285, 'ign_k': 0.0029519227433917453, 'ign_c': 39.52220881906112, 'trop_agb_crit': 3.1419938725278875, 'trop_k_veg': 3.431372819108534, 'fuel_k': 0.057024351269772615, 'fuel_half': 93.29979664603117}.
[I 2026-07-22 20:36:51,279] Trial 173 finished with values: [-0.4175929462788268, 0.36516508724815466] and parameters: {'k1': 1.263794633808287e-05, 'D_low': 47.81931841485258, 'k2': 0.06598741607403362, 'D_high': 267535.550698083, 'fire_exp': 1.6618799814410974, 'P_half': 94.99072859745384, 'pre_dampen_half': 345.01054536130147, 'gpp_af': 0.017324270154949098, 'gpp_b': 0.0013672126623075966, 'gpp_d': 61.550353610401785, 'ign_k': 0.0011417577140741143, 'ign_c': 0.2939463458625969, 'trop_agb_crit': 1.1693687409928537, 'trop_k_veg': 0.559773544096922, 'fuel_k': 2.3801202050712624, 'fuel_half': 0.2010796072862617}.
