[I 2026-07-22 21:51:23,612] Trial 1399 finished with values: [-0.7757143007374538, 0.4197001019529394] and parameters: {'k1': 0.002968335334246999, 'D_low': 9.497440085397416, 'k2': 0.020149789847008874, 'D_high': 107013.64911724928, 'fire_exp': 1.9030791861971532, 'P_half': 220.3445560633069, 'pre_dampen_half': 269.0845367054863, 'gpp_af': 0.4224904711663322, 'gpp_b': 0.0054502936945582505, 'gpp_d': 12.151631524283598, 'ign_k': 0.47637374845937214, 'ign_c': 4.1108484350212295, 'trop_agb_crit': 6.1198430581046965, 'trop_k_veg': 1.140286245977296, 'fuel_k': 4.680936683972859, 'fuel_half': 16.371966573507315}.
  trial 1400/1500  pareto_size=9  best_taylor=0.8316  best_ilamb=0.5879  (10.5 min)
[I 2026-07-22 21:51:24,268] Trial 1400 finished with values: [10.01216661245937, 10.01216661245937] and parameters: {'k1': 0.002968335334246999, 'D_low': 2.8627614274446977, 'k2': 0.020149789847008874, 'D_high': 107013.64911724928, 'fire_exp': 2.3987174696212126, 'P_half': 220.3445560633069, 'pre_dampen_half': 269.0845367054863, 'gpp_af': 0.03924302839842014, 'gpp_b': 0.0032930655419269924, 'gpp_d': 12.151631524283598, 'ign_k': 0.5080094006294851, 'ign_c': 15.221840161091619, 'trop_agb_crit': 24.584290528289387, 'trop_k_veg': 1.6340262437673856, 'fuel_k': 0.11650538392235156, 'fuel_half': 16.371966573507315}.
[I 2026-07-22 21:51:24,695] Trial 1401 finished with values: [10.026102559968562, 10.026102559968562] and parameters: {'k1': 0.002968335334246999, 'D_low': 2.8627614274446977, 'k2': 0.017300724838654365, 'D_high': 71534.52030884045, 'fire_exp': 2.3987174696212126, 'P_half': 220.3445560633069, 'pre_dampen_half': 269.0845367054863, 'gpp_af': 0.026886479903448782, 'gpp_b': 0.0032930655419269924, 'gpp_d': 12.151631524283598, 'ign_k': 0.8015297379101401, 'ign_c': 15.221840161091619, 'trop_agb_crit': 6.1198430581046965, 'trop_k_veg': 1.6340262437673856, 'fuel_k': 4.680936683972859, 'fuel_half': 16.371966573507315}.
[I 2026-07-22 21:51:25,125] Trial 1402 finished with values: [-0.8098245306795337, 0.38475954255739964] and parameters: {'k1': 0.002968335334246999, 'D_low': 2.8627614274446977, 'k2': 0.020149789847008874, 'D_high': 107013.64911724928, 'fire_exp': 2.1801890869730824, 'P_half': 220.3445560633069, 'pre_dampen_half': 269.0845367054863, 'gpp_af': 0.7539992074650282, 'gpp_b': 0.0032930655419269924, 'gpp_d': 920.6280330580598, 'ign_k': 0.47637374845937214, 'ign_c': 15.221840161091619, 'trop_agb_crit': 6.1198430581046965, 'trop_k_veg': 1.6340262437673856, 'fuel_k': 4.680936683972859, 'fuel_half': 16.371966573507315}.
[I 2026-07-22 21:51:25,551] Trial 1403 finished with values: [10.738280760916478, 10.738280760916478] and parameters: {'k1': 0.002968335334246999, 'D_low': 9.497440085397416, 'k2': 0.020149789847008874, 'D_high': 182581.50884250284, 'fire_exp': 2.3987174696212126, 'P_half': 220.3445560633069, 'pre_dampen_half': 269.0845367054863, 'gpp_af': 0.004544076137271541, 'gpp_b': 0.0007693087624665233, 'gpp_d': 12.151631524283598, 'ign_k': 3.210808548911192, 'ign_c': 15.221840161091619, 'trop_agb_crit': 6.247810889373202, 'trop_k_veg': 1.6340262437673856, 'fuel_k': 4.680936683972859, 'fuel_half': 0.7023623513432808}.
[I 2026-07-22 21:51:25,978] Trial 1404 finished with values: [10.23055811180442, 10.23055811180442] and parameters: {'k1': 0.002968335334246999, 'D_low': 102.19595065529477, 'k2': 0.002342238625792905, 'D_high': 145242.37928628005, 'fire_exp': 1.2862537846946582, 'P_half': 220.3445560633069, 'pre_dampen_half': 269.0845367054863, 'gpp_af': 0.03340069294249016, 'gpp_b': 0.0032104497420724493, 'gpp_d': 58.858544453955275, 'ign_k': 3.210808548911192, 'ign_c': 15.221840161091619, 'trop_agb_crit': 24.584290528289387, 'trop_k_veg': 1.6340262437673856, 'fuel_k': 4.680936683972859, 'fuel_half': 18.202647368248815}.
[I 2026-07-22 21:51:26,403] Trial 1405 finished with values: [-0.7803950647354878, 0.24130064983622435] and parameters: {'k1': 0.002968335334246999, 'D_low': 2.8627614274446977, 'k2': 0.020149789847008874, 'D_high': 8127143.66353742, 'fire_exp': 2.3987174696212126, 'P_half': 220.3445560633069, 'pre_dampen_half': 269.0845367054863, 'gpp_af': 0.03924302839842014, 'gpp_b': 0.0021331409710300844, 'gpp_d': 12.151631524283598, 'ign_k': 0.47637374845937214, 'ign_c': 15.221840161091619, 'trop_agb_crit': 19.28597237496244, 'trop_k_veg': 1.6340262437673856, 'fuel_k': 4.680936683972859, 'fuel_half': 38.21129441691226}.
[I 2026-07-22 21:51:26,830] Trial 1406 finished with values: [-0.7796467385523972, 0.2255291184781114] and parameters: {'k1': 0.002968335334246999, 'D_low': 7.109383445138647, 'k2': 0.020149789847008874, 'D_high': 107013.64911724928, 'fire_exp': 2.3786532049674034, 'P_half': 220.3445560633069, 'pre_dampen_half': 269.0845367054863, 'gpp_af': 0.03924302839842014, 'gpp_b': 0.0021331409710300844, 'gpp_d': 12.151631524283598, 'ign_k': 0.5080094006294851, 'ign_c': 15.221840161091619, 'trop_agb_crit': 12.090290534777825, 'trop_k_veg': 1.6340262437673856, 'fuel_k': 4.680936683972859, 'fuel_half': 18.202647368248815}.
[I 2026-07-22 21:51:27,256] Trial 1407 finished with values: [-0.7888464597474852, 0.3065840043220811] and parameters: {'k1': 0.002968335334246999, 'D_low': 9.497440085397416, 'k2': 0.002342238625792905, 'D_high': 107013.64911724928, 'fire_exp': 1.9860398529053203, 'P_half': 220.3445560633069, 'pre_dampen_half': 269.0845367054863, 'gpp_af': 0.03924302839842014, 'gpp_b': 0.0007693087624665233, 'gpp_d': 12.151631524283598, 'ign_k': 0.47637374845937214, 'ign_c': 15.221840161091619, 'trop_agb_crit': 3.8268083055708586, 'trop_k_veg': 1.6340262437673856, 'fuel_k': 4.680936683972859, 'fuel_half': 33.06791837227926}.
[I 2026-07-22 21:51:27,684] Trial 1408 finished with values: [-0.8279381781460131, 0.3759889649669046] and parameters: {'k1': 0.002968335334246999, 'D_low': 102.19595065529477, 'k2': 0.017300724838654365, 'D_high': 368081.9831637289, 'fire_exp': 2.3987174696212126, 'P_half': 220.3445560633069, 'pre_dampen_half': 269.0845367054863, 'gpp_af': 0.4224904711663322, 'gpp_b': 0.0054502936945582505, 'gpp_d': 12.151631524283598, 'ign_k': 3.210808548911192, 'ign_c': 15.221840161091619, 'trop_agb_crit': 19.28597237496244, 'trop_k_veg': 1.6340262437673856, 'fuel_k': 4.680936683972859, 'fuel_half': 16.371966573507315}.
[I 2026-07-22 21:51:28,118] Trial 1409 finished with values: [10.468269469643706, 10.468269469643706] and parameters: {'k1': 0.002968335334246999, 'D_low': 102.19595065529477, 'k2': 0.002342238625792905, 'D_high': 368081.9831637289, 'fire_exp': 2.3987174696212126, 'P_half': 220.3445560633069, 'pre_dampen_half': 1.2857036969656743, 'gpp_af': 0.4224904711663322, 'gpp_b': 0.0021331409710300844, 'gpp_d': 12.151631524283598, 'ign_k': 0.47637374845937214, 'ign_c': 15.221840161091619, 'trop_agb_crit': 19.28597237496244, 'trop_k_veg': 1.6340262437673856, 'fuel_k': 4.680936683972859, 'fuel_half': 16.371966573507315}.
[I 2026-07-22 21:51:28,542] Trial 1410 finished with values: [-0.8129522852143889, 0.35571804212856084] and parameters: {'k1': 0.002968335334246999, 'D_low': 2.8627614274446977, 'k2': 0.020149789847008874, 'D_high': 8127143.66353742, 'fire_exp': 2.3987174696212126, 'P_half': 220.3445560633069, 'pre_dampen_half': 269.0845367054863, 'gpp_af': 0.4224904711663322, 'gpp_b': 0.0032930655419269924, 'gpp_d': 12.151631524283598, 'ign_k': 0.47637374845937214, 'ign_c': 15.221840161091619, 'trop_agb_crit': 10.65399158341592, 'trop_k_veg': 1.140286245977296, 'fuel_k': 4.680936683972859, 'fuel_half': 33.06791837227926}.
[I 2026-07-22 21:51:28,968] Trial 1411 finished with values: [10.015331338726098, 10.015331338726098] and parameters: {'k1': 0.0004406403880740544, 'D_low': 2.8627614274446977, 'k2': 0.002342238625792905, 'D_high': 145242.37928628005, 'fire_exp': 2.3987174696212126, 'P_half': 220.3445560633069, 'pre_dampen_half': 269.0845367054863, 'gpp_af': 0.03924302839842014, 'gpp_b': 0.0032930655419269924, 'gpp_d': 12.151631524283598, 'ign_k': 3.210808548911192, 'ign_c': 15.221840161091619, 'trop_agb_crit': 19.28597237496244, 'trop_k_veg': 1.6340262437673856, 'fuel_k': 4.680936683972859, 'fuel_half': 52.82420962115538}.
[I 2026-07-22 21:51:29,393] Trial 1412 finished with values: [-0.5600728012439178, 0.4769333379061622] and parameters: {'k1': 0.007895056976009628, 'D_low': 102.19595065529477, 'k2': 0.020149789847008874, 'D_high': 107013.64911724928, 'fire_exp': 2.3987174696212126, 'P_half': 220.3445560633069, 'pre_dampen_half': 269.0845367054863, 'gpp_af': 3.716748906565929, 'gpp_b': 0.0021331409710300844, 'gpp_d': 12.151631524283598, 'ign_k': 3.210808548911192, 'ign_c': 4.1108484350212295, 'trop_agb_crit': 19.28597237496244, 'trop_k_veg': 1.6340262437673856, 'fuel_k': 4.680936683972859, 'fuel_half': 18.202647368248815}.
[I 2026-07-22 21:51:29,816] Trial 1413 finished with values: [-0.7433998218257585, 0.19298720741775532] and parameters: {'k1': 0.002968335334246999, 'D_low': 2.8627614274446977, 'k2': 0.020149789847008874, 'D_high': 107013.64911724928, 'fire_exp': 2.3987174696212126, 'P_half': 220.3445560633069, 'pre_dampen_half': 269.0845367054863, 'gpp_af': 0.03924302839842014, 'gpp_b': 0.0032930655419269924, 'gpp_d': 12.151631524283598, 'ign_k': 0.47637374845937214, 'ign_c': 15.221840161091619, 'trop_agb_crit': 19.28597237496244, 'trop_k_veg': 1.6340262437673856, 'fuel_k': 4.680936683972859, 'fuel_half': 38.21129441691226}.
[I 2026-07-22 21:51:30,245] Trial 1414 finished with values: [10.036171687191572, 10.036171687191572] and parameters: {'k1': 0.002968335334246999, 'D_low': 4440.493968975123, 'k2': 0.00021153782194224395, 'D_high': 182581.50884250284, 'fire_exp': 2.3987174696212126, 'P_half': 220.3445560633069, 'pre_dampen_half': 269.0845367054863, 'gpp_af': 0.4224904711663322, 'gpp_b': 0.00299041212604743, 'gpp_d': 12.151631524283598, 'ign_k': 0.47637374845937214, 'ign_c': 15.221840161091619, 'trop_agb_crit': 10.65399158341592, 'trop_k_veg': 1.140286245977296, 'fuel_k': 4.680936683972859, 'fuel_half': 33.06791837227926}.
[I 2026-07-22 21:51:30,669] Trial 1415 finished with values: [-0.7692831744341592, 0.24342820816407407] and parameters: {'k1': 0.002968335334246999, 'D_low': 6.9866529071401136, 'k2': 0.00017277896632650726, 'D_high': 107013.64911724928, 'fire_exp': 2.3987174696212126, 'P_half': 343.88729064691387, 'pre_dampen_half': 269.0845367054863, 'gpp_af': 0.4224904711663322, 'gpp_b': 0.0032930655419269924, 'gpp_d': 16.460426816350534, 'ign_k': 0.8015297379101401, 'ign_c': 15.221840161091619, 'trop_agb_crit': 16.212729069955312, 'trop_k_veg': 1.6340262437673856, 'fuel_k': 4.680936683972859, 'fuel_half': 16.371966573507315}.
[I 2026-07-22 21:51:31,120] Trial 1416 finished with values: [-0.7576288530413804, 0.1833018331265751] and parameters: {'k1': 0.002968335334246999, 'D_low': 2.8627614274446977, 'k2': 7.966502922679658e-05, 'D_high': 8127143.66353742, 'fire_exp': 2.3987174696212126, 'P_half': 220.3445560633069, 'pre_dampen_half': 269.0845367054863, 'gpp_af': 0.03924302839842014, 'gpp_b': 0.0054502936945582505, 'gpp_d': 12.151631524283598, 'ign_k': 0.47637374845937214, 'ign_c': 15.221840161091619, 'trop_agb_crit': 19.28597237496244, 'trop_k_veg': 1.6340262437673856, 'fuel_k': 4.680936683972859, 'fuel_half': 18.202647368248815}.
[I 2026-07-22 21:51:31,563] Trial 1417 finished with values: [-0.7803950647354878, 0.24130064983622435] and parameters: {'k1': 0.002968335334246999, 'D_low': 2.8627614274446977, 'k2': 0.020149789847008874, 'D_high': 8127143.66353742, 'fire_exp': 2.3987174696212126, 'P_half': 220.3445560633069, 'pre_dampen_half': 269.0845367054863, 'gpp_af': 0.03924302839842014, 'gpp_b': 0.0021331409710300844, 'gpp_d': 12.151631524283598, 'ign_k': 0.47637374845937214, 'ign_c': 15.221840161091619, 'trop_agb_crit': 19.28597237496244, 'trop_k_veg': 1.6340262437673856, 'fuel_k': 4.680936683972859, 'fuel_half': 38.21129441691226}.
[I 2026-07-22 21:51:31,991] Trial 1418 finished with values: [-0.7315389464220681, 0.17805565836141513] and parameters: {'k1': 0.002968335334246999, 'D_low': 7.109383445138647, 'k2': 0.020149789847008874, 'D_high': 107013.64911724928, 'fire_exp': 2.3987174696212126, 'P_half': 220.3445560633069, 'pre_dampen_half': 269.0845367054863, 'gpp_af': 0.026886479903448782, 'gpp_b': 0.0054502936945582505, 'gpp_d': 12.151631524283598, 'ign_k': 3.210808548911192, 'ign_c': 15.221840161091619, 'trop_agb_crit': 16.475487954934778, 'trop_k_veg': 1.6340262437673856, 'fuel_k': 4.5009330622799215, 'fuel_half': 18.202647368248815}.
[I 2026-07-22 21:51:32,415] Trial 1419 finished with values: [-0.6143288701224604, 0.16742388420410215] and parameters: {'k1': 0.007895056976009628, 'D_low': 102.19595065529477, 'k2': 0.020149789847008874, 'D_high': 107013.64911724928, 'fire_exp': 2.3987174696212126, 'P_half': 220.3445560633069, 'pre_dampen_half': 269.0845367054863, 'gpp_af': 0.026886479903448782, 'gpp_b': 0.029533947738179488, 'gpp_d': 12.151631524283598, 'ign_k': 3.210808548911192, 'ign_c': 4.1108484350212295, 'trop_agb_crit': 16.330874355333034, 'trop_k_veg': 1.6340262437673856, 'fuel_k': 4.680936683972859, 'fuel_half': 0.7023623513432808}.
[I 2026-07-22 21:51:32,847] Trial 1420 finished with values: [11.505219833630768, 11.505219833630768] and parameters: {'k1': 0.002968335334246999, 'D_low': 2.8627614274446977, 'k2': 0.020149789847008874, 'D_high': 107013.64911724928, 'fire_exp': 2.3987174696212126, 'P_half': 220.3445560633069, 'pre_dampen_half': 269.0845367054863, 'gpp_af': 0.7539992074650282, 'gpp_b': 0.0032930655419269924, 'gpp_d': 920.6280330580598, 'ign_k': 0.47637374845937214, 'ign_c': 4.1108484350212295, 'trop_agb_crit': 6.1198430581046965, 'trop_k_veg': 1.6340262437673856, 'fuel_k': 4.680936683972859, 'fuel_half': 0.7023623513432808}.
[I 2026-07-22 21:51:33,275] Trial 1421 finished with values: [10.75517275071424, 10.75517275071424] and parameters: {'k1': 0.007895056976009628, 'D_low': 102.19595065529477, 'k2': 0.002342238625792905, 'D_high': 8127143.66353742, 'fire_exp': 2.3987174696212126, 'P_half': 220.3445560633069, 'pre_dampen_half': 269.0845367054863, 'gpp_af': 0.4224904711663322, 'gpp_b': 0.0054502936945582505, 'gpp_d': 0.01018182259982803, 'ign_k': 0.47637374845937214, 'ign_c': 15.221840161091619, 'trop_agb_crit': 19.28597237496244, 'trop_k_veg': 1.6340262437673856, 'fuel_k': 4.680936683972859, 'fuel_half': 38.21129441691226}.
[I 2026-07-22 21:51:33,700] Trial 1422 finished with values: [-0.7565763041919916, 0.18739330142831123] and parameters: {'k1': 0.008066478271275067, 'D_low': 102.19595065529477, 'k2': 0.002342238625792905, 'D_high': 107013.64911724928, 'fire_exp': 2.3987174696212126, 'P_half': 220.3445560633069, 'pre_dampen_half': 269.0845367054863, 'gpp_af': 0.03340069294249016, 'gpp_b': 0.0032930655419269924, 'gpp_d': 12.151631524283598, 'ign_k': 0.47637374845937214, 'ign_c': 15.221840161091619, 'trop_agb_crit': 16.792543733160812, 'trop_k_veg': 1.6340262437673856, 'fuel_k': 4.680936683972859, 'fuel_half': 18.202647368248815}.
[I 2026-07-22 21:51:34,129] Trial 1423 finished with values: [10.769094688470034, 10.769094688470034] and parameters: {'k1': 0.002968335334246999, 'D_low': 2.8627614274446977, 'k2': 0.017300724838654365, 'D_high': 71534.52030884045, 'fire_exp': 2.3987174696212126, 'P_half': 220.3445560633069, 'pre_dampen_half': 269.0845367054863, 'gpp_af': 0.026886479903448782, 'gpp_b': 0.0032930655419269924, 'gpp_d': 12.151631524283598, 'ign_k': 0.47637374845937214, 'ign_c': 35.12412230512098, 'trop_agb_crit': 16.792543733160812, 'trop_k_veg': 1.6340262437673856, 'fuel_k': 4.680936683972859, 'fuel_half': 16.371966573507315}.
[I 2026-07-22 21:51:34,581] Trial 1424 finished with values: [-0.7772205610710716, 0.316265418059986] and parameters: {'k1': 0.007895056976009628, 'D_low': 102.19595065529477, 'k2': 0.002342238625792905, 'D_high': 107013.64911724928, 'fire_exp': 2.3987174696212126, 'P_half': 220.3445560633069, 'pre_dampen_half': 269.0845367054863, 'gpp_af': 0.4224904711663322, 'gpp_b': 0.0032104497420724493, 'gpp_d': 12.151631524283598, 'ign_k': 0.47637374845937214, 'ign_c': 15.221840161091619, 'trop_agb_crit': 24.584290528289387, 'trop_k_veg': 1.6340262437673856, 'fuel_k': 4.680936683972859, 'fuel_half': 38.21129441691226}.
[I 2026-07-22 21:51:35,020] Trial 1425 finished with values: [10.207787627290447, 10.207787627290447] and parameters: {'k1': 0.002968335334246999, 'D_low': 2.8627614274446977, 'k2': 0.002342238625792905, 'D_high': 182581.50884250284, 'fire_exp': 2.3987174696212126, 'P_half': 1.6015537761747531, 'pre_dampen_half': 269.0845367054863, 'gpp_af': 0.03924302839842014, 'gpp_b': 0.0032104497420724493, 'gpp_d': 12.151631524283598, 'ign_k': 3.210808548911192, 'ign_c': 4.1108484350212295, 'trop_agb_crit': 6.1198430581046965, 'trop_k_veg': 1.6340262437673856, 'fuel_k': 4.680936683972859, 'fuel_half': 18.202647368248815}.
[I 2026-07-22 21:51:35,446] Trial 1426 finished with values: [11.213823280100014, 11.213823280100014] and parameters: {'k1': 0.002968335334246999, 'D_low': 4.447894982964895, 'k2': 7.966502922679658e-05, 'D_high': 71534.52030884045, 'fire_exp': 2.3987174696212126, 'P_half': 220.3445560633069, 'pre_dampen_half': 269.0845367054863, 'gpp_af': 0.4224904711663322, 'gpp_b': 0.0054502936945582505, 'gpp_d': 12.151631524283598, 'ign_k': 0.47637374845937214, 'ign_c': 2.5923015361558552, 'trop_agb_crit': 2.4016908335901794, 'trop_k_veg': 1.6340262437673856, 'fuel_k': 4.680936683972859, 'fuel_half': 0.15085999918833645}.
[I 2026-07-22 21:51:35,868] Trial 1427 finished with values: [-0.784794640905667, 0.2712007901545974] and parameters: {'k1': 0.002968335334246999, 'D_low': 2.8627614274446977, 'k2': 0.017300724838654365, 'D_high': 107013.64911724928, 'fire_exp': 2.3987174696212126, 'P_half': 220.3445560633069, 'pre_dampen_half': 269.0845367054863, 'gpp_af': 0.4224904711663322, 'gpp_b': 0.0032104497420724493, 'gpp_d': 58.858544453955275, 'ign_k': 0.26012483143946924, 'ign_c': 15.221840161091619, 'trop_agb_crit': 6.1198430581046965, 'trop_k_veg': 1.6340262437673856, 'fuel_k': 4.680936683972859, 'fuel_half': 16.371966573507315}.
[I 2026-07-22 21:51:36,294] Trial 1428 finished with values: [-0.7649596419746884, 0.25843954002591785] and parameters: {'k1': 0.002968335334246999, 'D_low': 102.19595065529477, 'k2': 0.017300724838654365, 'D_high': 145242.37928628005, 'fire_exp': 2.3987174696212126, 'P_half': 220.3445560633069, 'pre_dampen_half': 269.0845367054863, 'gpp_af': 0.03924302839842014, 'gpp_b': 0.0032930655419269924, 'gpp_d': 12.151631524283598, 'ign_k': 3.210808548911192, 'ign_c': 15.221840161091619, 'trop_agb_crit': 24.584290528289387, 'trop_k_veg': 1.6340262437673856, 'fuel_k': 4.680936683972859, 'fuel_half': 16.371966573507315}.
[I 2026-07-22 21:51:36,717] Trial 1429 finished with values: [10.711596456179397, 10.711596456179397] and parameters: {'k1': 0.002968335334246999, 'D_low': 102.19595065529477, 'k2': 0.017300724838654365, 'D_high': 107013.64911724928, 'fire_exp': 2.3987174696212126, 'P_half': 220.3445560633069, 'pre_dampen_half': 269.0845367054863, 'gpp_af': 0.03924302839842014, 'gpp_b': 0.13168596206969851, 'gpp_d': 12.151631524283598, 'ign_k': 3.210808548911192, 'ign_c': 15.221840161091619, 'trop_agb_crit': 16.792543733160812, 'trop_k_veg': 1.6340262437673856, 'fuel_k': 4.680936683972859, 'fuel_half': 38.21129441691226}.
[I 2026-07-22 21:51:37,141] Trial 1430 finished with values: [10.699744693158841, 10.699744693158841] and parameters: {'k1': 0.002968335334246999, 'D_low': 102.19595065529477, 'k2': 0.002342238625792905, 'D_high': 145242.37928628005, 'fire_exp': 2.3987174696212126, 'P_half': 2.8704537403852157, 'pre_dampen_half': 269.0845367054863, 'gpp_af': 0.4224904711663322, 'gpp_b': 0.0032104497420724493, 'gpp_d': 58.858544453955275, 'ign_k': 3.210808548911192, 'ign_c': 15.221840161091619, 'trop_agb_crit': 24.584290528289387, 'trop_k_veg': 1.6340262437673856, 'fuel_k': 4.680936683972859, 'fuel_half': 16.371966573507315}.
[I 2026-07-22 21:51:37,567] Trial 1431 finished with values: [-0.7873854875653188, 0.28056932279826596] and parameters: {'k1': 0.002968335334246999, 'D_low': 9.497440085397416, 'k2': 0.020149789847008874, 'D_high': 107013.64911724928, 'fire_exp': 2.3987174696212126, 'P_half': 220.3445560633069, 'pre_dampen_half': 269.0845367054863, 'gpp_af': 0.08302223396786336, 'gpp_b': 0.0021331409710300844, 'gpp_d': 12.151631524283598, 'ign_k': 0.47637374845937214, 'ign_c': 15.221840161091619, 'trop_agb_crit': 24.584290528289387, 'trop_k_veg': 1.6340262437673856, 'fuel_k': 4.680936683972859, 'fuel_half': 18.202647368248815}.
[I 2026-07-22 21:51:37,989] Trial 1432 finished with values: [10.041714610516948, 10.041714610516948] and parameters: {'k1': 0.002968335334246999, 'D_low': 102.19595065529477, 'k2': 0.002342238625792905, 'D_high': 107013.64911724928, 'fire_exp': 2.3987174696212126, 'P_half': 220.3445560633069, 'pre_dampen_half': 269.0845367054863, 'gpp_af': 0.19106561861489246, 'gpp_b': 0.0054502936945582505, 'gpp_d': 12.151631524283598, 'ign_k': 0.47637374845937214, 'ign_c': 15.221840161091619, 'trop_agb_crit': 3.8268083055708586, 'trop_k_veg': 1.6340262437673856, 'fuel_k': 4.680936683972859, 'fuel_half': 33.06791837227926}.
[I 2026-07-22 21:51:38,415] Trial 1433 finished with values: [10.108153235601272, 10.108153235601272] and parameters: {'k1': 0.002968335334246999, 'D_low': 2.8627614274446977, 'k2': 0.002342238625792905, 'D_high': 107013.64911724928, 'fire_exp': 2.3786532049674034, 'P_half': 220.3445560633069, 'pre_dampen_half': 269.0845367054863, 'gpp_af': 0.026886479903448782, 'gpp_b': 0.0054502936945582505, 'gpp_d': 12.151631524283598, 'ign_k': 0.5080094006294851, 'ign_c': 15.221840161091619, 'trop_agb_crit': 6.1198430581046965, 'trop_k_veg': 1.8469549401909453, 'fuel_k': 4.680936683972859, 'fuel_half': 18.202647368248815}.
