[I 2026-06-10 21:41:32,432] Trial 999 finished with values: [13.75065646213718, 13.75065646213718] and parameters: {'k1': 0.016973078532467004, 'D_low': 43.2326421037033, 'k2': 0.0002442377596403892, 'D_high': 44974.07193749848, 'fire_exp': 1.7792742686803427, 'P_half': 157.3644610977214, 'pre_dampen_half': 37.40930273158252, 'gpp_af': 1.9998014714101113, 'gpp_b': 0.16285506249643175, 'gpp_d': 594.7389794988394, 'ign_k': 0.17320535908244444, 'ign_c': 1.1698039424426816, 'trop_agb_crit': 24.199763404822136, 'trop_k_veg': 5.453348988480011, 'fire_amp': 1.5587346124822492}.
[I 2026-06-10 21:41:34,362] Trial 1000 finished with values: [11.046591218169704, 11.046591218169704] and parameters: {'k1': 0.00026539376439360527, 'D_low': 1739.6167422846984, 'k2': 1.1417577140741129e-05, 'D_high': 69868.4759244566, 'fire_exp': 1.2918065501148304, 'P_half': 9.698743148715474, 'pre_dampen_half': 30.456909077772018, 'gpp_af': 1.3954498518315706, 'gpp_b': 0.006999112505425414, 'gpp_d': 47.35384181058586, 'ign_k': 0.0029519227433917453, 'ign_c': 0.6960633318526378, 'trop_agb_crit': 2.0527418919564324, 'trop_k_veg': 2.724170387400844, 'fire_amp': 1.2393473789150806}.
[I 2026-06-10 21:41:36,094] Trial 1001 finished with values: [10.503127209468163, 10.503127209468163] and parameters: {'k1': 0.012840669372724958, 'D_low': 43.2326421037033, 'k2': 8.968733598183248e-05, 'D_high': 42210.21267871043, 'fire_exp': 4.164740583255681, 'P_half': 277.00025557434554, 'pre_dampen_half': 30.456909077772018, 'gpp_af': 0.016306190741524337, 'gpp_b': 0.002416023630607169, 'gpp_d': 17.82401184029455, 'ign_k': 0.8945150807271531, 'ign_c': 2.226297338331262, 'trop_agb_crit': 5.335241529707116, 'trop_k_veg': 0.828441460847982, 'fire_amp': 1.7912500010961188}.
[I 2026-06-10 21:41:37,959] Trial 1002 finished with values: [15.89333852852595, 15.89333852852595] and parameters: {'k1': 0.012840669372724958, 'D_low': 171.2446447678494, 'k2': 0.00805094501261807, 'D_high': 42210.21267871043, 'fire_exp': 1.2918065501148304, 'P_half': 51.10120656497163, 'pre_dampen_half': 910.0175265885813, 'gpp_af': 0.00474057962703787, 'gpp_b': 0.0004125336560355494, 'gpp_d': 20.81401325574021, 'ign_k': 0.0029519227433917453, 'ign_c': 14.709699119495124, 'trop_agb_crit': 2.0527418919564324, 'trop_k_veg': 0.828441460847982, 'fire_amp': 1.2393473789150806}.
[I 2026-06-10 21:41:40,018] Trial 1003 finished with values: [-0.5795803134367848, 0.038404092605591744] and parameters: {'k1': 0.0008779848797373387, 'D_low': 171.2446447678494, 'k2': 0.0011135501184757278, 'D_high': 42210.21267871043, 'fire_exp': 1.2918065501148304, 'P_half': 9.580682294110435, 'pre_dampen_half': 4.603480758878793, 'gpp_af': 0.016306190741524337, 'gpp_b': 0.0004125336560355494, 'gpp_d': 0.7698760608299932, 'ign_k': 0.0029519227433917453, 'ign_c': 1.9423015749984096, 'trop_agb_crit': 21.086120736447015, 'trop_k_veg': 2.520089655463604, 'fire_amp': 1.2393473789150806}.
[I 2026-06-10 21:41:42,932] Trial 1004 finished with values: [17.021542507147785, 17.021542507147785] and parameters: {'k1': 0.012840669372724958, 'D_low': 1739.6167422846984, 'k2': 0.0010726091927327822, 'D_high': 44974.07193749848, 'fire_exp': 1.2565451539674661, 'P_half': 101.40635645866499, 'pre_dampen_half': 28.01075698398644, 'gpp_af': 1.7775411110039254, 'gpp_b': 2.176805640408474e-05, 'gpp_d': 95.2715755007094, 'ign_k': 3.6309591863459096, 'ign_c': 2.2489542843914485, 'trop_agb_crit': 3.1419938725278875, 'trop_k_veg': 2.520089655463604, 'fire_amp': 2.0531624074464796}.
[I 2026-06-10 21:41:44,816] Trial 1005 finished with values: [10.658585017155232, 10.658585017155232] and parameters: {'k1': 0.00026539376439360527, 'D_low': 1585.9294900076181, 'k2': 6.548510655446336e-05, 'D_high': 42.242359735170886, 'fire_exp': 1.7792742686803427, 'P_half': 1.4551749476072258, 'pre_dampen_half': 30.456909077772018, 'gpp_af': 0.016306190741524337, 'gpp_b': 0.002416023630607169, 'gpp_d': 21.899070557043984, 'ign_k': 0.00660597889201953, 'ign_c': 7.832259769732471, 'trop_agb_crit': 1.8023542850487386, 'trop_k_veg': 1.6648666152166967, 'fire_amp': 1.2393473789150806}.
[I 2026-06-10 21:41:46,791] Trial 1006 finished with values: [10.823295064715564, 10.823295064715564] and parameters: {'k1': 0.012840669372724958, 'D_low': 171.2446447678494, 'k2': 0.0011135501184757278, 'D_high': 42210.21267871043, 'fire_exp': 4.164740583255681, 'P_half': 51.10120656497163, 'pre_dampen_half': 4.603480758878793, 'gpp_af': 0.00474057962703787, 'gpp_b': 0.002416023630607169, 'gpp_d': 17.82401184029455, 'ign_k': 0.0029519227433917453, 'ign_c': 2.226297338331262, 'trop_agb_crit': 2.0527418919564324, 'trop_k_veg': 0.828441460847982, 'fire_amp': 4.2446263054164195}.
[I 2026-06-10 21:41:48,925] Trial 1007 finished with values: [10.8332452487881, 10.8332452487881] and parameters: {'k1': 0.017276056747028225, 'D_low': 1739.6167422846984, 'k2': 0.01567230746060024, 'D_high': 1660.8858962357003, 'fire_exp': 3.2459542834651627, 'P_half': 101.40635645866499, 'pre_dampen_half': 98.05638874011484, 'gpp_af': 1.7775411110039254, 'gpp_b': 0.16285506249643175, 'gpp_d': 46.27607115144257, 'ign_k': 3.6309591863459096, 'ign_c': 2.2489542843914485, 'trop_agb_crit': 3.5874145253515306, 'trop_k_veg': 0.6488368931910606, 'fire_amp': 2.818314238665462}.
[I 2026-06-10 21:41:50,987] Trial 1008 finished with values: [11.915284988074486, 11.915284988074486] and parameters: {'k1': 0.08006837661379566, 'D_low': 235.39834531862078, 'k2': 0.0011135501184757278, 'D_high': 8912.611835817017, 'fire_exp': 1.2918065501148304, 'P_half': 51.10120656497163, 'pre_dampen_half': 30.456909077772018, 'gpp_af': 0.013816526035853764, 'gpp_b': 0.0004125336560355494, 'gpp_d': 20.81401325574021, 'ign_k': 0.0029519227433917453, 'ign_c': 2.226297338331262, 'trop_agb_crit': 1.8023542850487386, 'trop_k_veg': 1.6648666152166967, 'fire_amp': 1.2393473789150806}.
[I 2026-06-10 21:41:53,091] Trial 1009 finished with values: [10.314695215486335, 10.314695215486335] and parameters: {'k1': 0.012840669372724958, 'D_low': 171.2446447678494, 'k2': 0.0010726091927327822, 'D_high': 42.242359735170886, 'fire_exp': 1.2918065501148304, 'P_half': 277.00025557434554, 'pre_dampen_half': 28.01075698398644, 'gpp_af': 0.016306190741524337, 'gpp_b': 0.0004125336560355494, 'gpp_d': 0.7698760608299932, 'ign_k': 0.0029519227433917453, 'ign_c': 2.226297338331262, 'trop_agb_crit': 8.126156857703037, 'trop_k_veg': 0.828441460847982, 'fire_amp': 1.2393473789150806}.
[I 2026-06-10 21:41:54,909] Trial 1010 finished with values: [10.380283754334474, 10.380283754334474] and parameters: {'k1': 0.004420612468360113, 'D_low': 1074.940539517341, 'k2': 1.1417577140741129e-05, 'D_high': 8912.611835817017, 'fire_exp': 1.54178826077424, 'P_half': 1.4551749476072258, 'pre_dampen_half': 1.8469033699850426, 'gpp_af': 1.3954498518315706, 'gpp_b': 0.006999112505425414, 'gpp_d': 47.35384181058586, 'ign_k': 0.09256855841989636, 'ign_c': 14.709699119495124, 'trop_agb_crit': 1.8023542850487386, 'trop_k_veg': 1.6648666152166967, 'fire_amp': 5.416595007374148}.
[I 2026-06-10 21:41:56,721] Trial 1011 finished with values: [15.006199929494848, 15.006199929494848] and parameters: {'k1': 0.08006837661379566, 'D_low': 24.28756508761176, 'k2': 0.0011135501184757278, 'D_high': 8912.611835817017, 'fire_exp': 1.2918065501148304, 'P_half': 61.6097529474144, 'pre_dampen_half': 4.603480758878793, 'gpp_af': 1.7775411110039254, 'gpp_b': 0.0004125336560355494, 'gpp_d': 0.7698760608299932, 'ign_k': 0.0029519227433917453, 'ign_c': 2.226297338331262, 'trop_agb_crit': 24.199763404822136, 'trop_k_veg': 1.3393548819222179, 'fire_amp': 5.416595007374148}.
[I 2026-06-10 21:41:58,766] Trial 1012 finished with values: [10.414164226665767, 10.414164226665767] and parameters: {'k1': 0.017276056747028225, 'D_low': 1739.6167422846984, 'k2': 4.933751600448335e-05, 'D_high': 42.242359735170886, 'fire_exp': 1.7792742686803427, 'P_half': 101.40635645866499, 'pre_dampen_half': 37.40930273158252, 'gpp_af': 1.9998014714101113, 'gpp_b': 0.16285506249643175, 'gpp_d': 594.7389794988394, 'ign_k': 0.8945150807271531, 'ign_c': 2.2489542843914485, 'trop_agb_crit': 8.0091368834625, 'trop_k_veg': 1.6003641872536711, 'fire_amp': 2.818314238665462}.
[I 2026-06-10 21:42:00,717] Trial 1013 finished with values: [21.323633655504846, 21.323633655504846] and parameters: {'k1': 0.017276056747028225, 'D_low': 1739.6167422846984, 'k2': 0.02939607009739149, 'D_high': 69868.4759244566, 'fire_exp': 1.9783727454920947, 'P_half': 1.4551749476072258, 'pre_dampen_half': 98.05638874011484, 'gpp_af': 8.297722801173864, 'gpp_b': 0.006999112505425414, 'gpp_d': 95.2715755007094, 'ign_k': 3.6309591863459096, 'ign_c': 16.4780591139802, 'trop_agb_crit': 5.588032458772675, 'trop_k_veg': 0.6488368931910606, 'fire_amp': 5.44779717154213}.
[I 2026-06-10 21:42:02,592] Trial 1014 finished with values: [14.353812701118404, 14.353812701118404] and parameters: {'k1': 0.016973078532467004, 'D_low': 171.2446447678494, 'k2': 8.968733598183248e-05, 'D_high': 42210.21267871043, 'fire_exp': 1.2918065501148304, 'P_half': 61.6097529474144, 'pre_dampen_half': 189.88136301569827, 'gpp_af': 0.016306190741524337, 'gpp_b': 0.0004125336560355494, 'gpp_d': 20.81401325574021, 'ign_k': 0.00660597889201953, 'ign_c': 3.4321391362415827, 'trop_agb_crit': 2.0527418919564324, 'trop_k_veg': 0.6363741063482814, 'fire_amp': 1.0094142474402628}.
[I 2026-06-10 21:42:06,061] Trial 1015 finished with values: [14.08116418074242, 14.08116418074242] and parameters: {'k1': 0.004420612468360113, 'D_low': 171.2446447678494, 'k2': 0.011065296106642572, 'D_high': 8912.611835817017, 'fire_exp': 1.7792742686803427, 'P_half': 51.10120656497163, 'pre_dampen_half': 189.88136301569827, 'gpp_af': 20.12115544906385, 'gpp_b': 0.0004125336560355494, 'gpp_d': 20.81401325574021, 'ign_k': 0.00660597889201953, 'ign_c': 14.709699119495124, 'trop_agb_crit': 24.199763404822136, 'trop_k_veg': 5.453348988480011, 'fire_amp': 1.2393473789150806}.
[I 2026-06-10 21:42:08,517] Trial 1016 finished with values: [10.807137675871285, 10.807137675871285] and parameters: {'k1': 0.00026539376439360527, 'D_low': 1.3843484531249988, 'k2': 0.02939607009739149, 'D_high': 29.126651668813768, 'fire_exp': 3.2459542834651627, 'P_half': 101.40635645866499, 'pre_dampen_half': 98.05638874011484, 'gpp_af': 1.3954498518315706, 'gpp_b': 0.006999112505425414, 'gpp_d': 53.53883461899733, 'ign_k': 0.09256855841989636, 'ign_c': 7.832259769732471, 'trop_agb_crit': 1.8023542850487386, 'trop_k_veg': 1.6648666152166967, 'fire_amp': 4.2446263054164195}.
[I 2026-06-10 21:42:10,669] Trial 1017 finished with values: [10.650749251694224, 10.650749251694224] and parameters: {'k1': 0.017276056747028225, 'D_low': 1739.6167422846984, 'k2': 0.02939607009739149, 'D_high': 44974.07193749848, 'fire_exp': 1.2918065501148304, 'P_half': 61.6097529474144, 'pre_dampen_half': 98.05638874011484, 'gpp_af': 0.016306190741524337, 'gpp_b': 0.00016401492171288636, 'gpp_d': 95.2715755007094, 'ign_k': 0.0029519227433917453, 'ign_c': 1.1698039424426816, 'trop_agb_crit': 3.5874145253515306, 'trop_k_veg': 0.6488368931910606, 'fire_amp': 1.2393473789150806}.
[I 2026-06-10 21:42:12,391] Trial 1018 finished with values: [-0.41264600700513915, 0.021689491784816606] and parameters: {'k1': 0.012840669372724958, 'D_low': 1739.6167422846984, 'k2': 0.0011135501184757278, 'D_high': 44974.07193749848, 'fire_exp': 1.2918065501148304, 'P_half': 9.580682294110435, 'pre_dampen_half': 4.603480758878793, 'gpp_af': 0.016306190741524337, 'gpp_b': 0.0004125336560355494, 'gpp_d': 617.1168441372629, 'ign_k': 0.0029519227433917453, 'ign_c': 1.9423015749984096, 'trop_agb_crit': 3.5874145253515306, 'trop_k_veg': 0.6488368931910606, 'fire_amp': 2.818314238665462}.
[I 2026-06-10 21:42:14,164] Trial 1019 finished with values: [11.860195617794306, 11.860195617794306] and parameters: {'k1': 0.004467752817973905, 'D_low': 1074.940539517341, 'k2': 1.1417577140741129e-05, 'D_high': 44974.07193749848, 'fire_exp': 1.4690410989404576, 'P_half': 101.40635645866499, 'pre_dampen_half': 903.3231300044874, 'gpp_af': 0.8057329182285734, 'gpp_b': 0.006999112505425414, 'gpp_d': 95.2715755007094, 'ign_k': 0.09256855841989636, 'ign_c': 2.2489542843914485, 'trop_agb_crit': 3.5874145253515306, 'trop_k_veg': 0.6618107836658104, 'fire_amp': 1.7912500010961188}.
[I 2026-06-10 21:42:15,850] Trial 1020 finished with values: [10.542432526866882, 10.542432526866882] and parameters: {'k1': 0.00026539376439360527, 'D_low': 1074.940539517341, 'k2': 8.968733598183248e-05, 'D_high': 29.126651668813768, 'fire_exp': 1.7505406131449859, 'P_half': 1.4551749476072258, 'pre_dampen_half': 4.603480758878793, 'gpp_af': 0.06913592160510725, 'gpp_b': 0.002416023630607169, 'gpp_d': 21.899070557043984, 'ign_k': 0.09256855841989636, 'ign_c': 7.832259769732471, 'trop_agb_crit': 1.8023542850487386, 'trop_k_veg': 1.6648666152166967, 'fire_amp': 4.2446263054164195}.
[I 2026-06-10 21:42:17,770] Trial 1021 finished with values: [10.124860816195993, 10.124860816195993] and parameters: {'k1': 0.016973078532467004, 'D_low': 1739.6167422846984, 'k2': 0.02939607009739149, 'D_high': 42210.21267871043, 'fire_exp': 3.2459542834651627, 'P_half': 101.40635645866499, 'pre_dampen_half': 98.05638874011484, 'gpp_af': 0.016306190741524337, 'gpp_b': 0.0004125336560355494, 'gpp_d': 20.81401325574021, 'ign_k': 3.6309591863459096, 'ign_c': 3.4321391362415827, 'trop_agb_crit': 2.0527418919564324, 'trop_k_veg': 0.6488368931910606, 'fire_amp': 1.2393473789150806}.
[I 2026-06-10 21:42:19,682] Trial 1022 finished with values: [10.63157001880904, 10.63157001880904] and parameters: {'k1': 0.004420612468360113, 'D_low': 24.28756508761176, 'k2': 0.0002442377596403892, 'D_high': 8912.611835817017, 'fire_exp': 1.6901885781909627, 'P_half': 51.10120656497163, 'pre_dampen_half': 1.8469033699850426, 'gpp_af': 20.12115544906385, 'gpp_b': 0.05719024141066792, 'gpp_d': 0.4311794772837057, 'ign_k': 0.17320535908244444, 'ign_c': 14.709699119495124, 'trop_agb_crit': 24.199763404822136, 'trop_k_veg': 5.453348988480011, 'fire_amp': 5.416595007374148}.
[I 2026-06-10 21:42:21,554] Trial 1023 finished with values: [12.398769370762786, 12.398769370762786] and parameters: {'k1': 0.017276056747028225, 'D_low': 408.3047491580097, 'k2': 8.968733598183248e-05, 'D_high': 39.405078891654036, 'fire_exp': 1.633445707733642, 'P_half': 16.68848304978238, 'pre_dampen_half': 98.05638874011484, 'gpp_af': 24.16872883741271, 'gpp_b': 0.002416023630607169, 'gpp_d': 0.7698760608299932, 'ign_k': 3.6309591863459096, 'ign_c': 1.1698039424426816, 'trop_agb_crit': 1.850652607502099, 'trop_k_veg': 0.6488368931910606, 'fire_amp': 2.818314238665462}.
[I 2026-06-10 21:42:23,464] Trial 1024 finished with values: [10.833279830595773, 10.833279830595773] and parameters: {'k1': 0.012840669372724958, 'D_low': 1739.6167422846984, 'k2': 0.0011135501184757278, 'D_high': 8912.611835817017, 'fire_exp': 9.915950214721505, 'P_half': 51.10120656497163, 'pre_dampen_half': 4.603480758878793, 'gpp_af': 1.7775411110039254, 'gpp_b': 0.0004125336560355494, 'gpp_d': 95.2715755007094, 'ign_k': 0.0029519227433917453, 'ign_c': 2.2489542843914485, 'trop_agb_crit': 3.5874145253515306, 'trop_k_veg': 2.520089655463604, 'fire_amp': 1.2393473789150806}.
[I 2026-06-10 21:42:25,157] Trial 1025 finished with values: [10.67677670733985, 10.67677670733985] and parameters: {'k1': 0.017276056747028225, 'D_low': 235.39834531862078, 'k2': 0.02939607009739149, 'D_high': 42210.21267871043, 'fire_exp': 1.2918065501148304, 'P_half': 61.6097529474144, 'pre_dampen_half': 0.6943007790038855, 'gpp_af': 1.7775411110039254, 'gpp_b': 0.16285506249643175, 'gpp_d': 0.7698760608299932, 'ign_k': 0.0029519227433917453, 'ign_c': 2.2489542843914485, 'trop_agb_crit': 4.598882335311221, 'trop_k_veg': 0.6488368931910606, 'fire_amp': 2.818314238665462}.
[I 2026-06-10 21:42:27,609] Trial 1026 finished with values: [10.833333332159754, 10.833333332159754] and parameters: {'k1': 0.08006837661379566, 'D_low': 24.28756508761176, 'k2': 0.0011135501184757278, 'D_high': 154.95079374286178, 'fire_exp': 5.273159868401725, 'P_half': 3505.767590795632, 'pre_dampen_half': 4.603480758878793, 'gpp_af': 0.00474057962703787, 'gpp_b': 0.03616312937791845, 'gpp_d': 20.81401325574021, 'ign_k': 0.0029519227433917453, 'ign_c': 14.709699119495124, 'trop_agb_crit': 1.8023542850487386, 'trop_k_veg': 2.520089655463604, 'fire_amp': 1.2393473789150806}.
[I 2026-06-10 21:42:29,338] Trial 1027 finished with values: [10.060187863147755, 10.060187863147755] and parameters: {'k1': 0.05705198955850472, 'D_low': 235.39834531862078, 'k2': 0.0003682161160206092, 'D_high': 42210.21267871043, 'fire_exp': 3.2459542834651627, 'P_half': 61.6097529474144, 'pre_dampen_half': 4.603480758878793, 'gpp_af': 0.11564029855521216, 'gpp_b': 0.0004125336560355494, 'gpp_d': 95.2715755007094, 'ign_k': 3.6309591863459096, 'ign_c': 2.226297338331262, 'trop_agb_crit': 3.5874145253515306, 'trop_k_veg': 3.44015265688607, 'fire_amp': 2.818314238665462}.
[I 2026-06-10 21:42:30,982] Trial 1028 finished with values: [21.07154639040123, 21.07154639040123] and parameters: {'k1': 0.017276056747028225, 'D_low': 235.39834531862078, 'k2': 0.01567230746060024, 'D_high': 42210.21267871043, 'fire_exp': 1.2918065501148304, 'P_half': 9.580682294110435, 'pre_dampen_half': 4.603480758878793, 'gpp_af': 0.5310489989160803, 'gpp_b': 1.0454652010245289e-05, 'gpp_d': 95.2715755007094, 'ign_k': 0.09256855841989636, 'ign_c': 2.2489542843914485, 'trop_agb_crit': 3.5874145253515306, 'trop_k_veg': 0.6488368931910606, 'fire_amp': 4.2446263054164195}.
[I 2026-06-10 21:42:32,706] Trial 1029 finished with values: [11.086649409803734, 11.086649409803734] and parameters: {'k1': 0.012840669372724958, 'D_low': 1074.940539517341, 'k2': 1.1417577140741129e-05, 'D_high': 8912.611835817017, 'fire_exp': 1.2918065501148304, 'P_half': 300.85508055280167, 'pre_dampen_half': 30.456909077772018, 'gpp_af': 1.3954498518315706, 'gpp_b': 0.0004125336560355494, 'gpp_d': 20.81401325574021, 'ign_k': 0.09256855841989636, 'ign_c': 14.709699119495124, 'trop_agb_crit': 2.0527418919564324, 'trop_k_veg': 2.520089655463604, 'fire_amp': 4.2446263054164195}.
[I 2026-06-10 21:42:34,359] Trial 1030 finished with values: [10.56236323985093, 10.56236323985093] and parameters: {'k1': 0.012840669372724958, 'D_low': 1739.6167422846984, 'k2': 0.0002442377596403892, 'D_high': 8912.611835817017, 'fire_exp': 1.2918065501148304, 'P_half': 9.580682294110435, 'pre_dampen_half': 4.603480758878793, 'gpp_af': 0.016306190741524337, 'gpp_b': 0.0004125336560355494, 'gpp_d': 20.81401325574021, 'ign_k': 0.0029519227433917453, 'ign_c': 1.9423015749984096, 'trop_agb_crit': 3.5874145253515306, 'trop_k_veg': 1.33975763878326, 'fire_amp': 1.2393473789150806}.
[I 2026-06-10 21:42:36,086] Trial 1031 finished with values: [10.833297036690176, 10.833297036690176] and parameters: {'k1': 0.05705198955850472, 'D_low': 235.39834531862078, 'k2': 0.015024129734649193, 'D_high': 154.95079374286178, 'fire_exp': 1.7505406131449859, 'P_half': 101.40635645866499, 'pre_dampen_half': 30.456909077772018, 'gpp_af': 0.0029171126401987806, 'gpp_b': 0.16285506249643175, 'gpp_d': 29.9035514860849, 'ign_k': 3.6309591863459096, 'ign_c': 2.2489542843914485, 'trop_agb_crit': 1.8023542850487386, 'trop_k_veg': 2.5540894772966665, 'fire_amp': 2.818314238665462}.
[I 2026-06-10 21:42:37,778] Trial 1032 finished with values: [-0.6644190725555534, 0.01945522019268575] and parameters: {'k1': 0.012840669372724958, 'D_low': 24.28756508761176, 'k2': 0.0002442377596403892, 'D_high': 10994.090116844662, 'fire_exp': 2.4022781627753544, 'P_half': 9.580682294110435, 'pre_dampen_half': 37.40930273158252, 'gpp_af': 0.002790115363936195, 'gpp_b': 0.00047819318414852577, 'gpp_d': 20.81401325574021, 'ign_k': 0.02779045054796808, 'ign_c': 1.9423015749984096, 'trop_agb_crit': 24.199763404822136, 'trop_k_veg': 2.520089655463604, 'fire_amp': 1.2784745553082768}.
[I 2026-06-10 21:42:39,594] Trial 1033 finished with values: [14.595389703736581, 14.595389703736581] and parameters: {'k1': 0.012840669372724958, 'D_low': 5.004428734228137, 'k2': 1.1417577140741129e-05, 'D_high': 44974.07193749848, 'fire_exp': 1.2918065501148304, 'P_half': 101.40635645866499, 'pre_dampen_half': 98.05638874011484, 'gpp_af': 1.3954498518315706, 'gpp_b': 0.16285506249643175, 'gpp_d': 47.35384181058586, 'ign_k': 3.6309591863459096, 'ign_c': 7.832259769732471, 'trop_agb_crit': 2.0527418919564324, 'trop_k_veg': 0.6488368931910606, 'fire_amp': 1.2393473789150806}.
[I 2026-06-10 21:42:41,304] Trial 1034 finished with values: [10.397268136580013, 10.397268136580013] and parameters: {'k1': 0.012840669372724958, 'D_low': 171.2446447678494, 'k2': 2.091507303847255e-05, 'D_high': 839.2504050877119, 'fire_exp': 1.2918065501148304, 'P_half': 101.40635645866499, 'pre_dampen_half': 1.8469033699850426, 'gpp_af': 1.7775411110039254, 'gpp_b': 0.0004125336560355494, 'gpp_d': 20.81401325574021, 'ign_k': 0.0029519227433917453, 'ign_c': 2.226297338331262, 'trop_agb_crit': 24.199763404822136, 'trop_k_veg': 5.453348988480011, 'fire_amp': 5.416595007374148}.
[I 2026-06-10 21:42:42,938] Trial 1035 finished with values: [10.6574217168093, 10.6574217168093] and parameters: {'k1': 0.004420612468360113, 'D_low': 24.28756508761176, 'k2': 0.0002442377596403892, 'D_high': 8912.611835817017, 'fire_exp': 1.2918065501148304, 'P_half': 51.10120656497163, 'pre_dampen_half': 1.8469033699850426, 'gpp_af': 0.016306190741524337, 'gpp_b': 0.07144192620819917, 'gpp_d': 20.81401325574021, 'ign_k': 0.0029519227433917453, 'ign_c': 14.709699119495124, 'trop_agb_crit': 3.5874145253515306, 'trop_k_veg': 5.453348988480011, 'fire_amp': 5.416595007374148}.
