[I 2026-06-10 22:44:30,594] Trial 894 finished with values: [11.846994703298632, 11.846994703298632] and parameters: {'k1': 0.006079905434073396, 'D_low': 1.4002277211577039, 'k2': 0.0007731571570012607, 'D_high': 5259.096221580009, 'fire_exp': 1.1633452995374232, 'P_half': 157.3644610977214, 'pre_dampen_half': 189.36639872354493, 'gpp_af': 37.28155624293858, 'gpp_b': 0.004411400434514031, 'gpp_d': 7.631016235941559, 'ign_k': 0.17320535908244444, 'ign_c': 7.832259769732471, 'trop_agb_crit': 1.8566494291193822, 'trop_k_veg': 6.825463866194253, 'fire_amp': 2.6192385880432525}.
[I 2026-06-10 22:44:31,905] Trial 895 finished with values: [-0.4938864886779416, 0.4211541572523758] and parameters: {'k1': 0.00026539376439360527, 'D_low': 1.4002277211577039, 'k2': 0.003767022142229395, 'D_high': 48235.58283024493, 'fire_exp': 1.1633452995374232, 'P_half': 51.10120656497163, 'pre_dampen_half': 1.4510220269654117, 'gpp_af': 0.41874665092828456, 'gpp_b': 0.00047819318414852577, 'gpp_d': 594.7389794988394, 'ign_k': 0.09256855841989636, 'ign_c': 0.10435856341129002, 'trop_agb_crit': 4.902399583903479, 'trop_k_veg': 4.796046723963646, 'fire_amp': 2.6192385880432525}.
[I 2026-06-10 22:44:33,239] Trial 896 finished with values: [10.80193567564087, 10.80193567564087] and parameters: {'k1': 0.00026539376439360527, 'D_low': 1.4002277211577039, 'k2': 0.0012030178871154666, 'D_high': 27.55546207779663, 'fire_exp': 1.111738490499784, 'P_half': 51.10120656497163, 'pre_dampen_half': 0.01615714055429207, 'gpp_af': 2.5184956910855436, 'gpp_b': 0.00265975681233728, 'gpp_d': 0.47379914349407487, 'ign_k': 0.46813761934505577, 'ign_c': 0.10435856341129002, 'trop_agb_crit': 1.334283419016584, 'trop_k_veg': 0.6108091740265464, 'fire_amp': 5.615047466686494}.
[I 2026-06-10 22:44:34,573] Trial 897 finished with values: [10.709903185794902, 10.709903185794902] and parameters: {'k1': 0.0869690639641868, 'D_low': 171.2446447678494, 'k2': 0.0007731571570012607, 'D_high': 949.9072859745386, 'fire_exp': 1.3807440352456883, 'P_half': 139.09474988024093, 'pre_dampen_half': 20.84599542460349, 'gpp_af': 0.09885838682552685, 'gpp_b': 0.00047819318414852577, 'gpp_d': 47.35384181058586, 'ign_k': 0.17320535908244444, 'ign_c': 23.422386257929038, 'trop_agb_crit': 1.0189592979395135, 'trop_k_veg': 6.825463866194253, 'fire_amp': 1.4475279918261055}.
[I 2026-06-10 22:44:36,134] Trial 898 finished with values: [12.475990371597828, 12.475990371597828] and parameters: {'k1': 0.0032360993995751053, 'D_low': 1.4002277211577039, 'k2': 0.0012030178871154666, 'D_high': 7333.200379637292, 'fire_exp': 1.3807440352456883, 'P_half': 1265.0580856641704, 'pre_dampen_half': 189.36639872354493, 'gpp_af': 0.41874665092828456, 'gpp_b': 1.4540386644083135e-05, 'gpp_d': 46.010874324515754, 'ign_k': 1.6270983114897255, 'ign_c': 0.4177928311636542, 'trop_agb_crit': 1.0693376406863295, 'trop_k_veg': 0.8262197191676174, 'fire_amp': 5.831305332032283}.
[I 2026-06-10 22:44:37,580] Trial 899 finished with values: [10.833162453367095, 10.833162453367095] and parameters: {'k1': 0.0869690639641868, 'D_low': 2396.0796124300746, 'k2': 0.003767022142229395, 'D_high': 431.45617043093523, 'fire_exp': 1.0601964743503993, 'P_half': 4.213183643253957, 'pre_dampen_half': 189.36639872354493, 'gpp_af': 0.09885838682552685, 'gpp_b': 1.4540386644083135e-05, 'gpp_d': 0.4742269251269962, 'ign_k': 0.09256855841989636, 'ign_c': 0.10435856341129002, 'trop_agb_crit': 1.8285200278523417, 'trop_k_veg': 0.6673124511410327, 'fire_amp': 4.19233232783727}.
[I 2026-06-10 22:44:38,875] Trial 900 finished with values: [11.835919657525977, 11.835919657525977] and parameters: {'k1': 0.005754658592592073, 'D_low': 1.4002277211577039, 'k2': 1.1417577140741129e-05, 'D_high': 29.126651668813768, 'fire_exp': 1.111738490499784, 'P_half': 1265.0580856641704, 'pre_dampen_half': 189.36639872354493, 'gpp_af': 3.298293484806585, 'gpp_b': 1.4540386644083135e-05, 'gpp_d': 46.010874324515754, 'ign_k': 0.09256855841989636, 'ign_c': 0.4177928311636542, 'trop_agb_crit': 4.902399583903479, 'trop_k_veg': 0.6488368931910606, 'fire_amp': 5.831305332032283}.
[I 2026-06-10 22:44:40,163] Trial 901 finished with values: [12.628333327742505, 12.628333327742505] and parameters: {'k1': 0.0032360993995751053, 'D_low': 146.24004590125713, 'k2': 0.0012030178871154666, 'D_high': 20103.283734409175, 'fire_exp': 1.1633452995374232, 'P_half': 51.10120656497163, 'pre_dampen_half': 1.4510220269654117, 'gpp_af': 0.41874665092828456, 'gpp_b': 1.4540386644083135e-05, 'gpp_d': 46.010874324515754, 'ign_k': 0.8945150807271531, 'ign_c': 0.10435856341129002, 'trop_agb_crit': 1.0693376406863295, 'trop_k_veg': 5.636143940068465, 'fire_amp': 5.615047466686494}.
[I 2026-06-10 22:44:41,619] Trial 902 finished with values: [14.078542910169034, 14.078542910169034] and parameters: {'k1': 0.006079905434073396, 'D_low': 43.2326421037033, 'k2': 4.933751600448335e-05, 'D_high': 18701.140647651915, 'fire_exp': 1.2732983562135975, 'P_half': 1.9423940721007245, 'pre_dampen_half': 350.88322284755304, 'gpp_af': 1.9654778690222015, 'gpp_b': 0.00047819318414852577, 'gpp_d': 0.4316838564848064, 'ign_k': 0.13500744867919376, 'ign_c': 1.3431925993528124, 'trop_agb_crit': 1.0189592979395135, 'trop_k_veg': 0.6108091740265464, 'fire_amp': 2.6192385880432525}.
[I 2026-06-10 22:44:43,057] Trial 903 finished with values: [10.831273858380232, 10.831273858380232] and parameters: {'k1': 0.0869690639641868, 'D_low': 1.4002277211577039, 'k2': 0.0012030178871154666, 'D_high': 27.55546207779663, 'fire_exp': 1.1633452995374232, 'P_half': 51.10120656497163, 'pre_dampen_half': 0.022713477905714423, 'gpp_af': 0.0011495884087462723, 'gpp_b': 0.004411400434514031, 'gpp_d': 1.0088237648985734, 'ign_k': 0.17320535908244444, 'ign_c': 0.4177928311636542, 'trop_agb_crit': 1.8566494291193822, 'trop_k_veg': 6.825463866194253, 'fire_amp': 5.615047466686494}.
[I 2026-06-10 22:44:44,541] Trial 904 finished with values: [10.532967770251252, 10.532967770251252] and parameters: {'k1': 0.006079905434073396, 'D_low': 171.2446447678494, 'k2': 0.00024195799118138832, 'D_high': 431.45617043093523, 'fire_exp': 1.0601964743503993, 'P_half': 4.213183643253957, 'pre_dampen_half': 30.456909077772018, 'gpp_af': 0.41874665092828456, 'gpp_b': 1.4540386644083135e-05, 'gpp_d': 47.35384181058586, 'ign_k': 1.636529060071807, 'ign_c': 23.422386257929038, 'trop_agb_crit': 1.8285200278523417, 'trop_k_veg': 4.796046723963646, 'fire_amp': 4.19233232783727}.
[I 2026-06-10 22:44:45,940] Trial 905 finished with values: [-0.6122176884580831, 0.2566193344704699] and parameters: {'k1': 0.006079905434073396, 'D_low': 50.32059347286801, 'k2': 0.0010726091927327822, 'D_high': 1266.9536563782303, 'fire_exp': 1.1633452995374232, 'P_half': 1.4551749476072258, 'pre_dampen_half': 269.0845367054866, 'gpp_af': 37.28155624293858, 'gpp_b': 0.004411400434514031, 'gpp_d': 7.631016235941559, 'ign_k': 0.13500744867919376, 'ign_c': 7.832259769732471, 'trop_agb_crit': 1.0189592979395135, 'trop_k_veg': 5.022956259243681, 'fire_amp': 1.4475279918261055}.
[I 2026-06-10 22:44:47,625] Trial 906 finished with values: [10.22202428824831, 10.22202428824831] and parameters: {'k1': 0.0869690639641868, 'D_low': 1.4002277211577039, 'k2': 0.003767022142229395, 'D_high': 1266.9536563782303, 'fire_exp': 1.0601964743503993, 'P_half': 157.80309954142965, 'pre_dampen_half': 606.0479569222907, 'gpp_af': 37.28155624293858, 'gpp_b': 1.4540386644083135e-05, 'gpp_d': 7.631016235941559, 'ign_k': 0.17320535908244444, 'ign_c': 1.3431925993528124, 'trop_agb_crit': 12.285399209683808, 'trop_k_veg': 3.1055119128084763, 'fire_amp': 1.4475279918261055}.
[I 2026-06-10 22:44:48,951] Trial 907 finished with values: [10.833320231992927, 10.833320231992927] and parameters: {'k1': 0.0032360993995751053, 'D_low': 1.4002277211577039, 'k2': 0.003767022142229395, 'D_high': 27.55546207779663, 'fire_exp': 5.117531439790398, 'P_half': 1265.0580856641704, 'pre_dampen_half': 189.36639872354493, 'gpp_af': 0.09885838682552685, 'gpp_b': 0.00047819318414852577, 'gpp_d': 0.4742269251269962, 'ign_k': 0.8945150807271531, 'ign_c': 0.10435856341129002, 'trop_agb_crit': 8.188098178380693, 'trop_k_veg': 5.636143940068465, 'fire_amp': 5.831305332032283}.
[I 2026-06-10 22:44:50,340] Trial 908 finished with values: [10.481856194084749, 10.481856194084749] and parameters: {'k1': 0.0002588246491696491, 'D_low': 146.24004590125713, 'k2': 4.933751600448335e-05, 'D_high': 48235.58283024493, 'fire_exp': 1.0601964743503993, 'P_half': 1265.0580856641704, 'pre_dampen_half': 9.044346216330972, 'gpp_af': 0.41874665092828456, 'gpp_b': 0.00047819318414852577, 'gpp_d': 46.010874324515754, 'ign_k': 0.8945150807271531, 'ign_c': 0.6235377135673155, 'trop_agb_crit': 1.0189592979395135, 'trop_k_veg': 5.636143940068465, 'fire_amp': 5.831305332032283}.
[I 2026-06-10 22:44:52,167] Trial 909 finished with values: [10.009738718739529, 10.009738718739529] and parameters: {'k1': 0.00015351199834018532, 'D_low': 43.2326421037033, 'k2': 0.0007731571570012607, 'D_high': 949.9072859745386, 'fire_exp': 1.0601964743503993, 'P_half': 157.3644610977214, 'pre_dampen_half': 189.36639872354493, 'gpp_af': 0.09885838682552685, 'gpp_b': 0.00047819318414852577, 'gpp_d': 7.631016235941559, 'ign_k': 0.17320535908244444, 'ign_c': 0.24361599465623282, 'trop_agb_crit': 1.8566494291193822, 'trop_k_veg': 6.825463866194253, 'fire_amp': 1.4475279918261055}.
[I 2026-06-10 22:44:53,783] Trial 910 finished with values: [10.194597156932462, 10.194597156932462] and parameters: {'k1': 0.0032360993995751053, 'D_low': 171.2446447678494, 'k2': 0.0012030178871154666, 'D_high': 35.136541394511, 'fire_exp': 1.0601964743503993, 'P_half': 4.213183643253957, 'pre_dampen_half': 189.36639872354493, 'gpp_af': 0.41874665092828456, 'gpp_b': 1.4540386644083135e-05, 'gpp_d': 46.010874324515754, 'ign_k': 7.544827057709847, 'ign_c': 23.422386257929038, 'trop_agb_crit': 3.285141446715206, 'trop_k_veg': 4.796046723963646, 'fire_amp': 5.831305332032283}.
[I 2026-06-10 22:44:55,472] Trial 911 finished with values: [10.458692599433844, 10.458692599433844] and parameters: {'k1': 0.0032360993995751053, 'D_low': 1.4002277211577039, 'k2': 0.0012030178871154666, 'D_high': 35.136541394511, 'fire_exp': 1.0601964743503993, 'P_half': 4.213183643253957, 'pre_dampen_half': 189.36639872354493, 'gpp_af': 0.41874665092828456, 'gpp_b': 1.4540386644083135e-05, 'gpp_d': 74.6908936941915, 'ign_k': 0.00840038491455979, 'ign_c': 0.4177928311636542, 'trop_agb_crit': 1.0693376406863295, 'trop_k_veg': 5.636143940068465, 'fire_amp': 4.19233232783727}.
[I 2026-06-10 22:44:57,019] Trial 912 finished with values: [-0.5499383811087808, 0.3129834982921126] and parameters: {'k1': 0.004420612468360113, 'D_low': 146.24004590125713, 'k2': 4.933751600448335e-05, 'D_high': 48235.58283024493, 'fire_exp': 1.2732983562135975, 'P_half': 1265.0580856641704, 'pre_dampen_half': 37.40930273158252, 'gpp_af': 0.41874665092828456, 'gpp_b': 2.800940363375676e-05, 'gpp_d': 0.4742269251269962, 'ign_k': 1.6270983114897255, 'ign_c': 16.497426799845446, 'trop_agb_crit': 1.0189592979395135, 'trop_k_veg': 4.796046723963646, 'fire_amp': 2.6192385880432525}.
[I 2026-06-10 22:44:58,592] Trial 913 finished with values: [10.919260726506963, 10.919260726506963] and parameters: {'k1': 0.0869690639641868, 'D_low': 5.505316245273476, 'k2': 0.049094038862232466, 'D_high': 1266.9536563782303, 'fire_exp': 1.9365919987098117, 'P_half': 1.4551749476072258, 'pre_dampen_half': 189.36639872354493, 'gpp_af': 0.41874665092828456, 'gpp_b': 0.004411400434514031, 'gpp_d': 12.151631524283598, 'ign_k': 0.17320535908244444, 'ign_c': 7.832259769732471, 'trop_agb_crit': 1.0189592979395135, 'trop_k_veg': 6.825463866194253, 'fire_amp': 2.5192808848916854}.
[I 2026-06-10 22:45:00,365] Trial 914 finished with values: [10.746310955032255, 10.746310955032255] and parameters: {'k1': 0.00031134168041628584, 'D_low': 171.2446447678494, 'k2': 4.970926495623716e-05, 'D_high': 949.9072859745386, 'fire_exp': 1.3807440352456883, 'P_half': 2.4750421470385136, 'pre_dampen_half': 98.05638874011484, 'gpp_af': 0.41874665092828456, 'gpp_b': 0.16285506249643175, 'gpp_d': 47.35384181058586, 'ign_k': 7.544827057709847, 'ign_c': 23.422386257929038, 'trop_agb_crit': 1.0693376406863295, 'trop_k_veg': 0.6488368931910606, 'fire_amp': 3.264490333625322}.
[I 2026-06-10 22:45:01,843] Trial 915 finished with values: [-0.6224441255589588, 0.14145031069213587] and parameters: {'k1': 0.0869690639641868, 'D_low': 1.4002277211577039, 'k2': 0.011415387250465888, 'D_high': 949.9072859745386, 'fire_exp': 1.2732983562135975, 'P_half': 1.4551749476072258, 'pre_dampen_half': 189.36639872354493, 'gpp_af': 37.28155624293858, 'gpp_b': 0.004411400434514031, 'gpp_d': 47.35384181058586, 'ign_k': 0.17320535908244444, 'ign_c': 16.497426799845446, 'trop_agb_crit': 1.8566494291193822, 'trop_k_veg': 6.825463866194253, 'fire_amp': 1.4475279918261055}.
[I 2026-06-10 22:45:03,319] Trial 916 finished with values: [10.814259612192114, 10.814259612192114] and parameters: {'k1': 0.006079905434073396, 'D_low': 146.24004590125713, 'k2': 0.00025923015361558547, 'D_high': 48235.58283024493, 'fire_exp': 1.2732983562135975, 'P_half': 1265.0580856641704, 'pre_dampen_half': 0.21146190563366668, 'gpp_af': 0.0012726963692462898, 'gpp_b': 0.0002637687576667052, 'gpp_d': 0.4742269251269962, 'ign_k': 1.6270983114897255, 'ign_c': 16.497426799845446, 'trop_agb_crit': 1.0189592979395135, 'trop_k_veg': 4.796046723963646, 'fire_amp': 2.6192385880432525}.
[I 2026-06-10 22:45:04,918] Trial 917 finished with values: [10.475018966130396, 10.475018966130396] and parameters: {'k1': 0.00023134781612225627, 'D_low': 1.7551403048208316, 'k2': 0.019383858782150494, 'D_high': 1266.9536563782303, 'fire_exp': 1.0601964743503993, 'P_half': 1.4551749476072258, 'pre_dampen_half': 269.0845367054866, 'gpp_af': 0.8057329182285734, 'gpp_b': 0.00031478066835753096, 'gpp_d': 7.631016235941559, 'ign_k': 1.6270983114897255, 'ign_c': 7.832259769732471, 'trop_agb_crit': 12.647327018493208, 'trop_k_veg': 4.0068236274914755, 'fire_amp': 1.5719333351012774}.
[I 2026-06-10 22:45:06,484] Trial 918 finished with values: [-0.5248389927375097, 0.4572219772391427] and parameters: {'k1': 0.0009255037589041178, 'D_low': 1.4002277211577039, 'k2': 0.0012030178871154666, 'D_high': 42210.21267871043, 'fire_exp': 1.2918065501148304, 'P_half': 1265.0580856641704, 'pre_dampen_half': 189.36639872354493, 'gpp_af': 1.7775411110039254, 'gpp_b': 2.176805640408474e-05, 'gpp_d': 0.03927259340973166, 'ign_k': 0.09256855841989636, 'ign_c': 23.422386257929038, 'trop_agb_crit': 1.0693376406863295, 'trop_k_veg': 5.636143940068465, 'fire_amp': 5.831305332032283}.
[I 2026-06-10 22:45:08,610] Trial 919 finished with values: [10.103904653641045, 10.103904653641045] and parameters: {'k1': 0.006079905434073396, 'D_low': 1.4002277211577039, 'k2': 2.1315065419408075e-05, 'D_high': 949.9072859745386, 'fire_exp': 1.2732983562135975, 'P_half': 157.3644610977214, 'pre_dampen_half': 189.36639872354493, 'gpp_af': 37.28155624293858, 'gpp_b': 0.00047819318414852577, 'gpp_d': 7.631016235941559, 'ign_k': 0.17320535908244444, 'ign_c': 7.832259769732471, 'trop_agb_crit': 1.8566494291193822, 'trop_k_veg': 6.825463866194253, 'fire_amp': 1.4475279918261055}.
[I 2026-06-10 22:45:10,014] Trial 920 finished with values: [10.04555113981623, 10.04555113981623] and parameters: {'k1': 0.005754658592592073, 'D_low': 1.4002277211577039, 'k2': 0.0012030178871154666, 'D_high': 27.55546207779663, 'fire_exp': 1.0601964743503993, 'P_half': 1265.0580856641704, 'pre_dampen_half': 121.93011993958949, 'gpp_af': 0.41874665092828456, 'gpp_b': 0.00047819318414852577, 'gpp_d': 46.010874324515754, 'ign_k': 0.8945150807271531, 'ign_c': 0.4177928311636542, 'trop_agb_crit': 1.0693376406863295, 'trop_k_veg': 4.796046723963646, 'fire_amp': 5.831305332032283}.
[I 2026-06-10 22:45:11,469] Trial 921 finished with values: [10.619201877347832, 10.619201877347832] and parameters: {'k1': 0.006079905434073396, 'D_low': 146.24004590125713, 'k2': 0.0012030178871154666, 'D_high': 35.136541394511, 'fire_exp': 1.0601964743503993, 'P_half': 1265.0580856641704, 'pre_dampen_half': 37.40930273158252, 'gpp_af': 0.41874665092828456, 'gpp_b': 0.0002637687576667052, 'gpp_d': 0.4742269251269962, 'ign_k': 1.6270983114897255, 'ign_c': 16.497426799845446, 'trop_agb_crit': 1.0189592979395135, 'trop_k_veg': 4.796046723963646, 'fire_amp': 2.6192385880432525}.
[I 2026-06-10 22:45:12,930] Trial 922 finished with values: [10.678730230655601, 10.678730230655601] and parameters: {'k1': 0.0869690639641868, 'D_low': 6010.742028864748, 'k2': 1.1417577140741129e-05, 'D_high': 29.126651668813768, 'fire_exp': 1.0601964743503993, 'P_half': 1265.0580856641704, 'pre_dampen_half': 189.36639872354493, 'gpp_af': 3.298293484806585, 'gpp_b': 0.16285506249643175, 'gpp_d': 46.010874324515754, 'ign_k': 7.437725385707939, 'ign_c': 0.7619822175388142, 'trop_agb_crit': 1.0189592979395135, 'trop_k_veg': 4.796046723963646, 'fire_amp': 5.831305332032283}.
[I 2026-06-10 22:45:14,587] Trial 923 finished with values: [10.432798380917372, 10.432798380917372] and parameters: {'k1': 0.0869690639641868, 'D_low': 1.4002277211577039, 'k2': 0.0007731571570012607, 'D_high': 1266.9536563782303, 'fire_exp': 1.0601964743503993, 'P_half': 1265.0580856641704, 'pre_dampen_half': 189.36639872354493, 'gpp_af': 37.28155624293858, 'gpp_b': 0.00047819318414852577, 'gpp_d': 7.631016235941559, 'ign_k': 0.17320535908244444, 'ign_c': 0.24361599465623282, 'trop_agb_crit': 1.8566494291193822, 'trop_k_veg': 6.825463866194253, 'fire_amp': 1.4475279918261055}.
[I 2026-06-10 22:45:16,344] Trial 924 finished with values: [10.814112712094689, 10.814112712094689] and parameters: {'k1': 0.00015197743481843557, 'D_low': 146.24004590125713, 'k2': 0.0007731571570012607, 'D_high': 4567.167062335235, 'fire_exp': 1.0601964743503993, 'P_half': 157.3644610977214, 'pre_dampen_half': 958.6709783968975, 'gpp_af': 0.09885838682552685, 'gpp_b': 0.00047819318414852577, 'gpp_d': 0.03200582711952312, 'ign_k': 0.037151317999473285, 'ign_c': 119.36928467636464, 'trop_agb_crit': 1.8566494291193822, 'trop_k_veg': 1.6003641872536711, 'fire_amp': 1.2393473789150806}.
[I 2026-06-10 22:45:17,889] Trial 925 finished with values: [13.923924255458996, 13.923924255458996] and parameters: {'k1': 0.0001887567630782227, 'D_low': 50.32059347286801, 'k2': 0.003767022142229395, 'D_high': 18701.140647651915, 'fire_exp': 1.9136159174067866, 'P_half': 4.213183643253957, 'pre_dampen_half': 269.0845367054866, 'gpp_af': 1.3954498518315706, 'gpp_b': 0.00047819318414852577, 'gpp_d': 594.7389794988394, 'ign_k': 0.13500744867919376, 'ign_c': 1.3431925993528124, 'trop_agb_crit': 1.0189592979395135, 'trop_k_veg': 0.6673124511410327, 'fire_amp': 2.6192385880432525}.
[I 2026-06-10 22:45:19,348] Trial 926 finished with values: [10.772489023881212, 10.772489023881212] and parameters: {'k1': 0.006079905434073396, 'D_low': 146.24004590125713, 'k2': 0.0007731571570012607, 'D_high': 4567.167062335235, 'fire_exp': 1.3807440352456883, 'P_half': 315.2494048956088, 'pre_dampen_half': 0.8122658568068539, 'gpp_af': 0.09885838682552685, 'gpp_b': 1.4540386644083135e-05, 'gpp_d': 47.35384181058586, 'ign_k': 0.037151317999473285, 'ign_c': 23.422386257929038, 'trop_agb_crit': 1.513702538071769, 'trop_k_veg': 1.6003641872536711, 'fire_amp': 1.2393473789150806}.
[I 2026-06-10 22:45:20,748] Trial 927 finished with values: [10.344115190741354, 10.344115190741354] and parameters: {'k1': 0.00031134168041628584, 'D_low': 43.2326421037033, 'k2': 0.00024195799118138832, 'D_high': 949.9072859745386, 'fire_exp': 1.3807440352456883, 'P_half': 6.648888481118992, 'pre_dampen_half': 98.05638874011484, 'gpp_af': 1.3954498518315706, 'gpp_b': 0.16285506249643175, 'gpp_d': 7.631016235941559, 'ign_k': 0.0030587619047039204, 'ign_c': 23.422386257929038, 'trop_agb_crit': 1.0693376406863295, 'trop_k_veg': 0.6488368931910606, 'fire_amp': 5.831305332032283}.
[I 2026-06-10 22:45:22,309] Trial 928 finished with values: [10.285579813673415, 10.285579813673415] and parameters: {'k1': 0.006079905434073396, 'D_low': 1.4002277211577039, 'k2': 0.0007731571570012607, 'D_high': 2884.3759925715867, 'fire_exp': 1.3807440352456883, 'P_half': 1265.0580856641704, 'pre_dampen_half': 189.36639872354493, 'gpp_af': 0.41874665092828456, 'gpp_b': 0.004411400434514031, 'gpp_d': 7.631016235941559, 'ign_k': 1.6270983114897255, 'ign_c': 16.497426799845446, 'trop_agb_crit': 1.8566494291193822, 'trop_k_veg': 0.8262197191676174, 'fire_amp': 2.5432210024239192}.
[I 2026-06-10 22:45:23,953] Trial 929 finished with values: [14.34994021664595, 14.34994021664595] and parameters: {'k1': 0.0869690639641868, 'D_low': 12.105387404469584, 'k2': 0.003767022142229395, 'D_high': 18701.140647651915, 'fire_exp': 1.9365919987098117, 'P_half': 101.40635645866499, 'pre_dampen_half': 74.67391192154032, 'gpp_af': 1.3954498518315706, 'gpp_b': 0.00047819318414852577, 'gpp_d': 594.7389794988394, 'ign_k': 1.636529060071807, 'ign_c': 1.3431925993528124, 'trop_agb_crit': 1.0189592979395135, 'trop_k_veg': 0.6488368931910606, 'fire_amp': 2.6192385880432525}.
[I 2026-06-10 22:45:25,369] Trial 930 finished with values: [-0.6096340095670126, 0.05227845207137094] and parameters: {'k1': 0.005754658592592073, 'D_low': 1.4002277211577039, 'k2': 0.0012030178871154666, 'D_high': 27.55546207779663, 'fire_exp': 1.1633452995374232, 'P_half': 1265.0580856641704, 'pre_dampen_half': 121.93011993958949, 'gpp_af': 0.07118041471054574, 'gpp_b': 1.4540386644083135e-05, 'gpp_d': 46.010874324515754, 'ign_k': 7.544827057709847, 'ign_c': 0.4177928311636542, 'trop_agb_crit': 1.0693376406863295, 'trop_k_veg': 4.0068236274914755, 'fire_amp': 5.831305332032283}.
