[I 2026-06-11 13:09:30,567] Trial 398 finished with values: [10.7692307688997, 10.7692307688997] and parameters: {'k1': 0.0001887567630782227, 'D_low': 236.79352040223893, 'k2': 0.00037358626308127543, 'D_high': 1266.9536563782303, 'fire_exp': 1.305777134899723, 'P_half': 2.226799690893868, 'pre_dampen_half': 1.8469033699850426, 'gpp_af': 0.04513257622008944, 'gpp_b': 2.176805640408474e-05, 'gpp_d': 0.09467055845337147, 'ign_k': 3.7954792742512957, 'ign_c': 39.52220881906114, 'trop_agb_crit': 12.647327018493208, 'trop_k_veg': 4.0068236274914755, 'fire_amp': 3.1543496524370136}.
[I 2026-06-11 13:09:31,520] Trial 399 finished with values: [10.764282627997918, 10.764282627997918] and parameters: {'k1': 0.00023134781612225627, 'D_low': 236.79352040223893, 'k2': 0.0001280886335404798, 'D_high': 32311.521854410956, 'fire_exp': 3.528518316173592, 'P_half': 1858.6220273069061, 'pre_dampen_half': 121.93011993958949, 'gpp_af': 1.9706963379095486, 'gpp_b': 1.7286734109794885e-05, 'gpp_d': 12.338826503601998, 'ign_k': 0.06445745262301897, 'ign_c': 7.081721844034206, 'trop_agb_crit': 12.708819454040446, 'trop_k_veg': 3.4439936249445045, 'fire_amp': 1.5719333351012774}.
[I 2026-06-11 13:09:32,453] Trial 400 finished with values: [18.799355871715953, 18.799355871715953] and parameters: {'k1': 1.1281785190969807e-05, 'D_low': 1121.5915868662764, 'k2': 0.02939607009739149, 'D_high': 69868.4759244566, 'fire_exp': 1.2060040899560858, 'P_half': 2.226799690893868, 'pre_dampen_half': 123.04779330083686, 'gpp_af': 29.700320404259642, 'gpp_b': 0.015062722325200045, 'gpp_d': 545.0253444559129, 'ign_k': 0.012480180965117606, 'ign_c': 23.422386257929038, 'trop_agb_crit': 8.639792249596399, 'trop_k_veg': 2.9779319378885387, 'fire_amp': 5.606809127618709}.
[I 2026-06-11 13:09:33,471] Trial 401 finished with values: [17.36642759096229, 17.36642759096229] and parameters: {'k1': 0.03648456083047798, 'D_low': 148.21691630007544, 'k2': 0.019383858782150494, 'D_high': 6682.9607218310075, 'fire_exp': 1.0601964743503993, 'P_half': 51.10120656497163, 'pre_dampen_half': 123.04779330083686, 'gpp_af': 0.060029341913968644, 'gpp_b': 1.4540386644083135e-05, 'gpp_d': 0.12878367369717508, 'ign_k': 0.0032383308053152635, 'ign_c': 0.17036120617148395, 'trop_agb_crit': 5.588032458772675, 'trop_k_veg': 2.99731137426955, 'fire_amp': 4.2446263054164195}.
[I 2026-06-11 13:09:34,468] Trial 402 finished with values: [10.665614888465669, 10.665614888465669] and parameters: {'k1': 0.03648456083047798, 'D_low': 1074.940539517341, 'k2': 0.019383858782150494, 'D_high': 6682.9607218310075, 'fire_exp': 1.2060040899560858, 'P_half': 2.226799690893868, 'pre_dampen_half': 30.456909077772018, 'gpp_af': 0.060029341913968644, 'gpp_b': 0.12105864607844925, 'gpp_d': 47.35384181058586, 'ign_k': 0.0032383308053152635, 'ign_c': 0.17036120617148395, 'trop_agb_crit': 5.588032458772675, 'trop_k_veg': 1.6648666152166967, 'fire_amp': 1.5180207449214471}.
[I 2026-06-11 13:09:35,435] Trial 403 finished with values: [-0.7205218497750316, 0.03449441820637] and parameters: {'k1': 0.08409006963311547, 'D_low': 236.79352040223893, 'k2': 0.045914852167405346, 'D_high': 32311.521854410956, 'fire_exp': 1.41873960828944, 'P_half': 5.4712187293420325, 'pre_dampen_half': 30.456909077772018, 'gpp_af': 0.008117091133892173, 'gpp_b': 0.0036065155862388338, 'gpp_d': 47.35384181058586, 'ign_k': 0.09256855841989636, 'ign_c': 29.690870944846793, 'trop_agb_crit': 8.0091368834625, 'trop_k_veg': 3.4439936249445045, 'fire_amp': 3.102033517490054}.
[I 2026-06-11 13:09:36,430] Trial 404 finished with values: [10.279225196774165, 10.279225196774165] and parameters: {'k1': 0.0009255037589041178, 'D_low': 148.21691630007544, 'k2': 0.019383858782150494, 'D_high': 6682.9607218310075, 'fire_exp': 1.2060040899560858, 'P_half': 2.226799690893868, 'pre_dampen_half': 16.009350908593582, 'gpp_af': 0.060029341913968644, 'gpp_b': 0.001674375583895437, 'gpp_d': 12.338826503601998, 'ign_k': 0.00840038491455979, 'ign_c': 1.364908766641693, 'trop_agb_crit': 5.588032458772675, 'trop_k_veg': 3.4439936249445045, 'fire_amp': 1.5180207449214471}.
[I 2026-06-11 13:09:37,415] Trial 405 finished with values: [11.531691972107193, 11.531691972107193] and parameters: {'k1': 0.0012752949611679993, 'D_low': 236.79352040223893, 'k2': 0.003767022142229395, 'D_high': 8440.303958079088, 'fire_exp': 1.1593349727271403, 'P_half': 1265.0580856641704, 'pre_dampen_half': 170.71098124594695, 'gpp_af': 0.060029341913968644, 'gpp_b': 0.00012118589392553798, 'gpp_d': 47.35384181058586, 'ign_k': 0.012480180965117606, 'ign_c': 21.275785720135406, 'trop_agb_crit': 11.664190932505923, 'trop_k_veg': 4.989748894578724, 'fire_amp': 2.7556562114998226}.
[I 2026-06-11 13:09:38,388] Trial 406 finished with values: [10.468917209611865, 10.468917209611865] and parameters: {'k1': 0.05347027553411487, 'D_low': 1.4002277211577039, 'k2': 0.0001280886335404798, 'D_high': 1817.0401889219124, 'fire_exp': 1.0812994412809738, 'P_half': 2.226799690893868, 'pre_dampen_half': 4.847666216751353, 'gpp_af': 0.41874665092828456, 'gpp_b': 0.004411400434514031, 'gpp_d': 0.1619054449471649, 'ign_k': 0.002357279455676982, 'ign_c': 1.364908766641693, 'trop_agb_crit': 12.708819454040446, 'trop_k_veg': 5.453348988480011, 'fire_amp': 1.5180207449214471}.
[I 2026-06-11 13:09:39,310] Trial 407 finished with values: [10.147523511443733, 10.147523511443733] and parameters: {'k1': 0.03648456083047798, 'D_low': 236.79352040223893, 'k2': 0.02065142557895925, 'D_high': 6682.9607218310075, 'fire_exp': 1.0812994412809738, 'P_half': 2.226799690893868, 'pre_dampen_half': 4.847666216751353, 'gpp_af': 0.060029341913968644, 'gpp_b': 2.800940363375676e-05, 'gpp_d': 1.4397852866783676, 'ign_k': 0.0032383308053152635, 'ign_c': 1.364908766641693, 'trop_agb_crit': 8.0091368834625, 'trop_k_veg': 2.99731137426955, 'fire_amp': 1.5180207449214471}.
[I 2026-06-11 13:09:40,354] Trial 408 finished with values: [10.650598156162097, 10.650598156162097] and parameters: {'k1': 0.00026539376439360527, 'D_low': 236.79352040223893, 'k2': 0.005204862686958021, 'D_high': 6682.9607218310075, 'fire_exp': 1.1593349727271403, 'P_half': 1.4551749476072258, 'pre_dampen_half': 0.025594692142876057, 'gpp_af': 0.060029341913968644, 'gpp_b': 0.006999112505425414, 'gpp_d': 47.35384181058586, 'ign_k': 0.0032383308053152635, 'ign_c': 7.832259769732471, 'trop_agb_crit': 8.0091368834625, 'trop_k_veg': 4.0068236274914755, 'fire_amp': 2.7556562114998226}.
[I 2026-06-11 13:09:41,326] Trial 409 finished with values: [10.7692307688997, 10.7692307688997] and parameters: {'k1': 0.012840669372724958, 'D_low': 1.7551403048208316, 'k2': 0.019383858782150494, 'D_high': 6682.9607218310075, 'fire_exp': 1.811096651915224, 'P_half': 996.7983879709292, 'pre_dampen_half': 4.603480758878793, 'gpp_af': 0.07118041471054574, 'gpp_b': 0.0004125336560355494, 'gpp_d': 545.0253444559129, 'ign_k': 0.07867677706257832, 'ign_c': 153.51441568398127, 'trop_agb_crit': 2.0527418919564324, 'trop_k_veg': 2.520089655463604, 'fire_amp': 1.5719333351012774}.
[I 2026-06-11 13:09:42,382] Trial 410 finished with values: [10.286323019184092, 10.286323019184092] and parameters: {'k1': 0.08409006963311547, 'D_low': 1.4002277211577039, 'k2': 1.1417577140741129e-05, 'D_high': 29.126651668813768, 'fire_exp': 1.305777134899723, 'P_half': 1265.0580856641704, 'pre_dampen_half': 30.456909077772018, 'gpp_af': 0.04513257622008944, 'gpp_b': 0.006999112505425414, 'gpp_d': 79.05373031352391, 'ign_k': 0.0032383308053152635, 'ign_c': 7.832259769732471, 'trop_agb_crit': 1.8023542850487386, 'trop_k_veg': 1.6648666152166967, 'fire_amp': 3.102033517490054}.
[I 2026-06-11 13:09:43,577] Trial 411 finished with values: [-0.5989408337978369, 0.3205597900948146] and parameters: {'k1': 0.0008362695993649681, 'D_low': 236.79352040223893, 'k2': 0.02065142557895925, 'D_high': 6682.9607218310075, 'fire_exp': 1.1490848108902036, 'P_half': 2.226799690893868, 'pre_dampen_half': 4.847666216751353, 'gpp_af': 0.060029341913968644, 'gpp_b': 2.800940363375676e-05, 'gpp_d': 1.4397852866783676, 'ign_k': 0.0032383308053152635, 'ign_c': 0.9736725715035878, 'trop_agb_crit': 8.0091368834625, 'trop_k_veg': 2.99731137426955, 'fire_amp': 1.5180207449214471}.
[I 2026-06-11 13:09:45,460] Trial 412 finished with values: [10.7692307688997, 10.7692307688997] and parameters: {'k1': 0.012840669372724958, 'D_low': 4.346890702031289, 'k2': 0.045914852167405346, 'D_high': 16780.50857913099, 'fire_exp': 1.811096651915224, 'P_half': 3.591771421517613, 'pre_dampen_half': 4.603480758878793, 'gpp_af': 0.07118041471054574, 'gpp_b': 0.00807491410172472, 'gpp_d': 12.338826503601998, 'ign_k': 0.07867677706257832, 'ign_c': 153.51441568398127, 'trop_agb_crit': 12.708819454040446, 'trop_k_veg': 2.520089655463604, 'fire_amp': 5.615047466686494}.
[I 2026-06-11 13:09:47,153] Trial 413 finished with values: [10.552393149386585, 10.552393149386585] and parameters: {'k1': 0.030699709531122967, 'D_low': 6010.742028864748, 'k2': 7.531057256501231e-05, 'D_high': 32311.521854410956, 'fire_exp': 1.41873960828944, 'P_half': 1.4551749476072258, 'pre_dampen_half': 16.009350908593582, 'gpp_af': 1.7775411110039254, 'gpp_b': 0.006999112505425414, 'gpp_d': 95.2715755007094, 'ign_k': 0.0032383308053152635, 'ign_c': 7.081721844034206, 'trop_agb_crit': 12.708819454040446, 'trop_k_veg': 3.4439936249445045, 'fire_amp': 4.2446263054164195}.
[I 2026-06-11 13:09:48,856] Trial 414 finished with values: [10.68858603171217, 10.68858603171217] and parameters: {'k1': 3.609310926766545e-05, 'D_low': 1121.5915868662764, 'k2': 0.00037358626308127543, 'D_high': 44974.07193749848, 'fire_exp': 3.2459542834651627, 'P_half': 5.4712187293420325, 'pre_dampen_half': 170.71098124594695, 'gpp_af': 0.015627364027979502, 'gpp_b': 0.005386676499630372, 'gpp_d': 94.19931479490882, 'ign_k': 0.0029519227433917453, 'ign_c': 39.52220881906114, 'trop_agb_crit': 12.647327018493208, 'trop_k_veg': 0.6488368931910606, 'fire_amp': 3.1543496524370136}.
[I 2026-06-11 13:09:50,739] Trial 415 finished with values: [10.19503390938025, 10.19503390938025] and parameters: {'k1': 0.03648456083047798, 'D_low': 1074.940539517341, 'k2': 0.0004976087827261435, 'D_high': 6682.9607218310075, 'fire_exp': 1.811096651915224, 'P_half': 5.4712187293420325, 'pre_dampen_half': 123.04779330083686, 'gpp_af': 1.9706963379095486, 'gpp_b': 0.00031478066835753096, 'gpp_d': 0.1619054449471649, 'ign_k': 0.0032383308053152635, 'ign_c': 1.364908766641693, 'trop_agb_crit': 24.199763404822136, 'trop_k_veg': 5.636143940068465, 'fire_amp': 4.2446263054164195}.
[I 2026-06-11 13:09:52,467] Trial 416 finished with values: [10.079752148426786, 10.079752148426786] and parameters: {'k1': 0.08006837661379566, 'D_low': 12.105387404469584, 'k2': 0.003767022142229395, 'D_high': 32311.521854410956, 'fire_exp': 1.811096651915224, 'P_half': 5.4712187293420325, 'pre_dampen_half': 10.931606102061748, 'gpp_af': 0.060029341913968644, 'gpp_b': 0.00031478066835753096, 'gpp_d': 0.1619054449471649, 'ign_k': 0.0032383308053152635, 'ign_c': 2.226297338331262, 'trop_agb_crit': 12.708819454040446, 'trop_k_veg': 0.828441460847982, 'fire_amp': 1.5719333351012774}.
[I 2026-06-11 13:09:54,228] Trial 417 finished with values: [11.565756846899076, 11.565756846899076] and parameters: {'k1': 0.03648456083047798, 'D_low': 148.21691630007544, 'k2': 0.045914852167405346, 'D_high': 16780.50857913099, 'fire_exp': 1.2060040899560858, 'P_half': 2.226799690893868, 'pre_dampen_half': 16.009350908593582, 'gpp_af': 0.060029341913968644, 'gpp_b': 0.001674375583895437, 'gpp_d': 545.0253444559129, 'ign_k': 0.07867677706257832, 'ign_c': 7.081721844034206, 'trop_agb_crit': 5.588032458772675, 'trop_k_veg': 2.99731137426955, 'fire_amp': 1.5180207449214471}.
[I 2026-06-11 13:09:55,960] Trial 418 finished with values: [-0.6646300251687185, 0.19913964397619743] and parameters: {'k1': 6.784924519083143e-05, 'D_low': 13.012518385211498, 'k2': 0.0004976087827261435, 'D_high': 252.84086172415604, 'fire_exp': 1.4848387260494937, 'P_half': 12.280874862135363, 'pre_dampen_half': 170.71098124594695, 'gpp_af': 42.29037995744429, 'gpp_b': 0.00012118589392553798, 'gpp_d': 96.93415502195788, 'ign_k': 0.012480180965117606, 'ign_c': 0.22592797420156951, 'trop_agb_crit': 8.462233625364036, 'trop_k_veg': 4.989748894578724, 'fire_amp': 4.1162797330133705}.
[I 2026-06-11 13:09:57,712] Trial 419 finished with values: [10.369615805152268, 10.369615805152268] and parameters: {'k1': 0.012840669372724958, 'D_low': 148.21691630007544, 'k2': 0.0001280886335404798, 'D_high': 6682.9607218310075, 'fire_exp': 1.811096651915224, 'P_half': 2.226799690893868, 'pre_dampen_half': 4.847666216751353, 'gpp_af': 0.060029341913968644, 'gpp_b': 0.0004125336560355494, 'gpp_d': 0.1619054449471649, 'ign_k': 0.0032383308053152635, 'ign_c': 153.51441568398127, 'trop_agb_crit': 2.0527418919564324, 'trop_k_veg': 3.1055119128084763, 'fire_amp': 5.615047466686494}.
[I 2026-06-11 13:09:59,453] Trial 420 finished with values: [10.381147107568008, 10.381147107568008] and parameters: {'k1': 3.609310926766545e-05, 'D_low': 1121.5915868662764, 'k2': 0.019383858782150494, 'D_high': 252.84086172415604, 'fire_exp': 1.4848387260494937, 'P_half': 2.226799690893868, 'pre_dampen_half': 170.71098124594695, 'gpp_af': 0.3097266550170567, 'gpp_b': 0.00012118589392553798, 'gpp_d': 545.0253444559129, 'ign_k': 0.0032383308053152635, 'ign_c': 0.17036120617148395, 'trop_agb_crit': 5.588032458772675, 'trop_k_veg': 2.99731137426955, 'fire_amp': 3.1543496524370136}.
[I 2026-06-11 13:10:01,164] Trial 421 finished with values: [10.147077191954072, 10.147077191954072] and parameters: {'k1': 0.003968136435370146, 'D_low': 236.79352040223893, 'k2': 0.01567230746060024, 'D_high': 6682.9607218310075, 'fire_exp': 3.2459542834651627, 'P_half': 5.4712187293420325, 'pre_dampen_half': 98.05638874011484, 'gpp_af': 0.060029341913968644, 'gpp_b': 0.005386676499630372, 'gpp_d': 94.19931479490882, 'ign_k': 3.6309591863459096, 'ign_c': 21.275785720135406, 'trop_agb_crit': 2.49652474515731, 'trop_k_veg': 4.0068236274914755, 'fire_amp': 2.818314238665462}.
[I 2026-06-11 13:10:02,793] Trial 422 finished with values: [-0.6377349826589191, 0.2141112690468402] and parameters: {'k1': 0.00023134781612225627, 'D_low': 236.79352040223893, 'k2': 0.005204862686958021, 'D_high': 32311.521854410956, 'fire_exp': 1.811096651915224, 'P_half': 5.4712187293420325, 'pre_dampen_half': 269.0845367054866, 'gpp_af': 0.060029341913968644, 'gpp_b': 0.00031478066835753096, 'gpp_d': 5.981605330890935, 'ign_k': 0.002357279455676982, 'ign_c': 75.30210437963517, 'trop_agb_crit': 2.49652474515731, 'trop_k_veg': 4.0068236274914755, 'fire_amp': 1.505817508996859}.
[I 2026-06-11 13:10:04,723] Trial 423 finished with values: [15.6216331917416, 15.6216331917416] and parameters: {'k1': 0.03648456083047798, 'D_low': 1.4002277211577039, 'k2': 7.639737756882014e-05, 'D_high': 18108.14362107968, 'fire_exp': 1.41873960828944, 'P_half': 2.226799690893868, 'pre_dampen_half': 958.6709783968975, 'gpp_af': 1.3954498518315706, 'gpp_b': 0.0012611058927054877, 'gpp_d': 47.35384181058586, 'ign_k': 0.09256855841989636, 'ign_c': 0.13577269394141456, 'trop_agb_crit': 1.3063813396521713, 'trop_k_veg': 1.6648666152166967, 'fire_amp': 1.5180207449214471}.
[I 2026-06-11 13:10:06,415] Trial 424 finished with values: [10.406599584188575, 10.406599584188575] and parameters: {'k1': 0.00031134168041628584, 'D_low': 12.105387404469584, 'k2': 0.07928164425547335, 'D_high': 32311.521854410956, 'fire_exp': 1.41873960828944, 'P_half': 399.3031584056686, 'pre_dampen_half': 33.71909132517384, 'gpp_af': 0.0662749342026412, 'gpp_b': 0.0036065155862388338, 'gpp_d': 47.35384181058586, 'ign_k': 0.00840038491455979, 'ign_c': 157.63098727399432, 'trop_agb_crit': 1.9712803620877688, 'trop_k_veg': 1.6648666152166967, 'fire_amp': 3.102033517490054}.
[I 2026-06-11 13:10:08,155] Trial 425 finished with values: [10.214689163246355, 10.214689163246355] and parameters: {'k1': 0.03648456083047798, 'D_low': 1074.940539517341, 'k2': 0.0004976087827261435, 'D_high': 6682.9607218310075, 'fire_exp': 1.0601964743503993, 'P_half': 2.226799690893868, 'pre_dampen_half': 4.847666216751353, 'gpp_af': 2.5184956910855436, 'gpp_b': 0.007579368252801536, 'gpp_d': 545.0253444559129, 'ign_k': 0.0032383308053152635, 'ign_c': 0.17036120617148395, 'trop_agb_crit': 5.588032458772675, 'trop_k_veg': 0.6108091740265464, 'fire_amp': 1.5180207449214471}.
[I 2026-06-11 13:10:09,977] Trial 426 finished with values: [10.15890384314884, 10.15890384314884] and parameters: {'k1': 0.003968136435370146, 'D_low': 1074.940539517341, 'k2': 7.639737756882014e-05, 'D_high': 6682.9607218310075, 'fire_exp': 1.41873960828944, 'P_half': 8.318314747941244, 'pre_dampen_half': 16.009350908593582, 'gpp_af': 1.3954498518315706, 'gpp_b': 2.800940363375676e-05, 'gpp_d': 12.338826503601998, 'ign_k': 0.00840038491455979, 'ign_c': 7.832259769732471, 'trop_agb_crit': 8.0091368834625, 'trop_k_veg': 0.5443513380244235, 'fire_amp': 2.7806853670293616}.
[I 2026-06-11 13:10:11,635] Trial 427 finished with values: [10.001845971957238, 10.001845971957238] and parameters: {'k1': 0.03648456083047798, 'D_low': 1.7551403048208316, 'k2': 0.019383858782150494, 'D_high': 6682.9607218310075, 'fire_exp': 1.41873960828944, 'P_half': 996.7983879709292, 'pre_dampen_half': 269.0845367054866, 'gpp_af': 0.060029341913968644, 'gpp_b': 0.049565458633074926, 'gpp_d': 545.0253444559129, 'ign_k': 0.010733257635049785, 'ign_c': 21.275785720135406, 'trop_agb_crit': 12.708819454040446, 'trop_k_veg': 2.724170387400844, 'fire_amp': 1.5719333351012774}.
[I 2026-06-11 13:10:12,773] Trial 428 finished with values: [10.079365947830466, 10.079365947830466] and parameters: {'k1': 0.006079905434073396, 'D_low': 43.2326421037033, 'k2': 4.933751600448335e-05, 'D_high': 708.7479683081002, 'fire_exp': 1.7792742686803427, 'P_half': 157.3644610977214, 'pre_dampen_half': 37.40930273158252, 'gpp_af': 1.9998014714101113, 'gpp_b': 0.00047819318414852577, 'gpp_d': 594.7389794988394, 'ign_k': 0.8945150807271531, 'ign_c': 16.497426799845446, 'trop_agb_crit': 8.0091368834625, 'trop_k_veg': 1.6003641872536711, 'fire_amp': 1.5587346124822492}.
[I 2026-06-11 13:10:13,885] Trial 429 finished with values: [10.409558127632751, 10.409558127632751] and parameters: {'k1': 0.00038698408508416947, 'D_low': 1121.5915868662764, 'k2': 0.02939607009739149, 'D_high': 6682.9607218310075, 'fire_exp': 1.4848387260494937, 'P_half': 5.4712187293420325, 'pre_dampen_half': 4.847666216751353, 'gpp_af': 21.94636142065287, 'gpp_b': 0.004411400434514031, 'gpp_d': 94.19931479490882, 'ign_k': 0.012480180965117606, 'ign_c': 23.422386257929038, 'trop_agb_crit': 11.664190932505923, 'trop_k_veg': 2.99731137426955, 'fire_amp': 1.5719333351012774}.
[I 2026-06-11 13:10:14,967] Trial 430 finished with values: [10.769206177887373, 10.769206177887373] and parameters: {'k1': 0.08409006963311547, 'D_low': 236.79352040223893, 'k2': 0.02939607009739149, 'D_high': 29.126651668813768, 'fire_exp': 1.41873960828944, 'P_half': 2.226799690893868, 'pre_dampen_half': 28.01075698398644, 'gpp_af': 0.41874665092828456, 'gpp_b': 0.001674375583895437, 'gpp_d': 1.336803341156552, 'ign_k': 0.8103567967717594, 'ign_c': 7.832259769732471, 'trop_agb_crit': 1.8023542850487386, 'trop_k_veg': 3.9199250904984653, 'fire_amp': 2.7806853670293616}.
[I 2026-06-11 13:10:16,044] Trial 431 finished with values: [10.125906997992129, 10.125906997992129] and parameters: {'k1': 0.003968136435370146, 'D_low': 1074.940539517341, 'k2': 7.639737756882014e-05, 'D_high': 6682.9607218310075, 'fire_exp': 1.0601964743503993, 'P_half': 2.226799690893868, 'pre_dampen_half': 30.456909077772018, 'gpp_af': 0.060029341913968644, 'gpp_b': 0.001674375583895437, 'gpp_d': 1.3411170141333262, 'ign_k': 0.0032383308053152635, 'ign_c': 0.17036120617148395, 'trop_agb_crit': 1.8023542850487386, 'trop_k_veg': 2.99731137426955, 'fire_amp': 1.5180207449214471}.
[I 2026-06-11 13:10:17,165] Trial 432 finished with values: [10.620768867726706, 10.620768867726706] and parameters: {'k1': 0.003968136435370146, 'D_low': 1074.940539517341, 'k2': 0.0001280886335404798, 'D_high': 18108.14362107968, 'fire_exp': 1.811096651915224, 'P_half': 2.226799690893868, 'pre_dampen_half': 4.603480758878793, 'gpp_af': 0.07118041471054574, 'gpp_b': 0.0012611058927054877, 'gpp_d': 0.1619054449471649, 'ign_k': 0.0032383308053152635, 'ign_c': 153.51441568398127, 'trop_agb_crit': 2.0527418919564324, 'trop_k_veg': 1.6648666152166967, 'fire_amp': 2.7806853670293616}.
[I 2026-06-11 13:10:18,264] Trial 433 finished with values: [10.239607940024838, 10.239607940024838] and parameters: {'k1': 0.0014452451441203328, 'D_low': 15.0613200804335, 'k2': 0.00024195799118138832, 'D_high': 32311.521854410956, 'fire_exp': 1.3807440352456883, 'P_half': 5.4712187293420325, 'pre_dampen_half': 121.93011993958949, 'gpp_af': 29.700320404259642, 'gpp_b': 1.7286734109794885e-05, 'gpp_d': 0.1619054449471649, 'ign_k': 0.002357279455676982, 'ign_c': 7.081721844034206, 'trop_agb_crit': 12.708819454040446, 'trop_k_veg': 0.5535297685306277, 'fire_amp': 2.7806853670293616}.
[I 2026-06-11 13:10:19,322] Trial 434 finished with values: [10.442870143401477, 10.442870143401477] and parameters: {'k1': 0.00023134781612225627, 'D_low': 1.7551403048208316, 'k2': 0.0001280886335404798, 'D_high': 252.84086172415604, 'fire_exp': 1.811096651915224, 'P_half': 12.280874862135363, 'pre_dampen_half': 121.93011993958949, 'gpp_af': 0.07118041471054574, 'gpp_b': 0.00031478066835753096, 'gpp_d': 96.93415502195788, 'ign_k': 0.002357279455676982, 'ign_c': 16.470698221724305, 'trop_agb_crit': 11.664190932505923, 'trop_k_veg': 4.989748894578724, 'fire_amp': 1.5719333351012774}.
