[I 2026-08-06 10:44:28,211] Trial 130 finished with values: [11.537518066542601, 11.537518066542601] and parameters: {'k1': 0.0012056765208549535, 'D_low': 252.38726750780188, 'k2': 0.003101429427212743, 'D_high': 1236.6924205139144, 'fire_exp': 1.1263716762638152, 'P_half': 175.2878790340412, 'pre_dampen_half': 241.69519319206728, 'gpp_af': 0.10409127568994281, 'gpp_b': 0.00431329787498825, 'gpp_d': 21.14381609520636, 'ign_k': 0.07091190338709638, 'ign_c': 1.9580595319750387, 'trop_agb_crit': 14.948114979829949, 'trop_k_veg': 1.0594599158279707}.
[I 2026-08-06 10:44:29,488] Trial 131 finished with values: [10.759290623181462, 10.759290623181462] and parameters: {'k1': 0.002367935204022389, 'D_low': 4.075267974954964, 'k2': 1.7926680648388784e-05, 'D_high': 91167.68553735342, 'fire_exp': 2.6554044046291967, 'P_half': 140.74279366401683, 'pre_dampen_half': 0.1875872314533727, 'gpp_af': 5.335773317316405, 'gpp_b': 0.005070330027123044, 'gpp_d': 9.510288748158525, 'ign_k': 0.07696703458159235, 'ign_c': 4.439802552990464, 'trop_agb_crit': 1.8157022975489, 'trop_k_veg': 6.5801322358877785}.
[I 2026-08-06 10:44:30,788] Trial 132 finished with values: [10.68343173904812, 10.68343173904812] and parameters: {'k1': 0.00010758866306767925, 'D_low': 436.4516946807792, 'k2': 0.004579192310322934, 'D_high': 1236.6924205139144, 'fire_exp': 1.0601964743503993, 'P_half': 4.213183643253957, 'pre_dampen_half': 0.2888838362365318, 'gpp_af': 1.9706963379095486, 'gpp_b': 0.0054502936945582505, 'gpp_d': 14.638860976621418, 'ign_k': 0.0035281132746849977, 'ign_c': 2.4936660834465174, 'trop_agb_crit': 7.500118950416987, 'trop_k_veg': 0.6673124511410327}.
[I 2026-08-06 10:44:32,456] Trial 133 finished with values: [10.769230768877819, 10.769230768877819] and parameters: {'k1': 0.004053638704742309, 'D_low': 4546.192107824457, 'k2': 0.0016497426799845453, 'D_high': 18.942844905792818, 'fire_exp': 2.627846918579106, 'P_half': 1712.3375973163984, 'pre_dampen_half': 17.707795393478506, 'gpp_af': 17.624510039685536, 'gpp_b': 0.12746711578215045, 'gpp_d': 0.3934396739328545, 'ign_k': 2.3960796124300754, 'ign_c': 2.957080941494347, 'trop_agb_crit': 15.190534371012383, 'trop_k_veg': 0.983473833513531}.
[I 2026-08-06 10:44:34,461] Trial 134 finished with values: [10.76815840856563, 10.76815840856563] and parameters: {'k1': 0.012840669372724958, 'D_low': 1112.9571947046009, 'k2': 8.923807143379776e-05, 'D_high': 8182.111518618414, 'fire_exp': 1.2918065501148304, 'P_half': 338.23872019362165, 'pre_dampen_half': 0.011396414164620812, 'gpp_af': 0.47739011308437823, 'gpp_b': 2.176805640408474e-05, 'gpp_d': 0.03927259340973166, 'ign_k': 0.0029519227433917453, 'ign_c': 0.557280750002996, 'trop_agb_crit': 12.647327018493208, 'trop_k_veg': 2.573214588078609}.
[I 2026-08-06 10:44:35,722] Trial 135 finished with values: [10.677899616376548, 10.677899616376548] and parameters: {'k1': 0.00047324071251811085, 'D_low': 1228.2126524008484, 'k2': 0.0007047307383115598, 'D_high': 21.947742689197344, 'fire_exp': 1.0601964743503993, 'P_half': 221.2683656611821, 'pre_dampen_half': 3.3841016089580034, 'gpp_af': 0.10409127568994281, 'gpp_b': 1.4540386644083135e-05, 'gpp_d': 0.2204889335659561, 'ign_k': 5.351470428717437, 'ign_c': 18.219343937475102, 'trop_agb_crit': 10.691477813613638, 'trop_k_veg': 0.6673124511410327}.
[I 2026-08-06 10:44:37,068] Trial 136 finished with values: [10.769191848198925, 10.769191848198925] and parameters: {'k1': 0.06598741607403362, 'D_low': 34.08427910923046, 'k2': 0.0016497426799845453, 'D_high': 91167.68553735342, 'fire_exp': 2.627846918579106, 'P_half': 1735.792403594532, 'pre_dampen_half': 0.1875872314533727, 'gpp_af': 6.155035361040188, 'gpp_b': 1.220003093173824e-05, 'gpp_d': 0.03805074835058821, 'ign_k': 0.0015276032303600073, 'ign_c': 0.14551749476072262, 'trop_agb_crit': 18.3492792986878, 'trop_k_veg': 3.517697529584014}.
[I 2026-08-06 10:44:38,337] Trial 137 finished with values: [10.734419564181866, 10.734419564181866] and parameters: {'k1': 2.316457903103837e-05, 'D_low': 1228.2126524008484, 'k2': 0.014344484793173472, 'D_high': 25628.666000163565, 'fire_exp': 1.0601964743503993, 'P_half': 4.213183643253957, 'pre_dampen_half': 0.012952289461753311, 'gpp_af': 5.335773317316405, 'gpp_b': 1.4540386644083135e-05, 'gpp_d': 4.25060659305504, 'ign_k': 0.00840038491455979, 'ign_c': 30.28574109895626, 'trop_agb_crit': 8.997007571451054, 'trop_k_veg': 3.49157152291552}.
[I 2026-08-06 10:44:41,569] Trial 138 finished with values: [10.158245027528082, 10.158245027528082] and parameters: {'k1': 0.05778755734457457, 'D_low': 7.299348683062307, 'k2': 0.0007047307383115598, 'D_high': 61536.58035691648, 'fire_exp': 1.1263716762638152, 'P_half': 221.2683656611821, 'pre_dampen_half': 1.3833139021965035, 'gpp_af': 68.11991466118579, 'gpp_b': 0.22727308251068193, 'gpp_d': 229.41380323183625, 'ign_k': 5.351470428717437, 'ign_c': 1.9580595319750387, 'trop_agb_crit': 10.691477813613638, 'trop_k_veg': 4.989748894578724}.
[I 2026-08-06 10:44:44,319] Trial 139 finished with values: [10.547730422398644, 10.547730422398644] and parameters: {'k1': 0.002367935204022389, 'D_low': 7.299348683062307, 'k2': 0.003101429427212743, 'D_high': 21.947742689197344, 'fire_exp': 1.221575427404682, 'P_half': 140.74279366401683, 'pre_dampen_half': 63.6685916079943, 'gpp_af': 5.335773317316405, 'gpp_b': 0.0038900687554386305, 'gpp_d': 757.2868182332339, 'ign_k': 0.01364908766641695, 'ign_c': 11.903394335305014, 'trop_agb_crit': 1.0903028125370984, 'trop_k_veg': 2.4336356947036335}.
[I 2026-08-06 10:44:45,662] Trial 140 finished with values: [10.741569065915574, 10.741569065915574] and parameters: {'k1': 0.012840669372724958, 'D_low': 1.54121727098019, 'k2': 6.069662445477729e-05, 'D_high': 18.942844905792818, 'fire_exp': 1.4665043946307825, 'P_half': 93.43302657318476, 'pre_dampen_half': 0.029662981696401067, 'gpp_af': 0.2204465010099918, 'gpp_b': 2.176805640408474e-05, 'gpp_d': 0.3934396739328545, 'ign_k': 2.3960796124300754, 'ign_c': 0.1239046892818203, 'trop_agb_crit': 15.961316409649486, 'trop_k_veg': 3.869465953383845}.
[I 2026-08-06 10:44:46,967] Trial 141 finished with values: [10.754988086579848, 10.754988086579848] and parameters: {'k1': 0.00016480446427978953, 'D_low': 2.143851363193517, 'k2': 0.00025255166452944054, 'D_high': 8182.111518618414, 'fire_exp': 2.332293128354265, 'P_half': 56.22114524476698, 'pre_dampen_half': 14.711215379121963, 'gpp_af': 0.05511595477601767, 'gpp_b': 3.481277316673104e-05, 'gpp_d': 10.369565216756202, 'ign_k': 0.006290644294586149, 'ign_c': 186.11194462546783, 'trop_agb_crit': 18.785197416433792, 'trop_k_veg': 2.573214588078609}.
[I 2026-08-06 10:44:48,298] Trial 142 finished with values: [10.769228932122903, 10.769228932122903] and parameters: {'k1': 0.06598741607403362, 'D_low': 894.5150807271528, 'k2': 0.004579192310322934, 'D_high': 1236.6924205139144, 'fire_exp': 2.627846918579106, 'P_half': 3227.0237615158, 'pre_dampen_half': 0.6023700815747873, 'gpp_af': 6.155035361040188, 'gpp_b': 1.220003093173824e-05, 'gpp_d': 0.03805074835058821, 'ign_k': 0.022704877557909234, 'ign_c': 0.9580682294110432, 'trop_agb_crit': 18.3492792986878, 'trop_k_veg': 3.517697529584014}.
[I 2026-08-06 10:44:49,614] Trial 143 finished with values: [10.748297764859423, 10.748297764859423] and parameters: {'k1': 0.012021930484915042, 'D_low': 436.4516946807792, 'k2': 0.003101429427212743, 'D_high': 360.73016145428437, 'fire_exp': 1.5185721648966928, 'P_half': 133.4807155996069, 'pre_dampen_half': 5.048653998722947, 'gpp_af': 1.5386842469144075, 'gpp_b': 0.22727308251068193, 'gpp_d': 757.2868182332339, 'ign_k': 0.022704877557909234, 'ign_c': 2.4936660834465174, 'trop_agb_crit': 14.948114979829949, 'trop_k_veg': 1.0594599158279707}.
[I 2026-08-06 10:44:50,950] Trial 144 finished with values: [10.76331444610819, 10.76331444610819] and parameters: {'k1': 0.008912611835817005, 'D_low': 355.00125258511594, 'k2': 0.03538758864779238, 'D_high': 455.5085098454081, 'fire_exp': 1.2171655955604195, 'P_half': 9716.212563514906, 'pre_dampen_half': 63.6685916079943, 'gpp_af': 5.335773317316405, 'gpp_b': 2.5261484261151592e-05, 'gpp_d': 2.944272359149677, 'ign_k': 0.21006485619596416, 'ign_c': 5.13055176058983, 'trop_agb_crit': 1.0903028125370984, 'trop_k_veg': 5.555327265518883}.
[I 2026-08-06 10:44:52,231] Trial 145 finished with values: [10.763226589771898, 10.763226589771898] and parameters: {'k1': 0.00010758866306767925, 'D_low': 436.4516946807792, 'k2': 2.683416249684868e-05, 'D_high': 783.2259769732478, 'fire_exp': 1.4900535273878766, 'P_half': 54.37591736923918, 'pre_dampen_half': 0.029208808341780905, 'gpp_af': 1.200191344086032, 'gpp_b': 1.319554058182653e-05, 'gpp_d': 1.279742971294904, 'ign_k': 0.0315101491238403, 'ign_c': 2.4936660834465174, 'trop_agb_crit': 20.824968728078442, 'trop_k_veg': 5.905704303105107}.
[I 2026-08-06 10:44:53,613] Trial 146 finished with values: [10.752438660745057, 10.752438660745057] and parameters: {'k1': 0.002367935204022389, 'D_low': 520.4862686958022, 'k2': 0.003767022142229395, 'D_high': 985.7545621889059, 'fire_exp': 1.221575427404682, 'P_half': 14.281536924924877, 'pre_dampen_half': 8.594202650742222, 'gpp_af': 1.9706963379095486, 'gpp_b': 1.4540386644083135e-05, 'gpp_d': 0.043441170039664925, 'ign_k': 0.01364908766641695, 'ign_c': 48.704711413416454, 'trop_agb_crit': 1.0693376406863295, 'trop_k_veg': 2.4336356947036335}.
[I 2026-08-06 10:44:54,934] Trial 147 finished with values: [10.769230768877819, 10.769230768877819] and parameters: {'k1': 0.012021930484915042, 'D_low': 8832.039346746853, 'k2': 0.003101429427212743, 'D_high': 21.947742689197344, 'fire_exp': 1.1263716762638152, 'P_half': 4.087300390305745, 'pre_dampen_half': 5.048653998722947, 'gpp_af': 0.060029341913968644, 'gpp_b': 0.22727308251068193, 'gpp_d': 0.26636419343091605, 'ign_k': 0.11619873314872933, 'ign_c': 1.9580595319750387, 'trop_agb_crit': 14.948114979829949, 'trop_k_veg': 2.1406449943451844}.
[I 2026-08-06 10:44:56,276] Trial 148 finished with values: [10.769045222303838, 10.769045222303838] and parameters: {'k1': 0.0007883068789768041, 'D_low': 37.35862630812753, 'k2': 4.042960692360327e-05, 'D_high': 176.55835392092538, 'fire_exp': 1.77210373046677, 'P_half': 945.7692079529039, 'pre_dampen_half': 0.014711676743602244, 'gpp_af': 0.29012721497386246, 'gpp_b': 0.37562294593204776, 'gpp_d': 1.279742971294904, 'ign_k': 0.013276678836047658, 'ign_c': 31.874227118134094, 'trop_agb_crit': 1.4568555410190271, 'trop_k_veg': 5.905704303105107}.
[I 2026-08-06 10:44:57,624] Trial 149 finished with values: [10.664620605507464, 10.664620605507464] and parameters: {'k1': 4.540076719227351e-05, 'D_low': 40.12413353131991, 'k2': 0.0007047307383115598, 'D_high': 1236.6924205139144, 'fire_exp': 1.423480109671474, 'P_half': 751.9407491506673, 'pre_dampen_half': 3.3841016089580034, 'gpp_af': 0.030592049838223532, 'gpp_b': 1.284284091405877e-05, 'gpp_d': 229.41380323183625, 'ign_k': 5.351470428717437, 'ign_c': 1.6051347487097574, 'trop_agb_crit': 12.71480504859747, 'trop_k_veg': 6.45312300188076}.
[I 2026-08-06 10:44:58,999] Trial 150 finished with values: [10.763324243594601, 10.763324243594601] and parameters: {'k1': 0.012840669372724958, 'D_low': 8832.039346746853, 'k2': 0.0026491056409715568, 'D_high': 42210.21267871043, 'fire_exp': 1.264103030891254, 'P_half': 93.43302657318476, 'pre_dampen_half': 2.736251365128462, 'gpp_af': 0.2204465010099918, 'gpp_b': 2.176805640408474e-05, 'gpp_d': 6.792399189485706, 'ign_k': 0.0029519227433917453, 'ign_c': 386.4218705871767, 'trop_agb_crit': 1.3137567821944718, 'trop_k_veg': 2.1406449943451844}.
[I 2026-08-06 10:45:00,379] Trial 151 finished with values: [10.769155053920937, 10.769155053920937] and parameters: {'k1': 0.0012056765208549535, 'D_low': 1228.2126524008484, 'k2': 0.03699867920489089, 'D_high': 3346.220103048382, 'fire_exp': 6.234638880169447, 'P_half': 175.2878790340412, 'pre_dampen_half': 7.665128204660195, 'gpp_af': 0.10409127568994281, 'gpp_b': 0.0001484082099455773, 'gpp_d': 0.01392878970664331, 'ign_k': 0.0802050305902781, 'ign_c': 0.12510188850164433, 'trop_agb_crit': 10.965064494899984, 'trop_k_veg': 3.1485436349029405}.
[I 2026-08-06 10:45:01,711] Trial 152 finished with values: [10.768792394502993, 10.768792394502993] and parameters: {'k1': 0.0011135501184757278, 'D_low': 40.12413353131991, 'k2': 2.683416249684868e-05, 'D_high': 61536.58035691648, 'fire_exp': 8.646288834805796, 'P_half': 221.2683656611821, 'pre_dampen_half': 3.3841016089580034, 'gpp_af': 0.07698760608299937, 'gpp_b': 1.319554058182653e-05, 'gpp_d': 229.41380323183625, 'ign_k': 0.8517034154701657, 'ign_c': 18.219343937475102, 'trop_agb_crit': 1.5028069346088124, 'trop_k_veg': 5.905704303105107}.
[I 2026-08-06 10:45:03,072] Trial 153 finished with values: [10.13942371977731, 10.13942371977731] and parameters: {'k1': 0.05778755734457457, 'D_low': 7.240382572465288, 'k2': 0.0007047307383115598, 'D_high': 42210.21267871043, 'fire_exp': 1.2918065501148304, 'P_half': 221.2683656611821, 'pre_dampen_half': 1.3833139021965035, 'gpp_af': 0.2204465010099918, 'gpp_b': 2.176805640408474e-05, 'gpp_d': 229.41380323183625, 'ign_k': 5.351470428717437, 'ign_c': 3.470490935437501, 'trop_agb_crit': 10.691477813613638, 'trop_k_veg': 2.520089655463604}.
[I 2026-08-06 10:45:04,475] Trial 154 finished with values: [10.767435600862955, 10.767435600862955] and parameters: {'k1': 0.06994589881535453, 'D_low': 4182.178526757453, 'k2': 6.069662445477729e-05, 'D_high': 18.942844905792818, 'fire_exp': 1.2611826901294014, 'P_half': 4.087300390305745, 'pre_dampen_half': 0.16974173693738634, 'gpp_af': 0.006359264168909611, 'gpp_b': 0.00013164432569139702, 'gpp_d': 0.3934396739328545, 'ign_k': 0.004937355303501836, 'ign_c': 386.4218705871767, 'trop_agb_crit': 1.3137567821944718, 'trop_k_veg': 2.1406449943451844}.
[I 2026-08-06 10:45:05,792] Trial 155 finished with values: [10.71581479078053, 10.71581479078053] and parameters: {'k1': 0.012021930484915042, 'D_low': 38.82837025280678, 'k2': 0.003101429427212743, 'D_high': 1493.5213816355397, 'fire_exp': 1.1263716762638152, 'P_half': 133.4807155996069, 'pre_dampen_half': 5.048653998722947, 'gpp_af': 1.5386842469144075, 'gpp_b': 0.22727308251068193, 'gpp_d': 0.4726373877250429, 'ign_k': 0.0036065195493704487, 'ign_c': 1.9580595319750387, 'trop_agb_crit': 14.948114979829949, 'trop_k_veg': 1.0594599158279707}.
[I 2026-08-06 10:45:07,143] Trial 156 finished with values: [10.589732659266673, 10.589732659266673] and parameters: {'k1': 0.012021930484915042, 'D_low': 12.105387404469584, 'k2': 0.003767022142229395, 'D_high': 21.947742689197344, 'fire_exp': 1.1263716762638152, 'P_half': 6.784924519083139, 'pre_dampen_half': 5.048653998722947, 'gpp_af': 0.006359264168909611, 'gpp_b': 1.5385046399532158e-05, 'gpp_d': 757.2868182332339, 'ign_k': 0.11619873314872933, 'ign_c': 1.9580595319750387, 'trop_agb_crit': 1.0693376406863295, 'trop_k_veg': 1.0345878666211452}.
[I 2026-08-06 10:45:08,460] Trial 157 finished with values: [10.758603298617963, 10.758603298617963] and parameters: {'k1': 0.0002220327882582422, 'D_low': 3.4487261314487374, 'k2': 0.03538758864779238, 'D_high': 91167.68553735342, 'fire_exp': 3.936207012318799, 'P_half': 1.605843632310088, 'pre_dampen_half': 63.6685916079943, 'gpp_af': 0.6403036652671171, 'gpp_b': 0.36422282566934233, 'gpp_d': 2.944272359149677, 'ign_k': 0.12329098365270515, 'ign_c': 4.439802552990464, 'trop_agb_crit': 3.275825291386224, 'trop_k_veg': 0.6743482387129308}.
[I 2026-08-06 10:45:09,825] Trial 158 finished with values: [10.51052682409886, 10.51052682409886] and parameters: {'k1': 0.07799059237255677, 'D_low': 7.299348683062307, 'k2': 0.003101429427212743, 'D_high': 3346.220103048382, 'fire_exp': 1.1263716762638152, 'P_half': 102.4585893986732, 'pre_dampen_half': 0.9166964238460105, 'gpp_af': 0.0049748543504537545, 'gpp_b': 0.00431329787498825, 'gpp_d': 40.950628944766926, 'ign_k': 0.07091190338709638, 'ign_c': 1.9580595319750387, 'trop_agb_crit': 14.948114979829949, 'trop_k_veg': 1.9799513595694562}.
[I 2026-08-06 10:45:11,126] Trial 159 finished with values: [10.567915214880076, 10.567915214880076] and parameters: {'k1': 2.316457903103837e-05, 'D_low': 520.4862686958022, 'k2': 0.014344484793173472, 'D_high': 21.947742689197344, 'fire_exp': 1.221575427404682, 'P_half': 712.8188058401365, 'pre_dampen_half': 63.6685916079943, 'gpp_af': 0.6403036652671171, 'gpp_b': 0.22727308251068193, 'gpp_d': 757.2868182332339, 'ign_k': 0.12329098365270515, 'ign_c': 1.9580595319750387, 'trop_agb_crit': 8.997007571451054, 'trop_k_veg': 3.49157152291552}.
[I 2026-08-06 10:45:12,442] Trial 160 finished with values: [10.768999939576318, 10.768999939576318] and parameters: {'k1': 0.008912611835817005, 'D_low': 7.299348683062307, 'k2': 7.914423612155373e-05, 'D_high': 259.06510073644523, 'fire_exp': 3.83403534181858, 'P_half': 2.0461550877877857, 'pre_dampen_half': 0.9166964238460105, 'gpp_af': 85.32056493640629, 'gpp_b': 0.00431329787498825, 'gpp_d': 757.2868182332339, 'ign_k': 0.07091190338709638, 'ign_c': 33.81093273170848, 'trop_agb_crit': 1.0455434848969813, 'trop_k_veg': 3.1473758868965476}.
[I 2026-08-06 10:45:13,744] Trial 161 finished with values: [10.639305712273023, 10.639305712273023] and parameters: {'k1': 0.05778755734457457, 'D_low': 355.00125258511594, 'k2': 0.0007047307383115598, 'D_high': 774.2116473996249, 'fire_exp': 1.3170256885255098, 'P_half': 712.8188058401365, 'pre_dampen_half': 63.6685916079943, 'gpp_af': 68.11991466118579, 'gpp_b': 0.01777482313117792, 'gpp_d': 229.41380323183625, 'ign_k': 0.12329098365270515, 'ign_c': 24.398964530167703, 'trop_agb_crit': 10.691477813613638, 'trop_k_veg': 0.6743482387129308}.
[I 2026-08-06 10:45:15,111] Trial 162 finished with values: [10.769226906403482, 10.769226906403482] and parameters: {'k1': 0.008912611835817005, 'D_low': 171.2446447678494, 'k2': 7.914423612155373e-05, 'D_high': 3346.220103048382, 'fire_exp': 1.3831109524271548, 'P_half': 93.43302657318476, 'pre_dampen_half': 0.011396414164620812, 'gpp_af': 0.12434469102435375, 'gpp_b': 3.083723329640506, 'gpp_d': 0.03927259340973166, 'ign_k': 0.02172578929502367, 'ign_c': 33.81093273170848, 'trop_agb_crit': 1.0455434848969813, 'trop_k_veg': 1.0264716153881357}.
[I 2026-08-06 10:45:16,422] Trial 163 finished with values: [10.762372779009906, 10.762372779009906] and parameters: {'k1': 3.8751982355100445e-05, 'D_low': 1112.9571947046009, 'k2': 8.923807143379776e-05, 'D_high': 8182.111518618414, 'fire_exp': 1.2171655955604195, 'P_half': 338.23872019362165, 'pre_dampen_half': 2.9046276683520458, 'gpp_af': 0.04403094955951772, 'gpp_b': 3.481277316673104e-05, 'gpp_d': 0.15875524914818662, 'ign_k': 0.006912296717033066, 'ign_c': 391.0363745774181, 'trop_agb_crit': 1.14876138417489, 'trop_k_veg': 0.7618668427217097}.
[I 2026-08-06 10:45:17,781] Trial 164 finished with values: [10.769229067362389, 10.769229067362389] and parameters: {'k1': 0.012840669372724958, 'D_low': 171.2446447678494, 'k2': 0.00023295358953467695, 'D_high': 3346.220103048382, 'fire_exp': 5.90081778156971, 'P_half': 93.43302657318476, 'pre_dampen_half': 0.011396414164620812, 'gpp_af': 0.2204465010099918, 'gpp_b': 2.176805640408474e-05, 'gpp_d': 0.03927259340973166, 'ign_k': 0.0029519227433917453, 'ign_c': 0.12510188850164433, 'trop_agb_crit': 12.647327018493208, 'trop_k_veg': 1.0264716153881357}.
[I 2026-08-06 10:45:19,117] Trial 165 finished with values: [10.768445803457228, 10.768445803457228] and parameters: {'k1': 0.037633129263701104, 'D_low': 6542.056762893129, 'k2': 4.042960692360327e-05, 'D_high': 302.4369161272648, 'fire_exp': 1.0362310858538248, 'P_half': 2.0461550877877857, 'pre_dampen_half': 1.3833139021965035, 'gpp_af': 85.32056493640629, 'gpp_b': 0.37562294593204776, 'gpp_d': 4.79161407246161, 'ign_k': 0.017302564033031168, 'ign_c': 192.76545985682404, 'trop_agb_crit': 10.266702291253747, 'trop_k_veg': 0.8170196702261714}.
[I 2026-08-06 10:45:20,479] Trial 166 finished with values: [10.76794321103915, 10.76794321103915] and parameters: {'k1': 3.511445258128687e-05, 'D_low': 2.6692731167228954, 'k2': 0.00025255166452944054, 'D_high': 2289.1315306837046, 'fire_exp': 2.467425479508436, 'P_half': 5.076307782729897, 'pre_dampen_half': 3.103407916899917, 'gpp_af': 0.12434469102435375, 'gpp_b': 0.012132126638791128, 'gpp_d': 82.84476373292449, 'ign_k': 0.21006485619596416, 'ign_c': 30.785541778315018, 'trop_agb_crit': 18.785197416433792, 'trop_k_veg': 3.1473758868965476}.
[I 2026-08-06 10:45:21,812] Trial 167 finished with values: [10.092080574647674, 10.092080574647674] and parameters: {'k1': 0.008287522363768155, 'D_low': 5.59983195169599, 'k2': 0.03538758864779238, 'D_high': 774.2116473996249, 'fire_exp': 1.2611826901294014, 'P_half': 712.8188058401365, 'pre_dampen_half': 63.6685916079943, 'gpp_af': 0.6403036652671171, 'gpp_b': 2.6738182964551835e-05, 'gpp_d': 8.057329182285729, 'ign_k': 0.004144296901136395, 'ign_c': 5.13055176058983, 'trop_agb_crit': 6.119263728555865, 'trop_k_veg': 0.6743482387129308}.
[I 2026-08-06 10:45:23,221] Trial 168 finished with values: [10.730301478912319, 10.730301478912319] and parameters: {'k1': 0.002155595057104387, 'D_low': 1.9977959434035766, 'k2': 0.0007047307383115598, 'D_high': 107.53522341516504, 'fire_exp': 1.695318866910499, 'P_half': 221.2683656611821, 'pre_dampen_half': 3.3841016089580034, 'gpp_af': 1.6059727222314273, 'gpp_b': 1.284284091405877e-05, 'gpp_d': 5.1715677287580455, 'ign_k': 5.351470428717437, 'ign_c': 18.219343937475102, 'trop_agb_crit': 10.691477813613638, 'trop_k_veg': 0.6673124511410327}.
