[I 2026-07-22 21:59:06,377] Trial 947 finished with values: [10.714186614850181, 10.714186614850181] and parameters: {'k1': 0.052334804885400876, 'D_low': 1.1640589436768796, 'k2': 0.030699709531122953, 'D_high': 2512533.442757688, 'fire_exp': 2.2328235894637456, 'P_half': 1.4378290221680121, 'pre_dampen_half': 10.059683154936915, 'gpp_af': 1.782401184029456, 'gpp_b': 9.506179832307065, 'gpp_d': 373.3014953695604, 'ign_k': 4.59148521674054, 'ign_c': 8.356564873457042, 'trop_agb_crit': 3.4997565565368793, 'trop_k_veg': 4.599337386928772, 'fuel_k': 0.8398846716543956, 'fuel_half': 38.21129441691226}.
[I 2026-07-22 21:59:06,796] Trial 948 finished with values: [10.163848999755704, 10.163848999755704] and parameters: {'k1': 0.002968335334246999, 'D_low': 8454.098152188677, 'k2': 0.003658518527736814, 'D_high': 2512533.442757688, 'fire_exp': 2.2271826002669806, 'P_half': 1.4378290221680121, 'pre_dampen_half': 6.881834772031151, 'gpp_af': 1.4498445474033743, 'gpp_b': 8.168628001294799e-05, 'gpp_d': 25.017068255320467, 'ign_k': 4.59148521674054, 'ign_c': 0.13670484737132343, 'trop_agb_crit': 5.707205898008383, 'trop_k_veg': 1.6340262437673856, 'fuel_k': 3.6992394681929355, 'fuel_half': 8.115041565366713}.
[I 2026-07-22 21:59:07,217] Trial 949 finished with values: [10.345686494146733, 10.345686494146733] and parameters: {'k1': 0.09738633019266786, 'D_low': 1.1640589436768796, 'k2': 2.1698375693549493e-05, 'D_high': 4916.587647921618, 'fire_exp': 2.1877314568674895, 'P_half': 2.467915713171983, 'pre_dampen_half': 33.71909132517388, 'gpp_af': 1.4498445474033743, 'gpp_b': 0.00011277885258222645, 'gpp_d': 373.3014953695604, 'ign_k': 4.59148521674054, 'ign_c': 0.13670484737132343, 'trop_agb_crit': 10.719494362768906, 'trop_k_veg': 1.140286245977296, 'fuel_k': 0.017262921159278164, 'fuel_half': 18.202647368248815}.
[I 2026-07-22 21:59:07,638] Trial 950 finished with values: [10.13602318849053, 10.13602318849053] and parameters: {'k1': 0.003242143344038315, 'D_low': 91.66403471455098, 'k2': 0.030699709531122953, 'D_high': 214993.64818184453, 'fire_exp': 2.1877314568674895, 'P_half': 1.4378290221680121, 'pre_dampen_half': 10.059683154936915, 'gpp_af': 26.976083816287083, 'gpp_b': 0.00011277885258222645, 'gpp_d': 9.230424427425296, 'ign_k': 4.59148521674054, 'ign_c': 8.356564873457042, 'trop_agb_crit': 5.707205898008383, 'trop_k_veg': 1.7428926895756522, 'fuel_k': 0.7156083490235493, 'fuel_half': 2.276766792290519}.
[I 2026-07-22 21:59:08,071] Trial 951 finished with values: [-0.7227123257166784, 0.02726355526776414] and parameters: {'k1': 0.003242143344038315, 'D_low': 1.1640589436768796, 'k2': 0.00036821611602060956, 'D_high': 1693415.5410667954, 'fire_exp': 2.3123511487896353, 'P_half': 1.4378290221680121, 'pre_dampen_half': 10.059683154936915, 'gpp_af': 2.114381609520638, 'gpp_b': 0.00011277885258222645, 'gpp_d': 8.057329182285729, 'ign_k': 4.59148521674054, 'ign_c': 16.626592254031866, 'trop_agb_crit': 5.707205898008383, 'trop_k_veg': 1.7428926895756522, 'fuel_k': 0.7156083490235493, 'fuel_half': 2.276766792290519}.
[I 2026-07-22 21:59:08,498] Trial 952 finished with values: [10.00438257786842, 10.00438257786842] and parameters: {'k1': 9.969469187531805e-05, 'D_low': 8454.098152188677, 'k2': 0.030699709531122953, 'D_high': 2512533.442757688, 'fire_exp': 2.1877314568674895, 'P_half': 1.4378290221680121, 'pre_dampen_half': 6.881834772031151, 'gpp_af': 1.782401184029456, 'gpp_b': 8.168628001294799e-05, 'gpp_d': 373.3014953695604, 'ign_k': 4.59148521674054, 'ign_c': 0.13670484737132343, 'trop_agb_crit': 10.719494362768906, 'trop_k_veg': 1.140286245977296, 'fuel_k': 0.017262921159278164, 'fuel_half': 16.371966573507315}.
[I 2026-07-22 21:59:08,923] Trial 953 finished with values: [10.374329228208914, 10.374329228208914] and parameters: {'k1': 0.09738633019266786, 'D_low': 13.25142220631392, 'k2': 3.5281132746849994e-05, 'D_high': 2512533.442757688, 'fire_exp': 2.3750840427797026, 'P_half': 2.467915713171983, 'pre_dampen_half': 89.15632969317363, 'gpp_af': 0.033373034352042676, 'gpp_b': 0.00011277885258222645, 'gpp_d': 373.3014953695604, 'ign_k': 4.59148521674054, 'ign_c': 16.626592254031866, 'trop_agb_crit': 2.8338296020180445, 'trop_k_veg': 0.5415365826598848, 'fuel_k': 0.017262921159278164, 'fuel_half': 18.202647368248815}.
[I 2026-07-22 21:59:09,342] Trial 954 finished with values: [12.13592953512499, 12.13592953512499] and parameters: {'k1': 0.008822833027501576, 'D_low': 1.1640589436768796, 'k2': 2.1698375693549493e-05, 'D_high': 1693415.5410667954, 'fire_exp': 2.3750840427797026, 'P_half': 119.9763911113096, 'pre_dampen_half': 33.71909132517388, 'gpp_af': 0.3259758793317361, 'gpp_b': 1.56731783988398e-05, 'gpp_d': 373.3014953695604, 'ign_k': 4.59148521674054, 'ign_c': 0.7257841640690941, 'trop_agb_crit': 15.870971677383487, 'trop_k_veg': 6.911478238001162, 'fuel_k': 0.017262921159278164, 'fuel_half': 18.202647368248815}.
[I 2026-07-22 21:59:09,763] Trial 955 finished with values: [10.764651700011655, 10.764651700011655] and parameters: {'k1': 0.09738633019266786, 'D_low': 1628.7738522891475, 'k2': 2.1698375693549493e-05, 'D_high': 1693415.5410667954, 'fire_exp': 1.0482996836046896, 'P_half': 9.324787201197319, 'pre_dampen_half': 868.1843415114095, 'gpp_af': 1.1300566419249867, 'gpp_b': 0.00299041212604743, 'gpp_d': 8.057329182285729, 'ign_k': 0.050667002161528835, 'ign_c': 0.7257841640690941, 'trop_agb_crit': 10.65399158341592, 'trop_k_veg': 1.140286245977296, 'fuel_k': 0.48736180483849406, 'fuel_half': 18.202647368248815}.
[I 2026-07-22 21:59:10,185] Trial 956 finished with values: [10.165253465974999, 10.165253465974999] and parameters: {'k1': 9.969469187531805e-05, 'D_low': 4.043300846639722, 'k2': 2.1698375693549493e-05, 'D_high': 2512533.442757688, 'fire_exp': 2.2271826002669806, 'P_half': 1.4378290221680121, 'pre_dampen_half': 33.97904243111269, 'gpp_af': 1.4498445474033743, 'gpp_b': 0.00011277885258222645, 'gpp_d': 0.4841900740994021, 'ign_k': 0.050667002161528835, 'ign_c': 3.4084279109230433, 'trop_agb_crit': 10.719494362768906, 'trop_k_veg': 7.151800917825274, 'fuel_k': 0.028970790717327534, 'fuel_half': 38.21129441691226}.
[I 2026-07-22 21:59:10,608] Trial 957 finished with values: [-0.6164765277814074, 0.13285030819620658] and parameters: {'k1': 0.09738633019266786, 'D_low': 91.66403471455098, 'k2': 2.8459703343413838e-05, 'D_high': 1693415.5410667954, 'fire_exp': 2.3123511487896353, 'P_half': 9.324787201197319, 'pre_dampen_half': 10.059683154936915, 'gpp_af': 1.1300566419249867, 'gpp_b': 1.7565109007473816e-05, 'gpp_d': 8.057329182285729, 'ign_k': 0.050667002161528835, 'ign_c': 4.1108484350212295, 'trop_agb_crit': 15.870971677383487, 'trop_k_veg': 6.911478238001162, 'fuel_k': 0.7156083490235493, 'fuel_half': 18.202647368248815}.
[I 2026-07-22 21:59:11,032] Trial 958 finished with values: [-0.6652614541645894, 0.027292333841571925] and parameters: {'k1': 9.969469187531805e-05, 'D_low': 1.1640589436768796, 'k2': 0.030699709531122953, 'D_high': 2512533.442757688, 'fire_exp': 2.3750840427797026, 'P_half': 1.4378290221680121, 'pre_dampen_half': 868.1843415114095, 'gpp_af': 0.3259758793317361, 'gpp_b': 0.00011277885258222645, 'gpp_d': 373.3014953695604, 'ign_k': 4.59148521674054, 'ign_c': 16.626592254031866, 'trop_agb_crit': 1.0110060758310602, 'trop_k_veg': 0.5695379443977426, 'fuel_k': 0.8398846716543956, 'fuel_half': 16.371966573507315}.
[I 2026-07-22 21:59:11,451] Trial 959 finished with values: [10.280423630041359, 10.280423630041359] and parameters: {'k1': 0.003242143344038315, 'D_low': 1.1640589436768796, 'k2': 0.030699709531122953, 'D_high': 8433503.858791472, 'fire_exp': 2.3750840427797026, 'P_half': 1.4378290221680121, 'pre_dampen_half': 10.059683154936915, 'gpp_af': 2.114381609520638, 'gpp_b': 0.052183838897628114, 'gpp_d': 25.017068255320467, 'ign_k': 4.59148521674054, 'ign_c': 16.626592254031866, 'trop_agb_crit': 5.707205898008383, 'trop_k_veg': 1.33975763878326, 'fuel_k': 3.6992394681929355, 'fuel_half': 81.87941582538087}.
[I 2026-07-22 21:59:11,872] Trial 960 finished with values: [-0.6544096308106437, 0.08592768786988259] and parameters: {'k1': 9.969469187531805e-05, 'D_low': 8454.098152188677, 'k2': 0.030699709531122953, 'D_high': 582349.8764421467, 'fire_exp': 2.3750840427797026, 'P_half': 2.1095259085905753, 'pre_dampen_half': 868.1843415114095, 'gpp_af': 2.114381609520638, 'gpp_b': 1.2892705405728861e-05, 'gpp_d': 373.3014953695604, 'ign_k': 4.59148521674054, 'ign_c': 8.356564873457042, 'trop_agb_crit': 10.719494362768906, 'trop_k_veg': 0.5695379443977426, 'fuel_k': 0.017262921159278164, 'fuel_half': 16.371966573507315}.
[I 2026-07-22 21:59:12,293] Trial 961 finished with values: [-0.6616572758511642, 0.027528007139052568] and parameters: {'k1': 0.052334804885400876, 'D_low': 1.1640589436768796, 'k2': 2.3548462628715368e-05, 'D_high': 2512533.442757688, 'fire_exp': 2.3750840427797026, 'P_half': 1.4378290221680121, 'pre_dampen_half': 6.881834772031151, 'gpp_af': 0.3259758793317361, 'gpp_b': 0.00011277885258222645, 'gpp_d': 373.3014953695604, 'ign_k': 4.59148521674054, 'ign_c': 16.626592254031866, 'trop_agb_crit': 10.719494362768906, 'trop_k_veg': 4.599337386928772, 'fuel_k': 0.8398846716543956, 'fuel_half': 16.371966573507315}.
[I 2026-07-22 21:59:12,713] Trial 962 finished with values: [10.733846391283963, 10.733846391283963] and parameters: {'k1': 0.09738633019266786, 'D_low': 1.1640589436768796, 'k2': 0.0013219302264066773, 'D_high': 1693415.5410667954, 'fire_exp': 2.092714390386472, 'P_half': 1.4378290221680121, 'pre_dampen_half': 11.88679684143525, 'gpp_af': 1.4498445474033743, 'gpp_b': 0.00011277885258222645, 'gpp_d': 25.017068255320467, 'ign_k': 0.0014716512163645843, 'ign_c': 16.626592254031866, 'trop_agb_crit': 5.707205898008383, 'trop_k_veg': 1.7428926895756522, 'fuel_k': 0.09252659617259135, 'fuel_half': 81.87941582538087}.
[I 2026-07-22 21:59:13,136] Trial 963 finished with values: [10.095712741975188, 10.095712741975188] and parameters: {'k1': 9.969469187531805e-05, 'D_low': 8454.098152188677, 'k2': 0.002342238625792905, 'D_high': 8433503.858791472, 'fire_exp': 2.2271826002669806, 'P_half': 1.4378290221680121, 'pre_dampen_half': 10.059683154936915, 'gpp_af': 1.4498445474033743, 'gpp_b': 1.2892705405728861e-05, 'gpp_d': 25.017068255320467, 'ign_k': 0.254945458832971, 'ign_c': 2.4423775964038934, 'trop_agb_crit': 10.719494362768906, 'trop_k_veg': 1.140286245977296, 'fuel_k': 3.6992394681929355, 'fuel_half': 81.87941582538087}.
[I 2026-07-22 21:59:13,554] Trial 964 finished with values: [10.347720504402691, 10.347720504402691] and parameters: {'k1': 0.052334804885400876, 'D_low': 8454.098152188677, 'k2': 0.030699709531122953, 'D_high': 2512533.442757688, 'fire_exp': 2.1877314568674895, 'P_half': 1.4378290221680121, 'pre_dampen_half': 6.881834772031151, 'gpp_af': 1.782401184029456, 'gpp_b': 8.168628001294799e-05, 'gpp_d': 373.3014953695604, 'ign_k': 4.59148521674054, 'ign_c': 8.356564873457042, 'trop_agb_crit': 10.719494362768906, 'trop_k_veg': 1.140286245977296, 'fuel_k': 0.017262921159278164, 'fuel_half': 38.21129441691226}.
[I 2026-07-22 21:59:13,975] Trial 965 finished with values: [10.555720858659305, 10.555720858659305] and parameters: {'k1': 0.09738633019266786, 'D_low': 8454.098152188677, 'k2': 2.1698375693549493e-05, 'D_high': 2512533.442757688, 'fire_exp': 2.3750840427797026, 'P_half': 28.15630081597223, 'pre_dampen_half': 10.059683154936915, 'gpp_af': 1.4498445474033743, 'gpp_b': 0.00011277885258222645, 'gpp_d': 373.3014953695604, 'ign_k': 4.59148521674054, 'ign_c': 16.626592254031866, 'trop_agb_crit': 5.707205898008383, 'trop_k_veg': 0.977663002683211, 'fuel_k': 0.09252659617259135, 'fuel_half': 2.276766792290519}.
[I 2026-07-22 21:59:14,410] Trial 966 finished with values: [10.362506135360082, 10.362506135360082] and parameters: {'k1': 9.969469187531805e-05, 'D_low': 8454.098152188677, 'k2': 0.030699709531122953, 'D_high': 2512533.442757688, 'fire_exp': 2.1877314568674895, 'P_half': 1.4378290221680121, 'pre_dampen_half': 868.1843415114095, 'gpp_af': 0.3259758793317361, 'gpp_b': 0.00011277885258222645, 'gpp_d': 373.3014953695604, 'ign_k': 4.59148521674054, 'ign_c': 16.626592254031866, 'trop_agb_crit': 10.719494362768906, 'trop_k_veg': 1.140286245977296, 'fuel_k': 0.8398846716543956, 'fuel_half': 16.371966573507315}.
[I 2026-07-22 21:59:14,860] Trial 967 finished with values: [10.60658599514364, 10.60658599514364] and parameters: {'k1': 0.002968335334246999, 'D_low': 8454.098152188677, 'k2': 0.030699709531122953, 'D_high': 8433503.858791472, 'fire_exp': 2.3750840427797026, 'P_half': 2.1095259085905753, 'pre_dampen_half': 33.71909132517388, 'gpp_af': 2.114381609520638, 'gpp_b': 1.2892705405728861e-05, 'gpp_d': 373.3014953695604, 'ign_k': 4.59148521674054, 'ign_c': 22.5324838153662, 'trop_agb_crit': 10.719494362768906, 'trop_k_veg': 1.6340262437673856, 'fuel_k': 0.017262921159278164, 'fuel_half': 8.115041565366713}.
[I 2026-07-22 21:59:15,292] Trial 968 finished with values: [-0.6625444722585212, 0.026594194690562456] and parameters: {'k1': 9.969469187531805e-05, 'D_low': 1.1640589436768796, 'k2': 0.0008392504050877116, 'D_high': 2512533.442757688, 'fire_exp': 2.3750840427797026, 'P_half': 1.4378290221680121, 'pre_dampen_half': 868.1843415114095, 'gpp_af': 0.3259758793317361, 'gpp_b': 0.00011277885258222645, 'gpp_d': 373.3014953695604, 'ign_k': 4.59148521674054, 'ign_c': 16.626592254031866, 'trop_agb_crit': 10.719494362768906, 'trop_k_veg': 2.967611227159486, 'fuel_k': 0.017262921159278164, 'fuel_half': 16.371966573507315}.
[I 2026-07-22 21:59:15,716] Trial 969 finished with values: [-0.7023089841141592, 0.03313961843634683] and parameters: {'k1': 9.969469187531805e-05, 'D_low': 4.043300846639722, 'k2': 2.1698375693549493e-05, 'D_high': 2512533.442757688, 'fire_exp': 2.3123511487896353, 'P_half': 1.4378290221680121, 'pre_dampen_half': 868.1843415114095, 'gpp_af': 0.3259758793317361, 'gpp_b': 3.228689523591491e-05, 'gpp_d': 373.3014953695604, 'ign_k': 4.59148521674054, 'ign_c': 16.626592254031866, 'trop_agb_crit': 10.719494362768906, 'trop_k_veg': 1.6340262437673856, 'fuel_k': 0.8398846716543956, 'fuel_half': 16.371966573507315}.
[I 2026-07-22 21:59:16,134] Trial 970 finished with values: [-0.6917605992461695, 0.031172382906787255] and parameters: {'k1': 9.969469187531805e-05, 'D_low': 1.1640589436768796, 'k2': 0.030699709531122953, 'D_high': 2512533.442757688, 'fire_exp': 2.3750840427797026, 'P_half': 2.467915713171983, 'pre_dampen_half': 868.1843415114095, 'gpp_af': 1.4498445474033743, 'gpp_b': 0.00011277885258222645, 'gpp_d': 373.3014953695604, 'ign_k': 4.59148521674054, 'ign_c': 16.626592254031866, 'trop_agb_crit': 10.719494362768906, 'trop_k_veg': 1.140286245977296, 'fuel_k': 0.017262921159278164, 'fuel_half': 16.371966573507315}.
[I 2026-07-22 21:59:16,556] Trial 971 finished with values: [10.768963988871354, 10.768963988871354] and parameters: {'k1': 0.003242143344038315, 'D_low': 1.1640589436768796, 'k2': 0.00036821611602060956, 'D_high': 1693415.5410667954, 'fire_exp': 2.3750840427797026, 'P_half': 1.4378290221680121, 'pre_dampen_half': 0.021099296367452173, 'gpp_af': 1.782401184029456, 'gpp_b': 1.2892705405728861e-05, 'gpp_d': 8.057329182285729, 'ign_k': 4.59148521674054, 'ign_c': 16.626592254031866, 'trop_agb_crit': 5.707205898008383, 'trop_k_veg': 4.599337386928772, 'fuel_k': 0.030458048063161637, 'fuel_half': 2.276766792290519}.
[I 2026-07-22 21:59:16,978] Trial 972 finished with values: [12.05399310447255, 12.05399310447255] and parameters: {'k1': 9.969469187531805e-05, 'D_low': 1.1640589436768796, 'k2': 0.030699709531122953, 'D_high': 2512533.442757688, 'fire_exp': 2.3750840427797026, 'P_half': 1.4378290221680121, 'pre_dampen_half': 794.0569418107997, 'gpp_af': 1.4498445474033743, 'gpp_b': 0.00012118589392553819, 'gpp_d': 373.3014953695604, 'ign_k': 4.59148521674054, 'ign_c': 0.13670484737132343, 'trop_agb_crit': 6.058402553512053, 'trop_k_veg': 0.5695379443977426, 'fuel_k': 0.8398846716543956, 'fuel_half': 5.494793328590267}.
[I 2026-07-22 21:59:17,396] Trial 973 finished with values: [10.280116807368826, 10.280116807368826] and parameters: {'k1': 0.003242143344038315, 'D_low': 1628.7738522891475, 'k2': 0.001761725951418538, 'D_high': 1693415.5410667954, 'fire_exp': 2.3123511487896353, 'P_half': 9.324787201197319, 'pre_dampen_half': 10.059683154936915, 'gpp_af': 1.1300566419249867, 'gpp_b': 0.00011277885258222645, 'gpp_d': 8.057329182285729, 'ign_k': 4.59148521674054, 'ign_c': 0.7257841640690941, 'trop_agb_crit': 5.707205898008383, 'trop_k_veg': 1.7428926895756522, 'fuel_k': 0.7156083490235493, 'fuel_half': 2.276766792290519}.
[I 2026-07-22 21:59:17,822] Trial 974 finished with values: [-0.6959953251851784, 0.02780813880144717] and parameters: {'k1': 0.003242143344038315, 'D_low': 91.66403471455098, 'k2': 2.1698375693549493e-05, 'D_high': 2512533.442757688, 'fire_exp': 2.2271826002669806, 'P_half': 1.4378290221680121, 'pre_dampen_half': 6.881834772031151, 'gpp_af': 1.782401184029456, 'gpp_b': 8.168628001294799e-05, 'gpp_d': 373.3014953695604, 'ign_k': 4.59148521674054, 'ign_c': 16.626592254031866, 'trop_agb_crit': 5.707205898008383, 'trop_k_veg': 6.911478238001162, 'fuel_k': 0.7156083490235493, 'fuel_half': 38.21129441691226}.
[I 2026-07-22 21:59:18,285] Trial 975 finished with values: [-0.7483140794003351, 0.027407003064728874] and parameters: {'k1': 0.003242143344038315, 'D_low': 1.1640589436768796, 'k2': 0.003658518527736814, 'D_high': 8433503.858791472, 'fire_exp': 2.3750840427797026, 'P_half': 1.4378290221680121, 'pre_dampen_half': 10.059683154936915, 'gpp_af': 2.114381609520638, 'gpp_b': 0.002022832315155261, 'gpp_d': 25.017068255320467, 'ign_k': 4.59148521674054, 'ign_c': 16.626592254031866, 'trop_agb_crit': 5.707205898008383, 'trop_k_veg': 1.7428926895756522, 'fuel_k': 3.6992394681929355, 'fuel_half': 2.276766792290519}.
[I 2026-07-22 21:59:18,746] Trial 976 finished with values: [-0.6852959037156566, 0.027792695004945744] and parameters: {'k1': 0.052334804885400876, 'D_low': 2311.854866544268, 'k2': 0.030699709531122953, 'D_high': 2512533.442757688, 'fire_exp': 2.264545306066772, 'P_half': 1.4378290221680121, 'pre_dampen_half': 868.1843415114095, 'gpp_af': 1.782401184029456, 'gpp_b': 0.00011277885258222645, 'gpp_d': 373.3014953695604, 'ign_k': 4.59148521674054, 'ign_c': 16.626592254031866, 'trop_agb_crit': 10.719494362768906, 'trop_k_veg': 1.140286245977296, 'fuel_k': 0.017262921159278164, 'fuel_half': 16.371966573507315}.
[I 2026-07-22 21:59:19,171] Trial 977 finished with values: [10.377234799027166, 10.377234799027166] and parameters: {'k1': 9.969469187531805e-05, 'D_low': 1.1640589436768796, 'k2': 0.05438762195226743, 'D_high': 2512533.442757688, 'fire_exp': 2.3750840427797026, 'P_half': 2.1095259085905753, 'pre_dampen_half': 10.059683154936915, 'gpp_af': 0.3259758793317361, 'gpp_b': 0.00011277885258222645, 'gpp_d': 373.3014953695604, 'ign_k': 4.59148521674054, 'ign_c': 16.626592254031866, 'trop_agb_crit': 10.719494362768906, 'trop_k_veg': 1.7428926895756522, 'fuel_k': 0.4748757752313696, 'fuel_half': 2.276766792290519}.
[I 2026-07-22 21:59:19,592] Trial 978 finished with values: [10.343092601916307, 10.343092601916307] and parameters: {'k1': 0.09738633019266786, 'D_low': 11.437258028094242, 'k2': 2.1698375693549493e-05, 'D_high': 8433503.858791472, 'fire_exp': 2.3750840427797026, 'P_half': 119.9763911113096, 'pre_dampen_half': 10.059683154936915, 'gpp_af': 0.0025511964576171086, 'gpp_b': 1.7565109007473816e-05, 'gpp_d': 373.3014953695604, 'ign_k': 0.5080094006294851, 'ign_c': 0.13670484737132343, 'trop_agb_crit': 15.870971677383487, 'trop_k_veg': 0.9369104721775232, 'fuel_k': 3.6992394681929355, 'fuel_half': 18.202647368248815}.
[I 2026-07-22 21:59:20,014] Trial 979 finished with values: [11.651854915268972, 11.651854915268972] and parameters: {'k1': 0.016594187721123744, 'D_low': 1.1640589436768796, 'k2': 0.002342238625792905, 'D_high': 2512533.442757688, 'fire_exp': 2.3123511487896353, 'P_half': 12.002808592678374, 'pre_dampen_half': 10.059683154936915, 'gpp_af': 13.342802292606795, 'gpp_b': 1.2892705405728861e-05, 'gpp_d': 25.017068255320467, 'ign_k': 4.59148521674054, 'ign_c': 2.4423775964038934, 'trop_agb_crit': 10.719494362768906, 'trop_k_veg': 1.9903508005332136, 'fuel_k': 3.6992394681929355, 'fuel_half': 18.202647368248815}.
[I 2026-07-22 21:59:20,437] Trial 980 finished with values: [-0.7460319997747836, 0.03335435054574243] and parameters: {'k1': 0.003242143344038315, 'D_low': 1.1640589436768796, 'k2': 0.00036821611602060956, 'D_high': 1693415.5410667954, 'fire_exp': 2.3123511487896353, 'P_half': 1.4378290221680121, 'pre_dampen_half': 10.059683154936915, 'gpp_af': 2.114381609520638, 'gpp_b': 0.00011277885258222645, 'gpp_d': 25.017068255320467, 'ign_k': 4.59148521674054, 'ign_c': 16.626592254031866, 'trop_agb_crit': 5.707205898008383, 'trop_k_veg': 1.7428926895756522, 'fuel_k': 0.7156083490235493, 'fuel_half': 2.276766792290519}.
[I 2026-07-22 21:59:20,872] Trial 981 finished with values: [-0.6100412500051325, 0.04754490845193138] and parameters: {'k1': 0.0029707920514735983, 'D_low': 8454.098152188677, 'k2': 0.030699709531122953, 'D_high': 8433503.858791472, 'fire_exp': 2.3123511487896353, 'P_half': 1.467883546187449, 'pre_dampen_half': 33.71909132517388, 'gpp_af': 1.4498445474033743, 'gpp_b': 3.228689523591491e-05, 'gpp_d': 25.017068255320467, 'ign_k': 4.59148521674054, 'ign_c': 0.19678273362633986, 'trop_agb_crit': 6.119263728555865, 'trop_k_veg': 1.140286245977296, 'fuel_k': 0.016371163826991088, 'fuel_half': 16.371966573507315}.
