[I 2026-06-10 22:36:03,418] Trial 561 finished with values: [10.059154550539953, 10.059154550539953] and parameters: {'k1': 0.0032360993995751053, 'D_low': 12.105387404469584, 'k2': 0.003767022142229395, 'D_high': 48235.58283024493, 'fire_exp': 1.9095652801045373, 'P_half': 118.94665366442581, 'pre_dampen_half': 1.8469033699850426, 'gpp_af': 0.41874665092828456, 'gpp_b': 1.4540386644083135e-05, 'gpp_d': 0.4742269251269962, 'ign_k': 1.6270983114897255, 'ign_c': 0.4177928311636542, 'trop_agb_crit': 1.0693376406863295, 'trop_k_veg': 5.636143940068465, 'fire_amp': 2.6192385880432525}.
[I 2026-06-10 22:36:04,837] Trial 562 finished with values: [10.6886611278009, 10.6886611278009] and parameters: {'k1': 0.00026539376439360527, 'D_low': 6010.742028864748, 'k2': 1.1417577140741129e-05, 'D_high': 29.126651668813768, 'fire_exp': 1.9095652801045373, 'P_half': 118.94665366442581, 'pre_dampen_half': 9.044346216330972, 'gpp_af': 3.298293484806585, 'gpp_b': 0.00013164432569139702, 'gpp_d': 0.4742269251269962, 'ign_k': 1.6270983114897255, 'ign_c': 3.7623363852696734, 'trop_agb_crit': 1.0189592979395135, 'trop_k_veg': 0.828441460847982, 'fire_amp': 3.211868494428654}.
[I 2026-06-10 22:36:06,170] Trial 563 finished with values: [10.067962261393, 10.067962261393] and parameters: {'k1': 0.0869690639641868, 'D_low': 4006.89033223865, 'k2': 3.152468275632564e-05, 'D_high': 1266.9536563782303, 'fire_exp': 1.1633452995374232, 'P_half': 1.4551749476072258, 'pre_dampen_half': 9.044346216330972, 'gpp_af': 0.004409093791567215, 'gpp_b': 1.1008110571039521e-05, 'gpp_d': 7.631016235941559, 'ign_k': 0.8945150807271531, 'ign_c': 7.832259769732471, 'trop_agb_crit': 1.8566494291193822, 'trop_k_veg': 4.796046723963646, 'fire_amp': 5.416595007374148}.
[I 2026-06-10 22:36:07,507] Trial 564 finished with values: [10.13446969489755, 10.13446969489755] and parameters: {'k1': 0.006079905434073396, 'D_low': 171.2446447678494, 'k2': 0.00024195799118138832, 'D_high': 949.9072859745386, 'fire_exp': 1.3807440352456883, 'P_half': 2.6691447170887805, 'pre_dampen_half': 37.40930273158252, 'gpp_af': 0.09885838682552685, 'gpp_b': 1.4540386644083135e-05, 'gpp_d': 0.4742269251269962, 'ign_k': 1.6270983114897255, 'ign_c': 23.422386257929038, 'trop_agb_crit': 8.188098178380693, 'trop_k_veg': 4.0068236274914755, 'fire_amp': 2.6192385880432525}.
[I 2026-06-10 22:36:08,805] Trial 565 finished with values: [10.700921611005668, 10.700921611005668] and parameters: {'k1': 0.00026539376439360527, 'D_low': 171.2446447678494, 'k2': 0.0012030178871154666, 'D_high': 42210.21267871043, 'fire_exp': 1.1633452995374232, 'P_half': 1265.0580856641704, 'pre_dampen_half': 1.4510220269654117, 'gpp_af': 1.7775411110039254, 'gpp_b': 0.004411400434514031, 'gpp_d': 0.47379914349407487, 'ign_k': 0.17320535908244444, 'ign_c': 23.422386257929038, 'trop_agb_crit': 4.902399583903479, 'trop_k_veg': 4.0068236274914755, 'fire_amp': 5.615047466686494}.
[I 2026-06-10 22:36:10,256] Trial 566 finished with values: [10.833333333148357, 10.833333333148357] and parameters: {'k1': 0.0869690639641868, 'D_low': 2267.735223551285, 'k2': 0.02065142557895925, 'D_high': 29.126651668813768, 'fire_exp': 1.9095652801045373, 'P_half': 5.4712187293420325, 'pre_dampen_half': 9.044346216330972, 'gpp_af': 6.384685545228285, 'gpp_b': 1.4540386644083135e-05, 'gpp_d': 0.4742269251269962, 'ign_k': 0.371259104528773, 'ign_c': 0.7619822175388142, 'trop_agb_crit': 1.0693376406863295, 'trop_k_veg': 1.6648666152166967, 'fire_amp': 4.19233232783727}.
[I 2026-06-10 22:36:11,867] Trial 567 finished with values: [10.62033594860742, 10.62033594860742] and parameters: {'k1': 0.0001887567630782227, 'D_low': 171.2446447678494, 'k2': 0.0004976087827261435, 'D_high': 431.45617043093523, 'fire_exp': 1.0601964743503993, 'P_half': 5.4712187293420325, 'pre_dampen_half': 121.93011993958949, 'gpp_af': 0.8057329182285734, 'gpp_b': 0.004411400434514031, 'gpp_d': 0.03927259340973166, 'ign_k': 0.17320535908244444, 'ign_c': 0.7619822175388142, 'trop_agb_crit': 1.8566494291193822, 'trop_k_veg': 4.0068236274914755, 'fire_amp': 1.4475279918261055}.
[I 2026-06-10 22:36:13,373] Trial 568 finished with values: [17.25502773615357, 17.25502773615357] and parameters: {'k1': 0.0001887567630782227, 'D_low': 427.93836042014675, 'k2': 0.00024195799118138832, 'D_high': 99461.47674311613, 'fire_exp': 1.111738490499784, 'P_half': 4.213183643253957, 'pre_dampen_half': 903.3231300044874, 'gpp_af': 3.298293484806585, 'gpp_b': 1.4540386644083135e-05, 'gpp_d': 3.57879245350232, 'ign_k': 1.636529060071807, 'ign_c': 7.832259769732471, 'trop_agb_crit': 1.5033346993841157, 'trop_k_veg': 1.2749676887479542, 'fire_amp': 2.042193818779288}.
[I 2026-06-10 22:36:14,683] Trial 569 finished with values: [-0.5945859384322837, 0.17350059578947585] and parameters: {'k1': 0.0869690639641868, 'D_low': 50.32059347286801, 'k2': 0.0010726091927327822, 'D_high': 18701.140647651915, 'fire_exp': 1.9136159174067866, 'P_half': 1265.0580856641704, 'pre_dampen_half': 269.0845367054866, 'gpp_af': 1.9654778690222015, 'gpp_b': 0.00047819318414852577, 'gpp_d': 594.7389794988394, 'ign_k': 0.13500744867919376, 'ign_c': 1.3431925993528124, 'trop_agb_crit': 1.0189592979395135, 'trop_k_veg': 5.022956259243681, 'fire_amp': 2.6192385880432525}.
[I 2026-06-10 22:36:16,013] Trial 570 finished with values: [10.833331954808456, 10.833331954808456] and parameters: {'k1': 0.006079905434073396, 'D_low': 146.24004590125713, 'k2': 3.152468275632564e-05, 'D_high': 15.590073239763052, 'fire_exp': 9.487989255711895, 'P_half': 157.80309954142965, 'pre_dampen_half': 9.044346216330972, 'gpp_af': 0.41874665092828456, 'gpp_b': 2.800940363375676e-05, 'gpp_d': 0.4742269251269962, 'ign_k': 0.042425976091860974, 'ign_c': 0.10435856341129002, 'trop_agb_crit': 1.0189592979395135, 'trop_k_veg': 0.6618107836658104, 'fire_amp': 2.6192385880432525}.
[I 2026-06-10 22:36:17,320] Trial 571 finished with values: [10.634381044262105, 10.634381044262105] and parameters: {'k1': 0.00026539376439360527, 'D_low': 1.4002277211577039, 'k2': 0.0012030178871154666, 'D_high': 20103.283734409175, 'fire_exp': 1.1633452995374232, 'P_half': 3040.9816628297017, 'pre_dampen_half': 1.4510220269654117, 'gpp_af': 8.164459147354295, 'gpp_b': 0.004411400434514031, 'gpp_d': 6.84039695411256, 'ign_k': 0.09256855841989636, 'ign_c': 0.10435856341129002, 'trop_agb_crit': 4.902399583903479, 'trop_k_veg': 1.600928934389327, 'fire_amp': 5.615047466686494}.
[I 2026-06-10 22:36:18,768] Trial 572 finished with values: [10.128832220417598, 10.128832220417598] and parameters: {'k1': 0.008990768948930035, 'D_low': 12.105387404469584, 'k2': 0.003767022142229395, 'D_high': 431.45617043093523, 'fire_exp': 1.9365919987098117, 'P_half': 5.4712187293420325, 'pre_dampen_half': 98.05638874011484, 'gpp_af': 0.07118041471054574, 'gpp_b': 0.004411400434514031, 'gpp_d': 7.631016235941559, 'ign_k': 1.636529060071807, 'ign_c': 0.7619822175388142, 'trop_agb_crit': 1.8566494291193822, 'trop_k_veg': 0.6488368931910606, 'fire_amp': 4.1162797330133705}.
[I 2026-06-10 22:36:20,533] Trial 573 finished with values: [-0.39552176392596666, 0.6030155936231374] and parameters: {'k1': 0.00026539376439360527, 'D_low': 3266.346436894069, 'k2': 1.1417577140741129e-05, 'D_high': 27.55546207779663, 'fire_exp': 1.111738490499784, 'P_half': 61.6097529474144, 'pre_dampen_half': 350.88322284755304, 'gpp_af': 2.5184956910855436, 'gpp_b': 0.00265975681233728, 'gpp_d': 0.4316838564848064, 'ign_k': 0.46813761934505577, 'ign_c': 0.5232779509048977, 'trop_agb_crit': 15.605813459825825, 'trop_k_veg': 0.6108091740265464, 'fire_amp': 1.5719333351012774}.
[I 2026-06-10 22:36:21,928] Trial 574 finished with values: [10.415191621816707, 10.415191621816707] and parameters: {'k1': 0.00026539376439360527, 'D_low': 171.2446447678494, 'k2': 0.0012030178871154666, 'D_high': 27.55546207779663, 'fire_exp': 1.2918065501148304, 'P_half': 51.10120656497163, 'pre_dampen_half': 189.36639872354493, 'gpp_af': 1.7775411110039254, 'gpp_b': 2.176805640408474e-05, 'gpp_d': 0.03927259340973166, 'ign_k': 0.17320535908244444, 'ign_c': 0.4177928311636542, 'trop_agb_crit': 1.0693376406863295, 'trop_k_veg': 4.0068236274914755, 'fire_amp': 5.831305332032283}.
[I 2026-06-10 22:36:23,256] Trial 575 finished with values: [10.827683415790194, 10.827683415790194] and parameters: {'k1': 0.0001887567630782227, 'D_low': 1.4002277211577039, 'k2': 0.003767022142229395, 'D_high': 949.9072859745386, 'fire_exp': 5.784757193037464, 'P_half': 4.213183643253957, 'pre_dampen_half': 9.044346216330972, 'gpp_af': 0.09885838682552685, 'gpp_b': 1.4540386644083135e-05, 'gpp_d': 47.35384181058586, 'ign_k': 1.5532973289514227, 'ign_c': 1.3431925993528124, 'trop_agb_crit': 1.8285200278523417, 'trop_k_veg': 0.6673124511410327, 'fire_amp': 4.19233232783727}.
[I 2026-06-10 22:36:24,656] Trial 576 finished with values: [10.833333333148357, 10.833333333148357] and parameters: {'k1': 0.0005525012427854533, 'D_low': 171.2446447678494, 'k2': 0.02065142557895925, 'D_high': 48235.58283024493, 'fire_exp': 1.3807440352456883, 'P_half': 118.94665366442581, 'pre_dampen_half': 123.04779330083686, 'gpp_af': 10.25616274847308, 'gpp_b': 2.800940363375676e-05, 'gpp_d': 0.4742269251269962, 'ign_k': 1.6270983114897255, 'ign_c': 186.78279278246248, 'trop_agb_crit': 1.0189592979395135, 'trop_k_veg': 0.828441460847982, 'fire_amp': 5.831305332032283}.
[I 2026-06-10 22:36:26,060] Trial 577 finished with values: [10.470928449251494, 10.470928449251494] and parameters: {'k1': 0.0869690639641868, 'D_low': 50.32059347286801, 'k2': 0.0010726091927327822, 'D_high': 18701.140647651915, 'fire_exp': 1.9095652801045373, 'P_half': 118.94665366442581, 'pre_dampen_half': 269.0845367054866, 'gpp_af': 10.25616274847308, 'gpp_b': 0.00047819318414852577, 'gpp_d': 0.0399066504395798, 'ign_k': 1.6270983114897255, 'ign_c': 1.3431925993528124, 'trop_agb_crit': 1.0189592979395135, 'trop_k_veg': 4.796046723963646, 'fire_amp': 2.6192385880432525}.
[I 2026-06-10 22:36:27,567] Trial 578 finished with values: [11.250854347364664, 11.250854347364664] and parameters: {'k1': 0.00026539376439360527, 'D_low': 1.4002277211577039, 'k2': 0.0015064557931192917, 'D_high': 949.9072859745386, 'fire_exp': 1.0601964743503993, 'P_half': 51.10120656497163, 'pre_dampen_half': 958.6709783968975, 'gpp_af': 0.41874665092828456, 'gpp_b': 0.004411400434514031, 'gpp_d': 1.0088237648985734, 'ign_k': 0.037151317999473285, 'ign_c': 0.4177928311636542, 'trop_agb_crit': 2.0527418919564324, 'trop_k_veg': 1.6003641872536711, 'fire_amp': 5.615047466686494}.
[I 2026-06-10 22:36:28,944] Trial 579 finished with values: [-0.45871466843027603, 0.6371831363483306] and parameters: {'k1': 0.0001887567630782227, 'D_low': 171.2446447678494, 'k2': 0.0004976087827261435, 'D_high': 42210.21267871043, 'fire_exp': 1.2918065501148304, 'P_half': 277.00025557434554, 'pre_dampen_half': 269.0845367054866, 'gpp_af': 0.8057329182285734, 'gpp_b': 1.0828092646426677e-05, 'gpp_d': 0.03927259340973166, 'ign_k': 0.13500744867919376, 'ign_c': 0.17036120617148395, 'trop_agb_crit': 12.647327018493208, 'trop_k_veg': 4.0068236274914755, 'fire_amp': 1.1202509284327942}.
[I 2026-06-10 22:36:30,369] Trial 580 finished with values: [-0.38304880225759647, 0.5579035959984469] and parameters: {'k1': 0.0869690639641868, 'D_low': 2267.735223551285, 'k2': 0.0010726091927327822, 'D_high': 48235.58283024493, 'fire_exp': 1.811096651915224, 'P_half': 118.94665366442581, 'pre_dampen_half': 9.044346216330972, 'gpp_af': 1.9654778690222015, 'gpp_b': 0.0008861657881839811, 'gpp_d': 0.4742269251269962, 'ign_k': 0.371259104528773, 'ign_c': 0.1276571787395169, 'trop_agb_crit': 21.380932890222198, 'trop_k_veg': 5.022956259243681, 'fire_amp': 2.6192385880432525}.
[I 2026-06-10 22:36:31,685] Trial 581 finished with values: [10.214299547250269, 10.214299547250269] and parameters: {'k1': 0.00026539376439360527, 'D_low': 2267.735223551285, 'k2': 0.0012030178871154666, 'D_high': 292.31166016118357, 'fire_exp': 1.1633452995374232, 'P_half': 51.10120656497163, 'pre_dampen_half': 189.36639872354493, 'gpp_af': 0.41874665092828456, 'gpp_b': 2.800940363375676e-05, 'gpp_d': 1.0088237648985734, 'ign_k': 1.6270983114897255, 'ign_c': 0.6235377135673155, 'trop_agb_crit': 4.902399583903479, 'trop_k_veg': 1.4997174988262807, 'fire_amp': 5.615047466686494}.
[I 2026-06-10 22:36:33,039] Trial 582 finished with values: [10.639175357640122, 10.639175357640122] and parameters: {'k1': 0.006079905434073396, 'D_low': 43.2326421037033, 'k2': 0.003767022142229395, 'D_high': 27.55546207779663, 'fire_exp': 1.2732983562135975, 'P_half': 157.3644610977214, 'pre_dampen_half': 37.40930273158252, 'gpp_af': 0.41874665092828456, 'gpp_b': 1.4540386644083135e-05, 'gpp_d': 0.4742269251269962, 'ign_k': 1.6270983114897255, 'ign_c': 0.4177928311636542, 'trop_agb_crit': 8.188098178380693, 'trop_k_veg': 5.636143940068465, 'fire_amp': 2.6192385880432525}.
[I 2026-06-10 22:36:34,530] Trial 583 finished with values: [10.138396157630428, 10.138396157630428] and parameters: {'k1': 0.00026539376439360527, 'D_low': 2267.735223551285, 'k2': 0.006051580666890612, 'D_high': 42210.21267871043, 'fire_exp': 1.111738490499784, 'P_half': 1265.0580856641704, 'pre_dampen_half': 269.0845367054866, 'gpp_af': 0.8057329182285734, 'gpp_b': 2.176805640408474e-05, 'gpp_d': 0.7698760608299932, 'ign_k': 0.035828811741825076, 'ign_c': 0.17036120617148395, 'trop_agb_crit': 2.0527418919564324, 'trop_k_veg': 0.6108091740265464, 'fire_amp': 1.5719333351012774}.
[I 2026-06-10 22:36:36,130] Trial 584 finished with values: [10.833333126067966, 10.833333126067966] and parameters: {'k1': 0.0869690639641868, 'D_low': 2267.735223551285, 'k2': 0.003767022142229395, 'D_high': 623.411042225738, 'fire_exp': 1.9095652801045373, 'P_half': 157.80309954142965, 'pre_dampen_half': 9.044346216330972, 'gpp_af': 10.25616274847308, 'gpp_b': 1.4540386644083135e-05, 'gpp_d': 47.35384181058586, 'ign_k': 0.17320535908244444, 'ign_c': 0.8916132699546893, 'trop_agb_crit': 1.0189592979395135, 'trop_k_veg': 4.796046723963646, 'fire_amp': 4.19233232783727}.
[I 2026-06-10 22:36:37,486] Trial 585 finished with values: [10.624591782578293, 10.624591782578293] and parameters: {'k1': 0.0869690639641868, 'D_low': 2267.735223551285, 'k2': 3.152468275632564e-05, 'D_high': 949.9072859745386, 'fire_exp': 1.14171776851287, 'P_half': 157.80309954142965, 'pre_dampen_half': 0.7349519696695505, 'gpp_af': 0.09885838682552685, 'gpp_b': 2.1309331861011757e-05, 'gpp_d': 0.13688256550323696, 'ign_k': 1.6270983114897255, 'ign_c': 0.10435856341129002, 'trop_agb_crit': 5.335241529707116, 'trop_k_veg': 0.9923523017201868, 'fire_amp': 2.6192385880432525}.
[I 2026-06-10 22:36:38,795] Trial 586 finished with values: [-0.5416024647558914, 0.5244798633248977] and parameters: {'k1': 0.0869690639641868, 'D_low': 50.32059347286801, 'k2': 0.0010726091927327822, 'D_high': 18701.140647651915, 'fire_exp': 1.111738490499784, 'P_half': 1265.0580856641704, 'pre_dampen_half': 903.3231300044874, 'gpp_af': 1.9654778690222015, 'gpp_b': 0.00012118589392553798, 'gpp_d': 0.030844007727232167, 'ign_k': 0.8945150807271531, 'ign_c': 0.19623826481168347, 'trop_agb_crit': 1.0189592979395135, 'trop_k_veg': 5.022956259243681, 'fire_amp': 2.042193818779288}.
[I 2026-06-10 22:36:40,126] Trial 587 finished with values: [10.832476323302826, 10.832476323302826] and parameters: {'k1': 0.0869690639641868, 'D_low': 146.28013120517718, 'k2': 0.003767022142229395, 'D_high': 27.55546207779663, 'fire_exp': 5.117531439790398, 'P_half': 4.213183643253957, 'pre_dampen_half': 189.36639872354493, 'gpp_af': 0.09885838682552685, 'gpp_b': 2.1309331861011757e-05, 'gpp_d': 46.010874324515754, 'ign_k': 0.09256855841989636, 'ign_c': 0.10435856341129002, 'trop_agb_crit': 1.5033346993841157, 'trop_k_veg': 5.636143940068465, 'fire_amp': 2.6192385880432525}.
[I 2026-06-10 22:36:41,831] Trial 588 finished with values: [11.275197110170046, 11.275197110170046] and parameters: {'k1': 0.0020639617012599225, 'D_low': 347.03605955441515, 'k2': 0.0010726091927327822, 'D_high': 18701.140647651915, 'fire_exp': 4.0128099657681755, 'P_half': 4.213183643253957, 'pre_dampen_half': 123.04779330083686, 'gpp_af': 0.41874665092828456, 'gpp_b': 1.4540386644083135e-05, 'gpp_d': 46.010874324515754, 'ign_k': 0.09256855841989636, 'ign_c': 0.1276571787395169, 'trop_agb_crit': 21.380932890222198, 'trop_k_veg': 5.636143940068465, 'fire_amp': 1.8357623383234334}.
[I 2026-06-10 22:36:43,410] Trial 589 finished with values: [15.06336911913765, 15.06336911913765] and parameters: {'k1': 0.0001887567630782227, 'D_low': 470.815979325019, 'k2': 4.933751600448335e-05, 'D_high': 48235.58283024493, 'fire_exp': 1.0601964743503993, 'P_half': 157.80309954142965, 'pre_dampen_half': 37.40930273158252, 'gpp_af': 0.41874665092828456, 'gpp_b': 1.4540386644083135e-05, 'gpp_d': 0.4742269251269962, 'ign_k': 0.17320535908244444, 'ign_c': 1.3431925993528124, 'trop_agb_crit': 1.0189592979395135, 'trop_k_veg': 4.796046723963646, 'fire_amp': 4.19233232783727}.
[I 2026-06-10 22:36:44,827] Trial 590 finished with values: [10.673141094670871, 10.673141094670871] and parameters: {'k1': 0.00026539376439360527, 'D_low': 1.4002277211577039, 'k2': 1.1417577140741129e-05, 'D_high': 27.55546207779663, 'fire_exp': 1.1633452995374232, 'P_half': 1265.0580856641704, 'pre_dampen_half': 189.36639872354493, 'gpp_af': 3.298293484806585, 'gpp_b': 1.4540386644083135e-05, 'gpp_d': 0.030844007727232167, 'ign_k': 0.09256855841989636, 'ign_c': 7.832259769732471, 'trop_agb_crit': 1.0693376406863295, 'trop_k_veg': 2.1406449943451844, 'fire_amp': 1.4475279918261055}.
[I 2026-06-10 22:36:46,166] Trial 591 finished with values: [10.112221710051882, 10.112221710051882] and parameters: {'k1': 0.00026539376439360527, 'D_low': 1.4002277211577039, 'k2': 0.0012030178871154666, 'D_high': 27.55546207779663, 'fire_exp': 1.1633452995374232, 'P_half': 4.213183643253957, 'pre_dampen_half': 189.36639872354493, 'gpp_af': 1.2515601598062582, 'gpp_b': 1.4540386644083135e-05, 'gpp_d': 1.0088237648985734, 'ign_k': 0.09256855841989636, 'ign_c': 0.4177928311636542, 'trop_agb_crit': 1.5033346993841157, 'trop_k_veg': 5.636143940068465, 'fire_amp': 5.416595007374148}.
[I 2026-06-10 22:36:47,529] Trial 592 finished with values: [10.479654351748957, 10.479654351748957] and parameters: {'k1': 0.0001887567630782227, 'D_low': 1074.940539517341, 'k2': 1.1417577140741129e-05, 'D_high': 714.4571308652828, 'fire_exp': 1.0601964743503993, 'P_half': 1265.0580856641704, 'pre_dampen_half': 269.0845367054866, 'gpp_af': 2.5184956910855436, 'gpp_b': 2.176805640408474e-05, 'gpp_d': 0.7923715993309053, 'ign_k': 0.17320535908244444, 'ign_c': 0.17036120617148395, 'trop_agb_crit': 2.0527418919564324, 'trop_k_veg': 0.6108091740265464, 'fire_amp': 1.1202509284327942}.
[I 2026-06-10 22:36:49,005] Trial 593 finished with values: [-0.5989643088338112, 0.2985549069343991] and parameters: {'k1': 0.0869690639641868, 'D_low': 1.4002277211577039, 'k2': 0.0007731571570012607, 'D_high': 1266.9536563782303, 'fire_exp': 1.1633452995374232, 'P_half': 1.4551749476072258, 'pre_dampen_half': 189.36639872354493, 'gpp_af': 37.28155624293858, 'gpp_b': 0.004411400434514031, 'gpp_d': 7.631016235941559, 'ign_k': 0.17320535908244444, 'ign_c': 7.832259769732471, 'trop_agb_crit': 1.8566494291193822, 'trop_k_veg': 6.825463866194253, 'fire_amp': 1.4475279918261055}.
[I 2026-06-10 22:36:50,595] Trial 594 finished with values: [10.51037336292321, 10.51037336292321] and parameters: {'k1': 0.08006837661379566, 'D_low': 2267.735223551285, 'k2': 0.02065142557895925, 'D_high': 44974.07193749848, 'fire_exp': 1.2918065501148304, 'P_half': 118.94665366442581, 'pre_dampen_half': 189.36639872354493, 'gpp_af': 27.78052183438328, 'gpp_b': 2.800940363375676e-05, 'gpp_d': 0.4742269251269962, 'ign_k': 0.004775640431359605, 'ign_c': 0.10435856341129002, 'trop_agb_crit': 1.0189592979395135, 'trop_k_veg': 0.828441460847982, 'fire_amp': 2.6192385880432525}.
[I 2026-06-10 22:36:52,061] Trial 595 finished with values: [10.360351293652839, 10.360351293652839] and parameters: {'k1': 0.00026539376439360527, 'D_low': 235.39834531862078, 'k2': 0.02065142557895925, 'D_high': 48235.58283024493, 'fire_exp': 1.9095652801045373, 'P_half': 118.94665366442581, 'pre_dampen_half': 121.93011993958949, 'gpp_af': 2.5184956910855436, 'gpp_b': 0.00031478066835753096, 'gpp_d': 0.7698760608299932, 'ign_k': 0.002357279455676982, 'ign_c': 7.081721844034206, 'trop_agb_crit': 1.0189592979395135, 'trop_k_veg': 0.6108091740265464, 'fire_amp': 1.5719333351012774}.
[I 2026-06-10 22:36:53,443] Trial 596 finished with values: [11.427373334497648, 11.427373334497648] and parameters: {'k1': 0.0032360993995751053, 'D_low': 1.4002277211577039, 'k2': 0.0012030178871154666, 'D_high': 27.55546207779663, 'fire_exp': 1.1633452995374232, 'P_half': 51.10120656497163, 'pre_dampen_half': 189.36639872354493, 'gpp_af': 0.41874665092828456, 'gpp_b': 1.4540386644083135e-05, 'gpp_d': 46.010874324515754, 'ign_k': 0.09256855841989636, 'ign_c': 0.4177928311636542, 'trop_agb_crit': 1.0693376406863295, 'trop_k_veg': 2.1406449943451844, 'fire_amp': 5.831305332032283}.
[I 2026-06-10 22:36:54,783] Trial 597 finished with values: [21.37086361205745, 21.37086361205745] and parameters: {'k1': 0.028401063201780267, 'D_low': 171.2446447678494, 'k2': 0.003767022142229395, 'D_high': 44974.07193749848, 'fire_exp': 1.3807440352456883, 'P_half': 4.213183643253957, 'pre_dampen_half': 189.36639872354493, 'gpp_af': 0.09885838682552685, 'gpp_b': 1.4540386644083135e-05, 'gpp_d': 47.35384181058586, 'ign_k': 7.544827057709847, 'ign_c': 0.10435856341129002, 'trop_agb_crit': 8.188098178380693, 'trop_k_veg': 5.593985425286908, 'fire_amp': 2.6192385880432525}.
