[I 2026-06-10 21:38:52,627] Trial 925 finished with values: [-0.3126882353802195, 0.010567357363649221] and parameters: {'k1': 0.017276056747028225, 'D_low': 1739.6167422846984, 'k2': 0.02939607009739149, 'D_high': 44974.07193749848, 'fire_exp': 3.2459542834651627, 'P_half': 101.40635645866499, 'pre_dampen_half': 98.05638874011484, 'gpp_af': 1.7775411110039254, 'gpp_b': 0.16285506249643175, 'gpp_d': 95.2715755007094, 'ign_k': 3.6309591863459096, 'ign_c': 2.2489542843914485, 'trop_agb_crit': 3.5874145253515306, 'trop_k_veg': 0.6488368931910606, 'fire_amp': 2.818314238665462}.
[I 2026-06-10 21:38:54,650] Trial 926 finished with values: [10.832393096866001, 10.832393096866001] and parameters: {'k1': 0.05705198955850472, 'D_low': 171.2446447678494, 'k2': 1.1417577140741129e-05, 'D_high': 42210.21267871043, 'fire_exp': 3.2459542834651627, 'P_half': 315.2494048956088, 'pre_dampen_half': 0.8122658568068539, 'gpp_af': 1.3954498518315706, 'gpp_b': 0.16285506249643175, 'gpp_d': 29.9035514860849, 'ign_k': 0.0029519227433917453, 'ign_c': 2.2489542843914485, 'trop_agb_crit': 3.5874145253515306, 'trop_k_veg': 0.828441460847982, 'fire_amp': 1.2393473789150806}.
[I 2026-06-10 21:38:56,616] Trial 927 finished with values: [10.080321950524883, 10.080321950524883] and parameters: {'k1': 0.012840669372724958, 'D_low': 171.2446447678494, 'k2': 0.0011135501184757278, 'D_high': 42210.21267871043, 'fire_exp': 1.2918065501148304, 'P_half': 6.648888481118992, 'pre_dampen_half': 4.603480758878793, 'gpp_af': 0.016306190741524337, 'gpp_b': 0.0004125336560355494, 'gpp_d': 0.7698760608299932, 'ign_k': 0.0030587619047039204, 'ign_c': 2.226297338331262, 'trop_agb_crit': 2.0527418919564324, 'trop_k_veg': 2.520089655463604, 'fire_amp': 1.2393473789150806}.
[I 2026-06-10 21:38:58,557] Trial 928 finished with values: [10.64669179993716, 10.64669179993716] and parameters: {'k1': 0.012840669372724958, 'D_low': 427.93836042014675, 'k2': 0.0011135501184757278, 'D_high': 2884.3759925715867, 'fire_exp': 1.7792742686803427, 'P_half': 277.00025557434554, 'pre_dampen_half': 98.05638874011484, 'gpp_af': 1.9998014714101113, 'gpp_b': 0.0004125336560355494, 'gpp_d': 0.7698760608299932, 'ign_k': 0.8945150807271531, 'ign_c': 0.1611736893633666, 'trop_agb_crit': 2.0527418919564324, 'trop_k_veg': 0.9923523017201868, 'fire_amp': 1.7912500010961188}.
[I 2026-06-10 21:39:00,580] Trial 929 finished with values: [27.891670252540465, 27.891670252540465] and parameters: {'k1': 0.017276056747028225, 'D_low': 24.28756508761176, 'k2': 0.0002442377596403892, 'D_high': 44974.07193749848, 'fire_exp': 1.6901885781909627, 'P_half': 51.10120656497163, 'pre_dampen_half': 74.67391192154032, 'gpp_af': 20.12115544906385, 'gpp_b': 0.16285506249643175, 'gpp_d': 95.2715755007094, 'ign_k': 0.17320535908244444, 'ign_c': 2.2489542843914485, 'trop_agb_crit': 3.5874145253515306, 'trop_k_veg': 5.453348988480011, 'fire_amp': 2.818314238665462}.
[I 2026-06-10 21:39:02,897] Trial 930 finished with values: [10.708650996857672, 10.708650996857672] and parameters: {'k1': 0.017276056747028225, 'D_low': 1739.6167422846984, 'k2': 0.02939607009739149, 'D_high': 44974.07193749848, 'fire_exp': 3.2459542834651627, 'P_half': 101.40635645866499, 'pre_dampen_half': 98.05638874011484, 'gpp_af': 1.7775411110039254, 'gpp_b': 0.16285506249643175, 'gpp_d': 95.2715755007094, 'ign_k': 0.0029519227433917453, 'ign_c': 2.2489542843914485, 'trop_agb_crit': 3.5874145253515306, 'trop_k_veg': 0.828441460847982, 'fire_amp': 2.818314238665462}.
[I 2026-06-10 21:39:05,092] Trial 931 finished with values: [-0.5678593003275627, 0.018209344268224403] and parameters: {'k1': 0.016973078532467004, 'D_low': 171.2446447678494, 'k2': 8.968733598183248e-05, 'D_high': 42210.21267871043, 'fire_exp': 1.2918065501148304, 'P_half': 61.6097529474144, 'pre_dampen_half': 4.603480758878793, 'gpp_af': 0.016306190741524337, 'gpp_b': 0.0004125336560355494, 'gpp_d': 20.81401325574021, 'ign_k': 0.00660597889201953, 'ign_c': 3.4321391362415827, 'trop_agb_crit': 2.0527418919564324, 'trop_k_veg': 0.6363741063482814, 'fire_amp': 1.2393473789150806}.
[I 2026-06-10 21:39:07,206] Trial 932 finished with values: [-0.504361584089142, 0.026166261486670783] and parameters: {'k1': 0.0008779848797373387, 'D_low': 171.2446447678494, 'k2': 2.316457903103837e-05, 'D_high': 42210.21267871043, 'fire_exp': 1.2918065501148304, 'P_half': 9.580682294110435, 'pre_dampen_half': 4.603480758878793, 'gpp_af': 0.016306190741524337, 'gpp_b': 0.0004125336560355494, 'gpp_d': 0.7698760608299932, 'ign_k': 0.02779045054796808, 'ign_c': 1.9423015749984096, 'trop_agb_crit': 2.0527418919564324, 'trop_k_veg': 2.9806294141302545, 'fire_amp': 1.2393473789150806}.
[I 2026-06-10 21:39:09,318] Trial 933 finished with values: [22.849914692005854, 22.849914692005854] and parameters: {'k1': 0.0013219302264066773, 'D_low': 1739.6167422846984, 'k2': 1.1417577140741129e-05, 'D_high': 69868.4759244566, 'fire_exp': 1.101415600186218, 'P_half': 61.6097529474144, 'pre_dampen_half': 695.7350580318054, 'gpp_af': 9.853056162364394, 'gpp_b': 0.0004125336560355494, 'gpp_d': 0.7698760608299932, 'ign_k': 0.0029519227433917453, 'ign_c': 0.6960633318526378, 'trop_agb_crit': 5.588032458772675, 'trop_k_veg': 2.724170387400844, 'fire_amp': 5.44779717154213}.
[I 2026-06-10 21:39:12,231] Trial 934 finished with values: [13.139346419494357, 13.139346419494357] and parameters: {'k1': 0.012840669372724958, 'D_low': 171.2446447678494, 'k2': 1.1417577140741129e-05, 'D_high': 24.9899605789089, 'fire_exp': 1.9625559044404808, 'P_half': 61.6097529474144, 'pre_dampen_half': 189.88136301569827, 'gpp_af': 1.3954498518315706, 'gpp_b': 0.0004125336560355494, 'gpp_d': 47.35384181058586, 'ign_k': 0.00660597889201953, 'ign_c': 7.832259769732471, 'trop_agb_crit': 1.8023542850487386, 'trop_k_veg': 2.520089655463604, 'fire_amp': 4.2446263054164195}.
[I 2026-06-10 21:39:14,511] Trial 935 finished with values: [11.252997466114694, 11.252997466114694] and parameters: {'k1': 0.00026539376439360527, 'D_low': 171.2446447678494, 'k2': 8.968733598183248e-05, 'D_high': 24.9899605789089, 'fire_exp': 1.7505406131449859, 'P_half': 1.4551749476072258, 'pre_dampen_half': 189.88136301569827, 'gpp_af': 0.013816526035853764, 'gpp_b': 0.002416023630607169, 'gpp_d': 0.7698760608299932, 'ign_k': 0.00660597889201953, 'ign_c': 7.832259769732471, 'trop_agb_crit': 1.8023542850487386, 'trop_k_veg': 2.520089655463604, 'fire_amp': 4.2446263054164195}.
[I 2026-06-10 21:39:16,728] Trial 936 finished with values: [10.32092693584442, 10.32092693584442] and parameters: {'k1': 0.012840669372724958, 'D_low': 1074.940539517341, 'k2': 8.968733598183248e-05, 'D_high': 315.101491238403, 'fire_exp': 1.4690410989404576, 'P_half': 277.00025557434554, 'pre_dampen_half': 10.931606102061748, 'gpp_af': 0.5970408652384318, 'gpp_b': 9.497440085397415e-05, 'gpp_d': 3.257094673454639, 'ign_k': 0.00660597889201953, 'ign_c': 1.4879588507789996, 'trop_agb_crit': 1.3063813396521713, 'trop_k_veg': 2.520089655463604, 'fire_amp': 2.804180410489304}.
[I 2026-06-10 21:39:18,916] Trial 937 finished with values: [10.800408587300993, 10.800408587300993] and parameters: {'k1': 0.08315365004960601, 'D_low': 1074.940539517341, 'k2': 1.1417577140741129e-05, 'D_high': 29.126651668813768, 'fire_exp': 1.9783727454920947, 'P_half': 61.6097529474144, 'pre_dampen_half': 4.603480758878793, 'gpp_af': 1.0218989388622586, 'gpp_b': 0.03122740884124639, 'gpp_d': 0.7698760608299932, 'ign_k': 0.09256855841989636, 'ign_c': 2.226297338331262, 'trop_agb_crit': 1.8023542850487386, 'trop_k_veg': 0.828441460847982, 'fire_amp': 1.2393473789150806}.
[I 2026-06-10 21:39:21,027] Trial 938 finished with values: [-0.43034299826391587, 0.02989517059924085] and parameters: {'k1': 0.016973078532467004, 'D_low': 24.28756508761176, 'k2': 0.0002442377596403892, 'D_high': 8912.611835817017, 'fire_exp': 1.6901885781909627, 'P_half': 51.10120656497163, 'pre_dampen_half': 1.8469033699850426, 'gpp_af': 20.12115544906385, 'gpp_b': 0.015062722325200045, 'gpp_d': 20.81401325574021, 'ign_k': 0.17320535908244444, 'ign_c': 14.709699119495124, 'trop_agb_crit': 24.199763404822136, 'trop_k_veg': 5.453348988480011, 'fire_amp': 5.416595007374148}.
[I 2026-06-10 21:39:23,149] Trial 939 finished with values: [30.067374269323174, 30.067374269323174] and parameters: {'k1': 0.016973078532467004, 'D_low': 171.2446447678494, 'k2': 8.968733598183248e-05, 'D_high': 42210.21267871043, 'fire_exp': 1.2918065501148304, 'P_half': 61.6097529474144, 'pre_dampen_half': 189.88136301569827, 'gpp_af': 0.016306190741524337, 'gpp_b': 0.0004125336560355494, 'gpp_d': 20.81401325574021, 'ign_k': 0.00660597889201953, 'ign_c': 3.4321391362415827, 'trop_agb_crit': 24.199763404822136, 'trop_k_veg': 0.828441460847982, 'fire_amp': 3.820446126794591}.
[I 2026-06-10 21:39:25,134] Trial 940 finished with values: [11.506755313712672, 11.506755313712672] and parameters: {'k1': 0.016973078532467004, 'D_low': 1074.940539517341, 'k2': 1.1417577140741129e-05, 'D_high': 17663.59719322428, 'fire_exp': 1.6901885781909627, 'P_half': 277.00025557434554, 'pre_dampen_half': 903.3231300044874, 'gpp_af': 20.12115544906385, 'gpp_b': 0.006999112505425414, 'gpp_d': 20.81401325574021, 'ign_k': 0.0029519227433917453, 'ign_c': 7.832259769732471, 'trop_agb_crit': 8.188098178380693, 'trop_k_veg': 2.520089655463604, 'fire_amp': 5.416595007374148}.
[I 2026-06-10 21:39:27,168] Trial 941 finished with values: [-0.632051811173613, 0.02851792665806252] and parameters: {'k1': 0.012840669372724958, 'D_low': 24.28756508761176, 'k2': 0.0011135501184757278, 'D_high': 8912.611835817017, 'fire_exp': 1.2918065501148304, 'P_half': 51.10120656497163, 'pre_dampen_half': 4.603480758878793, 'gpp_af': 0.00474057962703787, 'gpp_b': 0.0004125336560355494, 'gpp_d': 20.81401325574021, 'ign_k': 0.0029519227433917453, 'ign_c': 14.709699119495124, 'trop_agb_crit': 2.0527418919564324, 'trop_k_veg': 2.520089655463604, 'fire_amp': 1.2393473789150806}.
[I 2026-06-10 21:39:29,431] Trial 942 finished with values: [18.54251699858711, 18.54251699858711] and parameters: {'k1': 0.012840669372724958, 'D_low': 1739.6167422846984, 'k2': 0.01567230746060024, 'D_high': 44974.07193749848, 'fire_exp': 1.2918065501148304, 'P_half': 9.580682294110435, 'pre_dampen_half': 98.05638874011484, 'gpp_af': 1.7775411110039254, 'gpp_b': 0.0004125336560355494, 'gpp_d': 29.9035514860849, 'ign_k': 0.0029519227433917453, 'ign_c': 2.2489542843914485, 'trop_agb_crit': 3.5874145253515306, 'trop_k_veg': 0.6488368931910606, 'fire_amp': 2.818314238665462}.
[I 2026-06-10 21:39:31,654] Trial 943 finished with values: [11.831365133346145, 11.831365133346145] and parameters: {'k1': 0.05705198955850472, 'D_low': 422.58534248395387, 'k2': 0.01567230746060024, 'D_high': 44974.07193749848, 'fire_exp': 3.2459542834651627, 'P_half': 101.40635645866499, 'pre_dampen_half': 98.05638874011484, 'gpp_af': 1.7775411110039254, 'gpp_b': 0.16285506249643175, 'gpp_d': 95.2715755007094, 'ign_k': 3.6309591863459096, 'ign_c': 2.2489542843914485, 'trop_agb_crit': 3.5874145253515306, 'trop_k_veg': 0.6488368931910606, 'fire_amp': 2.818314238665462}.
[I 2026-06-10 21:39:35,031] Trial 944 finished with values: [14.83015389281829, 14.83015389281829] and parameters: {'k1': 0.012840669372724958, 'D_low': 3.253741042140523, 'k2': 1.1417577140741129e-05, 'D_high': 42210.21267871043, 'fire_exp': 1.2918065501148304, 'P_half': 61.6097529474144, 'pre_dampen_half': 189.36639872354493, 'gpp_af': 0.016306190741524337, 'gpp_b': 0.0004125336560355494, 'gpp_d': 0.4912895538720594, 'ign_k': 0.00660597889201953, 'ign_c': 2.226297338331262, 'trop_agb_crit': 3.5874145253515306, 'trop_k_veg': 0.828441460847982, 'fire_amp': 1.1655705619308396}.
[I 2026-06-10 21:39:37,338] Trial 945 finished with values: [10.833288786409513, 10.833288786409513] and parameters: {'k1': 0.017276056747028225, 'D_low': 408.3047491580097, 'k2': 0.02939607009739149, 'D_high': 44974.07193749848, 'fire_exp': 3.2459542834651627, 'P_half': 101.40635645866499, 'pre_dampen_half': 98.05638874011484, 'gpp_af': 3.298293484806585, 'gpp_b': 3.7025577574822863, 'gpp_d': 0.7698760608299932, 'ign_k': 0.00660597889201953, 'ign_c': 7.832259769732471, 'trop_agb_crit': 3.5874145253515306, 'trop_k_veg': 0.5450786550840475, 'fire_amp': 2.818314238665462}.
[I 2026-06-10 21:39:39,821] Trial 946 finished with values: [-0.3126882353802195, 0.010567357363649221] and parameters: {'k1': 0.017276056747028225, 'D_low': 1739.6167422846984, 'k2': 0.02939607009739149, 'D_high': 44974.07193749848, 'fire_exp': 3.2459542834651627, 'P_half': 101.40635645866499, 'pre_dampen_half': 98.05638874011484, 'gpp_af': 1.7775411110039254, 'gpp_b': 0.16285506249643175, 'gpp_d': 95.2715755007094, 'ign_k': 3.6309591863459096, 'ign_c': 2.2489542843914485, 'trop_agb_crit': 3.5874145253515306, 'trop_k_veg': 0.6488368931910606, 'fire_amp': 2.818314238665462}.
[I 2026-06-10 21:39:42,268] Trial 947 finished with values: [-0.41473230351614676, 0.02164110158186472] and parameters: {'k1': 0.012840669372724958, 'D_low': 1739.6167422846984, 'k2': 0.0011135501184757278, 'D_high': 44974.07193749848, 'fire_exp': 1.2918065501148304, 'P_half': 9.580682294110435, 'pre_dampen_half': 4.603480758878793, 'gpp_af': 0.016306190741524337, 'gpp_b': 0.0004125336560355494, 'gpp_d': 0.7698760608299932, 'ign_k': 0.0029519227433917453, 'ign_c': 1.9423015749984096, 'trop_agb_crit': 3.5874145253515306, 'trop_k_veg': 0.6488368931910606, 'fire_amp': 2.818314238665462}.
[I 2026-06-10 21:39:44,710] Trial 948 finished with values: [14.090631862078213, 14.090631862078213] and parameters: {'k1': 0.012840669372724958, 'D_low': 1739.6167422846984, 'k2': 0.02939607009739149, 'D_high': 44974.07193749848, 'fire_exp': 1.2918065501148304, 'P_half': 9.580682294110435, 'pre_dampen_half': 4.603480758878793, 'gpp_af': 1.7775411110039254, 'gpp_b': 0.0004125336560355494, 'gpp_d': 95.2715755007094, 'ign_k': 3.6309591863459096, 'ign_c': 1.9423015749984096, 'trop_agb_crit': 2.1467649421045674, 'trop_k_veg': 0.6488368931910606, 'fire_amp': 2.818314238665462}.
[I 2026-06-10 21:39:47,063] Trial 949 finished with values: [10.113312867828633, 10.113312867828633] and parameters: {'k1': 0.017276056747028225, 'D_low': 1739.6167422846984, 'k2': 0.02939607009739149, 'D_high': 44974.07193749848, 'fire_exp': 1.9783727454920947, 'P_half': 101.40635645866499, 'pre_dampen_half': 98.05638874011484, 'gpp_af': 1.3954498518315706, 'gpp_b': 0.16285506249643175, 'gpp_d': 95.2715755007094, 'ign_k': 0.09256855841989636, 'ign_c': 7.832259769732471, 'trop_agb_crit': 1.8023542850487386, 'trop_k_veg': 1.6648666152166967, 'fire_amp': 4.2446263054164195}.
[I 2026-06-10 21:39:49,269] Trial 950 finished with values: [10.013111853466576, 10.013111853466576] and parameters: {'k1': 0.08006837661379566, 'D_low': 235.39834531862078, 'k2': 0.0011135501184757278, 'D_high': 42210.21267871043, 'fire_exp': 1.2918065501148304, 'P_half': 1.4551749476072258, 'pre_dampen_half': 4.603480758878793, 'gpp_af': 0.016306190741524337, 'gpp_b': 0.0004125336560355494, 'gpp_d': 0.7698760608299932, 'ign_k': 0.00660597889201953, 'ign_c': 2.226297338331262, 'trop_agb_crit': 21.086120736447015, 'trop_k_veg': 2.520089655463604, 'fire_amp': 1.2393473789150806}.
[I 2026-06-10 21:39:51,500] Trial 951 finished with values: [10.4969322177975, 10.4969322177975] and parameters: {'k1': 0.012840669372724958, 'D_low': 171.2446447678494, 'k2': 0.00030808325588559425, 'D_high': 8912.611835817017, 'fire_exp': 1.2918065501148304, 'P_half': 101.40635645866499, 'pre_dampen_half': 1.8469033699850426, 'gpp_af': 27.448645214004376, 'gpp_b': 0.0039125625860770225, 'gpp_d': 0.7698760608299932, 'ign_k': 0.02779045054796808, 'ign_c': 1.1698039424426816, 'trop_agb_crit': 2.0527418919564324, 'trop_k_veg': 0.6488368931910606, 'fire_amp': 1.2393473789150806}.
[I 2026-06-10 21:39:53,653] Trial 952 finished with values: [11.009781389127953, 11.009781389127953] and parameters: {'k1': 0.006079905434073396, 'D_low': 43.2326421037033, 'k2': 4.933751600448335e-05, 'D_high': 42.242359735170886, 'fire_exp': 1.7792742686803427, 'P_half': 157.3644610977214, 'pre_dampen_half': 37.40930273158252, 'gpp_af': 1.9998014714101113, 'gpp_b': 0.00047819318414852577, 'gpp_d': 594.7389794988394, 'ign_k': 0.8945150807271531, 'ign_c': 2.226297338331262, 'trop_agb_crit': 2.0527418919564324, 'trop_k_veg': 0.828441460847982, 'fire_amp': 1.5587346124822492}.
[I 2026-06-10 21:39:56,736] Trial 953 finished with values: [10.681343558302038, 10.681343558302038] and parameters: {'k1': 0.0031213520322039886, 'D_low': 171.2446447678494, 'k2': 0.0011135501184757278, 'D_high': 42210.21267871043, 'fire_exp': 1.2918065501148304, 'P_half': 10.94496366796197, 'pre_dampen_half': 1.8469033699850426, 'gpp_af': 0.15740732860520312, 'gpp_b': 0.16285506249643175, 'gpp_d': 0.7698760608299932, 'ign_k': 0.02779045054796808, 'ign_c': 1.9423015749984096, 'trop_agb_crit': 24.199763404822136, 'trop_k_veg': 5.453348988480011, 'fire_amp': 1.2393473789150806}.
[I 2026-06-10 21:39:59,186] Trial 954 finished with values: [11.413169702601545, 11.413169702601545] and parameters: {'k1': 0.00026539376439360527, 'D_low': 1739.6167422846984, 'k2': 1.1417577140741129e-05, 'D_high': 69868.4759244566, 'fire_exp': 1.9783727454920947, 'P_half': 1.4551749476072258, 'pre_dampen_half': 30.456909077772018, 'gpp_af': 1.3954498518315706, 'gpp_b': 0.006999112505425414, 'gpp_d': 47.35384181058586, 'ign_k': 0.09256855841989636, 'ign_c': 0.6960633318526378, 'trop_agb_crit': 5.588032458772675, 'trop_k_veg': 2.724170387400844, 'fire_amp': 4.2446263054164195}.
[I 2026-06-10 21:40:01,321] Trial 955 finished with values: [10.785184946900484, 10.785184946900484] and parameters: {'k1': 0.002829816861310949, 'D_low': 427.93836042014675, 'k2': 0.0011135501184757278, 'D_high': 99461.47674311613, 'fire_exp': 3.2459542834651627, 'P_half': 61.6097529474144, 'pre_dampen_half': 4.603480758878793, 'gpp_af': 0.002790115363936195, 'gpp_b': 0.00047819318414852577, 'gpp_d': 0.7698760608299932, 'ign_k': 0.02779045054796808, 'ign_c': 1.9423015749984096, 'trop_agb_crit': 2.0527418919564324, 'trop_k_veg': 2.520089655463604, 'fire_amp': 2.818314238665462}.
[I 2026-06-10 21:40:03,563] Trial 956 finished with values: [12.559915484730638, 12.559915484730638] and parameters: {'k1': 0.012840669372724958, 'D_low': 43.2326421037033, 'k2': 0.0010726091927327822, 'D_high': 42.242359735170886, 'fire_exp': 1.7792742686803427, 'P_half': 277.00025557434554, 'pre_dampen_half': 519.2532084685722, 'gpp_af': 1.9998014714101113, 'gpp_b': 2.176805640408474e-05, 'gpp_d': 594.7389794988394, 'ign_k': 0.8945150807271531, 'ign_c': 0.1611736893633666, 'trop_agb_crit': 5.335241529707116, 'trop_k_veg': 0.9923523017201868, 'fire_amp': 1.7912500010961188}.
[I 2026-06-10 21:40:05,822] Trial 957 finished with values: [12.214864922652303, 12.214864922652303] and parameters: {'k1': 0.012840669372724958, 'D_low': 171.2446447678494, 'k2': 8.968733598183248e-05, 'D_high': 24.9899605789089, 'fire_exp': 1.2918065501148304, 'P_half': 10.94496366796197, 'pre_dampen_half': 189.88136301569827, 'gpp_af': 0.016306190741524337, 'gpp_b': 0.00047819318414852577, 'gpp_d': 0.7698760608299932, 'ign_k': 0.02779045054796808, 'ign_c': 1.9423015749984096, 'trop_agb_crit': 2.0527418919564324, 'trop_k_veg': 2.520089655463604, 'fire_amp': 1.2393473789150806}.
[I 2026-06-10 21:40:07,833] Trial 958 finished with values: [10.6028200050461, 10.6028200050461] and parameters: {'k1': 0.012840669372724958, 'D_low': 171.2446447678494, 'k2': 0.0010726091927327822, 'D_high': 42.242359735170886, 'fire_exp': 1.5305744365500176, 'P_half': 277.00025557434554, 'pre_dampen_half': 28.01075698398644, 'gpp_af': 1.9998014714101113, 'gpp_b': 2.176805640408474e-05, 'gpp_d': 0.1597583473194139, 'ign_k': 0.8945150807271531, 'ign_c': 0.1611736893633666, 'trop_agb_crit': 1.511723155748678, 'trop_k_veg': 2.520089655463604, 'fire_amp': 1.7912500010961188}.
[I 2026-06-10 21:40:10,095] Trial 959 finished with values: [10.304399864679526, 10.304399864679526] and parameters: {'k1': 0.003968136435370146, 'D_low': 1074.940539517341, 'k2': 1.1417577140741129e-05, 'D_high': 315.101491238403, 'fire_exp': 1.4690410989404576, 'P_half': 277.00025557434554, 'pre_dampen_half': 10.931606102061748, 'gpp_af': 0.5970408652384318, 'gpp_b': 9.497440085397415e-05, 'gpp_d': 0.1619054449471649, 'ign_k': 0.8945150807271531, 'ign_c': 0.13577269394141456, 'trop_agb_crit': 1.3063813396521713, 'trop_k_veg': 1.6648666152166967, 'fire_amp': 1.4244982124584922}.
[I 2026-06-10 21:40:12,245] Trial 960 finished with values: [10.464447957041074, 10.464447957041074] and parameters: {'k1': 0.012840669372724958, 'D_low': 171.2446447678494, 'k2': 0.0011135501184757278, 'D_high': 24.9899605789089, 'fire_exp': 1.2918065501148304, 'P_half': 61.6097529474144, 'pre_dampen_half': 189.88136301569827, 'gpp_af': 0.016306190741524337, 'gpp_b': 0.0004125336560355494, 'gpp_d': 0.7698760608299932, 'ign_k': 0.00660597889201953, 'ign_c': 1.4879588507789996, 'trop_agb_crit': 21.086120736447015, 'trop_k_veg': 2.520089655463604, 'fire_amp': 1.2393473789150806}.
[I 2026-06-10 21:40:14,422] Trial 961 finished with values: [10.715127023769067, 10.715127023769067] and parameters: {'k1': 0.012840669372724958, 'D_low': 24.28756508761176, 'k2': 0.0011135501184757278, 'D_high': 8912.611835817017, 'fire_exp': 1.2918065501148304, 'P_half': 3529.3895935767932, 'pre_dampen_half': 4.603480758878793, 'gpp_af': 0.00474057962703787, 'gpp_b': 0.0004125336560355494, 'gpp_d': 20.81401325574021, 'ign_k': 0.0029519227433917453, 'ign_c': 14.709699119495124, 'trop_agb_crit': 2.0527418919564324, 'trop_k_veg': 2.520089655463604, 'fire_amp': 1.2393473789150806}.
