[I 2026-06-08 12:24:16,182] Trial 784 finished with values: [10.892112671338051, 10.892112671338051] and parameters: {'k1': 0.01889771394135163, 'D_low': 1324.652797432114, 'k2': 0.001462400459012571, 'D_high': 2940.51756322311, 'fire_exp': 1.3170256885255098, 'P_half': 4.213183643253957, 'pre_dampen_half': 552.4163637315892, 'gpp_af': 0.023660841034240054, 'gpp_b': 0.8623546531089763, 'gpp_d': 29.749683811098393, 'ign_k': 8.708806168038567, 'ign_c': 15.221840161091626, 'trop_agb_crit': 4.2258373850699344, 'trop_k_veg': 1.4584243470991722}.
[I 2026-06-08 12:24:17,620] Trial 785 finished with values: [-0.4920935164391097, 0.21025719014685063] and parameters: {'k1': 0.00031134168041628584, 'D_low': 4.484744524732794, 'k2': 0.001462400459012571, 'D_high': 4679.501568332819, 'fire_exp': 1.3170256885255098, 'P_half': 2.4106893837852787, 'pre_dampen_half': 502.5175192217655, 'gpp_af': 0.2204465010099918, 'gpp_b': 0.0021331409710300844, 'gpp_d': 29.749683811098393, 'ign_k': 0.0680787482656459, 'ign_c': 20.03995359361212, 'trop_agb_crit': 18.785197416433792, 'trop_k_veg': 2.520089655463604}.
[I 2026-06-08 12:24:18,887] Trial 786 finished with values: [-0.5426222403414396, 0.1104103719852576] and parameters: {'k1': 0.01889771394135163, 'D_low': 1.9623826481168343, 'k2': 1.4665316366397004e-05, 'D_high': 1493.5213816355397, 'fire_exp': 1.165368636520435, 'P_half': 4.213183643253957, 'pre_dampen_half': 107.40052367919465, 'gpp_af': 0.017199513788543352, 'gpp_b': 0.0005752434266899163, 'gpp_d': 84.31013932082456, 'ign_k': 8.708806168038567, 'ign_c': 15.221840161091626, 'trop_agb_crit': 7.500118950416987, 'trop_k_veg': 2.194427136482602}.
[I 2026-06-08 12:24:20,089] Trial 787 finished with values: [10.030401679848628, 10.030401679848628] and parameters: {'k1': 0.037704815040649445, 'D_low': 38.82837025280678, 'k2': 0.012758211164590085, 'D_high': 3712.591045287726, 'fire_exp': 1.0601964743503993, 'P_half': 93.43302657318476, 'pre_dampen_half': 107.40052367919465, 'gpp_af': 1.3161234383542866, 'gpp_b': 0.0005752434266899163, 'gpp_d': 10.369565216756202, 'ign_k': 0.0315101491238403, 'ign_c': 30.28574109895626, 'trop_agb_crit': 3.5747129226002423, 'trop_k_veg': 1.4584243470991722}.
[I 2026-06-08 12:24:21,231] Trial 788 finished with values: [10.679933898668807, 10.679933898668807] and parameters: {'k1': 0.004312951023617458, 'D_low': 4.484744524732794, 'k2': 0.001462400459012571, 'D_high': 42210.21267871043, 'fire_exp': 1.3170256885255098, 'P_half': 64.13139914374976, 'pre_dampen_half': 502.5175192217655, 'gpp_af': 0.2204465010099918, 'gpp_b': 0.0021331409710300844, 'gpp_d': 8.571213555597648, 'ign_k': 0.0680787482656459, 'ign_c': 5.13055176058983, 'trop_agb_crit': 1.7708319837489073, 'trop_k_veg': 0.5349971555643298}.
[I 2026-06-08 12:24:22,353] Trial 789 finished with values: [10.363436746794218, 10.363436746794218] and parameters: {'k1': 0.01889771394135163, 'D_low': 355.00125258511594, 'k2': 0.0012040762895973265, 'D_high': 8861.249804463225, 'fire_exp': 1.3170256885255098, 'P_half': 4.213183643253957, 'pre_dampen_half': 63.6685916079943, 'gpp_af': 0.2204465010099918, 'gpp_b': 0.0021331409710300844, 'gpp_d': 14.792055086678463, 'ign_k': 0.0680787482656459, 'ign_c': 20.03995359361212, 'trop_agb_crit': 7.500118950416987, 'trop_k_veg': 2.194427136482602}.
[I 2026-06-08 12:24:23,480] Trial 790 finished with values: [-0.49436488307598986, 0.21387150210379358] and parameters: {'k1': 0.00031134168041628584, 'D_low': 4.484744524732794, 'k2': 1.1065812688893481e-05, 'D_high': 42210.21267871043, 'fire_exp': 1.3170256885255098, 'P_half': 220.3445560633069, 'pre_dampen_half': 502.5175192217655, 'gpp_af': 0.2204465010099918, 'gpp_b': 0.0021331409710300844, 'gpp_d': 16.460426816350523, 'ign_k': 0.5524095129928631, 'ign_c': 5.13055176058983, 'trop_agb_crit': 24.584290528289387, 'trop_k_veg': 2.520089655463604}.
[I 2026-06-08 12:24:24,730] Trial 791 finished with values: [-0.5257879665242223, 0.15497730668870802] and parameters: {'k1': 0.012840669372724958, 'D_low': 355.00125258511594, 'k2': 0.0012040762895973265, 'D_high': 42210.21267871043, 'fire_exp': 1.3170256885255098, 'P_half': 93.43302657318476, 'pre_dampen_half': 502.5175192217655, 'gpp_af': 0.2204465010099918, 'gpp_b': 0.0021331409710300844, 'gpp_d': 1.493264336549928, 'ign_k': 0.0680787482656459, 'ign_c': 5.13055176058983, 'trop_agb_crit': 24.584290528289387, 'trop_k_veg': 3.869465953383845}.
[I 2026-06-08 12:24:25,967] Trial 792 finished with values: [11.23488172942382, 11.23488172942382] and parameters: {'k1': 0.007299613382801458, 'D_low': 64.39790863101601, 'k2': 0.001462400459012571, 'D_high': 42210.21267871043, 'fire_exp': 1.3170256885255098, 'P_half': 4.213183643253957, 'pre_dampen_half': 502.5175192217655, 'gpp_af': 20.605605824266945, 'gpp_b': 0.0021331409710300844, 'gpp_d': 29.749683811098393, 'ign_k': 0.0680787482656459, 'ign_c': 5.13055176058983, 'trop_agb_crit': 18.785197416433792, 'trop_k_veg': 2.520089655463604}.
[I 2026-06-08 12:24:27,141] Trial 793 finished with values: [10.311788293829357, 10.311788293829357] and parameters: {'k1': 0.007299613382801458, 'D_low': 64.39790863101601, 'k2': 1.1065812688893481e-05, 'D_high': 2940.51756322311, 'fire_exp': 1.3170256885255098, 'P_half': 220.3445560633069, 'pre_dampen_half': 502.5175192217655, 'gpp_af': 0.7539992074650279, 'gpp_b': 0.0021331409710300844, 'gpp_d': 29.749683811098393, 'ign_k': 0.0680787482656459, 'ign_c': 15.221840161091626, 'trop_agb_crit': 24.584290528289387, 'trop_k_veg': 0.5349971555643298}.
[I 2026-06-08 12:24:28,309] Trial 794 finished with values: [-0.48807526295813497, 0.33305357334079744] and parameters: {'k1': 7.118997101275657e-05, 'D_low': 38.82837025280678, 'k2': 0.0012040762895973265, 'D_high': 61536.58035691648, 'fire_exp': 1.165368636520435, 'P_half': 12.808863354047988, 'pre_dampen_half': 107.40052367919465, 'gpp_af': 0.10409127568994281, 'gpp_b': 0.0005752434266899163, 'gpp_d': 5.1715677287580455, 'ign_k': 0.010939944910100021, 'ign_c': 5.13055176058983, 'trop_agb_crit': 3.5747129226002423, 'trop_k_veg': 0.83140195149031}.
[I 2026-06-08 12:24:29,509] Trial 795 finished with values: [10.435645552332938, 10.435645552332938] and parameters: {'k1': 0.004312951023617458, 'D_low': 38.82837025280678, 'k2': 0.0012040762895973265, 'D_high': 73.6137938035779, 'fire_exp': 1.0601964743503993, 'P_half': 2.414672422128219, 'pre_dampen_half': 107.40052367919465, 'gpp_af': 0.10409127568994281, 'gpp_b': 0.0005752434266899163, 'gpp_d': 84.31013932082456, 'ign_k': 0.0680787482656459, 'ign_c': 20.03995359361212, 'trop_agb_crit': 3.5747129226002423, 'trop_k_veg': 2.194427136482602}.
[I 2026-06-08 12:24:30,660] Trial 796 finished with values: [10.598339723389108, 10.598339723389108] and parameters: {'k1': 0.008912611835817005, 'D_low': 4.484744524732794, 'k2': 1.915468390724633e-05, 'D_high': 3712.591045287726, 'fire_exp': 1.1488607445926913, 'P_half': 1.2432381951316052, 'pre_dampen_half': 502.5175192217655, 'gpp_af': 0.05511595477601767, 'gpp_b': 0.0021331409710300844, 'gpp_d': 10.369565216756202, 'ign_k': 2.1368329072358767, 'ign_c': 0.70689749506246, 'trop_agb_crit': 18.785197416433792, 'trop_k_veg': 0.5349971555643298}.
[I 2026-06-08 12:24:31,833] Trial 797 finished with values: [10.885877379405953, 10.885877379405953] and parameters: {'k1': 0.01889771394135163, 'D_low': 4.484744524732794, 'k2': 2.246290894032394e-05, 'D_high': 2940.51756322311, 'fire_exp': 4.385019211707302, 'P_half': 268.1489769414653, 'pre_dampen_half': 502.5175192217655, 'gpp_af': 0.7539992074650279, 'gpp_b': 0.008226792720717493, 'gpp_d': 0.986538195779616, 'ign_k': 8.708806168038567, 'ign_c': 15.221840161091626, 'trop_agb_crit': 3.2954785755570537, 'trop_k_veg': 1.4584243470991722}.
[I 2026-06-08 12:24:33,068] Trial 798 finished with values: [10.436939750097547, 10.436939750097547] and parameters: {'k1': 0.06598741607403362, 'D_low': 64.39790863101601, 'k2': 0.0012040762895973265, 'D_high': 1537.4098204111451, 'fire_exp': 1.165368636520435, 'P_half': 587.6331101080223, 'pre_dampen_half': 107.40052367919465, 'gpp_af': 0.7539992074650279, 'gpp_b': 0.0005752434266899163, 'gpp_d': 5.1715677287580455, 'ign_k': 0.0020161527752598613, 'ign_c': 5.13055176058983, 'trop_agb_crit': 3.5747129226002423, 'trop_k_veg': 3.517697529584014}.
[I 2026-06-08 12:24:34,286] Trial 799 finished with values: [10.973388576089706, 10.973388576089706] and parameters: {'k1': 0.008287522363768155, 'D_low': 64.39790863101601, 'k2': 0.001462400459012571, 'D_high': 42210.21267871043, 'fire_exp': 1.3170256885255098, 'P_half': 220.3445560633069, 'pre_dampen_half': 502.5175192217655, 'gpp_af': 0.7539992074650279, 'gpp_b': 0.0002464237581990368, 'gpp_d': 14.792055086678463, 'ign_k': 0.0680787482656459, 'ign_c': 5.13055176058983, 'trop_agb_crit': 24.584290528289387, 'trop_k_veg': 1.4584243470991722}.
[I 2026-06-08 12:24:35,467] Trial 800 finished with values: [10.76019574863015, 10.76019574863015] and parameters: {'k1': 7.118997101275657e-05, 'D_low': 38.82837025280678, 'k2': 0.0012040762895973265, 'D_high': 1493.5213816355397, 'fire_exp': 2.459835109241264, 'P_half': 4.213183643253957, 'pre_dampen_half': 107.40052367919465, 'gpp_af': 3.4702669886504163, 'gpp_b': 0.01777482313117792, 'gpp_d': 229.41380323183625, 'ign_k': 8.708806168038567, 'ign_c': 15.221840161091626, 'trop_agb_crit': 3.5747129226002423, 'trop_k_veg': 2.194427136482602}.
[I 2026-06-08 12:24:36,608] Trial 801 finished with values: [10.101694773829536, 10.101694773829536] and parameters: {'k1': 0.01889771394135163, 'D_low': 238.72908899163244, 'k2': 0.015763894361785387, 'D_high': 2940.51756322311, 'fire_exp': 1.3170256885255098, 'P_half': 2.5449737887285035, 'pre_dampen_half': 502.5175192217655, 'gpp_af': 0.7539992074650279, 'gpp_b': 0.0021331409710300844, 'gpp_d': 5.1715677287580455, 'ign_k': 8.708806168038567, 'ign_c': 15.221840161091626, 'trop_agb_crit': 24.584290528289387, 'trop_k_veg': 1.4584243470991722}.
[I 2026-06-08 12:24:37,971] Trial 802 finished with values: [-0.48665888347426545, 0.2379747901183209] and parameters: {'k1': 0.00031134168041628584, 'D_low': 4.484744524732794, 'k2': 0.0012040762895973265, 'D_high': 25628.666000163565, 'fire_exp': 1.0601964743503993, 'P_half': 97.0660675687761, 'pre_dampen_half': 502.5175192217655, 'gpp_af': 0.7539992074650279, 'gpp_b': 0.0021331409710300844, 'gpp_d': 418.77522137884927, 'ign_k': 0.0680787482656459, 'ign_c': 30.28574109895626, 'trop_agb_crit': 10.965064494899984, 'trop_k_veg': 1.4584243470991722}.
[I 2026-06-08 12:24:39,117] Trial 803 finished with values: [10.447971656490234, 10.447971656490234] and parameters: {'k1': 0.00031134168041628584, 'D_low': 4.484744524732794, 'k2': 1.4665316366397004e-05, 'D_high': 3712.591045287726, 'fire_exp': 1.165368636520435, 'P_half': 220.3445560633069, 'pre_dampen_half': 107.40052367919465, 'gpp_af': 86.88155815838691, 'gpp_b': 0.0005752434266899163, 'gpp_d': 84.31013932082456, 'ign_k': 0.5524095129928631, 'ign_c': 15.221840161091626, 'trop_agb_crit': 24.584290528289387, 'trop_k_veg': 1.4584243470991722}.
[I 2026-06-08 12:24:40,449] Trial 804 finished with values: [10.705001605194743, 10.705001605194743] and parameters: {'k1': 0.007299613382801458, 'D_low': 3.5136541394511, 'k2': 0.001462400459012571, 'D_high': 2940.51756322311, 'fire_exp': 1.3170256885255098, 'P_half': 220.3445560633069, 'pre_dampen_half': 552.4163637315892, 'gpp_af': 0.7539992074650279, 'gpp_b': 0.0021331409710300844, 'gpp_d': 29.749683811098393, 'ign_k': 0.0680787482656459, 'ign_c': 0.70689749506246, 'trop_agb_crit': 24.584290528289387, 'trop_k_veg': 0.5349971555643298}.
[I 2026-06-08 12:24:41,664] Trial 805 finished with values: [10.86985931011858, 10.86985931011858] and parameters: {'k1': 0.008471801418819975, 'D_low': 603.3623633620597, 'k2': 0.012758211164590085, 'D_high': 414.2619760188261, 'fire_exp': 1.1430983876313219, 'P_half': 56.22114524476698, 'pre_dampen_half': 10.129197956845726, 'gpp_af': 0.1476584299248268, 'gpp_b': 1.3289448722869181e-05, 'gpp_d': 10.369565216756202, 'ign_k': 8.708806168038567, 'ign_c': 0.70689749506246, 'trop_agb_crit': 3.5747129226002423, 'trop_k_veg': 0.83140195149031}.
[I 2026-06-08 12:24:42,780] Trial 806 finished with values: [10.618374397890596, 10.618374397890596] and parameters: {'k1': 0.008471801418819975, 'D_low': 4.484744524732794, 'k2': 0.0005161767747867287, 'D_high': 2940.51756322311, 'fire_exp': 1.1430983876313219, 'P_half': 220.3445560633069, 'pre_dampen_half': 10.129197956845726, 'gpp_af': 0.7539992074650279, 'gpp_b': 0.0054502936945582505, 'gpp_d': 0.986538195779616, 'ign_k': 8.708806168038567, 'ign_c': 15.221840161091626, 'trop_agb_crit': 3.5747129226002423, 'trop_k_veg': 6.2065960186008615}.
[I 2026-06-08 12:24:43,997] Trial 807 finished with values: [10.532267618138986, 10.532267618138986] and parameters: {'k1': 0.008912611835817005, 'D_low': 741.978058430228, 'k2': 0.001462400459012571, 'D_high': 3712.591045287726, 'fire_exp': 1.1430983876313219, 'P_half': 220.3445560633069, 'pre_dampen_half': 502.5175192217655, 'gpp_af': 0.2204465010099918, 'gpp_b': 0.0021331409710300844, 'gpp_d': 16.460426816350523, 'ign_k': 0.010167079878196114, 'ign_c': 5.13055176058983, 'trop_agb_crit': 24.584290528289387, 'trop_k_veg': 0.5349971555643298}.
[I 2026-06-08 12:24:45,231] Trial 808 finished with values: [10.602100893312672, 10.602100893312672] and parameters: {'k1': 7.118997101275657e-05, 'D_low': 38.82837025280678, 'k2': 0.0012040762895973265, 'D_high': 3712.591045287726, 'fire_exp': 1.1430983876313219, 'P_half': 588.4974770225299, 'pre_dampen_half': 10.129197956845726, 'gpp_af': 0.10409127568994281, 'gpp_b': 0.0005752434266899163, 'gpp_d': 10.369565216756202, 'ign_k': 8.708806168038567, 'ign_c': 1.2389052918551067, 'trop_agb_crit': 3.5747129226002423, 'trop_k_veg': 0.83140195149031}.
[I 2026-06-08 12:24:46,404] Trial 809 finished with values: [10.465511429183369, 10.465511429183369] and parameters: {'k1': 0.01889771394135163, 'D_low': 38.82837025280678, 'k2': 0.0012040762895973265, 'D_high': 61536.58035691648, 'fire_exp': 1.0601964743503993, 'P_half': 12.808863354047988, 'pre_dampen_half': 107.40052367919465, 'gpp_af': 0.1476584299248268, 'gpp_b': 0.0054502936945582505, 'gpp_d': 5.1715677287580455, 'ign_k': 8.708806168038567, 'ign_c': 15.221840161091626, 'trop_agb_crit': 3.5747129226002423, 'trop_k_veg': 2.4978545597116653}.
[I 2026-06-08 12:24:47,641] Trial 810 finished with values: [10.215149557917444, 10.215149557917444] and parameters: {'k1': 7.118997101275657e-05, 'D_low': 4.484744524732794, 'k2': 1.4665316366397004e-05, 'D_high': 2940.51756322311, 'fire_exp': 1.165368636520435, 'P_half': 4.213183643253957, 'pre_dampen_half': 107.40052367919465, 'gpp_af': 0.017199513788543352, 'gpp_b': 0.0005752434266899163, 'gpp_d': 5.1715677287580455, 'ign_k': 9.226223582279749, 'ign_c': 5.13055176058983, 'trop_agb_crit': 3.5747129226002423, 'trop_k_veg': 0.83140195149031}.
[I 2026-06-08 12:24:48,861] Trial 811 finished with values: [10.312987768605979, 10.312987768605979] and parameters: {'k1': 0.03635503353478365, 'D_low': 38.82837025280678, 'k2': 1.1065812688893481e-05, 'D_high': 2940.51756322311, 'fire_exp': 1.3170256885255098, 'P_half': 220.3445560633069, 'pre_dampen_half': 502.5175192217655, 'gpp_af': 6.155035361040188, 'gpp_b': 0.0021331409710300844, 'gpp_d': 16.460426816350523, 'ign_k': 0.0680787482656459, 'ign_c': 15.221840161091626, 'trop_agb_crit': 25.382873076016292, 'trop_k_veg': 1.4584243470991722}.
[I 2026-06-08 12:24:50,175] Trial 812 finished with values: [10.76075343369918, 10.76075343369918] and parameters: {'k1': 0.007299613382801458, 'D_low': 1.3577269394141454, 'k2': 0.0012040762895973265, 'D_high': 1493.5213816355397, 'fire_exp': 1.3170256885255098, 'P_half': 220.3445560633069, 'pre_dampen_half': 107.40052367919465, 'gpp_af': 0.10409127568994281, 'gpp_b': 0.0021331409710300844, 'gpp_d': 0.04385018674829578, 'ign_k': 0.0680787482656459, 'ign_c': 20.03995359361212, 'trop_agb_crit': 18.785197416433792, 'trop_k_veg': 2.194427136482602}.
[I 2026-06-08 12:24:51,680] Trial 813 finished with values: [10.15608283637971, 10.15608283637971] and parameters: {'k1': 0.008287522363768155, 'D_low': 4.484744524732794, 'k2': 2.246290894032394e-05, 'D_high': 42210.21267871043, 'fire_exp': 1.3170256885255098, 'P_half': 2.608786855182909, 'pre_dampen_half': 502.5175192217655, 'gpp_af': 0.2204465010099918, 'gpp_b': 0.008226792720717493, 'gpp_d': 14.792055086678463, 'ign_k': 0.7895056976009632, 'ign_c': 15.221840161091626, 'trop_agb_crit': 3.2954785755570537, 'trop_k_veg': 1.4584243470991722}.
[I 2026-06-08 12:24:52,928] Trial 814 finished with values: [10.177140075973108, 10.177140075973108] and parameters: {'k1': 0.01889771394135163, 'D_low': 4.484744524732794, 'k2': 1.1065812688893481e-05, 'D_high': 2940.51756322311, 'fire_exp': 1.165368636520435, 'P_half': 220.3445560633069, 'pre_dampen_half': 107.40052367919465, 'gpp_af': 0.017199513788543352, 'gpp_b': 0.0005752434266899163, 'gpp_d': 106.74579222939708, 'ign_k': 8.708806168038567, 'ign_c': 15.221840161091626, 'trop_agb_crit': 7.500118950416987, 'trop_k_veg': 2.194427136482602}.
[I 2026-06-08 12:24:54,183] Trial 815 finished with values: [10.357783544353147, 10.357783544353147] and parameters: {'k1': 0.007299613382801458, 'D_low': 4.484744524732794, 'k2': 1.1065812688893481e-05, 'D_high': 2940.51756322311, 'fire_exp': 1.3170256885255098, 'P_half': 220.3445560633069, 'pre_dampen_half': 107.40052367919465, 'gpp_af': 1.9706963379095486, 'gpp_b': 0.0021331409710300844, 'gpp_d': 106.74579222939708, 'ign_k': 0.5524095129928631, 'ign_c': 20.03995359361212, 'trop_agb_crit': 18.785197416433792, 'trop_k_veg': 2.4855199240230106}.
[I 2026-06-08 12:24:55,629] Trial 816 finished with values: [10.011822303696805, 10.011822303696805] and parameters: {'k1': 0.00031134168041628584, 'D_low': 4.484744524732794, 'k2': 0.00012492307509390826, 'D_high': 3712.591045287726, 'fire_exp': 1.0601964743503993, 'P_half': 220.3445560633069, 'pre_dampen_half': 502.5175192217655, 'gpp_af': 0.7539992074650279, 'gpp_b': 0.0021331409710300844, 'gpp_d': 16.460426816350523, 'ign_k': 0.0680787482656459, 'ign_c': 15.221840161091626, 'trop_agb_crit': 24.584290528289387, 'trop_k_veg': 0.6231612697298179}.
[I 2026-06-08 12:24:56,943] Trial 817 finished with values: [10.89285697105789, 10.89285697105789] and parameters: {'k1': 2.20106566100558e-05, 'D_low': 4.484744524732794, 'k2': 1.1065812688893481e-05, 'D_high': 3712.591045287726, 'fire_exp': 7.837740398103447, 'P_half': 220.3445560633069, 'pre_dampen_half': 502.5175192217655, 'gpp_af': 0.7539992074650279, 'gpp_b': 0.0021331409710300844, 'gpp_d': 29.749683811098393, 'ign_k': 0.0680787482656459, 'ign_c': 15.221840161091626, 'trop_agb_crit': 3.2954785755570537, 'trop_k_veg': 1.4584243470991722}.
[I 2026-06-08 12:24:58,381] Trial 818 finished with values: [10.00864752082473, 10.00864752082473] and parameters: {'k1': 0.03635503353478365, 'D_low': 70.18267183720735, 'k2': 0.0012040762895973265, 'D_high': 2940.51756322311, 'fire_exp': 1.5554903627343437, 'P_half': 12.808863354047988, 'pre_dampen_half': 107.40052367919465, 'gpp_af': 0.10409127568994281, 'gpp_b': 0.0005752434266899163, 'gpp_d': 660.9129108295722, 'ign_k': 8.708806168038567, 'ign_c': 20.03995359361212, 'trop_agb_crit': 7.500118950416987, 'trop_k_veg': 6.9782110227926815}.
[I 2026-06-08 12:24:59,584] Trial 819 finished with values: [10.628687550049351, 10.628687550049351] and parameters: {'k1': 0.004312951023617458, 'D_low': 77.31571570012609, 'k2': 0.012758211164590085, 'D_high': 783.2259769732478, 'fire_exp': 1.3170256885255098, 'P_half': 220.3445560633069, 'pre_dampen_half': 502.5175192217655, 'gpp_af': 0.7539992074650279, 'gpp_b': 0.008226792720717493, 'gpp_d': 0.4138641521695059, 'ign_k': 0.0315101491238403, 'ign_c': 7.4063809263110905, 'trop_agb_crit': 3.2954785755570537, 'trop_k_veg': 1.4584243470991722}.
[I 2026-06-08 12:25:00,752] Trial 820 finished with values: [10.471412680785951, 10.471412680785951] and parameters: {'k1': 0.008471801418819975, 'D_low': 1.9623826481168343, 'k2': 1.4665316366397004e-05, 'D_high': 1493.5213816355397, 'fire_exp': 1.1430983876313219, 'P_half': 4.213183643253957, 'pre_dampen_half': 10.129197956845726, 'gpp_af': 0.017199513788543352, 'gpp_b': 0.00022905428113532524, 'gpp_d': 84.31013932082456, 'ign_k': 8.708806168038567, 'ign_c': 15.221840161091626, 'trop_agb_crit': 24.584290528289387, 'trop_k_veg': 2.194427136482602}.
[I 2026-06-08 12:25:01,924] Trial 821 finished with values: [10.347107972807908, 10.347107972807908] and parameters: {'k1': 0.000263017849974555, 'D_low': 1.3577269394141454, 'k2': 0.0012040762895973265, 'D_high': 1493.5213816355397, 'fire_exp': 1.3170256885255098, 'P_half': 220.3445560633069, 'pre_dampen_half': 502.5175192217655, 'gpp_af': 1.9706963379095486, 'gpp_b': 0.0005752434266899163, 'gpp_d': 29.749683811098393, 'ign_k': 8.708806168038567, 'ign_c': 20.03995359361212, 'trop_agb_crit': 7.500118950416987, 'trop_k_veg': 0.5349971555643298}.
[I 2026-06-08 12:25:03,128] Trial 822 finished with values: [10.126082994529625, 10.126082994529625] and parameters: {'k1': 0.007299613382801458, 'D_low': 4.484744524732794, 'k2': 0.001462400459012571, 'D_high': 2940.51756322311, 'fire_exp': 1.3170256885255098, 'P_half': 1.895375973243287, 'pre_dampen_half': 502.5175192217655, 'gpp_af': 0.39382107610395717, 'gpp_b': 0.0021331409710300844, 'gpp_d': 84.31013932082456, 'ign_k': 0.0680787482656459, 'ign_c': 20.03995359361212, 'trop_agb_crit': 3.2954785755570537, 'trop_k_veg': 1.4584243470991722}.
