[I 2026-08-19 15:32:14,697] Trial 1159 finished with value: -0.48031696534517565 and parameters: {'k1': 0.001962505266069602, 'D_low': 98.86134156487518, 'k2': 0.00023257954960823583, 'D_high': 22420.804713103837, 'fire_exp': 7.540606974672388, 'P_half': 115.1759242697567, 'pre_dampen_half': 19.56348862297497, 'gpp_af': 0.0067606503612575005, 'gpp_b': 1.1534804672734769e-05, 'gpp_d': 59.80702756132772, 'ign_k': 0.13678683252827673, 'ign_c': 0.2531440198087656, 'trop_agb_crit': 10.67655682509682, 'trop_k_veg': 1.3829978565170178, 'pop_amp': 5.002352715892504, 'pop_peak': 43.03811804939271, 'pop_sig': 0.3683408872300813, 'fuel_k': 1.5104887031427496, 'fuel_half': 4.702167669210451}. Best is trial 421 with value: -0.6216386034937503.
[I 2026-08-19 15:32:17,538] Trial 1160 finished with value: -0.39372140332662975 and parameters: {'k1': 0.00028962629948790585, 'D_low': 1706.2566517940027, 'k2': 0.005699142157381246, 'D_high': 2093.1078087847263, 'fire_exp': 1.516731459853057, 'P_half': 11.995880741301486, 'pre_dampen_half': 0.6458286925754296, 'gpp_af': 0.003463726708292094, 'gpp_b': 1.7324793613835288e-05, 'gpp_d': 22.41732675952327, 'ign_k': 0.11415359134457093, 'ign_c': 126.09034844386645, 'trop_agb_crit': 8.888261382363599, 'trop_k_veg': 1.057732231600308, 'pop_amp': 0.18520421083339034, 'pop_peak': 205.7069246866375, 'pop_sig': 0.36334030696654046, 'fuel_k': 1.225934280922065, 'fuel_half': 0.16236012724018117}. Best is trial 421 with value: -0.6216386034937503.
  trial 1161/2500  best_overall=0.6216  (68.2 min)
[I 2026-08-19 15:32:21,489] Trial 1161 finished with value: -0.5799798324314631 and parameters: {'k1': 0.0024198050168672573, 'D_low': 2282.787093078335, 'k2': 0.001392130339383062, 'D_high': 118000.05943320105, 'fire_exp': 1.828586056317017, 'P_half': 11.988210843741824, 'pre_dampen_half': 0.8956623344840411, 'gpp_af': 0.001879174128212515, 'gpp_b': 0.00010980227619652487, 'gpp_d': 0.019649710132068416, 'ign_k': 0.37569377067508436, 'ign_c': 3.2788151711967086, 'trop_agb_crit': 21.42901214307212, 'trop_k_veg': 2.9395387708463776, 'pop_amp': 0.15389013553137776, 'pop_peak': 4.749409392907317, 'pop_sig': 0.900229345733057, 'fuel_k': 2.387841770059238, 'fuel_half': 0.2377044762334525}. Best is trial 421 with value: -0.6216386034937503.
[I 2026-08-19 15:32:25,030] Trial 1162 finished with value: -0.5872038554510048 and parameters: {'k1': 1.8519722166363846e-05, 'D_low': 46329.40848467438, 'k2': 1.2287841624221e-05, 'D_high': 309318.2066539391, 'fire_exp': 2.145965681199348, 'P_half': 42.47794491903947, 'pre_dampen_half': 0.8431178442615802, 'gpp_af': 0.00495783940814698, 'gpp_b': 1.9096470425162944e-05, 'gpp_d': 0.02565071386300222, 'ign_k': 0.5966268255547924, 'ign_c': 4.511992409777237, 'trop_agb_crit': 4.627142709164809, 'trop_k_veg': 2.026785582364548, 'pop_amp': 8.52504092696598, 'pop_peak': 57.24287879914696, 'pop_sig': 1.9258291664423328, 'fuel_k': 0.4642386911503011, 'fuel_half': 3.0725546968883095}. Best is trial 421 with value: -0.6216386034937503.
[I 2026-08-19 15:32:29,075] Trial 1163 finished with value: -0.4665537740726437 and parameters: {'k1': 0.0019650720989051306, 'D_low': 83.45818769912118, 'k2': 0.009549370111536058, 'D_high': 10250.768849851207, 'fire_exp': 1.0224444375342647, 'P_half': 1.7463720902810487, 'pre_dampen_half': 0.6450433292142177, 'gpp_af': 0.15294978691087047, 'gpp_b': 0.00010283647774735832, 'gpp_d': 454.0973931544244, 'ign_k': 1.0421308246073098, 'ign_c': 14.468940151378328, 'trop_agb_crit': 25.553448826560544, 'trop_k_veg': 1.6251878983051313, 'pop_amp': 0.2875270994252155, 'pop_peak': 222.640044206341, 'pop_sig': 0.4472455950847768, 'fuel_k': 0.12614778698586085, 'fuel_half': 0.13069521472451376}. Best is trial 421 with value: -0.6216386034937503.
[I 2026-08-19 15:32:32,357] Trial 1164 finished with value: -0.5349492681224534 and parameters: {'k1': 0.00039920949466190153, 'D_low': 43775.64595459478, 'k2': 0.0004856380602162084, 'D_high': 1168318.3248263702, 'fire_exp': 1.8635573770159277, 'P_half': 6.97837098025741, 'pre_dampen_half': 85.92995182201433, 'gpp_af': 0.0013546423927608261, 'gpp_b': 5.5826380186252296e-05, 'gpp_d': 0.3469068228408377, 'ign_k': 0.25472032830082525, 'ign_c': 0.17625141365468325, 'trop_agb_crit': 16.155707460509788, 'trop_k_veg': 2.128145991912379, 'pop_amp': 0.0808495900407546, 'pop_peak': 1.0451869787448977, 'pop_sig': 0.5016910026287537, 'fuel_k': 1.9198819277117976, 'fuel_half': 0.6728303150718453}. Best is trial 421 with value: -0.6216386034937503.
[I 2026-08-19 15:32:35,232] Trial 1165 finished with value: -0.49397411180003503 and parameters: {'k1': 0.00035775654625209215, 'D_low': 526.5470095471155, 'k2': 0.00015235120443366198, 'D_high': 3011119.9362819246, 'fire_exp': 2.1045910402239887, 'P_half': 63.84780171052748, 'pre_dampen_half': 182.08588467441447, 'gpp_af': 1.5997621967938385, 'gpp_b': 0.0011146214822977249, 'gpp_d': 18.314434564530924, 'ign_k': 0.41393597582800207, 'ign_c': 13.846202558974834, 'trop_agb_crit': 3.5362707386818273, 'trop_k_veg': 5.304373354100315, 'pop_amp': 0.12892304786000944, 'pop_peak': 310.8141063993716, 'pop_sig': 0.4146845648712092, 'fuel_k': 1.963201236575184, 'fuel_half': 1.4337641456755594}. Best is trial 421 with value: -0.6216386034937503.
[I 2026-08-19 15:32:38,124] Trial 1166 finished with value: -0.5121285725482293 and parameters: {'k1': 0.02911102146265336, 'D_low': 3231.349273864666, 'k2': 0.0003245348347165975, 'D_high': 142973.92842976106, 'fire_exp': 1.6317758680759398, 'P_half': 22.246921284019052, 'pre_dampen_half': 8.370777987378128, 'gpp_af': 0.2150174555304165, 'gpp_b': 1.1585764085903347e-05, 'gpp_d': 0.12363940410505103, 'ign_k': 0.6184184834563444, 'ign_c': 0.32483843556770065, 'trop_agb_crit': 24.94926048141381, 'trop_k_veg': 1.294754858124535, 'pop_amp': 0.08108351053792456, 'pop_peak': 0.5204796202327184, 'pop_sig': 0.2948893318238057, 'fuel_k': 1.0484667987481213, 'fuel_half': 0.14831683686426447}. Best is trial 421 with value: -0.6216386034937503.
  trial 1167/2500  best_overall=0.6216  (68.6 min)
[I 2026-08-19 15:32:41,222] Trial 1167 finished with value: -0.5335778664286337 and parameters: {'k1': 0.00015399206895877387, 'D_low': 162.55694292804512, 'k2': 0.000202119363238819, 'D_high': 84046.49529304252, 'fire_exp': 2.8995447284661333, 'P_half': 1.4543335828070452, 'pre_dampen_half': 1.0449574673936606, 'gpp_af': 0.003235557559602887, 'gpp_b': 1.786958710130382e-05, 'gpp_d': 1.6127581310462844, 'ign_k': 0.2340694386440667, 'ign_c': 0.11710576599236186, 'trop_agb_crit': 11.593558481921017, 'trop_k_veg': 1.4607444111659575, 'pop_amp': 0.024447192119618308, 'pop_peak': 0.9209141404158271, 'pop_sig': 0.40312706747768234, 'fuel_k': 1.08212608535383, 'fuel_half': 0.2806092547678168}. Best is trial 421 with value: -0.6216386034937503.
[I 2026-08-19 15:32:44,410] Trial 1168 finished with value: -0.5877766440404536 and parameters: {'k1': 0.000255968646903269, 'D_low': 2263.016529443829, 'k2': 0.0025145959743016113, 'D_high': 522724.06627174775, 'fire_exp': 2.338066111724265, 'P_half': 20.247668643233542, 'pre_dampen_half': 18.527028577557598, 'gpp_af': 0.002791954624718185, 'gpp_b': 0.00025279344580202883, 'gpp_d': 5.339109891315586, 'ign_k': 0.15674053307339522, 'ign_c': 1.255043345302595, 'trop_agb_crit': 14.058402251420345, 'trop_k_veg': 1.3155092361758367, 'pop_amp': 0.03265529007451187, 'pop_peak': 2.099436801377939, 'pop_sig': 0.319937544484182, 'fuel_k': 0.6134469240358965, 'fuel_half': 1.0882181254291992}. Best is trial 421 with value: -0.6216386034937503.
[I 2026-08-19 15:32:47,398] Trial 1169 finished with value: -0.5231023212081037 and parameters: {'k1': 0.00032145763766723903, 'D_low': 117.78118217166687, 'k2': 0.00038193891452970795, 'D_high': 15454.466476299236, 'fire_exp': 1.661883282548002, 'P_half': 51.30773254933796, 'pre_dampen_half': 14.912542322822317, 'gpp_af': 0.008554956963799697, 'gpp_b': 0.0005454456392651251, 'gpp_d': 6.985461014198238, 'ign_k': 0.1572317217923415, 'ign_c': 0.16160209755060528, 'trop_agb_crit': 27.773139090111588, 'trop_k_veg': 2.4216646435694287, 'pop_amp': 0.08674687979437862, 'pop_peak': 33.44109291096736, 'pop_sig': 1.134645354834236, 'fuel_k': 1.93378532367223, 'fuel_half': 0.5296492712659032}. Best is trial 421 with value: -0.6216386034937503.
[I 2026-08-19 15:32:50,635] Trial 1170 finished with value: -0.5686732406498634 and parameters: {'k1': 0.0005730807778883406, 'D_low': 9976.534712597548, 'k2': 0.00027387631078864617, 'D_high': 733478.8806389445, 'fire_exp': 1.886110936483606, 'P_half': 2.9222232641869104, 'pre_dampen_half': 10.835171535176013, 'gpp_af': 0.10043843764947137, 'gpp_b': 4.548222767758795e-05, 'gpp_d': 22.98410236043398, 'ign_k': 0.06715254169512758, 'ign_c': 0.5363147639553054, 'trop_agb_crit': 27.161427005982645, 'trop_k_veg': 2.048098350332299, 'pop_amp': 0.1171851803846464, 'pop_peak': 0.28313603486614036, 'pop_sig': 0.4201061730777365, 'fuel_k': 5.253704700846279, 'fuel_half': 2.8002467718226853}. Best is trial 421 with value: -0.6216386034937503.
[I 2026-08-19 15:32:48,414] Trial 1171 finished with value: -0.4924231925980589 and parameters: {'k1': 0.0010743675836791485, 'D_low': 915.9700987461122, 'k2': 0.0009028964651933453, 'D_high': 378042.6693384495, 'fire_exp': 1.7439330642796116, 'P_half': 5.974527210935991, 'pre_dampen_half': 0.536400232850251, 'gpp_af': 0.0024937288313239265, 'gpp_b': 0.000560519723241442, 'gpp_d': 0.0847020579583747, 'ign_k': 0.43072663907841846, 'ign_c': 3.0053933433735125, 'trop_agb_crit': 8.92859689849469, 'trop_k_veg': 1.2610614442835952, 'pop_amp': 0.028401298758876824, 'pop_peak': 2.906003116372863, 'pop_sig': 0.4725014766117238, 'fuel_k': 0.14878809589948674, 'fuel_half': 2.4222339768603467}. Best is trial 421 with value: -0.6216386034937503.
[I 2026-08-19 15:32:51,216] Trial 1172 finished with value: -0.3905821812481455 and parameters: {'k1': 0.0031823867283108974, 'D_low': 114.43355928698708, 'k2': 0.00017060939834104817, 'D_high': 608492.3982220138, 'fire_exp': 4.130030169785918, 'P_half': 3.770218138918723, 'pre_dampen_half': 16.924373373156836, 'gpp_af': 0.012089699770463926, 'gpp_b': 2.7027036655320154e-05, 'gpp_d': 1.6059511446946473, 'ign_k': 6.5198191771514855, 'ign_c': 4.845519561634958, 'trop_agb_crit': 10.626671618109043, 'trop_k_veg': 1.0821054588140173, 'pop_amp': 4.845893049677001, 'pop_peak': 12.98323915915264, 'pop_sig': 0.5060950767649841, 'fuel_k': 0.09740521770113662, 'fuel_half': 0.36652891702097307}. Best is trial 421 with value: -0.6216386034937503.
[I 2026-08-19 15:32:54,079] Trial 1173 finished with value: -0.44898893043747395 and parameters: {'k1': 0.0017405530185973849, 'D_low': 3.1932837973024437, 'k2': 0.0022806678659595112, 'D_high': 7429084.807102462, 'fire_exp': 2.628455476512463, 'P_half': 4.75533847409639, 'pre_dampen_half': 0.15147824197088855, 'gpp_af': 0.02374721662631962, 'gpp_b': 0.00029431800624705003, 'gpp_d': 0.14572126832384652, 'ign_k': 0.04433831065005362, 'ign_c': 1.7229897831176064, 'trop_agb_crit': 11.413532620686665, 'trop_k_veg': 2.691573806192496, 'pop_amp': 0.042929376352096635, 'pop_peak': 4.369981887155272, 'pop_sig': 0.7781670409229838, 'fuel_k': 1.0361882687881858, 'fuel_half': 0.3692175257539252}. Best is trial 421 with value: -0.6216386034937503.
[I 2026-08-19 15:32:56,971] Trial 1174 finished with value: -0.5110683020149513 and parameters: {'k1': 0.0028242442951049193, 'D_low': 3188.152239048019, 'k2': 0.00015888243765493055, 'D_high': 7856593.021333347, 'fire_exp': 1.0279108697151167, 'P_half': 26.993595500100668, 'pre_dampen_half': 4.0408227292676155, 'gpp_af': 0.02570135217583944, 'gpp_b': 0.008382088046815662, 'gpp_d': 0.0654900145609026, 'ign_k': 0.07263391305165981, 'ign_c': 4.898472736135996, 'trop_agb_crit': 28.17110085048908, 'trop_k_veg': 6.22558398446971, 'pop_amp': 0.022546436276686618, 'pop_peak': 0.1980097137631306, 'pop_sig': 0.4995185779203587, 'fuel_k': 0.5582644387498266, 'fuel_half': 4.569561797758809}. Best is trial 421 with value: -0.6216386034937503.
[I 2026-08-19 15:32:59,911] Trial 1175 finished with value: -0.4861721571495111 and parameters: {'k1': 0.0006556428406333216, 'D_low': 1272.759110609037, 'k2': 0.0010391063405536293, 'D_high': 2977287.2645121953, 'fire_exp': 3.0584373746933484, 'P_half': 5.207404746497782, 'pre_dampen_half': 0.44428489812401334, 'gpp_af': 0.008205077923498975, 'gpp_b': 1.5392802675969173e-05, 'gpp_d': 0.11187336805929624, 'ign_k': 0.07683177202263544, 'ign_c': 2.605314369413309, 'trop_agb_crit': 26.32321573242386, 'trop_k_veg': 1.1207402977529712, 'pop_amp': 0.06362024259251094, 'pop_peak': 9.444321016487445, 'pop_sig': 0.41520270594651326, 'fuel_k': 0.8719225255051022, 'fuel_half': 0.6058752200384204}. Best is trial 421 with value: -0.6216386034937503.
  trial 1176/2500  best_overall=0.6216  (68.9 min)
[I 2026-08-19 15:33:03,660] Trial 1176 finished with value: -0.578965180830235 and parameters: {'k1': 0.00046276309730733926, 'D_low': 184.26639829582547, 'k2': 0.004934787504219687, 'D_high': 169649.07538606695, 'fire_exp': 1.2475406850326753, 'P_half': 85.56841383055439, 'pre_dampen_half': 12.279179279674649, 'gpp_af': 0.013408290547112822, 'gpp_b': 1.7432892354687093e-05, 'gpp_d': 13.130408078865635, 'ign_k': 0.007012976308547228, 'ign_c': 0.1437428138091402, 'trop_agb_crit': 10.428402525424895, 'trop_k_veg': 1.707761847311978, 'pop_amp': 0.0862314950861569, 'pop_peak': 0.8210006948357804, 'pop_sig': 0.319477349832707, 'fuel_k': 3.4816190524764816, 'fuel_half': 1.9283346976035936}. Best is trial 421 with value: -0.6216386034937503.
[I 2026-08-19 15:33:06,842] Trial 1177 finished with value: -0.5754356790210575 and parameters: {'k1': 0.000632995811690025, 'D_low': 765.7129228674917, 'k2': 0.0019717045374631945, 'D_high': 7017240.391400968, 'fire_exp': 1.1473785190888637, 'P_half': 616.5974064835939, 'pre_dampen_half': 3.593732498629302, 'gpp_af': 0.04408564391635774, 'gpp_b': 8.110240140904284e-05, 'gpp_d': 2.881177028893964, 'ign_k': 6.799493047211055, 'ign_c': 0.8697502745623741, 'trop_agb_crit': 15.11872506529409, 'trop_k_veg': 5.204426318911076, 'pop_amp': 0.010031011264734753, 'pop_peak': 2.897709990739839, 'pop_sig': 0.9714389446174968, 'fuel_k': 0.2915112139058049, 'fuel_half': 19.246493738275984}. Best is trial 421 with value: -0.6216386034937503.
[I 2026-08-19 15:33:09,622] Trial 1178 finished with value: -0.5383072227621486 and parameters: {'k1': 0.003391854801360293, 'D_low': 8359.28140940039, 'k2': 0.00011005698670238515, 'D_high': 413637.0688371662, 'fire_exp': 1.1183314412152585, 'P_half': 9.389873053659734, 'pre_dampen_half': 5.028360330201179, 'gpp_af': 0.12145280798983117, 'gpp_b': 4.0529693151589665e-05, 'gpp_d': 0.16326455443871032, 'ign_k': 2.033190808555932, 'ign_c': 0.9794758757887932, 'trop_agb_crit': 7.813619210533322, 'trop_k_veg': 1.1176546667538554, 'pop_amp': 0.02103006021875749, 'pop_peak': 0.9355007558569799, 'pop_sig': 2.2338462648184807, 'fuel_k': 0.4815691367769932, 'fuel_half': 2.4910040719377173}. Best is trial 421 with value: -0.6216386034937503.
[I 2026-08-19 15:33:12,419] Trial 1179 finished with value: -0.5318602557930565 and parameters: {'k1': 0.000790072758126884, 'D_low': 3268.1197958912617, 'k2': 0.00435223455629933, 'D_high': 628461.2658444168, 'fire_exp': 1.7333298274982687, 'P_half': 6.02798531105166, 'pre_dampen_half': 0.7837482669645244, 'gpp_af': 0.006303949105752749, 'gpp_b': 0.00021401148396434875, 'gpp_d': 0.9694980392886088, 'ign_k': 0.09454082489773583, 'ign_c': 0.22007144230186457, 'trop_agb_crit': 11.255616985486562, 'trop_k_veg': 1.367915991537198, 'pop_amp': 0.8781175426757961, 'pop_peak': 5.306385867534865, 'pop_sig': 0.61509542860154, 'fuel_k': 4.54972194482031, 'fuel_half': 0.4015725795717301}. Best is trial 421 with value: -0.6216386034937503.
[I 2026-08-19 15:33:15,313] Trial 1180 finished with value: -0.4978426156557004 and parameters: {'k1': 8.07035550129715e-05, 'D_low': 2.8649158452371064, 'k2': 1.1952703640252675e-05, 'D_high': 7598024.798696129, 'fire_exp': 1.4786255504415788, 'P_half': 6.2220618542585955, 'pre_dampen_half': 0.3757419074561992, 'gpp_af': 0.012738915704878817, 'gpp_b': 0.00017744306662965947, 'gpp_d': 805.1114569094887, 'ign_k': 0.18720690211553617, 'ign_c': 20.77283815000412, 'trop_agb_crit': 20.02997215786386, 'trop_k_veg': 5.960558299801434, 'pop_amp': 0.00598816584915719, 'pop_peak': 24.94344285651891, 'pop_sig': 0.6885488473565587, 'fuel_k': 1.6047039966031558, 'fuel_half': 0.8974803313998023}. Best is trial 421 with value: -0.6216386034937503.
[I 2026-08-19 15:33:18,692] Trial 1181 finished with value: -0.36732095737353004 and parameters: {'k1': 0.00014262509000142614, 'D_low': 76311.55481557258, 'k2': 0.057900853264719616, 'D_high': 16.262390843571325, 'fire_exp': 1.0288760085903348, 'P_half': 109.8865649592825, 'pre_dampen_half': 0.6775886637835848, 'gpp_af': 7.865662376722143, 'gpp_b': 4.02748676690476, 'gpp_d': 1.1658050459586653, 'ign_k': 0.10096123877884632, 'ign_c': 0.14864551220272798, 'trop_agb_crit': 27.352885791695837, 'trop_k_veg': 3.9675086450034716, 'pop_amp': 0.004101195286914922, 'pop_peak': 3.6301759261541133, 'pop_sig': 1.721746004269412, 'fuel_k': 0.33604621955136404, 'fuel_half': 2.4902198274689114}. Best is trial 421 with value: -0.6216386034937503.
[I 2026-08-19 15:33:21,836] Trial 1182 finished with value: -0.5676945174508743 and parameters: {'k1': 0.00037248975331249094, 'D_low': 3.716425934826964, 'k2': 0.015158490610280113, 'D_high': 1580443.084237588, 'fire_exp': 1.7558203635831255, 'P_half': 5.354852578376909, 'pre_dampen_half': 0.37712395984716485, 'gpp_af': 0.01317019230949538, 'gpp_b': 1.698107370478175e-05, 'gpp_d': 15.505100082937432, 'ign_k': 0.2163798480995817, 'ign_c': 0.10941546890901649, 'trop_agb_crit': 4.250921515500874, 'trop_k_veg': 2.9575866817517, 'pop_amp': 0.03523350457148173, 'pop_peak': 0.6399406108641706, 'pop_sig': 0.7126266551632694, 'fuel_k': 0.2712109368117787, 'fuel_half': 0.1779323220332347}. Best is trial 421 with value: -0.6216386034937503.
  trial 1183/2500  best_overall=0.6216  (69.3 min)
[I 2026-08-19 15:33:25,882] Trial 1183 finished with value: -0.5002607708729209 and parameters: {'k1': 0.0002501994179486937, 'D_low': 1.6872812331709952, 'k2': 3.457468694336415e-05, 'D_high': 4543849.571082365, 'fire_exp': 2.1359941682687897, 'P_half': 1.9835874477787052, 'pre_dampen_half': 446.50323993611977, 'gpp_af': 35.57119516662076, 'gpp_b': 0.02534789694977657, 'gpp_d': 9.243931363346066, 'ign_k': 2.2210596798884708, 'ign_c': 26.14184772510698, 'trop_agb_crit': 2.717103742958822, 'trop_k_veg': 6.372866864868068, 'pop_amp': 0.009610801009333451, 'pop_peak': 182.18111406121824, 'pop_sig': 0.28663119744257715, 'fuel_k': 0.5435971807701733, 'fuel_half': 1.7887080376940259}. Best is trial 421 with value: -0.6216386034937503.
[I 2026-08-19 15:33:28,557] Trial 1184 finished with value: -0.4105744568671981 and parameters: {'k1': 0.0001565731769535141, 'D_low': 33.048557705097615, 'k2': 1.7126374127726885e-05, 'D_high': 746281.1768305354, 'fire_exp': 1.6231697180333893, 'P_half': 3.531392348704002, 'pre_dampen_half': 159.39707294560878, 'gpp_af': 0.02585614240996762, 'gpp_b': 0.0021771459343541883, 'gpp_d': 274.57728787645163, 'ign_k': 0.03465646723564223, 'ign_c': 86.03256489279762, 'trop_agb_crit': 29.683056726667953, 'trop_k_veg': 2.8182966265751825, 'pop_amp': 0.4202637572488471, 'pop_peak': 369.55163536137604, 'pop_sig': 0.45299222973711684, 'fuel_k': 0.6706631747404309, 'fuel_half': 8.053309820865499}. Best is trial 421 with value: -0.6216386034937503.
[I 2026-08-19 15:33:31,523] Trial 1185 finished with value: -0.39899184240715274 and parameters: {'k1': 0.0017488064619186983, 'D_low': 12.28526398907975, 'k2': 0.002861528773249346, 'D_high': 2320639.320010183, 'fire_exp': 1.0044484678575836, 'P_half': 3.9358334116451994, 'pre_dampen_half': 1.1366856314745601, 'gpp_af': 0.010950053680469666, 'gpp_b': 2.3047078332632286e-05, 'gpp_d': 18.335917568311245, 'ign_k': 0.8570329021723714, 'ign_c': 41.39140728053702, 'trop_agb_crit': 11.604563024789519, 'trop_k_veg': 1.2375698289585477, 'pop_amp': 0.7648822793166296, 'pop_peak': 3.0585064151828334, 'pop_sig': 0.30225561129878115, 'fuel_k': 0.6016917668224261, 'fuel_half': 0.15192559157787044}. Best is trial 421 with value: -0.6216386034937503.
[I 2026-08-19 15:33:34,152] Trial 1186 finished with value: -0.5687542781894638 and parameters: {'k1': 0.0005586511125886612, 'D_low': 9.928412459417684, 'k2': 0.0006466325370458257, 'D_high': 700262.9146416945, 'fire_exp': 1.2023460286157246, 'P_half': 6.732520983320531, 'pre_dampen_half': 0.2838872355631588, 'gpp_af': 0.0012123889836738472, 'gpp_b': 0.00012870961660189838, 'gpp_d': 0.019211383475370856, 'ign_k': 0.039869888994204045, 'ign_c': 0.167433533067827, 'trop_agb_crit': 27.599645448269225, 'trop_k_veg': 3.3826864059600332, 'pop_amp': 0.05377440990278629, 'pop_peak': 1.7572853505785788, 'pop_sig': 0.2928332956671321, 'fuel_k': 3.806564856919206, 'fuel_half': 1.2503587816891855}. Best is trial 421 with value: -0.6216386034937503.
[I 2026-08-19 15:33:37,060] Trial 1187 finished with value: -0.48323261552515406 and parameters: {'k1': 0.0009624556749750982, 'D_low': 7847.500021296721, 'k2': 0.05406733170598357, 'D_high': 630952.0999204299, 'fire_exp': 1.2657935200476893, 'P_half': 161.82021141413347, 'pre_dampen_half': 5.5313464985281575, 'gpp_af': 0.7014688382838467, 'gpp_b': 0.02683427875677065, 'gpp_d': 0.6853384242538906, 'ign_k': 0.05351205317172569, 'ign_c': 0.21403995208216395, 'trop_agb_crit': 18.400694704093983, 'trop_k_veg': 1.527469102436882, 'pop_amp': 0.03198250670729863, 'pop_peak': 31.121783794918386, 'pop_sig': 0.3514558216688792, 'fuel_k': 1.0882168896375906, 'fuel_half': 2.9123809493029102}. Best is trial 421 with value: -0.6216386034937503.
