[I 2026-08-06 10:36:32,744] Trial 1289 finished with values: [-0.5725540407802256, 0.04478408013067203] and parameters: {'k1': 0.008912611835817005, 'D_low': 4.484744524732794, 'k2': 0.0008941619307827924, 'D_high': 11832.967057468773, 'fire_exp': 1.3170256885255098, 'P_half': 5.076307782729897, 'pre_dampen_half': 552.4163637315892, 'gpp_af': 1.9706963379095486, 'gpp_b': 0.006906522645653115, 'gpp_d': 2.944272359149677, 'ign_k': 2.9818972317055166, 'ign_c': 15.221840161091626, 'trop_agb_crit': 7.861566638880103, 'trop_k_veg': 4.167664671344212}.
[I 2026-08-06 10:36:33,884] Trial 1290 finished with values: [10.11935511064901, 10.11935511064901] and parameters: {'k1': 0.008912611835817005, 'D_low': 520.4862686958022, 'k2': 0.0008941619307827924, 'D_high': 11832.967057468773, 'fire_exp': 1.0629462657398439, 'P_half': 140.74279366401683, 'pre_dampen_half': 502.5175192217655, 'gpp_af': 0.6403036652671171, 'gpp_b': 0.006906522645653115, 'gpp_d': 2.944272359149677, 'ign_k': 2.9818972317055166, 'ign_c': 5.13055176058983, 'trop_agb_crit': 1.0455434848969813, 'trop_k_veg': 2.1104394500982346}.
[I 2026-08-06 10:36:34,977] Trial 1291 finished with values: [10.060950999753002, 10.060950999753002] and parameters: {'k1': 0.008912611835817005, 'D_low': 355.00125258511594, 'k2': 0.03538758864779238, 'D_high': 11832.967057468773, 'fire_exp': 1.3170256885255098, 'P_half': 220.3445560633069, 'pre_dampen_half': 63.6685916079943, 'gpp_af': 0.6403036652671171, 'gpp_b': 0.006906522645653115, 'gpp_d': 2.944272359149677, 'ign_k': 0.21006485619596416, 'ign_c': 4.2425976091860935, 'trop_agb_crit': 6.383676143682316, 'trop_k_veg': 3.1473758868965476}.
[I 2026-08-06 10:36:36,099] Trial 1292 finished with values: [-0.5569987671609601, 0.04244878734651758] and parameters: {'k1': 0.008912611835817005, 'D_low': 4.484744524732794, 'k2': 0.014344484793173472, 'D_high': 3712.591045287726, 'fire_exp': 1.0629462657398439, 'P_half': 220.3445560633069, 'pre_dampen_half': 552.4163637315892, 'gpp_af': 1.9706963379095486, 'gpp_b': 0.0325181766809307, 'gpp_d': 4.25060659305504, 'ign_k': 2.9818972317055166, 'ign_c': 15.221840161091626, 'trop_agb_crit': 1.0903028125370984, 'trop_k_veg': 4.167664671344212}.
[I 2026-08-06 10:36:37,240] Trial 1293 finished with values: [10.031245210570336, 10.031245210570336] and parameters: {'k1': 0.03974965675011386, 'D_low': 355.00125258511594, 'k2': 6.59971370969243e-05, 'D_high': 11832.967057468773, 'fire_exp': 1.051534186853412, 'P_half': 5.076307782729897, 'pre_dampen_half': 244.9911468744101, 'gpp_af': 4.4416173741744, 'gpp_b': 0.0021331409710300844, 'gpp_d': 2.944272359149677, 'ign_k': 0.21006485619596416, 'ign_c': 15.221840161091626, 'trop_agb_crit': 1.0903028125370984, 'trop_k_veg': 3.1473758868965476}.
[I 2026-08-06 10:36:38,378] Trial 1294 finished with values: [10.101596017051858, 10.101596017051858] and parameters: {'k1': 0.001761725951418538, 'D_low': 355.00125258511594, 'k2': 0.03538758864779238, 'D_high': 11832.967057468773, 'fire_exp': 1.3170256885255098, 'P_half': 5.076307782729897, 'pre_dampen_half': 63.6685916079943, 'gpp_af': 0.6403036652671171, 'gpp_b': 0.006906522645653115, 'gpp_d': 2.944272359149677, 'ign_k': 8.103949702339497, 'ign_c': 4.2425976091860935, 'trop_agb_crit': 19.3289574092866, 'trop_k_veg': 4.375785248100498}.
[I 2026-08-06 10:36:39,569] Trial 1295 finished with values: [10.640793165351091, 10.640793165351091] and parameters: {'k1': 0.03974965675011386, 'D_low': 3298.583025790192, 'k2': 0.03538758864779238, 'D_high': 11832.967057468773, 'fire_exp': 1.051534186853412, 'P_half': 5.076307782729897, 'pre_dampen_half': 63.6685916079943, 'gpp_af': 4.4416173741744, 'gpp_b': 0.006906522645653115, 'gpp_d': 2.944272359149677, 'ign_k': 3.0360834202771856, 'ign_c': 15.221840161091626, 'trop_agb_crit': 1.0903028125370984, 'trop_k_veg': 3.1473758868965476}.
[I 2026-08-06 10:36:40,642] Trial 1296 finished with values: [-0.5705488207332736, 0.03880773516284042] and parameters: {'k1': 0.008912611835817005, 'D_low': 9.019549482887358, 'k2': 5.52207197313581e-05, 'D_high': 39819.19662051714, 'fire_exp': 1.0629462657398439, 'P_half': 63.82008477114845, 'pre_dampen_half': 841.294947480074, 'gpp_af': 1.9706963379095486, 'gpp_b': 0.0325181766809307, 'gpp_d': 2.944272359149677, 'ign_k': 3.589155871450839, 'ign_c': 15.221840161091626, 'trop_agb_crit': 24.584290528289387, 'trop_k_veg': 3.1473758868965476}.
[I 2026-08-06 10:36:41,732] Trial 1297 finished with values: [10.58347097595153, 10.58347097595153] and parameters: {'k1': 0.008912611835817005, 'D_low': 355.00125258511594, 'k2': 0.03538758864779238, 'D_high': 11832.967057468773, 'fire_exp': 1.1263716762638152, 'P_half': 5.076307782729897, 'pre_dampen_half': 72.45400246802097, 'gpp_af': 4.4416173741744, 'gpp_b': 0.0021331409710300844, 'gpp_d': 2.944272359149677, 'ign_k': 0.0012843094700513468, 'ign_c': 15.221840161091626, 'trop_agb_crit': 1.0903028125370984, 'trop_k_veg': 3.1473758868965476}.
[I 2026-08-06 10:36:42,850] Trial 1298 finished with values: [10.769067893414526, 10.769067893414526] and parameters: {'k1': 0.008912611835817005, 'D_low': 4.484744524732794, 'k2': 0.0003432139136241583, 'D_high': 3712.591045287726, 'fire_exp': 1.1174086754605184, 'P_half': 220.3445560633069, 'pre_dampen_half': 0.021184731123199272, 'gpp_af': 1.9706963379095486, 'gpp_b': 0.0325181766809307, 'gpp_d': 4.25060659305504, 'ign_k': 2.9818972317055166, 'ign_c': 15.221840161091626, 'trop_agb_crit': 1.0903028125370984, 'trop_k_veg': 2.194427136482602}.
[I 2026-08-06 10:36:43,959] Trial 1299 finished with values: [-0.5648318468323821, 0.020833900700312102] and parameters: {'k1': 0.008912611835817005, 'D_low': 355.00125258511594, 'k2': 0.0007173407578159455, 'D_high': 11832.967057468773, 'fire_exp': 1.0629462657398439, 'P_half': 5.076307782729897, 'pre_dampen_half': 552.4163637315892, 'gpp_af': 1.9706963379095486, 'gpp_b': 0.0325181766809307, 'gpp_d': 2.944272359149677, 'ign_k': 2.9818972317055166, 'ign_c': 15.221840161091626, 'trop_agb_crit': 19.3289574092866, 'trop_k_veg': 3.1473758868965476}.
[I 2026-08-06 10:36:45,076] Trial 1300 finished with values: [11.860098414299237, 11.860098414299237] and parameters: {'k1': 0.008912611835817005, 'D_low': 4.484744524732794, 'k2': 0.04333919331865372, 'D_high': 11832.967057468773, 'fire_exp': 1.0629462657398439, 'P_half': 5.076307782729897, 'pre_dampen_half': 552.4163637315892, 'gpp_af': 0.7539992074650279, 'gpp_b': 0.14577755664212386, 'gpp_d': 16.460426816350523, 'ign_k': 8.103949702339497, 'ign_c': 5.13055176058983, 'trop_agb_crit': 3.4281962070490852, 'trop_k_veg': 4.167664671344212}.
[I 2026-08-06 10:36:46,164] Trial 1301 finished with values: [10.189384769526052, 10.189384769526052] and parameters: {'k1': 0.008912611835817005, 'D_low': 4.484744524732794, 'k2': 0.03538758864779238, 'D_high': 11832.967057468773, 'fire_exp': 1.1263716762638152, 'P_half': 220.3445560633069, 'pre_dampen_half': 63.6685916079943, 'gpp_af': 1.9706963379095486, 'gpp_b': 0.017069106484260625, 'gpp_d': 2.944272359149677, 'ign_k': 0.21006485619596416, 'ign_c': 15.221840161091626, 'trop_agb_crit': 1.0903028125370984, 'trop_k_veg': 4.375785248100498}.
[I 2026-08-06 10:36:47,287] Trial 1302 finished with values: [10.07535177442377, 10.07535177442377] and parameters: {'k1': 0.008912611835817005, 'D_low': 355.00125258511594, 'k2': 0.000980054060008331, 'D_high': 37954.79274251299, 'fire_exp': 1.2748928925302399, 'P_half': 5.076307782729897, 'pre_dampen_half': 63.6685916079943, 'gpp_af': 0.6403036652671171, 'gpp_b': 0.0021331409710300844, 'gpp_d': 2.944272359149677, 'ign_k': 0.21006485619596416, 'ign_c': 5.13055176058983, 'trop_agb_crit': 1.0911298587990423, 'trop_k_veg': 0.983473833513531}.
[I 2026-08-06 10:36:48,829] Trial 1303 finished with values: [-0.5701113925527548, 0.057995860301977564] and parameters: {'k1': 0.008912611835817005, 'D_low': 4.484744524732794, 'k2': 0.004237604478368561, 'D_high': 3712.591045287726, 'fire_exp': 1.0629462657398439, 'P_half': 220.3445560633069, 'pre_dampen_half': 552.4163637315892, 'gpp_af': 1.9706963379095486, 'gpp_b': 0.0021331409710300844, 'gpp_d': 4.25060659305504, 'ign_k': 2.9818972317055166, 'ign_c': 15.221840161091626, 'trop_agb_crit': 1.0903028125370984, 'trop_k_veg': 4.167664671344212}.
[I 2026-08-06 10:36:49,957] Trial 1304 finished with values: [-0.5690801669929417, 0.04387317619805742] and parameters: {'k1': 0.008912611835817005, 'D_low': 4.484744524732794, 'k2': 5.52207197313581e-05, 'D_high': 39819.19662051714, 'fire_exp': 1.0629462657398439, 'P_half': 220.3445560633069, 'pre_dampen_half': 502.5175192217655, 'gpp_af': 1.9706963379095486, 'gpp_b': 0.0021331409710300844, 'gpp_d': 2.944272359149677, 'ign_k': 8.103949702339497, 'ign_c': 15.221840161091626, 'trop_agb_crit': 1.0455434848969813, 'trop_k_veg': 4.167664671344212}.
[I 2026-08-06 10:36:51,084] Trial 1305 finished with values: [-0.5661623912203619, 0.07369121469732354] and parameters: {'k1': 0.019427308755001847, 'D_low': 355.00125258511594, 'k2': 0.03538758864779238, 'D_high': 11832.967057468773, 'fire_exp': 1.3170256885255098, 'P_half': 5.076307782729897, 'pre_dampen_half': 63.6685916079943, 'gpp_af': 0.6403036652671171, 'gpp_b': 0.0019165495198471324, 'gpp_d': 2.944272359149677, 'ign_k': 0.21006485619596416, 'ign_c': 5.13055176058983, 'trop_agb_crit': 13.985331027461328, 'trop_k_veg': 3.1473758868965476}.
[I 2026-08-06 10:36:52,254] Trial 1306 finished with values: [10.769230768838547, 10.769230768838547] and parameters: {'k1': 0.008912611835817005, 'D_low': 355.00125258511594, 'k2': 5.52207197313581e-05, 'D_high': 11832.967057468773, 'fire_exp': 9.21460353030674, 'P_half': 5.076307782729897, 'pre_dampen_half': 552.4163637315892, 'gpp_af': 0.010443168746673469, 'gpp_b': 0.14577755664212386, 'gpp_d': 16.460426816350523, 'ign_k': 3.589155871450839, 'ign_c': 15.221840161091626, 'trop_agb_crit': 5.929544346558723, 'trop_k_veg': 3.1473758868965476}.
[I 2026-08-06 10:36:53,362] Trial 1307 finished with values: [10.390825137776938, 10.390825137776938] and parameters: {'k1': 0.008912611835817005, 'D_low': 355.00125258511594, 'k2': 0.0003432139136241583, 'D_high': 3712.591045287726, 'fire_exp': 1.1174086754605184, 'P_half': 140.74279366401683, 'pre_dampen_half': 552.4163637315892, 'gpp_af': 0.6403036652671171, 'gpp_b': 0.14577755664212386, 'gpp_d': 4.25060659305504, 'ign_k': 0.21006485619596416, 'ign_c': 15.221840161091626, 'trop_agb_crit': 6.383676143682316, 'trop_k_veg': 1.1084562524454336}.
[I 2026-08-06 10:36:54,494] Trial 1308 finished with values: [-0.5869904339525119, 0.07363179766830463] and parameters: {'k1': 0.004312951023617458, 'D_low': 355.00125258511594, 'k2': 0.03538758864779238, 'D_high': 37954.79274251299, 'fire_exp': 1.1263716762638152, 'P_half': 220.3445560633069, 'pre_dampen_half': 63.6685916079943, 'gpp_af': 1.9706963379095486, 'gpp_b': 0.006906522645653115, 'gpp_d': 2.944272359149677, 'ign_k': 0.21006485619596416, 'ign_c': 5.13055176058983, 'trop_agb_crit': 1.0903028125370984, 'trop_k_veg': 4.5046583040732875}.
[I 2026-08-06 10:36:55,637] Trial 1309 finished with values: [10.48081148187614, 10.48081148187614] and parameters: {'k1': 0.008912611835817005, 'D_low': 355.00125258511594, 'k2': 0.03538758864779238, 'D_high': 39819.19662051714, 'fire_exp': 1.0629462657398439, 'P_half': 5.076307782729897, 'pre_dampen_half': 7.72621571462232, 'gpp_af': 0.6403036652671171, 'gpp_b': 0.06419400996240236, 'gpp_d': 2.944272359149677, 'ign_k': 0.21006485619596416, 'ign_c': 5.13055176058983, 'trop_agb_crit': 24.584290528289387, 'trop_k_veg': 3.1473758868965476}.
[I 2026-08-06 10:36:56,789] Trial 1310 finished with values: [10.412501774923198, 10.412501774923198] and parameters: {'k1': 0.008912611835817005, 'D_low': 1554.7359415440887, 'k2': 0.03538758864779238, 'D_high': 11832.967057468773, 'fire_exp': 1.3170256885255098, 'P_half': 5.076307782729897, 'pre_dampen_half': 63.6685916079943, 'gpp_af': 1.9706963379095486, 'gpp_b': 0.0325181766809307, 'gpp_d': 2.944272359149677, 'ign_k': 2.9818972317055166, 'ign_c': 5.13055176058983, 'trop_agb_crit': 19.3289574092866, 'trop_k_veg': 4.375785248100498}.
[I 2026-08-06 10:36:57,911] Trial 1311 finished with values: [10.779636877851264, 10.779636877851264] and parameters: {'k1': 0.008912611835817005, 'D_low': 38.3602907874811, 'k2': 0.03538758864779238, 'D_high': 11832.967057468773, 'fire_exp': 1.3170256885255098, 'P_half': 5.076307782729897, 'pre_dampen_half': 63.6685916079943, 'gpp_af': 0.6403036652671171, 'gpp_b': 0.006906522645653115, 'gpp_d': 2.944272359149677, 'ign_k': 4.57467529327748, 'ign_c': 4.2425976091860935, 'trop_agb_crit': 1.0903028125370984, 'trop_k_veg': 3.1473758868965476}.
[I 2026-08-06 10:36:59,066] Trial 1312 finished with values: [10.735071429867144, 10.735071429867144] and parameters: {'k1': 0.008912611835817005, 'D_low': 355.00125258511594, 'k2': 0.03538758864779238, 'D_high': 11832.967057468773, 'fire_exp': 3.4121559122647493, 'P_half': 140.74279366401683, 'pre_dampen_half': 552.4163637315892, 'gpp_af': 0.0061627438103753155, 'gpp_b': 0.006906522645653115, 'gpp_d': 4.25060659305504, 'ign_k': 2.9818972317055166, 'ign_c': 15.221840161091626, 'trop_agb_crit': 1.0911298587990423, 'trop_k_veg': 4.375785248100498}.
[I 2026-08-06 10:37:00,198] Trial 1313 finished with values: [-0.5543830969120636, 0.026921167221796383] and parameters: {'k1': 0.008912611835817005, 'D_low': 355.00125258511594, 'k2': 0.03538758864779238, 'D_high': 6075.702114214176, 'fire_exp': 1.1174086754605184, 'P_half': 220.3445560633069, 'pre_dampen_half': 502.5175192217655, 'gpp_af': 0.6403036652671171, 'gpp_b': 0.0021331409710300844, 'gpp_d': 2.944272359149677, 'ign_k': 8.103949702339497, 'ign_c': 15.221840161091626, 'trop_agb_crit': 1.0903028125370984, 'trop_k_veg': 2.194427136482602}.
[I 2026-08-06 10:37:01,303] Trial 1314 finished with values: [10.483026236466646, 10.483026236466646] and parameters: {'k1': 0.008912611835817005, 'D_low': 355.00125258511594, 'k2': 0.03538758864779238, 'D_high': 11832.967057468773, 'fire_exp': 1.0629462657398439, 'P_half': 1489.5167857414556, 'pre_dampen_half': 552.4163637315892, 'gpp_af': 0.6403036652671171, 'gpp_b': 0.006906522645653115, 'gpp_d': 2.944272359149677, 'ign_k': 3.589155871450839, 'ign_c': 15.221840161091626, 'trop_agb_crit': 1.0911298587990423, 'trop_k_veg': 1.2033419844148296}.
[I 2026-08-06 10:37:02,410] Trial 1315 finished with values: [10.311165118201163, 10.311165118201163] and parameters: {'k1': 0.026835953334046134, 'D_low': 671.5971856456824, 'k2': 0.03538758864779238, 'D_high': 11832.967057468773, 'fire_exp': 1.0629462657398439, 'P_half': 5.076307782729897, 'pre_dampen_half': 552.4163637315892, 'gpp_af': 0.6403036652671171, 'gpp_b': 0.14577755664212386, 'gpp_d': 16.460426816350523, 'ign_k': 0.21006485619596416, 'ign_c': 15.221840161091626, 'trop_agb_crit': 24.584290528289387, 'trop_k_veg': 3.1473758868965476}.
[I 2026-08-06 10:37:03,499] Trial 1316 finished with values: [10.401723161778065, 10.401723161778065] and parameters: {'k1': 0.008912611835817005, 'D_low': 355.00125258511594, 'k2': 0.0008941619307827924, 'D_high': 11832.967057468773, 'fire_exp': 1.3170256885255098, 'P_half': 140.74279366401683, 'pre_dampen_half': 552.4163637315892, 'gpp_af': 33.940346662065195, 'gpp_b': 0.0325181766809307, 'gpp_d': 4.25060659305504, 'ign_k': 0.21006485619596416, 'ign_c': 15.221840161091626, 'trop_agb_crit': 7.861566638880103, 'trop_k_veg': 3.1473758868965476}.
[I 2026-08-06 10:37:04,617] Trial 1317 finished with values: [10.296449986204944, 10.296449986204944] and parameters: {'k1': 0.001761725951418538, 'D_low': 355.00125258511594, 'k2': 0.0017483983085324361, 'D_high': 11832.967057468773, 'fire_exp': 1.3170256885255098, 'P_half': 5.076307782729897, 'pre_dampen_half': 502.5175192217655, 'gpp_af': 0.6403036652671171, 'gpp_b': 0.006906522645653115, 'gpp_d': 0.24239431891241692, 'ign_k': 8.103949702339497, 'ign_c': 15.221840161091626, 'trop_agb_crit': 1.0903028125370984, 'trop_k_veg': 3.1473758868965476}.
[I 2026-08-06 10:37:05,762] Trial 1318 finished with values: [10.762631064136347, 10.762631064136347] and parameters: {'k1': 0.008912611835817005, 'D_low': 355.00125258511594, 'k2': 0.03538758864779238, 'D_high': 39819.19662051714, 'fire_exp': 9.62767613678815, 'P_half': 5.076307782729897, 'pre_dampen_half': 552.4163637315892, 'gpp_af': 0.7539992074650279, 'gpp_b': 0.0325181766809307, 'gpp_d': 2.944272359149677, 'ign_k': 0.21006485619596416, 'ign_c': 15.221840161091626, 'trop_agb_crit': 24.584290528289387, 'trop_k_veg': 3.1473758868965476}.
[I 2026-08-06 10:37:06,864] Trial 1319 finished with values: [10.225978187451917, 10.225978187451917] and parameters: {'k1': 0.008912611835817005, 'D_low': 520.4862686958022, 'k2': 0.03538758864779238, 'D_high': 11832.967057468773, 'fire_exp': 1.3170256885255098, 'P_half': 5.076307782729897, 'pre_dampen_half': 63.6685916079943, 'gpp_af': 1.9706963379095486, 'gpp_b': 6.986652907140114e-05, 'gpp_d': 2.944272359149677, 'ign_k': 0.21006485619596416, 'ign_c': 4.2425976091860935, 'trop_agb_crit': 19.3289574092866, 'trop_k_veg': 0.983473833513531}.
[I 2026-08-06 10:37:07,953] Trial 1320 finished with values: [10.294423015209478, 10.294423015209478] and parameters: {'k1': 0.008912611835817005, 'D_low': 355.00125258511594, 'k2': 0.03538758864779238, 'D_high': 11832.967057468773, 'fire_exp': 1.3170256885255098, 'P_half': 5.076307782729897, 'pre_dampen_half': 552.4163637315892, 'gpp_af': 0.01023477599883959, 'gpp_b': 0.006906522645653115, 'gpp_d': 2.944272359149677, 'ign_k': 3.589155871450839, 'ign_c': 15.221840161091626, 'trop_agb_crit': 24.584290528289387, 'trop_k_veg': 3.1473758868965476}.
[I 2026-08-06 10:37:09,493] Trial 1321 finished with values: [-0.5263564187999519, 0.05302187339048414] and parameters: {'k1': 5.456314022643801e-05, 'D_low': 355.00125258511594, 'k2': 0.03766680988255312, 'D_high': 39819.19662051714, 'fire_exp': 1.3170256885255098, 'P_half': 5.076307782729897, 'pre_dampen_half': 502.5175192217655, 'gpp_af': 0.05849340411085125, 'gpp_b': 0.0021331409710300844, 'gpp_d': 18.683694679300007, 'ign_k': 8.103949702339497, 'ign_c': 15.221840161091626, 'trop_agb_crit': 1.0903028125370984, 'trop_k_veg': 4.375785248100498}.
[I 2026-08-06 10:37:10,633] Trial 1322 finished with values: [10.101865944921641, 10.101865944921641] and parameters: {'k1': 0.008912611835817005, 'D_low': 520.4862686958022, 'k2': 0.014344484793173472, 'D_high': 11832.967057468773, 'fire_exp': 1.1263716762638152, 'P_half': 140.74279366401683, 'pre_dampen_half': 502.5175192217655, 'gpp_af': 0.6403036652671171, 'gpp_b': 0.0021331409710300844, 'gpp_d': 2.944272359149677, 'ign_k': 0.004058982070039651, 'ign_c': 15.221840161091626, 'trop_agb_crit': 1.0903028125370984, 'trop_k_veg': 3.1473758868965476}.
[I 2026-08-06 10:37:11,770] Trial 1323 finished with values: [10.769230094630903, 10.769230094630903] and parameters: {'k1': 0.008912611835817005, 'D_low': 355.00125258511594, 'k2': 0.03538758864779238, 'D_high': 577.1566094775104, 'fire_exp': 1.3170256885255098, 'P_half': 140.74279366401683, 'pre_dampen_half': 552.4163637315892, 'gpp_af': 4.4416173741744, 'gpp_b': 0.0021331409710300844, 'gpp_d': 2.944272359149677, 'ign_k': 3.589155871450839, 'ign_c': 28.919587916447927, 'trop_agb_crit': 1.0903028125370984, 'trop_k_veg': 3.1473758868965476}.
[I 2026-08-06 10:37:12,877] Trial 1324 finished with values: [-0.5566027200751955, 0.04332636833177583] and parameters: {'k1': 0.008912611835817005, 'D_low': 355.00125258511594, 'k2': 0.0008941619307827924, 'D_high': 11832.967057468773, 'fire_exp': 1.0629462657398439, 'P_half': 2.1570307680573153, 'pre_dampen_half': 502.5175192217655, 'gpp_af': 0.7539992074650279, 'gpp_b': 0.0021331409710300844, 'gpp_d': 2.944272359149677, 'ign_k': 8.103949702339497, 'ign_c': 15.221840161091626, 'trop_agb_crit': 3.4281962070490852, 'trop_k_veg': 5.774377687181984}.
[I 2026-08-06 10:37:13,985] Trial 1325 finished with values: [10.455456258904448, 10.455456258904448] and parameters: {'k1': 0.004312951023617458, 'D_low': 355.00125258511594, 'k2': 0.03538758864779238, 'D_high': 11832.967057468773, 'fire_exp': 1.0629462657398439, 'P_half': 220.3445560633069, 'pre_dampen_half': 502.5175192217655, 'gpp_af': 1.9706963379095486, 'gpp_b': 0.006906522645653115, 'gpp_d': 2.944272359149677, 'ign_k': 0.0680787482656459, 'ign_c': 2.8335389417624683, 'trop_agb_crit': 1.0911298587990423, 'trop_k_veg': 0.983473833513531}.
[I 2026-08-06 10:37:15,094] Trial 1326 finished with values: [10.064568564183396, 10.064568564183396] and parameters: {'k1': 0.008912611835817005, 'D_low': 355.00125258511594, 'k2': 0.03538758864779238, 'D_high': 11832.967057468773, 'fire_exp': 1.0629462657398439, 'P_half': 220.3445560633069, 'pre_dampen_half': 104.23598559895899, 'gpp_af': 1.9706963379095486, 'gpp_b': 0.006906522645653115, 'gpp_d': 2.944272359149677, 'ign_k': 0.10491246574185645, 'ign_c': 15.221840161091626, 'trop_agb_crit': 1.0911298587990423, 'trop_k_veg': 2.7863130345574474}.
[I 2026-08-06 10:37:16,223] Trial 1327 finished with values: [10.082789530663591, 10.082789530663591] and parameters: {'k1': 0.008912611835817005, 'D_low': 355.00125258511594, 'k2': 0.0003432139136241583, 'D_high': 11832.967057468773, 'fire_exp': 1.0629462657398439, 'P_half': 220.3445560633069, 'pre_dampen_half': 552.4163637315892, 'gpp_af': 4.4416173741744, 'gpp_b': 0.0021331409710300844, 'gpp_d': 2.944272359149677, 'ign_k': 8.103949702339497, 'ign_c': 15.221840161091626, 'trop_agb_crit': 1.0903028125370984, 'trop_k_veg': 3.1473758868965476}.
[I 2026-08-06 10:37:17,372] Trial 1328 finished with values: [-0.5589625371405724, 0.038623746456256436] and parameters: {'k1': 0.008912611835817005, 'D_low': 355.00125258511594, 'k2': 0.03538758864779238, 'D_high': 11832.967057468773, 'fire_exp': 1.3170256885255098, 'P_half': 5.076307782729897, 'pre_dampen_half': 684.9093205085047, 'gpp_af': 0.05849340411085125, 'gpp_b': 0.0021331409710300844, 'gpp_d': 4.25060659305504, 'ign_k': 0.21006485619596416, 'ign_c': 15.221840161091626, 'trop_agb_crit': 7.861566638880103, 'trop_k_veg': 1.5922246657536958}.
