[I 2026-08-06 08:52:10,794] Trial 351 finished with values: [10.28478337804547, 10.28478337804547] and parameters: {'k1': 3.23559867820537e-05, 'D_low': 2.143851363193517, 'k2': 0.03538758864779238, 'D_high': 5254.8834372681695, 'fire_exp': 1.0629462657398439, 'P_half': 1.605843632310088, 'pre_dampen_half': 63.6685916079943, 'gpp_af': 1.2389588752305056, 'gpp_b': 1.3289448722869181e-05, 'gpp_d': 2.944272359149677, 'ign_k': 0.0680787482656459, 'ign_c': 0.70689749506246, 'trop_agb_crit': 10.965064494899984, 'trop_k_veg': 0.6743482387129308}.
[I 2026-08-06 08:52:12,767] Trial 352 finished with values: [10.573067167038106, 10.573067167038106] and parameters: {'k1': 0.05778755734457457, 'D_low': 355.00125258511594, 'k2': 0.0007047307383115598, 'D_high': 61536.58035691648, 'fire_exp': 1.0362310858538248, 'P_half': 4.213183643253957, 'pre_dampen_half': 0.2888838362365318, 'gpp_af': 0.6403036652671171, 'gpp_b': 1.284284091405877e-05, 'gpp_d': 229.41380323183625, 'ign_k': 0.010167079878196114, 'ign_c': 7.4063809263110905, 'trop_agb_crit': 10.691477813613638, 'trop_k_veg': 6.45312300188076}.
[I 2026-08-06 08:52:14,692] Trial 353 finished with values: [10.158381603579302, 10.158381603579302] and parameters: {'k1': 3.23559867820537e-05, 'D_low': 2.143851363193517, 'k2': 0.0007047307383115598, 'D_high': 3712.591045287726, 'fire_exp': 1.0629462657398439, 'P_half': 175.2878790340412, 'pre_dampen_half': 502.5175192217655, 'gpp_af': 0.7539992074650279, 'gpp_b': 1.3289448722869181e-05, 'gpp_d': 5.1715677287580455, 'ign_k': 0.0680787482656459, 'ign_c': 0.70689749506246, 'trop_agb_crit': 10.965064494899984, 'trop_k_veg': 4.030242248006271}.
[I 2026-08-06 08:52:16,791] Trial 354 finished with values: [10.768041181684087, 10.768041181684087] and parameters: {'k1': 0.008912611835817005, 'D_low': 355.00125258511594, 'k2': 4.30943585950406e-05, 'D_high': 645.2946500764235, 'fire_exp': 7.601000466715835, 'P_half': 5.076307782729897, 'pre_dampen_half': 63.6685916079943, 'gpp_af': 22.867444764010127, 'gpp_b': 0.0005739662837359252, 'gpp_d': 229.41380323183625, 'ign_k': 5.351470428717437, 'ign_c': 18.219343937475102, 'trop_agb_crit': 10.691477813613638, 'trop_k_veg': 3.1473758868965476}.
[I 2026-08-06 08:52:18,795] Trial 355 finished with values: [10.089193432245182, 10.089193432245182] and parameters: {'k1': 0.004312951023617458, 'D_low': 64.39790863101601, 'k2': 1.915468390724633e-05, 'D_high': 8182.111518618414, 'fire_exp': 1.0629462657398439, 'P_half': 1.309149162209817, 'pre_dampen_half': 502.5175192217655, 'gpp_af': 0.7539992074650279, 'gpp_b': 1.284284091405877e-05, 'gpp_d': 16.460426816350523, 'ign_k': 0.0680787482656459, 'ign_c': 18.219343937475102, 'trop_agb_crit': 10.965064494899984, 'trop_k_veg': 0.83140195149031}.
[I 2026-08-06 08:52:21,023] Trial 356 finished with values: [10.723041043471705, 10.723041043471705] and parameters: {'k1': 0.06994589881535453, 'D_low': 894.5150807271528, 'k2': 0.0007047307383115598, 'D_high': 3712.591045287726, 'fire_exp': 1.423480109671474, 'P_half': 4.213183643253957, 'pre_dampen_half': 3.3841016089580034, 'gpp_af': 1.1409619915696267, 'gpp_b': 1.284284091405877e-05, 'gpp_d': 134.6119925566483, 'ign_k': 0.0032770228519285686, 'ign_c': 0.1239046892818203, 'trop_agb_crit': 1.8157022975489, 'trop_k_veg': 6.5801322358877785}.
[I 2026-08-06 08:52:23,106] Trial 357 finished with values: [10.59515735333514, 10.59515735333514] and parameters: {'k1': 0.002155595057104387, 'D_low': 70.18267183720735, 'k2': 1.1065812688893481e-05, 'D_high': 61536.58035691648, 'fire_exp': 1.0601964743503993, 'P_half': 4.213183643253957, 'pre_dampen_half': 107.40052367919465, 'gpp_af': 56.20900787064881, 'gpp_b': 1.284284091405877e-05, 'gpp_d': 0.043441170039664925, 'ign_k': 8.708806168038567, 'ign_c': 2.8335389417624683, 'trop_agb_crit': 10.691477813613638, 'trop_k_veg': 6.9782110227926815}.
[I 2026-08-06 08:52:25,126] Trial 358 finished with values: [10.19521396772814, 10.19521396772814] and parameters: {'k1': 0.01889771394135163, 'D_low': 70.18267183720735, 'k2': 0.00021901578520649233, 'D_high': 9419.6122359782, 'fire_exp': 1.221575427404682, 'P_half': 4.213183643253957, 'pre_dampen_half': 107.40052367919465, 'gpp_af': 1.9706963379095486, 'gpp_b': 0.0054502936945582505, 'gpp_d': 2.944272359149677, 'ign_k': 8.708806168038567, 'ign_c': 20.03995359361212, 'trop_agb_crit': 24.584290528289387, 'trop_k_veg': 0.6743482387129308}.
[I 2026-08-06 08:52:27,207] Trial 359 finished with values: [10.713931607388721, 10.713931607388721] and parameters: {'k1': 0.011966626407443505, 'D_low': 40.12413353131991, 'k2': 8.923807143379776e-05, 'D_high': 61536.58035691648, 'fire_exp': 3.936207012318799, 'P_half': 1.605843632310088, 'pre_dampen_half': 63.6685916079943, 'gpp_af': 68.11991466118579, 'gpp_b': 3.481277316673104e-05, 'gpp_d': 150.14555442537656, 'ign_k': 0.0043958167971197126, 'ign_c': 18.219343937475102, 'trop_agb_crit': 3.848553322122042, 'trop_k_veg': 0.6743482387129308}.
[I 2026-08-06 08:52:29,222] Trial 360 finished with values: [10.649570862968432, 10.649570862968432] and parameters: {'k1': 0.011966626407443505, 'D_low': 40.12413353131991, 'k2': 0.03538758864779238, 'D_high': 2940.51756322311, 'fire_exp': 6.576079034416172, 'P_half': 12.808863354047988, 'pre_dampen_half': 107.40052367919465, 'gpp_af': 0.7539992074650279, 'gpp_b': 1.284284091405877e-05, 'gpp_d': 2.944272359149677, 'ign_k': 0.12329098365270515, 'ign_c': 8.40543912931368, 'trop_agb_crit': 3.5747129226002423, 'trop_k_veg': 0.6743482387129308}.
[I 2026-08-06 08:52:31,242] Trial 361 finished with values: [10.622230965466631, 10.622230965466631] and parameters: {'k1': 3.23559867820537e-05, 'D_low': 2.143851363193517, 'k2': 0.03538758864779238, 'D_high': 8182.111518618414, 'fire_exp': 1.695318866910499, 'P_half': 175.2878790340412, 'pre_dampen_half': 502.5175192217655, 'gpp_af': 14.476743839391009, 'gpp_b': 1.3289448722869181e-05, 'gpp_d': 5.1715677287580455, 'ign_k': 0.12329098365270515, 'ign_c': 15.221840161091626, 'trop_agb_crit': 10.965064494899984, 'trop_k_veg': 1.8914629029068306}.
[I 2026-08-06 08:52:33,246] Trial 362 finished with values: [10.292956239065475, 10.292956239065475] and parameters: {'k1': 0.01889771394135163, 'D_low': 70.18267183720735, 'k2': 1.1065812688893481e-05, 'D_high': 21.947742689197344, 'fire_exp': 1.0629462657398439, 'P_half': 107.12009151798692, 'pre_dampen_half': 107.40052367919465, 'gpp_af': 0.7539992074650279, 'gpp_b': 0.0054502936945582505, 'gpp_d': 84.31013932082456, 'ign_k': 8.708806168038567, 'ign_c': 0.10605801312906209, 'trop_agb_crit': 1.14876138417489, 'trop_k_veg': 6.9782110227926815}.
[I 2026-08-06 08:52:35,329] Trial 363 finished with values: [10.767985591848092, 10.767985591848092] and parameters: {'k1': 0.03635503353478365, 'D_low': 1313.2212275639863, 'k2': 0.000140654144219877, 'D_high': 2940.51756322311, 'fire_exp': 4.13930014199088, 'P_half': 25.14786015817362, 'pre_dampen_half': 552.4163637315892, 'gpp_af': 0.7539992074650279, 'gpp_b': 0.0005752434266899163, 'gpp_d': 5.1715677287580455, 'ign_k': 0.010167079878196114, 'ign_c': 8.40543912931368, 'trop_agb_crit': 24.584290528289387, 'trop_k_veg': 0.586974895308737}.
[I 2026-08-06 08:52:37,344] Trial 364 finished with values: [10.203244030521176, 10.203244030521176] and parameters: {'k1': 0.03635503353478365, 'D_low': 40.12413353131991, 'k2': 0.03538758864779238, 'D_high': 2940.51756322311, 'fire_exp': 1.221575427404682, 'P_half': 220.3445560633069, 'pre_dampen_half': 63.6685916079943, 'gpp_af': 0.6403036652671171, 'gpp_b': 1.284284091405877e-05, 'gpp_d': 2.944272359149677, 'ign_k': 0.12329098365270515, 'ign_c': 8.40543912931368, 'trop_agb_crit': 24.584290528289387, 'trop_k_veg': 0.6743482387129308}.
[I 2026-08-06 08:52:39,349] Trial 365 finished with values: [10.585186138774258, 10.585186138774258] and parameters: {'k1': 0.002155595057104387, 'D_low': 1112.9571947046009, 'k2': 8.923807143379776e-05, 'D_high': 84090.06963311543, 'fire_exp': 1.221575427404682, 'P_half': 336.708521740818, 'pre_dampen_half': 3.3841016089580034, 'gpp_af': 5.335773317316405, 'gpp_b': 1.284284091405877e-05, 'gpp_d': 229.41380323183625, 'ign_k': 5.351470428717437, 'ign_c': 18.219343937475102, 'trop_agb_crit': 10.691477813613638, 'trop_k_veg': 1.140286245977296}.
[I 2026-08-06 08:52:41,515] Trial 366 finished with values: [10.36807560955852, 10.36807560955852] and parameters: {'k1': 0.002367935204022389, 'D_low': 64.39790863101601, 'k2': 0.0007047307383115598, 'D_high': 3712.591045287726, 'fire_exp': 1.221575427404682, 'P_half': 220.3445560633069, 'pre_dampen_half': 552.4163637315892, 'gpp_af': 0.7539992074650279, 'gpp_b': 1.284284091405877e-05, 'gpp_d': 16.460426816350523, 'ign_k': 0.010167079878196114, 'ign_c': 2.8335389417624683, 'trop_agb_crit': 1.8157022975489, 'trop_k_veg': 6.5801322358877785}.
[I 2026-08-06 08:52:43,546] Trial 367 finished with values: [-0.5568812200383969, 0.6240842745090516] and parameters: {'k1': 0.00488137519160367, 'D_low': 12.105387404469584, 'k2': 0.032845299795769424, 'D_high': 61536.58035691648, 'fire_exp': 1.1430983876313219, 'P_half': 338.23872019362165, 'pre_dampen_half': 552.4163637315892, 'gpp_af': 0.1476584299248268, 'gpp_b': 0.0005752434266899163, 'gpp_d': 229.41380323183625, 'ign_k': 8.708806168038567, 'ign_c': 0.557280750002996, 'trop_agb_crit': 3.5747129226002423, 'trop_k_veg': 0.6673124511410327}.
[I 2026-08-06 08:52:45,503] Trial 368 finished with values: [-0.5322797032879798, 0.4886471844472233] and parameters: {'k1': 0.008471801418819975, 'D_low': 4.484744524732794, 'k2': 0.032845299795769424, 'D_high': 8182.111518618414, 'fire_exp': 1.0629462657398439, 'P_half': 220.3445560633069, 'pre_dampen_half': 502.5175192217655, 'gpp_af': 0.7539992074650279, 'gpp_b': 0.0005752434266899163, 'gpp_d': 1.493264336549928, 'ign_k': 8.708806168038567, 'ign_c': 20.03995359361212, 'trop_agb_crit': 1.14876138417489, 'trop_k_veg': 1.4584243470991722}.
[I 2026-08-06 08:52:47,471] Trial 369 finished with values: [10.171614025290216, 10.171614025290216] and parameters: {'k1': 0.002155595057104387, 'D_low': 2.143851363193517, 'k2': 8.923807143379776e-05, 'D_high': 109.44963667961977, 'fire_exp': 1.0629462657398439, 'P_half': 221.2683656611821, 'pre_dampen_half': 502.5175192217655, 'gpp_af': 1.1409619915696267, 'gpp_b': 1.284284091405877e-05, 'gpp_d': 5.1715677287580455, 'ign_k': 5.351470428717437, 'ign_c': 0.70689749506246, 'trop_agb_crit': 10.691477813613638, 'trop_k_veg': 6.45312300188076}.
[I 2026-08-06 08:52:49,421] Trial 370 finished with values: [10.155953072954514, 10.155953072954514] and parameters: {'k1': 0.01889771394135163, 'D_low': 70.18267183720735, 'k2': 1.1065812688893481e-05, 'D_high': 2940.51756322311, 'fire_exp': 1.0601964743503993, 'P_half': 220.3445560633069, 'pre_dampen_half': 107.40052367919465, 'gpp_af': 1.9706963379095486, 'gpp_b': 2.6738182964551835e-05, 'gpp_d': 84.31013932082456, 'ign_k': 8.708806168038567, 'ign_c': 0.557280750002996, 'trop_agb_crit': 6.119263728555865, 'trop_k_veg': 0.5772603928610088}.
[I 2026-08-06 08:52:51,294] Trial 371 finished with values: [10.241264057540016, 10.241264057540016] and parameters: {'k1': 0.004312951023617458, 'D_low': 7.46475488144212, 'k2': 1.915468390724633e-05, 'D_high': 8182.111518618414, 'fire_exp': 1.0629462657398439, 'P_half': 220.3445560633069, 'pre_dampen_half': 502.5175192217655, 'gpp_af': 0.7539992074650279, 'gpp_b': 1.284284091405877e-05, 'gpp_d': 14.792055086678463, 'ign_k': 0.0680787482656459, 'ign_c': 18.219343937475102, 'trop_agb_crit': 10.691477813613638, 'trop_k_veg': 1.4584243470991722}.
[I 2026-08-06 08:52:53,266] Trial 372 finished with values: [10.272164461650593, 10.272164461650593] and parameters: {'k1': 0.004312951023617458, 'D_low': 3.525936800597896, 'k2': 8.923807143379776e-05, 'D_high': 645.2946500764235, 'fire_exp': 1.0629462657398439, 'P_half': 9.324787201197319, 'pre_dampen_half': 502.5175192217655, 'gpp_af': 0.6403036652671171, 'gpp_b': 2.6738182964551835e-05, 'gpp_d': 418.77522137884927, 'ign_k': 0.004144296901136395, 'ign_c': 5.13055176058983, 'trop_agb_crit': 24.584290528289387, 'trop_k_veg': 0.5349971555643298}.
[I 2026-08-06 08:52:55,171] Trial 373 finished with values: [10.550739824582708, 10.550739824582708] and parameters: {'k1': 0.004312951023617458, 'D_low': 1112.9571947046009, 'k2': 8.923807143379776e-05, 'D_high': 3712.591045287726, 'fire_exp': 1.221575427404682, 'P_half': 220.3445560633069, 'pre_dampen_half': 502.5175192217655, 'gpp_af': 5.335773317316405, 'gpp_b': 0.0021331409710300844, 'gpp_d': 229.41380323183625, 'ign_k': 5.351470428717437, 'ign_c': 15.221840161091626, 'trop_agb_crit': 24.584290528289387, 'trop_k_veg': 1.140286245977296}.
[I 2026-08-06 08:52:57,107] Trial 374 finished with values: [10.422147791978773, 10.422147791978773] and parameters: {'k1': 0.002367935204022389, 'D_low': 894.5150807271528, 'k2': 0.0007047307383115598, 'D_high': 61536.58035691648, 'fire_exp': 1.423480109671474, 'P_half': 220.3445560633069, 'pre_dampen_half': 502.5175192217655, 'gpp_af': 1.1409619915696267, 'gpp_b': 1.284284091405877e-05, 'gpp_d': 0.12878367369717508, 'ign_k': 0.07696703458159235, 'ign_c': 4.439802552990464, 'trop_agb_crit': 10.691477813613638, 'trop_k_veg': 0.6984687829911091}.
[I 2026-08-06 08:52:59,237] Trial 375 finished with values: [-0.5244421474982192, 0.5304485550934179] and parameters: {'k1': 0.004312951023617458, 'D_low': 3.525936800597896, 'k2': 0.0007047307383115598, 'D_high': 8182.111518618414, 'fire_exp': 1.423480109671474, 'P_half': 220.3445560633069, 'pre_dampen_half': 502.5175192217655, 'gpp_af': 0.7539992074650279, 'gpp_b': 1.284284091405877e-05, 'gpp_d': 16.460426816350523, 'ign_k': 0.07696703458159235, 'ign_c': 0.557280750002996, 'trop_agb_crit': 6.275146677376727, 'trop_k_veg': 4.345076509212382}.
[I 2026-08-06 08:53:01,156] Trial 376 finished with values: [-0.5287980916393515, 0.9345780721076941] and parameters: {'k1': 0.04669327135003539, 'D_low': 2.6786906100977124, 'k2': 0.0007047307383115598, 'D_high': 63233.81951066786, 'fire_exp': 1.0629462657398439, 'P_half': 4.213183643253957, 'pre_dampen_half': 502.5175192217655, 'gpp_af': 1.1409619915696267, 'gpp_b': 3.481277316673104e-05, 'gpp_d': 229.41380323183625, 'ign_k': 0.0018256829646330853, 'ign_c': 0.557280750002996, 'trop_agb_crit': 1.14876138417489, 'trop_k_veg': 1.4584243470991722}.
[I 2026-08-06 08:53:03,289] Trial 377 finished with values: [10.35494673174239, 10.35494673174239] and parameters: {'k1': 0.004312951023617458, 'D_low': 1.9977959434035766, 'k2': 8.923807143379776e-05, 'D_high': 11069.082134755383, 'fire_exp': 1.0629462657398439, 'P_half': 220.3445560633069, 'pre_dampen_half': 502.5175192217655, 'gpp_af': 0.7539992074650279, 'gpp_b': 0.1500112079985056, 'gpp_d': 150.14555442537656, 'ign_k': 5.351470428717437, 'ign_c': 0.557280750002996, 'trop_agb_crit': 1.14876138417489, 'trop_k_veg': 1.4584243470991722}.
[I 2026-08-06 08:53:05,259] Trial 378 finished with values: [10.607679455059348, 10.607679455059348] and parameters: {'k1': 0.008912611835817005, 'D_low': 1.9977959434035766, 'k2': 0.001462400459012571, 'D_high': 645.2946500764235, 'fire_exp': 1.0629462657398439, 'P_half': 9.324787201197319, 'pre_dampen_half': 3.3841016089580034, 'gpp_af': 0.6403036652671171, 'gpp_b': 0.0021331409710300844, 'gpp_d': 2.944272359149677, 'ign_k': 5.351470428717437, 'ign_c': 18.219343937475102, 'trop_agb_crit': 24.584290528289387, 'trop_k_veg': 0.5349971555643298}.
[I 2026-08-06 08:53:07,182] Trial 379 finished with values: [10.182770690163865, 10.182770690163865] and parameters: {'k1': 0.004312951023617458, 'D_low': 1112.9571947046009, 'k2': 8.923807143379776e-05, 'D_high': 61536.58035691648, 'fire_exp': 1.0629462657398439, 'P_half': 221.2683656611821, 'pre_dampen_half': 502.5175192217655, 'gpp_af': 1.1409619915696267, 'gpp_b': 3.481277316673104e-05, 'gpp_d': 229.41380323183625, 'ign_k': 0.0680787482656459, 'ign_c': 0.557280750002996, 'trop_agb_crit': 2.9222815721218716, 'trop_k_veg': 1.4584243470991722}.
[I 2026-08-06 08:53:09,200] Trial 380 finished with values: [10.31220257217567, 10.31220257217567] and parameters: {'k1': 0.07111611367121734, 'D_low': 34.459310919273356, 'k2': 0.0007047307383115598, 'D_high': 233.07122788234065, 'fire_exp': 1.1430983876313219, 'P_half': 5.076307782729897, 'pre_dampen_half': 552.4163637315892, 'gpp_af': 0.6403036652671171, 'gpp_b': 1.5385046399532158e-05, 'gpp_d': 10.369565216756202, 'ign_k': 2.1368329072358767, 'ign_c': 0.24989960578908887, 'trop_agb_crit': 1.0903028125370984, 'trop_k_veg': 1.0345878666211452}.
[I 2026-08-06 08:53:11,310] Trial 381 finished with values: [10.769230296105565, 10.769230296105565] and parameters: {'k1': 0.003392247823857357, 'D_low': 2.143851363193517, 'k2': 8.923807143379776e-05, 'D_high': 3712.591045287726, 'fire_exp': 8.551220505983894, 'P_half': 220.3445560633069, 'pre_dampen_half': 502.5175192217655, 'gpp_af': 0.003254982364882647, 'gpp_b': 0.0021331409710300844, 'gpp_d': 5.1715677287580455, 'ign_k': 0.0680787482656459, 'ign_c': 15.221840161091626, 'trop_agb_crit': 24.584290528289387, 'trop_k_veg': 1.4584243470991722}.
[I 2026-08-06 08:53:13,218] Trial 382 finished with values: [10.464940365589797, 10.464940365589797] and parameters: {'k1': 0.01889771394135163, 'D_low': 70.18267183720735, 'k2': 0.0012040762895973265, 'D_high': 56093.68210693188, 'fire_exp': 4.87400221596597, 'P_half': 4.213183643253957, 'pre_dampen_half': 107.40052367919465, 'gpp_af': 0.6403036652671171, 'gpp_b': 0.0054502936945582505, 'gpp_d': 5.1715677287580455, 'ign_k': 8.708806168038567, 'ign_c': 20.03995359361212, 'trop_agb_crit': 7.500118950416987, 'trop_k_veg': 2.520089655463604}.
[I 2026-08-06 08:53:15,126] Trial 383 finished with values: [10.190608067488313, 10.190608067488313] and parameters: {'k1': 0.004312951023617458, 'D_low': 4.484744524732794, 'k2': 8.923807143379776e-05, 'D_high': 8182.111518618414, 'fire_exp': 1.0629462657398439, 'P_half': 220.3445560633069, 'pre_dampen_half': 502.5175192217655, 'gpp_af': 0.7539992074650279, 'gpp_b': 0.0021331409710300844, 'gpp_d': 418.77522137884927, 'ign_k': 0.0680787482656459, 'ign_c': 0.557280750002996, 'trop_agb_crit': 1.14876138417489, 'trop_k_veg': 1.4584243470991722}.
[I 2026-08-06 08:53:17,159] Trial 384 finished with values: [10.60496899248961, 10.60496899248961] and parameters: {'k1': 0.002367935204022389, 'D_low': 894.5150807271528, 'k2': 0.0007047307383115598, 'D_high': 61536.58035691648, 'fire_exp': 1.423480109671474, 'P_half': 220.3445560633069, 'pre_dampen_half': 502.5175192217655, 'gpp_af': 1.1409619915696267, 'gpp_b': 1.284284091405877e-05, 'gpp_d': 0.02183661391281564, 'ign_k': 0.015990213696558658, 'ign_c': 4.439802552990464, 'trop_agb_crit': 10.691477813613638, 'trop_k_veg': 0.6984687829911091}.
[I 2026-08-06 08:53:19,037] Trial 385 finished with values: [10.522686758036812, 10.522686758036812] and parameters: {'k1': 0.004312951023617458, 'D_low': 680.2810205786727, 'k2': 0.0007047307383115598, 'D_high': 3712.591045287726, 'fire_exp': 1.0629462657398439, 'P_half': 220.3445560633069, 'pre_dampen_half': 63.6685916079943, 'gpp_af': 0.002171465868062627, 'gpp_b': 1.284284091405877e-05, 'gpp_d': 2.944272359149677, 'ign_k': 0.12329098365270515, 'ign_c': 8.40543912931368, 'trop_agb_crit': 24.584290528289387, 'trop_k_veg': 1.4584243470991722}.
[I 2026-08-06 08:53:20,911] Trial 386 finished with values: [10.630919748335748, 10.630919748335748] and parameters: {'k1': 0.004312951023617458, 'D_low': 2.143851363193517, 'k2': 1.915468390724633e-05, 'D_high': 8182.111518618414, 'fire_exp': 1.0629462657398439, 'P_half': 220.3445560633069, 'pre_dampen_half': 8.144272585223819, 'gpp_af': 0.7539992074650279, 'gpp_b': 1.284284091405877e-05, 'gpp_d': 0.5363092465892282, 'ign_k': 0.010167079878196114, 'ign_c': 18.219343937475102, 'trop_agb_crit': 10.691477813613638, 'trop_k_veg': 1.4584243470991722}.
[I 2026-08-06 08:53:22,829] Trial 387 finished with values: [10.642385809760464, 10.642385809760464] and parameters: {'k1': 0.008471801418819975, 'D_low': 12.105387404469584, 'k2': 0.032845299795769424, 'D_high': 8182.111518618414, 'fire_exp': 1.0629462657398439, 'P_half': 4.213183643253957, 'pre_dampen_half': 107.40052367919465, 'gpp_af': 0.7539992074650279, 'gpp_b': 1.284284091405877e-05, 'gpp_d': 16.460426816350523, 'ign_k': 8.708806168038567, 'ign_c': 30.45524314144142, 'trop_agb_crit': 3.5747129226002423, 'trop_k_veg': 0.6673124511410327}.
[I 2026-08-06 08:53:24,897] Trial 388 finished with values: [10.158527820055912, 10.158527820055912] and parameters: {'k1': 3.23559867820537e-05, 'D_low': 3.525936800597896, 'k2': 0.0007047307383115598, 'D_high': 3712.591045287726, 'fire_exp': 1.0629462657398439, 'P_half': 220.3445560633069, 'pre_dampen_half': 502.5175192217655, 'gpp_af': 0.7539992074650279, 'gpp_b': 1.3289448722869181e-05, 'gpp_d': 16.460426816350523, 'ign_k': 0.07696703458159235, 'ign_c': 0.70689749506246, 'trop_agb_crit': 6.275146677376727, 'trop_k_veg': 4.030242248006271}.
[I 2026-08-06 08:53:26,813] Trial 389 finished with values: [10.769230769178105, 10.769230769178105] and parameters: {'k1': 0.004312951023617458, 'D_low': 355.00125258511594, 'k2': 0.0009562822793888481, 'D_high': 8182.111518618414, 'fire_exp': 1.0629462657398439, 'P_half': 221.2683656611821, 'pre_dampen_half': 0.01693207443721426, 'gpp_af': 0.6403036652671171, 'gpp_b': 3.481277316673104e-05, 'gpp_d': 229.41380323183625, 'ign_k': 5.351470428717437, 'ign_c': 306.3001606653075, 'trop_agb_crit': 1.6878075072665546, 'trop_k_veg': 7.433058058371263}.
[I 2026-08-06 08:53:28,736] Trial 390 finished with values: [10.769230769178105, 10.769230769178105] and parameters: {'k1': 0.002155595057104387, 'D_low': 64.39790863101601, 'k2': 0.07507777979297806, 'D_high': 61536.58035691648, 'fire_exp': 1.0629462657398439, 'P_half': 220.3445560633069, 'pre_dampen_half': 502.5175192217655, 'gpp_af': 1.1409619915696267, 'gpp_b': 1.284284091405877e-05, 'gpp_d': 229.41380323183625, 'ign_k': 5.351470428717437, 'ign_c': 99.67983879709281, 'trop_agb_crit': 1.8157022975489, 'trop_k_veg': 6.45312300188076}.
