[I 2026-07-24 02:12:01,809] Trial 800 finished with value: 0.4288332229282654 and parameters: {'k1': 0.00014691614568852114, 'D_low': 3.978660097950645, 'k2': 5.6558883792531e-05, 'D_high': 1106134.406940985, 'fire_exp': 1.073067385506339, 'P_half': 5.038378835836375, 'pre_dampen_half': 6.733564380634452, 'gpp_af': 0.002039026359581522, 'gpp_b': 0.00013092532979721013, 'gpp_d': 21.594496266871637, 'ign_k': 0.004703800814191171, 'ign_c': 18.95403035778544, 'trop_agb_crit': 1.981459731545193, 'trop_k_veg': 1.9242075901620308, 'gdp_gamma': 0.5424729198223431, 'fuel_k': 0.28914951016634377, 'fuel_half': 4.1102924042986055}. Best is trial 335 with value: -0.6233152110406992.
[I 2026-07-24 02:12:02,258] Trial 801 finished with value: 0.49270664190503066 and parameters: {'k1': 0.0010637836979837925, 'D_low': 52.349119320619494, 'k2': 0.0013324965077348434, 'D_high': 176498.8907167776, 'fire_exp': 2.273411825807992, 'P_half': 77.59305130821132, 'pre_dampen_half': 0.32947844002590015, 'gpp_af': 0.14195060264828352, 'gpp_b': 0.0007769309371131258, 'gpp_d': 2.4116884318508167, 'ign_k': 0.07192791676422934, 'ign_c': 23.849607296275522, 'trop_agb_crit': 5.426003879109717, 'trop_k_veg': 1.6708044971767264, 'gdp_gamma': 1.354877538659321, 'fuel_k': 0.23641415878028155, 'fuel_half': 60.26692989690608}. Best is trial 335 with value: -0.6233152110406992.
[I 2026-07-24 02:12:02,712] Trial 802 finished with value: 0.5699740482769167 and parameters: {'k1': 0.0013944564616221364, 'D_low': 24.78421735466831, 'k2': 0.050302478179205475, 'D_high': 1186233.529884382, 'fire_exp': 2.2957572270684454, 'P_half': 149.21604377437603, 'pre_dampen_half': 1.3839073982657673, 'gpp_af': 0.0022927813758709717, 'gpp_b': 0.00012108914478907272, 'gpp_d': 0.33314862653420635, 'ign_k': 0.0117763291088192, 'ign_c': 0.7579590764314463, 'trop_agb_crit': 1.0654228722715393, 'trop_k_veg': 0.8325482236694071, 'gdp_gamma': 0.11256302860287887, 'fuel_k': 0.24654824851395352, 'fuel_half': 19.388824095838675}. Best is trial 335 with value: -0.6233152110406992.
[I 2026-07-24 02:12:03,182] Trial 803 finished with value: 0.5823492451755009 and parameters: {'k1': 3.4461843560554614e-05, 'D_low': 22.011946829612555, 'k2': 1.547119102827588e-05, 'D_high': 60669.29888956684, 'fire_exp': 1.8321216762304682, 'P_half': 25.995803787226865, 'pre_dampen_half': 0.984124883355339, 'gpp_af': 0.004370611349880529, 'gpp_b': 0.0026030126263410533, 'gpp_d': 0.3682432089122922, 'ign_k': 0.007130216756826459, 'ign_c': 11.197173662247291, 'trop_agb_crit': 1.5142346334651644, 'trop_k_veg': 2.081148281288812, 'gdp_gamma': 1.7206462317344484, 'fuel_k': 0.01576424396518822, 'fuel_half': 3.5474688747778322}. Best is trial 335 with value: -0.6233152110406992.
[I 2026-07-24 02:12:03,639] Trial 804 finished with value: -0.5959291241665683 and parameters: {'k1': 0.0017106290586794762, 'D_low': 7.0199769914439205, 'k2': 0.01016054118193227, 'D_high': 3263258.6200490547, 'fire_exp': 2.183594339262304, 'P_half': 1.257089960482766, 'pre_dampen_half': 17.58418191948043, 'gpp_af': 0.001284822930955802, 'gpp_b': 5.758157281612808e-05, 'gpp_d': 19.32095327542748, 'ign_k': 0.013484030868275054, 'ign_c': 0.48305615062940815, 'trop_agb_crit': 1.3090948151519872, 'trop_k_veg': 0.8164450810921766, 'gdp_gamma': 0.8347401626633142, 'fuel_k': 0.021097441789011812, 'fuel_half': 67.80399137711778}. Best is trial 335 with value: -0.6233152110406992.
[I 2026-07-24 02:12:04,093] Trial 805 finished with value: -0.5522145312255236 and parameters: {'k1': 0.0018403099770550092, 'D_low': 2.144414846713836, 'k2': 0.007760249867601706, 'D_high': 7422153.440325262, 'fire_exp': 1.8617078184756082, 'P_half': 7.867265667911836, 'pre_dampen_half': 15.299504004643858, 'gpp_af': 0.004473823705760368, 'gpp_b': 9.162509913919985e-05, 'gpp_d': 2.616802617123275, 'ign_k': 0.00894608303034378, 'ign_c': 1.0940529100427054, 'trop_agb_crit': 3.1471036437428883, 'trop_k_veg': 0.8553137938258915, 'gdp_gamma': 0.23847969350221243, 'fuel_k': 0.09450924788416348, 'fuel_half': 42.48135202120828}. Best is trial 335 with value: -0.6233152110406992.
[I 2026-07-24 02:12:04,544] Trial 806 finished with value: -0.5312974942896942 and parameters: {'k1': 1.0071393157269916e-05, 'D_low': 1.0589751223587163, 'k2': 2.31994760523691e-05, 'D_high': 148238.71524049086, 'fire_exp': 1.053819378649757, 'P_half': 7.6264709794221135, 'pre_dampen_half': 1.7862722977320589, 'gpp_af': 0.02049991832569693, 'gpp_b': 0.00047895828782709173, 'gpp_d': 0.6410815348440916, 'ign_k': 0.0030248987516436916, 'ign_c': 33.794698503513125, 'trop_agb_crit': 6.189049194080173, 'trop_k_veg': 1.2279724103500065, 'gdp_gamma': 0.35893664031963485, 'fuel_k': 0.06397283116647312, 'fuel_half': 25.00282030049586}. Best is trial 335 with value: -0.6233152110406992.
[I 2026-07-24 02:12:05,006] Trial 807 finished with value: 0.5658301369861067 and parameters: {'k1': 7.572206285261526e-05, 'D_low': 33.05561293970696, 'k2': 0.00019750036377973643, 'D_high': 80317.58692670405, 'fire_exp': 2.0064770088237616, 'P_half': 5.310382485777609, 'pre_dampen_half': 1.2027352844668904, 'gpp_af': 0.0033283006229585495, 'gpp_b': 1.181783943740281e-05, 'gpp_d': 16.380258855059044, 'ign_k': 0.0012977838060390903, 'ign_c': 94.86391889597772, 'trop_agb_crit': 5.333828839970167, 'trop_k_veg': 2.048408386964334, 'gdp_gamma': 0.29136024729056115, 'fuel_k': 0.07831504877355853, 'fuel_half': 9.98368502147411}. Best is trial 335 with value: -0.6233152110406992.
[I 2026-07-24 02:12:05,457] Trial 808 finished with value: 0.5148711363300189 and parameters: {'k1': 0.00045374482732426103, 'D_low': 1.5706639966394105, 'k2': 0.03537647283403741, 'D_high': 7370955.492564859, 'fire_exp': 1.7146267400724424, 'P_half': 2.736458381326153, 'pre_dampen_half': 0.14867671901330526, 'gpp_af': 0.0033487081650449948, 'gpp_b': 0.0004918801595895591, 'gpp_d': 11.204978077697476, 'ign_k': 0.01126842827545442, 'ign_c': 1.6519987014600104, 'trop_agb_crit': 2.578707274388313, 'trop_k_veg': 0.9019853215925425, 'gdp_gamma': 0.6109625812768885, 'fuel_k': 0.01116161992149037, 'fuel_half': 28.308420189008057}. Best is trial 335 with value: -0.6233152110406992.
[I 2026-07-24 02:12:05,911] Trial 809 finished with value: 0.5688762647143368 and parameters: {'k1': 0.005640641797337795, 'D_low': 518.0262152574888, 'k2': 0.0018899125269474766, 'D_high': 1475661.6866840895, 'fire_exp': 2.450630034247785, 'P_half': 1.2027247703180934, 'pre_dampen_half': 101.07862425115454, 'gpp_af': 0.001498857780352986, 'gpp_b': 2.794492945054115e-05, 'gpp_d': 4.739475740293816, 'ign_k': 0.10976022480896212, 'ign_c': 0.32942373675848996, 'trop_agb_crit': 1.692390226972532, 'trop_k_veg': 0.551086142479562, 'gdp_gamma': 0.837744669465741, 'fuel_k': 0.012572179631748195, 'fuel_half': 46.90952951506418}. Best is trial 335 with value: -0.6233152110406992.
[I 2026-07-24 02:12:06,367] Trial 810 finished with value: 0.4588517577301866 and parameters: {'k1': 0.02077038197618236, 'D_low': 1.7846192909378469, 'k2': 0.08062723354211597, 'D_high': 752835.8323483568, 'fire_exp': 2.3417818452256802, 'P_half': 12.522633478898639, 'pre_dampen_half': 8.326135928382476, 'gpp_af': 0.014118117325899867, 'gpp_b': 2.723458963348986e-05, 'gpp_d': 3.332292653154145, 'ign_k': 0.08511568060329831, 'ign_c': 7.602334138678559, 'trop_agb_crit': 2.9159614893587986, 'trop_k_veg': 0.7135149674877228, 'gdp_gamma': 0.6075354881099133, 'fuel_k': 0.02285449088504388, 'fuel_half': 45.23558899059876}. Best is trial 335 with value: -0.6233152110406992.
[I 2026-07-24 02:12:06,822] Trial 811 finished with value: 0.6064814819622858 and parameters: {'k1': 0.0005472480626655551, 'D_low': 66.44212527576143, 'k2': 0.014067533833498397, 'D_high': 1673495.29297513, 'fire_exp': 1.0617343969672368, 'P_half': 18.43074620211374, 'pre_dampen_half': 4.045164783984261, 'gpp_af': 13.28272690291876, 'gpp_b': 0.009442605304716445, 'gpp_d': 28.0849736746833, 'ign_k': 0.8121939068613849, 'ign_c': 43.89336708565974, 'trop_agb_crit': 26.360822233777387, 'trop_k_veg': 0.5334550740978795, 'gdp_gamma': 0.4393882316571941, 'fuel_k': 0.44666644023403995, 'fuel_half': 26.5090236729905}. Best is trial 335 with value: -0.6233152110406992.
[I 2026-07-24 02:12:07,282] Trial 812 finished with value: -0.5321071118789834 and parameters: {'k1': 0.001617068950097517, 'D_low': 7.4076397630717485, 'k2': 0.007608069143921602, 'D_high': 515715.7946551678, 'fire_exp': 2.119766340881414, 'P_half': 1.0097432725474123, 'pre_dampen_half': 46.20711997941165, 'gpp_af': 0.001976829903013342, 'gpp_b': 7.884228343648816e-05, 'gpp_d': 1.6253822939201479, 'ign_k': 0.003434293798113105, 'ign_c': 0.12253664029479212, 'trop_agb_crit': 1.513948503999909, 'trop_k_veg': 0.9029633589137982, 'gdp_gamma': 0.32540776511714287, 'fuel_k': 0.022023627504356467, 'fuel_half': 37.179105520893685}. Best is trial 335 with value: -0.6233152110406992.
[I 2026-07-24 02:12:07,733] Trial 813 finished with value: 0.42602867477764506 and parameters: {'k1': 0.004412527514510416, 'D_low': 36.54604039658811, 'k2': 0.02873461823314009, 'D_high': 3877883.9381112386, 'fire_exp': 1.621465555167207, 'P_half': 4.850900414103324, 'pre_dampen_half': 16.21903903714428, 'gpp_af': 0.0014986606008376808, 'gpp_b': 4.02657612356551e-05, 'gpp_d': 3.237414736998524, 'ign_k': 0.0018345025419999892, 'ign_c': 12.821078952485808, 'trop_agb_crit': 1.7693023585419916, 'trop_k_veg': 0.7949626370434619, 'gdp_gamma': 0.7510575250311617, 'fuel_k': 0.0196137702310928, 'fuel_half': 74.06659606197873}. Best is trial 335 with value: -0.6233152110406992.
[I 2026-07-24 02:12:08,184] Trial 814 finished with value: 0.5328415838800347 and parameters: {'k1': 0.00041230713528108315, 'D_low': 314.63355763691675, 'k2': 0.008781226571389945, 'D_high': 497687.9596080955, 'fire_exp': 2.022939945614241, 'P_half': 3.9220966394301113, 'pre_dampen_half': 3.1630194536608367, 'gpp_af': 0.011813322889847476, 'gpp_b': 1.4530910926613853e-05, 'gpp_d': 0.0790959800876669, 'ign_k': 0.002470384251490941, 'ign_c': 20.90797764400316, 'trop_agb_crit': 11.806356046942142, 'trop_k_veg': 1.178437558544591, 'gdp_gamma': 0.09303949151111293, 'fuel_k': 0.10916759578153057, 'fuel_half': 52.211129023070136}. Best is trial 335 with value: -0.6233152110406992.
[I 2026-07-24 02:12:08,637] Trial 815 finished with value: 0.5148356789840076 and parameters: {'k1': 2.8404802773206296e-05, 'D_low': 4.966238310743423, 'k2': 0.00048618868464741865, 'D_high': 2312325.633445775, 'fire_exp': 2.724534721693532, 'P_half': 1.3937953818580682, 'pre_dampen_half': 25.148892202211652, 'gpp_af': 0.00988908174268043, 'gpp_b': 0.00028473749717008404, 'gpp_d': 17.43178742694561, 'ign_k': 0.001501879805802413, 'ign_c': 6.676320534809434, 'trop_agb_crit': 4.833554372244174, 'trop_k_veg': 2.1472664666666756, 'gdp_gamma': 0.6395210460906626, 'fuel_k': 0.32859382164174444, 'fuel_half': 4.701020215221622}. Best is trial 335 with value: -0.6233152110406992.
[I 2026-07-24 02:12:09,099] Trial 816 finished with value: 0.594033791153519 and parameters: {'k1': 0.0003231062500587263, 'D_low': 21.38021913874047, 'k2': 0.011397137596554422, 'D_high': 205843.69408950442, 'fire_exp': 3.78364011930775, 'P_half': 2.311546796230997, 'pre_dampen_half': 3.019765334303316, 'gpp_af': 0.0015819555514878221, 'gpp_b': 0.002732445781189806, 'gpp_d': 10.83619345836784, 'ign_k': 0.030679909363066072, 'ign_c': 0.614687358400171, 'trop_agb_crit': 1.1225154749720803, 'trop_k_veg': 0.6126693722149819, 'gdp_gamma': 0.15392762663284348, 'fuel_k': 0.024489373953985056, 'fuel_half': 44.39841939015112}. Best is trial 335 with value: -0.6233152110406992.
[I 2026-07-24 02:12:09,548] Trial 817 finished with value: 0.4271664573785994 and parameters: {'k1': 0.003348308327867401, 'D_low': 34.14147089000152, 'k2': 0.016683346171561784, 'D_high': 2077991.0619462715, 'fire_exp': 2.52194732299249, 'P_half': 1.317928391257383, 'pre_dampen_half': 40.406661661819804, 'gpp_af': 0.005229971988565523, 'gpp_b': 4.021802498715848e-05, 'gpp_d': 95.77513185766193, 'ign_k': 0.029165070897750126, 'ign_c': 2.3636966947106877, 'trop_agb_crit': 1.6804702564919303, 'trop_k_veg': 1.5494209286891658, 'gdp_gamma': 0.5473055731949997, 'fuel_k': 0.0439800397513796, 'fuel_half': 33.70766275555419}. Best is trial 335 with value: -0.6233152110406992.
[I 2026-07-24 02:12:10,001] Trial 818 finished with value: 0.538514807187388 and parameters: {'k1': 3.942972199922682e-05, 'D_low': 9.193891849939623, 'k2': 0.0009338244250659105, 'D_high': 58294.64841133415, 'fire_exp': 1.2086024195359502, 'P_half': 1.162168320095707, 'pre_dampen_half': 1.4260796846900612, 'gpp_af': 0.011874915587361281, 'gpp_b': 0.003243218376421376, 'gpp_d': 0.10072944068215334, 'ign_k': 0.0036869830839097602, 'ign_c': 246.61929778481579, 'trop_agb_crit': 5.17388586620599, 'trop_k_veg': 1.603228304707262, 'gdp_gamma': 0.60799420138978, 'fuel_k': 0.059184322693724506, 'fuel_half': 5.767038840631256}. Best is trial 335 with value: -0.6233152110406992.
[I 2026-07-24 02:12:10,538] Trial 819 finished with value: 0.5392279820345651 and parameters: {'k1': 0.0010494815431254067, 'D_low': 83.69096690905546, 'k2': 0.00020594482672035838, 'D_high': 2486205.8849604507, 'fire_exp': 1.5459097634387875, 'P_half': 1.3818591848241308, 'pre_dampen_half': 102.4127279580729, 'gpp_af': 0.03767135482509813, 'gpp_b': 0.00028611549170051194, 'gpp_d': 78.82538071431375, 'ign_k': 0.012017248101254086, 'ign_c': 0.3147751803186713, 'trop_agb_crit': 2.826109843191902, 'trop_k_veg': 0.7036950577975588, 'gdp_gamma': 0.7832521756119819, 'fuel_k': 0.03269694247513722, 'fuel_half': 3.1495574839874205}. Best is trial 335 with value: -0.6233152110406992.
[I 2026-07-24 02:12:10,993] Trial 820 finished with value: 0.4906494158881606 and parameters: {'k1': 0.008823856830212957, 'D_low': 18.781267102066362, 'k2': 0.02145257303367681, 'D_high': 757812.4536215729, 'fire_exp': 2.019330052028382, 'P_half': 260.9239791760318, 'pre_dampen_half': 69.20336823744094, 'gpp_af': 0.06302918775686661, 'gpp_b': 0.0001003072975559362, 'gpp_d': 445.08062639121613, 'ign_k': 0.02196189928900756, 'ign_c': 6.338441554855748, 'trop_agb_crit': 28.958324795432194, 'trop_k_veg': 1.5143301598027252, 'gdp_gamma': 1.7998546187884341, 'fuel_k': 0.029551703468528884, 'fuel_half': 92.30882319244199}. Best is trial 335 with value: -0.6233152110406992.
[I 2026-07-24 02:12:11,451] Trial 821 finished with value: 0.4317313970903427 and parameters: {'k1': 0.005543662464820832, 'D_low': 12.485672399508848, 'k2': 0.0964780698785205, 'D_high': 4487826.531141385, 'fire_exp': 2.727086691012725, 'P_half': 2.610042370332758, 'pre_dampen_half': 4.185393127178161, 'gpp_af': 0.01657834547914794, 'gpp_b': 0.006396564202378653, 'gpp_d': 2.3310481896206174, 'ign_k': 0.10159649442089232, 'ign_c': 4.333506460592509, 'trop_agb_crit': 1.1382139616536056, 'trop_k_veg': 0.8191852295312452, 'gdp_gamma': 1.6401210696588047, 'fuel_k': 0.020488654794367796, 'fuel_half': 16.200180735511225}. Best is trial 335 with value: -0.6233152110406992.
[I 2026-07-24 02:12:11,904] Trial 822 finished with value: 0.5973245484056215 and parameters: {'k1': 8.693571817709174e-05, 'D_low': 35.28086453767542, 'k2': 0.005211285554021962, 'D_high': 88473.77819904475, 'fire_exp': 1.1751694758350744, 'P_half': 353.424415681756, 'pre_dampen_half': 21.702075236755515, 'gpp_af': 0.14209097800236298, 'gpp_b': 0.001184539036339438, 'gpp_d': 0.2172122760425963, 'ign_k': 0.002270578497296679, 'ign_c': 919.1813615525763, 'trop_agb_crit': 2.1911186923432235, 'trop_k_veg': 3.748265950462025, 'gdp_gamma': 0.08266300309518286, 'fuel_k': 0.054157137771405066, 'fuel_half': 72.83155183086211}. Best is trial 335 with value: -0.6233152110406992.
[I 2026-07-24 02:12:12,355] Trial 823 finished with value: 0.47158208955169933 and parameters: {'k1': 0.0010022104305732285, 'D_low': 13.565748822392667, 'k2': 0.0023470627371875324, 'D_high': 70595.41222899391, 'fire_exp': 1.5505428303577642, 'P_half': 162.35374105146366, 'pre_dampen_half': 0.3859267025186746, 'gpp_af': 23.703734560980234, 'gpp_b': 2.8964607784890436e-05, 'gpp_d': 81.1149422813908, 'ign_k': 0.005351288341999868, 'ign_c': 0.5510246756297053, 'trop_agb_crit': 29.452558757966884, 'trop_k_veg': 5.775413940410574, 'gdp_gamma': 0.7582684459628174, 'fuel_k': 0.06656256326789152, 'fuel_half': 19.648905506418586}. Best is trial 335 with value: -0.6233152110406992.
[I 2026-07-24 02:12:12,806] Trial 824 finished with value: 0.6061503299043818 and parameters: {'k1': 0.0002878483181383367, 'D_low': 9886.885655403014, 'k2': 0.0018686061161012487, 'D_high': 2959062.5087354607, 'fire_exp': 3.3836989212099837, 'P_half': 1098.4253244101185, 'pre_dampen_half': 118.21381628675232, 'gpp_af': 4.4430910203537115, 'gpp_b': 0.023014388411439855, 'gpp_d': 23.83191346093618, 'ign_k': 0.0024104210129661068, 'ign_c': 0.23775345120240987, 'trop_agb_crit': 4.645577650561809, 'trop_k_veg': 6.730426026027842, 'gdp_gamma': 0.08991536556599475, 'fuel_k': 0.068462958662623, 'fuel_half': 95.25671263862841}. Best is trial 335 with value: -0.6233152110406992.
[I 2026-07-24 02:12:13,259] Trial 825 finished with value: 0.5592207539375684 and parameters: {'k1': 0.0009350706546618021, 'D_low': 228.4868792642977, 'k2': 0.0052453062726827045, 'D_high': 356556.4581948269, 'fire_exp': 1.172597397817718, 'P_half': 28.36121714971038, 'pre_dampen_half': 57.78717995524787, 'gpp_af': 0.0018505264322040001, 'gpp_b': 0.00010474654449297594, 'gpp_d': 0.2074982991042899, 'ign_k': 0.005491401918486807, 'ign_c': 1.5916965757558315, 'trop_agb_crit': 2.112273605384371, 'trop_k_veg': 1.7293252455555104, 'gdp_gamma': 0.9555512204324982, 'fuel_k': 0.04227659426994133, 'fuel_half': 90.47131019397281}. Best is trial 335 with value: -0.6233152110406992.
[I 2026-07-24 02:12:13,713] Trial 826 finished with value: 0.46259768271955826 and parameters: {'k1': 0.00032804575351540926, 'D_low': 59.11842137195531, 'k2': 0.015706212034763117, 'D_high': 7441070.863623811, 'fire_exp': 1.2126314902377608, 'P_half': 1.936335388739152, 'pre_dampen_half': 17.240961558889882, 'gpp_af': 0.0055417653183192205, 'gpp_b': 1.5045990168877859e-05, 'gpp_d': 86.42742386801166, 'ign_k': 0.062303665795456147, 'ign_c': 0.5584338785758544, 'trop_agb_crit': 1.92743601009318, 'trop_k_veg': 1.0397251369321787, 'gdp_gamma': 0.26696617324050204, 'fuel_k': 0.013803521719426604, 'fuel_half': 38.06087820508718}. Best is trial 335 with value: -0.6233152110406992.
[I 2026-07-24 02:12:14,165] Trial 827 finished with value: 0.40996011067682825 and parameters: {'k1': 0.0013656129921506789, 'D_low': 4897.408122890911, 'k2': 0.007118621800243284, 'D_high': 1078709.8367995005, 'fire_exp': 2.7538522592324575, 'P_half': 21.082469050243358, 'pre_dampen_half': 102.89745011023929, 'gpp_af': 0.03982276103648887, 'gpp_b': 0.000856203581102756, 'gpp_d': 168.16260280571632, 'ign_k': 0.012920518580284462, 'ign_c': 0.21131857469281096, 'trop_agb_crit': 5.052732906210899, 'trop_k_veg': 3.9707972480881697, 'gdp_gamma': 0.519122297055226, 'fuel_k': 0.05349463384113026, 'fuel_half': 30.647503657900995}. Best is trial 335 with value: -0.6233152110406992.
[I 2026-07-24 02:12:14,618] Trial 828 finished with value: 0.5837983826900015 and parameters: {'k1': 6.199962646236424e-05, 'D_low': 2.6601773414802863, 'k2': 0.00038485391763112066, 'D_high': 9742425.722125655, 'fire_exp': 1.6712843139818407, 'P_half': 2250.5134480327238, 'pre_dampen_half': 2.709993557145679, 'gpp_af': 0.05130365702176151, 'gpp_b': 0.005215715580880579, 'gpp_d': 0.038144292584957225, 'ign_k': 0.0023488690281444043, 'ign_c': 34.502573755580485, 'trop_agb_crit': 4.53574339452958, 'trop_k_veg': 1.4778745300088203, 'gdp_gamma': 0.3772760688321944, 'fuel_k': 0.018291451128881156, 'fuel_half': 26.34014161536412}. Best is trial 335 with value: -0.6233152110406992.
[I 2026-07-24 02:12:15,070] Trial 829 finished with value: 0.5072409682553292 and parameters: {'k1': 0.0027028331476893074, 'D_low': 95.56991214541529, 'k2': 0.0006666109901250876, 'D_high': 1728650.955921752, 'fire_exp': 1.9584485093347834, 'P_half': 1067.5109049434393, 'pre_dampen_half': 1.6266133551002073, 'gpp_af': 0.37465150281618553, 'gpp_b': 2.6047234886754598e-05, 'gpp_d': 134.06404456908868, 'ign_k': 0.01329344336990194, 'ign_c': 0.24342909409225094, 'trop_agb_crit': 14.21007306824256, 'trop_k_veg': 1.3929565524256422, 'gdp_gamma': 0.7966688472307636, 'fuel_k': 0.18349230063103456, 'fuel_half': 13.126654367956988}. Best is trial 335 with value: -0.6233152110406992.
[I 2026-07-24 02:12:15,523] Trial 830 finished with value: -0.6091783213514834 and parameters: {'k1': 0.010223201806208016, 'D_low': 4.112368253806906, 'k2': 0.0022384671007960907, 'D_high': 2711116.699636219, 'fire_exp': 1.7643218958367866, 'P_half': 120.99277617640327, 'pre_dampen_half': 1.2303893829686148, 'gpp_af': 0.48543393613672975, 'gpp_b': 1.219663636070281e-05, 'gpp_d': 372.75029885307225, 'ign_k': 0.0031067764571984092, 'ign_c': 0.20415484905960812, 'trop_agb_crit': 26.614383819707992, 'trop_k_veg': 2.179797583832398, 'gdp_gamma': 0.7575383923024779, 'fuel_k': 0.015410098024179617, 'fuel_half': 3.603738128659821}. Best is trial 335 with value: -0.6233152110406992.
[I 2026-07-24 02:12:15,980] Trial 831 finished with value: 0.6179667991664272 and parameters: {'k1': 2.5269964656689786e-05, 'D_low': 3.104270640712764, 'k2': 9.734143688194742e-05, 'D_high': 1221035.9834810058, 'fire_exp': 2.267301234793625, 'P_half': 1.0161309278644572, 'pre_dampen_half': 234.23195125731107, 'gpp_af': 0.00120468975417106, 'gpp_b': 0.0011841483885759632, 'gpp_d': 0.1893801808896877, 'ign_k': 0.0018198619133784903, 'ign_c': 20.898157634478803, 'trop_agb_crit': 4.4086657972908485, 'trop_k_veg': 1.4278970470751058, 'gdp_gamma': 0.30461042157841134, 'fuel_k': 0.3785136062224353, 'fuel_half': 0.7678892125007144}. Best is trial 335 with value: -0.6233152110406992.
