[I 2026-06-10 21:17:14,776] Trial 105 finished with values: [10.769230769178105, 10.769230769178105] and parameters: {'k1': 1.915468390724633e-05, 'D_low': 371.25910452877287, 'k2': 1.2765717873951678e-05, 'D_high': 2203.4455606330694, 'fire_exp': 9.952544097754126, 'P_half': 200.3995359361214, 'pre_dampen_half': 0.8726691654212084, 'gpp_af': 1.646042681635055, 'gpp_b': 0.005617167092871686, 'gpp_d': 5.346676975436889, 'ign_k': 5.83256026854689, 'ign_c': 3.502761367842312, 'trop_agb_crit': 26.290267902103615, 'trop_k_veg': 6.153480144962658, 'fuel_k': 0.03498947175913594, 'fuel_half': 0.1614670469622492}.
[I 2026-06-10 21:17:16,254] Trial 106 finished with values: [10.769230763423383, 10.769230763423383] and parameters: {'k1': 0.0005708731724249573, 'D_low': 32.19420593085823, 'k2': 0.0004976087827261435, 'D_high': 252.84086172415604, 'fire_exp': 5.592543620519215, 'P_half': 93.43302657318476, 'pre_dampen_half': 0.1448983619020909, 'gpp_af': 31.46826989726473, 'gpp_b': 0.002010700232947343, 'gpp_d': 0.03927259340973166, 'ign_k': 0.0029519227433917453, 'ign_c': 39.52220881906114, 'trop_agb_crit': 1.4882386550053877, 'trop_k_veg': 2.520089655463604, 'fuel_k': 0.5544570532617323, 'fuel_half': 1.0109201286713743}.
[I 2026-06-10 21:17:17,708] Trial 107 finished with values: [10.769229159669734, 10.769229159669734] and parameters: {'k1': 0.004898620823554844, 'D_low': 10.788909575795403, 'k2': 0.014666151770108535, 'D_high': 14403.650379563867, 'fire_exp': 3.1089811865357015, 'P_half': 20.654107883022302, 'pre_dampen_half': 14.689407256107613, 'gpp_af': 0.015875524914818664, 'gpp_b': 0.40098648347213367, 'gpp_d': 274.48645214004335, 'ign_k': 0.025331450012450227, 'ign_c': 0.4051452710153359, 'trop_agb_crit': 1.626357634890109, 'trop_k_veg': 4.129715873342728, 'fuel_k': 0.03201034713747641, 'fuel_half': 0.2010796072862617}.
[I 2026-06-10 21:17:19,153] Trial 108 finished with values: [10.514107335677044, 10.514107335677044] and parameters: {'k1': 0.07799059237255677, 'D_low': 37.35862630812753, 'k2': 0.03699867920489089, 'D_high': 61536.58035691648, 'fire_exp': 1.423480109671474, 'P_half': 102.4585893986732, 'pre_dampen_half': 3.3841016089580034, 'gpp_af': 1.1409619915696267, 'gpp_b': 0.0001484082099455773, 'gpp_d': 229.41380323183625, 'ign_k': 0.013276678836047658, 'ign_c': 18.219343937475102, 'trop_agb_crit': 10.691477813613638, 'trop_k_veg': 6.45312300188076, 'fuel_k': 4.099550041703093, 'fuel_half': 72.7420826493834}.
[I 2026-06-10 21:17:20,501] Trial 109 finished with values: [10.765625119469922, 10.765625119469922] and parameters: {'k1': 9.580682294110428e-05, 'D_low': 36.07301614542843, 'k2': 0.00014281536924924868, 'D_high': 264.6615586711479, 'fire_exp': 2.523079375916506, 'P_half': 57.62487216478601, 'pre_dampen_half': 6.792399189485706, 'gpp_af': 0.24002253099641147, 'gpp_b': 1.6081669283634658e-05, 'gpp_d': 352.0481045526035, 'ign_k': 0.010842262717330166, 'ign_c': 0.7240382572465286, 'trop_agb_crit': 2.8869220380495735, 'trop_k_veg': 1.0345878666211452, 'fuel_k': 0.3302507755382605, 'fuel_half': 0.14265186058187057}.
[I 2026-06-10 21:17:21,945] Trial 110 finished with values: [10.769053292345049, 10.769053292345049] and parameters: {'k1': 0.001566517163094646, 'D_low': 1.1433485956638711, 'k2': 0.004053638704742309, 'D_high': 78.90004262668583, 'fire_exp': 2.467425479508436, 'P_half': 56.22114524476698, 'pre_dampen_half': 0.4236414938631993, 'gpp_af': 5.400786701286536, 'gpp_b': 0.012132126638791128, 'gpp_d': 176.24510039685507, 'ign_k': 0.038563028138793747, 'ign_c': 30.785541778315018, 'trop_agb_crit': 1.3752099014456878, 'trop_k_veg': 1.3859384729785302, 'fuel_k': 0.025620781631399487, 'fuel_half': 60.22306787169707}.
[I 2026-06-10 21:17:23,308] Trial 111 finished with values: [10.766865119250822, 10.766865119250822] and parameters: {'k1': 0.0038341488164556755, 'D_low': 20.416881527138198, 'k2': 0.0002656971546588439, 'D_high': 88320.39346746863, 'fire_exp': 4.034361580518917, 'P_half': 520.4862686958022, 'pre_dampen_half': 88.27875365479898, 'gpp_af': 0.3106068252464493, 'gpp_b': 3.3229341002487806e-05, 'gpp_d': 0.06359264168909612, 'ign_k': 0.005575298138639647, 'ign_c': 1.3815947516319929, 'trop_agb_crit': 4.341236947312239, 'trop_k_veg': 6.008736672774419, 'fuel_k': 0.016707115724617874, 'fuel_half': 1.2281372083392914}.
[I 2026-06-10 21:17:24,776] Trial 112 finished with values: [10.731959753623414, 10.731959753623414] and parameters: {'k1': 0.004898620823554844, 'D_low': 1022.1111307208341, 'k2': 0.00025255166452944054, 'D_high': 2289.1315306837046, 'fire_exp': 1.2336901664320323, 'P_half': 56.22114524476698, 'pre_dampen_half': 331.7366635899375, 'gpp_af': 0.05511595477601767, 'gpp_b': 0.004458440839692221, 'gpp_d': 274.48645214004335, 'ign_k': 0.038563028138793747, 'ign_c': 30.785541778315018, 'trop_agb_crit': 1.626357634890109, 'trop_k_veg': 4.129715873342728, 'fuel_k': 0.025620781631399487, 'fuel_half': 60.22306787169707}.
[I 2026-06-10 21:17:26,308] Trial 113 finished with values: [10.76047534859731, 10.76047534859731] and parameters: {'k1': 0.0001971137615017176, 'D_low': 83.08114652888392, 'k2': 0.0010726091927327822, 'D_high': 36.13894271216527, 'fire_exp': 1.9594972058679163, 'P_half': 29.204338471814108, 'pre_dampen_half': 1.9069966103000422, 'gpp_af': 8.43101393208247, 'gpp_b': 0.00015777663630582464, 'gpp_d': 13.725472882585015, 'ign_k': 0.13500744867919376, 'ign_c': 0.15339162591163621, 'trop_agb_crit': 7.896186801026689, 'trop_k_veg': 0.8022348220849581, 'fuel_k': 0.014999101825504624, 'fuel_half': 70.25166339242152}.
[I 2026-06-10 21:17:27,903] Trial 114 finished with values: [10.767641119463065, 10.767641119463065] and parameters: {'k1': 0.03865036856259725, 'D_low': 37.35862630812753, 'k2': 0.004679839449773939, 'D_high': 3346.220103048382, 'fire_exp': 6.234638880169447, 'P_half': 102.4585893986732, 'pre_dampen_half': 233.5530649297829, 'gpp_af': 0.29012721497386246, 'gpp_b': 0.0001484082099455773, 'gpp_d': 0.027765958408796157, 'ign_k': 0.013276678836047658, 'ign_c': 6.968111190775309, 'trop_agb_crit': 2.017343814481252, 'trop_k_veg': 1.372760022287972, 'fuel_k': 4.099550041703093, 'fuel_half': 72.7420826493834}.
[I 2026-06-10 21:17:29,392] Trial 115 finished with values: [10.301178641433921, 10.301178641433921] and parameters: {'k1': 0.001906534551939351, 'D_low': 2.4474057445796826, 'k2': 0.002884223471687844, 'D_high': 91246.32886689917, 'fire_exp': 1.3806513288500464, 'P_half': 118.39097834757698, 'pre_dampen_half': 243.70551632385417, 'gpp_af': 5.056419398267455, 'gpp_b': 0.15208782389892764, 'gpp_d': 32.54021513867688, 'ign_k': 0.02741350741975827, 'ign_c': 1.4940577239079738, 'trop_agb_crit': 28.4191188830683, 'trop_k_veg': 4.7254560805090735, 'fuel_k': 2.563645943471902, 'fuel_half': 54.91887821601532}.
[I 2026-06-10 21:17:30,856] Trial 116 finished with values: [10.76725745397346, 10.76725745397346] and parameters: {'k1': 3.609310926766545e-05, 'D_low': 2186.356344942016, 'k2': 0.08661811390647982, 'D_high': 1266.9536563782303, 'fire_exp': 1.4848387260494937, 'P_half': 12.280874862135363, 'pre_dampen_half': 0.012358147737023888, 'gpp_af': 37.28155624293858, 'gpp_b': 0.40704318060211087, 'gpp_d': 1.226969905882515, 'ign_k': 0.012480180965117606, 'ign_c': 16.470698221724305, 'trop_agb_crit': 9.166993035320003, 'trop_k_veg': 4.989748894578724, 'fuel_k': 0.037451525662571636, 'fuel_half': 0.107891563325261}.
[I 2026-06-10 21:17:32,391] Trial 117 finished with values: [10.769230769178105, 10.769230769178105] and parameters: {'k1': 0.00013894673469237192, 'D_low': 2981.237069720883, 'k2': 7.841214856323651e-05, 'D_high': 71267.2757353232, 'fire_exp': 5.154413091020758, 'P_half': 7577.314388518511, 'pre_dampen_half': 0.4236414938631993, 'gpp_af': 5.400786701286536, 'gpp_b': 0.07903098490824653, 'gpp_d': 176.24510039685507, 'ign_k': 0.001973268844408891, 'ign_c': 16.42166308203217, 'trop_agb_crit': 1.3752099014456878, 'trop_k_veg': 1.3859384729785302, 'fuel_k': 0.5604857991960507, 'fuel_half': 12.224921159070409}.
[I 2026-06-10 21:17:34,089] Trial 118 finished with values: [10.763746580950091, 10.763746580950091] and parameters: {'k1': 0.002155595057104387, 'D_low': 19.5805953197504, 'k2': 0.015161591075671724, 'D_high': 61536.58035691648, 'fire_exp': 2.7477133304227777, 'P_half': 2.0598022365449626, 'pre_dampen_half': 3.3841016089580034, 'gpp_af': 1.1409619915696267, 'gpp_b': 1.0372435026692937, 'gpp_d': 30.190550386581368, 'ign_k': 0.043232642103703305, 'ign_c': 0.49337516004483395, 'trop_agb_crit': 10.691477813613638, 'trop_k_veg': 6.45312300188076, 'fuel_k': 0.3356098860138198, 'fuel_half': 13.924761586031797}.
[I 2026-06-10 21:17:35,822] Trial 119 finished with values: [10.754493201160763, 10.754493201160763] and parameters: {'k1': 0.001566517163094646, 'D_low': 2.4474057445796826, 'k2': 0.002884223471687844, 'D_high': 78.90004262668583, 'fire_exp': 1.3806513288500464, 'P_half': 8.89193644629625, 'pre_dampen_half': 0.4236414938631993, 'gpp_af': 5.400786701286536, 'gpp_b': 0.15208782389892764, 'gpp_d': 32.54021513867688, 'ign_k': 0.42702329684055446, 'ign_c': 1.4940577239079738, 'trop_agb_crit': 1.3752099014456878, 'trop_k_veg': 4.7254560805090735, 'fuel_k': 0.054547178265401106, 'fuel_half': 0.5394720267647733}.
[I 2026-06-10 21:17:37,251] Trial 120 finished with values: [10.769229456175408, 10.769229456175408] and parameters: {'k1': 0.07286653737491042, 'D_low': 1712.3375973163984, 'k2': 0.00014281536924924868, 'D_high': 264.6615586711479, 'fire_exp': 4.833180632488465, 'P_half': 15.434297335162846, 'pre_dampen_half': 6.792399189485706, 'gpp_af': 0.24002253099641147, 'gpp_b': 0.09594602618277148, 'gpp_d': 483.22422323215085, 'ign_k': 0.010842262717330166, 'ign_c': 4.846497679219079, 'trop_agb_crit': 1.111888584843313, 'trop_k_veg': 2.1144348148283285, 'fuel_k': 0.45000412754978936, 'fuel_half': 0.14265186058187057}.
[I 2026-06-10 21:17:38,630] Trial 121 finished with values: [10.769225924758832, 10.769225924758832] and parameters: {'k1': 9.580682294110428e-05, 'D_low': 243.9896453016772, 'k2': 0.0002172578929502367, 'D_high': 12124.080603355414, 'fire_exp': 5.236557843874546, 'P_half': 15.434297335162846, 'pre_dampen_half': 6.792399189485706, 'gpp_af': 0.24002253099641147, 'gpp_b': 0.13502505988471453, 'gpp_d': 1.493264336549928, 'ign_k': 0.009674045662145934, 'ign_c': 0.7240382572465286, 'trop_agb_crit': 1.111888584843313, 'trop_k_veg': 1.0345878666211452, 'fuel_k': 0.057024351269772615, 'fuel_half': 0.14265186058187057}.
[I 2026-06-10 21:17:41,569] Trial 122 finished with values: [10.769230769178105, 10.769230769178105] and parameters: {'k1': 7.011194706512121e-05, 'D_low': 8501.870149611703, 'k2': 0.008919267853250165, 'D_high': 36484.560830478025, 'fire_exp': 9.321170097491994, 'P_half': 2897.5337521324113, 'pre_dampen_half': 121.71955466763177, 'gpp_af': 0.019476644406315295, 'gpp_b': 0.00010600479837821697, 'gpp_d': 22.04022885077014, 'ign_k': 0.009017965781950594, 'ign_c': 16.86753313844535, 'trop_agb_crit': 6.9878126575720865, 'trop_k_veg': 1.0866718721112658, 'fuel_k': 0.06142885035186428, 'fuel_half': 0.3640250294459699}.
[I 2026-06-10 21:17:43,269] Trial 123 finished with values: [10.72766901566108, 10.72766901566108] and parameters: {'k1': 0.00021066486017042195, 'D_low': 1.7956984225677628, 'k2': 0.0004976087827261435, 'D_high': 42210.21267871043, 'fire_exp': 1.2918065501148304, 'P_half': 355.00125258511594, 'pre_dampen_half': 0.011396414164620812, 'gpp_af': 0.2204465010099918, 'gpp_b': 2.176805640408474e-05, 'gpp_d': 36.831884165358986, 'ign_k': 0.0029519227433917453, 'ign_c': 17.583640270008505, 'trop_agb_crit': 12.647327018493208, 'trop_k_veg': 1.9658897090912955, 'fuel_k': 0.28328975157735103, 'fuel_half': 1.9170041589170652}.
[I 2026-06-10 21:17:44,635] Trial 124 finished with values: [10.769221229683085, 10.769221229683085] and parameters: {'k1': 2.766282010813135e-05, 'D_low': 3981.755305338543, 'k2': 0.0019856031481305684, 'D_high': 2452.745054322242, 'fire_exp': 3.9858124596661577, 'P_half': 1517.2922775770444, 'pre_dampen_half': 0.07531064950403674, 'gpp_af': 0.05930765986896688, 'gpp_b': 0.003255540851337478, 'gpp_d': 0.823555062591711, 'ign_k': 0.01409145917010474, 'ign_c': 0.15412172709801902, 'trop_agb_crit': 3.3887235042490564, 'trop_k_veg': 5.691473319778836, 'fuel_k': 0.12310391532177373, 'fuel_half': 6.448464724088604}.
[I 2026-06-10 21:17:45,999] Trial 125 finished with values: [10.686006304874523, 10.686006304874523] and parameters: {'k1': 0.0001971137615017176, 'D_low': 171.2446447678494, 'k2': 0.0004976087827261435, 'D_high': 42210.21267871043, 'fire_exp': 1.2918065501148304, 'P_half': 93.43302657318476, 'pre_dampen_half': 0.2774295811500811, 'gpp_af': 0.2204465010099918, 'gpp_b': 2.176805640408474e-05, 'gpp_d': 2.5450745565416026, 'ign_k': 0.0029519227433917453, 'ign_c': 39.52220881906114, 'trop_agb_crit': 3.1419938725278875, 'trop_k_veg': 2.520089655463604, 'fuel_k': 0.014999101825504624, 'fuel_half': 93.29979664603125}.
[I 2026-06-10 21:17:47,387] Trial 126 finished with values: [10.769113515864438, 10.769113515864438] and parameters: {'k1': 0.0011101191524846067, 'D_low': 5.125758907937937, 'k2': 0.010056781316817115, 'D_high': 16878.698558795608, 'fire_exp': 5.034622093017273, 'P_half': 1524.6518242848613, 'pre_dampen_half': 0.7245868181143026, 'gpp_af': 0.04897515106470033, 'gpp_b': 0.0011087183655158347, 'gpp_d': 450.59526947401275, 'ign_k': 0.20564614086027933, 'ign_c': 5.199673923878316, 'trop_agb_crit': 12.856643861355176, 'trop_k_veg': 4.050700716504252, 'fuel_k': 0.06252517815977368, 'fuel_half': 51.01039893789341}.
[I 2026-06-10 21:17:48,824] Trial 127 finished with values: [10.767604242623761, 10.767604242623761] and parameters: {'k1': 1.3243445838637965e-05, 'D_low': 1.4105638677535268, 'k2': 0.01951651378326559, 'D_high': 275.90690254397856, 'fire_exp': 1.1103154430776774, 'P_half': 122.73630375458193, 'pre_dampen_half': 565.0116730717873, 'gpp_af': 28.269551568161315, 'gpp_b': 0.005419266601560437, 'gpp_d': 0.026713901787135636, 'ign_k': 0.001609633064821938, 'ign_c': 13.34807155996068, 'trop_agb_crit': 4.84104109932157, 'trop_k_veg': 1.331829048405031, 'fuel_k': 1.040378926396937, 'fuel_half': 0.17108183937377372}.
[I 2026-06-10 21:17:50,270] Trial 128 finished with values: [10.172399438457937, 10.172399438457937] and parameters: {'k1': 0.004898620823554844, 'D_low': 36.07301614542843, 'k2': 0.002173988526401145, 'D_high': 2289.1315306837046, 'fire_exp': 1.1103154430776774, 'P_half': 56.22114524476698, 'pre_dampen_half': 331.7366635899375, 'gpp_af': 0.05511595477601767, 'gpp_b': 0.004458440839692221, 'gpp_d': 483.22422323215085, 'ign_k': 0.038563028138793747, 'ign_c': 0.5655677524618509, 'trop_agb_crit': 2.7395739167173065, 'trop_k_veg': 4.129715873342728, 'fuel_k': 0.45000412754978936, 'fuel_half': 60.22306787169707}.
[I 2026-06-10 21:17:51,732] Trial 129 finished with values: [10.71925234274751, 10.71925234274751] and parameters: {'k1': 0.001566517163094646, 'D_low': 1.7956984225677628, 'k2': 8.598664501707758e-05, 'D_high': 42210.21267871043, 'fire_exp': 1.2918065501148304, 'P_half': 8.89193644629625, 'pre_dampen_half': 0.011396414164620812, 'gpp_af': 5.400786701286536, 'gpp_b': 0.15208782389892764, 'gpp_d': 36.831884165358986, 'ign_k': 0.42702329684055446, 'ign_c': 17.583640270008505, 'trop_agb_crit': 12.647327018493208, 'trop_k_veg': 1.9658897090912955, 'fuel_k': 0.054547178265401106, 'fuel_half': 0.5394720267647733}.
[I 2026-06-10 21:17:53,141] Trial 130 finished with values: [10.630733218879584, 10.630733218879584] and parameters: {'k1': 0.001906534551939351, 'D_low': 2.4474057445796826, 'k2': 0.002884223471687844, 'D_high': 91246.32886689917, 'fire_exp': 1.1017756999772779, 'P_half': 93.43302657318476, 'pre_dampen_half': 0.012284844784580964, 'gpp_af': 5.056419398267455, 'gpp_b': 2.176805640408474e-05, 'gpp_d': 32.54021513867688, 'ign_k': 0.0029519227433917453, 'ign_c': 1.4940577239079738, 'trop_agb_crit': 15.68644624233575, 'trop_k_veg': 7.732256834860708, 'fuel_k': 2.563645943471902, 'fuel_half': 1.3323297901105768}.
[I 2026-06-10 21:17:54,523] Trial 131 finished with values: [10.767968887573426, 10.767968887573426] and parameters: {'k1': 1.854837679096716e-05, 'D_low': 999.6359851911329, 'k2': 6.912296717033057e-05, 'D_high': 39103.63745774176, 'fire_exp': 1.6037609716253702, 'P_half': 5.790964233881213, 'pre_dampen_half': 0.015231698662987011, 'gpp_af': 0.22926339830965659, 'gpp_b': 0.024493271671328563, 'gpp_d': 0.021308024974748936, 'ign_k': 1.2650580856641707, 'ign_c': 6.5036227113424445, 'trop_agb_crit': 5.950973448740583, 'trop_k_veg': 1.69707578043331, 'fuel_k': 0.1543186681155453, 'fuel_half': 4.774424102876146}.
[I 2026-06-10 21:17:55,891] Trial 132 finished with values: [10.539883922156646, 10.539883922156646] and parameters: {'k1': 1.3243445838637965e-05, 'D_low': 37.35862630812753, 'k2': 0.01951651378326559, 'D_high': 275.90690254397856, 'fire_exp': 1.1103154430776774, 'P_half': 122.73630375458193, 'pre_dampen_half': 565.0116730717873, 'gpp_af': 1.1409619915696267, 'gpp_b': 0.0001484082099455773, 'gpp_d': 229.41380323183625, 'ign_k': 0.013276678836047658, 'ign_c': 18.219343937475102, 'trop_agb_crit': 10.691477813613638, 'trop_k_veg': 1.331829048405031, 'fuel_k': 1.040378926396937, 'fuel_half': 72.7420826493834}.
[I 2026-06-10 21:17:57,350] Trial 133 finished with values: [10.741250060231614, 10.741250060231614] and parameters: {'k1': 0.012840669372724958, 'D_low': 10.788909575795403, 'k2': 0.0006863458703786212, 'D_high': 83201.33621840179, 'fire_exp': 3.1089811865357015, 'P_half': 93.43302657318476, 'pre_dampen_half': 14.689407256107613, 'gpp_af': 0.08348976445378725, 'gpp_b': 2.176805640408474e-05, 'gpp_d': 0.04409594046630608, 'ign_k': 0.0029519227433917453, 'ign_c': 39.52220881906114, 'trop_agb_crit': 1.6034837661963206, 'trop_k_veg': 2.9556982260250573, 'fuel_k': 0.03201034713747641, 'fuel_half': 1.0889347318773483}.
[I 2026-06-10 21:17:58,869] Trial 134 finished with values: [10.767727149094975, 10.767727149094975] and parameters: {'k1': 0.0005342937261279777, 'D_low': 1.7956984225677628, 'k2': 0.00017535949529764417, 'D_high': 199.86340778528879, 'fire_exp': 1.2918065501148304, 'P_half': 3153.600608518471, 'pre_dampen_half': 0.011396414164620812, 'gpp_af': 8.43101393208247, 'gpp_b': 5.2187377767381904e-05, 'gpp_d': 0.04409594046630608, 'ign_k': 1.1044350847124695, 'ign_c': 17.583640270008505, 'trop_agb_crit': 1.6034837661963206, 'trop_k_veg': 3.291143953379188, 'fuel_k': 0.03201034713747641, 'fuel_half': 1.0889347318773483}.
[I 2026-06-10 21:18:00,296] Trial 135 finished with values: [10.27279128947808, 10.27279128947808] and parameters: {'k1': 0.0010495653625093638, 'D_low': 2022.2268128429641, 'k2': 0.014666151770108535, 'D_high': 38202.59936390114, 'fire_exp': 1.2336901664320323, 'P_half': 7.46475488144212, 'pre_dampen_half': 562.0900787064872, 'gpp_af': 0.5592994749372486, 'gpp_b': 0.004458440839692221, 'gpp_d': 562.7426550259207, 'ign_k': 6.344955605329754, 'ign_c': 19.66760839944308, 'trop_agb_crit': 5.526463318565575, 'trop_k_veg': 2.724170387400844, 'fuel_k': 0.06525050422102326, 'fuel_half': 0.9682636678036001}.
[I 2026-06-10 21:18:01,683] Trial 136 finished with values: [10.767888445101814, 10.767888445101814] and parameters: {'k1': 0.0038341488164556755, 'D_low': 50.32059347286801, 'k2': 0.00025255166452944054, 'D_high': 2289.1315306837046, 'fire_exp': 1.3026772381867355, 'P_half': 56.22114524476698, 'pre_dampen_half': 0.03227842705043214, 'gpp_af': 0.005811599743439244, 'gpp_b': 0.012132126638791128, 'gpp_d': 0.06359264168909612, 'ign_k': 0.038563028138793747, 'ign_c': 30.785541778315018, 'trop_agb_crit': 3.1419938725278875, 'trop_k_veg': 4.424087923352622, 'fuel_k': 0.016707115724617874, 'fuel_half': 13.083547563021511}.
[I 2026-06-10 21:18:03,113] Trial 137 finished with values: [10.713466845905002, 10.713466845905002] and parameters: {'k1': 0.0009670857606743155, 'D_low': 2.2784736437715205, 'k2': 0.00033271381912662167, 'D_high': 468.0832528336203, 'fire_exp': 1.3398633649925373, 'P_half': 157.80309954142965, 'pre_dampen_half': 14.689407256107613, 'gpp_af': 0.03522602097143089, 'gpp_b': 2.852199954727099e-05, 'gpp_d': 12.338826503601998, 'ign_k': 0.009674045662145934, 'ign_c': 13.34807155996068, 'trop_agb_crit': 1.6034837661963206, 'trop_k_veg': 2.724170387400844, 'fuel_k': 0.10978148458640455, 'fuel_half': 43.386530548835104}.
[I 2026-06-10 21:18:04,534] Trial 138 finished with values: [10.360084474750757, 10.360084474750757] and parameters: {'k1': 0.012840669372724958, 'D_low': 171.2446447678494, 'k2': 0.002884223471687844, 'D_high': 42210.21267871043, 'fire_exp': 1.3806513288500464, 'P_half': 57.62487216478601, 'pre_dampen_half': 13.472769577631583, 'gpp_af': 0.24002253099641147, 'gpp_b': 1.6081669283634658e-05, 'gpp_d': 32.54021513867688, 'ign_k': 0.0029519227433917453, 'ign_c': 1.4940577239079738, 'trop_agb_crit': 12.647327018493208, 'trop_k_veg': 6.863422129054255, 'fuel_k': 0.3302507755382605, 'fuel_half': 0.14265186058187057}.
[I 2026-06-10 21:18:06,121] Trial 139 finished with values: [10.742323517330625, 10.742323517330625] and parameters: {'k1': 0.0001971137615017176, 'D_low': 50.32059347286801, 'k2': 0.0006863458703786212, 'D_high': 93.24787201197321, 'fire_exp': 1.3026772381867355, 'P_half': 277.00025557434554, 'pre_dampen_half': 3.3841016089580034, 'gpp_af': 0.8057329182285734, 'gpp_b': 1.284284091405877e-05, 'gpp_d': 2.5450745565416026, 'ign_k': 0.13500744867919376, 'ign_c': 18.219343937475102, 'trop_agb_crit': 3.1419938725278875, 'trop_k_veg': 2.9556982260250573, 'fuel_k': 0.03201034713747641, 'fuel_half': 93.29979664603125}.
