[I 2026-08-06 11:00:43,068] Trial 842 finished with values: [-0.6197313685894981, 0.11157331502472034] and parameters: {'k1': 0.00488137519160367, 'D_low': 97.43142535650219, 'k2': 0.0154776166709383, 'D_high': 8182.111518618414, 'fire_exp': 1.2611826901294014, 'P_half': 523.1053126909052, 'pre_dampen_half': 63.6685916079943, 'gpp_af': 0.6403036652671171, 'gpp_b': 0.0001605469768042801, 'gpp_d': 350.88322284755304, 'ign_k': 0.010939944910100021, 'ign_c': 1.9580595319750387, 'trop_agb_crit': 6.119263728555865, 'trop_k_veg': 2.4336356947036335}.
[I 2026-08-06 11:00:45,194] Trial 843 finished with values: [10.023521166171415, 10.023521166171415] and parameters: {'k1': 0.00488137519160367, 'D_low': 7.299348683062307, 'k2': 0.0154776166709383, 'D_high': 8182.111518618414, 'fire_exp': 1.2611826901294014, 'P_half': 523.1053126909052, 'pre_dampen_half': 63.6685916079943, 'gpp_af': 0.6403036652671171, 'gpp_b': 2.176805640408474e-05, 'gpp_d': 350.88322284755304, 'ign_k': 0.010939944910100021, 'ign_c': 1.9580595319750387, 'trop_agb_crit': 6.119263728555865, 'trop_k_veg': 2.4336356947036335}.
[I 2026-08-06 11:00:47,204] Trial 844 finished with values: [-0.6046204409422715, 0.0934436883934805] and parameters: {'k1': 0.00488137519160367, 'D_low': 38.82837025280678, 'k2': 0.019894080167856886, 'D_high': 8182.111518618414, 'fire_exp': 1.2611826901294014, 'P_half': 523.1053126909052, 'pre_dampen_half': 38.00678588560607, 'gpp_af': 0.6403036652671171, 'gpp_b': 0.0012213924959062798, 'gpp_d': 350.88322284755304, 'ign_k': 0.010939944910100021, 'ign_c': 1.9580595319750387, 'trop_agb_crit': 6.119263728555865, 'trop_k_veg': 2.4336356947036335}.
[I 2026-08-06 11:00:49,326] Trial 845 finished with values: [11.511934387969754, 11.511934387969754] and parameters: {'k1': 0.008912611835817005, 'D_low': 38.82837025280678, 'k2': 0.019894080167856886, 'D_high': 5670.3463356272905, 'fire_exp': 1.2611826901294014, 'P_half': 221.2683656611821, 'pre_dampen_half': 38.00678588560607, 'gpp_af': 0.4776815004752161, 'gpp_b': 0.0005739662837359252, 'gpp_d': 350.88322284755304, 'ign_k': 0.21006485619596416, 'ign_c': 0.24361599465623282, 'trop_agb_crit': 10.691477813613638, 'trop_k_veg': 3.1473758868965476}.
[I 2026-08-06 11:00:51,915] Trial 846 finished with values: [10.207404953617454, 10.207404953617454] and parameters: {'k1': 0.00488137519160367, 'D_low': 355.00125258511594, 'k2': 0.0154776166709383, 'D_high': 633.1166646948959, 'fire_exp': 1.1488607445926913, 'P_half': 140.74279366401683, 'pre_dampen_half': 63.6685916079943, 'gpp_af': 6.0369370109848575, 'gpp_b': 0.2859164396628517, 'gpp_d': 350.88322284755304, 'ign_k': 0.010939944910100021, 'ign_c': 5.034696988263485, 'trop_agb_crit': 7.500118950416987, 'trop_k_veg': 2.5878603012249104}.
[I 2026-08-06 11:00:54,012] Trial 847 finished with values: [10.282158873717204, 10.282158873717204] and parameters: {'k1': 0.008912611835817005, 'D_low': 520.4862686958022, 'k2': 0.031536006085184705, 'D_high': 5670.3463356272905, 'fire_exp': 1.221575427404682, 'P_half': 24.563265188276052, 'pre_dampen_half': 3.3841016089580034, 'gpp_af': 0.0049748543504537545, 'gpp_b': 0.0005739662837359252, 'gpp_d': 14.792055086678463, 'ign_k': 3.589155871450839, 'ign_c': 5.13055176058983, 'trop_agb_crit': 10.691477813613638, 'trop_k_veg': 2.4336356947036335}.
[I 2026-08-06 11:00:56,094] Trial 848 finished with values: [-0.5573115006260377, 0.09332418385391694] and parameters: {'k1': 0.05778755734457457, 'D_low': 520.4862686958022, 'k2': 0.019894080167856886, 'D_high': 42210.21267871043, 'fire_exp': 1.2611826901294014, 'P_half': 712.8188058401365, 'pre_dampen_half': 38.00678588560607, 'gpp_af': 0.6403036652671171, 'gpp_b': 0.0012213924959062798, 'gpp_d': 350.88322284755304, 'ign_k': 2.5253810447657927, 'ign_c': 4.2425976091860935, 'trop_agb_crit': 19.3289574092866, 'trop_k_veg': 2.520089655463604}.
[I 2026-08-06 11:00:58,241] Trial 849 finished with values: [10.762723453307025, 10.762723453307025] and parameters: {'k1': 0.005272264723319183, 'D_low': 520.4862686958022, 'k2': 0.019894080167856886, 'D_high': 1236.6924205139144, 'fire_exp': 4.622870465147425, 'P_half': 712.8188058401365, 'pre_dampen_half': 63.6685916079943, 'gpp_af': 9.489641456368314, 'gpp_b': 0.22727308251068193, 'gpp_d': 84.31013932082456, 'ign_k': 0.12329098365270515, 'ign_c': 1.9580595319750387, 'trop_agb_crit': 8.997007571451054, 'trop_k_veg': 2.4336356947036335}.
[I 2026-08-06 11:01:00,452] Trial 850 finished with values: [10.769230617769864, 10.769230617769864] and parameters: {'k1': 0.00488137519160367, 'D_low': 12.105387404469584, 'k2': 8.923807143379776e-05, 'D_high': 8182.111518618414, 'fire_exp': 8.456250107826923, 'P_half': 712.8188058401365, 'pre_dampen_half': 38.00678588560607, 'gpp_af': 0.6403036652671171, 'gpp_b': 0.01666658176842624, 'gpp_d': 1.493264336549928, 'ign_k': 0.010939944910100021, 'ign_c': 5.13055176058983, 'trop_agb_crit': 2.2212365258224223, 'trop_k_veg': 2.4336356947036335}.
[I 2026-08-06 11:01:02,532] Trial 851 finished with values: [10.503714355887038, 10.503714355887038] and parameters: {'k1': 0.05778755734457457, 'D_low': 38.82837025280678, 'k2': 0.019894080167856886, 'D_high': 1236.6924205139144, 'fire_exp': 1.2611826901294014, 'P_half': 523.1053126909052, 'pre_dampen_half': 0.9921551226341601, 'gpp_af': 0.6403036652671171, 'gpp_b': 0.01666658176842624, 'gpp_d': 350.88322284755304, 'ign_k': 2.5253810447657927, 'ign_c': 0.8916132699546893, 'trop_agb_crit': 6.119263728555865, 'trop_k_veg': 2.520089655463604}.
[I 2026-08-06 11:01:04,754] Trial 852 finished with values: [-0.6074755905983498, 0.02839665409174963] and parameters: {'k1': 0.01889771394135163, 'D_low': 7.299348683062307, 'k2': 0.019894080167856886, 'D_high': 1236.6924205139144, 'fire_exp': 1.7329145403564932, 'P_half': 712.8188058401365, 'pre_dampen_half': 63.6685916079943, 'gpp_af': 1.6059727222314273, 'gpp_b': 2.176805640408474e-05, 'gpp_d': 84.31013932082456, 'ign_k': 0.12329098365270515, 'ign_c': 1.9580595319750387, 'trop_agb_crit': 6.119263728555865, 'trop_k_veg': 2.4336356947036335}.
[I 2026-08-06 11:01:06,894] Trial 853 finished with values: [-0.5823616307626215, 0.0722521480389583] and parameters: {'k1': 0.00488137519160367, 'D_low': 520.4862686958022, 'k2': 8.923807143379776e-05, 'D_high': 8182.111518618414, 'fire_exp': 1.0271184723288342, 'P_half': 712.8188058401365, 'pre_dampen_half': 331.7366635899375, 'gpp_af': 0.6403036652671171, 'gpp_b': 0.3682510091559943, 'gpp_d': 82.84476373292449, 'ign_k': 2.5253810447657927, 'ign_c': 1.9580595319750387, 'trop_agb_crit': 8.997007571451054, 'trop_k_veg': 2.4336356947036335}.
[I 2026-08-06 11:01:09,066] Trial 854 finished with values: [-0.5580326908958556, 0.17316059876438505] and parameters: {'k1': 0.00488137519160367, 'D_low': 520.4862686958022, 'k2': 8.923807143379776e-05, 'D_high': 8182.111518618414, 'fire_exp': 1.221575427404682, 'P_half': 4.070652723469727, 'pre_dampen_half': 63.6685916079943, 'gpp_af': 1.9706963379095486, 'gpp_b': 0.22727308251068193, 'gpp_d': 19.600139992927435, 'ign_k': 2.5253810447657927, 'ign_c': 4.2425976091860935, 'trop_agb_crit': 7.628718523810018, 'trop_k_veg': 4.375785248100498}.
[I 2026-08-06 11:01:11,089] Trial 855 finished with values: [10.767473437428922, 10.767473437428922] and parameters: {'k1': 0.00488137519160367, 'D_low': 9331.125028918148, 'k2': 8.923807143379776e-05, 'D_high': 5670.3463356272905, 'fire_exp': 1.221575427404682, 'P_half': 140.74279366401683, 'pre_dampen_half': 3.3841016089580034, 'gpp_af': 0.0049748543504537545, 'gpp_b': 0.0005739662837359252, 'gpp_d': 82.84476373292449, 'ign_k': 0.0049611344501914005, 'ign_c': 5.13055176058983, 'trop_agb_crit': 7.628718523810018, 'trop_k_veg': 0.9781855536301391}.
[I 2026-08-06 11:01:13,654] Trial 856 finished with values: [10.769230768877819, 10.769230768877819] and parameters: {'k1': 0.00488137519160367, 'D_low': 12.105387404469584, 'k2': 1.1065812688893481e-05, 'D_high': 8182.111518618414, 'fire_exp': 1.221575427404682, 'P_half': 276.27089412392087, 'pre_dampen_half': 63.6685916079943, 'gpp_af': 5.335773317316405, 'gpp_b': 0.04633252119753636, 'gpp_d': 19.600139992927435, 'ign_k': 0.04406703994564747, 'ign_c': 510.5095511029523, 'trop_agb_crit': 8.997007571451054, 'trop_k_veg': 2.4336356947036335}.
[I 2026-08-06 11:01:15,722] Trial 857 finished with values: [10.766870123971712, 10.766870123971712] and parameters: {'k1': 0.012021930484915042, 'D_low': 97.43142535650219, 'k2': 1.1065812688893481e-05, 'D_high': 60107.420288647554, 'fire_exp': 3.4670262533916887, 'P_half': 523.1053126909052, 'pre_dampen_half': 162.24318817519642, 'gpp_af': 0.6403036652671171, 'gpp_b': 0.22727308251068193, 'gpp_d': 1.493264336549928, 'ign_k': 0.010939944910100021, 'ign_c': 2.4936660834465174, 'trop_agb_crit': 7.500118950416987, 'trop_k_veg': 2.4336356947036335}.
[I 2026-08-06 11:01:17,808] Trial 858 finished with values: [10.777321963425901, 10.777321963425901] and parameters: {'k1': 0.008912611835817005, 'D_low': 40.52505887227999, 'k2': 0.019894080167856886, 'D_high': 1236.6924205139144, 'fire_exp': 1.0601964743503993, 'P_half': 523.1053126909052, 'pre_dampen_half': 63.6685916079943, 'gpp_af': 0.0049748543504537545, 'gpp_b': 0.0005739662837359252, 'gpp_d': 757.2868182332339, 'ign_k': 3.589155871450839, 'ign_c': 12.129193069150809, 'trop_agb_crit': 6.119263728555865, 'trop_k_veg': 0.6673124511410327}.
[I 2026-08-06 11:01:19,787] Trial 859 finished with values: [10.553745807791973, 10.553745807791973] and parameters: {'k1': 0.005952904331761848, 'D_low': 12.105387404469584, 'k2': 8.923807143379776e-05, 'D_high': 42210.21267871043, 'fire_exp': 1.7329145403564932, 'P_half': 221.2683656611821, 'pre_dampen_half': 38.00678588560607, 'gpp_af': 1.3119837017732534, 'gpp_b': 3.425678426646209e-05, 'gpp_d': 229.41380323183625, 'ign_k': 0.20639617012599235, 'ign_c': 1.2431017136067033, 'trop_agb_crit': 8.997007571451054, 'trop_k_veg': 7.936472946233041}.
[I 2026-08-06 11:01:21,816] Trial 860 finished with values: [10.311183222315204, 10.311183222315204] and parameters: {'k1': 0.005272264723319183, 'D_low': 1.3577269394141454, 'k2': 1.1065812688893481e-05, 'D_high': 21.947742689197344, 'fire_exp': 1.3170256885255098, 'P_half': 712.8188058401365, 'pre_dampen_half': 63.6685916079943, 'gpp_af': 1.9706963379095486, 'gpp_b': 0.34011244465350393, 'gpp_d': 5.1715677287580455, 'ign_k': 2.5253810447657927, 'ign_c': 1.9580595319750387, 'trop_agb_crit': 8.997007571451054, 'trop_k_veg': 2.4336356947036335}.
[I 2026-08-06 11:01:23,839] Trial 861 finished with values: [10.269431843290176, 10.269431843290176] and parameters: {'k1': 0.008912611835817005, 'D_low': 38.82837025280678, 'k2': 0.031536006085184705, 'D_high': 5670.3463356272905, 'fire_exp': 3.3801590342525687, 'P_half': 4.213183643253957, 'pre_dampen_half': 234.12640025944248, 'gpp_af': 1.9706963379095486, 'gpp_b': 2.176805640408474e-05, 'gpp_d': 757.2868182332339, 'ign_k': 0.0032423055114836233, 'ign_c': 5.13055176058983, 'trop_agb_crit': 8.997007571451054, 'trop_k_veg': 5.492385920002873}.
[I 2026-08-06 11:01:25,771] Trial 862 finished with values: [-0.5921016262057861, 0.03804194388923898] and parameters: {'k1': 0.002549454588329709, 'D_low': 520.4862686958022, 'k2': 0.004149969043497543, 'D_high': 1236.6924205139144, 'fire_exp': 1.221575427404682, 'P_half': 523.1053126909052, 'pre_dampen_half': 124.72235343584714, 'gpp_af': 0.6403036652671171, 'gpp_b': 0.22727308251068193, 'gpp_d': 19.600139992927435, 'ign_k': 0.21006485619596416, 'ign_c': 1.9580595319750387, 'trop_agb_crit': 6.119263728555865, 'trop_k_veg': 2.4336356947036335}.
[I 2026-08-06 11:01:27,797] Trial 863 finished with values: [-0.590589151367983, 0.0900376711359735] and parameters: {'k1': 0.05778755734457457, 'D_low': 38.82837025280678, 'k2': 0.014344484793173472, 'D_high': 42210.21267871043, 'fire_exp': 1.2611826901294014, 'P_half': 523.1053126909052, 'pre_dampen_half': 38.00678588560607, 'gpp_af': 0.6403036652671171, 'gpp_b': 0.0012213924959062798, 'gpp_d': 350.88322284755304, 'ign_k': 0.010939944910100021, 'ign_c': 2.4936660834465174, 'trop_agb_crit': 6.119263728555865, 'trop_k_veg': 2.520089655463604}.
[I 2026-08-06 11:01:29,778] Trial 864 finished with values: [10.580627230696603, 10.580627230696603] and parameters: {'k1': 0.00488137519160367, 'D_low': 12.105387404469584, 'k2': 0.0154776166709383, 'D_high': 8182.111518618414, 'fire_exp': 1.2611826901294014, 'P_half': 276.27089412392087, 'pre_dampen_half': 63.6685916079943, 'gpp_af': 0.6403036652671171, 'gpp_b': 0.13713885091300912, 'gpp_d': 19.600139992927435, 'ign_k': 0.010939944910100021, 'ign_c': 201.4978984700884, 'trop_agb_crit': 6.119263728555865, 'trop_k_veg': 2.4336356947036335}.
[I 2026-08-06 11:01:31,912] Trial 865 finished with values: [11.64146410362363, 11.64146410362363] and parameters: {'k1': 0.008912611835817005, 'D_low': 12.105387404469584, 'k2': 1.1065812688893481e-05, 'D_high': 61536.58035691648, 'fire_exp': 1.0271184723288342, 'P_half': 523.1053126909052, 'pre_dampen_half': 331.7366635899375, 'gpp_af': 0.6403036652671171, 'gpp_b': 0.13713885091300912, 'gpp_d': 84.31013932082456, 'ign_k': 1.343112375346642, 'ign_c': 1.9580595319750387, 'trop_agb_crit': 6.119263728555865, 'trop_k_veg': 2.4336356947036335}.
[I 2026-08-06 11:01:34,459] Trial 866 finished with values: [10.763545281498253, 10.763545281498253] and parameters: {'k1': 0.05778755734457457, 'D_low': 40.52505887227999, 'k2': 0.0007047307383115598, 'D_high': 645.2946500764235, 'fire_exp': 5.113811291218321, 'P_half': 4.213183643253957, 'pre_dampen_half': 63.6685916079943, 'gpp_af': 0.6403036652671171, 'gpp_b': 0.22727308251068193, 'gpp_d': 2.944272359149677, 'ign_k': 0.12329098365270515, 'ign_c': 5.034696988263485, 'trop_agb_crit': 7.500118950416987, 'trop_k_veg': 3.49157152291552}.
[I 2026-08-06 11:01:36,476] Trial 867 finished with values: [-0.6003388255455646, 0.14378672947109927] and parameters: {'k1': 0.00488137519160367, 'D_low': 355.00125258511594, 'k2': 0.0154776166709383, 'D_high': 8182.111518618414, 'fire_exp': 1.221575427404682, 'P_half': 221.2683656611821, 'pre_dampen_half': 63.6685916079943, 'gpp_af': 1.6059727222314273, 'gpp_b': 0.012132126638791128, 'gpp_d': 82.84476373292449, 'ign_k': 0.019192001101561888, 'ign_c': 1.9580595319750387, 'trop_agb_crit': 6.119263728555865, 'trop_k_veg': 4.030242248006271}.
[I 2026-08-06 11:01:38,434] Trial 868 finished with values: [-0.5770358286724205, 0.0817912476460464] and parameters: {'k1': 0.008912611835817005, 'D_low': 355.00125258511594, 'k2': 8.923807143379776e-05, 'D_high': 60107.420288647554, 'fire_exp': 1.1488607445926913, 'P_half': 140.74279366401683, 'pre_dampen_half': 8.144272585223819, 'gpp_af': 0.0049748543504537545, 'gpp_b': 0.0005739662837359252, 'gpp_d': 0.5363092465892282, 'ign_k': 0.21006485619596416, 'ign_c': 5.034696988263485, 'trop_agb_crit': 7.500118950416987, 'trop_k_veg': 3.1473758868965476}.
[I 2026-08-06 11:01:40,367] Trial 869 finished with values: [-0.6149065543018237, 0.10652968543015395] and parameters: {'k1': 0.00488137519160367, 'D_low': 1.395216238046901, 'k2': 1.1065812688893481e-05, 'D_high': 61536.58035691648, 'fire_exp': 1.221575427404682, 'P_half': 712.8188058401365, 'pre_dampen_half': 38.00678588560607, 'gpp_af': 5.335773317316405, 'gpp_b': 0.01666658176842624, 'gpp_d': 350.88322284755304, 'ign_k': 2.5253810447657927, 'ign_c': 1.9580595319750387, 'trop_agb_crit': 8.997007571451054, 'trop_k_veg': 2.4336356947036335}.
[I 2026-08-06 11:01:42,344] Trial 870 finished with values: [10.26432932879894, 10.26432932879894] and parameters: {'k1': 0.005272264723319183, 'D_low': 520.4862686958022, 'k2': 0.019894080167856886, 'D_high': 8182.111518618414, 'fire_exp': 1.221575427404682, 'P_half': 712.8188058401365, 'pre_dampen_half': 719.4083432823455, 'gpp_af': 5.335773317316405, 'gpp_b': 0.01666658176842624, 'gpp_d': 19.600139992927435, 'ign_k': 2.5253810447657927, 'ign_c': 0.8916132699546893, 'trop_agb_crit': 19.3289574092866, 'trop_k_veg': 4.375785248100498}.
[I 2026-08-06 11:01:44,335] Trial 871 finished with values: [10.669827739978096, 10.669827739978096] and parameters: {'k1': 0.01889771394135163, 'D_low': 38.82837025280678, 'k2': 0.019894080167856886, 'D_high': 8182.111518618414, 'fire_exp': 1.2611826901294014, 'P_half': 523.1053126909052, 'pre_dampen_half': 0.32782478097825357, 'gpp_af': 0.020680586423631197, 'gpp_b': 2.176805640408474e-05, 'gpp_d': 82.84476373292449, 'ign_k': 0.010939944910100021, 'ign_c': 5.13055176058983, 'trop_agb_crit': 6.119263728555865, 'trop_k_veg': 1.3571174947037614}.
[I 2026-08-06 11:01:46,329] Trial 872 finished with values: [-0.5929158901093131, 0.12908672683740763] and parameters: {'k1': 2.2416664245892614e-05, 'D_low': 436.4516946807792, 'k2': 0.019894080167856886, 'D_high': 1236.6924205139144, 'fire_exp': 1.2611826901294014, 'P_half': 523.1053126909052, 'pre_dampen_half': 63.6685916079943, 'gpp_af': 0.6403036652671171, 'gpp_b': 0.00796661592919428, 'gpp_d': 757.2868182332339, 'ign_k': 0.21006485619596416, 'ign_c': 1.9580595319750387, 'trop_agb_crit': 6.119263728555865, 'trop_k_veg': 0.6673124511410327}.
[I 2026-08-06 11:01:48,268] Trial 873 finished with values: [10.098253552889584, 10.098253552889584] and parameters: {'k1': 0.00488137519160367, 'D_low': 1.3577269394141454, 'k2': 8.923807143379776e-05, 'D_high': 21.947742689197344, 'fire_exp': 1.221575427404682, 'P_half': 221.2683656611821, 'pre_dampen_half': 481.9793830934018, 'gpp_af': 1.6059727222314273, 'gpp_b': 3.481277316673104e-05, 'gpp_d': 82.84476373292449, 'ign_k': 0.12329098365270515, 'ign_c': 30.785541778315018, 'trop_agb_crit': 8.997007571451054, 'trop_k_veg': 4.030242248006271}.
[I 2026-08-06 11:01:50,512] Trial 874 finished with values: [10.137457119494218, 10.137457119494218] and parameters: {'k1': 0.008912611835817005, 'D_low': 355.00125258511594, 'k2': 0.0002228500345352386, 'D_high': 78.57247967427125, 'fire_exp': 1.7329145403564932, 'P_half': 140.74279366401683, 'pre_dampen_half': 331.7366635899375, 'gpp_af': 1.6059727222314273, 'gpp_b': 2.176805640408474e-05, 'gpp_d': 84.31013932082456, 'ign_k': 5.595401979134829, 'ign_c': 5.13055176058983, 'trop_agb_crit': 7.628718523810018, 'trop_k_veg': 2.4336356947036335}.
[I 2026-08-06 11:01:52,703] Trial 875 finished with values: [10.324552325151414, 10.324552325151414] and parameters: {'k1': 0.05778755734457457, 'D_low': 38.82837025280678, 'k2': 0.0154776166709383, 'D_high': 1641.3793406858565, 'fire_exp': 1.7329145403564932, 'P_half': 523.1053126909052, 'pre_dampen_half': 38.00678588560607, 'gpp_af': 0.6403036652671171, 'gpp_b': 0.0012213924959062798, 'gpp_d': 84.31013932082456, 'ign_k': 0.010939944910100021, 'ign_c': 2.4936660834465174, 'trop_agb_crit': 6.119263728555865, 'trop_k_veg': 2.520089655463604}.
[I 2026-08-06 11:01:55,248] Trial 876 finished with values: [11.628719481762257, 11.628719481762257] and parameters: {'k1': 0.01889771394135163, 'D_low': 40.52505887227999, 'k2': 0.019894080167856886, 'D_high': 5670.3463356272905, 'fire_exp': 1.7329145403564932, 'P_half': 4.213183643253957, 'pre_dampen_half': 234.12640025944248, 'gpp_af': 0.6403036652671171, 'gpp_b': 0.08128322984179755, 'gpp_d': 757.2868182332339, 'ign_k': 0.07091190338709638, 'ign_c': 1.9580595319750387, 'trop_agb_crit': 6.119263728555865, 'trop_k_veg': 5.492385920002873}.
[I 2026-08-06 11:01:57,336] Trial 877 finished with values: [10.649333617808063, 10.649333617808063] and parameters: {'k1': 0.008912611835817005, 'D_low': 38.82837025280678, 'k2': 1.1065812688893481e-05, 'D_high': 61536.58035691648, 'fire_exp': 1.2611826901294014, 'P_half': 712.8188058401365, 'pre_dampen_half': 124.72235343584714, 'gpp_af': 1.6059727222314273, 'gpp_b': 0.13713885091300912, 'gpp_d': 0.33699352257983195, 'ign_k': 0.21006485619596416, 'ign_c': 1.9580595319750387, 'trop_agb_crit': 6.119263728555865, 'trop_k_veg': 2.4336356947036335}.
[I 2026-08-06 11:01:59,551] Trial 878 finished with values: [10.712749091987824, 10.712749091987824] and parameters: {'k1': 0.005272264723319183, 'D_low': 520.4862686958022, 'k2': 0.004149969043497543, 'D_high': 387.1917261003672, 'fire_exp': 1.7329145403564932, 'P_half': 310.3604223881657, 'pre_dampen_half': 63.6685916079943, 'gpp_af': 1.9706963379095486, 'gpp_b': 0.22727308251068193, 'gpp_d': 229.41380323183625, 'ign_k': 2.5253810447657927, 'ign_c': 3.470490935437501, 'trop_agb_crit': 8.997007571451054, 'trop_k_veg': 2.4336356947036335}.
[I 2026-08-06 11:02:01,587] Trial 879 finished with values: [-0.5888973776051383, 0.13834969605228353] and parameters: {'k1': 0.00488137519160367, 'D_low': 12.105387404469584, 'k2': 1.1065812688893481e-05, 'D_high': 61536.58035691648, 'fire_exp': 1.3170256885255098, 'P_half': 140.74279366401683, 'pre_dampen_half': 63.6685916079943, 'gpp_af': 5.335773317316405, 'gpp_b': 0.004821867175721073, 'gpp_d': 82.84476373292449, 'ign_k': 0.0049611344501914005, 'ign_c': 5.13055176058983, 'trop_agb_crit': 8.997007571451054, 'trop_k_veg': 2.4336356947036335}.
[I 2026-08-06 11:02:03,835] Trial 880 finished with values: [10.552487422365106, 10.552487422365106] and parameters: {'k1': 0.002525674232217022, 'D_low': 40.52505887227999, 'k2': 1.1065812688893481e-05, 'D_high': 5670.3463356272905, 'fire_exp': 3.2785320057129117, 'P_half': 4.213183643253957, 'pre_dampen_half': 63.6685916079943, 'gpp_af': 0.6403036652671171, 'gpp_b': 0.0005739662837359252, 'gpp_d': 14.792055086678463, 'ign_k': 3.589155871450839, 'ign_c': 5.13055176058983, 'trop_agb_crit': 7.500118950416987, 'trop_k_veg': 1.9799513595694562}.
[I 2026-08-06 11:02:05,952] Trial 881 finished with values: [-0.602439628366031, 0.0807713950531952] and parameters: {'k1': 0.008912611835817005, 'D_low': 355.00125258511594, 'k2': 0.0002228500345352386, 'D_high': 78.57247967427125, 'fire_exp': 1.3170256885255098, 'P_half': 140.74279366401683, 'pre_dampen_half': 331.7366635899375, 'gpp_af': 5.335773317316405, 'gpp_b': 0.01666658176842624, 'gpp_d': 395.3300852215303, 'ign_k': 0.21006485619596416, 'ign_c': 5.13055176058983, 'trop_agb_crit': 7.628718523810018, 'trop_k_veg': 2.5878603012249104}.
