[I 2026-06-10 19:33:57,947] Trial 592 finished with values: [10.410048156206901, 10.410048156206901] and parameters: {'k1': 0.0869690639641868, 'D_low': 1.605843632310088, 'k2': 2.316457903103837e-05, 'D_high': 714.4571308652828, 'fire_exp': 1.2060040899560858, 'P_half': 114.62237838612074, 'pre_dampen_half': 9.044346216330972, 'gpp_af': 14.161176080022173, 'gpp_b': 0.001674375583895437, 'gpp_d': 0.7923715993309053, 'ign_k': 1.6270983114897255, 'ign_c': 1.364908766641693, 'trop_agb_crit': 3.058280993112277, 'trop_k_veg': 2.99731137426955, 'fire_amp': 2.6192385880432525}.
[I 2026-06-10 19:33:59,256] Trial 593 finished with values: [10.067736179628218, 10.067736179628218] and parameters: {'k1': 0.0869690639641868, 'D_low': 1.605843632310088, 'k2': 0.02065142557895925, 'D_high': 48235.58283024493, 'fire_exp': 1.9095652801045373, 'P_half': 96.70857606743157, 'pre_dampen_half': 1.6130673726933187, 'gpp_af': 27.448645214004376, 'gpp_b': 2.800940363375676e-05, 'gpp_d': 14.427333163005196, 'ign_k': 1.6270983114897255, 'ign_c': 0.6235377135673155, 'trop_agb_crit': 3.058280993112277, 'trop_k_veg': 0.6618107836658104, 'fire_amp': 2.6192385880432525}.
[I 2026-06-10 19:34:00,567] Trial 594 finished with values: [-0.38065973900342615, 0.9757943206420593] and parameters: {'k1': 5.7909642338812115e-05, 'D_low': 2186.356344942016, 'k2': 2.316457903103837e-05, 'D_high': 1817.0401889219124, 'fire_exp': 1.1490848108902036, 'P_half': 61.6097529474144, 'pre_dampen_half': 189.36639872354493, 'gpp_af': 56.62858823465573, 'gpp_b': 0.002416023630607169, 'gpp_d': 7.631016235941559, 'ign_k': 0.8945150807271531, 'ign_c': 2.2882309479728957, 'trop_agb_crit': 21.086120736447015, 'trop_k_veg': 5.453348988480011, 'fire_amp': 4.19233232783727}.
[I 2026-06-10 19:34:01,854] Trial 595 finished with values: [-0.37783747983718285, 0.9787486632012437] and parameters: {'k1': 0.03820259936390116, 'D_low': 24.28756508761176, 'k2': 1.1417577140741129e-05, 'D_high': 1266.9536563782303, 'fire_exp': 1.111738490499784, 'P_half': 12.262543158860007, 'pre_dampen_half': 189.36639872354493, 'gpp_af': 56.62858823465573, 'gpp_b': 5.0875243087016374e-05, 'gpp_d': 7.631016235941559, 'ign_k': 0.09256855841989636, 'ign_c': 7.832259769732471, 'trop_agb_crit': 1.8023542850487386, 'trop_k_veg': 1.6648666152166967, 'fire_amp': 2.042193818779288}.
[I 2026-06-10 19:34:03,215] Trial 596 finished with values: [10.366478200542739, 10.366478200542739] and parameters: {'k1': 0.03820259936390116, 'D_low': 171.2446447678494, 'k2': 1.1417577140741129e-05, 'D_high': 6682.9607218310075, 'fire_exp': 1.2060040899560858, 'P_half': 18.93453091519153, 'pre_dampen_half': 189.36639872354493, 'gpp_af': 56.62858823465573, 'gpp_b': 5.0875243087016374e-05, 'gpp_d': 7.631016235941559, 'ign_k': 0.0029519227433917453, 'ign_c': 7.832259769732471, 'trop_agb_crit': 6.351751286408562, 'trop_k_veg': 2.520089655463604, 'fire_amp': 2.042193818779288}.
[I 2026-06-10 19:34:04,607] Trial 597 finished with values: [-0.30692710350173424, 0.9932101401363824] and parameters: {'k1': 0.028401063201780267, 'D_low': 9.882278532808778, 'k2': 0.02065142557895925, 'D_high': 48235.58283024493, 'fire_exp': 1.111738490499784, 'P_half': 78.13392238162733, 'pre_dampen_half': 9.044346216330972, 'gpp_af': 56.62858823465573, 'gpp_b': 0.002416023630607169, 'gpp_d': 1.4397852866783676, 'ign_k': 0.29415751391396583, 'ign_c': 1.488823059798356, 'trop_agb_crit': 1.0189592979395135, 'trop_k_veg': 6.825463866194253, 'fire_amp': 2.6192385880432525}.
[I 2026-06-10 19:34:06,204] Trial 598 finished with values: [10.671581476458076, 10.671581476458076] and parameters: {'k1': 0.012840669372724958, 'D_low': 24.28756508761176, 'k2': 1.1417577140741129e-05, 'D_high': 6682.9607218310075, 'fire_exp': 1.111738490499784, 'P_half': 774.5825831079144, 'pre_dampen_half': 38.00678588560607, 'gpp_af': 56.62858823465573, 'gpp_b': 0.002416023630607169, 'gpp_d': 1.0088237648985734, 'ign_k': 0.09256855841989636, 'ign_c': 7.832259769732471, 'trop_agb_crit': 21.086120736447015, 'trop_k_veg': 5.453348988480011, 'fire_amp': 2.042193818779288}.
[I 2026-06-10 19:34:07,478] Trial 599 finished with values: [10.285097460819664, 10.285097460819664] and parameters: {'k1': 5.7909642338812115e-05, 'D_low': 1074.940539517341, 'k2': 0.005204862686958021, 'D_high': 42210.21267871043, 'fire_exp': 1.2060040899560858, 'P_half': 12.262543158860007, 'pre_dampen_half': 189.36639872354493, 'gpp_af': 0.8594202650742228, 'gpp_b': 0.001674375583895437, 'gpp_d': 0.1619054449471649, 'ign_k': 0.09256855841989636, 'ign_c': 2.2882309479728957, 'trop_agb_crit': 2.0527418919564324, 'trop_k_veg': 5.453348988480011, 'fire_amp': 1.5719333351012774}.
[I 2026-06-10 19:34:08,745] Trial 600 finished with values: [10.66953200114369, 10.66953200114369] and parameters: {'k1': 0.0869690639641868, 'D_low': 2067.91871434888, 'k2': 0.0001280886335404798, 'D_high': 6682.9607218310075, 'fire_exp': 1.2060040899560858, 'P_half': 1.4551749476072258, 'pre_dampen_half': 1.4270448359329697, 'gpp_af': 0.3939208112794227, 'gpp_b': 0.001674375583895437, 'gpp_d': 14.427333163005196, 'ign_k': 0.05681482545113266, 'ign_c': 1.364908766641693, 'trop_agb_crit': 1.2489332852689512, 'trop_k_veg': 2.99731137426955, 'fire_amp': 5.831305332032283}.
[I 2026-06-10 19:34:10,084] Trial 601 finished with values: [10.068151214864491, 10.068151214864491] and parameters: {'k1': 0.03820259936390116, 'D_low': 43.2326421037033, 'k2': 7.531057256501231e-05, 'D_high': 431.45617043093523, 'fire_exp': 1.264103030891254, 'P_half': 1.9678273362633985, 'pre_dampen_half': 189.36639872354493, 'gpp_af': 56.62858823465573, 'gpp_b': 0.002416023630607169, 'gpp_d': 1.0088237648985734, 'ign_k': 0.03845635122720663, 'ign_c': 7.832259769732471, 'trop_agb_crit': 1.8023542850487386, 'trop_k_veg': 6.825463866194253, 'fire_amp': 5.44779717154213}.
[I 2026-06-10 19:34:11,491] Trial 602 finished with values: [10.012541105465948, 10.012541105465948] and parameters: {'k1': 0.00026539376439360527, 'D_low': 2186.356344942016, 'k2': 0.0008255198309657572, 'D_high': 1266.9536563782303, 'fire_exp': 1.111738490499784, 'P_half': 12.262543158860007, 'pre_dampen_half': 189.36639872354493, 'gpp_af': 3.030008727251782, 'gpp_b': 5.0875243087016374e-05, 'gpp_d': 525.1661172395181, 'ign_k': 0.0012663923057989628, 'ign_c': 7.832259769732471, 'trop_agb_crit': 3.1920112940578624, 'trop_k_veg': 1.6003641872536711, 'fire_amp': 4.472176921013167}.
[I 2026-06-10 19:34:12,829] Trial 603 finished with values: [10.389741506473914, 10.389741506473914] and parameters: {'k1': 0.00026539376439360527, 'D_low': 50.32059347286801, 'k2': 0.02065142557895925, 'D_high': 42210.21267871043, 'fire_exp': 1.1633452995374232, 'P_half': 996.7983879709292, 'pre_dampen_half': 189.36639872354493, 'gpp_af': 0.07302012718529301, 'gpp_b': 0.00036184510553922684, 'gpp_d': 1.4397852866783676, 'ign_k': 0.8945150807271531, 'ign_c': 16.497426799845446, 'trop_agb_crit': 3.1419938725278875, 'trop_k_veg': 1.6003641872536711, 'fire_amp': 4.472176921013167}.
[I 2026-06-10 19:34:14,142] Trial 604 finished with values: [-0.30874760141515317, 0.9942342004337308] and parameters: {'k1': 0.03820259936390116, 'D_low': 5.08290658294838, 'k2': 0.0001280886335404798, 'D_high': 48235.58283024493, 'fire_exp': 1.264103030891254, 'P_half': 5.4712187293420325, 'pre_dampen_half': 42.05657072871069, 'gpp_af': 56.62858823465573, 'gpp_b': 0.00013164432569139702, 'gpp_d': 0.7961191926812561, 'ign_k': 0.06219881174029358, 'ign_c': 1.488823059798356, 'trop_agb_crit': 1.0189592979395135, 'trop_k_veg': 2.1406449943451844, 'fire_amp': 2.0433579207802377}.
[I 2026-06-10 19:34:15,489] Trial 605 finished with values: [10.800728159383176, 10.800728159383176] and parameters: {'k1': 5.7909642338812115e-05, 'D_low': 236.79352040223893, 'k2': 0.02065142557895925, 'D_high': 6682.9607218310075, 'fire_exp': 3.803403214687732, 'P_half': 2.226799690893868, 'pre_dampen_half': 9.044346216330972, 'gpp_af': 3.298293484806585, 'gpp_b': 0.001674375583895437, 'gpp_d': 1.4397852866783676, 'ign_k': 0.09256855841989636, 'ign_c': 1.364908766641693, 'trop_agb_crit': 1.0189592979395135, 'trop_k_veg': 5.453348988480011, 'fire_amp': 2.6014979556220936}.
[I 2026-06-10 19:34:16,796] Trial 606 finished with values: [13.270710396975343, 13.270710396975343] and parameters: {'k1': 0.0009898117700885534, 'D_low': 270.15957920129443, 'k2': 0.018467059900514494, 'D_high': 18108.14362107968, 'fire_exp': 1.111738490499784, 'P_half': 70.91190338709636, 'pre_dampen_half': 269.0845367054866, 'gpp_af': 1.9998014714101113, 'gpp_b': 1.4008921101492135e-05, 'gpp_d': 47.35384181058586, 'ign_k': 3.965503094323014, 'ign_c': 1.3431925993528124, 'trop_agb_crit': 8.0091368834625, 'trop_k_veg': 4.0068236274914755, 'fire_amp': 3.0602124456299986}.
[I 2026-06-10 19:34:18,232] Trial 607 finished with values: [10.17307586051368, 10.17307586051368] and parameters: {'k1': 0.0869690639641868, 'D_low': 16.480446427978972, 'k2': 0.0007731571570012607, 'D_high': 20103.283734409175, 'fire_exp': 5.8194676931800995, 'P_half': 1.4551749476072258, 'pre_dampen_half': 121.93011993958949, 'gpp_af': 11.612579322936512, 'gpp_b': 0.0015782327810795573, 'gpp_d': 0.47379914349407487, 'ign_k': 0.9419612235978201, 'ign_c': 7.832259769732471, 'trop_agb_crit': 1.0189592979395135, 'trop_k_veg': 3.6616459585256997, 'fire_amp': 5.540410692872822}.
[I 2026-06-10 19:34:19,620] Trial 608 finished with values: [10.052930826200571, 10.052930826200571] and parameters: {'k1': 5.7909642338812115e-05, 'D_low': 2186.356344942016, 'k2': 0.0007731571570012607, 'D_high': 1817.0401889219124, 'fire_exp': 1.111738490499784, 'P_half': 1.4551749476072258, 'pre_dampen_half': 189.36639872354493, 'gpp_af': 3.298293484806585, 'gpp_b': 0.002416023630607169, 'gpp_d': 7.631016235941559, 'ign_k': 0.8945150807271531, 'ign_c': 2.2882309479728957, 'trop_agb_crit': 1.438876022196885, 'trop_k_veg': 5.453348988480011, 'fire_amp': 2.042193818779288}.
[I 2026-06-10 19:34:20,917] Trial 609 finished with values: [10.287969315759051, 10.287969315759051] and parameters: {'k1': 5.7909642338812115e-05, 'D_low': 13.012518385211498, 'k2': 1.1417577140741129e-05, 'D_high': 1817.0401889219124, 'fire_exp': 1.111738490499784, 'P_half': 12.262543158860007, 'pre_dampen_half': 189.36639872354493, 'gpp_af': 1.9998014714101113, 'gpp_b': 0.002416023630607169, 'gpp_d': 1.0088237648985734, 'ign_k': 0.09256855841989636, 'ign_c': 2.2882309479728957, 'trop_agb_crit': 8.0091368834625, 'trop_k_veg': 1.6648666152166967, 'fire_amp': 2.042193818779288}.
[I 2026-06-10 19:34:22,255] Trial 610 finished with values: [-0.44310354492808807, 0.9511154901112295] and parameters: {'k1': 0.012840669372724958, 'D_low': 43.2326421037033, 'k2': 7.531057256501231e-05, 'D_high': 431.45617043093523, 'fire_exp': 1.264103030891254, 'P_half': 1.9678273362633985, 'pre_dampen_half': 189.36639872354493, 'gpp_af': 3.298293484806585, 'gpp_b': 0.00013164432569139702, 'gpp_d': 1.0088237648985734, 'ign_k': 0.03845635122720663, 'ign_c': 7.832259769732471, 'trop_agb_crit': 1.0189592979395135, 'trop_k_veg': 4.796046723963646, 'fire_amp': 4.19233232783727}.
[I 2026-06-10 19:34:23,552] Trial 611 finished with values: [10.006282293414566, 10.006282293414566] and parameters: {'k1': 5.7909642338812115e-05, 'D_low': 1.605843632310088, 'k2': 0.02065142557895925, 'D_high': 48235.58283024493, 'fire_exp': 1.111738490499784, 'P_half': 1.4551749476072258, 'pre_dampen_half': 9.044346216330972, 'gpp_af': 3.298293484806585, 'gpp_b': 1.2864576564815137e-05, 'gpp_d': 7.631016235941559, 'ign_k': 0.8945150807271531, 'ign_c': 1.488823059798356, 'trop_agb_crit': 1.0189592979395135, 'trop_k_veg': 4.796046723963646, 'fire_amp': 2.042193818779288}.
[I 2026-06-10 19:34:24,936] Trial 612 finished with values: [10.646775596442684, 10.646775596442684] and parameters: {'k1': 5.7909642338812115e-05, 'D_low': 9.882278532808778, 'k2': 1.1417577140741129e-05, 'D_high': 6682.9607218310075, 'fire_exp': 1.111738490499784, 'P_half': 12.262543158860007, 'pre_dampen_half': 9.044346216330972, 'gpp_af': 0.009525547092124444, 'gpp_b': 0.002416023630607169, 'gpp_d': 7.631016235941559, 'ign_k': 0.29415751391396583, 'ign_c': 1.364908766641693, 'trop_agb_crit': 1.8023542850487386, 'trop_k_veg': 2.99731137426955, 'fire_amp': 2.042193818779288}.
[I 2026-06-10 19:34:26,633] Trial 613 finished with values: [10.23428340992183, 10.23428340992183] and parameters: {'k1': 0.00026539376439360527, 'D_low': 236.79352040223893, 'k2': 0.028670350305540694, 'D_high': 6682.9607218310075, 'fire_exp': 1.111738490499784, 'P_half': 78.13392238162733, 'pre_dampen_half': 9.044346216330972, 'gpp_af': 3.298293484806585, 'gpp_b': 0.002416023630607169, 'gpp_d': 7.631016235941559, 'ign_k': 0.09256855841989636, 'ign_c': 0.10721400017185365, 'trop_agb_crit': 1.8023542850487386, 'trop_k_veg': 2.99731137426955, 'fire_amp': 2.042193818779288}.
[I 2026-06-10 19:34:27,873] Trial 614 finished with values: [10.472747273353935, 10.472747273353935] and parameters: {'k1': 0.00031134168041628584, 'D_low': 1.3376564232104105, 'k2': 0.0004976087827261435, 'D_high': 48235.58283024493, 'fire_exp': 1.111738490499784, 'P_half': 774.5825831079144, 'pre_dampen_half': 38.00678588560607, 'gpp_af': 0.09885838682552685, 'gpp_b': 1.1008110571039521e-05, 'gpp_d': 1.0088237648985734, 'ign_k': 0.09256855841989636, 'ign_c': 2.2882309479728957, 'trop_agb_crit': 21.086120736447015, 'trop_k_veg': 5.453348988480011, 'fire_amp': 4.19233232783727}.
[I 2026-06-10 19:34:29,139] Trial 615 finished with values: [10.242410030010316, 10.242410030010316] and parameters: {'k1': 0.00026539376439360527, 'D_low': 1074.940539517341, 'k2': 0.028670350305540694, 'D_high': 6682.9607218310075, 'fire_exp': 1.0601964743503993, 'P_half': 78.13392238162733, 'pre_dampen_half': 9.044346216330972, 'gpp_af': 3.298293484806585, 'gpp_b': 1.4008921101492135e-05, 'gpp_d': 17.273230592904202, 'ign_k': 3.909508806930522, 'ign_c': 1.364908766641693, 'trop_agb_crit': 1.0189592979395135, 'trop_k_veg': 2.99731137426955, 'fire_amp': 1.5719333351012774}.
[I 2026-06-10 19:34:30,390] Trial 616 finished with values: [10.03707180218528, 10.03707180218528] and parameters: {'k1': 0.0007916322947490366, 'D_low': 236.79352040223893, 'k2': 1.1417577140741129e-05, 'D_high': 1266.9536563782303, 'fire_exp': 1.111738490499784, 'P_half': 12.262543158860007, 'pre_dampen_half': 189.36639872354493, 'gpp_af': 3.030008727251782, 'gpp_b': 5.0875243087016374e-05, 'gpp_d': 7.631016235941559, 'ign_k': 0.09256855841989636, 'ign_c': 16.497426799845446, 'trop_agb_crit': 8.0091368834625, 'trop_k_veg': 0.9923523017201868, 'fire_amp': 2.6192385880432525}.
[I 2026-06-10 19:34:31,640] Trial 617 finished with values: [10.82634084697517, 10.82634084697517] and parameters: {'k1': 5.7909642338812115e-05, 'D_low': 1.4002277211577039, 'k2': 0.0007731571570012607, 'D_high': 1817.0401889219124, 'fire_exp': 1.7517910233753213, 'P_half': 5106.674528526557, 'pre_dampen_half': 38.00678588560607, 'gpp_af': 1.9706963379095486, 'gpp_b': 0.006999112505425414, 'gpp_d': 1.0088237648985734, 'ign_k': 0.09256855841989636, 'ign_c': 7.832259769732471, 'trop_agb_crit': 1.850652607502099, 'trop_k_veg': 1.6003641872536711, 'fire_amp': 5.44779717154213}.
[I 2026-06-10 19:34:32,963] Trial 618 finished with values: [10.299652410884311, 10.299652410884311] and parameters: {'k1': 0.03820259936390116, 'D_low': 5.08290658294838, 'k2': 0.02065142557895925, 'D_high': 6682.9607218310075, 'fire_exp': 1.233919071594971, 'P_half': 18.93453091519153, 'pre_dampen_half': 9.044346216330972, 'gpp_af': 56.62858823465573, 'gpp_b': 2.800940363375676e-05, 'gpp_d': 14.427333163005196, 'ign_k': 0.0017420858817889426, 'ign_c': 0.773448215664679, 'trop_agb_crit': 6.351751286408562, 'trop_k_veg': 4.796046723963646, 'fire_amp': 2.6192385880432525}.
[I 2026-06-10 19:34:34,293] Trial 619 finished with values: [10.886679508218753, 10.886679508218753] and parameters: {'k1': 0.03820259936390116, 'D_low': 5.08290658294838, 'k2': 0.005204862686958021, 'D_high': 48235.58283024493, 'fire_exp': 1.7505406131449859, 'P_half': 18.93453091519153, 'pre_dampen_half': 9.044346216330972, 'gpp_af': 3.298293484806585, 'gpp_b': 2.800940363375676e-05, 'gpp_d': 14.427333163005196, 'ign_k': 0.8945150807271531, 'ign_c': 2.2882309479728957, 'trop_agb_crit': 1.0189592979395135, 'trop_k_veg': 6.825463866194253, 'fire_amp': 2.6192385880432525}.
[I 2026-06-10 19:34:35,537] Trial 620 finished with values: [10.367698853672785, 10.367698853672785] and parameters: {'k1': 5.7909642338812115e-05, 'D_low': 50.32059347286801, 'k2': 0.02065142557895925, 'D_high': 1266.9536563782303, 'fire_exp': 1.111738490499784, 'P_half': 2.6691447170887805, 'pre_dampen_half': 189.36639872354493, 'gpp_af': 3.030008727251782, 'gpp_b': 0.002416023630607169, 'gpp_d': 1.0088237648985734, 'ign_k': 0.09256855841989636, 'ign_c': 2.2882309479728957, 'trop_agb_crit': 8.0091368834625, 'trop_k_veg': 5.453348988480011, 'fire_amp': 2.042193818779288}.
[I 2026-06-10 19:34:36,783] Trial 621 finished with values: [-0.5609759396202636, 0.6826068233107303] and parameters: {'k1': 0.0007916322947490366, 'D_low': 236.79352040223893, 'k2': 0.005204862686958021, 'D_high': 6682.9607218310075, 'fire_exp': 1.2060040899560858, 'P_half': 114.62237838612074, 'pre_dampen_half': 189.36639872354493, 'gpp_af': 1.9998014714101113, 'gpp_b': 0.001674375583895437, 'gpp_d': 1.4397852866783676, 'ign_k': 0.09256855841989636, 'ign_c': 16.497426799845446, 'trop_agb_crit': 8.0091368834625, 'trop_k_veg': 5.453348988480011, 'fire_amp': 2.6192385880432525}.
[I 2026-06-10 19:34:37,999] Trial 622 finished with values: [-0.41305107743325364, 0.9712385845409168] and parameters: {'k1': 5.7909642338812115e-05, 'D_low': 13.012518385211498, 'k2': 1.1417577140741129e-05, 'D_high': 1817.0401889219124, 'fire_exp': 1.2060040899560858, 'P_half': 5.4712187293420325, 'pre_dampen_half': 189.36639872354493, 'gpp_af': 3.298293484806585, 'gpp_b': 0.002416023630607169, 'gpp_d': 0.26636419343091605, 'ign_k': 0.09256855841989636, 'ign_c': 0.773448215664679, 'trop_agb_crit': 8.462233625364036, 'trop_k_veg': 2.9779319378885387, 'fire_amp': 5.44779717154213}.
[I 2026-06-10 19:34:39,238] Trial 623 finished with values: [10.002079586989419, 10.002079586989419] and parameters: {'k1': 0.012840669372724958, 'D_low': 1.4002277211577039, 'k2': 1.1417577140741129e-05, 'D_high': 431.45617043093523, 'fire_exp': 1.0601964743503993, 'P_half': 2.226799690893868, 'pre_dampen_half': 189.36639872354493, 'gpp_af': 0.035629505481532577, 'gpp_b': 0.005386676499630372, 'gpp_d': 1.0088237648985734, 'ign_k': 0.00840038491455979, 'ign_c': 48.704711413416454, 'trop_agb_crit': 1.8023542850487386, 'trop_k_veg': 1.6648666152166967, 'fire_amp': 4.19233232783727}.
[I 2026-06-10 19:34:40,573] Trial 624 finished with values: [13.841569606327045, 13.841569606327045] and parameters: {'k1': 0.05466937478766084, 'D_low': 133.4807155996069, 'k2': 0.005204862686958021, 'D_high': 32311.521854410956, 'fire_exp': 1.2060040899560858, 'P_half': 157.3644610977214, 'pre_dampen_half': 189.36639872354493, 'gpp_af': 0.05729456628445246, 'gpp_b': 1.1008110571039521e-05, 'gpp_d': 525.1661172395181, 'ign_k': 0.09256855841989636, 'ign_c': 7.081721844034206, 'trop_agb_crit': 8.0091368834625, 'trop_k_veg': 5.453348988480011, 'fire_amp': 4.472176921013167}.
[I 2026-06-10 19:34:41,871] Trial 625 finished with values: [-0.6598401545963454, 0.39299645247858883] and parameters: {'k1': 5.7909642338812115e-05, 'D_low': 2.5449737887285035, 'k2': 0.02065142557895925, 'D_high': 1817.0401889219124, 'fire_exp': 1.2060040899560858, 'P_half': 2.226799690893868, 'pre_dampen_half': 189.36639872354493, 'gpp_af': 0.8594202650742228, 'gpp_b': 0.001674375583895437, 'gpp_d': 1.0088237648985734, 'ign_k': 0.09256855841989636, 'ign_c': 2.2882309479728957, 'trop_agb_crit': 8.0091368834625, 'trop_k_veg': 5.453348988480011, 'fire_amp': 2.6192385880432525}.
[I 2026-06-10 19:34:43,140] Trial 626 finished with values: [10.651979489455194, 10.651979489455194] and parameters: {'k1': 0.0008779848797373387, 'D_low': 236.79352040223893, 'k2': 0.02065142557895925, 'D_high': 6682.9607218310075, 'fire_exp': 1.9095652801045373, 'P_half': 1.4551749476072258, 'pre_dampen_half': 350.88322284755304, 'gpp_af': 27.448645214004376, 'gpp_b': 0.006999112505425414, 'gpp_d': 14.427333163005196, 'ign_k': 0.05681482545113266, 'ign_c': 0.5232779509048977, 'trop_agb_crit': 1.2489332852689512, 'trop_k_veg': 4.796046723963646, 'fire_amp': 5.831305332032283}.
[I 2026-06-10 19:34:44,334] Trial 627 finished with values: [-0.5474692723269952, 0.2785232356430615] and parameters: {'k1': 0.00026539376439360527, 'D_low': 2186.356344942016, 'k2': 0.005204862686958021, 'D_high': 1817.0401889219124, 'fire_exp': 1.111738490499784, 'P_half': 157.3644610977214, 'pre_dampen_half': 189.36639872354493, 'gpp_af': 1.9998014714101113, 'gpp_b': 5.0875243087016374e-05, 'gpp_d': 76.38081075786287, 'ign_k': 0.09256855841989636, 'ign_c': 16.497426799845446, 'trop_agb_crit': 8.0091368834625, 'trop_k_veg': 5.453348988480011, 'fire_amp': 2.6192385880432525}.
[I 2026-06-10 19:34:45,517] Trial 628 finished with values: [-0.36352547230507615, 0.9897478443208741] and parameters: {'k1': 0.00026539376439360527, 'D_low': 43.2326421037033, 'k2': 0.02065142557895925, 'D_high': 42210.21267871043, 'fire_exp': 1.0601964743503993, 'P_half': 12.262543158860007, 'pre_dampen_half': 189.36639872354493, 'gpp_af': 3.298293484806585, 'gpp_b': 0.00013164432569139702, 'gpp_d': 1.0088237648985734, 'ign_k': 0.03845635122720663, 'ign_c': 7.832259769732471, 'trop_agb_crit': 8.0091368834625, 'trop_k_veg': 2.1406449943451844, 'fire_amp': 1.5719333351012774}.
