[I 2026-08-19 12:53:56,551] Trial 180 finished with values: [-0.4080394159111086, 0.002628861629979329] and parameters: {'k1': 0.005456725485601475, 'D_low': 286.06841726052676, 'k2': 0.0016150602315370215, 'D_high': 4137.7016715719255, 'fire_exp': 1.5209604310225395, 'P_half': 6220.327170121322, 'pre_dampen_half': 0.19674328025306115, 'gpp_af': 0.005018406982902927, 'gpp_b': 0.0007417652034871827, 'gpp_d': 3.9841905944346854, 'ign_k': 0.1537592023548176, 'ign_c': 0.5488047000766043, 'trop_agb_crit': 27.05166881899929, 'trop_k_veg': 4.288672925586801, 'pop_amp': 10.985330528057915, 'pop_peak': 124.59108591586542, 'pop_sig': 0.2777678917098414, 'fuel_k': 3.640039183945803, 'fuel_half': 0.18427970406864538}.
[I 2026-08-19 12:53:59,676] Trial 181 finished with values: [-0.37831352903720933, 1.822986206434507e-13] and parameters: {'k1': 2.9693357731296325e-05, 'D_low': 1.8677210807213769, 'k2': 0.0019856031481305684, 'D_high': 1814.597053180889, 'fire_exp': 6.464773756830049, 'P_half': 8894.151386481904, 'pre_dampen_half': 0.2571419084734534, 'gpp_af': 0.0077125451401819246, 'gpp_b': 1.1615179049175124e-05, 'gpp_d': 118.26972885708257, 'ign_k': 0.0023181776112903506, 'ign_c': 12.366924205139131, 'trop_agb_crit': 3.544180417534903, 'trop_k_veg': 4.30392173391187, 'pop_amp': 0.029228481237926353, 'pop_peak': 0.17274196344453516, 'pop_sig': 1.804482856986987, 'fuel_k': 0.06525050422102326, 'fuel_half': 17.890117928710357}.
  trial  182/2500  pareto_size=16  best_ilamb=0.6094  (8.3 min)
[I 2026-08-19 12:54:02,135] Trial 182 finished with values: [-0.3554625854118624, 0.0] and parameters: {'k1': 0.09372580613581186, 'D_low': 2.400213216646464, 'k2': 0.0011619873314872927, 'D_high': 4137.7016715719255, 'fire_exp': 6.2400230621325194, 'P_half': 6220.327170121322, 'pre_dampen_half': 65.77017096798056, 'gpp_af': 0.18737227240512885, 'gpp_b': 0.05825704883392061, 'gpp_d': 650.4921701204659, 'ign_k': 0.04439802552990466, 'ign_c': 158.27817125573188, 'trop_agb_crit': 4.018584329485901, 'trop_k_veg': 3.1055119128084763, 'pop_amp': 0.004708042915737182, 'pop_peak': 10.679600530994481, 'pop_sig': 1.0424917012813995, 'fuel_k': 4.04437775870989, 'fuel_half': 0.3497028715561063}.
[I 2026-08-19 12:54:04,578] Trial 183 finished with values: [-0.3554625854118624, 0.0] and parameters: {'k1': 0.0011375171592588656, 'D_low': 975.3810162817546, 'k2': 0.0003856302813879373, 'D_high': 577.4987726789047, 'fire_exp': 6.44705173818705, 'P_half': 6281.776703992854, 'pre_dampen_half': 216.45199495862124, 'gpp_af': 36.830088529547496, 'gpp_b': 0.011696458740181149, 'gpp_d': 3.2179661649786304, 'ign_k': 1.5602015889668863, 'ign_c': 39.797493741031076, 'trop_agb_crit': 10.886548068709027, 'trop_k_veg': 4.541505658710469, 'pop_amp': 0.5300002490710547, 'pop_peak': 1.421337820414783, 'pop_sig': 0.5936397333168194, 'fuel_k': 0.01824299099180509, 'fuel_half': 5.430507564500919}.
[I 2026-08-19 12:54:06,775] Trial 184 finished with values: [-0.3555489251448037, 1.1771054131415326e-09] and parameters: {'k1': 0.021863563449420156, 'D_low': 806144.8506535876, 'k2': 0.00126695365637823, 'D_high': 1661855.441285105, 'fire_exp': 1.0501937052663004, 'P_half': 1.1845753911529378, 'pre_dampen_half': 4.412509669839992, 'gpp_af': 49.583649914027546, 'gpp_b': 0.028780534359197463, 'gpp_d': 976.4961889396907, 'ign_k': 0.1647069822172432, 'ign_c': 117.15293025123641, 'trop_agb_crit': 16.812382192913706, 'trop_k_veg': 1.8914629029068306, 'pop_amp': 0.0011150475527947471, 'pop_peak': 12.235037235987985, 'pop_sig': 1.9859058288798883, 'fuel_k': 2.6779274788719736, 'fuel_half': 1.7918446176734728}.
[I 2026-08-19 12:54:09,606] Trial 185 finished with values: [-0.3554625854118624, 0.0] and parameters: {'k1': 0.05217998579193211, 'D_low': 20663.82283281975, 'k2': 0.0019339745640818936, 'D_high': 14.207404990676052, 'fire_exp': 1.692211886570661, 'P_half': 111.3550118475728, 'pre_dampen_half': 958.6709783968975, 'gpp_af': 0.13402388198950174, 'gpp_b': 0.011108675282673156, 'gpp_d': 0.16294786031575217, 'ign_k': 0.009935023909063692, 'ign_c': 27.70002555743451, 'trop_agb_crit': 2.6689615974393592, 'trop_k_veg': 0.5286133593985778, 'pop_amp': 0.0021433490423168255, 'pop_peak': 5.866350595696869, 'pop_sig': 0.8521762792373568, 'fuel_k': 0.013930721937333756, 'fuel_half': 46.94418916845851}.
[I 2026-08-19 12:54:12,382] Trial 186 finished with values: [-0.3554625854118624, 0.0] and parameters: {'k1': 0.09694989616890215, 'D_low': 1368.9795993592197, 'k2': 0.011911039386071291, 'D_high': 14.207404990676052, 'fire_exp': 7.856097010829145, 'P_half': 9.758709881516557, 'pre_dampen_half': 4.5768578731086835, 'gpp_af': 0.004423816211030584, 'gpp_b': 0.004835865362182062, 'gpp_d': 63.84398027045259, 'ign_k': 0.009935023909063692, 'ign_c': 48.61863231847272, 'trop_agb_crit': 8.18559705330321, 'trop_k_veg': 1.349711319511071, 'pop_amp': 0.0021433490423168255, 'pop_peak': 38.67465630287728, 'pop_sig': 0.8284145337526263, 'fuel_k': 1.3983545687571308, 'fuel_half': 46.94418916845851}.
[I 2026-08-19 12:54:14,743] Trial 187 finished with values: [-0.3554625854118624, 0.0] and parameters: {'k1': 0.00031489116479568613, 'D_low': 506157.68887523044, 'k2': 0.008471801418819975, 'D_high': 39079.671568228776, 'fire_exp': 1.4322493718230251, 'P_half': 4.2070539502879365, 'pre_dampen_half': 0.0195172246414495, 'gpp_af': 21.42302175774105, 'gpp_b': 0.021918335723906092, 'gpp_d': 479.4837252202705, 'ign_k': 0.0012087541473056963, 'ign_c': 757.9479953347999, 'trop_agb_crit': 1.391686660241692, 'trop_k_veg': 2.751138759371881, 'pop_amp': 0.006053891567028103, 'pop_peak': 0.3074668528543553, 'pop_sig': 0.5037119471039664, 'fuel_k': 0.28698073046474143, 'fuel_half': 1.976218934028007}.
[I 2026-08-19 12:54:17,307] Trial 188 finished with values: [-0.3554625854118624, 0.0] and parameters: {'k1': 0.0010319747789063166, 'D_low': 13879.34501870045, 'k2': 0.001481080073036349, 'D_high': 523.8989315858803, 'fire_exp': 4.2452218366067225, 'P_half': 2.1234210963705626, 'pre_dampen_half': 233.2883871089531, 'gpp_af': 12.971876440863593, 'gpp_b': 0.001449251800073137, 'gpp_d': 0.24231943110844462, 'ign_k': 0.12273630375458194, 'ign_c': 98.40989343758308, 'trop_agb_crit': 1.8730954962803803, 'trop_k_veg': 0.8934118487032162, 'pop_amp': 0.039211334819424695, 'pop_peak': 0.08341701352955977, 'pop_sig': 0.8497567836052746, 'fuel_k': 0.3176626387065175, 'fuel_half': 8.17127270071559}.
[I 2026-08-19 12:54:19,808] Trial 189 finished with values: [-0.38725685997846904, 0.003985929053835879] and parameters: {'k1': 1.1650681118986128e-05, 'D_low': 27972.024228472703, 'k2': 0.0019856031481305684, 'D_high': 74308.20019313856, 'fire_exp': 1.3796609641485171, 'P_half': 5.59983195169599, 'pre_dampen_half': 0.8583743499363278, 'gpp_af': 0.0077125451401819246, 'gpp_b': 9.67374839440457e-05, 'gpp_d': 118.26972885708257, 'ign_k': 9.162638829638215, 'ign_c': 27.70002555743451, 'trop_agb_crit': 3.544180417534903, 'trop_k_veg': 4.30392173391187, 'pop_amp': 0.6896221126698381, 'pop_peak': 0.17274196344453516, 'pop_sig': 2.3590284081131094, 'fuel_k': 0.15552861105540366, 'fuel_half': 1.0228520845452074}.
  trial  190/2500  pareto_size=16  best_ilamb=0.6094  (8.7 min)
[I 2026-08-19 12:54:22,543] Trial 190 finished with values: [-0.3554625854118624, 0.0] and parameters: {'k1': 0.011069082134755388, 'D_low': 27972.024228472703, 'k2': 0.001481080073036349, 'D_high': 1125.2084792690184, 'fire_exp': 3.8979230431144027, 'P_half': 5347.027553411488, 'pre_dampen_half': 0.015372374060846974, 'gpp_af': 12.971876440863593, 'gpp_b': 0.13406466700501582, 'gpp_d': 118.26972885708257, 'ign_k': 0.45791923103229365, 'ign_c': 12.366924205139131, 'trop_agb_crit': 3.3887235042490564, 'trop_k_veg': 2.5117307861546383, 'pop_amp': 0.04874366481145617, 'pop_peak': 162.62551614461097, 'pop_sig': 0.8497567836052746, 'fuel_k': 0.11148299766359336, 'fuel_half': 2.44365199339694}.
[I 2026-08-19 12:54:24,831] Trial 191 finished with values: [-0.387947703546584, 0.0001680198597034943] and parameters: {'k1': 0.005456725485601475, 'D_low': 437.4364439939077, 'k2': 3.077180271250682e-05, 'D_high': 46.00919967107137, 'fire_exp': 1.8678802571070678, 'P_half': 2065.142557895925, 'pre_dampen_half': 0.19674328025306115, 'gpp_af': 2.0540519425388455, 'gpp_b': 1.788789091682049e-05, 'gpp_d': 0.050654860639753524, 'ign_k': 1.6172900811143154, 'ign_c': 5.141531903173451, 'trop_agb_crit': 17.69486533706496, 'trop_k_veg': 4.288672925586801, 'pop_amp': 0.008683934086503814, 'pop_peak': 352.89806695809773, 'pop_sig': 0.9904669476016459, 'fuel_k': 3.640039183945803, 'fuel_half': 0.18427970406864538}.
[I 2026-08-19 12:54:26,992] Trial 192 finished with values: [-0.42386778141283343, 0.007460344023203391] and parameters: {'k1': 0.0029070516815839368, 'D_low': 1.6569065206637925, 'k2': 0.0003856302813879373, 'D_high': 24493.271671328574, 'fire_exp': 1.1633452995374232, 'P_half': 6281.776703992854, 'pre_dampen_half': 0.09467055845337147, 'gpp_af': 0.41874665092828456, 'gpp_b': 0.0004837646996135023, 'gpp_d': 1.0088237648985734, 'ign_k': 0.3818468247973969, 'ign_c': 0.5110256715654393, 'trop_agb_crit': 3.923744278402932, 'trop_k_veg': 5.453348988480011, 'pop_amp': 11.72926995754655, 'pop_peak': 0.5393162598439744, 'pop_sig': 0.4663206866626952, 'fuel_k': 1.3626356448811705, 'fuel_half': 1.9255395572015603}.
[I 2026-08-19 12:54:29,446] Trial 193 finished with values: [-0.3554625854118624, 0.0] and parameters: {'k1': 0.021863563449420156, 'D_low': 16402.29067110099, 'k2': 0.00126695365637823, 'D_high': 577.4987726789047, 'fire_exp': 1.8720063885874743, 'P_half': 267.2146013620241, 'pre_dampen_half': 372.8155624293852, 'gpp_af': 36.830088529547496, 'gpp_b': 0.028780534359197463, 'gpp_d': 0.23457196365169425, 'ign_k': 0.1647069822172432, 'ign_c': 39.930315840566834, 'trop_agb_crit': 16.812382192913706, 'trop_k_veg': 0.8861882400007739, 'pop_amp': 0.007215028764483883, 'pop_peak': 0.1939631395974494, 'pop_sig': 1.8528333992769594, 'fuel_k': 0.27631890369709744, 'fuel_half': 5.430507564500919}.
[I 2026-08-19 12:54:32,139] Trial 194 finished with values: [-0.3554625854118624, 0.0] and parameters: {'k1': 1.8064907756357243e-05, 'D_low': 241709.96068266948, 'k2': 0.039964301676942524, 'D_high': 24493.271671328574, 'fire_exp': 9.42746237183547, 'P_half': 21.577279477693462, 'pre_dampen_half': 30.960543083273937, 'gpp_af': 0.4791614072461613, 'gpp_b': 0.12060615013618084, 'gpp_d': 117.2128156438701, 'ign_k': 0.17320535908244444, 'ign_c': 89.12611835816996, 'trop_agb_crit': 1.8566494291193822, 'trop_k_veg': 4.891066132801691, 'pop_amp': 12.165162567684659, 'pop_peak': 66.11673186504072, 'pop_sig': 0.4663206866626952, 'fuel_k': 0.6153584041797165, 'fuel_half': 0.16466269795608543}.
[I 2026-08-19 12:54:34,823] Trial 195 finished with values: [-0.40605454954485065, 2.1366242108911138e-12] and parameters: {'k1': 0.0004846497679219079, 'D_low': 1.6569065206637925, 'k2': 0.0002001342062287998, 'D_high': 24493.271671328574, 'fire_exp': 1.8678802571070678, 'P_half': 1265.0580856641704, 'pre_dampen_half': 1.8469033699850426, 'gpp_af': 0.11134482360128048, 'gpp_b': 1.788789091682049e-05, 'gpp_d': 0.050654860639753524, 'ign_k': 0.17320535908244444, 'ign_c': 89.12611835816996, 'trop_agb_crit': 14.188434224699876, 'trop_k_veg': 0.5443513380244235, 'pop_amp': 0.008683934086503814, 'pop_peak': 0.05281056279423359, 'pop_sig': 0.4663206866626952, 'fuel_k': 0.9199338799678547, 'fuel_half': 1.7895437790635824}.
[I 2026-08-19 12:54:37,703] Trial 196 finished with values: [-0.41715946681455396, 7.289934957022126e-06] and parameters: {'k1': 0.0008020503059027807, 'D_low': 2.1309331861011747, 'k2': 0.05588805005991981, 'D_high': 248560.76864946447, 'fire_exp': 1.010722707674549, 'P_half': 1.332700437360483, 'pre_dampen_half': 1.8469033699850426, 'gpp_af': 0.01942738928156656, 'gpp_b': 0.004411400434514031, 'gpp_d': 3.032712462969173, 'ign_k': 0.17320535908244444, 'ign_c': 89.12611835816996, 'trop_agb_crit': 13.763560673020894, 'trop_k_veg': 0.6719347333876377, 'pop_amp': 11.72926995754655, 'pop_peak': 0.2017438358845408, 'pop_sig': 0.7824044734208029, 'fuel_k': 0.6153584041797165, 'fuel_half': 2.01596048776016}.
[I 2026-08-19 12:54:39,878] Trial 197 finished with values: [-0.4237454625621475, 0.15473867474975556] and parameters: {'k1': 5.7909642338812115e-05, 'D_low': 596.674860759381, 'k2': 0.015109330261674455, 'D_high': 29.268995763513708, 'fire_exp': 1.1633452995374232, 'P_half': 2972.282069861993, 'pre_dampen_half': 30.960543083273937, 'gpp_af': 0.41874665092828456, 'gpp_b': 0.0004837646996135023, 'gpp_d': 1.0088237648985734, 'ign_k': 0.3818468247973969, 'ign_c': 0.5110256715654393, 'trop_agb_crit': 22.15898715394987, 'trop_k_veg': 4.891066132801691, 'pop_amp': 12.165162567684659, 'pop_peak': 66.11673186504072, 'pop_sig': 0.4663206866626952, 'fuel_k': 0.69712116678509, 'fuel_half': 1.9255395572015603}.
[I 2026-08-19 12:54:42,214] Trial 198 finished with values: [-0.3554625854118624, 0.0] and parameters: {'k1': 0.003669361767288945, 'D_low': 14577.755664212387, 'k2': 0.0014821691630007541, 'D_high': 324.1860728315053, 'fire_exp': 2.2166442238066413, 'P_half': 5.325873749322164, 'pre_dampen_half': 348.54014430389907, 'gpp_af': 0.8259599205585768, 'gpp_b': 0.0025416076006960116, 'gpp_d': 2.0418743718729573, 'ign_k': 6.153658035691653, 'ign_c': 0.41058739502907604, 'trop_agb_crit': 7.34399791716542, 'trop_k_veg': 2.0329217931687547, 'pop_amp': 0.4264646201538291, 'pop_peak': 0.05982220932919966, 'pop_sig': 1.8623612109022214, 'fuel_k': 3.8865617480844983, 'fuel_half': 4.959062145413503}.
  trial  199/2500  pareto_size=16  best_ilamb=0.6094  (9.0 min)
[I 2026-08-19 12:54:44,523] Trial 199 finished with values: [-0.3554625854118624, 0.0] and parameters: {'k1': 1.844951990812239e-05, 'D_low': 27972.024228472703, 'k2': 0.0019856031481305684, 'D_high': 1661855.441285105, 'fire_exp': 7.283895538238777, 'P_half': 6281.776703992854, 'pre_dampen_half': 0.05437101051096082, 'gpp_af': 49.583649914027546, 'gpp_b': 9.67374839440457e-05, 'gpp_d': 118.26972885708257, 'ign_k': 0.06863458703786214, 'ign_c': 117.15293025123641, 'trop_agb_crit': 3.544180417534903, 'trop_k_veg': 1.2440172074061366, 'pop_amp': 0.04874366481145617, 'pop_peak': 0.5393162598439744, 'pop_sig': 2.4100357112052566, 'fuel_k': 1.3626356448811705, 'fuel_half': 17.890117928710357}.
[I 2026-08-19 12:54:46,715] Trial 200 finished with values: [-0.39760480701809503, 9.880984919163893e-15] and parameters: {'k1': 4.0873003903057456e-05, 'D_low': 286.06841726052676, 'k2': 4.392638796750218e-05, 'D_high': 9355.38060645217, 'fire_exp': 4.3161213924316595, 'P_half': 4.937355303501834, 'pre_dampen_half': 0.19674328025306115, 'gpp_af': 0.005018406982902927, 'gpp_b': 1.624829724391053, 'gpp_d': 3.9841905944346854, 'ign_k': 0.3699359899959751, 'ign_c': 0.2806439011124269, 'trop_agb_crit': 27.05166881899929, 'trop_k_veg': 3.754644404143055, 'pop_amp': 5.27924855752961, 'pop_peak': 10.679600530994481, 'pop_sig': 0.9904669476016459, 'fuel_k': 3.640039183945803, 'fuel_half': 0.10355826161899183}.
[I 2026-08-19 12:54:48,847] Trial 201 finished with values: [-0.4792765476757451, 0.5072863388763956] and parameters: {'k1': 0.0007158031739371039, 'D_low': 24.989458677225585, 'k2': 0.0021608491389795734, 'D_high': 1661855.441285105, 'fire_exp': 1.0501937052663004, 'P_half': 935.0311616845345, 'pre_dampen_half': 4.412509669839992, 'gpp_af': 49.583649914027546, 'gpp_b': 0.620439464939785, 'gpp_d': 117.2128156438701, 'ign_k': 0.025284086172415596, 'ign_c': 0.4471649524144918, 'trop_agb_crit': 22.15898715394987, 'trop_k_veg': 4.891066132801691, 'pop_amp': 12.165162567684659, 'pop_peak': 286.20780896012474, 'pop_sig': 1.0264911386548754, 'fuel_k': 0.14519190859804215, 'fuel_half': 1.7918446176734728}.
[I 2026-08-19 12:54:50,984] Trial 202 finished with values: [-0.38859740111672353, 0.0016187883033934591] and parameters: {'k1': 0.021863563449420156, 'D_low': 1368.9795993592197, 'k2': 0.00010226988730324317, 'D_high': 14.207404990676052, 'fire_exp': 1.8720063885874743, 'P_half': 111.3550118475728, 'pre_dampen_half': 372.8155624293852, 'gpp_af': 0.0038793182938363898, 'gpp_b': 0.004835865362182062, 'gpp_d': 63.84398027045259, 'ign_k': 0.009935023909063692, 'ign_c': 1.1939136672856556, 'trop_agb_crit': 16.812382192913706, 'trop_k_veg': 0.8861882400007739, 'pop_amp': 0.0011150475527947471, 'pop_peak': 0.1939631395974494, 'pop_sig': 0.5314193463179775, 'fuel_k': 2.6779274788719736, 'fuel_half': 6.197824957876738}.
[I 2026-08-19 12:54:53,272] Trial 203 finished with values: [-0.40324946361011627, 9.445993398582431e-08] and parameters: {'k1': 2.3572794556769812e-05, 'D_low': 50340.563942871704, 'k2': 0.0003856302813879373, 'D_high': 54015.7239792564, 'fire_exp': 9.42746237183547, 'P_half': 24.93666083446519, 'pre_dampen_half': 0.05437101051096082, 'gpp_af': 0.4791614072461613, 'gpp_b': 0.0035723993912456717, 'gpp_d': 117.2128156438701, 'ign_k': 0.5481818979974936, 'ign_c': 0.4471649524144918, 'trop_agb_crit': 5.341419125196561, 'trop_k_veg': 1.2440172074061366, 'pop_amp': 0.5300002490710547, 'pop_peak': 0.5393162598439744, 'pop_sig': 1.0264911386548754, 'fuel_k': 0.69712116678509, 'fuel_half': 62.83266061384217}.
[I 2026-08-19 12:54:55,796] Trial 204 finished with values: [-0.41798205900884955, 0.0001207616296561298] and parameters: {'k1': 1.844951990812239e-05, 'D_low': 342764.856116651, 'k2': 0.0067445742055710165, 'D_high': 1124534.1807254362, 'fire_exp': 3.7695400350033266, 'P_half': 267.2146013620241, 'pre_dampen_half': 0.10189118197357125, 'gpp_af': 0.053663001820106804, 'gpp_b': 9.67374839440457e-05, 'gpp_d': 118.26972885708257, 'ign_k': 0.45791923103229365, 'ign_c': 12.366924205139131, 'trop_agb_crit': 28.49245476864681, 'trop_k_veg': 5.691473319778836, 'pop_amp': 0.0034369873301918173, 'pop_peak': 456.60279198301936, 'pop_sig': 1.8528333992769594, 'fuel_k': 0.11148299766359336, 'fuel_half': 5.940545235233705}.
[I 2026-08-19 12:54:58,055] Trial 205 finished with values: [-0.5237322264767672, 0.034265930199042116] and parameters: {'k1': 0.005456725485601475, 'D_low': 437.4364439939077, 'k2': 3.077180271250682e-05, 'D_high': 9355.38060645217, 'fire_exp': 1.0824018381500955, 'P_half': 4337.920697490941, 'pre_dampen_half': 0.19674328025306115, 'gpp_af': 2.0540519425388455, 'gpp_b': 0.0007417652034871827, 'gpp_d': 3.9841905944346854, 'ign_k': 0.1537592023548176, 'ign_c': 0.5488047000766043, 'trop_agb_crit': 17.69486533706496, 'trop_k_veg': 4.288672925586801, 'pop_amp': 10.985330528057915, 'pop_peak': 352.89806695809773, 'pop_sig': 0.9904669476016459, 'fuel_k': 3.640039183945803, 'fuel_half': 0.18427970406864538}.
[I 2026-08-19 12:55:00,623] Trial 206 finished with values: [-0.3554625854118624, 0.0] and parameters: {'k1': 0.029124304162619095, 'D_low': 1.8677210807213769, 'k2': 1.2748758606816134e-05, 'D_high': 1840060.4093141211, 'fire_exp': 1.3796609641485171, 'P_half': 30.489833442275348, 'pre_dampen_half': 0.2571419084734534, 'gpp_af': 0.9346598275601615, 'gpp_b': 0.0019290573525423357, 'gpp_d': 118.26972885708257, 'ign_k': 2.336015351807503, 'ign_c': 225.58738962142354, 'trop_agb_crit': 4.923983945695481, 'trop_k_veg': 4.30392173391187, 'pop_amp': 0.029228481237926353, 'pop_peak': 0.08738617022933418, 'pop_sig': 1.804482856986987, 'fuel_k': 1.8128503508197493, 'fuel_half': 17.890117928710357}.
[I 2026-08-19 12:55:03,116] Trial 207 finished with values: [-0.3838928603892959, 1.887379141862766e-15] and parameters: {'k1': 0.08924795116437424, 'D_low': 30595.410256046172, 'k2': 1.2748758606816134e-05, 'D_high': 1814.597053180889, 'fire_exp': 6.464773756830049, 'P_half': 8894.151386481904, 'pre_dampen_half': 5.221127581184657, 'gpp_af': 0.9346598275601615, 'gpp_b': 1.1615179049175124e-05, 'gpp_d': 2.3230017312141893, 'ign_k': 0.0023181776112903506, 'ign_c': 225.58738962142354, 'trop_agb_crit': 25.313763881721908, 'trop_k_veg': 0.7356483920677926, 'pop_amp': 0.001487684490383978, 'pop_peak': 0.08738617022933418, 'pop_sig': 0.7020782687730053, 'fuel_k': 3.0434684030233257, 'fuel_half': 23.216226582091146}.
  trial  208/2500  pareto_size=19  best_ilamb=0.6094  (9.4 min)
[I 2026-08-19 12:55:05,603] Trial 208 finished with values: [-0.3964397336547957, 0.004003629266654984] and parameters: {'k1': 0.032845299795769424, 'D_low': 437.4364439939077, 'k2': 3.077180271250682e-05, 'D_high': 47914.651670344254, 'fire_exp': 1.4690410989404576, 'P_half': 4337.920697490941, 'pre_dampen_half': 0.19674328025306115, 'gpp_af': 51.72004221341863, 'gpp_b': 0.0007417652034871827, 'gpp_d': 3.9841905944346854, 'ign_k': 0.1537592023548176, 'ign_c': 0.8369109437186465, 'trop_agb_crit': 27.05166881899929, 'trop_k_veg': 0.9214289532364537, 'pop_amp': 10.985330528057915, 'pop_peak': 112.71616634238295, 'pop_sig': 0.5598417308492872, 'fuel_k': 3.640039183945803, 'fuel_half': 80.78075175036498}.
[I 2026-08-19 12:55:07,794] Trial 209 finished with values: [-0.4066286305836657, 0.0012372936250885092] and parameters: {'k1': 0.0029070516815839368, 'D_low': 9594.602618277151, 'k2': 0.0003856302813879373, 'D_high': 24493.271671328574, 'fire_exp': 1.6403645629688905, 'P_half': 2938.50195838982, 'pre_dampen_half': 0.20479541130142556, 'gpp_af': 0.41874665092828456, 'gpp_b': 0.0004837646996135023, 'gpp_d': 1.0088237648985734, 'ign_k': 0.3818468247973969, 'ign_c': 0.5110256715654393, 'trop_agb_crit': 3.923744278402932, 'trop_k_veg': 5.453348988480011, 'pop_amp': 11.72926995754655, 'pop_peak': 0.5393162598439744, 'pop_sig': 0.4663206866626952, 'fuel_k': 1.3626356448811705, 'fuel_half': 1.9255395572015603}.
