[I 2026-06-11 13:01:52,621] Trial 932 finished with values: [11.39430414413564, 11.39430414413564] and parameters: {'k1': 0.03648456083047798, 'D_low': 43.2326421037033, 'k2': 0.0007731571570012607, 'D_high': 6682.9607218310075, 'fire_exp': 1.7505406131449859, 'P_half': 7.598586431588784, 'pre_dampen_half': 75.10418138777538, 'gpp_af': 0.41874665092828456, 'gpp_b': 0.0002637687576667052, 'gpp_d': 21.899070557043984, 'ign_k': 0.8945150807271531, 'ign_c': 7.081721844034206, 'trop_agb_crit': 8.0091368834625, 'trop_k_veg': 2.9806294141302545, 'fire_amp': 1.1655705619308396}.
[I 2026-06-11 13:01:53,458] Trial 933 finished with values: [12.063589845521335, 12.063589845521335] and parameters: {'k1': 0.0013219302264066773, 'D_low': 1.7551403048208316, 'k2': 0.0001280886335404798, 'D_high': 32311.521854410956, 'fire_exp': 1.101415600186218, 'P_half': 3.591771421517613, 'pre_dampen_half': 695.7350580318054, 'gpp_af': 9.853056162364394, 'gpp_b': 9.497440085397415e-05, 'gpp_d': 1.4397852866783676, 'ign_k': 7.544827057709847, 'ign_c': 7.081721844034206, 'trop_agb_crit': 5.335241529707116, 'trop_k_veg': 0.9923523017201868, 'fire_amp': 1.5719333351012774}.
[I 2026-06-11 13:01:54,326] Trial 934 finished with values: [10.243831636060523, 10.243831636060523] and parameters: {'k1': 0.03648456083047798, 'D_low': 235.39834531862078, 'k2': 0.019383858782150494, 'D_high': 1266.9536563782303, 'fire_exp': 1.9625559044404808, 'P_half': 51.10120656497163, 'pre_dampen_half': 79.2915624488668, 'gpp_af': 0.41874665092828456, 'gpp_b': 1.4008921101492135e-05, 'gpp_d': 0.7698760608299932, 'ign_k': 4.869640941520899, 'ign_c': 1.364908766641693, 'trop_agb_crit': 21.086120736447015, 'trop_k_veg': 1.2749676887479542, 'fire_amp': 1.7912500010961188}.
[I 2026-06-11 13:01:55,148] Trial 935 finished with values: [10.321180031280385, 10.321180031280385] and parameters: {'k1': 0.0012752949611679993, 'D_low': 235.39834531862078, 'k2': 0.0012030178871154666, 'D_high': 1266.9536563782303, 'fire_exp': 1.2060040899560858, 'P_half': 436.4516946807792, 'pre_dampen_half': 79.2915624488668, 'gpp_af': 0.004531316405029204, 'gpp_b': 1.4008921101492135e-05, 'gpp_d': 0.7698760608299932, 'ign_k': 4.869640941520899, 'ign_c': 11.903394335305014, 'trop_agb_crit': 2.100813292597435, 'trop_k_veg': 1.2749676887479542, 'fire_amp': 1.2784745553082768}.
[I 2026-06-11 13:01:56,017] Trial 936 finished with values: [10.054434479762332, 10.054434479762332] and parameters: {'k1': 0.016973078532467004, 'D_low': 235.39834531862078, 'k2': 0.019383858782150494, 'D_high': 6682.9607218310075, 'fire_exp': 1.2798881300289222, 'P_half': 436.4516946807792, 'pre_dampen_half': 75.10418138777538, 'gpp_af': 0.41874665092828456, 'gpp_b': 0.015062722325200045, 'gpp_d': 0.7698760608299932, 'ign_k': 0.09256855841989636, 'ign_c': 1.364908766641693, 'trop_agb_crit': 12.9667438075127, 'trop_k_veg': 6.963655030926962, 'fire_amp': 1.7912500010961188}.
[I 2026-06-11 13:01:56,880] Trial 937 finished with values: [10.009040984535718, 10.009040984535718] and parameters: {'k1': 0.08315365004960601, 'D_low': 235.39834531862078, 'k2': 0.0012030178871154666, 'D_high': 6682.9607218310075, 'fire_exp': 1.2060040899560858, 'P_half': 436.4516946807792, 'pre_dampen_half': 75.10418138777538, 'gpp_af': 1.0218989388622586, 'gpp_b': 0.03122740884124639, 'gpp_d': 0.7698760608299932, 'ign_k': 4.869640941520899, 'ign_c': 1.364908766641693, 'trop_agb_crit': 12.9667438075127, 'trop_k_veg': 6.030247256556128, 'fire_amp': 1.7912500010961188}.
[I 2026-06-11 13:01:57,743] Trial 938 finished with values: [-0.5702276083167407, 0.11881336808429122] and parameters: {'k1': 0.006079905434073396, 'D_low': 43.2326421037033, 'k2': 1.1417577140741129e-05, 'D_high': 31301.15118850836, 'fire_exp': 1.7505406131449859, 'P_half': 93.43302657318476, 'pre_dampen_half': 253.71947027764784, 'gpp_af': 0.2204465010099918, 'gpp_b': 0.002416023630607169, 'gpp_d': 21.899070557043984, 'ign_k': 0.09256855841989636, 'ign_c': 7.081721844034206, 'trop_agb_crit': 1.8023542850487386, 'trop_k_veg': 0.5183533149347164, 'fire_amp': 2.042193818779288}.
[I 2026-06-11 13:01:58,599] Trial 939 finished with values: [10.657797687541821, 10.657797687541821] and parameters: {'k1': 0.016973078532467004, 'D_low': 146.24004590125713, 'k2': 0.019383858782150494, 'D_high': 6682.9607218310075, 'fire_exp': 1.2060040899560858, 'P_half': 436.4516946807792, 'pre_dampen_half': 189.36639872354493, 'gpp_af': 2.5017068255320485, 'gpp_b': 0.001674375583895437, 'gpp_d': 0.1619054449471649, 'ign_k': 0.09256855841989636, 'ign_c': 1.364908766641693, 'trop_agb_crit': 3.3933702290907823, 'trop_k_veg': 6.030247256556128, 'fire_amp': 3.820446126794591}.
[I 2026-06-11 13:01:59,420] Trial 940 finished with values: [-0.6593936085240366, 0.08639334686113964] and parameters: {'k1': 0.03648456083047798, 'D_low': 235.39834531862078, 'k2': 0.019383858782150494, 'D_high': 17663.59719322428, 'fire_exp': 1.2798881300289222, 'P_half': 436.4516946807792, 'pre_dampen_half': 189.36639872354493, 'gpp_af': 0.41874665092828456, 'gpp_b': 0.015062722325200045, 'gpp_d': 0.7698760608299932, 'ign_k': 4.869640941520899, 'ign_c': 1.364908766641693, 'trop_agb_crit': 3.3933702290907823, 'trop_k_veg': 6.030247256556128, 'fire_amp': 1.7912500010961188}.
[I 2026-06-11 13:02:00,257] Trial 941 finished with values: [-0.5527893909618016, 0.05852333595186798] and parameters: {'k1': 0.03648456083047798, 'D_low': 236.79352040223893, 'k2': 0.019383858782150494, 'D_high': 32311.521854410956, 'fire_exp': 1.111738490499784, 'P_half': 114.62237838612074, 'pre_dampen_half': 8.259599205585761, 'gpp_af': 0.060029341913968644, 'gpp_b': 0.001674375583895437, 'gpp_d': 1.4397852866783676, 'ign_k': 0.0032383308053152635, 'ign_c': 4.619723604324942, 'trop_agb_crit': 2.100813292597435, 'trop_k_veg': 2.6508357486965424, 'fire_amp': 2.7806853670293616}.
[I 2026-06-11 13:02:01,094] Trial 942 finished with values: [10.426783875225231, 10.426783875225231] and parameters: {'k1': 0.03648456083047798, 'D_low': 235.39834531862078, 'k2': 0.0012030178871154666, 'D_high': 1266.9536563782303, 'fire_exp': 1.2798881300289222, 'P_half': 436.4516946807792, 'pre_dampen_half': 75.10418138777538, 'gpp_af': 0.060029341913968644, 'gpp_b': 0.015062722325200045, 'gpp_d': 0.1619054449471649, 'ign_k': 4.869640941520899, 'ign_c': 1.364908766641693, 'trop_agb_crit': 2.100813292597435, 'trop_k_veg': 6.030247256556128, 'fire_amp': 1.7912500010961188}.
[I 2026-06-11 13:02:01,979] Trial 943 finished with values: [10.055369146074668, 10.055369146074668] and parameters: {'k1': 0.03648456083047798, 'D_low': 422.58534248395387, 'k2': 0.019383858782150494, 'D_high': 1817.0401889219124, 'fire_exp': 1.111738490499784, 'P_half': 1.4551749476072258, 'pre_dampen_half': 8.259599205585761, 'gpp_af': 0.060029341913968644, 'gpp_b': 5.0875243087016374e-05, 'gpp_d': 1.4397852866783676, 'ign_k': 0.037151317999473285, 'ign_c': 22.126836566118193, 'trop_agb_crit': 1.8023542850487386, 'trop_k_veg': 1.6648666152166967, 'fire_amp': 2.7806853670293616}.
[I 2026-06-11 13:02:02,816] Trial 944 finished with values: [10.17291966321974, 10.17291966321974] and parameters: {'k1': 0.016973078532467004, 'D_low': 3.253741042140523, 'k2': 0.019383858782150494, 'D_high': 6682.9607218310075, 'fire_exp': 1.2798881300289222, 'P_half': 436.4516946807792, 'pre_dampen_half': 189.36639872354493, 'gpp_af': 0.41874665092828456, 'gpp_b': 0.015062722325200045, 'gpp_d': 0.4912895538720594, 'ign_k': 0.09256855841989636, 'ign_c': 1.364908766641693, 'trop_agb_crit': 3.3933702290907823, 'trop_k_veg': 6.963655030926962, 'fire_amp': 1.7912500010961188}.
[I 2026-06-11 13:02:03,668] Trial 945 finished with values: [10.763441299185509, 10.763441299185509] and parameters: {'k1': 0.03648456083047798, 'D_low': 236.79352040223893, 'k2': 0.019383858782150494, 'D_high': 32311.521854410956, 'fire_exp': 1.111738490499784, 'P_half': 114.62237838612074, 'pre_dampen_half': 8.259599205585761, 'gpp_af': 0.41874665092828456, 'gpp_b': 3.7025577574822863, 'gpp_d': 0.1619054449471649, 'ign_k': 4.869640941520899, 'ign_c': 1.364908766641693, 'trop_agb_crit': 1.8023542850487386, 'trop_k_veg': 6.030247256556128, 'fire_amp': 2.7806853670293616}.
[I 2026-06-11 13:02:04,541] Trial 946 finished with values: [-0.6142150026482004, 0.10957967315021] and parameters: {'k1': 0.03648456083047798, 'D_low': 146.24004590125713, 'k2': 0.019383858782150494, 'D_high': 32311.521854410956, 'fire_exp': 1.111738490499784, 'P_half': 114.62237838612074, 'pre_dampen_half': 8.259599205585761, 'gpp_af': 0.060029341913968644, 'gpp_b': 5.0875243087016374e-05, 'gpp_d': 0.1619054449471649, 'ign_k': 0.037151317999473285, 'ign_c': 22.126836566118193, 'trop_agb_crit': 1.8023542850487386, 'trop_k_veg': 1.6648666152166967, 'fire_amp': 2.7806853670293616}.
[I 2026-06-11 13:02:05,393] Trial 947 finished with values: [-0.6741353580345888, 0.06292705128552634] and parameters: {'k1': 0.03648456083047798, 'D_low': 235.39834531862078, 'k2': 0.019383858782150494, 'D_high': 6682.9607218310075, 'fire_exp': 1.2798881300289222, 'P_half': 436.4516946807792, 'pre_dampen_half': 75.10418138777538, 'gpp_af': 2.5017068255320485, 'gpp_b': 0.015062722325200045, 'gpp_d': 1.4397852866783676, 'ign_k': 4.869640941520899, 'ign_c': 1.364908766641693, 'trop_agb_crit': 1.8023542850487386, 'trop_k_veg': 6.030247256556128, 'fire_amp': 1.7912500010961188}.
[I 2026-06-11 13:02:06,260] Trial 948 finished with values: [10.173099674566412, 10.173099674566412] and parameters: {'k1': 0.03648456083047798, 'D_low': 146.24004590125713, 'k2': 0.0012030178871154666, 'D_high': 6682.9607218310075, 'fire_exp': 1.2798881300289222, 'P_half': 436.4516946807792, 'pre_dampen_half': 75.10418138777538, 'gpp_af': 0.41874665092828456, 'gpp_b': 0.002416023630607169, 'gpp_d': 0.7698760608299932, 'ign_k': 4.869640941520899, 'ign_c': 1.364908766641693, 'trop_agb_crit': 2.1467649421045674, 'trop_k_veg': 6.030247256556128, 'fire_amp': 1.7912500010961188}.
[I 2026-06-11 13:02:07,148] Trial 949 finished with values: [10.166015925941771, 10.166015925941771] and parameters: {'k1': 0.03648456083047798, 'D_low': 236.79352040223893, 'k2': 0.020149789847008874, 'D_high': 6682.9607218310075, 'fire_exp': 1.2060040899560858, 'P_half': 436.4516946807792, 'pre_dampen_half': 81.30934046917365, 'gpp_af': 0.41874665092828456, 'gpp_b': 0.001674375583895437, 'gpp_d': 0.7698760608299932, 'ign_k': 4.869640941520899, 'ign_c': 1.364908766641693, 'trop_agb_crit': 12.9667438075127, 'trop_k_veg': 1.056284487623406, 'fire_amp': 1.7912500010961188}.
[I 2026-06-11 13:02:08,006] Trial 950 finished with values: [10.877157303591911, 10.877157303591911] and parameters: {'k1': 0.03648456083047798, 'D_low': 236.79352040223893, 'k2': 0.00025923015361558547, 'D_high': 6682.9607218310075, 'fire_exp': 1.2798881300289222, 'P_half': 114.62237838612074, 'pre_dampen_half': 75.10418138777538, 'gpp_af': 0.41874665092828456, 'gpp_b': 0.0002637687576667052, 'gpp_d': 0.7698760608299932, 'ign_k': 4.869640941520899, 'ign_c': 1.364908766641693, 'trop_agb_crit': 12.9667438075127, 'trop_k_veg': 6.030247256556128, 'fire_amp': 1.7912500010961188}.
[I 2026-06-11 13:02:08,875] Trial 951 finished with values: [10.650301538344277, 10.650301538344277] and parameters: {'k1': 0.006079905434073396, 'D_low': 43.2326421037033, 'k2': 0.00030808325588559425, 'D_high': 6682.9607218310075, 'fire_exp': 1.7505406131449859, 'P_half': 3.591771421517613, 'pre_dampen_half': 4.847666216751353, 'gpp_af': 1.9998014714101113, 'gpp_b': 0.0039125625860770225, 'gpp_d': 21.899070557043984, 'ign_k': 0.8945150807271531, 'ign_c': 2.226297338331262, 'trop_agb_crit': 8.0091368834625, 'trop_k_veg': 0.828441460847982, 'fire_amp': 1.1655705619308396}.
[I 2026-06-11 13:02:09,713] Trial 952 finished with values: [-0.5331085519012435, 0.06607784783656068] and parameters: {'k1': 0.08006837661379566, 'D_low': 236.79352040223893, 'k2': 0.019383858782150494, 'D_high': 6682.9607218310075, 'fire_exp': 1.2060040899560858, 'P_half': 3.591771421517613, 'pre_dampen_half': 4.847666216751353, 'gpp_af': 2.5017068255320485, 'gpp_b': 0.001674375583895437, 'gpp_d': 304.7488318185732, 'ign_k': 0.0032383308053152635, 'ign_c': 2.226297338331262, 'trop_agb_crit': 2.100813292597435, 'trop_k_veg': 2.6508357486965424, 'fire_amp': 1.7362652332618447}.
[I 2026-06-11 13:02:10,916] Trial 953 finished with values: [-0.5984151989479087, 0.07695752540058565] and parameters: {'k1': 0.03648456083047798, 'D_low': 236.79352040223893, 'k2': 3.152468275632564e-05, 'D_high': 6682.9607218310075, 'fire_exp': 1.2798881300289222, 'P_half': 436.4516946807792, 'pre_dampen_half': 189.36639872354493, 'gpp_af': 0.15740732860520312, 'gpp_b': 0.015062722325200045, 'gpp_d': 0.7698760608299932, 'ign_k': 0.9419612235978201, 'ign_c': 1.364908766641693, 'trop_agb_crit': 3.3933702290907823, 'trop_k_veg': 1.6648666152166967, 'fire_amp': 2.804180410489304}.
[I 2026-06-11 13:02:11,801] Trial 954 finished with values: [10.171689101268218, 10.171689101268218] and parameters: {'k1': 0.05347027553411487, 'D_low': 235.39834531862078, 'k2': 0.0012030178871154666, 'D_high': 1817.0401889219124, 'fire_exp': 1.2798881300289222, 'P_half': 2.6691447170887805, 'pre_dampen_half': 75.10418138777538, 'gpp_af': 0.41874665092828456, 'gpp_b': 0.015062722325200045, 'gpp_d': 0.7698760608299932, 'ign_k': 4.869640941520899, 'ign_c': 1.364908766641693, 'trop_agb_crit': 1.8023542850487386, 'trop_k_veg': 1.6648666152166967, 'fire_amp': 1.7912500010961188}.
[I 2026-06-11 13:02:12,687] Trial 955 finished with values: [10.259662217358247, 10.259662217358247] and parameters: {'k1': 0.002829816861310949, 'D_low': 146.24004590125713, 'k2': 0.019383858782150494, 'D_high': 31301.15118850836, 'fire_exp': 1.2060040899560858, 'P_half': 436.4516946807792, 'pre_dampen_half': 75.10418138777538, 'gpp_af': 0.41874665092828456, 'gpp_b': 0.002416023630607169, 'gpp_d': 0.7698760608299932, 'ign_k': 3.7954792742512957, 'ign_c': 1.364908766641693, 'trop_agb_crit': 21.086120736447015, 'trop_k_veg': 0.5588127200017643, 'fire_amp': 1.7912500010961188}.
[I 2026-06-11 13:02:13,557] Trial 956 finished with values: [14.944266438681623, 14.944266438681623] and parameters: {'k1': 0.08006837661379566, 'D_low': 236.79352040223893, 'k2': 0.019383858782150494, 'D_high': 6682.9607218310075, 'fire_exp': 1.2060040899560858, 'P_half': 3.591771421517613, 'pre_dampen_half': 519.2532084685722, 'gpp_af': 2.5017068255320485, 'gpp_b': 0.001674375583895437, 'gpp_d': 1.4397852866783676, 'ign_k': 0.0032383308053152635, 'ign_c': 2.226297338331262, 'trop_agb_crit': 2.100813292597435, 'trop_k_veg': 2.6508357486965424, 'fire_amp': 2.7806853670293616}.
[I 2026-06-11 13:02:14,411] Trial 957 finished with values: [10.020153995149515, 10.020153995149515] and parameters: {'k1': 0.03648456083047798, 'D_low': 236.79352040223893, 'k2': 0.019383858782150494, 'D_high': 1266.9536563782303, 'fire_exp': 1.14171776851287, 'P_half': 3.591771421517613, 'pre_dampen_half': 4.847666216751353, 'gpp_af': 0.060029341913968644, 'gpp_b': 9.497440085397415e-05, 'gpp_d': 1.4397852866783676, 'ign_k': 7.544827057709847, 'ign_c': 2.2882309479728957, 'trop_agb_crit': 7.332660227137139, 'trop_k_veg': 1.6648666152166967, 'fire_amp': 2.7806853670293616}.
[I 2026-06-11 13:02:15,280] Trial 958 finished with values: [10.160737598706696, 10.160737598706696] and parameters: {'k1': 5.178197947282869e-05, 'D_low': 9.882278532808778, 'k2': 0.0007731571570012607, 'D_high': 31301.15118850836, 'fire_exp': 1.1633452995374232, 'P_half': 1.859526645713404, 'pre_dampen_half': 37.40930273158252, 'gpp_af': 0.8144272585223832, 'gpp_b': 0.002416023630607169, 'gpp_d': 0.1597583473194139, 'ign_k': 0.29415751391396583, 'ign_c': 7.081721844034206, 'trop_agb_crit': 1.511723155748678, 'trop_k_veg': 1.6003641872536711, 'fire_amp': 1.5587346124822492}.
[I 2026-06-11 13:02:16,244] Trial 959 finished with values: [10.053021225529438, 10.053021225529438] and parameters: {'k1': 0.03648456083047798, 'D_low': 235.39834531862078, 'k2': 0.0012030178871154666, 'D_high': 6682.9607218310075, 'fire_exp': 1.2798881300289222, 'P_half': 436.4516946807792, 'pre_dampen_half': 75.10418138777538, 'gpp_af': 0.41874665092828456, 'gpp_b': 0.015062722325200045, 'gpp_d': 0.7698760608299932, 'ign_k': 4.869640941520899, 'ign_c': 1.364908766641693, 'trop_agb_crit': 12.9667438075127, 'trop_k_veg': 6.030247256556128, 'fire_amp': 1.4244982124584922}.
[I 2026-06-11 13:02:17,224] Trial 960 finished with values: [11.11529155067982, 11.11529155067982] and parameters: {'k1': 0.05347027553411487, 'D_low': 236.79352040223893, 'k2': 0.019383858782150494, 'D_high': 6682.9607218310075, 'fire_exp': 1.2060040899560858, 'P_half': 3.591771421517613, 'pre_dampen_half': 79.2915624488668, 'gpp_af': 2.5017068255320485, 'gpp_b': 0.015062722325200045, 'gpp_d': 1.4397852866783676, 'ign_k': 4.869640941520899, 'ign_c': 2.2882309479728957, 'trop_agb_crit': 21.086120736447015, 'trop_k_veg': 0.5588127200017643, 'fire_amp': 1.7912500010961188}.
[I 2026-06-11 13:02:18,123] Trial 961 finished with values: [10.706229686408966, 10.706229686408966] and parameters: {'k1': 0.03648456083047798, 'D_low': 235.39834531862078, 'k2': 0.0012030178871154666, 'D_high': 6682.9607218310075, 'fire_exp': 1.2798881300289222, 'P_half': 3529.3895935767932, 'pre_dampen_half': 75.10418138777538, 'gpp_af': 0.41874665092828456, 'gpp_b': 0.015062722325200045, 'gpp_d': 0.1619054449471649, 'ign_k': 4.869640941520899, 'ign_c': 1.364908766641693, 'trop_agb_crit': 12.9667438075127, 'trop_k_veg': 6.030247256556128, 'fire_amp': 1.7912500010961188}.
[I 2026-06-11 13:02:19,042] Trial 962 finished with values: [10.423548783965835, 10.423548783965835] and parameters: {'k1': 0.0029067012153229104, 'D_low': 236.79352040223893, 'k2': 0.00383039225527374, 'D_high': 20103.283734409175, 'fire_exp': 1.9315537114423451, 'P_half': 436.4516946807792, 'pre_dampen_half': 75.10418138777538, 'gpp_af': 0.41874665092828456, 'gpp_b': 0.015062722325200045, 'gpp_d': 0.47379914349407487, 'ign_k': 4.869640941520899, 'ign_c': 1.364908766641693, 'trop_agb_crit': 12.9667438075127, 'trop_k_veg': 6.030247256556128, 'fire_amp': 2.7806853670293616}.
[I 2026-06-11 13:02:19,910] Trial 963 finished with values: [11.009644026875083, 11.009644026875083] and parameters: {'k1': 0.016973078532467004, 'D_low': 235.39834531862078, 'k2': 0.019383858782150494, 'D_high': 6682.9607218310075, 'fire_exp': 1.2798881300289222, 'P_half': 436.4516946807792, 'pre_dampen_half': 189.36639872354493, 'gpp_af': 0.41874665092828456, 'gpp_b': 0.015062722325200045, 'gpp_d': 0.7698760608299932, 'ign_k': 0.09256855841989636, 'ign_c': 1.364908766641693, 'trop_agb_crit': 2.100813292597435, 'trop_k_veg': 6.963655030926962, 'fire_amp': 4.314496597234754}.
[I 2026-06-11 13:02:20,766] Trial 964 finished with values: [10.411367769409514, 10.411367769409514] and parameters: {'k1': 0.03648456083047798, 'D_low': 235.39834531862078, 'k2': 0.020149789847008874, 'D_high': 6682.9607218310075, 'fire_exp': 1.2798881300289222, 'P_half': 436.4516946807792, 'pre_dampen_half': 189.36639872354493, 'gpp_af': 0.41874665092828456, 'gpp_b': 0.001674375583895437, 'gpp_d': 0.7698760608299932, 'ign_k': 4.869640941520899, 'ign_c': 1.364908766641693, 'trop_agb_crit': 12.9667438075127, 'trop_k_veg': 5.447068407295338, 'fire_amp': 1.7912500010961188}.
[I 2026-06-11 13:02:21,618] Trial 965 finished with values: [-0.6182643299525852, 0.10925134608090403] and parameters: {'k1': 0.03648456083047798, 'D_low': 476.3737484593719, 'k2': 0.02432525237405086, 'D_high': 31301.15118850836, 'fire_exp': 1.1633452995374232, 'P_half': 114.62237838612074, 'pre_dampen_half': 393.2173465242997, 'gpp_af': 0.8144272585223832, 'gpp_b': 0.002416023630607169, 'gpp_d': 0.1619054449471649, 'ign_k': 0.29415751391396583, 'ign_c': 7.081721844034206, 'trop_agb_crit': 12.9667438075127, 'trop_k_veg': 1.6003641872536711, 'fire_amp': 1.7912500010961188}.
[I 2026-06-11 13:02:22,513] Trial 966 finished with values: [10.32070064739635, 10.32070064739635] and parameters: {'k1': 0.08006837661379566, 'D_low': 146.24004590125713, 'k2': 0.019383858782150494, 'D_high': 32311.521854410956, 'fire_exp': 1.2060040899560858, 'P_half': 3.591771421517613, 'pre_dampen_half': 4.847666216751353, 'gpp_af': 0.41874665092828456, 'gpp_b': 0.001674375583895437, 'gpp_d': 0.1619054449471649, 'ign_k': 0.0032383308053152635, 'ign_c': 1.0208550480923066, 'trop_agb_crit': 2.100813292597435, 'trop_k_veg': 0.828441460847982, 'fire_amp': 1.5719333351012774}.
[I 2026-06-11 13:02:23,388] Trial 967 finished with values: [10.98999348668303, 10.98999348668303] and parameters: {'k1': 0.08006837661379566, 'D_low': 235.39834531862078, 'k2': 0.0012030178871154666, 'D_high': 6682.9607218310075, 'fire_exp': 1.2060040899560858, 'P_half': 3.591771421517613, 'pre_dampen_half': 75.10418138777538, 'gpp_af': 0.41874665092828456, 'gpp_b': 0.015062722325200045, 'gpp_d': 1.4397852866783676, 'ign_k': 0.0032383308053152635, 'ign_c': 104.75330041760883, 'trop_agb_crit': 4.789307037039607, 'trop_k_veg': 1.056284487623406, 'fire_amp': 2.7806853670293616}.
[I 2026-06-11 13:02:24,283] Trial 968 finished with values: [10.751271260674836, 10.751271260674836] and parameters: {'k1': 0.016973078532467004, 'D_low': 146.24004590125713, 'k2': 0.019383858782150494, 'D_high': 31301.15118850836, 'fire_exp': 1.2060040899560858, 'P_half': 436.4516946807792, 'pre_dampen_half': 189.36639872354493, 'gpp_af': 3.298293484806585, 'gpp_b': 1.1271749208350375, 'gpp_d': 0.1619054449471649, 'ign_k': 0.09256855841989636, 'ign_c': 2.2882309479728957, 'trop_agb_crit': 21.086120736447015, 'trop_k_veg': 0.5588127200017643, 'fire_amp': 1.7912500010961188}.
