[I 2026-06-08 12:25:51,598] Trial 863 finished with values: [-0.5891593701507392, 0.05613546055576435] and parameters: {'k1': 0.008471801418819975, 'D_low': 2.143851363193517, 'k2': 0.012758211164590085, 'D_high': 2940.51756322311, 'fire_exp': 1.165368636520435, 'P_half': 12.808863354047988, 'pre_dampen_half': 107.40052367919465, 'gpp_af': 0.1476584299248268, 'gpp_b': 0.0005752434266899163, 'gpp_d': 10.369565216756202, 'ign_k': 8.708806168038567, 'ign_c': 20.03995359361212, 'trop_agb_crit': 1.0911298587990423, 'trop_k_veg': 6.2065960186008615}.
[I 2026-06-08 12:25:52,689] Trial 864 finished with values: [10.892857142659844, 10.892857142659844] and parameters: {'k1': 0.01889771394135163, 'D_low': 1.3577269394141454, 'k2': 1.4665316366397004e-05, 'D_high': 2940.51756322311, 'fire_exp': 1.165368636520435, 'P_half': 4.213183643253957, 'pre_dampen_half': 107.40052367919465, 'gpp_af': 0.017199513788543352, 'gpp_b': 0.0005752434266899163, 'gpp_d': 84.31013932082456, 'ign_k': 8.708806168038567, 'ign_c': 201.4978984700884, 'trop_agb_crit': 7.500118950416987, 'trop_k_veg': 2.194427136482602}.
[I 2026-06-08 12:25:53,845] Trial 865 finished with values: [-0.5178430618306178, 0.15676811234009524] and parameters: {'k1': 0.01889771394135163, 'D_low': 4.484744524732794, 'k2': 1.1065812688893481e-05, 'D_high': 2940.51756322311, 'fire_exp': 1.0601964743503993, 'P_half': 220.3445560633069, 'pre_dampen_half': 502.5175192217655, 'gpp_af': 6.155035361040188, 'gpp_b': 0.0054502936945582505, 'gpp_d': 16.460426816350523, 'ign_k': 1.343112375346642, 'ign_c': 15.221840161091626, 'trop_agb_crit': 1.0903028125370984, 'trop_k_veg': 1.4584243470991722}.
[I 2026-06-08 12:25:55,093] Trial 866 finished with values: [10.88652499052028, 10.88652499052028] and parameters: {'k1': 0.01889771394135163, 'D_low': 1.3577269394141454, 'k2': 0.0012040762895973265, 'D_high': 1493.5213816355397, 'fire_exp': 5.113811291218321, 'P_half': 12.808863354047988, 'pre_dampen_half': 107.40052367919465, 'gpp_af': 0.1476584299248268, 'gpp_b': 0.0005752434266899163, 'gpp_d': 84.31013932082456, 'ign_k': 0.010167079878196114, 'ign_c': 20.03995359361212, 'trop_agb_crit': 2.1861040860339416, 'trop_k_veg': 1.4584243470991722}.
[I 2026-06-08 12:25:56,306] Trial 867 finished with values: [10.578817712628318, 10.578817712628318] and parameters: {'k1': 0.008912611835817005, 'D_low': 64.39790863101601, 'k2': 1.4665316366397004e-05, 'D_high': 2940.51756322311, 'fire_exp': 1.3170256885255098, 'P_half': 220.3445560633069, 'pre_dampen_half': 107.40052367919465, 'gpp_af': 0.05511595477601767, 'gpp_b': 0.0021331409710300844, 'gpp_d': 10.369565216756202, 'ign_k': 0.0680787482656459, 'ign_c': 15.221840161091626, 'trop_agb_crit': 7.500118950416987, 'trop_k_veg': 0.5349971555643298}.
[I 2026-06-08 12:25:57,414] Trial 868 finished with values: [-0.5711043396865577, 0.08087449242752731] and parameters: {'k1': 0.008912611835817005, 'D_low': 64.39790863101601, 'k2': 0.012758211164590085, 'D_high': 2940.51756322311, 'fire_exp': 1.3170256885255098, 'P_half': 220.3445560633069, 'pre_dampen_half': 502.5175192217655, 'gpp_af': 0.05511595477601767, 'gpp_b': 0.0021331409710300844, 'gpp_d': 10.369565216756202, 'ign_k': 2.1368329072358767, 'ign_c': 20.03995359361212, 'trop_agb_crit': 24.584290528289387, 'trop_k_veg': 0.5349971555643298}.
[I 2026-06-08 12:25:58,520] Trial 869 finished with values: [10.665139638793908, 10.665139638793908] and parameters: {'k1': 0.007828534228218626, 'D_low': 1.395216238046901, 'k2': 0.012758211164590085, 'D_high': 3712.591045287726, 'fire_exp': 1.0601964743503993, 'P_half': 220.3445560633069, 'pre_dampen_half': 502.5175192217655, 'gpp_af': 1.9706963379095486, 'gpp_b': 0.0021331409710300844, 'gpp_d': 106.74579222939708, 'ign_k': 0.5524095129928631, 'ign_c': 30.28574109895626, 'trop_agb_crit': 3.5747129226002423, 'trop_k_veg': 1.4584243470991722}.
[I 2026-06-08 12:25:59,612] Trial 870 finished with values: [10.851444211102752, 10.851444211102752] and parameters: {'k1': 0.007828534228218626, 'D_low': 4.484744524732794, 'k2': 0.09946147674311599, 'D_high': 3712.591045287726, 'fire_exp': 1.0601964743503993, 'P_half': 220.3445560633069, 'pre_dampen_half': 502.5175192217655, 'gpp_af': 0.7539992074650279, 'gpp_b': 0.0021331409710300844, 'gpp_d': 106.74579222939708, 'ign_k': 0.010167079878196114, 'ign_c': 15.221840161091626, 'trop_agb_crit': 24.584290528289387, 'trop_k_veg': 1.4584243470991722}.
[I 2026-06-08 12:26:01,083] Trial 871 finished with values: [10.857617128054924, 10.857617128054924] and parameters: {'k1': 0.004312951023617458, 'D_low': 355.00125258511594, 'k2': 0.0012040762895973265, 'D_high': 39819.19662051714, 'fire_exp': 1.3170256885255098, 'P_half': 93.43302657318476, 'pre_dampen_half': 0.32782478097825357, 'gpp_af': 0.020680586423631197, 'gpp_b': 0.0021331409710300844, 'gpp_d': 84.31013932082456, 'ign_k': 0.0680787482656459, 'ign_c': 15.221840161091626, 'trop_agb_crit': 24.584290528289387, 'trop_k_veg': 1.3571174947037614}.
[I 2026-06-08 12:26:02,321] Trial 872 finished with values: [10.249013896349624, 10.249013896349624] and parameters: {'k1': 2.2416664245892614e-05, 'D_low': 4.484744524732794, 'k2': 8.923807143379776e-05, 'D_high': 3712.591045287726, 'fire_exp': 1.1488607445926913, 'P_half': 4.213183643253957, 'pre_dampen_half': 502.5175192217655, 'gpp_af': 0.10409127568994281, 'gpp_b': 0.0021331409710300844, 'gpp_d': 5.1715677287580455, 'ign_k': 8.708806168038567, 'ign_c': 20.03995359361212, 'trop_agb_crit': 7.500118950416987, 'trop_k_veg': 1.4584243470991722}.
[I 2026-06-08 12:26:03,492] Trial 873 finished with values: [11.699421321327106, 11.699421321327106] and parameters: {'k1': 0.06598741607403362, 'D_low': 70.18267183720735, 'k2': 0.012758211164590085, 'D_high': 2940.51756322311, 'fire_exp': 1.1430983876313219, 'P_half': 12.808863354047988, 'pre_dampen_half': 719.4083432823455, 'gpp_af': 0.7539992074650279, 'gpp_b': 0.0005752434266899163, 'gpp_d': 10.369565216756202, 'ign_k': 8.708806168038567, 'ign_c': 1.2389052918551067, 'trop_agb_crit': 24.584290528289387, 'trop_k_veg': 3.517697529584014}.
[I 2026-06-08 12:26:04,598] Trial 874 finished with values: [-0.5750887988979827, 0.055919125217778975] and parameters: {'k1': 0.01889771394135163, 'D_low': 1.3577269394141454, 'k2': 0.0012040762895973265, 'D_high': 1493.5213816355397, 'fire_exp': 1.3170256885255098, 'P_half': 4.213183643253957, 'pre_dampen_half': 107.40052367919465, 'gpp_af': 1.200191344086032, 'gpp_b': 0.0005752434266899163, 'gpp_d': 150.14555442537656, 'ign_k': 5.595401979134829, 'ign_c': 20.03995359361212, 'trop_agb_crit': 7.500118950416987, 'trop_k_veg': 2.573214588078609}.
[I 2026-06-08 12:26:05,770] Trial 875 finished with values: [10.317858633843787, 10.317858633843787] and parameters: {'k1': 0.00031134168041628584, 'D_low': 4.484744524732794, 'k2': 1.4665316366397004e-05, 'D_high': 1641.3793406858565, 'fire_exp': 1.165368636520435, 'P_half': 220.3445560633069, 'pre_dampen_half': 107.40052367919465, 'gpp_af': 0.7539992074650279, 'gpp_b': 0.0021331409710300844, 'gpp_d': 84.31013932082456, 'ign_k': 0.5524095129928631, 'ign_c': 15.221840161091626, 'trop_agb_crit': 24.584290528289387, 'trop_k_veg': 1.4584243470991722}.
[I 2026-06-08 12:26:07,475] Trial 876 finished with values: [10.144295170843037, 10.144295170843037] and parameters: {'k1': 0.008287522363768155, 'D_low': 4.484744524732794, 'k2': 1.915468390724633e-05, 'D_high': 42210.21267871043, 'fire_exp': 2.2471014875823556, 'P_half': 220.3445560633069, 'pre_dampen_half': 502.5175192217655, 'gpp_af': 0.2204465010099918, 'gpp_b': 0.0021331409710300844, 'gpp_d': 16.460426816350523, 'ign_k': 0.5524095129928631, 'ign_c': 0.70689749506246, 'trop_agb_crit': 24.584290528289387, 'trop_k_veg': 2.520089655463604}.
[I 2026-06-08 12:26:08,962] Trial 877 finished with values: [10.19450120005157, 10.19450120005157] and parameters: {'k1': 0.008287522363768155, 'D_low': 1.3577269394141454, 'k2': 0.001462400459012571, 'D_high': 42210.21267871043, 'fire_exp': 1.165368636520435, 'P_half': 220.3445560633069, 'pre_dampen_half': 107.40052367919465, 'gpp_af': 0.2204465010099918, 'gpp_b': 0.0021331409710300844, 'gpp_d': 0.33699352257983195, 'ign_k': 8.708806168038567, 'ign_c': 20.03995359361212, 'trop_agb_crit': 7.500118950416987, 'trop_k_veg': 0.5349971555643298}.
[I 2026-06-08 12:26:10,518] Trial 878 finished with values: [10.102351954123217, 10.102351954123217] and parameters: {'k1': 0.004312951023617458, 'D_low': 64.39790863101601, 'k2': 0.03538758864779238, 'D_high': 387.1917261003672, 'fire_exp': 1.165368636520435, 'P_half': 4.213183643253957, 'pre_dampen_half': 502.5175192217655, 'gpp_af': 0.7539992074650279, 'gpp_b': 0.0021331409710300844, 'gpp_d': 84.31013932082456, 'ign_k': 0.0680787482656459, 'ign_c': 20.03995359361212, 'trop_agb_crit': 7.500118950416987, 'trop_k_veg': 1.4584243470991722}.
[I 2026-06-08 12:26:11,720] Trial 879 finished with values: [10.050324594244282, 10.050324594244282] and parameters: {'k1': 0.008912611835817005, 'D_low': 64.39790863101601, 'k2': 0.0012040762895973265, 'D_high': 1493.5213816355397, 'fire_exp': 1.165368636520435, 'P_half': 220.3445560633069, 'pre_dampen_half': 502.5175192217655, 'gpp_af': 0.05511595477601767, 'gpp_b': 0.004821867175721073, 'gpp_d': 10.369565216756202, 'ign_k': 0.0680787482656459, 'ign_c': 15.221840161091626, 'trop_agb_crit': 7.500118950416987, 'trop_k_veg': 2.194427136482602}.
[I 2026-06-08 12:26:12,859] Trial 880 finished with values: [10.840245960063951, 10.840245960063951] and parameters: {'k1': 0.002525674232217022, 'D_low': 77.31571570012609, 'k2': 0.012758211164590085, 'D_high': 783.2259769732478, 'fire_exp': 3.2785320057129117, 'P_half': 12.808863354047988, 'pre_dampen_half': 107.40052367919465, 'gpp_af': 0.1476584299248268, 'gpp_b': 3.43926796010005e-05, 'gpp_d': 16.460426816350523, 'ign_k': 0.0315101491238403, 'ign_c': 7.4063809263110905, 'trop_agb_crit': 3.5747129226002423, 'trop_k_veg': 1.4584243470991722}.
[I 2026-06-08 12:26:13,955] Trial 881 finished with values: [-0.5200406959977365, 0.13850978126239977] and parameters: {'k1': 0.01889771394135163, 'D_low': 4.484744524732794, 'k2': 1.1065812688893481e-05, 'D_high': 2940.51756322311, 'fire_exp': 1.0601964743503993, 'P_half': 220.3445560633069, 'pre_dampen_half': 502.5175192217655, 'gpp_af': 0.017199513788543352, 'gpp_b': 0.0054502936945582505, 'gpp_d': 395.3300852215303, 'ign_k': 8.708806168038567, 'ign_c': 15.221840161091626, 'trop_agb_crit': 24.584290528289387, 'trop_k_veg': 1.4584243470991722}.
[I 2026-06-08 12:26:15,151] Trial 882 finished with values: [-0.5217204157854568, 0.10324624035408447] and parameters: {'k1': 0.01889771394135163, 'D_low': 1.9623826481168343, 'k2': 1.4665316366397004e-05, 'D_high': 2940.51756322311, 'fire_exp': 1.165368636520435, 'P_half': 4.213183643253957, 'pre_dampen_half': 502.5175192217655, 'gpp_af': 0.017199513788543352, 'gpp_b': 0.0054502936945582505, 'gpp_d': 84.31013932082456, 'ign_k': 8.708806168038567, 'ign_c': 15.221840161091626, 'trop_agb_crit': 7.500118950416987, 'trop_k_veg': 2.194427136482602}.
[I 2026-06-08 12:26:16,352] Trial 883 finished with values: [10.393645757757481, 10.393645757757481] and parameters: {'k1': 0.01889771394135163, 'D_low': 1.9623826481168343, 'k2': 1.4665316366397004e-05, 'D_high': 972.4201099820957, 'fire_exp': 1.3170256885255098, 'P_half': 220.3445560633069, 'pre_dampen_half': 107.40052367919465, 'gpp_af': 0.2204465010099918, 'gpp_b': 0.0005752434266899163, 'gpp_d': 14.792055086678463, 'ign_k': 0.0680787482656459, 'ign_c': 15.221840161091626, 'trop_agb_crit': 24.584290528289387, 'trop_k_veg': 0.5349971555643298}.
[I 2026-06-08 12:26:17,558] Trial 884 finished with values: [10.766396116756646, 10.766396116756646] and parameters: {'k1': 0.037704815040649445, 'D_low': 1.9623826481168343, 'k2': 0.012758211164590085, 'D_high': 3712.591045287726, 'fire_exp': 1.0601964743503993, 'P_half': 4.213183643253957, 'pre_dampen_half': 107.40052367919465, 'gpp_af': 91.367149130616, 'gpp_b': 0.0005752434266899163, 'gpp_d': 84.31013932082456, 'ign_k': 2.545070581573529, 'ign_c': 30.28574109895626, 'trop_agb_crit': 3.5747129226002423, 'trop_k_veg': 3.49157152291552}.
[I 2026-06-08 12:26:18,709] Trial 885 finished with values: [10.266506275708304, 10.266506275708304] and parameters: {'k1': 0.01889771394135163, 'D_low': 4.484744524732794, 'k2': 2.246290894032394e-05, 'D_high': 2940.51756322311, 'fire_exp': 1.0601964743503993, 'P_half': 2.5449737887285035, 'pre_dampen_half': 107.40052367919465, 'gpp_af': 0.1476584299248268, 'gpp_b': 0.008226792720717493, 'gpp_d': 10.369565216756202, 'ign_k': 0.0315101491238403, 'ign_c': 30.28574109895626, 'trop_agb_crit': 3.5747129226002423, 'trop_k_veg': 1.4584243470991722}.
[I 2026-06-08 12:26:19,864] Trial 886 finished with values: [10.516336665515302, 10.516336665515302] and parameters: {'k1': 0.008912611835817005, 'D_low': 1.9623826481168343, 'k2': 1.4665316366397004e-05, 'D_high': 1493.5213816355397, 'fire_exp': 1.6162573555507567, 'P_half': 4.213183643253957, 'pre_dampen_half': 449.75507565287154, 'gpp_af': 0.05511595477601767, 'gpp_b': 0.0021331409710300844, 'gpp_d': 84.31013932082456, 'ign_k': 0.010167079878196114, 'ign_c': 15.221840161091626, 'trop_agb_crit': 7.500118950416987, 'trop_k_veg': 0.5349971555643298}.
[I 2026-06-08 12:26:21,024] Trial 887 finished with values: [10.305660898390625, 10.305660898390625] and parameters: {'k1': 0.004312951023617458, 'D_low': 4.484744524732794, 'k2': 1.4665316366397004e-05, 'D_high': 1493.5213816355397, 'fire_exp': 1.165368636520435, 'P_half': 4.213183643253957, 'pre_dampen_half': 502.5175192217655, 'gpp_af': 0.7539992074650279, 'gpp_b': 0.0005752434266899163, 'gpp_d': 16.460426816350523, 'ign_k': 8.708806168038567, 'ign_c': 15.221840161091626, 'trop_agb_crit': 7.500118950416987, 'trop_k_veg': 2.194427136482602}.
[I 2026-06-08 12:26:22,385] Trial 888 finished with values: [10.81774965068045, 10.81774965068045] and parameters: {'k1': 0.008287522363768155, 'D_low': 355.00125258511594, 'k2': 1.1065812688893481e-05, 'D_high': 42210.21267871043, 'fire_exp': 1.3170256885255098, 'P_half': 4.213183643253957, 'pre_dampen_half': 0.038179654097601136, 'gpp_af': 12.224990841982798, 'gpp_b': 0.0021331409710300844, 'gpp_d': 0.8000487801699092, 'ign_k': 3.250104176616458, 'ign_c': 15.221840161091626, 'trop_agb_crit': 1.14876138417489, 'trop_k_veg': 2.520089655463604}.
[I 2026-06-08 12:26:23,548] Trial 889 finished with values: [10.680799142703147, 10.680799142703147] and parameters: {'k1': 0.004312951023617458, 'D_low': 64.39790863101601, 'k2': 0.015763894361785387, 'D_high': 3712.591045287726, 'fire_exp': 1.3170256885255098, 'P_half': 2966.379836525573, 'pre_dampen_half': 552.4163637315892, 'gpp_af': 0.7539992074650279, 'gpp_b': 0.0021331409710300844, 'gpp_d': 29.749683811098393, 'ign_k': 0.010167079878196114, 'ign_c': 15.221840161091626, 'trop_agb_crit': 3.2954785755570537, 'trop_k_veg': 1.4584243470991722}.
[I 2026-06-08 12:26:24,802] Trial 890 finished with values: [10.393963196927563, 10.393963196927563] and parameters: {'k1': 0.01889771394135163, 'D_low': 1.3577269394141454, 'k2': 0.0012040762895973265, 'D_high': 16737.924342831117, 'fire_exp': 1.165368636520435, 'P_half': 220.3445560633069, 'pre_dampen_half': 552.4163637315892, 'gpp_af': 0.10409127568994281, 'gpp_b': 0.0005752434266899163, 'gpp_d': 84.31013932082456, 'ign_k': 8.708806168038567, 'ign_c': 20.03995359361212, 'trop_agb_crit': 3.2954785755570537, 'trop_k_veg': 1.4584243470991722}.
[I 2026-06-08 12:26:26,161] Trial 891 finished with values: [10.538890146397936, 10.538890146397936] and parameters: {'k1': 0.037704815040649445, 'D_low': 2.143851363193517, 'k2': 0.012758211164590085, 'D_high': 3712.591045287726, 'fire_exp': 1.1430983876313219, 'P_half': 93.43302657318476, 'pre_dampen_half': 10.129197956845726, 'gpp_af': 0.1476584299248268, 'gpp_b': 0.0054502936945582505, 'gpp_d': 10.369565216756202, 'ign_k': 0.0315101491238403, 'ign_c': 30.28574109895626, 'trop_agb_crit': 3.5747129226002423, 'trop_k_veg': 6.2065960186008615}.
[I 2026-06-08 12:26:27,307] Trial 892 finished with values: [10.156234561029988, 10.156234561029988] and parameters: {'k1': 0.004312951023617458, 'D_low': 4.484744524732794, 'k2': 0.015763894361785387, 'D_high': 3712.591045287726, 'fire_exp': 1.3170256885255098, 'P_half': 5.076307782729897, 'pre_dampen_half': 502.5175192217655, 'gpp_af': 8.915632969317377, 'gpp_b': 0.0021331409710300844, 'gpp_d': 5.1715677287580455, 'ign_k': 0.0680787482656459, 'ign_c': 5.13055176058983, 'trop_agb_crit': 24.584290528289387, 'trop_k_veg': 3.1473758868965476}.
[I 2026-06-08 12:26:28,429] Trial 893 finished with values: [10.106054436416438, 10.106054436416438] and parameters: {'k1': 0.029626010885972713, 'D_low': 64.39790863101601, 'k2': 0.001462400459012571, 'D_high': 3712.591045287726, 'fire_exp': 1.0601964743503993, 'P_half': 115.44738876452311, 'pre_dampen_half': 502.5175192217655, 'gpp_af': 0.1476584299248268, 'gpp_b': 0.0021331409710300844, 'gpp_d': 29.749683811098393, 'ign_k': 0.0680787482656459, 'ign_c': 20.03995359361212, 'trop_agb_crit': 2.818694656863287, 'trop_k_veg': 0.5349971555643298}.
[I 2026-06-08 12:26:29,540] Trial 894 finished with values: [10.094921767590282, 10.094921767590282] and parameters: {'k1': 0.004312951023617458, 'D_low': 4.484744524732794, 'k2': 2.246290894032394e-05, 'D_high': 2940.51756322311, 'fire_exp': 1.2048119960437906, 'P_half': 220.3445560633069, 'pre_dampen_half': 502.5175192217655, 'gpp_af': 0.5981605330890939, 'gpp_b': 0.008226792720717493, 'gpp_d': 84.31013932082456, 'ign_k': 8.708806168038567, 'ign_c': 15.221840161091626, 'trop_agb_crit': 3.2954785755570537, 'trop_k_veg': 6.9782110227926815}.
[I 2026-06-08 12:26:30,851] Trial 895 finished with values: [10.208373880188319, 10.208373880188319] and parameters: {'k1': 0.01889771394135163, 'D_low': 1.3577269394141454, 'k2': 0.012758211164590085, 'D_high': 3712.591045287726, 'fire_exp': 1.1430983876313219, 'P_half': 4.213183643253957, 'pre_dampen_half': 107.40052367919465, 'gpp_af': 0.7539992074650279, 'gpp_b': 0.0054502936945582505, 'gpp_d': 84.31013932082456, 'ign_k': 8.708806168038567, 'ign_c': 20.03995359361212, 'trop_agb_crit': 7.500118950416987, 'trop_k_veg': 2.194427136482602}.
[I 2026-06-08 12:26:32,135] Trial 896 finished with values: [10.030069876857619, 10.030069876857619] and parameters: {'k1': 0.004312951023617458, 'D_low': 70.18267183720735, 'k2': 0.012758211164590085, 'D_high': 2940.51756322311, 'fire_exp': 1.3170256885255098, 'P_half': 12.808863354047988, 'pre_dampen_half': 107.40052367919465, 'gpp_af': 0.1476584299248268, 'gpp_b': 0.0005752434266899163, 'gpp_d': 1.034905973774237, 'ign_k': 0.010167079878196114, 'ign_c': 20.03995359361212, 'trop_agb_crit': 2.1861040860339416, 'trop_k_veg': 1.4584243470991722}.
[I 2026-06-08 12:26:33,353] Trial 897 finished with values: [-0.543716616618554, 0.11103051300712496] and parameters: {'k1': 0.01889771394135163, 'D_low': 4.484744524732794, 'k2': 1.4665316366397004e-05, 'D_high': 2940.51756322311, 'fire_exp': 1.165368636520435, 'P_half': 4.213183643253957, 'pre_dampen_half': 107.40052367919465, 'gpp_af': 0.017199513788543352, 'gpp_b': 0.0005752434266899163, 'gpp_d': 84.31013932082456, 'ign_k': 8.708806168038567, 'ign_c': 15.221840161091626, 'trop_agb_crit': 7.500118950416987, 'trop_k_veg': 2.194427136482602}.
[I 2026-06-08 12:26:34,655] Trial 898 finished with values: [-0.5750887988979827, 0.055919125217778975] and parameters: {'k1': 0.01889771394135163, 'D_low': 1.3577269394141454, 'k2': 0.0012040762895973265, 'D_high': 1493.5213816355397, 'fire_exp': 1.3170256885255098, 'P_half': 4.213183643253957, 'pre_dampen_half': 107.40052367919465, 'gpp_af': 1.200191344086032, 'gpp_b': 0.0005752434266899163, 'gpp_d': 150.14555442537656, 'ign_k': 5.595401979134829, 'ign_c': 20.03995359361212, 'trop_agb_crit': 7.500118950416987, 'trop_k_veg': 2.573214588078609}.
[I 2026-06-08 12:26:35,966] Trial 899 finished with values: [10.25688994000566, 10.25688994000566] and parameters: {'k1': 0.008912611835817005, 'D_low': 64.39790863101601, 'k2': 0.03538758864779238, 'D_high': 2940.51756322311, 'fire_exp': 1.3170256885255098, 'P_half': 220.3445560633069, 'pre_dampen_half': 502.5175192217655, 'gpp_af': 0.2204465010099918, 'gpp_b': 0.0021331409710300844, 'gpp_d': 5.1715677287580455, 'ign_k': 2.1368329072358767, 'ign_c': 15.221840161091626, 'trop_agb_crit': 24.584290528289387, 'trop_k_veg': 0.5349971555643298}.
[I 2026-06-08 12:26:37,200] Trial 900 finished with values: [10.071950675171749, 10.071950675171749] and parameters: {'k1': 0.01889771394135163, 'D_low': 64.39790863101601, 'k2': 0.03538758864779238, 'D_high': 3712.591045287726, 'fire_exp': 1.3170256885255098, 'P_half': 220.3445560633069, 'pre_dampen_half': 502.5175192217655, 'gpp_af': 0.10409127568994281, 'gpp_b': 0.0021331409710300844, 'gpp_d': 84.31013932082456, 'ign_k': 0.0680787482656459, 'ign_c': 15.221840161091626, 'trop_agb_crit': 24.584290528289387, 'trop_k_veg': 2.194427136482602}.
[I 2026-06-08 12:26:38,528] Trial 901 finished with values: [10.021388490925482, 10.021388490925482] and parameters: {'k1': 0.00031134168041628584, 'D_low': 4.484744524732794, 'k2': 0.0012040762895973265, 'D_high': 1493.5213816355397, 'fire_exp': 1.165368636520435, 'P_half': 4.213183643253957, 'pre_dampen_half': 502.5175192217655, 'gpp_af': 0.10409127568994281, 'gpp_b': 0.0005752434266899163, 'gpp_d': 16.460426816350523, 'ign_k': 8.708806168038567, 'ign_c': 20.03995359361212, 'trop_agb_crit': 7.500118950416987, 'trop_k_veg': 0.808936329875387}.
