[I 2026-08-06 09:15:58,869] Trial 1499 finished with values: [-0.6388641528081754, 0.2721947703481632] and parameters: {'k1': 0.029626010885972713, 'D_low': 4.484744524732794, 'k2': 0.008433074972740243, 'D_high': 2940.51756322311, 'fire_exp': 1.0629462657398439, 'P_half': 12.808863354047988, 'pre_dampen_half': 552.4163637315892, 'gpp_af': 0.0689916853868204, 'gpp_b': 0.0005752434266899163, 'gpp_d': 21.828476026538596, 'ign_k': 5.351470428717437, 'ign_c': 20.03995359361212, 'trop_agb_crit': 7.500118950416987, 'trop_k_veg': 2.589881843781324}.
[setup] CRUJRA climate from data/crujra/, GPP from global_baseline_modelC_inputs_1997-2016.nc ...
[setup] loading GFED5 reference from burntArea.nc ...
[setup] land cells (GFED5 burnable): 13916 / 64800 (21.5%)
[setup] GFED5 land-mean monthly frac: 0.005068
[opt] REGION=Africa: fitting 1816 land cells only
[opt] warm-start from params.nsga2.json
[warm] Overall=0.6048  bias=0.7205 rmse=0.4057 seas=0.9114 spatial=0.5808
[opt] sampler=NSGAIISampler seed=42
[opt] running 1500 trials against GFED5 ...
  trial   18/1500  pareto_size=1  best_ilamb=0.6059  (0.3 min)
  trial   36/1500  pareto_size=1  best_ilamb=0.6059  (0.7 min)
  trial   54/1500  pareto_size=1  best_ilamb=0.6059  (1.0 min)
  trial   72/1500  pareto_size=1  best_ilamb=0.6059  (1.4 min)
  trial   90/1500  pareto_size=1  best_ilamb=0.6059  (1.7 min)
  trial  108/1500  pareto_size=1  best_ilamb=0.6059  (2.1 min)
  trial  126/1500  pareto_size=1  best_ilamb=0.6059  (2.4 min)
  trial  144/1500  pareto_size=1  best_ilamb=0.6059  (2.7 min)
  trial  163/1500  pareto_size=1  best_ilamb=0.6059  (3.1 min)
  trial  182/1500  pareto_size=1  best_ilamb=0.6059  (3.4 min)
  trial  201/1500  pareto_size=1  best_ilamb=0.6059  (3.8 min)
  trial  220/1500  pareto_size=1  best_ilamb=0.6014  (4.1 min)
  trial  238/1500  pareto_size=1  best_ilamb=0.4734  (4.4 min)
  trial  250/1500  pareto_size=1  best_ilamb=0.4734  (4.8 min)
  trial  260/1500  pareto_size=1  best_ilamb=0.4734  (5.1 min)
  trial  271/1500  pareto_size=1  best_ilamb=0.4734  (5.5 min)
  trial  282/1500  pareto_size=2  best_ilamb=0.4822  (5.8 min)
  trial  293/1500  pareto_size=2  best_ilamb=0.4822  (6.2 min)
  trial  303/1500  pareto_size=2  best_ilamb=0.4822  (6.5 min)
  trial  315/1500  pareto_size=2  best_ilamb=0.4822  (6.9 min)
  trial  324/1500  pareto_size=2  best_ilamb=0.4822  (7.2 min)
  trial  335/1500  pareto_size=2  best_ilamb=0.4822  (7.6 min)
  trial  345/1500  pareto_size=2  best_ilamb=0.4822  (7.9 min)
  trial  356/1500  pareto_size=1  best_ilamb=0.5552  (8.3 min)
  trial  366/1500  pareto_size=1  best_ilamb=0.5552  (8.6 min)
  trial  377/1500  pareto_size=2  best_ilamb=0.5569  (9.0 min)
  trial  388/1500  pareto_size=2  best_ilamb=0.5569  (9.4 min)
  trial  399/1500  pareto_size=2  best_ilamb=0.5569  (9.7 min)
  trial  410/1500  pareto_size=2  best_ilamb=0.5569  (10.1 min)
  trial  421/1500  pareto_size=3  best_ilamb=0.6063  (10.4 min)
  trial  432/1500  pareto_size=3  best_ilamb=0.6063  (10.8 min)
  trial  443/1500  pareto_size=3  best_ilamb=0.6063  (11.1 min)
  trial  454/1500  pareto_size=3  best_ilamb=0.6063  (11.5 min)
  trial  466/1500  pareto_size=3  best_ilamb=0.6063  (11.8 min)
  trial  484/1500  pareto_size=2  best_ilamb=0.6063  (12.2 min)
  trial  502/1500  pareto_size=2  best_ilamb=0.6063  (12.5 min)
  trial  520/1500  pareto_size=2  best_ilamb=0.6122  (12.9 min)
  trial  538/1500  pareto_size=3  best_ilamb=0.6153  (13.2 min)
  trial  556/1500  pareto_size=3  best_ilamb=0.6153  (13.6 min)
  trial  574/1500  pareto_size=4  best_ilamb=0.6197  (13.9 min)
  trial  592/1500  pareto_size=6  best_ilamb=0.6197  (14.3 min)
  trial  609/1500  pareto_size=6  best_ilamb=0.6236  (14.6 min)
  trial  627/1500  pareto_size=5  best_ilamb=0.6236  (15.0 min)
  trial  645/1500  pareto_size=5  best_ilamb=0.6236  (15.3 min)
  trial  660/1500  pareto_size=5  best_ilamb=0.6236  (15.7 min)
  trial  678/1500  pareto_size=6  best_ilamb=0.6336  (16.0 min)
  trial  696/1500  pareto_size=6  best_ilamb=0.6336  (16.4 min)
  trial  713/1500  pareto_size=6  best_ilamb=0.6336  (16.7 min)
  trial  730/1500  pareto_size=7  best_ilamb=0.6336  (17.1 min)
  trial  747/1500  pareto_size=6  best_ilamb=0.6361  (17.4 min)
  trial  764/1500  pareto_size=6  best_ilamb=0.6361  (17.7 min)
  trial  780/1500  pareto_size=6  best_ilamb=0.6361  (18.1 min)
  trial  799/1500  pareto_size=7  best_ilamb=0.6396  (18.4 min)
  trial  818/1500  pareto_size=7  best_ilamb=0.6396  (18.8 min)
  trial  837/1500  pareto_size=7  best_ilamb=0.6396  (19.1 min)
  trial  856/1500  pareto_size=9  best_ilamb=0.6396  (19.5 min)
  trial  875/1500  pareto_size=9  best_ilamb=0.6396  (19.8 min)
  trial  894/1500  pareto_size=6  best_ilamb=0.6396  (20.2 min)
  trial  911/1500  pareto_size=7  best_ilamb=0.6396  (20.5 min)
  trial  929/1500  pareto_size=9  best_ilamb=0.6396  (20.9 min)
  trial  945/1500  pareto_size=9  best_ilamb=0.6396  (21.2 min)
  trial  964/1500  pareto_size=7  best_ilamb=0.6396  (21.6 min)
  trial  982/1500  pareto_size=8  best_ilamb=0.6396  (21.9 min)
  trial 1000/1500  pareto_size=9  best_ilamb=0.6396  (22.3 min)
  trial 1018/1500  pareto_size=9  best_ilamb=0.6396  (22.6 min)
  trial 1036/1500  pareto_size=9  best_ilamb=0.6396  (23.0 min)
  trial 1055/1500  pareto_size=10  best_ilamb=0.6396  (23.3 min)
  trial 1074/1500  pareto_size=8  best_ilamb=0.6406  (23.7 min)
  trial 1092/1500  pareto_size=9  best_ilamb=0.6406  (24.0 min)
  trial 1110/1500  pareto_size=8  best_ilamb=0.6406  (24.4 min)
  trial 1129/1500  pareto_size=9  best_ilamb=0.6406  (24.7 min)
  trial 1147/1500  pareto_size=9  best_ilamb=0.6440  (25.1 min)
  trial 1165/1500  pareto_size=10  best_ilamb=0.6440  (25.4 min)
  trial 1183/1500  pareto_size=10  best_ilamb=0.6440  (25.7 min)
  trial 1201/1500  pareto_size=12  best_ilamb=0.6440  (26.1 min)
  trial 1219/1500  pareto_size=12  best_ilamb=0.6440  (26.4 min)
  trial 1237/1500  pareto_size=12  best_ilamb=0.6440  (26.8 min)
  trial 1255/1500  pareto_size=12  best_ilamb=0.6440  (27.1 min)
  trial 1273/1500  pareto_size=14  best_ilamb=0.6440  (27.5 min)
  trial 1289/1500  pareto_size=13  best_ilamb=0.6440  (27.8 min)
  trial 1308/1500  pareto_size=15  best_ilamb=0.6440  (28.2 min)
  trial 1326/1500  pareto_size=15  best_ilamb=0.6440  (28.5 min)
  trial 1344/1500  pareto_size=13  best_ilamb=0.6440  (28.9 min)
  trial 1362/1500  pareto_size=14  best_ilamb=0.6440  (29.2 min)
  trial 1380/1500  pareto_size=15  best_ilamb=0.6440  (29.6 min)
  trial 1398/1500  pareto_size=14  best_ilamb=0.6440  (29.9 min)
  trial 1416/1500  pareto_size=14  best_ilamb=0.6440  (30.3 min)
  trial 1434/1500  pareto_size=12  best_ilamb=0.6440  (30.6 min)
  trial 1452/1500  pareto_size=14  best_ilamb=0.6440  (31.0 min)
  trial 1469/1500  pareto_size=15  best_ilamb=0.6440  (31.3 min)
  trial 1487/1500  pareto_size=17  best_ilamb=0.6440  (31.7 min)

[done] 1500 trials in 32.0 min
[pareto] 16 non-dominated trials, 9 with fp_score >= 0.8
[chosen] trial 1491: ILAMB=0.6369  fp_score=0.8352  ratio=0.95
[best] Bias=0.7619  RMSE=0.3792  Seas=0.8694  Spatial=0.7948  Overall=0.6369
[diag] raw rate land-mean (yr^-1): 0.1348  (target ~ 0.06082)
[write] D:\FIRE_OFFLINE\models\C\params.Gtrop_Africa.json
[write] D:\FIRE_OFFLINE\ilamb\MODELS\ED-ModelC-final\burntArea.Gtrop_Africa.nc  (8.8 MB)

[FIX2] dumping top-5 Pareto candidates -> D:\FIRE_OFFLINE\ilamb\MODELS_TOPK_Gtrop_Africa
  k1: trial 1491  internal_overall=0.6369  taylor=0.0000  sigma=0.000  fp=0.835  ratio=0.95  amp=1.00
  k2: trial 1421  internal_overall=0.6304  taylor=0.0000  sigma=0.000  fp=0.852  ratio=0.89  amp=1.00
  k3: trial 1482  internal_overall=0.6302  taylor=0.0000  sigma=0.000  fp=0.871  ratio=0.90  amp=1.00
  k4: trial 1488  internal_overall=0.6237  taylor=0.0000  sigma=0.000  fp=0.895  ratio=0.84  amp=1.00
  k5: trial 1336  internal_overall=0.6237  taylor=0.0000  sigma=0.000  fp=0.895  ratio=0.84  amp=1.00
[FIX2] manifest -> D:\FIRE_OFFLINE\models\C\topk.Gtrop_Africa.json
[FIX2] re-score all candidates with official ILAMB (CLAUDE.md recipe; clean ._* first), e.g. --model_root "$PWD/ilamb/MODELS_TOPK_Gtrop_Africa"
[FIX2] promote the candidate with the best OFFICIAL Overall, NOT the internal one.
=== done  09:16:19 ===
