[I 2026-06-11 01:46:24,454] Trial 1158 finished with values: [-0.6596860844393244, 0.0655674477540441] and parameters: {'k1': 0.0869690639641868, 'D_low': 236.79352040223893, 'k2': 0.0007731571570012607, 'D_high': 6682.9607218310075, 'fire_exp': 1.2060040899560858, 'P_half': 3.591771421517613, 'pre_dampen_half': 4.847666216751353, 'gpp_af': 0.046239120540552445, 'gpp_b': 0.001674375583895437, 'gpp_d': 0.1619054449471649, 'ign_k': 7.544827057709847, 'ign_c': 2.226297338331262, 'trop_agb_crit': 5.588032458772675, 'trop_k_veg': 0.828441460847982, 'fire_amp': 5.44779717154213}.
[I 2026-06-11 01:46:25,947] Trial 1159 finished with values: [12.169095765459094, 12.169095765459094] and parameters: {'k1': 0.03648456083047798, 'D_low': 148.21691630007544, 'k2': 7.531057256501231e-05, 'D_high': 6682.9607218310075, 'fire_exp': 1.2060040899560858, 'P_half': 157.80309954142965, 'pre_dampen_half': 903.3231300044874, 'gpp_af': 0.9219336658511308, 'gpp_b': 0.004411400434514031, 'gpp_d': 0.1619054449471649, 'ign_k': 7.544827057709847, 'ign_c': 1.9423015749984096, 'trop_agb_crit': 2.100813292597435, 'trop_k_veg': 2.2057060303254308, 'fire_amp': 5.44779717154213}.
[I 2026-06-11 01:46:27,351] Trial 1160 finished with values: [16.58075824462652, 16.58075824462652] and parameters: {'k1': 0.030699709531122967, 'D_low': 236.79352040223893, 'k2': 5.12525027816961e-05, 'D_high': 1266.9536563782303, 'fire_exp': 1.2060040899560858, 'P_half': 157.80309954142965, 'pre_dampen_half': 903.3231300044874, 'gpp_af': 0.046239120540552445, 'gpp_b': 2.1309331861011757e-05, 'gpp_d': 1.4397852866783676, 'ign_k': 7.544827057709847, 'ign_c': 4.142619760188259, 'trop_agb_crit': 2.100813292597435, 'trop_k_veg': 6.963655030926962, 'fire_amp': 5.44779717154213}.
[I 2026-06-11 01:46:28,646] Trial 1161 finished with values: [10.775857258883265, 10.775857258883265] and parameters: {'k1': 0.004016926345849037, 'D_low': 148.21691630007544, 'k2': 7.531057256501231e-05, 'D_high': 6682.9607218310075, 'fire_exp': 1.2060040899560858, 'P_half': 3.591771421517613, 'pre_dampen_half': 121.93011993958949, 'gpp_af': 0.10098504976210308, 'gpp_b': 0.001674375583895437, 'gpp_d': 0.1619054449471649, 'ign_k': 7.544827057709847, 'ign_c': 1.364908766641693, 'trop_agb_crit': 6.392474544595698, 'trop_k_veg': 0.5535297685306277, 'fire_amp': 1.5719333351012774}.
[I 2026-06-11 01:46:29,949] Trial 1162 finished with values: [10.692660640457309, 10.692660640457309] and parameters: {'k1': 0.0869690639641868, 'D_low': 148.21691630007544, 'k2': 4.933751600448335e-05, 'D_high': 17663.59719322428, 'fire_exp': 1.2060040899560858, 'P_half': 5.4712187293420325, 'pre_dampen_half': 4.847666216751353, 'gpp_af': 0.10098504976210308, 'gpp_b': 5.0875243087016374e-05, 'gpp_d': 3.257094673454639, 'ign_k': 7.544827057709847, 'ign_c': 22.126836566118193, 'trop_agb_crit': 2.100813292597435, 'trop_k_veg': 2.6646585294137255, 'fire_amp': 3.1045399027418377}.
[I 2026-06-11 01:46:31,299] Trial 1163 finished with values: [10.339638434057079, 10.339638434057079] and parameters: {'k1': 9.132348475718357e-05, 'D_low': 235.39834531862078, 'k2': 0.006802810205786726, 'D_high': 6682.9607218310075, 'fire_exp': 1.154178834478323, 'P_half': 157.80309954142965, 'pre_dampen_half': 4.847666216751353, 'gpp_af': 0.005061568304359487, 'gpp_b': 1.4008921101492135e-05, 'gpp_d': 1.4397852866783676, 'ign_k': 0.0032383308053152635, 'ign_c': 1.364908766641693, 'trop_agb_crit': 1.8023542850487386, 'trop_k_veg': 2.6508357486965424, 'fire_amp': 5.44779717154213}.
[I 2026-06-11 01:46:32,850] Trial 1164 finished with values: [-0.6089030784570605, 0.06453927100659274] and parameters: {'k1': 0.0869690639641868, 'D_low': 236.79352040223893, 'k2': 0.019383858782150494, 'D_high': 4213.54222759551, 'fire_exp': 1.5191397119156032, 'P_half': 5.4712187293420325, 'pre_dampen_half': 9.044346216330972, 'gpp_af': 0.046239120540552445, 'gpp_b': 5.0875243087016374e-05, 'gpp_d': 1.4397852866783676, 'ign_k': 0.004105873950290761, 'ign_c': 1.364908766641693, 'trop_agb_crit': 2.100813292597435, 'trop_k_veg': 6.963655030926962, 'fire_amp': 2.5049818122677205}.
[I 2026-06-11 01:46:34,393] Trial 1165 finished with values: [17.194391655303225, 17.194391655303225] and parameters: {'k1': 0.0869690639641868, 'D_low': 408.3047491580097, 'k2': 0.0007731571570012607, 'D_high': 6682.9607218310075, 'fire_exp': 1.2060040899560858, 'P_half': 3.591771421517613, 'pre_dampen_half': 903.3231300044874, 'gpp_af': 0.9219336658511308, 'gpp_b': 0.001674375583895437, 'gpp_d': 0.1619054449471649, 'ign_k': 7.544827057709847, 'ign_c': 1.9423015749984096, 'trop_agb_crit': 5.588032458772675, 'trop_k_veg': 2.724170387400844, 'fire_amp': 5.44779717154213}.
[I 2026-06-11 01:46:35,718] Trial 1166 finished with values: [10.50698983645482, 10.50698983645482] and parameters: {'k1': 0.0869690639641868, 'D_low': 2267.735223551285, 'k2': 0.0007731571570012607, 'D_high': 6682.9607218310075, 'fire_exp': 1.2060040899560858, 'P_half': 157.80309954142965, 'pre_dampen_half': 9.044346216330972, 'gpp_af': 0.07118041471054574, 'gpp_b': 0.0004360709560327289, 'gpp_d': 0.1619054449471649, 'ign_k': 0.002357279455676982, 'ign_c': 22.126836566118193, 'trop_agb_crit': 15.529444569149527, 'trop_k_veg': 1.7862815715443634, 'fire_amp': 5.44779717154213}.
[I 2026-06-11 01:46:37,067] Trial 1167 finished with values: [10.527005746126475, 10.527005746126475] and parameters: {'k1': 0.0869690639641868, 'D_low': 148.21691630007544, 'k2': 0.0007731571570012607, 'D_high': 16.137130466116883, 'fire_exp': 1.2060040899560858, 'P_half': 3.591771421517613, 'pre_dampen_half': 4.847666216751353, 'gpp_af': 0.9219336658511308, 'gpp_b': 0.001674375583895437, 'gpp_d': 0.1619054449471649, 'ign_k': 7.544827057709847, 'ign_c': 1.9423015749984096, 'trop_agb_crit': 5.588032458772675, 'trop_k_veg': 5.636143940068465, 'fire_amp': 5.44779717154213}.
[I 2026-06-11 01:46:38,383] Trial 1168 finished with values: [10.106044212728571, 10.106044212728571] and parameters: {'k1': 0.0869690639641868, 'D_low': 69.05604395130307, 'k2': 2.091507303847255e-05, 'D_high': 1817.0401889219124, 'fire_exp': 1.811096651915224, 'P_half': 3.591771421517613, 'pre_dampen_half': 121.93011993958949, 'gpp_af': 0.9219336658511308, 'gpp_b': 0.0004360709560327289, 'gpp_d': 0.1619054449471649, 'ign_k': 0.17320535908244444, 'ign_c': 7.081721844034206, 'trop_agb_crit': 12.708819454040446, 'trop_k_veg': 0.5535297685306277, 'fire_amp': 5.44779717154213}.
[I 2026-06-11 01:46:39,788] Trial 1169 finished with values: [10.769202615666837, 10.769202615666837] and parameters: {'k1': 0.04046205802397579, 'D_low': 148.21691630007544, 'k2': 7.531057256501231e-05, 'D_high': 6682.9607218310075, 'fire_exp': 6.113335061497508, 'P_half': 157.80309954142965, 'pre_dampen_half': 4.847666216751353, 'gpp_af': 0.005061568304359487, 'gpp_b': 2.1309331861011757e-05, 'gpp_d': 0.4311794772837057, 'ign_k': 7.544827057709847, 'ign_c': 0.24361599465623282, 'trop_agb_crit': 1.9835297677785664, 'trop_k_veg': 6.963655030926962, 'fire_amp': 5.44779717154213}.
[I 2026-06-11 01:46:41,264] Trial 1170 finished with values: [10.366640863910598, 10.366640863910598] and parameters: {'k1': 0.00010826381820576977, 'D_low': 148.21691630007544, 'k2': 0.0007731571570012607, 'D_high': 6682.9607218310075, 'fire_exp': 1.5191397119156032, 'P_half': 3.591771421517613, 'pre_dampen_half': 4.847666216751353, 'gpp_af': 0.9219336658511308, 'gpp_b': 0.001674375583895437, 'gpp_d': 0.4742269251269962, 'ign_k': 7.544827057709847, 'ign_c': 1.9423015749984096, 'trop_agb_crit': 5.588032458772675, 'trop_k_veg': 5.636143940068465, 'fire_amp': 5.44779717154213}.
[I 2026-06-11 01:46:42,729] Trial 1171 finished with values: [10.580025031570063, 10.580025031570063] and parameters: {'k1': 0.0869690639641868, 'D_low': 4.558536260712559, 'k2': 0.0020889841735420335, 'D_high': 209.34387533543727, 'fire_exp': 1.2060040899560858, 'P_half': 1064.1577757607392, 'pre_dampen_half': 4.847666216751353, 'gpp_af': 0.046239120540552445, 'gpp_b': 0.001674375583895437, 'gpp_d': 6.418343258142458, 'ign_k': 0.0032383308053152635, 'ign_c': 1.9423015749984096, 'trop_agb_crit': 12.9667438075127, 'trop_k_veg': 5.636143940068465, 'fire_amp': 5.44779717154213}.
[I 2026-06-11 01:46:44,111] Trial 1172 finished with values: [10.642728971367202, 10.642728971367202] and parameters: {'k1': 0.030699709531122967, 'D_low': 408.3047491580097, 'k2': 7.531057256501231e-05, 'D_high': 6682.9607218310075, 'fire_exp': 1.5191397119156032, 'P_half': 7.914423612155368, 'pre_dampen_half': 9.044346216330972, 'gpp_af': 24.539832961133826, 'gpp_b': 0.004411400434514031, 'gpp_d': 0.1619054449471649, 'ign_k': 7.544827057709847, 'ign_c': 14.709699119495124, 'trop_agb_crit': 2.100813292597435, 'trop_k_veg': 2.724170387400844, 'fire_amp': 5.44779717154213}.
[I 2026-06-11 01:46:45,869] Trial 1173 finished with values: [10.549087440462607, 10.549087440462607] and parameters: {'k1': 0.030699709531122967, 'D_low': 408.3047491580097, 'k2': 7.531057256501231e-05, 'D_high': 6682.9607218310075, 'fire_exp': 1.2060040899560858, 'P_half': 3.591771421517613, 'pre_dampen_half': 4.847666216751353, 'gpp_af': 0.9219336658511308, 'gpp_b': 0.001674375583895437, 'gpp_d': 0.1619054449471649, 'ign_k': 7.544827057709847, 'ign_c': 14.709699119495124, 'trop_agb_crit': 24.199763404822136, 'trop_k_veg': 5.636143940068465, 'fire_amp': 5.44779717154213}.
[I 2026-06-11 01:46:47,244] Trial 1174 finished with values: [10.169748486475303, 10.169748486475303] and parameters: {'k1': 0.0869690639641868, 'D_low': 148.21691630007544, 'k2': 2.091507303847255e-05, 'D_high': 1817.0401889219124, 'fire_exp': 1.5191397119156032, 'P_half': 3.591771421517613, 'pre_dampen_half': 9.044346216330972, 'gpp_af': 0.9219336658511308, 'gpp_b': 0.0004360709560327289, 'gpp_d': 0.1619054449471649, 'ign_k': 7.544827057709847, 'ign_c': 1.9423015749984096, 'trop_agb_crit': 2.100813292597435, 'trop_k_veg': 2.1104394500982346, 'fire_amp': 5.44779717154213}.
[I 2026-06-11 01:46:48,789] Trial 1175 finished with values: [10.363089467288217, 10.363089467288217] and parameters: {'k1': 0.0869690639641868, 'D_low': 408.3047491580097, 'k2': 7.531057256501231e-05, 'D_high': 65.99713709692433, 'fire_exp': 1.5191397119156032, 'P_half': 5.4712187293420325, 'pre_dampen_half': 121.93011993958949, 'gpp_af': 0.005061568304359487, 'gpp_b': 0.004411400434514031, 'gpp_d': 0.1619054449471649, 'ign_k': 3.2457892131111143, 'ign_c': 14.709699119495124, 'trop_agb_crit': 24.199763404822136, 'trop_k_veg': 0.5535297685306277, 'fire_amp': 5.44779717154213}.
[I 2026-06-11 01:46:50,335] Trial 1176 finished with values: [10.732294427661339, 10.732294427661339] and parameters: {'k1': 0.0869690639641868, 'D_low': 3298.583025790192, 'k2': 7.531057256501231e-05, 'D_high': 6682.9607218310075, 'fire_exp': 1.2060040899560858, 'P_half': 157.80309954142965, 'pre_dampen_half': 4.847666216751353, 'gpp_af': 0.10098504976210308, 'gpp_b': 0.0004360709560327289, 'gpp_d': 0.1619054449471649, 'ign_k': 7.544827057709847, 'ign_c': 1.364908766641693, 'trop_agb_crit': 24.199763404822136, 'trop_k_veg': 0.5535297685306277, 'fire_amp': 3.1045399027418377}.
[I 2026-06-11 01:46:51,721] Trial 1177 finished with values: [-0.6373910478688896, 0.022605814010301595] and parameters: {'k1': 0.0869690639641868, 'D_low': 236.79352040223893, 'k2': 0.0001280886335404798, 'D_high': 32311.521854410956, 'fire_exp': 1.2060040899560858, 'P_half': 157.80309954142965, 'pre_dampen_half': 121.93011993958949, 'gpp_af': 0.07118041471054574, 'gpp_b': 0.004411400434514031, 'gpp_d': 0.47379914349407487, 'ign_k': 7.544827057709847, 'ign_c': 14.709699119495124, 'trop_agb_crit': 1.8023542850487386, 'trop_k_veg': 1.6648666152166967, 'fire_amp': 1.1268480791003903}.
[I 2026-06-11 01:46:53,180] Trial 1178 finished with values: [10.048624961597405, 10.048624961597405] and parameters: {'k1': 0.03036083420277184, 'D_low': 148.21691630007544, 'k2': 0.019383858782150494, 'D_high': 6682.9607218310075, 'fire_exp': 1.7329906173157859, 'P_half': 157.80309954142965, 'pre_dampen_half': 9.044346216330972, 'gpp_af': 24.539832961133826, 'gpp_b': 2.1309331861011757e-05, 'gpp_d': 0.4311794772837057, 'ign_k': 7.544827057709847, 'ign_c': 0.24361599465623282, 'trop_agb_crit': 12.9667438075127, 'trop_k_veg': 1.7470941745648625, 'fire_amp': 5.44779717154213}.
[I 2026-06-11 01:46:54,507] Trial 1179 finished with values: [10.174557191087445, 10.174557191087445] and parameters: {'k1': 0.0869690639641868, 'D_low': 148.21691630007544, 'k2': 0.0007731571570012607, 'D_high': 6682.9607218310075, 'fire_exp': 1.2060040899560858, 'P_half': 3.591771421517613, 'pre_dampen_half': 4.847666216751353, 'gpp_af': 0.07118041471054574, 'gpp_b': 0.001674375583895437, 'gpp_d': 0.1619054449471649, 'ign_k': 7.544827057709847, 'ign_c': 1.9423015749984096, 'trop_agb_crit': 25.429516249301212, 'trop_k_veg': 2.6508357486965424, 'fire_amp': 5.44779717154213}.
[I 2026-06-11 01:46:55,973] Trial 1180 finished with values: [-0.5684902682964649, 0.04951495597181166] and parameters: {'k1': 0.030699709531122967, 'D_low': 236.79352040223893, 'k2': 2.091507303847255e-05, 'D_high': 1266.9536563782303, 'fire_exp': 1.2060040899560858, 'P_half': 157.80309954142965, 'pre_dampen_half': 9.044346216330972, 'gpp_af': 0.9219336658511308, 'gpp_b': 0.001674375583895437, 'gpp_d': 0.4742269251269962, 'ign_k': 0.0032383308053152635, 'ign_c': 22.126836566118193, 'trop_agb_crit': 5.588032458772675, 'trop_k_veg': 0.5535297685306277, 'fire_amp': 5.44779717154213}.
[I 2026-06-11 01:46:57,467] Trial 1181 finished with values: [10.755898705648287, 10.755898705648287] and parameters: {'k1': 0.0869690639641868, 'D_low': 235.39834531862078, 'k2': 0.0001870742013766025, 'D_high': 4213.54222759551, 'fire_exp': 1.5191397119156032, 'P_half': 5.4712187293420325, 'pre_dampen_half': 9.044346216330972, 'gpp_af': 0.060029341913968644, 'gpp_b': 5.0875243087016374e-05, 'gpp_d': 0.1619054449471649, 'ign_k': 0.004105873950290761, 'ign_c': 870.8806168038552, 'trop_agb_crit': 2.100813292597435, 'trop_k_veg': 2.8926781829782864, 'fire_amp': 5.44779717154213}.
[I 2026-06-11 01:46:58,845] Trial 1182 finished with values: [10.76337732186968, 10.76337732186968] and parameters: {'k1': 0.0869690639641868, 'D_low': 235.39834531862078, 'k2': 7.531057256501231e-05, 'D_high': 17663.59719322428, 'fire_exp': 1.5191397119156032, 'P_half': 7.914423612155368, 'pre_dampen_half': 903.3231300044874, 'gpp_af': 0.005061568304359487, 'gpp_b': 0.42862239421208276, 'gpp_d': 0.1619054449471649, 'ign_k': 0.004105873950290761, 'ign_c': 1.364908766641693, 'trop_agb_crit': 2.100813292597435, 'trop_k_veg': 5.636143940068465, 'fire_amp': 5.44779717154213}.
[I 2026-06-11 01:47:00,159] Trial 1183 finished with values: [10.767990346722225, 10.767990346722225] and parameters: {'k1': 0.08006837661379566, 'D_low': 236.79352040223893, 'k2': 5.12525027816961e-05, 'D_high': 12.843094700513468, 'fire_exp': 1.2060040899560858, 'P_half': 157.80309954142965, 'pre_dampen_half': 0.021184731123199272, 'gpp_af': 0.9219336658511308, 'gpp_b': 0.001674375583895437, 'gpp_d': 0.1619054449471649, 'ign_k': 0.0032383308053152635, 'ign_c': 14.709699119495124, 'trop_agb_crit': 2.100813292597435, 'trop_k_veg': 2.724170387400844, 'fire_amp': 5.44779717154213}.
[I 2026-06-11 01:47:01,484] Trial 1184 finished with values: [11.449282716425149, 11.449282716425149] and parameters: {'k1': 0.00023134781612225627, 'D_low': 69.05604395130307, 'k2': 7.531057256501231e-05, 'D_high': 32311.521854410956, 'fire_exp': 1.2060040899560858, 'P_half': 3.591771421517613, 'pre_dampen_half': 121.93011993958949, 'gpp_af': 0.07118041471054574, 'gpp_b': 0.004411400434514031, 'gpp_d': 0.1619054449471649, 'ign_k': 7.544827057709847, 'ign_c': 14.709699119495124, 'trop_agb_crit': 24.199763404822136, 'trop_k_veg': 0.5535297685306277, 'fire_amp': 5.44779717154213}.
[I 2026-06-11 01:47:02,902] Trial 1185 finished with values: [10.769230768838547, 10.769230768838547] and parameters: {'k1': 0.030699709531122967, 'D_low': 236.79352040223893, 'k2': 0.0001280886335404798, 'D_high': 6682.9607218310075, 'fire_exp': 1.2060040899560858, 'P_half': 157.80309954142965, 'pre_dampen_half': 121.93011993958949, 'gpp_af': 0.3939208112794227, 'gpp_b': 0.006075587233670254, 'gpp_d': 0.1619054449471649, 'ign_k': 2.3805746020770413, 'ign_c': 433.39193318653685, 'trop_agb_crit': 2.100813292597435, 'trop_k_veg': 0.8262197191676174, 'fire_amp': 1.5719333351012774}.
[I 2026-06-11 01:47:04,441] Trial 1186 finished with values: [16.320987423542768, 16.320987423542768] and parameters: {'k1': 0.0869690639641868, 'D_low': 408.3047491580097, 'k2': 0.0007731571570012607, 'D_high': 6682.9607218310075, 'fire_exp': 1.2060040899560858, 'P_half': 3.591771421517613, 'pre_dampen_half': 903.3231300044874, 'gpp_af': 0.07118041471054574, 'gpp_b': 5.0875243087016374e-05, 'gpp_d': 0.1619054449471649, 'ign_k': 7.544827057709847, 'ign_c': 14.709699119495124, 'trop_agb_crit': 25.429516249301212, 'trop_k_veg': 2.6508357486965424, 'fire_amp': 5.44779717154213}.
[I 2026-06-11 01:47:05,928] Trial 1187 finished with values: [-0.5762646080671963, 0.08410298536750571] and parameters: {'k1': 0.0869690639641868, 'D_low': 142.82597314566826, 'k2': 0.0020889841735420335, 'D_high': 6682.9607218310075, 'fire_exp': 1.2060040899560858, 'P_half': 157.80309954142965, 'pre_dampen_half': 4.847666216751353, 'gpp_af': 0.060029341913968644, 'gpp_b': 0.001674375583895437, 'gpp_d': 6.418343258142458, 'ign_k': 0.0032383308053152635, 'ign_c': 1.9423015749984096, 'trop_agb_crit': 5.436625733722961, 'trop_k_veg': 6.963655030926962, 'fire_amp': 5.44779717154213}.
[I 2026-06-11 01:47:07,744] Trial 1188 finished with values: [-0.6864127050444326, 0.0961675196407008] and parameters: {'k1': 0.030699709531122967, 'D_low': 69.05604395130307, 'k2': 0.0001280886335404798, 'D_high': 6682.9607218310075, 'fire_exp': 1.811096651915224, 'P_half': 7.914423612155368, 'pre_dampen_half': 903.3231300044874, 'gpp_af': 0.07118041471054574, 'gpp_b': 0.004411400434514031, 'gpp_d': 0.1619054449471649, 'ign_k': 0.17320535908244444, 'ign_c': 7.081721844034206, 'trop_agb_crit': 12.708819454040446, 'trop_k_veg': 0.5535297685306277, 'fire_amp': 1.5719333351012774}.
[I 2026-06-11 01:47:09,036] Trial 1189 finished with values: [-0.5790436638873666, 0.028312413719796647] and parameters: {'k1': 0.0869690639641868, 'D_low': 408.3047491580097, 'k2': 7.531057256501231e-05, 'D_high': 26.41768757953156, 'fire_exp': 1.5191397119156032, 'P_half': 7.914423612155368, 'pre_dampen_half': 121.93011993958949, 'gpp_af': 0.060029341913968644, 'gpp_b': 0.004411400434514031, 'gpp_d': 0.1619054449471649, 'ign_k': 0.004105873950290761, 'ign_c': 1.364908766641693, 'trop_agb_crit': 24.199763404822136, 'trop_k_veg': 2.8926781829782864, 'fire_amp': 5.44779717154213}.
[I 2026-06-11 01:47:10,348] Trial 1190 finished with values: [13.533083548031815, 13.533083548031815] and parameters: {'k1': 0.030699709531122967, 'D_low': 148.21691630007544, 'k2': 7.531057256501231e-05, 'D_high': 6682.9607218310075, 'fire_exp': 1.5191397119156032, 'P_half': 157.80309954142965, 'pre_dampen_half': 903.3231300044874, 'gpp_af': 1.9226512897582446, 'gpp_b': 2.1309331861011757e-05, 'gpp_d': 304.7488318185732, 'ign_k': 7.544827057709847, 'ign_c': 14.709699119495124, 'trop_agb_crit': 2.100813292597435, 'trop_k_veg': 0.5535297685306277, 'fire_amp': 5.44779717154213}.
[I 2026-06-11 01:47:11,817] Trial 1191 finished with values: [10.061133767421158, 10.061133767421158] and parameters: {'k1': 9.132348475718357e-05, 'D_low': 236.79352040223893, 'k2': 0.0007731571570012607, 'D_high': 19427.30875500187, 'fire_exp': 1.2060040899560858, 'P_half': 3.591771421517613, 'pre_dampen_half': 4.847666216751353, 'gpp_af': 0.10098504976210308, 'gpp_b': 0.001674375583895437, 'gpp_d': 3.257094673454639, 'ign_k': 0.0032383308053152635, 'ign_c': 1.364908766641693, 'trop_agb_crit': 1.8023542850487386, 'trop_k_veg': 2.6508357486965424, 'fire_amp': 5.44779717154213}.
[I 2026-06-11 01:47:13,408] Trial 1192 finished with values: [-0.7021598057840847, 0.0946073431612583] and parameters: {'k1': 0.0869690639641868, 'D_low': 148.21691630007544, 'k2': 2.091507303847255e-05, 'D_high': 1817.0401889219124, 'fire_exp': 1.2060040899560858, 'P_half': 3.591771421517613, 'pre_dampen_half': 9.044346216330972, 'gpp_af': 0.9219336658511308, 'gpp_b': 0.001674375583895437, 'gpp_d': 0.1619054449471649, 'ign_k': 7.544827057709847, 'ign_c': 1.9423015749984096, 'trop_agb_crit': 5.588032458772675, 'trop_k_veg': 0.5535297685306277, 'fire_amp': 5.44779717154213}.
[I 2026-06-11 01:47:14,787] Trial 1193 finished with values: [13.740689528647977, 13.740689528647977] and parameters: {'k1': 0.00033241455394308477, 'D_low': 148.21691630007544, 'k2': 0.0001280886335404798, 'D_high': 6682.9607218310075, 'fire_exp': 1.2060040899560858, 'P_half': 3.591771421517613, 'pre_dampen_half': 121.93011993958949, 'gpp_af': 0.07118041471054574, 'gpp_b': 0.0004360709560327289, 'gpp_d': 0.1619054449471649, 'ign_k': 0.17320535908244444, 'ign_c': 7.081721844034206, 'trop_agb_crit': 13.985331027461328, 'trop_k_veg': 2.6508357486965424, 'fire_amp': 5.44779717154213}.
[I 2026-06-11 01:47:16,155] Trial 1194 finished with values: [10.253298196912215, 10.253298196912215] and parameters: {'k1': 0.030699709531122967, 'D_low': 148.21691630007544, 'k2': 7.531057256501231e-05, 'D_high': 4213.54222759551, 'fire_exp': 1.5191397119156032, 'P_half': 3.591771421517613, 'pre_dampen_half': 9.044346216330972, 'gpp_af': 66.43290892740877, 'gpp_b': 5.0875243087016374e-05, 'gpp_d': 0.1619054449471649, 'ign_k': 7.544827057709847, 'ign_c': 1.364908766641693, 'trop_agb_crit': 2.100813292597435, 'trop_k_veg': 0.8796892190889679, 'fire_amp': 5.44779717154213}.
