[I 2026-08-06 02:57:10,719] Trial 1007 finished with values: [10.006433826998023, 10.006433826998023] and parameters: {'k1': 0.00324789183891923, 'D_low': 4.075267974954964, 'k2': 0.002935672965826306, 'D_high': 2969.087094484682, 'fire_exp': 1.0881360604103363, 'P_half': 11.877073321543955, 'pre_dampen_half': 304.7488318185732, 'gpp_af': 0.5107061330406066, 'gpp_b': 0.011750724729953272, 'gpp_d': 2.893272120738162, 'ign_k': 0.6454459531371669, 'ign_c': 0.11433485956638717}.
[I 2026-08-06 02:57:12,225] Trial 1008 finished with values: [10.759736080422156, 10.759736080422156] and parameters: {'k1': 0.04897760278488444, 'D_low': 29.89885508829526, 'k2': 0.0022957398214549472, 'D_high': 9769.756791866093, 'fire_exp': 1.6413525417025303, 'P_half': 2.157758652553991, 'pre_dampen_half': 0.011497512044959184, 'gpp_af': 0.8942824595236101, 'gpp_b': 0.011750724729953272, 'gpp_d': 8.144272585223819, 'ign_k': 0.03141110271934876, 'ign_c': 7.916322947490362}.
[I 2026-08-06 02:57:13,748] Trial 1009 finished with values: [10.385594888926907, 10.385594888926907] and parameters: {'k1': 0.00324789183891923, 'D_low': 29.89885508829526, 'k2': 0.0022957398214549472, 'D_high': 2969.087094484682, 'fire_exp': 1.0881360604103363, 'P_half': 12.808863354047988, 'pre_dampen_half': 805.2502904451399, 'gpp_af': 0.8942824595236101, 'gpp_b': 0.011750724729953272, 'gpp_d': 0.16069682196977472, 'ign_k': 0.03033111747878116, 'ign_c': 7.916322947490362}.
[I 2026-08-06 02:57:15,318] Trial 1010 finished with values: [-0.46934725806463257, 0.1970779923199233] and parameters: {'k1': 0.08007464457322733, 'D_low': 29.89885508829526, 'k2': 0.01607490620427729, 'D_high': 7744.80118512745, 'fire_exp': 1.0881360604103363, 'P_half': 215.55950571043874, 'pre_dampen_half': 304.7488318185732, 'gpp_af': 5.620854611217178, 'gpp_b': 0.03308649623479659, 'gpp_d': 4.5768578731086835, 'ign_k': 0.6454459531371669, 'ign_c': 10.140635645866492}.
[I 2026-08-06 02:57:16,777] Trial 1011 finished with values: [-0.473826108613946, 0.13994810788215328] and parameters: {'k1': 0.04897760278488444, 'D_low': 1.2299210465793122, 'k2': 0.03210808548911189, 'D_high': 68913.86015952702, 'fire_exp': 1.0881360604103363, 'P_half': 215.55950571043874, 'pre_dampen_half': 107.40052367919465, 'gpp_af': 0.5107061330406066, 'gpp_b': 0.011750724729953272, 'gpp_d': 4.5768578731086835, 'ign_k': 0.0486276976221284, 'ign_c': 10.140635645866492}.
[I 2026-08-06 02:57:18,223] Trial 1012 finished with values: [-0.47102220863607924, 0.11887700825809266] and parameters: {'k1': 0.01889771394135163, 'D_low': 1.2299210465793122, 'k2': 0.0007081721844034209, 'D_high': 9769.756791866093, 'fire_exp': 1.0881360604103363, 'P_half': 147.09699119495133, 'pre_dampen_half': 304.7488318185732, 'gpp_af': 0.5107061330406066, 'gpp_b': 0.011750724729953272, 'gpp_d': 857.4284557962634, 'ign_k': 0.006912296717033066, 'ign_c': 6.160975294741436}.
[I 2026-08-06 02:57:19,583] Trial 1013 finished with values: [10.561209101169755, 10.561209101169755] and parameters: {'k1': 0.01889771394135163, 'D_low': 29.89885508829526, 'k2': 0.002935672965826306, 'D_high': 6455.595882939566, 'fire_exp': 1.0881360604103363, 'P_half': 147.09699119495133, 'pre_dampen_half': 304.7488318185732, 'gpp_af': 1.3725472882585024, 'gpp_b': 1.1008110571039521e-05, 'gpp_d': 0.6380717024176037, 'ign_k': 0.6454459531371669, 'ign_c': 6.160975294741436}.
[I 2026-08-06 02:57:21,237] Trial 1014 finished with values: [-0.48869563414139366, 0.2724131950813491] and parameters: {'k1': 7.841214856323651e-05, 'D_low': 1112.9571947046009, 'k2': 0.0022957398214549472, 'D_high': 7744.80118512745, 'fire_exp': 1.0881360604103363, 'P_half': 215.55950571043874, 'pre_dampen_half': 304.7488318185732, 'gpp_af': 5.620854611217178, 'gpp_b': 0.00031478066835753096, 'gpp_d': 4.5768578731086835, 'ign_k': 0.11101191524846071, 'ign_c': 8.94161930782792}.
[I 2026-08-06 02:57:22,497] Trial 1015 finished with values: [10.235376392013476, 10.235376392013476] and parameters: {'k1': 2.7475448770725456e-05, 'D_low': 2.458603276328005, 'k2': 0.0022957398214549472, 'D_high': 10316.033434719713, 'fire_exp': 1.0559384059137513, 'P_half': 215.55950571043874, 'pre_dampen_half': 107.40052367919465, 'gpp_af': 0.47739011308437823, 'gpp_b': 0.011750724729953272, 'gpp_d': 613.9406964482342, 'ign_k': 0.03141110271934876, 'ign_c': 10.140635645866492}.
[I 2026-08-06 02:57:23,759] Trial 1016 finished with values: [10.682003023202077, 10.682003023202077] and parameters: {'k1': 0.04897760278488444, 'D_low': 2.458603276328005, 'k2': 0.031211489608802344, 'D_high': 10316.033434719713, 'fire_exp': 3.5315022637226696, 'P_half': 12.808863354047988, 'pre_dampen_half': 76.86605275420082, 'gpp_af': 35.20481045526041, 'gpp_b': 0.00012797528816608022, 'gpp_d': 34.37107943937136, 'ign_k': 0.03033111747878116, 'ign_c': 34.19108473554449}.
[I 2026-08-06 02:57:25,063] Trial 1017 finished with values: [-0.48394191667642356, 0.43195799837553883] and parameters: {'k1': 0.00324789183891923, 'D_low': 65.69152413762717, 'k2': 0.0022957398214549472, 'D_high': 23846.702350126758, 'fire_exp': 1.0881360604103363, 'P_half': 215.55950571043874, 'pre_dampen_half': 304.7488318185732, 'gpp_af': 5.620854611217178, 'gpp_b': 0.008226792720717493, 'gpp_d': 4.5768578731086835, 'ign_k': 0.03033111747878116, 'ign_c': 10.140635645866492}.
[I 2026-08-06 02:57:26,319] Trial 1018 finished with values: [10.081196939899868, 10.081196939899868] and parameters: {'k1': 2.467915713171984e-05, 'D_low': 29.89885508829526, 'k2': 0.002935672965826306, 'D_high': 10316.033434719713, 'fire_exp': 1.0881360604103363, 'P_half': 215.55950571043874, 'pre_dampen_half': 304.7488318185732, 'gpp_af': 5.620854611217178, 'gpp_b': 0.011750724729953272, 'gpp_d': 5.878566318396007, 'ign_k': 0.0486276976221284, 'ign_c': 10.140635645866492}.
[I 2026-08-06 02:57:27,573] Trial 1019 finished with values: [10.187354821732386, 10.187354821732386] and parameters: {'k1': 0.00324789183891923, 'D_low': 29.89885508829526, 'k2': 0.0008973555394394085, 'D_high': 10316.033434719713, 'fire_exp': 1.0881360604103363, 'P_half': 147.09699119495133, 'pre_dampen_half': 107.40052367919465, 'gpp_af': 0.0056265647812620565, 'gpp_b': 0.0008872695173491669, 'gpp_d': 5.878566318396007, 'ign_k': 0.0486276976221284, 'ign_c': 10.140635645866492}.
[I 2026-08-06 02:57:28,874] Trial 1020 finished with values: [-0.49300498545315447, 0.12274938672837099] and parameters: {'k1': 0.008900784976354454, 'D_low': 29.89885508829526, 'k2': 0.002935672965826306, 'D_high': 6455.595882939566, 'fire_exp': 1.0881360604103363, 'P_half': 147.09699119495133, 'pre_dampen_half': 107.40052367919465, 'gpp_af': 1.3725472882585024, 'gpp_b': 0.011750724729953272, 'gpp_d': 4.5768578731086835, 'ign_k': 0.0486276976221284, 'ign_c': 8.018119368890574}.
[I 2026-08-06 02:57:30,158] Trial 1021 finished with values: [10.205254261607426, 10.205254261607426] and parameters: {'k1': 0.00324789183891923, 'D_low': 29.89885508829526, 'k2': 0.0022957398214549472, 'D_high': 6455.595882939566, 'fire_exp': 1.0881360604103363, 'P_half': 215.55950571043874, 'pre_dampen_half': 107.40052367919465, 'gpp_af': 5.620854611217178, 'gpp_b': 0.008226792720717493, 'gpp_d': 29.83701993880331, 'ign_k': 0.6454459531371669, 'ign_c': 6.160975294741436}.
[I 2026-08-06 02:57:31,425] Trial 1022 finished with values: [10.59990815918337, 10.59990815918337] and parameters: {'k1': 0.00324789183891923, 'D_low': 4.075267974954964, 'k2': 0.004940031671739378, 'D_high': 7744.80118512745, 'fire_exp': 2.376228963596799, 'P_half': 2.157758652553991, 'pre_dampen_half': 107.40052367919465, 'gpp_af': 0.47739011308437823, 'gpp_b': 0.08040151168202724, 'gpp_d': 5.878566318396007, 'ign_k': 0.0486276976221284, 'ign_c': 6.160975294741436}.
[I 2026-08-06 02:57:32,696] Trial 1023 finished with values: [-0.4898281314485412, 0.2064232806533719] and parameters: {'k1': 0.00324789183891923, 'D_low': 2.458603276328005, 'k2': 0.0022957398214549472, 'D_high': 7744.80118512745, 'fire_exp': 1.0881360604103363, 'P_half': 215.55950571043874, 'pre_dampen_half': 107.40052367919465, 'gpp_af': 1.3725472882585024, 'gpp_b': 0.0024605285374226047, 'gpp_d': 613.9406964482342, 'ign_k': 0.03141110271934876, 'ign_c': 10.140635645866492}.
[I 2026-08-06 02:57:33,953] Trial 1024 finished with values: [10.226624012954451, 10.226624012954451] and parameters: {'k1': 0.04897760278488444, 'D_low': 29.89885508829526, 'k2': 0.002935672965826306, 'D_high': 10316.033434719713, 'fire_exp': 1.0881360604103363, 'P_half': 2.157758652553991, 'pre_dampen_half': 107.40052367919465, 'gpp_af': 5.620854611217178, 'gpp_b': 0.011750724729953272, 'gpp_d': 5.878566318396007, 'ign_k': 0.0486276976221284, 'ign_c': 10.140635645866492}.
[I 2026-08-06 02:57:35,214] Trial 1025 finished with values: [-0.4863016402417973, 0.11602364076619875] and parameters: {'k1': 0.00324789183891923, 'D_low': 29.89885508829526, 'k2': 0.0007081721844034209, 'D_high': 6455.595882939566, 'fire_exp': 1.0881360604103363, 'P_half': 215.55950571043874, 'pre_dampen_half': 304.7488318185732, 'gpp_af': 1.3725472882585024, 'gpp_b': 0.011750724729953272, 'gpp_d': 4.5768578731086835, 'ign_k': 0.03783599106879795, 'ign_c': 10.140635645866492}.
[I 2026-08-06 02:57:36,473] Trial 1026 finished with values: [10.349074519629063, 10.349074519629063] and parameters: {'k1': 0.00324789183891923, 'D_low': 4.075267974954964, 'k2': 0.002935672965826306, 'D_high': 7744.80118512745, 'fire_exp': 1.0881360604103363, 'P_half': 147.09699119495133, 'pre_dampen_half': 304.7488318185732, 'gpp_af': 1.3725472882585024, 'gpp_b': 0.00044548820847973626, 'gpp_d': 0.6380717024176037, 'ign_k': 0.6454459531371669, 'ign_c': 10.140635645866492}.
[I 2026-08-06 02:57:37,730] Trial 1027 finished with values: [10.856776397405524, 10.856776397405524] and parameters: {'k1': 0.00324789183891923, 'D_low': 29.89885508829526, 'k2': 0.0006883147458933808, 'D_high': 7744.80118512745, 'fire_exp': 1.0881360604103363, 'P_half': 12.808863354047988, 'pre_dampen_half': 805.2502904451399, 'gpp_af': 5.620854611217178, 'gpp_b': 0.011750724729953272, 'gpp_d': 4.5768578731086835, 'ign_k': 0.6454459531371669, 'ign_c': 0.11433485956638717}.
[I 2026-08-06 02:57:39,026] Trial 1028 finished with values: [-0.470241794283783, 0.0905873000472811] and parameters: {'k1': 0.01889771394135163, 'D_low': 4.075267974954964, 'k2': 0.0007081721844034209, 'D_high': 8182.111518618414, 'fire_exp': 1.0881360604103363, 'P_half': 215.55950571043874, 'pre_dampen_half': 304.7488318185732, 'gpp_af': 0.010590622233713298, 'gpp_b': 0.00031478066835753096, 'gpp_d': 368.30088529547436, 'ign_k': 0.03033111747878116, 'ign_c': 6.160975294741436}.
[I 2026-08-06 02:57:40,296] Trial 1029 finished with values: [-0.487213874706549, 0.12390672456833762] and parameters: {'k1': 0.00324789183891923, 'D_low': 4.075267974954964, 'k2': 0.0022957398214549472, 'D_high': 2969.087094484682, 'fire_exp': 1.0881360604103363, 'P_half': 215.55950571043874, 'pre_dampen_half': 805.2502904451399, 'gpp_af': 1.3725472882585024, 'gpp_b': 0.008226792720717493, 'gpp_d': 2.893272120738162, 'ign_k': 0.6454459531371669, 'ign_c': 0.1457050032975653}.
[I 2026-08-06 02:57:41,958] Trial 1030 finished with values: [10.613672520778374, 10.613672520778374] and parameters: {'k1': 0.00324789183891923, 'D_low': 29.89885508829526, 'k2': 0.0022957398214549472, 'D_high': 7744.80118512745, 'fire_exp': 1.0881360604103363, 'P_half': 1380.5946158117079, 'pre_dampen_half': 107.40052367919465, 'gpp_af': 5.620854611217178, 'gpp_b': 2.2516875868588024, 'gpp_d': 597.9617889501159, 'ign_k': 0.03033111747878116, 'ign_c': 10.140635645866492}.
[I 2026-08-06 02:57:43,265] Trial 1031 finished with values: [10.709755565356799, 10.709755565356799] and parameters: {'k1': 0.04897760278488444, 'D_low': 29.89885508829526, 'k2': 0.014047969156119486, 'D_high': 7744.80118512745, 'fire_exp': 1.0881360604103363, 'P_half': 2.157758652553991, 'pre_dampen_half': 304.7488318185732, 'gpp_af': 0.8942824595236101, 'gpp_b': 0.0007806230565393799, 'gpp_d': 8.144272585223819, 'ign_k': 0.0486276976221284, 'ign_c': 10.140635645866492}.
[I 2026-08-06 02:57:44,553] Trial 1032 finished with values: [10.57947601067125, 10.57947601067125] and parameters: {'k1': 0.00324789183891923, 'D_low': 4.075267974954964, 'k2': 0.002935672965826306, 'D_high': 8182.111518618414, 'fire_exp': 4.876797313549993, 'P_half': 215.55950571043874, 'pre_dampen_half': 805.2502904451399, 'gpp_af': 0.010590622233713298, 'gpp_b': 0.00031478066835753096, 'gpp_d': 1.5417559043129714, 'ign_k': 0.6454459531371669, 'ign_c': 8.671454322584175}.
[I 2026-08-06 02:57:45,807] Trial 1033 finished with values: [-0.5008154177049702, 0.08849357069424624] and parameters: {'k1': 0.00324789183891923, 'D_low': 10.43956705520904, 'k2': 0.002935672965826306, 'D_high': 2969.087094484682, 'fire_exp': 1.518582349269638, 'P_half': 215.55950571043874, 'pre_dampen_half': 805.2502904451399, 'gpp_af': 5.620854611217178, 'gpp_b': 0.011750724729953272, 'gpp_d': 29.749683811098393, 'ign_k': 0.6454459531371669, 'ign_c': 9.34330265731847}.
[I 2026-08-06 02:57:47,046] Trial 1034 finished with values: [10.411669020977847, 10.411669020977847] and parameters: {'k1': 0.00324789183891923, 'D_low': 4.075267974954964, 'k2': 0.004940031671739378, 'D_high': 23093.31703082656, 'fire_exp': 1.0881360604103363, 'P_half': 2.157758652553991, 'pre_dampen_half': 107.40052367919465, 'gpp_af': 5.620854611217178, 'gpp_b': 0.011750724729953272, 'gpp_d': 5.878566318396007, 'ign_k': 0.0486276976221284, 'ign_c': 10.140635645866492}.
[I 2026-08-06 02:57:48,315] Trial 1035 finished with values: [-0.48287576275781785, 0.11902533869245835] and parameters: {'k1': 0.00324789183891923, 'D_low': 2.458603276328005, 'k2': 0.0007081721844034209, 'D_high': 7744.80118512745, 'fire_exp': 1.0881360604103363, 'P_half': 147.09699119495133, 'pre_dampen_half': 76.86605275420082, 'gpp_af': 0.8942824595236101, 'gpp_b': 0.011750724729953272, 'gpp_d': 29.749683811098393, 'ign_k': 0.03033111747878116, 'ign_c': 0.6004682478324445}.
[I 2026-08-06 02:57:49,585] Trial 1036 finished with values: [-0.4778596287804577, 0.1896755534977811] and parameters: {'k1': 0.0005956633466901681, 'D_low': 29.89885508829526, 'k2': 0.002935672965826306, 'D_high': 7744.80118512745, 'fire_exp': 1.0881360604103363, 'P_half': 215.55950571043874, 'pre_dampen_half': 107.40052367919465, 'gpp_af': 1.3725472882585024, 'gpp_b': 0.0024605285374226047, 'gpp_d': 4.5768578731086835, 'ign_k': 0.0486276976221284, 'ign_c': 10.140635645866492}.
[I 2026-08-06 02:57:50,874] Trial 1037 finished with values: [10.37908165734641, 10.37908165734641] and parameters: {'k1': 1.4246408590160289e-05, 'D_low': 4046.2058023975796, 'k2': 0.0007013097205353067, 'D_high': 7744.80118512745, 'fire_exp': 1.0881360604103363, 'P_half': 215.55950571043874, 'pre_dampen_half': 304.7488318185732, 'gpp_af': 5.620854611217178, 'gpp_b': 0.06655931762333464, 'gpp_d': 4.5768578731086835, 'ign_k': 0.03033111747878116, 'ign_c': 10.140635645866492}.
[I 2026-08-06 02:57:52,145] Trial 1038 finished with values: [-0.4977427111623312, 0.09992099718502634] and parameters: {'k1': 0.00324789183891923, 'D_low': 29.89885508829526, 'k2': 0.0022957398214549472, 'D_high': 2969.087094484682, 'fire_exp': 1.0881360604103363, 'P_half': 215.55950571043874, 'pre_dampen_half': 107.40052367919465, 'gpp_af': 1.3725472882585024, 'gpp_b': 0.008226792720717493, 'gpp_d': 4.5768578731086835, 'ign_k': 0.6454459531371669, 'ign_c': 0.1457050032975653}.
[I 2026-08-06 02:57:53,459] Trial 1039 finished with values: [10.268672849317554, 10.268672849317554] and parameters: {'k1': 0.00324789183891923, 'D_low': 29.89885508829526, 'k2': 0.002935672965826306, 'D_high': 6455.595882939566, 'fire_exp': 1.0881360604103363, 'P_half': 433.926015822139, 'pre_dampen_half': 107.40052367919465, 'gpp_af': 5.620854611217178, 'gpp_b': 0.011750724729953272, 'gpp_d': 4.5768578731086835, 'ign_k': 0.0035114452581286888, 'ign_c': 10.140635645866492}.
[I 2026-08-06 02:57:54,733] Trial 1040 finished with values: [10.359360666671352, 10.359360666671352] and parameters: {'k1': 0.00324789183891923, 'D_low': 29.89885508829526, 'k2': 0.0022957398214549472, 'D_high': 10316.033434719713, 'fire_exp': 1.0881360604103363, 'P_half': 215.55950571043874, 'pre_dampen_half': 304.7488318185732, 'gpp_af': 5.620854611217178, 'gpp_b': 0.011750724729953272, 'gpp_d': 4.5768578731086835, 'ign_k': 0.6454459531371669, 'ign_c': 0.1457050032975653}.
[I 2026-08-06 02:57:56,050] Trial 1041 finished with values: [10.513866130437755, 10.513866130437755] and parameters: {'k1': 0.00324789183891923, 'D_low': 3806.019094922791, 'k2': 0.002935672965826306, 'D_high': 7744.80118512745, 'fire_exp': 1.0881360604103363, 'P_half': 215.55950571043874, 'pre_dampen_half': 304.7488318185732, 'gpp_af': 5.620854611217178, 'gpp_b': 0.011750724729953272, 'gpp_d': 4.5768578731086835, 'ign_k': 0.0486276976221284, 'ign_c': 10.140635645866492}.
[I 2026-08-06 02:57:57,301] Trial 1042 finished with values: [10.666297431279313, 10.666297431279313] and parameters: {'k1': 0.01889771394135163, 'D_low': 352.110299468884, 'k2': 0.0007081721844034209, 'D_high': 2969.087094484682, 'fire_exp': 1.0881360604103363, 'P_half': 147.09699119495133, 'pre_dampen_half': 304.7488318185732, 'gpp_af': 1.3725472882585024, 'gpp_b': 0.011750724729953272, 'gpp_d': 29.83701993880331, 'ign_k': 0.6454459531371669, 'ign_c': 28.558430698597466}.
[I 2026-08-06 02:57:58,555] Trial 1043 finished with values: [10.526809443582595, 10.526809443582595] and parameters: {'k1': 1.847600887728415e-05, 'D_low': 2.458603276328005, 'k2': 0.0007081721844034209, 'D_high': 1184.76465050125, 'fire_exp': 1.0881360604103363, 'P_half': 215.55950571043874, 'pre_dampen_half': 107.40052367919465, 'gpp_af': 0.0048478428004036025, 'gpp_b': 7.961850249633375e-05, 'gpp_d': 34.37107943937136, 'ign_k': 0.03141110271934876, 'ign_c': 10.140635645866492}.
[I 2026-08-06 02:57:59,810] Trial 1044 finished with values: [10.7606720692066, 10.7606720692066] and parameters: {'k1': 0.01889771394135163, 'D_low': 29.89885508829526, 'k2': 0.002935672965826306, 'D_high': 6455.595882939566, 'fire_exp': 5.463032305627588, 'P_half': 215.55950571043874, 'pre_dampen_half': 304.7488318185732, 'gpp_af': 1.3725472882585024, 'gpp_b': 1.1008110571039521e-05, 'gpp_d': 3.640068899312672, 'ign_k': 0.0035114452581286888, 'ign_c': 0.1457050032975653}.
[I 2026-08-06 02:58:01,181] Trial 1045 finished with values: [10.755358653071813, 10.755358653071813] and parameters: {'k1': 0.00324789183891923, 'D_low': 2.458603276328005, 'k2': 0.0022957398214549472, 'D_high': 7744.80118512745, 'fire_exp': 4.788811905590801, 'P_half': 215.55950571043874, 'pre_dampen_half': 107.40052367919465, 'gpp_af': 1.3725472882585024, 'gpp_b': 0.0024605285374226047, 'gpp_d': 613.9406964482342, 'ign_k': 0.03141110271934876, 'ign_c': 10.140635645866492}.
[I 2026-08-06 02:58:02,925] Trial 1046 finished with values: [-0.4897280940194378, 0.20676557140982188] and parameters: {'k1': 0.00324789183891923, 'D_low': 2.458603276328005, 'k2': 0.03210808548911189, 'D_high': 7744.80118512745, 'fire_exp': 1.0881360604103363, 'P_half': 215.55950571043874, 'pre_dampen_half': 304.7488318185732, 'gpp_af': 5.620854611217178, 'gpp_b': 0.011750724729953272, 'gpp_d': 5.878566318396007, 'ign_k': 0.03141110271934876, 'ign_c': 10.140635645866492}.
[I 2026-08-06 02:58:04,256] Trial 1047 finished with values: [10.746171331713095, 10.746171331713095] and parameters: {'k1': 0.01889771394135163, 'D_low': 29.89885508829526, 'k2': 0.0013909474988024091, 'D_high': 6455.595882939566, 'fire_exp': 1.0881360604103363, 'P_half': 215.55950571043874, 'pre_dampen_half': 0.01615714055429207, 'gpp_af': 1.3725472882585024, 'gpp_b': 0.0024605285374226047, 'gpp_d': 4.5768578731086835, 'ign_k': 0.0024361599465623288, 'ign_c': 0.1457050032975653}.
[I 2026-08-06 02:58:05,613] Trial 1048 finished with values: [10.080097294907414, 10.080097294907414] and parameters: {'k1': 0.01889771394135163, 'D_low': 29.89885508829526, 'k2': 2.1835747526693533e-05, 'D_high': 6455.595882939566, 'fire_exp': 1.0881360604103363, 'P_half': 215.55950571043874, 'pre_dampen_half': 304.7488318185732, 'gpp_af': 5.620854611217178, 'gpp_b': 0.024796579879439486, 'gpp_d': 150.14555442537656, 'ign_k': 0.019192001101561888, 'ign_c': 10.140635645866492}.
[I 2026-08-06 02:58:06,994] Trial 1049 finished with values: [-0.49666470745957325, 0.08127750012985757] and parameters: {'k1': 0.00324789183891923, 'D_low': 29.89885508829526, 'k2': 0.0007081721844034209, 'D_high': 2969.087094484682, 'fire_exp': 1.0881360604103363, 'P_half': 215.55950571043874, 'pre_dampen_half': 76.86605275420082, 'gpp_af': 1.3725472882585024, 'gpp_b': 0.008226792720717493, 'gpp_d': 29.83701993880331, 'ign_k': 0.6454459531371669, 'ign_c': 6.160975294741436}.
[I 2026-08-06 02:58:08,391] Trial 1050 finished with values: [-0.4929585849825263, 0.15837648275221905] and parameters: {'k1': 0.007333200379637282, 'D_low': 57.285769939950555, 'k2': 0.002935672965826306, 'D_high': 7744.80118512745, 'fire_exp': 1.275453659678475, 'P_half': 215.55950571043874, 'pre_dampen_half': 107.40052367919465, 'gpp_af': 5.620854611217178, 'gpp_b': 0.011750724729953272, 'gpp_d': 368.30088529547436, 'ign_k': 0.0486276976221284, 'ign_c': 8.671454322584175}.
[I 2026-08-06 02:58:09,728] Trial 1051 finished with values: [10.015665842597796, 10.015665842597796] and parameters: {'k1': 0.00324789183891923, 'D_low': 29.89885508829526, 'k2': 1.9423940721007243e-05, 'D_high': 7744.80118512745, 'fire_exp': 1.0881360604103363, 'P_half': 215.55950571043874, 'pre_dampen_half': 107.40052367919465, 'gpp_af': 1.3725472882585024, 'gpp_b': 0.0024605285374226047, 'gpp_d': 4.5768578731086835, 'ign_k': 0.08876620955487982, 'ign_c': 10.140635645866492}.
