[I 2026-08-06 10:48:47,123] Trial 325 finished with values: [10.712980126094783, 10.712980126094783] and parameters: {'k1': 0.00010758866306767925, 'D_low': 1313.2212275639863, 'k2': 0.031536006085184705, 'D_high': 1236.6924205139144, 'fire_exp': 2.561257322703973, 'P_half': 25.14786015817362, 'pre_dampen_half': 5.048653998722947, 'gpp_af': 0.07302012718529301, 'gpp_b': 0.0005739662837359252, 'gpp_d': 1.493264336549928, 'ign_k': 0.21006485619596416, 'ign_c': 2.4936660834465174, 'trop_agb_crit': 8.997007571451054, 'trop_k_veg': 0.586974895308737}.
[I 2026-08-06 10:48:48,339] Trial 326 finished with values: [-0.5713914062492499, 0.08381052466853778] and parameters: {'k1': 0.05778755734457457, 'D_low': 38.82837025280678, 'k2': 0.014344484793173472, 'D_high': 42210.21267871043, 'fire_exp': 1.7329145403564932, 'P_half': 221.2683656611821, 'pre_dampen_half': 38.00678588560607, 'gpp_af': 1.6059727222314273, 'gpp_b': 2.176805640408474e-05, 'gpp_d': 229.41380323183625, 'ign_k': 0.010939944910100021, 'ign_c': 3.470490935437501, 'trop_agb_crit': 8.997007571451054, 'trop_k_veg': 2.520089655463604}.
[I 2026-08-06 10:48:49,516] Trial 327 finished with values: [10.212454752293246, 10.212454752293246] and parameters: {'k1': 0.007828534228218626, 'D_low': 7.240382572465288, 'k2': 1.1065812688893481e-05, 'D_high': 42210.21267871043, 'fire_exp': 1.2611826901294014, 'P_half': 4.213183643253957, 'pre_dampen_half': 38.00678588560607, 'gpp_af': 43.527268658119496, 'gpp_b': 0.0054502936945582505, 'gpp_d': 84.31013932082456, 'ign_k': 5.351470428717437, 'ign_c': 3.470490935437501, 'trop_agb_crit': 1.0693376406863295, 'trop_k_veg': 1.0594599158279707}.
[I 2026-08-06 10:48:50,720] Trial 328 finished with values: [-0.5522241152492343, 0.24201623250817006] and parameters: {'k1': 0.008912611835817005, 'D_low': 355.00125258511594, 'k2': 1.1065812688893481e-05, 'D_high': 645.2946500764235, 'fire_exp': 1.3170256885255098, 'P_half': 4.213183643253957, 'pre_dampen_half': 63.6685916079943, 'gpp_af': 0.6403036652671171, 'gpp_b': 0.0005739662837359252, 'gpp_d': 2.944272359149677, 'ign_k': 0.21006485619596416, 'ign_c': 5.13055176058983, 'trop_agb_crit': 1.0903028125370984, 'trop_k_veg': 3.1473758868965476}.
[I 2026-08-06 10:48:52,006] Trial 329 finished with values: [10.541221089229998, 10.541221089229998] and parameters: {'k1': 0.00031134168041628584, 'D_low': 520.4862686958022, 'k2': 0.014344484793173472, 'D_high': 1578.0309954142967, 'fire_exp': 1.221575427404682, 'P_half': 4.213183643253957, 'pre_dampen_half': 3.0156343071857648, 'gpp_af': 1.9706963379095486, 'gpp_b': 7.210246166617508e-05, 'gpp_d': 757.2868182332339, 'ign_k': 0.002109525908590576, 'ign_c': 48.704711413416454, 'trop_agb_crit': 3.848553322122042, 'trop_k_veg': 3.49157152291552}.
[I 2026-08-06 10:48:53,230] Trial 330 finished with values: [11.97164853067653, 11.97164853067653] and parameters: {'k1': 0.00488137519160367, 'D_low': 7.299348683062307, 'k2': 8.923807143379776e-05, 'D_high': 61536.58035691648, 'fire_exp': 1.1263716762638152, 'P_half': 221.2683656611821, 'pre_dampen_half': 63.6685916079943, 'gpp_af': 0.6403036652671171, 'gpp_b': 0.00431329787498825, 'gpp_d': 150.14555442537656, 'ign_k': 0.07091190338709638, 'ign_c': 0.557280750002996, 'trop_agb_crit': 8.997007571451054, 'trop_k_veg': 2.4336356947036335}.
[I 2026-08-06 10:48:54,421] Trial 331 finished with values: [10.384073750310122, 10.384073750310122] and parameters: {'k1': 0.00016480446427978953, 'D_low': 355.00125258511594, 'k2': 8.923807143379776e-05, 'D_high': 75.98586431588787, 'fire_exp': 1.221575427404682, 'P_half': 56.22114524476698, 'pre_dampen_half': 63.6685916079943, 'gpp_af': 5.335773317316405, 'gpp_b': 0.0059594790418686545, 'gpp_d': 2.944272359149677, 'ign_k': 0.21006485619596416, 'ign_c': 0.8547476176667198, 'trop_agb_crit': 8.997007571451054, 'trop_k_veg': 0.5349971555643298}.
[I 2026-08-06 10:48:55,613] Trial 332 finished with values: [-0.5752908959841687, 0.0898477845164306] and parameters: {'k1': 0.012021930484915042, 'D_low': 7.299348683062307, 'k2': 8.923807143379776e-05, 'D_high': 774.2116473996249, 'fire_exp': 1.221575427404682, 'P_half': 140.74279366401683, 'pre_dampen_half': 331.7366635899375, 'gpp_af': 5.335773317316405, 'gpp_b': 0.01666658176842624, 'gpp_d': 757.2868182332339, 'ign_k': 0.019192001101561888, 'ign_c': 54.079797238871784, 'trop_agb_crit': 7.628718523810018, 'trop_k_veg': 2.5878603012249104}.
[I 2026-08-06 10:48:56,821] Trial 333 finished with values: [10.58299327955017, 10.58299327955017] and parameters: {'k1': 0.01889771394135163, 'D_low': 355.00125258511594, 'k2': 8.923807143379776e-05, 'D_high': 8182.111518618414, 'fire_exp': 1.3170256885255098, 'P_half': 4.213183643253957, 'pre_dampen_half': 5.048653998722947, 'gpp_af': 1.9706963379095486, 'gpp_b': 0.0054502936945582505, 'gpp_d': 1.493264336549928, 'ign_k': 0.0020161527752598613, 'ign_c': 1.9580595319750387, 'trop_agb_crit': 7.500118950416987, 'trop_k_veg': 1.0594599158279707}.
[I 2026-08-06 10:48:58,034] Trial 334 finished with values: [10.633177047102508, 10.633177047102508] and parameters: {'k1': 0.012021930484915042, 'D_low': 7.240382572465288, 'k2': 0.031536006085184705, 'D_high': 5670.3463356272905, 'fire_exp': 3.3801590342525687, 'P_half': 221.2683656611821, 'pre_dampen_half': 1.3833139021965035, 'gpp_af': 0.2204465010099918, 'gpp_b': 2.176805640408474e-05, 'gpp_d': 757.2868182332339, 'ign_k': 2.539964555451684, 'ign_c': 1.9580595319750387, 'trop_agb_crit': 8.997007571451054, 'trop_k_veg': 2.520089655463604}.
[I 2026-08-06 10:48:59,269] Trial 335 finished with values: [10.49942201803361, 10.49942201803361] and parameters: {'k1': 0.00031134168041628584, 'D_low': 7.299348683062307, 'k2': 0.0009562822793888481, 'D_high': 774.2116473996249, 'fire_exp': 1.2611826901294014, 'P_half': 140.74279366401683, 'pre_dampen_half': 38.00678588560607, 'gpp_af': 43.527268658119496, 'gpp_b': 0.0054502936945582505, 'gpp_d': 84.31013932082456, 'ign_k': 0.019192001101561888, 'ign_c': 5.13055176058983, 'trop_agb_crit': 7.628718523810018, 'trop_k_veg': 2.5878603012249104}.
[I 2026-08-06 10:49:00,492] Trial 336 finished with values: [10.512552688482664, 10.512552688482664] and parameters: {'k1': 2.316457903103837e-05, 'D_low': 436.4516946807792, 'k2': 1.1065812688893481e-05, 'D_high': 1236.6924205139144, 'fire_exp': 1.0601964743503993, 'P_half': 4.213183643253957, 'pre_dampen_half': 63.6685916079943, 'gpp_af': 1.9706963379095486, 'gpp_b': 3.481277316673104e-05, 'gpp_d': 757.2868182332339, 'ign_k': 0.12329098365270515, 'ign_c': 1.9580595319750387, 'trop_agb_crit': 7.500118950416987, 'trop_k_veg': 3.49157152291552}.
[I 2026-08-06 10:49:01,735] Trial 337 finished with values: [10.519326261474571, 10.519326261474571] and parameters: {'k1': 0.008912611835817005, 'D_low': 83.62695993649682, 'k2': 0.031536006085184705, 'D_high': 5670.3463356272905, 'fire_exp': 3.3801590342525687, 'P_half': 4.213183643253957, 'pre_dampen_half': 63.6685916079943, 'gpp_af': 0.6403036652671171, 'gpp_b': 0.0005739662837359252, 'gpp_d': 1.493264336549928, 'ign_k': 0.07091190338709638, 'ign_c': 11.400863701127316, 'trop_agb_crit': 7.499945891579917, 'trop_k_veg': 0.6743482387129308}.
[I 2026-08-06 10:49:02,938] Trial 338 finished with values: [-0.6101649480862055, 0.07933622693892506] and parameters: {'k1': 0.002155595057104387, 'D_low': 436.4516946807792, 'k2': 0.019894080167856886, 'D_high': 1236.6924205139144, 'fire_exp': 1.2611826901294014, 'P_half': 523.1053126909052, 'pre_dampen_half': 63.6685916079943, 'gpp_af': 0.6403036652671171, 'gpp_b': 0.0012213924959062798, 'gpp_d': 757.2868182332339, 'ign_k': 0.12329098365270515, 'ign_c': 2.4936660834465174, 'trop_agb_crit': 6.119263728555865, 'trop_k_veg': 0.6673124511410327}.
[I 2026-08-06 10:49:04,161] Trial 339 finished with values: [10.588597431866146, 10.588597431866146] and parameters: {'k1': 0.012021930484915042, 'D_low': 40.12413353131991, 'k2': 0.0007047307383115598, 'D_high': 61536.58035691648, 'fire_exp': 1.423480109671474, 'P_half': 102.4585893986732, 'pre_dampen_half': 24.551654436784773, 'gpp_af': 0.0049748543504537545, 'gpp_b': 2.176805640408474e-05, 'gpp_d': 757.2868182332339, 'ign_k': 0.07091190338709638, 'ign_c': 3.470490935437501, 'trop_agb_crit': 10.691477813613638, 'trop_k_veg': 1.9799513595694562}.
[I 2026-08-06 10:49:05,329] Trial 340 finished with values: [-0.5749358920576882, 0.08509199595551553] and parameters: {'k1': 0.05778755734457457, 'D_low': 38.82837025280678, 'k2': 0.014344484793173472, 'D_high': 42210.21267871043, 'fire_exp': 1.7329145403564932, 'P_half': 221.2683656611821, 'pre_dampen_half': 38.00678588560607, 'gpp_af': 1.6059727222314273, 'gpp_b': 2.176805640408474e-05, 'gpp_d': 229.41380323183625, 'ign_k': 0.01364908766641695, 'ign_c': 3.470490935437501, 'trop_agb_crit': 8.997007571451054, 'trop_k_veg': 2.520089655463604}.
[I 2026-08-06 10:49:06,569] Trial 341 finished with values: [10.001256695070603, 10.001256695070603] and parameters: {'k1': 0.00488137519160367, 'D_low': 1112.9571947046009, 'k2': 0.001832010067724639, 'D_high': 8182.111518618414, 'fire_exp': 1.8493890000580158, 'P_half': 4.213183643253957, 'pre_dampen_half': 14.711215379121963, 'gpp_af': 0.47739011308437823, 'gpp_b': 1.284284091405877e-05, 'gpp_d': 1.493264336549928, 'ign_k': 5.351470428717437, 'ign_c': 0.557280750002996, 'trop_agb_crit': 10.691477813613638, 'trop_k_veg': 2.573214588078609}.
[I 2026-08-06 10:49:07,781] Trial 342 finished with values: [10.142096381777218, 10.142096381777218] and parameters: {'k1': 0.008912611835817005, 'D_low': 12.105387404469584, 'k2': 4.207988669606632e-05, 'D_high': 645.2946500764235, 'fire_exp': 1.1263716762638152, 'P_half': 4.213183643253957, 'pre_dampen_half': 63.6685916079943, 'gpp_af': 24.725776073156705, 'gpp_b': 3.43926796010005e-05, 'gpp_d': 2.944272359149677, 'ign_k': 2.1368329072358767, 'ign_c': 1.0226988730324322, 'trop_agb_crit': 1.0903028125370984, 'trop_k_veg': 0.6673124511410327}.
[I 2026-08-06 10:49:09,017] Trial 343 finished with values: [-0.594468903449931, 0.0651252818984559] and parameters: {'k1': 0.00488137519160367, 'D_low': 520.4862686958022, 'k2': 0.0154776166709383, 'D_high': 8182.111518618414, 'fire_exp': 1.221575427404682, 'P_half': 712.8188058401365, 'pre_dampen_half': 63.6685916079943, 'gpp_af': 1.9706963379095486, 'gpp_b': 0.22727308251068193, 'gpp_d': 19.600139992927435, 'ign_k': 2.5253810447657927, 'ign_c': 1.9580595319750387, 'trop_agb_crit': 8.997007571451054, 'trop_k_veg': 2.4336356947036335}.
[I 2026-08-06 10:49:10,286] Trial 344 finished with values: [10.716949387719112, 10.716949387719112] and parameters: {'k1': 0.05778755734457457, 'D_low': 38.82837025280678, 'k2': 0.014344484793173472, 'D_high': 21.947742689197344, 'fire_exp': 1.7329145403564932, 'P_half': 4.213183643253957, 'pre_dampen_half': 38.00678588560607, 'gpp_af': 1.9706963379095486, 'gpp_b': 2.176805640408474e-05, 'gpp_d': 84.31013932082456, 'ign_k': 3.589155871450839, 'ign_c': 3.470490935437501, 'trop_agb_crit': 7.500118950416987, 'trop_k_veg': 1.0594599158279707}.
[I 2026-08-06 10:49:11,488] Trial 345 finished with values: [-0.5504560648473225, 0.1794389090411027] and parameters: {'k1': 2.316457903103837e-05, 'D_low': 2945.620569202742, 'k2': 1.1065812688893481e-05, 'D_high': 60107.420288647554, 'fire_exp': 1.3170256885255098, 'P_half': 4.213183643253957, 'pre_dampen_half': 63.6685916079943, 'gpp_af': 3.4818886917676246, 'gpp_b': 3.481277316673104e-05, 'gpp_d': 150.14555442537656, 'ign_k': 0.019192001101561888, 'ign_c': 0.557280750002996, 'trop_agb_crit': 7.500118950416987, 'trop_k_veg': 3.49157152291552}.
[I 2026-08-06 10:49:12,820] Trial 346 finished with values: [10.681145414124488, 10.681145414124488] and parameters: {'k1': 0.008287522363768155, 'D_low': 7.299348683062307, 'k2': 0.003101429427212743, 'D_high': 21.947742689197344, 'fire_exp': 1.1263716762638152, 'P_half': 712.8188058401365, 'pre_dampen_half': 5.048653998722947, 'gpp_af': 0.6403036652671171, 'gpp_b': 0.22727308251068193, 'gpp_d': 757.2868182332339, 'ign_k': 0.12329098365270515, 'ign_c': 1.9580595319750387, 'trop_agb_crit': 1.0903028125370984, 'trop_k_veg': 1.0594599158279707}.
[I 2026-08-06 10:49:14,026] Trial 347 finished with values: [10.769230768877819, 10.769230768877819] and parameters: {'k1': 0.01889771394135163, 'D_low': 7.299348683062307, 'k2': 0.0007047307383115598, 'D_high': 21.947742689197344, 'fire_exp': 1.1263716762638152, 'P_half': 4.213183643253957, 'pre_dampen_half': 5.048653998722947, 'gpp_af': 1.6059727222314273, 'gpp_b': 0.22727308251068193, 'gpp_d': 84.31013932082456, 'ign_k': 0.11619873314872933, 'ign_c': 222.87087260110138, 'trop_agb_crit': 7.500118950416987, 'trop_k_veg': 5.580504276549027}.
[I 2026-08-06 10:49:15,281] Trial 348 finished with values: [10.768999422236682, 10.768999422236682] and parameters: {'k1': 0.012021930484915042, 'D_low': 12.105387404469584, 'k2': 0.031536006085184705, 'D_high': 8182.111518618414, 'fire_exp': 3.3801590342525687, 'P_half': 4.213183643253957, 'pre_dampen_half': 63.6685916079943, 'gpp_af': 0.6403036652671171, 'gpp_b': 0.00431329787498825, 'gpp_d': 757.2868182332339, 'ign_k': 0.07091190338709638, 'ign_c': 61.64329525571068, 'trop_agb_crit': 10.691477813613638, 'trop_k_veg': 0.6743482387129308}.
[I 2026-08-06 10:49:16,494] Trial 349 finished with values: [-0.5365883516835762, 0.11050815393351177] and parameters: {'k1': 0.00016480446427978953, 'D_low': 355.00125258511594, 'k2': 8.923807143379776e-05, 'D_high': 8182.111518618414, 'fire_exp': 1.221575427404682, 'P_half': 56.22114524476698, 'pre_dampen_half': 63.6685916079943, 'gpp_af': 1.9706963379095486, 'gpp_b': 0.22727308251068193, 'gpp_d': 84.31013932082456, 'ign_k': 0.019192001101561888, 'ign_c': 1.9580595319750387, 'trop_agb_crit': 8.997007571451054, 'trop_k_veg': 1.0594599158279707}.
[I 2026-08-06 10:49:17,692] Trial 350 finished with values: [-0.5563070184177266, 0.1778248297557662] and parameters: {'k1': 0.00488137519160367, 'D_low': 520.4862686958022, 'k2': 8.923807143379776e-05, 'D_high': 8182.111518618414, 'fire_exp': 1.3170256885255098, 'P_half': 5.076307782729897, 'pre_dampen_half': 331.7366635899375, 'gpp_af': 0.6403036652671171, 'gpp_b': 0.0005739662837359252, 'gpp_d': 2.944272359149677, 'ign_k': 0.019192001101561888, 'ign_c': 30.785541778315018, 'trop_agb_crit': 18.785197416433792, 'trop_k_veg': 1.140286245977296}.
[I 2026-08-06 10:49:18,926] Trial 351 finished with values: [-0.5739095670403185, 0.15182413641096004] and parameters: {'k1': 0.008912611835817005, 'D_low': 40.52505887227999, 'k2': 0.003767022142229395, 'D_high': 5254.8834372681695, 'fire_exp': 1.2611826901294014, 'P_half': 221.2683656611821, 'pre_dampen_half': 63.6685916079943, 'gpp_af': 1.2389588752305056, 'gpp_b': 0.0005739662837359252, 'gpp_d': 757.2868182332339, 'ign_k': 0.0036065195493704487, 'ign_c': 5.13055176058983, 'trop_agb_crit': 1.0903028125370984, 'trop_k_veg': 5.580504276549027}.
[I 2026-08-06 10:49:20,149] Trial 352 finished with values: [11.627387059195705, 11.627387059195705] and parameters: {'k1': 0.05778755734457457, 'D_low': 40.52505887227999, 'k2': 0.0007047307383115598, 'D_high': 8182.111518618414, 'fire_exp': 1.221575427404682, 'P_half': 140.74279366401683, 'pre_dampen_half': 331.7366635899375, 'gpp_af': 0.6403036652671171, 'gpp_b': 0.012132126638791128, 'gpp_d': 2.944272359149677, 'ign_k': 0.21006485619596416, 'ign_c': 1.9580595319750387, 'trop_agb_crit': 1.0903028125370984, 'trop_k_veg': 4.989748894578724}.
[I 2026-08-06 10:49:21,357] Trial 353 finished with values: [-0.5756452454597307, 0.2330452012274229] and parameters: {'k1': 0.008912611835817005, 'D_low': 40.52505887227999, 'k2': 1.1065812688893481e-05, 'D_high': 5670.3463356272905, 'fire_exp': 1.2611826901294014, 'P_half': 4.213183643253957, 'pre_dampen_half': 234.12640025944248, 'gpp_af': 1.6059727222314273, 'gpp_b': 0.0005739662837359252, 'gpp_d': 2.944272359149677, 'ign_k': 0.0036065195493704487, 'ign_c': 5.13055176058983, 'trop_agb_crit': 7.500118950416987, 'trop_k_veg': 4.030242248006271}.
[I 2026-08-06 10:49:22,578] Trial 354 finished with values: [10.769191385918896, 10.769191385918896] and parameters: {'k1': 0.008912611835817005, 'D_low': 355.00125258511594, 'k2': 4.30943585950406e-05, 'D_high': 645.2946500764235, 'fire_exp': 7.601000466715835, 'P_half': 5.076307782729897, 'pre_dampen_half': 63.6685916079943, 'gpp_af': 22.867444764010127, 'gpp_b': 0.0005739662837359252, 'gpp_d': 229.41380323183625, 'ign_k': 0.01364908766641695, 'ign_c': 3.470490935437501, 'trop_agb_crit': 8.997007571451054, 'trop_k_veg': 3.1473758868965476}.
[I 2026-08-06 10:49:23,780] Trial 355 finished with values: [11.695924373862663, 11.695924373862663] and parameters: {'k1': 0.012021930484915042, 'D_low': 12.105387404469584, 'k2': 0.003101429427212743, 'D_high': 42210.21267871043, 'fire_exp': 1.5185721648966928, 'P_half': 1.309149162209817, 'pre_dampen_half': 63.6685916079943, 'gpp_af': 0.0049748543504537545, 'gpp_b': 2.176805640408474e-05, 'gpp_d': 757.2868182332339, 'ign_k': 0.07091190338709638, 'ign_c': 3.470490935437501, 'trop_agb_crit': 7.500118950416987, 'trop_k_veg': 0.6673124511410327}.
[I 2026-08-06 10:49:25,006] Trial 356 finished with values: [10.106371343024147, 10.106371343024147] and parameters: {'k1': 0.002155595057104387, 'D_low': 12.105387404469584, 'k2': 1.1065812688893481e-05, 'D_high': 76.7074891445377, 'fire_exp': 1.2611826901294014, 'P_half': 221.2683656611821, 'pre_dampen_half': 63.6685916079943, 'gpp_af': 1.6059727222314273, 'gpp_b': 1.5385046399532158e-05, 'gpp_d': 134.6119925566483, 'ign_k': 0.0032770228519285686, 'ign_c': 1.9580595319750387, 'trop_agb_crit': 7.500118950416987, 'trop_k_veg': 1.0594599158279707}.
[I 2026-08-06 10:49:26,197] Trial 357 finished with values: [10.72787015130779, 10.72787015130779] and parameters: {'k1': 0.008287522363768155, 'D_low': 520.4862686958022, 'k2': 0.014344484793173472, 'D_high': 774.2116473996249, 'fire_exp': 1.221575427404682, 'P_half': 712.8188058401365, 'pre_dampen_half': 63.6685916079943, 'gpp_af': 56.20900787064881, 'gpp_b': 2.6738182964551835e-05, 'gpp_d': 8.057329182285729, 'ign_k': 0.12329098365270515, 'ign_c': 5.13055176058983, 'trop_agb_crit': 6.119263728555865, 'trop_k_veg': 3.49157152291552}.
[I 2026-08-06 10:49:27,387] Trial 358 finished with values: [10.652797445264772, 10.652797445264772] and parameters: {'k1': 2.316457903103837e-05, 'D_low': 12.105387404469584, 'k2': 0.00021901578520649233, 'D_high': 9419.6122359782, 'fire_exp': 3.3801590342525687, 'P_half': 4.213183643253957, 'pre_dampen_half': 63.6685916079943, 'gpp_af': 0.6403036652671171, 'gpp_b': 3.481277316673104e-05, 'gpp_d': 757.2868182332339, 'ign_k': 0.12329098365270515, 'ign_c': 1.9580595319750387, 'trop_agb_crit': 8.997007571451054, 'trop_k_veg': 0.6743482387129308}.
[I 2026-08-06 10:49:28,578] Trial 359 finished with values: [10.406920270764472, 10.406920270764472] and parameters: {'k1': 0.008287522363768155, 'D_low': 7.299348683062307, 'k2': 0.0003432139136241583, 'D_high': 1493.5213816355397, 'fire_exp': 1.1263716762638152, 'P_half': 712.8188058401365, 'pre_dampen_half': 63.6685916079943, 'gpp_af': 1.6059727222314273, 'gpp_b': 0.0005739662837359252, 'gpp_d': 2.944272359149677, 'ign_k': 0.0043958167971197126, 'ign_c': 5.13055176058983, 'trop_agb_crit': 1.0903028125370984, 'trop_k_veg': 4.989748894578724}.
[I 2026-08-06 10:49:29,804] Trial 360 finished with values: [10.765873792812991, 10.765873792812991] and parameters: {'k1': 0.012021930484915042, 'D_low': 7.299348683062307, 'k2': 0.0007047307383115598, 'D_high': 645.2946500764235, 'fire_exp': 6.576079034416172, 'P_half': 4.213183643253957, 'pre_dampen_half': 63.6685916079943, 'gpp_af': 0.6403036652671171, 'gpp_b': 0.00431329787498825, 'gpp_d': 757.2868182332339, 'ign_k': 0.21006485619596416, 'ign_c': 1.9580595319750387, 'trop_agb_crit': 1.0903028125370984, 'trop_k_veg': 0.6743482387129308}.
[I 2026-08-06 10:49:31,049] Trial 361 finished with values: [10.420980371963514, 10.420980371963514] and parameters: {'k1': 0.05778755734457457, 'D_low': 40.52505887227999, 'k2': 0.0007047307383115598, 'D_high': 645.2946500764235, 'fire_exp': 1.1263716762638152, 'P_half': 4.213183643253957, 'pre_dampen_half': 63.6685916079943, 'gpp_af': 14.476743839391009, 'gpp_b': 0.22727308251068193, 'gpp_d': 5.1715677287580455, 'ign_k': 0.12329098365270515, 'ign_c': 1.9580595319750387, 'trop_agb_crit': 1.0903028125370984, 'trop_k_veg': 5.580504276549027}.
[I 2026-08-06 10:49:32,250] Trial 362 finished with values: [10.157233819592134, 10.157233819592134] and parameters: {'k1': 0.012021930484915042, 'D_low': 12.105387404469584, 'k2': 8.923807143379776e-05, 'D_high': 61536.58035691648, 'fire_exp': 1.1263716762638152, 'P_half': 107.12009151798692, 'pre_dampen_half': 5.048653998722947, 'gpp_af': 68.11991466118579, 'gpp_b': 3.481277316673104e-05, 'gpp_d': 757.2868182332339, 'ign_k': 0.11619873314872933, 'ign_c': 0.10605801312906209, 'trop_agb_crit': 10.691477813613638, 'trop_k_veg': 0.8157008881455025}.
[I 2026-08-06 10:49:33,570] Trial 363 finished with values: [10.74673331986053, 10.74673331986053] and parameters: {'k1': 0.012021930484915042, 'D_low': 355.00125258511594, 'k2': 0.000140654144219877, 'D_high': 5670.3463356272905, 'fire_exp': 4.13930014199088, 'P_half': 56.22114524476698, 'pre_dampen_half': 63.6685916079943, 'gpp_af': 5.335773317316405, 'gpp_b': 0.00431329787498825, 'gpp_d': 2.944272359149677, 'ign_k': 0.21006485619596416, 'ign_c': 1.9580595319750387, 'trop_agb_crit': 8.997007571451054, 'trop_k_veg': 0.5349971555643298}.
