[I 2026-08-20 01:27:38,890] Trial 2368 finished with value: 0.5668715953873517 and parameters: {'k1': 0.0004453945954616048, 'D_low': 16.00670190559957, 'k2': 0.0004566973739254054, 'D_high': 3490809.111629319, 'fire_exp': 1.6753027477343239, 'P_half': 96.76796076440908, 'pre_dampen_half': 0.06664910742917352, 'gpp_af': 0.06161415412473248, 'gpp_b': 0.00012104103900836191, 'gpp_d': 52.8639746567104, 'ign_k': 1.5990749955722174, 'ign_c': 26.335452821957908, 'trop_agb_crit': 15.217540664712866, 'trop_k_veg': 2.3987780322304526, 'pop_amp': 0.0011782790928437947, 'pop_peak': 0.35900828016825376, 'pop_sig': 0.6304972921854728}. Best is trial 1128 with value: -0.620386984093161.
[I 2026-08-20 01:27:41,280] Trial 2369 finished with value: 0.6272829023163078 and parameters: {'k1': 3.689154325327157e-05, 'D_low': 2.36068052913102, 'k2': 0.03900720822693345, 'D_high': 513850.7223613892, 'fire_exp': 1.2291211013911711, 'P_half': 4.108675487178632, 'pre_dampen_half': 731.3748036160902, 'gpp_af': 0.5339897903788422, 'gpp_b': 0.00020546332541205987, 'gpp_d': 0.04492502481377514, 'ign_k': 0.003972404935043589, 'ign_c': 850.8593322808865, 'trop_agb_crit': 24.902223985592492, 'trop_k_veg': 1.0766564102518439, 'pop_amp': 0.7631428431819123, 'pop_peak': 4.58436825678971, 'pop_sig': 0.3235328655678915}. Best is trial 1128 with value: -0.620386984093161.
[I 2026-08-20 01:27:43,008] Trial 2370 finished with value: -0.5598586301127214 and parameters: {'k1': 0.0014829718381719698, 'D_low': 1.3927967417358624, 'k2': 0.02732428982210359, 'D_high': 410787.06963552436, 'fire_exp': 2.9533519366873513, 'P_half': 34.66967182408551, 'pre_dampen_half': 0.08225062471277973, 'gpp_af': 0.07749068000284802, 'gpp_b': 0.00030560926851535284, 'gpp_d': 74.59061011166433, 'ign_k': 0.05594840964374942, 'ign_c': 3.2268117870914765, 'trop_agb_crit': 3.52341387514128, 'trop_k_veg': 2.1051753341783552, 'pop_amp': 15.651067397021848, 'pop_peak': 543.3546849642164, 'pop_sig': 1.5194697345433805}. Best is trial 1128 with value: -0.620386984093161.
[I 2026-08-20 01:27:44,776] Trial 2371 finished with value: 0.3908775147413692 and parameters: {'k1': 0.0010950517769845293, 'D_low': 761.999367406343, 'k2': 0.0038394300462907963, 'D_high': 594910.8857295538, 'fire_exp': 1.609661217636483, 'P_half': 56.09282119896137, 'pre_dampen_half': 12.656317679971588, 'gpp_af': 0.013689079691922573, 'gpp_b': 5.9490411299343584e-05, 'gpp_d': 179.92967370385767, 'ign_k': 5.501227593836263, 'ign_c': 17.94405542991502, 'trop_agb_crit': 7.265969191545408, 'trop_k_veg': 1.4891900395166862, 'pop_amp': 0.0013821033895658752, 'pop_peak': 0.456193840872944, 'pop_sig': 0.6084305734415856}. Best is trial 1128 with value: -0.620386984093161.
[I 2026-08-20 01:27:46,559] Trial 2372 finished with value: 0.6445374145881376 and parameters: {'k1': 4.479615687278108e-05, 'D_low': 9.280936115086638, 'k2': 5.0490280818989975e-05, 'D_high': 18320.512863608772, 'fire_exp': 4.242236088680485, 'P_half': 260.79962553933854, 'pre_dampen_half': 474.7732913779248, 'gpp_af': 0.0011294333443686516, 'gpp_b': 1.6582323249593311, 'gpp_d': 0.0744655416044203, 'ign_k': 1.1946428772979978, 'ign_c': 56.4287038519533, 'trop_agb_crit': 4.335875437205752, 'trop_k_veg': 0.9635717447834761, 'pop_amp': 10.756802014385517, 'pop_peak': 2.9422722447213063, 'pop_sig': 0.5267134754798762}. Best is trial 1128 with value: -0.620386984093161.
[I 2026-08-20 01:27:48,276] Trial 2373 finished with value: 0.6445374145881376 and parameters: {'k1': 0.0005819592968381212, 'D_low': 527.055947900735, 'k2': 0.05141740294545512, 'D_high': 184865.52065356026, 'fire_exp': 1.1627917715705418, 'P_half': 14.327669922070879, 'pre_dampen_half': 141.42641350026472, 'gpp_af': 0.0048967742596756104, 'gpp_b': 8.1846702288721e-05, 'gpp_d': 74.21622276040976, 'ign_k': 1.0804762372357686, 'ign_c': 88.9087307588088, 'trop_agb_crit': 8.608243603990406, 'trop_k_veg': 6.872053642429553, 'pop_amp': 0.0041790092502462396, 'pop_peak': 13.433779287955595, 'pop_sig': 0.2899887473918704}. Best is trial 1128 with value: -0.620386984093161.
[I 2026-08-20 01:27:50,035] Trial 2374 finished with value: 0.48275601600609275 and parameters: {'k1': 0.0019713191541589877, 'D_low': 2600.4700241609107, 'k2': 0.0006210191365022102, 'D_high': 119033.54361378834, 'fire_exp': 2.0697478372568336, 'P_half': 16.52632331991498, 'pre_dampen_half': 1.5554082509463487, 'gpp_af': 0.6711762845854171, 'gpp_b': 0.23885631514461858, 'gpp_d': 552.3482233959083, 'ign_k': 0.1321691438496738, 'ign_c': 0.18237000581154916, 'trop_agb_crit': 9.931111040194414, 'trop_k_veg': 1.747914037886268, 'pop_amp': 1.3066747759428001, 'pop_peak': 2.2898205051713525, 'pop_sig': 0.7346537608643178}. Best is trial 1128 with value: -0.620386984093161.
[I 2026-08-20 01:27:51,748] Trial 2375 finished with value: 0.4024865943821109 and parameters: {'k1': 0.0027193033168747857, 'D_low': 13.472691953432914, 'k2': 0.004697599300021051, 'D_high': 8744413.015747117, 'fire_exp': 1.9633842698882666, 'P_half': 144.17902666232317, 'pre_dampen_half': 5.961257223099661, 'gpp_af': 0.015592514001573708, 'gpp_b': 1.2444638397146866e-05, 'gpp_d': 112.14345982941443, 'ign_k': 0.6001416124259509, 'ign_c': 9.229458764942823, 'trop_agb_crit': 2.6327113629689056, 'trop_k_veg': 2.883950922995377, 'pop_amp': 0.0038084974612429697, 'pop_peak': 2.734049418919837, 'pop_sig': 0.6511396880966535}. Best is trial 1128 with value: -0.620386984093161.
[I 2026-08-20 01:27:53,500] Trial 2376 finished with value: 0.643680283647726 and parameters: {'k1': 6.10089390844473e-05, 'D_low': 695775.8285362101, 'k2': 0.00012867820016344348, 'D_high': 2701147.265651506, 'fire_exp': 3.663650681920847, 'P_half': 26.57765993815684, 'pre_dampen_half': 42.509255676844255, 'gpp_af': 5.754820285056124, 'gpp_b': 0.00028239540936047494, 'gpp_d': 0.14711307783227104, 'ign_k': 0.0032838616568736704, 'ign_c': 48.70696547294149, 'trop_agb_crit': 1.6037570123841398, 'trop_k_veg': 0.8279678150035226, 'pop_amp': 0.014541595123588926, 'pop_peak': 37.73389777795697, 'pop_sig': 1.8459996801286591}. Best is trial 1128 with value: -0.620386984093161.
[I 2026-08-20 01:27:55,336] Trial 2377 finished with value: 0.6445374145881376 and parameters: {'k1': 4.281327180011411e-05, 'D_low': 572.7035752360705, 'k2': 0.09118884150272148, 'D_high': 28451.30708001803, 'fire_exp': 3.447893864404436, 'P_half': 3087.338049596866, 'pre_dampen_half': 0.8296350113107909, 'gpp_af': 32.97554512828463, 'gpp_b': 0.0003362784095663961, 'gpp_d': 129.12026780312044, 'ign_k': 5.80891385534853, 'ign_c': 86.7199627941221, 'trop_agb_crit': 1.1448282396782938, 'trop_k_veg': 4.8964849970562385, 'pop_amp': 3.0826278134431266, 'pop_peak': 104.75720198318308, 'pop_sig': 1.0151879326740376}. Best is trial 1128 with value: -0.620386984093161.
[I 2026-08-20 01:27:57,088] Trial 2378 finished with value: -0.5787094921617519 and parameters: {'k1': 0.005140367433608206, 'D_low': 400.4653927990685, 'k2': 0.0018570801192001377, 'D_high': 4898689.952075264, 'fire_exp': 3.1837217036606305, 'P_half': 57.76108189667899, 'pre_dampen_half': 16.48057525287853, 'gpp_af': 0.292350609819513, 'gpp_b': 0.008466858918722063, 'gpp_d': 229.83804302181747, 'ign_k': 6.465917725630324, 'ign_c': 5.617802866016487, 'trop_agb_crit': 1.4906522004095315, 'trop_k_veg': 6.227676043461138, 'pop_amp': 0.10280600952225301, 'pop_peak': 60.6616412940249, 'pop_sig': 0.28477967907479884}. Best is trial 1128 with value: -0.620386984093161.
[I 2026-08-20 01:27:58,849] Trial 2379 finished with value: 0.5290932997763391 and parameters: {'k1': 0.0016716338758019664, 'D_low': 1009.0621656499997, 'k2': 0.000550705035389288, 'D_high': 33550.381687040164, 'fire_exp': 3.0470248519028758, 'P_half': 169.24450159542593, 'pre_dampen_half': 10.988249619661106, 'gpp_af': 0.06100614137171228, 'gpp_b': 0.0015513614048775473, 'gpp_d': 182.04026844601182, 'ign_k': 0.195669595269148, 'ign_c': 0.5759031427217461, 'trop_agb_crit': 15.572844378622673, 'trop_k_veg': 2.5677567125445093, 'pop_amp': 15.189606410040108, 'pop_peak': 1.0984601865900618, 'pop_sig': 0.7175350879321839}. Best is trial 1128 with value: -0.620386984093161.
[I 2026-08-20 01:28:00,595] Trial 2380 finished with value: 0.42040604143755567 and parameters: {'k1': 0.0002638617522077907, 'D_low': 6354.312382459135, 'k2': 0.006292836728264441, 'D_high': 1950866.566123865, 'fire_exp': 1.038284717259103, 'P_half': 1.5700614803617856, 'pre_dampen_half': 0.7027695377067882, 'gpp_af': 0.02048832984045295, 'gpp_b': 1.7650722843427684e-05, 'gpp_d': 119.77948376449449, 'ign_k': 4.256575628996797, 'ign_c': 4.585928988236071, 'trop_agb_crit': 8.762828123065221, 'trop_k_veg': 3.583146314427454, 'pop_amp': 0.016681614078620323, 'pop_peak': 0.0949684660902306, 'pop_sig': 0.37861668663868525}. Best is trial 1128 with value: -0.620386984093161.
[I 2026-08-20 01:28:02,908] Trial 2381 finished with value: 0.6445374145881376 and parameters: {'k1': 0.0002570941466174227, 'D_low': 4447.822528850869, 'k2': 0.001059130389299996, 'D_high': 846246.7103500462, 'fire_exp': 1.0587636573338945, 'P_half': 20.750407851934785, 'pre_dampen_half': 29.42530869506317, 'gpp_af': 0.009004291984000719, 'gpp_b': 3.822535312648436e-05, 'gpp_d': 38.87044056683243, 'ign_k': 3.513422685623421, 'ign_c': 71.95554017050753, 'trop_agb_crit': 6.922237110054232, 'trop_k_veg': 1.6673322939966202, 'pop_amp': 0.03658927143799919, 'pop_peak': 3.4500612304654426, 'pop_sig': 0.2611495578594091}. Best is trial 1128 with value: -0.620386984093161.
[I 2026-08-20 01:28:04,730] Trial 2382 finished with value: 0.5903706074763759 and parameters: {'k1': 0.0007186486973497739, 'D_low': 2645.6316975279515, 'k2': 0.005601636128198123, 'D_high': 69499.98290212583, 'fire_exp': 2.644985804397547, 'P_half': 739.6921886055045, 'pre_dampen_half': 1.7427123869911254, 'gpp_af': 0.0819495938041699, 'gpp_b': 0.001279230032848607, 'gpp_d': 0.05204199668320239, 'ign_k': 0.13949639054033433, 'ign_c': 0.19332348163973417, 'trop_agb_crit': 1.4699249117808406, 'trop_k_veg': 7.129091722226206, 'pop_amp': 0.29108901819197824, 'pop_peak': 103.14969537556021, 'pop_sig': 0.9118420926605595}. Best is trial 1128 with value: -0.620386984093161.
[I 2026-08-20 01:28:06,565] Trial 2383 finished with value: -0.5865232972790005 and parameters: {'k1': 0.0001877771294342315, 'D_low': 127.21328963791868, 'k2': 0.0042526351276144575, 'D_high': 1392211.2201845213, 'fire_exp': 3.253502647317404, 'P_half': 9.896770270038182, 'pre_dampen_half': 5.802743632577765, 'gpp_af': 0.0027689704828603953, 'gpp_b': 5.705075063710851e-05, 'gpp_d': 328.137080079135, 'ign_k': 0.26898178957191815, 'ign_c': 3.796017117991453, 'trop_agb_crit': 3.2342799487617633, 'trop_k_veg': 2.8617371728809546, 'pop_amp': 3.132341963297359, 'pop_peak': 2.946074022234165, 'pop_sig': 0.38260344096590354}. Best is trial 1128 with value: -0.620386984093161.
[I 2026-08-20 01:28:08,331] Trial 2384 finished with value: 0.6445374145881376 and parameters: {'k1': 0.01197862306322302, 'D_low': 7184.8126098262455, 'k2': 1.2047510797092036e-05, 'D_high': 5071464.750088332, 'fire_exp': 8.776981377488637, 'P_half': 3428.8359566189215, 'pre_dampen_half': 0.07693237520983848, 'gpp_af': 9.56589046326311, 'gpp_b': 8.933870047684233e-05, 'gpp_d': 1.5006787300715865, 'ign_k': 0.0343037496867577, 'ign_c': 508.13194004099887, 'trop_agb_crit': 26.513714762889762, 'trop_k_veg': 0.863105658506375, 'pop_amp': 0.004319073774897854, 'pop_peak': 86.65615464652466, 'pop_sig': 0.8625676115380693}. Best is trial 1128 with value: -0.620386984093161.
[I 2026-08-20 01:28:10,139] Trial 2385 finished with value: 0.6374525900275038 and parameters: {'k1': 1.7374099551459415e-05, 'D_low': 83374.69668034582, 'k2': 0.03435598265783896, 'D_high': 78.74768088898226, 'fire_exp': 3.75471864837859, 'P_half': 7032.378067951781, 'pre_dampen_half': 602.6042104712944, 'gpp_af': 0.27018197884945233, 'gpp_b': 0.7294998832707763, 'gpp_d': 0.24988686555549924, 'ign_k': 0.08722050124218995, 'ign_c': 0.32024210673015824, 'trop_agb_crit': 22.223548559229446, 'trop_k_veg': 4.683848828382378, 'pop_amp': 8.780612392421284, 'pop_peak': 0.11375921507232967, 'pop_sig': 0.28938140861946293}. Best is trial 1128 with value: -0.620386984093161.
[I 2026-08-20 01:28:11,891] Trial 2386 finished with value: 0.4324135705448019 and parameters: {'k1': 0.00025943456658255513, 'D_low': 9.571147667935508, 'k2': 0.00044158362935102903, 'D_high': 1068457.7367216458, 'fire_exp': 1.889943705207589, 'P_half': 31.570490411761803, 'pre_dampen_half': 429.82807456036227, 'gpp_af': 0.1391975288617736, 'gpp_b': 0.007484591698558609, 'gpp_d': 16.480596254975552, 'ign_k': 0.04471532918755964, 'ign_c': 0.24312528115563892, 'trop_agb_crit': 17.805442531833705, 'trop_k_veg': 1.6659794112034902, 'pop_amp': 0.06827336768578286, 'pop_peak': 0.8545381200694816, 'pop_sig': 0.8702627943759864}. Best is trial 1128 with value: -0.620386984093161.
[I 2026-08-20 01:28:13,654] Trial 2387 finished with value: 0.5879942312496544 and parameters: {'k1': 1.4602441572025632e-05, 'D_low': 448.38783068888563, 'k2': 0.004172471070158703, 'D_high': 124433.77624537672, 'fire_exp': 1.5154670899013296, 'P_half': 7100.705632190625, 'pre_dampen_half': 23.67964599656875, 'gpp_af': 0.0763953461757611, 'gpp_b': 0.006030905575819616, 'gpp_d': 0.04680612179851878, 'ign_k': 4.528355420607499, 'ign_c': 0.14485684927854292, 'trop_agb_crit': 2.1990348379833877, 'trop_k_veg': 7.849181852613683, 'pop_amp': 9.92275228385659, 'pop_peak': 3.0033133472970044, 'pop_sig': 2.322531288654878}. Best is trial 1128 with value: -0.620386984093161.
[I 2026-08-20 01:28:15,397] Trial 2388 finished with value: 0.5327116338671323 and parameters: {'k1': 0.0016566731116710624, 'D_low': 41.97053794088476, 'k2': 0.020754870956958802, 'D_high': 727821.4654374048, 'fire_exp': 2.1681816991087426, 'P_half': 5.731217937740856, 'pre_dampen_half': 0.35192846631269264, 'gpp_af': 0.016755044953877248, 'gpp_b': 4.3404917413046545e-05, 'gpp_d': 45.6643264687647, 'ign_k': 3.770178547595483, 'ign_c': 13.178067040854462, 'trop_agb_crit': 2.978786495907511, 'trop_k_veg': 3.484838421247371, 'pop_amp': 11.602672999833443, 'pop_peak': 7.288741619045772, 'pop_sig': 0.5756106307216882}. Best is trial 1128 with value: -0.620386984093161.
[I 2026-08-20 01:28:17,140] Trial 2389 finished with value: 0.5924170295741643 and parameters: {'k1': 4.69437973447089e-05, 'D_low': 57.79417741296954, 'k2': 3.362736895688622e-05, 'D_high': 173.62331367480897, 'fire_exp': 4.427331043243014, 'P_half': 3.751292191182879, 'pre_dampen_half': 624.7816498840435, 'gpp_af': 0.23800151962438074, 'gpp_b': 0.0011938840221736068, 'gpp_d': 60.603427102633695, 'ign_k': 0.0012955298092479095, 'ign_c': 6.989144632647552, 'trop_agb_crit': 1.304841062626591, 'trop_k_veg': 0.8535633627541491, 'pop_amp': 0.024639854512411668, 'pop_peak': 57.925819084523134, 'pop_sig': 2.298052565445441}. Best is trial 1128 with value: -0.620386984093161.
[I 2026-08-20 01:28:18,901] Trial 2390 finished with value: 0.5244280284343331 and parameters: {'k1': 0.0021937826790950545, 'D_low': 8091.944572615281, 'k2': 0.019954993965501412, 'D_high': 2031849.1876992777, 'fire_exp': 3.40395903730345, 'P_half': 256.41989332375437, 'pre_dampen_half': 455.8254402910319, 'gpp_af': 0.0032154338296245446, 'gpp_b': 0.0006081757226966706, 'gpp_d': 106.18665006033318, 'ign_k': 4.216655281294507, 'ign_c': 10.698950942522378, 'trop_agb_crit': 18.25351944254052, 'trop_k_veg': 1.4833089584817976, 'pop_amp': 0.0032889443325634527, 'pop_peak': 39.92136592041423, 'pop_sig': 1.0784521792569712}. Best is trial 1128 with value: -0.620386984093161.
[I 2026-08-20 01:28:20,697] Trial 2391 finished with value: 0.5441614505713718 and parameters: {'k1': 0.0005938686098179686, 'D_low': 783.4558233916457, 'k2': 0.0009104457992023094, 'D_high': 113662.39386053139, 'fire_exp': 1.831130632101351, 'P_half': 4.143704366011163, 'pre_dampen_half': 4.1796766871313435, 'gpp_af': 0.0034048494512978335, 'gpp_b': 0.0031604511232062762, 'gpp_d': 677.4830808113808, 'ign_k': 2.979515360573483, 'ign_c': 24.96303027758277, 'trop_agb_crit': 1.954564948408762, 'trop_k_veg': 2.1722940012412577, 'pop_amp': 5.411470546353406, 'pop_peak': 1.8244003376516074, 'pop_sig': 0.3864813206757573}. Best is trial 1128 with value: -0.620386984093161.
[I 2026-08-20 01:28:22,444] Trial 2392 finished with value: 0.5434760206042346 and parameters: {'k1': 0.0005078661209735881, 'D_low': 8227.887880155677, 'k2': 0.0006179922404184454, 'D_high': 54625.404525068574, 'fire_exp': 7.491408268899169, 'P_half': 95.45428373087242, 'pre_dampen_half': 21.324304637774613, 'gpp_af': 0.9316823374136335, 'gpp_b': 0.0006428174141035069, 'gpp_d': 6.930457175200034, 'ign_k': 0.20841089896751872, 'ign_c': 0.3039473188751353, 'trop_agb_crit': 4.6122400090319795, 'trop_k_veg': 3.3610798091760685, 'pop_amp': 5.578086274092333, 'pop_peak': 2.0422167177794086, 'pop_sig': 0.3412468725936525}. Best is trial 1128 with value: -0.620386984093161.
[I 2026-08-20 01:28:24,780] Trial 2393 finished with value: 0.6104170250032007 and parameters: {'k1': 0.0008327864838505994, 'D_low': 56.83738355656171, 'k2': 0.0003170760013672442, 'D_high': 81.79302803318727, 'fire_exp': 6.014141552217436, 'P_half': 24.506561935521127, 'pre_dampen_half': 0.6393777075619158, 'gpp_af': 0.15716097130795068, 'gpp_b': 1.3237104316320254, 'gpp_d': 71.14165008057988, 'ign_k': 0.001416116097724073, 'ign_c': 16.377293164851082, 'trop_agb_crit': 3.687033860023312, 'trop_k_veg': 2.416914607403429, 'pop_amp': 6.011902061322577, 'pop_peak': 1.3567224407631404, 'pop_sig': 1.9462473673909426}. Best is trial 1128 with value: -0.620386984093161.
[I 2026-08-20 01:28:26,544] Trial 2394 finished with value: 0.5423905599880608 and parameters: {'k1': 0.003355466921004901, 'D_low': 422.81175839865244, 'k2': 0.0006471434490768686, 'D_high': 9793357.20277517, 'fire_exp': 1.6948949837542233, 'P_half': 4.506600468225788, 'pre_dampen_half': 5.496965495709675, 'gpp_af': 0.024316094039911047, 'gpp_b': 3.6431110587283096e-05, 'gpp_d': 659.2893682560309, 'ign_k': 9.823363018367774, 'ign_c': 7.166076896949049, 'trop_agb_crit': 3.8603218300087994, 'trop_k_veg': 3.795062104918332, 'pop_amp': 8.204754287760093, 'pop_peak': 0.5600196275414032, 'pop_sig': 0.3386079232894361}. Best is trial 1128 with value: -0.620386984093161.
[I 2026-08-20 01:28:28,274] Trial 2395 finished with value: 0.6445374145881376 and parameters: {'k1': 0.06538020369230033, 'D_low': 17.181521456891065, 'k2': 0.0019475040296247012, 'D_high': 23.511045357301853, 'fire_exp': 4.22925450663939, 'P_half': 1.1028637381995328, 'pre_dampen_half': 317.24615384125826, 'gpp_af': 0.22699372519464175, 'gpp_b': 0.10148308086624386, 'gpp_d': 5.927043300414006, 'ign_k': 2.221593815219756, 'ign_c': 315.6250691662135, 'trop_agb_crit': 2.9547537395618244, 'trop_k_veg': 0.6727806659210316, 'pop_amp': 0.0018213732402154658, 'pop_peak': 0.25816666066149885, 'pop_sig': 1.3468133357940382}. Best is trial 1128 with value: -0.620386984093161.
[I 2026-08-20 01:28:30,020] Trial 2396 finished with value: 0.5252989335818014 and parameters: {'k1': 0.00041604185139887964, 'D_low': 76.87611910709441, 'k2': 0.059255101880457565, 'D_high': 422802.7048359555, 'fire_exp': 2.5125201860956157, 'P_half': 952.4951728866092, 'pre_dampen_half': 4.19761872572694, 'gpp_af': 3.425703217011818, 'gpp_b': 0.0017217042687640326, 'gpp_d': 40.31728246783678, 'ign_k': 0.5690391406778056, 'ign_c': 0.22340868695416677, 'trop_agb_crit': 6.305844284832138, 'trop_k_veg': 5.998536179006626, 'pop_amp': 4.0805562227358205, 'pop_peak': 0.06309909933043854, 'pop_sig': 0.7914263634880508}. Best is trial 1128 with value: -0.620386984093161.
[I 2026-08-20 01:28:31,769] Trial 2397 finished with value: -0.5518490349451944 and parameters: {'k1': 0.00020163234330243253, 'D_low': 3.502970236195681, 'k2': 0.024037289337940655, 'D_high': 384356.78349269304, 'fire_exp': 1.5541593052758, 'P_half': 68.57438328176774, 'pre_dampen_half': 0.7694315821989021, 'gpp_af': 0.024759676844069455, 'gpp_b': 2.6169886094420233e-05, 'gpp_d': 76.68544224532853, 'ign_k': 0.029381462220301028, 'ign_c': 9.082372431454502, 'trop_agb_crit': 3.704564460713624, 'trop_k_veg': 2.639225545517073, 'pop_amp': 1.8609297772990365, 'pop_peak': 108.49888917703741, 'pop_sig': 0.7880079834105836}. Best is trial 1128 with value: -0.620386984093161.
[I 2026-08-20 01:28:33,504] Trial 2398 finished with value: 0.63205903217101 and parameters: {'k1': 0.00010934039837869754, 'D_low': 1.4147756692813034, 'k2': 0.015382876111391447, 'D_high': 116576.2457226861, 'fire_exp': 4.607478157923675, 'P_half': 9.077411615653205, 'pre_dampen_half': 0.3974834563158157, 'gpp_af': 0.0331902090749781, 'gpp_b': 1.885165039322869e-05, 'gpp_d': 300.4704576832254, 'ign_k': 1.4148757689607951, 'ign_c': 31.795926355524752, 'trop_agb_crit': 6.699161160630084, 'trop_k_veg': 0.9115003301587856, 'pop_amp': 10.930370493365318, 'pop_peak': 0.7530708458348505, 'pop_sig': 2.2645429340139303}. Best is trial 1128 with value: -0.620386984093161.
[I 2026-08-20 01:28:35,248] Trial 2399 finished with value: 0.5653337655933609 and parameters: {'k1': 0.0004092522353208003, 'D_low': 57.035927898759894, 'k2': 0.0001769397793102057, 'D_high': 143988.43216665776, 'fire_exp': 2.691469754826917, 'P_half': 458.3322885015335, 'pre_dampen_half': 0.17221650990810078, 'gpp_af': 0.06112491769217876, 'gpp_b': 4.693657580416677e-05, 'gpp_d': 461.8502994218449, 'ign_k': 6.004636445737152, 'ign_c': 3.0055445809840142, 'trop_agb_crit': 7.199915265003177, 'trop_k_veg': 5.278250721137362, 'pop_amp': 0.002830921040596104, 'pop_peak': 10.253995353436952, 'pop_sig': 1.0595547639132625}. Best is trial 1128 with value: -0.620386984093161.
