[I 2026-08-20 00:21:15,077] Trial 416 finished with value: 0.6419598666270101 and parameters: {'k1': 0.016051413480827625, 'D_low': 368395.2370215706, 'k2': 0.011988168970661019, 'D_high': 3327451.9604186467, 'fire_exp': 1.0199979850214251, 'P_half': 1.9505367858095215, 'pre_dampen_half': 144.80371540149628, 'gpp_af': 0.06463611367533602, 'gpp_b': 0.015110804306913968, 'gpp_d': 343.4115291460882, 'ign_k': 0.08043505553542325, 'ign_c': 1.7251465007424391, 'trop_agb_crit': 18.387306565455624, 'trop_k_veg': 3.8055489397723665, 'pop_amp': 0.01153431823327012, 'pop_peak': 0.0801943578491369, 'pop_sig': 0.6148756678653956}. Best is trial 274 with value: -0.604910391627968.
[I 2026-08-20 00:21:18,182] Trial 417 finished with value: 0.5829724678308161 and parameters: {'k1': 0.08478381825348451, 'D_low': 18906.002321434284, 'k2': 0.04287848036015684, 'D_high': 331955.82405768486, 'fire_exp': 2.216854283087258, 'P_half': 9.8335021580291, 'pre_dampen_half': 962.8620355092484, 'gpp_af': 0.026686523651457676, 'gpp_b': 0.0017701190850967653, 'gpp_d': 82.35885587915217, 'ign_k': 0.0038701058027042537, 'ign_c': 0.5380333592426262, 'trop_agb_crit': 29.208781945642176, 'trop_k_veg': 1.9595990008651267, 'pop_amp': 0.037110054304283324, 'pop_peak': 0.11016474828689092, 'pop_sig': 0.28739746749632267}. Best is trial 274 with value: -0.604910391627968.
[I 2026-08-20 00:21:21,233] Trial 418 finished with value: 0.4925607619903256 and parameters: {'k1': 0.007948006404847153, 'D_low': 76.13791247811618, 'k2': 0.00017129280648310995, 'D_high': 332921.2875118372, 'fire_exp': 5.169337783130717, 'P_half': 14.805986144450358, 'pre_dampen_half': 4.861287812415912, 'gpp_af': 0.00411051297687899, 'gpp_b': 3.874391919632349e-05, 'gpp_d': 90.50857407256382, 'ign_k': 0.26889111817961087, 'ign_c': 13.357184367239197, 'trop_agb_crit': 3.583385806295184, 'trop_k_veg': 1.1227677832011111, 'pop_amp': 0.04964571851590749, 'pop_peak': 14.171181716989999, 'pop_sig': 0.6713872973517316}. Best is trial 274 with value: -0.604910391627968.
[I 2026-08-20 00:21:24,254] Trial 419 finished with value: 0.5632867264814677 and parameters: {'k1': 0.008242718207010558, 'D_low': 7758.39474975069, 'k2': 0.007568047368131192, 'D_high': 806242.5088195321, 'fire_exp': 1.2315971254936864, 'P_half': 151.07883339950712, 'pre_dampen_half': 1.8975252837543457, 'gpp_af': 0.0061007301455188396, 'gpp_b': 0.004668937808654541, 'gpp_d': 118.4690373255325, 'ign_k': 0.0018252475757887282, 'ign_c': 0.7639999979902001, 'trop_agb_crit': 9.315026746838118, 'trop_k_veg': 0.8040030377523035, 'pop_amp': 1.3057914065576102, 'pop_peak': 20.870230217137724, 'pop_sig': 1.902328005973543}. Best is trial 274 with value: -0.604910391627968.
[I 2026-08-20 00:21:27,353] Trial 420 finished with value: 0.5978969411464883 and parameters: {'k1': 0.007897763392419063, 'D_low': 6157.3720327259, 'k2': 6.66701621610064e-05, 'D_high': 1782.0897608269097, 'fire_exp': 3.9744483599879934, 'P_half': 15.770562586247042, 'pre_dampen_half': 0.9780449093598813, 'gpp_af': 0.0026673868817924436, 'gpp_b': 3.6363035378641664e-05, 'gpp_d': 49.27215783414116, 'ign_k': 4.177904893247315, 'ign_c': 5.3452850789885265, 'trop_agb_crit': 13.018364911220273, 'trop_k_veg': 3.642478402966507, 'pop_amp': 0.05425293460123833, 'pop_peak': 2.1441244659131042, 'pop_sig': 1.9756458725215524}. Best is trial 274 with value: -0.604910391627968.
[I 2026-08-20 00:21:30,629] Trial 421 finished with value: 0.612223775702231 and parameters: {'k1': 0.0004463877108137225, 'D_low': 39.804804419786464, 'k2': 0.00111643655254752, 'D_high': 341777.7614696489, 'fire_exp': 4.389679544607956, 'P_half': 53.09341269895969, 'pre_dampen_half': 60.1870547546907, 'gpp_af': 0.1911634927980899, 'gpp_b': 0.7498501660341576, 'gpp_d': 2.1567309394896816, 'ign_k': 1.0535109275240477, 'ign_c': 0.35421304852499785, 'trop_agb_crit': 12.800148154558471, 'trop_k_veg': 5.968291578049111, 'pop_amp': 1.2502103121164054, 'pop_peak': 83.86457388158423, 'pop_sig': 0.8148358686222467}. Best is trial 274 with value: -0.604910391627968.
[I 2026-08-20 00:21:33,790] Trial 422 finished with value: 0.4720595281974058 and parameters: {'k1': 0.032387050711671375, 'D_low': 1254.9641062714384, 'k2': 0.0007338653441421252, 'D_high': 22379.793449209865, 'fire_exp': 5.283287407504691, 'P_half': 12.820300076180676, 'pre_dampen_half': 14.784493223119288, 'gpp_af': 0.11588199256777139, 'gpp_b': 1.553872426571379e-05, 'gpp_d': 99.97303620350908, 'ign_k': 2.847220413548417, 'ign_c': 0.4480693423378163, 'trop_agb_crit': 7.481449644246061, 'trop_k_veg': 1.5113537668218124, 'pop_amp': 1.3588469381263273, 'pop_peak': 66.77467741854339, 'pop_sig': 2.1834397316290453}. Best is trial 274 with value: -0.604910391627968.
[I 2026-08-20 00:21:36,904] Trial 423 finished with value: 0.5867598767093283 and parameters: {'k1': 0.003542369803727695, 'D_low': 32958.09854091261, 'k2': 0.00016701063551423934, 'D_high': 218085.184013918, 'fire_exp': 1.7654395399475822, 'P_half': 143.5549888835771, 'pre_dampen_half': 10.464740388340893, 'gpp_af': 0.003153183835269931, 'gpp_b': 0.00017123385892655796, 'gpp_d': 354.76606524069194, 'ign_k': 0.0016748956968639034, 'ign_c': 35.88094485946907, 'trop_agb_crit': 18.168988282619274, 'trop_k_veg': 1.4570950438555432, 'pop_amp': 1.0076222471744427, 'pop_peak': 46.355788147191845, 'pop_sig': 1.342358399410915}. Best is trial 274 with value: -0.604910391627968.
[I 2026-08-20 00:21:40,082] Trial 424 finished with value: 0.6109486759834363 and parameters: {'k1': 0.00011716792827034491, 'D_low': 1956.6876449591905, 'k2': 0.09463152125239105, 'D_high': 5382950.816036496, 'fire_exp': 1.307982754877024, 'P_half': 3572.644104820924, 'pre_dampen_half': 141.14221996568259, 'gpp_af': 0.4377802598627032, 'gpp_b': 0.00028227759834412424, 'gpp_d': 1.0746117329369906, 'ign_k': 0.9032935353593887, 'ign_c': 29.817680122560372, 'trop_agb_crit': 15.31255564891743, 'trop_k_veg': 3.0746970945646668, 'pop_amp': 0.01947366947305687, 'pop_peak': 3.556835297667629, 'pop_sig': 0.64325197010836}. Best is trial 274 with value: -0.604910391627968.
[I 2026-08-20 00:21:43,245] Trial 425 finished with value: 0.6147122181086427 and parameters: {'k1': 0.0021809104529781163, 'D_low': 6.27253793682474, 'k2': 0.009327509522543768, 'D_high': 558798.9725526877, 'fire_exp': 3.625499847811523, 'P_half': 109.04986618212187, 'pre_dampen_half': 0.949291625927823, 'gpp_af': 0.005393397695962823, 'gpp_b': 0.00013854414257128038, 'gpp_d': 390.73053551262063, 'ign_k': 8.797827643002579, 'ign_c': 27.793542286136887, 'trop_agb_crit': 17.580079850685774, 'trop_k_veg': 2.48599704040824, 'pop_amp': 0.009382673330310691, 'pop_peak': 0.07925683613934428, 'pop_sig': 0.8782247446472683}. Best is trial 274 with value: -0.604910391627968.
[I 2026-08-20 00:21:46,345] Trial 426 finished with value: 0.5238587664490233 and parameters: {'k1': 0.02930824544558949, 'D_low': 15370.282863339775, 'k2': 0.0011892813570763534, 'D_high': 1603508.58505693, 'fire_exp': 5.527181494422337, 'P_half': 7.291002628105959, 'pre_dampen_half': 41.163159702772305, 'gpp_af': 0.011932382047071628, 'gpp_b': 0.0014509970191511393, 'gpp_d': 107.7539533232852, 'ign_k': 0.5155187147648546, 'ign_c': 4.006848641540668, 'trop_agb_crit': 3.267175158339663, 'trop_k_veg': 3.324621773318301, 'pop_amp': 0.002166374322334997, 'pop_peak': 3.933075221567485, 'pop_sig': 0.9804745838423568}. Best is trial 274 with value: -0.604910391627968.
[I 2026-08-20 00:21:49,464] Trial 427 finished with value: -0.578578421744567 and parameters: {'k1': 3.4529715041292555e-05, 'D_low': 1614.6939493886605, 'k2': 0.02832341730658936, 'D_high': 558343.7853997088, 'fire_exp': 1.7412200710311778, 'P_half': 101.63364581116053, 'pre_dampen_half': 46.282899479527266, 'gpp_af': 0.023372844215981556, 'gpp_b': 0.0008781620654800147, 'gpp_d': 0.6150976530413721, 'ign_k': 3.46885067433053, 'ign_c': 10.479474866124688, 'trop_agb_crit': 11.254683565026943, 'trop_k_veg': 6.5541267806351176, 'pop_amp': 0.005234150142368068, 'pop_peak': 0.41218855667451837, 'pop_sig': 0.8178435416189012}. Best is trial 274 with value: -0.604910391627968.
[I 2026-08-20 00:21:52,676] Trial 428 finished with value: 0.5024644498988267 and parameters: {'k1': 0.0001582627688945482, 'D_low': 25678.726081856887, 'k2': 0.01983228406467603, 'D_high': 196617.3911820741, 'fire_exp': 1.4003371794763704, 'P_half': 132.38045328329443, 'pre_dampen_half': 35.356205899151945, 'gpp_af': 0.7224573359171366, 'gpp_b': 0.006673464103945704, 'gpp_d': 0.5158718578190996, 'ign_k': 9.93845547268365, 'ign_c': 1.3753361676694473, 'trop_agb_crit': 19.855523295739683, 'trop_k_veg': 7.912134228883216, 'pop_amp': 0.0014614501262445155, 'pop_peak': 0.130215359222647, 'pop_sig': 1.1808447926955925}. Best is trial 274 with value: -0.604910391627968.
[I 2026-08-20 00:21:55,811] Trial 429 finished with value: -0.5516192637999736 and parameters: {'k1': 2.9184579796468663e-05, 'D_low': 342.03546639598306, 'k2': 0.011383645615001377, 'D_high': 71748.18871617007, 'fire_exp': 1.2822929461282035, 'P_half': 29.159276976129146, 'pre_dampen_half': 14.01727112804458, 'gpp_af': 0.028254992687572165, 'gpp_b': 0.0001516761470898214, 'gpp_d': 0.2918926077329954, 'ign_k': 3.0374066110857467, 'ign_c': 18.02961286747333, 'trop_agb_crit': 3.9872396579248455, 'trop_k_veg': 5.986404580942134, 'pop_amp': 0.0016183868595600703, 'pop_peak': 0.14380719531676123, 'pop_sig': 0.6579421642253843}. Best is trial 274 with value: -0.604910391627968.
[I 2026-08-20 00:21:58,783] Trial 430 finished with value: 0.4304794969595045 and parameters: {'k1': 0.00023033269005029883, 'D_low': 154.17906601297602, 'k2': 0.03859253700472791, 'D_high': 851929.8090524956, 'fire_exp': 1.6237106372739514, 'P_half': 23.225042221886245, 'pre_dampen_half': 44.86780116376241, 'gpp_af': 0.02625996910799577, 'gpp_b': 2.510561976381403e-05, 'gpp_d': 1.8147862895063616, 'ign_k': 4.81852129924693, 'ign_c': 21.996174448656237, 'trop_agb_crit': 3.1364367811075047, 'trop_k_veg': 5.050496794396056, 'pop_amp': 0.003119756592471202, 'pop_peak': 0.3741336211709415, 'pop_sig': 0.5010177527468073}. Best is trial 274 with value: -0.604910391627968.
[I 2026-08-20 00:22:02,119] Trial 431 finished with value: 0.45042893291303765 and parameters: {'k1': 0.02738233462506855, 'D_low': 40.15269593165078, 'k2': 4.477700862765064e-05, 'D_high': 919557.8234826479, 'fire_exp': 2.510464948449141, 'P_half': 607.922092065135, 'pre_dampen_half': 0.0917823491591374, 'gpp_af': 59.600629586430465, 'gpp_b': 0.03613038783449371, 'gpp_d': 797.3024146034669, 'ign_k': 0.03260950916665473, 'ign_c': 1.3788689547304718, 'trop_agb_crit': 7.587028648041621, 'trop_k_veg': 0.5425692467917549, 'pop_amp': 19.805026969921197, 'pop_peak': 24.370102051034493, 'pop_sig': 1.239747544697444}. Best is trial 274 with value: -0.604910391627968.
[I 2026-08-20 00:22:05,552] Trial 432 finished with value: 0.5064840414406483 and parameters: {'k1': 4.231278698156307e-05, 'D_low': 198.97170085302935, 'k2': 0.011251685087354593, 'D_high': 8787845.998532338, 'fire_exp': 2.5115222434234465, 'P_half': 107.43354956160218, 'pre_dampen_half': 9.147565218622923, 'gpp_af': 0.08963432894086705, 'gpp_b': 0.00011700100857878348, 'gpp_d': 0.09976343325641934, 'ign_k': 1.5102122997748961, 'ign_c': 5.170405456267248, 'trop_agb_crit': 22.950955194516666, 'trop_k_veg': 7.693507197316737, 'pop_amp': 0.007105663289642562, 'pop_peak': 0.06779775220932716, 'pop_sig': 0.7411720898621641}. Best is trial 274 with value: -0.604910391627968.
[I 2026-08-20 00:22:08,634] Trial 433 finished with value: 0.4548235046038369 and parameters: {'k1': 2.7732119856546608e-05, 'D_low': 93.60809842149158, 'k2': 0.028317855336954783, 'D_high': 2670872.623015823, 'fire_exp': 1.0912817296090813, 'P_half': 175.96270650346926, 'pre_dampen_half': 11.632676042535296, 'gpp_af': 0.03438300941224938, 'gpp_b': 0.01003862858099472, 'gpp_d': 1.4311192836216102, 'ign_k': 2.9592164679571775, 'ign_c': 0.6033302031055104, 'trop_agb_crit': 6.265408347973422, 'trop_k_veg': 2.3414224821225407, 'pop_amp': 0.0010438967674660704, 'pop_peak': 0.0791923839146936, 'pop_sig': 0.44900764130803683}. Best is trial 274 with value: -0.604910391627968.
[I 2026-08-20 00:22:11,701] Trial 434 finished with value: 0.6445374145881376 and parameters: {'k1': 1.734906661733668e-05, 'D_low': 69.09357328660337, 'k2': 0.0004901771231838838, 'D_high': 87633.98135359136, 'fire_exp': 2.474804642347725, 'P_half': 114.66152157498527, 'pre_dampen_half': 52.153963197098484, 'gpp_af': 0.011127244618287034, 'gpp_b': 0.00018574893504895432, 'gpp_d': 1.1577068114625964, 'ign_k': 8.277664145238878, 'ign_c': 83.47227716342792, 'trop_agb_crit': 3.797399691744897, 'trop_k_veg': 7.725124675561855, 'pop_amp': 0.001175967266107899, 'pop_peak': 1.7478035964369831, 'pop_sig': 0.7117726155091585}. Best is trial 274 with value: -0.604910391627968.
[I 2026-08-20 00:22:14,817] Trial 435 finished with value: 0.5658355091713707 and parameters: {'k1': 0.08803838494085854, 'D_low': 30.87355059150123, 'k2': 0.00033310678393843154, 'D_high': 20534.131611778183, 'fire_exp': 9.74603633285437, 'P_half': 43.06057220766137, 'pre_dampen_half': 14.794203107542579, 'gpp_af': 0.006741837193179762, 'gpp_b': 0.0004994911034309472, 'gpp_d': 51.19459130107957, 'ign_k': 1.1917954148559793, 'ign_c': 1.4338529655480714, 'trop_agb_crit': 8.756387109832689, 'trop_k_veg': 1.7346608249246493, 'pop_amp': 0.027811698951830475, 'pop_peak': 4.303208974993778, 'pop_sig': 1.3627804565952049}. Best is trial 274 with value: -0.604910391627968.
[I 2026-08-20 00:22:17,727] Trial 436 finished with value: 0.46282913415874327 and parameters: {'k1': 0.0004731994055199244, 'D_low': 4345.926879614517, 'k2': 0.0001623833999921811, 'D_high': 1305771.382107256, 'fire_exp': 1.4466706412721497, 'P_half': 159.80829406529696, 'pre_dampen_half': 54.37713648719807, 'gpp_af': 0.0013889876643337477, 'gpp_b': 0.00014864058758270774, 'gpp_d': 676.6652674420952, 'ign_k': 0.011754160080608317, 'ign_c': 0.27935684870055416, 'trop_agb_crit': 21.895653941579706, 'trop_k_veg': 0.8513559609203588, 'pop_amp': 0.44793547607168527, 'pop_peak': 68.90556698748904, 'pop_sig': 1.7797838084181883}. Best is trial 274 with value: -0.604910391627968.
[I 2026-08-20 00:22:20,700] Trial 437 finished with value: 0.5238129216020275 and parameters: {'k1': 4.2792980896295496e-05, 'D_low': 1031.6130340479604, 'k2': 0.008717562238695306, 'D_high': 20634.728966227238, 'fire_exp': 1.5302593149654375, 'P_half': 591.3513778870246, 'pre_dampen_half': 190.87916851911461, 'gpp_af': 0.021518488150771967, 'gpp_b': 0.0008152686156136953, 'gpp_d': 0.7523516239246122, 'ign_k': 3.1363883775685637, 'ign_c': 16.359604976153015, 'trop_agb_crit': 11.249626109454063, 'trop_k_veg': 3.4923324281833072, 'pop_amp': 0.008350993719940627, 'pop_peak': 0.9107062938427911, 'pop_sig': 0.776095877868719}. Best is trial 274 with value: -0.604910391627968.
[I 2026-08-20 00:22:23,614] Trial 438 finished with value: 0.5817059374111383 and parameters: {'k1': 1.1702830456950119e-05, 'D_low': 624.5541483309579, 'k2': 0.043374800785450626, 'D_high': 1426381.4425047021, 'fire_exp': 2.3974005313368782, 'P_half': 922.2961875883332, 'pre_dampen_half': 1.117212266304897, 'gpp_af': 0.029947633582483868, 'gpp_b': 0.034992435924809315, 'gpp_d': 0.10486565740594889, 'ign_k': 0.4830821447984581, 'ign_c': 6.653127307547932, 'trop_agb_crit': 12.939923155334194, 'trop_k_veg': 4.172918851514683, 'pop_amp': 0.00137141604816672, 'pop_peak': 10.304695117905089, 'pop_sig': 0.4400208562021651}. Best is trial 274 with value: -0.604910391627968.
[I 2026-08-20 00:22:26,619] Trial 439 finished with value: 0.6624682181849103 and parameters: {'k1': 0.003186349045174467, 'D_low': 2198.8638460000348, 'k2': 2.284492152657526e-05, 'D_high': 803843.0095894812, 'fire_exp': 1.9943567090845704, 'P_half': 4.027478836569402, 'pre_dampen_half': 877.469375778215, 'gpp_af': 0.006096755740405366, 'gpp_b': 7.670331723677041e-05, 'gpp_d': 0.20046907425115812, 'ign_k': 0.07619389720931774, 'ign_c': 0.4556814404801906, 'trop_agb_crit': 22.182937241715344, 'trop_k_veg': 1.3237167926148092, 'pop_amp': 5.834695664511766, 'pop_peak': 29.81341457969522, 'pop_sig': 0.4160794436138087}. Best is trial 274 with value: -0.604910391627968.
[I 2026-08-20 00:22:29,556] Trial 440 finished with value: 0.5163320517574228 and parameters: {'k1': 0.006533772890382602, 'D_low': 2654.533107295996, 'k2': 0.0010279615364795268, 'D_high': 1929281.1407492028, 'fire_exp': 1.1908936006811905, 'P_half': 1062.4707079831828, 'pre_dampen_half': 0.8647822314694897, 'gpp_af': 0.020936242388253385, 'gpp_b': 0.00017192290161388972, 'gpp_d': 5.373373817909044, 'ign_k': 7.00139743901055, 'ign_c': 4.505362700388297, 'trop_agb_crit': 26.02958342605931, 'trop_k_veg': 3.817433639215507, 'pop_amp': 0.0015623579613624323, 'pop_peak': 0.4289103855872631, 'pop_sig': 0.8911592146452483}. Best is trial 274 with value: -0.604910391627968.
[I 2026-08-20 00:22:32,553] Trial 441 finished with value: 0.5291078543826517 and parameters: {'k1': 0.0002021731710849897, 'D_low': 2837.4049762850514, 'k2': 0.001979391148487743, 'D_high': 5356160.254792035, 'fire_exp': 6.078405660506481, 'P_half': 173.7842341754993, 'pre_dampen_half': 20.646491366514923, 'gpp_af': 0.004435585750385969, 'gpp_b': 0.00038304984308756585, 'gpp_d': 0.9035150465251758, 'ign_k': 5.730389789323505, 'ign_c': 0.12569596786652842, 'trop_agb_crit': 22.93539250638001, 'trop_k_veg': 0.8339727384976934, 'pop_amp': 5.168549509908735, 'pop_peak': 170.3649586197517, 'pop_sig': 0.3952381144488065}. Best is trial 274 with value: -0.604910391627968.
[I 2026-08-20 00:22:35,803] Trial 442 finished with value: -0.5476751926186567 and parameters: {'k1': 2.4170264200401517e-05, 'D_low': 27117.266952336282, 'k2': 0.004642080924559207, 'D_high': 412484.0855507052, 'fire_exp': 1.0128561149280626, 'P_half': 81.44649211076427, 'pre_dampen_half': 1.7484725231318181, 'gpp_af': 0.014507455218715758, 'gpp_b': 0.00015398774910509551, 'gpp_d': 6.084119493993521, 'ign_k': 3.1673890303577505, 'ign_c': 1.5553812358638157, 'trop_agb_crit': 19.82191476370638, 'trop_k_veg': 1.924885362516282, 'pop_amp': 0.015418814612485149, 'pop_peak': 14.151217862545165, 'pop_sig': 1.657098808355766}. Best is trial 274 with value: -0.604910391627968.
[I 2026-08-20 00:22:38,839] Trial 443 finished with value: 0.543923938866922 and parameters: {'k1': 0.02358099056963399, 'D_low': 2639.7334792520674, 'k2': 0.0057136340381105785, 'D_high': 1851648.2656860997, 'fire_exp': 6.406848946305809, 'P_half': 19.96426805620429, 'pre_dampen_half': 3.4561985505942157, 'gpp_af': 0.18957128244029056, 'gpp_b': 1.1994865290983099e-05, 'gpp_d': 60.22098927063808, 'ign_k': 0.07034485735698491, 'ign_c': 1.178772567881262, 'trop_agb_crit': 4.086267567076673, 'trop_k_veg': 2.799502366466572, 'pop_amp': 0.047435248302586455, 'pop_peak': 10.434403952429552, 'pop_sig': 1.221744204616933}. Best is trial 274 with value: -0.604910391627968.
[I 2026-08-20 00:22:41,911] Trial 444 finished with value: 0.6165539724691054 and parameters: {'k1': 5.401633025824797e-05, 'D_low': 143481.0883449149, 'k2': 0.0035382907394634648, 'D_high': 1376.2428353591904, 'fire_exp': 1.6912817104498439, 'P_half': 10.5586189585448, 'pre_dampen_half': 15.082820141392412, 'gpp_af': 0.022681183071031372, 'gpp_b': 0.00010074316782466831, 'gpp_d': 3.5163647339695436, 'ign_k': 2.0677193627264714, 'ign_c': 2.6818433693922294, 'trop_agb_crit': 22.15043046439678, 'trop_k_veg': 1.5417541793331986, 'pop_amp': 0.00884259975489071, 'pop_peak': 34.04768085981028, 'pop_sig': 1.8550899777961574}. Best is trial 274 with value: -0.604910391627968.
[I 2026-08-20 00:22:44,950] Trial 445 finished with value: 0.42469309031142455 and parameters: {'k1': 3.162996903175606e-05, 'D_low': 381.5856304057569, 'k2': 0.0034790897913809706, 'D_high': 469158.2968142222, 'fire_exp': 1.0246520355299316, 'P_half': 22.77560579839847, 'pre_dampen_half': 1.4746820332536943, 'gpp_af': 0.01338863180379929, 'gpp_b': 0.00017073609918632864, 'gpp_d': 29.150106485558737, 'ign_k': 1.177592774801138, 'ign_c': 0.997395272434048, 'trop_agb_crit': 20.114355732468375, 'trop_k_veg': 1.0684449090745811, 'pop_amp': 0.0123220151037104, 'pop_peak': 192.1346511332398, 'pop_sig': 1.1348360433856013}. Best is trial 274 with value: -0.604910391627968.
[I 2026-08-20 00:22:48,104] Trial 446 finished with value: 0.5375741716098822 and parameters: {'k1': 0.0007469497545332179, 'D_low': 398.9917516518533, 'k2': 0.004324773511510533, 'D_high': 1124551.8314106844, 'fire_exp': 2.3138478371611644, 'P_half': 3.4224705154565727, 'pre_dampen_half': 159.6840316862042, 'gpp_af': 0.0039024344999215384, 'gpp_b': 0.006236842705944843, 'gpp_d': 337.0997422176021, 'ign_k': 2.983834174896325, 'ign_c': 9.299295790459295, 'trop_agb_crit': 10.689743309069298, 'trop_k_veg': 1.1580796229736101, 'pop_amp': 1.0243379902331204, 'pop_peak': 317.53075700433686, 'pop_sig': 0.9169989292839745}. Best is trial 274 with value: -0.604910391627968.
[I 2026-08-20 00:22:51,162] Trial 447 finished with value: 0.5137843749026756 and parameters: {'k1': 0.00039690269348064506, 'D_low': 31.843967758203817, 'k2': 0.013211448867853122, 'D_high': 7738266.978294199, 'fire_exp': 2.747867439762798, 'P_half': 109.16077898042951, 'pre_dampen_half': 621.8847393393073, 'gpp_af': 0.00507907207739512, 'gpp_b': 1.1890249949505442e-05, 'gpp_d': 8.61043209161338, 'ign_k': 0.025360446153273455, 'ign_c': 4.9131866690938475, 'trop_agb_crit': 28.338244557137543, 'trop_k_veg': 4.616288669261108, 'pop_amp': 0.005062005810068121, 'pop_peak': 1.4418836506197144, 'pop_sig': 1.1852109814621872}. Best is trial 274 with value: -0.604910391627968.
