[I 2026-08-06 02:55:50,244] Trial 168 finished with values: [10.515390443610956, 10.515390443610956] and parameters: {'k1': 0.020843335294724204, 'D_low': 1.1815190690253212, 'k2': 0.030796093943652483, 'D_high': 53514.70428717441, 'fire_exp': 3.6739495096518757, 'P_half': 611.791298190052, 'pre_dampen_half': 409.7291907040473, 'gpp_af': 3.437107943937141, 'gpp_b': 8.226862854559943e-05, 'gpp_d': 7.6110013825922485, 'ign_k': 0.26721460136202413, 'ign_c': 4.97190343598288, 'gdp_gamma': 0.26978916993326096}.
[I 2026-08-06 02:55:51,767] Trial 169 finished with values: [10.06113620442073, 10.06113620442073] and parameters: {'k1': 0.002971796631657383, 'D_low': 1.1102341430568343, 'k2': 0.0007081721844034209, 'D_high': 9769.756791866093, 'fire_exp': 1.0881360604103363, 'P_half': 2.951922743391744, 'pre_dampen_half': 17.62185042369633, 'gpp_af': 5.37309347906743, 'gpp_b': 0.03163825999019024, 'gpp_d': 4.5768578731086835, 'ign_k': 0.031585104499228, 'ign_c': 0.6693990428538836, 'gdp_gamma': 0.057304083737274164}.
[I 2026-08-06 02:55:53,275] Trial 170 finished with values: [10.308637467101562, 10.308637467101562] and parameters: {'k1': 5.599831951695988e-05, 'D_low': 1.1065812688893482, 'k2': 0.0007081721844034209, 'D_high': 1072.6091927327825, 'fire_exp': 1.7474700151315987, 'P_half': 10.226988730324324, 'pre_dampen_half': 36.876350096203005, 'gpp_af': 0.002311080279955305, 'gpp_b': 6.626951320510577e-05, 'gpp_d': 0.05913077571285062, 'ign_k': 3.9817553053385444, 'ign_c': 13.500744867919364, 'gdp_gamma': 1.8068697350278546}.
[I 2026-08-06 02:55:54,716] Trial 171 finished with values: [10.769205196773473, 10.769205196773473] and parameters: {'k1': 0.002971796631657383, 'D_low': 29.89885508829526, 'k2': 0.0007081721844034209, 'D_high': 9769.756791866093, 'fire_exp': 7.479801584594695, 'P_half': 10.226988730324324, 'pre_dampen_half': 36.876350096203005, 'gpp_af': 0.002311080279955305, 'gpp_b': 0.0030742893625766146, 'gpp_d': 4.5768578731086835, 'ign_k': 0.002115412774188856, 'ign_c': 0.21948188038908775, 'gdp_gamma': 1.8068697350278546}.
[I 2026-08-06 02:55:56,293] Trial 172 finished with values: [10.76923076903347, 10.76923076903347] and parameters: {'k1': 0.008945150807271526, 'D_low': 3.4487261314487374, 'k2': 0.0027982272717049276, 'D_high': 476.8702722931377, 'fire_exp': 1.7690128577054818, 'P_half': 125.18753190194, 'pre_dampen_half': 61.550353610401785, 'gpp_af': 0.0011802321563258195, 'gpp_b': 0.36422282566934233, 'gpp_d': 0.016982953094030286, 'ign_k': 0.07696703458159235, 'ign_c': 264.14496454242203, 'gdp_gamma': 0.21027890193889434}.
[I 2026-08-06 02:55:57,772] Trial 173 finished with values: [10.657491303982338, 10.657491303982338] and parameters: {'k1': 0.008945150807271526, 'D_low': 164.97426799845456, 'k2': 0.0024527450543222412, 'D_high': 2523.8726750780193, 'fire_exp': 1.7690128577054818, 'P_half': 457.2426132532179, 'pre_dampen_half': 61.550353610401785, 'gpp_af': 0.0011802321563258195, 'gpp_b': 4.970909346198651e-05, 'gpp_d': 0.016982953094030286, 'ign_k': 0.0014551749476072258, 'ign_c': 264.14496454242203, 'gdp_gamma': 0.21027890193889434}.
[I 2026-08-06 02:55:59,290] Trial 174 finished with values: [10.644525855381875, 10.644525855381875] and parameters: {'k1': 0.05832560268546887, 'D_low': 35.02761367842313, 'k2': 8.923807143379776e-05, 'D_high': 41821.78526757458, 'fire_exp': 1.49751533581159, 'P_half': 338.23872019362165, 'pre_dampen_half': 0.03190729641440917, 'gpp_af': 37.3301495369561, 'gpp_b': 3.481277316673104e-05, 'gpp_d': 150.14555442537656, 'ign_k': 0.0019264360371306567, 'ign_c': 1.887567630782227, 'gdp_gamma': 0.6151184366315611}.
[I 2026-08-06 02:56:00,739] Trial 175 finished with values: [10.28620512523819, 10.28620512523819] and parameters: {'k1': 9.132348475718357e-05, 'D_low': 2.011190979341456, 'k2': 3.277320296937061e-05, 'D_high': 8182.111518618414, 'fire_exp': 1.0643782527174972, 'P_half': 1.2765717873951687, 'pre_dampen_half': 36.876350096203005, 'gpp_af': 0.1241231030920017, 'gpp_b': 0.028369067932328344, 'gpp_d': 1.2434469102435366, 'ign_k': 0.37424230019851973, 'ign_c': 6.807874826564585, 'gdp_gamma': 0.0037053826502857277}.
[I 2026-08-06 02:56:02,206] Trial 176 finished with values: [10.563595305000923, 10.563595305000923] and parameters: {'k1': 0.008945150807271526, 'D_low': 1.1815190690253212, 'k2': 0.030796093943652483, 'D_high': 53514.70428717441, 'fire_exp': 3.6739495096518757, 'P_half': 611.791298190052, 'pre_dampen_half': 409.7291907040473, 'gpp_af': 0.0011802321563258195, 'gpp_b': 4.970909346198651e-05, 'gpp_d': 0.016982953094030286, 'ign_k': 0.26721460136202413, 'ign_c': 4.97190343598288, 'gdp_gamma': 0.018397201887454705}.
[I 2026-08-06 02:56:03,705] Trial 177 finished with values: [10.769034584563018, 10.769034584563018] and parameters: {'k1': 0.002791367011873748, 'D_low': 1.1815190690253212, 'k2': 0.008471801418819975, 'D_high': 2481.0409748678126, 'fire_exp': 3.6739495096518757, 'P_half': 611.791298190052, 'pre_dampen_half': 0.0195172246414495, 'gpp_af': 3.437107943937141, 'gpp_b': 8.226862854559943e-05, 'gpp_d': 3.931773818605416, 'ign_k': 0.0012087541473056963, 'ign_c': 757.9479953347999, 'gdp_gamma': 0.559652086128564}.
[I 2026-08-06 02:56:05,233] Trial 178 finished with values: [10.67777718325656, 10.67777718325656] and parameters: {'k1': 0.004083047491580096, 'D_low': 148.10800730363493, 'k2': 5.415244119402538e-05, 'D_high': 32.52245757497283, 'fire_exp': 1.0727542652117925, 'P_half': 1.54121727098019, 'pre_dampen_half': 0.2858549394196191, 'gpp_af': 0.06323437159998231, 'gpp_b': 0.0011857788502887916, 'gpp_d': 304.7488318185732, 'ign_k': 1.2021930484915047, 'ign_c': 0.7299348683062306, 'gdp_gamma': 0.0037053826502857277}.
[I 2026-08-06 02:56:06,718] Trial 179 finished with values: [10.726624493610387, 10.726624493610387] and parameters: {'k1': 2.1947742689197327e-05, 'D_low': 1.6096330648219372, 'k2': 0.0013348071559960686, 'D_high': 1453.919918756155, 'fire_exp': 1.2621840161507252, 'P_half': 802.3527304678844, 'pre_dampen_half': 0.06782922325523653, 'gpp_af': 0.38150632410364566, 'gpp_b': 0.0008664406862241783, 'gpp_d': 94.60867797081394, 'ign_k': 0.0019264360371306567, 'ign_c': 89.56420301712052, 'gdp_gamma': 1.8068697350278546}.
[I 2026-08-06 02:56:08,210] Trial 180 finished with values: [10.652921735867654, 10.652921735867654] and parameters: {'k1': 0.002309786149269356, 'D_low': 655.1173063184817, 'k2': 7.10978791694274e-05, 'D_high': 1117.8209200698727, 'fire_exp': 1.0340574447037933, 'P_half': 380.79493367685603, 'pre_dampen_half': 8.904067307938409, 'gpp_af': 0.09145768948268033, 'gpp_b': 0.0020912794881839656, 'gpp_d': 482.66959687866415, 'ign_k': 0.003548818403010949, 'ign_c': 2.3134781612225597, 'gdp_gamma': 0.0023690787504551864}.
[I 2026-08-06 02:56:09,750] Trial 181 finished with values: [10.765403981649852, 10.765403981649852] and parameters: {'k1': 0.05463463664344406, 'D_low': 5038.184316297593, 'k2': 7.10978791694274e-05, 'D_high': 28.37606585434591, 'fire_exp': 1.0340574447037933, 'P_half': 2267.735223551285, 'pre_dampen_half': 8.904067307938409, 'gpp_af': 0.09145768948268033, 'gpp_b': 0.004215504256370331, 'gpp_d': 3.928170100232086, 'ign_k': 0.02471848607234944, 'ign_c': 3.94467125590353, 'gdp_gamma': 0.3862443158940324}.
[I 2026-08-06 02:56:11,208] Trial 182 finished with values: [10.675669042285437, 10.675669042285437] and parameters: {'k1': 1.2629989039319992e-05, 'D_low': 3795.8531426706395, 'k2': 0.004898620823554844, 'D_high': 48696.409415208946, 'fire_exp': 1.2260057359187524, 'P_half': 6.0803901902966, 'pre_dampen_half': 0.016832027985721906, 'gpp_af': 0.04233032996527596, 'gpp_b': 0.002148145718198267, 'gpp_d': 0.22737628102536853, 'ign_k': 0.43731009905162666, 'ign_c': 1.317454386434276, 'gdp_gamma': 1.419184741934841}.
[I 2026-08-06 02:56:12,716] Trial 183 finished with values: [10.76437076224076, 10.76437076224076] and parameters: {'k1': 0.0002191739661157602, 'D_low': 1627.0983114897251, 'k2': 1.0435856341129003e-05, 'D_high': 215.7727947769347, 'fire_exp': 2.5013167628643336, 'P_half': 7.724824966785975, 'pre_dampen_half': 16.009350908593582, 'gpp_af': 0.05391752791214327, 'gpp_b': 3.481277316673104e-05, 'gpp_d': 48.69745226446181, 'ign_k': 0.019192001101561888, 'ign_c': 46.798394497739366, 'gdp_gamma': 0.03115418639689001}.
[I 2026-08-06 02:56:14,234] Trial 184 finished with values: [-0.5264054361869063, 0.17866684085923734] and parameters: {'k1': 2.80643901112427e-05, 'D_low': 655.1173063184817, 'k2': 2.143851363193518e-05, 'D_high': 28975.337521324145, 'fire_exp': 1.0340574447037933, 'P_half': 10.755022125844455, 'pre_dampen_half': 14.711215379121963, 'gpp_af': 1.036956521675621, 'gpp_b': 0.004215504256370331, 'gpp_d': 331.7366635899375, 'ign_k': 0.038791280730284435, 'ign_c': 0.9580682294110432, 'gdp_gamma': 0.3862443158940324}.
[I 2026-08-06 02:56:15,725] Trial 185 finished with values: [10.768720042799051, 10.768720042799051] and parameters: {'k1': 0.0002191739661157602, 'D_low': 1627.0983114897251, 'k2': 1.0435856341129003e-05, 'D_high': 215.7727947769347, 'fire_exp': 2.5013167628643336, 'P_half': 36.07301614542843, 'pre_dampen_half': 0.277631464413544, 'gpp_af': 0.001339971723117972, 'gpp_b': 0.0012070331879029856, 'gpp_d': 545.0253444559129, 'ign_k': 0.35127047262708466, 'ign_c': 1.8089390092767128, 'gdp_gamma': 0.03115418639689001}.
[I 2026-08-06 02:56:17,197] Trial 186 finished with values: [10.76923076903347, 10.76923076903347] and parameters: {'k1': 0.0007284371265166888, 'D_low': 148.10800730363493, 'k2': 0.00014001191914113747, 'D_high': 32.52245757497283, 'fire_exp': 1.7305445383699507, 'P_half': 53.42937261279775, 'pre_dampen_half': 129.7187644086357, 'gpp_af': 0.06323437159998231, 'gpp_b': 0.0011857788502887916, 'gpp_d': 4.08522800366862, 'ign_k': 1.2021930484915047, 'ign_c': 46.798394497739366, 'gdp_gamma': 0.1138099269777268}.
[I 2026-08-06 02:56:18,719] Trial 187 finished with values: [10.613288056403983, 10.613288056403983] and parameters: {'k1': 0.002791367011873748, 'D_low': 1.1102341430568343, 'k2': 0.030796093943652483, 'D_high': 53514.70428717441, 'fire_exp': 1.7690128577054818, 'P_half': 611.791298190052, 'pre_dampen_half': 61.550353610401785, 'gpp_af': 0.0011802321563258195, 'gpp_b': 0.0013615584782003286, 'gpp_d': 0.016982953094030286, 'ign_k': 0.26721460136202413, 'ign_c': 4.97190343598288, 'gdp_gamma': 0.21027890193889434}.
[I 2026-08-06 02:56:20,226] Trial 188 finished with values: [-0.593208451363485, 0.2310000053659539] and parameters: {'k1': 0.00031489116479568613, 'D_low': 29.89885508829526, 'k2': 0.007519407491506672, 'D_high': 9769.756791866093, 'fire_exp': 1.4322493718230251, 'P_half': 1.2765717873951687, 'pre_dampen_half': 36.876350096203005, 'gpp_af': 21.42302175774105, 'gpp_b': 0.040428727350273294, 'gpp_d': 34.70266988650411, 'ign_k': 0.37424230019851973, 'ign_c': 6.807874826564585, 'gdp_gamma': 0.559652086128564}.
[I 2026-08-06 02:56:21,714] Trial 189 finished with values: [10.747621445248939, 10.747621445248939] and parameters: {'k1': 0.008945150807271526, 'D_low': 15.434297335162846, 'k2': 0.00234238498471129, 'D_high': 476.8702722931377, 'fire_exp': 1.4030510752388539, 'P_half': 125.18753190194, 'pre_dampen_half': 2.8878954427292407, 'gpp_af': 0.019553384550454234, 'gpp_b': 0.02502809770894037, 'gpp_d': 110.15056790269621, 'ign_k': 0.0014551749476072258, 'ign_c': 0.24586032763280052, 'gdp_gamma': 0.12327505909088289}.
[I 2026-08-06 02:56:23,195] Trial 190 finished with values: [10.769230658918516, 10.769230658918516] and parameters: {'k1': 7.068974950624602e-05, 'D_low': 2.907208890659844, 'k2': 0.06994589881535453, 'D_high': 164.80446427978976, 'fire_exp': 2.9926119250867225, 'P_half': 2.1698375693549488, 'pre_dampen_half': 20.81401325574021, 'gpp_af': 0.042258746449961686, 'gpp_b': 4.178096206039848, 'gpp_d': 15.409457762881532, 'ign_k': 0.029204338471814112, 'ign_c': 0.8400384914559786, 'gdp_gamma': 1.8068697350278546}.
[I 2026-08-06 02:56:24,691] Trial 191 finished with values: [10.769008080593409, 10.769008080593409] and parameters: {'k1': 0.05832560268546887, 'D_low': 35.02761367842313, 'k2': 0.06994589881535453, 'D_high': 16.796279878430507, 'fire_exp': 1.314673522286271, 'P_half': 2.951922743391744, 'pre_dampen_half': 0.03190729641440917, 'gpp_af': 5.37309347906743, 'gpp_b': 0.2485607686494646, 'gpp_d': 26.003623362924223, 'ign_k': 0.0019264360371306567, 'ign_c': 1.887567630782227, 'gdp_gamma': 0.7366679513906507}.
[I 2026-08-06 02:56:26,148] Trial 192 finished with values: [10.766193029976202, 10.766193029976202] and parameters: {'k1': 7.24038257246529e-05, 'D_low': 164.97426799845456, 'k2': 0.0001016707987819611, 'D_high': 241.42596390104578, 'fire_exp': 1.5191397119156032, 'P_half': 125.18753190194, 'pre_dampen_half': 0.01431909845816693, 'gpp_af': 0.10098504976210308, 'gpp_b': 4.970909346198651e-05, 'gpp_d': 0.016982953094030286, 'ign_k': 0.0014551749476072258, 'ign_c': 264.14496454242203, 'gdp_gamma': 0.0037053826502857277}.
[I 2026-08-06 02:56:27,635] Trial 193 finished with values: [10.425703045843065, 10.425703045843065] and parameters: {'k1': 2.9394634586259703e-05, 'D_low': 3.7322156377670694, 'k2': 0.06994589881535453, 'D_high': 2970.7920514735997, 'fire_exp': 1.8292120106239658, 'P_half': 2.1698375693549488, 'pre_dampen_half': 61.550353610401785, 'gpp_af': 0.0011802321563258195, 'gpp_b': 3.686869490609954e-05, 'gpp_d': 26.003623362924223, 'ign_k': 0.0019264360371306567, 'ign_c': 264.14496454242203, 'gdp_gamma': 1.8068697350278546}.
[I 2026-08-06 02:56:29,142] Trial 194 finished with values: [10.749670894953255, 10.749670894953255] and parameters: {'k1': 0.0016661988193989237, 'D_low': 240.0555343262036, 'k2': 0.060126084038369415, 'D_high': 16.796279878430507, 'fire_exp': 1.8108717155566076, 'P_half': 26.53937643936054, 'pre_dampen_half': 36.876350096203005, 'gpp_af': 58.91896867519531, 'gpp_b': 2.034955332746943e-05, 'gpp_d': 646.9381203459446, 'ign_k': 0.0014551749476072258, 'ign_c': 1.3894673469237204, 'gdp_gamma': 0.21027890193889434}.
[I 2026-08-06 02:56:30,728] Trial 195 finished with values: [10.291702556270995, 10.291702556270995] and parameters: {'k1': 6.0390962475457836e-05, 'D_low': 29.89885508829526, 'k2': 3.277320296937061e-05, 'D_high': 8182.111518618414, 'fire_exp': 1.0643782527174972, 'P_half': 1.2765717873951687, 'pre_dampen_half': 36.876350096203005, 'gpp_af': 0.1241231030920017, 'gpp_b': 0.028369067932328344, 'gpp_d': 1.2434469102435366, 'ign_k': 0.37424230019851973, 'ign_c': 6.807874826564585, 'gdp_gamma': 0.0037053826502857277}.
[I 2026-08-06 02:56:32,216] Trial 196 finished with values: [10.306370440100586, 10.306370440100586] and parameters: {'k1': 0.000985079068311927, 'D_low': 96.70857606743157, 'k2': 4.484744524732793e-05, 'D_high': 9769.756791866093, 'fire_exp': 1.0881360604103363, 'P_half': 1.2765717873951687, 'pre_dampen_half': 36.876350096203005, 'gpp_af': 29.925002022877802, 'gpp_b': 4.970909346198651e-05, 'gpp_d': 646.9381203459446, 'ign_k': 0.37424230019851973, 'ign_c': 6.807874826564585, 'gdp_gamma': 0.21027890193889434}.
[I 2026-08-06 02:56:33,722] Trial 197 finished with values: [10.35545764130399, 10.35545764130399] and parameters: {'k1': 0.0030285741098956273, 'D_low': 376.7022142229396, 'k2': 0.00043415680119616545, 'D_high': 16973.07853246701, 'fire_exp': 1.4322493718230251, 'P_half': 4.2070539502879365, 'pre_dampen_half': 36.876350096203005, 'gpp_af': 0.09145768948268033, 'gpp_b': 0.02052499618703749, 'gpp_d': 33.9790424311127, 'ign_k': 0.002115412774188856, 'ign_c': 11.37517159258865, 'gdp_gamma': 0.559652086128564}.
[I 2026-08-06 02:56:35,222] Trial 198 finished with values: [10.734720772689666, 10.734720772689666] and parameters: {'k1': 2.80643901112427e-05, 'D_low': 29.89885508829526, 'k2': 0.0007492772870670282, 'D_high': 1453.919918756155, 'fire_exp': 2.3971345318447237, 'P_half': 10.755022125844455, 'pre_dampen_half': 9.643046135735247, 'gpp_af': 0.38150632410364566, 'gpp_b': 0.010307896803108956, 'gpp_d': 150.14555442537656, 'ign_k': 0.002115412774188856, 'ign_c': 0.21948188038908775, 'gdp_gamma': 1.8068697350278546}.
[I 2026-08-06 02:56:36,717] Trial 199 finished with values: [10.64297689025111, 10.64297689025111] and parameters: {'k1': 0.002971796631657383, 'D_low': 3.7322156377670694, 'k2': 0.06994589881535453, 'D_high': 2970.7920514735997, 'fire_exp': 1.0881360604103363, 'P_half': 10.226988730324324, 'pre_dampen_half': 31.977584652685227, 'gpp_af': 0.002311080279955305, 'gpp_b': 0.011750724729953272, 'gpp_d': 26.003623362924223, 'ign_k': 0.0026834162496848666, 'ign_c': 0.6615437365561385, 'gdp_gamma': 0.057304083737274164}.
[I 2026-08-06 02:56:38,172] Trial 200 finished with values: [10.686717948290443, 10.686717948290443] and parameters: {'k1': 9.132348475718357e-05, 'D_low': 2.011190979341456, 'k2': 3.277320296937061e-05, 'D_high': 8182.111518618414, 'fire_exp': 1.0643782527174972, 'P_half': 10.226988730324324, 'pre_dampen_half': 0.028604435659156362, 'gpp_af': 0.1241231030920017, 'gpp_b': 2.2148920285054975e-05, 'gpp_d': 37.40930273158252, 'ign_k': 0.37424230019851973, 'ign_c': 6.807874826564585, 'gdp_gamma': 0.0037053826502857277}.
[I 2026-08-06 02:56:39,674] Trial 201 finished with values: [10.736995986163787, 10.736995986163787] and parameters: {'k1': 5.342106255632172e-05, 'D_low': 29.89885508829526, 'k2': 0.0010253722513378382, 'D_high': 84.88887549001709, 'fire_exp': 1.0881360604103363, 'P_half': 2799.899764723165, 'pre_dampen_half': 537.7461511565783, 'gpp_af': 34.069091670272684, 'gpp_b': 0.011750724729953272, 'gpp_d': 4.5768578731086835, 'ign_k': 0.0026834162496848666, 'ign_c': 32.42143344038314, 'gdp_gamma': 0.01707281957334682}.
[I 2026-08-06 02:56:41,198] Trial 202 finished with values: [10.666598394355841, 10.666598394355841] and parameters: {'k1': 2.9394634586259703e-05, 'D_low': 21.725789295023663, 'k2': 0.0007492772870670282, 'D_high': 45414.57206426163, 'fire_exp': 1.0881360604103363, 'P_half': 2.951922743391744, 'pre_dampen_half': 0.03879318293836391, 'gpp_af': 0.7631016235941565, 'gpp_b': 0.03163825999019024, 'gpp_d': 646.9381203459446, 'ign_k': 0.002115412774188856, 'ign_c': 1.3894673469237204, 'gdp_gamma': 1.8068697350278546}.
[I 2026-08-06 02:56:42,711] Trial 203 finished with values: [10.309023807131386, 10.309023807131386] and parameters: {'k1': 0.008945150807271526, 'D_low': 1.1815190690253212, 'k2': 0.030796093943652483, 'D_high': 1072.6091927327825, 'fire_exp': 5.90081778156971, 'P_half': 10.226988730324324, 'pre_dampen_half': 409.7291907040473, 'gpp_af': 0.0011802321563258195, 'gpp_b': 4.970909346198651e-05, 'gpp_d': 0.016982953094030286, 'ign_k': 0.26721460136202413, 'ign_c': 0.2669273116722895, 'gdp_gamma': 0.018397201887454705}.
[I 2026-08-06 02:56:44,220] Trial 204 finished with values: [10.717813194230256, 10.717813194230256] and parameters: {'k1': 1.2629989039319992e-05, 'D_low': 164.97426799845456, 'k2': 0.0007081721844034209, 'D_high': 6079.905434073399, 'fire_exp': 2.5642061910321017, 'P_half': 4.933751600448339, 'pre_dampen_half': 61.550353610401785, 'gpp_af': 0.0011802321563258195, 'gpp_b': 2.823752903022642e-05, 'gpp_d': 0.016982953094030286, 'ign_k': 0.0014551749476072258, 'ign_c': 81.80032418045731, 'gdp_gamma': 0.21027890193889434}.
[I 2026-08-06 02:56:45,745] Trial 205 finished with values: [10.474327454877134, 10.474327454877134] and parameters: {'k1': 0.00031489116479568613, 'D_low': 2.011190979341456, 'k2': 3.277320296937061e-05, 'D_high': 959.3239010535947, 'fire_exp': 1.4322493718230251, 'P_half': 3.591771421517613, 'pre_dampen_half': 16.009350908593582, 'gpp_af': 29.925002022877802, 'gpp_b': 0.0011857788502887916, 'gpp_d': 34.70266988650411, 'ign_k': 0.0026834162496848666, 'ign_c': 6.160975294741436, 'gdp_gamma': 0.559652086128564}.
[I 2026-08-06 02:56:47,257] Trial 206 finished with values: [10.767252214373114, 10.767252214373114] and parameters: {'k1': 2.80643901112427e-05, 'D_low': 29.89885508829526, 'k2': 2.143851363193518e-05, 'D_high': 28975.337521324145, 'fire_exp': 4.879804199446599, 'P_half': 4.933751600448339, 'pre_dampen_half': 14.711215379121963, 'gpp_af': 58.91896867519531, 'gpp_b': 0.004215504256370331, 'gpp_d': 331.7366635899375, 'ign_k': 0.054866764988160635, 'ign_c': 0.36093109267665474, 'gdp_gamma': 0.3862443158940324}.
[I 2026-08-06 02:56:48,781] Trial 207 finished with values: [-0.5169873397062508, 0.19823998761602546] and parameters: {'k1': 0.002971796631657383, 'D_low': 1.1102341430568343, 'k2': 0.0007081721844034209, 'D_high': 9769.756791866093, 'fire_exp': 1.314673522286271, 'P_half': 10.226988730324324, 'pre_dampen_half': 36.876350096203005, 'gpp_af': 0.05391752791214327, 'gpp_b': 0.0012070331879029856, 'gpp_d': 48.69745226446181, 'ign_k': 0.031585104499228, 'ign_c': 1.3894673469237204, 'gdp_gamma': 0.057304083737274164}.
[I 2026-08-06 02:56:50,245] Trial 208 finished with values: [10.561978148617342, 10.561978148617342] and parameters: {'k1': 9.67404566214593e-05, 'D_low': 29.89885508829526, 'k2': 2.143851363193518e-05, 'D_high': 9769.756791866093, 'fire_exp': 1.0340574447037933, 'P_half': 1889.771394135163, 'pre_dampen_half': 36.876350096203005, 'gpp_af': 1.036956521675621, 'gpp_b': 0.028369067932328344, 'gpp_d': 331.7366635899375, 'ign_k': 0.038791280730284435, 'ign_c': 0.9580682294110432, 'gdp_gamma': 0.057304083737274164}.
[I 2026-08-06 02:56:51,830] Trial 209 finished with values: [10.732198925873178, 10.732198925873178] and parameters: {'k1': 0.008945150807271526, 'D_low': 1.1102341430568343, 'k2': 0.0007492772870670282, 'D_high': 16.796279878430507, 'fire_exp': 3.6739495096518757, 'P_half': 26.53937643936054, 'pre_dampen_half': 99.32976199250976, 'gpp_af': 0.0011802321563258195, 'gpp_b': 8.226862854559943e-05, 'gpp_d': 646.9381203459446, 'ign_k': 0.26721460136202413, 'ign_c': 4.97190343598288, 'gdp_gamma': 0.26978916993326096}.
