[I 2026-08-20 00:50:28,170] Trial 1248 finished with value: 0.4374324702036855 and parameters: {'k1': 3.2515693508814486e-05, 'D_low': 1.4009520167441174, 'k2': 0.0115350360321781, 'D_high': 837858.1082415156, 'fire_exp': 7.144485661435071, 'P_half': 92.37722548203786, 'pre_dampen_half': 8.438299999556596, 'gpp_af': 0.14990314428933776, 'gpp_b': 0.0005680497935767664, 'gpp_d': 0.977227032451824, 'ign_k': 8.12824538412237, 'ign_c': 4.03076680825918, 'trop_agb_crit': 3.490449766423856, 'trop_k_veg': 3.4808935615728913, 'pop_amp': 9.395752320753822, 'pop_peak': 80.64088374214421, 'pop_sig': 1.3686018977665395}. Best is trial 1128 with value: -0.620386984093161.
[I 2026-08-20 00:50:30,052] Trial 1249 finished with value: 0.5208941124359194 and parameters: {'k1': 2.7484778590220345e-05, 'D_low': 5.575478982805757, 'k2': 0.03396114844233426, 'D_high': 8747497.668264057, 'fire_exp': 1.3751956444310616, 'P_half': 6032.843593248004, 'pre_dampen_half': 61.492609162504195, 'gpp_af': 0.039753716252865945, 'gpp_b': 0.000773497999304586, 'gpp_d': 0.8013268698038, 'ign_k': 4.2153006288038135, 'ign_c': 0.14524967416655699, 'trop_agb_crit': 1.8944471609565565, 'trop_k_veg': 1.9229742869918156, 'pop_amp': 4.533487680393491, 'pop_peak': 0.7184361716524722, 'pop_sig': 1.277288592563555}. Best is trial 1128 with value: -0.620386984093161.
[I 2026-08-20 00:50:31,908] Trial 1250 finished with value: 0.47945601702489316 and parameters: {'k1': 1.7630997347183267e-05, 'D_low': 3.5410695991489782, 'k2': 0.019779962242494002, 'D_high': 466338.1946897447, 'fire_exp': 1.2049421536830751, 'P_half': 1052.3910905037014, 'pre_dampen_half': 2.666475906764487, 'gpp_af': 0.02295679444641473, 'gpp_b': 0.0004874094812039452, 'gpp_d': 0.2780805224180552, 'ign_k': 4.716381490506142, 'ign_c': 2.3006893860174724, 'trop_agb_crit': 1.2384900926880027, 'trop_k_veg': 6.366202920284622, 'pop_amp': 1.0218750294899452, 'pop_peak': 1.967364524784582, 'pop_sig': 1.730064248322818}. Best is trial 1128 with value: -0.620386984093161.
[I 2026-08-20 00:50:34,084] Trial 1251 finished with value: -0.548711805705852 and parameters: {'k1': 0.07380168518357708, 'D_low': 1958.5047802387942, 'k2': 0.03252391939293681, 'D_high': 53736.981159251096, 'fire_exp': 2.6945398518814256, 'P_half': 1.0685570297877929, 'pre_dampen_half': 0.16751778177685897, 'gpp_af': 0.0191030766263619, 'gpp_b': 0.00019294791673967038, 'gpp_d': 0.36984938535619327, 'ign_k': 1.9515995711498029, 'ign_c': 7.267706402260716, 'trop_agb_crit': 4.670766212071973, 'trop_k_veg': 7.506964117086665, 'pop_amp': 7.658104115862373, 'pop_peak': 2.0373104265915547, 'pop_sig': 1.07061022742816}. Best is trial 1128 with value: -0.620386984093161.
[I 2026-08-20 00:50:35,940] Trial 1252 finished with value: 0.5885728781018248 and parameters: {'k1': 0.007078409719567167, 'D_low': 29362.806202714513, 'k2': 0.0013105846452044257, 'D_high': 2317783.9517944027, 'fire_exp': 1.6130472076611007, 'P_half': 404.527555966216, 'pre_dampen_half': 0.47636338329628836, 'gpp_af': 0.0028661131538091737, 'gpp_b': 0.0014946923233699861, 'gpp_d': 12.587248514387474, 'ign_k': 8.649323348308924, 'ign_c': 2.316104986273504, 'trop_agb_crit': 1.4703640227223331, 'trop_k_veg': 2.76121825886344, 'pop_amp': 3.4188766753193867, 'pop_peak': 29.490664401971166, 'pop_sig': 0.7239641209099902}. Best is trial 1128 with value: -0.620386984093161.
[I 2026-08-20 00:50:37,775] Trial 1253 finished with value: 0.5797403590011206 and parameters: {'k1': 0.00029003654256991334, 'D_low': 215.92359598745807, 'k2': 0.024667195283249847, 'D_high': 1194396.2275197408, 'fire_exp': 3.21992185489233, 'P_half': 4036.5757904044335, 'pre_dampen_half': 4.618756091996434, 'gpp_af': 0.148394551832251, 'gpp_b': 0.0014471124131255199, 'gpp_d': 65.07153003994536, 'ign_k': 0.5385662538131122, 'ign_c': 0.1190526457746131, 'trop_agb_crit': 20.26135700713821, 'trop_k_veg': 4.311769387337098, 'pop_amp': 1.7456401460716975, 'pop_peak': 1.0505972923223157, 'pop_sig': 1.6658542186591565}. Best is trial 1128 with value: -0.620386984093161.
[I 2026-08-20 00:50:39,618] Trial 1254 finished with value: 0.5492577509442879 and parameters: {'k1': 1.711183409163888e-05, 'D_low': 389.64506791577315, 'k2': 0.07440302458282247, 'D_high': 2337988.284998855, 'fire_exp': 1.4847308011510796, 'P_half': 652.1137505378138, 'pre_dampen_half': 8.265987881826025, 'gpp_af': 0.05049741132240039, 'gpp_b': 0.00036374734819339684, 'gpp_d': 0.042228937118429115, 'ign_k': 9.04353498349661, 'ign_c': 0.25458963931122347, 'trop_agb_crit': 1.9141592197328174, 'trop_k_veg': 7.116095443408588, 'pop_amp': 0.14036396435233034, 'pop_peak': 2.677727640698201, 'pop_sig': 1.8105457815032757}. Best is trial 1128 with value: -0.620386984093161.
[I 2026-08-20 00:50:41,505] Trial 1255 finished with value: 0.46770962384255776 and parameters: {'k1': 0.0011856851495993786, 'D_low': 1713.3689266847077, 'k2': 0.006986819886105612, 'D_high': 3645253.362154912, 'fire_exp': 4.889459270591372, 'P_half': 202.7183898757116, 'pre_dampen_half': 12.600184840701807, 'gpp_af': 0.748348230194595, 'gpp_b': 0.00627145342965888, 'gpp_d': 453.78106216993, 'ign_k': 2.1503984286396194, 'ign_c': 0.5915930550570258, 'trop_agb_crit': 23.017564936868077, 'trop_k_veg': 3.8527279688763785, 'pop_amp': 1.2662121865606246, 'pop_peak': 0.05913857694497083, 'pop_sig': 1.3169381833025178}. Best is trial 1128 with value: -0.620386984093161.
[I 2026-08-20 00:50:43,311] Trial 1256 finished with value: 0.5776274721574453 and parameters: {'k1': 0.000990504801706354, 'D_low': 2.753774917209491, 'k2': 0.049680423309010395, 'D_high': 6442242.347395753, 'fire_exp': 2.055100192922616, 'P_half': 338.7714752575344, 'pre_dampen_half': 0.23271364339979844, 'gpp_af': 0.021210264671006368, 'gpp_b': 0.047342503493092256, 'gpp_d': 0.0214717995255957, 'ign_k': 3.414902156752878, 'ign_c': 0.9825275036858995, 'trop_agb_crit': 4.019895952231735, 'trop_k_veg': 4.327441999108258, 'pop_amp': 8.353717338713889, 'pop_peak': 0.5893715322392197, 'pop_sig': 2.3659435984746464}. Best is trial 1128 with value: -0.620386984093161.
[I 2026-08-20 00:50:45,143] Trial 1257 finished with value: -0.5620701628386631 and parameters: {'k1': 0.00025398603825877537, 'D_low': 1931.2396872981838, 'k2': 0.011617069361918102, 'D_high': 8349458.782986863, 'fire_exp': 2.4640875136176743, 'P_half': 1.834379171889395, 'pre_dampen_half': 297.09583526456856, 'gpp_af': 0.001096026324692474, 'gpp_b': 0.00015154834857408064, 'gpp_d': 0.016600724256830096, 'ign_k': 0.719134473769075, 'ign_c': 8.880204556321642, 'trop_agb_crit': 1.3318928951372344, 'trop_k_veg': 3.4518596169826936, 'pop_amp': 0.020658066941602875, 'pop_peak': 7.279199470437063, 'pop_sig': 1.7062751933991054}. Best is trial 1128 with value: -0.620386984093161.
[I 2026-08-20 00:50:46,996] Trial 1258 finished with value: 0.5801045689903799 and parameters: {'k1': 0.00010722546589477209, 'D_low': 19449.53485119312, 'k2': 0.002599863051168404, 'D_high': 191197.13581837414, 'fire_exp': 1.5409599608013165, 'P_half': 3372.310675317809, 'pre_dampen_half': 0.813877782391608, 'gpp_af': 0.10292339898541772, 'gpp_b': 4.9623876671875816e-05, 'gpp_d': 0.9398073041779774, 'ign_k': 2.501125442206071, 'ign_c': 10.905105586040273, 'trop_agb_crit': 26.456635056812853, 'trop_k_veg': 3.5332252055896984, 'pop_amp': 0.0011924468809402608, 'pop_peak': 7.553113904019535, 'pop_sig': 0.5555078545467127}. Best is trial 1128 with value: -0.620386984093161.
[I 2026-08-20 00:50:48,893] Trial 1259 finished with value: 0.617153528715116 and parameters: {'k1': 0.0002822958561171282, 'D_low': 210827.98964574488, 'k2': 0.0016871964946804528, 'D_high': 5808032.607578206, 'fire_exp': 7.148132601302336, 'P_half': 3.2646490148253577, 'pre_dampen_half': 31.877486308630317, 'gpp_af': 0.31594501517417084, 'gpp_b': 0.0003207331967209236, 'gpp_d': 33.878207245324596, 'ign_k': 0.2826940799040627, 'ign_c': 3.645776609737055, 'trop_agb_crit': 6.464278083284951, 'trop_k_veg': 1.268114292681144, 'pop_amp': 1.5869848954054098, 'pop_peak': 0.9936658405735329, 'pop_sig': 0.5640533632584489}. Best is trial 1128 with value: -0.620386984093161.
[I 2026-08-20 00:50:50,724] Trial 1260 finished with value: 0.487194261942306 and parameters: {'k1': 0.006245524811959945, 'D_low': 78.53260785141354, 'k2': 0.011710934327795281, 'D_high': 1506639.6965452526, 'fire_exp': 2.7694438196127384, 'P_half': 2415.648796867703, 'pre_dampen_half': 7.8839416318535624, 'gpp_af': 1.612901422026176, 'gpp_b': 0.0007734825436703542, 'gpp_d': 684.7620513812553, 'ign_k': 0.1378424302281528, 'ign_c': 0.2379067039546284, 'trop_agb_crit': 9.762106804483754, 'trop_k_veg': 1.9561755487592805, 'pop_amp': 17.360253014420124, 'pop_peak': 0.6738057518822237, 'pop_sig': 0.9908336758706611}. Best is trial 1128 with value: -0.620386984093161.
[I 2026-08-20 00:50:52,556] Trial 1261 finished with value: 0.4220905798252301 and parameters: {'k1': 1.2820069364718741e-05, 'D_low': 30.76891468794104, 'k2': 0.007728751339801582, 'D_high': 2915214.77526821, 'fire_exp': 1.4874785284393335, 'P_half': 1405.1486913245199, 'pre_dampen_half': 0.4685264435656944, 'gpp_af': 0.03989643768142355, 'gpp_b': 1.5332989689205695e-05, 'gpp_d': 1.9275951111838, 'ign_k': 5.621538616975934, 'ign_c': 0.45832001094100855, 'trop_agb_crit': 1.606551861841526, 'trop_k_veg': 7.512913904737278, 'pop_amp': 19.519906898660548, 'pop_peak': 1.5584213996958645, 'pop_sig': 2.1126847137318396}. Best is trial 1128 with value: -0.620386984093161.
[I 2026-08-20 00:50:54,718] Trial 1262 finished with value: 0.5864039123331923 and parameters: {'k1': 0.0003289629628266473, 'D_low': 16884.09899283326, 'k2': 0.01428268713577909, 'D_high': 6316096.586897476, 'fire_exp': 1.9037116913620382, 'P_half': 925.3537420107386, 'pre_dampen_half': 1.0212901948758366, 'gpp_af': 0.003601338737614354, 'gpp_b': 0.010102526569948634, 'gpp_d': 0.08757796752658539, 'ign_k': 0.7563421704703799, 'ign_c': 0.4108544020421926, 'trop_agb_crit': 1.741701571552891, 'trop_k_veg': 6.814450529089097, 'pop_amp': 7.672024904011932, 'pop_peak': 4.955770612902983, 'pop_sig': 1.846155879288307}. Best is trial 1128 with value: -0.620386984093161.
[I 2026-08-20 00:50:56,535] Trial 1263 finished with value: 0.47266669051837096 and parameters: {'k1': 0.00014241025716186107, 'D_low': 4910.775012338791, 'k2': 0.0006119266244428478, 'D_high': 4885886.113091509, 'fire_exp': 1.9135367312631766, 'P_half': 113.77102494264517, 'pre_dampen_half': 0.39041457011012626, 'gpp_af': 0.05666957845266057, 'gpp_b': 0.0009689164127149367, 'gpp_d': 0.047766204438583725, 'ign_k': 0.4375669986620066, 'ign_c': 0.15566346648090734, 'trop_agb_crit': 1.4766536521936187, 'trop_k_veg': 7.250287392896079, 'pop_amp': 8.35229507505418, 'pop_peak': 0.5220618808155545, 'pop_sig': 0.6519932341652032}. Best is trial 1128 with value: -0.620386984093161.
[I 2026-08-20 00:50:58,376] Trial 1264 finished with value: 0.5030216820632187 and parameters: {'k1': 0.0183346664182434, 'D_low': 7.140434166324005, 'k2': 0.0018580928047046315, 'D_high': 1798519.817150524, 'fire_exp': 1.8450008091525352, 'P_half': 1043.0447796436133, 'pre_dampen_half': 7.007484179832779, 'gpp_af': 0.040185100970913476, 'gpp_b': 2.1198100284345104e-05, 'gpp_d': 2.6523195314415027, 'ign_k': 0.29237442689558957, 'ign_c': 10.531165601508809, 'trop_agb_crit': 3.0241583643734, 'trop_k_veg': 2.9078014276002606, 'pop_amp': 0.6749867451219494, 'pop_peak': 0.19676804895331965, 'pop_sig': 0.515023259615561}. Best is trial 1128 with value: -0.620386984093161.
[I 2026-08-20 00:51:00,172] Trial 1265 finished with value: 0.5841059088177478 and parameters: {'k1': 0.001249221131301475, 'D_low': 283.0821014382979, 'k2': 0.0018713571802661394, 'D_high': 9506990.021493932, 'fire_exp': 3.7642652626877213, 'P_half': 1946.6729260928748, 'pre_dampen_half': 16.44336042573329, 'gpp_af': 0.026152934185074844, 'gpp_b': 0.0020134107902284506, 'gpp_d': 883.9760258572882, 'ign_k': 0.6271184543081991, 'ign_c': 0.17226266151470213, 'trop_agb_crit': 5.298584739626253, 'trop_k_veg': 4.07376388738716, 'pop_amp': 2.796805333685821, 'pop_peak': 0.11595500036211233, 'pop_sig': 1.0392043386129157}. Best is trial 1128 with value: -0.620386984093161.
[I 2026-08-20 00:51:02,043] Trial 1266 finished with value: 0.556580474027089 and parameters: {'k1': 0.00015062356225776724, 'D_low': 1.8202648014938299, 'k2': 0.040500568019192745, 'D_high': 9850479.841485765, 'fire_exp': 1.024298645331527, 'P_half': 8.64842634413293, 'pre_dampen_half': 0.10753664186476235, 'gpp_af': 0.4833456216768066, 'gpp_b': 0.04669127209053633, 'gpp_d': 0.3226495547868236, 'ign_k': 0.05509638219045891, 'ign_c': 0.33073477006467666, 'trop_agb_crit': 1.3421290894234543, 'trop_k_veg': 1.516452683696046, 'pop_amp': 0.0777970453375496, 'pop_peak': 105.6102544562077, 'pop_sig': 0.520281133403941}. Best is trial 1128 with value: -0.620386984093161.
[I 2026-08-20 00:51:03,861] Trial 1267 finished with value: 0.6445374145881376 and parameters: {'k1': 0.0001706814138681411, 'D_low': 2434.932197479008, 'k2': 0.034988114937209276, 'D_high': 1349574.9417171085, 'fire_exp': 1.2419586474221553, 'P_half': 1.2344159915514676, 'pre_dampen_half': 11.838698342759878, 'gpp_af': 0.011235540549001175, 'gpp_b': 1.3437447579559246e-05, 'gpp_d': 0.022435786838609112, 'ign_k': 1.5234612792393867, 'ign_c': 125.50422705738569, 'trop_agb_crit': 11.222936875472845, 'trop_k_veg': 1.8033624785302225, 'pop_amp': 0.061743308700763506, 'pop_peak': 0.16417750510488135, 'pop_sig': 0.9701731760242459}. Best is trial 1128 with value: -0.620386984093161.
[I 2026-08-20 00:51:05,709] Trial 1268 finished with value: 0.43078042878725753 and parameters: {'k1': 0.0019089578112074241, 'D_low': 71.69496703132982, 'k2': 0.003588759595245629, 'D_high': 74550.01166267028, 'fire_exp': 1.7949112800386127, 'P_half': 303.2399913080162, 'pre_dampen_half': 0.21405990107668182, 'gpp_af': 0.06781494303793643, 'gpp_b': 6.588299431902564e-05, 'gpp_d': 0.998242475309553, 'ign_k': 1.0080294865512518, 'ign_c': 20.726509049669364, 'trop_agb_crit': 2.096667908605258, 'trop_k_veg': 7.799792158477854, 'pop_amp': 7.729353238710331, 'pop_peak': 2.0686309388175577, 'pop_sig': 0.774531399967479}. Best is trial 1128 with value: -0.620386984093161.
[I 2026-08-20 00:51:07,543] Trial 1269 finished with value: 0.4415338502394842 and parameters: {'k1': 0.00038878340659928925, 'D_low': 31.889646395768878, 'k2': 0.05735199047991347, 'D_high': 7920560.456942453, 'fire_exp': 1.2971881376815635, 'P_half': 4.2458979782619615, 'pre_dampen_half': 0.7219534909049498, 'gpp_af': 0.017383533305366763, 'gpp_b': 0.0003039268051724738, 'gpp_d': 2.8189737756374, 'ign_k': 0.009730491429068027, 'ign_c': 0.3305252991761804, 'trop_agb_crit': 3.3843795285675338, 'trop_k_veg': 2.2605581995260677, 'pop_amp': 5.022814404790204, 'pop_peak': 2.7616132234156208, 'pop_sig': 1.6995165443187092}. Best is trial 1128 with value: -0.620386984093161.
[I 2026-08-20 00:51:09,358] Trial 1270 finished with value: 0.5829740705199541 and parameters: {'k1': 4.274170338014141e-05, 'D_low': 812.9541394118933, 'k2': 0.0043327825164850755, 'D_high': 176833.45635911563, 'fire_exp': 1.1418361396170684, 'P_half': 3004.580210456127, 'pre_dampen_half': 0.3166627875242675, 'gpp_af': 0.0010048936504968512, 'gpp_b': 0.0021387760902870845, 'gpp_d': 0.9664310464080255, 'ign_k': 0.3719372412091098, 'ign_c': 27.799296639842865, 'trop_agb_crit': 1.3362889221630556, 'trop_k_veg': 3.853001022025779, 'pop_amp': 2.3962122412285423, 'pop_peak': 20.41623194971186, 'pop_sig': 1.2143404174848051}. Best is trial 1128 with value: -0.620386984093161.
[I 2026-08-20 00:51:11,185] Trial 1271 finished with value: 0.5547438768145354 and parameters: {'k1': 0.001699696434669932, 'D_low': 152.566983957354, 'k2': 0.0020007147213703543, 'D_high': 68045.36921013812, 'fire_exp': 4.2528654115311015, 'P_half': 12.545961493135023, 'pre_dampen_half': 95.18737830270533, 'gpp_af': 0.017780825567742093, 'gpp_b': 0.00748140679419261, 'gpp_d': 15.50402057343931, 'ign_k': 0.06891137364139244, 'ign_c': 1.6415224683205674, 'trop_agb_crit': 6.677845259696158, 'trop_k_veg': 2.5274343529645944, 'pop_amp': 0.19406695410617616, 'pop_peak': 5.67627981637677, 'pop_sig': 1.3366701247878692}. Best is trial 1128 with value: -0.620386984093161.
[I 2026-08-20 00:51:13,039] Trial 1272 finished with value: 0.5054812172136461 and parameters: {'k1': 0.00209503837558593, 'D_low': 60.57387795420867, 'k2': 0.006377662846853637, 'D_high': 147184.6916082455, 'fire_exp': 7.747146018750591, 'P_half': 109.83220466018977, 'pre_dampen_half': 10.841060891872557, 'gpp_af': 0.25737611283299433, 'gpp_b': 1.2922324708567064e-05, 'gpp_d': 530.2336417005541, 'ign_k': 2.127480237899429, 'ign_c': 0.21659251349186925, 'trop_agb_crit': 12.240130444980183, 'trop_k_veg': 4.413678889387731, 'pop_amp': 0.1796682729745964, 'pop_peak': 0.14947218112100613, 'pop_sig': 0.7087977217769194}. Best is trial 1128 with value: -0.620386984093161.
[I 2026-08-20 00:51:15,201] Trial 1273 finished with value: 0.4415784494236823 and parameters: {'k1': 0.016214812676692947, 'D_low': 191.7501446707437, 'k2': 0.09379260267334381, 'D_high': 1146533.2779988153, 'fire_exp': 1.1835615614842476, 'P_half': 8.006914563775227, 'pre_dampen_half': 0.9536252343452513, 'gpp_af': 0.16896146500744544, 'gpp_b': 0.00024188217796552465, 'gpp_d': 787.6830554215508, 'ign_k': 0.0027360075984641636, 'ign_c': 0.10210243990194783, 'trop_agb_crit': 4.165597607189814, 'trop_k_veg': 1.715363144760669, 'pop_amp': 2.4934448306295223, 'pop_peak': 73.29612490347446, 'pop_sig': 2.3594513495461555}. Best is trial 1128 with value: -0.620386984093161.
[I 2026-08-20 00:51:17,023] Trial 1274 finished with value: 0.4788210241674016 and parameters: {'k1': 0.0007593068512889441, 'D_low': 41.270005157208914, 'k2': 0.05276789836320037, 'D_high': 682972.6392089267, 'fire_exp': 1.722136434746035, 'P_half': 34.03771426007627, 'pre_dampen_half': 0.010473179139344932, 'gpp_af': 0.02007281562973516, 'gpp_b': 7.160386625194558e-05, 'gpp_d': 8.034126968872032, 'ign_k': 0.0073793074852419255, 'ign_c': 3.8171875988671444, 'trop_agb_crit': 1.1761100322356313, 'trop_k_veg': 1.0164635616449966, 'pop_amp': 7.327051501896356, 'pop_peak': 64.1481506316915, 'pop_sig': 1.0128008991120423}. Best is trial 1128 with value: -0.620386984093161.
[I 2026-08-20 00:51:18,921] Trial 1275 finished with value: 0.6445374145881376 and parameters: {'k1': 0.022345538342251368, 'D_low': 5361.8129002916385, 'k2': 2.0253450535627876e-05, 'D_high': 1016.5286627015228, 'fire_exp': 1.4333975854949195, 'P_half': 3315.633279077119, 'pre_dampen_half': 0.26597599633579483, 'gpp_af': 0.36240280570035704, 'gpp_b': 2.8952541499842295, 'gpp_d': 0.29705042650401725, 'ign_k': 0.15511821970273892, 'ign_c': 235.5785617401659, 'trop_agb_crit': 3.182965380885525, 'trop_k_veg': 2.7320125975821954, 'pop_amp': 0.006661780736659292, 'pop_peak': 305.46193263878047, 'pop_sig': 2.13611549661106}. Best is trial 1128 with value: -0.620386984093161.
[I 2026-08-20 00:51:20,742] Trial 1276 finished with value: 0.5184755501872875 and parameters: {'k1': 0.0010389982093951414, 'D_low': 49.470053448482794, 'k2': 0.016533583838897185, 'D_high': 6754186.268146779, 'fire_exp': 5.361995195013174, 'P_half': 331.41720020399947, 'pre_dampen_half': 235.99399707296323, 'gpp_af': 1.775011046208259, 'gpp_b': 0.0006443866307747686, 'gpp_d': 975.3034225033495, 'ign_k': 0.2005777863684712, 'ign_c': 0.22925696511915206, 'trop_agb_crit': 3.2127195589383954, 'trop_k_veg': 1.2679433583073465, 'pop_amp': 0.04068546578886385, 'pop_peak': 0.35636766497589983, 'pop_sig': 0.45182695825914254}. Best is trial 1128 with value: -0.620386984093161.
[I 2026-08-20 00:51:22,550] Trial 1277 finished with value: 0.4508017973921782 and parameters: {'k1': 0.0014627740412618687, 'D_low': 135.7059260642263, 'k2': 0.0005652892149796474, 'D_high': 9549986.65267924, 'fire_exp': 1.0281056551038186, 'P_half': 1215.6949295136242, 'pre_dampen_half': 1.0897285600274844, 'gpp_af': 0.005657391588525324, 'gpp_b': 0.00010027181308003867, 'gpp_d': 20.215229002669883, 'ign_k': 0.2919962382320602, 'ign_c': 7.624647403015599, 'trop_agb_crit': 3.0902913561522203, 'trop_k_veg': 7.319768662444392, 'pop_amp': 0.5216170957185602, 'pop_peak': 10.188868573427467, 'pop_sig': 0.9988271995265809}. Best is trial 1128 with value: -0.620386984093161.
[I 2026-08-20 00:51:24,382] Trial 1278 finished with value: 0.5483025458905801 and parameters: {'k1': 5.441381606915711e-05, 'D_low': 2066.811966593908, 'k2': 0.0025559851159917464, 'D_high': 5988810.1843593875, 'fire_exp': 1.3107928765478103, 'P_half': 1725.7782226560737, 'pre_dampen_half': 1.6128856449342304, 'gpp_af': 0.01717048049768829, 'gpp_b': 0.003835659343635358, 'gpp_d': 0.015274318235545837, 'ign_k': 0.8126175669230827, 'ign_c': 1.0971933901112516, 'trop_agb_crit': 4.372461925810159, 'trop_k_veg': 4.597715415774374, 'pop_amp': 3.7756195674462947, 'pop_peak': 19.42861551383263, 'pop_sig': 0.7139374545506313}. Best is trial 1128 with value: -0.620386984093161.
[I 2026-08-20 00:51:26,276] Trial 1279 finished with value: 0.6180086579825874 and parameters: {'k1': 0.006197627814480819, 'D_low': 17171.27617454919, 'k2': 0.021899346064091295, 'D_high': 8857823.478942737, 'fire_exp': 4.014521532015112, 'P_half': 551.4951009609659, 'pre_dampen_half': 126.3885911905464, 'gpp_af': 0.06712211713237025, 'gpp_b': 0.03886097261655465, 'gpp_d': 618.2570561411271, 'ign_k': 4.9448031289625884, 'ign_c': 1.1955785921417226, 'trop_agb_crit': 5.782617359659901, 'trop_k_veg': 1.9110815562980368, 'pop_amp': 0.7885428122304169, 'pop_peak': 0.0570517359171974, 'pop_sig': 0.2953973744642288}. Best is trial 1128 with value: -0.620386984093161.
