[I 2026-07-24 02:19:37,413] Trial 543 finished with value: 0.6445374145881376 and parameters: {'k1': 0.008333188308200594, 'D_low': 4940.568791961743, 'k2': 0.013568819011044236, 'D_high': 601.4557982181103, 'fire_exp': 1.8093361151697025, 'P_half': 44.23385059934898, 'pre_dampen_half': 1.3416562511742485, 'gpp_af': 1.1743708543841813, 'gpp_b': 0.16742389869741692, 'gpp_d': 636.535505207104, 'ign_k': 0.4980752429044122, 'ign_c': 3.1755552670772693, 'trop_agb_crit': 7.486881603609431, 'trop_k_veg': 1.7889175693325174, 'fuel_k': 0.5422869117168968, 'fuel_half': 0.8985911430158315}. Best is trial 0 with value: -0.6070628323553574.
[I 2026-07-24 02:19:37,863] Trial 544 finished with value: 0.44124881978409314 and parameters: {'k1': 0.018224680405328077, 'D_low': 3345.1517319320296, 'k2': 8.066577751768918e-05, 'D_high': 765641.2290131134, 'fire_exp': 1.6827671008246552, 'P_half': 1.4745684298892114, 'pre_dampen_half': 3.312215571534554, 'gpp_af': 0.27279315583090114, 'gpp_b': 0.0006248068703032706, 'gpp_d': 8.863095140051815, 'ign_k': 0.053164972357588644, 'ign_c': 14.910016038734405, 'trop_agb_crit': 3.852086546350413, 'trop_k_veg': 3.292898049688757, 'fuel_k': 5.734211786381265, 'fuel_half': 0.22446903434908658}. Best is trial 0 with value: -0.6070628323553574.
[I 2026-07-24 02:19:38,278] Trial 545 finished with value: 0.605855614139897 and parameters: {'k1': 4.384360470441621e-05, 'D_low': 14010.979140358164, 'k2': 0.00514477553656632, 'D_high': 2368550.602714074, 'fire_exp': 4.461085569232615, 'P_half': 3.7210998838570366, 'pre_dampen_half': 2.173227767004074, 'gpp_af': 40.94927504945877, 'gpp_b': 0.0090815414653023, 'gpp_d': 6.072493368273644, 'ign_k': 0.04248949499597238, 'ign_c': 5.352059866393914, 'trop_agb_crit': 9.027726588754225, 'trop_k_veg': 3.7080203756769827, 'fuel_k': 3.0725453413777375, 'fuel_half': 1.833337350743432}. Best is trial 0 with value: -0.6070628323553574.
[I 2026-07-24 02:19:38,692] Trial 546 finished with value: -0.5425716731412054 and parameters: {'k1': 1.6347982662218392e-05, 'D_low': 12631.084294610904, 'k2': 0.00038249567969404145, 'D_high': 125381.63855893048, 'fire_exp': 1.3981043349609978, 'P_half': 36.56673081686129, 'pre_dampen_half': 1.8859430013707452, 'gpp_af': 18.97736299832258, 'gpp_b': 2.8096382700449376, 'gpp_d': 58.74325072882063, 'ign_k': 2.8952673890039504, 'ign_c': 2.536529039011478, 'trop_agb_crit': 2.929929295119076, 'trop_k_veg': 2.6512992308065164, 'fuel_k': 2.5305319405782134, 'fuel_half': 0.21922871000462607}. Best is trial 0 with value: -0.6070628323553574.
[I 2026-07-24 02:19:39,111] Trial 547 finished with value: 0.5131158022591014 and parameters: {'k1': 0.00027427658787190616, 'D_low': 3.0875907027185985, 'k2': 1.3861385093654773e-05, 'D_high': 8405120.142680319, 'fire_exp': 1.1280882247456545, 'P_half': 60.64836219838681, 'pre_dampen_half': 0.0778151414291561, 'gpp_af': 19.09245429421645, 'gpp_b': 2.7255563399346445, 'gpp_d': 548.00583470895, 'ign_k': 0.0021929294109912143, 'ign_c': 0.4290305502432177, 'trop_agb_crit': 2.2861118620359404, 'trop_k_veg': 2.5911330082970263, 'fuel_k': 2.567268170625598, 'fuel_half': 0.27051241664320813}. Best is trial 0 with value: -0.6070628323553574.
[I 2026-07-24 02:19:39,529] Trial 548 finished with value: 0.5956123016785633 and parameters: {'k1': 0.0011361286499553586, 'D_low': 4.110829374081623, 'k2': 0.004476706080432861, 'D_high': 57300.27931541844, 'fire_exp': 6.026250523964553, 'P_half': 5214.747687366455, 'pre_dampen_half': 946.6414730228556, 'gpp_af': 0.002143426818995538, 'gpp_b': 3.094016251942387e-05, 'gpp_d': 180.95120069574062, 'ign_k': 1.905096939150879, 'ign_c': 11.42627383608698, 'trop_agb_crit': 13.01219430557195, 'trop_k_veg': 1.065603304212865, 'fuel_k': 1.1153030345222332, 'fuel_half': 0.2330218334299498}. Best is trial 0 with value: -0.6070628323553574.
[I 2026-07-24 02:19:39,941] Trial 549 finished with value: 0.4428461792346301 and parameters: {'k1': 0.0010174500643997015, 'D_low': 982.5693099135344, 'k2': 0.00544251266513639, 'D_high': 2045291.3711056928, 'fire_exp': 1.5959043550733092, 'P_half': 2.3787745179402426, 'pre_dampen_half': 1.1714089475201432, 'gpp_af': 1.223675567624578, 'gpp_b': 0.02952668055285132, 'gpp_d': 127.94158077827036, 'ign_k': 1.865396687625707, 'ign_c': 0.4119671660652749, 'trop_agb_crit': 11.934387755366776, 'trop_k_veg': 1.317317873423965, 'fuel_k': 3.9268724946904334, 'fuel_half': 0.7634531003175778}. Best is trial 0 with value: -0.6070628323553574.
[I 2026-07-24 02:19:40,353] Trial 550 finished with value: -0.5535481496373522 and parameters: {'k1': 0.0017882917286260705, 'D_low': 289.5208720327472, 'k2': 0.010115519163830206, 'D_high': 74391.26967709728, 'fire_exp': 3.427521812242129, 'P_half': 11.195447071864177, 'pre_dampen_half': 22.921603274312513, 'gpp_af': 0.5760059631388393, 'gpp_b': 0.12614712046394, 'gpp_d': 636.5533656614546, 'ign_k': 0.2611526343675302, 'ign_c': 0.49780720700189324, 'trop_agb_crit': 8.324696749202037, 'trop_k_veg': 1.3832932898157109, 'fuel_k': 0.36607591109456616, 'fuel_half': 0.5276976951836808}. Best is trial 0 with value: -0.6070628323553574.
[I 2026-07-24 02:19:40,775] Trial 551 finished with value: 0.5314767890795731 and parameters: {'k1': 0.0001247361072807233, 'D_low': 14.914839375087407, 'k2': 2.685424487231938e-05, 'D_high': 350318.7076365176, 'fire_exp': 1.0061523132232646, 'P_half': 8.52069119140103, 'pre_dampen_half': 0.03955742630493601, 'gpp_af': 1.2519959852960287, 'gpp_b': 0.008866950547512008, 'gpp_d': 564.6723649467458, 'ign_k': 0.004396742774759576, 'ign_c': 5.610184175306325, 'trop_agb_crit': 1.0702206071165923, 'trop_k_veg': 5.819611695615219, 'fuel_k': 0.8498617241060047, 'fuel_half': 0.13770219454709595}. Best is trial 0 with value: -0.6070628323553574.
[I 2026-07-24 02:19:41,187] Trial 552 finished with value: 0.6476469739167612 and parameters: {'k1': 0.006374121281027814, 'D_low': 2.265757967038098, 'k2': 4.735389642774314e-05, 'D_high': 4072858.641196187, 'fire_exp': 1.2633375170136603, 'P_half': 1.3890379142695917, 'pre_dampen_half': 13.734389367622795, 'gpp_af': 0.21599345248357824, 'gpp_b': 0.005001286545292626, 'gpp_d': 591.5678620850231, 'ign_k': 0.18032254866192152, 'ign_c': 94.5773061715889, 'trop_agb_crit': 5.157177918457538, 'trop_k_veg': 0.5902381452238155, 'fuel_k': 0.7896391085040695, 'fuel_half': 0.2117815956122502}. Best is trial 0 with value: -0.6070628323553574.
[I 2026-07-24 02:19:41,604] Trial 553 finished with value: 0.6445374145881376 and parameters: {'k1': 4.0003331600883e-05, 'D_low': 2.073960842178309, 'k2': 0.0022805864578700073, 'D_high': 7460568.520140582, 'fire_exp': 8.311114741809542, 'P_half': 17.232540415302335, 'pre_dampen_half': 2.2784121927223433, 'gpp_af': 0.021307233287125124, 'gpp_b': 3.922023153376019e-05, 'gpp_d': 16.40636288953367, 'ign_k': 5.587821735259562, 'ign_c': 173.92387101346296, 'trop_agb_crit': 18.49057809343058, 'trop_k_veg': 0.6814599804999768, 'fuel_k': 2.9597359332068147, 'fuel_half': 0.8469360328207515}. Best is trial 0 with value: -0.6070628323553574.
[I 2026-07-24 02:19:42,024] Trial 554 finished with value: 0.5777407711680933 and parameters: {'k1': 0.003934967687559492, 'D_low': 7.856460824917845, 'k2': 0.009356718765638962, 'D_high': 205372.83171375157, 'fire_exp': 6.491420254223629, 'P_half': 85.21839349153633, 'pre_dampen_half': 0.8936528684677824, 'gpp_af': 12.115438870287704, 'gpp_b': 0.02988736483574831, 'gpp_d': 13.32244913533545, 'ign_k': 0.18194970135962288, 'ign_c': 0.6174211929235671, 'trop_agb_crit': 5.119179049140945, 'trop_k_veg': 1.049515407058909, 'fuel_k': 0.8497277734596304, 'fuel_half': 1.5952015147038325}. Best is trial 0 with value: -0.6070628323553574.
[I 2026-07-24 02:19:42,438] Trial 555 finished with value: 0.5223716021321376 and parameters: {'k1': 0.0039409796851936725, 'D_low': 2.7571960133228566, 'k2': 0.003152183628414073, 'D_high': 4939334.346569918, 'fire_exp': 3.5225747628751516, 'P_half': 44.653569235865575, 'pre_dampen_half': 6.428646141064625, 'gpp_af': 1.7748305063470164, 'gpp_b': 0.03629779075874182, 'gpp_d': 2.8626240047252924, 'ign_k': 0.16558185437352452, 'ign_c': 0.15915267858048948, 'trop_agb_crit': 4.090771217850587, 'trop_k_veg': 1.7164153068116375, 'fuel_k': 0.3271585406300373, 'fuel_half': 0.23732458363114506}. Best is trial 0 with value: -0.6070628323553574.
[I 2026-07-24 02:19:42,851] Trial 556 finished with value: 0.4175394407201931 and parameters: {'k1': 0.004149830384191626, 'D_low': 20.590944926763996, 'k2': 0.0006582607720461995, 'D_high': 980926.714893919, 'fire_exp': 2.6053061510277553, 'P_half': 4.370461892622016, 'pre_dampen_half': 1.7279443744615268, 'gpp_af': 4.025983975553298, 'gpp_b': 0.002466822773558187, 'gpp_d': 18.77338854911269, 'ign_k': 2.135123748114853, 'ign_c': 4.1543463864385375, 'trop_agb_crit': 4.608083293253191, 'trop_k_veg': 1.8079101455584845, 'fuel_k': 0.7329851587348046, 'fuel_half': 0.28815759572796423}. Best is trial 0 with value: -0.6070628323553574.
[I 2026-07-24 02:19:43,262] Trial 557 finished with value: 0.5878488072392554 and parameters: {'k1': 0.000169997066465816, 'D_low': 5115.750832920087, 'k2': 0.0015259794063481403, 'D_high': 998961.9786665313, 'fire_exp': 4.360732225357744, 'P_half': 46.6023509836181, 'pre_dampen_half': 8.145090927576902, 'gpp_af': 6.152813558070194, 'gpp_b': 3.408217249977671, 'gpp_d': 377.01122401037696, 'ign_k': 0.09907593392951909, 'ign_c': 2.464491556471471, 'trop_agb_crit': 15.805279536759423, 'trop_k_veg': 1.3919968774366225, 'fuel_k': 0.24003428340334293, 'fuel_half': 0.49171756604375827}. Best is trial 0 with value: -0.6070628323553574.
[I 2026-07-24 02:19:43,672] Trial 558 finished with value: 0.598284448913647 and parameters: {'k1': 0.0007560354073224784, 'D_low': 10171.390186717299, 'k2': 0.012153137272308321, 'D_high': 61320.23508801735, 'fire_exp': 2.928888642745962, 'P_half': 9.102887767616226, 'pre_dampen_half': 0.04953396448293528, 'gpp_af': 1.0927227347116217, 'gpp_b': 0.21661546448302735, 'gpp_d': 7.300923542174755, 'ign_k': 0.11297869807084858, 'ign_c': 14.473968847884269, 'trop_agb_crit': 7.452821607713797, 'trop_k_veg': 2.726177178751045, 'fuel_k': 0.3179342061546974, 'fuel_half': 0.3422255026726801}. Best is trial 0 with value: -0.6070628323553574.
[I 2026-07-24 02:19:44,083] Trial 559 finished with value: 0.6534349879615026 and parameters: {'k1': 0.019405389907216467, 'D_low': 2.021796406921071, 'k2': 0.0004562945326609166, 'D_high': 7308465.0526091065, 'fire_exp': 4.316667072468467, 'P_half': 260.95596069506337, 'pre_dampen_half': 91.92329732600605, 'gpp_af': 0.008984755007935703, 'gpp_b': 1.489273037197236e-05, 'gpp_d': 86.5085617269937, 'ign_k': 1.4557622301015436, 'ign_c': 35.45406253624111, 'trop_agb_crit': 12.964518985747299, 'trop_k_veg': 3.364178135865727, 'fuel_k': 2.1824994533119773, 'fuel_half': 0.992552859446774}. Best is trial 0 with value: -0.6070628323553574.
[I 2026-07-24 02:19:44,501] Trial 560 finished with value: 0.5449271077062885 and parameters: {'k1': 0.0015286838999309872, 'D_low': 101.99832035299777, 'k2': 0.001228882948493664, 'D_high': 1081728.507088398, 'fire_exp': 2.1160452989203127, 'P_half': 1.0646246120273588, 'pre_dampen_half': 18.157561960967, 'gpp_af': 8.03553580056489, 'gpp_b': 0.16509616294420182, 'gpp_d': 2.425171690517906, 'ign_k': 0.14873384690695088, 'ign_c': 9.05321183861284, 'trop_agb_crit': 6.501426140319117, 'trop_k_veg': 1.717153063450209, 'fuel_k': 2.0790818464868104, 'fuel_half': 4.886415325389552}. Best is trial 0 with value: -0.6070628323553574.
[I 2026-07-24 02:19:44,915] Trial 561 finished with value: 0.5800889048104899 and parameters: {'k1': 0.009278225802702746, 'D_low': 103.32165439188626, 'k2': 0.0004284548822299147, 'D_high': 361459.7653424968, 'fire_exp': 5.685629963102513, 'P_half': 2012.9351573728206, 'pre_dampen_half': 10.583070025897522, 'gpp_af': 0.4626272095142717, 'gpp_b': 2.961633823784271e-05, 'gpp_d': 580.7750179353704, 'ign_k': 2.506078390744168, 'ign_c': 3.547403560660998, 'trop_agb_crit': 20.739766714584242, 'trop_k_veg': 1.7338613423382507, 'fuel_k': 2.5812053332475364, 'fuel_half': 0.23802439636761408}. Best is trial 0 with value: -0.6070628323553574.
[I 2026-07-24 02:19:45,327] Trial 562 finished with value: 0.446990247481568 and parameters: {'k1': 0.00018169862134884233, 'D_low': 18624.28677301892, 'k2': 0.007538243604928, 'D_high': 778483.0040716503, 'fire_exp': 1.7538523642444743, 'P_half': 1.4585718737922195, 'pre_dampen_half': 10.093143867538275, 'gpp_af': 3.857091826279186, 'gpp_b': 0.04440109991267093, 'gpp_d': 105.73716877360606, 'ign_k': 1.987973971875171, 'ign_c': 0.49383429293183306, 'trop_agb_crit': 3.5074751422772734, 'trop_k_veg': 4.434730465062359, 'fuel_k': 1.5424334713420644, 'fuel_half': 0.16937809245063282}. Best is trial 0 with value: -0.6070628323553574.
[I 2026-07-24 02:19:45,738] Trial 563 finished with value: 0.6445374145881376 and parameters: {'k1': 0.032431307092534396, 'D_low': 342970.1761204413, 'k2': 0.03287700596049658, 'D_high': 12606.613964814538, 'fire_exp': 4.868487909696471, 'P_half': 17.95741304231093, 'pre_dampen_half': 6.871328882411585, 'gpp_af': 0.1711420395378276, 'gpp_b': 0.028847136860971925, 'gpp_d': 85.09969392364364, 'ign_k': 0.07835956813031968, 'ign_c': 4.094466680782887, 'trop_agb_crit': 5.4021080042350755, 'trop_k_veg': 3.02691788163237, 'fuel_k': 0.7393982738695449, 'fuel_half': 0.15112682583002635}. Best is trial 0 with value: -0.6070628323553574.
[I 2026-07-24 02:19:46,152] Trial 564 finished with value: 0.5777104019873852 and parameters: {'k1': 0.0013526996882747705, 'D_low': 175.6511545797154, 'k2': 0.021062981408169083, 'D_high': 7661.269081151032, 'fire_exp': 3.0963034706761183, 'P_half': 81.79048087734542, 'pre_dampen_half': 2.1199841846984326, 'gpp_af': 24.064120625643337, 'gpp_b': 0.0045853306301859706, 'gpp_d': 187.01922545166806, 'ign_k': 0.1089069091087858, 'ign_c': 6.705924339021516, 'trop_agb_crit': 22.6392330656987, 'trop_k_veg': 0.9712405999874751, 'fuel_k': 4.090704051196394, 'fuel_half': 0.9547634665996622}. Best is trial 0 with value: -0.6070628323553574.
[I 2026-07-24 02:19:46,564] Trial 565 finished with value: 0.48155830306094893 and parameters: {'k1': 0.0023801463393296027, 'D_low': 254.41152694639626, 'k2': 2.7982305429343794e-05, 'D_high': 252914.1960192565, 'fire_exp': 1.1578469959431603, 'P_half': 1.0573188016268587, 'pre_dampen_half': 0.25694964380716706, 'gpp_af': 11.900412961141724, 'gpp_b': 2.5197010718635424e-05, 'gpp_d': 665.3478598835255, 'ign_k': 0.10126135981610886, 'ign_c': 32.94993537718989, 'trop_agb_crit': 1.5750986084694885, 'trop_k_veg': 1.872885673168236, 'fuel_k': 4.4904320957157715, 'fuel_half': 0.30892894798658155}. Best is trial 0 with value: -0.6070628323553574.
[I 2026-07-24 02:19:46,977] Trial 566 finished with value: 0.5007235785743592 and parameters: {'k1': 0.00028922234277533655, 'D_low': 832.4734300922613, 'k2': 0.01808962838337895, 'D_high': 1847700.040111645, 'fire_exp': 5.049363620250453, 'P_half': 9.64301914142132, 'pre_dampen_half': 8.722705698181322, 'gpp_af': 1.5278715935283387, 'gpp_b': 0.00033473891794503065, 'gpp_d': 0.9812014552776387, 'ign_k': 0.15480498110198543, 'ign_c': 0.18010146431355364, 'trop_agb_crit': 5.020428246058147, 'trop_k_veg': 1.3354777268230862, 'fuel_k': 0.472375440359041, 'fuel_half': 0.1276392640206435}. Best is trial 0 with value: -0.6070628323553574.
[I 2026-07-24 02:19:47,393] Trial 567 finished with value: -0.5812684396844924 and parameters: {'k1': 0.0006030465388787343, 'D_low': 429.77673257188866, 'k2': 0.0005079650753032447, 'D_high': 4139613.2244170457, 'fire_exp': 1.1797867388239902, 'P_half': 1.012759779579705, 'pre_dampen_half': 0.3612787519575122, 'gpp_af': 2.7590877080196816, 'gpp_b': 0.0018348415950569538, 'gpp_d': 11.8008728805127, 'ign_k': 0.37329550865091665, 'ign_c': 2.5090791302514632, 'trop_agb_crit': 4.947662240061736, 'trop_k_veg': 1.5431941986011755, 'fuel_k': 0.7800680859333176, 'fuel_half': 0.9709350257543432}. Best is trial 0 with value: -0.6070628323553574.
[I 2026-07-24 02:19:47,803] Trial 568 finished with value: 0.6154434106823045 and parameters: {'k1': 0.00010466558512102969, 'D_low': 111.78594745089539, 'k2': 0.033304167159197075, 'D_high': 1947.1966116710855, 'fire_exp': 2.2973915410917054, 'P_half': 1.8804807422001744, 'pre_dampen_half': 5.553836446682959, 'gpp_af': 49.316032962822476, 'gpp_b': 0.33744465829195686, 'gpp_d': 30.741569088496416, 'ign_k': 0.2830989523748099, 'ign_c': 8.036753776657298, 'trop_agb_crit': 2.1490235236826853, 'trop_k_veg': 4.6980583705830306, 'fuel_k': 0.7078008477746852, 'fuel_half': 0.33429895071748383}. Best is trial 0 with value: -0.6070628323553574.
[I 2026-07-24 02:19:48,220] Trial 569 finished with value: 0.6555513134435863 and parameters: {'k1': 0.003428866995833486, 'D_low': 157.08902867207527, 'k2': 0.004807769705305469, 'D_high': 115787.41625648877, 'fire_exp': 2.999953305103858, 'P_half': 2.8704430816218824, 'pre_dampen_half': 221.14758592820917, 'gpp_af': 0.15718958717837433, 'gpp_b': 6.73150002401519e-05, 'gpp_d': 6.627755065428184, 'ign_k': 0.3473950316671909, 'ign_c': 0.46011193704397624, 'trop_agb_crit': 6.776048282790185, 'trop_k_veg': 1.0009740778601446, 'fuel_k': 3.4042892549532726, 'fuel_half': 0.22408048208502174}. Best is trial 0 with value: -0.6070628323553574.
[I 2026-07-24 02:19:48,636] Trial 570 finished with value: 0.47361128147554876 and parameters: {'k1': 0.0003181039622457114, 'D_low': 1.5460406296476477, 'k2': 1.9473661528005482e-05, 'D_high': 7130500.950459775, 'fire_exp': 1.236338036930223, 'P_half': 10.260924392012521, 'pre_dampen_half': 0.08082085326754945, 'gpp_af': 14.918230773051885, 'gpp_b': 0.007762861060515715, 'gpp_d': 144.67634754999386, 'ign_k': 0.005238387553944787, 'ign_c': 3.2664357217236044, 'trop_agb_crit': 1.9233632018303735, 'trop_k_veg': 7.925000127531589, 'fuel_k': 2.75121021124708, 'fuel_half': 0.11879349724812177}. Best is trial 0 with value: -0.6070628323553574.
[I 2026-07-24 02:19:49,052] Trial 571 finished with value: -0.5864222579054975 and parameters: {'k1': 0.0035913593633526576, 'D_low': 322.37059596664153, 'k2': 0.013688176856127197, 'D_high': 3554543.926762832, 'fire_exp': 3.521474905969747, 'P_half': 4.545480047721239, 'pre_dampen_half': 5.370474849561865, 'gpp_af': 0.4934954064345012, 'gpp_b': 0.003509460526620947, 'gpp_d': 17.46972734096709, 'ign_k': 0.9069876764537448, 'ign_c': 7.669619570640821, 'trop_agb_crit': 7.998324690411283, 'trop_k_veg': 0.7034283321389329, 'fuel_k': 0.681775874944516, 'fuel_half': 0.7263920178788005}. Best is trial 0 with value: -0.6070628323553574.
[I 2026-07-24 02:19:49,465] Trial 572 finished with value: -0.5635355348297928 and parameters: {'k1': 0.0005169578084037879, 'D_low': 4555.6470866361415, 'k2': 0.0033843357432893307, 'D_high': 769277.0648175139, 'fire_exp': 1.5132853295368451, 'P_half': 10.049052430751413, 'pre_dampen_half': 1.8535872453317803, 'gpp_af': 1.8630208774779937, 'gpp_b': 0.0028932440549902954, 'gpp_d': 231.75997976943, 'ign_k': 0.06259212742495184, 'ign_c': 0.9775240361681526, 'trop_agb_crit': 7.939486819031974, 'trop_k_veg': 2.20960942075803, 'fuel_k': 0.15602557189115462, 'fuel_half': 0.4723419251639078}. Best is trial 0 with value: -0.6070628323553574.
[I 2026-07-24 02:19:49,881] Trial 573 finished with value: 0.4733588545005073 and parameters: {'k1': 0.0031598018107605007, 'D_low': 410.731078715579, 'k2': 0.07482156924971733, 'D_high': 349272.46903589665, 'fire_exp': 3.284246766210703, 'P_half': 6.477630699357685, 'pre_dampen_half': 7.478844956515036, 'gpp_af': 2.876755419270646, 'gpp_b': 0.02869878908534762, 'gpp_d': 4.039218347476021, 'ign_k': 0.23078359527920594, 'ign_c': 4.871767568593278, 'trop_agb_crit': 11.793564028671454, 'trop_k_veg': 0.7290257613396094, 'fuel_k': 0.9541256518559155, 'fuel_half': 0.2985417636501689}. Best is trial 0 with value: -0.6070628323553574.
[I 2026-07-24 02:19:50,290] Trial 574 finished with value: 0.5738803755934099 and parameters: {'k1': 7.385981538208887e-05, 'D_low': 1046.6519913594632, 'k2': 0.009025018810685268, 'D_high': 497356.8618393035, 'fire_exp': 3.876293151461092, 'P_half': 2.5515404823631123, 'pre_dampen_half': 0.010817821573034087, 'gpp_af': 5.392664418720094, 'gpp_b': 0.11730689152714534, 'gpp_d': 83.23798104267848, 'ign_k': 1.0404448338869454, 'ign_c': 4.7382293931169, 'trop_agb_crit': 6.833108680373724, 'trop_k_veg': 2.320724574582319, 'fuel_k': 2.4195261717552334, 'fuel_half': 0.7501681035058773}. Best is trial 0 with value: -0.6070628323553574.
[I 2026-07-24 02:19:50,701] Trial 575 finished with value: 0.4858524365094733 and parameters: {'k1': 0.008583176219267746, 'D_low': 1.235283134812533, 'k2': 2.3940965320917224e-05, 'D_high': 268346.29302478203, 'fire_exp': 1.215585647390424, 'P_half': 3.808627373458852, 'pre_dampen_half': 0.6335255408767506, 'gpp_af': 0.05301286694797824, 'gpp_b': 9.366694778275269e-05, 'gpp_d': 132.67190863549735, 'ign_k': 0.05472474836923004, 'ign_c': 1.0499805059570775, 'trop_agb_crit': 1.3562553180259067, 'trop_k_veg': 1.7538529110346588, 'fuel_k': 5.001121961781267, 'fuel_half': 0.15393119582028597}. Best is trial 0 with value: -0.6070628323553574.
[I 2026-07-24 02:19:51,121] Trial 576 finished with value: 0.4970738302190829 and parameters: {'k1': 0.0009558975514942082, 'D_low': 5284.885750661078, 'k2': 0.012234689319683108, 'D_high': 200409.78327992337, 'fire_exp': 2.7394729176665913, 'P_half': 71.56625175072502, 'pre_dampen_half': 0.9993246059678463, 'gpp_af': 13.244000040510084, 'gpp_b': 0.5758745935824523, 'gpp_d': 801.5941863631259, 'ign_k': 0.8617870402889278, 'ign_c': 0.8877027105742678, 'trop_agb_crit': 11.719423758535545, 'trop_k_veg': 3.4197589588103923, 'fuel_k': 0.5658009766860489, 'fuel_half': 0.22051684990562195}. Best is trial 0 with value: -0.6070628323553574.
