[I 2026-08-05 23:23:07,589] Trial 675 finished with values: [10.623943784371852, 10.623943784371852] and parameters: {'k1': 0.002407354618388189, 'D_low': 2.1234210963705626, 'k2': 4.763991596630584e-05, 'D_high': 7744.80118512745, 'fire_exp': 1.010722707674549, 'P_half': 13.019246714361572, 'pre_dampen_half': 1.823875297964684, 'gpp_af': 0.0021836613912815635, 'gpp_b': 0.00012797528816608022, 'gpp_d': 368.30088529547436, 'ign_k': 0.34703605955441524, 'ign_c': 0.9294394155644988}.
[I 2026-08-05 23:23:08,921] Trial 676 finished with values: [10.734271317992746, 10.734271317992746] and parameters: {'k1': 0.0029707920514735983, 'D_low': 18.89739291279832, 'k2': 0.0543876219522674, 'D_high': 7744.80118512745, 'fire_exp': 1.1044852285094786, 'P_half': 13.019246714361572, 'pre_dampen_half': 304.7488318185732, 'gpp_af': 0.0021836613912815635, 'gpp_b': 0.05693092741736214, 'gpp_d': 5.878566318396007, 'ign_k': 4.006890332238651, 'ign_c': 1.5061320080433496}.
[I 2026-08-05 23:23:10,127] Trial 677 finished with values: [10.762765289159306, 10.762765289159306] and parameters: {'k1': 0.00013783578294796384, 'D_low': 29.89885508829526, 'k2': 0.0027431991397796683, 'D_high': 183.91807805583133, 'fire_exp': 1.0881360604103363, 'P_half': 51.10120656497163, 'pre_dampen_half': 3.4369565628226946, 'gpp_af': 0.0016138541942192133, 'gpp_b': 0.011750724729953272, 'gpp_d': 0.055171654110845424, 'ign_k': 8.761971101023693, 'ign_c': 0.3528113274684997}.
[I 2026-08-05 23:23:11,299] Trial 678 finished with values: [10.272975056959552, 10.272975056959552] and parameters: {'k1': 0.0029707920514735983, 'D_low': 2.1234210963705626, 'k2': 0.08841388855976236, 'D_high': 9769.756791866093, 'fire_exp': 1.010722707674549, 'P_half': 13.019246714361572, 'pre_dampen_half': 304.7488318185732, 'gpp_af': 5.511863475708366, 'gpp_b': 3.0247471647147563e-05, 'gpp_d': 857.4284557962634, 'ign_k': 0.12752949611679998, 'ign_c': 0.17036120617148395}.
[I 2026-08-05 23:23:12,464] Trial 679 finished with values: [10.018204381495982, 10.018204381495982] and parameters: {'k1': 0.025383218374507292, 'D_low': 2.1234210963705626, 'k2': 0.0007081721844034209, 'D_high': 9769.756791866093, 'fire_exp': 1.182396148413737, 'P_half': 24.136213194527585, 'pre_dampen_half': 304.7488318185732, 'gpp_af': 1.2003722333832936, 'gpp_b': 0.6637926838138378, 'gpp_d': 891.8036602897795, 'ign_k': 0.34703605955441524, 'ign_c': 8.671454322584175}.
[I 2026-08-05 23:23:13,696] Trial 680 finished with values: [-0.5298389438357112, 0.9098024353599284] and parameters: {'k1': 0.025383218374507292, 'D_low': 1.1065812688893482, 'k2': 4.763991596630584e-05, 'D_high': 9769.756791866093, 'fire_exp': 1.0881360604103363, 'P_half': 13.019246714361572, 'pre_dampen_half': 304.7488318185732, 'gpp_af': 5.511863475708366, 'gpp_b': 3.139005000572696e-05, 'gpp_d': 891.8036602897795, 'ign_k': 0.34703605955441524, 'ign_c': 0.9736725715035878}.
[I 2026-08-05 23:23:14,858] Trial 681 finished with values: [-0.5771147567297307, 0.7653290438426319] and parameters: {'k1': 0.0029707920514735983, 'D_low': 125.32726386250698, 'k2': 0.0007081721844034209, 'D_high': 72522.83715822162, 'fire_exp': 1.1258453832483524, 'P_half': 10.226988730324324, 'pre_dampen_half': 304.7488318185732, 'gpp_af': 0.0021836613912815635, 'gpp_b': 3.139005000572696e-05, 'gpp_d': 107.84642153666701, 'ign_k': 8.761971101023693, 'ign_c': 3.0378658251922155}.
[I 2026-08-05 23:23:16,307] Trial 682 finished with values: [10.095124400653626, 10.095124400653626] and parameters: {'k1': 0.025383218374507292, 'D_low': 2.1234210963705626, 'k2': 4.763991596630584e-05, 'D_high': 9769.756791866093, 'fire_exp': 1.010722707674549, 'P_half': 51.10120656497163, 'pre_dampen_half': 703.6426675556048, 'gpp_af': 5.511863475708366, 'gpp_b': 0.011750724729953272, 'gpp_d': 891.8036602897795, 'ign_k': 0.001046549859517173, 'ign_c': 0.773448215664679}.
[I 2026-08-05 23:23:17,513] Trial 683 finished with values: [-0.6138266968648074, 0.4784491830598968] and parameters: {'k1': 0.06415745702132086, 'D_low': 18.89739291279832, 'k2': 0.0036014695835220327, 'D_high': 7744.80118512745, 'fire_exp': 1.1044852285094786, 'P_half': 12.808863354047988, 'pre_dampen_half': 304.7488318185732, 'gpp_af': 0.0021836613912815635, 'gpp_b': 0.00012797528816608022, 'gpp_d': 368.30088529547436, 'ign_k': 0.4702627143647234, 'ign_c': 0.9294394155644988}.
[I 2026-08-05 23:23:18,719] Trial 684 finished with values: [-0.5833040213841238, 0.519935267364304] and parameters: {'k1': 0.002407354618388189, 'D_low': 1.4045842344024697, 'k2': 0.08894151386481904, 'D_high': 7744.80118512745, 'fire_exp': 1.0743210440710231, 'P_half': 12.808863354047988, 'pre_dampen_half': 347.79988160923324, 'gpp_af': 0.001339466259146302, 'gpp_b': 3.139005000572696e-05, 'gpp_d': 107.84642153666701, 'ign_k': 0.13054148118849407, 'ign_c': 3.0378658251922155}.
[I 2026-08-05 23:23:19,978] Trial 685 finished with values: [10.737016205435461, 10.737016205435461] and parameters: {'k1': 0.0029707920514735983, 'D_low': 1.4045842344024697, 'k2': 0.08894151386481904, 'D_high': 7744.80118512745, 'fire_exp': 7.377654184453313, 'P_half': 10.753522341516506, 'pre_dampen_half': 347.79988160923324, 'gpp_af': 0.001339466259146302, 'gpp_b': 7.402343469704428e-05, 'gpp_d': 107.84642153666701, 'ign_k': 0.0659112309484029, 'ign_c': 2.4287565087611744}.
[I 2026-08-05 23:23:21,171] Trial 686 finished with values: [-0.5400293551894263, 0.46247080980751964] and parameters: {'k1': 0.002407354618388189, 'D_low': 2.1234210963705626, 'k2': 0.001154473887645231, 'D_high': 9769.756791866093, 'fire_exp': 1.0881360604103363, 'P_half': 13.019246714361572, 'pre_dampen_half': 347.79988160923324, 'gpp_af': 0.001339466259146302, 'gpp_b': 3.139005000572696e-05, 'gpp_d': 857.4284557962634, 'ign_k': 0.04563289369649656, 'ign_c': 9.023734753282096}.
[I 2026-08-05 23:23:22,385] Trial 687 finished with values: [10.767036051653518, 10.767036051653518] and parameters: {'k1': 0.002407354618388189, 'D_low': 18.89739291279832, 'k2': 0.03071666851587867, 'D_high': 9769.756791866093, 'fire_exp': 1.151006986743773, 'P_half': 215.55950571043874, 'pre_dampen_half': 21.593412825402957, 'gpp_af': 5.511863475708366, 'gpp_b': 0.6637926838138378, 'gpp_d': 0.049917896217442304, 'ign_k': 4.006890332238651, 'ign_c': 0.3528113274684997}.
[I 2026-08-05 23:23:23,645] Trial 688 finished with values: [-0.5610025553520257, 0.5468198601182981] and parameters: {'k1': 0.0029707920514735983, 'D_low': 125.32726386250698, 'k2': 0.03071666851587867, 'D_high': 2969.087094484682, 'fire_exp': 1.1258453832483524, 'P_half': 13.019246714361572, 'pre_dampen_half': 304.7488318185732, 'gpp_af': 0.5107061330406066, 'gpp_b': 3.481277316673104e-05, 'gpp_d': 150.14555442537656, 'ign_k': 8.761971101023693, 'ign_c': 1.5061320080433496}.
[I 2026-08-05 23:23:25,052] Trial 689 finished with values: [10.553797067782515, 10.553797067782515] and parameters: {'k1': 0.0029707920514735983, 'D_low': 1.2299210465793122, 'k2': 0.031211489608802344, 'D_high': 9769.756791866093, 'fire_exp': 1.0714541464524414, 'P_half': 13.019246714361572, 'pre_dampen_half': 0.34645729315852974, 'gpp_af': 29.925002022877802, 'gpp_b': 0.05693092741736214, 'gpp_d': 857.4284557962634, 'ign_k': 3.7954792742512957, 'ign_c': 0.3528113274684997}.
[I 2026-08-05 23:23:26,431] Trial 690 finished with values: [10.562040451333564, 10.562040451333564] and parameters: {'k1': 0.00013783578294796384, 'D_low': 1.2299210465793122, 'k2': 0.0007081721844034209, 'D_high': 1665.1532285161688, 'fire_exp': 1.182396148413737, 'P_half': 24.136213194527585, 'pre_dampen_half': 107.40052367919465, 'gpp_af': 1.2003722333832936, 'gpp_b': 0.011750724729953272, 'gpp_d': 33.373658194339434, 'ign_k': 0.006418208309987481, 'ign_c': 3.0378658251922155}.
[I 2026-08-05 23:23:27,899] Trial 691 finished with values: [10.63606398594938, 10.63606398594938] and parameters: {'k1': 0.00013783578294796384, 'D_low': 29.89885508829526, 'k2': 0.08894151386481904, 'D_high': 75773.14388518519, 'fire_exp': 1.1258453832483524, 'P_half': 13.019246714361572, 'pre_dampen_half': 304.7488318185732, 'gpp_af': 0.0021836613912815635, 'gpp_b': 0.011750724729953272, 'gpp_d': 857.4284557962634, 'ign_k': 8.761971101023693, 'ign_c': 0.3528113274684997}.
[I 2026-08-05 23:23:29,224] Trial 692 finished with values: [-0.5879566088603705, 0.6348596759041618] and parameters: {'k1': 0.002407354618388189, 'D_low': 1.1065812688893482, 'k2': 0.004940031671739378, 'D_high': 9769.756791866093, 'fire_exp': 1.0881360604103363, 'P_half': 13.019246714361572, 'pre_dampen_half': 703.6426675556048, 'gpp_af': 0.0021836613912815635, 'gpp_b': 3.139005000572696e-05, 'gpp_d': 857.4284557962634, 'ign_k': 8.761971101023693, 'ign_c': 3.0378658251922155}.
[I 2026-08-05 23:23:30,468] Trial 693 finished with values: [-0.5214674926311151, 0.561554476872822] and parameters: {'k1': 0.00013783578294796384, 'D_low': 4.051452710153359, 'k2': 8.200096539027468e-05, 'D_high': 9769.756791866093, 'fire_exp': 1.0881360604103363, 'P_half': 13.019246714361572, 'pre_dampen_half': 958.6709783968975, 'gpp_af': 5.511863475708366, 'gpp_b': 0.0358180527371211, 'gpp_d': 891.8036602897795, 'ign_k': 8.761971101023693, 'ign_c': 8.671454322584175}.
[I 2026-08-05 23:23:31,609] Trial 694 finished with values: [10.769212227611302, 10.769212227611302] and parameters: {'k1': 0.002407354618388189, 'D_low': 7579.633113316125, 'k2': 0.03071666851587867, 'D_high': 9769.756791866093, 'fire_exp': 1.151006986743773, 'P_half': 215.55950571043874, 'pre_dampen_half': 703.6426675556048, 'gpp_af': 0.001339466259146302, 'gpp_b': 0.05693092741736214, 'gpp_d': 368.30088529547436, 'ign_k': 0.0023746677989874045, 'ign_c': 8.671454322584175}.
[I 2026-08-05 23:23:32,727] Trial 695 finished with values: [-0.5933608867251705, 0.5393504269195157] and parameters: {'k1': 0.0029707920514735983, 'D_low': 18.89739291279832, 'k2': 0.03071666851587867, 'D_high': 7744.80118512745, 'fire_exp': 1.1258453832483524, 'P_half': 13.019246714361572, 'pre_dampen_half': 703.6426675556048, 'gpp_af': 0.001339466259146302, 'gpp_b': 3.481277316673104e-05, 'gpp_d': 368.30088529547436, 'ign_k': 0.4902396944106615, 'ign_c': 1.5061320080433496}.
[I 2026-08-05 23:23:33,876] Trial 696 finished with values: [10.616084164372882, 10.616084164372882] and parameters: {'k1': 0.0029707920514735983, 'D_low': 29.89885508829526, 'k2': 0.00011939136672856547, 'D_high': 9769.756791866093, 'fire_exp': 1.010722707674549, 'P_half': 10.753522341516506, 'pre_dampen_half': 304.7488318185732, 'gpp_af': 0.0021836613912815635, 'gpp_b': 0.011750724729953272, 'gpp_d': 1.826381177000974, 'ign_k': 5.9736167866478125, 'ign_c': 1.5061320080433496}.
[I 2026-08-05 23:23:35,030] Trial 697 finished with values: [10.76577876805539, 10.76577876805539] and parameters: {'k1': 0.008956420301712053, 'D_low': 2.1234210963705626, 'k2': 0.031211489608802344, 'D_high': 26666.09148594752, 'fire_exp': 1.010722707674549, 'P_half': 13.019246714361572, 'pre_dampen_half': 703.6426675556048, 'gpp_af': 0.001339466259146302, 'gpp_b': 0.6637926838138378, 'gpp_d': 368.30088529547436, 'ign_k': 0.34703605955441524, 'ign_c': 8.671454322584175}.
[I 2026-08-05 23:23:36,150] Trial 698 finished with values: [10.741837866854684, 10.741837866854684] and parameters: {'k1': 0.0029707920514735983, 'D_low': 18.89739291279832, 'k2': 0.03071666851587867, 'D_high': 7744.80118512745, 'fire_exp': 1.1258453832483524, 'P_half': 215.55950571043874, 'pre_dampen_half': 304.7488318185732, 'gpp_af': 0.0021836613912815635, 'gpp_b': 0.05693092741736214, 'gpp_d': 368.30088529547436, 'ign_k': 4.006890332238651, 'ign_c': 1.5061320080433496}.
[I 2026-08-05 23:23:37,580] Trial 699 finished with values: [-0.5364180357276018, 0.886786312194621] and parameters: {'k1': 0.008956420301712053, 'D_low': 125.32726386250698, 'k2': 0.0010204225357677778, 'D_high': 26666.09148594752, 'fire_exp': 1.1044852285094786, 'P_half': 13.019246714361572, 'pre_dampen_half': 703.6426675556048, 'gpp_af': 0.04339970334001348, 'gpp_b': 3.139005000572696e-05, 'gpp_d': 368.30088529547436, 'ign_k': 0.04563289369649656, 'ign_c': 2.4287565087611744}.
[I 2026-08-05 23:23:38,755] Trial 700 finished with values: [-0.5743402752615623, 0.5601871171154047] and parameters: {'k1': 0.0005956633466901681, 'D_low': 4.051452710153359, 'k2': 0.0007081721844034209, 'D_high': 9769.756791866093, 'fire_exp': 1.0881360604103363, 'P_half': 13.019246714361572, 'pre_dampen_half': 703.6426675556048, 'gpp_af': 0.001339466259146302, 'gpp_b': 3.139005000572696e-05, 'gpp_d': 857.4284557962634, 'ign_k': 4.461217349302768, 'ign_c': 8.671454322584175}.
[I 2026-08-05 23:23:39,959] Trial 701 finished with values: [10.769230769178105, 10.769230769178105] and parameters: {'k1': 0.00013783578294796384, 'D_low': 1.4045842344024697, 'k2': 0.08894151386481904, 'D_high': 75773.14388518519, 'fire_exp': 1.1044852285094786, 'P_half': 2968.718490830258, 'pre_dampen_half': 0.07686859572675554, 'gpp_af': 0.001339466259146302, 'gpp_b': 0.14313825333079222, 'gpp_d': 368.30088529547436, 'ign_k': 8.761971101023693, 'ign_c': 225.1444048387014}.
[I 2026-08-05 23:23:41,163] Trial 702 finished with values: [-0.5889105533907993, 0.6194552292336455] and parameters: {'k1': 0.002407354618388189, 'D_low': 1.4045842344024697, 'k2': 0.03071666851587867, 'D_high': 75773.14388518519, 'fire_exp': 1.1044852285094786, 'P_half': 13.019246714361572, 'pre_dampen_half': 304.7488318185732, 'gpp_af': 0.001339466259146302, 'gpp_b': 7.402343469704428e-05, 'gpp_d': 150.14555442537656, 'ign_k': 6.00422388619554, 'ign_c': 0.9294394155644988}.
[I 2026-08-05 23:23:42,339] Trial 703 finished with values: [-0.5882359901032421, 0.6796629659220753] and parameters: {'k1': 0.0029707920514735983, 'D_low': 18.89739291279832, 'k2': 0.08894151386481904, 'D_high': 75773.14388518519, 'fire_exp': 1.182396148413737, 'P_half': 13.019246714361572, 'pre_dampen_half': 304.7488318185732, 'gpp_af': 0.0025511964576171086, 'gpp_b': 7.402343469704428e-05, 'gpp_d': 857.4284557962634, 'ign_k': 8.761971101023693, 'ign_c': 3.0378658251922155}.
[I 2026-08-05 23:23:43,569] Trial 704 finished with values: [10.100645278887116, 10.100645278887116] and parameters: {'k1': 0.008956420301712053, 'D_low': 1.2299210465793122, 'k2': 0.031211489608802344, 'D_high': 26666.09148594752, 'fire_exp': 1.1044852285094786, 'P_half': 13.019246714361572, 'pre_dampen_half': 703.6426675556048, 'gpp_af': 0.001339466259146302, 'gpp_b': 3.228689523591491e-05, 'gpp_d': 368.30088529547436, 'ign_k': 0.34703605955441524, 'ign_c': 8.671454322584175}.
[I 2026-08-05 23:23:44,763] Trial 705 finished with values: [10.280715908786204, 10.280715908786204] and parameters: {'k1': 0.002407354618388189, 'D_low': 540.7445028694731, 'k2': 0.031211489608802344, 'D_high': 26666.09148594752, 'fire_exp': 1.1044852285094786, 'P_half': 12.808863354047988, 'pre_dampen_half': 347.79988160923324, 'gpp_af': 0.001339466259146302, 'gpp_b': 7.402343469704428e-05, 'gpp_d': 5.878566318396007, 'ign_k': 0.04563289369649656, 'ign_c': 9.743142535650213}.
[I 2026-08-05 23:23:45,986] Trial 706 finished with values: [10.489020335789078, 10.489020335789078] and parameters: {'k1': 0.002407354618388189, 'D_low': 1.4045842344024697, 'k2': 0.0029606628946299667, 'D_high': 9769.756791866093, 'fire_exp': 1.1044852285094786, 'P_half': 2989.6471756156616, 'pre_dampen_half': 703.6426675556048, 'gpp_af': 0.001339466259146302, 'gpp_b': 7.402343469704428e-05, 'gpp_d': 368.30088529547436, 'ign_k': 0.13054148118849407, 'ign_c': 8.671454322584175}.
[I 2026-08-05 23:23:47,172] Trial 707 finished with values: [-0.5561650795113231, 0.2988108649136304] and parameters: {'k1': 0.02641449645424223, 'D_low': 2.1234210963705626, 'k2': 0.00375241428659295, 'D_high': 9769.756791866093, 'fire_exp': 1.010722707674549, 'P_half': 12.808863354047988, 'pre_dampen_half': 304.7488318185732, 'gpp_af': 1.2003722333832936, 'gpp_b': 0.6637926838138378, 'gpp_d': 857.4284557962634, 'ign_k': 0.12752949611679998, 'ign_c': 8.671454322584175}.
[I 2026-08-05 23:23:48,355] Trial 708 finished with values: [10.057707164325524, 10.057707164325524] and parameters: {'k1': 0.025383218374507292, 'D_low': 5.29551022369202, 'k2': 0.0007081721844034209, 'D_high': 9769.756791866093, 'fire_exp': 1.010722707674549, 'P_half': 13.019246714361572, 'pre_dampen_half': 304.7488318185732, 'gpp_af': 1.2003722333832936, 'gpp_b': 0.6637926838138378, 'gpp_d': 7.129330255115469, 'ign_k': 2.615413574494962, 'ign_c': 8.671454322584175}.
[I 2026-08-05 23:23:49,524] Trial 709 finished with values: [-0.4669288007889296, 0.8833030625231982] and parameters: {'k1': 0.0029707920514735983, 'D_low': 125.32726386250698, 'k2': 1.3229646467088637e-05, 'D_high': 2969.087094484682, 'fire_exp': 1.1258453832483524, 'P_half': 13.019246714361572, 'pre_dampen_half': 304.7488318185732, 'gpp_af': 0.5107061330406066, 'gpp_b': 3.481277316673104e-05, 'gpp_d': 150.14555442537656, 'ign_k': 5.294132201721568, 'ign_c': 1.5061320080433496}.
[I 2026-08-05 23:23:50,732] Trial 710 finished with values: [10.769190085456474, 10.769190085456474] and parameters: {'k1': 0.025383218374507292, 'D_low': 2.1234210963705626, 'k2': 0.031211489608802344, 'D_high': 9769.756791866093, 'fire_exp': 1.010722707674549, 'P_half': 13.019246714361572, 'pre_dampen_half': 703.6426675556048, 'gpp_af': 0.001339466259146302, 'gpp_b': 3.139005000572696e-05, 'gpp_d': 368.30088529547436, 'ign_k': 0.34703605955441524, 'ign_c': 57.29371773569626}.
[I 2026-08-05 23:23:51,948] Trial 711 finished with values: [-0.6086695072700168, 0.4775299570263214] and parameters: {'k1': 0.06415745702132086, 'D_low': 2.1234210963705626, 'k2': 0.0036014695835220327, 'D_high': 9769.756791866093, 'fire_exp': 1.010722707674549, 'P_half': 10.226988730324324, 'pre_dampen_half': 304.7488318185732, 'gpp_af': 5.511863475708366, 'gpp_b': 0.6637926838138378, 'gpp_d': 368.30088529547436, 'ign_k': 0.34703605955441524, 'ign_c': 8.671454322584175}.
[I 2026-08-05 23:23:53,139] Trial 712 finished with values: [-0.4746275639359213, 0.9019654784633562] and parameters: {'k1': 0.0029707920514735983, 'D_low': 2.1234210963705626, 'k2': 4.763991596630584e-05, 'D_high': 9769.756791866093, 'fire_exp': 1.1258453832483524, 'P_half': 13.019246714361572, 'pre_dampen_half': 703.6426675556048, 'gpp_af': 2.4130533782812034, 'gpp_b': 3.481277316673104e-05, 'gpp_d': 150.14555442537656, 'ign_k': 0.34703605955441524, 'ign_c': 1.5061320080433496}.
[I 2026-08-05 23:23:54,396] Trial 713 finished with values: [-0.5443002694324506, 0.6178877260826312] and parameters: {'k1': 7.289548160413637e-05, 'D_low': 29.89885508829526, 'k2': 0.0001870742013766025, 'D_high': 9769.756791866093, 'fire_exp': 1.010722707674549, 'P_half': 51.10120656497163, 'pre_dampen_half': 703.6426675556048, 'gpp_af': 5.511863475708366, 'gpp_b': 0.011750724729953272, 'gpp_d': 891.8036602897795, 'ign_k': 0.4320578308497379, 'ign_c': 0.773448215664679}.
[I 2026-08-05 23:23:55,673] Trial 714 finished with values: [-0.5046749032298442, 0.6114217111047344] and parameters: {'k1': 0.0003762336385269675, 'D_low': 18.89739291279832, 'k2': 0.03071666851587867, 'D_high': 7744.80118512745, 'fire_exp': 1.1258453832483524, 'P_half': 215.55950571043874, 'pre_dampen_half': 304.7488318185732, 'gpp_af': 5.511863475708366, 'gpp_b': 3.481277316673104e-05, 'gpp_d': 150.14555442537656, 'ign_k': 4.006890332238651, 'ign_c': 0.3528113274684997}.
[I 2026-08-05 23:23:56,972] Trial 715 finished with values: [10.129874631520655, 10.129874631520655] and parameters: {'k1': 0.0040265389838192705, 'D_low': 1.4045842344024697, 'k2': 4.763991596630584e-05, 'D_high': 7744.80118512745, 'fire_exp': 1.2781829800753024, 'P_half': 13.019246714361572, 'pre_dampen_half': 304.7488318185732, 'gpp_af': 5.511863475708366, 'gpp_b': 0.08852620105022933, 'gpp_d': 891.8036602897795, 'ign_k': 0.34703605955441524, 'ign_c': 8.671454322584175}.
[I 2026-08-05 23:23:58,480] Trial 716 finished with values: [10.769230769178105, 10.769230769178105] and parameters: {'k1': 0.025383218374507292, 'D_low': 5.29551022369202, 'k2': 4.763991596630584e-05, 'D_high': 9769.756791866093, 'fire_exp': 9.986509644667628, 'P_half': 13.019246714361572, 'pre_dampen_half': 347.79988160923324, 'gpp_af': 0.0017420483089176104, 'gpp_b': 0.6637926838138378, 'gpp_d': 891.8036602897795, 'ign_k': 8.103949702339497, 'ign_c': 8.671454322584175}.
[I 2026-08-05 23:23:59,730] Trial 717 finished with values: [10.769230769178105, 10.769230769178105] and parameters: {'k1': 0.025383218374507292, 'D_low': 2.1234210963705626, 'k2': 0.00042425976091860955, 'D_high': 9769.756791866093, 'fire_exp': 1.010722707674549, 'P_half': 13.019246714361572, 'pre_dampen_half': 703.6426675556048, 'gpp_af': 5.511863475708366, 'gpp_b': 0.6637926838138378, 'gpp_d': 368.30088529547436, 'ign_k': 0.34703605955441524, 'ign_c': 304.0981662829698}.
[I 2026-08-05 23:24:00,945] Trial 718 finished with values: [10.095159990778663, 10.095159990778663] and parameters: {'k1': 0.0029707920514735983, 'D_low': 4.051452710153359, 'k2': 0.0007081721844034209, 'D_high': 9769.756791866093, 'fire_exp': 1.010722707674549, 'P_half': 13.019246714361572, 'pre_dampen_half': 703.6426675556048, 'gpp_af': 5.511863475708366, 'gpp_b': 0.0358180527371211, 'gpp_d': 368.30088529547436, 'ign_k': 0.34703605955441524, 'ign_c': 8.671454322584175}.
[I 2026-08-05 23:24:02,222] Trial 719 finished with values: [10.769230769178105, 10.769230769178105] and parameters: {'k1': 0.008956420301712053, 'D_low': 1347.5408399574635, 'k2': 0.08894151386481904, 'D_high': 9769.756791866093, 'fire_exp': 1.1044852285094786, 'P_half': 215.55950571043874, 'pre_dampen_half': 6.84039695411256, 'gpp_af': 5.511863475708366, 'gpp_b': 0.05693092741736214, 'gpp_d': 368.30088529547436, 'ign_k': 4.006890332238651, 'ign_c': 89.90768948930027}.
