[I 2026-06-09 12:38:18,012] Trial 1764 finished with values: [10.193641053985973, 10.193641053985973] and parameters: {'k1': 0.08638558450754014, 'D_low': 115.44738876452311, 'k2': 0.004695480001817501, 'D_high': 39655.03094323017, 'fire_exp': 2.10707132280748, 'P_half': 1.0978038161054327, 'pre_dampen_half': 103.02162547570735, 'gpp_af': 1.3218737536384089, 'gpp_b': 0.00977702299083608, 'gpp_d': 14.905836948373004, 'ign_k': 0.3242143344038317, 'ign_c': 21.132597710340573, 'trop_agb_crit': 19.51558406059598, 'trop_k_veg': 1.8981057964668895}.
[I 2026-06-09 12:38:19,915] Trial 1765 finished with values: [10.247604553313938, 10.247604553313938] and parameters: {'k1': 0.01549659926581634, 'D_low': 2.0445481304689883, 'k2': 0.0005700142105246941, 'D_high': 39655.03094323017, 'fire_exp': 2.10707132280748, 'P_half': 50.32059347286801, 'pre_dampen_half': 535.1687366552833, 'gpp_af': 1.3218737536384089, 'gpp_b': 0.00977702299083608, 'gpp_d': 1.0907247178366635, 'ign_k': 3.1536006085184716, 'ign_c': 21.132597710340573, 'trop_agb_crit': 2.6695352180079177, 'trop_k_veg': 1.8981057964668895}.
[I 2026-06-09 12:38:22,025] Trial 1766 finished with values: [10.8768741414785, 10.8768741414785] and parameters: {'k1': 0.01549659926581634, 'D_low': 1.254144753902608, 'k2': 0.06994589881535453, 'D_high': 425.03623558131267, 'fire_exp': 1.5896887756868925, 'P_half': 61.40760722406964, 'pre_dampen_half': 0.021382044088524385, 'gpp_af': 0.13767835510755025, 'gpp_b': 0.00977702299083608, 'gpp_d': 87.54608233101038, 'ign_k': 0.3242143344038317, 'ign_c': 21.132597710340573, 'trop_agb_crit': 3.275293511183961, 'trop_k_veg': 4.51930447316402}.
[I 2026-06-09 12:38:23,702] Trial 1767 finished with values: [10.818611243117319, 10.818611243117319] and parameters: {'k1': 0.01549659926581634, 'D_low': 115.44738876452311, 'k2': 0.0004471851399162796, 'D_high': 14268.845807630427, 'fire_exp': 2.10707132280748, 'P_half': 1.4045842344024697, 'pre_dampen_half': 0.03589140784775919, 'gpp_af': 1.5166550780280448, 'gpp_b': 0.00977702299083608, 'gpp_d': 500.2195003344709, 'ign_k': 3.1536006085184716, 'ign_c': 21.132597710340573, 'trop_agb_crit': 2.6695352180079177, 'trop_k_veg': 1.8981057964668895}.
[I 2026-06-09 12:38:25,286] Trial 1768 finished with values: [-0.5770423406806924, 0.06976251229700636] and parameters: {'k1': 0.01549659926581634, 'D_low': 13.180029267201178, 'k2': 0.0004471851399162796, 'D_high': 14268.845807630427, 'fire_exp': 2.10707132280748, 'P_half': 1.4045842344024697, 'pre_dampen_half': 340.6909167027263, 'gpp_af': 1.5166550780280448, 'gpp_b': 0.00977702299083608, 'gpp_d': 104.23598559895899, 'ign_k': 0.3242143344038317, 'ign_c': 21.132597710340573, 'trop_agb_crit': 2.6695352180079177, 'trop_k_veg': 1.8981057964668895}.
[I 2026-06-09 12:38:27,025] Trial 1769 finished with values: [10.336073197363394, 10.336073197363394] and parameters: {'k1': 0.01549659926581634, 'D_low': 115.44738876452311, 'k2': 0.06994589881535453, 'D_high': 20424.506990274727, 'fire_exp': 2.10707132280748, 'P_half': 50.32059347286801, 'pre_dampen_half': 535.1687366552833, 'gpp_af': 1.3218737536384089, 'gpp_b': 0.002262927522655115, 'gpp_d': 26.003623362924223, 'ign_k': 3.1536006085184716, 'ign_c': 21.132597710340573, 'trop_agb_crit': 12.123761779314275, 'trop_k_veg': 1.8981057964668895}.
[I 2026-06-09 12:38:28,553] Trial 1770 finished with values: [-0.5743702253577598, 0.06392889158794979] and parameters: {'k1': 0.01549659926581634, 'D_low': 87.57069543594139, 'k2': 0.06994589881535453, 'D_high': 39655.03094323017, 'fire_exp': 2.10707132280748, 'P_half': 50.32059347286801, 'pre_dampen_half': 340.6909167027263, 'gpp_af': 1.3218737536384089, 'gpp_b': 0.00977702299083608, 'gpp_d': 99.3234953243749, 'ign_k': 0.3242143344038317, 'ign_c': 21.132597710340573, 'trop_agb_crit': 12.123761779314275, 'trop_k_veg': 4.51930447316402}.
[I 2026-06-09 12:38:30,829] Trial 1771 finished with values: [-0.5852424546031317, 0.08375426828600052] and parameters: {'k1': 0.01549659926581634, 'D_low': 115.44738876452311, 'k2': 0.0005700142105246941, 'D_high': 39655.03094323017, 'fire_exp': 2.10707132280748, 'P_half': 50.32059347286801, 'pre_dampen_half': 535.1687366552833, 'gpp_af': 1.3218737536384089, 'gpp_b': 0.00977702299083608, 'gpp_d': 26.003623362924223, 'ign_k': 3.1536006085184716, 'ign_c': 21.132597710340573, 'trop_agb_crit': 2.6695352180079177, 'trop_k_veg': 1.8981057964668895}.
[I 2026-06-09 12:38:32,430] Trial 1772 finished with values: [11.334281325636747, 11.334281325636747] and parameters: {'k1': 0.01549659926581634, 'D_low': 13.180029267201178, 'k2': 0.037633129263701104, 'D_high': 14268.845807630427, 'fire_exp': 2.10707132280748, 'P_half': 28.647019533509873, 'pre_dampen_half': 566.2858823465564, 'gpp_af': 1.3218737536384089, 'gpp_b': 1.7213644875359617e-05, 'gpp_d': 109.94514339716893, 'ign_k': 6.17663735825326, 'ign_c': 21.132597710340573, 'trop_agb_crit': 19.51558406059598, 'trop_k_veg': 1.8981057964668895}.
[I 2026-06-09 12:38:34,057] Trial 1773 finished with values: [10.284659983895292, 10.284659983895292] and parameters: {'k1': 0.08638558450754014, 'D_low': 1.254144753902608, 'k2': 1.9465515119988637e-05, 'D_high': 39655.03094323017, 'fire_exp': 1.608176525358426, 'P_half': 50.32059347286801, 'pre_dampen_half': 103.02162547570735, 'gpp_af': 1.3218737536384089, 'gpp_b': 0.00977702299083608, 'gpp_d': 500.2195003344709, 'ign_k': 0.3242143344038317, 'ign_c': 19.417556319623248, 'trop_agb_crit': 2.6695352180079177, 'trop_k_veg': 1.8981057964668895}.
[I 2026-06-09 12:38:35,547] Trial 1774 finished with values: [-0.5706948479805132, 0.041516913720948345] and parameters: {'k1': 0.01549659926581634, 'D_low': 9.178481720510277, 'k2': 0.06994589881535453, 'D_high': 14268.845807630427, 'fire_exp': 2.10707132280748, 'P_half': 61.40760722406964, 'pre_dampen_half': 566.2858823465564, 'gpp_af': 0.004050483631781762, 'gpp_b': 0.00015304633681488832, 'gpp_d': 596.4527378864847, 'ign_k': 0.3242143344038317, 'ign_c': 21.132597710340573, 'trop_agb_crit': 12.123761779314275, 'trop_k_veg': 4.51930447316402}.
[I 2026-06-09 12:38:36,957] Trial 1775 finished with values: [10.44854611858634, 10.44854611858634] and parameters: {'k1': 0.08638558450754014, 'D_low': 115.44738876452311, 'k2': 0.004695480001817501, 'D_high': 39655.03094323017, 'fire_exp': 2.10707132280748, 'P_half': 50.32059347286801, 'pre_dampen_half': 340.6909167027263, 'gpp_af': 1.3218737536384089, 'gpp_b': 0.00977702299083608, 'gpp_d': 7.698305579728161, 'ign_k': 3.1536006085184716, 'ign_c': 12.311370390153149, 'trop_agb_crit': 2.7700960633081833, 'trop_k_veg': 1.8981057964668895}.
[I 2026-06-09 12:38:38,347] Trial 1776 finished with values: [10.215510371313817, 10.215510371313817] and parameters: {'k1': 0.01549659926581634, 'D_low': 115.44738876452311, 'k2': 0.0005700142105246941, 'D_high': 39655.03094323017, 'fire_exp': 2.10707132280748, 'P_half': 2.0297768785932986, 'pre_dampen_half': 340.6909167027263, 'gpp_af': 0.31850872996187257, 'gpp_b': 0.00977702299083608, 'gpp_d': 500.2195003344709, 'ign_k': 0.3242143344038317, 'ign_c': 21.132597710340573, 'trop_agb_crit': 2.6695352180079177, 'trop_k_veg': 1.8981057964668895}.
[I 2026-06-09 12:38:39,795] Trial 1777 finished with values: [10.215959040452464, 10.215959040452464] and parameters: {'k1': 0.01549659926581634, 'D_low': 115.44738876452311, 'k2': 0.0005700142105246941, 'D_high': 39655.03094323017, 'fire_exp': 2.42947203699288, 'P_half': 1.4045842344024697, 'pre_dampen_half': 340.6909167027263, 'gpp_af': 1.3218737536384089, 'gpp_b': 0.002262927522655115, 'gpp_d': 26.003623362924223, 'ign_k': 3.1536006085184716, 'ign_c': 21.132597710340573, 'trop_agb_crit': 2.6695352180079177, 'trop_k_veg': 1.8981057964668895}.
[I 2026-06-09 12:38:41,254] Trial 1778 finished with values: [10.89277716182901, 10.89277716182901] and parameters: {'k1': 0.05156257069134124, 'D_low': 13.180029267201178, 'k2': 0.0005700142105246941, 'D_high': 39655.03094323017, 'fire_exp': 2.10707132280748, 'P_half': 149.35213816355395, 'pre_dampen_half': 566.2858823465564, 'gpp_af': 9.388100334892378, 'gpp_b': 0.17479091812826725, 'gpp_d': 0.017829126128655795, 'ign_k': 0.0019570744242977337, 'ign_c': 21.132597710340573, 'trop_agb_crit': 3.9363407733281366, 'trop_k_veg': 1.8981057964668895}.
[I 2026-06-09 12:38:42,534] Trial 1779 finished with values: [-0.5945145468299791, 0.032337210746591905] and parameters: {'k1': 0.01549659926581634, 'D_low': 1.254144753902608, 'k2': 0.06994589881535453, 'D_high': 2471.1617679707197, 'fire_exp': 2.10707132280748, 'P_half': 28.647019533509873, 'pre_dampen_half': 340.6909167027263, 'gpp_af': 1.3218737536384089, 'gpp_b': 0.00977702299083608, 'gpp_d': 500.2195003344709, 'ign_k': 3.1536006085184716, 'ign_c': 21.132597710340573, 'trop_agb_crit': 1.5144860262751405, 'trop_k_veg': 1.8981057964668895}.
[I 2026-06-09 12:38:43,745] Trial 1780 finished with values: [-0.5743702253577598, 0.06392889158794979] and parameters: {'k1': 0.01549659926581634, 'D_low': 87.57069543594139, 'k2': 0.06994589881535453, 'D_high': 39655.03094323017, 'fire_exp': 2.10707132280748, 'P_half': 50.32059347286801, 'pre_dampen_half': 340.6909167027263, 'gpp_af': 1.3218737536384089, 'gpp_b': 0.00977702299083608, 'gpp_d': 99.3234953243749, 'ign_k': 0.3242143344038317, 'ign_c': 21.132597710340573, 'trop_agb_crit': 12.123761779314275, 'trop_k_veg': 4.51930447316402}.
[I 2026-06-09 12:38:44,926] Trial 1781 finished with values: [-0.5833718749555201, 0.03211318056719725] and parameters: {'k1': 0.01549659926581634, 'D_low': 1.254144753902608, 'k2': 0.059726680112071134, 'D_high': 2471.1617679707197, 'fire_exp': 2.10707132280748, 'P_half': 34.51797505661073, 'pre_dampen_half': 673.2248920775328, 'gpp_af': 1.3218737536384089, 'gpp_b': 0.00977702299083608, 'gpp_d': 500.2195003344709, 'ign_k': 0.4303356629825978, 'ign_c': 21.132597710340573, 'trop_agb_crit': 3.9999199283543145, 'trop_k_veg': 1.8981057964668895}.
[I 2026-06-09 12:38:46,097] Trial 1782 finished with values: [10.786138033578403, 10.786138033578403] and parameters: {'k1': 0.05156257069134124, 'D_low': 1.254144753902608, 'k2': 0.0005700142105246941, 'D_high': 151.76162781044565, 'fire_exp': 2.10707132280748, 'P_half': 8.502316981901384, 'pre_dampen_half': 340.6909167027263, 'gpp_af': 0.01942738928156656, 'gpp_b': 0.00977702299083608, 'gpp_d': 500.2195003344709, 'ign_k': 3.1536006085184716, 'ign_c': 21.132597710340573, 'trop_agb_crit': 2.6695352180079177, 'trop_k_veg': 1.8981057964668895}.
[I 2026-06-09 12:38:47,366] Trial 1783 finished with values: [-0.5770423406806924, 0.06976251229700636] and parameters: {'k1': 0.01549659926581634, 'D_low': 13.180029267201178, 'k2': 0.0004471851399162796, 'D_high': 14268.845807630427, 'fire_exp': 2.10707132280748, 'P_half': 1.4045842344024697, 'pre_dampen_half': 340.6909167027263, 'gpp_af': 1.5166550780280448, 'gpp_b': 0.00977702299083608, 'gpp_d': 104.23598559895899, 'ign_k': 0.3242143344038317, 'ign_c': 21.132597710340573, 'trop_agb_crit': 2.6695352180079177, 'trop_k_veg': 1.8981057964668895}.
[I 2026-06-09 12:38:48,679] Trial 1784 finished with values: [10.267901376004165, 10.267901376004165] and parameters: {'k1': 0.01549659926581634, 'D_low': 9.178481720510277, 'k2': 0.06994589881535453, 'D_high': 14268.845807630427, 'fire_exp': 2.10707132280748, 'P_half': 1.0978038161054327, 'pre_dampen_half': 103.02162547570735, 'gpp_af': 0.004050483631781762, 'gpp_b': 0.00015304633681488832, 'gpp_d': 99.3234953243749, 'ign_k': 0.3242143344038317, 'ign_c': 21.132597710340573, 'trop_agb_crit': 12.123761779314275, 'trop_k_veg': 1.8981057964668895}.
[I 2026-06-09 12:38:49,951] Trial 1785 finished with values: [10.8926223008391, 10.8926223008391] and parameters: {'k1': 0.01549659926581634, 'D_low': 1.254144753902608, 'k2': 0.037633129263701104, 'D_high': 133.05095484689093, 'fire_exp': 1.5896887756868925, 'P_half': 61.40760722406964, 'pre_dampen_half': 566.2858823465564, 'gpp_af': 0.004050483631781762, 'gpp_b': 0.6620586433749546, 'gpp_d': 99.3234953243749, 'ign_k': 0.3242143344038317, 'ign_c': 21.132597710340573, 'trop_agb_crit': 12.123761779314275, 'trop_k_veg': 4.51930447316402}.
[I 2026-06-09 12:38:51,776] Trial 1786 finished with values: [10.889878458303345, 10.889878458303345] and parameters: {'k1': 0.01549659926581634, 'D_low': 115.44738876452311, 'k2': 0.0005700142105246941, 'D_high': 14268.845807630427, 'fire_exp': 2.10707132280748, 'P_half': 50.32059347286801, 'pre_dampen_half': 340.6909167027263, 'gpp_af': 1.3218737536384089, 'gpp_b': 3.7615628428488486, 'gpp_d': 1.0605068367938195, 'ign_k': 3.1536006085184716, 'ign_c': 21.132597710340573, 'trop_agb_crit': 3.9999199283543145, 'trop_k_veg': 1.8981057964668895}.
[I 2026-06-09 12:38:52,960] Trial 1787 finished with values: [10.892857142659844, 10.892857142659844] and parameters: {'k1': 0.01549659926581634, 'D_low': 4211.5698553708535, 'k2': 0.0205587644059359, 'D_high': 193.1891826167217, 'fire_exp': 2.9952769632670644, 'P_half': 28.647019533509873, 'pre_dampen_half': 673.2248920775328, 'gpp_af': 0.01942738928156656, 'gpp_b': 1.7213644875359617e-05, 'gpp_d': 500.2195003344709, 'ign_k': 0.4303356629825978, 'ign_c': 21.132597710340573, 'trop_agb_crit': 1.5144860262751405, 'trop_k_veg': 4.51930447316402}.
[I 2026-06-09 12:38:54,209] Trial 1788 finished with values: [10.03379037818922, 10.03379037818922] and parameters: {'k1': 0.01549659926581634, 'D_low': 13.180029267201178, 'k2': 0.0005700142105246941, 'D_high': 14268.845807630427, 'fire_exp': 2.10707132280748, 'P_half': 232.69585603744846, 'pre_dampen_half': 566.2858823465564, 'gpp_af': 1.3218737536384089, 'gpp_b': 0.00977702299083608, 'gpp_d': 26.003623362924223, 'ign_k': 3.1536006085184716, 'ign_c': 21.132597710340573, 'trop_agb_crit': 2.6695352180079177, 'trop_k_veg': 1.8981057964668895}.
[I 2026-06-09 12:38:55,557] Trial 1789 finished with values: [10.636719861394972, 10.636719861394972] and parameters: {'k1': 0.08638558450754014, 'D_low': 115.44738876452311, 'k2': 0.0005700142105246941, 'D_high': 39655.03094323017, 'fire_exp': 2.10707132280748, 'P_half': 50.32059347286801, 'pre_dampen_half': 340.6909167027263, 'gpp_af': 0.013494133086206771, 'gpp_b': 0.00977702299083608, 'gpp_d': 14.905836948373004, 'ign_k': 3.1536006085184716, 'ign_c': 21.132597710340573, 'trop_agb_crit': 2.6695352180079177, 'trop_k_veg': 1.8981057964668895}.
[I 2026-06-09 12:38:56,734] Trial 1790 finished with values: [10.410974763355037, 10.410974763355037] and parameters: {'k1': 0.003646734693030275, 'D_low': 115.44738876452311, 'k2': 0.004695480001817501, 'D_high': 39655.03094323017, 'fire_exp': 2.10707132280748, 'P_half': 50.32059347286801, 'pre_dampen_half': 785.0649275625899, 'gpp_af': 1.3218737536384089, 'gpp_b': 0.00977702299083608, 'gpp_d': 14.905836948373004, 'ign_k': 3.1536006085184716, 'ign_c': 25.940144092298357, 'trop_agb_crit': 2.6695352180079177, 'trop_k_veg': 1.8981057964668895}.
[I 2026-06-09 12:38:57,889] Trial 1791 finished with values: [10.04839334860596, 10.04839334860596] and parameters: {'k1': 0.01549659926581634, 'D_low': 115.44738876452311, 'k2': 0.06994589881535453, 'D_high': 2471.1617679707197, 'fire_exp': 2.10707132280748, 'P_half': 26.99332206731159, 'pre_dampen_half': 673.2248920775328, 'gpp_af': 0.01942738928156656, 'gpp_b': 1.7213644875359617e-05, 'gpp_d': 26.003623362924223, 'ign_k': 0.4303356629825978, 'ign_c': 21.132597710340573, 'trop_agb_crit': 1.5144860262751405, 'trop_k_veg': 1.8981057964668895}.
[I 2026-06-09 12:38:59,052] Trial 1792 finished with values: [10.133988605306131, 10.133988605306131] and parameters: {'k1': 0.01549659926581634, 'D_low': 13.180029267201178, 'k2': 0.037633129263701104, 'D_high': 14268.845807630427, 'fire_exp': 2.10707132280748, 'P_half': 1.4045842344024697, 'pre_dampen_half': 566.2858823465564, 'gpp_af': 1.3218737536384089, 'gpp_b': 0.00977702299083608, 'gpp_d': 26.003623362924223, 'ign_k': 0.3901842940980955, 'ign_c': 21.132597710340573, 'trop_agb_crit': 12.123761779314275, 'trop_k_veg': 1.8981057964668895}.
[I 2026-06-09 12:39:00,222] Trial 1793 finished with values: [10.285506176941206, 10.285506176941206] and parameters: {'k1': 0.01549659926581634, 'D_low': 115.44738876452311, 'k2': 0.0005700142105246941, 'D_high': 14268.845807630427, 'fire_exp': 1.3271520384612863, 'P_half': 50.32059347286801, 'pre_dampen_half': 340.6909167027263, 'gpp_af': 1.3218737536384089, 'gpp_b': 0.00977702299083608, 'gpp_d': 26.003623362924223, 'ign_k': 3.1536006085184716, 'ign_c': 21.132597710340573, 'trop_agb_crit': 3.9999199283543145, 'trop_k_veg': 1.8981057964668895}.
[I 2026-06-09 12:39:01,458] Trial 1794 finished with values: [10.799206819821249, 10.799206819821249] and parameters: {'k1': 0.01549659926581634, 'D_low': 1.254144753902608, 'k2': 0.0005700142105246941, 'D_high': 14268.845807630427, 'fire_exp': 2.10707132280748, 'P_half': 1.4045842344024697, 'pre_dampen_half': 673.2248920775328, 'gpp_af': 0.01942738928156656, 'gpp_b': 1.7213644875359617e-05, 'gpp_d': 17.98321496666857, 'ign_k': 3.1536006085184716, 'ign_c': 21.132597710340573, 'trop_agb_crit': 1.5144860262751405, 'trop_k_veg': 4.51930447316402}.
[I 2026-06-09 12:39:02,694] Trial 1795 finished with values: [10.587585753225389, 10.587585753225389] and parameters: {'k1': 0.01549659926581634, 'D_low': 1.254144753902608, 'k2': 0.06994589881535453, 'D_high': 14268.845807630427, 'fire_exp': 2.10707132280748, 'P_half': 1.4045842344024697, 'pre_dampen_half': 566.2858823465564, 'gpp_af': 1.5166550780280448, 'gpp_b': 0.00015304633681488832, 'gpp_d': 26.003623362924223, 'ign_k': 0.3242143344038317, 'ign_c': 21.132597710340573, 'trop_agb_crit': 12.123761779314275, 'trop_k_veg': 1.8981057964668895}.
[I 2026-06-09 12:39:03,849] Trial 1796 finished with values: [10.839188265496523, 10.839188265496523] and parameters: {'k1': 0.05156257069134124, 'D_low': 115.44738876452311, 'k2': 0.0005700142105246941, 'D_high': 39655.03094323017, 'fire_exp': 2.10707132280748, 'P_half': 3586.21498616351, 'pre_dampen_half': 566.2858823465564, 'gpp_af': 1.3218737536384089, 'gpp_b': 0.00977702299083608, 'gpp_d': 26.003623362924223, 'ign_k': 3.1536006085184716, 'ign_c': 21.132597710340573, 'trop_agb_crit': 2.6695352180079177, 'trop_k_veg': 1.8981057964668895}.
[I 2026-06-09 12:39:04,947] Trial 1797 finished with values: [10.03156017392599, 10.03156017392599] and parameters: {'k1': 0.01549659926581634, 'D_low': 9.178481720510277, 'k2': 0.06994589881535453, 'D_high': 14268.845807630427, 'fire_exp': 2.10707132280748, 'P_half': 1.4045842344024697, 'pre_dampen_half': 566.2858823465564, 'gpp_af': 0.01942738928156656, 'gpp_b': 0.002262927522655115, 'gpp_d': 26.003623362924223, 'ign_k': 0.3242143344038317, 'ign_c': 21.132597710340573, 'trop_agb_crit': 12.123761779314275, 'trop_k_veg': 2.0171743746456805}.
[I 2026-06-09 12:39:06,087] Trial 1798 finished with values: [-0.5852424546031317, 0.08375426828600052] and parameters: {'k1': 0.01549659926581634, 'D_low': 115.44738876452311, 'k2': 0.0005700142105246941, 'D_high': 39655.03094323017, 'fire_exp': 2.10707132280748, 'P_half': 50.32059347286801, 'pre_dampen_half': 535.1687366552833, 'gpp_af': 1.3218737536384089, 'gpp_b': 0.00977702299083608, 'gpp_d': 26.003623362924223, 'ign_k': 3.1536006085184716, 'ign_c': 21.132597710340573, 'trop_agb_crit': 2.6695352180079177, 'trop_k_veg': 1.8981057964668895}.
[I 2026-06-09 12:39:07,253] Trial 1799 finished with values: [10.707808583318641, 10.707808583318641] and parameters: {'k1': 0.01549659926581634, 'D_low': 115.44738876452311, 'k2': 0.0005700142105246941, 'D_high': 627.1897730872791, 'fire_exp': 2.10707132280748, 'P_half': 50.32059347286801, 'pre_dampen_half': 340.6909167027263, 'gpp_af': 1.3218737536384089, 'gpp_b': 0.00977702299083608, 'gpp_d': 26.003623362924223, 'ign_k': 3.1536006085184716, 'ign_c': 21.132597710340573, 'trop_agb_crit': 2.6695352180079177, 'trop_k_veg': 1.8981057964668895}.
[I 2026-06-09 12:39:08,567] Trial 1800 finished with values: [10.870892770862895, 10.870892770862895] and parameters: {'k1': 0.01549659926581634, 'D_low': 115.44738876452311, 'k2': 0.037633129263701104, 'D_high': 39655.03094323017, 'fire_exp': 1.608176525358426, 'P_half': 1.0978038161054327, 'pre_dampen_half': 340.6909167027263, 'gpp_af': 1.3218737536384089, 'gpp_b': 0.03274829777619344, 'gpp_d': 26.003623362924223, 'ign_k': 3.1536006085184716, 'ign_c': 31.559887843430865, 'trop_agb_crit': 19.51558406059598, 'trop_k_veg': 1.8981057964668895}.
[I 2026-06-09 12:39:09,833] Trial 1801 finished with values: [10.478765689530675, 10.478765689530675] and parameters: {'k1': 0.01549659926581634, 'D_low': 1.254144753902608, 'k2': 0.0205587644059359, 'D_high': 39655.03094323017, 'fire_exp': 2.10707132280748, 'P_half': 50.32059347286801, 'pre_dampen_half': 340.6909167027263, 'gpp_af': 0.01942738928156656, 'gpp_b': 0.00977702299083608, 'gpp_d': 26.003623362924223, 'ign_k': 3.1536006085184716, 'ign_c': 21.132597710340573, 'trop_agb_crit': 1.5144860262751405, 'trop_k_veg': 4.51930447316402}.
[I 2026-06-09 12:39:10,980] Trial 1802 finished with values: [10.017070999974834, 10.017070999974834] and parameters: {'k1': 0.05156257069134124, 'D_low': 13.180029267201178, 'k2': 0.037633129263701104, 'D_high': 14268.845807630427, 'fire_exp': 2.10707132280748, 'P_half': 149.35213816355395, 'pre_dampen_half': 566.2858823465564, 'gpp_af': 1.3218737536384089, 'gpp_b': 0.00977702299083608, 'gpp_d': 26.003623362924223, 'ign_k': 3.1536006085184716, 'ign_c': 21.132597710340573, 'trop_agb_crit': 2.6695352180079177, 'trop_k_veg': 0.6100939058255374}.
[I 2026-06-09 12:39:12,651] Trial 1803 finished with values: [10.636889871031748, 10.636889871031748] and parameters: {'k1': 0.01549659926581634, 'D_low': 9.178481720510277, 'k2': 0.06994589881535453, 'D_high': 14268.845807630427, 'fire_exp': 4.815232052767658, 'P_half': 61.40760722406964, 'pre_dampen_half': 566.2858823465564, 'gpp_af': 0.004050483631781762, 'gpp_b': 0.00028287207869299064, 'gpp_d': 99.3234953243749, 'ign_k': 0.3242143344038317, 'ign_c': 21.132597710340573, 'trop_agb_crit': 11.33951835521176, 'trop_k_veg': 4.51930447316402}.
