[I 2026-08-19 14:32:30,906] Trial 144 finished with value: -0.4530339055192919 and parameters: {'k1': 2.262488600551551e-05, 'D_low': 2262.2878811456526, 'k2': 1.823534134416911e-05, 'D_high': 455196.1806308408, 'fire_exp': 1.0730213492615397, 'P_half': 326.4224363584043, 'pre_dampen_half': 1.5197699589707505, 'gpp_af': 0.8543283434785882, 'gpp_b': 0.0001830457940112786, 'gpp_d': 0.07175420016752505, 'ign_k': 6.546134419113438, 'ign_c': 10.614897382933906, 'trop_agb_crit': 5.827866725295029, 'trop_k_veg': 1.639107566753928, 'pop_amp': 0.002399705452884012, 'pop_peak': 14.793934727269278, 'pop_sig': 1.9949650442354108, 'fuel_k': 0.02277710926066377, 'fuel_half': 1.3915243897199672}. Best is trial 121 with value: -0.6148958760349835.
[I 2026-08-19 14:32:33,152] Trial 145 finished with value: -0.4041144329674002 and parameters: {'k1': 0.027582098710380254, 'D_low': 34.525880575207296, 'k2': 2.640073385531454e-05, 'D_high': 3548889.157605885, 'fire_exp': 1.427551123970146, 'P_half': 21.44529669313886, 'pre_dampen_half': 0.8502905993036355, 'gpp_af': 0.010187796205259959, 'gpp_b': 0.00018962487642086795, 'gpp_d': 0.12673232194393605, 'ign_k': 0.5104082997395153, 'ign_c': 59.30971616163139, 'trop_agb_crit': 21.130345327128484, 'trop_k_veg': 7.945208761436351, 'pop_amp': 0.005288780489103005, 'pop_peak': 0.07981348685586774, 'pop_sig': 0.9909869840208096, 'fuel_k': 4.772335556880477, 'fuel_half': 0.1469595159693275}. Best is trial 121 with value: -0.6148958760349835.
[I 2026-08-19 14:32:35,281] Trial 146 finished with value: -0.45321750220409623 and parameters: {'k1': 4.074337453392009e-05, 'D_low': 72.95958564684972, 'k2': 2.271224297106114e-05, 'D_high': 5113063.076237949, 'fire_exp': 1.6374219697165329, 'P_half': 842.5211011309527, 'pre_dampen_half': 2.0717845973910247, 'gpp_af': 0.07909408627549606, 'gpp_b': 0.0003688281764576182, 'gpp_d': 0.18640587749800133, 'ign_k': 3.275622386824892, 'ign_c': 0.5411867158471827, 'trop_agb_crit': 2.0008364213251393, 'trop_k_veg': 1.9761794251331204, 'pop_amp': 0.03306178197187076, 'pop_peak': 1.1899680047436711, 'pop_sig': 1.9294873037082803, 'fuel_k': 0.012427332220515017, 'fuel_half': 7.47910466923336}. Best is trial 121 with value: -0.6148958760349835.
[I 2026-08-19 14:32:37,893] Trial 147 finished with value: -0.47107219926888877 and parameters: {'k1': 4.907919509552068e-05, 'D_low': 10.715941636935211, 'k2': 2.6783135450013047e-05, 'D_high': 1106390.3941801018, 'fire_exp': 1.8459175693456848, 'P_half': 1512.179011235934, 'pre_dampen_half': 120.35435913317622, 'gpp_af': 0.02849862058793599, 'gpp_b': 0.0001189585831490763, 'gpp_d': 5.236248545250499, 'ign_k': 7.116929165633137, 'ign_c': 0.7902030092250908, 'trop_agb_crit': 12.233850274615065, 'trop_k_veg': 2.70683019916989, 'pop_amp': 0.037202932045681536, 'pop_peak': 28.368254773335924, 'pop_sig': 2.097031606199485, 'fuel_k': 0.0886898236187339, 'fuel_half': 0.19038540954316285}. Best is trial 121 with value: -0.6148958760349835.
[I 2026-08-19 14:32:40,324] Trial 148 finished with value: -0.3554625854118624 and parameters: {'k1': 0.036269248633393154, 'D_low': 10040.557872455152, 'k2': 4.1560861175128924e-05, 'D_high': 1076882.8659265789, 'fire_exp': 1.2487899838023435, 'P_half': 380.2137897228417, 'pre_dampen_half': 102.27774140476797, 'gpp_af': 0.007684418055441124, 'gpp_b': 9.478147041669964e-05, 'gpp_d': 0.12503137708194406, 'ign_k': 9.97269812264036, 'ign_c': 73.30664873108081, 'trop_agb_crit': 14.586593430630293, 'trop_k_veg': 5.164040188001533, 'pop_amp': 0.016275889866375216, 'pop_peak': 0.32312605738408556, 'pop_sig': 0.8978211811315437, 'fuel_k': 0.4921130161615682, 'fuel_half': 0.638708117056093}. Best is trial 121 with value: -0.6148958760349835.
[I 2026-08-19 14:32:43,081] Trial 149 finished with value: -0.5250235191617085 and parameters: {'k1': 0.0009196706376976946, 'D_low': 163.8339166217778, 'k2': 3.83157477391679e-05, 'D_high': 2335540.66737787, 'fire_exp': 1.2705784913461824, 'P_half': 26.523398672531606, 'pre_dampen_half': 33.819364514315396, 'gpp_af': 2.410407845266246, 'gpp_b': 0.0013113569369805394, 'gpp_d': 251.4985167731572, 'ign_k': 0.40364347163819614, 'ign_c': 1.3884941347440571, 'trop_agb_crit': 18.286775578137483, 'trop_k_veg': 1.4728605566252009, 'pop_amp': 0.007729631058252218, 'pop_peak': 29.383832928605017, 'pop_sig': 1.120705402359352, 'fuel_k': 2.3703201484918974, 'fuel_half': 53.941956163332044}. Best is trial 121 with value: -0.6148958760349835.
[I 2026-08-19 14:32:45,731] Trial 150 finished with value: -0.5606482793554297 and parameters: {'k1': 0.00013497179904601477, 'D_low': 1266.03081834434, 'k2': 4.337117473854136e-05, 'D_high': 278956.21791742346, 'fire_exp': 1.102183827947764, 'P_half': 569.778148954532, 'pre_dampen_half': 2.454325027852176, 'gpp_af': 0.25474667748613294, 'gpp_b': 6.642397216501946e-05, 'gpp_d': 21.05245066002597, 'ign_k': 7.959068343881494, 'ign_c': 0.6277448614468625, 'trop_agb_crit': 24.818418400193853, 'trop_k_veg': 1.3217454725297113, 'pop_amp': 0.07502603386825402, 'pop_peak': 3.143270645131394, 'pop_sig': 1.7965367919156132, 'fuel_k': 0.26155958259854895, 'fuel_half': 2.383638592736933}. Best is trial 121 with value: -0.6148958760349835.
[I 2026-08-19 14:32:49,203] Trial 151 finished with value: -0.5962555667322684 and parameters: {'k1': 0.0003488012441334814, 'D_low': 2758.2369929445636, 'k2': 1.1230869697006165e-05, 'D_high': 346640.57369762694, 'fire_exp': 1.51256371710352, 'P_half': 81.48311542697466, 'pre_dampen_half': 0.5304456770250604, 'gpp_af': 0.09034310215856275, 'gpp_b': 0.0026235781918644307, 'gpp_d': 0.45569758099625957, 'ign_k': 2.128231267279166, 'ign_c': 3.325651694772774, 'trop_agb_crit': 6.64088385449114, 'trop_k_veg': 7.280797237733666, 'pop_amp': 0.01749528755878426, 'pop_peak': 9.468556400361216, 'pop_sig': 0.41624483603623735, 'fuel_k': 2.9632904859435416, 'fuel_half': 0.17106530611670678}. Best is trial 121 with value: -0.6148958760349835.
  trial  152/2500  best_overall=0.6149  (8.8 min)
[I 2026-08-19 14:32:52,594] Trial 152 finished with value: -0.45427403272270706 and parameters: {'k1': 6.62906478164293e-05, 'D_low': 135.18424820211854, 'k2': 3.622926804533152e-05, 'D_high': 12588.685684727483, 'fire_exp': 1.161216525415915, 'P_half': 1407.6340999072602, 'pre_dampen_half': 1.0907380159824471, 'gpp_af': 0.0201625885141932, 'gpp_b': 0.0001086644073719842, 'gpp_d': 3.119795416163021, 'ign_k': 0.6882222027145273, 'ign_c': 5.395460271986654, 'trop_agb_crit': 7.36510982847681, 'trop_k_veg': 7.0666821664363315, 'pop_amp': 0.10629123341568968, 'pop_peak': 16.947655265967736, 'pop_sig': 0.27707958888984435, 'fuel_k': 2.117371015887691, 'fuel_half': 0.1165648842328719}. Best is trial 121 with value: -0.6148958760349835.
[I 2026-08-19 14:32:55,287] Trial 153 finished with value: -0.40588344266436527 and parameters: {'k1': 0.002273530965256836, 'D_low': 71196.83374381969, 'k2': 2.479199457418684e-05, 'D_high': 676347.2857957283, 'fire_exp': 1.1687797997686302, 'P_half': 45.177301896650036, 'pre_dampen_half': 119.13646765048107, 'gpp_af': 0.862428447803672, 'gpp_b': 0.0026195525894510204, 'gpp_d': 0.0161606453683821, 'ign_k': 6.788849086350055, 'ign_c': 0.641352461040402, 'trop_agb_crit': 26.621819141851162, 'trop_k_veg': 6.699115163316235, 'pop_amp': 0.17968383123145604, 'pop_peak': 253.99458020784806, 'pop_sig': 0.3190795605047481, 'fuel_k': 1.1205575229384654, 'fuel_half': 0.10971699161092935}. Best is trial 121 with value: -0.6148958760349835.
[I 2026-08-19 14:32:57,713] Trial 154 finished with value: -0.48729605477387167 and parameters: {'k1': 0.03966653975176148, 'D_low': 1246.2377650702094, 'k2': 1.2972651094525126e-05, 'D_high': 8881952.877220703, 'fire_exp': 1.542539281922887, 'P_half': 1692.1435292184194, 'pre_dampen_half': 15.085911533860275, 'gpp_af': 0.567001426137354, 'gpp_b': 0.0043553948198633815, 'gpp_d': 10.047552029379084, 'ign_k': 0.30745890389004576, 'ign_c': 4.02363237250911, 'trop_agb_crit': 26.631114668884052, 'trop_k_veg': 1.1144976195640948, 'pop_amp': 0.004390013804702756, 'pop_peak': 2.261477892503276, 'pop_sig': 1.6872976711234728, 'fuel_k': 2.5968762577216675, 'fuel_half': 38.07131508662896}. Best is trial 121 with value: -0.6148958760349835.
[I 2026-08-19 14:33:02,295] Trial 155 finished with value: -0.6024004362440135 and parameters: {'k1': 0.003378497607078712, 'D_low': 49.97273038927761, 'k2': 6.807235804696426e-05, 'D_high': 3871721.660694867, 'fire_exp': 4.31068671564067, 'P_half': 54.55297648798742, 'pre_dampen_half': 7.489932580826266, 'gpp_af': 0.02547853346398801, 'gpp_b': 1.9225011581142542e-05, 'gpp_d': 1.7700341424505843, 'ign_k': 0.3367703345497085, 'ign_c': 2.1190715608758954, 'trop_agb_crit': 20.63648322095247, 'trop_k_veg': 2.696182746918258, 'pop_amp': 0.2124773976315674, 'pop_peak': 10.815823466645544, 'pop_sig': 1.1145113235525443, 'fuel_k': 0.05208594646201923, 'fuel_half': 1.3054554037212658}. Best is trial 121 with value: -0.6148958760349835.
[I 2026-08-19 14:33:08,002] Trial 156 finished with value: -0.4362830345396819 and parameters: {'k1': 0.00012282751008382757, 'D_low': 1637.3492157400162, 'k2': 5.999415561197145e-05, 'D_high': 14082.965625188564, 'fire_exp': 1.0756566780255483, 'P_half': 88.51431552379242, 'pre_dampen_half': 0.19599326445548862, 'gpp_af': 0.7038565644480758, 'gpp_b': 0.00948538702887585, 'gpp_d': 0.3399810770867406, 'ign_k': 1.5256717242457938, 'ign_c': 0.798601445165452, 'trop_agb_crit': 5.849447434154918, 'trop_k_veg': 7.786525012902734, 'pop_amp': 0.1165750096680902, 'pop_peak': 3.7244340962292104, 'pop_sig': 0.6230752236664207, 'fuel_k': 3.953661045457252, 'fuel_half': 0.20156181022039785}. Best is trial 121 with value: -0.6148958760349835.
[I 2026-08-19 14:33:12,948] Trial 157 finished with value: -0.3554625854118624 and parameters: {'k1': 0.0009514883979147769, 'D_low': 10459.135135480146, 'k2': 1.2376287497330377e-05, 'D_high': 622517.9151822492, 'fire_exp': 2.022488831625407, 'P_half': 55.85010514378564, 'pre_dampen_half': 0.6134440909197831, 'gpp_af': 0.0038316774287625545, 'gpp_b': 0.013300471192857896, 'gpp_d': 0.09662421439166262, 'ign_k': 4.702057798952514, 'ign_c': 80.28728011546897, 'trop_agb_crit': 2.4563061970076125, 'trop_k_veg': 5.728057138303547, 'pop_amp': 0.0015370516435366027, 'pop_peak': 42.460865228395825, 'pop_sig': 0.3903395863032279, 'fuel_k': 3.4321413236774925, 'fuel_half': 0.49558397587399966}. Best is trial 121 with value: -0.6148958760349835.
  trial  158/2500  best_overall=0.6149  (9.2 min)
[I 2026-08-19 14:33:17,476] Trial 158 finished with value: -0.5611216191508174 and parameters: {'k1': 3.575338282801614e-05, 'D_low': 45.58603700510001, 'k2': 2.3187745589802632e-05, 'D_high': 8035394.492742385, 'fire_exp': 1.0377019680945647, 'P_half': 289.23365172568117, 'pre_dampen_half': 93.49829105473395, 'gpp_af': 0.06363234630271096, 'gpp_b': 0.0006014169194308854, 'gpp_d': 0.13123528523039427, 'ign_k': 6.329334429512597, 'ign_c': 2.113838216633752, 'trop_agb_crit': 3.3554831031844397, 'trop_k_veg': 0.926338679417263, 'pop_amp': 0.020501561498948138, 'pop_peak': 18.444297268025387, 'pop_sig': 1.1260182206997789, 'fuel_k': 0.05590287004899885, 'fuel_half': 0.9767459309399003}. Best is trial 121 with value: -0.6148958760349835.
[I 2026-08-19 14:33:21,485] Trial 159 finished with value: -0.47717830321387417 and parameters: {'k1': 0.029183864741661885, 'D_low': 85.20883962079085, 'k2': 3.183144483764529e-05, 'D_high': 74283.19594418585, 'fire_exp': 4.255062095707553, 'P_half': 18.908664810797383, 'pre_dampen_half': 13.367825363950404, 'gpp_af': 0.004377233015737253, 'gpp_b': 0.00013483693144741951, 'gpp_d': 147.03670837046624, 'ign_k': 0.1208842697027208, 'ign_c': 0.3415739344310694, 'trop_agb_crit': 9.227802714209432, 'trop_k_veg': 4.477453105529979, 'pop_amp': 0.18855442400382028, 'pop_peak': 9.575741785438321, 'pop_sig': 0.4833610510433511, 'fuel_k': 0.03432950832329789, 'fuel_half': 3.6988347600610134}. Best is trial 121 with value: -0.6148958760349835.
[I 2026-08-19 14:33:25,710] Trial 160 finished with value: -0.5133890392681421 and parameters: {'k1': 0.0015935842975021931, 'D_low': 1.8439730616295393, 'k2': 3.63692031351492e-05, 'D_high': 1300942.117951834, 'fire_exp': 6.6125195652204, 'P_half': 61.117715881564244, 'pre_dampen_half': 2.3026236317128643, 'gpp_af': 0.011359834027151648, 'gpp_b': 1.0901923660609775e-05, 'gpp_d': 0.26027807187756824, 'ign_k': 1.4198203289456786, 'ign_c': 5.97146970249902, 'trop_agb_crit': 10.28175429662556, 'trop_k_veg': 2.32016422665013, 'pop_amp': 0.3271949149043053, 'pop_peak': 14.580255609687848, 'pop_sig': 0.3161878314922107, 'fuel_k': 0.22239256138540203, 'fuel_half': 2.1441075815887958}. Best is trial 121 with value: -0.6148958760349835.
[I 2026-08-19 14:33:30,045] Trial 161 finished with value: -0.5398670994582221 and parameters: {'k1': 0.00016101464627419747, 'D_low': 1564.8801109524031, 'k2': 0.0027372390202561312, 'D_high': 5510864.9446725445, 'fire_exp': 1.1383562373919807, 'P_half': 251.51096758064892, 'pre_dampen_half': 23.051218695219852, 'gpp_af': 0.0021164494985906677, 'gpp_b': 0.0013153034978705598, 'gpp_d': 16.982921348678417, 'ign_k': 0.33340469691831665, 'ign_c': 16.90635904894947, 'trop_agb_crit': 28.290763854289725, 'trop_k_veg': 1.546881388878017, 'pop_amp': 0.004939865759909309, 'pop_peak': 132.40324949257422, 'pop_sig': 0.5188038635874499, 'fuel_k': 0.453577459580017, 'fuel_half': 20.407799366172085}. Best is trial 121 with value: -0.6148958760349835.
[I 2026-08-19 14:33:34,913] Trial 162 finished with value: -0.41538148523622437 and parameters: {'k1': 2.2657656494064697e-05, 'D_low': 6103.268818301304, 'k2': 4.0664250925434886e-05, 'D_high': 1394569.6473843767, 'fire_exp': 1.5541681108933487, 'P_half': 9363.515393153437, 'pre_dampen_half': 15.21814241061892, 'gpp_af': 0.3483875392750502, 'gpp_b': 0.23763249913579604, 'gpp_d': 111.66312420851814, 'ign_k': 0.11262091595414452, 'ign_c': 32.65056102974121, 'trop_agb_crit': 27.67972644783343, 'trop_k_veg': 4.887583795508131, 'pop_amp': 13.266922602420017, 'pop_peak': 226.20683585327674, 'pop_sig': 1.1029509739745742, 'fuel_k': 1.0037371296483066, 'fuel_half': 0.36131118635994935}. Best is trial 121 with value: -0.6148958760349835.
  trial  163/2500  best_overall=0.6149  (9.5 min)
[I 2026-08-19 14:33:39,844] Trial 163 finished with value: -0.5871825915757224 and parameters: {'k1': 4.378907337617605e-05, 'D_low': 4235.168990919034, 'k2': 2.7457854753365738e-05, 'D_high': 8139362.748371985, 'fire_exp': 1.2657548664041722, 'P_half': 29.296339458713504, 'pre_dampen_half': 6.2294626237596376, 'gpp_af': 0.24876603347238407, 'gpp_b': 0.0007887937481678012, 'gpp_d': 3.9712908068200634, 'ign_k': 7.078012588173819, 'ign_c': 13.565320348099497, 'trop_agb_crit': 2.507666834216461, 'trop_k_veg': 7.903950426902137, 'pop_amp': 0.07001081840868621, 'pop_peak': 1.424495175839303, 'pop_sig': 0.36559041574284906, 'fuel_k': 1.6947931129173535, 'fuel_half': 0.5988190003007735}. Best is trial 121 with value: -0.6148958760349835.
[I 2026-08-19 14:33:44,190] Trial 164 finished with value: -0.4894038754764982 and parameters: {'k1': 1.725091655017574e-05, 'D_low': 2346.251970331243, 'k2': 1.0005480217905444e-05, 'D_high': 3258251.35698867, 'fire_exp': 1.2800927219228386, 'P_half': 170.4217877759216, 'pre_dampen_half': 1.3587922068072944, 'gpp_af': 0.013325504809994148, 'gpp_b': 0.0031418718938430877, 'gpp_d': 548.1604239957265, 'ign_k': 5.955305960368664, 'ign_c': 9.277193707411742, 'trop_agb_crit': 2.8908352464321663, 'trop_k_veg': 5.161760635834376, 'pop_amp': 0.0028662585913543327, 'pop_peak': 4.803012583646675, 'pop_sig': 0.2654474403029152, 'fuel_k': 1.7881296208301642, 'fuel_half': 4.580590657740642}. Best is trial 121 with value: -0.6148958760349835.
[I 2026-08-19 14:33:48,419] Trial 165 finished with value: -0.5837397025543952 and parameters: {'k1': 0.008315381747521108, 'D_low': 4003.0798235577568, 'k2': 1.1626582970612317e-05, 'D_high': 1052974.1900647408, 'fire_exp': 1.3296794480675962, 'P_half': 2.631230232206036, 'pre_dampen_half': 0.2688100176194779, 'gpp_af': 0.05526643099512429, 'gpp_b': 0.00301128333859449, 'gpp_d': 3.283126500562236, 'ign_k': 6.385673651474048, 'ign_c': 1.6960313194793155, 'trop_agb_crit': 5.1046121373323965, 'trop_k_veg': 5.383433863002818, 'pop_amp': 0.19505742992314237, 'pop_peak': 0.0689271721584316, 'pop_sig': 0.32241724295351504, 'fuel_k': 2.0804374949542384, 'fuel_half': 0.2232681063243421}. Best is trial 121 with value: -0.6148958760349835.
[I 2026-08-19 14:33:52,700] Trial 166 finished with value: -0.5581234640042114 and parameters: {'k1': 6.044822654353076e-05, 'D_low': 12292.477203284523, 'k2': 2.6389296164975293e-05, 'D_high': 2303708.70314359, 'fire_exp': 1.6934929065092854, 'P_half': 10.70370527381205, 'pre_dampen_half': 0.886778133660854, 'gpp_af': 2.3940269538456387, 'gpp_b': 5.716325201745256e-05, 'gpp_d': 20.852185550642428, 'ign_k': 1.8266281605506718, 'ign_c': 2.660607371363797, 'trop_agb_crit': 4.444529721149546, 'trop_k_veg': 6.972970400824939, 'pop_amp': 0.15621072578429737, 'pop_peak': 0.2544574319021115, 'pop_sig': 0.5395546638756538, 'fuel_k': 0.9052554394421479, 'fuel_half': 1.710634806774912}. Best is trial 121 with value: -0.6148958760349835.
[I 2026-08-19 14:33:57,307] Trial 167 finished with value: -0.34159796699249134 and parameters: {'k1': 0.0001193772378991569, 'D_low': 1924.557624472872, 'k2': 2.568267648660847e-05, 'D_high': 2621925.68403318, 'fire_exp': 1.2073560920691495, 'P_half': 41.95607019155901, 'pre_dampen_half': 5.9689169861138955, 'gpp_af': 0.6489536716587272, 'gpp_b': 0.0006001018471725636, 'gpp_d': 0.11063824632364144, 'ign_k': 4.992970844539286, 'ign_c': 36.23377491484804, 'trop_agb_crit': 2.321815378951433, 'trop_k_veg': 6.262623204377871, 'pop_amp': 0.9133289482809609, 'pop_peak': 1.3137597239858596, 'pop_sig': 0.27205263890967285, 'fuel_k': 2.2021885541807826, 'fuel_half': 2.018527908802088}. Best is trial 121 with value: -0.6148958760349835.
  trial  168/2500  best_overall=0.6149  (9.9 min)
[I 2026-08-19 14:34:02,547] Trial 168 finished with value: -0.45143108627321993 and parameters: {'k1': 0.0015811528536116637, 'D_low': 1417.7714702496066, 'k2': 2.5947953893202014e-05, 'D_high': 88291.20086675385, 'fire_exp': 1.5257398257928658, 'P_half': 3.282797422936029, 'pre_dampen_half': 0.025366581082233497, 'gpp_af': 0.623628965662966, 'gpp_b': 0.02372567451954032, 'gpp_d': 1.4198063414550472, 'ign_k': 5.975877732813836, 'ign_c': 1.5628412493521182, 'trop_agb_crit': 3.19221982192575, 'trop_k_veg': 5.841938130069776, 'pop_amp': 0.2795545597685951, 'pop_peak': 0.09109489215926035, 'pop_sig': 0.42702991236681215, 'fuel_k': 1.8483017160569224, 'fuel_half': 0.4525827824662362}. Best is trial 121 with value: -0.6148958760349835.
[I 2026-08-19 14:34:07,172] Trial 169 finished with value: -0.6046373176371964 and parameters: {'k1': 0.0031081813362718383, 'D_low': 859.9348785266752, 'k2': 0.0003224858309267773, 'D_high': 1342249.6343110926, 'fire_exp': 3.9778330002015814, 'P_half': 39.97940548828731, 'pre_dampen_half': 25.143027282431724, 'gpp_af': 0.007237523906536902, 'gpp_b': 2.730190503453967e-05, 'gpp_d': 0.6557293008436808, 'ign_k': 0.2597451628441764, 'ign_c': 15.480349495367754, 'trop_agb_crit': 2.7661448241478594, 'trop_k_veg': 2.152345174342831, 'pop_amp': 0.756660157626751, 'pop_peak': 19.386611988142583, 'pop_sig': 1.1409522130153655, 'fuel_k': 0.06164518130122423, 'fuel_half': 2.8757537623972107}. Best is trial 121 with value: -0.6148958760349835.
[I 2026-08-19 14:34:11,810] Trial 170 finished with value: -0.3554625854118624 and parameters: {'k1': 0.0023193635229958346, 'D_low': 139.96188158186948, 'k2': 0.003363885634439736, 'D_high': 64762.00995156848, 'fire_exp': 4.555032373807801, 'P_half': 130.30541847191517, 'pre_dampen_half': 32.783740234751875, 'gpp_af': 0.07317908846442564, 'gpp_b': 0.0003788732889238728, 'gpp_d': 0.618220770442094, 'ign_k': 0.6771513136345007, 'ign_c': 58.784109820280605, 'trop_agb_crit': 5.104493033595507, 'trop_k_veg': 2.480729165281207, 'pop_amp': 0.1743373614644002, 'pop_peak': 8.12815445505755, 'pop_sig': 1.1413089172524364, 'fuel_k': 0.07962139041908739, 'fuel_half': 12.647750144869322}. Best is trial 121 with value: -0.6148958760349835.
[I 2026-08-19 14:34:15,715] Trial 171 finished with value: -0.4350500601012405 and parameters: {'k1': 0.018139994556906913, 'D_low': 94802.35189897373, 'k2': 2.630558949449334e-05, 'D_high': 5421555.509828056, 'fire_exp': 1.3650729452942834, 'P_half': 2.829452440581893, 'pre_dampen_half': 1.5311035638503632, 'gpp_af': 0.28548905849983286, 'gpp_b': 0.0011073318172773038, 'gpp_d': 4.695148055786082, 'ign_k': 0.7777350721758343, 'ign_c': 1.0525339555095552, 'trop_agb_crit': 7.6495152358358425, 'trop_k_veg': 5.7354225854628815, 'pop_amp': 0.011027497532447238, 'pop_peak': 0.19141412011147682, 'pop_sig': 0.37713240617026217, 'fuel_k': 3.576040541500114, 'fuel_half': 0.5404105586582522}. Best is trial 121 with value: -0.6148958760349835.
[I 2026-08-19 14:34:20,239] Trial 172 finished with value: -0.4005424145107397 and parameters: {'k1': 0.0005121465119321257, 'D_low': 539.5535977034771, 'k2': 0.00016144505576549232, 'D_high': 1302600.8043679453, 'fire_exp': 4.32270862715195, 'P_half': 2.4422776236434425, 'pre_dampen_half': 211.44747826942827, 'gpp_af': 0.31262301368488604, 'gpp_b': 8.399867432608247e-05, 'gpp_d': 4.115889927774072, 'ign_k': 0.029363866658100077, 'ign_c': 31.11150963095401, 'trop_agb_crit': 1.5961824523562576, 'trop_k_veg': 2.7104054168233587, 'pop_amp': 0.37839160484090395, 'pop_peak': 283.4340967005185, 'pop_sig': 0.6112172829191443, 'fuel_k': 0.4248712358788447, 'fuel_half': 1.4753744037229715}. Best is trial 121 with value: -0.6148958760349835.
  trial  173/2500  best_overall=0.6149  (10.3 min)
