[I 2026-06-11 01:04:08,772] Trial 735 finished with values: [-0.805484873092745, 0.2739482450919214] and parameters: {'k1': 0.09738633019266786, 'D_low': 98.98117700885537, 'k2': 0.03865036856259725, 'D_high': 1390.2686711035008, 'fire_exp': 1.3224672913793163, 'P_half': 10.226988730324324, 'pre_dampen_half': 502.5175192217655, 'gpp_af': 0.008562341633595545, 'gpp_b': 0.00012118589392553798, 'gpp_d': 0.32837927360248453, 'ign_k': 0.5131654955148326, 'ign_c': 0.11650681118986138, 'trop_agb_crit': 24.584290528289387, 'trop_k_veg': 4.599337386928772, 'fuel_k': 4.680936683972861, 'fuel_half': 52.00581729114123}.
[I 2026-06-11 01:04:10,141] Trial 736 finished with values: [10.836512400735758, 10.836512400735758] and parameters: {'k1': 0.0015974581244256687, 'D_low': 2.062120257534816, 'k2': 0.012413450098922581, 'D_high': 89263.11370835223, 'fire_exp': 1.0881360604103363, 'P_half': 220.3445560633069, 'pre_dampen_half': 502.5175192217655, 'gpp_af': 0.326288637536534, 'gpp_b': 3.228689523591491e-05, 'gpp_d': 12.324765692041675, 'ign_k': 0.003338063875587391, 'ign_c': 15.221840161091626, 'trop_agb_crit': 6.1198430581046965, 'trop_k_veg': 2.8224577471047865, 'fuel_k': 3.6992394681929337, 'fuel_half': 0.12399445060149628}.
[I 2026-06-11 01:04:11,505] Trial 737 finished with values: [10.869999857375472, 10.869999857375472] and parameters: {'k1': 0.09738633019266786, 'D_low': 10.733257635049776, 'k2': 0.011469197890812934, 'D_high': 1024.9816559563214, 'fire_exp': 1.0881360604103363, 'P_half': 13.019246714361572, 'pre_dampen_half': 502.5175192217655, 'gpp_af': 0.015350904103515228, 'gpp_b': 7.402343469704428e-05, 'gpp_d': 0.0581159974343924, 'ign_k': 8.761971101023693, 'ign_c': 0.11650681118986138, 'trop_agb_crit': 24.181329527832204, 'trop_k_veg': 2.8224577471047865, 'fuel_k': 4.680936683972861, 'fuel_half': 2.9236782115513154}.
[I 2026-06-11 01:04:12,866] Trial 738 finished with values: [10.43799344467073, 10.43799344467073] and parameters: {'k1': 0.09738633019266786, 'D_low': 2.5361985156938798, 'k2': 0.011469197890812934, 'D_high': 5870.098202978037, 'fire_exp': 1.1258453832483524, 'P_half': 220.3445560633069, 'pre_dampen_half': 502.5175192217655, 'gpp_af': 0.005618069878716736, 'gpp_b': 0.00012118589392553798, 'gpp_d': 9.004606022643067, 'ign_k': 8.761971101023693, 'ign_c': 0.9294394155644988, 'trop_agb_crit': 24.584290528289387, 'trop_k_veg': 4.599337386928772, 'fuel_k': 4.680936683972861, 'fuel_half': 27.4762346187747}.
[I 2026-06-11 01:04:14,323] Trial 739 finished with values: [10.063167190337701, 10.063167190337701] and parameters: {'k1': 0.09738633019266786, 'D_low': 98.98117700885537, 'k2': 1.7748726309834853e-05, 'D_high': 1024.9816559563214, 'fire_exp': 1.1258453832483524, 'P_half': 220.3445560633069, 'pre_dampen_half': 502.5175192217655, 'gpp_af': 0.015769192447197523, 'gpp_b': 0.00012118589392553798, 'gpp_d': 2.8006820077310213, 'ign_k': 8.761971101023693, 'ign_c': 0.9294394155644988, 'trop_agb_crit': 9.836162684900028, 'trop_k_veg': 6.999477065942703, 'fuel_k': 4.680936683972861, 'fuel_half': 15.29850686893745}.
[I 2026-06-11 01:04:15,995] Trial 740 finished with values: [10.769230769178105, 10.769230769178105] and parameters: {'k1': 0.004312951023617458, 'D_low': 4.484744524732794, 'k2': 0.03865036856259725, 'D_high': 1390.2686711035008, 'fire_exp': 1.2310899049053081, 'P_half': 16.051347487097576, 'pre_dampen_half': 502.5175192217655, 'gpp_af': 0.005618069878716736, 'gpp_b': 0.011390237215927782, 'gpp_d': 9.004606022643067, 'ign_k': 0.5131654955148326, 'ign_c': 970.0350245893918, 'trop_agb_crit': 15.934292526012918, 'trop_k_veg': 1.4584243470991722, 'fuel_k': 0.09252659617259135, 'fuel_half': 52.00581729114123}.
[I 2026-06-11 01:04:17,420] Trial 741 finished with values: [-0.7020790477768959, 0.5409673125024789] and parameters: {'k1': 0.05233480488540085, 'D_low': 5.59983195169599, 'k2': 1.127217425995114e-05, 'D_high': 1024.9816559563214, 'fire_exp': 1.1258453832483524, 'P_half': 13.019246714361572, 'pre_dampen_half': 502.5175192217655, 'gpp_af': 0.005618069878716736, 'gpp_b': 0.00012118589392553798, 'gpp_d': 12.324765692041675, 'ign_k': 8.761971101023693, 'ign_c': 15.221840161091626, 'trop_agb_crit': 9.836162684900028, 'trop_k_veg': 1.4584243470991722, 'fuel_k': 4.680936683972861, 'fuel_half': 15.29850686893745}.
[I 2026-06-11 01:04:18,829] Trial 742 finished with values: [10.040046667176433, 10.040046667176433] and parameters: {'k1': 0.004312951023617458, 'D_low': 4.484744524732794, 'k2': 0.0005708731724249573, 'D_high': 3712.591045287726, 'fire_exp': 1.0114396646447246, 'P_half': 16.051347487097576, 'pre_dampen_half': 502.5175192217655, 'gpp_af': 0.008562341633595545, 'gpp_b': 7.402343469704428e-05, 'gpp_d': 11.91508626986522, 'ign_k': 0.5131654955148326, 'ign_c': 15.221840161091626, 'trop_agb_crit': 24.584290528289387, 'trop_k_veg': 1.4584243470991722, 'fuel_k': 0.09687984402504125, 'fuel_half': 15.29850686893745}.
[I 2026-06-11 01:04:20,287] Trial 743 finished with values: [10.01552252768898, 10.01552252768898] and parameters: {'k1': 0.09738633019266786, 'D_low': 4.484744524732794, 'k2': 0.03865036856259725, 'D_high': 1024.9816559563214, 'fire_exp': 1.2310899049053081, 'P_half': 10.226988730324324, 'pre_dampen_half': 502.5175192217655, 'gpp_af': 0.008562341633595545, 'gpp_b': 0.00010318352929732131, 'gpp_d': 34.97224310873812, 'ign_k': 8.761971101023693, 'ign_c': 0.9294394155644988, 'trop_agb_crit': 9.836162684900028, 'trop_k_veg': 2.8224577471047865, 'fuel_k': 0.05597555634027867, 'fuel_half': 52.00581729114123}.
[I 2026-06-11 01:04:21,824] Trial 744 finished with values: [-0.6965603885069327, 0.22617812715134522] and parameters: {'k1': 0.09738633019266786, 'D_low': 5.59983195169599, 'k2': 0.0027431991397796683, 'D_high': 1024.9816559563214, 'fire_exp': 1.1258453832483524, 'P_half': 10.226988730324324, 'pre_dampen_half': 502.5175192217655, 'gpp_af': 0.008562341633595545, 'gpp_b': 7.402343469704428e-05, 'gpp_d': 0.23485690470339216, 'ign_k': 8.761971101023693, 'ign_c': 0.11650681118986138, 'trop_agb_crit': 2.8338296020180445, 'trop_k_veg': 0.5772603928610088, 'fuel_k': 0.05597555634027867, 'fuel_half': 15.29850686893745}.
[I 2026-06-11 01:04:23,628] Trial 745 finished with values: [11.549742716154354, 11.549742716154354] and parameters: {'k1': 0.004312951023617458, 'D_low': 92.55037589041179, 'k2': 0.03865036856259725, 'D_high': 1390.2686711035008, 'fire_exp': 1.1258453832483524, 'P_half': 16.051347487097576, 'pre_dampen_half': 502.5175192217655, 'gpp_af': 0.015769192447197523, 'gpp_b': 7.402343469704428e-05, 'gpp_d': 0.23485690470339216, 'ign_k': 8.761971101023693, 'ign_c': 0.11650681118986138, 'trop_agb_crit': 1.310122900330372, 'trop_k_veg': 2.8197814416756284, 'fuel_k': 3.6992394681929337, 'fuel_half': 0.14319038307687884}.
[I 2026-06-11 01:04:25,286] Trial 746 finished with values: [-0.7608071366092508, 0.14431432492689578] and parameters: {'k1': 0.09738633019266786, 'D_low': 98.98117700885537, 'k2': 0.011469197890812934, 'D_high': 1024.9816559563214, 'fire_exp': 1.1258453832483524, 'P_half': 220.3445560633069, 'pre_dampen_half': 502.5175192217655, 'gpp_af': 0.015769192447197523, 'gpp_b': 0.00012118589392553798, 'gpp_d': 2.8006820077310213, 'ign_k': 8.761971101023693, 'ign_c': 0.11650681118986138, 'trop_agb_crit': 9.836162684900028, 'trop_k_veg': 4.599337386928772, 'fuel_k': 0.05597555634027867, 'fuel_half': 27.4762346187747}.
[I 2026-06-11 01:04:26,670] Trial 747 finished with values: [10.509077662147359, 10.509077662147359] and parameters: {'k1': 0.09738633019266786, 'D_low': 4.484744524732794, 'k2': 0.011469197890812934, 'D_high': 1282.8203940471885, 'fire_exp': 1.1258453832483524, 'P_half': 220.3445560633069, 'pre_dampen_half': 1.3502584986530777, 'gpp_af': 0.008562341633595545, 'gpp_b': 0.00012118589392553798, 'gpp_d': 2.8006820077310213, 'ign_k': 8.761971101023693, 'ign_c': 0.11650681118986138, 'trop_agb_crit': 24.584290528289387, 'trop_k_veg': 4.599337386928772, 'fuel_k': 4.680936683972861, 'fuel_half': 27.4762346187747}.
[I 2026-06-11 01:04:28,012] Trial 748 finished with values: [10.020602771029132, 10.020602771029132] and parameters: {'k1': 0.00013783578294796384, 'D_low': 92.55037589041179, 'k2': 1.915468390724633e-05, 'D_high': 1024.9816559563214, 'fire_exp': 1.0114396646447246, 'P_half': 16.051347487097576, 'pre_dampen_half': 502.5175192217655, 'gpp_af': 0.005618069878716736, 'gpp_b': 7.402343469704428e-05, 'gpp_d': 2.8006820077310213, 'ign_k': 8.761971101023693, 'ign_c': 0.9294394155644988, 'trop_agb_crit': 24.584290528289387, 'trop_k_veg': 5.546867170791755, 'fuel_k': 0.5964469943278032, 'fuel_half': 2.9236782115513154}.
[I 2026-06-11 01:04:29,724] Trial 749 finished with values: [10.026192361504298, 10.026192361504298] and parameters: {'k1': 0.09738633019266786, 'D_low': 4.484744524732794, 'k2': 0.006051580666890612, 'D_high': 1024.9816559563214, 'fire_exp': 1.1258453832483524, 'P_half': 38.82837025280678, 'pre_dampen_half': 36.876350096203005, 'gpp_af': 0.0876577878178163, 'gpp_b': 3.228689523591491e-05, 'gpp_d': 302.3127748796293, 'ign_k': 4.591485216740537, 'ign_c': 0.9294394155644988, 'trop_agb_crit': 6.1198430581046965, 'trop_k_veg': 0.5772603928610088, 'fuel_k': 0.04572914063536324, 'fuel_half': 0.12399445060149628}.
[I 2026-06-11 01:04:31,132] Trial 750 finished with values: [11.680695221454293, 11.680695221454293] and parameters: {'k1': 0.09738633019266786, 'D_low': 19.987581927614485, 'k2': 0.012413450098922581, 'D_high': 1024.9816559563214, 'fire_exp': 1.1258453832483524, 'P_half': 16.051347487097576, 'pre_dampen_half': 36.876350096203005, 'gpp_af': 0.015769192447197523, 'gpp_b': 3.228689523591491e-05, 'gpp_d': 314.6826989726468, 'ign_k': 8.761971101023693, 'ign_c': 0.9294394155644988, 'trop_agb_crit': 5.707205898008383, 'trop_k_veg': 2.8224577471047865, 'fuel_k': 4.680936683972861, 'fuel_half': 0.12399445060149628}.
[I 2026-06-11 01:04:32,522] Trial 751 finished with values: [10.700296191717003, 10.700296191717003] and parameters: {'k1': 0.09738633019266786, 'D_low': 3.3330475309216197, 'k2': 0.0027431991397796683, 'D_high': 1024.9816559563214, 'fire_exp': 1.0889492364376547, 'P_half': 1.4378290221680121, 'pre_dampen_half': 502.5175192217655, 'gpp_af': 27.10323160002812, 'gpp_b': 7.402343469704428e-05, 'gpp_d': 0.0581159974343924, 'ign_k': 0.2387290889916325, 'ign_c': 0.9294394155644988, 'trop_agb_crit': 9.836162684900028, 'trop_k_veg': 2.8224577471047865, 'fuel_k': 0.04572914063536324, 'fuel_half': 65.99277195883643}.
[I 2026-06-11 01:04:33,862] Trial 752 finished with values: [10.44919811447744, 10.44919811447744] and parameters: {'k1': 0.004312951023617458, 'D_low': 90.71933427331369, 'k2': 0.0034207303670092245, 'D_high': 1024.9816559563214, 'fire_exp': 1.1258453832483524, 'P_half': 10.226988730324324, 'pre_dampen_half': 502.5175192217655, 'gpp_af': 0.008562341633595545, 'gpp_b': 0.004996983241344723, 'gpp_d': 0.23485690470339216, 'ign_k': 0.47081597932501906, 'ign_c': 6.390695092073219, 'trop_agb_crit': 1.310122900330372, 'trop_k_veg': 1.4584243470991722, 'fuel_k': 0.05597555634027867, 'fuel_half': 15.29850686893745}.
[I 2026-06-11 01:04:35,202] Trial 753 finished with values: [10.091883897457022, 10.091883897457022] and parameters: {'k1': 6.004682478324439e-05, 'D_low': 98.98117700885537, 'k2': 0.011469197890812934, 'D_high': 1024.9816559563214, 'fire_exp': 1.1258453832483524, 'P_half': 220.3445560633069, 'pre_dampen_half': 502.5175192217655, 'gpp_af': 0.015769192447197523, 'gpp_b': 0.00012118589392553798, 'gpp_d': 2.8006820077310213, 'ign_k': 8.761971101023693, 'ign_c': 0.11650681118986138, 'trop_agb_crit': 5.707205898008383, 'trop_k_veg': 4.599337386928772, 'fuel_k': 4.680936683972861, 'fuel_half': 27.4762346187747}.
[I 2026-06-11 01:04:36,526] Trial 754 finished with values: [10.38643269831784, 10.38643269831784] and parameters: {'k1': 0.00013783578294796384, 'D_low': 2.2281634177046414, 'k2': 0.02989647175615661, 'D_high': 295.8267235643844, 'fire_exp': 1.0881360604103363, 'P_half': 16.051347487097576, 'pre_dampen_half': 36.876350096203005, 'gpp_af': 0.326288637536534, 'gpp_b': 3.228689523591491e-05, 'gpp_d': 9.004606022643067, 'ign_k': 0.5131654955148326, 'ign_c': 0.1867876836333246, 'trop_agb_crit': 6.1198430581046965, 'trop_k_veg': 1.6340262437673854, 'fuel_k': 2.5629765645018394, 'fuel_half': 1.7473876325395625}.
[I 2026-06-11 01:04:37,908] Trial 755 finished with values: [-0.765586765358354, 0.2437391938121547] and parameters: {'k1': 0.09738633019266786, 'D_low': 10.733257635049776, 'k2': 0.011469197890812934, 'D_high': 1024.9816559563214, 'fire_exp': 1.2310899049053081, 'P_half': 10.226988730324324, 'pre_dampen_half': 502.5175192217655, 'gpp_af': 0.008562341633595545, 'gpp_b': 0.00010318352929732131, 'gpp_d': 0.23485690470339216, 'ign_k': 0.5131654955148326, 'ign_c': 0.11650681118986138, 'trop_agb_crit': 9.836162684900028, 'trop_k_veg': 0.5772603928610088, 'fuel_k': 0.05597555634027867, 'fuel_half': 60.39526675016393}.
[I 2026-06-11 01:04:39,303] Trial 756 finished with values: [-0.7673412851376074, 0.32523449185880193] and parameters: {'k1': 0.09738633019266786, 'D_low': 4.484744524732794, 'k2': 0.006051580666890612, 'D_high': 1024.9816559563214, 'fire_exp': 1.1258453832483524, 'P_half': 13.019246714361572, 'pre_dampen_half': 502.5175192217655, 'gpp_af': 0.0876577878178163, 'gpp_b': 7.402343469704428e-05, 'gpp_d': 2.8006820077310213, 'ign_k': 8.761971101023693, 'ign_c': 15.221840161091626, 'trop_agb_crit': 5.707205898008383, 'trop_k_veg': 0.5772603928610088, 'fuel_k': 0.04572914063536324, 'fuel_half': 15.29850686893745}.
[I 2026-06-11 01:04:40,678] Trial 757 finished with values: [10.705182258662306, 10.705182258662306] and parameters: {'k1': 0.004312951023617458, 'D_low': 1.4045842344024697, 'k2': 0.03865036856259725, 'D_high': 3712.591045287726, 'fire_exp': 6.722609665434056, 'P_half': 16.051347487097576, 'pre_dampen_half': 347.79988160923324, 'gpp_af': 0.015769192447197523, 'gpp_b': 0.0054502936945582505, 'gpp_d': 46.566318342356254, 'ign_k': 3.0409816628297026, 'ign_c': 15.221840161091626, 'trop_agb_crit': 9.836162684900028, 'trop_k_veg': 4.219931482382712, 'fuel_k': 0.010731156315400357, 'fuel_half': 0.6370755274604819}.
[I 2026-06-11 01:04:41,997] Trial 758 finished with values: [10.07793159129026, 10.07793159129026] and parameters: {'k1': 0.0004619723604324944, 'D_low': 572.6112503516231, 'k2': 7.67074891445376e-05, 'D_high': 1024.9816559563214, 'fire_exp': 1.2310899049053081, 'P_half': 16.051347487097576, 'pre_dampen_half': 502.5175192217655, 'gpp_af': 0.015769192447197523, 'gpp_b': 7.402343469704428e-05, 'gpp_d': 2.5510604992870745, 'ign_k': 0.5131654955148326, 'ign_c': 0.11650681118986138, 'trop_agb_crit': 5.707205898008383, 'trop_k_veg': 1.4584243470991722, 'fuel_k': 3.6992394681929337, 'fuel_half': 0.14319038307687884}.
[I 2026-06-11 01:04:43,339] Trial 759 finished with values: [10.271870303743857, 10.271870303743857] and parameters: {'k1': 0.00013783578294796384, 'D_low': 4.484744524732794, 'k2': 0.0027431991397796683, 'D_high': 1024.9816559563214, 'fire_exp': 1.1258453832483524, 'P_half': 16.051347487097576, 'pre_dampen_half': 502.5175192217655, 'gpp_af': 0.005618069878716736, 'gpp_b': 1.7565109007473816e-05, 'gpp_d': 0.012472726063715429, 'ign_k': 8.761971101023693, 'ign_c': 0.9294394155644988, 'trop_agb_crit': 24.584290528289387, 'trop_k_veg': 1.4584243470991722, 'fuel_k': 0.09252659617259135, 'fuel_half': 2.9236782115513154}.
[I 2026-06-11 01:04:44,669] Trial 760 finished with values: [10.580324693960293, 10.580324693960293] and parameters: {'k1': 0.004312951023617458, 'D_low': 4.484744524732794, 'k2': 0.020149789847008874, 'D_high': 1390.2686711035008, 'fire_exp': 1.1258453832483524, 'P_half': 10.226988730324324, 'pre_dampen_half': 0.19909760862828824, 'gpp_af': 0.7539992074650279, 'gpp_b': 7.402343469704428e-05, 'gpp_d': 2.8006820077310213, 'ign_k': 0.5131654955148326, 'ign_c': 0.11650681118986138, 'trop_agb_crit': 24.584290528289387, 'trop_k_veg': 0.5772603928610088, 'fuel_k': 0.05597555634027867, 'fuel_half': 52.00581729114123}.
[I 2026-06-11 01:04:46,011] Trial 761 finished with values: [-0.7180160978076834, 0.13725330641218303] and parameters: {'k1': 0.004312951023617458, 'D_low': 98.98117700885537, 'k2': 0.011469197890812934, 'D_high': 1024.9816559563214, 'fire_exp': 1.1258453832483524, 'P_half': 343.5759946100352, 'pre_dampen_half': 502.5175192217655, 'gpp_af': 0.015769192447197523, 'gpp_b': 7.402343469704428e-05, 'gpp_d': 2.8006820077310213, 'ign_k': 0.5131654955148326, 'ign_c': 0.9294394155644988, 'trop_agb_crit': 5.707205898008383, 'trop_k_veg': 4.599337386928772, 'fuel_k': 0.5964469943278032, 'fuel_half': 2.9236782115513154}.
[I 2026-06-11 01:04:47,386] Trial 762 finished with values: [-0.5813809115041915, 0.21455235466968015] and parameters: {'k1': 0.00013783578294796384, 'D_low': 4.484744524732794, 'k2': 0.0027431991397796683, 'D_high': 1024.9816559563214, 'fire_exp': 1.1258453832483524, 'P_half': 16.051347487097576, 'pre_dampen_half': 502.5175192217655, 'gpp_af': 0.005618069878716736, 'gpp_b': 1.7565109007473816e-05, 'gpp_d': 9.004606022643067, 'ign_k': 8.761971101023693, 'ign_c': 0.9294394155644988, 'trop_agb_crit': 24.584290528289387, 'trop_k_veg': 1.4584243470991722, 'fuel_k': 0.09252659617259135, 'fuel_half': 2.9236782115513154}.
[I 2026-06-11 01:04:48,769] Trial 763 finished with values: [10.697598928598412, 10.697598928598412] and parameters: {'k1': 0.004312951023617458, 'D_low': 2.2281634177046414, 'k2': 0.0007081721844034209, 'D_high': 1390.2686711035008, 'fire_exp': 1.0881360604103363, 'P_half': 16.051347487097576, 'pre_dampen_half': 36.876350096203005, 'gpp_af': 6.330661837630911, 'gpp_b': 3.228689523591491e-05, 'gpp_d': 0.0581159974343924, 'ign_k': 0.034321391362415854, 'ign_c': 6.390695092073219, 'trop_agb_crit': 6.1198430581046965, 'trop_k_veg': 0.5772603928610088, 'fuel_k': 0.04572914063536324, 'fuel_half': 2.9236782115513154}.
[I 2026-06-11 01:04:50,507] Trial 764 finished with values: [-0.7330671494098036, 0.2114297737298333] and parameters: {'k1': 0.004312951023617458, 'D_low': 4.484744524732794, 'k2': 0.03865036856259725, 'D_high': 1024.9816559563214, 'fire_exp': 1.1258453832483524, 'P_half': 13.019246714361572, 'pre_dampen_half': 502.5175192217655, 'gpp_af': 0.0876577878178163, 'gpp_b': 0.004922228103935987, 'gpp_d': 2.8006820077310213, 'ign_k': 0.5131654955148326, 'ign_c': 0.9294394155644988, 'trop_agb_crit': 24.584290528289387, 'trop_k_veg': 0.7312511141991346, 'fuel_k': 0.05597555634027867, 'fuel_half': 7.860326410149304}.
[I 2026-06-11 01:04:51,866] Trial 765 finished with values: [10.19861933434465, 10.19861933434465] and parameters: {'k1': 0.09738633019266786, 'D_low': 5.59983195169599, 'k2': 0.0027431991397796683, 'D_high': 1024.9816559563214, 'fire_exp': 1.1258453832483524, 'P_half': 13.019246714361572, 'pre_dampen_half': 502.5175192217655, 'gpp_af': 0.015769192447197523, 'gpp_b': 0.00012118589392553798, 'gpp_d': 2.8006820077310213, 'ign_k': 8.761971101023693, 'ign_c': 15.221840161091626, 'trop_agb_crit': 19.28597237496244, 'trop_k_veg': 4.599337386928772, 'fuel_k': 4.680936683972861, 'fuel_half': 27.4762346187747}.
[I 2026-06-11 01:04:53,210] Trial 766 finished with values: [10.003835386504067, 10.003835386504067] and parameters: {'k1': 0.004312951023617458, 'D_low': 1.4045842344024697, 'k2': 0.0027431991397796683, 'D_high': 1354.6626168109253, 'fire_exp': 1.0114396646447246, 'P_half': 16.051347487097576, 'pre_dampen_half': 502.5175192217655, 'gpp_af': 0.005618069878716736, 'gpp_b': 7.402343469704428e-05, 'gpp_d': 2.8006820077310213, 'ign_k': 4.591485216740537, 'ign_c': 0.9294394155644988, 'trop_agb_crit': 24.181329527832204, 'trop_k_veg': 5.546867170791755, 'fuel_k': 0.04572914063536324, 'fuel_half': 15.29850686893745}.
[I 2026-06-11 01:04:54,585] Trial 767 finished with values: [-0.7489077253574067, 0.35580084420011626] and parameters: {'k1': 0.004312951023617458, 'D_low': 4.484744524732794, 'k2': 0.006051580666890612, 'D_high': 3712.591045287726, 'fire_exp': 1.1258453832483524, 'P_half': 16.051347487097576, 'pre_dampen_half': 502.5175192217655, 'gpp_af': 0.0876577878178163, 'gpp_b': 0.004922228103935987, 'gpp_d': 2.8006820077310213, 'ign_k': 8.761971101023693, 'ign_c': 0.9294394155644988, 'trop_agb_crit': 24.584290528289387, 'trop_k_veg': 0.5772603928610088, 'fuel_k': 0.04572914063536324, 'fuel_half': 15.29850686893745}.
[I 2026-06-11 01:04:55,984] Trial 768 finished with values: [-0.711969159613653, 0.29467289512497197] and parameters: {'k1': 0.004312951023617458, 'D_low': 138.43328533533267, 'k2': 0.02989647175615661, 'D_high': 1390.2686711035008, 'fire_exp': 1.2310899049053081, 'P_half': 13.019246714361572, 'pre_dampen_half': 502.5175192217655, 'gpp_af': 0.015769192447197523, 'gpp_b': 0.00010318352929732131, 'gpp_d': 9.004606022643067, 'ign_k': 0.5131654955148326, 'ign_c': 0.7257841640690941, 'trop_agb_crit': 24.584290528289387, 'trop_k_veg': 4.1309639246402785, 'fuel_k': 0.05597555634027867, 'fuel_half': 52.00581729114123}.
[I 2026-06-11 01:04:57,334] Trial 769 finished with values: [10.436477853182675, 10.436477853182675] and parameters: {'k1': 0.004312951023617458, 'D_low': 138.43328533533267, 'k2': 1.915468390724633e-05, 'D_high': 3712.591045287726, 'fire_exp': 1.2310899049053081, 'P_half': 16.051347487097576, 'pre_dampen_half': 347.79988160923324, 'gpp_af': 0.015769192447197523, 'gpp_b': 0.0054502936945582505, 'gpp_d': 314.6826989726468, 'ign_k': 0.5131654955148326, 'ign_c': 0.7257841640690941, 'trop_agb_crit': 24.584290528289387, 'trop_k_veg': 2.8224577471047865, 'fuel_k': 0.05597555634027867, 'fuel_half': 52.00581729114123}.
