[I 2026-08-06 00:03:39,557] Trial 1365 finished with values: [10.765544255093369, 10.765544255093369] and parameters: {'k1': 0.005643426708406567, 'D_low': 65.69152413762717, 'k2': 3.706785664265659e-05, 'D_high': 4016.926345849039, 'fire_exp': 1.151006986743773, 'P_half': 12.808863354047988, 'pre_dampen_half': 917.1017259920797, 'gpp_af': 0.533530617354796, 'gpp_b': 0.7987896438549947, 'gpp_d': 0.020481677776252226, 'ign_k': 5.9736167866478125, 'ign_c': 0.11433485956638717}.
[I 2026-08-06 00:03:40,521] Trial 1366 finished with values: [-0.5748415171945146, 0.06992930759149218] and parameters: {'k1': 0.016973078532467004, 'D_low': 2.458603276328005, 'k2': 0.0007081721844034209, 'D_high': 85018.70149611714, 'fire_exp': 1.2943117749495199, 'P_half': 12.808863354047988, 'pre_dampen_half': 703.6426675556048, 'gpp_af': 35.20481045526041, 'gpp_b': 0.7987896438549947, 'gpp_d': 4.5768578731086835, 'ign_k': 5.9736167866478125, 'ign_c': 0.5505316245273476}.
[I 2026-08-06 00:03:41,484] Trial 1367 finished with values: [-0.5804969660801472, 0.08939785873151218] and parameters: {'k1': 0.016973078532467004, 'D_low': 4.051452710153359, 'k2': 0.0019386039125504583, 'D_high': 85018.70149611714, 'fire_exp': 1.151006986743773, 'P_half': 39.03214299767183, 'pre_dampen_half': 703.6426675556048, 'gpp_af': 29.925002022877802, 'gpp_b': 0.7987896438549947, 'gpp_d': 4.5768578731086835, 'ign_k': 0.476373748459372, 'ign_c': 0.11433485956638717}.
[I 2026-08-06 00:03:42,466] Trial 1368 finished with values: [-0.5776349921383235, 0.03365287726874178] and parameters: {'k1': 0.015602015889668856, 'D_low': 31.117676855667376, 'k2': 0.0011220458274837075, 'D_high': 85018.70149611714, 'fire_exp': 1.5201277403788451, 'P_half': 39.03214299767183, 'pre_dampen_half': 917.1017259920797, 'gpp_af': 35.20481045526041, 'gpp_b': 0.10123867001105968, 'gpp_d': 34.37107943937136, 'ign_k': 5.9736167866478125, 'ign_c': 14.810800730363484}.
[I 2026-08-06 00:03:43,444] Trial 1369 finished with values: [-0.5749188750152143, 0.07057126471949948] and parameters: {'k1': 0.016973078532467004, 'D_low': 158.82035726402376, 'k2': 0.0499774937030317, 'D_high': 85018.70149611714, 'fire_exp': 1.151006986743773, 'P_half': 12.808863354047988, 'pre_dampen_half': 703.6426675556048, 'gpp_af': 11.234842109991876, 'gpp_b': 0.7987896438549947, 'gpp_d': 4.5768578731086835, 'ign_k': 5.9736167866478125, 'ign_c': 0.5505316245273476}.
[I 2026-08-06 00:03:44,423] Trial 1370 finished with values: [10.579276297292202, 10.579276297292202] and parameters: {'k1': 0.007333200379637282, 'D_low': 2.458603276328005, 'k2': 0.0007081721844034209, 'D_high': 75773.14388518519, 'fire_exp': 1.151006986743773, 'P_half': 1681.1809836782468, 'pre_dampen_half': 36.876350096203005, 'gpp_af': 35.20481045526041, 'gpp_b': 0.03841303420847976, 'gpp_d': 4.5768578731086835, 'ign_k': 0.4702627143647234, 'ign_c': 0.11433485956638717}.
[I 2026-08-06 00:03:45,389] Trial 1371 finished with values: [10.724948069401838, 10.724948069401838] and parameters: {'k1': 0.016973078532467004, 'D_low': 4.051452710153359, 'k2': 0.034987345440353576, 'D_high': 68913.86015952702, 'fire_exp': 1.151006986743773, 'P_half': 12.808863354047988, 'pre_dampen_half': 1.977877490681658, 'gpp_af': 35.20481045526041, 'gpp_b': 0.10123867001105968, 'gpp_d': 4.5768578731086835, 'ign_k': 0.12828203940471886, 'ign_c': 14.810800730363484}.
[I 2026-08-06 00:03:46,354] Trial 1372 finished with values: [10.426400102196657, 10.426400102196657] and parameters: {'k1': 0.005643426708406567, 'D_low': 31.117676855667376, 'k2': 3.706785664265659e-05, 'D_high': 85018.70149611714, 'fire_exp': 1.127084760238533, 'P_half': 12.808863354047988, 'pre_dampen_half': 917.1017259920797, 'gpp_af': 35.20481045526041, 'gpp_b': 0.7987896438549947, 'gpp_d': 4.5768578731086835, 'ign_k': 0.476373748459372, 'ign_c': 14.810800730363484}.
[I 2026-08-06 00:03:47,350] Trial 1373 finished with values: [-0.5812023386750902, 0.07584364789893083] and parameters: {'k1': 0.016973078532467004, 'D_low': 65.69152413762717, 'k2': 0.0499774937030317, 'D_high': 85018.70149611714, 'fire_exp': 1.151006986743773, 'P_half': 12.808863354047988, 'pre_dampen_half': 703.6426675556048, 'gpp_af': 35.20481045526041, 'gpp_b': 0.7987896438549947, 'gpp_d': 4.5768578731086835, 'ign_k': 0.9614686563869651, 'ign_c': 0.11433485956638717}.
[I 2026-08-06 00:03:48,344] Trial 1374 finished with values: [10.279208081270294, 10.279208081270294] and parameters: {'k1': 0.007333200379637282, 'D_low': 31.117676855667376, 'k2': 0.013967310812223448, 'D_high': 85018.70149611714, 'fire_exp': 1.151006986743773, 'P_half': 12.808863354047988, 'pre_dampen_half': 703.6426675556048, 'gpp_af': 11.234842109991876, 'gpp_b': 0.10123867001105968, 'gpp_d': 34.37107943937136, 'ign_k': 0.4702627143647234, 'ign_c': 14.810800730363484}.
[I 2026-08-06 00:03:49,327] Trial 1375 finished with values: [11.53685002297102, 11.53685002297102] and parameters: {'k1': 0.016973078532467004, 'D_low': 4.051452710153359, 'k2': 0.0007081721844034209, 'D_high': 85018.70149611714, 'fire_exp': 1.5201277403788451, 'P_half': 39.03214299767183, 'pre_dampen_half': 703.6426675556048, 'gpp_af': 35.20481045526041, 'gpp_b': 0.10123867001105968, 'gpp_d': 34.37107943937136, 'ign_k': 0.476373748459372, 'ign_c': 0.11433485956638717}.
[I 2026-08-06 00:03:50,747] Trial 1376 finished with values: [-0.576533968010112, 0.04728686032177065] and parameters: {'k1': 0.03232155805617897, 'D_low': 312.92286563608616, 'k2': 0.0499774937030317, 'D_high': 6455.595882939566, 'fire_exp': 1.5201277403788451, 'P_half': 39.03214299767183, 'pre_dampen_half': 111.37963167994629, 'gpp_af': 11.234842109991876, 'gpp_b': 0.10123867001105968, 'gpp_d': 4.5768578731086835, 'ign_k': 5.9736167866478125, 'ign_c': 0.11433485956638717}.
[I 2026-08-06 00:03:51,711] Trial 1377 finished with values: [-0.584880805014142, 0.14478548696331084] and parameters: {'k1': 0.016973078532467004, 'D_low': 4.051452710153359, 'k2': 6.389327191882587e-05, 'D_high': 85018.70149611714, 'fire_exp': 1.151006986743773, 'P_half': 10.826381820576978, 'pre_dampen_half': 36.876350096203005, 'gpp_af': 35.20481045526041, 'gpp_b': 0.03841303420847976, 'gpp_d': 4.5768578731086835, 'ign_k': 5.9736167866478125, 'ign_c': 0.11433485956638717}.
[I 2026-08-06 00:03:52,739] Trial 1378 finished with values: [-0.5819159615299447, 0.07289678116291298] and parameters: {'k1': 0.016973078532467004, 'D_low': 57.22950094567826, 'k2': 0.0007081721844034209, 'D_high': 85018.70149611714, 'fire_exp': 1.151006986743773, 'P_half': 39.03214299767183, 'pre_dampen_half': 703.6426675556048, 'gpp_af': 29.925002022877802, 'gpp_b': 0.7987896438549947, 'gpp_d': 4.5768578731086835, 'ign_k': 0.476373748459372, 'ign_c': 0.4558536260712558}.
[I 2026-08-06 00:03:53,733] Trial 1379 finished with values: [10.574417372588602, 10.574417372588602] and parameters: {'k1': 0.03232155805617897, 'D_low': 29.89885508829526, 'k2': 0.0499774937030317, 'D_high': 209.34387533543727, 'fire_exp': 1.5201277403788451, 'P_half': 39.03214299767183, 'pre_dampen_half': 703.6426675556048, 'gpp_af': 29.925002022877802, 'gpp_b': 0.3471434970420557, 'gpp_d': 4.5768578731086835, 'ign_k': 0.476373748459372, 'ign_c': 0.11433485956638717}.
[I 2026-08-06 00:03:54,727] Trial 1380 finished with values: [10.586074443618779, 10.586074443618779] and parameters: {'k1': 0.03232155805617897, 'D_low': 2.458603276328005, 'k2': 0.0007081721844034209, 'D_high': 85018.70149611714, 'fire_exp': 3.306631963306035, 'P_half': 12.808863354047988, 'pre_dampen_half': 703.6426675556048, 'gpp_af': 35.20481045526041, 'gpp_b': 0.7987896438549947, 'gpp_d': 4.5768578731086835, 'ign_k': 5.9736167866478125, 'ign_c': 0.11433485956638717}.
[I 2026-08-06 00:03:55,704] Trial 1381 finished with values: [10.211678872198707, 10.211678872198707] and parameters: {'k1': 6.59971370969243e-05, 'D_low': 2.458603276328005, 'k2': 0.03245789213111113, 'D_high': 85018.70149611714, 'fire_exp': 1.151006986743773, 'P_half': 12.808863354047988, 'pre_dampen_half': 703.6426675556048, 'gpp_af': 35.20481045526041, 'gpp_b': 0.7987896438549947, 'gpp_d': 4.5768578731086835, 'ign_k': 0.4702627143647234, 'ign_c': 2.592301536155855}.
[I 2026-08-06 00:03:56,670] Trial 1382 finished with values: [-0.5696667340824795, 0.06393376666081507] and parameters: {'k1': 0.016973078532467004, 'D_low': 4.051452710153359, 'k2': 0.032985830257901916, 'D_high': 85018.70149611714, 'fire_exp': 1.2943117749495199, 'P_half': 12.808863354047988, 'pre_dampen_half': 225.3679349322475, 'gpp_af': 35.20481045526041, 'gpp_b': 0.7987896438549947, 'gpp_d': 4.5768578731086835, 'ign_k': 0.476373748459372, 'ign_c': 0.11433485956638717}.
[I 2026-08-06 00:03:57,763] Trial 1383 finished with values: [-0.5795068872992666, 0.03161756833556417] and parameters: {'k1': 0.005643426708406567, 'D_low': 4.051452710153359, 'k2': 0.00038791280730284417, 'D_high': 85018.70149611714, 'fire_exp': 1.5201277403788451, 'P_half': 39.03214299767183, 'pre_dampen_half': 703.6426675556048, 'gpp_af': 35.20481045526041, 'gpp_b': 0.10123867001105968, 'gpp_d': 34.37107943937136, 'ign_k': 0.4702627143647234, 'ign_c': 14.810800730363484}.
[I 2026-08-06 00:03:58,743] Trial 1384 finished with values: [10.181446745867456, 10.181446745867456] and parameters: {'k1': 0.03232155805617897, 'D_low': 4.051452710153359, 'k2': 0.0007081721844034209, 'D_high': 6455.595882939566, 'fire_exp': 1.5201277403788451, 'P_half': 39.03214299767183, 'pre_dampen_half': 111.37963167994629, 'gpp_af': 11.234842109991876, 'gpp_b': 0.00027088020428497265, 'gpp_d': 1.8038346327156136, 'ign_k': 8.708806168038564, 'ign_c': 14.810800730363484}.
[I 2026-08-06 00:03:59,737] Trial 1385 finished with values: [10.768979606985157, 10.768979606985157] and parameters: {'k1': 0.007333200379637282, 'D_low': 1224.75692929812, 'k2': 0.0499774937030317, 'D_high': 85018.70149611714, 'fire_exp': 1.151006986743773, 'P_half': 12.808863354047988, 'pre_dampen_half': 703.6426675556048, 'gpp_af': 0.0013672159181644784, 'gpp_b': 0.7987896438549947, 'gpp_d': 4.5768578731086835, 'ign_k': 5.9736167866478125, 'ign_c': 0.11433485956638717}.
[I 2026-08-06 00:04:00,716] Trial 1386 finished with values: [10.315005238811302, 10.315005238811302] and parameters: {'k1': 0.005643426708406567, 'D_low': 31.117676855667376, 'k2': 3.706785664265659e-05, 'D_high': 85018.70149611714, 'fire_exp': 1.5201277403788451, 'P_half': 12.808863354047988, 'pre_dampen_half': 703.6426675556048, 'gpp_af': 11.234842109991876, 'gpp_b': 0.10123867001105968, 'gpp_d': 4.5768578731086835, 'ign_k': 5.9736167866478125, 'ign_c': 0.11433485956638717}.
[I 2026-08-06 00:04:02,242] Trial 1387 finished with values: [10.37660340558674, 10.37660340558674] and parameters: {'k1': 0.016594187721123744, 'D_low': 4.051452710153359, 'k2': 0.0007081721844034209, 'D_high': 85018.70149611714, 'fire_exp': 1.5292421264264235, 'P_half': 12.808863354047988, 'pre_dampen_half': 703.6426675556048, 'gpp_af': 2.9865936975455876, 'gpp_b': 0.10123867001105968, 'gpp_d': 4.5768578731086835, 'ign_k': 0.0018231330540095124, 'ign_c': 14.810800730363484}.
[I 2026-08-06 00:04:03,659] Trial 1388 finished with values: [10.037606858707036, 10.037606858707036] and parameters: {'k1': 0.015602015889668856, 'D_low': 4.051452710153359, 'k2': 0.00038791280730284417, 'D_high': 54669.374787660905, 'fire_exp': 1.151006986743773, 'P_half': 39.03214299767183, 'pre_dampen_half': 53.73093479067421, 'gpp_af': 35.20481045526041, 'gpp_b': 0.10123867001105968, 'gpp_d': 34.37107943937136, 'ign_k': 5.9736167866478125, 'ign_c': 14.810800730363484}.
[I 2026-08-06 00:04:04,620] Trial 1389 finished with values: [11.137948447259587, 11.137948447259587] and parameters: {'k1': 0.005643426708406567, 'D_low': 31.117676855667376, 'k2': 0.00038791280730284417, 'D_high': 54669.374787660905, 'fire_exp': 1.5201277403788451, 'P_half': 39.03214299767183, 'pre_dampen_half': 703.6426675556048, 'gpp_af': 11.234842109991876, 'gpp_b': 0.10123867001105968, 'gpp_d': 34.37107943937136, 'ign_k': 5.9736167866478125, 'ign_c': 6.160975294741436}.
[I 2026-08-06 00:04:05,566] Trial 1390 finished with values: [-0.5909625216106777, 0.0876484091292552] and parameters: {'k1': 0.015602015889668856, 'D_low': 31.117676855667376, 'k2': 0.0499774937030317, 'D_high': 75773.14388518519, 'fire_exp': 1.5201277403788451, 'P_half': 39.03214299767183, 'pre_dampen_half': 36.876350096203005, 'gpp_af': 35.20481045526041, 'gpp_b': 0.10123867001105968, 'gpp_d': 34.37107943937136, 'ign_k': 0.4702627143647234, 'ign_c': 2.4511692798424947}.
[I 2026-08-06 00:04:06,542] Trial 1391 finished with values: [-0.5556722180830882, 0.05860381846578688] and parameters: {'k1': 0.005643426708406567, 'D_low': 31.117676855667376, 'k2': 0.00038791280730284417, 'D_high': 85018.70149611714, 'fire_exp': 1.151006986743773, 'P_half': 12.808863354047988, 'pre_dampen_half': 703.6426675556048, 'gpp_af': 11.234842109991876, 'gpp_b': 0.7987896438549947, 'gpp_d': 34.37107943937136, 'ign_k': 5.9736167866478125, 'ign_c': 14.810800730363484}.
[I 2026-08-06 00:04:07,485] Trial 1392 finished with values: [10.1532033968018, 10.1532033968018] and parameters: {'k1': 0.005643426708406567, 'D_low': 4.051452710153359, 'k2': 0.0007081721844034209, 'D_high': 85018.70149611714, 'fire_exp': 1.151006986743773, 'P_half': 12.808863354047988, 'pre_dampen_half': 703.6426675556048, 'gpp_af': 35.20481045526041, 'gpp_b': 0.10123867001105968, 'gpp_d': 4.5768578731086835, 'ign_k': 5.9736167866478125, 'ign_c': 14.810800730363484}.
[I 2026-08-06 00:04:08,464] Trial 1393 finished with values: [10.566970697400034, 10.566970697400034] and parameters: {'k1': 0.016973078532467004, 'D_low': 4.051452710153359, 'k2': 0.00038791280730284417, 'D_high': 85018.70149611714, 'fire_exp': 1.2943117749495199, 'P_half': 39.03214299767183, 'pre_dampen_half': 703.6426675556048, 'gpp_af': 35.20481045526041, 'gpp_b': 0.7987896438549947, 'gpp_d': 34.37107943937136, 'ign_k': 0.476373748459372, 'ign_c': 6.160975294741436}.
[I 2026-08-06 00:04:09,458] Trial 1394 finished with values: [10.155750211860184, 10.155750211860184] and parameters: {'k1': 0.016973078532467004, 'D_low': 29.89885508829526, 'k2': 0.0499774937030317, 'D_high': 85018.70149611714, 'fire_exp': 2.9102572298675855, 'P_half': 39.03214299767183, 'pre_dampen_half': 703.6426675556048, 'gpp_af': 35.20481045526041, 'gpp_b': 0.10123867001105968, 'gpp_d': 4.5768578731086835, 'ign_k': 0.4702627143647234, 'ign_c': 0.11433485956638717}.
[I 2026-08-06 00:04:10,438] Trial 1395 finished with values: [-0.5752606004953859, 0.03152114547315399] and parameters: {'k1': 0.005643426708406567, 'D_low': 4.051452710153359, 'k2': 1.702637694606324e-05, 'D_high': 85018.70149611714, 'fire_exp': 1.2943117749495199, 'P_half': 12.808863354047988, 'pre_dampen_half': 703.6426675556048, 'gpp_af': 35.16422330469638, 'gpp_b': 0.10123867001105968, 'gpp_d': 34.37107943937136, 'ign_k': 5.9736167866478125, 'ign_c': 14.810800730363484}.
[I 2026-08-06 00:04:12,658] Trial 1396 finished with values: [10.323103762768756, 10.323103762768756] and parameters: {'k1': 0.016973078532467004, 'D_low': 29.89885508829526, 'k2': 0.0007081721844034209, 'D_high': 85018.70149611714, 'fire_exp': 1.151006986743773, 'P_half': 142.82597314566826, 'pre_dampen_half': 703.6426675556048, 'gpp_af': 35.20481045526041, 'gpp_b': 0.7987896438549947, 'gpp_d': 4.5768578731086835, 'ign_k': 0.4702627143647234, 'ign_c': 9.800540600083304}.
[I 2026-08-06 00:04:13,956] Trial 1397 finished with values: [12.070043306146964, 12.070043306146964] and parameters: {'k1': 0.03232155805617897, 'D_low': 2.458603276328005, 'k2': 0.0007081721844034209, 'D_high': 75773.14388518519, 'fire_exp': 1.151006986743773, 'P_half': 12.808863354047988, 'pre_dampen_half': 703.6426675556048, 'gpp_af': 2.9865936975455876, 'gpp_b': 0.10123867001105968, 'gpp_d': 4.5768578731086835, 'ign_k': 5.9736167866478125, 'ign_c': 0.2641768757953155}.
[I 2026-08-06 00:04:15,049] Trial 1398 finished with values: [-0.57752287794077, 0.08644156346013665] and parameters: {'k1': 0.016973078532467004, 'D_low': 2.458603276328005, 'k2': 3.706785664265659e-05, 'D_high': 85018.70149611714, 'fire_exp': 1.151006986743773, 'P_half': 12.808863354047988, 'pre_dampen_half': 703.6426675556048, 'gpp_af': 35.20481045526041, 'gpp_b': 0.7987896438549947, 'gpp_d': 4.5768578731086835, 'ign_k': 5.9736167866478125, 'ign_c': 0.11433485956638717}.
[I 2026-08-06 00:04:16,030] Trial 1399 finished with values: [10.433203772977325, 10.433203772977325] and parameters: {'k1': 0.005643426708406567, 'D_low': 70.18267183720735, 'k2': 0.0007081721844034209, 'D_high': 85018.70149611714, 'fire_exp': 1.151006986743773, 'P_half': 12.808863354047988, 'pre_dampen_half': 703.6426675556048, 'gpp_af': 1.9226512897582446, 'gpp_b': 0.7987896438549947, 'gpp_d': 4.5768578731086835, 'ign_k': 0.476373748459372, 'ign_c': 0.11433485956638717}.
[I 2026-08-06 00:04:16,960] Trial 1400 finished with values: [10.761765386773588, 10.761765386773588] and parameters: {'k1': 0.016973078532467004, 'D_low': 1942.730875500185, 'k2': 0.0499774937030317, 'D_high': 6455.595882939566, 'fire_exp': 1.2943117749495199, 'P_half': 12.808863354047988, 'pre_dampen_half': 0.798178522480916, 'gpp_af': 11.234842109991876, 'gpp_b': 0.09610325935041866, 'gpp_d': 4.5768578731086835, 'ign_k': 0.4702627143647234, 'ign_c': 0.11433485956638717}.
[I 2026-08-06 00:04:17,902] Trial 1401 finished with values: [10.041590507322866, 10.041590507322866] and parameters: {'k1': 0.016594187721123744, 'D_low': 4.051452710153359, 'k2': 0.0007081721844034209, 'D_high': 85018.70149611714, 'fire_exp': 1.151006986743773, 'P_half': 12.808863354047988, 'pre_dampen_half': 703.6426675556048, 'gpp_af': 35.20481045526041, 'gpp_b': 0.10123867001105968, 'gpp_d': 34.37107943937136, 'ign_k': 5.9736167866478125, 'ign_c': 14.810800730363484}.
[I 2026-08-06 00:04:18,850] Trial 1402 finished with values: [10.18760719003443, 10.18760719003443] and parameters: {'k1': 0.005643426708406567, 'D_low': 29.89885508829526, 'k2': 0.01266039931354181, 'D_high': 72095.24393416548, 'fire_exp': 1.151006986743773, 'P_half': 39.03214299767183, 'pre_dampen_half': 703.6426675556048, 'gpp_af': 35.20481045526041, 'gpp_b': 0.10123867001105968, 'gpp_d': 4.5768578731086835, 'ign_k': 0.4702627143647234, 'ign_c': 14.810800730363484}.
[I 2026-08-06 00:04:19,816] Trial 1403 finished with values: [-0.574076616624734, 0.09437229613903098] and parameters: {'k1': 0.005643426708406567, 'D_low': 158.82035726402376, 'k2': 0.0007081721844034209, 'D_high': 85018.70149611714, 'fire_exp': 1.151006986743773, 'P_half': 6.532295709354627, 'pre_dampen_half': 917.1017259920797, 'gpp_af': 11.234842109991876, 'gpp_b': 0.7987896438549947, 'gpp_d': 4.5768578731086835, 'ign_k': 5.9736167866478125, 'ign_c': 0.11433485956638717}.
[I 2026-08-06 00:04:20,743] Trial 1404 finished with values: [10.446428174887547, 10.446428174887547] and parameters: {'k1': 0.007333200379637282, 'D_low': 31.117676855667376, 'k2': 0.00038791280730284417, 'D_high': 85018.70149611714, 'fire_exp': 1.151006986743773, 'P_half': 39.03214299767183, 'pre_dampen_half': 703.6426675556048, 'gpp_af': 35.20481045526041, 'gpp_b': 0.7987896438549947, 'gpp_d': 4.5768578731086835, 'ign_k': 0.4702627143647234, 'ign_c': 14.810800730363484}.
[I 2026-08-06 00:04:21,677] Trial 1405 finished with values: [10.130482822503964, 10.130482822503964] and parameters: {'k1': 0.005643426708406567, 'D_low': 2.458603276328005, 'k2': 3.706785664265659e-05, 'D_high': 85018.70149611714, 'fire_exp': 1.151006986743773, 'P_half': 12.808863354047988, 'pre_dampen_half': 703.6426675556048, 'gpp_af': 35.20481045526041, 'gpp_b': 0.7987896438549947, 'gpp_d': 10.409702860563906, 'ign_k': 0.12397054908843057, 'ign_c': 1.6676205667297381}.
[I 2026-08-06 00:04:22,582] Trial 1406 finished with values: [10.22515425189445, 10.22515425189445] and parameters: {'k1': 0.007333200379637282, 'D_low': 29.89885508829526, 'k2': 0.00014078352411766088, 'D_high': 85018.70149611714, 'fire_exp': 1.5201277403788451, 'P_half': 12.808863354047988, 'pre_dampen_half': 92.10264346077673, 'gpp_af': 35.20481045526041, 'gpp_b': 0.029211926233813405, 'gpp_d': 34.37107943937136, 'ign_k': 0.4702627143647234, 'ign_c': 6.160975294741436}.
[I 2026-08-06 00:04:23,511] Trial 1407 finished with values: [10.201917481885683, 10.201917481885683] and parameters: {'k1': 0.005643426708406567, 'D_low': 4.051452710153359, 'k2': 0.00038791280730284417, 'D_high': 85018.70149611714, 'fire_exp': 1.151006986743773, 'P_half': 12.808863354047988, 'pre_dampen_half': 703.6426675556048, 'gpp_af': 2.9865936975455876, 'gpp_b': 0.10123867001105968, 'gpp_d': 14.890596236621091, 'ign_k': 0.4702627143647234, 'ign_c': 14.810800730363484}.
[I 2026-08-06 00:04:24,468] Trial 1408 finished with values: [10.236253576948027, 10.236253576948027] and parameters: {'k1': 0.016973078532467004, 'D_low': 2.458603276328005, 'k2': 0.0007081721844034209, 'D_high': 85018.70149611714, 'fire_exp': 1.151006986743773, 'P_half': 39.03214299767183, 'pre_dampen_half': 36.876350096203005, 'gpp_af': 35.20481045526041, 'gpp_b': 0.7987896438549947, 'gpp_d': 4.5768578731086835, 'ign_k': 1.786252932834922, 'ign_c': 0.11433485956638717}.
[I 2026-08-06 00:04:25,392] Trial 1409 finished with values: [10.643560204530484, 10.643560204530484] and parameters: {'k1': 0.015602015889668856, 'D_low': 4.051452710153359, 'k2': 0.0007081721844034209, 'D_high': 85018.70149611714, 'fire_exp': 1.5201277403788451, 'P_half': 39.03214299767183, 'pre_dampen_half': 97.62719199426238, 'gpp_af': 0.09546679952518865, 'gpp_b': 0.7987896438549947, 'gpp_d': 4.5768578731086835, 'ign_k': 0.9614686563869651, 'ign_c': 0.11433485956638717}.
