[I 2026-06-10 21:33:45,160] Trial 630 finished with values: [10.80320571293568, 10.80320571293568] and parameters: {'k1': 0.012840669372724958, 'D_low': 21.47868319058961, 'k2': 0.0002172578929502367, 'D_high': 91246.32886689917, 'fire_exp': 1.1103154430776774, 'P_half': 1.6139316358793205, 'pre_dampen_half': 565.0116730717873, 'gpp_af': 28.269551568161315, 'gpp_b': 1.284284091405877e-05, 'gpp_d': 229.41380323183625, 'ign_k': 0.012868405331151606, 'ign_c': 1.4940577239079738, 'trop_agb_crit': 15.68644624233575, 'trop_k_veg': 6.45312300188076, 'fuel_k': 0.9221804185592763, 'fuel_half': 0.17108183937377372}.
[I 2026-06-10 21:33:47,902] Trial 631 finished with values: [-0.7489605661766383, 0.3735650744916129] and parameters: {'k1': 0.02228708726011016, 'D_low': 97.43142535650219, 'k2': 0.002884223471687844, 'D_high': 3512.7047262708465, 'fire_exp': 1.2918065501148304, 'P_half': 1.6139316358793205, 'pre_dampen_half': 13.472769577631583, 'gpp_af': 0.22965432344634354, 'gpp_b': 1.284284091405877e-05, 'gpp_d': 32.54021513867688, 'ign_k': 1.1044350847124695, 'ign_c': 22.126836566118193, 'trop_agb_crit': 12.647327018493208, 'trop_k_veg': 3.1997247840069356, 'fuel_k': 4.710433409437072, 'fuel_half': 1.9170041589170652}.
[I 2026-06-10 21:33:50,931] Trial 632 finished with values: [10.519165966207714, 10.519165966207714] and parameters: {'k1': 0.0006579066240690734, 'D_low': 9474.524974021555, 'k2': 7.841214856323651e-05, 'D_high': 61536.58035691648, 'fire_exp': 1.1103154430776774, 'P_half': 13.30003421978439, 'pre_dampen_half': 13.472769577631583, 'gpp_af': 5.056419398267455, 'gpp_b': 0.00012118589392553798, 'gpp_d': 12.338826503601998, 'ign_k': 3.965503094323014, 'ign_c': 0.5655677524618509, 'trop_agb_crit': 27.025726513675966, 'trop_k_veg': 4.129715873342728, 'fuel_k': 4.710433409437072, 'fuel_half': 1.3323297901105768}.
[I 2026-06-10 21:33:53,653] Trial 633 finished with values: [10.237980000256073, 10.237980000256073] and parameters: {'k1': 0.00021901578520649233, 'D_low': 40.12413353131991, 'k2': 0.0004976087827261435, 'D_high': 4439.7320434012145, 'fire_exp': 1.1103154430776774, 'P_half': 221.2683656611821, 'pre_dampen_half': 52.18447053446689, 'gpp_af': 0.3002317246575309, 'gpp_b': 1.284284091405877e-05, 'gpp_d': 32.54021513867688, 'ign_k': 0.17026824884836314, 'ign_c': 0.5655677524618509, 'trop_agb_crit': 12.647327018493208, 'trop_k_veg': 6.45312300188076, 'fuel_k': 0.4182971994460706, 'fuel_half': 11.781063202742125}.
[I 2026-06-10 21:33:56,373] Trial 634 finished with values: [-0.5136239535180018, 0.8817813739297635] and parameters: {'k1': 0.012840669372724958, 'D_low': 525.4883437268169, 'k2': 0.002884223471687844, 'D_high': 8367.6217661692, 'fire_exp': 1.1103154430776774, 'P_half': 2.0598022365449626, 'pre_dampen_half': 857.6556763881457, 'gpp_af': 0.05511595477601767, 'gpp_b': 2.176805640408474e-05, 'gpp_d': 229.41380323183625, 'ign_k': 5.351470428717437, 'ign_c': 0.5655677524618509, 'trop_agb_crit': 10.215415653610627, 'trop_k_veg': 4.129715873342728, 'fuel_k': 0.28328975157735103, 'fuel_half': 11.781063202742125}.
[I 2026-06-10 21:33:59,196] Trial 635 finished with values: [10.340409890951253, 10.340409890951253] and parameters: {'k1': 0.0010495653625093638, 'D_low': 323.7668055684038, 'k2': 0.015109086063191909, 'D_high': 2289.1315306837046, 'fire_exp': 1.2781983515972553, 'P_half': 93.43302657318476, 'pre_dampen_half': 565.0116730717873, 'gpp_af': 0.3002317246575309, 'gpp_b': 1.284284091405877e-05, 'gpp_d': 2.1184980150420962, 'ign_k': 0.02741350741975827, 'ign_c': 1.4940577239079738, 'trop_agb_crit': 5.526463318565575, 'trop_k_veg': 0.7818074020304813, 'fuel_k': 0.4182971994460706, 'fuel_half': 11.781063202742125}.
[I 2026-06-10 21:34:01,579] Trial 636 finished with values: [-0.36512675457125565, 0.8120531615308898] and parameters: {'k1': 0.03865036856259725, 'D_low': 7.857247967427123, 'k2': 0.015109086063191909, 'D_high': 42210.21267871043, 'fire_exp': 1.1485299973549514, 'P_half': 221.2683656611821, 'pre_dampen_half': 13.472769577631583, 'gpp_af': 0.22965432344634354, 'gpp_b': 2.176805640408474e-05, 'gpp_d': 14.423399576193098, 'ign_k': 4.591485216740537, 'ign_c': 1.4940577239079738, 'trop_agb_crit': 10.215415653610627, 'trop_k_veg': 4.7254560805090735, 'fuel_k': 4.710433409437072, 'fuel_half': 85.41272006037322}.
[I 2026-06-10 21:34:03,658] Trial 637 finished with values: [-0.4525508435275445, 0.8405644320771235] and parameters: {'k1': 0.012840669372724958, 'D_low': 5.351452349843333, 'k2': 0.002884223471687844, 'D_high': 91246.32886689917, 'fire_exp': 1.606353818654556, 'P_half': 1.6139316358793205, 'pre_dampen_half': 565.0116730717873, 'gpp_af': 0.3002317246575309, 'gpp_b': 0.00012118589392553798, 'gpp_d': 6.478643450593011, 'ign_k': 0.0013229646467088642, 'ign_c': 0.5655677524618509, 'trop_agb_crit': 5.12586335774155, 'trop_k_veg': 4.7254560805090735, 'fuel_k': 0.9221804185592763, 'fuel_half': 0.17108183937377372}.
[I 2026-06-10 21:34:06,078] Trial 638 finished with values: [10.215099484019413, 10.215099484019413] and parameters: {'k1': 0.02228708726011016, 'D_low': 2.4474057445796826, 'k2': 0.0004976087827261435, 'D_high': 40237.59749324181, 'fire_exp': 1.3806513288500464, 'P_half': 221.2683656611821, 'pre_dampen_half': 243.70551632385417, 'gpp_af': 61.39406964482352, 'gpp_b': 1.284284091405877e-05, 'gpp_d': 32.54021513867688, 'ign_k': 0.02741350741975827, 'ign_c': 0.5655677524618509, 'trop_agb_crit': 2.679156169946616, 'trop_k_veg': 1.331829048405031, 'fuel_k': 0.5182294818798785, 'fuel_half': 1.3323297901105768}.
[I 2026-06-10 21:34:08,291] Trial 639 finished with values: [11.334669470095298, 11.334669470095298] and parameters: {'k1': 0.0006579066240690734, 'D_low': 7.857247967427123, 'k2': 0.0004976087827261435, 'D_high': 42210.21267871043, 'fire_exp': 1.2781983515972553, 'P_half': 5.025876001070715, 'pre_dampen_half': 565.0116730717873, 'gpp_af': 10.067774870299937, 'gpp_b': 2.176805640408474e-05, 'gpp_d': 32.54021513867688, 'ign_k': 5.351470428717437, 'ign_c': 0.5655677524618509, 'trop_agb_crit': 12.647327018493208, 'trop_k_veg': 4.129715873342728, 'fuel_k': 4.710433409437072, 'fuel_half': 1.9170041589170652}.
[I 2026-06-10 21:34:10,486] Trial 640 finished with values: [10.490249602844242, 10.490249602844242] and parameters: {'k1': 0.012840669372724958, 'D_low': 2.4474057445796826, 'k2': 0.015109086063191909, 'D_high': 3512.7047262708465, 'fire_exp': 1.1103154430776774, 'P_half': 221.2683656611821, 'pre_dampen_half': 13.472769577631583, 'gpp_af': 0.24002253099641147, 'gpp_b': 0.00012118589392553798, 'gpp_d': 5.413611219942238, 'ign_k': 0.012868405331151606, 'ign_c': 30.785541778315018, 'trop_agb_crit': 10.691477813613638, 'trop_k_veg': 0.7818074020304813, 'fuel_k': 0.2503625235956924, 'fuel_half': 11.749372490449057}.
[I 2026-06-10 21:34:12,991] Trial 641 finished with values: [10.09863789620383, 10.09863789620383] and parameters: {'k1': 0.0006533684593224971, 'D_low': 2.4474057445796826, 'k2': 0.015109086063191909, 'D_high': 3512.7047262708465, 'fire_exp': 1.423480109671474, 'P_half': 102.4585893986732, 'pre_dampen_half': 32.53305539860191, 'gpp_af': 0.3002317246575309, 'gpp_b': 0.0001605469768042801, 'gpp_d': 12.6084874067596, 'ign_k': 4.591485216740537, 'ign_c': 1.4940577239079738, 'trop_agb_crit': 6.187033415477641, 'trop_k_veg': 6.45312300188076, 'fuel_k': 4.710433409437072, 'fuel_half': 0.17108183937377372}.
[I 2026-06-10 21:34:15,138] Trial 642 finished with values: [10.00624166733026, 10.00624166733026] and parameters: {'k1': 0.03865036856259725, 'D_low': 40.12413353131991, 'k2': 0.0004976087827261435, 'D_high': 40237.59749324181, 'fire_exp': 1.3439845908886636, 'P_half': 93.43302657318476, 'pre_dampen_half': 243.70551632385417, 'gpp_af': 0.3002317246575309, 'gpp_b': 0.005419266601560437, 'gpp_d': 922.1975850381748, 'ign_k': 0.038563028138793747, 'ign_c': 0.5655677524618509, 'trop_agb_crit': 1.3893217624909326, 'trop_k_veg': 4.7254560805090735, 'fuel_k': 0.4182971994460706, 'fuel_half': 1.9170041589170652}.
[I 2026-06-10 21:34:17,509] Trial 643 finished with values: [10.393821509411776, 10.393821509411776] and parameters: {'k1': 0.0006533684593224971, 'D_low': 2.4474057445796826, 'k2': 0.015109086063191909, 'D_high': 91246.32886689917, 'fire_exp': 1.3806513288500464, 'P_half': 13.30003421978439, 'pre_dampen_half': 565.0116730717873, 'gpp_af': 0.3002317246575309, 'gpp_b': 0.014662453726154785, 'gpp_d': 12.6084874067596, 'ign_k': 0.0030257721519613206, 'ign_c': 30.785541778315018, 'trop_agb_crit': 5.12586335774155, 'trop_k_veg': 2.132271839889451, 'fuel_k': 0.17831939405431227, 'fuel_half': 0.17108183937377372}.
[I 2026-06-10 21:34:19,655] Trial 644 finished with values: [-0.5251204141674207, 0.5453392898967322] and parameters: {'k1': 0.012840669372724958, 'D_low': 5.351452349843333, 'k2': 0.015109086063191909, 'D_high': 3512.7047262708465, 'fire_exp': 1.2781983515972553, 'P_half': 1.6139316358793205, 'pre_dampen_half': 13.472769577631583, 'gpp_af': 5.056419398267455, 'gpp_b': 0.00012118589392553798, 'gpp_d': 6.478643450593011, 'ign_k': 3.965503094323014, 'ign_c': 0.5655677524618509, 'trop_agb_crit': 10.215415653610627, 'trop_k_veg': 4.068940870888415, 'fuel_k': 0.9221804185592763, 'fuel_half': 0.17108183937377372}.
[I 2026-06-10 21:34:21,909] Trial 645 finished with values: [10.346037278036645, 10.346037278036645] and parameters: {'k1': 0.03865036856259725, 'D_low': 40.12413353131991, 'k2': 0.002884223471687844, 'D_high': 3512.7047262708465, 'fire_exp': 1.2781983515972553, 'P_half': 221.2683656611821, 'pre_dampen_half': 13.472769577631583, 'gpp_af': 0.22965432344634354, 'gpp_b': 1.284284091405877e-05, 'gpp_d': 229.41380323183625, 'ign_k': 0.02741350741975827, 'ign_c': 1.4940577239079738, 'trop_agb_crit': 12.647327018493208, 'trop_k_veg': 6.45312300188076, 'fuel_k': 0.9221804185592763, 'fuel_half': 1.9170041589170652}.
[I 2026-06-10 21:34:24,058] Trial 646 finished with values: [10.475479281549362, 10.475479281549362] and parameters: {'k1': 0.02228708726011016, 'D_low': 7.857247967427123, 'k2': 0.0004976087827261435, 'D_high': 42210.21267871043, 'fire_exp': 1.2781983515972553, 'P_half': 13.30003421978439, 'pre_dampen_half': 13.472769577631583, 'gpp_af': 0.05468366589489105, 'gpp_b': 2.176805640408474e-05, 'gpp_d': 12.6084874067596, 'ign_k': 1.1044350847124695, 'ign_c': 0.5655677524618509, 'trop_agb_crit': 12.647327018493208, 'trop_k_veg': 4.7254560805090735, 'fuel_k': 4.710433409437072, 'fuel_half': 1.9170041589170652}.
[I 2026-06-10 21:34:26,090] Trial 647 finished with values: [-0.5805010482088719, 0.5508632030716551] and parameters: {'k1': 0.008861249804463229, 'D_low': 5.351452349843333, 'k2': 0.007299613382801458, 'D_high': 40237.59749324181, 'fire_exp': 1.2781983515972553, 'P_half': 13.30003421978439, 'pre_dampen_half': 13.472769577631583, 'gpp_af': 0.3002317246575309, 'gpp_b': 0.005419266601560437, 'gpp_d': 12.6084874067596, 'ign_k': 3.965503094323014, 'ign_c': 0.5655677524618509, 'trop_agb_crit': 10.215415653610627, 'trop_k_veg': 4.7254560805090735, 'fuel_k': 4.710433409437072, 'fuel_half': 11.781063202742125}.
[I 2026-06-10 21:34:28,235] Trial 648 finished with values: [10.404275816873618, 10.404275816873618] and parameters: {'k1': 0.03865036856259725, 'D_low': 323.7668055684038, 'k2': 0.0004976087827261435, 'D_high': 3512.7047262708465, 'fire_exp': 1.3439845908886636, 'P_half': 13.30003421978439, 'pre_dampen_half': 243.70551632385417, 'gpp_af': 0.3002317246575309, 'gpp_b': 0.005419266601560437, 'gpp_d': 12.6084874067596, 'ign_k': 0.038563028138793747, 'ign_c': 0.5655677524618509, 'trop_agb_crit': 9.286923253577127, 'trop_k_veg': 3.1593918863093413, 'fuel_k': 0.4182971994460706, 'fuel_half': 1.9170041589170652}.
[I 2026-06-10 21:34:30,380] Trial 649 finished with values: [-0.3616368748518858, 0.888941701306436] and parameters: {'k1': 0.0006579066240690734, 'D_low': 7.857247967427123, 'k2': 0.002884223471687844, 'D_high': 42210.21267871043, 'fire_exp': 1.2781983515972553, 'P_half': 93.43302657318476, 'pre_dampen_half': 13.472769577631583, 'gpp_af': 0.3002317246575309, 'gpp_b': 2.176805640408474e-05, 'gpp_d': 12.6084874067596, 'ign_k': 1.1044350847124695, 'ign_c': 0.5655677524618509, 'trop_agb_crit': 10.215415653610627, 'trop_k_veg': 4.7254560805090735, 'fuel_k': 4.710433409437072, 'fuel_half': 1.9170041589170652}.
[I 2026-06-10 21:34:32,610] Trial 650 finished with values: [11.649397278803354, 11.649397278803354] and parameters: {'k1': 0.02228708726011016, 'D_low': 40.12413353131991, 'k2': 0.0151984690405096, 'D_high': 3512.7047262708465, 'fire_exp': 1.2781983515972553, 'P_half': 1.6139316358793205, 'pre_dampen_half': 243.70551632385417, 'gpp_af': 0.22965432344634354, 'gpp_b': 1.284284091405877e-05, 'gpp_d': 32.54021513867688, 'ign_k': 0.31292286563608623, 'ign_c': 1.4940577239079738, 'trop_agb_crit': 5.526463318565575, 'trop_k_veg': 6.45312300188076, 'fuel_k': 4.710433409437072, 'fuel_half': 1.9170041589170652}.
[I 2026-06-10 21:34:35,058] Trial 651 finished with values: [10.768966535913892, 10.768966535913892] and parameters: {'k1': 0.002155595057104387, 'D_low': 37.35862630812753, 'k2': 0.002173988526401145, 'D_high': 12124.080603355414, 'fire_exp': 1.1103154430776774, 'P_half': 2.0598022365449626, 'pre_dampen_half': 32.53305539860191, 'gpp_af': 0.053663001820106804, 'gpp_b': 2.176805640408474e-05, 'gpp_d': 14.423399576193098, 'ign_k': 4.591485216740537, 'ign_c': 0.5655677524618509, 'trop_agb_crit': 10.691477813613638, 'trop_k_veg': 5.876643247346733, 'fuel_k': 4.710433409437072, 'fuel_half': 1.3323297901105768}.
[I 2026-06-10 21:34:37,213] Trial 652 finished with values: [10.765811145539907, 10.765811145539907] and parameters: {'k1': 0.0018538092461931478, 'D_low': 899.0768948930038, 'k2': 0.007299613382801458, 'D_high': 42210.21267871043, 'fire_exp': 8.456250107826923, 'P_half': 93.43302657318476, 'pre_dampen_half': 857.6556763881457, 'gpp_af': 0.3002317246575309, 'gpp_b': 0.0001484082099455773, 'gpp_d': 32.54021513867688, 'ign_k': 0.02741350741975827, 'ign_c': 0.5655677524618509, 'trop_agb_crit': 5.12586335774155, 'trop_k_veg': 4.7254560805090735, 'fuel_k': 4.710433409437072, 'fuel_half': 71.14476009343416}.
[I 2026-06-10 21:34:39,289] Trial 653 finished with values: [10.313298886621622, 10.313298886621622] and parameters: {'k1': 0.03865036856259725, 'D_low': 40.12413353131991, 'k2': 0.015109086063191909, 'D_high': 3512.7047262708465, 'fire_exp': 1.2781983515972553, 'P_half': 221.2683656611821, 'pre_dampen_half': 243.70551632385417, 'gpp_af': 5.056419398267455, 'gpp_b': 1.284284091405877e-05, 'gpp_d': 5.413611219942238, 'ign_k': 0.02741350741975827, 'ign_c': 1.4940577239079738, 'trop_agb_crit': 10.691477813613638, 'trop_k_veg': 0.7818074020304813, 'fuel_k': 0.9221804185592763, 'fuel_half': 11.781063202742125}.
[I 2026-06-10 21:34:41,486] Trial 654 finished with values: [-0.44605515594891654, 0.9622710182596639] and parameters: {'k1': 0.05466937478766084, 'D_low': 5.351452349843333, 'k2': 0.002884223471687844, 'D_high': 42210.21267871043, 'fire_exp': 1.2781983515972553, 'P_half': 13.30003421978439, 'pre_dampen_half': 13.472769577631583, 'gpp_af': 0.3002317246575309, 'gpp_b': 2.176805640408474e-05, 'gpp_d': 32.54021513867688, 'ign_k': 5.351470428717437, 'ign_c': 0.5655677524618509, 'trop_agb_crit': 10.215415653610627, 'trop_k_veg': 6.45312300188076, 'fuel_k': 0.28328975157735103, 'fuel_half': 11.781063202742125}.
[I 2026-06-10 21:34:43,473] Trial 655 finished with values: [10.00817282479782, 10.00817282479782] and parameters: {'k1': 0.012840669372724958, 'D_low': 5.351452349843333, 'k2': 0.015109086063191909, 'D_high': 3512.7047262708465, 'fire_exp': 1.5191397119156032, 'P_half': 13.30003421978439, 'pre_dampen_half': 13.472769577631583, 'gpp_af': 0.3002317246575309, 'gpp_b': 0.00012118589392553798, 'gpp_d': 0.149008282603182, 'ign_k': 3.965503094323014, 'ign_c': 0.5655677524618509, 'trop_agb_crit': 10.215415653610627, 'trop_k_veg': 4.129715873342728, 'fuel_k': 4.710433409437072, 'fuel_half': 0.17108183937377372}.
[I 2026-06-10 21:34:45,484] Trial 656 finished with values: [10.106608386442124, 10.106608386442124] and parameters: {'k1': 0.0006533684593224971, 'D_low': 2.4474057445796826, 'k2': 0.015109086063191909, 'D_high': 12124.080603355414, 'fire_exp': 1.423480109671474, 'P_half': 1.6139316358793205, 'pre_dampen_half': 565.0116730717873, 'gpp_af': 0.3002317246575309, 'gpp_b': 0.00012118589392553798, 'gpp_d': 0.9921551226341601, 'ign_k': 4.591485216740537, 'ign_c': 1.0944963667961967, 'trop_agb_crit': 10.691477813613638, 'trop_k_veg': 6.45312300188076, 'fuel_k': 0.9221804185592763, 'fuel_half': 1.3323297901105768}.
[I 2026-06-10 21:34:47,504] Trial 657 finished with values: [10.277012145251666, 10.277012145251666] and parameters: {'k1': 4.070652723469725e-05, 'D_low': 40.12413353131991, 'k2': 0.015109086063191909, 'D_high': 42210.21267871043, 'fire_exp': 1.1485299973549514, 'P_half': 221.2683656611821, 'pre_dampen_half': 13.472769577631583, 'gpp_af': 0.22965432344634354, 'gpp_b': 1.284284091405877e-05, 'gpp_d': 14.423399576193098, 'ign_k': 0.31292286563608623, 'ign_c': 1.4940577239079738, 'trop_agb_crit': 29.24276781401969, 'trop_k_veg': 6.45312300188076, 'fuel_k': 0.9221804185592763, 'fuel_half': 11.781063202742125}.
[I 2026-06-10 21:34:49,308] Trial 658 finished with values: [10.454161524854475, 10.454161524854475] and parameters: {'k1': 0.002155595057104387, 'D_low': 97.43142535650219, 'k2': 0.002173988526401145, 'D_high': 61536.58035691648, 'fire_exp': 1.2918065501148304, 'P_half': 13.30003421978439, 'pre_dampen_half': 13.472769577631583, 'gpp_af': 0.053663001820106804, 'gpp_b': 0.00012118589392553798, 'gpp_d': 229.41380323183625, 'ign_k': 0.012868405331151606, 'ign_c': 22.126836566118193, 'trop_agb_crit': 5.526463318565575, 'trop_k_veg': 1.3987664054208562, 'fuel_k': 4.710433409437072, 'fuel_half': 11.781063202742125}.
[I 2026-06-10 21:34:51,067] Trial 659 finished with values: [-0.5803289015369179, 0.34169625460542996] and parameters: {'k1': 0.012840669372724958, 'D_low': 40.12413353131991, 'k2': 0.002884223471687844, 'D_high': 40237.59749324181, 'fire_exp': 1.2781983515972553, 'P_half': 221.2683656611821, 'pre_dampen_half': 857.6556763881457, 'gpp_af': 0.3002317246575309, 'gpp_b': 0.014662453726154785, 'gpp_d': 229.41380323183625, 'ign_k': 0.038563028138793747, 'ign_c': 1.4940577239079738, 'trop_agb_crit': 10.215415653610627, 'trop_k_veg': 6.45312300188076, 'fuel_k': 0.28328975157735103, 'fuel_half': 1.9170041589170652}.
[I 2026-06-10 21:34:53,401] Trial 660 finished with values: [10.609007664076918, 10.609007664076918] and parameters: {'k1': 0.012840669372724958, 'D_low': 323.7668055684038, 'k2': 0.002173988526401145, 'D_high': 42210.21267871043, 'fire_exp': 1.1103154430776774, 'P_half': 2.0598022365449626, 'pre_dampen_half': 13.472769577631583, 'gpp_af': 0.05511595477601767, 'gpp_b': 0.00012118589392553798, 'gpp_d': 32.54021513867688, 'ign_k': 5.351470428717437, 'ign_c': 0.5655677524618509, 'trop_agb_crit': 10.691477813613638, 'trop_k_veg': 4.129715873342728, 'fuel_k': 4.710433409437072, 'fuel_half': 0.17108183937377372}.
[I 2026-06-10 21:34:55,996] Trial 661 finished with values: [-0.37104100788892863, 0.945466794806415] and parameters: {'k1': 0.0006579066240690734, 'D_low': 323.7668055684038, 'k2': 0.007299613382801458, 'D_high': 40237.59749324181, 'fire_exp': 1.2781983515972553, 'P_half': 93.43302657318476, 'pre_dampen_half': 565.0116730717873, 'gpp_af': 43.152388554791976, 'gpp_b': 0.005419266601560437, 'gpp_d': 12.6084874067596, 'ign_k': 1.1044350847124695, 'ign_c': 0.5655677524618509, 'trop_agb_crit': 9.286923253577127, 'trop_k_veg': 4.7254560805090735, 'fuel_k': 0.4182971994460706, 'fuel_half': 1.3323297901105768}.
[I 2026-06-10 21:34:57,959] Trial 662 finished with values: [10.751065494419192, 10.751065494419192] and parameters: {'k1': 0.012840669372724958, 'D_low': 5.351452349843333, 'k2': 0.015109086063191909, 'D_high': 3512.7047262708465, 'fire_exp': 3.4670262533916887, 'P_half': 2334.173732846673, 'pre_dampen_half': 243.70551632385417, 'gpp_af': 0.3002317246575309, 'gpp_b': 0.013358197605902414, 'gpp_d': 12.6084874067596, 'ign_k': 3.965503094323014, 'ign_c': 0.5655677524618509, 'trop_agb_crit': 10.215415653610627, 'trop_k_veg': 6.45312300188076, 'fuel_k': 4.710433409437072, 'fuel_half': 11.781063202742125}.
[I 2026-06-10 21:34:59,852] Trial 663 finished with values: [10.6269619528644, 10.6269619528644] and parameters: {'k1': 0.02228708726011016, 'D_low': 97.43142535650219, 'k2': 0.002173988526401145, 'D_high': 3121.3520322039926, 'fire_exp': 1.2918065501148304, 'P_half': 1.6139316358793205, 'pre_dampen_half': 0.027901153639361957, 'gpp_af': 0.22965432344634354, 'gpp_b': 1.284284091405877e-05, 'gpp_d': 32.54021513867688, 'ign_k': 0.038563028138793747, 'ign_c': 0.2669144717088781, 'trop_agb_crit': 12.647327018493208, 'trop_k_veg': 3.1997247840069356, 'fuel_k': 0.5182294818798785, 'fuel_half': 1.9170041589170652}.
[I 2026-06-10 21:35:01,990] Trial 664 finished with values: [-0.5227000301613723, 0.749815668096822] and parameters: {'k1': 0.0006579066240690734, 'D_low': 323.7668055684038, 'k2': 0.004708159793250189, 'D_high': 40237.59749324181, 'fire_exp': 1.2918065501148304, 'P_half': 13.30003421978439, 'pre_dampen_half': 243.70551632385417, 'gpp_af': 0.3002317246575309, 'gpp_b': 0.005135775987795958, 'gpp_d': 32.54021513867688, 'ign_k': 1.1044350847124695, 'ign_c': 0.5655677524618509, 'trop_agb_crit': 13.050465147768051, 'trop_k_veg': 4.7254560805090735, 'fuel_k': 0.5182294818798785, 'fuel_half': 5.752086250639555}.
