[I 2026-08-06 00:20:37,832] Trial 840 finished with values: [-0.5514207910423494, 0.13133628945115794] and parameters: {'k1': 0.0029707920514735983, 'D_low': 1.54121727098019, 'k2': 1.1184534120760473e-05, 'D_high': 75773.14388518519, 'fire_exp': 1.4665043946307825, 'P_half': 125.61043700013555, 'pre_dampen_half': 36.876350096203005, 'gpp_af': 0.0025511964576171086, 'gpp_b': 3.228689523591491e-05, 'gpp_d': 5.878566318396007, 'ign_k': 0.019192001101561888, 'ign_c': 2.92043384718141}.
[I 2026-08-06 00:20:38,840] Trial 841 finished with values: [10.170481433211158, 10.170481433211158] and parameters: {'k1': 0.002971796631657383, 'D_low': 2.5449737887285035, 'k2': 0.006138509947844854, 'D_high': 6455.595882939566, 'fire_exp': 2.196935728020977, 'P_half': 22.4895428439145, 'pre_dampen_half': 76.86605275420082, 'gpp_af': 0.47739011308437823, 'gpp_b': 0.008226792720717493, 'gpp_d': 5.878566318396007, 'ign_k': 4.461217349302768, 'ign_c': 19.19168994439752}.
[I 2026-08-06 00:20:39,864] Trial 842 finished with values: [10.575589939803507, 10.575589939803507] and parameters: {'k1': 0.03232155805617897, 'D_low': 125.32726386250698, 'k2': 0.006138509947844854, 'D_high': 1123.9682517242118, 'fire_exp': 2.2881850891698634, 'P_half': 39.03214299767183, 'pre_dampen_half': 88.81627111957808, 'gpp_af': 0.0025511964576171086, 'gpp_b': 3.481277316673104e-05, 'gpp_d': 39.827466658711515, 'ign_k': 0.03141110271934876, 'ign_c': 47.268615251255675}.
[I 2026-08-06 00:20:40,922] Trial 843 finished with values: [10.690728219309115, 10.690728219309115] and parameters: {'k1': 0.00324789183891923, 'D_low': 2.1234210963705626, 'k2': 0.006138509947844854, 'D_high': 21.208987108343724, 'fire_exp': 1.5201277403788451, 'P_half': 14.94057723907974, 'pre_dampen_half': 304.7488318185732, 'gpp_af': 0.028585493941961918, 'gpp_b': 0.22183644799066013, 'gpp_d': 13.076473382928533, 'ign_k': 0.09071933427331372, 'ign_c': 14.810800730363484}.
[I 2026-08-06 00:20:41,964] Trial 844 finished with values: [10.496034332366428, 10.496034332366428] and parameters: {'k1': 0.0029707920514735983, 'D_low': 1.54121727098019, 'k2': 1.4378290221680118e-05, 'D_high': 75773.14388518519, 'fire_exp': 1.1044852285094786, 'P_half': 608.3019192425825, 'pre_dampen_half': 36.876350096203005, 'gpp_af': 22.766850248686247, 'gpp_b': 9.58832899519661e-05, 'gpp_d': 7.797126586048889, 'ign_k': 0.019192001101561888, 'ign_c': 14.367095138664217}.
[I 2026-08-06 00:20:42,956] Trial 845 finished with values: [10.715368620770576, 10.715368620770576] and parameters: {'k1': 0.0002656971546588439, 'D_low': 12.492307509390828, 'k2': 0.006138509947844854, 'D_high': 75773.14388518519, 'fire_exp': 2.196935728020977, 'P_half': 22.4895428439145, 'pre_dampen_half': 304.7488318185732, 'gpp_af': 0.47739011308437823, 'gpp_b': 0.10123867001105968, 'gpp_d': 300.3420512048734, 'ign_k': 0.4702627143647234, 'ign_c': 14.810800730363484}.
[I 2026-08-06 00:20:43,954] Trial 846 finished with values: [-0.5632148155623682, 0.16014568033838728] and parameters: {'k1': 0.025383218374507292, 'D_low': 125.32726386250698, 'k2': 0.0004381141781653133, 'D_high': 233.52156626184438, 'fire_exp': 1.4665043946307825, 'P_half': 39.03214299767183, 'pre_dampen_half': 703.6426675556048, 'gpp_af': 0.0025511964576171086, 'gpp_b': 2.995823436300149e-05, 'gpp_d': 5.878566318396007, 'ign_k': 0.03141110271934876, 'ign_c': 0.22010656610055812}.
[I 2026-08-06 00:20:44,946] Trial 847 finished with values: [10.6782826335998, 10.6782826335998] and parameters: {'k1': 0.03232155805617897, 'D_low': 532.1216007763549, 'k2': 0.006138509947844854, 'D_high': 1123.9682517242118, 'fire_exp': 1.5201277403788451, 'P_half': 3773.6663450054607, 'pre_dampen_half': 304.7488318185732, 'gpp_af': 1.6595781802652418, 'gpp_b': 8.539677611488478e-05, 'gpp_d': 5.085491038878331, 'ign_k': 0.8826264591983531, 'ign_c': 8.671454322584175}.
[I 2026-08-06 00:20:45,974] Trial 848 finished with values: [10.766364872533961, 10.766364872533961] and parameters: {'k1': 0.025383218374507292, 'D_low': 532.1216007763549, 'k2': 0.0004381141781653133, 'D_high': 11069.082134755383, 'fire_exp': 1.5554903627343437, 'P_half': 685.7803657667797, 'pre_dampen_half': 33.9790424311127, 'gpp_af': 0.0025511964576171086, 'gpp_b': 0.03308649623479659, 'gpp_d': 5.085491038878331, 'ign_k': 0.03141110271934876, 'ign_c': 8.671454322584175}.
[I 2026-08-06 00:20:47,016] Trial 849 finished with values: [10.447658499254159, 10.447658499254159] and parameters: {'k1': 0.0017320535908244437, 'D_low': 532.1216007763549, 'k2': 1.1184534120760473e-05, 'D_high': 75773.14388518519, 'fire_exp': 1.5201277403788451, 'P_half': 22.4895428439145, 'pre_dampen_half': 36.876350096203005, 'gpp_af': 0.0025511964576171086, 'gpp_b': 0.0008714237109972738, 'gpp_d': 668.5510162938966, 'ign_k': 0.008065394391537665, 'ign_c': 2.92043384718141}.
[I 2026-08-06 00:20:48,016] Trial 850 finished with values: [-0.5750169395198234, 0.21597990072242623] and parameters: {'k1': 0.002971796631657383, 'D_low': 1.54121727098019, 'k2': 1.1184534120760473e-05, 'D_high': 8182.111518618414, 'fire_exp': 1.4665043946307825, 'P_half': 125.61043700013555, 'pre_dampen_half': 304.7488318185732, 'gpp_af': 0.47739011308437823, 'gpp_b': 3.228689523591491e-05, 'gpp_d': 5.878566318396007, 'ign_k': 0.019192001101561888, 'ign_c': 2.92043384718141}.
[I 2026-08-06 00:20:49,005] Trial 851 finished with values: [10.22713984932491, 10.22713984932491] and parameters: {'k1': 0.0029707920514735983, 'D_low': 1.54121727098019, 'k2': 1.1184534120760473e-05, 'D_high': 263.0178499745551, 'fire_exp': 1.4665043946307825, 'P_half': 125.61043700013555, 'pre_dampen_half': 36.876350096203005, 'gpp_af': 0.0025511964576171086, 'gpp_b': 3.228689523591491e-05, 'gpp_d': 5.878566318396007, 'ign_k': 0.019192001101561888, 'ign_c': 2.92043384718141}.
[I 2026-08-06 00:20:50,029] Trial 852 finished with values: [10.221013914005534, 10.221013914005534] and parameters: {'k1': 0.001260821293027586, 'D_low': 532.1216007763549, 'k2': 1.1184534120760473e-05, 'D_high': 75773.14388518519, 'fire_exp': 1.4665043946307825, 'P_half': 125.61043700013555, 'pre_dampen_half': 36.876350096203005, 'gpp_af': 0.0025511964576171086, 'gpp_b': 3.228689523591491e-05, 'gpp_d': 5.878566318396007, 'ign_k': 0.019192001101561888, 'ign_c': 2.92043384718141}.
[I 2026-08-06 00:20:51,041] Trial 853 finished with values: [10.321701943086447, 10.321701943086447] and parameters: {'k1': 0.00012105387404469581, 'D_low': 532.1216007763549, 'k2': 3.5917714215176105e-05, 'D_high': 11069.082134755383, 'fire_exp': 1.5201277403788451, 'P_half': 22.4895428439145, 'pre_dampen_half': 33.9790424311127, 'gpp_af': 1.6595781802652418, 'gpp_b': 8.539677611488478e-05, 'gpp_d': 5.085491038878331, 'ign_k': 0.11903394335305037, 'ign_c': 8.671454322584175}.
[I 2026-08-06 00:20:52,120] Trial 854 finished with values: [10.280127294028778, 10.280127294028778] and parameters: {'k1': 0.0029707920514735983, 'D_low': 532.1216007763549, 'k2': 1.1184534120760473e-05, 'D_high': 75773.14388518519, 'fire_exp': 1.4665043946307825, 'P_half': 125.61043700013555, 'pre_dampen_half': 36.876350096203005, 'gpp_af': 0.0025511964576171086, 'gpp_b': 8.539677611488478e-05, 'gpp_d': 668.5510162938966, 'ign_k': 0.08312953263874531, 'ign_c': 14.810800730363484}.
[I 2026-08-06 00:20:53,135] Trial 855 finished with values: [10.224488456088903, 10.224488456088903] and parameters: {'k1': 0.0002656971546588439, 'D_low': 74.92772870670282, 'k2': 0.006138509947844854, 'D_high': 10316.033434719713, 'fire_exp': 1.5201277403788451, 'P_half': 22.4895428439145, 'pre_dampen_half': 76.86605275420082, 'gpp_af': 0.002223920272450794, 'gpp_b': 0.008226792720717493, 'gpp_d': 300.3420512048734, 'ign_k': 0.4702627143647234, 'ign_c': 6.160975294741436}.
[I 2026-08-06 00:20:54,151] Trial 856 finished with values: [10.095553011280941, 10.095553011280941] and parameters: {'k1': 0.0029707920514735983, 'D_low': 7.068974950624602, 'k2': 0.08935977793528184, 'D_high': 75773.14388518519, 'fire_exp': 1.182396148413737, 'P_half': 408.3047491580097, 'pre_dampen_half': 36.876350096203005, 'gpp_af': 0.0025511964576171086, 'gpp_b': 8.539677611488478e-05, 'gpp_d': 857.4284557962634, 'ign_k': 0.0026834162496848666, 'ign_c': 14.810800730363484}.
[I 2026-08-06 00:20:55,166] Trial 857 finished with values: [10.759396974042877, 10.759396974042877] and parameters: {'k1': 0.0011918981992518336, 'D_low': 18.522006003174383, 'k2': 4.763991596630584e-05, 'D_high': 1687.3495104568947, 'fire_exp': 1.010722707674549, 'P_half': 39.03214299767183, 'pre_dampen_half': 33.9790424311127, 'gpp_af': 0.002178024787135677, 'gpp_b': 0.6637926838138378, 'gpp_d': 100.41128827692584, 'ign_k': 3.7173717478250508, 'ign_c': 8.671454322584175}.
[I 2026-08-06 00:20:56,195] Trial 858 finished with values: [10.326112824804607, 10.326112824804607] and parameters: {'k1': 0.002971796631657383, 'D_low': 74.92772870670282, 'k2': 3.5917714215176105e-05, 'D_high': 75773.14388518519, 'fire_exp': 1.5201277403788451, 'P_half': 22.4895428439145, 'pre_dampen_half': 33.9790424311127, 'gpp_af': 1.6595781802652418, 'gpp_b': 8.539677611488478e-05, 'gpp_d': 668.5510162938966, 'ign_k': 0.09071933427331372, 'ign_c': 14.810800730363484}.
[I 2026-08-06 00:20:57,273] Trial 859 finished with values: [-0.5724890439994165, 0.1670246012231733] and parameters: {'k1': 0.002971796631657383, 'D_low': 74.92772870670282, 'k2': 0.0007081721844034209, 'D_high': 9769.756791866093, 'fire_exp': 1.0881360604103363, 'P_half': 10.226988730324324, 'pre_dampen_half': 5.542030950268268, 'gpp_af': 0.08235550625917108, 'gpp_b': 0.011750724729953272, 'gpp_d': 4.5768578731086835, 'ign_k': 0.11903394335305037, 'ign_c': 6.160975294741436}.
[I 2026-08-06 00:20:58,498] Trial 860 finished with values: [10.223001188884492, 10.223001188884492] and parameters: {'k1': 0.00012105387404469581, 'D_low': 532.1216007763549, 'k2': 0.0004381141781653133, 'D_high': 3660.150802571655, 'fire_exp': 1.010722707674549, 'P_half': 39.03214299767183, 'pre_dampen_half': 958.6709783968975, 'gpp_af': 1.6595781802652418, 'gpp_b': 8.539677611488478e-05, 'gpp_d': 4.5768578731086835, 'ign_k': 0.03141110271934876, 'ign_c': 47.268615251255675}.
[I 2026-08-06 00:20:59,511] Trial 861 finished with values: [10.598174357345256, 10.598174357345256] and parameters: {'k1': 0.0002656971546588439, 'D_low': 2.5449737887285035, 'k2': 0.0004381141781653133, 'D_high': 10316.033434719713, 'fire_exp': 2.196935728020977, 'P_half': 1938.3858782150498, 'pre_dampen_half': 76.86605275420082, 'gpp_af': 0.47739011308437823, 'gpp_b': 3.228689523591491e-05, 'gpp_d': 300.3420512048734, 'ign_k': 0.4702627143647234, 'ign_c': 14.810800730363484}.
[I 2026-08-06 00:21:00,540] Trial 862 finished with values: [10.46934005655087, 10.46934005655087] and parameters: {'k1': 0.0017320535908244437, 'D_low': 1.54121727098019, 'k2': 1.1184534120760473e-05, 'D_high': 11069.082134755383, 'fire_exp': 1.7128214059652005, 'P_half': 119.21396716829831, 'pre_dampen_half': 36.876350096203005, 'gpp_af': 0.0025511964576171086, 'gpp_b': 8.539677611488478e-05, 'gpp_d': 5.085491038878331, 'ign_k': 0.019192001101561888, 'ign_c': 2.92043384718141}.
[I 2026-08-06 00:21:01,539] Trial 863 finished with values: [-0.5155925005684956, 0.11409280067209449] and parameters: {'k1': 0.025383218374507292, 'D_low': 7.068974950624602, 'k2': 1.1184534120760473e-05, 'D_high': 9769.756791866093, 'fire_exp': 1.010722707674549, 'P_half': 125.61043700013555, 'pre_dampen_half': 14.689898077648792, 'gpp_af': 0.028585493941961918, 'gpp_b': 0.011750724729953272, 'gpp_d': 5.878566318396007, 'ign_k': 0.0026834162496848666, 'ign_c': 2.92043384718141}.
[I 2026-08-06 00:21:02,634] Trial 864 finished with values: [-0.48145242169074054, 0.2777997624302295] and parameters: {'k1': 0.03232155805617897, 'D_low': 1.54121727098019, 'k2': 0.006138509947844854, 'D_high': 1445.5983984872983, 'fire_exp': 1.010722707674549, 'P_half': 608.3019192425825, 'pre_dampen_half': 111.37963167994629, 'gpp_af': 0.47739011308437823, 'gpp_b': 1.9075438289444453, 'gpp_d': 891.8036602897795, 'ign_k': 0.019192001101561888, 'ign_c': 8.671454322584175}.
[I 2026-08-06 00:21:03,649] Trial 865 finished with values: [11.267699513832838, 11.267699513832838] and parameters: {'k1': 0.0017320535908244437, 'D_low': 74.92772870670282, 'k2': 0.006138509947844854, 'D_high': 3660.150802571655, 'fire_exp': 1.5201277403788451, 'P_half': 22.4895428439145, 'pre_dampen_half': 304.7488318185732, 'gpp_af': 1.6595781802652418, 'gpp_b': 8.539677611488478e-05, 'gpp_d': 5.085491038878331, 'ign_k': 0.11903394335305037, 'ign_c': 8.671454322584175}.
[I 2026-08-06 00:21:04,662] Trial 866 finished with values: [10.768633272277233, 10.768633272277233] and parameters: {'k1': 0.0029707920514735983, 'D_low': 1.54121727098019, 'k2': 1.1184534120760473e-05, 'D_high': 75773.14388518519, 'fire_exp': 2.196935728020977, 'P_half': 125.61043700013555, 'pre_dampen_half': 36.876350096203005, 'gpp_af': 0.0025511964576171086, 'gpp_b': 0.08040151168202724, 'gpp_d': 300.3420512048734, 'ign_k': 0.4702627143647234, 'ign_c': 14.810800730363484}.
[I 2026-08-06 00:21:05,679] Trial 867 finished with values: [10.718553986138076, 10.718553986138076] and parameters: {'k1': 0.0029707920514735983, 'D_low': 4.051452710153359, 'k2': 3.5917714215176105e-05, 'D_high': 1687.3495104568947, 'fire_exp': 1.010722707674549, 'P_half': 608.3019192425825, 'pre_dampen_half': 76.86605275420082, 'gpp_af': 0.0025511964576171086, 'gpp_b': 0.10123867001105968, 'gpp_d': 300.3420512048734, 'ign_k': 0.019192001101561888, 'ign_c': 14.810800730363484}.
[I 2026-08-06 00:21:06,696] Trial 868 finished with values: [-0.5460274859549173, 0.16547489644829472] and parameters: {'k1': 0.0029707920514735983, 'D_low': 1.54121727098019, 'k2': 1.1184534120760473e-05, 'D_high': 75773.14388518519, 'fire_exp': 1.4665043946307825, 'P_half': 24.136213194527585, 'pre_dampen_half': 33.9790424311127, 'gpp_af': 0.0025511964576171086, 'gpp_b': 3.228689523591491e-05, 'gpp_d': 10.931606102061748, 'ign_k': 0.005877005203443299, 'ign_c': 14.810800730363484}.
[I 2026-08-06 00:21:07,839] Trial 869 finished with values: [-0.5839859818626298, 0.11332679087319608] and parameters: {'k1': 0.021368329072358756, 'D_low': 7.068974950624602, 'k2': 1.1184534120760473e-05, 'D_high': 949.9072859745386, 'fire_exp': 1.1044852285094786, 'P_half': 125.61043700013555, 'pre_dampen_half': 14.689898077648792, 'gpp_af': 0.028585493941961918, 'gpp_b': 0.003510201564752293, 'gpp_d': 4.5768578731086835, 'ign_k': 3.7173717478250508, 'ign_c': 14.367095138664217}.
[I 2026-08-06 00:21:08,885] Trial 870 finished with values: [10.568119680561331, 10.568119680561331] and parameters: {'k1': 0.0017320535908244437, 'D_low': 396.8136435370147, 'k2': 0.0004381141781653133, 'D_high': 75773.14388518519, 'fire_exp': 1.1044852285094786, 'P_half': 24.136213194527585, 'pre_dampen_half': 33.9790424311127, 'gpp_af': 0.0025511964576171086, 'gpp_b': 3.228689523591491e-05, 'gpp_d': 10.931606102061748, 'ign_k': 0.005877005203443299, 'ign_c': 14.810800730363484}.
[I 2026-08-06 00:21:09,927] Trial 871 finished with values: [10.769230768877819, 10.769230768877819] and parameters: {'k1': 0.0002656971546588439, 'D_low': 135.4662616810925, 'k2': 0.006138509947844854, 'D_high': 10316.033434719713, 'fire_exp': 2.196935728020977, 'P_half': 39.03214299767183, 'pre_dampen_half': 703.6426675556048, 'gpp_af': 0.0025511964576171086, 'gpp_b': 3.228689523591491e-05, 'gpp_d': 0.19476644406315288, 'ign_k': 0.4702627143647234, 'ign_c': 47.268615251255675}.
[I 2026-08-06 00:21:10,953] Trial 872 finished with values: [10.72932921971907, 10.72932921971907] and parameters: {'k1': 0.0002656971546588439, 'D_low': 2.5449737887285035, 'k2': 0.006138509947844854, 'D_high': 11069.082134755383, 'fire_exp': 1.5201277403788451, 'P_half': 22.4895428439145, 'pre_dampen_half': 76.86605275420082, 'gpp_af': 0.47739011308437823, 'gpp_b': 8.539677611488478e-05, 'gpp_d': 5.085491038878331, 'ign_k': 0.09071933427331372, 'ign_c': 8.671454322584175}.
[I 2026-08-06 00:21:11,979] Trial 873 finished with values: [10.559918888061372, 10.559918888061372] and parameters: {'k1': 0.00019830561549555954, 'D_low': 2.5449737887285035, 'k2': 0.006138509947844854, 'D_high': 214.78683190589607, 'fire_exp': 2.196935728020977, 'P_half': 22.4895428439145, 'pre_dampen_half': 76.86605275420082, 'gpp_af': 0.47739011308437823, 'gpp_b': 0.008226792720717493, 'gpp_d': 300.3420512048734, 'ign_k': 0.4702627143647234, 'ign_c': 14.810800730363484}.
[I 2026-08-06 00:21:13,091] Trial 874 finished with values: [10.307617171737968, 10.307617171737968] and parameters: {'k1': 0.029722820698619923, 'D_low': 532.1216007763549, 'k2': 0.0004381141781653133, 'D_high': 6455.595882939566, 'fire_exp': 1.5201277403788451, 'P_half': 1938.3858782150498, 'pre_dampen_half': 958.6709783968975, 'gpp_af': 0.028585493941961918, 'gpp_b': 3.228689523591491e-05, 'gpp_d': 4.5768578731086835, 'ign_k': 0.476373748459372, 'ign_c': 6.160975294741436}.
[I 2026-08-06 00:21:14,114] Trial 875 finished with values: [-0.5480940936013149, 0.23245058127624874] and parameters: {'k1': 0.0029707920514735983, 'D_low': 1.54121727098019, 'k2': 1.1184534120760473e-05, 'D_high': 94745.24974021548, 'fire_exp': 1.010722707674549, 'P_half': 608.3019192425825, 'pre_dampen_half': 36.876350096203005, 'gpp_af': 0.0025511964576171086, 'gpp_b': 0.003510201564752293, 'gpp_d': 891.8036602897795, 'ign_k': 3.7173717478250508, 'ign_c': 14.367095138664217}.
[I 2026-08-06 00:21:15,136] Trial 876 finished with values: [10.53448768127811, 10.53448768127811] and parameters: {'k1': 0.002971796631657383, 'D_low': 7.068974950624602, 'k2': 0.0004381141781653133, 'D_high': 3660.150802571655, 'fire_exp': 1.0881360604103363, 'P_half': 1938.3858782150498, 'pre_dampen_half': 5.542030950268268, 'gpp_af': 1.6595781802652418, 'gpp_b': 0.011750724729953272, 'gpp_d': 13.076473382928533, 'ign_k': 0.031134168041628628, 'ign_c': 6.160975294741436}.
[I 2026-08-06 00:21:16,163] Trial 877 finished with values: [-0.5757857946613232, 0.17063460115843465] and parameters: {'k1': 0.004439732043401208, 'D_low': 532.1216007763549, 'k2': 0.006138509947844854, 'D_high': 75773.14388518519, 'fire_exp': 1.5201277403788451, 'P_half': 170.2682488483631, 'pre_dampen_half': 45.00414872181379, 'gpp_af': 0.09172078901566363, 'gpp_b': 8.539677611488478e-05, 'gpp_d': 2.1184980150420962, 'ign_k': 0.08312953263874531, 'ign_c': 0.1740080621104638}.
[I 2026-08-06 00:21:17,204] Trial 878 finished with values: [10.452246497174949, 10.452246497174949] and parameters: {'k1': 0.025383218374507292, 'D_low': 125.32726386250698, 'k2': 0.0004381141781653133, 'D_high': 233.52156626184438, 'fire_exp': 1.5201277403788451, 'P_half': 177.4954658911452, 'pre_dampen_half': 567.9600794296686, 'gpp_af': 0.0025511964576171086, 'gpp_b': 3.228689523591491e-05, 'gpp_d': 0.19476644406315288, 'ign_k': 0.03141110271934876, 'ign_c': 47.268615251255675}.
[I 2026-08-06 00:21:18,297] Trial 879 finished with values: [-0.5602876362546154, 0.1831814654574756] and parameters: {'k1': 0.002971796631657383, 'D_low': 2.1234210963705626, 'k2': 1.1184534120760473e-05, 'D_high': 21.208987108343724, 'fire_exp': 1.4665043946307825, 'P_half': 125.61043700013555, 'pre_dampen_half': 304.7488318185732, 'gpp_af': 0.47739011308437823, 'gpp_b': 0.011750724729953272, 'gpp_d': 5.878566318396007, 'ign_k': 0.019192001101561888, 'ign_c': 0.1457050032975653}.
[I 2026-08-06 00:21:19,626] Trial 880 finished with values: [13.172371907098823, 13.172371907098823] and parameters: {'k1': 0.002971796631657383, 'D_low': 74.92772870670282, 'k2': 0.0004381141781653133, 'D_high': 6455.595882939566, 'fire_exp': 1.3239942327296237, 'P_half': 39.03214299767183, 'pre_dampen_half': 567.9600794296686, 'gpp_af': 1.6595781802652418, 'gpp_b': 8.539677611488478e-05, 'gpp_d': 613.9406964482342, 'ign_k': 0.03141110271934876, 'ign_c': 6.160975294741436}.
[I 2026-08-06 00:21:20,651] Trial 881 finished with values: [10.757075403520632, 10.757075403520632] and parameters: {'k1': 0.002971796631657383, 'D_low': 125.32726386250698, 'k2': 1.1184534120760473e-05, 'D_high': 233.52156626184438, 'fire_exp': 1.010722707674549, 'P_half': 39.03214299767183, 'pre_dampen_half': 111.37963167994629, 'gpp_af': 0.0025511964576171086, 'gpp_b': 3.228689523591491e-05, 'gpp_d': 5.878566318396007, 'ign_k': 0.03141110271934876, 'ign_c': 19.19168994439752}.
[I 2026-08-06 00:21:21,693] Trial 882 finished with values: [10.387307294467886, 10.387307294467886] and parameters: {'k1': 0.025383218374507292, 'D_low': 7.068974950624602, 'k2': 2.1698375693549493e-05, 'D_high': 9769.756791866093, 'fire_exp': 1.4972797202108397, 'P_half': 575.4658592592074, 'pre_dampen_half': 36.876350096203005, 'gpp_af': 0.0025511964576171086, 'gpp_b': 3.228689523591491e-05, 'gpp_d': 5.878566318396007, 'ign_k': 0.0026834162496848666, 'ign_c': 2.92043384718141}.
[I 2026-08-06 00:21:22,739] Trial 883 finished with values: [-0.5603501887070725, 0.18337584612680957] and parameters: {'k1': 0.002971796631657383, 'D_low': 1.54121727098019, 'k2': 1.1184534120760473e-05, 'D_high': 63.64067167735486, 'fire_exp': 1.4665043946307825, 'P_half': 125.61043700013555, 'pre_dampen_half': 304.7488318185732, 'gpp_af': 0.47739011308437823, 'gpp_b': 0.011750724729953272, 'gpp_d': 5.878566318396007, 'ign_k': 0.019192001101561888, 'ign_c': 0.1457050032975653}.
[I 2026-08-06 00:21:23,832] Trial 884 finished with values: [10.010122861594313, 10.010122861594313] and parameters: {'k1': 0.021368329072358756, 'D_low': 158.82035726402376, 'k2': 0.006138509947844854, 'D_high': 75773.14388518519, 'fire_exp': 1.5201277403788451, 'P_half': 125.61043700013555, 'pre_dampen_half': 304.7488318185732, 'gpp_af': 1.6595781802652418, 'gpp_b': 8.539677611488478e-05, 'gpp_d': 3.7504792727317837, 'ign_k': 0.0026834162496848666, 'ign_c': 14.810800730363484}.
