[I 2026-08-06 11:03:30,272] Trial 922 finished with values: [10.705543988292751, 10.705543988292751] and parameters: {'k1': 0.008912611835817005, 'D_low': 38.82837025280678, 'k2': 8.923807143379776e-05, 'D_high': 78.57247967427125, 'fire_exp': 1.3170256885255098, 'P_half': 157.8040494580295, 'pre_dampen_half': 38.00678588560607, 'gpp_af': 67.47001485365813, 'gpp_b': 2.176805640408474e-05, 'gpp_d': 1.4537488749923642, 'ign_k': 0.01364908766641695, 'ign_c': 1.2431017136067033, 'trop_agb_crit': 8.997007571451054, 'trop_k_veg': 7.936472946233041}.
[I 2026-08-06 11:03:32,257] Trial 923 finished with values: [10.769214060183772, 10.769214060183772] and parameters: {'k1': 0.05778755734457457, 'D_low': 520.4862686958022, 'k2': 0.019894080167856886, 'D_high': 176.71138565264354, 'fire_exp': 1.221575427404682, 'P_half': 523.1053126909052, 'pre_dampen_half': 38.00678588560607, 'gpp_af': 0.6403036652671171, 'gpp_b': 0.0012213924959062798, 'gpp_d': 82.84476373292449, 'ign_k': 2.5253810447657927, 'ign_c': 1.9580595319750387, 'trop_agb_crit': 6.119263728555865, 'trop_k_veg': 2.520089655463604}.
[I 2026-08-06 11:03:34,327] Trial 924 finished with values: [-0.6084825729051151, 0.06149894237340259] and parameters: {'k1': 0.01889771394135163, 'D_low': 7.299348683062307, 'k2': 0.019894080167856886, 'D_high': 1236.6924205139144, 'fire_exp': 1.7329145403564932, 'P_half': 523.1053126909052, 'pre_dampen_half': 63.6685916079943, 'gpp_af': 1.6059727222314273, 'gpp_b': 2.176805640408474e-05, 'gpp_d': 84.31013932082456, 'ign_k': 0.12329098365270515, 'ign_c': 2.4936660834465174, 'trop_agb_crit': 6.119263728555865, 'trop_k_veg': 0.6673124511410327}.
[I 2026-08-06 11:03:36,448] Trial 925 finished with values: [10.767290281945584, 10.767290281945584] and parameters: {'k1': 0.001058199254803914, 'D_low': 7.299348683062307, 'k2': 0.0005728576993995054, 'D_high': 61536.58035691648, 'fire_exp': 1.221575427404682, 'P_half': 712.8188058401365, 'pre_dampen_half': 38.00678588560607, 'gpp_af': 1.6059727222314273, 'gpp_b': 0.3682510091559943, 'gpp_d': 0.033753858178304195, 'ign_k': 2.5253810447657927, 'ign_c': 1.9580595319750387, 'trop_agb_crit': 8.997007571451054, 'trop_k_veg': 2.4336356947036335}.
[I 2026-08-06 11:03:38,459] Trial 926 finished with values: [10.474503150611275, 10.474503150611275] and parameters: {'k1': 0.00488137519160367, 'D_low': 520.4862686958022, 'k2': 0.0154776166709383, 'D_high': 3658.5185277368187, 'fire_exp': 1.221575427404682, 'P_half': 523.1053126909052, 'pre_dampen_half': 719.4083432823455, 'gpp_af': 5.335773317316405, 'gpp_b': 0.0001605469768042801, 'gpp_d': 350.88322284755304, 'ign_k': 2.5253810447657927, 'ign_c': 0.7313962512403624, 'trop_agb_crit': 6.119263728555865, 'trop_k_veg': 2.4336356947036335}.
[I 2026-08-06 11:03:40,451] Trial 927 finished with values: [10.183906466723206, 10.183906466723206] and parameters: {'k1': 0.004708159793250189, 'D_low': 38.82837025280678, 'k2': 0.031536006085184705, 'D_high': 3008.512495286993, 'fire_exp': 1.0601964743503993, 'P_half': 221.2683656611821, 'pre_dampen_half': 719.4083432823455, 'gpp_af': 0.0049748543504537545, 'gpp_b': 0.04633252119753636, 'gpp_d': 0.5363092465892282, 'ign_k': 0.04406703994564747, 'ign_c': 5.13055176058983, 'trop_agb_crit': 10.691477813613638, 'trop_k_veg': 2.4336356947036335}.
[I 2026-08-06 11:03:42,983] Trial 928 finished with values: [10.232831255195725, 10.232831255195725] and parameters: {'k1': 0.00488137519160367, 'D_low': 520.4862686958022, 'k2': 8.923807143379776e-05, 'D_high': 1588.2035726402378, 'fire_exp': 1.221575427404682, 'P_half': 712.8188058401365, 'pre_dampen_half': 719.4083432823455, 'gpp_af': 5.335773317316405, 'gpp_b': 0.01666658176842624, 'gpp_d': 82.84476373292449, 'ign_k': 0.04406703994564747, 'ign_c': 0.8916132699546893, 'trop_agb_crit': 6.119263728555865, 'trop_k_veg': 2.4336356947036335}.
[I 2026-08-06 11:03:44,953] Trial 929 finished with values: [10.393984351378363, 10.393984351378363] and parameters: {'k1': 0.05778755734457457, 'D_low': 398.8451998135321, 'k2': 0.019894080167856886, 'D_high': 5670.3463356272905, 'fire_exp': 1.0601964743503993, 'P_half': 523.1053126909052, 'pre_dampen_half': 3.3841016089580034, 'gpp_af': 0.0049748543504537545, 'gpp_b': 0.0005739662837359252, 'gpp_d': 350.88322284755304, 'ign_k': 0.21006485619596416, 'ign_c': 2.4936660834465174, 'trop_agb_crit': 6.119263728555865, 'trop_k_veg': 2.520089655463604}.
[I 2026-08-06 11:03:47,211] Trial 930 finished with values: [10.50270872347312, 10.50270872347312] and parameters: {'k1': 0.01889771394135163, 'D_low': 436.4516946807792, 'k2': 0.019894080167856886, 'D_high': 1236.6924205139144, 'fire_exp': 1.7329145403564932, 'P_half': 712.8188058401365, 'pre_dampen_half': 63.6685916079943, 'gpp_af': 1.6059727222314273, 'gpp_b': 0.00796661592919428, 'gpp_d': 84.31013932082456, 'ign_k': 0.12329098365270515, 'ign_c': 1.9580595319750387, 'trop_agb_crit': 6.119263728555865, 'trop_k_veg': 0.7621249294873298}.
[I 2026-08-06 11:03:49,190] Trial 931 finished with values: [10.118714111198623, 10.118714111198623] and parameters: {'k1': 1.759537424265476e-05, 'D_low': 40.52505887227999, 'k2': 0.003101429427212743, 'D_high': 61536.58035691648, 'fire_exp': 1.7329145403564932, 'P_half': 4.213183643253957, 'pre_dampen_half': 38.00678588560607, 'gpp_af': 0.6403036652671171, 'gpp_b': 0.0005739662837359252, 'gpp_d': 1.493264336549928, 'ign_k': 0.07091190338709638, 'ign_c': 1.2431017136067033, 'trop_agb_crit': 8.997007571451054, 'trop_k_veg': 4.030242248006271}.
[I 2026-08-06 11:03:51,458] Trial 932 finished with values: [10.490166009074462, 10.490166009074462] and parameters: {'k1': 0.01889771394135163, 'D_low': 7.299348683062307, 'k2': 0.019894080167856886, 'D_high': 8182.111518618414, 'fire_exp': 1.7329145403564932, 'P_half': 712.8188058401365, 'pre_dampen_half': 80.13235942571127, 'gpp_af': 5.335773317316405, 'gpp_b': 2.176805640408474e-05, 'gpp_d': 1.493264336549928, 'ign_k': 3.589155871450839, 'ign_c': 1.2431017136067033, 'trop_agb_crit': 6.119263728555865, 'trop_k_veg': 1.9799513595694562}.
[I 2026-08-06 11:03:53,476] Trial 933 finished with values: [-0.593948670142167, 0.05440567418466491] and parameters: {'k1': 0.012021930484915042, 'D_low': 1.3577269394141454, 'k2': 1.1065812688893481e-05, 'D_high': 21.947742689197344, 'fire_exp': 1.3170256885255098, 'P_half': 712.8188058401365, 'pre_dampen_half': 63.6685916079943, 'gpp_af': 0.6403036652671171, 'gpp_b': 0.0012213924959062798, 'gpp_d': 19.600139992927435, 'ign_k': 0.12329098365270515, 'ign_c': 2.4936660834465174, 'trop_agb_crit': 7.500118950416987, 'trop_k_veg': 2.4336356947036335}.
[I 2026-08-06 11:03:55,576] Trial 934 finished with values: [-0.610455193206373, 0.020222995616002604] and parameters: {'k1': 0.01889771394135163, 'D_low': 7.299348683062307, 'k2': 0.019894080167856886, 'D_high': 1236.6924205139144, 'fire_exp': 1.7329145403564932, 'P_half': 712.8188058401365, 'pre_dampen_half': 63.6685916079943, 'gpp_af': 1.6059727222314273, 'gpp_b': 2.176805640408474e-05, 'gpp_d': 84.31013932082456, 'ign_k': 0.12329098365270515, 'ign_c': 6.905604395130303, 'trop_agb_crit': 6.119263728555865, 'trop_k_veg': 2.4336356947036335}.
[I 2026-08-06 11:03:57,530] Trial 935 finished with values: [10.422533961401548, 10.422533961401548] and parameters: {'k1': 0.008912611835817005, 'D_low': 38.82837025280678, 'k2': 1.1065812688893481e-05, 'D_high': 3005.809024615141, 'fire_exp': 1.3170256885255098, 'P_half': 712.8188058401365, 'pre_dampen_half': 38.00678588560607, 'gpp_af': 1.9706963379095486, 'gpp_b': 2.176805640408474e-05, 'gpp_d': 84.31013932082456, 'ign_k': 0.0017086581483996583, 'ign_c': 1.9580595319750387, 'trop_agb_crit': 8.997007571451054, 'trop_k_veg': 2.4336356947036335}.
[I 2026-08-06 11:03:59,509] Trial 936 finished with values: [10.655234253438921, 10.655234253438921] and parameters: {'k1': 0.05778755734457457, 'D_low': 7.299348683062307, 'k2': 0.019894080167856886, 'D_high': 42210.21267871043, 'fire_exp': 1.7329145403564932, 'P_half': 523.1053126909052, 'pre_dampen_half': 38.00678588560607, 'gpp_af': 0.6403036652671171, 'gpp_b': 2.176805640408474e-05, 'gpp_d': 84.31013932082456, 'ign_k': 0.6161423618045312, 'ign_c': 0.557280750002996, 'trop_agb_crit': 29.480726565384675, 'trop_k_veg': 2.4336356947036335}.
[I 2026-08-06 11:04:01,539] Trial 937 finished with values: [10.759036694674185, 10.759036694674185] and parameters: {'k1': 0.008912611835817005, 'D_low': 1.7026376946063253, 'k2': 0.006027551301719578, 'D_high': 1236.6924205139144, 'fire_exp': 1.3170256885255098, 'P_half': 712.8188058401365, 'pre_dampen_half': 124.72235343584714, 'gpp_af': 0.6403036652671171, 'gpp_b': 0.13713885091300912, 'gpp_d': 84.31013932082456, 'ign_k': 8.604303107293026, 'ign_c': 1.9580595319750387, 'trop_agb_crit': 8.997007571451054, 'trop_k_veg': 2.520089655463604}.
[I 2026-08-06 11:04:03,982] Trial 938 finished with values: [10.48219463507979, 10.48219463507979] and parameters: {'k1': 0.01889771394135163, 'D_low': 40.52505887227999, 'k2': 0.031536006085184705, 'D_high': 5670.3463356272905, 'fire_exp': 3.3801590342525687, 'P_half': 712.8188058401365, 'pre_dampen_half': 38.00678588560607, 'gpp_af': 0.6403036652671171, 'gpp_b': 2.176805640408474e-05, 'gpp_d': 757.2868182332339, 'ign_k': 0.6161423618045312, 'ign_c': 5.13055176058983, 'trop_agb_crit': 8.997007571451054, 'trop_k_veg': 2.4336356947036335}.
[I 2026-08-06 11:04:05,934] Trial 939 finished with values: [10.648854382931487, 10.648854382931487] and parameters: {'k1': 0.008912611835817005, 'D_low': 170.2682488483631, 'k2': 0.003101429427212743, 'D_high': 3346.220103048382, 'fire_exp': 1.3170256885255098, 'P_half': 102.4585893986732, 'pre_dampen_half': 0.1570003140297517, 'gpp_af': 4.500414872181386, 'gpp_b': 0.0005739662837359252, 'gpp_d': 19.600139992927435, 'ign_k': 0.12329098365270515, 'ign_c': 1.9580595319750387, 'trop_agb_crit': 10.691477813613638, 'trop_k_veg': 2.4336356947036335}.
[I 2026-08-06 11:04:07,851] Trial 940 finished with values: [10.571755885069313, 10.571755885069313] and parameters: {'k1': 0.00488137519160367, 'D_low': 7.299348683062307, 'k2': 0.019894080167856886, 'D_high': 61536.58035691648, 'fire_exp': 1.7329145403564932, 'P_half': 712.8188058401365, 'pre_dampen_half': 63.6685916079943, 'gpp_af': 5.335773317316405, 'gpp_b': 0.0005739662837359252, 'gpp_d': 1.493264336549928, 'ign_k': 0.12329098365270515, 'ign_c': 5.13055176058983, 'trop_agb_crit': 6.119263728555865, 'trop_k_veg': 2.4336356947036335}.
[I 2026-08-06 11:04:09,932] Trial 941 finished with values: [10.76156935333898, 10.76156935333898] and parameters: {'k1': 0.05778755734457457, 'D_low': 38.82837025280678, 'k2': 0.019894080167856886, 'D_high': 37.067856642656594, 'fire_exp': 1.7329145403564932, 'P_half': 712.8188058401365, 'pre_dampen_half': 38.00678588560607, 'gpp_af': 5.335773317316405, 'gpp_b': 5.349456206882108e-05, 'gpp_d': 350.88322284755304, 'ign_k': 0.010939944910100021, 'ign_c': 5.13055176058983, 'trop_agb_crit': 6.119263728555865, 'trop_k_veg': 2.520089655463604}.
[I 2026-08-06 11:04:11,867] Trial 942 finished with values: [-0.5915895817971633, 0.12639876193682376] and parameters: {'k1': 0.00488137519160367, 'D_low': 38.82837025280678, 'k2': 0.019894080167856886, 'D_high': 42210.21267871043, 'fire_exp': 1.7329145403564932, 'P_half': 221.2683656611821, 'pre_dampen_half': 63.6685916079943, 'gpp_af': 0.6403036652671171, 'gpp_b': 2.176805640408474e-05, 'gpp_d': 1.493264336549928, 'ign_k': 0.12329098365270515, 'ign_c': 1.9580595319750387, 'trop_agb_crit': 6.119263728555865, 'trop_k_veg': 2.520089655463604}.
[I 2026-08-06 11:04:13,744] Trial 943 finished with values: [10.759298291495979, 10.759298291495979] and parameters: {'k1': 0.01889771394135163, 'D_low': 12.105387404469584, 'k2': 0.0154776166709383, 'D_high': 61536.58035691648, 'fire_exp': 1.7329145403564932, 'P_half': 712.8188058401365, 'pre_dampen_half': 38.00678588560607, 'gpp_af': 0.03283792736024846, 'gpp_b': 0.13713885091300912, 'gpp_d': 0.03200582711952312, 'ign_k': 0.6161423618045312, 'ign_c': 1.9580595319750387, 'trop_agb_crit': 8.997007571451054, 'trop_k_veg': 2.4336356947036335}.
[I 2026-08-06 11:04:15,643] Trial 944 finished with values: [-0.5946039300516544, 0.10279378151175089] and parameters: {'k1': 0.00587009820297804, 'D_low': 520.4862686958022, 'k2': 0.0154776166709383, 'D_high': 8182.111518618414, 'fire_exp': 1.2611826901294014, 'P_half': 712.8188058401365, 'pre_dampen_half': 63.6685916079943, 'gpp_af': 0.6403036652671171, 'gpp_b': 0.0001605469768042801, 'gpp_d': 19.600139992927435, 'ign_k': 2.5253810447657927, 'ign_c': 4.2425976091860935, 'trop_agb_crit': 6.119263728555865, 'trop_k_veg': 4.375785248100498}.
[I 2026-08-06 11:04:17,566] Trial 945 finished with values: [10.758863687337064, 10.758863687337064] and parameters: {'k1': 0.008912611835817005, 'D_low': 520.4862686958022, 'k2': 0.003101429427212743, 'D_high': 17.74872630983488, 'fire_exp': 1.3170256885255098, 'P_half': 712.8188058401365, 'pre_dampen_half': 719.4083432823455, 'gpp_af': 1.9706963379095486, 'gpp_b': 0.0005739662837359252, 'gpp_d': 0.5363092465892282, 'ign_k': 0.21006485619596416, 'ign_c': 1.9580595319750387, 'trop_agb_crit': 1.0903028125370984, 'trop_k_veg': 3.1473758868965476}.
[I 2026-08-06 11:04:19,519] Trial 946 finished with values: [10.381126704458197, 10.381126704458197] and parameters: {'k1': 0.05778755734457457, 'D_low': 12.105387404469584, 'k2': 0.0002228500345352386, 'D_high': 42210.21267871043, 'fire_exp': 3.231633698316772, 'P_half': 523.1053126909052, 'pre_dampen_half': 38.00678588560607, 'gpp_af': 5.335773317316405, 'gpp_b': 3.481277316673104e-05, 'gpp_d': 82.84476373292449, 'ign_k': 0.21006485619596416, 'ign_c': 5.13055176058983, 'trop_agb_crit': 8.997007571451054, 'trop_k_veg': 2.5878603012249104}.
[I 2026-08-06 11:04:21,431] Trial 947 finished with values: [10.668678848130646, 10.668678848130646] and parameters: {'k1': 0.05778755734457457, 'D_low': 38.82837025280678, 'k2': 1.1065812688893481e-05, 'D_high': 42210.21267871043, 'fire_exp': 1.221575427404682, 'P_half': 9700.35024589393, 'pre_dampen_half': 63.6685916079943, 'gpp_af': 0.6403036652671171, 'gpp_b': 0.0012213924959062798, 'gpp_d': 350.88322284755304, 'ign_k': 0.010939944910100021, 'ign_c': 1.9580595319750387, 'trop_agb_crit': 10.691477813613638, 'trop_k_veg': 2.520089655463604}.
[I 2026-08-06 11:04:23,486] Trial 948 finished with values: [10.665873217014264, 10.665873217014264] and parameters: {'k1': 0.005272264723319183, 'D_low': 38.82837025280678, 'k2': 0.004149969043497543, 'D_high': 18025.24091764079, 'fire_exp': 1.3170256885255098, 'P_half': 523.1053126909052, 'pre_dampen_half': 38.00678588560607, 'gpp_af': 0.6403036652671171, 'gpp_b': 0.0012213924959062798, 'gpp_d': 350.88322284755304, 'ign_k': 2.5253810447657927, 'ign_c': 1.9580595319750387, 'trop_agb_crit': 8.105012864844397, 'trop_k_veg': 2.520089655463604}.
[I 2026-08-06 11:04:25,899] Trial 949 finished with values: [10.692716539022781, 10.692716539022781] and parameters: {'k1': 0.002155595057104387, 'D_low': 436.4516946807792, 'k2': 0.004149969043497543, 'D_high': 8182.111518618414, 'fire_exp': 1.221575427404682, 'P_half': 523.1053126909052, 'pre_dampen_half': 0.33983499890855334, 'gpp_af': 1.9706963379095486, 'gpp_b': 0.22727308251068193, 'gpp_d': 19.600139992927435, 'ign_k': 0.12329098365270515, 'ign_c': 2.4936660834465174, 'trop_agb_crit': 6.119263728555865, 'trop_k_veg': 0.6673124511410327}.
[I 2026-08-06 11:04:27,934] Trial 950 finished with values: [10.561184440156087, 10.561184440156087] and parameters: {'k1': 0.01889771394135163, 'D_low': 7.299348683062307, 'k2': 0.031536006085184705, 'D_high': 1236.6924205139144, 'fire_exp': 3.3801590342525687, 'P_half': 712.8188058401365, 'pre_dampen_half': 63.6685916079943, 'gpp_af': 1.6059727222314273, 'gpp_b': 2.176805640408474e-05, 'gpp_d': 13.16676794379011, 'ign_k': 0.12329098365270515, 'ign_c': 1.9580595319750387, 'trop_agb_crit': 8.997007571451054, 'trop_k_veg': 5.492385920002873}.
[I 2026-08-06 11:04:29,995] Trial 951 finished with values: [-0.5860802506881712, 0.09500610995161385] and parameters: {'k1': 0.002549454588329709, 'D_low': 12.105387404469584, 'k2': 1.1065812688893481e-05, 'D_high': 1236.6924205139144, 'fire_exp': 1.3170256885255098, 'P_half': 276.27089412392087, 'pre_dampen_half': 124.72235343584714, 'gpp_af': 1.9706963379095486, 'gpp_b': 0.014529436909277037, 'gpp_d': 2.944272359149677, 'ign_k': 2.5253810447657927, 'ign_c': 1.9580595319750387, 'trop_agb_crit': 8.997007571451054, 'trop_k_veg': 2.4336356947036335}.
[I 2026-08-06 11:04:31,902] Trial 952 finished with values: [10.223093386584239, 10.223093386584239] and parameters: {'k1': 0.0005062132815242158, 'D_low': 7.299348683062307, 'k2': 0.0154776166709383, 'D_high': 78.57247967427125, 'fire_exp': 1.3511711906560187, 'P_half': 712.8188058401365, 'pre_dampen_half': 271.0323160002808, 'gpp_af': 5.335773317316405, 'gpp_b': 2.176805640408474e-05, 'gpp_d': 84.31013932082456, 'ign_k': 0.6161423618045312, 'ign_c': 1.9580595319750387, 'trop_agb_crit': 8.997007571451054, 'trop_k_veg': 2.5878603012249104}.
[I 2026-08-06 11:04:34,070] Trial 953 finished with values: [10.426579292309112, 10.426579292309112] and parameters: {'k1': 0.01889771394135163, 'D_low': 7.299348683062307, 'k2': 0.019894080167856886, 'D_high': 629.7071076110509, 'fire_exp': 1.7329145403564932, 'P_half': 523.1053126909052, 'pre_dampen_half': 38.00678588560607, 'gpp_af': 0.6403036652671171, 'gpp_b': 0.0012213924959062798, 'gpp_d': 82.84476373292449, 'ign_k': 0.010939944910100021, 'ign_c': 2.4936660834465174, 'trop_agb_crit': 6.119263728555865, 'trop_k_veg': 2.520089655463604}.
[I 2026-08-06 11:04:36,070] Trial 954 finished with values: [-0.5977116444867377, 0.0711153164995687] and parameters: {'k1': 0.01889771394135163, 'D_low': 6.004682478324446, 'k2': 0.0154776166709383, 'D_high': 61536.58035691648, 'fire_exp': 1.7329145403564932, 'P_half': 712.8188058401365, 'pre_dampen_half': 38.00678588560607, 'gpp_af': 0.0689916853868204, 'gpp_b': 2.176805640408474e-05, 'gpp_d': 84.31013932082456, 'ign_k': 0.6161423618045312, 'ign_c': 1.9580595319750387, 'trop_agb_crit': 8.997007571451054, 'trop_k_veg': 2.4336356947036335}.
[I 2026-08-06 11:04:38,242] Trial 955 finished with values: [-0.608306551110966, 0.05727988927574257] and parameters: {'k1': 0.00488137519160367, 'D_low': 520.4862686958022, 'k2': 0.019894080167856886, 'D_high': 1236.6924205139144, 'fire_exp': 1.221575427404682, 'P_half': 523.1053126909052, 'pre_dampen_half': 719.4083432823455, 'gpp_af': 5.335773317316405, 'gpp_b': 0.01666658176842624, 'gpp_d': 350.88322284755304, 'ign_k': 2.5253810447657927, 'ign_c': 0.8916132699546893, 'trop_agb_crit': 6.119263728555865, 'trop_k_veg': 2.520089655463604}.
[I 2026-08-06 11:04:40,319] Trial 956 finished with values: [-0.6002882814416373, 0.0892451563267066] and parameters: {'k1': 0.005272264723319183, 'D_low': 520.4862686958022, 'k2': 0.004149969043497543, 'D_high': 8182.111518618414, 'fire_exp': 1.221575427404682, 'P_half': 712.8188058401365, 'pre_dampen_half': 63.6685916079943, 'gpp_af': 5.335773317316405, 'gpp_b': 0.01666658176842624, 'gpp_d': 19.600139992927435, 'ign_k': 2.5253810447657927, 'ign_c': 5.13055176058983, 'trop_agb_crit': 7.628718523810018, 'trop_k_veg': 4.375785248100498}.
[I 2026-08-06 11:04:42,343] Trial 957 finished with values: [10.796884315322629, 10.796884315322629] and parameters: {'k1': 0.00488137519160367, 'D_low': 7.299348683062307, 'k2': 0.0154776166709383, 'D_high': 8182.111518618414, 'fire_exp': 1.7329145403564932, 'P_half': 712.8188058401365, 'pre_dampen_half': 719.4083432823455, 'gpp_af': 5.335773317316405, 'gpp_b': 2.176805640408474e-05, 'gpp_d': 82.84476373292449, 'ign_k': 0.6161423618045312, 'ign_c': 1.9580595319750387, 'trop_agb_crit': 4.0899675251815735, 'trop_k_veg': 4.959351845635652}.
[I 2026-08-06 11:04:44,418] Trial 958 finished with values: [-0.616796839547719, 0.09461279263686517] and parameters: {'k1': 0.002155595057104387, 'D_low': 12.105387404469584, 'k2': 0.019894080167856886, 'D_high': 61536.58035691648, 'fire_exp': 1.3170256885255098, 'P_half': 712.8188058401365, 'pre_dampen_half': 38.00678588560607, 'gpp_af': 1.6059727222314273, 'gpp_b': 0.0012213924959062798, 'gpp_d': 757.2868182332339, 'ign_k': 0.12329098365270515, 'ign_c': 2.4936660834465174, 'trop_agb_crit': 6.119263728555865, 'trop_k_veg': 2.4336356947036335}.
[I 2026-08-06 11:04:46,961] Trial 959 finished with values: [10.072752554253926, 10.072752554253926] and parameters: {'k1': 0.00488137519160367, 'D_low': 520.4862686958022, 'k2': 1.1065812688893481e-05, 'D_high': 1236.6924205139144, 'fire_exp': 1.221575427404682, 'P_half': 523.1053126909052, 'pre_dampen_half': 719.4083432823455, 'gpp_af': 0.6403036652671171, 'gpp_b': 0.01666658176842624, 'gpp_d': 2.944272359149677, 'ign_k': 0.21006485619596416, 'ign_c': 5.13055176058983, 'trop_agb_crit': 6.119263728555865, 'trop_k_veg': 2.4336356947036335}.
[I 2026-08-06 11:04:49,022] Trial 960 finished with values: [10.701209903462356, 10.701209903462356] and parameters: {'k1': 0.01889771394135163, 'D_low': 7.299348683062307, 'k2': 0.019894080167856886, 'D_high': 1236.6924205139144, 'fire_exp': 5.415198497144036, 'P_half': 712.8188058401365, 'pre_dampen_half': 63.6685916079943, 'gpp_af': 1.6059727222314273, 'gpp_b': 2.176805640408474e-05, 'gpp_d': 82.84476373292449, 'ign_k': 0.12329098365270515, 'ign_c': 1.9580595319750387, 'trop_agb_crit': 6.119263728555865, 'trop_k_veg': 2.4336356947036335}.
[I 2026-08-06 11:04:51,035] Trial 961 finished with values: [10.40221334680262, 10.40221334680262] and parameters: {'k1': 0.004708159793250189, 'D_low': 520.4862686958022, 'k2': 0.004149969043497543, 'D_high': 1588.2035726402378, 'fire_exp': 1.221575427404682, 'P_half': 712.8188058401365, 'pre_dampen_half': 63.6685916079943, 'gpp_af': 5.335773317316405, 'gpp_b': 0.22727308251068193, 'gpp_d': 19.600139992927435, 'ign_k': 0.04406703994564747, 'ign_c': 4.2425976091860935, 'trop_agb_crit': 19.3289574092866, 'trop_k_veg': 2.4336356947036335}.
