[I 2026-08-20 00:57:06,414] Trial 1440 finished with value: 0.4340690816964907 and parameters: {'k1': 0.01245417016989958, 'D_low': 2.6349525690843962, 'k2': 0.00010211983344272376, 'D_high': 1387567.536516842, 'fire_exp': 1.3352835385566673, 'P_half': 8.228367712968444, 'pre_dampen_half': 6.796032595088848, 'gpp_af': 0.013958905996639438, 'gpp_b': 5.386800478434363e-05, 'gpp_d': 189.54486012187954, 'ign_k': 2.99311477400878, 'ign_c': 6.421570250090904, 'trop_agb_crit': 24.967280753783363, 'trop_k_veg': 7.423591446455344, 'pop_amp': 0.0014287045491866892, 'pop_peak': 15.220241098311913, 'pop_sig': 0.6267022559399804}. Best is trial 1128 with value: -0.620386984093161.
[I 2026-08-20 00:57:08,469] Trial 1441 finished with value: 0.5768662711986335 and parameters: {'k1': 0.0004934872044618666, 'D_low': 331.5817020350858, 'k2': 0.001632578006411709, 'D_high': 8278445.587558167, 'fire_exp': 1.9721074600803186, 'P_half': 104.97060659930484, 'pre_dampen_half': 41.37419949298927, 'gpp_af': 0.6477507470087696, 'gpp_b': 4.029431775054441e-05, 'gpp_d': 132.55981693282996, 'ign_k': 0.02489890923219939, 'ign_c': 0.11103509890411734, 'trop_agb_crit': 7.930870798943752, 'trop_k_veg': 4.924745941592172, 'pop_amp': 7.133036490040815, 'pop_peak': 0.7567703314764135, 'pop_sig': 1.234148606632987}. Best is trial 1128 with value: -0.620386984093161.
[I 2026-08-20 00:57:10,394] Trial 1442 finished with value: 0.5705080644837514 and parameters: {'k1': 0.0072482393272851, 'D_low': 6.378887428697629, 'k2': 7.193456562861966e-05, 'D_high': 668563.8914261139, 'fire_exp': 1.9022362772393204, 'P_half': 13.163096227683056, 'pre_dampen_half': 0.08843162318980785, 'gpp_af': 0.002442400447824054, 'gpp_b': 0.0013963551392545501, 'gpp_d': 264.85170069188894, 'ign_k': 0.09489638020540499, 'ign_c': 3.784168150243513, 'trop_agb_crit': 8.75326513431924, 'trop_k_veg': 6.626056439171205, 'pop_amp': 0.0015674467244042142, 'pop_peak': 0.28169414596633807, 'pop_sig': 1.2119965901626566}. Best is trial 1128 with value: -0.620386984093161.
[I 2026-08-20 00:57:12,095] Trial 1443 finished with value: 0.6507196605408669 and parameters: {'k1': 0.013568100611189434, 'D_low': 24.947826106746483, 'k2': 0.000256860474720878, 'D_high': 4888919.830031764, 'fire_exp': 2.2284617223016103, 'P_half': 35.67850426928578, 'pre_dampen_half': 0.1559999823369419, 'gpp_af': 0.014166847840152852, 'gpp_b': 0.000589121934631464, 'gpp_d': 93.51410533763315, 'ign_k': 8.704972156142446, 'ign_c': 35.42308290282458, 'trop_agb_crit': 16.566367951407535, 'trop_k_veg': 2.533496626718451, 'pop_amp': 0.0026122664914143543, 'pop_peak': 1.9116416050111755, 'pop_sig': 1.4392058055811048}. Best is trial 1128 with value: -0.620386984093161.
[I 2026-08-20 00:57:14,154] Trial 1444 finished with value: 0.5336331229191249 and parameters: {'k1': 0.014656715532966054, 'D_low': 22.448438326084492, 'k2': 0.00016754955881564544, 'D_high': 3635862.4942952734, 'fire_exp': 2.060569707401877, 'P_half': 21.403689895861866, 'pre_dampen_half': 0.058551942675144505, 'gpp_af': 0.0026876544746584513, 'gpp_b': 0.00010788721621058957, 'gpp_d': 771.0875076306615, 'ign_k': 1.3176954626275617, 'ign_c': 5.699640579695208, 'trop_agb_crit': 3.480804707686856, 'trop_k_veg': 2.19136813071637, 'pop_amp': 0.005845552745927114, 'pop_peak': 0.4584935511980791, 'pop_sig': 0.896799449652958}. Best is trial 1128 with value: -0.620386984093161.
[I 2026-08-20 00:57:15,820] Trial 1445 finished with value: 0.4065802956325527 and parameters: {'k1': 1.3392865081615754e-05, 'D_low': 19775.141781279934, 'k2': 3.127757000790947e-05, 'D_high': 7682323.970634175, 'fire_exp': 1.8834331358416656, 'P_half': 113.76633179441582, 'pre_dampen_half': 31.307853509675546, 'gpp_af': 0.17425519010001123, 'gpp_b': 0.0003147135131571335, 'gpp_d': 3.0690295524742064, 'ign_k': 0.04913217721337236, 'ign_c': 25.707211093386984, 'trop_agb_crit': 20.555539590560343, 'trop_k_veg': 5.010652441154912, 'pop_amp': 10.79909939550419, 'pop_peak': 12.775174112981068, 'pop_sig': 0.48692617150304623}. Best is trial 1128 with value: -0.620386984093161.
[I 2026-08-20 00:57:17,549] Trial 1446 finished with value: 0.5574033551010097 and parameters: {'k1': 2.2373328619650495e-05, 'D_low': 15630.307565832205, 'k2': 3.946471302087926e-05, 'D_high': 2318695.8760999646, 'fire_exp': 2.3690473214341288, 'P_half': 48.031024685272655, 'pre_dampen_half': 0.5893340606782296, 'gpp_af': 0.4368042109457596, 'gpp_b': 0.00017514129511710734, 'gpp_d': 3.4304405558862037, 'ign_k': 0.005173254576830597, 'ign_c': 0.4159122202045332, 'trop_agb_crit': 4.030463599731371, 'trop_k_veg': 2.9097024229258506, 'pop_amp': 2.203934711889053, 'pop_peak': 29.688603059847324, 'pop_sig': 0.5917034438037689}. Best is trial 1128 with value: -0.620386984093161.
[I 2026-08-20 00:57:19,299] Trial 1447 finished with value: 0.5888567507471445 and parameters: {'k1': 0.003628712244256765, 'D_low': 2.4548299171928725, 'k2': 4.2739207607479065e-05, 'D_high': 3338125.655193669, 'fire_exp': 1.0131134645820838, 'P_half': 126.19667351025178, 'pre_dampen_half': 5.045332612168877, 'gpp_af': 0.01621631714871534, 'gpp_b': 0.0002518482048965233, 'gpp_d': 180.64843691704039, 'ign_k': 0.2931893136150806, 'ign_c': 37.98656591807165, 'trop_agb_crit': 5.680525657596998, 'trop_k_veg': 4.781872156260637, 'pop_amp': 0.001123579761979227, 'pop_peak': 6.978258847184509, 'pop_sig': 0.9805590233846709}. Best is trial 1128 with value: -0.620386984093161.
[I 2026-08-20 00:57:21,041] Trial 1448 finished with value: 0.6297042076989378 and parameters: {'k1': 4.605717033639546e-05, 'D_low': 1807.1552864792181, 'k2': 1.740861698228597e-05, 'D_high': 1133015.8164673706, 'fire_exp': 1.7590997325149853, 'P_half': 7.740576920334795, 'pre_dampen_half': 88.50622982215332, 'gpp_af': 1.163066401120386, 'gpp_b': 5.0829868748215046e-05, 'gpp_d': 24.36969010842838, 'ign_k': 0.04424972035508256, 'ign_c': 0.5976430286097547, 'trop_agb_crit': 7.406275150623141, 'trop_k_veg': 2.4952103042841522, 'pop_amp': 8.718121904479899, 'pop_peak': 25.375741865473163, 'pop_sig': 0.4028895498594443}. Best is trial 1128 with value: -0.620386984093161.
[I 2026-08-20 00:57:22,809] Trial 1449 finished with value: 0.5464116326819116 and parameters: {'k1': 3.41439743537724e-05, 'D_low': 44.879897171250505, 'k2': 1.0351815635063565e-05, 'D_high': 1375566.7450277037, 'fire_exp': 3.6952596798853277, 'P_half': 1.9635244932383975, 'pre_dampen_half': 8.349936997793629, 'gpp_af': 0.41145159339832565, 'gpp_b': 0.001840271187568076, 'gpp_d': 1.7828504297267003, 'ign_k': 0.022892552938414003, 'ign_c': 28.795620695936112, 'trop_agb_crit': 2.5465276493463045, 'trop_k_veg': 2.5804942447434978, 'pop_amp': 8.482509080606492, 'pop_peak': 26.672284992879142, 'pop_sig': 0.8784116867938152}. Best is trial 1128 with value: -0.620386984093161.
[I 2026-08-20 00:57:24,537] Trial 1450 finished with value: 0.41561228954256724 and parameters: {'k1': 0.041498306762833684, 'D_low': 29.57690048653602, 'k2': 5.974724215243872e-05, 'D_high': 226190.9883727963, 'fire_exp': 1.489603995895327, 'P_half': 77.87414226039304, 'pre_dampen_half': 8.947873108219333, 'gpp_af': 0.003201960187623387, 'gpp_b': 1.137249151422541e-05, 'gpp_d': 288.72359106595053, 'ign_k': 0.10655442882957664, 'ign_c': 13.483388813169478, 'trop_agb_crit': 4.764277080487534, 'trop_k_veg': 1.8416692853016372, 'pop_amp': 0.004546808436716225, 'pop_peak': 3.2463957719764798, 'pop_sig': 1.0872683231323175}. Best is trial 1128 with value: -0.620386984093161.
[I 2026-08-20 00:57:26,294] Trial 1451 finished with value: 0.39345027973174995 and parameters: {'k1': 0.005946160187089865, 'D_low': 2.2234461974348734, 'k2': 0.0003298317308237249, 'D_high': 1574792.6426204063, 'fire_exp': 1.1665010076669216, 'P_half': 116.85205422608885, 'pre_dampen_half': 6.385245353736251, 'gpp_af': 0.013249878979804388, 'gpp_b': 7.507911655608704e-05, 'gpp_d': 34.48492843096988, 'ign_k': 5.291398671714568, 'ign_c': 17.93332917791062, 'trop_agb_crit': 2.180081733162034, 'trop_k_veg': 3.3105557936903027, 'pop_amp': 0.00233616055760214, 'pop_peak': 0.40298188520594486, 'pop_sig': 0.41460094908989753}. Best is trial 1128 with value: -0.620386984093161.
[I 2026-08-20 00:57:28,048] Trial 1452 finished with value: 0.4867500621047819 and parameters: {'k1': 0.043115457975775276, 'D_low': 8.76234407354763, 'k2': 4.346367524262615e-05, 'D_high': 383661.76175821974, 'fire_exp': 3.7827276736805193, 'P_half': 55.68192114466438, 'pre_dampen_half': 0.9608670432447883, 'gpp_af': 0.0037581689268963714, 'gpp_b': 1.4666386700862803e-05, 'gpp_d': 15.17310818996764, 'ign_k': 8.085343289624554, 'ign_c': 11.07484479287701, 'trop_agb_crit': 6.424520298668956, 'trop_k_veg': 1.3301174170089907, 'pop_amp': 0.0013283140097757743, 'pop_peak': 2.278131068429205, 'pop_sig': 0.5776038002000334}. Best is trial 1128 with value: -0.620386984093161.
[I 2026-08-20 00:57:29,798] Trial 1453 finished with value: 0.3943918132694564 and parameters: {'k1': 0.002129619914273484, 'D_low': 40.153373910462946, 'k2': 8.535020793239565e-05, 'D_high': 302251.39824771334, 'fire_exp': 1.70736691598875, 'P_half': 3.329073280322079, 'pre_dampen_half': 5.03472619586707, 'gpp_af': 0.005844569818774954, 'gpp_b': 6.926360572693071e-05, 'gpp_d': 460.1975245391453, 'ign_k': 6.797143367575532, 'ign_c': 16.711771647791227, 'trop_agb_crit': 4.760537315871966, 'trop_k_veg': 4.091876422488167, 'pop_amp': 0.07615516881539641, 'pop_peak': 11.87920926407553, 'pop_sig': 0.6058313878669372}. Best is trial 1128 with value: -0.620386984093161.
[I 2026-08-20 00:57:31,574] Trial 1454 finished with value: 0.6112183671449438 and parameters: {'k1': 0.0050694385870757065, 'D_low': 77.15101661001934, 'k2': 0.00022564824392433028, 'D_high': 102.34040374401233, 'fire_exp': 5.178056309563898, 'P_half': 51.91210348285965, 'pre_dampen_half': 54.15657375659751, 'gpp_af': 0.988074000353079, 'gpp_b': 0.19712646566508227, 'gpp_d': 21.088657148445165, 'ign_k': 0.002125506783521108, 'ign_c': 5.019219398155346, 'trop_agb_crit': 2.645882256838107, 'trop_k_veg': 5.199613518123795, 'pop_amp': 0.014592421713348304, 'pop_peak': 70.91796431271499, 'pop_sig': 2.172377673743379}. Best is trial 1128 with value: -0.620386984093161.
[I 2026-08-20 00:57:33,324] Trial 1455 finished with value: 0.43112000126951167 and parameters: {'k1': 0.0015064129528857416, 'D_low': 62.49975109472954, 'k2': 0.002405417082361335, 'D_high': 78450.68780601461, 'fire_exp': 2.882106893356372, 'P_half': 72.01852176186677, 'pre_dampen_half': 39.5610270728534, 'gpp_af': 0.00541129909533191, 'gpp_b': 0.0001817619249029383, 'gpp_d': 58.67490110033427, 'ign_k': 3.926991130658599, 'ign_c': 0.6618757079631101, 'trop_agb_crit': 7.137224845750415, 'trop_k_veg': 1.8478004170209033, 'pop_amp': 0.0049576688041020715, 'pop_peak': 73.5960876434578, 'pop_sig': 1.516678238250625}. Best is trial 1128 with value: -0.620386984093161.
[I 2026-08-20 00:57:35,534] Trial 1456 finished with value: -0.44701860616587 and parameters: {'k1': 0.018477180178128525, 'D_low': 7.555756072376859, 'k2': 0.0008086004609229606, 'D_high': 1711.0037502511611, 'fire_exp': 1.82526774730413, 'P_half': 9.221380091443967, 'pre_dampen_half': 92.1512844081301, 'gpp_af': 0.009776949936910879, 'gpp_b': 5.2085854626533394e-05, 'gpp_d': 790.4567399681483, 'ign_k': 4.166524807616692, 'ign_c': 4.306712283364172, 'trop_agb_crit': 2.785310544411594, 'trop_k_veg': 3.97204666578605, 'pop_amp': 0.0012932106315283723, 'pop_peak': 2.3587319371346176, 'pop_sig': 0.8345971343023388}. Best is trial 1128 with value: -0.620386984093161.
[I 2026-08-20 00:57:37,281] Trial 1457 finished with value: 0.5768213818059273 and parameters: {'k1': 1.4628165522573208e-05, 'D_low': 57.312262144867745, 'k2': 1.4560495159873232e-05, 'D_high': 117471.13922701894, 'fire_exp': 2.182235444074689, 'P_half': 177.34575726245183, 'pre_dampen_half': 17.773326130012098, 'gpp_af': 0.0668938924813715, 'gpp_b': 1.9168271004824996e-05, 'gpp_d': 0.6748460249154152, 'ign_k': 0.006416855492456898, 'ign_c': 3.8622000164529466, 'trop_agb_crit': 6.362355277050258, 'trop_k_veg': 4.119628289911177, 'pop_amp': 1.4451428518482883, 'pop_peak': 258.6598845750357, 'pop_sig': 0.7271082339481316}. Best is trial 1128 with value: -0.620386984093161.
[I 2026-08-20 00:57:39,029] Trial 1458 finished with value: 0.5765307286395381 and parameters: {'k1': 0.014918051320616648, 'D_low': 215.40843238595357, 'k2': 0.0011500355466569556, 'D_high': 4158689.2000448145, 'fire_exp': 2.939382791165444, 'P_half': 1642.8986266802676, 'pre_dampen_half': 2.252699824495136, 'gpp_af': 0.01319174271655768, 'gpp_b': 0.0009766462367648914, 'gpp_d': 584.841404287494, 'ign_k': 1.7341934115102384, 'ign_c': 7.317280138805951, 'trop_agb_crit': 8.250798135784706, 'trop_k_veg': 1.4525513629598095, 'pop_amp': 0.026875049550580815, 'pop_peak': 26.172299226249905, 'pop_sig': 1.1607815124406669}. Best is trial 1128 with value: -0.620386984093161.
[I 2026-08-20 00:57:40,790] Trial 1459 finished with value: 0.4971616870908794 and parameters: {'k1': 0.003253921484366531, 'D_low': 1.065082309547041, 'k2': 2.374834961331309e-05, 'D_high': 175608.6444356484, 'fire_exp': 1.6312699534324655, 'P_half': 610.7027211060464, 'pre_dampen_half': 2.526273633249686, 'gpp_af': 0.003778299723097571, 'gpp_b': 1.4679235689562691e-05, 'gpp_d': 913.7632595274198, 'ign_k': 3.6542940366215304, 'ign_c': 5.330683817480486, 'trop_agb_crit': 6.157991329390322, 'trop_k_veg': 1.7632385701378754, 'pop_amp': 0.012581204910315214, 'pop_peak': 14.970517361917418, 'pop_sig': 0.6383272380184393}. Best is trial 1128 with value: -0.620386984093161.
[I 2026-08-20 00:57:42,557] Trial 1460 finished with value: 0.5935577117766742 and parameters: {'k1': 0.00040513610470195463, 'D_low': 199.26614043707337, 'k2': 0.016283311839232255, 'D_high': 1845970.9544953732, 'fire_exp': 5.064271368275912, 'P_half': 3285.595745993041, 'pre_dampen_half': 127.44348527066504, 'gpp_af': 0.8620232834120001, 'gpp_b': 0.009897223897601408, 'gpp_d': 17.903114871874468, 'ign_k': 0.5723742042849685, 'ign_c': 0.15837690339165447, 'trop_agb_crit': 2.161446834633238, 'trop_k_veg': 1.6623191641344575, 'pop_amp': 1.8981040814577868, 'pop_peak': 0.41425736732554297, 'pop_sig': 1.1787013752179367}. Best is trial 1128 with value: -0.620386984093161.
[I 2026-08-20 00:57:44,312] Trial 1461 finished with value: 0.5780266161257822 and parameters: {'k1': 0.002368698572009732, 'D_low': 293.9764846671751, 'k2': 0.0010944019189927036, 'D_high': 206939.03548614026, 'fire_exp': 3.472833425778351, 'P_half': 427.2253182176694, 'pre_dampen_half': 52.86381820373403, 'gpp_af': 23.012148133020006, 'gpp_b': 0.0017646007910828, 'gpp_d': 18.647101915613572, 'ign_k': 0.77382356823971, 'ign_c': 2.5724431035345288, 'trop_agb_crit': 17.542475711146505, 'trop_k_veg': 4.767092076743747, 'pop_amp': 0.005412446881834725, 'pop_peak': 53.04018666459562, 'pop_sig': 1.5579438985543506}. Best is trial 1128 with value: -0.620386984093161.
[I 2026-08-20 00:57:46,121] Trial 1462 finished with value: 0.5739512056168187 and parameters: {'k1': 1.547242693797139e-05, 'D_low': 63.186005705992564, 'k2': 1.9495670683714717e-05, 'D_high': 2692058.0749776373, 'fire_exp': 2.5306547773984662, 'P_half': 91.69290468530201, 'pre_dampen_half': 52.16533169678499, 'gpp_af': 7.018114377538032, 'gpp_b': 4.030784097701057e-05, 'gpp_d': 6.457579933486827, 'ign_k': 0.020436964052991783, 'ign_c': 2.718567252323295, 'trop_agb_crit': 1.889310393482619, 'trop_k_veg': 3.398543132558031, 'pop_amp': 1.5802777471900433, 'pop_peak': 541.9714072986369, 'pop_sig': 0.3842441754801438}. Best is trial 1128 with value: -0.620386984093161.
[I 2026-08-20 00:57:47,902] Trial 1463 finished with value: 0.6470448785914331 and parameters: {'k1': 0.0001831957734574814, 'D_low': 6.401762692458145, 'k2': 0.012529587330124037, 'D_high': 622130.8681856705, 'fire_exp': 1.4349131237087642, 'P_half': 175.47233802633224, 'pre_dampen_half': 8.565413499543928, 'gpp_af': 0.07186928975733839, 'gpp_b': 0.000308327351781993, 'gpp_d': 0.481982869355894, 'ign_k': 0.22068790979599767, 'ign_c': 0.22093082327831823, 'trop_agb_crit': 1.804420431213922, 'trop_k_veg': 6.886248990055858, 'pop_amp': 6.7626494499288095, 'pop_peak': 1.2520407504206228, 'pop_sig': 2.428975081046086}. Best is trial 1128 with value: -0.620386984093161.
[I 2026-08-20 00:57:49,647] Trial 1464 finished with value: 0.5546786186688737 and parameters: {'k1': 1.735572527728683e-05, 'D_low': 9.358660965413492, 'k2': 0.0001038241144941705, 'D_high': 336927.90973615524, 'fire_exp': 2.5053660491413288, 'P_half': 187.66149817474727, 'pre_dampen_half': 0.054398761849263025, 'gpp_af': 2.3969394037303293, 'gpp_b': 0.014486881210416632, 'gpp_d': 1.9730340210318662, 'ign_k': 0.0904480761132931, 'ign_c': 2.7193019667654106, 'trop_agb_crit': 9.962634025043705, 'trop_k_veg': 3.670371293981992, 'pop_amp': 3.9028360648298634, 'pop_peak': 10.500278101897987, 'pop_sig': 1.0579376551511115}. Best is trial 1128 with value: -0.620386984093161.
[I 2026-08-20 00:57:51,411] Trial 1465 finished with value: 0.5761026172533212 and parameters: {'k1': 0.007322693669159193, 'D_low': 1.3231855462599624, 'k2': 0.05744963929173506, 'D_high': 1326560.8578214513, 'fire_exp': 1.4676316011971335, 'P_half': 26.359661602913786, 'pre_dampen_half': 0.02619776447376193, 'gpp_af': 0.008968585088392985, 'gpp_b': 0.003432587579057311, 'gpp_d': 22.227167044652585, 'ign_k': 0.0037885314699328916, 'ign_c': 2.476269576220765, 'trop_agb_crit': 28.605786337327363, 'trop_k_veg': 1.5851783911067021, 'pop_amp': 0.3219491872908272, 'pop_peak': 228.63035092062904, 'pop_sig': 1.5771972272917807}. Best is trial 1128 with value: -0.620386984093161.
[I 2026-08-20 00:57:53,176] Trial 1466 finished with value: 0.5576435196690227 and parameters: {'k1': 0.002395955748666005, 'D_low': 3960.8023523690467, 'k2': 0.0001539252592450719, 'D_high': 4213969.362713473, 'fire_exp': 2.5426309516107635, 'P_half': 10.863604167075234, 'pre_dampen_half': 4.8319404188938995, 'gpp_af': 0.11739457713539378, 'gpp_b': 6.17635459555814e-05, 'gpp_d': 61.7640408525379, 'ign_k': 0.4130539138410015, 'ign_c': 8.398319001746268, 'trop_agb_crit': 5.817581270899642, 'trop_k_veg': 4.014710680690432, 'pop_amp': 3.5614331496662066, 'pop_peak': 4.4385632217997415, 'pop_sig': 0.8618430470190499}. Best is trial 1128 with value: -0.620386984093161.
[I 2026-08-20 00:57:54,968] Trial 1467 finished with value: 0.5542045053590174 and parameters: {'k1': 0.0004559718273287963, 'D_low': 162.08250272856623, 'k2': 0.01898249078776117, 'D_high': 1368632.0950978068, 'fire_exp': 1.6898134519101569, 'P_half': 501.4752504518667, 'pre_dampen_half': 2.7776058093669653, 'gpp_af': 0.07491115167202025, 'gpp_b': 0.0003998049737280004, 'gpp_d': 0.3803948903366242, 'ign_k': 7.2188646682360025, 'ign_c': 0.1137819023131897, 'trop_agb_crit': 1.3889530845409273, 'trop_k_veg': 4.630696762466528, 'pop_amp': 11.032973154751767, 'pop_peak': 0.6870831038350321, 'pop_sig': 1.9095423696581217}. Best is trial 1128 with value: -0.620386984093161.
[I 2026-08-20 00:57:57,082] Trial 1468 finished with value: 0.49678349891327755 and parameters: {'k1': 0.00027081454676649024, 'D_low': 5.311168187824802, 'k2': 0.00236094657855566, 'D_high': 4958393.571862157, 'fire_exp': 1.103681768162219, 'P_half': 1.735566596465824, 'pre_dampen_half': 8.32696888421747, 'gpp_af': 0.3143197089503179, 'gpp_b': 0.001472584402205122, 'gpp_d': 0.8674997464489167, 'ign_k': 0.0011742740890986624, 'ign_c': 0.11371443250394836, 'trop_agb_crit': 1.0219675464570481, 'trop_k_veg': 1.060551663411526, 'pop_amp': 2.5489268843357022, 'pop_peak': 2.8068077089151044, 'pop_sig': 1.657362428395421}. Best is trial 1128 with value: -0.620386984093161.
[I 2026-08-20 00:57:58,878] Trial 1469 finished with value: 0.5544850612418422 and parameters: {'k1': 0.00036187751285436133, 'D_low': 6.354876268292368, 'k2': 0.01245889628817338, 'D_high': 4172761.9502475895, 'fire_exp': 1.7210359257369499, 'P_half': 1.1306603790807106, 'pre_dampen_half': 0.6155787752218943, 'gpp_af': 0.01298154434954124, 'gpp_b': 0.0019567694511868528, 'gpp_d': 1.5033070148665373, 'ign_k': 0.0016904893080885843, 'ign_c': 0.2055755210147337, 'trop_agb_crit': 4.003844576239916, 'trop_k_veg': 2.8183331349913616, 'pop_amp': 0.5832234043627862, 'pop_peak': 9.397307151606336, 'pop_sig': 0.611218479700245}. Best is trial 1128 with value: -0.620386984093161.
[I 2026-08-20 00:58:00,665] Trial 1470 finished with value: 0.6445374145881376 and parameters: {'k1': 0.0072867188815019905, 'D_low': 1.6237374490934413, 'k2': 7.457631225978232e-05, 'D_high': 1126709.8852195726, 'fire_exp': 1.3448707366348291, 'P_half': 21.745695252668295, 'pre_dampen_half': 0.4989445877299348, 'gpp_af': 0.005015907078190875, 'gpp_b': 2.1412666833074183e-05, 'gpp_d': 125.96484414116124, 'ign_k': 3.64372092439244, 'ign_c': 87.63145253431891, 'trop_agb_crit': 5.0824913367686415, 'trop_k_veg': 6.411066879887195, 'pop_amp': 0.005664855713404451, 'pop_peak': 17.819437302794565, 'pop_sig': 0.7262390372652459}. Best is trial 1128 with value: -0.620386984093161.
[I 2026-08-20 00:58:02,438] Trial 1471 finished with value: 0.6445374145881376 and parameters: {'k1': 0.0027426407527331594, 'D_low': 85.88088379517374, 'k2': 2.522461943353368e-05, 'D_high': 18.440845485327927, 'fire_exp': 3.2960285247427583, 'P_half': 644.3182064560324, 'pre_dampen_half': 76.03373178920627, 'gpp_af': 45.290203788579355, 'gpp_b': 2.379323026944825, 'gpp_d': 6.646211439808211, 'ign_k': 1.6554621882986424, 'ign_c': 128.9371091539187, 'trop_agb_crit': 2.2169488065560348, 'trop_k_veg': 1.9241026878337457, 'pop_amp': 1.559381782205682, 'pop_peak': 43.54708200244722, 'pop_sig': 0.37334315113671485}. Best is trial 1128 with value: -0.620386984093161.
