[I 2026-06-10 20:36:37,517] Trial 678 finished with values: [10.217290755007745, 10.217290755007745] and parameters: {'k1': 3.609310926766545e-05, 'D_low': 2.414672422128219, 'k2': 1.2432381951316053e-05, 'D_high': 1266.9536563782303, 'fire_exp': 1.2344878997299724, 'P_half': 93.43302657318476, 'pre_dampen_half': 170.71098124594695, 'gpp_af': 0.004511991819672033, 'gpp_b': 0.002416023630607169, 'gpp_d': 96.93415502195788, 'ign_k': 0.0029519227433917453, 'ign_c': 1.4879588507789996, 'trop_agb_crit': 8.0091368834625, 'trop_k_veg': 2.520089655463604, 'fire_amp': 1.1655705619308396}.
[I 2026-06-10 20:36:39,006] Trial 679 finished with values: [-0.3434895252086406, 0.16724730088225825] and parameters: {'k1': 5.178197947282869e-05, 'D_low': 13.012518385211498, 'k2': 0.0002442377596403892, 'D_high': 1817.0401889219124, 'fire_exp': 1.2344878997299724, 'P_half': 369.7311160925241, 'pre_dampen_half': 958.6709783968975, 'gpp_af': 0.005061568304359487, 'gpp_b': 0.002416023630607169, 'gpp_d': 1.0088237648985734, 'ign_k': 0.0032383308053152635, 'ign_c': 1.4879588507789996, 'trop_agb_crit': 8.0091368834625, 'trop_k_veg': 0.5183533149347164, 'fire_amp': 1.1655705619308396}.
[I 2026-06-10 20:36:40,841] Trial 680 finished with values: [-0.5613973311821596, 0.09769665355131363] and parameters: {'k1': 0.00023134781612225627, 'D_low': 236.79352040223893, 'k2': 0.0002442377596403892, 'D_high': 22.636544662054543, 'fire_exp': 1.2344878997299724, 'P_half': 7.914423612155368, 'pre_dampen_half': 958.6709783968975, 'gpp_af': 0.005061568304359487, 'gpp_b': 0.004411400434514031, 'gpp_d': 1.0088237648985734, 'ign_k': 0.0032383308053152635, 'ign_c': 0.22592797420156951, 'trop_agb_crit': 8.0091368834625, 'trop_k_veg': 2.6914360459288678, 'fire_amp': 1.5719333351012774}.
[I 2026-06-10 20:36:42,449] Trial 681 finished with values: [10.830909106571747, 10.830909106571747] and parameters: {'k1': 0.08006837661379566, 'D_low': 153.74098204111448, 'k2': 0.006802810205786726, 'D_high': 252.84086172415604, 'fire_exp': 1.811096651915224, 'P_half': 93.43302657318476, 'pre_dampen_half': 0.14445596525544369, 'gpp_af': 0.2204465010099918, 'gpp_b': 2.176805640408474e-05, 'gpp_d': 0.7698760608299932, 'ign_k': 0.0029519227433917453, 'ign_c': 342.8810943862522, 'trop_agb_crit': 11.664190932505923, 'trop_k_veg': 6.030247256556128, 'fire_amp': 3.1543496524370136}.
[I 2026-06-10 20:36:43,910] Trial 682 finished with values: [10.094234634623312, 10.094234634623312] and parameters: {'k1': 0.00023134781612225627, 'D_low': 1.7551403048208316, 'k2': 0.0001280886335404798, 'D_high': 32311.521854410956, 'fire_exp': 1.811096651915224, 'P_half': 5.4712187293420325, 'pre_dampen_half': 121.93011993958949, 'gpp_af': 0.0900595929114129, 'gpp_b': 0.00031478066835753096, 'gpp_d': 0.1619054449471649, 'ign_k': 0.002357279455676982, 'ign_c': 7.081721844034206, 'trop_agb_crit': 12.708819454040446, 'trop_k_veg': 0.5535297685306277, 'fire_amp': 1.5719333351012774}.
[I 2026-06-10 20:36:45,340] Trial 683 finished with values: [10.530643228137588, 10.530643228137588] and parameters: {'k1': 0.0018697387216131526, 'D_low': 171.2446447678494, 'k2': 0.00037358626308127543, 'D_high': 32311.521854410956, 'fire_exp': 1.9136159174067866, 'P_half': 93.43302657318476, 'pre_dampen_half': 3.4461856429915305, 'gpp_af': 0.016306190741524337, 'gpp_b': 2.176805640408474e-05, 'gpp_d': 0.7698760608299932, 'ign_k': 0.0029519227433917453, 'ign_c': 7.081721844034206, 'trop_agb_crit': 2.0527418919564324, 'trop_k_veg': 0.5089315327929785, 'fire_amp': 2.901299101737137}.
[I 2026-06-10 20:36:47,401] Trial 684 finished with values: [10.443341395921061, 10.443341395921061] and parameters: {'k1': 5.7909642338812115e-05, 'D_low': 171.2446447678494, 'k2': 2.091507303847255e-05, 'D_high': 970.6606756877612, 'fire_exp': 1.41873960828944, 'P_half': 93.43302657318476, 'pre_dampen_half': 30.456909077772018, 'gpp_af': 0.060029341913968644, 'gpp_b': 0.12046049142392454, 'gpp_d': 1.0088237648985734, 'ign_k': 0.17320535908244444, 'ign_c': 7.081721844034206, 'trop_agb_crit': 1.8285200278523417, 'trop_k_veg': 5.453348988480011, 'fire_amp': 5.44779717154213}.
[I 2026-06-10 20:36:49,039] Trial 685 finished with values: [-0.34693052716568173, 0.12227936991822197] and parameters: {'k1': 3.609310926766545e-05, 'D_low': 171.2446447678494, 'k2': 0.006802810205786726, 'D_high': 1266.9536563782303, 'fire_exp': 1.811096651915224, 'P_half': 93.43302657318476, 'pre_dampen_half': 123.04779330083686, 'gpp_af': 0.2204465010099918, 'gpp_b': 2.176805640408474e-05, 'gpp_d': 20.81401325574021, 'ign_k': 0.0029519227433917453, 'ign_c': 342.8810943862522, 'trop_agb_crit': 28.779217872092953, 'trop_k_veg': 0.828441460847982, 'fire_amp': 5.44779717154213}.
[I 2026-06-10 20:36:50,447] Trial 686 finished with values: [10.784089383431377, 10.784089383431377] and parameters: {'k1': 5.7909642338812115e-05, 'D_low': 171.2446447678494, 'k2': 0.00037358626308127543, 'D_high': 35.136541394511, 'fire_exp': 1.811096651915224, 'P_half': 93.43302657318476, 'pre_dampen_half': 1.8469033699850426, 'gpp_af': 0.2204465010099918, 'gpp_b': 2.176805640408474e-05, 'gpp_d': 1.0088237648985734, 'ign_k': 0.0029519227433917453, 'ign_c': 0.4177928311636542, 'trop_agb_crit': 3.3933702290907823, 'trop_k_veg': 2.520089655463604, 'fire_amp': 5.44779717154213}.
[I 2026-06-10 20:36:51,861] Trial 687 finished with values: [10.716796152566186, 10.716796152566186] and parameters: {'k1': 0.00023134781612225627, 'D_low': 1121.5915868662764, 'k2': 0.0002442377596403892, 'D_high': 32311.521854410956, 'fire_exp': 1.4848387260494937, 'P_half': 12.280874862135363, 'pre_dampen_half': 121.93011993958949, 'gpp_af': 0.008117091133892173, 'gpp_b': 0.00031478066835753096, 'gpp_d': 29.9035514860849, 'ign_k': 0.002357279455676982, 'ign_c': 7.081721844034206, 'trop_agb_crit': 12.708819454040446, 'trop_k_veg': 4.989748894578724, 'fire_amp': 1.5719333351012774}.
[I 2026-06-10 20:36:53,276] Trial 688 finished with values: [10.577050099161866, 10.577050099161866] and parameters: {'k1': 0.0018697387216131526, 'D_low': 171.2446447678494, 'k2': 0.00037358626308127543, 'D_high': 1817.0401889219124, 'fire_exp': 1.811096651915224, 'P_half': 114.62237838612074, 'pre_dampen_half': 1.8469033699850426, 'gpp_af': 0.2204465010099918, 'gpp_b': 0.00031478066835753096, 'gpp_d': 1.0088237648985734, 'ign_k': 0.17320535908244444, 'ign_c': 4.142619760188259, 'trop_agb_crit': 1.8285200278523417, 'trop_k_veg': 0.5089315327929785, 'fire_amp': 5.44779717154213}.
[I 2026-06-10 20:36:54,880] Trial 689 finished with values: [11.009608137979518, 11.009608137979518] and parameters: {'k1': 0.006079905434073396, 'D_low': 13.012518385211498, 'k2': 4.933751600448335e-05, 'D_high': 1817.0401889219124, 'fire_exp': 1.1633452995374232, 'P_half': 7.914423612155368, 'pre_dampen_half': 958.6709783968975, 'gpp_af': 0.005061568304359487, 'gpp_b': 0.00047819318414852577, 'gpp_d': 1.0088237648985734, 'ign_k': 0.0032383308053152635, 'ign_c': 16.497426799845446, 'trop_agb_crit': 8.0091368834625, 'trop_k_veg': 0.5183533149347164, 'fire_amp': 1.1655705619308396}.
[I 2026-06-10 20:36:56,506] Trial 690 finished with values: [10.484312414690269, 10.484312414690269] and parameters: {'k1': 5.178197947282869e-05, 'D_low': 51.61767747867285, 'k2': 0.003767022142229395, 'D_high': 252.84086172415604, 'fire_exp': 1.1490848108902036, 'P_half': 9.580682294110435, 'pre_dampen_half': 16.009350908593582, 'gpp_af': 0.008117091133892173, 'gpp_b': 0.00012118589392553798, 'gpp_d': 96.93415502195788, 'ign_k': 0.07867677706257832, 'ign_c': 0.9736725715035878, 'trop_agb_crit': 11.664190932505923, 'trop_k_veg': 0.5183533149347164, 'fire_amp': 3.617425524369146}.
[I 2026-06-10 20:36:57,848] Trial 691 finished with values: [10.070755827152487, 10.070755827152487] and parameters: {'k1': 3.609310926766545e-05, 'D_low': 1121.5915868662764, 'k2': 0.006802810205786726, 'D_high': 252.84086172415604, 'fire_exp': 1.4848387260494937, 'P_half': 12.280874862135363, 'pre_dampen_half': 123.04779330083686, 'gpp_af': 1.9706963379095486, 'gpp_b': 0.00012118589392553798, 'gpp_d': 96.93415502195788, 'ign_k': 0.0029519227433917453, 'ign_c': 48.704711413416454, 'trop_agb_crit': 11.664190932505923, 'trop_k_veg': 4.989748894578724, 'fire_amp': 3.1543496524370136}.
[I 2026-06-10 20:36:59,293] Trial 692 finished with values: [10.209792453602951, 10.209792453602951] and parameters: {'k1': 5.7909642338812115e-05, 'D_low': 1.7551403048208316, 'k2': 0.045914852167405346, 'D_high': 16780.50857913099, 'fire_exp': 1.5036604936020428, 'P_half': 5.4712187293420325, 'pre_dampen_half': 16.009350908593582, 'gpp_af': 0.060029341913968644, 'gpp_b': 0.00031478066835753096, 'gpp_d': 12.338826503601998, 'ign_k': 0.002357279455676982, 'ign_c': 7.081721844034206, 'trop_agb_crit': 1.8285200278523417, 'trop_k_veg': 0.5535297685306277, 'fire_amp': 3.457960730172751}.
[I 2026-06-10 20:37:00,902] Trial 693 finished with values: [10.25885803259372, 10.25885803259372] and parameters: {'k1': 3.609310926766545e-05, 'D_low': 1121.5915868662764, 'k2': 0.003767022142229395, 'D_high': 16780.50857913099, 'fire_exp': 1.4848387260494937, 'P_half': 93.43302657318476, 'pre_dampen_half': 16.009350908593582, 'gpp_af': 90.42322003557416, 'gpp_b': 0.00012118589392553798, 'gpp_d': 96.93415502195788, 'ign_k': 0.002357279455676982, 'ign_c': 0.32627001117104587, 'trop_agb_crit': 1.8285200278523417, 'trop_k_veg': 0.5183533149347164, 'fire_amp': 3.1543496524370136}.
[I 2026-06-10 20:37:02,446] Trial 694 finished with values: [10.164725077106809, 10.164725077106809] and parameters: {'k1': 3.609310926766545e-05, 'D_low': 13.012518385211498, 'k2': 2.6087868551829077e-05, 'D_high': 1817.0401889219124, 'fire_exp': 1.2344878997299724, 'P_half': 12.280874862135363, 'pre_dampen_half': 19.21689966904807, 'gpp_af': 0.005061568304359487, 'gpp_b': 0.002416023630607169, 'gpp_d': 1.0088237648985734, 'ign_k': 0.0032383308053152635, 'ign_c': 1.4879588507789996, 'trop_agb_crit': 8.0091368834625, 'trop_k_veg': 0.5183533149347164, 'fire_amp': 3.1543496524370136}.
[I 2026-06-10 20:37:04,048] Trial 695 finished with values: [15.42439382959352, 15.42439382959352] and parameters: {'k1': 0.006164329525571074, 'D_low': 171.2446447678494, 'k2': 0.0004976087827261435, 'D_high': 36998.679204890876, 'fire_exp': 1.41873960828944, 'P_half': 51.10120656497163, 'pre_dampen_half': 123.04779330083686, 'gpp_af': 0.2204465010099918, 'gpp_b': 0.12046049142392454, 'gpp_d': 1.0088237648985734, 'ign_k': 0.7895056976009632, 'ign_c': 7.081721844034206, 'trop_agb_crit': 1.8566494291193822, 'trop_k_veg': 2.520089655463604, 'fire_amp': 5.606809127618709}.
[I 2026-06-10 20:37:06,078] Trial 696 finished with values: [10.833333332980382, 10.833333332980382] and parameters: {'k1': 0.006164329525571074, 'D_low': 171.2446447678494, 'k2': 0.0004976087827261435, 'D_high': 2058.484816788601, 'fire_exp': 1.811096651915224, 'P_half': 93.43302657318476, 'pre_dampen_half': 30.456909077772018, 'gpp_af': 0.2204465010099918, 'gpp_b': 0.00031478066835753096, 'gpp_d': 1.0088237648985734, 'ign_k': 0.17320535908244444, 'ign_c': 342.8810943862522, 'trop_agb_crit': 1.3063813396521713, 'trop_k_veg': 6.030247256556128, 'fire_amp': 5.44779717154213}.
[I 2026-06-10 20:37:08,132] Trial 697 finished with values: [10.66609561503393, 10.66609561503393] and parameters: {'k1': 0.0009898117700885534, 'D_low': 1.4002277211577039, 'k2': 0.02939607009739149, 'D_high': 32311.521854410956, 'fire_exp': 1.1633452995374232, 'P_half': 5.4712187293420325, 'pre_dampen_half': 0.23485690470339216, 'gpp_af': 0.016306190741524337, 'gpp_b': 0.00031478066835753096, 'gpp_d': 1.3411170141333262, 'ign_k': 0.0029519227433917453, 'ign_c': 7.081721844034206, 'trop_agb_crit': 1.0189592979395135, 'trop_k_veg': 0.5089315327929785, 'fire_amp': 1.2393473789150806}.
[I 2026-06-10 20:37:09,688] Trial 698 finished with values: [10.761899657111623, 10.761899657111623] and parameters: {'k1': 5.7909642338812115e-05, 'D_low': 1739.6167422846984, 'k2': 0.00037358626308127543, 'D_high': 36998.679204890876, 'fire_exp': 3.2459542834651627, 'P_half': 93.43302657318476, 'pre_dampen_half': 30.456909077772018, 'gpp_af': 0.2204465010099918, 'gpp_b': 0.16285506249643175, 'gpp_d': 1.0088237648985734, 'ign_k': 3.6309591863459096, 'ign_c': 2.2489542843914485, 'trop_agb_crit': 1.8285200278523417, 'trop_k_veg': 2.520089655463604, 'fire_amp': 5.44779717154213}.
[I 2026-06-10 20:37:11,405] Trial 699 finished with values: [10.232534265999044, 10.232534265999044] and parameters: {'k1': 3.609310926766545e-05, 'D_low': 1121.5915868662764, 'k2': 0.00037358626308127543, 'D_high': 20.78152796466981, 'fire_exp': 1.41873960828944, 'P_half': 2.2010656610055808, 'pre_dampen_half': 170.71098124594695, 'gpp_af': 0.2204465010099918, 'gpp_b': 2.176805640408474e-05, 'gpp_d': 0.09467055845337147, 'ign_k': 0.17320535908244444, 'ign_c': 7.081721844034206, 'trop_agb_crit': 12.647327018493208, 'trop_k_veg': 5.453348988480011, 'fire_amp': 3.1543496524370136}.
[I 2026-06-10 20:37:13,266] Trial 700 finished with values: [10.025786837226464, 10.025786837226464] and parameters: {'k1': 0.006079905434073396, 'D_low': 43.2326421037033, 'k2': 4.933751600448335e-05, 'D_high': 32311.521854410956, 'fire_exp': 1.1633452995374232, 'P_half': 5.4712187293420325, 'pre_dampen_half': 37.40930273158252, 'gpp_af': 1.9998014714101113, 'gpp_b': 0.00047819318414852577, 'gpp_d': 1.3411170141333262, 'ign_k': 0.0029519227433917453, 'ign_c': 16.497426799845446, 'trop_agb_crit': 8.0091368834625, 'trop_k_veg': 1.6003641872536711, 'fire_amp': 1.2393473789150806}.
[I 2026-06-10 20:37:14,899] Trial 701 finished with values: [10.434399220131198, 10.434399220131198] and parameters: {'k1': 0.00023134781612225627, 'D_low': 236.79352040223893, 'k2': 0.045914852167405346, 'D_high': 16780.50857913099, 'fire_exp': 1.2344878997299724, 'P_half': 5.4712187293420325, 'pre_dampen_half': 16.009350908593582, 'gpp_af': 0.008117091133892173, 'gpp_b': 0.00807491410172472, 'gpp_d': 12.338826503601998, 'ign_k': 0.0018548376790967168, 'ign_c': 7.081721844034206, 'trop_agb_crit': 1.3063813396521713, 'trop_k_veg': 0.5535297685306277, 'fire_amp': 1.5719333351012774}.
[I 2026-06-10 20:37:16,650] Trial 702 finished with values: [10.833333332980382, 10.833333332980382] and parameters: {'k1': 5.7909642338812115e-05, 'D_low': 1.7551403048208316, 'k2': 0.00037358626308127543, 'D_high': 36998.679204890876, 'fire_exp': 7.837740398103447, 'P_half': 1265.0580856641704, 'pre_dampen_half': 30.456909077772018, 'gpp_af': 0.2204465010099918, 'gpp_b': 0.12046049142392454, 'gpp_d': 21.899070557043984, 'ign_k': 0.17320535908244444, 'ign_c': 39.52220881906114, 'trop_agb_crit': 1.8285200278523417, 'trop_k_veg': 5.453348988480011, 'fire_amp': 5.44779717154213}.
[I 2026-06-10 20:37:18,277] Trial 703 finished with values: [12.876808109785106, 12.876808109785106] and parameters: {'k1': 5.7909642338812115e-05, 'D_low': 171.2446447678494, 'k2': 0.006802810205786726, 'D_high': 1817.0401889219124, 'fire_exp': 1.1633452995374232, 'P_half': 12.280874862135363, 'pre_dampen_half': 30.456909077772018, 'gpp_af': 0.060029341913968644, 'gpp_b': 0.00014164588046678954, 'gpp_d': 34.18897529667503, 'ign_k': 0.17320535908244444, 'ign_c': 7.081721844034206, 'trop_agb_crit': 1.8285200278523417, 'trop_k_veg': 5.453348988480011, 'fire_amp': 3.1543496524370136}.
[I 2026-06-10 20:37:19,883] Trial 704 finished with values: [10.833333332980382, 10.833333332980382] and parameters: {'k1': 3.609310926766545e-05, 'D_low': 19.655597419418832, 'k2': 0.0004976087827261435, 'D_high': 252.84086172415604, 'fire_exp': 1.4848387260494937, 'P_half': 51.10120656497163, 'pre_dampen_half': 0.1359195760156183, 'gpp_af': 42.29037995744429, 'gpp_b': 0.0013488940375755271, 'gpp_d': 96.93415502195788, 'ign_k': 0.17320535908244444, 'ign_c': 153.51441568398127, 'trop_agb_crit': 11.664190932505923, 'trop_k_veg': 2.520089655463604, 'fire_amp': 5.606809127618709}.
[I 2026-06-10 20:37:21,493] Trial 705 finished with values: [10.332542818369358, 10.332542818369358] and parameters: {'k1': 3.609310926766545e-05, 'D_low': 236.79352040223893, 'k2': 8.968733598183248e-05, 'D_high': 32311.521854410956, 'fire_exp': 1.4848387260494937, 'P_half': 93.43302657318476, 'pre_dampen_half': 19.21689966904807, 'gpp_af': 0.060029341913968644, 'gpp_b': 0.002416023630607169, 'gpp_d': 21.899070557043984, 'ign_k': 0.012480180965117606, 'ign_c': 1.4879588507789996, 'trop_agb_crit': 8.0091368834625, 'trop_k_veg': 6.030247256556128, 'fire_amp': 1.1655705619308396}.
[I 2026-06-10 20:37:22,965] Trial 706 finished with values: [10.152097521986123, 10.152097521986123] and parameters: {'k1': 3.609310926766545e-05, 'D_low': 171.2446447678494, 'k2': 0.00037358626308127543, 'D_high': 22.636544662054543, 'fire_exp': 1.4848387260494937, 'P_half': 1265.0580856641704, 'pre_dampen_half': 121.93011993958949, 'gpp_af': 0.2204465010099918, 'gpp_b': 0.12046049142392454, 'gpp_d': 1.0088237648985734, 'ign_k': 0.17320535908244444, 'ign_c': 7.081721844034206, 'trop_agb_crit': 12.708819454040446, 'trop_k_veg': 4.989748894578724, 'fire_amp': 5.44779717154213}.
[I 2026-06-10 20:37:24,337] Trial 707 finished with values: [10.413537692962134, 10.413537692962134] and parameters: {'k1': 0.05705198955850472, 'D_low': 1.7551403048208316, 'k2': 2.091507303847255e-05, 'D_high': 32311.521854410956, 'fire_exp': 3.2459542834651627, 'P_half': 5.4712187293420325, 'pre_dampen_half': 1.8469033699850426, 'gpp_af': 0.2204465010099918, 'gpp_b': 2.176805640408474e-05, 'gpp_d': 12.338826503601998, 'ign_k': 0.17320535908244444, 'ign_c': 0.4177928311636542, 'trop_agb_crit': 1.8285200278523417, 'trop_k_veg': 0.6061284103410196, 'fire_amp': 5.44779717154213}.
[I 2026-06-10 20:37:25,806] Trial 708 finished with values: [10.568660162504816, 10.568660162504816] and parameters: {'k1': 0.0018697387216131526, 'D_low': 171.2446447678494, 'k2': 0.00037358626308127543, 'D_high': 32311.521854410956, 'fire_exp': 1.811096651915224, 'P_half': 119.18981992518337, 'pre_dampen_half': 123.04779330083686, 'gpp_af': 0.2204465010099918, 'gpp_b': 2.176805640408474e-05, 'gpp_d': 0.021780247871356784, 'ign_k': 0.0029519227433917453, 'ign_c': 342.8810943862522, 'trop_agb_crit': 2.0527418919564324, 'trop_k_veg': 0.828441460847982, 'fire_amp': 5.44779717154213}.
[I 2026-06-10 20:37:27,478] Trial 709 finished with values: [10.833333332980382, 10.833333332980382] and parameters: {'k1': 5.7909642338812115e-05, 'D_low': 171.2446447678494, 'k2': 0.00037358626308127543, 'D_high': 36998.679204890876, 'fire_exp': 1.9136159174067866, 'P_half': 114.62237838612074, 'pre_dampen_half': 1.8469033699850426, 'gpp_af': 0.2204465010099918, 'gpp_b': 2.176805640408474e-05, 'gpp_d': 0.7698760608299932, 'ign_k': 0.17320535908244444, 'ign_c': 159.0105835124059, 'trop_agb_crit': 1.8285200278523417, 'trop_k_veg': 0.5183533149347164, 'fire_amp': 5.44779717154213}.
[I 2026-06-10 20:37:29,168] Trial 710 finished with values: [10.375327309822685, 10.375327309822685] and parameters: {'k1': 0.0009898117700885534, 'D_low': 236.79352040223893, 'k2': 0.0002442377596403892, 'D_high': 22.636544662054543, 'fire_exp': 1.1633452995374232, 'P_half': 7.914423612155368, 'pre_dampen_half': 958.6709783968975, 'gpp_af': 0.016306190741524337, 'gpp_b': 0.00031478066835753096, 'gpp_d': 1.0088237648985734, 'ign_k': 0.0032383308053152635, 'ign_c': 0.22592797420156951, 'trop_agb_crit': 1.0189592979395135, 'trop_k_veg': 0.5089315327929785, 'fire_amp': 1.5719333351012774}.
[I 2026-06-10 20:37:30,697] Trial 711 finished with values: [10.24864186871159, 10.24864186871159] and parameters: {'k1': 8.60693112508996e-05, 'D_low': 171.2446447678494, 'k2': 0.00037358626308127543, 'D_high': 1266.9536563782303, 'fire_exp': 1.4848387260494937, 'P_half': 93.43302657318476, 'pre_dampen_half': 123.04779330083686, 'gpp_af': 0.004511991819672033, 'gpp_b': 2.176805640408474e-05, 'gpp_d': 96.93415502195788, 'ign_k': 0.0029519227433917453, 'ign_c': 7.081721844034206, 'trop_agb_crit': 11.664190932505923, 'trop_k_veg': 4.989748894578724, 'fire_amp': 3.1543496524370136}.
[I 2026-06-10 20:37:32,156] Trial 712 finished with values: [12.613678071600983, 12.613678071600983] and parameters: {'k1': 0.0009898117700885534, 'D_low': 144.5598398487298, 'k2': 0.02939607009739149, 'D_high': 1817.0401889219124, 'fire_exp': 1.1633452995374232, 'P_half': 5.4712187293420325, 'pre_dampen_half': 958.6709783968975, 'gpp_af': 0.016306190741524337, 'gpp_b': 0.00031478066835753096, 'gpp_d': 1.0088237648985734, 'ign_k': 0.0029519227433917453, 'ign_c': 1.4879588507789996, 'trop_agb_crit': 19.951866308719378, 'trop_k_veg': 0.5183533149347164, 'fire_amp': 1.2393473789150806}.
[I 2026-06-10 20:37:33,822] Trial 713 finished with values: [10.82311588875136, 10.82311588875136] and parameters: {'k1': 3.609310926766545e-05, 'D_low': 171.2446447678494, 'k2': 0.00037358626308127543, 'D_high': 36998.679204890876, 'fire_exp': 1.4848387260494937, 'P_half': 401.33725523815957, 'pre_dampen_half': 30.456909077772018, 'gpp_af': 0.015627364027979502, 'gpp_b': 2.176805640408474e-05, 'gpp_d': 0.7698760608299932, 'ign_k': 0.0029519227433917453, 'ign_c': 13.546626168109242, 'trop_agb_crit': 11.664190932505923, 'trop_k_veg': 2.520089655463604, 'fire_amp': 5.44779717154213}.
[I 2026-06-10 20:37:35,564] Trial 714 finished with values: [10.827660334450485, 10.827660334450485] and parameters: {'k1': 0.012840669372724958, 'D_low': 171.2446447678494, 'k2': 0.02939607009739149, 'D_high': 198.3056154955596, 'fire_exp': 1.9136159174067866, 'P_half': 93.43302657318476, 'pre_dampen_half': 30.456909077772018, 'gpp_af': 1.7775411110039254, 'gpp_b': 0.16285506249643175, 'gpp_d': 0.7698760608299932, 'ign_k': 3.6309591863459096, 'ign_c': 2.2489542843914485, 'trop_agb_crit': 2.0527418919564324, 'trop_k_veg': 2.520089655463604, 'fire_amp': 2.818314238665462}.
