[I 2026-06-10 22:31:34,140] Trial 376 finished with values: [10.654855998325878, 10.654855998325878] and parameters: {'k1': 0.0869690639641868, 'D_low': 2267.735223551285, 'k2': 0.0007731571570012607, 'D_high': 1266.9536563782303, 'fire_exp': 1.1633452995374232, 'P_half': 118.94665366442581, 'pre_dampen_half': 189.36639872354493, 'gpp_af': 6.384685545228285, 'gpp_b': 2.800940363375676e-05, 'gpp_d': 0.4742269251269962, 'ign_k': 0.17320535908244444, 'ign_c': 0.6235377135673155, 'trop_agb_crit': 1.0189592979395135, 'trop_k_veg': 6.825463866194253, 'fire_amp': 2.6192385880432525}.
[I 2026-06-10 22:31:35,501] Trial 377 finished with values: [10.500927766232852, 10.500927766232852] and parameters: {'k1': 0.006079905434073396, 'D_low': 3840.3004190988563, 'k2': 0.00020222983754231334, 'D_high': 20103.283734409175, 'fire_exp': 1.0601964743503993, 'P_half': 1265.0580856641704, 'pre_dampen_half': 9.044346216330972, 'gpp_af': 0.3877557234566633, 'gpp_b': 0.00047819318414852577, 'gpp_d': 594.7389794988394, 'ign_k': 0.8945150807271531, 'ign_c': 0.6235377135673155, 'trop_agb_crit': 8.0091368834625, 'trop_k_veg': 4.796046723963646, 'fire_amp': 2.6192385880432525}.
[I 2026-06-10 22:31:36,948] Trial 378 finished with values: [10.827807644974214, 10.827807644974214] and parameters: {'k1': 0.0001887567630782227, 'D_low': 2396.0796124300746, 'k2': 0.003767022142229395, 'D_high': 22.46290894032395, 'fire_exp': 2.241955206082364, 'P_half': 101.40635645866499, 'pre_dampen_half': 189.36639872354493, 'gpp_af': 1.3954498518315706, 'gpp_b': 1.4540386644083135e-05, 'gpp_d': 95.2715755007094, 'ign_k': 0.001229921046579313, 'ign_c': 99.96359851911319, 'trop_agb_crit': 3.5874145253515306, 'trop_k_veg': 6.030247256556128, 'fire_amp': 1.5873607039193782}.
[I 2026-06-10 22:31:38,301] Trial 379 finished with values: [12.232430139803057, 12.232430139803057] and parameters: {'k1': 0.0869690639641868, 'D_low': 12.105387404469584, 'k2': 0.003767022142229395, 'D_high': 48235.58283024493, 'fire_exp': 1.0601964743503993, 'P_half': 118.94665366442581, 'pre_dampen_half': 9.044346216330972, 'gpp_af': 10.25616274847308, 'gpp_b': 2.800940363375676e-05, 'gpp_d': 0.4742269251269962, 'ign_k': 0.17320535908244444, 'ign_c': 0.13577269394141456, 'trop_agb_crit': 1.3063813396521713, 'trop_k_veg': 4.796046723963646, 'fire_amp': 2.6192385880432525}.
[I 2026-06-10 22:31:39,840] Trial 380 finished with values: [10.637856286318037, 10.637856286318037] and parameters: {'k1': 0.00038698408508416947, 'D_low': 12.105387404469584, 'k2': 0.003767022142229395, 'D_high': 1817.0401889219124, 'fire_exp': 1.1633452995374232, 'P_half': 157.80309954142965, 'pre_dampen_half': 9.044346216330972, 'gpp_af': 0.09885838682552685, 'gpp_b': 1.4540386644083135e-05, 'gpp_d': 1.0088237648985734, 'ign_k': 0.17320535908244444, 'ign_c': 0.4177928311636542, 'trop_agb_crit': 1.0693376406863295, 'trop_k_veg': 5.636143940068465, 'fire_amp': 5.831305332032283}.
[I 2026-06-10 22:31:41,361] Trial 381 finished with values: [10.48961121471427, 10.48961121471427] and parameters: {'k1': 0.0001887567630782227, 'D_low': 2396.0796124300746, 'k2': 3.395181659255642e-05, 'D_high': 29.126651668813768, 'fire_exp': 1.9783727454920947, 'P_half': 1.4551749476072258, 'pre_dampen_half': 6.881834772031151, 'gpp_af': 1.3954498518315706, 'gpp_b': 1.4540386644083135e-05, 'gpp_d': 47.35384181058586, 'ign_k': 0.09256855841989636, 'ign_c': 1.3431925993528124, 'trop_agb_crit': 1.8285200278523417, 'trop_k_veg': 0.6673124511410327, 'fire_amp': 4.2446263054164195}.
[I 2026-06-10 22:31:42,797] Trial 382 finished with values: [10.819409674733853, 10.819409674733853] and parameters: {'k1': 0.00026539376439360527, 'D_low': 2396.0796124300746, 'k2': 0.003767022142229395, 'D_high': 29.126651668813768, 'fire_exp': 1.111738490499784, 'P_half': 4.213183643253957, 'pre_dampen_half': 28.01075698398644, 'gpp_af': 3.298293484806585, 'gpp_b': 0.006999112505425414, 'gpp_d': 0.030844007727232167, 'ign_k': 0.8945150807271531, 'ign_c': 1.3431925993528124, 'trop_agb_crit': 1.8023542850487386, 'trop_k_veg': 1.6648666152166967, 'fire_amp': 2.042193818779288}.
[I 2026-06-10 22:31:44,136] Trial 383 finished with values: [-0.6422401070887951, 0.059582378595436025] and parameters: {'k1': 0.0032360993995751053, 'D_low': 1.4002277211577039, 'k2': 0.0012030178871154666, 'D_high': 27.55546207779663, 'fire_exp': 1.1633452995374232, 'P_half': 1265.0580856641704, 'pre_dampen_half': 189.36639872354493, 'gpp_af': 0.41874665092828456, 'gpp_b': 1.4540386644083135e-05, 'gpp_d': 46.010874324515754, 'ign_k': 0.09256855841989636, 'ign_c': 0.4177928311636542, 'trop_agb_crit': 1.0693376406863295, 'trop_k_veg': 5.636143940068465, 'fire_amp': 5.831305332032283}.
[I 2026-06-10 22:31:45,608] Trial 384 finished with values: [12.024688779811502, 12.024688779811502] and parameters: {'k1': 0.0869690639641868, 'D_low': 1593.4806585556198, 'k2': 0.003767022142229395, 'D_high': 44974.07193749848, 'fire_exp': 1.9095652801045373, 'P_half': 118.94665366442581, 'pre_dampen_half': 189.36639872354493, 'gpp_af': 1.8730788990929563, 'gpp_b': 0.0004360709560327289, 'gpp_d': 95.2715755007094, 'ign_k': 0.09256855841989636, 'ign_c': 0.6235377135673155, 'trop_agb_crit': 3.5874145253515306, 'trop_k_veg': 4.796046723963646, 'fire_amp': 2.6192385880432525}.
[I 2026-06-10 22:31:47,357] Trial 385 finished with values: [10.548825404942269, 10.548825404942269] and parameters: {'k1': 6.318310680434653e-05, 'D_low': 4.676601116802034, 'k2': 3.152468275632564e-05, 'D_high': 48235.58283024493, 'fire_exp': 1.111738490499784, 'P_half': 12.262543158860007, 'pre_dampen_half': 9.044346216330972, 'gpp_af': 3.298293484806585, 'gpp_b': 0.006999112505425414, 'gpp_d': 0.030844007727232167, 'ign_k': 1.6270983114897255, 'ign_c': 0.10435856341129002, 'trop_agb_crit': 8.188098178380693, 'trop_k_veg': 0.6618107836658104, 'fire_amp': 1.2060618932559806}.
[I 2026-06-10 22:31:48,869] Trial 386 finished with values: [10.833332676337111, 10.833332676337111] and parameters: {'k1': 0.0001887567630782227, 'D_low': 2267.735223551285, 'k2': 0.003767022142229395, 'D_high': 431.45617043093523, 'fire_exp': 1.111738490499784, 'P_half': 4.213183643253957, 'pre_dampen_half': 30.456909077772018, 'gpp_af': 1.7775411110039254, 'gpp_b': 0.16285506249643175, 'gpp_d': 95.2715755007094, 'ign_k': 1.6270983114897255, 'ign_c': 35.133466168692735, 'trop_agb_crit': 1.8023542850487386, 'trop_k_veg': 0.6488368931910606, 'fire_amp': 2.042193818779288}.
[I 2026-06-10 22:31:50,254] Trial 387 finished with values: [10.337627064616962, 10.337627064616962] and parameters: {'k1': 0.0001887567630782227, 'D_low': 171.2446447678494, 'k2': 0.0004976087827261435, 'D_high': 42210.21267871043, 'fire_exp': 1.111738490499784, 'P_half': 12.262543158860007, 'pre_dampen_half': 1.4510220269654117, 'gpp_af': 52.24919465719593, 'gpp_b': 1.1008110571039521e-05, 'gpp_d': 0.47379914349407487, 'ign_k': 0.13500744867919376, 'ign_c': 0.17036120617148395, 'trop_agb_crit': 1.5033346993841157, 'trop_k_veg': 4.0068236274914755, 'fire_amp': 1.1202509284327942}.
[I 2026-06-10 22:31:51,883] Trial 388 finished with values: [-0.4137339552801808, 0.6819131298494463] and parameters: {'k1': 0.00026539376439360527, 'D_low': 669.7348618512094, 'k2': 1.1417577140741129e-05, 'D_high': 1266.9536563782303, 'fire_exp': 1.111738490499784, 'P_half': 1.4551749476072258, 'pre_dampen_half': 189.36639872354493, 'gpp_af': 3.298293484806585, 'gpp_b': 0.00013164432569139702, 'gpp_d': 0.030844007727232167, 'ign_k': 0.09256855841989636, 'ign_c': 7.832259769732471, 'trop_agb_crit': 1.8023542850487386, 'trop_k_veg': 2.1406449943451844, 'fire_amp': 1.4475279918261055}.
[I 2026-06-10 22:31:53,333] Trial 389 finished with values: [11.40829038800066, 11.40829038800066] and parameters: {'k1': 0.017276056747028225, 'D_low': 1.3376564232104105, 'k2': 0.02939607009739149, 'D_high': 44974.07193749848, 'fire_exp': 1.2060040899560858, 'P_half': 101.40635645866499, 'pre_dampen_half': 4.847666216751353, 'gpp_af': 1.3954498518315706, 'gpp_b': 0.001674375583895437, 'gpp_d': 12.151631524283598, 'ign_k': 1.636529060071807, 'ign_c': 2.2489542843914485, 'trop_agb_crit': 1.5033346993841157, 'trop_k_veg': 2.99731137426955, 'fire_amp': 2.7806853670293616}.
[I 2026-06-10 22:31:54,880] Trial 390 finished with values: [10.988311402060809, 10.988311402060809] and parameters: {'k1': 0.0001887567630782227, 'D_low': 1.4002277211577039, 'k2': 0.0012030178871154666, 'D_high': 27.55546207779663, 'fire_exp': 1.1633452995374232, 'P_half': 4.213183643253957, 'pre_dampen_half': 189.36639872354493, 'gpp_af': 0.41874665092828456, 'gpp_b': 1.4540386644083135e-05, 'gpp_d': 479.80109106752894, 'ign_k': 1.636529060071807, 'ign_c': 1.3431925993528124, 'trop_agb_crit': 1.0693376406863295, 'trop_k_veg': 1.2749676887479542, 'fire_amp': 5.831305332032283}.
[I 2026-06-10 22:31:56,502] Trial 391 finished with values: [10.673921564091575, 10.673921564091575] and parameters: {'k1': 0.0004846497679219079, 'D_low': 2267.735223551285, 'k2': 0.019383858782150494, 'D_high': 1817.0401889219124, 'fire_exp': 1.1633452995374232, 'P_half': 118.94665366442581, 'pre_dampen_half': 2.736251365128462, 'gpp_af': 94.30595410350193, 'gpp_b': 2.050348580570328e-05, 'gpp_d': 1.4397852866783676, 'ign_k': 0.17320535908244444, 'ign_c': 0.4177928311636542, 'trop_agb_crit': 12.9667438075127, 'trop_k_veg': 0.8097682578073301, 'fire_amp': 2.6192385880432525}.
[I 2026-06-10 22:31:57,890] Trial 392 finished with values: [-0.5869722433977901, 0.32935770018963795] and parameters: {'k1': 0.0869690639641868, 'D_low': 146.28013120517718, 'k2': 0.003767022142229395, 'D_high': 44974.07193749848, 'fire_exp': 5.117531439790398, 'P_half': 101.40635645866499, 'pre_dampen_half': 189.36639872354493, 'gpp_af': 0.09885838682552685, 'gpp_b': 2.1309331861011757e-05, 'gpp_d': 0.4742269251269962, 'ign_k': 0.09256855841989636, 'ign_c': 0.10435856341129002, 'trop_agb_crit': 8.188098178380693, 'trop_k_veg': 5.593985425286908, 'fire_amp': 2.6192385880432525}.
[I 2026-06-10 22:31:59,316] Trial 393 finished with values: [10.290616387356563, 10.290616387356563] and parameters: {'k1': 0.0869690639641868, 'D_low': 12.105387404469584, 'k2': 0.003767022142229395, 'D_high': 1817.0401889219124, 'fire_exp': 1.0601964743503993, 'P_half': 1265.0580856641704, 'pre_dampen_half': 9.044346216330972, 'gpp_af': 0.09885838682552685, 'gpp_b': 1.4540386644083135e-05, 'gpp_d': 37.19072637334467, 'ign_k': 0.17320535908244444, 'ign_c': 16.497426799845446, 'trop_agb_crit': 8.188098178380693, 'trop_k_veg': 4.61686111043599, 'fire_amp': 2.6192385880432525}.
[I 2026-06-10 22:32:00,736] Trial 394 finished with values: [16.55667273950428, 16.55667273950428] and parameters: {'k1': 0.0032360993995751053, 'D_low': 1.4002277211577039, 'k2': 0.019383858782150494, 'D_high': 69868.4759244566, 'fire_exp': 1.1633452995374232, 'P_half': 45.55085098454082, 'pre_dampen_half': 189.36639872354493, 'gpp_af': 29.700320404259642, 'gpp_b': 0.0010881810414580882, 'gpp_d': 1.4397852866783676, 'ign_k': 0.001229921046579313, 'ign_c': 0.4177928311636542, 'trop_agb_crit': 1.0693376406863295, 'trop_k_veg': 6.030247256556128, 'fire_amp': 5.831305332032283}.
[I 2026-06-10 22:32:02,353] Trial 395 finished with values: [10.81929509586019, 10.81929509586019] and parameters: {'k1': 0.0001887567630782227, 'D_low': 171.2446447678494, 'k2': 0.0004976087827261435, 'D_high': 42.242359735170886, 'fire_exp': 1.7792742686803427, 'P_half': 277.00025557434554, 'pre_dampen_half': 37.40930273158252, 'gpp_af': 0.8057329182285734, 'gpp_b': 0.00047819318414852577, 'gpp_d': 0.03927259340973166, 'ign_k': 0.8945150807271531, 'ign_c': 16.497426799845446, 'trop_agb_crit': 8.0091368834625, 'trop_k_veg': 4.787592810917961, 'fire_amp': 1.1202509284327942}.
[I 2026-06-10 22:32:04,010] Trial 396 finished with values: [10.856406944718742, 10.856406944718742] and parameters: {'k1': 0.0001887567630782227, 'D_low': 2396.0796124300746, 'k2': 2.091507303847255e-05, 'D_high': 431.45617043093523, 'fire_exp': 1.0601964743503993, 'P_half': 70.91190338709636, 'pre_dampen_half': 30.456909077772018, 'gpp_af': 3.298293484806585, 'gpp_b': 1.4540386644083135e-05, 'gpp_d': 0.030844007727232167, 'ign_k': 1.636529060071807, 'ign_c': 3.4321391362415827, 'trop_agb_crit': 1.8285200278523417, 'trop_k_veg': 6.172643383211297, 'fire_amp': 4.19233232783727}.
[I 2026-06-10 22:32:05,399] Trial 397 finished with values: [-0.4969977619837947, 0.022052816030971423] and parameters: {'k1': 0.0869690639641868, 'D_low': 12.105387404469584, 'k2': 0.003767022142229395, 'D_high': 431.45617043093523, 'fire_exp': 1.0601964743503993, 'P_half': 5.4712187293420325, 'pre_dampen_half': 121.93011993958949, 'gpp_af': 0.07118041471054574, 'gpp_b': 0.004411400434514031, 'gpp_d': 7.631016235941559, 'ign_k': 0.17320535908244444, 'ign_c': 0.7619822175388142, 'trop_agb_crit': 1.8566494291193822, 'trop_k_veg': 6.825463866194253, 'fire_amp': 1.4475279918261055}.
[I 2026-06-10 22:32:06,789] Trial 398 finished with values: [10.833333333148357, 10.833333333148357] and parameters: {'k1': 0.0001887567630782227, 'D_low': 2396.0796124300746, 'k2': 0.019383858782150494, 'D_high': 69868.4759244566, 'fire_exp': 1.0601964743503993, 'P_half': 4.213183643253957, 'pre_dampen_half': 30.456909077772018, 'gpp_af': 1.3954498518315706, 'gpp_b': 0.010307896803108956, 'gpp_d': 1.4397852866783676, 'ign_k': 3.7954792742512957, 'ign_c': 99.96359851911319, 'trop_agb_crit': 12.9667438075127, 'trop_k_veg': 0.6673124511410327, 'fire_amp': 2.7806853670293616}.
[I 2026-06-10 22:32:08,475] Trial 399 finished with values: [10.833331978591653, 10.833331978591653] and parameters: {'k1': 0.00031134168041628584, 'D_low': 3840.3004190988563, 'k2': 0.003767022142229395, 'D_high': 431.45617043093523, 'fire_exp': 3.528518316173592, 'P_half': 1858.6220273069061, 'pre_dampen_half': 121.93011993958949, 'gpp_af': 52.24919465719593, 'gpp_b': 0.007579368252801536, 'gpp_d': 0.47379914349407487, 'ign_k': 0.06445745262301897, 'ign_c': 0.7619822175388142, 'trop_agb_crit': 1.0693376406863295, 'trop_k_veg': 1.600928934389327, 'fire_amp': 3.139567065154707}.
[I 2026-06-10 22:32:09,950] Trial 400 finished with values: [11.504575219441644, 11.504575219441644] and parameters: {'k1': 0.0008362695993649681, 'D_low': 2186.356344942016, 'k2': 0.003767022142229395, 'D_high': 1817.0401889219124, 'fire_exp': 1.111738490499784, 'P_half': 5.4712187293420325, 'pre_dampen_half': 189.36639872354493, 'gpp_af': 1.7775411110039254, 'gpp_b': 1.4540386644083135e-05, 'gpp_d': 47.35384181058586, 'ign_k': 0.17320535908244444, 'ign_c': 0.7619822175388142, 'trop_agb_crit': 1.0693376406863295, 'trop_k_veg': 2.9779319378885387, 'fire_amp': 5.831305332032283}.
[I 2026-06-10 22:32:11,488] Trial 401 finished with values: [10.744043930504922, 10.744043930504922] and parameters: {'k1': 0.006079905434073396, 'D_low': 43.2326421037033, 'k2': 0.0001016707987819611, 'D_high': 1266.9536563782303, 'fire_exp': 1.1633452995374232, 'P_half': 1.4551749476072258, 'pre_dampen_half': 189.36639872354493, 'gpp_af': 42.29037995744429, 'gpp_b': 0.004411400434514031, 'gpp_d': 7.631016235941559, 'ign_k': 0.8945150807271531, 'ign_c': 3.4321391362415827, 'trop_agb_crit': 2.1989086830950257, 'trop_k_veg': 6.172643383211297, 'fire_amp': 1.4475279918261055}.
[I 2026-06-10 22:32:12,977] Trial 402 finished with values: [10.196236371246997, 10.196236371246997] and parameters: {'k1': 0.00023134781612225627, 'D_low': 2396.0796124300746, 'k2': 1.5178052094448868e-05, 'D_high': 315.101491238403, 'fire_exp': 1.811096651915224, 'P_half': 102.93072560417136, 'pre_dampen_half': 189.36639872354493, 'gpp_af': 1.9654778690222015, 'gpp_b': 0.0004360709560327289, 'gpp_d': 95.2715755007094, 'ign_k': 0.371259104528773, 'ign_c': 0.1276571787395169, 'trop_agb_crit': 21.380932890222198, 'trop_k_veg': 1.6648666152166967, 'fire_amp': 1.8357623383234334}.
[I 2026-06-10 22:32:14,412] Trial 403 finished with values: [-0.5710915332396304, 0.3142207859750782] and parameters: {'k1': 0.006079905434073396, 'D_low': 146.24004590125713, 'k2': 4.933751600448335e-05, 'D_high': 48235.58283024493, 'fire_exp': 1.2732983562135975, 'P_half': 1265.0580856641704, 'pre_dampen_half': 37.40930273158252, 'gpp_af': 0.41874665092828456, 'gpp_b': 2.800940363375676e-05, 'gpp_d': 0.4742269251269962, 'ign_k': 1.6270983114897255, 'ign_c': 16.497426799845446, 'trop_agb_crit': 1.0189592979395135, 'trop_k_veg': 4.796046723963646, 'fire_amp': 2.6192385880432525}.
[I 2026-06-10 22:32:15,771] Trial 404 finished with values: [-0.540610831200575, 0.2959782578022878] and parameters: {'k1': 0.00026539376439360527, 'D_low': 1.4002277211577039, 'k2': 0.0012030178871154666, 'D_high': 20103.283734409175, 'fire_exp': 1.1633452995374232, 'P_half': 51.10120656497163, 'pre_dampen_half': 1.4510220269654117, 'gpp_af': 0.41874665092828456, 'gpp_b': 0.004411400434514031, 'gpp_d': 0.47379914349407487, 'ign_k': 0.09256855841989636, 'ign_c': 0.10435856341129002, 'trop_agb_crit': 4.902399583903479, 'trop_k_veg': 1.600928934389327, 'fire_amp': 5.615047466686494}.
[I 2026-06-10 22:32:17,152] Trial 405 finished with values: [-0.3809537484177693, 0.7827870144780549] and parameters: {'k1': 0.0012752949611679993, 'D_low': 6010.742028864748, 'k2': 0.0001016707987819611, 'D_high': 8440.303958079088, 'fire_exp': 1.111738490499784, 'P_half': 1.4551749476072258, 'pre_dampen_half': 903.3231300044874, 'gpp_af': 3.298293484806585, 'gpp_b': 0.00012118589392553798, 'gpp_d': 0.030844007727232167, 'ign_k': 0.8945150807271531, 'ign_c': 7.832259769732471, 'trop_agb_crit': 1.8023542850487386, 'trop_k_veg': 6.172643383211297, 'fire_amp': 2.042193818779288}.
[I 2026-06-10 22:32:18,715] Trial 406 finished with values: [10.636467730288848, 10.636467730288848] and parameters: {'k1': 0.0014452451441203328, 'D_low': 1.4002277211577039, 'k2': 0.003767022142229395, 'D_high': 1817.0401889219124, 'fire_exp': 1.111738490499784, 'P_half': 61.6097529474144, 'pre_dampen_half': 79.2915624488668, 'gpp_af': 3.298293484806585, 'gpp_b': 0.006999112505425414, 'gpp_d': 0.12878367369717508, 'ign_k': 0.00840038491455979, 'ign_c': 1.9423015749984096, 'trop_agb_crit': 1.0693376406863295, 'trop_k_veg': 5.453348988480011, 'fire_amp': 1.2393473789150806}.
[I 2026-06-10 22:32:20,291] Trial 407 finished with values: [-0.3914791804797245, 0.6552903958044215] and parameters: {'k1': 0.0869690639641868, 'D_low': 2267.735223551285, 'k2': 0.02065142557895925, 'D_high': 48235.58283024493, 'fire_exp': 1.9095652801045373, 'P_half': 118.94665366442581, 'pre_dampen_half': 9.044346216330972, 'gpp_af': 10.25616274847308, 'gpp_b': 2.800940363375676e-05, 'gpp_d': 0.4742269251269962, 'ign_k': 1.6270983114897255, 'ign_c': 0.6235377135673155, 'trop_agb_crit': 1.0189592979395135, 'trop_k_veg': 4.796046723963646, 'fire_amp': 2.6192385880432525}.
[I 2026-06-10 22:32:21,636] Trial 408 finished with values: [10.741096805645915, 10.741096805645915] and parameters: {'k1': 0.0001887567630782227, 'D_low': 50.32059347286801, 'k2': 0.003767022142229395, 'D_high': 1266.9536563782303, 'fire_exp': 1.111738490499784, 'P_half': 1.4551749476072258, 'pre_dampen_half': 0.025594692142876057, 'gpp_af': 0.07118041471054574, 'gpp_b': 5.0875243087016374e-05, 'gpp_d': 0.12878367369717508, 'ign_k': 0.371259104528773, 'ign_c': 7.832259769732471, 'trop_agb_crit': 3.1419938725278875, 'trop_k_veg': 1.6648666152166967, 'fire_amp': 4.19233232783727}.
[I 2026-06-10 22:32:22,998] Trial 409 finished with values: [11.460502530954411, 11.460502530954411] and parameters: {'k1': 0.0002418422795847161, 'D_low': 2267.735223551285, 'k2': 0.02065142557895925, 'D_high': 48235.58283024493, 'fire_exp': 1.111738490499784, 'P_half': 118.94665366442581, 'pre_dampen_half': 189.36639872354493, 'gpp_af': 1.3954498518315706, 'gpp_b': 0.006999112505425414, 'gpp_d': 0.4742269251269962, 'ign_k': 1.6270983114897255, 'ign_c': 7.832259769732471, 'trop_agb_crit': 1.8023542850487386, 'trop_k_veg': 1.6648666152166967, 'fire_amp': 2.6192385880432525}.
[I 2026-06-10 22:32:24,329] Trial 410 finished with values: [10.254109191001342, 10.254109191001342] and parameters: {'k1': 0.0869690639641868, 'D_low': 1.4002277211577039, 'k2': 0.0007731571570012607, 'D_high': 1266.9536563782303, 'fire_exp': 1.1633452995374232, 'P_half': 1.4551749476072258, 'pre_dampen_half': 435.2726865811943, 'gpp_af': 94.30595410350193, 'gpp_b': 0.004411400434514031, 'gpp_d': 1.0088237648985734, 'ign_k': 0.17320535908244444, 'ign_c': 7.832259769732471, 'trop_agb_crit': 1.8566494291193822, 'trop_k_veg': 6.825463866194253, 'fire_amp': 1.4475279918261055}.
[I 2026-06-10 22:32:25,896] Trial 411 finished with values: [10.86045237069677, 10.86045237069677] and parameters: {'k1': 0.0869690639641868, 'D_low': 2267.735223551285, 'k2': 0.02065142557895925, 'D_high': 48235.58283024493, 'fire_exp': 1.1490848108902036, 'P_half': 157.80309954142965, 'pre_dampen_half': 9.044346216330972, 'gpp_af': 10.25616274847308, 'gpp_b': 2.800940363375676e-05, 'gpp_d': 1.0088237648985734, 'ign_k': 1.6270983114897255, 'ign_c': 0.9736725715035878, 'trop_agb_crit': 1.0189592979395135, 'trop_k_veg': 6.825463866194253, 'fire_amp': 2.6192385880432525}.
[I 2026-06-10 22:32:27,436] Trial 412 finished with values: [10.490322128711066, 10.490322128711066] and parameters: {'k1': 0.00023134781612225627, 'D_low': 4.346890702031289, 'k2': 0.003767022142229395, 'D_high': 431.45617043093523, 'fire_exp': 1.811096651915224, 'P_half': 4.213183643253957, 'pre_dampen_half': 121.93011993958949, 'gpp_af': 1.9654778690222015, 'gpp_b': 1.4540386644083135e-05, 'gpp_d': 47.35384181058586, 'ign_k': 1.636529060071807, 'ign_c': 0.1276571787395169, 'trop_agb_crit': 1.8285200278523417, 'trop_k_veg': 6.778288138489648, 'fire_amp': 1.8357623383234334}.
