[I 2026-08-06 10:49:34,783] Trial 364 finished with values: [10.823786649258624, 10.823786649258624] and parameters: {'k1': 0.012021930484915042, 'D_low': 12.105387404469584, 'k2': 0.003101429427212743, 'D_high': 774.2116473996249, 'fire_exp': 1.3170256885255098, 'P_half': 4.213183643253957, 'pre_dampen_half': 63.6685916079943, 'gpp_af': 0.6403036652671171, 'gpp_b': 3.481277316673104e-05, 'gpp_d': 757.2868182332339, 'ign_k': 0.12329098365270515, 'ign_c': 1.9580595319750387, 'trop_agb_crit': 7.500118950416987, 'trop_k_veg': 0.6743482387129308}.
[I 2026-08-06 10:49:36,024] Trial 365 finished with values: [10.125340155507246, 10.125340155507246] and parameters: {'k1': 0.008912611835817005, 'D_low': 12.105387404469584, 'k2': 4.207988669606632e-05, 'D_high': 84090.06963311543, 'fire_exp': 1.3170256885255098, 'P_half': 336.708521740818, 'pre_dampen_half': 63.6685916079943, 'gpp_af': 3.4702669886504163, 'gpp_b': 0.0005739662837359252, 'gpp_d': 1.493264336549928, 'ign_k': 2.1368329072358767, 'ign_c': 11.400863701127316, 'trop_agb_crit': 1.8559980846490576, 'trop_k_veg': 0.6673124511410327}.
[I 2026-08-06 10:49:37,224] Trial 366 finished with values: [10.571052614718313, 10.571052614718313] and parameters: {'k1': 0.01889771394135163, 'D_low': 355.00125258511594, 'k2': 1.1065812688893481e-05, 'D_high': 76.7074891445377, 'fire_exp': 1.1263716762638152, 'P_half': 3227.0237615158, 'pre_dampen_half': 63.6685916079943, 'gpp_af': 0.6403036652671171, 'gpp_b': 0.0054502936945582505, 'gpp_d': 84.31013932082456, 'ign_k': 0.07091190338709638, 'ign_c': 1.9580595319750387, 'trop_agb_crit': 7.500118950416987, 'trop_k_veg': 1.0594599158279707}.
[I 2026-08-06 10:49:38,434] Trial 367 finished with values: [10.153149736208583, 10.153149736208583] and parameters: {'k1': 0.00488137519160367, 'D_low': 12.105387404469584, 'k2': 8.923807143379776e-05, 'D_high': 5670.3463356272905, 'fire_exp': 1.3170256885255098, 'P_half': 4.213183643253957, 'pre_dampen_half': 14.711215379121963, 'gpp_af': 0.6403036652671171, 'gpp_b': 3.481277316673104e-05, 'gpp_d': 1.493264336549928, 'ign_k': 0.019192001101561888, 'ign_c': 0.557280750002996, 'trop_agb_crit': 8.997007571451054, 'trop_k_veg': 2.4336356947036335}.
[I 2026-08-06 10:49:39,655] Trial 368 finished with values: [10.520695989145809, 10.520695989145809] and parameters: {'k1': 0.00488137519160367, 'D_low': 12.105387404469584, 'k2': 8.923807143379776e-05, 'D_high': 42.070539502879384, 'fire_exp': 1.2611826901294014, 'P_half': 4.213183643253957, 'pre_dampen_half': 12.338826503601998, 'gpp_af': 3.4702669886504163, 'gpp_b': 3.481277316673104e-05, 'gpp_d': 1.493264336549928, 'ign_k': 0.019192001101561888, 'ign_c': 0.557280750002996, 'trop_agb_crit': 1.8559980846490576, 'trop_k_veg': 0.6673124511410327}.
[I 2026-08-06 10:49:40,892] Trial 369 finished with values: [10.076464018880188, 10.076464018880188] and parameters: {'k1': 0.008912611835817005, 'D_low': 40.52505887227999, 'k2': 0.0003432139136241583, 'D_high': 109.44963667961977, 'fire_exp': 1.2611826901294014, 'P_half': 5.076307782729897, 'pre_dampen_half': 234.12640025944248, 'gpp_af': 0.6403036652671171, 'gpp_b': 0.0005739662837359252, 'gpp_d': 2.944272359149677, 'ign_k': 0.21006485619596416, 'ign_c': 5.13055176058983, 'trop_agb_crit': 1.0903028125370984, 'trop_k_veg': 3.1473758868965476}.
[I 2026-08-06 10:49:42,085] Trial 370 finished with values: [-0.5462245043204925, 0.26266761314552856] and parameters: {'k1': 0.01889771394135163, 'D_low': 7.299348683062307, 'k2': 1.1065812688893481e-05, 'D_high': 21.947742689197344, 'fire_exp': 1.0601964743503993, 'P_half': 4.213183643253957, 'pre_dampen_half': 5.048653998722947, 'gpp_af': 1.9706963379095486, 'gpp_b': 0.0005739662837359252, 'gpp_d': 84.31013932082456, 'ign_k': 3.589155871450839, 'ign_c': 0.557280750002996, 'trop_agb_crit': 8.997007571451054, 'trop_k_veg': 2.4336356947036335}.
[I 2026-08-06 10:49:43,280] Trial 371 finished with values: [-0.560783572710706, 0.08113878675399144] and parameters: {'k1': 0.012021930484915042, 'D_low': 7.46475488144212, 'k2': 0.003101429427212743, 'D_high': 42210.21267871043, 'fire_exp': 1.5185721648966928, 'P_half': 102.4585893986732, 'pre_dampen_half': 5.048653998722947, 'gpp_af': 0.0049748543504537545, 'gpp_b': 2.176805640408474e-05, 'gpp_d': 14.792055086678463, 'ign_k': 0.07091190338709638, 'ign_c': 3.470490935437501, 'trop_agb_crit': 10.691477813613638, 'trop_k_veg': 1.9799513595694562}.
[I 2026-08-06 10:49:44,475] Trial 372 finished with values: [-0.5440714600320312, 0.28071263397341717] and parameters: {'k1': 0.008912611835817005, 'D_low': 12.105387404469584, 'k2': 4.207988669606632e-05, 'D_high': 1236.6924205139144, 'fire_exp': 1.0601964743503993, 'P_half': 4.213183643253957, 'pre_dampen_half': 12.338826503601998, 'gpp_af': 1.9706963379095486, 'gpp_b': 3.43926796010005e-05, 'gpp_d': 1.493264336549928, 'ign_k': 2.1368329072358767, 'ign_c': 2.4936660834465174, 'trop_agb_crit': 7.500118950416987, 'trop_k_veg': 0.6673124511410327}.
[I 2026-08-06 10:49:45,659] Trial 373 finished with values: [10.145125218327632, 10.145125218327632] and parameters: {'k1': 0.002155595057104387, 'D_low': 7.299348683062307, 'k2': 1.1065812688893481e-05, 'D_high': 61536.58035691648, 'fire_exp': 1.0601964743503993, 'P_half': 4.213183643253957, 'pre_dampen_half': 3.3841016089580034, 'gpp_af': 1.9706963379095486, 'gpp_b': 1.284284091405877e-05, 'gpp_d': 84.31013932082456, 'ign_k': 3.589155871450839, 'ign_c': 18.219343937475102, 'trop_agb_crit': 10.691477813613638, 'trop_k_veg': 1.0594599158279707}.
[I 2026-08-06 10:49:46,873] Trial 374 finished with values: [10.652819238282621, 10.652819238282621] and parameters: {'k1': 0.00488137519160367, 'D_low': 12.105387404469584, 'k2': 8.923807143379776e-05, 'D_high': 42.070539502879384, 'fire_exp': 1.221575427404682, 'P_half': 140.74279366401683, 'pre_dampen_half': 8.594202650742222, 'gpp_af': 5.335773317316405, 'gpp_b': 3.481277316673104e-05, 'gpp_d': 1.493264336549928, 'ign_k': 0.019192001101561888, 'ign_c': 0.557280750002996, 'trop_agb_crit': 1.8559980846490576, 'trop_k_veg': 0.6673124511410327}.
[I 2026-08-06 10:49:48,058] Trial 375 finished with values: [10.04176074990909, 10.04176074990909] and parameters: {'k1': 0.00488137519160367, 'D_low': 1112.9571947046009, 'k2': 1.1065812688893481e-05, 'D_high': 5670.3463356272905, 'fire_exp': 1.3170256885255098, 'P_half': 4.213183643253957, 'pre_dampen_half': 63.6685916079943, 'gpp_af': 0.6403036652671171, 'gpp_b': 0.0005739662837359252, 'gpp_d': 1.493264336549928, 'ign_k': 0.21006485619596416, 'ign_c': 0.557280750002996, 'trop_agb_crit': 6.275146677376727, 'trop_k_veg': 4.345076509212382}.
[I 2026-08-06 10:49:49,203] Trial 376 finished with values: [11.189879432666777, 11.189879432666777] and parameters: {'k1': 0.00488137519160367, 'D_low': 2.6786906100977124, 'k2': 0.003101429427212743, 'D_high': 8182.111518618414, 'fire_exp': 1.1263716762638152, 'P_half': 140.74279366401683, 'pre_dampen_half': 331.7366635899375, 'gpp_af': 0.6403036652671171, 'gpp_b': 0.00431329787498825, 'gpp_d': 757.2868182332339, 'ign_k': 0.07091190338709638, 'ign_c': 30.785541778315018, 'trop_agb_crit': 18.785197416433792, 'trop_k_veg': 0.6743482387129308}.
[I 2026-08-06 10:49:50,382] Trial 377 finished with values: [-0.573557469740018, 0.17936524719354707] and parameters: {'k1': 0.002155595057104387, 'D_low': 355.00125258511594, 'k2': 0.003767022142229395, 'D_high': 11069.082134755383, 'fire_exp': 1.1263716762638152, 'P_half': 221.2683656611821, 'pre_dampen_half': 63.6685916079943, 'gpp_af': 1.6059727222314273, 'gpp_b': 0.01666658176842624, 'gpp_d': 757.2868182332339, 'ign_k': 0.019192001101561888, 'ign_c': 1.9580595319750387, 'trop_agb_crit': 1.0693376406863295, 'trop_k_veg': 5.580504276549027}.
[I 2026-08-06 10:49:51,556] Trial 378 finished with values: [10.060224613736409, 10.060224613736409] and parameters: {'k1': 0.05778755734457457, 'D_low': 12.105387404469584, 'k2': 0.001462400459012571, 'D_high': 42210.21267871043, 'fire_exp': 1.7329145403564932, 'P_half': 221.2683656611821, 'pre_dampen_half': 12.338826503601998, 'gpp_af': 1.6059727222314273, 'gpp_b': 2.176805640408474e-05, 'gpp_d': 229.41380323183625, 'ign_k': 2.1368329072358767, 'ign_c': 1.0226988730324322, 'trop_agb_crit': 8.997007571451054, 'trop_k_veg': 2.520089655463604}.
[I 2026-08-06 10:49:52,731] Trial 379 finished with values: [10.127730419676261, 10.127730419676261] and parameters: {'k1': 0.06994589881535453, 'D_low': 355.00125258511594, 'k2': 0.03538758864779238, 'D_high': 60107.420288647554, 'fire_exp': 1.3170256885255098, 'P_half': 4.213183643253957, 'pre_dampen_half': 63.6685916079943, 'gpp_af': 0.6403036652671171, 'gpp_b': 0.42247700890263645, 'gpp_d': 1.493264336549928, 'ign_k': 0.12329098365270515, 'ign_c': 5.13055176058983, 'trop_agb_crit': 7.500118950416987, 'trop_k_veg': 3.49157152291552}.
[I 2026-08-06 10:49:54,051] Trial 380 finished with values: [-0.5447260798814153, 0.258318921171353] and parameters: {'k1': 0.07111611367121734, 'D_low': 7.299348683062307, 'k2': 1.1065812688893481e-05, 'D_high': 233.07122788234065, 'fire_exp': 1.0601964743503993, 'P_half': 4.213183643253957, 'pre_dampen_half': 5.048653998722947, 'gpp_af': 0.6403036652671171, 'gpp_b': 0.0005739662837359252, 'gpp_d': 84.31013932082456, 'ign_k': 3.589155871450839, 'ign_c': 0.557280750002996, 'trop_agb_crit': 8.997007571451054, 'trop_k_veg': 2.4336356947036335}.
[I 2026-08-06 10:49:55,248] Trial 381 finished with values: [10.757733503735782, 10.757733503735782] and parameters: {'k1': 0.003392247823857357, 'D_low': 40.52505887227999, 'k2': 0.0003432139136241583, 'D_high': 61536.58035691648, 'fire_exp': 8.551220505983894, 'P_half': 221.2683656611821, 'pre_dampen_half': 3.3841016089580034, 'gpp_af': 0.003254982364882647, 'gpp_b': 1.284284091405877e-05, 'gpp_d': 2.944272359149677, 'ign_k': 5.351470428717437, 'ign_c': 18.219343937475102, 'trop_agb_crit': 10.691477813613638, 'trop_k_veg': 2.194427136482602}.
[I 2026-08-06 10:49:56,419] Trial 382 finished with values: [10.70945528684058, 10.70945528684058] and parameters: {'k1': 0.01889771394135163, 'D_low': 7.299348683062307, 'k2': 1.1065812688893481e-05, 'D_high': 56093.68210693188, 'fire_exp': 4.87400221596597, 'P_half': 4.213183643253957, 'pre_dampen_half': 5.048653998722947, 'gpp_af': 5.335773317316405, 'gpp_b': 0.0054502936945582505, 'gpp_d': 82.84476373292449, 'ign_k': 0.6161423618045312, 'ign_c': 1.9580595319750387, 'trop_agb_crit': 7.500118950416987, 'trop_k_veg': 1.0594599158279707}.
[I 2026-08-06 10:49:57,590] Trial 383 finished with values: [10.409659491470858, 10.409659491470858] and parameters: {'k1': 0.06994589881535453, 'D_low': 520.4862686958022, 'k2': 0.014344484793173472, 'D_high': 1578.0309954142967, 'fire_exp': 1.221575427404682, 'P_half': 140.74279366401683, 'pre_dampen_half': 234.12640025944248, 'gpp_af': 5.335773317316405, 'gpp_b': 7.210246166617508e-05, 'gpp_d': 2.944272359149677, 'ign_k': 0.01364908766641695, 'ign_c': 5.13055176058983, 'trop_agb_crit': 7.628718523810018, 'trop_k_veg': 3.49157152291552}.
[I 2026-08-06 10:49:58,821] Trial 384 finished with values: [10.748342573052478, 10.748342573052478] and parameters: {'k1': 0.008912611835817005, 'D_low': 355.00125258511594, 'k2': 0.03538758864779238, 'D_high': 645.2946500764235, 'fire_exp': 1.3170256885255098, 'P_half': 5.076307782729897, 'pre_dampen_half': 63.6685916079943, 'gpp_af': 0.6403036652671171, 'gpp_b': 0.0005739662837359252, 'gpp_d': 0.02183661391281564, 'ign_k': 0.015990213696558658, 'ign_c': 5.13055176058983, 'trop_agb_crit': 1.0903028125370984, 'trop_k_veg': 3.1473758868965476}.
[I 2026-08-06 10:50:00,008] Trial 385 finished with values: [10.768888873245412, 10.768888873245412] and parameters: {'k1': 0.012021930484915042, 'D_low': 680.2810205786727, 'k2': 1.1065812688893481e-05, 'D_high': 5670.3463356272905, 'fire_exp': 3.3801590342525687, 'P_half': 4.213183643253957, 'pre_dampen_half': 234.12640025944248, 'gpp_af': 0.002171465868062627, 'gpp_b': 0.00431329787498825, 'gpp_d': 2.944272359149677, 'ign_k': 0.0036065195493704487, 'ign_c': 5.13055176058983, 'trop_agb_crit': 7.500118950416987, 'trop_k_veg': 0.6743482387129308}.
[I 2026-08-06 10:50:01,180] Trial 386 finished with values: [-0.5693110240670863, 0.04506921009787346] and parameters: {'k1': 0.008912611835817005, 'D_low': 7.299348683062307, 'k2': 0.003101429427212743, 'D_high': 3346.220103048382, 'fire_exp': 1.3170256885255098, 'P_half': 102.4585893986732, 'pre_dampen_half': 8.144272585223819, 'gpp_af': 0.0049748543504537545, 'gpp_b': 0.0005739662837359252, 'gpp_d': 0.5363092465892282, 'ign_k': 0.21006485619596416, 'ign_c': 5.13055176058983, 'trop_agb_crit': 1.0903028125370984, 'trop_k_veg': 3.1473758868965476}.
[I 2026-08-06 10:50:02,368] Trial 387 finished with values: [10.35616244900912, 10.35616244900912] and parameters: {'k1': 0.002155595057104387, 'D_low': 7.299348683062307, 'k2': 0.0007047307383115598, 'D_high': 5670.3463356272905, 'fire_exp': 1.2611826901294014, 'P_half': 221.2683656611821, 'pre_dampen_half': 63.6685916079943, 'gpp_af': 1.6059727222314273, 'gpp_b': 0.0005739662837359252, 'gpp_d': 2.944272359149677, 'ign_k': 0.12329098365270515, 'ign_c': 30.45524314144142, 'trop_agb_crit': 10.691477813613638, 'trop_k_veg': 5.580504276549027}.
[I 2026-08-06 10:50:03,563] Trial 388 finished with values: [10.195857695605735, 10.195857695605735] and parameters: {'k1': 2.316457903103837e-05, 'D_low': 12.105387404469584, 'k2': 1.1065812688893481e-05, 'D_high': 60107.420288647554, 'fire_exp': 1.3170256885255098, 'P_half': 4.213183643253957, 'pre_dampen_half': 63.6685916079943, 'gpp_af': 3.4818886917676246, 'gpp_b': 3.481277316673104e-05, 'gpp_d': 1.493264336549928, 'ign_k': 0.21006485619596416, 'ign_c': 0.557280750002996, 'trop_agb_crit': 7.500118950416987, 'trop_k_veg': 3.49157152291552}.
[I 2026-08-06 10:50:04,760] Trial 389 finished with values: [10.769230768877819, 10.769230768877819] and parameters: {'k1': 2.316457903103837e-05, 'D_low': 7.299348683062307, 'k2': 0.003101429427212743, 'D_high': 774.2116473996249, 'fire_exp': 1.0601964743503993, 'P_half': 4.213183643253957, 'pre_dampen_half': 0.01693207443721426, 'gpp_af': 0.6403036652671171, 'gpp_b': 8.43984242800236, 'gpp_d': 757.2868182332339, 'ign_k': 0.07091190338709638, 'ign_c': 306.3001606653075, 'trop_agb_crit': 14.948114979829949, 'trop_k_veg': 7.433058058371263}.
[I 2026-08-06 10:50:05,975] Trial 390 finished with values: [10.769230761513278, 10.769230761513278] and parameters: {'k1': 0.05778755734457457, 'D_low': 436.4516946807792, 'k2': 0.07507777979297806, 'D_high': 1236.6924205139144, 'fire_exp': 1.1263716762638152, 'P_half': 523.1053126909052, 'pre_dampen_half': 63.6685916079943, 'gpp_af': 0.6403036652671171, 'gpp_b': 0.0012213924959062798, 'gpp_d': 757.2868182332339, 'ign_k': 0.21006485619596416, 'ign_c': 99.67983879709281, 'trop_agb_crit': 6.119263728555865, 'trop_k_veg': 4.989748894578724}.
[I 2026-08-06 10:50:07,168] Trial 391 finished with values: [-0.5854677454433906, 0.09636281162492255] and parameters: {'k1': 2.316457903103837e-05, 'D_low': 40.52505887227999, 'k2': 1.1065812688893481e-05, 'D_high': 60107.420288647554, 'fire_exp': 1.1263716762638152, 'P_half': 3.313942437345199, 'pre_dampen_half': 63.6685916079943, 'gpp_af': 0.6403036652671171, 'gpp_b': 0.22727308251068193, 'gpp_d': 2.944272359149677, 'ign_k': 0.21006485619596416, 'ign_c': 1.9580595319750387, 'trop_agb_crit': 7.500118950416987, 'trop_k_veg': 4.989748894578724}.
[I 2026-08-06 10:50:08,394] Trial 392 finished with values: [10.078397065721024, 10.078397065721024] and parameters: {'k1': 0.008912611835817005, 'D_low': 40.52505887227999, 'k2': 0.0003432139136241583, 'D_high': 109.44963667961977, 'fire_exp': 1.2611826901294014, 'P_half': 4.213183643253957, 'pre_dampen_half': 234.12640025944248, 'gpp_af': 6.184662139590329, 'gpp_b': 0.0005739662837359252, 'gpp_d': 2.944272359149677, 'ign_k': 0.21006485619596416, 'ign_c': 5.13055176058983, 'trop_agb_crit': 7.500118950416987, 'trop_k_veg': 4.030242248006271}.
[I 2026-08-06 10:50:09,582] Trial 393 finished with values: [10.03382708668245, 10.03382708668245] and parameters: {'k1': 0.00488137519160367, 'D_low': 12.105387404469584, 'k2': 8.923807143379776e-05, 'D_high': 11832.967057468773, 'fire_exp': 1.3170256885255098, 'P_half': 4.213183643253957, 'pre_dampen_half': 63.6685916079943, 'gpp_af': 1.9706963379095486, 'gpp_b': 3.481277316673104e-05, 'gpp_d': 1.493264336549928, 'ign_k': 0.0049611344501914005, 'ign_c': 0.557280750002996, 'trop_agb_crit': 3.848553322122042, 'trop_k_veg': 0.6673124511410327}.
[I 2026-08-06 10:50:10,791] Trial 394 finished with values: [10.78341699801937, 10.78341699801937] and parameters: {'k1': 0.008912611835817005, 'D_low': 12.105387404469584, 'k2': 1.1065812688893481e-05, 'D_high': 21.947742689197344, 'fire_exp': 1.0601964743503993, 'P_half': 4.213183643253957, 'pre_dampen_half': 63.6685916079943, 'gpp_af': 1.9706963379095486, 'gpp_b': 0.0005739662837359252, 'gpp_d': 84.31013932082456, 'ign_k': 3.589155871450839, 'ign_c': 11.400863701127316, 'trop_agb_crit': 1.8559980846490576, 'trop_k_veg': 2.4336356947036335}.
[I 2026-08-06 10:50:11,976] Trial 395 finished with values: [10.1883976877377, 10.1883976877377] and parameters: {'k1': 0.012021930484915042, 'D_low': 7.299348683062307, 'k2': 1.1065812688893481e-05, 'D_high': 42210.21267871043, 'fire_exp': 1.2611826901294014, 'P_half': 4.213183643253957, 'pre_dampen_half': 5.048653998722947, 'gpp_af': 43.527268658119496, 'gpp_b': 2.176805640408474e-05, 'gpp_d': 84.31013932082456, 'ign_k': 0.07091190338709638, 'ign_c': 0.1254144753902608, 'trop_agb_crit': 1.0693376406863295, 'trop_k_veg': 1.0594599158279707}.
[I 2026-08-06 10:50:13,177] Trial 396 finished with values: [10.851448810552423, 10.851448810552423] and parameters: {'k1': 0.002155595057104387, 'D_low': 355.00125258511594, 'k2': 1.1065812688893481e-05, 'D_high': 645.2946500764235, 'fire_exp': 1.0601964743503993, 'P_half': 4.213183643253957, 'pre_dampen_half': 63.6685916079943, 'gpp_af': 1.9706963379095486, 'gpp_b': 0.0005739662837359252, 'gpp_d': 84.31013932082456, 'ign_k': 0.21006485619596416, 'ign_c': 5.13055176058983, 'trop_agb_crit': 10.691477813613638, 'trop_k_veg': 1.0594599158279707}.
[I 2026-08-06 10:50:14,478] Trial 397 finished with values: [10.549563865032681, 10.549563865032681] and parameters: {'k1': 0.00488137519160367, 'D_low': 520.4862686958022, 'k2': 0.0007047307383115598, 'D_high': 645.2946500764235, 'fire_exp': 1.3170256885255098, 'P_half': 4.213183643253957, 'pre_dampen_half': 331.7366635899375, 'gpp_af': 0.6403036652671171, 'gpp_b': 1.3575045977280317e-05, 'gpp_d': 0.41500286580679413, 'ign_k': 0.019192001101561888, 'ign_c': 1.9580595319750387, 'trop_agb_crit': 1.0903028125370984, 'trop_k_veg': 1.140286245977296}.
[I 2026-08-06 10:50:15,705] Trial 398 finished with values: [10.672002252128005, 10.672002252128005] and parameters: {'k1': 0.00488137519160367, 'D_low': 355.00125258511594, 'k2': 8.923807143379776e-05, 'D_high': 78.57247967427125, 'fire_exp': 1.1263716762638152, 'P_half': 4.213183643253957, 'pre_dampen_half': 331.7366635899375, 'gpp_af': 1.9706963379095486, 'gpp_b': 0.0054502936945582505, 'gpp_d': 82.84476373292449, 'ign_k': 0.11619873314872933, 'ign_c': 5.13055176058983, 'trop_agb_crit': 7.628718523810018, 'trop_k_veg': 1.0594599158279707}.
[I 2026-08-06 10:50:17,026] Trial 399 finished with values: [10.769230768877819, 10.769230768877819] and parameters: {'k1': 0.012021930484915042, 'D_low': 7.46475488144212, 'k2': 0.003101429427212743, 'D_high': 900.6846506533042, 'fire_exp': 1.5185721648966928, 'P_half': 102.4585893986732, 'pre_dampen_half': 5.048653998722947, 'gpp_af': 0.0049748543504537545, 'gpp_b': 0.4192224259816183, 'gpp_d': 19.600139992927435, 'ign_k': 2.5253810447657927, 'ign_c': 54.09803697908719, 'trop_agb_crit': 8.997007571451054, 'trop_k_veg': 1.9799513595694562}.
[I 2026-08-06 10:50:18,287] Trial 400 finished with values: [10.127730419676261, 10.127730419676261] and parameters: {'k1': 0.06994589881535453, 'D_low': 355.00125258511594, 'k2': 0.03538758864779238, 'D_high': 60107.420288647554, 'fire_exp': 1.3170256885255098, 'P_half': 4.213183643253957, 'pre_dampen_half': 63.6685916079943, 'gpp_af': 0.6403036652671171, 'gpp_b': 0.42247700890263645, 'gpp_d': 1.493264336549928, 'ign_k': 0.12329098365270515, 'ign_c': 5.13055176058983, 'trop_agb_crit': 7.500118950416987, 'trop_k_veg': 3.49157152291552}.
[I 2026-08-06 10:50:19,877] Trial 401 finished with values: [-0.5905228509159723, 0.0845298483747089] and parameters: {'k1': 0.00488137519160367, 'D_low': 38.82837025280678, 'k2': 8.923807143379776e-05, 'D_high': 42210.21267871043, 'fire_exp': 1.7329145403564932, 'P_half': 221.2683656611821, 'pre_dampen_half': 38.00678588560607, 'gpp_af': 0.6403036652671171, 'gpp_b': 2.176805640408474e-05, 'gpp_d': 1.493264336549928, 'ign_k': 0.060759029110813774, 'ign_c': 1.2431017136067033, 'trop_agb_crit': 8.997007571451054, 'trop_k_veg': 7.936472946233041}.
[I 2026-08-06 10:50:21,375] Trial 402 finished with values: [10.008867008668433, 10.008867008668433] and parameters: {'k1': 0.008912611835817005, 'D_low': 520.4862686958022, 'k2': 0.0154776166709383, 'D_high': 8182.111518618414, 'fire_exp': 1.221575427404682, 'P_half': 712.8188058401365, 'pre_dampen_half': 63.6685916079943, 'gpp_af': 1.9706963379095486, 'gpp_b': 0.0005739662837359252, 'gpp_d': 19.600139992927435, 'ign_k': 0.21006485619596416, 'ign_c': 11.400863701127316, 'trop_agb_crit': 7.500118950416987, 'trop_k_veg': 0.6673124511410327}.
[I 2026-08-06 10:50:22,813] Trial 403 finished with values: [10.50533342255908, 10.50533342255908] and parameters: {'k1': 0.008912611835817005, 'D_low': 40.52505887227999, 'k2': 1.1065812688893481e-05, 'D_high': 21.947742689197344, 'fire_exp': 2.667972213959779, 'P_half': 4.213183643253957, 'pre_dampen_half': 63.6685916079943, 'gpp_af': 0.6403036652671171, 'gpp_b': 0.0005739662837359252, 'gpp_d': 84.31013932082456, 'ign_k': 0.11619873314872933, 'ign_c': 1.9580595319750387, 'trop_agb_crit': 1.0903028125370984, 'trop_k_veg': 1.0594599158279707}.
