[I 2026-06-10 21:14:42,110] Trial 185 finished with values: [10.723558603648499, 10.723558603648499] and parameters: {'k1': 0.00026539376439360527, 'D_low': 6010.742028864748, 'k2': 1.1417577140741129e-05, 'D_high': 29.126651668813768, 'fire_exp': 1.264103030891254, 'P_half': 93.43302657318476, 'pre_dampen_half': 0.16974173693738634, 'gpp_af': 3.298293484806585, 'gpp_b': 2.176805640408474e-05, 'gpp_d': 0.26636419343091605, 'ign_k': 0.09256855841989636, 'ign_c': 7.832259769732471, 'trop_agb_crit': 4.902399583903479, 'trop_k_veg': 2.520089655463604, 'fire_amp': 5.606809127618709}.
[I 2026-06-10 21:14:44,349] Trial 186 finished with values: [11.399922257021291, 11.399922257021291] and parameters: {'k1': 0.0001887567630782227, 'D_low': 2396.0796124300746, 'k2': 2.316457903103837e-05, 'D_high': 949.9072859745386, 'fire_exp': 1.14171776851287, 'P_half': 157.80309954142965, 'pre_dampen_half': 30.456909077772018, 'gpp_af': 1.3954498518315706, 'gpp_b': 0.0012749409641020352, 'gpp_d': 47.35384181058586, 'ign_k': 1.636529060071807, 'ign_c': 1.3431925993528124, 'trop_agb_crit': 1.8285200278523417, 'trop_k_veg': 0.6618107836658104, 'fire_amp': 1.1626468420952578}.
[I 2026-06-10 21:14:46,547] Trial 187 finished with values: [10.833333332159754, 10.833333332159754] and parameters: {'k1': 0.017276056747028225, 'D_low': 1739.6167422846984, 'k2': 0.02939607009739149, 'D_high': 949.9072859745386, 'fire_exp': 1.14171776851287, 'P_half': 101.40635645866499, 'pre_dampen_half': 98.05638874011484, 'gpp_af': 1.7775411110039254, 'gpp_b': 0.0012749409641020352, 'gpp_d': 0.03848886303127135, 'ign_k': 3.6309591863459096, 'ign_c': 388.02797007866826, 'trop_agb_crit': 8.188098178380693, 'trop_k_veg': 2.8926781829782864, 'fire_amp': 2.818314238665462}.
[I 2026-06-10 21:14:48,849] Trial 188 finished with values: [10.624612163826857, 10.624612163826857] and parameters: {'k1': 0.006079905434073396, 'D_low': 43.2326421037033, 'k2': 2.316457903103837e-05, 'D_high': 2295.7398214549485, 'fire_exp': 1.14171776851287, 'P_half': 9.580682294110435, 'pre_dampen_half': 189.88136301569827, 'gpp_af': 27.448645214004376, 'gpp_b': 0.00047819318414852577, 'gpp_d': 0.03848886303127135, 'ign_k': 0.02779045054796808, 'ign_c': 1.4879588507789996, 'trop_agb_crit': 21.086120736447015, 'trop_k_veg': 0.6618107836658104, 'fire_amp': 1.1655705619308396}.
[I 2026-06-10 21:14:51,190] Trial 189 finished with values: [10.8333330487427, 10.8333330487427] and parameters: {'k1': 0.00824192526487645, 'D_low': 1216.4139351417061, 'k2': 0.0010726091927327822, 'D_high': 271.55819552829405, 'fire_exp': 1.305777134899723, 'P_half': 277.00025557434554, 'pre_dampen_half': 11.669626228257902, 'gpp_af': 0.8057329182285734, 'gpp_b': 2.4063018320720924e-05, 'gpp_d': 2.5450745565416026, 'ign_k': 0.13500744867919376, 'ign_c': 82.87522363768154, 'trop_agb_crit': 3.1419938725278875, 'trop_k_veg': 0.7258074184598352, 'fire_amp': 1.1202509284327942}.
[I 2026-06-10 21:14:53,100] Trial 190 finished with values: [10.154839695276479, 10.154839695276479] and parameters: {'k1': 0.006079905434073396, 'D_low': 43.2326421037033, 'k2': 1.1417577140741129e-05, 'D_high': 29.126651668813768, 'fire_exp': 1.4690410989404576, 'P_half': 12.262543158860007, 'pre_dampen_half': 903.3231300044874, 'gpp_af': 3.298293484806585, 'gpp_b': 0.006999112505425414, 'gpp_d': 0.030844007727232167, 'ign_k': 0.8945150807271531, 'ign_c': 7.832259769732471, 'trop_agb_crit': 2.1989086830950257, 'trop_k_veg': 1.6648666152166967, 'fire_amp': 2.042193818779288}.
[I 2026-06-10 21:14:55,106] Trial 191 finished with values: [21.639551660522525, 21.639551660522525] and parameters: {'k1': 6.784924519083143e-05, 'D_low': 148.21691630007544, 'k2': 0.0001016707987819611, 'D_high': 42210.21267871043, 'fire_exp': 1.5191397119156032, 'P_half': 93.43302657318476, 'pre_dampen_half': 231.59500020699807, 'gpp_af': 0.2204465010099918, 'gpp_b': 0.005916090676703775, 'gpp_d': 545.0253444559129, 'ign_k': 0.004105873950290761, 'ign_c': 39.52220881906114, 'trop_agb_crit': 5.588032458772675, 'trop_k_veg': 6.825463866194253, 'fire_amp': 3.713485315741754}.
[I 2026-06-10 21:14:57,572] Trial 192 finished with values: [15.564923061268649, 15.564923061268649] and parameters: {'k1': 0.012840669372724958, 'D_low': 171.2446447678494, 'k2': 0.0004976087827261435, 'D_high': 42210.21267871043, 'fire_exp': 1.2918065501148304, 'P_half': 61.6097529474144, 'pre_dampen_half': 4.603480758878793, 'gpp_af': 0.2204465010099918, 'gpp_b': 0.0004125336560355494, 'gpp_d': 0.7698760608299932, 'ign_k': 0.0029519227433917453, 'ign_c': 1.9423015749984096, 'trop_agb_crit': 2.0527418919564324, 'trop_k_veg': 2.520089655463604, 'fire_amp': 5.606809127618709}.
[I 2026-06-10 21:14:59,838] Trial 193 finished with values: [10.504898218340326, 10.504898218340326] and parameters: {'k1': 0.003968136435370146, 'D_low': 17.65404805249507, 'k2': 0.0010726091927327822, 'D_high': 315.101491238403, 'fire_exp': 1.5305744365500176, 'P_half': 277.00025557434554, 'pre_dampen_half': 10.931606102061748, 'gpp_af': 0.5970408652384318, 'gpp_b': 9.497440085397415e-05, 'gpp_d': 0.1619054449471649, 'ign_k': 0.17320535908244444, 'ign_c': 0.4177928311636542, 'trop_agb_crit': 1.8566494291193822, 'trop_k_veg': 0.5667990147757791, 'fire_amp': 2.804180410489304}.
[I 2026-06-10 21:15:01,725] Trial 194 finished with values: [-0.40586403116759145, 0.08825770658048848] and parameters: {'k1': 0.00026539376439360527, 'D_low': 1074.940539517341, 'k2': 0.0011239682517242113, 'D_high': 949.9072859745386, 'fire_exp': 1.111738490499784, 'P_half': 157.80309954142965, 'pre_dampen_half': 189.36639872354493, 'gpp_af': 3.298293484806585, 'gpp_b': 0.006999112505425414, 'gpp_d': 0.1423472425072452, 'ign_k': 0.09256855841989636, 'ign_c': 7.832259769732471, 'trop_agb_crit': 8.188098178380693, 'trop_k_veg': 0.6618107836658104, 'fire_amp': 2.6192385880432525}.
[I 2026-06-10 21:15:03,910] Trial 195 finished with values: [10.707295925876664, 10.707295925876664] and parameters: {'k1': 5.7909642338812115e-05, 'D_low': 5.08290658294838, 'k2': 1.5178052094448868e-05, 'D_high': 30.357607606785333, 'fire_exp': 1.5191397119156032, 'P_half': 102.93072560417136, 'pre_dampen_half': 191.62369310763663, 'gpp_af': 1.9654778690222015, 'gpp_b': 9.497440085397415e-05, 'gpp_d': 0.02253428262837267, 'ign_k': 0.371259104528773, 'ign_c': 22.126836566118193, 'trop_agb_crit': 7.332660227137139, 'trop_k_veg': 6.778288138489648, 'fire_amp': 1.147839669817869}.
[I 2026-06-10 21:15:06,488] Trial 196 finished with values: [10.051939985600148, 10.051939985600148] and parameters: {'k1': 5.7909642338812115e-05, 'D_low': 148.21691630007544, 'k2': 0.0001016707987819611, 'D_high': 1817.0401889219124, 'fire_exp': 1.5191397119156032, 'P_half': 45.55085098454082, 'pre_dampen_half': 2.736251365128462, 'gpp_af': 29.700320404259642, 'gpp_b': 0.004411400434514031, 'gpp_d': 545.0253444559129, 'ign_k': 0.004105873950290761, 'ign_c': 0.7619822175388142, 'trop_agb_crit': 5.588032458772675, 'trop_k_veg': 2.724170387400844, 'fire_amp': 5.44779717154213}.
[I 2026-06-10 21:15:08,385] Trial 197 finished with values: [10.72409734537524, 10.72409734537524] and parameters: {'k1': 0.00035868164986275477, 'D_low': 15.0613200804335, 'k2': 5.5686900831970225e-05, 'D_high': 11335.04312156179, 'fire_exp': 1.9095652801045373, 'P_half': 148.17820606039086, 'pre_dampen_half': 2.736251365128462, 'gpp_af': 10.25616274847308, 'gpp_b': 0.6296968715955544, 'gpp_d': 79.05373031352391, 'ign_k': 1.2273800987852967, 'ign_c': 0.6235377135673155, 'trop_agb_crit': 1.0189592979395135, 'trop_k_veg': 4.796046723963646, 'fire_amp': 1.5873607039193782}.
[I 2026-06-10 21:15:10,248] Trial 198 finished with values: [10.58733278480108, 10.58733278480108] and parameters: {'k1': 0.0001887567630782227, 'D_low': 2396.0796124300746, 'k2': 4.933751600448335e-05, 'D_high': 42.242359735170886, 'fire_exp': 1.9136159174067866, 'P_half': 157.3644610977214, 'pre_dampen_half': 37.40930273158252, 'gpp_af': 1.3954498518315706, 'gpp_b': 1.8400604093141188, 'gpp_d': 47.35384181058586, 'ign_k': 0.8945150807271531, 'ign_c': 1.3431925993528124, 'trop_agb_crit': 8.0091368834625, 'trop_k_veg': 1.6003641872536711, 'fire_amp': 4.2446263054164195}.
[I 2026-06-10 21:15:12,150] Trial 199 finished with values: [10.785477271738584, 10.785477271738584] and parameters: {'k1': 0.00026539376439360527, 'D_low': 2388.8979300769865, 'k2': 8.968733598183248e-05, 'D_high': 29.126651668813768, 'fire_exp': 3.150954985759691, 'P_half': 1.4551749476072258, 'pre_dampen_half': 189.88136301569827, 'gpp_af': 0.8594202650742228, 'gpp_b': 0.0012611058927054877, 'gpp_d': 0.26636419343091605, 'ign_k': 0.09256855841989636, 'ign_c': 1.364908766641693, 'trop_agb_crit': 1.3137567821944718, 'trop_k_veg': 2.1406449943451844, 'fire_amp': 2.042193818779288}.
[I 2026-06-10 21:15:14,402] Trial 200 finished with values: [10.143194344419026, 10.143194344419026] and parameters: {'k1': 5.7909642338812115e-05, 'D_low': 1074.940539517341, 'k2': 1.1417577140741129e-05, 'D_high': 29.126651668813768, 'fire_exp': 1.111738490499784, 'P_half': 102.93072560417136, 'pre_dampen_half': 191.62369310763663, 'gpp_af': 1.9654778690222015, 'gpp_b': 0.006999112505425414, 'gpp_d': 0.030844007727232167, 'ign_k': 0.371259104528773, 'ign_c': 0.17036120617148395, 'trop_agb_crit': 1.8023542850487386, 'trop_k_veg': 6.778288138489648, 'fire_amp': 1.147839669817869}.
[I 2026-06-10 21:15:16,352] Trial 201 finished with values: [10.860110423551607, 10.860110423551607] and parameters: {'k1': 5.7909642338812115e-05, 'D_low': 2267.735223551285, 'k2': 0.02065142557895925, 'D_high': 1817.0401889219124, 'fire_exp': 1.9095652801045373, 'P_half': 118.94665366442581, 'pre_dampen_half': 9.044346216330972, 'gpp_af': 0.41874665092828456, 'gpp_b': 2.800940363375676e-05, 'gpp_d': 700.6693992445935, 'ign_k': 0.17320535908244444, 'ign_c': 0.4177928311636542, 'trop_agb_crit': 1.8566494291193822, 'trop_k_veg': 5.453348988480011, 'fire_amp': 5.44779717154213}.
[I 2026-06-10 21:15:18,283] Trial 202 finished with values: [10.833333332159754, 10.833333332159754] and parameters: {'k1': 0.00026539376439360527, 'D_low': 171.2446447678494, 'k2': 0.00037358626308127543, 'D_high': 36998.679204890876, 'fire_exp': 4.2769938521987285, 'P_half': 93.43302657318476, 'pre_dampen_half': 30.697381831179275, 'gpp_af': 1.3954498518315706, 'gpp_b': 2.176805640408474e-05, 'gpp_d': 47.35384181058586, 'ign_k': 0.09256855841989636, 'ign_c': 342.8810943862522, 'trop_agb_crit': 1.8023542850487386, 'trop_k_veg': 1.6648666152166967, 'fire_amp': 5.606809127618709}.
[I 2026-06-10 21:15:20,458] Trial 203 finished with values: [10.785962224312104, 10.785962224312104] and parameters: {'k1': 5.7909642338812115e-05, 'D_low': 8832.039346746853, 'k2': 1.1417577140741129e-05, 'D_high': 30.357607606785333, 'fire_exp': 1.264103030891254, 'P_half': 102.93072560417136, 'pre_dampen_half': 0.16974173693738634, 'gpp_af': 3.298293484806585, 'gpp_b': 9.497440085397415e-05, 'gpp_d': 0.26636419343091605, 'ign_k': 0.371259104528773, 'ign_c': 7.832259769732471, 'trop_agb_crit': 1.3137567821944718, 'trop_k_veg': 2.1406449943451844, 'fire_amp': 2.042193818779288}.
[I 2026-06-10 21:15:22,366] Trial 204 finished with values: [13.161278655086655, 13.161278655086655] and parameters: {'k1': 0.00026539376439360527, 'D_low': 148.21691630007544, 'k2': 1.1417577140741129e-05, 'D_high': 29.126651668813768, 'fire_exp': 1.9783727454920947, 'P_half': 9.580682294110435, 'pre_dampen_half': 435.2726865811943, 'gpp_af': 94.30595410350193, 'gpp_b': 0.006999112505425414, 'gpp_d': 47.35384181058586, 'ign_k': 0.09256855841989636, 'ign_c': 7.832259769732471, 'trop_agb_crit': 1.8023542850487386, 'trop_k_veg': 0.8097682578073301, 'fire_amp': 5.44779717154213}.
[I 2026-06-10 21:15:24,697] Trial 205 finished with values: [10.7417489798753, 10.7417489798753] and parameters: {'k1': 1.1281785190969807e-05, 'D_low': 2388.8979300769865, 'k2': 1.1417577140741129e-05, 'D_high': 69868.4759244566, 'fire_exp': 1.3807440352456883, 'P_half': 1.4551749476072258, 'pre_dampen_half': 0.16974173693738634, 'gpp_af': 29.700320404259642, 'gpp_b': 0.010307896803108956, 'gpp_d': 1.336803341156552, 'ign_k': 0.03845635122720663, 'ign_c': 7.832259769732471, 'trop_agb_crit': 1.3137567821944718, 'trop_k_veg': 6.030247256556128, 'fire_amp': 3.890668402773863}.
[I 2026-06-10 21:15:26,649] Trial 206 finished with values: [-0.34622794673557106, 0.04251482824383179] and parameters: {'k1': 0.016973078532467004, 'D_low': 50.32059347286801, 'k2': 8.968733598183248e-05, 'D_high': 2427.054417940131, 'fire_exp': 3.150954985759691, 'P_half': 8.318314747941244, 'pre_dampen_half': 189.88136301569827, 'gpp_af': 0.8594202650742228, 'gpp_b': 1.1008110571039521e-05, 'gpp_d': 1.4397852866783676, 'ign_k': 0.13500744867919376, 'ign_c': 0.1611736893633666, 'trop_agb_crit': 1.5033346993841157, 'trop_k_veg': 3.4439936249445045, 'fire_amp': 1.1655705619308396}.
[I 2026-06-10 21:15:28,522] Trial 207 finished with values: [10.827856451605168, 10.827856451605168] and parameters: {'k1': 9.132348475718357e-05, 'D_low': 43.2326421037033, 'k2': 2.316457903103837e-05, 'D_high': 949.9072859745386, 'fire_exp': 1.14171776851287, 'P_half': 157.80309954142965, 'pre_dampen_half': 0.058813839452486964, 'gpp_af': 27.448645214004376, 'gpp_b': 0.00047819318414852577, 'gpp_d': 0.03848886303127135, 'ign_k': 0.002357279455676982, 'ign_c': 1.4879588507789996, 'trop_agb_crit': 21.086120736447015, 'trop_k_veg': 0.6618107836658104, 'fire_amp': 1.0759744651553196}.
[I 2026-06-10 21:15:30,418] Trial 208 finished with values: [10.825902242728775, 10.825902242728775] and parameters: {'k1': 0.006079905434073396, 'D_low': 1440.3650379563878, 'k2': 4.933751600448335e-05, 'D_high': 18337.177967709995, 'fire_exp': 1.7792742686803427, 'P_half': 157.80309954142965, 'pre_dampen_half': 0.13249602803264168, 'gpp_af': 1.9998014714101113, 'gpp_b': 0.00047819318414852577, 'gpp_d': 594.7389794988394, 'ign_k': 0.0037322156377670697, 'ign_c': 111.18405953132105, 'trop_agb_crit': 8.0091368834625, 'trop_k_veg': 0.6618107836658104, 'fire_amp': 1.1626468420952578}.
[I 2026-06-10 21:15:33,033] Trial 209 finished with values: [10.676762321962023, 10.676762321962023] and parameters: {'k1': 0.012840669372724958, 'D_low': 171.2446447678494, 'k2': 7.857247967427128e-05, 'D_high': 48235.58283024493, 'fire_exp': 1.9095652801045373, 'P_half': 61.6097529474144, 'pre_dampen_half': 4.603480758878793, 'gpp_af': 10.25616274847308, 'gpp_b': 0.01666658176842624, 'gpp_d': 0.4742269251269962, 'ign_k': 0.0029519227433917453, 'ign_c': 0.6235377135673155, 'trop_agb_crit': 1.0189592979395135, 'trop_k_veg': 4.796046723963646, 'fire_amp': 1.2393473789150806}.
[I 2026-06-10 21:15:35,269] Trial 210 finished with values: [10.8148432873742, 10.8148432873742] and parameters: {'k1': 5.178197947282869e-05, 'D_low': 8832.039346746853, 'k2': 1.1417577140741129e-05, 'D_high': 29.126651668813768, 'fire_exp': 1.264103030891254, 'P_half': 1.4551749476072258, 'pre_dampen_half': 0.16974173693738634, 'gpp_af': 14.161176080022173, 'gpp_b': 0.002416023630607169, 'gpp_d': 0.26636419343091605, 'ign_k': 0.00660597889201953, 'ign_c': 1.4879588507789996, 'trop_agb_crit': 1.3137567821944718, 'trop_k_veg': 0.5183533149347164, 'fire_amp': 1.1655705619308396}.
[I 2026-06-10 21:15:37,082] Trial 211 finished with values: [14.051332286193828, 14.051332286193828] and parameters: {'k1': 0.016973078532467004, 'D_low': 50.32059347286801, 'k2': 0.0010726091927327822, 'D_high': 29.126651668813768, 'fire_exp': 1.3026772381867355, 'P_half': 1.4551749476072258, 'pre_dampen_half': 30.456909077772018, 'gpp_af': 0.9219336658511308, 'gpp_b': 0.006999112505425414, 'gpp_d': 47.35384181058586, 'ign_k': 0.09256855841989636, 'ign_c': 7.832259769732471, 'trop_agb_crit': 1.5033346993841157, 'trop_k_veg': 0.7258074184598352, 'fire_amp': 4.2446263054164195}.
[I 2026-06-10 21:15:39,061] Trial 212 finished with values: [12.334557705545297, 12.334557705545297] and parameters: {'k1': 0.006079905434073396, 'D_low': 171.2446447678494, 'k2': 0.002090955698118952, 'D_high': 42210.21267871043, 'fire_exp': 1.2918065501148304, 'P_half': 157.3644610977214, 'pre_dampen_half': 37.40930273158252, 'gpp_af': 0.016306190741524337, 'gpp_b': 0.00047819318414852577, 'gpp_d': 594.7389794988394, 'ign_k': 0.0029519227433917453, 'ign_c': 1.9423015749984096, 'trop_agb_crit': 2.0527418919564324, 'trop_k_veg': 2.520089655463604, 'fire_amp': 1.2393473789150806}.
[I 2026-06-10 21:15:41,044] Trial 213 finished with values: [10.190494852720448, 10.190494852720448] and parameters: {'k1': 0.004467752817973905, 'D_low': 408.3047491580097, 'k2': 0.0010726091927327822, 'D_high': 1537.592023548176, 'fire_exp': 1.2344878997299724, 'P_half': 277.00025557434554, 'pre_dampen_half': 75.10418138777538, 'gpp_af': 3.030008727251782, 'gpp_b': 2.3386439256208704, 'gpp_d': 9.761125443110442, 'ign_k': 0.00660597889201953, 'ign_c': 0.1611736893633666, 'trop_agb_crit': 21.086120736447015, 'trop_k_veg': 0.5667990147757791, 'fire_amp': 1.7912500010961188}.
[I 2026-06-10 21:15:43,058] Trial 214 finished with values: [10.64527172121753, 10.64527172121753] and parameters: {'k1': 5.178197947282869e-05, 'D_low': 408.3047491580097, 'k2': 8.968733598183248e-05, 'D_high': 32311.521854410956, 'fire_exp': 1.7505406131449859, 'P_half': 436.4516946807792, 'pre_dampen_half': 75.10418138777538, 'gpp_af': 49.830438374949125, 'gpp_b': 2.3386439256208704, 'gpp_d': 9.761125443110442, 'ign_k': 4.869640941520899, 'ign_c': 3.470490935437501, 'trop_agb_crit': 1.9475582306295418, 'trop_k_veg': 2.8926781829782864, 'fire_amp': 1.7912500010961188}.
[I 2026-06-10 21:15:45,121] Trial 215 finished with values: [10.83333312871963, 10.83333312871963] and parameters: {'k1': 0.0001887567630782227, 'D_low': 408.3047491580097, 'k2': 8.968733598183248e-05, 'D_high': 24.9899605789089, 'fire_exp': 7.541554304668537, 'P_half': 9.580682294110435, 'pre_dampen_half': 189.88136301569827, 'gpp_af': 1.3954498518315706, 'gpp_b': 0.002416023630607169, 'gpp_d': 0.21281400894533783, 'ign_k': 0.003296550135838091, 'ign_c': 1.4879588507789996, 'trop_agb_crit': 1.8285200278523417, 'trop_k_veg': 0.5183533149347164, 'fire_amp': 4.2446263054164195}.
[I 2026-06-10 21:15:47,016] Trial 216 finished with values: [10.776057313152682, 10.776057313152682] and parameters: {'k1': 1.1281785190969807e-05, 'D_low': 15.0613200804335, 'k2': 8.968733598183248e-05, 'D_high': 24.9899605789089, 'fire_exp': 1.7505406131449859, 'P_half': 9.580682294110435, 'pre_dampen_half': 2.736251365128462, 'gpp_af': 27.78052183438328, 'gpp_b': 0.010307896803108956, 'gpp_d': 21.899070557043984, 'ign_k': 0.001229921046579313, 'ign_c': 99.96359851911319, 'trop_agb_crit': 21.086120736447015, 'trop_k_veg': 0.5183533149347164, 'fire_amp': 1.5873607039193782}.
[I 2026-06-10 21:15:49,117] Trial 217 finished with values: [10.742035913268353, 10.742035913268353] and parameters: {'k1': 0.0029067012153229104, 'D_low': 2.843767489444367, 'k2': 0.0499774937030317, 'D_high': 27.55546207779663, 'fire_exp': 1.6901885781909627, 'P_half': 1265.0580856641704, 'pre_dampen_half': 123.04779330083686, 'gpp_af': 20.12115544906385, 'gpp_b': 0.015062722325200045, 'gpp_d': 20.81401325574021, 'ign_k': 0.002357279455676982, 'ign_c': 664.6698709242512, 'trop_agb_crit': 1.8566494291193822, 'trop_k_veg': 1.2749676887479542, 'fire_amp': 5.416595007374148}.
[I 2026-06-10 21:15:50,957] Trial 218 finished with values: [10.659583987592741, 10.659583987592741] and parameters: {'k1': 9.132348475718357e-05, 'D_low': 2808.7330790064375, 'k2': 1.1417577140741129e-05, 'D_high': 29.126651668813768, 'fire_exp': 1.41873960828944, 'P_half': 157.80309954142965, 'pre_dampen_half': 16.009350908593582, 'gpp_af': 3.298293484806585, 'gpp_b': 0.7196087713577951, 'gpp_d': 304.7488318185732, 'ign_k': 0.002357279455676982, 'ign_c': 388.02797007866826, 'trop_agb_crit': 1.8023542850487386, 'trop_k_veg': 1.6648666152166967, 'fire_amp': 2.042193818779288}.
[I 2026-06-10 21:15:52,812] Trial 219 finished with values: [10.76350379712201, 10.76350379712201] and parameters: {'k1': 0.016973078532467004, 'D_low': 2.843767489444367, 'k2': 2.316457903103837e-05, 'D_high': 949.9072859745386, 'fire_exp': 1.6901885781909627, 'P_half': 51.10120656497163, 'pre_dampen_half': 16.009350908593582, 'gpp_af': 20.12115544906385, 'gpp_b': 1.1008110571039521e-05, 'gpp_d': 304.7488318185732, 'ign_k': 0.002357279455676982, 'ign_c': 388.02797007866826, 'trop_agb_crit': 1.5033346993841157, 'trop_k_veg': 1.2749676887479542, 'fire_amp': 5.416595007374148}.
[I 2026-06-10 21:15:54,724] Trial 220 finished with values: [10.833254000987232, 10.833254000987232] and parameters: {'k1': 0.00026539376439360527, 'D_low': 1739.6167422846984, 'k2': 0.02939607009739149, 'D_high': 29.126651668813768, 'fire_exp': 3.2459542834651627, 'P_half': 12.262543158860007, 'pre_dampen_half': 189.36639872354493, 'gpp_af': 3.298293484806585, 'gpp_b': 0.006999112505425414, 'gpp_d': 0.030844007727232167, 'ign_k': 0.09256855841989636, 'ign_c': 7.832259769732471, 'trop_agb_crit': 1.8023542850487386, 'trop_k_veg': 1.6648666152166967, 'fire_amp': 2.042193818779288}.
[I 2026-06-10 21:15:56,619] Trial 221 finished with values: [10.870335463995527, 10.870335463995527] and parameters: {'k1': 0.00023134781612225627, 'D_low': 171.2446447678494, 'k2': 0.0011135501184757278, 'D_high': 42210.21267871043, 'fire_exp': 1.811096651915224, 'P_half': 61.6097529474144, 'pre_dampen_half': 121.93011993958949, 'gpp_af': 0.5970408652384318, 'gpp_b': 0.015062722325200045, 'gpp_d': 0.7698760608299932, 'ign_k': 0.002357279455676982, 'ign_c': 1.9423015749984096, 'trop_agb_crit': 21.380932890222198, 'trop_k_veg': 2.8926781829782864, 'fire_amp': 1.8357623383234334}.
