[I 2026-08-06 08:48:25,008] Trial 234 finished with values: [10.724442567204125, 10.724442567204125] and parameters: {'k1': 0.07799059237255677, 'D_low': 355.00125258511594, 'k2': 0.03538758864779238, 'D_high': 8182.111518618414, 'fire_exp': 1.695318866910499, 'P_half': 102.4585893986732, 'pre_dampen_half': 0.03751320096826995, 'gpp_af': 2.6003623362924237, 'gpp_b': 1.5385046399532158e-05, 'gpp_d': 5.1715677287580455, 'ign_k': 0.004144296901136395, 'ign_c': 0.24989960578908887, 'trop_agb_crit': 6.119263728555865, 'trop_k_veg': 1.0345878666211452}.
[I 2026-08-06 08:48:26,063] Trial 235 finished with values: [10.695624523276996, 10.695624523276996] and parameters: {'k1': 0.011966626407443505, 'D_low': 5.59983195169599, 'k2': 1.915468390724633e-05, 'D_high': 1615.0602315370222, 'fire_exp': 1.0629462657398439, 'P_half': 9.324787201197319, 'pre_dampen_half': 0.03751320096826995, 'gpp_af': 0.7539992074650279, 'gpp_b': 0.0021331409710300844, 'gpp_d': 16.460426816350523, 'ign_k': 0.0680787482656459, 'ign_c': 0.8547476176667198, 'trop_agb_crit': 24.584290528289387, 'trop_k_veg': 0.5349971555643298}.
[I 2026-08-06 08:48:27,120] Trial 236 finished with values: [10.703668827361435, 10.703668827361435] and parameters: {'k1': 0.012840669372724958, 'D_low': 355.00125258511594, 'k2': 0.0012040762895973265, 'D_high': 8182.111518618414, 'fire_exp': 1.695318866910499, 'P_half': 712.8188058401365, 'pre_dampen_half': 39.827466658711515, 'gpp_af': 0.10409127568994281, 'gpp_b': 1.5385046399532158e-05, 'gpp_d': 0.2204889335659561, 'ign_k': 0.010167079878196114, 'ign_c': 0.24989960578908887, 'trop_agb_crit': 10.965064494899984, 'trop_k_veg': 5.580504276549027}.
[I 2026-08-06 08:48:28,194] Trial 237 finished with values: [10.71960543965101, 10.71960543965101] and parameters: {'k1': 0.012021930484915042, 'D_low': 1.54121727098019, 'k2': 0.003101429427212743, 'D_high': 21.947742689197344, 'fire_exp': 1.1263716762638152, 'P_half': 1.1827346017839087, 'pre_dampen_half': 5.048653998722947, 'gpp_af': 2.6003623362924237, 'gpp_b': 2.6738182964551835e-05, 'gpp_d': 757.2868182332339, 'ign_k': 0.004144296901136395, 'ign_c': 1.9580595319750387, 'trop_agb_crit': 14.948114979829949, 'trop_k_veg': 0.5303724136602885}.
[I 2026-08-06 08:48:29,352] Trial 238 finished with values: [10.73452377266758, 10.73452377266758] and parameters: {'k1': 0.00488137519160367, 'D_low': 12.105387404469584, 'k2': 0.003767022142229395, 'D_high': 431.45617043093523, 'fire_exp': 1.695318866910499, 'P_half': 4.213183643253957, 'pre_dampen_half': 39.827466658711515, 'gpp_af': 1.9706963379095486, 'gpp_b': 1.4540386644083135e-05, 'gpp_d': 5.1715677287580455, 'ign_k': 0.00840038491455979, 'ign_c': 0.1239046892818203, 'trop_agb_crit': 1.0903028125370984, 'trop_k_veg': 0.6673124511410327}.
[I 2026-08-06 08:48:30,427] Trial 239 finished with values: [10.769230769178105, 10.769230769178105] and parameters: {'k1': 0.016780508579130986, 'D_low': 1112.9571947046009, 'k2': 0.031536006085184705, 'D_high': 68.76972589957657, 'fire_exp': 3.3801590342525687, 'P_half': 93.43302657318476, 'pre_dampen_half': 12.338826503601998, 'gpp_af': 0.10409127568994281, 'gpp_b': 2.176805640408474e-05, 'gpp_d': 54.620376657085984, 'ign_k': 0.0029519227433917453, 'ign_c': 0.557280750002996, 'trop_agb_crit': 1.14876138417489, 'trop_k_veg': 1.4584243470991722}.
[I 2026-08-06 08:48:31,566] Trial 240 finished with values: [10.75656256312704, 10.75656256312704] and parameters: {'k1': 0.0007883068789768041, 'D_low': 2.4622754931226587, 'k2': 0.015763894361785387, 'D_high': 783.2259769732478, 'fire_exp': 1.695318866910499, 'P_half': 5.076307782729897, 'pre_dampen_half': 0.9829324480069708, 'gpp_af': 1.200191344086032, 'gpp_b': 0.06464901394322495, 'gpp_d': 5.1715677287580455, 'ign_k': 0.010167079878196114, 'ign_c': 31.874227118134094, 'trop_agb_crit': 5.535964054794066, 'trop_k_veg': 5.373862339436157}.
[I 2026-08-06 08:48:32,626] Trial 241 finished with values: [10.699090454168122, 10.699090454168122] and parameters: {'k1': 0.06994589881535453, 'D_low': 1.54121727098019, 'k2': 6.069662445477729e-05, 'D_high': 1615.0602315370222, 'fire_exp': 1.4665043946307825, 'P_half': 140.74279366401683, 'pre_dampen_half': 8.594202650742222, 'gpp_af': 2.6003623362924237, 'gpp_b': 2.6738182964551835e-05, 'gpp_d': 2.944272359149677, 'ign_k': 0.004144296901136395, 'ign_c': 0.1239046892818203, 'trop_agb_crit': 8.997007571451054, 'trop_k_veg': 3.49157152291552}.
[I 2026-08-06 08:48:33,803] Trial 242 finished with values: [10.75803072968285, 10.75803072968285] and parameters: {'k1': 0.05705198955850472, 'D_low': 520.4862686958022, 'k2': 0.003101429427212743, 'D_high': 985.7545621889059, 'fire_exp': 2.100650708889295, 'P_half': 140.74279366401683, 'pre_dampen_half': 5.048653998722947, 'gpp_af': 9.860891468435602, 'gpp_b': 0.000429408684380145, 'gpp_d': 54.620376657085984, 'ign_k': 0.01364908766641695, 'ign_c': 1.9580595319750387, 'trop_agb_crit': 11.316283925181681, 'trop_k_veg': 1.0594599158279707}.
[I 2026-08-06 08:48:35,417] Trial 243 finished with values: [10.765613666454437, 10.765613666454437] and parameters: {'k1': 0.008287522363768155, 'D_low': 355.00125258511594, 'k2': 0.09811523358736457, 'D_high': 252.84086172415604, 'fire_exp': 1.3170256885255098, 'P_half': 712.8188058401365, 'pre_dampen_half': 63.6685916079943, 'gpp_af': 0.6403036652671171, 'gpp_b': 0.42247700890263645, 'gpp_d': 2.944272359149677, 'ign_k': 0.12329098365270515, 'ign_c': 5.13055176058983, 'trop_agb_crit': 1.0903028125370984, 'trop_k_veg': 0.6743482387129308}.
[I 2026-08-06 08:48:37,664] Trial 244 finished with values: [10.736583454057124, 10.736583454057124] and parameters: {'k1': 0.002367935204022389, 'D_low': 7.299348683062307, 'k2': 0.011715293025123641, 'D_high': 985.7545621889059, 'fire_exp': 1.221575427404682, 'P_half': 14.281536924924877, 'pre_dampen_half': 5.048653998722947, 'gpp_af': 0.2204465010099918, 'gpp_b': 2.176805640408474e-05, 'gpp_d': 757.2868182332339, 'ign_k': 0.11619873314872933, 'ign_c': 39.52220881906114, 'trop_agb_crit': 14.948114979829949, 'trop_k_veg': 1.0594599158279707}.
[I 2026-08-06 08:48:39,834] Trial 245 finished with values: [10.295747801162998, 10.295747801162998] and parameters: {'k1': 0.011966626407443505, 'D_low': 40.52505887227999, 'k2': 0.03538758864779238, 'D_high': 3712.591045287726, 'fire_exp': 1.695318866910499, 'P_half': 1.605843632310088, 'pre_dampen_half': 63.6685916079943, 'gpp_af': 0.7539992074650279, 'gpp_b': 0.0005392415140872105, 'gpp_d': 5.1715677287580455, 'ign_k': 0.12329098365270515, 'ign_c': 15.221840161091626, 'trop_agb_crit': 24.584290528289387, 'trop_k_veg': 1.8914629029068306}.
[I 2026-08-06 08:48:41,885] Trial 246 finished with values: [10.745188831871236, 10.745188831871236] and parameters: {'k1': 0.008471801418819975, 'D_low': 12.105387404469584, 'k2': 0.003767022142229395, 'D_high': 42.070539502879384, 'fire_exp': 1.0601964743503993, 'P_half': 175.2878790340412, 'pre_dampen_half': 3.0023172465753074, 'gpp_af': 0.10409127568994281, 'gpp_b': 1.4540386644083135e-05, 'gpp_d': 0.12878367369717508, 'ign_k': 0.00840038491455979, 'ign_c': 0.1239046892818203, 'trop_agb_crit': 10.965064494899984, 'trop_k_veg': 0.6673124511410327}.
[I 2026-08-06 08:48:44,480] Trial 247 finished with values: [10.738602615669173, 10.738602615669173] and parameters: {'k1': 0.011966626407443505, 'D_low': 5.59983195169599, 'k2': 6.069662445477729e-05, 'D_high': 21.947742689197344, 'fire_exp': 1.2611826901294014, 'P_half': 323.6099399575106, 'pre_dampen_half': 0.03751320096826995, 'gpp_af': 2.6003623362924237, 'gpp_b': 3.481277316673104e-05, 'gpp_d': 150.14555442537656, 'ign_k': 0.004144296901136395, 'ign_c': 0.9580682294110432, 'trop_agb_crit': 1.14876138417489, 'trop_k_veg': 1.4584243470991722}.
[I 2026-08-06 08:48:46,656] Trial 248 finished with values: [10.766216708570242, 10.766216708570242] and parameters: {'k1': 0.004312951023617458, 'D_low': 3123.981524414059, 'k2': 1.915468390724633e-05, 'D_high': 3712.591045287726, 'fire_exp': 1.0629462657398439, 'P_half': 220.3445560633069, 'pre_dampen_half': 502.5175192217655, 'gpp_af': 2.6003623362924237, 'gpp_b': 8.02603067403424, 'gpp_d': 16.460426816350523, 'ign_k': 0.0680787482656459, 'ign_c': 3.470490935437501, 'trop_agb_crit': 24.584290528289387, 'trop_k_veg': 1.4584243470991722}.
[I 2026-08-06 08:48:48,752] Trial 249 finished with values: [10.3641167755188, 10.3641167755188] and parameters: {'k1': 0.002155595057104387, 'D_low': 1.9977959434035766, 'k2': 0.0007047307383115598, 'D_high': 61536.58035691648, 'fire_exp': 1.0362310858538248, 'P_half': 221.2683656611821, 'pre_dampen_half': 3.3841016089580034, 'gpp_af': 68.11991466118579, 'gpp_b': 1.284284091405877e-05, 'gpp_d': 229.41380323183625, 'ign_k': 5.351470428717437, 'ign_c': 18.219343937475102, 'trop_agb_crit': 10.691477813613638, 'trop_k_veg': 1.0594599158279707}.
[I 2026-08-06 08:48:51,089] Trial 250 finished with values: [10.746746336138436, 10.746746336138436] and parameters: {'k1': 0.008912611835817005, 'D_low': 64.39790863101601, 'k2': 7.914423612155373e-05, 'D_high': 11832.967057468773, 'fire_exp': 1.0629462657398439, 'P_half': 220.3445560633069, 'pre_dampen_half': 502.5175192217655, 'gpp_af': 0.7539992074650279, 'gpp_b': 3.083723329640506, 'gpp_d': 16.460426816350523, 'ign_k': 0.0680787482656459, 'ign_c': 33.81093273170848, 'trop_agb_crit': 1.0455434848969813, 'trop_k_veg': 3.1473758868965476}.
[I 2026-08-06 08:48:53,744] Trial 251 finished with values: [10.764044460069917, 10.764044460069917] and parameters: {'k1': 0.06994589881535453, 'D_low': 4182.178526757453, 'k2': 1.1065812688893481e-05, 'D_high': 18.942844905792818, 'fire_exp': 1.2611826901294014, 'P_half': 1.1827346017839087, 'pre_dampen_half': 0.029662981696401067, 'gpp_af': 2.6003623362924237, 'gpp_b': 0.01777482313117792, 'gpp_d': 0.3934396739328545, 'ign_k': 5.351470428717437, 'ign_c': 0.1239046892818203, 'trop_agb_crit': 7.500118950416987, 'trop_k_veg': 1.0923378209074766}.
[I 2026-08-06 08:48:55,840] Trial 252 finished with values: [10.504848793161964, 10.504848793161964] and parameters: {'k1': 0.004312951023617458, 'D_low': 1112.9571947046009, 'k2': 0.012758211164590085, 'D_high': 2940.51756322311, 'fire_exp': 1.0629462657398439, 'P_half': 221.2683656611821, 'pre_dampen_half': 502.5175192217655, 'gpp_af': 0.1476584299248268, 'gpp_b': 3.481277316673104e-05, 'gpp_d': 150.14555442537656, 'ign_k': 8.708806168038567, 'ign_c': 0.9580682294110432, 'trop_agb_crit': 3.5747129226002423, 'trop_k_veg': 1.4584243470991722}.
[I 2026-08-06 08:48:58,015] Trial 253 finished with values: [10.769230769178105, 10.769230769178105] and parameters: {'k1': 0.06994589881535453, 'D_low': 1112.9571947046009, 'k2': 0.03538758864779238, 'D_high': 774.2116473996249, 'fire_exp': 1.423480109671474, 'P_half': 221.2683656611821, 'pre_dampen_half': 63.6685916079943, 'gpp_af': 2.6003623362924237, 'gpp_b': 0.42247700890263645, 'gpp_d': 229.41380323183625, 'ign_k': 0.12329098365270515, 'ign_c': 5.13055176058983, 'trop_agb_crit': 1.14876138417489, 'trop_k_veg': 1.4584243470991722}.
[I 2026-08-06 08:49:00,189] Trial 254 finished with values: [10.769229434765354, 10.769229434765354] and parameters: {'k1': 0.012021930484915042, 'D_low': 6542.056762893129, 'k2': 0.0007047307383115598, 'D_high': 21.947742689197344, 'fire_exp': 1.0362310858538248, 'P_half': 221.2683656611821, 'pre_dampen_half': 1.3833139021965035, 'gpp_af': 0.12269699058825158, 'gpp_b': 0.22727308251068193, 'gpp_d': 757.2868182332339, 'ign_k': 0.11619873314872933, 'ign_c': 3.470490935437501, 'trop_agb_crit': 10.691477813613638, 'trop_k_veg': 1.0594599158279707}.
[I 2026-08-06 08:49:02,375] Trial 255 finished with values: [10.681363254642442, 10.681363254642442] and parameters: {'k1': 0.05778755734457457, 'D_low': 1683.621997588799, 'k2': 0.0007047307383115598, 'D_high': 61536.58035691648, 'fire_exp': 1.0362310858538248, 'P_half': 221.2683656611821, 'pre_dampen_half': 0.029662981696401067, 'gpp_af': 2.6003623362924237, 'gpp_b': 2.6738182964551835e-05, 'gpp_d': 0.3934396739328545, 'ign_k': 5.351470428717437, 'ign_c': 3.470490935437501, 'trop_agb_crit': 10.691477813613638, 'trop_k_veg': 1.6081790145072552}.
[I 2026-08-06 08:49:04,422] Trial 256 finished with values: [10.558363781852886, 10.558363781852886] and parameters: {'k1': 0.002367935204022389, 'D_low': 520.4862686958022, 'k2': 1.7926680648388784e-05, 'D_high': 1615.0602315370222, 'fire_exp': 1.221575427404682, 'P_half': 9.324787201197319, 'pre_dampen_half': 48.74291611803564, 'gpp_af': 1.9706963379095486, 'gpp_b': 2.6738182964551835e-05, 'gpp_d': 9.510288748158525, 'ign_k': 0.004144296901136395, 'ign_c': 4.439802552990464, 'trop_agb_crit': 6.119263728555865, 'trop_k_veg': 6.5801322358877785}.
[I 2026-08-06 08:49:06,439] Trial 257 finished with values: [10.176213616768349, 10.176213616768349] and parameters: {'k1': 0.011966626407443505, 'D_low': 40.52505887227999, 'k2': 1.1065812688893481e-05, 'D_high': 63233.81951066786, 'fire_exp': 1.0362310858538248, 'P_half': 4.213183643253957, 'pre_dampen_half': 63.6685916079943, 'gpp_af': 1.9706963379095486, 'gpp_b': 0.0005392415140872105, 'gpp_d': 1.6983565276584263, 'ign_k': 0.12329098365270515, 'ign_c': 15.221840161091626, 'trop_agb_crit': 7.500118950416987, 'trop_k_veg': 1.8914629029068306}.
[I 2026-08-06 08:49:08,296] Trial 258 finished with values: [10.530037436701566, 10.530037436701566] and parameters: {'k1': 0.05778755734457457, 'D_low': 4.484744524732794, 'k2': 8.923807143379776e-05, 'D_high': 61536.58035691648, 'fire_exp': 1.0629462657398439, 'P_half': 1.1827346017839087, 'pre_dampen_half': 502.5175192217655, 'gpp_af': 2.6003623362924237, 'gpp_b': 2.6738182964551835e-05, 'gpp_d': 418.77522137884927, 'ign_k': 0.0680787482656459, 'ign_c': 0.557280750002996, 'trop_agb_crit': 15.961316409649486, 'trop_k_veg': 1.0923378209074766}.
[I 2026-08-06 08:49:10,153] Trial 259 finished with values: [10.340165112203787, 10.340165112203787] and parameters: {'k1': 0.00031134168041628584, 'D_low': 12.105387404469584, 'k2': 1.1065812688893481e-05, 'D_high': 5670.3463356272905, 'fire_exp': 1.1430983876313219, 'P_half': 221.2683656611821, 'pre_dampen_half': 502.5175192217655, 'gpp_af': 0.7539992074650279, 'gpp_b': 1.3289448722869181e-05, 'gpp_d': 1.493264336549928, 'ign_k': 2.1368329072358767, 'ign_c': 11.400863701127316, 'trop_agb_crit': 7.500118950416987, 'trop_k_veg': 0.6673124511410327}.
[I 2026-08-06 08:49:12,091] Trial 260 finished with values: [10.555906458524275, 10.555906458524275] and parameters: {'k1': 0.002155595057104387, 'D_low': 1112.9571947046009, 'k2': 8.923807143379776e-05, 'D_high': 61536.58035691648, 'fire_exp': 1.221575427404682, 'P_half': 220.3445560633069, 'pre_dampen_half': 3.3841016089580034, 'gpp_af': 5.335773317316405, 'gpp_b': 1.284284091405877e-05, 'gpp_d': 229.41380323183625, 'ign_k': 5.351470428717437, 'ign_c': 18.219343937475102, 'trop_agb_crit': 10.691477813613638, 'trop_k_veg': 1.140286245977296}.
[I 2026-08-06 08:49:13,957] Trial 261 finished with values: [10.521838592558149, 10.521838592558149] and parameters: {'k1': 0.00488137519160367, 'D_low': 2.143851363193517, 'k2': 1.915468390724633e-05, 'D_high': 61536.58035691648, 'fire_exp': 1.7329145403564932, 'P_half': 338.23872019362165, 'pre_dampen_half': 552.4163637315892, 'gpp_af': 0.7539992074650279, 'gpp_b': 3.481277316673104e-05, 'gpp_d': 229.41380323183625, 'ign_k': 0.010167079878196114, 'ign_c': 0.557280750002996, 'trop_agb_crit': 10.965064494899984, 'trop_k_veg': 6.45312300188076}.
[I 2026-08-06 08:49:15,800] Trial 262 finished with values: [10.594395345671035, 10.594395345671035] and parameters: {'k1': 0.011966626407443505, 'D_low': 40.12413353131991, 'k2': 0.03538758864779238, 'D_high': 774.2116473996249, 'fire_exp': 1.2611826901294014, 'P_half': 1.605843632310088, 'pre_dampen_half': 63.6685916079943, 'gpp_af': 0.6403036652671171, 'gpp_b': 0.42247700890263645, 'gpp_d': 2.944272359149677, 'ign_k': 0.12329098365270515, 'ign_c': 8.40543912931368, 'trop_agb_crit': 15.961316409649486, 'trop_k_veg': 0.6743482387129308}.
[I 2026-08-06 08:49:17,682] Trial 263 finished with values: [10.719908413420608, 10.719908413420608] and parameters: {'k1': 0.05778755734457457, 'D_low': 1683.621997588799, 'k2': 0.0007047307383115598, 'D_high': 61536.58035691648, 'fire_exp': 3.936207012318799, 'P_half': 221.2683656611821, 'pre_dampen_half': 63.6685916079943, 'gpp_af': 2.6003623362924237, 'gpp_b': 2.6738182964551835e-05, 'gpp_d': 2.944272359149677, 'ign_k': 0.12329098365270515, 'ign_c': 8.40543912931368, 'trop_agb_crit': 10.691477813613638, 'trop_k_veg': 1.6081790145072552}.
[I 2026-08-06 08:49:19,445] Trial 264 finished with values: [10.507213412416203, 10.507213412416203] and parameters: {'k1': 2.766282010813135e-05, 'D_low': 70.18267183720735, 'k2': 1.1065812688893481e-05, 'D_high': 2940.51756322311, 'fire_exp': 1.0601964743503993, 'P_half': 4.213183643253957, 'pre_dampen_half': 63.6685916079943, 'gpp_af': 0.6403036652671171, 'gpp_b': 0.0054502936945582505, 'gpp_d': 84.31013932082456, 'ign_k': 8.708806168038567, 'ign_c': 20.03995359361212, 'trop_agb_crit': 1.8157022975489, 'trop_k_veg': 6.9782110227926815}.
[I 2026-08-06 08:49:21,284] Trial 265 finished with values: [10.524333838894211, 10.524333838894211] and parameters: {'k1': 0.0002621130418912425, 'D_low': 3.525936800597896, 'k2': 0.0001889739291279833, 'D_high': 25628.666000163565, 'fire_exp': 1.0362310858538248, 'P_half': 4.213183643253957, 'pre_dampen_half': 0.2730203117796979, 'gpp_af': 0.10409127568994281, 'gpp_b': 1.284284091405877e-05, 'gpp_d': 84.31013932082456, 'ign_k': 5.351470428717437, 'ign_c': 3.470490935437501, 'trop_agb_crit': 7.500118950416987, 'trop_k_veg': 2.520089655463604}.
[I 2026-08-06 08:49:23,094] Trial 266 finished with values: [10.76746665185497, 10.76746665185497] and parameters: {'k1': 0.011966626407443505, 'D_low': 355.00125258511594, 'k2': 0.00015319072862693227, 'D_high': 645.2946500764235, 'fire_exp': 3.936207012318799, 'P_half': 140.74279366401683, 'pre_dampen_half': 0.14724438934285344, 'gpp_af': 0.6403036652671171, 'gpp_b': 0.0005739662837359252, 'gpp_d': 9.510288748158525, 'ign_k': 0.21006485619596416, 'ign_c': 5.13055176058983, 'trop_agb_crit': 1.8157022975489, 'trop_k_veg': 0.5618951132741115}.
[I 2026-08-06 08:49:24,871] Trial 267 finished with values: [10.703869324599324, 10.703869324599324] and parameters: {'k1': 0.002367935204022389, 'D_low': 520.4862686958022, 'k2': 1.7926680648388784e-05, 'D_high': 61536.58035691648, 'fire_exp': 1.221575427404682, 'P_half': 140.74279366401683, 'pre_dampen_half': 0.012284844784580964, 'gpp_af': 5.335773317316405, 'gpp_b': 0.0038900687554386305, 'gpp_d': 9.510288748158525, 'ign_k': 0.12329098365270515, 'ign_c': 4.439802552990464, 'trop_agb_crit': 7.599113148200974, 'trop_k_veg': 6.5801322358877785}.
[I 2026-08-06 08:49:26,821] Trial 268 finished with values: [10.767899511565115, 10.767899511565115] and parameters: {'k1': 0.01889771394135163, 'D_low': 355.00125258511594, 'k2': 0.03538758864779238, 'D_high': 8182.111518618414, 'fire_exp': 1.695318866910499, 'P_half': 5.076307782729897, 'pre_dampen_half': 107.40052367919465, 'gpp_af': 0.6403036652671171, 'gpp_b': 8.43984242800236, 'gpp_d': 84.31013932082456, 'ign_k': 8.708806168038567, 'ign_c': 0.24989960578908887, 'trop_agb_crit': 1.0903028125370984, 'trop_k_veg': 1.0345878666211452}.
[I 2026-08-06 08:49:28,684] Trial 269 finished with values: [10.372412649427597, 10.372412649427597] and parameters: {'k1': 0.008912611835817005, 'D_low': 5.59983195169599, 'k2': 0.03538758864779238, 'D_high': 645.2946500764235, 'fire_exp': 1.0629462657398439, 'P_half': 9.324787201197319, 'pre_dampen_half': 63.6685916079943, 'gpp_af': 0.6403036652671171, 'gpp_b': 0.0021331409710300844, 'gpp_d': 2.944272359149677, 'ign_k': 0.0680787482656459, 'ign_c': 5.13055176058983, 'trop_agb_crit': 24.584290528289387, 'trop_k_veg': 0.5349971555643298}.
[I 2026-08-06 08:49:30,416] Trial 270 finished with values: [10.757628453058167, 10.757628453058167] and parameters: {'k1': 0.002367935204022389, 'D_low': 355.00125258511594, 'k2': 6.069662445477729e-05, 'D_high': 18.942844905792818, 'fire_exp': 1.221575427404682, 'P_half': 712.8188058401365, 'pre_dampen_half': 0.1875872314533727, 'gpp_af': 5.335773317316405, 'gpp_b': 0.0038900687554386305, 'gpp_d': 1.3767835510755015, 'ign_k': 0.12329098365270515, 'ign_c': 24.398964530167703, 'trop_agb_crit': 1.8157022975489, 'trop_k_veg': 6.5801322358877785}.
[I 2026-08-06 08:49:32,382] Trial 271 finished with values: [10.040641447706241, 10.040641447706241] and parameters: {'k1': 0.03635503353478365, 'D_low': 5.59983195169599, 'k2': 0.03538758864779238, 'D_high': 2940.51756322311, 'fire_exp': 1.165368636520435, 'P_half': 12.808863354047988, 'pre_dampen_half': 107.40052367919465, 'gpp_af': 0.6403036652671171, 'gpp_b': 0.0005752434266899163, 'gpp_d': 2.944272359149677, 'ign_k': 0.12329098365270515, 'ign_c': 8.40543912931368, 'trop_agb_crit': 3.5747129226002423, 'trop_k_veg': 0.6743482387129308}.
[I 2026-08-06 08:49:34,143] Trial 272 finished with values: [10.041264812325908, 10.041264812325908] and parameters: {'k1': 0.002155595057104387, 'D_low': 34.459310919273356, 'k2': 0.0007047307383115598, 'D_high': 3712.591045287726, 'fire_exp': 1.1430983876313219, 'P_half': 523.1053126909052, 'pre_dampen_half': 552.4163637315892, 'gpp_af': 0.10409127568994281, 'gpp_b': 1.284284091405877e-05, 'gpp_d': 10.369565216756202, 'ign_k': 2.1368329072358767, 'ign_c': 0.70689749506246, 'trop_agb_crit': 10.965064494899984, 'trop_k_veg': 2.4336356947036335}.
