[I 2026-08-14 15:10:53,831] Trial 2313 finished with values: [-0.4126374861463044, 2.4292140521353645e-07] and parameters: {'k1': 4.4202944923364884e-05, 'D_low': 2.607160725470918, 'k2': 0.00010939944910100016, 'D_high': 316055.11434645514, 'fire_exp': 1.2429193829348841, 'P_half': 48.464976792190825, 'pre_dampen_half': 0.10609580257119508, 'gpp_af': 0.0026168069680073095, 'gpp_b': 2.788681037423117, 'gpp_d': 0.01307253094873642, 'ign_k': 0.476373748459372, 'ign_c': 15.221840161091626, 'trop_agb_crit': 3.534001063181976, 'trop_k_veg': 0.9694140152996831, 'fuel_k': 0.09912545669860168, 'fuel_half': 3.7093134348291836}.
[I 2026-08-14 15:10:55,051] Trial 2314 finished with values: [-0.3956695573538537, 2.5796573650538335e-06] and parameters: {'k1': 0.07573282902008706, 'D_low': 1.302488203482717, 'k2': 0.04212821120592908, 'D_high': 625838.668783032, 'fire_exp': 1.2429193829348841, 'P_half': 4.6024884558358705, 'pre_dampen_half': 284.62803524157226, 'gpp_af': 0.016131851240168235, 'gpp_b': 2.788681037423117, 'gpp_d': 0.01307253094873642, 'ign_k': 0.04380580767905655, 'ign_c': 105.24574681335613, 'trop_agb_crit': 16.86264052240002, 'trop_k_veg': 3.4508425771776365, 'fuel_k': 5.486054129200969, 'fuel_half': 3.7093134348291836}.
[I 2026-08-14 15:10:56,279] Trial 2315 finished with values: [-0.3554625854118624, 0.0] and parameters: {'k1': 6.069662445477729e-05, 'D_low': 1.7887890916820506, 'k2': 0.00010939944910100016, 'D_high': 625838.668783032, 'fire_exp': 1.6733848721157607, 'P_half': 351.2704726270846, 'pre_dampen_half': 0.03627422119926134, 'gpp_af': 0.008983355849178878, 'gpp_b': 0.00024732964314480056, 'gpp_d': 0.01307253094873642, 'ign_k': 0.25940144092298384, 'ign_c': 105.24574681335613, 'trop_agb_crit': 14.448413530653728, 'trop_k_veg': 5.407857429077819, 'fuel_k': 5.486054129200969, 'fuel_half': 65.99277195883643}.
[I 2026-08-14 15:10:57,452] Trial 2316 finished with values: [-0.39935418283168067, 1.3795513509329282e-08] and parameters: {'k1': 0.0012329098365270509, 'D_low': 4.043300846639722, 'k2': 0.00010939944910100016, 'D_high': 625838.668783032, 'fire_exp': 1.6733848721157607, 'P_half': 368.9245780146773, 'pre_dampen_half': 0.10609580257119508, 'gpp_af': 0.0023751383317256927, 'gpp_b': 2.788681037423117, 'gpp_d': 0.01307253094873642, 'ign_k': 0.476373748459372, 'ign_c': 15.221840161091626, 'trop_agb_crit': 24.55554375012532, 'trop_k_veg': 2.1816482703680733, 'fuel_k': 5.486054129200969, 'fuel_half': 0.30455368715396786}.
[I 2026-08-14 15:10:58,659] Trial 2317 finished with values: [-0.4087714502013277, 4.2086842055866214e-07] and parameters: {'k1': 0.00026126745140812597, 'D_low': 102.62384545413329, 'k2': 1.263794633808287e-05, 'D_high': 625838.668783032, 'fire_exp': 1.2429193829348841, 'P_half': 48.464976792190825, 'pre_dampen_half': 0.011501973785501987, 'gpp_af': 0.008983355849178878, 'gpp_b': 2.788681037423117, 'gpp_d': 8.144272585223819, 'ign_k': 0.28298168613109503, 'ign_c': 15.221840161091626, 'trop_agb_crit': 2.1775224101934065, 'trop_k_veg': 2.8224577471047865, 'fuel_k': 0.05422498380030069, 'fuel_half': 15.581254655530845}.
[I 2026-08-14 15:10:59,844] Trial 2318 finished with values: [-0.46071576962829053, 0.0009549860196110815] and parameters: {'k1': 0.0012329098365270509, 'D_low': 2.607160725470918, 'k2': 0.00011861374667636013, 'D_high': 625838.668783032, 'fire_exp': 2.5368205507948964, 'P_half': 220.3445560633069, 'pre_dampen_half': 0.03363004298409879, 'gpp_af': 0.0025511964576171086, 'gpp_b': 0.00024732964314480056, 'gpp_d': 0.01307253094873642, 'ign_k': 0.28298168613109503, 'ign_c': 15.221840161091626, 'trop_agb_crit': 16.86264052240002, 'trop_k_veg': 2.1816482703680733, 'fuel_k': 5.486054129200969, 'fuel_half': 0.30455368715396786}.
[I 2026-08-14 15:11:01,099] Trial 2319 finished with values: [-0.4253802954850757, 6.973748079186493e-05] and parameters: {'k1': 6.069662445477729e-05, 'D_low': 9.222492453004657, 'k2': 0.0027681334289927652, 'D_high': 4532584.554926518, 'fire_exp': 1.075051292556307, 'P_half': 1535.1441568398143, 'pre_dampen_half': 0.03627422119926134, 'gpp_af': 0.008983355849178878, 'gpp_b': 0.00021585784076924276, 'gpp_d': 0.01307253094873642, 'ign_k': 0.04380580767905655, 'ign_c': 105.24574681335613, 'trop_agb_crit': 14.448413530653728, 'trop_k_veg': 7.063879971757455, 'fuel_k': 5.486054129200969, 'fuel_half': 65.99277195883643}.
[I 2026-08-14 15:11:02,284] Trial 2320 finished with values: [-0.40134683127983417, 2.998893766648081e-08] and parameters: {'k1': 0.0004688858519834985, 'D_low': 4.31951340806418, 'k2': 1.263794633808287e-05, 'D_high': 13042.096962534804, 'fire_exp': 1.2429193829348841, 'P_half': 1535.1441568398143, 'pre_dampen_half': 0.10609580257119508, 'gpp_af': 0.0023751383317256927, 'gpp_b': 2.788681037423117, 'gpp_d': 8.144272585223819, 'ign_k': 0.28298168613109503, 'ign_c': 15.221840161091626, 'trop_agb_crit': 13.98132484257899, 'trop_k_veg': 3.4508425771776365, 'fuel_k': 0.021123235354472927, 'fuel_half': 65.99277195883643}.
[I 2026-08-14 15:11:03,500] Trial 2321 finished with values: [-0.49074319283781487, 0.0018815317117319985] and parameters: {'k1': 0.0026978061004103923, 'D_low': 5500.925318788574, 'k2': 0.0005708731724249573, 'D_high': 316055.11434645514, 'fire_exp': 1.6733848721157607, 'P_half': 406.34698167377394, 'pre_dampen_half': 0.03411860497758073, 'gpp_af': 0.0025511964576171086, 'gpp_b': 0.00024732964314480056, 'gpp_d': 1.2092668832190316, 'ign_k': 0.567034633562729, 'ign_c': 15.221840161091626, 'trop_agb_crit': 2.1775224101934065, 'trop_k_veg': 1.128469461526162, 'fuel_k': 5.486054129200969, 'fuel_half': 0.30455368715396786}.
[I 2026-08-14 15:11:04,691] Trial 2322 finished with values: [-0.39903692032466537, 1.0364193059331228e-08] and parameters: {'k1': 6.069662445477729e-05, 'D_low': 9.222492453004657, 'k2': 1.263794633808287e-05, 'D_high': 160625.60954780428, 'fire_exp': 1.075051292556307, 'P_half': 48.464976792190825, 'pre_dampen_half': 0.10609580257119508, 'gpp_af': 0.0023751383317256927, 'gpp_b': 2.788681037423117, 'gpp_d': 0.01307253094873642, 'ign_k': 0.04380580767905655, 'ign_c': 105.24574681335613, 'trop_agb_crit': 2.1775224101934065, 'trop_k_veg': 0.9871965492521201, 'fuel_k': 0.06382243375381637, 'fuel_half': 57.882001937752435}.
[I 2026-08-14 15:11:05,914] Trial 2323 finished with values: [-0.4169622330872749, 7.27097557656764e-05] and parameters: {'k1': 0.00016312233285809254, 'D_low': 367.4904945305323, 'k2': 0.0015336323622246685, 'D_high': 625838.668783032, 'fire_exp': 1.3224672913793163, 'P_half': 1535.1441568398143, 'pre_dampen_half': 0.10609580257119508, 'gpp_af': 0.0025511964576171086, 'gpp_b': 0.03103333227753725, 'gpp_d': 0.47648833312290256, 'ign_k': 0.28298168613109503, 'ign_c': 15.221840161091626, 'trop_agb_crit': 13.365572767895445, 'trop_k_veg': 1.128469461526162, 'fuel_k': 1.6460650207153917, 'fuel_half': 0.30455368715396786}.
[I 2026-08-14 15:11:08,036] Trial 2324 finished with values: [-0.3728951555950384, 3.009925642061262e-11] and parameters: {'k1': 0.0004688858519834985, 'D_low': 102.62384545413329, 'k2': 1.263794633808287e-05, 'D_high': 44.39648242927527, 'fire_exp': 1.2429193829348841, 'P_half': 48.464976792190825, 'pre_dampen_half': 0.10609580257119508, 'gpp_af': 0.0023751383317256927, 'gpp_b': 2.788681037423117, 'gpp_d': 597.9617889501159, 'ign_k': 0.04380580767905655, 'ign_c': 105.24574681335613, 'trop_agb_crit': 5.881906289439389, 'trop_k_veg': 0.5867950625280031, 'fuel_k': 0.06382243375381637, 'fuel_half': 3.7093134348291836}.
[I 2026-08-14 15:11:09,232] Trial 2325 finished with values: [-0.39422989862755864, 1.0414358597721218e-08] and parameters: {'k1': 0.0004688858519834985, 'D_low': 4.043300846639722, 'k2': 0.00036654852523237155, 'D_high': 625838.668783032, 'fire_exp': 1.2429193829348841, 'P_half': 7683.876502998063, 'pre_dampen_half': 0.011501973785501987, 'gpp_af': 0.008983355849178878, 'gpp_b': 2.788681037423117, 'gpp_d': 0.012472726063715429, 'ign_k': 0.28298168613109503, 'ign_c': 15.221840161091626, 'trop_agb_crit': 2.1775224101934065, 'trop_k_veg': 3.4508425771776365, 'fuel_k': 0.05422498380030069, 'fuel_half': 15.581254655530845}.
[I 2026-08-14 15:11:10,445] Trial 2326 finished with values: [-0.3621556304621724, 0.0] and parameters: {'k1': 0.0004688858519834985, 'D_low': 367.4904945305323, 'k2': 8.645965210729975e-05, 'D_high': 44.39648242927527, 'fire_exp': 1.2429193829348841, 'P_half': 48.464976792190825, 'pre_dampen_half': 0.011501973785501987, 'gpp_af': 0.0023751383317256927, 'gpp_b': 2.788681037423117, 'gpp_d': 8.144272585223819, 'ign_k': 0.04380580767905655, 'ign_c': 105.24574681335613, 'trop_agb_crit': 1.0110060758310602, 'trop_k_veg': 0.9190502776017285, 'fuel_k': 0.06382243375381637, 'fuel_half': 3.7093134348291836}.
[I 2026-08-14 15:11:11,684] Trial 2327 finished with values: [-0.4619085919724485, 0.001940802165737887] and parameters: {'k1': 0.0012329098365270509, 'D_low': 3507.515213502105, 'k2': 0.00010939944910100016, 'D_high': 316055.11434645514, 'fire_exp': 1.2070502372556005, 'P_half': 351.2704726270846, 'pre_dampen_half': 0.03627422119926134, 'gpp_af': 0.0023751383317256927, 'gpp_b': 0.00012906175696809457, 'gpp_d': 0.012284844784580964, 'ign_k': 0.25940144092298384, 'ign_c': 25.36860972218539, 'trop_agb_crit': 13.98132484257899, 'trop_k_veg': 1.128469461526162, 'fuel_k': 5.486054129200969, 'fuel_half': 0.30455368715396786}.
[I 2026-08-14 15:11:12,880] Trial 2328 finished with values: [-0.4210036778943905, 3.330207590912515e-05] and parameters: {'k1': 0.0010204225357677778, 'D_low': 2.607160725470918, 'k2': 0.00010939944910100016, 'D_high': 625838.668783032, 'fire_exp': 1.2429193829348841, 'P_half': 1535.1441568398143, 'pre_dampen_half': 0.10609580257119508, 'gpp_af': 0.0023751383317256927, 'gpp_b': 0.00024732964314480056, 'gpp_d': 0.01307253094873642, 'ign_k': 0.04380580767905655, 'ign_c': 105.24574681335613, 'trop_agb_crit': 26.171809320307133, 'trop_k_veg': 3.4508425771776365, 'fuel_k': 0.5154374450249121, 'fuel_half': 15.581254655530845}.
[I 2026-08-14 15:11:14,090] Trial 2329 finished with values: [-0.5231547109063859, 0.0030654813192610986] and parameters: {'k1': 0.0010204225357677778, 'D_low': 5500.925318788574, 'k2': 0.0005708731724249573, 'D_high': 625838.668783032, 'fire_exp': 1.6733848721157607, 'P_half': 220.3445560633069, 'pre_dampen_half': 0.03411860497758073, 'gpp_af': 0.0025511964576171086, 'gpp_b': 0.00024732964314480056, 'gpp_d': 6.08684462393746, 'ign_k': 0.567034633562729, 'ign_c': 15.221840161091626, 'trop_agb_crit': 16.86264052240002, 'trop_k_veg': 1.128469461526162, 'fuel_k': 5.486054129200969, 'fuel_half': 0.30455368715396786}.
[I 2026-08-14 15:11:15,321] Trial 2330 finished with values: [-0.3554625854118624, 0.0] and parameters: {'k1': 0.0012329098365270509, 'D_low': 5500.925318788574, 'k2': 0.0005708731724249573, 'D_high': 1826.6972566585878, 'fire_exp': 1.6214575867079866, 'P_half': 48.464976792190825, 'pre_dampen_half': 0.10609580257119508, 'gpp_af': 0.0025511964576171086, 'gpp_b': 2.788681037423117, 'gpp_d': 1.2092668832190316, 'ign_k': 0.04380580767905655, 'ign_c': 105.24574681335613, 'trop_agb_crit': 2.1775224101934065, 'trop_k_veg': 1.128469461526162, 'fuel_k': 0.05422498380030069, 'fuel_half': 0.30455368715396786}.
[I 2026-08-14 15:11:16,649] Trial 2331 finished with values: [-0.3554625854118624, 0.0] and parameters: {'k1': 0.0004603630027250109, 'D_low': 5500.925318788574, 'k2': 0.0005708731724249573, 'D_high': 1826.6972566585878, 'fire_exp': 2.6850002682843805, 'P_half': 48.464976792190825, 'pre_dampen_half': 0.03411860497758073, 'gpp_af': 0.0025511964576171086, 'gpp_b': 2.788681037423117, 'gpp_d': 1.2092668832190316, 'ign_k': 0.14575384333580466, 'ign_c': 105.24574681335613, 'trop_agb_crit': 2.1775224101934065, 'trop_k_veg': 3.4479030969027815, 'fuel_k': 0.06382243375381637, 'fuel_half': 3.7093134348291836}.
[I 2026-08-14 15:11:17,873] Trial 2332 finished with values: [-0.48399430865370735, 0.0018479308739582923] and parameters: {'k1': 0.0010204225357677778, 'D_low': 2.607160725470918, 'k2': 0.0005708731724249573, 'D_high': 625838.668783032, 'fire_exp': 2.5368205507948964, 'P_half': 220.3445560633069, 'pre_dampen_half': 0.10609580257119508, 'gpp_af': 0.0025511964576171086, 'gpp_b': 0.00024732964314480056, 'gpp_d': 0.01307253094873642, 'ign_k': 0.28298168613109503, 'ign_c': 15.221840161091626, 'trop_agb_crit': 16.86264052240002, 'trop_k_veg': 3.5029839663262528, 'fuel_k': 5.486054129200969, 'fuel_half': 0.30455368715396786}.
[I 2026-08-14 15:11:19,082] Trial 2333 finished with values: [-0.43449492242854104, 0.005911972325320036] and parameters: {'k1': 6.069662445477729e-05, 'D_low': 5500.925318788574, 'k2': 1.854837679096716e-05, 'D_high': 625838.668783032, 'fire_exp': 1.075051292556307, 'P_half': 4.861559784636043, 'pre_dampen_half': 3.1663852980750655, 'gpp_af': 0.0025511964576171086, 'gpp_b': 0.0029631154312555878, 'gpp_d': 1.2092668832190316, 'ign_k': 0.567034633562729, 'ign_c': 25.36860972218539, 'trop_agb_crit': 2.1775224101934065, 'trop_k_veg': 1.128469461526162, 'fuel_k': 5.486054129200969, 'fuel_half': 15.581254655530845}.
[I 2026-08-14 15:11:20,265] Trial 2334 finished with values: [-0.42299957643809905, 0.0011737070284252304] and parameters: {'k1': 0.0012329098365270509, 'D_low': 9432.006040193699, 'k2': 1.854837679096716e-05, 'D_high': 316055.11434645514, 'fire_exp': 1.075051292556307, 'P_half': 269.74113434525447, 'pre_dampen_half': 0.03627422119926134, 'gpp_af': 0.0022992297821705253, 'gpp_b': 0.00012906175696809457, 'gpp_d': 0.01307253094873642, 'ign_k': 0.567034633562729, 'ign_c': 25.36860972218539, 'trop_agb_crit': 19.314073717758, 'trop_k_veg': 1.128469461526162, 'fuel_k': 0.6587469603756998, 'fuel_half': 15.581254655530845}.
[I 2026-08-14 15:11:21,503] Trial 2335 finished with values: [-0.3554625854118624, 0.0] and parameters: {'k1': 6.069662445477729e-05, 'D_low': 9.222492453004657, 'k2': 0.00011861374667636013, 'D_high': 316055.11434645514, 'fire_exp': 1.6214575867079866, 'P_half': 406.34698167377394, 'pre_dampen_half': 0.03627422119926134, 'gpp_af': 0.0022992297821705253, 'gpp_b': 2.788681037423117, 'gpp_d': 0.47648833312290256, 'ign_k': 0.18945647155616227, 'ign_c': 105.24574681335613, 'trop_agb_crit': 6.247810889373202, 'trop_k_veg': 1.128469461526162, 'fuel_k': 5.486054129200969, 'fuel_half': 0.30455368715396786}.
[I 2026-08-14 15:11:22,771] Trial 2336 finished with values: [-0.3656019629809569, 1.8022843911724706e-06] and parameters: {'k1': 0.0010204225357677778, 'D_low': 4.043300846639722, 'k2': 0.00448940480666442, 'D_high': 316055.11434645514, 'fire_exp': 1.6733848721157607, 'P_half': 351.2704726270846, 'pre_dampen_half': 0.03627422119926134, 'gpp_af': 1.4358021723910117, 'gpp_b': 0.32036037265591544, 'gpp_d': 0.01307253094873642, 'ign_k': 0.04380580767905655, 'ign_c': 15.221840161091626, 'trop_agb_crit': 16.86264052240002, 'trop_k_veg': 1.128469461526162, 'fuel_k': 5.486054129200969, 'fuel_half': 0.30455368715396786}.
[I 2026-08-14 15:11:23,998] Trial 2337 finished with values: [-0.5116405920999113, 0.0026784783511167864] and parameters: {'k1': 0.0010204225357677778, 'D_low': 3507.515213502105, 'k2': 1.854837679096716e-05, 'D_high': 625838.668783032, 'fire_exp': 1.6733848721157607, 'P_half': 220.3445560633069, 'pre_dampen_half': 0.03627422119926134, 'gpp_af': 0.0023751383317256927, 'gpp_b': 0.00024732964314480056, 'gpp_d': 597.9617889501159, 'ign_k': 0.28298168613109503, 'ign_c': 15.221840161091626, 'trop_agb_crit': 16.86264052240002, 'trop_k_veg': 0.6004181011818444, 'fuel_k': 5.486054129200969, 'fuel_half': 0.30455368715396786}.
[I 2026-08-14 15:11:25,223] Trial 2338 finished with values: [-0.403546725081471, 9.55151191472936e-09] and parameters: {'k1': 6.069662445477729e-05, 'D_low': 4.043300846639722, 'k2': 0.00019472216066157317, 'D_high': 625838.668783032, 'fire_exp': 1.2429193829348841, 'P_half': 1535.1441568398143, 'pre_dampen_half': 0.03627422119926134, 'gpp_af': 0.008983355849178878, 'gpp_b': 0.44882485827297763, 'gpp_d': 0.01307253094873642, 'ign_k': 0.04380580767905655, 'ign_c': 105.24574681335613, 'trop_agb_crit': 16.86264052240002, 'trop_k_veg': 3.4508425771776365, 'fuel_k': 5.486054129200969, 'fuel_half': 15.581254655530845}.
[I 2026-08-14 15:11:26,466] Trial 2339 finished with values: [-0.39915166335561625, 9.120088573233431e-09] and parameters: {'k1': 0.0013490134063461829, 'D_low': 367.4904945305323, 'k2': 1.263794633808287e-05, 'D_high': 44.39648242927527, 'fire_exp': 1.2429193829348841, 'P_half': 1535.1441568398143, 'pre_dampen_half': 0.03775489014071529, 'gpp_af': 0.0023751383317256927, 'gpp_b': 2.788681037423117, 'gpp_d': 0.01307253094873642, 'ign_k': 0.04380580767905655, 'ign_c': 26.457667684305456, 'trop_agb_crit': 6.247810889373202, 'trop_k_veg': 0.6921865222804094, 'fuel_k': 5.486054129200969, 'fuel_half': 3.7093134348291836}.
[I 2026-08-14 15:11:27,718] Trial 2340 finished with values: [-0.379078370092374, 2.1069512801119572e-10] and parameters: {'k1': 0.0010204225357677778, 'D_low': 102.62384545413329, 'k2': 0.00010939944910100016, 'D_high': 490843.6535388939, 'fire_exp': 1.2429193829348841, 'P_half': 1535.1441568398143, 'pre_dampen_half': 0.011501973785501987, 'gpp_af': 0.0023751383317256927, 'gpp_b': 2.788681037423117, 'gpp_d': 8.144272585223819, 'ign_k': 0.04380580767905655, 'ign_c': 105.24574681335613, 'trop_agb_crit': 16.86264052240002, 'trop_k_veg': 2.8224577471047865, 'fuel_k': 5.486054129200969, 'fuel_half': 3.7093134348291836}.
[I 2026-08-14 15:11:29,811] Trial 2341 finished with values: [-0.3554625854118624, 0.0] and parameters: {'k1': 0.0012329098365270509, 'D_low': 4.043300846639722, 'k2': 1.854837679096716e-05, 'D_high': 316055.11434645514, 'fire_exp': 1.2070502372556005, 'P_half': 351.2704726270846, 'pre_dampen_half': 0.10609580257119508, 'gpp_af': 0.008983355849178878, 'gpp_b': 0.00012906175696809457, 'gpp_d': 597.9617889501159, 'ign_k': 0.25940144092298384, 'ign_c': 105.24574681335613, 'trop_agb_crit': 16.86264052240002, 'trop_k_veg': 2.73808406209592, 'fuel_k': 5.486054129200969, 'fuel_half': 15.581254655530845}.
[I 2026-08-14 15:11:31,014] Trial 2342 finished with values: [-0.37057987242290724, 1.003308547353754e-11] and parameters: {'k1': 0.0004688858519834985, 'D_low': 367.4904945305323, 'k2': 1.263794633808287e-05, 'D_high': 1826.6972566585878, 'fire_exp': 1.2429193829348841, 'P_half': 48.464976792190825, 'pre_dampen_half': 0.011501973785501987, 'gpp_af': 0.0023751383317256927, 'gpp_b': 2.788681037423117, 'gpp_d': 8.144272585223819, 'ign_k': 0.04380580767905655, 'ign_c': 105.24574681335613, 'trop_agb_crit': 2.1775224101934065, 'trop_k_veg': 2.8224577471047865, 'fuel_k': 0.06382243375381637, 'fuel_half': 3.7093134348291836}.
[I 2026-08-14 15:11:32,288] Trial 2343 finished with values: [-0.37966600940948336, 2.708937518747234e-10] and parameters: {'k1': 0.0012329098365270509, 'D_low': 4.043300846639722, 'k2': 0.00011861374667636013, 'D_high': 625838.668783032, 'fire_exp': 1.6214575867079866, 'P_half': 1535.1441568398143, 'pre_dampen_half': 0.03411860497758073, 'gpp_af': 0.0038549569140030504, 'gpp_b': 0.44882485827297763, 'gpp_d': 0.01307253094873642, 'ign_k': 0.04380580767905655, 'ign_c': 105.24574681335613, 'trop_agb_crit': 16.86264052240002, 'trop_k_veg': 2.1816482703680733, 'fuel_k': 5.486054129200969, 'fuel_half': 0.17516508154827565}.
[I 2026-08-14 15:11:33,509] Trial 2344 finished with values: [-0.40902077876564596, 4.844280848681493e-07] and parameters: {'k1': 0.0012329098365270509, 'D_low': 2.607160725470918, 'k2': 0.00010939944910100016, 'D_high': 316055.11434645514, 'fire_exp': 1.6214575867079866, 'P_half': 269.74113434525447, 'pre_dampen_half': 0.10609580257119508, 'gpp_af': 0.030592049838223532, 'gpp_b': 2.788681037423117, 'gpp_d': 0.47648833312290256, 'ign_k': 0.476373748459372, 'ign_c': 15.221840161091626, 'trop_agb_crit': 3.534001063181976, 'trop_k_veg': 1.128469461526162, 'fuel_k': 0.09912545669860168, 'fuel_half': 0.30455368715396786}.
[I 2026-08-14 15:11:34,751] Trial 2345 finished with values: [-0.38264394592585316, 3.110260937688736e-10] and parameters: {'k1': 6.069662445477729e-05, 'D_low': 4.043300846639722, 'k2': 0.00019472216066157317, 'D_high': 316055.11434645514, 'fire_exp': 1.2429193829348841, 'P_half': 97.00222393018929, 'pre_dampen_half': 0.10609580257119508, 'gpp_af': 0.0023751383317256927, 'gpp_b': 2.788681037423117, 'gpp_d': 0.01307253094873642, 'ign_k': 0.04380580767905655, 'ign_c': 105.24574681335613, 'trop_agb_crit': 16.86264052240002, 'trop_k_veg': 0.9694140152996831, 'fuel_k': 0.08645913168009618, 'fuel_half': 65.99277195883643}.
[I 2026-08-14 15:11:35,977] Trial 2346 finished with values: [-0.3562571559968054, 0.0] and parameters: {'k1': 0.0004688858519834985, 'D_low': 367.4904945305323, 'k2': 0.00010939944910100016, 'D_high': 71.95347761989409, 'fire_exp': 1.2429193829348841, 'P_half': 351.2704726270846, 'pre_dampen_half': 0.011501973785501987, 'gpp_af': 0.0023751383317256927, 'gpp_b': 2.788681037423117, 'gpp_d': 0.01307253094873642, 'ign_k': 0.04380580767905655, 'ign_c': 105.24574681335613, 'trop_agb_crit': 1.0110060758310602, 'trop_k_veg': 2.8224577471047865, 'fuel_k': 0.06382243375381637, 'fuel_half': 3.7093134348291836}.
[I 2026-08-14 15:11:37,383] Trial 2347 finished with values: [-0.3554625854118624, 0.0] and parameters: {'k1': 0.0010204225357677778, 'D_low': 1.7887890916820506, 'k2': 0.00010939944910100016, 'D_high': 316055.11434645514, 'fire_exp': 1.6214575867079866, 'P_half': 351.2704726270846, 'pre_dampen_half': 0.10609580257119508, 'gpp_af': 0.0025511964576171086, 'gpp_b': 2.788681037423117, 'gpp_d': 28.864778893812016, 'ign_k': 8.017801372168808, 'ign_c': 105.24574681335613, 'trop_agb_crit': 16.86264052240002, 'trop_k_veg': 0.8857727104223233, 'fuel_k': 5.486054129200969, 'fuel_half': 0.30455368715396786}.
