[I 2026-08-05 23:38:04,220] Trial 1485 finished with values: [10.038014479861664, 10.038014479861664] and parameters: {'k1': 0.025383218374507292, 'D_low': 18.89739291279832, 'k2': 0.00375241428659295, 'D_high': 633.1166646948959, 'fire_exp': 1.1044852285094786, 'P_half': 12.808863354047988, 'pre_dampen_half': 247.25776073156666, 'gpp_af': 0.0021836613912815635, 'gpp_b': 7.402343469704428e-05, 'gpp_d': 891.8036602897795, 'ign_k': 0.4702627143647234, 'ign_c': 0.9294394155644988}.
[I 2026-08-05 23:38:05,125] Trial 1486 finished with values: [10.31892364888985, 10.31892364888985] and parameters: {'k1': 0.02641449645424223, 'D_low': 2.1234210963705626, 'k2': 0.0027431991397796683, 'D_high': 633.1166646948959, 'fire_exp': 1.010722707674549, 'P_half': 271.7121699145744, 'pre_dampen_half': 304.7488318185732, 'gpp_af': 0.0021836613912815635, 'gpp_b': 7.402343469704428e-05, 'gpp_d': 15.186467669014625, 'ign_k': 0.016435601583749338, 'ign_c': 0.9294394155644988}.
[I 2026-08-05 23:38:06,020] Trial 1487 finished with values: [10.513008983955771, 10.513008983955771] and parameters: {'k1': 0.008956420301712053, 'D_low': 9.882278532808778, 'k2': 0.08894151386481904, 'D_high': 633.1166646948959, 'fire_exp': 4.4994848154903435, 'P_half': 24.136213194527585, 'pre_dampen_half': 304.7488318185732, 'gpp_af': 0.001339466259146302, 'gpp_b': 7.402343469704428e-05, 'gpp_d': 1.4794382088887477, 'ign_k': 0.34703605955441524, 'ign_c': 8.671454322584175}.
[I 2026-08-05 23:38:07,032] Trial 1488 finished with values: [-0.6270659698913388, 0.37290370932034156] and parameters: {'k1': 0.02641449645424223, 'D_low': 4.051452710153359, 'k2': 0.0027431991397796683, 'D_high': 2941.5751391396584, 'fire_exp': 1.144329066180296, 'P_half': 12.808863354047988, 'pre_dampen_half': 703.6426675556048, 'gpp_af': 0.0021836613912815635, 'gpp_b': 7.402343469704428e-05, 'gpp_d': 0.4690202496211708, 'ign_k': 0.34703605955441524, 'ign_c': 8.671454322584175}.
[I 2026-08-05 23:38:08,034] Trial 1489 finished with values: [-0.6230049671570554, 0.6849676596261803] and parameters: {'k1': 0.025383218374507292, 'D_low': 18.89739291279832, 'k2': 0.05665252534977915, 'D_high': 30536.40655299408, 'fire_exp': 1.1044852285094786, 'P_half': 13.019246714361572, 'pre_dampen_half': 304.7488318185732, 'gpp_af': 0.0021836613912815635, 'gpp_b': 7.402343469704428e-05, 'gpp_d': 67.65873641051081, 'ign_k': 0.4702627143647234, 'ign_c': 8.671454322584175}.
[I 2026-08-05 23:38:09,049] Trial 1490 finished with values: [10.762962066895728, 10.762962066895728] and parameters: {'k1': 0.014249163607123368, 'D_low': 2.1234210963705626, 'k2': 0.0027431991397796683, 'D_high': 633.1166646948959, 'fire_exp': 4.623649488375329, 'P_half': 13.019246714361572, 'pre_dampen_half': 304.7488318185732, 'gpp_af': 0.0021836613912815635, 'gpp_b': 7.402343469704428e-05, 'gpp_d': 15.186467669014625, 'ign_k': 0.010993789830771867, 'ign_c': 8.671454322584175}.
[I 2026-08-05 23:38:10,043] Trial 1491 finished with values: [10.76872740787626, 10.76872740787626] and parameters: {'k1': 0.025383218374507292, 'D_low': 2.1234210963705626, 'k2': 0.03071666851587867, 'D_high': 633.1166646948959, 'fire_exp': 1.1258453832483524, 'P_half': 25.49709775062068, 'pre_dampen_half': 304.7488318185732, 'gpp_af': 0.0021836613912815635, 'gpp_b': 2.7744070810402452, 'gpp_d': 891.8036602897795, 'ign_k': 0.4702627143647234, 'ign_c': 0.9294394155644988}.
[I 2026-08-05 23:38:11,088] Trial 1492 finished with values: [-0.6236198317888727, 0.3397883097218677] and parameters: {'k1': 0.06415745702132086, 'D_low': 2.1234210963705626, 'k2': 0.03071666851587867, 'D_high': 1665.1532285161688, 'fire_exp': 1.1258453832483524, 'P_half': 25.49709775062068, 'pre_dampen_half': 703.6426675556048, 'gpp_af': 0.001339466259146302, 'gpp_b': 3.228689523591491e-05, 'gpp_d': 891.8036602897795, 'ign_k': 0.4702627143647234, 'ign_c': 0.9294394155644988}.
[I 2026-08-05 23:38:12,127] Trial 1493 finished with values: [10.326553393171357, 10.326553393171357] and parameters: {'k1': 0.004818692882815972, 'D_low': 2.8778985970624857, 'k2': 0.03071666851587867, 'D_high': 1665.1532285161688, 'fire_exp': 3.634466171907605, 'P_half': 13.019246714361572, 'pre_dampen_half': 304.7488318185732, 'gpp_af': 0.0021836613912815635, 'gpp_b': 1.0749238062021576e-05, 'gpp_d': 5.878566318396007, 'ign_k': 8.761971101023693, 'ign_c': 8.671454322584175}.
[I 2026-08-05 23:38:13,187] Trial 1494 finished with values: [10.065289666225805, 10.065289666225805] and parameters: {'k1': 0.00012812030076593395, 'D_low': 6.1642743507854245, 'k2': 0.08894151386481904, 'D_high': 1665.1532285161688, 'fire_exp': 1.010722707674549, 'P_half': 10.226988730324324, 'pre_dampen_half': 304.7488318185732, 'gpp_af': 0.0055518823149351484, 'gpp_b': 7.402343469704428e-05, 'gpp_d': 0.03588784215299428, 'ign_k': 0.34703605955441524, 'ign_c': 8.671454322584175}.
[I 2026-08-05 23:38:14,176] Trial 1495 finished with values: [10.137353640943703, 10.137353640943703] and parameters: {'k1': 0.025383218374507292, 'D_low': 9.882278532808778, 'k2': 0.03071666851587867, 'D_high': 2941.5751391396584, 'fire_exp': 1.1258453832483524, 'P_half': 13.019246714361572, 'pre_dampen_half': 304.7488318185732, 'gpp_af': 0.0055518823149351484, 'gpp_b': 0.004812084698458953, 'gpp_d': 2.0035092691103578, 'ign_k': 0.4902396944106615, 'ign_c': 8.671454322584175}.
[I 2026-08-05 23:38:15,137] Trial 1496 finished with values: [10.757592104337672, 10.757592104337672] and parameters: {'k1': 0.025383218374507292, 'D_low': 9.882278532808778, 'k2': 0.03071666851587867, 'D_high': 28724.62965685646, 'fire_exp': 1.1258453832483524, 'P_half': 13.019246714361572, 'pre_dampen_half': 703.6426675556048, 'gpp_af': 0.5410546089881338, 'gpp_b': 1.0749238062021576e-05, 'gpp_d': 368.30088529547436, 'ign_k': 0.4902396944106615, 'ign_c': 3.3235498402793757}.
[I 2026-08-05 23:38:16,569] Trial 1497 finished with values: [-0.6192669946924028, 0.7593322003865668] and parameters: {'k1': 0.06415745702132086, 'D_low': 2.1234210963705626, 'k2': 0.03071666851587867, 'D_high': 80760.9304904705, 'fire_exp': 1.1258453832483524, 'P_half': 24.136213194527585, 'pre_dampen_half': 159.77732284872855, 'gpp_af': 0.0055518823149351484, 'gpp_b': 7.402343469704428e-05, 'gpp_d': 368.30088529547436, 'ign_k': 0.4702627143647234, 'ign_c': 8.671454322584175}.
[I 2026-08-05 23:38:17,564] Trial 1498 finished with values: [10.575646698929347, 10.575646698929347] and parameters: {'k1': 0.00012812030076593395, 'D_low': 2.1234210963705626, 'k2': 0.03071666851587867, 'D_high': 27.725690651664003, 'fire_exp': 1.1258453832483524, 'P_half': 24.136213194527585, 'pre_dampen_half': 827.1939770346661, 'gpp_af': 0.0021836613912815635, 'gpp_b': 0.00012797528816608022, 'gpp_d': 1.2964093110665396, 'ign_k': 0.34703605955441524, 'ign_c': 8.671454322584175}.
[I 2026-08-05 23:38:18,542] Trial 1499 finished with values: [-0.625436467594813, 0.3861552562234919] and parameters: {'k1': 0.06415745702132086, 'D_low': 6.1642743507854245, 'k2': 0.03071666851587867, 'D_high': 2941.5751391396584, 'fire_exp': 1.1044852285094786, 'P_half': 13.019246714361572, 'pre_dampen_half': 304.7488318185732, 'gpp_af': 0.001339466259146302, 'gpp_b': 3.481277316673104e-05, 'gpp_d': 891.8036602897795, 'ign_k': 0.4902396944106615, 'ign_c': 0.9294394155644988}.
[setup] CRUJRA climate from data/crujra/, GPP from global_baseline_modelC_inputs_1997-2016.nc ...
[setup] loading GFED5 reference from burntArea.nc ...
[setup] land cells (GFED5 burnable): 13916 / 64800 (21.5%)
[setup] GFED5 land-mean monthly frac: 0.005068
[opt] REGION=Africa: fitting 1816 land cells only
[opt] warm-start from params.nsga2.json
[warm] Overall=0.6048  bias=0.7205 rmse=0.4057 seas=0.9114 spatial=0.5808
[opt] sampler=NSGAIISampler seed=42
[opt] running 1500 trials against GFED5 ...
  trial   14/1500  pareto_size=1  best_ilamb=0.6048  (0.3 min)
  trial   29/1500  pareto_size=1  best_ilamb=0.6048  (0.7 min)
  trial   45/1500  pareto_size=1  best_ilamb=0.6048  (1.0 min)
  trial   61/1500  pareto_size=1  best_ilamb=0.6048  (1.4 min)
  trial   77/1500  pareto_size=1  best_ilamb=0.6048  (1.7 min)
  trial   95/1500  pareto_size=1  best_ilamb=0.6048  (2.1 min)
  trial  113/1500  pareto_size=1  best_ilamb=0.6048  (2.4 min)
  trial  131/1500  pareto_size=1  best_ilamb=0.6048  (2.8 min)
  trial  149/1500  pareto_size=1  best_ilamb=0.6048  (3.1 min)
  trial  167/1500  pareto_size=1  best_ilamb=0.6048  (3.5 min)
  trial  185/1500  pareto_size=1  best_ilamb=0.6048  (3.8 min)
  trial  202/1500  pareto_size=1  best_ilamb=0.6048  (4.1 min)
  trial  217/1500  pareto_size=1  best_ilamb=0.6048  (4.5 min)
  trial  233/1500  pareto_size=1  best_ilamb=0.6048  (4.8 min)
  trial  250/1500  pareto_size=1  best_ilamb=0.6048  (5.2 min)
  trial  267/1500  pareto_size=1  best_ilamb=0.6048  (5.5 min)
  trial  284/1500  pareto_size=1  best_ilamb=0.6048  (5.9 min)
  trial  299/1500  pareto_size=1  best_ilamb=0.6048  (6.2 min)
  trial  316/1500  pareto_size=1  best_ilamb=0.6048  (6.5 min)
  trial  334/1500  pareto_size=1  best_ilamb=0.6048  (6.9 min)
  trial  352/1500  pareto_size=1  best_ilamb=0.6048  (7.2 min)
  trial  369/1500  pareto_size=1  best_ilamb=0.6048  (7.6 min)
  trial  386/1500  pareto_size=1  best_ilamb=0.6048  (7.9 min)
  trial  404/1500  pareto_size=1  best_ilamb=0.6048  (8.3 min)
  trial  422/1500  pareto_size=1  best_ilamb=0.6048  (8.6 min)
  trial  439/1500  pareto_size=2  best_ilamb=0.6048  (9.0 min)
  trial  456/1500  pareto_size=2  best_ilamb=0.6048  (9.3 min)
  trial  473/1500  pareto_size=2  best_ilamb=0.6048  (9.6 min)
  trial  490/1500  pareto_size=2  best_ilamb=0.6048  (10.0 min)
  trial  508/1500  pareto_size=2  best_ilamb=0.6048  (10.3 min)
  trial  526/1500  pareto_size=2  best_ilamb=0.6048  (10.7 min)
  trial  543/1500  pareto_size=2  best_ilamb=0.6048  (11.0 min)
  trial  561/1500  pareto_size=2  best_ilamb=0.6048  (11.4 min)
  trial  579/1500  pareto_size=2  best_ilamb=0.6048  (11.8 min)
  trial  596/1500  pareto_size=2  best_ilamb=0.6048  (12.1 min)
  trial  614/1500  pareto_size=3  best_ilamb=0.6048  (12.5 min)
  trial  631/1500  pareto_size=3  best_ilamb=0.6048  (12.8 min)
  trial  649/1500  pareto_size=3  best_ilamb=0.6048  (13.1 min)
  trial  667/1500  pareto_size=3  best_ilamb=0.6048  (13.5 min)
  trial  682/1500  pareto_size=3  best_ilamb=0.6048  (13.8 min)
  trial  699/1500  pareto_size=4  best_ilamb=0.6138  (14.2 min)
  trial  716/1500  pareto_size=5  best_ilamb=0.6138  (14.5 min)
  trial  729/1500  pareto_size=5  best_ilamb=0.6138  (14.9 min)
  trial  746/1500  pareto_size=5  best_ilamb=0.6138  (15.2 min)
  trial  763/1500  pareto_size=5  best_ilamb=0.6138  (15.6 min)
  trial  779/1500  pareto_size=6  best_ilamb=0.6187  (15.9 min)
  trial  796/1500  pareto_size=5  best_ilamb=0.6277  (16.3 min)
  trial  814/1500  pareto_size=5  best_ilamb=0.6277  (16.6 min)
  trial  831/1500  pareto_size=5  best_ilamb=0.6277  (16.9 min)
  trial  848/1500  pareto_size=6  best_ilamb=0.6277  (17.3 min)
  trial  866/1500  pareto_size=7  best_ilamb=0.6277  (17.6 min)
  trial  884/1500  pareto_size=7  best_ilamb=0.6277  (18.0 min)
  trial  902/1500  pareto_size=7  best_ilamb=0.6277  (18.4 min)
  trial  919/1500  pareto_size=7  best_ilamb=0.6277  (18.7 min)
  trial  937/1500  pareto_size=7  best_ilamb=0.6277  (19.0 min)
  trial  956/1500  pareto_size=7  best_ilamb=0.6277  (19.4 min)
  trial  972/1500  pareto_size=7  best_ilamb=0.6277  (19.7 min)
  trial  989/1500  pareto_size=7  best_ilamb=0.6277  (20.1 min)
  trial 1005/1500  pareto_size=7  best_ilamb=0.6277  (20.4 min)
  trial 1021/1500  pareto_size=7  best_ilamb=0.6277  (20.8 min)
  trial 1037/1500  pareto_size=8  best_ilamb=0.6277  (21.1 min)
  trial 1052/1500  pareto_size=8  best_ilamb=0.6277  (21.5 min)
  trial 1067/1500  pareto_size=9  best_ilamb=0.6277  (21.8 min)
  trial 1086/1500  pareto_size=10  best_ilamb=0.6277  (22.2 min)
  trial 1108/1500  pareto_size=11  best_ilamb=0.6277  (22.5 min)
  trial 1130/1500  pareto_size=12  best_ilamb=0.6277  (22.9 min)
  trial 1151/1500  pareto_size=11  best_ilamb=0.6277  (23.3 min)
  trial 1172/1500  pareto_size=11  best_ilamb=0.6277  (23.6 min)
  trial 1193/1500  pareto_size=8  best_ilamb=0.6322  (23.9 min)
  trial 1214/1500  pareto_size=6  best_ilamb=0.6322  (24.3 min)
  trial 1235/1500  pareto_size=7  best_ilamb=0.6322  (24.6 min)
  trial 1256/1500  pareto_size=10  best_ilamb=0.6325  (25.0 min)
  trial 1277/1500  pareto_size=11  best_ilamb=0.6325  (25.3 min)
  trial 1299/1500  pareto_size=12  best_ilamb=0.6339  (25.7 min)
  trial 1321/1500  pareto_size=16  best_ilamb=0.6339  (26.0 min)
  trial 1342/1500  pareto_size=18  best_ilamb=0.6339  (26.4 min)
  trial 1362/1500  pareto_size=18  best_ilamb=0.6339  (26.7 min)
  trial 1385/1500  pareto_size=20  best_ilamb=0.6339  (27.1 min)
  trial 1408/1500  pareto_size=13  best_ilamb=0.6339  (27.4 min)
  trial 1431/1500  pareto_size=16  best_ilamb=0.6339  (27.8 min)
  trial 1454/1500  pareto_size=17  best_ilamb=0.6339  (28.1 min)
  trial 1475/1500  pareto_size=21  best_ilamb=0.6339  (28.5 min)
  trial 1497/1500  pareto_size=22  best_ilamb=0.6343  (28.8 min)

[done] 1500 trials in 28.9 min
[pareto] 22 non-dominated trials, 22 with fp_score >= 0.8
[chosen] trial 1477: ILAMB=0.6343  fp_score=0.5868  ratio=1.24
[best] Bias=0.7530  RMSE=0.3957  Seas=0.9017  Spatial=0.7254  Overall=0.6343
[diag] raw rate land-mean (yr^-1): 0.2566  (target ~ 0.06082)
[write] D:\FIRE_OFFLINE\models\C\params.G_Africa.json
[write] D:\FIRE_OFFLINE\ilamb\MODELS\ED-ModelC-final\burntArea.G_Africa.nc  (12.2 MB)

[FIX2] dumping top-5 Pareto candidates -> D:\FIRE_OFFLINE\ilamb\MODELS_TOPK_G_Africa
  k1: trial 1477  internal_overall=0.6343  taylor=0.0000  sigma=0.000  fp=0.587  ratio=1.24  amp=1.00
  k2: trial 1463  internal_overall=0.6339  taylor=0.0000  sigma=0.000  fp=0.589  ratio=1.23  amp=1.00
  k3: trial 1283  internal_overall=0.6339  taylor=0.0000  sigma=0.000  fp=0.597  ratio=1.22  amp=1.00
  k4: trial 1473  internal_overall=0.6339  taylor=0.0000  sigma=0.000  fp=0.597  ratio=1.22  amp=1.00
  k5: trial 1367  internal_overall=0.6339  taylor=0.0000  sigma=0.000  fp=0.598  ratio=1.22  amp=1.00
[FIX2] manifest -> D:\FIRE_OFFLINE\models\C\topk.G_Africa.json
[FIX2] re-score all candidates with official ILAMB (CLAUDE.md recipe; clean ._* first), e.g. --model_root "$PWD/ilamb/MODELS_TOPK_G_Africa"
[FIX2] promote the candidate with the best OFFICIAL Overall, NOT the internal one.
=== done Africa  23:38:37 ===
=== Model G: fitting Boreal  (tag=G_Boreal, N_TRIALS=1500)  23:38:37 ===
[I 2026-08-05 23:38:50,185] A new study created in memory with name: no-name-9d459114-b7fe-49ca-897f-84a04b4ad6d5
[I 2026-08-05 23:38:51,167] Trial 0 finished with values: [10.479492363926362, 10.479492363926362] and parameters: {'k1': 0.03635503353478365, 'D_low': 70.18267183720735, 'k2': 0.012758211164590085, 'D_high': 2940.51756322311, 'fire_exp': 1.165368636520435, 'P_half': 12.808863354047988, 'pre_dampen_half': 107.40052367919465, 'gpp_af': 0.1476584299248268, 'gpp_b': 0.0005752434266899163, 'gpp_d': 660.9129108295722, 'ign_k': 8.708806168038567, 'ign_c': 20.03995359361212}.
[I 2026-08-05 23:38:52,184] Trial 1 finished with values: [10.769221163884504, 10.769221163884504] and parameters: {'k1': 0.00031489116479568613, 'D_low': 6351.221010640702, 'k2': 0.008471801418819975, 'D_high': 2481.0409748678126, 'fire_exp': 1.4322493718230251, 'P_half': 4.2070539502879365, 'pre_dampen_half': 0.0195172246414495, 'gpp_af': 21.42302175774105, 'gpp_b': 0.040428727350273294, 'gpp_d': 34.70266988650411, 'ign_k': 0.0012087541473056963, 'ign_c': 757.9479953347999}.
[I 2026-08-05 23:38:53,190] Trial 2 finished with values: [10.769215390620007, 10.769215390620007] and parameters: {'k1': 0.021368329072358756, 'D_low': 7.068974950624602, 'k2': 5.3370327626039544e-05, 'D_high': 54.1524411940254, 'fire_exp': 2.0148477884158655, 'P_half': 125.61043700013555, 'pre_dampen_half': 1.4445251022763053, 'gpp_af': 0.028585493941961918, 'gpp_b': 0.046894009635376835, 'gpp_d': 0.04982752357076448, 'ign_k': 0.01474275315991467, 'ign_c': 2.92043384718141}.
[I 2026-08-05 23:38:54,200] Trial 3 finished with values: [10.769230768838547, 10.769230768838547] and parameters: {'k1': 0.0006672367170464204, 'D_low': 1382.6232179369867, 'k2': 6.290644294586152e-05, 'D_high': 1140.0863701127325, 'fire_exp': 3.9121416285496955, 'P_half': 1.533916259116362, 'pre_dampen_half': 10.90747583515769, 'gpp_af': 0.007122305833333868, 'gpp_b': 2.4564592152507503e-05, 'gpp_d': 555.1721685244722, 'ign_k': 7.2866537374910445, 'ign_c': 171.23375973163948}.
[I 2026-08-05 23:38:55,243] Trial 4 finished with values: [10.769120560843055, 10.769120560843055] and parameters: {'k1': 0.00016536937182824412, 'D_low': 2.458603276328005, 'k2': 0.005456725485601475, 'D_high': 576.2487216478603, 'fire_exp': 1.324458134009935, 'P_half': 95.65499215943822, 'pre_dampen_half': 0.014857392806279237, 'gpp_af': 35.20481045526041, 'gpp_b': 0.0003570095960030948, 'gpp_d': 20.54051942538844, 'ign_k': 0.017654048052495083, 'ign_c': 12.03017887115466}.
[I 2026-08-05 23:38:56,256] Trial 5 finished with values: [10.769230768838547, 10.769230768838547] and parameters: {'k1': 0.0015375920235481753, 'D_low': 5.488047000766042, 'k2': 0.07556810141274425, 'D_high': 12604.664585649456, 'fire_exp': 8.699593128513321, 'P_half': 3795.8531426706395, 'pre_dampen_half': 9.761125443110442, 'gpp_af': 40.679084943595456, 'gpp_b': 3.395900933162749e-05, 'gpp_d': 0.09548041810464164, 'ign_k': 0.0015167330688076208, 'ign_c': 2.001342062287997}.
[I 2026-08-05 23:38:57,265] Trial 6 finished with values: [10.769226551943357, 10.769226551943357] and parameters: {'k1': 0.00035868164986275477, 'D_low': 12.172958098369968, 'k2': 0.02065142557895925, 'D_high': 267.3088310781672, 'fire_exp': 1.9095652801045373, 'P_half': 148.17820606039086, 'pre_dampen_half': 0.050654860639753524, 'gpp_af': 10.25616274847308, 'gpp_b': 2.800940363375676e-05, 'gpp_d': 859.8737339212263, 'ign_k': 1.2273800987852967, 'ign_c': 0.6235377135673155}.
[I 2026-08-05 23:38:58,293] Trial 7 finished with values: [10.769230768838547, 10.769230768838547] and parameters: {'k1': 1.0521761868451132e-05, 'D_low': 1827.4508859816024, 'k2': 0.00672093005015611, 'D_high': 8241.92526487646, 'fire_exp': 5.905685925060636, 'P_half': 1.9777828512462716, 'pre_dampen_half': 0.6199100007802261, 'gpp_af': 0.0037961668958008117, 'gpp_b': 1.5087613675681661, 'gpp_d': 13.076473382928533, 'ign_k': 0.021066486017042207, 'ign_c': 0.17956984225677627}.
[I 2026-08-05 23:38:59,324] Trial 8 finished with values: [10.769230768838547, 10.769230768838547] and parameters: {'k1': 0.00017535949529764417, 'D_low': 19.986340778528874, 'k2': 0.008287522363768155, 'D_high': 3550.0125258511603, 'fire_exp': 7.712811947156349, 'P_half': 77.42116473996248, 'pre_dampen_half': 0.039625178325723404, 'gpp_af': 3.6831884165358977, 'gpp_b': 0.36703737625293875, 'gpp_d': 6.403036652671167, 'ign_k': 1.2130221181165162, 'ign_c': 9.444574254983557}.
[I 2026-08-05 23:39:00,319] Trial 9 finished with values: [10.76922972591622, 10.76922972591622] and parameters: {'k1': 0.0012329098365270509, 'D_low': 51.30551760589834, 'k2': 1.263794633808287e-05, 'D_high': 27.012557725439073, 'fire_exp': 1.075051292556307, 'P_half': 351.2704726270846, 'pre_dampen_half': 0.37306104754535907, 'gpp_af': 0.34902252478382495, 'gpp_b': 2.788681037423117, 'gpp_d': 0.17638479543546878, 'ign_k': 0.04380580767905655, 'ign_c': 105.24574681335613}.
[I 2026-08-05 23:39:01,331] Trial 10 finished with values: [10.769230768838547, 10.769230768838547] and parameters: {'k1': 8.226074946221034e-05, 'D_low': 2.0319809838424976, 'k2': 0.00014421346497969477, 'D_high': 44.1453687649448, 'fire_exp': 8.505456981059524, 'P_half': 1707.9750342958232, 'pre_dampen_half': 14.689898077648792, 'gpp_af': 22.766850248686247, 'gpp_b': 0.6637926838138378, 'gpp_d': 0.08567424667875059, 'ign_k': 3.7173717478250508, 'ign_c': 14.367095138664217}.
[I 2026-08-05 23:39:02,420] Trial 11 finished with values: [10.747968167213706, 10.747968167213706] and parameters: {'k1': 0.016973078532467004, 'D_low': 3840.3004190988563, 'k2': 0.0001870742013766025, 'D_high': 27.55546207779663, 'fire_exp': 1.6901885781909627, 'P_half': 51.10120656497163, 'pre_dampen_half': 123.04779330083686, 'gpp_af': 20.12115544906385, 'gpp_b': 1.1008110571039521e-05, 'gpp_d': 3.57879245350232, 'ign_k': 0.0467351899956275, 'ign_c': 0.773448215664679}.
[I 2026-08-05 23:39:03,433] Trial 12 finished with values: [10.769230768838547, 10.769230768838547] and parameters: {'k1': 3.0162092627967762e-05, 'D_low': 22.41097161910951, 'k2': 0.059106986190885426, 'D_high': 196.25093208439853, 'fire_exp': 3.302103045515253, 'P_half': 648.7477066058678, 'pre_dampen_half': 0.6578820119123174, 'gpp_af': 72.26207258080494, 'gpp_b': 5.952285716284423, 'gpp_d': 0.18151456496577564, 'ign_k': 0.09749762207436122, 'ign_c': 1.597766235483386}.
[I 2026-08-05 23:39:04,417] Trial 13 finished with values: [11.073879270066197, 11.073879270066197] and parameters: {'k1': 0.00013783578294796384, 'D_low': 1.4045842344024697, 'k2': 0.0027431991397796683, 'D_high': 1024.9816559563214, 'fire_exp': 1.1258453832483524, 'P_half': 13.019246714361572, 'pre_dampen_half': 347.79988160923324, 'gpp_af': 0.015769192447197523, 'gpp_b': 7.402343469704428e-05, 'gpp_d': 2.8006820077310213, 'ign_k': 8.761971101023693, 'ign_c': 0.9294394155644988}.
[I 2026-08-05 23:39:05,449] Trial 14 finished with values: [10.762582670234185, 10.762582670234185] and parameters: {'k1': 0.00488137519160367, 'D_low': 1112.9571947046009, 'k2': 8.923807143379776e-05, 'D_high': 8182.111518618414, 'fire_exp': 2.332293128354265, 'P_half': 338.23872019362165, 'pre_dampen_half': 14.711215379121963, 'gpp_af': 0.47739011308437823, 'gpp_b': 3.481277316673104e-05, 'gpp_d': 150.14555442537656, 'ign_k': 0.019192001101561888, 'ign_c': 0.557280750002996}.
