[I 2026-08-19 14:47:29,506] Trial 405 finished with value: -0.5152814088165429 and parameters: {'k1': 0.0003611894223162138, 'D_low': 18.969520582067865, 'k2': 0.0001695712610124472, 'D_high': 4951774.767638772, 'fire_exp': 1.0816677857065446, 'P_half': 10.585355358990489, 'pre_dampen_half': 0.9641842963180622, 'gpp_af': 12.240838759274155, 'gpp_b': 0.008892248882023506, 'gpp_d': 176.02068626902172, 'ign_k': 0.18912174569442725, 'ign_c': 31.891695965400768, 'trop_agb_crit': 11.244376748234174, 'trop_k_veg': 3.1221789392333124, 'pop_amp': 2.7511326025692586, 'pop_peak': 120.75918710682463, 'pop_sig': 0.2596956515784274, 'fuel_k': 1.4089040292001436, 'fuel_half': 1.44722089045112}. Best is trial 121 with value: -0.6148958760349835.
[I 2026-08-19 14:47:33,690] Trial 406 finished with value: -0.5768136753482371 and parameters: {'k1': 0.0032222300427908685, 'D_low': 118.16778031071229, 'k2': 8.519185360384788e-05, 'D_high': 1177909.7455632647, 'fire_exp': 2.746778080373892, 'P_half': 99.26315248395686, 'pre_dampen_half': 2.3973965947500853, 'gpp_af': 0.007908626422160317, 'gpp_b': 1.0635669069473467e-05, 'gpp_d': 55.25870920977006, 'ign_k': 1.7480888963570658, 'ign_c': 0.2636387399719543, 'trop_agb_crit': 23.236426929107896, 'trop_k_veg': 2.868434467550519, 'pop_amp': 0.0915863968014091, 'pop_peak': 8.574409465042711, 'pop_sig': 1.17370753928537, 'fuel_k': 0.0658084032133359, 'fuel_half': 0.8702854653465407}. Best is trial 121 with value: -0.6148958760349835.
[I 2026-08-19 14:47:37,278] Trial 407 finished with value: -0.4104579124040909 and parameters: {'k1': 0.000571348277821755, 'D_low': 1180.4832441573467, 'k2': 6.162816457513716e-05, 'D_high': 846668.9203751101, 'fire_exp': 5.135738412578585, 'P_half': 1711.6113300006593, 'pre_dampen_half': 741.7294254058693, 'gpp_af': 0.022563664421201193, 'gpp_b': 0.0001354428758864846, 'gpp_d': 30.599971507885062, 'ign_k': 0.13285291268545732, 'ign_c': 0.6893973819396465, 'trop_agb_crit': 12.410933254262286, 'trop_k_veg': 3.7590203959700452, 'pop_amp': 2.5636650859389802, 'pop_peak': 26.295090833743906, 'pop_sig': 0.2623577591705623, 'fuel_k': 2.585170922123096, 'fuel_half': 1.3572528999998696}. Best is trial 121 with value: -0.6148958760349835.
[I 2026-08-19 14:47:40,967] Trial 408 finished with value: -0.5366026934860275 and parameters: {'k1': 1.1588482591171573e-05, 'D_low': 284.9151895122156, 'k2': 3.4362522871480184e-05, 'D_high': 68552.72347561098, 'fire_exp': 1.6226295120095433, 'P_half': 11.230183642292403, 'pre_dampen_half': 75.00096577021525, 'gpp_af': 0.011030554724659887, 'gpp_b': 5.011634119305543e-05, 'gpp_d': 1.9185352083867386, 'ign_k': 1.0099392843170707, 'ign_c': 0.10875684237285627, 'trop_agb_crit': 27.250817219815396, 'trop_k_veg': 1.1686307143417272, 'pop_amp': 0.015245952243199964, 'pop_peak': 0.07131986239804021, 'pop_sig': 1.1460405348877052, 'fuel_k': 1.2242979230606958, 'fuel_half': 0.12280670082688856}. Best is trial 121 with value: -0.6148958760349835.
[I 2026-08-19 14:47:44,379] Trial 409 finished with value: -0.5938365245225098 and parameters: {'k1': 0.016593582646421186, 'D_low': 96.99476480725092, 'k2': 0.0001204017344053222, 'D_high': 5551608.291827148, 'fire_exp': 1.0693969695499652, 'P_half': 113.85597657645914, 'pre_dampen_half': 2.4049307922360508, 'gpp_af': 0.007828198790017353, 'gpp_b': 8.20747751001417e-05, 'gpp_d': 0.04239775321201363, 'ign_k': 1.5223066241229963, 'ign_c': 1.7275336077148198, 'trop_agb_crit': 27.731294964768722, 'trop_k_veg': 4.577511009258016, 'pop_amp': 0.08986697790994162, 'pop_peak': 0.18222934794263598, 'pop_sig': 0.3624948463080213, 'fuel_k': 0.06469062601857851, 'fuel_half': 4.40779484303156}. Best is trial 121 with value: -0.6148958760349835.
  trial  410/2500  best_overall=0.6149  (23.7 min)
[I 2026-08-19 14:47:47,721] Trial 410 finished with value: -0.5412700581457164 and parameters: {'k1': 0.003221852802238181, 'D_low': 149.62376761776568, 'k2': 0.001030460516693025, 'D_high': 109357.40665772052, 'fire_exp': 4.1441950792905455, 'P_half': 39.75642423059849, 'pre_dampen_half': 9.104640944925649, 'gpp_af': 0.053448845339339725, 'gpp_b': 0.0008051462774662497, 'gpp_d': 0.10007447159599406, 'ign_k': 0.8118025211840609, 'ign_c': 1.3327833016848871, 'trop_agb_crit': 28.450698941394705, 'trop_k_veg': 2.7832777442494154, 'pop_amp': 3.9876045766987698, 'pop_peak': 22.75676639569976, 'pop_sig': 1.0452525897756495, 'fuel_k': 0.02374296836804698, 'fuel_half': 0.3579703058743798}. Best is trial 121 with value: -0.6148958760349835.
[I 2026-08-19 14:47:51,884] Trial 411 finished with value: -0.4323937708038786 and parameters: {'k1': 0.032755790875915104, 'D_low': 10.26350814475142, 'k2': 0.00017857300700705226, 'D_high': 5784788.49530983, 'fire_exp': 1.3623003745049993, 'P_half': 612.798793469386, 'pre_dampen_half': 12.058612990259906, 'gpp_af': 0.04546587746283101, 'gpp_b': 0.0024327660364623412, 'gpp_d': 0.015222478387775205, 'ign_k': 0.23098132810655367, 'ign_c': 0.27305102717680535, 'trop_agb_crit': 17.0175302634029, 'trop_k_veg': 2.7125756853902123, 'pop_amp': 0.8172890420664571, 'pop_peak': 0.1440991756253321, 'pop_sig': 0.41737965124153736, 'fuel_k': 0.020354139085225688, 'fuel_half': 2.1357148560871573}. Best is trial 121 with value: -0.6148958760349835.
[I 2026-08-19 14:47:56,884] Trial 412 finished with value: -0.5191149258747549 and parameters: {'k1': 0.04291527017955644, 'D_low': 370.0511294656939, 'k2': 0.00011782919623326092, 'D_high': 151389.90210153483, 'fire_exp': 1.1463168983190286, 'P_half': 18.338208504317638, 'pre_dampen_half': 1.6414105761716797, 'gpp_af': 0.10223918403546275, 'gpp_b': 0.00039275693420071816, 'gpp_d': 0.04408541291491659, 'ign_k': 0.7772569182144746, 'ign_c': 2.0324809622511, 'trop_agb_crit': 21.149230267930474, 'trop_k_veg': 7.260806072181916, 'pop_amp': 0.12800384731730544, 'pop_peak': 0.43395547295749604, 'pop_sig': 0.5377909841610397, 'fuel_k': 0.16601705646016945, 'fuel_half': 37.360336818871254}. Best is trial 121 with value: -0.6148958760349835.
[I 2026-08-19 14:48:02,278] Trial 413 finished with value: -0.4448333376018704 and parameters: {'k1': 0.004369220112508195, 'D_low': 23.481662895858864, 'k2': 0.00017554368837427664, 'D_high': 1531114.5474538822, 'fire_exp': 1.2586399404549589, 'P_half': 357.8201143151511, 'pre_dampen_half': 0.14793230834373522, 'gpp_af': 0.04247526383033388, 'gpp_b': 0.00011962718124569671, 'gpp_d': 0.012193516276011583, 'ign_k': 2.1741178890618036, 'ign_c': 16.289106246903547, 'trop_agb_crit': 13.922139648518124, 'trop_k_veg': 7.848966146657417, 'pop_amp': 0.17301826550929253, 'pop_peak': 0.8054373330934345, 'pop_sig': 0.44399129390088726, 'fuel_k': 0.049104448413420626, 'fuel_half': 8.510312390417969}. Best is trial 121 with value: -0.6148958760349835.
[I 2026-08-19 14:48:05,445] Trial 414 finished with value: -0.4308120067786579 and parameters: {'k1': 0.012410188283353227, 'D_low': 3.658900135405671, 'k2': 0.0001199004050545491, 'D_high': 423138.4974988922, 'fire_exp': 1.04894825254056, 'P_half': 46.974462596001295, 'pre_dampen_half': 0.019385146437078747, 'gpp_af': 0.002317528499403696, 'gpp_b': 0.002285229877928428, 'gpp_d': 0.5817105543449921, 'ign_k': 0.9578106669273931, 'ign_c': 0.13846324155136336, 'trop_agb_crit': 25.612468130485748, 'trop_k_veg': 3.4688631682943063, 'pop_amp': 0.011802149058812082, 'pop_peak': 0.4992386805533327, 'pop_sig': 0.7860600365407077, 'fuel_k': 0.039692764598361, 'fuel_half': 6.740158495064814}. Best is trial 121 with value: -0.6148958760349835.
  trial  415/2500  best_overall=0.6149  (24.0 min)
[I 2026-08-19 14:48:09,126] Trial 415 finished with value: -0.5990647968343995 and parameters: {'k1': 0.00019460263072263283, 'D_low': 57.58020909719402, 'k2': 0.00018319573805288642, 'D_high': 308205.11335853185, 'fire_exp': 7.430775089179692, 'P_half': 167.13176541349193, 'pre_dampen_half': 127.41280619866018, 'gpp_af': 0.015201036887454817, 'gpp_b': 1.2862776564714827e-05, 'gpp_d': 1.7537192403940836, 'ign_k': 0.6919065096303691, 'ign_c': 0.12245023201644528, 'trop_agb_crit': 16.670252616874624, 'trop_k_veg': 4.65051879132564, 'pop_amp': 1.559045286179625, 'pop_peak': 34.70682106208292, 'pop_sig': 1.5252318172151653, 'fuel_k': 0.6252093324264701, 'fuel_half': 0.6315457646675502}. Best is trial 121 with value: -0.6148958760349835.
[I 2026-08-19 14:48:12,548] Trial 416 finished with value: -0.4150512989386098 and parameters: {'k1': 0.01371144613945874, 'D_low': 42.46695468603821, 'k2': 0.017534914666558196, 'D_high': 213614.8930813751, 'fire_exp': 7.131756405386432, 'P_half': 16.100344067107613, 'pre_dampen_half': 24.153432685148402, 'gpp_af': 0.005502164430495902, 'gpp_b': 2.1853235439216516e-05, 'gpp_d': 1.3614804221450754, 'ign_k': 0.11660603590529714, 'ign_c': 4.190591858895047, 'trop_agb_crit': 2.193833494493065, 'trop_k_veg': 4.115300917610087, 'pop_amp': 8.84131917150135, 'pop_peak': 58.20751033899243, 'pop_sig': 1.29746582848407, 'fuel_k': 0.10268975039923003, 'fuel_half': 0.5910083785301211}. Best is trial 121 with value: -0.6148958760349835.
[I 2026-08-19 14:48:16,409] Trial 417 finished with value: -0.2745365382217949 and parameters: {'k1': 0.0009451768972326338, 'D_low': 174.44882698561113, 'k2': 0.0004308029860269415, 'D_high': 142137.7292846891, 'fire_exp': 5.593205652372226, 'P_half': 55.31670377514213, 'pre_dampen_half': 307.2150874889314, 'gpp_af': 0.0014927339081391901, 'gpp_b': 1.3257136998620642e-05, 'gpp_d': 165.53362524231943, 'ign_k': 0.38806739285588815, 'ign_c': 0.1252009756046287, 'trop_agb_crit': 19.014540032249798, 'trop_k_veg': 5.5267174584464325, 'pop_amp': 5.222340343682364, 'pop_peak': 363.0467544235095, 'pop_sig': 1.9373873433524305, 'fuel_k': 2.36105130333909, 'fuel_half': 0.6467073602930203}. Best is trial 121 with value: -0.6148958760349835.
[I 2026-08-19 14:48:19,981] Trial 418 finished with value: -0.5830729492645628 and parameters: {'k1': 0.0007871204536126673, 'D_low': 321.1473542570112, 'k2': 3.3831558066136836e-05, 'D_high': 1050597.0963311165, 'fire_exp': 2.1836617968379795, 'P_half': 35.68682082348576, 'pre_dampen_half': 12.528808355849451, 'gpp_af': 0.13013001525315954, 'gpp_b': 0.01039627679732221, 'gpp_d': 371.2514723398705, 'ign_k': 1.2446753786435862, 'ign_c': 1.8855113371792922, 'trop_agb_crit': 11.655447114207476, 'trop_k_veg': 1.9408071421507396, 'pop_amp': 0.06069675027758515, 'pop_peak': 5.583915980253479, 'pop_sig': 1.2460538793024132, 'fuel_k': 0.08219220949954761, 'fuel_half': 1.336430298917149}. Best is trial 121 with value: -0.6148958760349835.
[I 2026-08-19 14:48:23,104] Trial 419 finished with value: -0.46413369951665756 and parameters: {'k1': 0.0008479329643848531, 'D_low': 1063.2960501081463, 'k2': 0.000134948467757932, 'D_high': 3709311.1160043627, 'fire_exp': 9.363507153556675, 'P_half': 100.27300253956612, 'pre_dampen_half': 18.752756230715416, 'gpp_af': 0.0024199873285521167, 'gpp_b': 2.3632191649618318e-05, 'gpp_d': 0.04516710709963846, 'ign_k': 0.28306273092331824, 'ign_c': 9.710224836226988, 'trop_agb_crit': 5.304793312941723, 'trop_k_veg': 1.9968631972106672, 'pop_amp': 0.45194048782630225, 'pop_peak': 23.499861053208917, 'pop_sig': 1.1199611473553897, 'fuel_k': 0.024856362096133053, 'fuel_half': 3.788292761803004}. Best is trial 121 with value: -0.6148958760349835.
[I 2026-08-19 14:48:25,957] Trial 420 finished with value: -0.3393965992755749 and parameters: {'k1': 0.00022128252850971063, 'D_low': 1.9611709580360326, 'k2': 6.113374186232386e-05, 'D_high': 4791767.794419422, 'fire_exp': 3.812083240494694, 'P_half': 64.03564879017684, 'pre_dampen_half': 14.512219821432128, 'gpp_af': 0.09393878136460795, 'gpp_b': 9.690441169272226e-05, 'gpp_d': 5.1057004033606965, 'ign_k': 0.7810040351476104, 'ign_c': 0.4692266375521357, 'trop_agb_crit': 17.14027427061385, 'trop_k_veg': 6.917902513091573, 'pop_amp': 6.065827228662502, 'pop_peak': 56.142936680694504, 'pop_sig': 1.776304855262859, 'fuel_k': 1.435166389851746, 'fuel_half': 0.6491201592986325}. Best is trial 121 with value: -0.6148958760349835.
  trial  421/2500  best_overall=0.6149  (24.4 min)
[I 2026-08-19 14:48:29,207] Trial 421 finished with value: -0.6216386034937503 and parameters: {'k1': 1.3773611884415874e-05, 'D_low': 62517.26974983621, 'k2': 4.4692557584283736e-05, 'D_high': 579314.3916436163, 'fire_exp': 1.1732050281658415, 'P_half': 160.82817422145203, 'pre_dampen_half': 1.3253877983662146, 'gpp_af': 0.0015674062453254014, 'gpp_b': 3.4707902356269815e-05, 'gpp_d': 2.5541544727713306, 'ign_k': 8.029551154619242, 'ign_c': 10.864657021978408, 'trop_agb_crit': 20.41636721012359, 'trop_k_veg': 0.9055504370076736, 'pop_amp': 2.3962514298321973, 'pop_peak': 9.772893731430111, 'pop_sig': 1.2467710477283418, 'fuel_k': 0.7138767691499576, 'fuel_half': 0.3057112861171899}. Best is trial 421 with value: -0.6216386034937503.
[I 2026-08-19 14:48:32,601] Trial 422 finished with value: -0.3780856697625451 and parameters: {'k1': 0.00020473513424892334, 'D_low': 335.31142016068526, 'k2': 0.0005926230058499142, 'D_high': 132138.1375971371, 'fire_exp': 5.262288499597281, 'P_half': 281.88861698806716, 'pre_dampen_half': 443.48061739237096, 'gpp_af': 0.003173057823811324, 'gpp_b': 0.0029826326387983153, 'gpp_d': 3.070174368342465, 'ign_k': 0.43295827050713337, 'ign_c': 0.14818745335711567, 'trop_agb_crit': 17.224783789105242, 'trop_k_veg': 4.5444241270835475, 'pop_amp': 0.10580512402411046, 'pop_peak': 6.358001311981023, 'pop_sig': 1.231536103686287, 'fuel_k': 0.7733243164171473, 'fuel_half': 3.146368313756317}. Best is trial 421 with value: -0.6216386034937503.
[I 2026-08-19 14:48:37,281] Trial 423 finished with value: -0.37409001288394006 and parameters: {'k1': 0.00016692217107567865, 'D_low': 9.913395021928872, 'k2': 5.150082208989468e-05, 'D_high': 2175093.735720307, 'fire_exp': 8.654749825283789, 'P_half': 373.3541551275763, 'pre_dampen_half': 206.93537865723349, 'gpp_af': 0.0013131521927630385, 'gpp_b': 0.0016560870441619392, 'gpp_d': 0.5098112163896268, 'ign_k': 6.972136975062372, 'ign_c': 0.2507403400401716, 'trop_agb_crit': 7.483440658698396, 'trop_k_veg': 3.91616090280603, 'pop_amp': 7.136685243570187, 'pop_peak': 56.403183051900974, 'pop_sig': 1.1329993889173888, 'fuel_k': 0.28240682775554854, 'fuel_half': 0.21715500319124742}. Best is trial 421 with value: -0.6216386034937503.
[I 2026-08-19 14:48:42,462] Trial 424 finished with value: -0.3936599481864585 and parameters: {'k1': 0.005127793582980686, 'D_low': 15.982226813385696, 'k2': 0.0003373113511126946, 'D_high': 2194.0548505556376, 'fire_exp': 4.049543710615101, 'P_half': 2648.3308151983038, 'pre_dampen_half': 594.7018928367104, 'gpp_af': 0.010692187343801434, 'gpp_b': 0.00018484760016186023, 'gpp_d': 46.2102990317866, 'ign_k': 0.3017442958256763, 'ign_c': 0.4611661902291182, 'trop_agb_crit': 8.370305279017881, 'trop_k_veg': 3.33272848303966, 'pop_amp': 6.900125287238461, 'pop_peak': 8.560886400174729, 'pop_sig': 0.510528886224846, 'fuel_k': 0.6705969220675831, 'fuel_half': 2.243089859117711}. Best is trial 421 with value: -0.6216386034937503.
[I 2026-08-19 14:48:46,141] Trial 425 finished with value: -0.3554625854118624 and parameters: {'k1': 8.347254773487155e-05, 'D_low': 923942.3157530085, 'k2': 6.309556376671573e-05, 'D_high': 100697.69555389757, 'fire_exp': 1.480608300212756, 'P_half': 278.86098741891345, 'pre_dampen_half': 0.4028210101592607, 'gpp_af': 0.007808189437996272, 'gpp_b': 2.8502478342451765e-05, 'gpp_d': 6.049775300280193, 'ign_k': 0.7949389497105896, 'ign_c': 19.87929378252578, 'trop_agb_crit': 15.241510613616429, 'trop_k_veg': 0.531365018225621, 'pop_amp': 8.651415524778693, 'pop_peak': 15.36594326881668, 'pop_sig': 0.9896089089012922, 'fuel_k': 1.1480121475459824, 'fuel_half': 2.630216417532175}. Best is trial 421 with value: -0.6216386034937503.
[I 2026-08-19 14:48:48,888] Trial 426 finished with value: -0.4820994346560381 and parameters: {'k1': 2.818800109668071e-05, 'D_low': 5.361776246519702, 'k2': 0.00016732745125530175, 'D_high': 244630.47232958113, 'fire_exp': 7.544525463209512, 'P_half': 51.61170323702191, 'pre_dampen_half': 332.5369181459865, 'gpp_af': 0.024187340343051904, 'gpp_b': 1.4565537287792064e-05, 'gpp_d': 92.14289023288622, 'ign_k': 0.8808009119411148, 'ign_c': 1.1899867783123272, 'trop_agb_crit': 10.38718074053787, 'trop_k_veg': 6.904109382258737, 'pop_amp': 0.026809774425931465, 'pop_peak': 90.86224705909088, 'pop_sig': 1.8005249799640806, 'fuel_k': 1.4643226816639334, 'fuel_half': 1.181036343263737}. Best is trial 421 with value: -0.6216386034937503.
  trial  427/2500  best_overall=0.6216  (24.8 min)
[I 2026-08-19 14:48:52,341] Trial 427 finished with value: -0.46953819693561255 and parameters: {'k1': 5.3960726507475624e-05, 'D_low': 40418.65475279868, 'k2': 0.0001539846355883909, 'D_high': 52232.51001782878, 'fire_exp': 1.0497357681861175, 'P_half': 149.1537664791266, 'pre_dampen_half': 0.9142469326144359, 'gpp_af': 0.0012836765371625168, 'gpp_b': 1.720792946495193e-05, 'gpp_d': 15.101143043209015, 'ign_k': 6.943744105930628, 'ign_c': 3.1800081561542317, 'trop_agb_crit': 19.99834567785553, 'trop_k_veg': 1.527786479116439, 'pop_amp': 1.2274140041566195, 'pop_peak': 8.052359691240401, 'pop_sig': 0.8884120689871093, 'fuel_k': 0.33145794204970164, 'fuel_half': 0.444103064255913}. Best is trial 421 with value: -0.6216386034937503.
[I 2026-08-19 14:48:56,173] Trial 428 finished with value: -0.4997484288300055 and parameters: {'k1': 4.9173161118338796e-05, 'D_low': 5.2014144511048, 'k2': 0.00023001100629269392, 'D_high': 262890.1521852914, 'fire_exp': 1.3014068801476335, 'P_half': 11.760025678361922, 'pre_dampen_half': 0.015477569656034104, 'gpp_af': 0.7222968302754933, 'gpp_b': 8.74438659728695e-05, 'gpp_d': 663.3952051376801, 'ign_k': 2.205573568729832, 'ign_c': 1.4743382983865603, 'trop_agb_crit': 13.632098644369886, 'trop_k_veg': 2.3031548633399974, 'pop_amp': 0.1438434891864606, 'pop_peak': 4.774822613638069, 'pop_sig': 0.36437987364722935, 'fuel_k': 2.0218076698585414, 'fuel_half': 0.8069913167401024}. Best is trial 421 with value: -0.6216386034937503.
[I 2026-08-19 14:49:00,434] Trial 429 finished with value: -0.4093295141537775 and parameters: {'k1': 0.00043181904811028795, 'D_low': 22.982687543770336, 'k2': 0.0001665029348537906, 'D_high': 1007185.0122825665, 'fire_exp': 7.6654203412238875, 'P_half': 1442.9832564051515, 'pre_dampen_half': 31.87035965984251, 'gpp_af': 0.003969954980667253, 'gpp_b': 0.00045966483593821755, 'gpp_d': 4.9801953268883015, 'ign_k': 0.0720231953351512, 'ign_c': 0.18832100270812038, 'trop_agb_crit': 14.015480776962605, 'trop_k_veg': 4.806080735079195, 'pop_amp': 3.893201727937039, 'pop_peak': 14.848349688231416, 'pop_sig': 0.5291928651453465, 'fuel_k': 0.41742155317498636, 'fuel_half': 3.2878330119468266}. Best is trial 421 with value: -0.6216386034937503.
[I 2026-08-19 14:49:04,363] Trial 430 finished with value: -0.46903721195334463 and parameters: {'k1': 0.015880684305497425, 'D_low': 1172.1005898174635, 'k2': 5.629214620479142e-05, 'D_high': 162628.948971781, 'fire_exp': 1.1067935409579, 'P_half': 176.35581497994554, 'pre_dampen_half': 3.71712528719051, 'gpp_af': 0.16690864467158092, 'gpp_b': 0.0181043199744735, 'gpp_d': 0.040282234931182284, 'ign_k': 0.19484874097110197, 'ign_c': 1.010530783125629, 'trop_agb_crit': 13.117782633589275, 'trop_k_veg': 4.65735136369587, 'pop_amp': 0.007929778740823772, 'pop_peak': 0.24931512792699506, 'pop_sig': 0.6315252624233019, 'fuel_k': 2.530591982659117, 'fuel_half': 0.20642379741752528}. Best is trial 421 with value: -0.6216386034937503.
[I 2026-08-19 14:49:07,718] Trial 431 finished with value: -0.5947741855906676 and parameters: {'k1': 0.00020337565772891048, 'D_low': 88.55551229554328, 'k2': 0.005712129881438117, 'D_high': 356187.32704498176, 'fire_exp': 1.4520415232621777, 'P_half': 3.663963503390356, 'pre_dampen_half': 2.1017308279266484, 'gpp_af': 0.07662039010170298, 'gpp_b': 0.0011668157651975436, 'gpp_d': 73.68996204742415, 'ign_k': 0.0010497111344638268, 'ign_c': 117.2324197667796, 'trop_agb_crit': 5.910552191540234, 'trop_k_veg': 5.289794318210712, 'pop_amp': 2.7904432175128435, 'pop_peak': 6.622647556002772, 'pop_sig': 0.46781540602558586, 'fuel_k': 1.185734336828416, 'fuel_half': 1.4921892889240518}. Best is trial 421 with value: -0.6216386034937503.
[I 2026-08-19 14:49:11,093] Trial 432 finished with value: -0.401150066274815 and parameters: {'k1': 0.0011152825711208197, 'D_low': 1835.420859957132, 'k2': 0.0016524088921134534, 'D_high': 4802.1775426694485, 'fire_exp': 1.0145367092960824, 'P_half': 1.5710847035413515, 'pre_dampen_half': 6.318954803478424, 'gpp_af': 1.0372057036860758, 'gpp_b': 0.00017684097038267877, 'gpp_d': 5.229858201935018, 'ign_k': 0.0029694824520977536, 'ign_c': 861.9689801570116, 'trop_agb_crit': 6.188664490772644, 'trop_k_veg': 5.99866643863093, 'pop_amp': 2.4041207808623857, 'pop_peak': 1.184487916887545, 'pop_sig': 0.4205729159343279, 'fuel_k': 0.6796596767994845, 'fuel_half': 3.989461189695337}. Best is trial 421 with value: -0.6216386034937503.
  trial  433/2500  best_overall=0.6216  (25.1 min)
[I 2026-08-19 14:49:14,102] Trial 433 finished with value: -0.42957573491632495 and parameters: {'k1': 0.0006200374497430607, 'D_low': 35.58832774875729, 'k2': 0.004724994964859662, 'D_high': 52987.48389747721, 'fire_exp': 2.1453508982287195, 'P_half': 1.3655664605349966, 'pre_dampen_half': 1.225363902424231, 'gpp_af': 0.027077674195442415, 'gpp_b': 0.001137276221779566, 'gpp_d': 3.2265017385168, 'ign_k': 0.0010134253706833415, 'ign_c': 81.66321840814804, 'trop_agb_crit': 8.972268948462967, 'trop_k_veg': 5.897901215784645, 'pop_amp': 0.3215015776659634, 'pop_peak': 17.935453888513592, 'pop_sig': 0.3489867280079935, 'fuel_k': 0.26298992304688334, 'fuel_half': 5.792041332087759}. Best is trial 421 with value: -0.6216386034937503.
