[I 2026-06-11 13:00:08,289] Trial 821 finished with values: [12.408388265074816, 12.408388265074816] and parameters: {'k1': 0.03648456083047798, 'D_low': 1.4002277211577039, 'k2': 0.019383858782150494, 'D_high': 13275.361137191961, 'fire_exp': 1.2060040899560858, 'P_half': 3.591771421517613, 'pre_dampen_half': 75.10418138777538, 'gpp_af': 2.5184956910855436, 'gpp_b': 0.015062722325200045, 'gpp_d': 0.47379914349407487, 'ign_k': 0.9419612235978201, 'ign_c': 0.10435856341129002, 'trop_agb_crit': 2.100813292597435, 'trop_k_veg': 1.056284487623406, 'fire_amp': 2.7806853670293616}.
[I 2026-06-11 13:00:09,206] Trial 822 finished with values: [10.050883429809963, 10.050883429809963] and parameters: {'k1': 0.08006837661379566, 'D_low': 236.79352040223893, 'k2': 0.019383858782150494, 'D_high': 6682.9607218310075, 'fire_exp': 1.2798881300289222, 'P_half': 436.4516946807792, 'pre_dampen_half': 79.2915624488668, 'gpp_af': 2.5017068255320485, 'gpp_b': 0.015062722325200045, 'gpp_d': 1.4397852866783676, 'ign_k': 0.0032383308053152635, 'ign_c': 2.226297338331262, 'trop_agb_crit': 21.086120736447015, 'trop_k_veg': 2.6508357486965424, 'fire_amp': 1.7912500010961188}.
[I 2026-06-11 13:00:10,113] Trial 823 finished with values: [-0.5921972552192185, 0.08753608182879402] and parameters: {'k1': 0.08006837661379566, 'D_low': 236.79352040223893, 'k2': 0.019383858782150494, 'D_high': 6682.9607218310075, 'fire_exp': 1.2060040899560858, 'P_half': 3.591771421517613, 'pre_dampen_half': 4.847666216751353, 'gpp_af': 2.5017068255320485, 'gpp_b': 0.001674375583895437, 'gpp_d': 1.4397852866783676, 'ign_k': 0.0032383308053152635, 'ign_c': 2.226297338331262, 'trop_agb_crit': 2.100813292597435, 'trop_k_veg': 2.6508357486965424, 'fire_amp': 2.7806853670293616}.
[I 2026-06-11 13:00:11,021] Trial 824 finished with values: [11.219824444166495, 11.219824444166495] and parameters: {'k1': 0.08006837661379566, 'D_low': 69.05604395130307, 'k2': 0.019383858782150494, 'D_high': 6682.9607218310075, 'fire_exp': 1.2060040899560858, 'P_half': 1.7086581483996572, 'pre_dampen_half': 4.847666216751353, 'gpp_af': 2.5017068255320485, 'gpp_b': 1.4008921101492135e-05, 'gpp_d': 304.7488318185732, 'ign_k': 0.0032383308053152635, 'ign_c': 2.2882309479728957, 'trop_agb_crit': 7.332660227137139, 'trop_k_veg': 1.6648666152166967, 'fire_amp': 2.7806853670293616}.
[I 2026-06-11 13:00:11,962] Trial 825 finished with values: [10.106750162574416, 10.106750162574416] and parameters: {'k1': 0.03648456083047798, 'D_low': 236.79352040223893, 'k2': 0.00025923015361558547, 'D_high': 6682.9607218310075, 'fire_exp': 1.2798881300289222, 'P_half': 436.4516946807792, 'pre_dampen_half': 75.10418138777538, 'gpp_af': 0.007531064950403672, 'gpp_b': 0.002416023630607169, 'gpp_d': 0.7698760608299932, 'ign_k': 4.869640941520899, 'ign_c': 1.364908766641693, 'trop_agb_crit': 21.086120736447015, 'trop_k_veg': 0.5588127200017643, 'fire_amp': 1.7912500010961188}.
[I 2026-06-11 13:00:12,865] Trial 826 finished with values: [10.190862086506883, 10.190862086506883] and parameters: {'k1': 0.03648456083047798, 'D_low': 236.79352040223893, 'k2': 0.019383858782150494, 'D_high': 6682.9607218310075, 'fire_exp': 1.2060040899560858, 'P_half': 1.4551749476072258, 'pre_dampen_half': 4.847666216751353, 'gpp_af': 0.060029341913968644, 'gpp_b': 0.001674375583895437, 'gpp_d': 942.6090081952854, 'ign_k': 0.0032383308053152635, 'ign_c': 2.226297338331262, 'trop_agb_crit': 2.100813292597435, 'trop_k_veg': 0.828441460847982, 'fire_amp': 2.7806853670293616}.
[I 2026-06-11 13:00:13,782] Trial 827 finished with values: [10.087303855702169, 10.087303855702169] and parameters: {'k1': 0.016973078532467004, 'D_low': 146.24004590125713, 'k2': 1.702637694606324e-05, 'D_high': 32311.521854410956, 'fire_exp': 1.2060040899560858, 'P_half': 3.591771421517613, 'pre_dampen_half': 189.36639872354493, 'gpp_af': 2.9865936975455876, 'gpp_b': 0.015062722325200045, 'gpp_d': 0.7698760608299932, 'ign_k': 0.09256855841989636, 'ign_c': 2.2882309479728957, 'trop_agb_crit': 28.38004294664272, 'trop_k_veg': 0.5471865667052176, 'fire_amp': 1.7912500010961188}.
[I 2026-06-11 13:00:14,688] Trial 828 finished with values: [10.301443886552839, 10.301443886552839] and parameters: {'k1': 0.0012752949611679993, 'D_low': 1.4002277211577039, 'k2': 3.152468275632564e-05, 'D_high': 32311.521854410956, 'fire_exp': 1.14171776851287, 'P_half': 436.4516946807792, 'pre_dampen_half': 9.044346216330972, 'gpp_af': 0.41874665092828456, 'gpp_b': 9.497440085397415e-05, 'gpp_d': 0.1570003140297517, 'ign_k': 7.544827057709847, 'ign_c': 1.364908766641693, 'trop_agb_crit': 1.6222566606523396, 'trop_k_veg': 6.963655030926962, 'fire_amp': 2.7806853670293616}.
[I 2026-06-11 13:00:15,582] Trial 829 finished with values: [11.043900652092812, 11.043900652092812] and parameters: {'k1': 0.0029067012153229104, 'D_low': 83.56564873457052, 'k2': 3.152468275632564e-05, 'D_high': 31301.15118850836, 'fire_exp': 1.14171776851287, 'P_half': 436.4516946807792, 'pre_dampen_half': 79.2915624488668, 'gpp_af': 0.007531064950403672, 'gpp_b': 5.349456206882108e-05, 'gpp_d': 0.7698760608299932, 'ign_k': 0.001229921046579313, 'ign_c': 2.2882309479728957, 'trop_agb_crit': 2.8052667649738585, 'trop_k_veg': 0.5588127200017643, 'fire_amp': 2.804180410489304}.
[I 2026-06-11 13:00:16,487] Trial 830 finished with values: [10.500362447100006, 10.500362447100006] and parameters: {'k1': 0.0029067012153229104, 'D_low': 1.4002277211577039, 'k2': 3.152468275632564e-05, 'D_high': 20103.283734409175, 'fire_exp': 1.2798881300289222, 'P_half': 1.4551749476072258, 'pre_dampen_half': 75.10418138777538, 'gpp_af': 0.41874665092828456, 'gpp_b': 0.015062722325200045, 'gpp_d': 0.03200582711952312, 'ign_k': 4.869640941520899, 'ign_c': 1.364908766641693, 'trop_agb_crit': 7.332660227137139, 'trop_k_veg': 6.030247256556128, 'fire_amp': 1.7912500010961188}.
[I 2026-06-11 13:00:17,421] Trial 831 finished with values: [-0.4458494525010757, 0.13490321346789258] and parameters: {'k1': 0.00587009820297804, 'D_low': 1.4002277211577039, 'k2': 3.152468275632564e-05, 'D_high': 17.74872630983488, 'fire_exp': 1.14171776851287, 'P_half': 157.80309954142965, 'pre_dampen_half': 37.40930273158252, 'gpp_af': 0.004409093791567215, 'gpp_b': 0.002416023630607169, 'gpp_d': 0.47379914349407487, 'ign_k': 0.9419612235978201, 'ign_c': 7.081721844034206, 'trop_agb_crit': 8.0091368834625, 'trop_k_veg': 0.7808079158649266, 'fire_amp': 2.804180410489304}.
[I 2026-06-11 13:00:18,328] Trial 832 finished with values: [16.20620121303907, 16.20620121303907] and parameters: {'k1': 0.0012752949611679993, 'D_low': 146.24004590125713, 'k2': 0.019383858782150494, 'D_high': 32311.521854410956, 'fire_exp': 1.2060040899560858, 'P_half': 109.0657807452408, 'pre_dampen_half': 189.36639872354493, 'gpp_af': 0.004531316405029204, 'gpp_b': 1.4008921101492135e-05, 'gpp_d': 0.1619054449471649, 'ign_k': 4.869640941520899, 'ign_c': 1.364908766641693, 'trop_agb_crit': 1.8023542850487386, 'trop_k_veg': 1.6648666152166967, 'fire_amp': 2.7806853670293616}.
[I 2026-06-11 13:00:19,265] Trial 833 finished with values: [10.585763440813778, 10.585763440813778] and parameters: {'k1': 0.03648456083047798, 'D_low': 235.39834531862078, 'k2': 0.0012030178871154666, 'D_high': 1266.9536563782303, 'fire_exp': 1.2798881300289222, 'P_half': 436.4516946807792, 'pre_dampen_half': 79.2915624488668, 'gpp_af': 96.26851425803589, 'gpp_b': 0.015062722325200045, 'gpp_d': 0.7698760608299932, 'ign_k': 4.869640941520899, 'ign_c': 1.364908766641693, 'trop_agb_crit': 2.100813292597435, 'trop_k_veg': 4.776259022974975, 'fire_amp': 1.7912500010961188}.
[I 2026-06-11 13:00:20,170] Trial 834 finished with values: [10.380671164682884, 10.380671164682884] and parameters: {'k1': 0.03648456083047798, 'D_low': 288.98663158858795, 'k2': 0.019383858782150494, 'D_high': 1266.9536563782303, 'fire_exp': 1.2060040899560858, 'P_half': 1.4551749476072258, 'pre_dampen_half': 4.847666216751353, 'gpp_af': 0.060029341913968644, 'gpp_b': 1.4008921101492135e-05, 'gpp_d': 0.33983499890855334, 'ign_k': 0.09256855841989636, 'ign_c': 1.364908766641693, 'trop_agb_crit': 1.8023542850487386, 'trop_k_veg': 6.030247256556128, 'fire_amp': 1.7912500010961188}.
[I 2026-06-11 13:00:21,105] Trial 835 finished with values: [10.709058098548903, 10.709058098548903] and parameters: {'k1': 0.03648456083047798, 'D_low': 236.79352040223893, 'k2': 0.019383858782150494, 'D_high': 6682.9607218310075, 'fire_exp': 1.2798881300289222, 'P_half': 114.62237838612074, 'pre_dampen_half': 75.10418138777538, 'gpp_af': 0.060029341913968644, 'gpp_b': 0.015062722325200045, 'gpp_d': 1.4397852866783676, 'ign_k': 4.869640941520899, 'ign_c': 22.126836566118193, 'trop_agb_crit': 8.347757040088627, 'trop_k_veg': 6.030247256556128, 'fire_amp': 1.7912500010961188}.
[I 2026-06-11 13:00:22,059] Trial 836 finished with values: [10.10718244985493, 10.10718244985493] and parameters: {'k1': 0.0012752949611679993, 'D_low': 236.79352040223893, 'k2': 3.152468275632564e-05, 'D_high': 20103.283734409175, 'fire_exp': 1.2060040899560858, 'P_half': 102.93072560417136, 'pre_dampen_half': 4.847666216751353, 'gpp_af': 2.5184956910855436, 'gpp_b': 1.4008921101492135e-05, 'gpp_d': 0.47379914349407487, 'ign_k': 0.0032383308053152635, 'ign_c': 2.2882309479728957, 'trop_agb_crit': 7.332660227137139, 'trop_k_veg': 2.6508357486965424, 'fire_amp': 2.7806853670293616}.
[I 2026-06-11 13:00:22,996] Trial 837 finished with values: [10.317838953214894, 10.317838953214894] and parameters: {'k1': 0.006079905434073396, 'D_low': 43.2326421037033, 'k2': 0.00025923015361558547, 'D_high': 6682.9607218310075, 'fire_exp': 1.2798881300289222, 'P_half': 436.4516946807792, 'pre_dampen_half': 75.10418138777538, 'gpp_af': 0.41874665092828456, 'gpp_b': 0.0002637687576667052, 'gpp_d': 21.899070557043984, 'ign_k': 4.869640941520899, 'ign_c': 7.081721844034206, 'trop_agb_crit': 8.0091368834625, 'trop_k_veg': 6.030247256556128, 'fire_amp': 1.7912500010961188}.
[I 2026-06-11 13:00:23,917] Trial 838 finished with values: [10.578101690882624, 10.578101690882624] and parameters: {'k1': 0.016973078532467004, 'D_low': 235.39834531862078, 'k2': 0.019383858782150494, 'D_high': 1817.0401889219124, 'fire_exp': 1.2798881300289222, 'P_half': 2.6691447170887805, 'pre_dampen_half': 189.36639872354493, 'gpp_af': 26.365275679433186, 'gpp_b': 0.015062722325200045, 'gpp_d': 0.7698760608299932, 'ign_k': 4.869640941520899, 'ign_c': 1.364908766641693, 'trop_agb_crit': 28.779217872092953, 'trop_k_veg': 6.963655030926962, 'fire_amp': 2.7806853670293616}.
[I 2026-06-11 13:00:24,806] Trial 839 finished with values: [10.562678513489509, 10.562678513489509] and parameters: {'k1': 0.03648456083047798, 'D_low': 236.79352040223893, 'k2': 0.019383858782150494, 'D_high': 6682.9607218310075, 'fire_exp': 1.2798881300289222, 'P_half': 436.4516946807792, 'pre_dampen_half': 79.2915624488668, 'gpp_af': 0.4317251206640925, 'gpp_b': 1.4008921101492135e-05, 'gpp_d': 0.7698760608299932, 'ign_k': 4.869640941520899, 'ign_c': 1.364908766641693, 'trop_agb_crit': 21.086120736447015, 'trop_k_veg': 6.963655030926962, 'fire_amp': 1.7912500010961188}.
[I 2026-06-11 13:00:25,714] Trial 840 finished with values: [10.119726658964437, 10.119726658964437] and parameters: {'k1': 0.08006837661379566, 'D_low': 236.79352040223893, 'k2': 0.019383858782150494, 'D_high': 6682.9607218310075, 'fire_exp': 2.6673707465506062, 'P_half': 3.591771421517613, 'pre_dampen_half': 189.36639872354493, 'gpp_af': 2.5017068255320485, 'gpp_b': 0.015062722325200045, 'gpp_d': 1.4397852866783676, 'ign_k': 0.09256855841989636, 'ign_c': 1.364908766641693, 'trop_agb_crit': 2.100813292597435, 'trop_k_veg': 1.6648666152166967, 'fire_amp': 1.5719333351012774}.
[I 2026-06-11 13:00:26,952] Trial 841 finished with values: [11.5723793964496, 11.5723793964496] and parameters: {'k1': 0.0012752949611679993, 'D_low': 1.4002277211577039, 'k2': 0.0036014695835220327, 'D_high': 6682.9607218310075, 'fire_exp': 1.14171776851287, 'P_half': 3.591771421517613, 'pre_dampen_half': 9.044346216330972, 'gpp_af': 2.5444227489578917, 'gpp_b': 9.497440085397415e-05, 'gpp_d': 1.4397852866783676, 'ign_k': 0.0032383308053152635, 'ign_c': 22.126836566118193, 'trop_agb_crit': 7.332660227137139, 'trop_k_veg': 1.6648666152166967, 'fire_amp': 2.7806853670293616}.
[I 2026-06-11 13:00:27,872] Trial 842 finished with values: [10.769193293470071, 10.769193293470071] and parameters: {'k1': 0.03648456083047798, 'D_low': 236.79352040223893, 'k2': 0.049094038862232466, 'D_high': 33.33047530921621, 'fire_exp': 1.2798881300289222, 'P_half': 114.62237838612074, 'pre_dampen_half': 79.2915624488668, 'gpp_af': 0.41874665092828456, 'gpp_b': 0.015062722325200045, 'gpp_d': 271.0323160002808, 'ign_k': 4.869640941520899, 'ign_c': 1.364908766641693, 'trop_agb_crit': 4.617282690749149, 'trop_k_veg': 1.056284487623406, 'fire_amp': 1.417247667573402}.
[I 2026-06-11 13:00:28,761] Trial 843 finished with values: [10.348137342799323, 10.348137342799323] and parameters: {'k1': 5.178197947282869e-05, 'D_low': 1.4002277211577039, 'k2': 0.0007731571570012607, 'D_high': 1266.9536563782303, 'fire_exp': 1.2798881300289222, 'P_half': 436.4516946807792, 'pre_dampen_half': 37.40930273158252, 'gpp_af': 0.004531316405029204, 'gpp_b': 1.4008921101492135e-05, 'gpp_d': 1.4397852866783676, 'ign_k': 4.869640941520899, 'ign_c': 11.903394335305014, 'trop_agb_crit': 8.0091368834625, 'trop_k_veg': 1.6003641872536711, 'fire_amp': 2.7806853670293616}.
[I 2026-06-11 13:00:29,660] Trial 844 finished with values: [10.166787609436014, 10.166787609436014] and parameters: {'k1': 0.0002958267235643845, 'D_low': 1.4002277211577039, 'k2': 3.152468275632564e-05, 'D_high': 20103.283734409175, 'fire_exp': 1.14171776851287, 'P_half': 1.4551749476072258, 'pre_dampen_half': 9.044346216330972, 'gpp_af': 2.5184956910855436, 'gpp_b': 9.497440085397415e-05, 'gpp_d': 1.1766539651208914, 'ign_k': 0.0032383308053152635, 'ign_c': 0.10435856341129002, 'trop_agb_crit': 1.8023542850487386, 'trop_k_veg': 0.7808079158649266, 'fire_amp': 2.7806853670293616}.
[I 2026-06-11 13:00:30,540] Trial 845 finished with values: [10.431481487787055, 10.431481487787055] and parameters: {'k1': 1.0465498595171737e-05, 'D_low': 49.539659199197295, 'k2': 0.004679501568332817, 'D_high': 32311.521854410956, 'fire_exp': 1.2060040899560858, 'P_half': 114.62237838612074, 'pre_dampen_half': 121.93011993958949, 'gpp_af': 0.004531316405029204, 'gpp_b': 0.015062722325200045, 'gpp_d': 1.4397852866783676, 'ign_k': 0.09256855841989636, 'ign_c': 1.364908766641693, 'trop_agb_crit': 3.3933702290907823, 'trop_k_veg': 1.6648666152166967, 'fire_amp': 1.5719333351012774}.
[I 2026-06-11 13:00:31,446] Trial 846 finished with values: [10.365266061013358, 10.365266061013358] and parameters: {'k1': 0.03648456083047798, 'D_low': 235.39834531862078, 'k2': 0.0012030178871154666, 'D_high': 1266.9536563782303, 'fire_exp': 1.2798881300289222, 'P_half': 114.62237838612074, 'pre_dampen_half': 75.10418138777538, 'gpp_af': 0.41874665092828456, 'gpp_b': 0.015062722325200045, 'gpp_d': 0.1619054449471649, 'ign_k': 4.869640941520899, 'ign_c': 1.364908766641693, 'trop_agb_crit': 21.086120736447015, 'trop_k_veg': 6.030247256556128, 'fire_amp': 1.7912500010961188}.
[I 2026-06-11 13:00:32,371] Trial 847 finished with values: [10.76131683747451, 10.76131683747451] and parameters: {'k1': 0.08006837661379566, 'D_low': 236.79352040223893, 'k2': 0.00025923015361558547, 'D_high': 6682.9607218310075, 'fire_exp': 6.722609665434056, 'P_half': 3.591771421517613, 'pre_dampen_half': 75.10418138777538, 'gpp_af': 2.5017068255320485, 'gpp_b': 0.0002637687576667052, 'gpp_d': 304.7488318185732, 'ign_k': 0.0032383308053152635, 'ign_c': 1.364908766641693, 'trop_agb_crit': 12.9667438075127, 'trop_k_veg': 0.828441460847982, 'fire_amp': 2.7806853670293616}.
[I 2026-06-11 13:00:33,277] Trial 848 finished with values: [10.239857099846056, 10.239857099846056] and parameters: {'k1': 0.03648456083047798, 'D_low': 235.39834531862078, 'k2': 0.0012030178871154666, 'D_high': 6682.9607218310075, 'fire_exp': 1.2060040899560858, 'P_half': 436.4516946807792, 'pre_dampen_half': 79.2915624488668, 'gpp_af': 0.41874665092828456, 'gpp_b': 0.015062722325200045, 'gpp_d': 46.566318342356254, 'ign_k': 4.869640941520899, 'ign_c': 1.364908766641693, 'trop_agb_crit': 21.086120736447015, 'trop_k_veg': 6.030247256556128, 'fire_amp': 1.7912500010961188}.
[I 2026-06-11 13:00:34,177] Trial 849 finished with values: [10.479713758742315, 10.479713758742315] and parameters: {'k1': 0.0012752949611679993, 'D_low': 235.39834531862078, 'k2': 0.0012030178871154666, 'D_high': 6682.9607218310075, 'fire_exp': 1.2798881300289222, 'P_half': 436.4516946807792, 'pre_dampen_half': 75.10418138777538, 'gpp_af': 0.009525547092124444, 'gpp_b': 0.015062722325200045, 'gpp_d': 1.4397852866783676, 'ign_k': 0.09256855841989636, 'ign_c': 11.903394335305014, 'trop_agb_crit': 2.100813292597435, 'trop_k_veg': 1.6648666152166967, 'fire_amp': 2.7806853670293616}.
[I 2026-06-11 13:00:35,079] Trial 850 finished with values: [10.735431978334883, 10.735431978334883] and parameters: {'k1': 5.178197947282869e-05, 'D_low': 236.79352040223893, 'k2': 0.011945919244900459, 'D_high': 11.069424888528069, 'fire_exp': 1.1633452995374232, 'P_half': 1.859526645713404, 'pre_dampen_half': 37.40930273158252, 'gpp_af': 0.8144272585223832, 'gpp_b': 0.002416023630607169, 'gpp_d': 0.1619054449471649, 'ign_k': 4.869640941520899, 'ign_c': 7.081721844034206, 'trop_agb_crit': 8.0091368834625, 'trop_k_veg': 1.056284487623406, 'fire_amp': 1.5587346124822492}.
[I 2026-06-11 13:00:35,961] Trial 851 finished with values: [-0.5527893909618016, 0.05852333595186798] and parameters: {'k1': 0.03648456083047798, 'D_low': 236.79352040223893, 'k2': 0.019383858782150494, 'D_high': 32311.521854410956, 'fire_exp': 1.111738490499784, 'P_half': 114.62237838612074, 'pre_dampen_half': 8.259599205585761, 'gpp_af': 0.060029341913968644, 'gpp_b': 0.001674375583895437, 'gpp_d': 1.4397852866783676, 'ign_k': 0.0032383308053152635, 'ign_c': 4.619723604324942, 'trop_agb_crit': 2.100813292597435, 'trop_k_veg': 2.6508357486965424, 'fire_amp': 2.7806853670293616}.
[I 2026-06-11 13:00:36,851] Trial 852 finished with values: [11.18371607171341, 11.18371607171341] and parameters: {'k1': 0.03648456083047798, 'D_low': 236.79352040223893, 'k2': 0.019383858782150494, 'D_high': 6682.9607218310075, 'fire_exp': 1.2060040899560858, 'P_half': 1.4551749476072258, 'pre_dampen_half': 75.10418138777538, 'gpp_af': 2.5017068255320485, 'gpp_b': 0.001674375583895437, 'gpp_d': 1.4397852866783676, 'ign_k': 0.0032383308053152635, 'ign_c': 1.364908766641693, 'trop_agb_crit': 1.8023542850487386, 'trop_k_veg': 6.963655030926962, 'fire_amp': 1.4621871311312478}.
[I 2026-06-11 13:00:37,782] Trial 853 finished with values: [-0.6802097833720532, 0.0840585581830755] and parameters: {'k1': 0.05347027553411487, 'D_low': 236.79352040223893, 'k2': 0.0007731571570012607, 'D_high': 6682.9607218310075, 'fire_exp': 1.1633452995374232, 'P_half': 436.4516946807792, 'pre_dampen_half': 79.2915624488668, 'gpp_af': 0.8144272585223832, 'gpp_b': 0.015062722325200045, 'gpp_d': 0.7698760608299932, 'ign_k': 4.869640941520899, 'ign_c': 2.2882309479728957, 'trop_agb_crit': 8.0091368834625, 'trop_k_veg': 1.6003641872536711, 'fire_amp': 2.368964504291618}.
[I 2026-06-11 13:00:38,696] Trial 854 finished with values: [10.473368857079254, 10.473368857079254] and parameters: {'k1': 1.193353489272344e-05, 'D_low': 236.79352040223893, 'k2': 0.019383858782150494, 'D_high': 32311.521854410956, 'fire_exp': 1.2798881300289222, 'P_half': 436.4516946807792, 'pre_dampen_half': 189.36639872354493, 'gpp_af': 3.298293484806585, 'gpp_b': 0.015062722325200045, 'gpp_d': 0.1619054449471649, 'ign_k': 3.7954792742512957, 'ign_c': 0.29205563600251844, 'trop_agb_crit': 2.41977849576758, 'trop_k_veg': 1.6648666152166967, 'fire_amp': 1.7912500010961188}.
[I 2026-06-11 13:00:39,611] Trial 855 finished with values: [10.275793828101335, 10.275793828101335] and parameters: {'k1': 0.03648456083047798, 'D_low': 146.24004590125713, 'k2': 0.019383858782150494, 'D_high': 6682.9607218310075, 'fire_exp': 1.2060040899560858, 'P_half': 436.4516946807792, 'pre_dampen_half': 75.10418138777538, 'gpp_af': 0.009525547092124444, 'gpp_b': 0.015062722325200045, 'gpp_d': 3.257094673454639, 'ign_k': 0.09256855841989636, 'ign_c': 1.364908766641693, 'trop_agb_crit': 12.9667438075127, 'trop_k_veg': 1.056284487623406, 'fire_amp': 1.7912500010961188}.
[I 2026-06-11 13:00:40,497] Trial 856 finished with values: [-0.4944336175740043, 0.08654078220805439] and parameters: {'k1': 0.0012752949611679993, 'D_low': 1.4002277211577039, 'k2': 0.0012030178871154666, 'D_high': 10994.090116844662, 'fire_exp': 1.2060040899560858, 'P_half': 436.4516946807792, 'pre_dampen_half': 75.10418138777538, 'gpp_af': 0.004531316405029204, 'gpp_b': 1.4008921101492135e-05, 'gpp_d': 1.4397852866783676, 'ign_k': 4.869640941520899, 'ign_c': 11.903394335305014, 'trop_agb_crit': 2.100813292597435, 'trop_k_veg': 1.6648666152166967, 'fire_amp': 1.2784745553082768}.
[I 2026-06-11 13:00:41,412] Trial 857 finished with values: [10.383259396105506, 10.383259396105506] and parameters: {'k1': 0.03648456083047798, 'D_low': 146.24004590125713, 'k2': 0.019383858782150494, 'D_high': 6682.9607218310075, 'fire_exp': 1.2798881300289222, 'P_half': 436.4516946807792, 'pre_dampen_half': 79.2915624488668, 'gpp_af': 3.298293484806585, 'gpp_b': 0.015062722325200045, 'gpp_d': 0.1619054449471649, 'ign_k': 4.869640941520899, 'ign_c': 1.364908766641693, 'trop_agb_crit': 21.086120736447015, 'trop_k_veg': 2.2057060303254308, 'fire_amp': 1.7912500010961188}.
