[I 2026-06-10 21:47:06,141] Trial 1015 finished with values: [10.115076974546007, 10.115076974546007] and parameters: {'k1': 0.05466937478766084, 'D_low': 97.43142535650219, 'k2': 0.002884223471687844, 'D_high': 8535.052150482603, 'fire_exp': 1.1103154430776774, 'P_half': 221.2683656611821, 'pre_dampen_half': 565.0116730717873, 'gpp_af': 0.22965432344634354, 'gpp_b': 1.284284091405877e-05, 'gpp_d': 6.478643450593011, 'ign_k': 5.351470428717437, 'ign_c': 22.126836566118193, 'trop_agb_crit': 10.215415653610627, 'trop_k_veg': 4.7254560805090735, 'fuel_k': 4.710433409437072, 'fuel_half': 11.781063202742125}.
[I 2026-06-10 21:47:08,356] Trial 1016 finished with values: [10.218477879234445, 10.218477879234445] and parameters: {'k1': 0.00045102062878998736, 'D_low': 62.970710761105074, 'k2': 0.002173988526401145, 'D_high': 894.1619307827928, 'fire_exp': 1.2781983515972553, 'P_half': 93.43302657318476, 'pre_dampen_half': 565.0116730717873, 'gpp_af': 0.22965432344634354, 'gpp_b': 1.284284091405877e-05, 'gpp_d': 59.94537656798816, 'ign_k': 0.02226297338331263, 'ign_c': 22.126836566118193, 'trop_agb_crit': 10.215415653610627, 'trop_k_veg': 4.129715873342728, 'fuel_k': 4.710433409437072, 'fuel_half': 1.9170041589170652}.
[I 2026-06-10 21:47:10,705] Trial 1017 finished with values: [-0.8167940474089427, 0.12545934643881462] and parameters: {'k1': 0.012840669372724958, 'D_low': 5.351452349843333, 'k2': 0.002884223471687844, 'D_high': 2289.1315306837046, 'fire_exp': 1.2781983515972553, 'P_half': 221.2683656611821, 'pre_dampen_half': 857.6556763881457, 'gpp_af': 0.3002317246575309, 'gpp_b': 0.005419266601560437, 'gpp_d': 229.41380323183625, 'ign_k': 1.1044350847124695, 'ign_c': 22.126836566118193, 'trop_agb_crit': 8.703844173724528, 'trop_k_veg': 3.376529607942905, 'fuel_k': 4.710433409437072, 'fuel_half': 11.781063202742125}.
[I 2026-06-10 21:47:12,999] Trial 1018 finished with values: [-0.7209048954731118, 0.3316629906300482] and parameters: {'k1': 0.002155595057104387, 'D_low': 37.35862630812753, 'k2': 0.013886937225450393, 'D_high': 3512.7047262708465, 'fire_exp': 1.2781983515972553, 'P_half': 102.4585893986732, 'pre_dampen_half': 32.53305539860191, 'gpp_af': 0.3002317246575309, 'gpp_b': 1.284284091405877e-05, 'gpp_d': 4.317251206640923, 'ign_k': 4.591485216740537, 'ign_c': 22.126836566118193, 'trop_agb_crit': 2.679156169946616, 'trop_k_veg': 5.876643247346733, 'fuel_k': 4.710433409437072, 'fuel_half': 1.3323297901105768}.
[I 2026-06-10 21:47:15,305] Trial 1019 finished with values: [-0.6567136695081508, 0.17420879044395787] and parameters: {'k1': 0.0868318308250935, 'D_low': 40.12413353131991, 'k2': 0.002884223471687844, 'D_high': 1384.332853353327, 'fire_exp': 1.2781983515972553, 'P_half': 221.2683656611821, 'pre_dampen_half': 857.6556763881457, 'gpp_af': 0.3002317246575309, 'gpp_b': 2.176805640408474e-05, 'gpp_d': 229.41380323183625, 'ign_k': 1.1044350847124695, 'ign_c': 22.126836566118193, 'trop_agb_crit': 10.215415653610627, 'trop_k_veg': 6.45312300188076, 'fuel_k': 0.28328975157735103, 'fuel_half': 11.781063202742125}.
[I 2026-06-10 21:47:18,259] Trial 1020 finished with values: [10.906037658386527, 10.906037658386527] and parameters: {'k1': 0.05466937478766084, 'D_low': 97.43142535650219, 'k2': 0.002173988526401145, 'D_high': 3512.7047262708465, 'fire_exp': 1.2781983515972553, 'P_half': 221.2683656611821, 'pre_dampen_half': 599.2644014925409, 'gpp_af': 5.056419398267455, 'gpp_b': 0.0001484082099455773, 'gpp_d': 59.94537656798816, 'ign_k': 5.351470428717437, 'ign_c': 1.4940577239079738, 'trop_agb_crit': 10.215415653610627, 'trop_k_veg': 4.129715873342728, 'fuel_k': 4.710433409437072, 'fuel_half': 1.9170041589170652}.
[I 2026-06-10 21:47:20,345] Trial 1021 finished with values: [10.642833445533677, 10.642833445533677] and parameters: {'k1': 0.00045102062878998736, 'D_low': 97.43142535650219, 'k2': 0.002173988526401145, 'D_high': 29.740260187166637, 'fire_exp': 1.4126958348191876, 'P_half': 221.2683656611821, 'pre_dampen_half': 243.70551632385417, 'gpp_af': 0.3002317246575309, 'gpp_b': 1.284284091405877e-05, 'gpp_d': 59.94537656798816, 'ign_k': 0.31292286563608623, 'ign_c': 1.4940577239079738, 'trop_agb_crit': 2.679156169946616, 'trop_k_veg': 6.45312300188076, 'fuel_k': 4.710433409437072, 'fuel_half': 11.781063202742125}.
[I 2026-06-10 21:47:22,656] Trial 1022 finished with values: [10.10457191855337, 10.10457191855337] and parameters: {'k1': 0.00045102062878998736, 'D_low': 2.4474057445796826, 'k2': 0.002173988526401145, 'D_high': 3512.7047262708465, 'fire_exp': 1.2781983515972553, 'P_half': 221.2683656611821, 'pre_dampen_half': 565.0116730717873, 'gpp_af': 0.22965432344634354, 'gpp_b': 1.284284091405877e-05, 'gpp_d': 6.478643450593011, 'ign_k': 5.351470428717437, 'ign_c': 22.126836566118193, 'trop_agb_crit': 10.215415653610627, 'trop_k_veg': 4.7254560805090735, 'fuel_k': 0.1376504963835497, 'fuel_half': 1.9170041589170652}.
[I 2026-06-10 21:47:24,762] Trial 1023 finished with values: [10.081531766721477, 10.081531766721477] and parameters: {'k1': 0.05466937478766084, 'D_low': 2.4474057445796826, 'k2': 0.015109086063191909, 'D_high': 2289.1315306837046, 'fire_exp': 1.2781983515972553, 'P_half': 13.30003421978439, 'pre_dampen_half': 565.0116730717873, 'gpp_af': 0.3002317246575309, 'gpp_b': 0.0009153552948098625, 'gpp_d': 229.41380323183625, 'ign_k': 2.2866997408312693, 'ign_c': 22.126836566118193, 'trop_agb_crit': 10.215415653610627, 'trop_k_veg': 4.7254560805090735, 'fuel_k': 0.28328975157735103, 'fuel_half': 1.0921924740205375}.
[I 2026-06-10 21:47:26,604] Trial 1024 finished with values: [10.28576024390998, 10.28576024390998] and parameters: {'k1': 0.0006579066240690734, 'D_low': 37.35862630812753, 'k2': 0.013886937225450393, 'D_high': 3512.7047262708465, 'fire_exp': 1.2781983515972553, 'P_half': 13.30003421978439, 'pre_dampen_half': 857.6556763881457, 'gpp_af': 0.3002317246575309, 'gpp_b': 1.284284091405877e-05, 'gpp_d': 4.317251206640923, 'ign_k': 4.591485216740537, 'ign_c': 22.126836566118193, 'trop_agb_crit': 2.079118578643291, 'trop_k_veg': 5.876643247346733, 'fuel_k': 4.710433409437072, 'fuel_half': 1.3323297901105768}.
[I 2026-06-10 21:47:28,847] Trial 1025 finished with values: [10.02692749832094, 10.02692749832094] and parameters: {'k1': 0.05466937478766084, 'D_low': 37.35862630812753, 'k2': 0.002884223471687844, 'D_high': 2289.1315306837046, 'fire_exp': 1.4126958348191876, 'P_half': 221.2683656611821, 'pre_dampen_half': 32.53305539860191, 'gpp_af': 0.3002317246575309, 'gpp_b': 0.00012118589392553798, 'gpp_d': 6.478643450593011, 'ign_k': 0.6059999467262209, 'ign_c': 22.126836566118193, 'trop_agb_crit': 2.679156169946616, 'trop_k_veg': 4.129715873342728, 'fuel_k': 4.710433409437072, 'fuel_half': 1.3323297901105768}.
[I 2026-06-10 21:47:30,981] Trial 1026 finished with values: [-0.76565304935374, 0.2685143976039822] and parameters: {'k1': 0.03865036856259725, 'D_low': 5.351452349843333, 'k2': 0.002884223471687844, 'D_high': 2289.1315306837046, 'fire_exp': 1.4126958348191876, 'P_half': 221.2683656611821, 'pre_dampen_half': 243.70551632385417, 'gpp_af': 0.3002317246575309, 'gpp_b': 1.284284091405877e-05, 'gpp_d': 6.478643450593011, 'ign_k': 5.351470428717437, 'ign_c': 22.126836566118193, 'trop_agb_crit': 10.691477813613638, 'trop_k_veg': 1.4492754373953418, 'fuel_k': 4.710433409437072, 'fuel_half': 11.781063202742125}.
[I 2026-06-10 21:47:33,604] Trial 1027 finished with values: [-0.7434565505566365, 0.34226744744230353] and parameters: {'k1': 0.05466937478766084, 'D_low': 97.43142535650219, 'k2': 0.002884223471687844, 'D_high': 3512.7047262708465, 'fire_exp': 1.2781983515972553, 'P_half': 221.2683656611821, 'pre_dampen_half': 243.70551632385417, 'gpp_af': 0.22965432344634354, 'gpp_b': 1.284284091405877e-05, 'gpp_d': 6.478643450593011, 'ign_k': 5.351470428717437, 'ign_c': 22.126836566118193, 'trop_agb_crit': 2.679156169946616, 'trop_k_veg': 4.7254560805090735, 'fuel_k': 4.710433409437072, 'fuel_half': 11.781063202742125}.
[I 2026-06-10 21:47:36,119] Trial 1028 finished with values: [10.025668859534488, 10.025668859534488] and parameters: {'k1': 0.05466937478766084, 'D_low': 62.970710761105074, 'k2': 0.002884223471687844, 'D_high': 2289.1315306837046, 'fire_exp': 1.2781983515972553, 'P_half': 93.43302657318476, 'pre_dampen_half': 857.6556763881457, 'gpp_af': 0.7233714368283358, 'gpp_b': 4.5542534088169265e-05, 'gpp_d': 6.478643450593011, 'ign_k': 1.1044350847124695, 'ign_c': 0.4944223106753942, 'trop_agb_crit': 10.215415653610627, 'trop_k_veg': 4.6587922535200255, 'fuel_k': 0.4182971994460706, 'fuel_half': 11.781063202742125}.
[I 2026-06-10 21:47:38,754] Trial 1029 finished with values: [10.03083852766316, 10.03083852766316] and parameters: {'k1': 0.03865036856259725, 'D_low': 37.35862630812753, 'k2': 0.002173988526401145, 'D_high': 3717.5840668808005, 'fire_exp': 1.2781983515972553, 'P_half': 13.30003421978439, 'pre_dampen_half': 565.0116730717873, 'gpp_af': 0.3002317246575309, 'gpp_b': 2.176805640408474e-05, 'gpp_d': 229.41380323183625, 'ign_k': 1.1044350847124695, 'ign_c': 22.44282088778458, 'trop_agb_crit': 8.846948092009814, 'trop_k_veg': 1.4031488821947427, 'fuel_k': 0.28328975157735103, 'fuel_half': 1.9780198649348861}.
[I 2026-06-10 21:47:41,962] Trial 1030 finished with values: [10.663766889692344, 10.663766889692344] and parameters: {'k1': 0.0006579066240690734, 'D_low': 323.7668055684038, 'k2': 0.002884223471687844, 'D_high': 2289.1315306837046, 'fire_exp': 1.2781983515972553, 'P_half': 93.43302657318476, 'pre_dampen_half': 857.6556763881457, 'gpp_af': 0.3002317246575309, 'gpp_b': 0.005419266601560437, 'gpp_d': 0.08363369134116434, 'ign_k': 0.02811523815379816, 'ign_c': 0.5655677524618509, 'trop_agb_crit': 10.215415653610627, 'trop_k_veg': 6.45312300188076, 'fuel_k': 0.4182971994460706, 'fuel_half': 11.781063202742125}.
[I 2026-06-10 21:47:43,951] Trial 1031 finished with values: [-0.6123809159793726, 0.4952633637429432] and parameters: {'k1': 0.012840669372724958, 'D_low': 21.77936207481482, 'k2': 1.2728781576199352e-05, 'D_high': 2289.1315306837046, 'fire_exp': 1.1103154430776774, 'P_half': 221.2683656611821, 'pre_dampen_half': 32.53305539860191, 'gpp_af': 0.053663001820106804, 'gpp_b': 0.00012118589392553798, 'gpp_d': 229.41380323183625, 'ign_k': 1.1044350847124695, 'ign_c': 1.0944963667961967, 'trop_agb_crit': 8.703844173724528, 'trop_k_veg': 3.376529607942905, 'fuel_k': 4.710433409437072, 'fuel_half': 1.3323297901105768}.
[I 2026-06-10 21:47:46,036] Trial 1032 finished with values: [10.631029118532554, 10.631029118532554] and parameters: {'k1': 0.012840669372724958, 'D_low': 1.2495886031183843, 'k2': 0.002884223471687844, 'D_high': 2289.1315306837046, 'fire_exp': 6.787299971216061, 'P_half': 221.2683656611821, 'pre_dampen_half': 857.6556763881457, 'gpp_af': 0.3002317246575309, 'gpp_b': 0.005419266601560437, 'gpp_d': 229.41380323183625, 'ign_k': 1.1044350847124695, 'ign_c': 22.126836566118193, 'trop_agb_crit': 8.703844173724528, 'trop_k_veg': 4.7254560805090735, 'fuel_k': 4.710433409437072, 'fuel_half': 11.781063202742125}.
[I 2026-06-10 21:47:48,322] Trial 1033 finished with values: [10.148552107599492, 10.148552107599492] and parameters: {'k1': 0.012840669372724958, 'D_low': 40.12413353131991, 'k2': 0.004708159793250189, 'D_high': 3512.7047262708465, 'fire_exp': 1.2781983515972553, 'P_half': 1.6139316358793205, 'pre_dampen_half': 13.472769577631583, 'gpp_af': 0.22965432344634354, 'gpp_b': 1.284284091405877e-05, 'gpp_d': 32.54021513867688, 'ign_k': 1.1044350847124695, 'ign_c': 22.126836566118193, 'trop_agb_crit': 6.751197593534963, 'trop_k_veg': 4.7254560805090735, 'fuel_k': 4.710433409437072, 'fuel_half': 11.781063202742125}.
[I 2026-06-10 21:47:50,347] Trial 1034 finished with values: [-0.7018334714900408, 0.3859035497997244] and parameters: {'k1': 0.05466937478766084, 'D_low': 97.43142535650219, 'k2': 0.002884223471687844, 'D_high': 2289.1315306837046, 'fire_exp': 1.4126958348191876, 'P_half': 2.4750421470385136, 'pre_dampen_half': 243.70551632385417, 'gpp_af': 0.22965432344634354, 'gpp_b': 1.284284091405877e-05, 'gpp_d': 6.478643450593011, 'ign_k': 1.1044350847124695, 'ign_c': 22.126836566118193, 'trop_agb_crit': 12.647327018493208, 'trop_k_veg': 3.376529607942905, 'fuel_k': 0.057363020599291645, 'fuel_half': 1.9170041589170652}.
[I 2026-06-10 21:47:52,201] Trial 1035 finished with values: [-0.7070184733125474, 0.3483584481628804] and parameters: {'k1': 0.00045102062878998736, 'D_low': 97.43142535650219, 'k2': 0.002884223471687844, 'D_high': 3512.7047262708465, 'fire_exp': 1.1103154430776774, 'P_half': 13.30003421978439, 'pre_dampen_half': 565.0116730717873, 'gpp_af': 0.002271347790571442, 'gpp_b': 0.00011536203425923768, 'gpp_d': 32.54021513867688, 'ign_k': 1.1044350847124695, 'ign_c': 0.5655677524618509, 'trop_agb_crit': 10.691477813613638, 'trop_k_veg': 1.331829048405031, 'fuel_k': 4.710433409437072, 'fuel_half': 11.781063202742125}.
[I 2026-06-10 21:47:54,552] Trial 1036 finished with values: [-0.7138077856237507, 0.24493702683728158] and parameters: {'k1': 0.05466937478766084, 'D_low': 5.351452349843333, 'k2': 0.002884223471687844, 'D_high': 1181.1772263023133, 'fire_exp': 1.2781983515972553, 'P_half': 221.2683656611821, 'pre_dampen_half': 565.0116730717873, 'gpp_af': 0.3002317246575309, 'gpp_b': 0.0001484082099455773, 'gpp_d': 6.478643450593011, 'ign_k': 1.1044350847124695, 'ign_c': 0.4944223106753942, 'trop_agb_crit': 10.215415653610627, 'trop_k_veg': 6.45312300188076, 'fuel_k': 0.8524702596592678, 'fuel_half': 11.781063202742125}.
[I 2026-06-10 21:47:57,125] Trial 1037 finished with values: [10.061947160800955, 10.061947160800955] and parameters: {'k1': 0.05466937478766084, 'D_low': 40.12413353131991, 'k2': 0.002884223471687844, 'D_high': 894.1619307827928, 'fire_exp': 1.2781983515972553, 'P_half': 221.2683656611821, 'pre_dampen_half': 243.70551632385417, 'gpp_af': 0.3002317246575309, 'gpp_b': 1.284284091405877e-05, 'gpp_d': 5.492846275210879, 'ign_k': 1.1044350847124695, 'ign_c': 0.4944223106753942, 'trop_agb_crit': 10.215415653610627, 'trop_k_veg': 4.7254560805090735, 'fuel_k': 0.4182971994460706, 'fuel_half': 11.781063202742125}.
[I 2026-06-10 21:47:59,433] Trial 1038 finished with values: [-0.6995892220064048, 0.34401008591291915] and parameters: {'k1': 0.012840669372724958, 'D_low': 97.43142535650219, 'k2': 0.002884223471687844, 'D_high': 2289.1315306837046, 'fire_exp': 1.2781983515972553, 'P_half': 221.2683656611821, 'pre_dampen_half': 857.6556763881457, 'gpp_af': 0.3002317246575309, 'gpp_b': 1.284284091405877e-05, 'gpp_d': 6.478643450593011, 'ign_k': 5.351470428717437, 'ign_c': 1.5663986290532725, 'trop_agb_crit': 2.679156169946616, 'trop_k_veg': 4.7254560805090735, 'fuel_k': 0.28328975157735103, 'fuel_half': 11.781063202742125}.
[I 2026-06-10 21:48:01,687] Trial 1039 finished with values: [-0.8126199384920773, 0.2656795172584393] and parameters: {'k1': 0.05466937478766084, 'D_low': 5.351452349843333, 'k2': 0.05790512193308814, 'D_high': 1384.332853353327, 'fire_exp': 1.4126958348191876, 'P_half': 10.893991584851534, 'pre_dampen_half': 857.6556763881457, 'gpp_af': 0.3002317246575309, 'gpp_b': 0.0001484082099455773, 'gpp_d': 229.41380323183625, 'ign_k': 1.1044350847124695, 'ign_c': 22.126836566118193, 'trop_agb_crit': 10.215415653610627, 'trop_k_veg': 6.45312300188076, 'fuel_k': 0.1561894197708092, 'fuel_half': 11.781063202742125}.
[I 2026-06-10 21:48:04,643] Trial 1040 finished with values: [-0.8121981728160662, 0.11791225565843566] and parameters: {'k1': 0.012840669372724958, 'D_low': 5.351452349843333, 'k2': 0.002884223471687844, 'D_high': 2289.1315306837046, 'fire_exp': 1.2781983515972553, 'P_half': 221.2683656611821, 'pre_dampen_half': 857.6556763881457, 'gpp_af': 0.3002317246575309, 'gpp_b': 0.005419266601560437, 'gpp_d': 229.41380323183625, 'ign_k': 1.1044350847124695, 'ign_c': 22.126836566118193, 'trop_agb_crit': 10.215415653610627, 'trop_k_veg': 4.6587922535200255, 'fuel_k': 2.6581325685307915, 'fuel_half': 11.781063202742125}.
[I 2026-06-10 21:48:06,779] Trial 1041 finished with values: [10.76259538597546, 10.76259538597546] and parameters: {'k1': 0.012840669372724958, 'D_low': 2332.0307202775875, 'k2': 0.004708159793250189, 'D_high': 2289.1315306837046, 'fire_exp': 1.2781983515972553, 'P_half': 221.2683656611821, 'pre_dampen_half': 857.6556763881457, 'gpp_af': 0.22965432344634354, 'gpp_b': 0.00013080022982604522, 'gpp_d': 6.478643450593011, 'ign_k': 5.351470428717437, 'ign_c': 22.126836566118193, 'trop_agb_crit': 6.751197593534963, 'trop_k_veg': 4.7254560805090735, 'fuel_k': 4.710433409437072, 'fuel_half': 11.781063202742125}.
[I 2026-06-10 21:48:08,902] Trial 1042 finished with values: [-0.5836488984251276, 0.3736251088382635] and parameters: {'k1': 0.012840669372724958, 'D_low': 323.7668055684038, 'k2': 0.002884223471687844, 'D_high': 3512.7047262708465, 'fire_exp': 1.2781983515972553, 'P_half': 221.2683656611821, 'pre_dampen_half': 857.6556763881457, 'gpp_af': 10.30900022204182, 'gpp_b': 0.005419266601560437, 'gpp_d': 229.41380323183625, 'ign_k': 1.1044350847124695, 'ign_c': 0.5655677524618509, 'trop_agb_crit': 10.215415653610627, 'trop_k_veg': 6.45312300188076, 'fuel_k': 0.4182971994460706, 'fuel_half': 11.781063202742125}.
[I 2026-06-10 21:48:10,992] Trial 1043 finished with values: [10.041863733469174, 10.041863733469174] and parameters: {'k1': 0.012840669372724958, 'D_low': 37.35862630812753, 'k2': 0.002173988526401145, 'D_high': 3512.7047262708465, 'fire_exp': 1.1103154430776774, 'P_half': 221.2683656611821, 'pre_dampen_half': 32.53305539860191, 'gpp_af': 0.22965432344634354, 'gpp_b': 0.00012118589392553798, 'gpp_d': 59.94537656798816, 'ign_k': 0.06803737461188636, 'ign_c': 8.548216015173686, 'trop_agb_crit': 10.215415653610627, 'trop_k_veg': 5.876643247346733, 'fuel_k': 4.710433409437072, 'fuel_half': 11.781063202742125}.
[I 2026-06-10 21:48:13,011] Trial 1044 finished with values: [-0.7729738222890701, 0.1786962643408172] and parameters: {'k1': 0.0868318308250935, 'D_low': 5.351452349843333, 'k2': 0.002884223471687844, 'D_high': 1384.332853353327, 'fire_exp': 1.2781983515972553, 'P_half': 221.2683656611821, 'pre_dampen_half': 857.6556763881457, 'gpp_af': 0.3002317246575309, 'gpp_b': 2.176805640408474e-05, 'gpp_d': 4.317251206640923, 'ign_k': 0.8599189552684969, 'ign_c': 22.126836566118193, 'trop_agb_crit': 2.679156169946616, 'trop_k_veg': 6.45312300188076, 'fuel_k': 4.710433409437072, 'fuel_half': 11.781063202742125}.
[I 2026-06-10 21:48:14,975] Trial 1045 finished with values: [-0.7316452497020797, 0.27016555049467106] and parameters: {'k1': 0.0006579066240690734, 'D_low': 3.419163665072996, 'k2': 0.002173988526401145, 'D_high': 3512.7047262708465, 'fire_exp': 1.2781983515972553, 'P_half': 93.43302657318476, 'pre_dampen_half': 32.53305539860191, 'gpp_af': 0.053663001820106804, 'gpp_b': 0.005419266601560437, 'gpp_d': 59.94537656798816, 'ign_k': 0.6059999467262209, 'ign_c': 0.5655677524618509, 'trop_agb_crit': 10.215415653610627, 'trop_k_veg': 4.129715873342728, 'fuel_k': 4.710433409437072, 'fuel_half': 0.5291811585815122}.
[I 2026-06-10 21:48:16,996] Trial 1046 finished with values: [-0.741729655278037, 0.2699887699845951] and parameters: {'k1': 0.012840669372724958, 'D_low': 37.35862630812753, 'k2': 0.002884223471687844, 'D_high': 2289.1315306837046, 'fire_exp': 1.4126958348191876, 'P_half': 13.30003421978439, 'pre_dampen_half': 565.0116730717873, 'gpp_af': 0.22965432344634354, 'gpp_b': 0.005419266601560437, 'gpp_d': 12.6084874067596, 'ign_k': 5.351470428717437, 'ign_c': 0.5655677524618509, 'trop_agb_crit': 10.215415653610627, 'trop_k_veg': 0.6673144260285098, 'fuel_k': 0.4182971994460706, 'fuel_half': 11.781063202742125}.
[I 2026-06-10 21:48:19,064] Trial 1047 finished with values: [-0.6236123733642388, 0.2074415438588747] and parameters: {'k1': 0.0006579066240690734, 'D_low': 323.7668055684038, 'k2': 0.004708159793250189, 'D_high': 3512.7047262708465, 'fire_exp': 1.2781983515972553, 'P_half': 221.2683656611821, 'pre_dampen_half': 857.6556763881457, 'gpp_af': 0.22965432344634354, 'gpp_b': 0.005419266601560437, 'gpp_d': 5.492846275210879, 'ign_k': 1.1044350847124695, 'ign_c': 0.5655677524618509, 'trop_agb_crit': 6.751197593534963, 'trop_k_veg': 6.45312300188076, 'fuel_k': 0.4182971994460706, 'fuel_half': 0.17450366043682808}.
[I 2026-06-10 21:48:21,100] Trial 1048 finished with values: [10.33932688101126, 10.33932688101126] and parameters: {'k1': 0.012840669372724958, 'D_low': 816.1260265732996, 'k2': 0.007299613382801458, 'D_high': 3512.7047262708465, 'fire_exp': 1.2781983515972553, 'P_half': 221.2683656611821, 'pre_dampen_half': 857.6556763881457, 'gpp_af': 0.3002317246575309, 'gpp_b': 2.176805640408474e-05, 'gpp_d': 229.41380323183625, 'ign_k': 1.1044350847124695, 'ign_c': 0.5655677524618509, 'trop_agb_crit': 10.215415653610627, 'trop_k_veg': 6.45312300188076, 'fuel_k': 0.28328975157735103, 'fuel_half': 11.781063202742125}.
[I 2026-06-10 21:48:22,825] Trial 1049 finished with values: [10.149744905705207, 10.149744905705207] and parameters: {'k1': 0.012840669372724958, 'D_low': 5.351452349843333, 'k2': 0.002884223471687844, 'D_high': 2289.1315306837046, 'fire_exp': 1.3806513288500464, 'P_half': 221.2683656611821, 'pre_dampen_half': 857.6556763881457, 'gpp_af': 0.019225729985674112, 'gpp_b': 0.009522849354795224, 'gpp_d': 229.41380323183625, 'ign_k': 1.1044350847124695, 'ign_c': 5.589884191278512, 'trop_agb_crit': 8.703844173724528, 'trop_k_veg': 3.376529607942905, 'fuel_k': 0.4182971994460706, 'fuel_half': 11.781063202742125}.
