[I 2026-08-06 02:26:12,358] Trial 855 finished with values: [10.760026131236224, 10.760026131236224] and parameters: {'k1': 0.025383218374507292, 'D_low': 7.068974950624602, 'k2': 3.5917714215176105e-05, 'D_high': 1687.3495104568947, 'fire_exp': 1.2680134752324452, 'P_half': 608.3019192425825, 'pre_dampen_half': 14.689898077648792, 'gpp_af': 0.002223920272450794, 'gpp_b': 0.10123867001105968, 'gpp_d': 891.8036602897795, 'ign_k': 3.7173717478250508, 'ign_c': 0.8794311679173451}.
[I 2026-08-06 02:26:13,465] Trial 856 finished with values: [11.664539937174872, 11.664539937174872] and parameters: {'k1': 0.025383218374507292, 'D_low': 9.330007965781027, 'k2': 0.034987345440353576, 'D_high': 949.9072859745386, 'fire_exp': 1.0473002272689056, 'P_half': 664.2027816373393, 'pre_dampen_half': 14.689898077648792, 'gpp_af': 0.028585493941961918, 'gpp_b': 3.228689523591491e-05, 'gpp_d': 39.827466658711515, 'ign_k': 3.7173717478250508, 'ign_c': 2.4287565087611744}.
[I 2026-08-06 02:26:14,540] Trial 857 finished with values: [10.766368587928113, 10.766368587928113] and parameters: {'k1': 0.0011918981992518336, 'D_low': 18.522006003174383, 'k2': 4.763991596630584e-05, 'D_high': 1687.3495104568947, 'fire_exp': 1.010722707674549, 'P_half': 608.3019192425825, 'pre_dampen_half': 14.689898077648792, 'gpp_af': 0.002178024787135677, 'gpp_b': 0.6637926838138378, 'gpp_d': 100.41128827692584, 'ign_k': 3.7173717478250508, 'ign_c': 14.367095138664217}.
[I 2026-08-06 02:26:15,679] Trial 858 finished with values: [10.15089283712711, 10.15089283712711] and parameters: {'k1': 0.021368329072358756, 'D_low': 9.330007965781027, 'k2': 4.763991596630584e-05, 'D_high': 400.9149428326862, 'fire_exp': 1.0473002272689056, 'P_half': 608.3019192425825, 'pre_dampen_half': 14.689898077648792, 'gpp_af': 22.766850248686247, 'gpp_b': 1.5938003265859821, 'gpp_d': 39.827466658711515, 'ign_k': 3.7173717478250508, 'ign_c': 14.367095138664217}.
[I 2026-08-06 02:26:16,786] Trial 859 finished with values: [-0.5268897044082772, 0.0353366802848053] and parameters: {'k1': 0.021368329072358756, 'D_low': 1.54121727098019, 'k2': 4.763991596630584e-05, 'D_high': 31030.112026960956, 'fire_exp': 1.010722707674549, 'P_half': 39.03214299767183, 'pre_dampen_half': 3.3594011166738142, 'gpp_af': 4.582731702170249, 'gpp_b': 0.10123867001105968, 'gpp_d': 107.84642153666701, 'ign_k': 0.03141110271934876, 'ign_c': 34.19108473554449}.
[I 2026-08-06 02:26:17,862] Trial 860 finished with values: [-0.5681433172763081, 0.029130475006794776] and parameters: {'k1': 0.021368329072358756, 'D_low': 9.330007965781027, 'k2': 4.763991596630584e-05, 'D_high': 6455.595882939566, 'fire_exp': 1.0473002272689056, 'P_half': 608.3019192425825, 'pre_dampen_half': 14.689898077648792, 'gpp_af': 4.582731702170249, 'gpp_b': 0.10123867001105968, 'gpp_d': 107.84642153666701, 'ign_k': 3.7173717478250508, 'ign_c': 14.367095138664217}.
[I 2026-08-06 02:26:18,971] Trial 861 finished with values: [-0.543256130594717, 0.02286938966650931] and parameters: {'k1': 0.08926311370835228, 'D_low': 31.117676855667376, 'k2': 4.763991596630584e-05, 'D_high': 1687.3495104568947, 'fire_exp': 1.010722707674549, 'P_half': 608.3019192425825, 'pre_dampen_half': 14.689898077648792, 'gpp_af': 22.766850248686247, 'gpp_b': 0.10123867001105968, 'gpp_d': 39.827466658711515, 'ign_k': 3.7173717478250508, 'ign_c': 14.367095138664217}.
[I 2026-08-06 02:26:20,159] Trial 862 finished with values: [10.718565992499888, 10.718565992499888] and parameters: {'k1': 0.025383218374507292, 'D_low': 9.330007965781027, 'k2': 0.0499774937030317, 'D_high': 400.9149428326862, 'fire_exp': 1.7128214059652005, 'P_half': 608.3019192425825, 'pre_dampen_half': 3.3594011166738142, 'gpp_af': 22.766850248686247, 'gpp_b': 0.10123867001105968, 'gpp_d': 39.827466658711515, 'ign_k': 0.01474275315991467, 'ign_c': 0.7724824966785973}.
[I 2026-08-06 02:26:21,330] Trial 863 finished with values: [-0.5665833100742811, 0.029729489633408046] and parameters: {'k1': 0.03232155805617897, 'D_low': 9.330007965781027, 'k2': 4.763991596630584e-05, 'D_high': 6455.595882939566, 'fire_exp': 1.0473002272689056, 'P_half': 664.2027816373393, 'pre_dampen_half': 14.689898077648792, 'gpp_af': 22.766850248686247, 'gpp_b': 0.35446974723746, 'gpp_d': 368.30088529547436, 'ign_k': 3.7173717478250508, 'ign_c': 14.367095138664217}.
[I 2026-08-06 02:26:22,483] Trial 864 finished with values: [10.648077586584357, 10.648077586584357] and parameters: {'k1': 0.025383218374507292, 'D_low': 9.330007965781027, 'k2': 3.5917714215176105e-05, 'D_high': 1445.5983984872983, 'fire_exp': 1.0473002272689056, 'P_half': 664.2027816373393, 'pre_dampen_half': 14.689898077648792, 'gpp_af': 0.2343193755572473, 'gpp_b': 1.9075438289444453, 'gpp_d': 107.84642153666701, 'ign_k': 3.7173717478250508, 'ign_c': 14.367095138664217}.
[I 2026-08-06 02:26:23,605] Trial 865 finished with values: [-0.5514151774068411, 0.024527693790267313] and parameters: {'k1': 0.08926311370835228, 'D_low': 18.522006003174383, 'k2': 3.5917714215176105e-05, 'D_high': 1687.3495104568947, 'fire_exp': 1.010722707674549, 'P_half': 608.3019192425825, 'pre_dampen_half': 14.689898077648792, 'gpp_af': 0.2343193755572473, 'gpp_b': 0.10123867001105968, 'gpp_d': 39.827466658711515, 'ign_k': 3.7173717478250508, 'ign_c': 14.367095138664217}.
[I 2026-08-06 02:26:24,979] Trial 866 finished with values: [19.33579861366392, 19.33579861366392] and parameters: {'k1': 2.0937989739527727e-05, 'D_low': 7.068974950624602, 'k2': 4.763991596630584e-05, 'D_high': 75773.14388518519, 'fire_exp': 1.1044852285094786, 'P_half': 63.585411411994926, 'pre_dampen_half': 703.6426675556048, 'gpp_af': 10.25616274847308, 'gpp_b': 0.08040151168202724, 'gpp_d': 300.3420512048734, 'ign_k': 0.01474275315991467, 'ign_c': 0.8794311679173451}.
[I 2026-08-06 02:26:26,120] Trial 867 finished with values: [-0.568035912389699, 0.0240803889364547] and parameters: {'k1': 0.021368329072358756, 'D_low': 18.522006003174383, 'k2': 4.763991596630584e-05, 'D_high': 6455.595882939566, 'fire_exp': 1.0473002272689056, 'P_half': 664.2027816373393, 'pre_dampen_half': 14.689898077648792, 'gpp_af': 4.582731702170249, 'gpp_b': 0.6637926838138378, 'gpp_d': 891.8036602897795, 'ign_k': 3.7173717478250508, 'ign_c': 14.367095138664217}.
[I 2026-08-06 02:26:27,227] Trial 868 finished with values: [-0.5592589854360499, 0.025216238750300324] and parameters: {'k1': 0.021368329072358756, 'D_low': 26.21130418912424, 'k2': 1.4378290221680118e-05, 'D_high': 1665.1532285161688, 'fire_exp': 1.1044852285094786, 'P_half': 608.3019192425825, 'pre_dampen_half': 14.689898077648792, 'gpp_af': 0.09651979281656148, 'gpp_b': 0.0005995821881487623, 'gpp_d': 39.827466658711515, 'ign_k': 3.7173717478250508, 'ign_c': 14.367095138664217}.
[I 2026-08-06 02:26:28,338] Trial 869 finished with values: [-0.5531384622333527, 0.019994174776453932] and parameters: {'k1': 0.08926311370835228, 'D_low': 31.117676855667376, 'k2': 0.0499774937030317, 'D_high': 1687.3495104568947, 'fire_exp': 1.2680134752324452, 'P_half': 608.3019192425825, 'pre_dampen_half': 14.689898077648792, 'gpp_af': 0.2343193755572473, 'gpp_b': 0.1676789742547917, 'gpp_d': 39.827466658711515, 'ign_k': 7.799059237255681, 'ign_c': 14.367095138664217}.
[I 2026-08-06 02:26:29,418] Trial 870 finished with values: [10.061376538646638, 10.061376538646638] and parameters: {'k1': 0.03232155805617897, 'D_low': 9.330007965781027, 'k2': 4.763991596630584e-05, 'D_high': 6455.595882939566, 'fire_exp': 1.0473002272689056, 'P_half': 664.2027816373393, 'pre_dampen_half': 14.689898077648792, 'gpp_af': 22.766850248686247, 'gpp_b': 0.10123867001105968, 'gpp_d': 368.30088529547436, 'ign_k': 3.7173717478250508, 'ign_c': 14.367095138664217}.
[I 2026-08-06 02:26:30,523] Trial 871 finished with values: [10.109947947770747, 10.109947947770747] and parameters: {'k1': 0.025383218374507292, 'D_low': 135.4662616810925, 'k2': 4.763991596630584e-05, 'D_high': 400.9149428326862, 'fire_exp': 1.0473002272689056, 'P_half': 664.2027816373393, 'pre_dampen_half': 14.689898077648792, 'gpp_af': 22.766850248686247, 'gpp_b': 1.5938003265859821, 'gpp_d': 368.30088529547436, 'ign_k': 3.7173717478250508, 'ign_c': 14.367095138664217}.
[I 2026-08-06 02:26:31,706] Trial 872 finished with values: [-0.5417862389231857, 0.022894678675310476] and parameters: {'k1': 0.03232155805617897, 'D_low': 9.330007965781027, 'k2': 4.763991596630584e-05, 'D_high': 17.420858817889425, 'fire_exp': 1.010722707674549, 'P_half': 608.3019192425825, 'pre_dampen_half': 14.689898077648792, 'gpp_af': 22.766850248686247, 'gpp_b': 0.10123867001105968, 'gpp_d': 39.827466658711515, 'ign_k': 3.7173717478250508, 'ign_c': 14.367095138664217}.
[I 2026-08-06 02:26:32,869] Trial 873 finished with values: [10.148336172065127, 10.148336172065127] and parameters: {'k1': 0.00019830561549555954, 'D_low': 9.330007965781027, 'k2': 4.763991596630584e-05, 'D_high': 214.78683190589607, 'fire_exp': 1.0473002272689056, 'P_half': 664.2027816373393, 'pre_dampen_half': 14.689898077648792, 'gpp_af': 22.766850248686247, 'gpp_b': 2.800940363375676e-05, 'gpp_d': 39.827466658711515, 'ign_k': 3.7173717478250508, 'ign_c': 14.367095138664217}.
[I 2026-08-06 02:26:34,001] Trial 874 finished with values: [10.090991580019313, 10.090991580019313] and parameters: {'k1': 0.025383218374507292, 'D_low': 9.330007965781027, 'k2': 4.763991596630584e-05, 'D_high': 400.9149428326862, 'fire_exp': 1.0473002272689056, 'P_half': 608.3019192425825, 'pre_dampen_half': 14.689898077648792, 'gpp_af': 22.766850248686247, 'gpp_b': 0.6637926838138378, 'gpp_d': 39.827466658711515, 'ign_k': 0.476373748459372, 'ign_c': 14.367095138664217}.
[I 2026-08-06 02:26:35,100] Trial 875 finished with values: [10.730575162746076, 10.730575162746076] and parameters: {'k1': 0.021368329072358756, 'D_low': 9.330007965781027, 'k2': 0.0499774937030317, 'D_high': 94745.24974021548, 'fire_exp': 1.0473002272689056, 'P_half': 664.2027816373393, 'pre_dampen_half': 14.689898077648792, 'gpp_af': 4.582731702170249, 'gpp_b': 0.1676789742547917, 'gpp_d': 107.84642153666701, 'ign_k': 7.799059237255681, 'ign_c': 14.367095138664217}.
[I 2026-08-06 02:26:36,210] Trial 876 finished with values: [-0.5672461896463616, 0.024958622830996147] and parameters: {'k1': 0.021368329072358756, 'D_low': 18.522006003174383, 'k2': 3.5917714215176105e-05, 'D_high': 6455.595882939566, 'fire_exp': 1.0473002272689056, 'P_half': 608.3019192425825, 'pre_dampen_half': 14.689898077648792, 'gpp_af': 4.582731702170249, 'gpp_b': 0.10123867001105968, 'gpp_d': 39.827466658711515, 'ign_k': 3.7173717478250508, 'ign_c': 14.367095138664217}.
[I 2026-08-06 02:26:37,372] Trial 877 finished with values: [19.58042951437242, 19.58042951437242] and parameters: {'k1': 0.004439732043401208, 'D_low': 7.068974950624602, 'k2': 4.763991596630584e-05, 'D_high': 75773.14388518519, 'fire_exp': 1.0473002272689056, 'P_half': 170.2682488483631, 'pre_dampen_half': 45.00414872181379, 'gpp_af': 0.028585493941961918, 'gpp_b': 2.800940363375676e-05, 'gpp_d': 2.1184980150420962, 'ign_k': 0.1550134937334847, 'ign_c': 0.1740080621104638}.
[I 2026-08-06 02:26:38,495] Trial 878 finished with values: [-0.5636819308364408, 0.022015434515987975] and parameters: {'k1': 0.025383218374507292, 'D_low': 18.522006003174383, 'k2': 0.0004381141781653133, 'D_high': 400.9149428326862, 'fire_exp': 1.2680134752324452, 'P_half': 177.4954658911452, 'pre_dampen_half': 25.15960733455044, 'gpp_af': 11.234842109991876, 'gpp_b': 0.10123867001105968, 'gpp_d': 39.827466658711515, 'ign_k': 7.799059237255681, 'ign_c': 14.367095138664217}.
[I 2026-08-06 02:26:39,632] Trial 879 finished with values: [-0.5350456704301034, 0.02156207230587115] and parameters: {'k1': 0.08926311370835228, 'D_low': 18.522006003174383, 'k2': 3.5917714215176105e-05, 'D_high': 400.9149428326862, 'fire_exp': 1.010722707674549, 'P_half': 608.3019192425825, 'pre_dampen_half': 14.689898077648792, 'gpp_af': 0.2343193755572473, 'gpp_b': 0.1676789742547917, 'gpp_d': 39.827466658711515, 'ign_k': 3.7173717478250508, 'ign_c': 14.367095138664217}.
[I 2026-08-06 02:26:40,753] Trial 880 finished with values: [10.151306962147183, 10.151306962147183] and parameters: {'k1': 0.021368329072358756, 'D_low': 9.330007965781027, 'k2': 1.4378290221680118e-05, 'D_high': 75773.14388518519, 'fire_exp': 1.0473002272689056, 'P_half': 2.157758652553991, 'pre_dampen_half': 1.4445251022763053, 'gpp_af': 22.766850248686247, 'gpp_b': 1.5938003265859821, 'gpp_d': 613.9406964482342, 'ign_k': 0.1550134937334847, 'ign_c': 14.367095138664217}.
[I 2026-08-06 02:26:41,926] Trial 881 finished with values: [10.356574551244519, 10.356574551244519] and parameters: {'k1': 0.014666151770108535, 'D_low': 334.62201030483817, 'k2': 0.004940031671739378, 'D_high': 3660.150802571655, 'fire_exp': 1.3614924220931135, 'P_half': 5.15399351160314, 'pre_dampen_half': 1.6130673726933187, 'gpp_af': 0.2343193755572473, 'gpp_b': 0.0004837646996135023, 'gpp_d': 300.3420512048734, 'ign_k': 0.04563289369649656, 'ign_c': 3.735862630812751}.
[I 2026-08-06 02:26:43,142] Trial 882 finished with values: [10.238279239242933, 10.238279239242933] and parameters: {'k1': 0.03232155805617897, 'D_low': 9.330007965781027, 'k2': 4.763991596630584e-05, 'D_high': 6455.595882939566, 'fire_exp': 1.4972797202108397, 'P_half': 575.4658592592074, 'pre_dampen_half': 14.689898077648792, 'gpp_af': 22.766850248686247, 'gpp_b': 0.10123867001105968, 'gpp_d': 368.30088529547436, 'ign_k': 3.7173717478250508, 'ign_c': 14.367095138664217}.
[I 2026-08-06 02:26:44,283] Trial 883 finished with values: [10.002839144572388, 10.002839144572388] and parameters: {'k1': 0.08926311370835228, 'D_low': 18.522006003174383, 'k2': 3.5917714215176105e-05, 'D_high': 63.64067167735486, 'fire_exp': 1.010722707674549, 'P_half': 608.3019192425825, 'pre_dampen_half': 14.689898077648792, 'gpp_af': 0.2343193755572473, 'gpp_b': 0.1676789742547917, 'gpp_d': 39.827466658711515, 'ign_k': 3.7173717478250508, 'ign_c': 14.367095138664217}.
[I 2026-08-06 02:26:45,706] Trial 884 finished with values: [10.454908594700848, 10.454908594700848] and parameters: {'k1': 0.025383218374507292, 'D_low': 9.330007965781027, 'k2': 4.763991596630584e-05, 'D_high': 400.9149428326862, 'fire_exp': 1.2680134752324452, 'P_half': 664.2027816373393, 'pre_dampen_half': 3.3594011166738142, 'gpp_af': 22.766850248686247, 'gpp_b': 5.2308563179361105e-05, 'gpp_d': 368.30088529547436, 'ign_k': 3.7173717478250508, 'ign_c': 14.367095138664217}.
[I 2026-08-06 02:26:46,854] Trial 885 finished with values: [-0.5009742617100403, 0.046317231655911506] and parameters: {'k1': 0.08926311370835228, 'D_low': 31.117676855667376, 'k2': 0.0013909474988024091, 'D_high': 1687.3495104568947, 'fire_exp': 1.010722707674549, 'P_half': 39.03214299767183, 'pre_dampen_half': 1.6130673726933187, 'gpp_af': 22.766850248686247, 'gpp_b': 3.228689523591491e-05, 'gpp_d': 300.3420512048734, 'ign_k': 0.0024361599465623288, 'ign_c': 14.367095138664217}.
[I 2026-08-06 02:26:48,053] Trial 886 finished with values: [10.251830242474073, 10.251830242474073] and parameters: {'k1': 0.021368329072358756, 'D_low': 26.21130418912424, 'k2': 0.00014091459170104733, 'D_high': 633.1166646948959, 'fire_exp': 1.0473002272689056, 'P_half': 39.03214299767183, 'pre_dampen_half': 1.4445251022763053, 'gpp_af': 0.028585493941961918, 'gpp_b': 0.0005995821881487623, 'gpp_d': 5.878566318396007, 'ign_k': 0.01474275315991467, 'ign_c': 2.92043384718141}.
[I 2026-08-06 02:26:49,187] Trial 887 finished with values: [-0.555556665298143, 0.02822207082034245] and parameters: {'k1': 0.025383218374507292, 'D_low': 10.733257635049776, 'k2': 4.763991596630584e-05, 'D_high': 10584.084917159616, 'fire_exp': 1.010722707674549, 'P_half': 608.3019192425825, 'pre_dampen_half': 14.689898077648792, 'gpp_af': 22.766850248686247, 'gpp_b': 0.10123867001105968, 'gpp_d': 39.827466658711515, 'ign_k': 3.7173717478250508, 'ign_c': 14.367095138664217}.
[I 2026-08-06 02:26:50,328] Trial 888 finished with values: [10.21325732127741, 10.21325732127741] and parameters: {'k1': 0.025383218374507292, 'D_low': 9.330007965781027, 'k2': 0.00014091459170104733, 'D_high': 6455.595882939566, 'fire_exp': 1.1044852285094786, 'P_half': 664.2027816373393, 'pre_dampen_half': 5.542030950268268, 'gpp_af': 0.028585493941961918, 'gpp_b': 0.004282452111192166, 'gpp_d': 107.84642153666701, 'ign_k': 0.02456326518827606, 'ign_c': 14.367095138664217}.
[I 2026-08-06 02:26:51,488] Trial 889 finished with values: [-0.5723855338210253, 0.02670242305454662] and parameters: {'k1': 0.025383218374507292, 'D_low': 18.522006003174383, 'k2': 0.0004381141781653133, 'D_high': 1687.3495104568947, 'fire_exp': 1.2680134752324452, 'P_half': 608.3019192425825, 'pre_dampen_half': 25.15960733455044, 'gpp_af': 22.766850248686247, 'gpp_b': 0.09760461369620549, 'gpp_d': 300.3420512048734, 'ign_k': 3.7173717478250508, 'ign_c': 14.367095138664217}.
[I 2026-08-06 02:26:52,679] Trial 890 finished with values: [-0.5341634198552331, 0.0197289160963664] and parameters: {'k1': 0.025383218374507292, 'D_low': 9.330007965781027, 'k2': 4.763991596630584e-05, 'D_high': 1687.3495104568947, 'fire_exp': 1.0473002272689056, 'P_half': 664.2027816373393, 'pre_dampen_half': 14.689898077648792, 'gpp_af': 22.766850248686247, 'gpp_b': 0.10123867001105968, 'gpp_d': 39.827466658711515, 'ign_k': 3.7173717478250508, 'ign_c': 14.367095138664217}.
[I 2026-08-06 02:26:53,867] Trial 891 finished with values: [10.580054155367726, 10.580054155367726] and parameters: {'k1': 0.003381093273170853, 'D_low': 18.522006003174383, 'k2': 3.5917714215176105e-05, 'D_high': 17.420858817889425, 'fire_exp': 1.2680134752324452, 'P_half': 1519.8469040509603, 'pre_dampen_half': 14.689898077648792, 'gpp_af': 22.766850248686247, 'gpp_b': 0.10123867001105968, 'gpp_d': 39.827466658711515, 'ign_k': 7.799059237255681, 'ign_c': 14.367095138664217}.
[I 2026-08-06 02:26:55,028] Trial 892 finished with values: [10.102983522762056, 10.102983522762056] and parameters: {'k1': 0.003381093273170853, 'D_low': 1.2299210465793122, 'k2': 4.763991596630584e-05, 'D_high': 400.9149428326862, 'fire_exp': 1.2680134752324452, 'P_half': 608.3019192425825, 'pre_dampen_half': 14.689898077648792, 'gpp_af': 0.028585493941961918, 'gpp_b': 1.722111409234053e-05, 'gpp_d': 39.827466658711515, 'ign_k': 3.7173717478250508, 'ign_c': 14.367095138664217}.
[I 2026-08-06 02:26:56,164] Trial 893 finished with values: [-0.5494865722331828, 0.021053338070534666] and parameters: {'k1': 0.025383218374507292, 'D_low': 10.733257635049776, 'k2': 4.763991596630584e-05, 'D_high': 1687.3495104568947, 'fire_exp': 1.0473002272689056, 'P_half': 608.3019192425825, 'pre_dampen_half': 14.689898077648792, 'gpp_af': 0.2343193755572473, 'gpp_b': 0.10123867001105968, 'gpp_d': 39.827466658711515, 'ign_k': 3.7173717478250508, 'ign_c': 14.367095138664217}.
[I 2026-08-06 02:26:57,369] Trial 894 finished with values: [10.76923076805719, 10.76923076805719] and parameters: {'k1': 0.025383218374507292, 'D_low': 7.068974950624602, 'k2': 0.0499774937030317, 'D_high': 400.9149428326862, 'fire_exp': 1.0473002272689056, 'P_half': 608.3019192425825, 'pre_dampen_half': 1.4445251022763053, 'gpp_af': 43.24033972449845, 'gpp_b': 0.10123867001105968, 'gpp_d': 5.878566318396007, 'ign_k': 3.7173717478250508, 'ign_c': 34.19108473554449}.
[I 2026-08-06 02:26:58,679] Trial 895 finished with values: [-0.5616234709140617, 0.011039742216842563] and parameters: {'k1': 0.021368329072358756, 'D_low': 31.117676855667376, 'k2': 0.0499774937030317, 'D_high': 6455.595882939566, 'fire_exp': 1.7164931785633317, 'P_half': 276.27089412392087, 'pre_dampen_half': 14.689898077648792, 'gpp_af': 4.582731702170249, 'gpp_b': 0.1676789742547917, 'gpp_d': 39.827466658711515, 'ign_k': 3.7173717478250508, 'ign_c': 14.367095138664217}.
[I 2026-08-06 02:26:59,819] Trial 896 finished with values: [10.728664629552316, 10.728664629552316] and parameters: {'k1': 0.0016129739560722712, 'D_low': 1.2299210465793122, 'k2': 0.0022957398214549472, 'D_high': 3660.150802571655, 'fire_exp': 2.5079329178338456, 'P_half': 5.15399351160314, 'pre_dampen_half': 0.057820263517959394, 'gpp_af': 0.04196905103888626, 'gpp_b': 5.2308563179361105e-05, 'gpp_d': 300.3420512048734, 'ign_k': 7.799059237255681, 'ign_c': 0.1457050032975653}.
[I 2026-08-06 02:27:00,978] Trial 897 finished with values: [12.381278044427358, 12.381278044427358] and parameters: {'k1': 0.08926311370835228, 'D_low': 18.522006003174383, 'k2': 3.5917714215176105e-05, 'D_high': 263.0178499745551, 'fire_exp': 1.0473002272689056, 'P_half': 608.3019192425825, 'pre_dampen_half': 917.1017259920797, 'gpp_af': 4.582731702170249, 'gpp_b': 0.10123867001105968, 'gpp_d': 39.827466658711515, 'ign_k': 3.7173717478250508, 'ign_c': 14.367095138664217}.
[I 2026-08-06 02:27:02,185] Trial 898 finished with values: [10.132176312905663, 10.132176312905663] and parameters: {'k1': 0.08926311370835228, 'D_low': 18.522006003174383, 'k2': 3.5917714215176105e-05, 'D_high': 1687.3495104568947, 'fire_exp': 1.0473002272689056, 'P_half': 608.3019192425825, 'pre_dampen_half': 25.15960733455044, 'gpp_af': 4.582731702170249, 'gpp_b': 0.10123867001105968, 'gpp_d': 39.827466658711515, 'ign_k': 3.7173717478250508, 'ign_c': 14.367095138664217}.
[I 2026-08-06 02:27:03,387] Trial 899 finished with values: [10.215465708533312, 10.215465708533312] and parameters: {'k1': 0.025383218374507292, 'D_low': 31.117676855667376, 'k2': 0.0499774937030317, 'D_high': 1687.3495104568947, 'fire_exp': 1.010722707674549, 'P_half': 608.3019192425825, 'pre_dampen_half': 14.689898077648792, 'gpp_af': 0.2343193755572473, 'gpp_b': 0.10123867001105968, 'gpp_d': 39.827466658711515, 'ign_k': 7.799059237255681, 'ign_c': 14.367095138664217}.
