[I 2026-07-24 02:12:45,719] Trial 896 finished with value: 0.63499899643051 and parameters: {'k1': 0.002462809596995255, 'D_low': 1.0149458733550638, 'k2': 0.008619168040516297, 'D_high': 22.86726508160041, 'fire_exp': 1.4718065304467258, 'P_half': 277.9462798395404, 'pre_dampen_half': 157.57941225796108, 'gpp_af': 0.00892365630192753, 'gpp_b': 9.178363242716516, 'gpp_d': 4.2779135086994025, 'ign_k': 2.199434443227033, 'ign_c': 13.919135076750683, 'trop_agb_crit': 10.271423107530048, 'trop_k_veg': 2.64811551596848, 'gdp_gamma': 0.004780195893584528, 'fuel_k': 1.1000374354480118, 'fuel_half': 14.886616156938027}. Best is trial 335 with value: -0.6233152110406992.
[I 2026-07-24 02:12:46,181] Trial 897 finished with value: -0.6029277139908842 and parameters: {'k1': 0.0004716542562170014, 'D_low': 1.1353549417787918, 'k2': 0.000860801553266059, 'D_high': 6443103.3913002135, 'fire_exp': 2.0357475343336104, 'P_half': 2.9950273511767724, 'pre_dampen_half': 9.185025428520861, 'gpp_af': 0.0015697939431790053, 'gpp_b': 0.00021447061374260795, 'gpp_d': 3.421208123729598, 'ign_k': 0.011704369392457793, 'ign_c': 0.2810143815085549, 'trop_agb_crit': 1.7142362189828597, 'trop_k_veg': 1.2163323452935022, 'gdp_gamma': 1.933944522656768, 'fuel_k': 0.028070426664748863, 'fuel_half': 13.464051636063473}. Best is trial 335 with value: -0.6233152110406992.
[I 2026-07-24 02:12:46,633] Trial 898 finished with value: 0.448496448041628 and parameters: {'k1': 0.0006665779811992896, 'D_low': 2.119472181335721, 'k2': 0.000870066616055956, 'D_high': 7155774.80035903, 'fire_exp': 1.7507663659984931, 'P_half': 35.23353463694252, 'pre_dampen_half': 65.60412662749926, 'gpp_af': 0.002809155002728749, 'gpp_b': 0.0057924717309271925, 'gpp_d': 3.8180548990284735, 'ign_k': 0.06475935073720313, 'ign_c': 0.23628649382486988, 'trop_agb_crit': 4.024301211307258, 'trop_k_veg': 1.1249921589694512, 'gdp_gamma': 0.8440883366634273, 'fuel_k': 0.03537342420101483, 'fuel_half': 2.0637277678392136}. Best is trial 335 with value: -0.6233152110406992.
[I 2026-07-24 02:12:47,087] Trial 899 finished with value: 0.43747551989243905 and parameters: {'k1': 0.0005125788891706849, 'D_low': 2.7825919211659063, 'k2': 0.0006658360014725671, 'D_high': 2247185.228427596, 'fire_exp': 3.5958371203371517, 'P_half': 4.7798285117553485, 'pre_dampen_half': 3.6750990339667275, 'gpp_af': 0.00426692388545271, 'gpp_b': 0.00013807807026246672, 'gpp_d': 9.020070110046332, 'ign_k': 0.05862288205382695, 'ign_c': 0.1760474724823031, 'trop_agb_crit': 1.5315624736241114, 'trop_k_veg': 0.649229093350351, 'gdp_gamma': 0.7932478310102206, 'fuel_k': 0.21590414767833224, 'fuel_half': 37.51575022205777}. Best is trial 335 with value: -0.6233152110406992.
[I 2026-07-24 02:12:47,547] Trial 900 finished with value: 0.5244100313106903 and parameters: {'k1': 3.445606208306733e-05, 'D_low': 22.60540147599508, 'k2': 0.000827547206234182, 'D_high': 3287777.3729234575, 'fire_exp': 1.1659092106811302, 'P_half': 3.1812440489943676, 'pre_dampen_half': 31.390076071833533, 'gpp_af': 0.0017207947918810285, 'gpp_b': 6.939742865316276e-05, 'gpp_d': 0.17529354552918502, 'ign_k': 0.024667013295812303, 'ign_c': 7.964719121567794, 'trop_agb_crit': 3.52254324928486, 'trop_k_veg': 1.527992986216007, 'gdp_gamma': 0.9216764290675576, 'fuel_k': 0.21907057664091464, 'fuel_half': 29.04634745054728}. Best is trial 335 with value: -0.6233152110406992.
[I 2026-07-24 02:12:48,001] Trial 901 finished with value: 0.4635305262735372 and parameters: {'k1': 3.0313795744729952e-05, 'D_low': 6.08831543663835, 'k2': 0.0005669829544291021, 'D_high': 1744865.856338529, 'fire_exp': 1.8033489363476125, 'P_half': 1.4288727261337686, 'pre_dampen_half': 1.9384305922907272, 'gpp_af': 0.003771324821358497, 'gpp_b': 0.0003643860386222098, 'gpp_d': 0.2881161864101936, 'ign_k': 0.001770468949317217, 'ign_c': 0.24915724926221863, 'trop_agb_crit': 1.7757296547232402, 'trop_k_veg': 2.670312036090799, 'gdp_gamma': 1.3981133725056225, 'fuel_k': 0.015261746062112634, 'fuel_half': 30.88298723145714}. Best is trial 335 with value: -0.6233152110406992.
[I 2026-07-24 02:12:48,460] Trial 902 finished with value: 0.422786194757125 and parameters: {'k1': 0.0009277567171221366, 'D_low': 5.877549804810745, 'k2': 0.004898599308496992, 'D_high': 1199572.5166474436, 'fire_exp': 2.065798610657268, 'P_half': 7.973240023631387, 'pre_dampen_half': 51.68596994766365, 'gpp_af': 0.0017746806723720743, 'gpp_b': 0.0001233837045774352, 'gpp_d': 8.07702369307197, 'ign_k': 0.02663420799601606, 'ign_c': 0.9826214198268397, 'trop_agb_crit': 1.8056812368784387, 'trop_k_veg': 0.7698652820520795, 'gdp_gamma': 0.6207736843572963, 'fuel_k': 0.019844258489840092, 'fuel_half': 72.2133337932228}. Best is trial 335 with value: -0.6233152110406992.
[I 2026-07-24 02:12:48,926] Trial 903 finished with value: 0.6445374145881376 and parameters: {'k1': 0.0005799292178023908, 'D_low': 3.5390729668365597, 'k2': 0.00023158781384933144, 'D_high': 306222.8760817383, 'fire_exp': 4.038840160590546, 'P_half': 31.421324767318865, 'pre_dampen_half': 667.9706298984391, 'gpp_af': 0.02829048724381105, 'gpp_b': 5.626286568913302e-05, 'gpp_d': 69.81616361693138, 'ign_k': 2.6299010256383295, 'ign_c': 46.643795252322064, 'trop_agb_crit': 16.25130887486472, 'trop_k_veg': 0.6019279064615267, 'gdp_gamma': 0.002508696240710903, 'fuel_k': 3.7525198860740234, 'fuel_half': 0.4611514571180087}. Best is trial 335 with value: -0.6233152110406992.
[I 2026-07-24 02:12:49,378] Trial 904 finished with value: 0.41558288540410904 and parameters: {'k1': 3.366194243333986e-05, 'D_low': 1.2217020797596143, 'k2': 0.0774784127150016, 'D_high': 4678891.561083817, 'fire_exp': 1.3713619630025302, 'P_half': 38.474213094766384, 'pre_dampen_half': 93.48537946357507, 'gpp_af': 0.01628265735632617, 'gpp_b': 0.00042612566861727354, 'gpp_d': 0.05983948593090484, 'ign_k': 0.010111597145321324, 'ign_c': 68.79670545524196, 'trop_agb_crit': 2.5717190714751594, 'trop_k_veg': 1.1297489674709276, 'gdp_gamma': 1.1132178339649639, 'fuel_k': 0.03325211025251241, 'fuel_half': 8.214585551358152}. Best is trial 335 with value: -0.6233152110406992.
[I 2026-07-24 02:12:49,833] Trial 905 finished with value: 0.5825580052363954 and parameters: {'k1': 2.9556205750600168e-05, 'D_low': 3.1679354488632394, 'k2': 0.07407105983125695, 'D_high': 292743.815072617, 'fire_exp': 2.8491876502371216, 'P_half': 31.180961388113193, 'pre_dampen_half': 11.570415033400801, 'gpp_af': 0.006370567424595065, 'gpp_b': 0.0027840229571198575, 'gpp_d': 2.615515185511912, 'ign_k': 0.02497633974738763, 'ign_c': 22.814693522968344, 'trop_agb_crit': 1.2994666377073605, 'trop_k_veg': 1.191271375222883, 'gdp_gamma': 0.41524150470015225, 'fuel_k': 0.012904568269243601, 'fuel_half': 6.366173799241161}. Best is trial 335 with value: -0.6233152110406992.
[I 2026-07-24 02:12:50,291] Trial 906 finished with value: 0.6466679679302796 and parameters: {'k1': 0.0011207434999300262, 'D_low': 16.95897483120446, 'k2': 0.00017843433025700097, 'D_high': 3460210.0973561797, 'fire_exp': 1.5236002583438082, 'P_half': 1.0051527022004265, 'pre_dampen_half': 135.28837556440575, 'gpp_af': 0.00834216438285558, 'gpp_b': 0.0008967680187144729, 'gpp_d': 0.8245321946174213, 'ign_k': 0.34255198303269635, 'ign_c': 0.23523657219853322, 'trop_agb_crit': 1.1283465621072213, 'trop_k_veg': 2.031463217728674, 'gdp_gamma': 0.9710762860360708, 'fuel_k': 0.01566119915318754, 'fuel_half': 0.9529427356994945}. Best is trial 335 with value: -0.6233152110406992.
[I 2026-07-24 02:12:50,826] Trial 907 finished with value: -0.6100167865592268 and parameters: {'k1': 0.0007391942982151227, 'D_low': 3.2228286904183463, 'k2': 0.0006059587465264746, 'D_high': 477881.0971346732, 'fire_exp': 1.7716237404790962, 'P_half': 5.418434804844654, 'pre_dampen_half': 3.865915087774265, 'gpp_af': 0.0033750956785948047, 'gpp_b': 9.642363050976444e-05, 'gpp_d': 1.965790414548075, 'ign_k': 0.003789346020915734, 'ign_c': 0.13256673865119492, 'trop_agb_crit': 2.471281242256418, 'trop_k_veg': 1.2982353058283085, 'gdp_gamma': 0.7489009798471554, 'fuel_k': 0.023803351879252324, 'fuel_half': 10.76718579681016}. Best is trial 335 with value: -0.6233152110406992.
[I 2026-07-24 02:12:51,281] Trial 908 finished with value: 0.5801953446984809 and parameters: {'k1': 0.0008882890161179264, 'D_low': 6.796645307312819, 'k2': 3.364988088506622e-05, 'D_high': 4901.99135814662, 'fire_exp': 1.749000441392312, 'P_half': 4.677143648242563, 'pre_dampen_half': 0.7981179450840276, 'gpp_af': 0.017362612934721078, 'gpp_b': 0.00010168602321697675, 'gpp_d': 1.7437203521308606, 'ign_k': 0.0015676565703902712, 'ign_c': 0.1470162798883684, 'trop_agb_crit': 1.3998572707380363, 'trop_k_veg': 1.9704421154031633, 'gdp_gamma': 0.561671908811959, 'fuel_k': 0.02256358756704779, 'fuel_half': 4.0013602382699585}. Best is trial 335 with value: -0.6233152110406992.
[I 2026-07-24 02:12:51,747] Trial 909 finished with value: -0.5957825503036568 and parameters: {'k1': 0.00033333553050641856, 'D_low': 9.398932533295795, 'k2': 6.311612071607818e-05, 'D_high': 240132.77101964332, 'fire_exp': 1.6075842344735731, 'P_half': 15.51785091773964, 'pre_dampen_half': 1.2341524933920995, 'gpp_af': 0.024455375883135313, 'gpp_b': 2.601841070853285e-05, 'gpp_d': 0.09363614774365922, 'ign_k': 0.0016341157840469658, 'ign_c': 151.30024939717464, 'trop_agb_crit': 19.615691365753754, 'trop_k_veg': 1.2169496394648005, 'gdp_gamma': 1.209211226919135, 'fuel_k': 0.10680012666669338, 'fuel_half': 10.344875765214018}. Best is trial 335 with value: -0.6233152110406992.
[I 2026-07-24 02:12:52,201] Trial 910 finished with value: 0.440359903352294 and parameters: {'k1': 0.0008380431558555731, 'D_low': 6.735704788454447, 'k2': 0.0014973737585777032, 'D_high': 230393.46843377495, 'fire_exp': 1.2328632817029903, 'P_half': 3.4410279503280057, 'pre_dampen_half': 79.75007514193834, 'gpp_af': 0.004714454884251897, 'gpp_b': 1.0753221552896282e-05, 'gpp_d': 0.2177067755778373, 'ign_k': 0.0325323337125792, 'ign_c': 0.1771113571817245, 'trop_agb_crit': 2.976239834350756, 'trop_k_veg': 1.1733041966292859, 'gdp_gamma': 0.07721672431658513, 'fuel_k': 0.05384456618121783, 'fuel_half': 3.925626753563454}. Best is trial 335 with value: -0.6233152110406992.
[I 2026-07-24 02:12:52,652] Trial 911 finished with value: 0.4077519840088455 and parameters: {'k1': 0.0005251773859987208, 'D_low': 2860.902759462447, 'k2': 0.016792021187858004, 'D_high': 1035403.960820228, 'fire_exp': 1.2151922607565817, 'P_half': 30.78623505896504, 'pre_dampen_half': 0.9841466271851242, 'gpp_af': 0.1315964115293649, 'gpp_b': 0.0004684418645867761, 'gpp_d': 7.182117623420562, 'ign_k': 0.0019274030515644513, 'ign_c': 8.628970690874423, 'trop_agb_crit': 27.82664234386246, 'trop_k_veg': 0.9465753573877379, 'gdp_gamma': 0.786983592440929, 'fuel_k': 0.08737830239026656, 'fuel_half': 24.355591172065104}. Best is trial 335 with value: -0.6233152110406992.
[I 2026-07-24 02:12:53,109] Trial 912 finished with value: -0.4727403297489752 and parameters: {'k1': 3.9924289297222455e-05, 'D_low': 1.2716171621742574, 'k2': 0.021369041559253298, 'D_high': 5304690.270811247, 'fire_exp': 1.29280551466622, 'P_half': 126.6451224357124, 'pre_dampen_half': 44.70193668942285, 'gpp_af': 0.9146834905136592, 'gpp_b': 5.848331750923935e-05, 'gpp_d': 0.06595873117423602, 'ign_k': 0.0016193960063166871, 'ign_c': 10.492672641521848, 'trop_agb_crit': 1.004331861584223, 'trop_k_veg': 1.5148342355500815, 'gdp_gamma': 0.6920358828198637, 'fuel_k': 0.018545074427686895, 'fuel_half': 5.977669415252772}. Best is trial 335 with value: -0.6233152110406992.
[I 2026-07-24 02:12:53,563] Trial 913 finished with value: 0.47042832134378343 and parameters: {'k1': 0.0008337690345690362, 'D_low': 14.642761877410233, 'k2': 0.0003065197809685289, 'D_high': 1764080.6832814876, 'fire_exp': 1.8567351653074844, 'P_half': 1.46297798080715, 'pre_dampen_half': 0.7457595414327198, 'gpp_af': 0.015974333233017012, 'gpp_b': 0.0005555917448551844, 'gpp_d': 4.027324251002787, 'ign_k': 0.3293813809619419, 'ign_c': 0.4958183257503997, 'trop_agb_crit': 2.261156316352251, 'trop_k_veg': 0.9742909118305235, 'gdp_gamma': 0.9983030835710768, 'fuel_k': 0.04142500447117857, 'fuel_half': 8.3666956394443}. Best is trial 335 with value: -0.6233152110406992.
[I 2026-07-24 02:12:54,015] Trial 914 finished with value: 0.5585361657442076 and parameters: {'k1': 0.016553800978075614, 'D_low': 7.494647735332077, 'k2': 0.0007225349418768237, 'D_high': 3919505.5194310783, 'fire_exp': 2.492928373529784, 'P_half': 34.52683120142975, 'pre_dampen_half': 0.8395162065372654, 'gpp_af': 0.44951600227536564, 'gpp_b': 1.3255069140773393e-05, 'gpp_d': 42.51266776203659, 'ign_k': 0.004998664441747136, 'ign_c': 0.6808659100943752, 'trop_agb_crit': 23.824230706393422, 'trop_k_veg': 7.215035938105586, 'gdp_gamma': 0.046754905676808026, 'fuel_k': 0.026675878579662738, 'fuel_half': 4.913363527355618}. Best is trial 335 with value: -0.6233152110406992.
[I 2026-07-24 02:12:54,472] Trial 915 finished with value: 0.565680276940608 and parameters: {'k1': 0.014697641323568576, 'D_low': 5.030902644444729, 'k2': 0.002546549512920359, 'D_high': 9785446.882983187, 'fire_exp': 3.345178896608875, 'P_half': 3.9171472043080384, 'pre_dampen_half': 17.925571691851474, 'gpp_af': 0.001011842645023811, 'gpp_b': 0.00019185995902068685, 'gpp_d': 4.1163712048284795, 'ign_k': 0.0019144165307996785, 'ign_c': 0.20315142822008825, 'trop_agb_crit': 3.7204636273838383, 'trop_k_veg': 3.252779343053606, 'gdp_gamma': 0.3597869753905071, 'fuel_k': 0.04275969981374702, 'fuel_half': 1.6425187902598104}. Best is trial 335 with value: -0.6233152110406992.
[I 2026-07-24 02:12:54,926] Trial 916 finished with value: 0.5540330201082313 and parameters: {'k1': 0.0019738616271322675, 'D_low': 34.96003107657404, 'k2': 0.002022454499259172, 'D_high': 4394171.079175268, 'fire_exp': 1.5413670819401704, 'P_half': 14.342286338354745, 'pre_dampen_half': 3.938014988063374, 'gpp_af': 0.0024868216358201784, 'gpp_b': 0.00014672464595745532, 'gpp_d': 1.3904177119548482, 'ign_k': 0.15063931420869278, 'ign_c': 0.30945393026623974, 'trop_agb_crit': 1.821517401576712, 'trop_k_veg': 1.415504149940239, 'gdp_gamma': 1.0499661805238958, 'fuel_k': 0.013794872898038815, 'fuel_half': 6.9127664032273985}. Best is trial 335 with value: -0.6233152110406992.
[I 2026-07-24 02:12:55,381] Trial 917 finished with value: 0.5750795686510184 and parameters: {'k1': 2.4183328333243987e-05, 'D_low': 157.29455156447187, 'k2': 0.0001828678769180469, 'D_high': 48857.20299980091, 'fire_exp': 2.025362899617663, 'P_half': 2.5315055896578054, 'pre_dampen_half': 7.919299713757655, 'gpp_af': 0.00173775164261423, 'gpp_b': 2.717837540967097e-05, 'gpp_d': 3.3021746728727903, 'ign_k': 0.0018056180306067703, 'ign_c': 0.4715865365505076, 'trop_agb_crit': 1.3266754066845645, 'trop_k_veg': 0.8676221328004207, 'gdp_gamma': 0.32598301084481407, 'fuel_k': 0.06335971184583061, 'fuel_half': 22.483614109322524}. Best is trial 335 with value: -0.6233152110406992.
[I 2026-07-24 02:12:55,835] Trial 918 finished with value: 0.5650011134992668 and parameters: {'k1': 8.747734931444536e-05, 'D_low': 27.96801457102375, 'k2': 3.1080052458274514e-05, 'D_high': 26304.005051853157, 'fire_exp': 1.0550840750426564, 'P_half': 186.422549230335, 'pre_dampen_half': 1.7387128412022301, 'gpp_af': 0.0021258911606686077, 'gpp_b': 0.002049314282500476, 'gpp_d': 29.67438361405415, 'ign_k': 0.01037504516136467, 'ign_c': 74.40446427624046, 'trop_agb_crit': 2.891588407017402, 'trop_k_veg': 3.599378149029472, 'gdp_gamma': 0.5533926978362446, 'fuel_k': 0.010434207576459758, 'fuel_half': 21.215823229180838}. Best is trial 335 with value: -0.6233152110406992.
[I 2026-07-24 02:12:56,294] Trial 919 finished with value: -0.4856719239580749 and parameters: {'k1': 2.3794248004814235e-05, 'D_low': 2.2767327167058755, 'k2': 0.00027128325131258114, 'D_high': 5479691.179608224, 'fire_exp': 1.4897158361462823, 'P_half': 4.3603346304673805, 'pre_dampen_half': 63.77735077642304, 'gpp_af': 0.005648725451466229, 'gpp_b': 0.0006480016119180457, 'gpp_d': 2.603116084543203, 'ign_k': 0.0010990383517295776, 'ign_c': 7.610328482517783, 'trop_agb_crit': 4.73264811644569, 'trop_k_veg': 3.727730256444649, 'gdp_gamma': 0.06668593266733859, 'fuel_k': 0.4040727026798188, 'fuel_half': 25.03524927330027}. Best is trial 335 with value: -0.6233152110406992.
[I 2026-07-24 02:12:56,745] Trial 920 finished with value: 0.5459074526303929 and parameters: {'k1': 0.00018141070005087926, 'D_low': 7.504275354555538, 'k2': 0.0006335818378938479, 'D_high': 1227501.2388029657, 'fire_exp': 3.119596070064306, 'P_half': 2.074656462330614, 'pre_dampen_half': 13.718358587253299, 'gpp_af': 0.0589544228770299, 'gpp_b': 0.005843232621662835, 'gpp_d': 1.0392381104541943, 'ign_k': 0.0037796451578371412, 'ign_c': 0.4325174001309294, 'trop_agb_crit': 2.556119503228162, 'trop_k_veg': 0.756186502864374, 'gdp_gamma': 0.974961689801184, 'fuel_k': 0.022745395729648964, 'fuel_half': 23.446420744403976}. Best is trial 335 with value: -0.6233152110406992.
[I 2026-07-24 02:12:57,197] Trial 921 finished with value: 0.539975081774276 and parameters: {'k1': 0.0007792185948132317, 'D_low': 2.934093122814437, 'k2': 0.001017959403042867, 'D_high': 72877.1459724643, 'fire_exp': 1.2182879265572413, 'P_half': 6.859926941249212, 'pre_dampen_half': 73.85392471491694, 'gpp_af': 0.005757129277501056, 'gpp_b': 0.002619876356527165, 'gpp_d': 11.920726672590582, 'ign_k': 0.0035909077717126555, 'ign_c': 28.947626867626997, 'trop_agb_crit': 12.754613947906137, 'trop_k_veg': 1.5170556862127853, 'gdp_gamma': 1.045000103067237, 'fuel_k': 0.14735444350051335, 'fuel_half': 33.7230465414686}. Best is trial 335 with value: -0.6233152110406992.
[I 2026-07-24 02:12:57,650] Trial 922 finished with value: -0.5475057253531325 and parameters: {'k1': 1.4068275107738114e-05, 'D_low': 6.276659286943112, 'k2': 0.000370030911406913, 'D_high': 3316040.731328559, 'fire_exp': 1.367651072088511, 'P_half': 1.7081601411148593, 'pre_dampen_half': 12.97397089800467, 'gpp_af': 0.009757168723085212, 'gpp_b': 4.297338372997797e-05, 'gpp_d': 28.716411250890467, 'ign_k': 0.002419771534340832, 'ign_c': 41.57190525875698, 'trop_agb_crit': 3.4930489838188747, 'trop_k_veg': 5.1766099677220225, 'gdp_gamma': 0.2393794211823825, 'fuel_k': 0.08814904037420397, 'fuel_half': 0.8264293766381576}. Best is trial 335 with value: -0.6233152110406992.
[I 2026-07-24 02:12:58,101] Trial 923 finished with value: 0.4336483274230214 and parameters: {'k1': 0.02985703648168632, 'D_low': 2.9992233420697305, 'k2': 0.006108885772822032, 'D_high': 3655166.033968947, 'fire_exp': 1.924215921740665, 'P_half': 129.05770006149493, 'pre_dampen_half': 0.19673798193335296, 'gpp_af': 0.5067100508966349, 'gpp_b': 3.648716450624576e-05, 'gpp_d': 114.68204676911401, 'ign_k': 0.0018795926111297235, 'ign_c': 0.2388701717675982, 'trop_agb_crit': 14.593839562297218, 'trop_k_veg': 1.7995892590614477, 'gdp_gamma': 1.453421748840028, 'fuel_k': 0.027336451683406336, 'fuel_half': 4.00590525380332}. Best is trial 335 with value: -0.6233152110406992.
[I 2026-07-24 02:12:58,575] Trial 924 finished with value: 0.579670755117477 and parameters: {'k1': 0.0013276904015719051, 'D_low': 42.136500952269856, 'k2': 0.036913978531208994, 'D_high': 4302873.319828277, 'fire_exp': 3.8168192465865727, 'P_half': 209.18324464412615, 'pre_dampen_half': 49.362027968665444, 'gpp_af': 0.031880125158512955, 'gpp_b': 2.585892621172966e-05, 'gpp_d': 575.552442623273, 'ign_k': 0.02767720771087165, 'ign_c': 39.0866879291054, 'trop_agb_crit': 3.5537202511562964, 'trop_k_veg': 0.67895005440521, 'gdp_gamma': 1.8420401706390463, 'fuel_k': 0.0419267609746052, 'fuel_half': 21.518191853357887}. Best is trial 335 with value: -0.6233152110406992.
[I 2026-07-24 02:12:59,080] Trial 925 finished with value: 0.5831561098007931 and parameters: {'k1': 9.517051429148749e-05, 'D_low': 6.989186948106381, 'k2': 0.00037792247310799017, 'D_high': 9005.70904270313, 'fire_exp': 1.0511378115133514, 'P_half': 13.538556289911519, 'pre_dampen_half': 4.2134711673819565, 'gpp_af': 0.001322831694489957, 'gpp_b': 0.001328744270130681, 'gpp_d': 1.2801014745377275, 'ign_k': 0.0039061457885378585, 'ign_c': 129.77396715609652, 'trop_agb_crit': 1.7968452172527092, 'trop_k_veg': 1.5516303968748437, 'gdp_gamma': 0.40864088227024786, 'fuel_k': 0.010166534380252078, 'fuel_half': 10.941763985086736}. Best is trial 335 with value: -0.6233152110406992.
[I 2026-07-24 02:12:59,633] Trial 926 finished with value: 0.5515004338514575 and parameters: {'k1': 1.349015132820832e-05, 'D_low': 200.45855347145724, 'k2': 0.000149758896828511, 'D_high': 28899.396110435548, 'fire_exp': 1.322967973302181, 'P_half': 3.851831089713467, 'pre_dampen_half': 27.358095624342834, 'gpp_af': 0.38414092347992945, 'gpp_b': 0.000292762484027594, 'gpp_d': 0.09669948468273505, 'ign_k': 0.0022196608466510063, 'ign_c': 77.79763291656997, 'trop_agb_crit': 11.091914366972333, 'trop_k_veg': 0.682961419702985, 'gdp_gamma': 1.3387628459842678, 'fuel_k': 0.07055569009698612, 'fuel_half': 44.88089696084229}. Best is trial 335 with value: -0.6233152110406992.
[I 2026-07-24 02:13:00,147] Trial 927 finished with value: 0.5876680154700149 and parameters: {'k1': 0.0013319759747325354, 'D_low': 2.428224438711587, 'k2': 0.0022365304714192964, 'D_high': 739006.4973842998, 'fire_exp': 2.017606819526445, 'P_half': 1.9429722310090516, 'pre_dampen_half': 0.42268190037662334, 'gpp_af': 0.006574428306091286, 'gpp_b': 0.02966173535631252, 'gpp_d': 0.17905027017633074, 'ign_k': 0.04190443023735878, 'ign_c': 0.40025063823721896, 'trop_agb_crit': 1.2035501959553658, 'trop_k_veg': 1.0370118444400094, 'gdp_gamma': 1.921567382539504, 'fuel_k': 0.03272411423483724, 'fuel_half': 66.91194502383506}. Best is trial 335 with value: -0.6233152110406992.
