[I 2026-07-22 20:46:43,919] Trial 1539 finished with values: [10.102469286677513, 10.102469286677513] and parameters: {'k1': 0.08683183082509353, 'D_low': 216.6574784061471, 'k2': 0.014666151770108535, 'D_high': 2413579.2291304003, 'fire_exp': 1.5191397119156032, 'P_half': 157.80309954142965, 'pre_dampen_half': 8.259599205585763, 'gpp_af': 0.03522602097143089, 'gpp_b': 0.0028993292583566945, 'gpp_d': 12.338826503601998, 'ign_k': 3.965503094323014, 'ign_c': 22.126836566118193, 'trop_agb_crit': 9.341194710265947, 'trop_k_veg': 6.02985034296454, 'fuel_k': 0.07002142869039267, 'fuel_half': 0.6603566884894324}.
[I 2026-07-22 20:46:44,355] Trial 1540 finished with values: [-0.7738911525694023, 0.04206611237967284] and parameters: {'k1': 0.028401063201780267, 'D_low': 216.6574784061471, 'k2': 0.00016536937182824412, 'D_high': 693439.2750387826, 'fire_exp': 1.5191397119156032, 'P_half': 157.80309954142965, 'pre_dampen_half': 16.224010950061366, 'gpp_af': 0.0176901289740541, 'gpp_b': 0.0004282509714243062, 'gpp_d': 12.338826503601998, 'ign_k': 6.663084421390028, 'ign_c': 22.126836566118193, 'trop_agb_crit': 6.187033415477641, 'trop_k_veg': 4.776259022974975, 'fuel_k': 0.6149834196910364, 'fuel_half': 0.6603566884894324}.
[I 2026-07-22 20:46:44,796] Trial 1541 finished with values: [10.590379050294061, 10.590379050294061] and parameters: {'k1': 0.028401063201780267, 'D_low': 2240.9155921647994, 'k2': 0.00033271381912662167, 'D_high': 693439.2750387826, 'fire_exp': 1.7142304893572406, 'P_half': 157.80309954142965, 'pre_dampen_half': 0.3713928913688842, 'gpp_af': 0.007914355321045717, 'gpp_b': 0.0004282509714243062, 'gpp_d': 0.3598218029348593, 'ign_k': 3.965503094323014, 'ign_c': 22.126836566118193, 'trop_agb_crit': 13.050465147768051, 'trop_k_veg': 4.776259022974975, 'fuel_k': 0.6149834196910364, 'fuel_half': 0.6603566884894324}.
[I 2026-07-22 20:46:45,234] Trial 1542 finished with values: [10.029657056930665, 10.029657056930665] and parameters: {'k1': 0.028401063201780267, 'D_low': 2240.9155921647994, 'k2': 0.00033271381912662167, 'D_high': 693439.2750387826, 'fire_exp': 1.7142304893572406, 'P_half': 355.00125258511594, 'pre_dampen_half': 16.224010950061366, 'gpp_af': 0.007914355321045717, 'gpp_b': 0.00012118589392553798, 'gpp_d': 12.338826503601998, 'ign_k': 3.965503094323014, 'ign_c': 22.126836566118193, 'trop_agb_crit': 26.951029433343408, 'trop_k_veg': 2.724170387400844, 'fuel_k': 0.6149834196910364, 'fuel_half': 0.6603566884894324}.
[I 2026-07-22 20:46:45,673] Trial 1543 finished with values: [-0.7899185307658739, 0.05625768836527534] and parameters: {'k1': 0.028401063201780267, 'D_low': 216.6574784061471, 'k2': 0.00033271381912662167, 'D_high': 2140040.7042802833, 'fire_exp': 1.5191397119156032, 'P_half': 157.80309954142965, 'pre_dampen_half': 8.259599205585763, 'gpp_af': 0.0176901289740541, 'gpp_b': 0.00012118589392553798, 'gpp_d': 12.338826503601998, 'ign_k': 3.965503094323014, 'ign_c': 22.126836566118193, 'trop_agb_crit': 6.187033415477641, 'trop_k_veg': 2.724170387400844, 'fuel_k': 0.6149834196910364, 'fuel_half': 0.6603566884894324}.
[I 2026-07-22 20:46:46,110] Trial 1544 finished with values: [-0.7953638284778605, 0.07120362661287705] and parameters: {'k1': 0.0008685306488754917, 'D_low': 216.6574784061471, 'k2': 0.00033271381912662167, 'D_high': 6525529.853354094, 'fire_exp': 1.2585476857229763, 'P_half': 355.00125258511594, 'pre_dampen_half': 16.224010950061366, 'gpp_af': 0.03522602097143089, 'gpp_b': 0.00012118589392553798, 'gpp_d': 12.338826503601998, 'ign_k': 3.965503094323014, 'ign_c': 22.126836566118193, 'trop_agb_crit': 6.187033415477641, 'trop_k_veg': 2.724170387400844, 'fuel_k': 0.4732237210896606, 'fuel_half': 0.6603566884894324}.
[I 2026-07-22 20:46:46,549] Trial 1545 finished with values: [10.76865451301714, 10.76865451301714] and parameters: {'k1': 0.020268865414143755, 'D_low': 801823.8669901479, 'k2': 0.00033271381912662167, 'D_high': 6525529.853354094, 'fire_exp': 1.2585476857229763, 'P_half': 157.80309954142965, 'pre_dampen_half': 16.224010950061366, 'gpp_af': 0.03522602097143089, 'gpp_b': 0.00012118589392553798, 'gpp_d': 12.338826503601998, 'ign_k': 2.136832907235876, 'ign_c': 22.126836566118193, 'trop_agb_crit': 6.187033415477641, 'trop_k_veg': 2.724170387400844, 'fuel_k': 0.6149834196910364, 'fuel_half': 0.6603566884894324}.
[I 2026-07-22 20:46:46,984] Trial 1546 finished with values: [-0.7557318674028058, 0.02324795181342154] and parameters: {'k1': 0.028401063201780267, 'D_low': 216.6574784061471, 'k2': 0.00033271381912662167, 'D_high': 6525529.853354094, 'fire_exp': 1.2585476857229763, 'P_half': 157.80309954142965, 'pre_dampen_half': 16.224010950061366, 'gpp_af': 0.03522602097143089, 'gpp_b': 0.006495428294418489, 'gpp_d': 12.338826503601998, 'ign_k': 3.965503094323014, 'ign_c': 22.126836566118193, 'trop_agb_crit': 6.187033415477641, 'trop_k_veg': 4.5784420637928775, 'fuel_k': 0.6149834196910364, 'fuel_half': 0.6603566884894324}.
[I 2026-07-22 20:46:47,420] Trial 1547 finished with values: [10.156495033097086, 10.156495033097086] and parameters: {'k1': 5.006402338982993e-05, 'D_low': 216.6574784061471, 'k2': 0.026481893558424535, 'D_high': 2413579.2291304003, 'fire_exp': 1.5191397119156032, 'P_half': 355.00125258511594, 'pre_dampen_half': 8.259599205585763, 'gpp_af': 0.03522602097143089, 'gpp_b': 0.00012118589392553798, 'gpp_d': 12.338826503601998, 'ign_k': 2.136832907235876, 'ign_c': 22.126836566118193, 'trop_agb_crit': 5.526463318565575, 'trop_k_veg': 2.724170387400844, 'fuel_k': 0.6149834196910364, 'fuel_half': 0.6603566884894324}.
[I 2026-07-22 20:46:47,856] Trial 1548 finished with values: [10.404034805732813, 10.404034805732813] and parameters: {'k1': 1.0300849794948197e-05, 'D_low': 3103.3332277537256, 'k2': 0.014666151770108535, 'D_high': 6525529.853354094, 'fire_exp': 1.5191397119156032, 'P_half': 300.85508055280167, 'pre_dampen_half': 8.259599205585763, 'gpp_af': 0.059905273073812965, 'gpp_b': 0.0028993292583566945, 'gpp_d': 124.54249714337958, 'ign_k': 3.965503094323014, 'ign_c': 22.126836566118193, 'trop_agb_crit': 5.526463318565575, 'trop_k_veg': 2.724170387400844, 'fuel_k': 0.6149834196910364, 'fuel_half': 0.6603566884894324}.
[I 2026-07-22 20:46:48,292] Trial 1549 finished with values: [10.768699437617665, 10.768699437617665] and parameters: {'k1': 1.0300849794948197e-05, 'D_low': 3103.3332277537256, 'k2': 0.0001424366501388796, 'D_high': 2413579.2291304003, 'fire_exp': 1.5191397119156032, 'P_half': 300.85508055280167, 'pre_dampen_half': 8.259599205585763, 'gpp_af': 0.03522602097143089, 'gpp_b': 5.845382195935604, 'gpp_d': 12.338826503601998, 'ign_k': 3.965503094323014, 'ign_c': 22.126836566118193, 'trop_agb_crit': 5.526463318565575, 'trop_k_veg': 2.724170387400844, 'fuel_k': 4.710433409437071, 'fuel_half': 0.6603566884894324}.
[I 2026-07-22 20:46:48,722] Trial 1550 finished with values: [10.989843472768278, 10.989843472768278] and parameters: {'k1': 0.028401063201780267, 'D_low': 16.00237013173313, 'k2': 0.00033271381912662167, 'D_high': 6525529.853354094, 'fire_exp': 1.4288624676324801, 'P_half': 157.80309954142965, 'pre_dampen_half': 8.259599205585763, 'gpp_af': 0.03522602097143089, 'gpp_b': 0.0028993292583566945, 'gpp_d': 12.338826503601998, 'ign_k': 3.965503094323014, 'ign_c': 22.126836566118193, 'trop_agb_crit': 6.187033415477641, 'trop_k_veg': 4.105599926384157, 'fuel_k': 4.710433409437071, 'fuel_half': 0.6603566884894324}.
[I 2026-07-22 20:46:49,151] Trial 1551 finished with values: [10.337198573275893, 10.337198573275893] and parameters: {'k1': 0.028401063201780267, 'D_low': 2240.9155921647994, 'k2': 1.2399620267778296e-05, 'D_high': 6525529.853354094, 'fire_exp': 1.5532616753672623, 'P_half': 157.80309954142965, 'pre_dampen_half': 16.224010950061366, 'gpp_af': 0.007914355321045717, 'gpp_b': 0.002056228756156628, 'gpp_d': 60.40432975252879, 'ign_k': 2.7142572552186843, 'ign_c': 22.126836566118193, 'trop_agb_crit': 3.182680377412596, 'trop_k_veg': 2.724170387400844, 'fuel_k': 0.1878651702682483, 'fuel_half': 0.6603566884894324}.
[I 2026-07-22 20:46:49,580] Trial 1552 finished with values: [10.032336956978297, 10.032336956978297] and parameters: {'k1': 0.028401063201780267, 'D_low': 3103.3332277537256, 'k2': 0.014666151770108535, 'D_high': 6525529.853354094, 'fire_exp': 1.6094756606381397, 'P_half': 355.00125258511594, 'pre_dampen_half': 8.259599205585763, 'gpp_af': 0.059905273073812965, 'gpp_b': 0.0004282509714243062, 'gpp_d': 12.338826503601998, 'ign_k': 3.965503094323014, 'ign_c': 22.126836566118193, 'trop_agb_crit': 5.526463318565575, 'trop_k_veg': 2.2433122252772835, 'fuel_k': 4.710433409437071, 'fuel_half': 0.6603566884894324}.
[I 2026-07-22 20:46:50,014] Trial 1553 finished with values: [12.540875126727066, 12.540875126727066] and parameters: {'k1': 0.028401063201780267, 'D_low': 216.6574784061471, 'k2': 0.00033271381912662167, 'D_high': 2413579.2291304003, 'fire_exp': 1.5191397119156032, 'P_half': 157.80309954142965, 'pre_dampen_half': 76.48086387319155, 'gpp_af': 0.03522602097143089, 'gpp_b': 0.00012118589392553798, 'gpp_d': 12.338826503601998, 'ign_k': 3.965503094323014, 'ign_c': 0.4135996596572631, 'trop_agb_crit': 6.187033415477641, 'trop_k_veg': 4.5784420637928775, 'fuel_k': 0.6149834196910364, 'fuel_half': 0.6603566884894324}.
[I 2026-07-22 20:46:50,456] Trial 1554 finished with values: [-0.7677063159624173, 0.024342285068681302] and parameters: {'k1': 0.028401063201780267, 'D_low': 2240.9155921647994, 'k2': 0.004063469816737738, 'D_high': 6525529.853354094, 'fire_exp': 1.7142304893572406, 'P_half': 157.80309954142965, 'pre_dampen_half': 16.224010950061366, 'gpp_af': 0.007914355321045717, 'gpp_b': 0.0004282509714243062, 'gpp_d': 12.338826503601998, 'ign_k': 3.965503094323014, 'ign_c': 22.126836566118193, 'trop_agb_crit': 26.951029433343408, 'trop_k_veg': 2.724170387400844, 'fuel_k': 0.6149834196910364, 'fuel_half': 0.6603566884894324}.
  trial 1555/2500  pareto_size=7  best_taylor=0.8012  best_ilamb=0.6064  (11.2 min)
[I 2026-07-22 20:46:51,158] Trial 1555 finished with values: [-0.7908816135928992, 0.035222629597876254] and parameters: {'k1': 0.002820290687495313, 'D_low': 2100.23993517399, 'k2': 0.00033271381912662167, 'D_high': 6525529.853354094, 'fire_exp': 1.642729354420761, 'P_half': 157.80309954142965, 'pre_dampen_half': 16.224010950061366, 'gpp_af': 0.0176901289740541, 'gpp_b': 0.0004282509714243062, 'gpp_d': 12.338826503601998, 'ign_k': 3.965503094323014, 'ign_c': 22.126836566118193, 'trop_agb_crit': 26.951029433343408, 'trop_k_veg': 4.134197325749631, 'fuel_k': 0.6149834196910364, 'fuel_half': 0.6603566884894324}.
[I 2026-07-22 20:46:51,600] Trial 1556 finished with values: [-0.7790097526894486, 0.04194358270303289] and parameters: {'k1': 0.028401063201780267, 'D_low': 216.6574784061471, 'k2': 0.00033271381912662167, 'D_high': 6525529.853354094, 'fire_exp': 1.5191397119156032, 'P_half': 157.80309954142965, 'pre_dampen_half': 16.224010950061366, 'gpp_af': 0.0176901289740541, 'gpp_b': 0.0004282509714243062, 'gpp_d': 12.338826503601998, 'ign_k': 3.965503094323014, 'ign_c': 22.126836566118193, 'trop_agb_crit': 6.187033415477641, 'trop_k_veg': 2.724170387400844, 'fuel_k': 0.6149834196910364, 'fuel_half': 0.6603566884894324}.
[I 2026-07-22 20:46:52,036] Trial 1557 finished with values: [-0.7543007598625605, 0.02622963816336521] and parameters: {'k1': 0.0008685306488754917, 'D_low': 216.6574784061471, 'k2': 0.00033271381912662167, 'D_high': 6525529.853354094, 'fire_exp': 2.146558224748506, 'P_half': 157.80309954142965, 'pre_dampen_half': 16.224010950061366, 'gpp_af': 0.0176901289740541, 'gpp_b': 0.0004282509714243062, 'gpp_d': 124.54249714337958, 'ign_k': 3.965503094323014, 'ign_c': 22.126836566118193, 'trop_agb_crit': 6.187033415477641, 'trop_k_veg': 2.724170387400844, 'fuel_k': 0.6149834196910364, 'fuel_half': 0.6603566884894324}.
[I 2026-07-22 20:46:52,528] Trial 1558 finished with values: [10.930127291981297, 10.930127291981297] and parameters: {'k1': 0.028401063201780267, 'D_low': 216.6574784061471, 'k2': 0.014666151770108535, 'D_high': 6525529.853354094, 'fire_exp': 1.6094756606381397, 'P_half': 157.80309954142965, 'pre_dampen_half': 8.259599205585763, 'gpp_af': 0.1592966899272294, 'gpp_b': 0.0004282509714243062, 'gpp_d': 12.338826503601998, 'ign_k': 3.965503094323014, 'ign_c': 1.6193211841474096, 'trop_agb_crit': 5.526463318565575, 'trop_k_veg': 2.724170387400844, 'fuel_k': 0.6149834196910364, 'fuel_half': 1.3323297901105766}.
[I 2026-07-22 20:46:53,034] Trial 1559 finished with values: [-0.765495384813766, 0.02721311673737037] and parameters: {'k1': 0.028401063201780267, 'D_low': 2240.9155921647994, 'k2': 0.00033271381912662167, 'D_high': 6525529.853354094, 'fire_exp': 1.5704801393982246, 'P_half': 355.00125258511594, 'pre_dampen_half': 16.224010950061366, 'gpp_af': 0.007914355321045717, 'gpp_b': 0.00012118589392553798, 'gpp_d': 12.338826503601998, 'ign_k': 2.7142572552186843, 'ign_c': 22.126836566118193, 'trop_agb_crit': 12.647327018493208, 'trop_k_veg': 4.5784420637928775, 'fuel_k': 0.6149834196910364, 'fuel_half': 0.6603566884894324}.
[I 2026-07-22 20:46:53,522] Trial 1560 finished with values: [-0.7671379421582141, 0.03495778226173352] and parameters: {'k1': 0.028401063201780267, 'D_low': 2240.9155921647994, 'k2': 0.0006863458703786212, 'D_high': 2413579.2291304003, 'fire_exp': 1.5704801393982246, 'P_half': 10.897818968951874, 'pre_dampen_half': 16.224010950061366, 'gpp_af': 0.03522602097143089, 'gpp_b': 0.0028993292583566945, 'gpp_d': 352.0481045526035, 'ign_k': 3.965503094323014, 'ign_c': 22.126836566118193, 'trop_agb_crit': 13.050465147768051, 'trop_k_veg': 6.02985034296454, 'fuel_k': 0.5673719589652423, 'fuel_half': 0.6603566884894324}.
[I 2026-07-22 20:46:54,113] Trial 1561 finished with values: [-0.7914237416375419, 0.04629752771817042] and parameters: {'k1': 0.08683183082509353, 'D_low': 216.6574784061471, 'k2': 0.014666151770108535, 'D_high': 6525529.853354094, 'fire_exp': 1.5191397119156032, 'P_half': 157.80309954142965, 'pre_dampen_half': 8.259599205585763, 'gpp_af': 0.03522602097143089, 'gpp_b': 0.0004282509714243062, 'gpp_d': 352.0481045526035, 'ign_k': 3.965503094323014, 'ign_c': 22.126836566118193, 'trop_agb_crit': 13.050465147768051, 'trop_k_veg': 6.02985034296454, 'fuel_k': 0.5673719589652423, 'fuel_half': 0.6603566884894324}.
[I 2026-07-22 20:46:54,552] Trial 1562 finished with values: [10.231050186759155, 10.231050186759155] and parameters: {'k1': 0.0008685306488754917, 'D_low': 3103.3332277537256, 'k2': 6.0047557517115444e-05, 'D_high': 6525529.853354094, 'fire_exp': 1.5191397119156032, 'P_half': 300.85508055280167, 'pre_dampen_half': 8.259599205585763, 'gpp_af': 0.059905273073812965, 'gpp_b': 0.0028993292583566945, 'gpp_d': 12.338826503601998, 'ign_k': 3.965503094323014, 'ign_c': 22.126836566118193, 'trop_agb_crit': 5.526463318565575, 'trop_k_veg': 2.724170387400844, 'fuel_k': 0.6149834196910364, 'fuel_half': 0.6603566884894324}.
[I 2026-07-22 20:46:54,991] Trial 1563 finished with values: [-0.3533114390926178, 0.1532453502130181] and parameters: {'k1': 0.028401063201780267, 'D_low': 2.217611643535585, 'k2': 0.00033271381912662167, 'D_high': 6525529.853354094, 'fire_exp': 1.5191397119156032, 'P_half': 157.80309954142965, 'pre_dampen_half': 8.259599205585763, 'gpp_af': 0.0176901289740541, 'gpp_b': 0.0004282509714243062, 'gpp_d': 12.338826503601998, 'ign_k': 0.023431058878186927, 'ign_c': 22.126836566118193, 'trop_agb_crit': 6.187033415477641, 'trop_k_veg': 4.5784420637928775, 'fuel_k': 0.6149834196910364, 'fuel_half': 1.3323297901105766}.
[I 2026-07-22 20:46:55,433] Trial 1564 finished with values: [10.377143101102751, 10.377143101102751] and parameters: {'k1': 0.00021153782194224395, 'D_low': 2240.9155921647994, 'k2': 0.004695480001817501, 'D_high': 6525529.853354094, 'fire_exp': 1.2585476857229763, 'P_half': 157.80309954142965, 'pre_dampen_half': 16.224010950061366, 'gpp_af': 0.022451143236845734, 'gpp_b': 0.00012118589392553798, 'gpp_d': 12.338826503601998, 'ign_k': 2.136832907235876, 'ign_c': 22.126836566118193, 'trop_agb_crit': 8.65937260774655, 'trop_k_veg': 2.724170387400844, 'fuel_k': 1.3435190130425099, 'fuel_half': 0.6603566884894324}.
[I 2026-07-22 20:46:55,879] Trial 1565 finished with values: [10.769150719741088, 10.769150719741088] and parameters: {'k1': 0.002820290687495313, 'D_low': 628788.101795766, 'k2': 0.014666151770108535, 'D_high': 6525529.853354094, 'fire_exp': 1.7142304893572406, 'P_half': 157.80309954142965, 'pre_dampen_half': 16.224010950061366, 'gpp_af': 0.007914355321045717, 'gpp_b': 0.0004282509714243062, 'gpp_d': 124.54249714337958, 'ign_k': 3.965503094323014, 'ign_c': 22.126836566118193, 'trop_agb_crit': 5.526463318565575, 'trop_k_veg': 2.3470284094935847, 'fuel_k': 4.710433409437071, 'fuel_half': 1.1011110402354005}.
[I 2026-07-22 20:46:56,312] Trial 1566 finished with values: [11.356491124243918, 11.356491124243918] and parameters: {'k1': 0.028401063201780267, 'D_low': 216.6574784061471, 'k2': 0.00033271381912662167, 'D_high': 6525529.853354094, 'fire_exp': 1.5191397119156032, 'P_half': 157.80309954142965, 'pre_dampen_half': 8.259599205585763, 'gpp_af': 0.7986159964706936, 'gpp_b': 0.0004282509714243062, 'gpp_d': 12.338826503601998, 'ign_k': 3.965503094323014, 'ign_c': 0.3604016788567005, 'trop_agb_crit': 6.187033415477641, 'trop_k_veg': 2.724170387400844, 'fuel_k': 0.6149834196910364, 'fuel_half': 0.6603566884894324}.
[I 2026-07-22 20:46:56,749] Trial 1567 finished with values: [10.190483181597678, 10.190483181597678] and parameters: {'k1': 0.028401063201780267, 'D_low': 2240.9155921647994, 'k2': 0.0006863458703786212, 'D_high': 2413579.2291304003, 'fire_exp': 1.2925223374952708, 'P_half': 157.80309954142965, 'pre_dampen_half': 16.224010950061366, 'gpp_af': 0.007914355321045717, 'gpp_b': 0.00012118589392553798, 'gpp_d': 12.338826503601998, 'ign_k': 0.059727590746847685, 'ign_c': 31.984332064391555, 'trop_agb_crit': 13.050465147768051, 'trop_k_veg': 4.5784420637928775, 'fuel_k': 0.6149834196910364, 'fuel_half': 0.6603566884894324}.
[I 2026-07-22 20:46:57,185] Trial 1568 finished with values: [-0.7855221687206116, 0.06920263721363462] and parameters: {'k1': 0.00491888296574339, 'D_low': 2240.9155921647994, 'k2': 0.004695480001817501, 'D_high': 6525529.853354094, 'fire_exp': 1.5191397119156032, 'P_half': 157.80309954142965, 'pre_dampen_half': 8.259599205585763, 'gpp_af': 0.03522602097143089, 'gpp_b': 0.00012118589392553798, 'gpp_d': 12.338826503601998, 'ign_k': 3.965503094323014, 'ign_c': 22.126836566118193, 'trop_agb_crit': 8.65937260774655, 'trop_k_veg': 6.02985034296454, 'fuel_k': 0.6149834196910364, 'fuel_half': 0.6603566884894324}.
[I 2026-07-22 20:46:57,615] Trial 1569 finished with values: [-0.768392055387864, 0.04323712947773273] and parameters: {'k1': 0.028401063201780267, 'D_low': 216.6574784061471, 'k2': 0.014666151770108535, 'D_high': 6525529.853354094, 'fire_exp': 1.3130546915875578, 'P_half': 12.002808592678374, 'pre_dampen_half': 16.224010950061366, 'gpp_af': 0.03522602097143089, 'gpp_b': 0.0028993292583566945, 'gpp_d': 352.0481045526035, 'ign_k': 3.965503094323014, 'ign_c': 22.126836566118193, 'trop_agb_crit': 13.050465147768051, 'trop_k_veg': 1.9393743754724382, 'fuel_k': 0.07002142869039267, 'fuel_half': 0.6603566884894324}.
[I 2026-07-22 20:46:58,049] Trial 1570 finished with values: [-0.7754835099172052, 0.03667756978477221] and parameters: {'k1': 1.0300849794948197e-05, 'D_low': 3103.3332277537256, 'k2': 0.0006863458703786212, 'D_high': 6525529.853354094, 'fire_exp': 1.5191397119156032, 'P_half': 157.80309954142965, 'pre_dampen_half': 8.259599205585763, 'gpp_af': 0.007914355321045717, 'gpp_b': 0.00012118589392553798, 'gpp_d': 12.338826503601998, 'ign_k': 2.7142572552186843, 'ign_c': 22.126836566118193, 'trop_agb_crit': 5.526463318565575, 'trop_k_veg': 3.749462951649947, 'fuel_k': 4.710433409437071, 'fuel_half': 0.6603566884894324}.
[I 2026-07-22 20:46:58,485] Trial 1571 finished with values: [-0.7850866313556356, 0.07162384264136235] and parameters: {'k1': 0.028401063201780267, 'D_low': 216.6574784061471, 'k2': 0.00033271381912662167, 'D_high': 2413579.2291304003, 'fire_exp': 1.5191397119156032, 'P_half': 157.80309954142965, 'pre_dampen_half': 8.259599205585763, 'gpp_af': 0.03522602097143089, 'gpp_b': 0.00012118589392553798, 'gpp_d': 12.338826503601998, 'ign_k': 3.965503094323014, 'ign_c': 22.126836566118193, 'trop_agb_crit': 3.9217147908380743, 'trop_k_veg': 2.724170387400844, 'fuel_k': 0.6149834196910364, 'fuel_half': 0.6603566884894324}.
[I 2026-07-22 20:46:58,948] Trial 1572 finished with values: [-0.6874698821472912, 0.017844107275118426] and parameters: {'k1': 0.09449167675162025, 'D_low': 216.6574784061471, 'k2': 0.00033271381912662167, 'D_high': 6525529.853354094, 'fire_exp': 1.5191397119156032, 'P_half': 355.00125258511594, 'pre_dampen_half': 8.259599205585763, 'gpp_af': 0.0176901289740541, 'gpp_b': 0.0028993292583566945, 'gpp_d': 12.338826503601998, 'ign_k': 3.965503094323014, 'ign_c': 22.126836566118193, 'trop_agb_crit': 5.526463318565575, 'trop_k_veg': 6.02985034296454, 'fuel_k': 4.710433409437071, 'fuel_half': 1.3323297901105766}.
[I 2026-07-22 20:46:59,391] Trial 1573 finished with values: [10.306884685748463, 10.306884685748463] and parameters: {'k1': 1.0300849794948197e-05, 'D_low': 3103.3332277537256, 'k2': 0.014666151770108535, 'D_high': 6525529.853354094, 'fire_exp': 1.4583372975518283, 'P_half': 12.002808592678374, 'pre_dampen_half': 8.259599205585763, 'gpp_af': 0.059905273073812965, 'gpp_b': 0.0028993292583566945, 'gpp_d': 12.338826503601998, 'ign_k': 3.965503094323014, 'ign_c': 22.126836566118193, 'trop_agb_crit': 5.526463318565575, 'trop_k_veg': 6.02985034296454, 'fuel_k': 0.07002142869039267, 'fuel_half': 0.6603566884894324}.
