[I 2026-08-06 08:46:16,378] Trial 117 finished with values: [10.768870418837583, 10.768870418837583] and parameters: {'k1': 0.07537201787998425, 'D_low': 5.6556775246185085, 'k2': 0.0032930213963426706, 'D_high': 259.06510073644523, 'fire_exp': 3.83403534181858, 'P_half': 2.0461550877877857, 'pre_dampen_half': 8.347790852520644, 'gpp_af': 85.32056493640629, 'gpp_b': 1.873606058421592e-05, 'gpp_d': 4.79161407246161, 'ign_k': 0.017302564033031168, 'ign_c': 1.228087486213536, 'trop_agb_crit': 4.710426964286611, 'trop_k_veg': 0.7848385206902946}.
[I 2026-08-06 08:46:17,448] Trial 118 finished with values: [10.769230405787187, 10.769230405787187] and parameters: {'k1': 0.035346441441965824, 'D_low': 1316.7465326936142, 'k2': 0.0036993598999597497, 'D_high': 39.780451630530095, 'fire_exp': 1.450870712623418, 'P_half': 3928.4095134792283, 'pre_dampen_half': 10.768254179081206, 'gpp_af': 1.6059727222314273, 'gpp_b': 1.2892705405728861e-05, 'gpp_d': 5.1715677287580455, 'ign_k': 0.001047722656409829, 'ign_c': 0.4397766894483963, 'trop_agb_crit': 6.464669746492398, 'trop_k_veg': 6.2065960186008615}.
[I 2026-08-06 08:46:18,540] Trial 119 finished with values: [10.76921677139723, 10.76921677139723] and parameters: {'k1': 0.037633129263701104, 'D_low': 37.35862630812753, 'k2': 4.042960692360327e-05, 'D_high': 176.55835392092538, 'fire_exp': 1.77210373046677, 'P_half': 945.7692079529039, 'pre_dampen_half': 0.014711676743602244, 'gpp_af': 0.29012721497386246, 'gpp_b': 0.37562294593204776, 'gpp_d': 40.950628944766926, 'ign_k': 0.013276678836047658, 'ign_c': 192.76545985682404, 'trop_agb_crit': 1.4568555410190271, 'trop_k_veg': 0.8170196702261714}.
[I 2026-08-06 08:46:19,632] Trial 120 finished with values: [10.769229745719596, 10.769229745719596] and parameters: {'k1': 0.04541457206426165, 'D_low': 125.61043700013555, 'k2': 0.00025255166452944054, 'D_high': 146.1896279370497, 'fire_exp': 4.091220574443785, 'P_half': 3.6138942712165267, 'pre_dampen_half': 0.2888838362365318, 'gpp_af': 0.0038793182938363898, 'gpp_b': 0.012132126638791128, 'gpp_d': 82.84476373292449, 'ign_k': 0.006290644294586149, 'ign_c': 20.2332618520664, 'trop_agb_crit': 7.500118950416987, 'trop_k_veg': 6.955154171468271}.
[I 2026-08-06 08:46:20,760] Trial 121 finished with values: [10.763473345719031, 10.763473345719031] and parameters: {'k1': 0.016780508579130986, 'D_low': 984.098934375832, 'k2': 5.471218729342035e-05, 'D_high': 91167.68553735342, 'fire_exp': 2.100650708889295, 'P_half': 1735.792403594532, 'pre_dampen_half': 0.1875872314533727, 'gpp_af': 2.555721998081808, 'gpp_b': 0.0004408910919257112, 'gpp_d': 54.620376657085984, 'ign_k': 0.1647069822172432, 'ign_c': 4.439802552990464, 'trop_agb_crit': 11.316283925181681, 'trop_k_veg': 5.982827017670783}.
[I 2026-08-06 08:46:21,882] Trial 122 finished with values: [10.769230769178105, 10.769230769178105] and parameters: {'k1': 3.0376902301221646e-05, 'D_low': 1812.5870836716226, 'k2': 6.688594595986188e-05, 'D_high': 1236.6924205139144, 'fire_exp': 3.187258374159921, 'P_half': 577.536337635295, 'pre_dampen_half': 18.075983730158487, 'gpp_af': 12.10590321196177, 'gpp_b': 0.0585332093505296, 'gpp_d': 0.7668707039273328, 'ign_k': 3.1211489608802356, 'ign_c': 482.49142811802585, 'trop_agb_crit': 1.2308908766048772, 'trop_k_veg': 1.0773676061600252}.
[I 2026-08-06 08:46:22,973] Trial 123 finished with values: [10.769080434522296, 10.769080434522296] and parameters: {'k1': 0.012840669372724958, 'D_low': 2.3764449553865354, 'k2': 0.0020564614086027925, 'D_high': 13.924162890248676, 'fire_exp': 2.921447042060987, 'P_half': 93.43302657318476, 'pre_dampen_half': 0.011396414164620812, 'gpp_af': 0.2204465010099918, 'gpp_b': 1.524058016414757e-05, 'gpp_d': 0.015372374060846974, 'ign_k': 0.0029519227433917453, 'ign_c': 2.7590690254397843, 'trop_agb_crit': 12.647327018493208, 'trop_k_veg': 4.989748894578724}.
[I 2026-08-06 08:46:24,111] Trial 124 finished with values: [10.693363978110769, 10.693363978110769] and parameters: {'k1': 0.06994589881535453, 'D_low': 355.00125258511594, 'k2': 0.03538758864779238, 'D_high': 774.2116473996249, 'fire_exp': 1.2611826901294014, 'P_half': 1.1827346017839087, 'pre_dampen_half': 63.6685916079943, 'gpp_af': 2.6003623362924237, 'gpp_b': 0.42247700890263645, 'gpp_d': 2.944272359149677, 'ign_k': 0.12329098365270515, 'ign_c': 5.13055176058983, 'trop_agb_crit': 15.961316409649486, 'trop_k_veg': 0.6743482387129308}.
[I 2026-08-06 08:46:25,311] Trial 125 finished with values: [10.769226788839068, 10.769226788839068] and parameters: {'k1': 3.5917714215176105e-05, 'D_low': 3.4487261314487374, 'k2': 1.7926680648388784e-05, 'D_high': 91167.68553735342, 'fire_exp': 2.100650708889295, 'P_half': 78.6767770625783, 'pre_dampen_half': 0.1875872314533727, 'gpp_af': 0.010767288724535778, 'gpp_b': 0.36422282566934233, 'gpp_d': 9.510288748158525, 'ign_k': 0.07696703458159235, 'ign_c': 1.3012518385211496, 'trop_agb_crit': 3.275825291386224, 'trop_k_veg': 6.5801322358877785}.
[I 2026-08-06 08:46:26,528] Trial 126 finished with values: [10.724666125582177, 10.724666125582177] and parameters: {'k1': 0.00031134168041628584, 'D_low': 12.105387404469584, 'k2': 1.1065812688893481e-05, 'D_high': 431.45617043093523, 'fire_exp': 1.0601964743503993, 'P_half': 4.213183643253957, 'pre_dampen_half': 0.2888838362365318, 'gpp_af': 1.9706963379095486, 'gpp_b': 0.0054502936945582505, 'gpp_d': 84.31013932082456, 'ign_k': 0.0035281132746849977, 'ign_c': 11.400863701127316, 'trop_agb_crit': 7.500118950416987, 'trop_k_veg': 0.6673124511410327}.
[I 2026-08-06 08:46:27,650] Trial 127 finished with values: [10.769230611419726, 10.769230611419726] and parameters: {'k1': 0.035346441441965824, 'D_low': 3.4487261314487374, 'k2': 1.7926680648388784e-05, 'D_high': 21.705003488711135, 'fire_exp': 1.450870712623418, 'P_half': 1735.792403594532, 'pre_dampen_half': 10.768254179081206, 'gpp_af': 0.001111693990724459, 'gpp_b': 2.512533442757689, 'gpp_d': 9.510288748158525, 'ign_k': 0.001047722656409829, 'ign_c': 4.439802552990464, 'trop_agb_crit': 3.275825291386224, 'trop_k_veg': 3.4048253345625987}.
[I 2026-08-06 08:46:28,773] Trial 128 finished with values: [10.740563192274095, 10.740563192274095] and parameters: {'k1': 0.06994589881535453, 'D_low': 7.299348683062307, 'k2': 6.069662445477729e-05, 'D_high': 18.942844905792818, 'fire_exp': 1.1263716762638152, 'P_half': 3227.0237615158, 'pre_dampen_half': 0.9166964238460105, 'gpp_af': 0.0049748543504537545, 'gpp_b': 2.6738182964551835e-05, 'gpp_d': 0.3934396739328545, 'ign_k': 2.3960796124300754, 'ign_c': 0.1239046892818203, 'trop_agb_crit': 14.948114979829949, 'trop_k_veg': 1.0594599158279707}.
[I 2026-08-06 08:46:29,895] Trial 129 finished with values: [10.766105272345273, 10.766105272345273] and parameters: {'k1': 0.06994589881535453, 'D_low': 355.00125258511594, 'k2': 8.923807143379776e-05, 'D_high': 8182.111518618414, 'fire_exp': 1.2611826901294014, 'P_half': 338.23872019362165, 'pre_dampen_half': 234.12640025944248, 'gpp_af': 0.015520792944431105, 'gpp_b': 0.14577755664212386, 'gpp_d': 2.944272359149677, 'ign_k': 0.010167079878196114, 'ign_c': 5.13055176058983, 'trop_agb_crit': 7.628718523810018, 'trop_k_veg': 2.573214588078609}.
[I 2026-08-06 08:46:31,146] Trial 130 finished with values: [10.740771500829483, 10.740771500829483] and parameters: {'k1': 0.012840669372724958, 'D_low': 252.38726750780188, 'k2': 0.0007047307383115598, 'D_high': 21.947742689197344, 'fire_exp': 1.423480109671474, 'P_half': 93.43302657318476, 'pre_dampen_half': 0.011396414164620812, 'gpp_af': 0.2204465010099918, 'gpp_b': 1.284284091405877e-05, 'gpp_d': 21.14381609520636, 'ign_k': 5.351470428717437, 'ign_c': 18.219343937475102, 'trop_agb_crit': 10.691477813613638, 'trop_k_veg': 1.0594599158279707}.
[I 2026-08-06 08:46:32,301] Trial 131 finished with values: [10.681801134103523, 10.681801134103523] and parameters: {'k1': 0.002367935204022389, 'D_low': 520.4862686958022, 'k2': 1.7926680648388784e-05, 'D_high': 91167.68553735342, 'fire_exp': 1.221575427404682, 'P_half': 140.74279366401683, 'pre_dampen_half': 0.1875872314533727, 'gpp_af': 5.335773317316405, 'gpp_b': 0.0038900687554386305, 'gpp_d': 9.510288748158525, 'ign_k': 0.07696703458159235, 'ign_c': 4.439802552990464, 'trop_agb_crit': 1.8157022975489, 'trop_k_veg': 6.5801322358877785}.
[I 2026-08-06 08:46:33,439] Trial 132 finished with values: [10.736928017521777, 10.736928017521777] and parameters: {'k1': 0.002155595057104387, 'D_low': 40.12413353131991, 'k2': 0.0007047307383115598, 'D_high': 21.947742689197344, 'fire_exp': 1.0601964743503993, 'P_half': 4.213183643253957, 'pre_dampen_half': 0.2888838362365318, 'gpp_af': 1.9706963379095486, 'gpp_b': 0.0054502936945582505, 'gpp_d': 229.41380323183625, 'ign_k': 0.0035281132746849977, 'ign_c': 18.219343937475102, 'trop_agb_crit': 7.500118950416987, 'trop_k_veg': 0.6673124511410327}.
[I 2026-08-06 08:46:34,656] Trial 133 finished with values: [10.769230769178105, 10.769230769178105] and parameters: {'k1': 0.06598741607403362, 'D_low': 4546.192107824457, 'k2': 0.0032930213963426706, 'D_high': 259.06510073644523, 'fire_exp': 3.83403534181858, 'P_half': 9.324787201197319, 'pre_dampen_half': 0.03751320096826995, 'gpp_af': 1.1300566419249864, 'gpp_b': 0.0005392415140872105, 'gpp_d': 4.79161407246161, 'ign_k': 0.017302564033031168, 'ign_c': 0.14551749476072262, 'trop_agb_crit': 4.710426964286611, 'trop_k_veg': 3.517697529584014}.
[I 2026-08-06 08:46:35,873] Trial 134 finished with values: [10.74260547708599, 10.74260547708599] and parameters: {'k1': 0.06994589881535453, 'D_low': 40.12413353131991, 'k2': 0.0007047307383115598, 'D_high': 21.947742689197344, 'fire_exp': 1.2611826901294014, 'P_half': 221.2683656611821, 'pre_dampen_half': 0.029662981696401067, 'gpp_af': 1.5386842469144075, 'gpp_b': 2.6738182964551835e-05, 'gpp_d': 0.3934396739328545, 'ign_k': 2.3960796124300754, 'ign_c': 18.219343937475102, 'trop_agb_crit': 15.961316409649486, 'trop_k_veg': 1.0594599158279707}.
[I 2026-08-06 08:46:37,171] Trial 135 finished with values: [10.76912026946028, 10.76912026946028] and parameters: {'k1': 0.00047324071251811085, 'D_low': 4.484744524732794, 'k2': 0.003767022142229395, 'D_high': 88.90110660871557, 'fire_exp': 1.695318866910499, 'P_half': 6.784924519083139, 'pre_dampen_half': 0.16974173693738634, 'gpp_af': 0.7539992074650279, 'gpp_b': 0.14577755664212386, 'gpp_d': 5.1715677287580455, 'ign_k': 0.004937355303501836, 'ign_c': 386.4218705871767, 'trop_agb_crit': 1.0693376406863295, 'trop_k_veg': 6.2065960186008615}.
[I 2026-08-06 08:46:38,278] Trial 136 finished with values: [10.72622052661424, 10.72622052661424] and parameters: {'k1': 0.012021930484915042, 'D_low': 34.08427910923046, 'k2': 0.003101429427212743, 'D_high': 42210.21267871043, 'fire_exp': 1.1263716762638152, 'P_half': 93.43302657318476, 'pre_dampen_half': 0.011396414164620812, 'gpp_af': 1.5386842469144075, 'gpp_b': 0.22727308251068193, 'gpp_d': 757.2868182332339, 'ign_k': 0.11619873314872933, 'ign_c': 1.9580595319750387, 'trop_agb_crit': 14.948114979829949, 'trop_k_veg': 1.0594599158279707}.
[I 2026-08-06 08:46:39,321] Trial 137 finished with values: [10.72627325744175, 10.72627325744175] and parameters: {'k1': 0.012021930484915042, 'D_low': 171.2446447678494, 'k2': 0.003101429427212743, 'D_high': 42210.21267871043, 'fire_exp': 1.2918065501148304, 'P_half': 93.43302657318476, 'pre_dampen_half': 0.011396414164620812, 'gpp_af': 0.0049748543504537545, 'gpp_b': 2.176805640408474e-05, 'gpp_d': 757.2868182332339, 'ign_k': 0.0029519227433917453, 'ign_c': 39.52220881906114, 'trop_agb_crit': 14.948114979829949, 'trop_k_veg': 1.0594599158279707}.
[I 2026-08-06 08:46:40,350] Trial 138 finished with values: [10.765386261274772, 10.765386261274772] and parameters: {'k1': 0.012840669372724958, 'D_low': 7.299348683062307, 'k2': 0.0012040762895973265, 'D_high': 25628.666000163565, 'fire_exp': 1.1263716762638152, 'P_half': 93.43302657318476, 'pre_dampen_half': 0.012952289461753311, 'gpp_af': 0.10409127568994281, 'gpp_b': 0.22727308251068193, 'gpp_d': 0.2204889335659561, 'ign_k': 0.0029519227433917453, 'ign_c': 1.9580595319750387, 'trop_agb_crit': 10.965064494899984, 'trop_k_veg': 1.0594599158279707}.
[I 2026-08-06 08:46:41,440] Trial 139 finished with values: [10.729844313070636, 10.729844313070636] and parameters: {'k1': 0.016780508579130986, 'D_low': 4.484744524732794, 'k2': 1.915468390724633e-05, 'D_high': 3712.591045287726, 'fire_exp': 2.346778510892046, 'P_half': 86.71454322584181, 'pre_dampen_half': 502.5175192217655, 'gpp_af': 0.06991465160637354, 'gpp_b': 0.0059594790418686545, 'gpp_d': 16.460426816350523, 'ign_k': 0.0014019509251727794, 'ign_c': 11.903394335305014, 'trop_agb_crit': 24.584290528289387, 'trop_k_veg': 5.982827017670783}.
[I 2026-08-06 08:46:42,561] Trial 140 finished with values: [10.728594694475088, 10.728594694475088] and parameters: {'k1': 0.06994589881535453, 'D_low': 1.54121727098019, 'k2': 6.069662445477729e-05, 'D_high': 1615.0602315370222, 'fire_exp': 1.4665043946307825, 'P_half': 1.1827346017839087, 'pre_dampen_half': 0.03751320096826995, 'gpp_af': 2.6003623362924237, 'gpp_b': 2.6738182964551835e-05, 'gpp_d': 8.057329182285729, 'ign_k': 0.004144296901136395, 'ign_c': 0.1239046892818203, 'trop_agb_crit': 6.119263728555865, 'trop_k_veg': 3.869465953383845}.
[I 2026-08-06 08:46:43,612] Trial 141 finished with values: [10.613487928582899, 10.613487928582899] and parameters: {'k1': 0.008471801418819975, 'D_low': 2.143851363193517, 'k2': 0.0012040762895973265, 'D_high': 42.070539502879384, 'fire_exp': 1.1430983876313219, 'P_half': 175.2878790340412, 'pre_dampen_half': 10.129197956845726, 'gpp_af': 0.10409127568994281, 'gpp_b': 1.3289448722869181e-05, 'gpp_d': 10.369565216756202, 'ign_k': 2.1368329072358767, 'ign_c': 0.70689749506246, 'trop_agb_crit': 10.965064494899984, 'trop_k_veg': 0.83140195149031}.
[I 2026-08-06 08:46:44,623] Trial 142 finished with values: [10.690237595389265, 10.690237595389265] and parameters: {'k1': 0.004312951023617458, 'D_low': 1112.9571947046009, 'k2': 0.0007047307383115598, 'D_high': 21.947742689197344, 'fire_exp': 1.0629462657398439, 'P_half': 221.2683656611821, 'pre_dampen_half': 502.5175192217655, 'gpp_af': 0.7539992074650279, 'gpp_b': 3.481277316673104e-05, 'gpp_d': 150.14555442537656, 'ign_k': 5.351470428717437, 'ign_c': 0.9580682294110432, 'trop_agb_crit': 1.14876138417489, 'trop_k_veg': 1.4584243470991722}.
[I 2026-08-06 08:46:45,688] Trial 143 finished with values: [10.763599738346342, 10.763599738346342] and parameters: {'k1': 0.0003179302199939536, 'D_low': 40.12413353131991, 'k2': 0.0020564614086027925, 'D_high': 360.73016145428437, 'fire_exp': 1.423480109671474, 'P_half': 148.10800730363493, 'pre_dampen_half': 0.27083591868016804, 'gpp_af': 0.8998420889037456, 'gpp_b': 1.524058016414757e-05, 'gpp_d': 0.015372374060846974, 'ign_k': 5.351470428717437, 'ign_c': 18.219343937475102, 'trop_agb_crit': 1.5405783270032232, 'trop_k_veg': 2.1272255937459805}.
[I 2026-08-06 08:46:46,791] Trial 144 finished with values: [10.766531052913942, 10.766531052913942] and parameters: {'k1': 0.0002220327882582422, 'D_low': 33.019434616055364, 'k2': 1.7926680648388784e-05, 'D_high': 91167.68553735342, 'fire_exp': 2.100650708889295, 'P_half': 1735.792403594532, 'pre_dampen_half': 8.942824595236095, 'gpp_af': 2.555721998081808, 'gpp_b': 0.36422282566934233, 'gpp_d': 9.510288748158525, 'ign_k': 0.07696703458159235, 'ign_c': 4.439802552990464, 'trop_agb_crit': 3.275825291386224, 'trop_k_veg': 6.5801322358877785}.
[I 2026-08-06 08:46:47,850] Trial 145 finished with values: [10.768557951033703, 10.768557951033703] and parameters: {'k1': 0.00031134168041628584, 'D_low': 894.5150807271528, 'k2': 5.471218729342035e-05, 'D_high': 68.76972589957657, 'fire_exp': 2.346778510892046, 'P_half': 86.71454322584181, 'pre_dampen_half': 0.6023700815747873, 'gpp_af': 0.06991465160637354, 'gpp_b': 0.0059594790418686545, 'gpp_d': 54.620376657085984, 'ign_k': 0.0014019509251727794, 'ign_c': 0.14551749476072262, 'trop_agb_crit': 11.316283925181681, 'trop_k_veg': 5.982827017670783}.
[I 2026-08-06 08:46:48,878] Trial 146 finished with values: [10.735531021027231, 10.735531021027231] and parameters: {'k1': 0.002367935204022389, 'D_low': 520.4862686958022, 'k2': 0.0004976087827261435, 'D_high': 985.7545621889059, 'fire_exp': 1.221575427404682, 'P_half': 14.281536924924877, 'pre_dampen_half': 8.594202650742222, 'gpp_af': 0.2204465010099918, 'gpp_b': 2.176805640408474e-05, 'gpp_d': 0.043441170039664925, 'ign_k': 0.01364908766641695, 'ign_c': 39.52220881906114, 'trop_agb_crit': 12.647327018493208, 'trop_k_veg': 2.4336356947036335}.
[I 2026-08-06 08:46:49,906] Trial 147 finished with values: [10.725999011752322, 10.725999011752322] and parameters: {'k1': 0.00031134168041628584, 'D_low': 520.4862686958022, 'k2': 0.003767022142229395, 'D_high': 431.45617043093523, 'fire_exp': 1.0601964743503993, 'P_half': 140.74279366401683, 'pre_dampen_half': 38.00678588560607, 'gpp_af': 0.060029341913968644, 'gpp_b': 1.4540386644083135e-05, 'gpp_d': 0.043441170039664925, 'ign_k': 0.00840038491455979, 'ign_c': 48.704711413416454, 'trop_agb_crit': 1.0693376406863295, 'trop_k_veg': 2.4336356947036335}.
[I 2026-08-06 08:46:50,935] Trial 148 finished with values: [10.758941962274795, 10.758941962274795] and parameters: {'k1': 3.511445258128687e-05, 'D_low': 1112.9571947046009, 'k2': 0.0005342937261279777, 'D_high': 8182.111518618414, 'fire_exp': 2.332293128354265, 'P_half': 338.23872019362165, 'pre_dampen_half': 14.711215379121963, 'gpp_af': 0.06789053271698488, 'gpp_b': 3.481277316673104e-05, 'gpp_d': 82.84476373292449, 'ign_k': 0.006290644294586149, 'ign_c': 30.785541778315018, 'trop_agb_crit': 1.14876138417489, 'trop_k_veg': 6.955154171468271}.
[I 2026-08-06 08:46:51,962] Trial 149 finished with values: [10.768645499167468, 10.768645499167468] and parameters: {'k1': 8.488887549001697e-05, 'D_low': 1228.2126524008484, 'k2': 0.0012040762895973265, 'D_high': 1493.5213816355397, 'fire_exp': 3.5637467870629145, 'P_half': 751.9407491506673, 'pre_dampen_half': 241.69519319206728, 'gpp_af': 0.030592049838223532, 'gpp_b': 6.369295096609023e-05, 'gpp_d': 0.01392878970664331, 'ign_k': 1.0484531351650956, 'ign_c': 2.414259639010457, 'trop_agb_crit': 1.8545640943955186, 'trop_k_veg': 0.902411054575325}.
[I 2026-08-06 08:46:53,055] Trial 150 finished with values: [10.768435712300805, 10.768435712300805] and parameters: {'k1': 0.06994589881535453, 'D_low': 436.4516946807792, 'k2': 0.0016497426799845453, 'D_high': 18.942844905792818, 'fire_exp': 3.3857164090062235, 'P_half': 1.1827346017839087, 'pre_dampen_half': 0.029208808341780905, 'gpp_af': 2.6003623362924237, 'gpp_b': 2.6738182964551835e-05, 'gpp_d': 6.792399189485706, 'ign_k': 2.3960796124300754, 'ign_c': 2.4936660834465174, 'trop_agb_crit': 11.812030596598904, 'trop_k_veg': 0.7373659503009865}.
[I 2026-08-06 08:46:54,104] Trial 151 finished with values: [10.752730440560537, 10.752730440560537] and parameters: {'k1': 0.012840669372724958, 'D_low': 171.2446447678494, 'k2': 0.03699867920489089, 'D_high': 3346.220103048382, 'fire_exp': 6.234638880169447, 'P_half': 93.43302657318476, 'pre_dampen_half': 7.665128204660195, 'gpp_af': 0.2204465010099918, 'gpp_b': 0.0001484082099455773, 'gpp_d': 0.03927259340973166, 'ign_k': 0.0802050305902781, 'ign_c': 0.12510188850164433, 'trop_agb_crit': 12.647327018493208, 'trop_k_veg': 3.1485436349029405}.
[I 2026-08-06 08:46:55,142] Trial 152 finished with values: [10.769230769178105, 10.769230769178105] and parameters: {'k1': 0.0011135501184757278, 'D_low': 248.10409748678117, 'k2': 2.683416249684868e-05, 'D_high': 42.070539502879384, 'fire_exp': 8.646288834805796, 'P_half': 2915.443189153754, 'pre_dampen_half': 10.129197956845726, 'gpp_af': 0.07698760608299937, 'gpp_b': 1.319554058182653e-05, 'gpp_d': 707.2114131472224, 'ign_k': 0.8517034154701657, 'ign_c': 0.70689749506246, 'trop_agb_crit': 1.5028069346088124, 'trop_k_veg': 5.905704303105107}.
[I 2026-08-06 08:46:56,170] Trial 153 finished with values: [10.760354485011234, 10.760354485011234] and parameters: {'k1': 0.012840669372724958, 'D_low': 7.240382572465288, 'k2': 0.0012040762895973265, 'D_high': 18.942844905792818, 'fire_exp': 1.2611826901294014, 'P_half': 93.43302657318476, 'pre_dampen_half': 0.012952289461753311, 'gpp_af': 2.6003623362924237, 'gpp_b': 2.6738182964551835e-05, 'gpp_d': 0.2204889335659561, 'ign_k': 0.0029519227433917453, 'ign_c': 30.28574109895626, 'trop_agb_crit': 10.965064494899984, 'trop_k_veg': 1.0923378209074766}.
[I 2026-08-06 08:46:57,245] Trial 154 finished with values: [10.756999501720827, 10.756999501720827] and parameters: {'k1': 0.06994589881535453, 'D_low': 4182.178526757453, 'k2': 6.069662445477729e-05, 'D_high': 18.942844905792818, 'fire_exp': 1.2611826901294014, 'P_half': 140.74279366401683, 'pre_dampen_half': 8.594202650742222, 'gpp_af': 5.335773317316405, 'gpp_b': 0.0038900687554386305, 'gpp_d': 0.3934396739328545, 'ign_k': 0.01364908766641695, 'ign_c': 2.8335389417624683, 'trop_agb_crit': 8.997007571451054, 'trop_k_veg': 2.4336356947036335}.
[I 2026-08-06 08:46:58,323] Trial 155 finished with values: [10.768982182676302, 10.768982182676302] and parameters: {'k1': 1.4002277211577026e-05, 'D_low': 38.82837025280678, 'k2': 0.0018170401889219116, 'D_high': 8182.111518618414, 'fire_exp': 5.963862427044409, 'P_half': 65.03622711342449, 'pre_dampen_half': 502.5175192217655, 'gpp_af': 0.15988721385117122, 'gpp_b': 0.0021331409710300844, 'gpp_d': 5.1715677287580455, 'ign_k': 0.010167079878196114, 'ign_c': 15.221840161091626, 'trop_agb_crit': 18.748298427129946, 'trop_k_veg': 6.889798778165608}.
