[I 2026-08-06 10:59:20,978] Trial 802 finished with values: [-0.5893349719421825, 0.11637945160326502] and parameters: {'k1': 0.00488137519160367, 'D_low': 355.00125258511594, 'k2': 8.923807143379776e-05, 'D_high': 78.57247967427125, 'fire_exp': 1.221575427404682, 'P_half': 97.0660675687761, 'pre_dampen_half': 331.7366635899375, 'gpp_af': 5.335773317316405, 'gpp_b': 0.01666658176842624, 'gpp_d': 82.84476373292449, 'ign_k': 0.019192001101561888, 'ign_c': 5.13055176058983, 'trop_agb_crit': 7.628718523810018, 'trop_k_veg': 2.5878603012249104}.
[I 2026-08-06 10:59:22,252] Trial 803 finished with values: [10.755818421717958, 10.755818421717958] and parameters: {'k1': 0.00488137519160367, 'D_low': 355.00125258511594, 'k2': 8.923807143379776e-05, 'D_high': 61536.58035691648, 'fire_exp': 1.221575427404682, 'P_half': 221.2683656611821, 'pre_dampen_half': 481.9793830934018, 'gpp_af': 86.88155815838691, 'gpp_b': 0.012132126638791128, 'gpp_d': 82.84476373292449, 'ign_k': 3.589155871450839, 'ign_c': 1.2431017136067033, 'trop_agb_crit': 8.997007571451054, 'trop_k_veg': 1.9799513595694562}.
[I 2026-08-06 10:59:23,856] Trial 804 finished with values: [-0.558176529023133, 0.2809034872511772] and parameters: {'k1': 0.008912611835817005, 'D_low': 3.5136541394511, 'k2': 8.923807143379776e-05, 'D_high': 8182.111518618414, 'fire_exp': 1.7329145403564932, 'P_half': 4.213183643253957, 'pre_dampen_half': 38.00678588560607, 'gpp_af': 1.6059727222314273, 'gpp_b': 2.176805640408474e-05, 'gpp_d': 2.944272359149677, 'ign_k': 0.6161423618045312, 'ign_c': 1.9580595319750387, 'trop_agb_crit': 8.997007571451054, 'trop_k_veg': 4.030242248006271}.
[I 2026-08-06 10:59:25,891] Trial 805 finished with values: [10.38956397625177, 10.38956397625177] and parameters: {'k1': 0.002155595057104387, 'D_low': 603.3623633620597, 'k2': 0.019894080167856886, 'D_high': 414.2619760188261, 'fire_exp': 1.2611826901294014, 'P_half': 523.1053126909052, 'pre_dampen_half': 63.6685916079943, 'gpp_af': 0.6403036652671171, 'gpp_b': 0.0012213924959062798, 'gpp_d': 757.2868182332339, 'ign_k': 0.12329098365270515, 'ign_c': 2.4936660834465174, 'trop_agb_crit': 6.119263728555865, 'trop_k_veg': 0.6673124511410327}.
[I 2026-08-06 10:59:27,992] Trial 806 finished with values: [10.452159734381047, 10.452159734381047] and parameters: {'k1': 0.01889771394135163, 'D_low': 38.82837025280678, 'k2': 0.0005161767747867287, 'D_high': 3005.809024615141, 'fire_exp': 1.7329145403564932, 'P_half': 712.8188058401365, 'pre_dampen_half': 38.00678588560607, 'gpp_af': 1.6059727222314273, 'gpp_b': 2.176805640408474e-05, 'gpp_d': 82.84476373292449, 'ign_k': 0.019192001101561888, 'ign_c': 1.9580595319750387, 'trop_agb_crit': 8.997007571451054, 'trop_k_veg': 2.4336356947036335}.
[I 2026-08-06 10:59:30,078] Trial 807 finished with values: [10.19159758219224, 10.19159758219224] and parameters: {'k1': 0.00488137519160367, 'D_low': 741.978058430228, 'k2': 0.0154776166709383, 'D_high': 8182.111518618414, 'fire_exp': 1.221575427404682, 'P_half': 712.8188058401365, 'pre_dampen_half': 331.7366635899375, 'gpp_af': 0.6403036652671171, 'gpp_b': 0.3682510091559943, 'gpp_d': 82.84476373292449, 'ign_k': 2.5253810447657927, 'ign_c': 1.9580595319750387, 'trop_agb_crit': 8.997007571451054, 'trop_k_veg': 2.4336356947036335}.
[I 2026-08-06 10:59:32,045] Trial 808 finished with values: [10.72592563435765, 10.72592563435765] and parameters: {'k1': 0.00488137519160367, 'D_low': 520.4862686958022, 'k2': 0.019894080167856886, 'D_high': 78.57247967427125, 'fire_exp': 1.221575427404682, 'P_half': 588.4974770225299, 'pre_dampen_half': 331.7366635899375, 'gpp_af': 0.6403036652671171, 'gpp_b': 0.3682510091559943, 'gpp_d': 82.84476373292449, 'ign_k': 0.019192001101561888, 'ign_c': 5.13055176058983, 'trop_agb_crit': 6.119263728555865, 'trop_k_veg': 2.4336356947036335}.
[I 2026-08-06 10:59:33,991] Trial 809 finished with values: [10.690088416720885, 10.690088416720885] and parameters: {'k1': 0.00488137519160367, 'D_low': 7.299348683062307, 'k2': 0.0154776166709383, 'D_high': 61536.58035691648, 'fire_exp': 1.221575427404682, 'P_half': 712.8188058401365, 'pre_dampen_half': 331.7366635899375, 'gpp_af': 5.335773317316405, 'gpp_b': 0.01666658176842624, 'gpp_d': 84.31013932082456, 'ign_k': 0.019192001101561888, 'ign_c': 5.13055176058983, 'trop_agb_crit': 7.628718523810018, 'trop_k_veg': 2.5878603012249104}.
[I 2026-08-06 10:59:35,905] Trial 810 finished with values: [10.03854027419964, 10.03854027419964] and parameters: {'k1': 0.00488137519160367, 'D_low': 355.00125258511594, 'k2': 8.923807143379776e-05, 'D_high': 11069.082134755383, 'fire_exp': 1.221575427404682, 'P_half': 221.2683656611821, 'pre_dampen_half': 481.9793830934018, 'gpp_af': 1.6059727222314273, 'gpp_b': 0.0005739662837359252, 'gpp_d': 1.493264336549928, 'ign_k': 9.226223582279749, 'ign_c': 1.2431017136067033, 'trop_agb_crit': 8.997007571451054, 'trop_k_veg': 1.9799513595694562}.
[I 2026-08-06 10:59:37,859] Trial 811 finished with values: [10.277661040160917, 10.277661040160917] and parameters: {'k1': 2.316457903103837e-05, 'D_low': 40.52505887227999, 'k2': 1.1065812688893481e-05, 'D_high': 8182.111518618414, 'fire_exp': 1.2611826901294014, 'P_half': 4.213183643253957, 'pre_dampen_half': 63.6685916079943, 'gpp_af': 0.6403036652671171, 'gpp_b': 0.22727308251068193, 'gpp_d': 2.944272359149677, 'ign_k': 0.060759029110813774, 'ign_c': 1.9580595319750387, 'trop_agb_crit': 7.500118950416987, 'trop_k_veg': 4.989748894578724}.
[I 2026-08-06 10:59:39,846] Trial 812 finished with values: [10.69376453031467, 10.69376453031467] and parameters: {'k1': 0.01889771394135163, 'D_low': 38.82837025280678, 'k2': 8.923807143379776e-05, 'D_high': 42210.21267871043, 'fire_exp': 1.7329145403564932, 'P_half': 712.8188058401365, 'pre_dampen_half': 38.00678588560607, 'gpp_af': 1.6059727222314273, 'gpp_b': 2.176805640408474e-05, 'gpp_d': 0.04385018674829578, 'ign_k': 0.6161423618045312, 'ign_c': 1.9580595319750387, 'trop_agb_crit': 8.997007571451054, 'trop_k_veg': 7.936472946233041}.
[I 2026-08-06 10:59:41,889] Trial 813 finished with values: [11.588074388065118, 11.588074388065118] and parameters: {'k1': 0.008912611835817005, 'D_low': 38.82837025280678, 'k2': 0.019894080167856886, 'D_high': 5670.3463356272905, 'fire_exp': 1.221575427404682, 'P_half': 2.608786855182909, 'pre_dampen_half': 38.00678588560607, 'gpp_af': 0.0049748543504537545, 'gpp_b': 0.0012213924959062798, 'gpp_d': 14.792055086678463, 'ign_k': 0.7895056976009632, 'ign_c': 1.1994950112756755, 'trop_agb_crit': 8.997007571451054, 'trop_k_veg': 7.936472946233041}.
[I 2026-08-06 10:59:43,798] Trial 814 finished with values: [10.232900216595363, 10.232900216595363] and parameters: {'k1': 0.01889771394135163, 'D_low': 7.299348683062307, 'k2': 1.1065812688893481e-05, 'D_high': 61536.58035691648, 'fire_exp': 1.7329145403564932, 'P_half': 3.313942437345199, 'pre_dampen_half': 63.6685916079943, 'gpp_af': 1.6059727222314273, 'gpp_b': 2.176805640408474e-05, 'gpp_d': 2.944272359149677, 'ign_k': 0.6161423618045312, 'ign_c': 1.9580595319750387, 'trop_agb_crit': 8.997007571451054, 'trop_k_veg': 2.4336356947036335}.
[I 2026-08-06 10:59:46,178] Trial 815 finished with values: [10.599308846154058, 10.599308846154058] and parameters: {'k1': 0.008912611835817005, 'D_low': 40.52505887227999, 'k2': 1.1065812688893481e-05, 'D_high': 8182.111518618414, 'fire_exp': 1.2611826901294014, 'P_half': 3.313942437345199, 'pre_dampen_half': 63.6685916079943, 'gpp_af': 0.6403036652671171, 'gpp_b': 0.22727308251068193, 'gpp_d': 2.944272359149677, 'ign_k': 0.21006485619596416, 'ign_c': 30.785541778315018, 'trop_agb_crit': 8.997007571451054, 'trop_k_veg': 2.4855199240230106}.
[I 2026-08-06 10:59:48,193] Trial 816 finished with values: [-0.5385098059643602, 0.11421478622020287] and parameters: {'k1': 0.05778755734457457, 'D_low': 520.4862686958022, 'k2': 0.00012492307509390826, 'D_high': 42210.21267871043, 'fire_exp': 1.7329145403564932, 'P_half': 310.3604223881657, 'pre_dampen_half': 38.00678588560607, 'gpp_af': 1.9706963379095486, 'gpp_b': 2.176805640408474e-05, 'gpp_d': 229.41380323183625, 'ign_k': 2.5253810447657927, 'ign_c': 3.470490935437501, 'trop_agb_crit': 8.997007571451054, 'trop_k_veg': 0.6231612697298179}.
[I 2026-08-06 10:59:50,233] Trial 817 finished with values: [10.768978414080586, 10.768978414080586] and parameters: {'k1': 2.20106566100558e-05, 'D_low': 38.82837025280678, 'k2': 0.019894080167856886, 'D_high': 60107.420288647554, 'fire_exp': 7.837740398103447, 'P_half': 3.313942437345199, 'pre_dampen_half': 38.00678588560607, 'gpp_af': 0.6403036652671171, 'gpp_b': 0.22727308251068193, 'gpp_d': 2.944272359149677, 'ign_k': 0.21006485619596416, 'ign_c': 2.4936660834465174, 'trop_agb_crit': 7.500118950416987, 'trop_k_veg': 4.989748894578724}.
[I 2026-08-06 10:59:52,301] Trial 818 finished with values: [10.718965063387612, 10.718965063387612] and parameters: {'k1': 0.002155595057104387, 'D_low': 1.3577269394141454, 'k2': 0.019894080167856886, 'D_high': 21.947742689197344, 'fire_exp': 1.5554903627343437, 'P_half': 221.2683656611821, 'pre_dampen_half': 38.00678588560607, 'gpp_af': 0.6403036652671171, 'gpp_b': 3.481277316673104e-05, 'gpp_d': 5.1715677287580455, 'ign_k': 0.12329098365270515, 'ign_c': 2.4936660834465174, 'trop_agb_crit': 6.119263728555865, 'trop_k_veg': 5.580504276549027}.
[I 2026-08-06 10:59:54,178] Trial 819 finished with values: [10.282722063901392, 10.282722063901392] and parameters: {'k1': 0.008912611835817005, 'D_low': 40.52505887227999, 'k2': 0.031536006085184705, 'D_high': 5670.3463356272905, 'fire_exp': 1.2611826901294014, 'P_half': 4.213183643253957, 'pre_dampen_half': 63.6685916079943, 'gpp_af': 0.6403036652671171, 'gpp_b': 0.22727308251068193, 'gpp_d': 0.4138641521695059, 'ign_k': 0.07091190338709638, 'ign_c': 5.13055176058983, 'trop_agb_crit': 6.119263728555865, 'trop_k_veg': 4.030242248006271}.
[I 2026-08-06 10:59:56,352] Trial 820 finished with values: [10.46900513858283, 10.46900513858283] and parameters: {'k1': 0.01889771394135163, 'D_low': 520.4862686958022, 'k2': 0.019894080167856886, 'D_high': 1236.6924205139144, 'fire_exp': 1.7329145403564932, 'P_half': 523.1053126909052, 'pre_dampen_half': 63.6685916079943, 'gpp_af': 5.335773317316405, 'gpp_b': 0.00022905428113532524, 'gpp_d': 350.88322284755304, 'ign_k': 0.12329098365270515, 'ign_c': 0.8916132699546893, 'trop_agb_crit': 6.119263728555865, 'trop_k_veg': 2.520089655463604}.
[I 2026-08-06 10:59:58,340] Trial 821 finished with values: [10.450605850483097, 10.450605850483097] and parameters: {'k1': 0.000263017849974555, 'D_low': 40.52505887227999, 'k2': 0.031536006085184705, 'D_high': 5670.3463356272905, 'fire_exp': 1.221575427404682, 'P_half': 221.2683656611821, 'pre_dampen_half': 63.6685916079943, 'gpp_af': 5.335773317316405, 'gpp_b': 0.00431329787498825, 'gpp_d': 82.84476373292449, 'ign_k': 0.07091190338709638, 'ign_c': 1.9580595319750387, 'trop_agb_crit': 8.997007571451054, 'trop_k_veg': 1.140286245977296}.
[I 2026-08-06 11:00:00,249] Trial 822 finished with values: [10.262440525040558, 10.262440525040558] and parameters: {'k1': 0.008912611835817005, 'D_low': 12.105387404469584, 'k2': 0.031536006085184705, 'D_high': 5670.3463356272905, 'fire_exp': 3.3801590342525687, 'P_half': 1.895375973243287, 'pre_dampen_half': 63.6685916079943, 'gpp_af': 0.39382107610395717, 'gpp_b': 0.00431329787498825, 'gpp_d': 1.493264336549928, 'ign_k': 0.07091190338709638, 'ign_c': 5.13055176058983, 'trop_agb_crit': 8.997007571451054, 'trop_k_veg': 7.936472946233041}.
[I 2026-08-06 11:00:02,184] Trial 823 finished with values: [10.88682423890623, 10.88682423890623] and parameters: {'k1': 0.00488137519160367, 'D_low': 1.864018654712297, 'k2': 0.019894080167856886, 'D_high': 1236.6924205139144, 'fire_exp': 1.221575427404682, 'P_half': 523.1053126909052, 'pre_dampen_half': 719.4083432823455, 'gpp_af': 5.335773317316405, 'gpp_b': 0.01666658176842624, 'gpp_d': 350.88322284755304, 'ign_k': 0.019192001101561888, 'ign_c': 5.13055176058983, 'trop_agb_crit': 7.628718523810018, 'trop_k_veg': 2.5878603012249104}.
[I 2026-08-06 11:00:04,092] Trial 824 finished with values: [10.648334544313787, 10.648334544313787] and parameters: {'k1': 0.005272264723319183, 'D_low': 1590.1058351240622, 'k2': 8.60693112508996e-05, 'D_high': 1445.5983984872983, 'fire_exp': 1.221575427404682, 'P_half': 712.8188058401365, 'pre_dampen_half': 63.6685916079943, 'gpp_af': 1.9706963379095486, 'gpp_b': 0.22727308251068193, 'gpp_d': 19.600139992927435, 'ign_k': 3.313724129972939, 'ign_c': 4.2425976091860935, 'trop_agb_crit': 19.3289574092866, 'trop_k_veg': 4.375785248100498}.
[I 2026-08-06 11:00:06,070] Trial 825 finished with values: [10.176231882144583, 10.176231882144583] and parameters: {'k1': 0.008912611835817005, 'D_low': 7.299348683062307, 'k2': 0.004013372552381595, 'D_high': 3346.220103048382, 'fire_exp': 1.221575427404682, 'P_half': 221.2683656611821, 'pre_dampen_half': 8.144272585223819, 'gpp_af': 0.0049748543504537545, 'gpp_b': 0.0005739662837359252, 'gpp_d': 82.84476373292449, 'ign_k': 0.002803357452303278, 'ign_c': 1.1994950112756755, 'trop_agb_crit': 8.997007571451054, 'trop_k_veg': 7.936472946233041}.
[I 2026-08-06 11:00:08,574] Trial 826 finished with values: [10.045960495573306, 10.045960495573306] and parameters: {'k1': 0.00488137519160367, 'D_low': 12.105387404469584, 'k2': 1.1065812688893481e-05, 'D_high': 8182.111518618414, 'fire_exp': 1.221575427404682, 'P_half': 276.27089412392087, 'pre_dampen_half': 38.00678588560607, 'gpp_af': 0.6403036652671171, 'gpp_b': 0.0012213924959062798, 'gpp_d': 19.600139992927435, 'ign_k': 2.5253810447657927, 'ign_c': 1.1994950112756755, 'trop_agb_crit': 8.997007571451054, 'trop_k_veg': 2.4336356947036335}.
[I 2026-08-06 11:00:10,872] Trial 827 finished with values: [-0.5926568177507653, 0.09831663876214836] and parameters: {'k1': 0.05778755734457457, 'D_low': 38.82837025280678, 'k2': 0.019894080167856886, 'D_high': 42210.21267871043, 'fire_exp': 1.2611826901294014, 'P_half': 523.1053126909052, 'pre_dampen_half': 38.00678588560607, 'gpp_af': 0.6403036652671171, 'gpp_b': 0.0012213924959062798, 'gpp_d': 350.88322284755304, 'ign_k': 0.010939944910100021, 'ign_c': 2.4936660834465174, 'trop_agb_crit': 8.997007571451054, 'trop_k_veg': 2.520089655463604}.
[I 2026-08-06 11:00:13,199] Trial 828 finished with values: [-0.6102218036731737, 0.07144021081800589] and parameters: {'k1': 0.012021930484915042, 'D_low': 12.105387404469584, 'k2': 1.1065812688893481e-05, 'D_high': 60107.420288647554, 'fire_exp': 1.3170256885255098, 'P_half': 523.1053126909052, 'pre_dampen_half': 63.6685916079943, 'gpp_af': 0.6403036652671171, 'gpp_b': 0.0012213924959062798, 'gpp_d': 1.493264336549928, 'ign_k': 0.13546626168109255, 'ign_c': 2.4936660834465174, 'trop_agb_crit': 7.500118950416987, 'trop_k_veg': 2.520089655463604}.
[I 2026-08-06 11:00:15,220] Trial 829 finished with values: [-0.5972291451365832, 0.06085743818243783] and parameters: {'k1': 0.008912611835817005, 'D_low': 12.105387404469584, 'k2': 1.1065812688893481e-05, 'D_high': 61536.58035691648, 'fire_exp': 1.3170256885255098, 'P_half': 712.8188058401365, 'pre_dampen_half': 38.00678588560607, 'gpp_af': 1.6059727222314273, 'gpp_b': 0.13713885091300912, 'gpp_d': 84.31013932082456, 'ign_k': 0.6161423618045312, 'ign_c': 1.9580595319750387, 'trop_agb_crit': 8.997007571451054, 'trop_k_veg': 2.4336356947036335}.
[I 2026-08-06 11:00:17,237] Trial 830 finished with values: [10.115756944422966, 10.115756944422966] and parameters: {'k1': 0.008912611835817005, 'D_low': 12.105387404469584, 'k2': 1.1065812688893481e-05, 'D_high': 5670.3463356272905, 'fire_exp': 2.110249242835225, 'P_half': 4.213183643253957, 'pre_dampen_half': 63.6685916079943, 'gpp_af': 0.6403036652671171, 'gpp_b': 0.0005739662837359252, 'gpp_d': 82.84476373292449, 'ign_k': 0.21006485619596416, 'ign_c': 11.400863701127316, 'trop_agb_crit': 7.500118950416987, 'trop_k_veg': 2.4336356947036335}.
[I 2026-08-06 11:00:19,459] Trial 831 finished with values: [10.586519952652827, 10.586519952652827] and parameters: {'k1': 0.00021478683190589618, 'D_low': 520.4862686958022, 'k2': 8.923807143379776e-05, 'D_high': 42210.21267871043, 'fire_exp': 1.221575427404682, 'P_half': 476.3737484593719, 'pre_dampen_half': 38.00678588560607, 'gpp_af': 93.47528675249171, 'gpp_b': 0.22727308251068193, 'gpp_d': 19.600139992927435, 'ign_k': 0.060759029110813774, 'ign_c': 1.2431017136067033, 'trop_agb_crit': 8.997007571451054, 'trop_k_veg': 7.936472946233041}.
[I 2026-08-06 11:00:21,562] Trial 832 finished with values: [11.194313085815832, 11.194313085815832] and parameters: {'k1': 0.002155595057104387, 'D_low': 520.4862686958022, 'k2': 0.019894080167856886, 'D_high': 8182.111518618414, 'fire_exp': 1.3170256885255098, 'P_half': 221.2683656611821, 'pre_dampen_half': 331.7366635899375, 'gpp_af': 0.6403036652671171, 'gpp_b': 3.481277316673104e-05, 'gpp_d': 5.1715677287580455, 'ign_k': 0.12329098365270515, 'ign_c': 2.4936660834465174, 'trop_agb_crit': 10.691477813613638, 'trop_k_veg': 5.580504276549027}.
[I 2026-08-06 11:00:23,617] Trial 833 finished with values: [10.162297977248658, 10.162297977248658] and parameters: {'k1': 0.00488137519160367, 'D_low': 12.105387404469584, 'k2': 0.019894080167856886, 'D_high': 61536.58035691648, 'fire_exp': 1.2611826901294014, 'P_half': 523.1053126909052, 'pre_dampen_half': 20.37961377717464, 'gpp_af': 0.6403036652671171, 'gpp_b': 3.481277316673104e-05, 'gpp_d': 1.493264336549928, 'ign_k': 0.010939944910100021, 'ign_c': 1.2431017136067033, 'trop_agb_crit': 8.997007571451054, 'trop_k_veg': 7.936472946233041}.
[I 2026-08-06 11:00:25,744] Trial 834 finished with values: [-0.611261424426576, 0.125281992435179] and parameters: {'k1': 0.005272264723319183, 'D_low': 170.2682488483631, 'k2': 1.1065812688893481e-05, 'D_high': 1236.6924205139144, 'fire_exp': 1.221575427404682, 'P_half': 221.2683656611821, 'pre_dampen_half': 63.6685916079943, 'gpp_af': 4.500414872181386, 'gpp_b': 0.0012213924959062798, 'gpp_d': 19.600139992927435, 'ign_k': 0.12329098365270515, 'ign_c': 1.9580595319750387, 'trop_agb_crit': 10.691477813613638, 'trop_k_veg': 2.4336356947036335}.
[I 2026-08-06 11:00:27,965] Trial 835 finished with values: [10.604995743964597, 10.604995743964597] and parameters: {'k1': 0.002549454588329709, 'D_low': 72.58091671308688, 'k2': 1.1065812688893481e-05, 'D_high': 1236.6924205139144, 'fire_exp': 1.2611826901294014, 'P_half': 1.7400806211046378, 'pre_dampen_half': 124.72235343584714, 'gpp_af': 0.6403036652671171, 'gpp_b': 0.0012213924959062798, 'gpp_d': 2.944272359149677, 'ign_k': 0.21006485619596416, 'ign_c': 2.4936660834465174, 'trop_agb_crit': 6.119263728555865, 'trop_k_veg': 2.520089655463604}.
[I 2026-08-06 11:00:30,574] Trial 836 finished with values: [10.59590257365599, 10.59590257365599] and parameters: {'k1': 0.00488137519160367, 'D_low': 177.4954658911452, 'k2': 0.019894080167856886, 'D_high': 8182.111518618414, 'fire_exp': 1.7329145403564932, 'P_half': 712.8188058401365, 'pre_dampen_half': 63.6685916079943, 'gpp_af': 61.39406964482352, 'gpp_b': 0.22727308251068193, 'gpp_d': 19.600139992927435, 'ign_k': 2.5253810447657927, 'ign_c': 1.9580595319750387, 'trop_agb_crit': 8.997007571451054, 'trop_k_veg': 2.4336356947036335}.
[I 2026-08-06 11:00:32,631] Trial 837 finished with values: [10.598791996765543, 10.598791996765543] and parameters: {'k1': 5.025876001070713e-05, 'D_low': 7.299348683062307, 'k2': 0.031536006085184705, 'D_high': 61536.58035691648, 'fire_exp': 1.7329145403564932, 'P_half': 221.2683656611821, 'pre_dampen_half': 38.00678588560607, 'gpp_af': 1.6059727222314273, 'gpp_b': 0.0005739662837359252, 'gpp_d': 0.5363092465892282, 'ign_k': 0.21006485619596416, 'ign_c': 1.9580595319750387, 'trop_agb_crit': 10.691477813613638, 'trop_k_veg': 3.1473758868965476}.
[I 2026-08-06 11:00:34,830] Trial 838 finished with values: [10.386440827346455, 10.386440827346455] and parameters: {'k1': 0.016748279468858224, 'D_low': 40.52505887227999, 'k2': 0.031536006085184705, 'D_high': 1588.2035726402378, 'fire_exp': 3.3801590342525687, 'P_half': 712.8188058401365, 'pre_dampen_half': 719.4083432823455, 'gpp_af': 0.6403036652671171, 'gpp_b': 0.01666658176842624, 'gpp_d': 82.84476373292449, 'ign_k': 0.07091190338709638, 'ign_c': 5.13055176058983, 'trop_agb_crit': 8.997007571451054, 'trop_k_veg': 4.030242248006271}.
[I 2026-08-06 11:00:36,877] Trial 839 finished with values: [10.442369905268798, 10.442369905268798] and parameters: {'k1': 0.05778755734457457, 'D_low': 520.4862686958022, 'k2': 0.019894080167856886, 'D_high': 1236.6924205139144, 'fire_exp': 1.221575427404682, 'P_half': 523.1053126909052, 'pre_dampen_half': 719.4083432823455, 'gpp_af': 0.6403036652671171, 'gpp_b': 0.0012213924959062798, 'gpp_d': 350.88322284755304, 'ign_k': 0.010939944910100021, 'ign_c': 57.54658592592072, 'trop_agb_crit': 6.119263728555865, 'trop_k_veg': 2.520089655463604}.
[I 2026-08-06 11:00:38,971] Trial 840 finished with values: [-0.6213366294816585, 0.10531743755535772] and parameters: {'k1': 0.004708159793250189, 'D_low': 38.82837025280678, 'k2': 8.923807143379776e-05, 'D_high': 1588.2035726402378, 'fire_exp': 1.221575427404682, 'P_half': 712.8188058401365, 'pre_dampen_half': 719.4083432823455, 'gpp_af': 5.335773317316405, 'gpp_b': 0.04633252119753636, 'gpp_d': 82.84476373292449, 'ign_k': 0.04406703994564747, 'ign_c': 1.9580595319750387, 'trop_agb_crit': 8.997007571451054, 'trop_k_veg': 2.4336356947036335}.
[I 2026-08-06 11:00:41,010] Trial 841 finished with values: [10.12303334641582, 10.12303334641582] and parameters: {'k1': 0.01889771394135163, 'D_low': 7.299348683062307, 'k2': 1.1065812688893481e-05, 'D_high': 61536.58035691648, 'fire_exp': 1.7329145403564932, 'P_half': 712.8188058401365, 'pre_dampen_half': 38.00678588560607, 'gpp_af': 1.6059727222314273, 'gpp_b': 2.176805640408474e-05, 'gpp_d': 84.31013932082456, 'ign_k': 0.6161423618045312, 'ign_c': 1.9580595319750387, 'trop_agb_crit': 8.997007571451054, 'trop_k_veg': 2.4336356947036335}.
