[I 2026-08-20 00:32:53,075] Trial 704 finished with value: 0.5213136809287475 and parameters: {'k1': 0.0027212187005323974, 'D_low': 2085.055976058225, 'k2': 0.051556887719541096, 'D_high': 5238416.415806313, 'fire_exp': 2.159206870141108, 'P_half': 9.150396619001354, 'pre_dampen_half': 0.07518685423042569, 'gpp_af': 0.0022567654639615736, 'gpp_b': 2.7864991946189833e-05, 'gpp_d': 0.770599260383581, 'ign_k': 4.742638177977581, 'ign_c': 1.599020700771365, 'trop_agb_crit': 2.649177383998534, 'trop_k_veg': 7.545456396429484, 'pop_amp': 0.0660239746050452, 'pop_peak': 0.10492751675169254, 'pop_sig': 0.45918736524937154}. Best is trial 274 with value: -0.604910391627968.
[I 2026-08-20 00:32:54,873] Trial 705 finished with value: -0.5182609737268953 and parameters: {'k1': 0.0002242273408533919, 'D_low': 2071.4662253291704, 'k2': 0.05366544741645114, 'D_high': 2795199.0810929174, 'fire_exp': 1.4705625807173253, 'P_half': 1.370031403667848, 'pre_dampen_half': 52.97898774626683, 'gpp_af': 0.0011673624623777042, 'gpp_b': 0.0011224544312926146, 'gpp_d': 2.8143714455847153, 'ign_k': 0.9464052025149463, 'ign_c': 4.116061906362697, 'trop_agb_crit': 5.158441419597835, 'trop_k_veg': 1.5205399504844626, 'pop_amp': 0.1221733552514188, 'pop_peak': 7.600274191626548, 'pop_sig': 0.9896954453801403}. Best is trial 274 with value: -0.604910391627968.
[I 2026-08-20 00:32:56,793] Trial 706 finished with value: 0.419011789052978 and parameters: {'k1': 0.001655693548906484, 'D_low': 5355.816340442607, 'k2': 0.03338723840982859, 'D_high': 3406599.463566399, 'fire_exp': 1.8878689884116688, 'P_half': 15.792912407413695, 'pre_dampen_half': 12.752854576452991, 'gpp_af': 0.023753463715448352, 'gpp_b': 0.0002967886231643137, 'gpp_d': 4.47011275845124, 'ign_k': 3.8252729289186487, 'ign_c': 3.6817396919609484, 'trop_agb_crit': 2.573170960791665, 'trop_k_veg': 7.285494380949326, 'pop_amp': 0.04870109663934092, 'pop_peak': 0.16029240230080696, 'pop_sig': 0.9274226042091204}. Best is trial 274 with value: -0.604910391627968.
[I 2026-08-20 00:32:59,039] Trial 707 finished with value: 0.6445374145881376 and parameters: {'k1': 0.0163016008655949, 'D_low': 237871.99351864826, 'k2': 0.0021540622627719496, 'D_high': 827641.4718211071, 'fire_exp': 1.109562440171714, 'P_half': 2.64713988135416, 'pre_dampen_half': 0.137511399074246, 'gpp_af': 0.007745546679319734, 'gpp_b': 0.000243106658429459, 'gpp_d': 2.3159356412041907, 'ign_k': 4.787867892538072, 'ign_c': 58.570369995626926, 'trop_agb_crit': 2.4420802934094565, 'trop_k_veg': 6.969704528161077, 'pop_amp': 0.08557232360768346, 'pop_peak': 0.26220757660688687, 'pop_sig': 1.1733470210380252}. Best is trial 274 with value: -0.604910391627968.
[I 2026-08-20 00:33:00,942] Trial 708 finished with value: 0.4994017264741235 and parameters: {'k1': 0.03939322963811712, 'D_low': 95.04103126954591, 'k2': 0.0016054488900744913, 'D_high': 5421598.396484298, 'fire_exp': 1.6501844595858237, 'P_half': 9.39517769450263, 'pre_dampen_half': 0.5216023404981959, 'gpp_af': 0.002416874990590459, 'gpp_b': 3.8230267759560575e-05, 'gpp_d': 70.01917438868622, 'ign_k': 3.844374795262524, 'ign_c': 22.233040089299763, 'trop_agb_crit': 2.1855268043372913, 'trop_k_veg': 1.2341895114598993, 'pop_amp': 0.041638209575435126, 'pop_peak': 88.81887439982364, 'pop_sig': 1.428249648757197}. Best is trial 274 with value: -0.604910391627968.
[I 2026-08-20 00:33:02,780] Trial 709 finished with value: 0.6473846056698128 and parameters: {'k1': 0.021562527784666382, 'D_low': 20974.388240059965, 'k2': 0.011741285100184974, 'D_high': 9475672.35144145, 'fire_exp': 1.6793775916797007, 'P_half': 1.2545873041744167, 'pre_dampen_half': 2.0305820498669673, 'gpp_af': 0.02967113182025128, 'gpp_b': 3.753540045790349e-05, 'gpp_d': 252.80478959897545, 'ign_k': 5.006885451318491, 'ign_c': 39.066768376052565, 'trop_agb_crit': 1.475723691109422, 'trop_k_veg': 4.666680817662531, 'pop_amp': 0.8003727877155566, 'pop_peak': 1.0560044588923505, 'pop_sig': 0.6490423771685814}. Best is trial 274 with value: -0.604910391627968.
[I 2026-08-20 00:33:04,608] Trial 710 finished with value: -0.5678344400404207 and parameters: {'k1': 0.0001908530764552795, 'D_low': 2038.3284826149281, 'k2': 0.002823893180388427, 'D_high': 245825.0968811466, 'fire_exp': 1.580219378893754, 'P_half': 30.820612464970893, 'pre_dampen_half': 1.5186236687926273, 'gpp_af': 0.0053017703541770895, 'gpp_b': 2.8219618140270732e-05, 'gpp_d': 0.31935004150141555, 'ign_k': 0.4277155535771757, 'ign_c': 1.1694554648426454, 'trop_agb_crit': 28.493913375540746, 'trop_k_veg': 1.7387935607376868, 'pop_amp': 0.011065914521688461, 'pop_peak': 5.140302259866249, 'pop_sig': 2.2046825575905786}. Best is trial 274 with value: -0.604910391627968.
[I 2026-08-20 00:33:06,487] Trial 711 finished with value: 0.576913219766344 and parameters: {'k1': 0.0005964354792613526, 'D_low': 64681.37771134603, 'k2': 0.002740998048899548, 'D_high': 1341113.9664109687, 'fire_exp': 1.4288234760001408, 'P_half': 73.62799549410546, 'pre_dampen_half': 1.4653145405207693, 'gpp_af': 0.001586395524047913, 'gpp_b': 2.242747292101041e-05, 'gpp_d': 0.023541044790116785, 'ign_k': 1.6643861097518653, 'ign_c': 1.2989581292074275, 'trop_agb_crit': 18.248274675031116, 'trop_k_veg': 1.247540083234196, 'pop_amp': 0.001981318305919382, 'pop_peak': 17.69437055885063, 'pop_sig': 1.272096113772154}. Best is trial 274 with value: -0.604910391627968.
[I 2026-08-20 00:33:08,300] Trial 712 finished with value: 0.5328676244049134 and parameters: {'k1': 0.0013336650440027198, 'D_low': 269.73981725740947, 'k2': 0.000603266143035265, 'D_high': 6196131.8263143245, 'fire_exp': 1.0963730508579026, 'P_half': 47.15183729588214, 'pre_dampen_half': 889.7275764007171, 'gpp_af': 0.0012887498018842247, 'gpp_b': 0.000435684548625792, 'gpp_d': 112.1875382596094, 'ign_k': 0.0026198615054280196, 'ign_c': 5.668481700536633, 'trop_agb_crit': 17.022368962330354, 'trop_k_veg': 1.0283028769657596, 'pop_amp': 1.813961381231106, 'pop_peak': 141.96502254307697, 'pop_sig': 2.419769539998282}. Best is trial 274 with value: -0.604910391627968.
[I 2026-08-20 00:33:10,135] Trial 713 finished with value: 0.447963929913736 and parameters: {'k1': 0.08678199117011724, 'D_low': 55.052299316941614, 'k2': 1.613895562976612e-05, 'D_high': 6085.941872936718, 'fire_exp': 1.7139354021275208, 'P_half': 426.31158507040317, 'pre_dampen_half': 3.6996449714287376, 'gpp_af': 24.528669376900805, 'gpp_b': 0.0013465227021962072, 'gpp_d': 163.70748712373063, 'ign_k': 4.627972431694475, 'ign_c': 0.7494874537469549, 'trop_agb_crit': 5.611005183059076, 'trop_k_veg': 0.6013985441623392, 'pop_amp': 15.37138530774081, 'pop_peak': 13.592761255270785, 'pop_sig': 2.3744877657373933}. Best is trial 274 with value: -0.604910391627968.
[I 2026-08-20 00:33:12,219] Trial 714 finished with value: 0.5218922677045785 and parameters: {'k1': 0.0068246613498219155, 'D_low': 2781.9930160494837, 'k2': 0.012765490012467753, 'D_high': 1161811.129750563, 'fire_exp': 2.0224727714628306, 'P_half': 13.298128128126768, 'pre_dampen_half': 0.01374100409552083, 'gpp_af': 0.14949922796491816, 'gpp_b': 2.0663800604850182e-05, 'gpp_d': 9.113531197438055, 'ign_k': 0.10509972638076942, 'ign_c': 0.4510811275744987, 'trop_agb_crit': 1.2249713980528065, 'trop_k_veg': 1.5349185418812057, 'pop_amp': 0.07197830619050913, 'pop_peak': 8.129945796529089, 'pop_sig': 0.7385358424955023}. Best is trial 274 with value: -0.604910391627968.
[I 2026-08-20 00:33:14,089] Trial 715 finished with value: 0.4321936725734524 and parameters: {'k1': 0.023618344335972208, 'D_low': 2196.482127663458, 'k2': 0.00014990855055712032, 'D_high': 403001.57400775567, 'fire_exp': 1.005776380392961, 'P_half': 770.932585598241, 'pre_dampen_half': 66.53723663110584, 'gpp_af': 0.43310008378430487, 'gpp_b': 0.0007495381691511721, 'gpp_d': 1.514968731369206, 'ign_k': 8.929016615984995, 'ign_c': 5.0259415205609415, 'trop_agb_crit': 23.65124627679044, 'trop_k_veg': 1.4424232972141766, 'pop_amp': 0.001541456724837737, 'pop_peak': 6.5943070992523545, 'pop_sig': 0.5964197656744525}. Best is trial 274 with value: -0.604910391627968.
[I 2026-08-20 00:33:15,922] Trial 716 finished with value: 0.49010338253065955 and parameters: {'k1': 0.0009432025804383723, 'D_low': 20428.62084946134, 'k2': 0.030246836383321186, 'D_high': 381092.14965737495, 'fire_exp': 1.0217665771168971, 'P_half': 4.644209571510916, 'pre_dampen_half': 0.17033675282313931, 'gpp_af': 0.595860936346121, 'gpp_b': 0.00026129647640587525, 'gpp_d': 5.000774218986003, 'ign_k': 0.7248394425076339, 'ign_c': 3.9305333370652162, 'trop_agb_crit': 1.2333545690357761, 'trop_k_veg': 2.6795805683466227, 'pop_amp': 0.05734685808175484, 'pop_peak': 3.3909480149549966, 'pop_sig': 0.9950499918453856}. Best is trial 274 with value: -0.604910391627968.
[I 2026-08-20 00:33:17,790] Trial 717 finished with value: 0.5851663928029285 and parameters: {'k1': 0.0035346101926997915, 'D_low': 85237.65433794593, 'k2': 0.0006107206656343965, 'D_high': 3885292.710829646, 'fire_exp': 2.020924707776498, 'P_half': 1.0775088973551794, 'pre_dampen_half': 4.270115190306315, 'gpp_af': 0.21728107172862463, 'gpp_b': 0.003724597797700471, 'gpp_d': 0.15240722317889233, 'ign_k': 2.9797219345186776, 'ign_c': 0.6626858583940433, 'trop_agb_crit': 1.0730849704976022, 'trop_k_veg': 1.0193282082509108, 'pop_amp': 1.0409597585057404, 'pop_peak': 0.9291984244370822, 'pop_sig': 1.0468986109845129}. Best is trial 274 with value: -0.604910391627968.
[I 2026-08-20 00:33:19,806] Trial 718 finished with value: 0.46461715592109454 and parameters: {'k1': 0.00042764492139084104, 'D_low': 2219.5722822346215, 'k2': 0.0041300433292760725, 'D_high': 656708.5136182562, 'fire_exp': 1.4103978219055577, 'P_half': 1.6413681547943726, 'pre_dampen_half': 13.851684311035468, 'gpp_af': 0.013608666940830457, 'gpp_b': 0.0006383794108331737, 'gpp_d': 1.7153194450642035, 'ign_k': 0.8134424306385386, 'ign_c': 3.6551708164865793, 'trop_agb_crit': 15.374526072422931, 'trop_k_veg': 7.79932025286196, 'pop_amp': 1.6416113869964648, 'pop_peak': 0.2717505122113142, 'pop_sig': 0.7912430369690909}. Best is trial 274 with value: -0.604910391627968.
[I 2026-08-20 00:33:21,591] Trial 719 finished with value: 0.5447201383274256 and parameters: {'k1': 0.0051849521892461, 'D_low': 11907.26471118424, 'k2': 0.004678007062405719, 'D_high': 25315.174258191328, 'fire_exp': 1.824669130565129, 'P_half': 191.07132654150433, 'pre_dampen_half': 70.56394477064002, 'gpp_af': 0.0388712356110073, 'gpp_b': 2.5687869636774315e-05, 'gpp_d': 3.469180997651121, 'ign_k': 7.758518057397566, 'ign_c': 3.751801105774293, 'trop_agb_crit': 13.690720720984233, 'trop_k_veg': 4.383570341446384, 'pop_amp': 0.013077164600927334, 'pop_peak': 21.39195143427316, 'pop_sig': 0.5842545209602618}. Best is trial 274 with value: -0.604910391627968.
[I 2026-08-20 00:33:23,603] Trial 720 finished with value: 0.4626697263068583 and parameters: {'k1': 0.0005407133262044551, 'D_low': 1135.884297423822, 'k2': 0.00472611136263939, 'D_high': 172034.9019610298, 'fire_exp': 1.9205675658327224, 'P_half': 9.842804187706864, 'pre_dampen_half': 0.7812524810518131, 'gpp_af': 0.0018480727989093578, 'gpp_b': 3.4513201597944196e-05, 'gpp_d': 0.24157470707809323, 'ign_k': 4.256538203308951, 'ign_c': 0.14413243836230571, 'trop_agb_crit': 28.261237029989772, 'trop_k_veg': 3.313080295762437, 'pop_amp': 0.011386678862614706, 'pop_peak': 1.0064767280339182, 'pop_sig': 1.3560341026408047}. Best is trial 274 with value: -0.604910391627968.
[I 2026-08-20 00:33:25,454] Trial 721 finished with value: 0.5535347875199867 and parameters: {'k1': 0.0004436254670321104, 'D_low': 353.18439850707114, 'k2': 0.004796207076129608, 'D_high': 97179.61730851933, 'fire_exp': 1.32072630269461, 'P_half': 394.96565589032963, 'pre_dampen_half': 0.5696369944932588, 'gpp_af': 0.0030516215823267684, 'gpp_b': 0.0002562302083025686, 'gpp_d': 0.9342702334777997, 'ign_k': 0.027911022039677717, 'ign_c': 0.6625914125842371, 'trop_agb_crit': 19.131919180949335, 'trop_k_veg': 2.452128725857884, 'pop_amp': 0.02346119310166156, 'pop_peak': 9.561070445567863, 'pop_sig': 2.298957136313918}. Best is trial 274 with value: -0.604910391627968.
[I 2026-08-20 00:33:27,411] Trial 722 finished with value: 0.5099421324979724 and parameters: {'k1': 0.000860850686845139, 'D_low': 48664.11382199961, 'k2': 0.008509402914340828, 'D_high': 1045797.2033159225, 'fire_exp': 1.1721433347304924, 'P_half': 3.124016942830349, 'pre_dampen_half': 2.593959519282695, 'gpp_af': 0.0017549569224990264, 'gpp_b': 2.8036307309990444e-05, 'gpp_d': 0.07592688272187283, 'ign_k': 3.4432139448020385, 'ign_c': 0.9934578750131902, 'trop_agb_crit': 1.3408881664508763, 'trop_k_veg': 1.9952444056810392, 'pop_amp': 0.20182873940518398, 'pop_peak': 2.926816767625537, 'pop_sig': 1.2849153871739778}. Best is trial 274 with value: -0.604910391627968.
[I 2026-08-20 00:33:29,351] Trial 723 finished with value: 0.4906352565428107 and parameters: {'k1': 0.0003125048977325189, 'D_low': 28344.688752123424, 'k2': 0.0008704820986758481, 'D_high': 8500838.81269647, 'fire_exp': 1.0686041805563407, 'P_half': 2.7623905588442494, 'pre_dampen_half': 0.3910433952320179, 'gpp_af': 0.005339652311142305, 'gpp_b': 1.4146319506085117e-05, 'gpp_d': 25.53231437786618, 'ign_k': 0.7459613661990402, 'ign_c': 2.1083874893599988, 'trop_agb_crit': 1.6181509601654602, 'trop_k_veg': 1.8594061727546405, 'pop_amp': 0.008243685768207096, 'pop_peak': 3.9326373689870047, 'pop_sig': 0.9594976900547109}. Best is trial 274 with value: -0.604910391627968.
[I 2026-08-20 00:33:31,251] Trial 724 finished with value: 0.43896092749214966 and parameters: {'k1': 0.0003258803551857393, 'D_low': 668.3592010355452, 'k2': 0.08966814449884739, 'D_high': 1652834.5131349147, 'fire_exp': 1.9346134076243162, 'P_half': 48.75644964100197, 'pre_dampen_half': 81.69477486199527, 'gpp_af': 0.02228491309386329, 'gpp_b': 0.001605759499486499, 'gpp_d': 1.9249658832435208, 'ign_k': 1.8889092763713071, 'ign_c': 0.47455456809013863, 'trop_agb_crit': 16.750122196983845, 'trop_k_veg': 6.53589676821312, 'pop_amp': 0.14447996256703874, 'pop_peak': 0.99989680531988, 'pop_sig': 1.0484837862113876}. Best is trial 274 with value: -0.604910391627968.
[I 2026-08-20 00:33:33,060] Trial 725 finished with value: 0.5810082285166113 and parameters: {'k1': 0.005569923502627656, 'D_low': 10.185555892076572, 'k2': 1.5747738571818545e-05, 'D_high': 68460.41008666891, 'fire_exp': 1.8189756588151391, 'P_half': 1612.8748009952017, 'pre_dampen_half': 0.026528458447039792, 'gpp_af': 4.876494872917698, 'gpp_b': 0.04701873072675968, 'gpp_d': 57.601109175267176, 'ign_k': 6.467321216558701, 'ign_c': 2.5639177558434714, 'trop_agb_crit': 6.752978209265454, 'trop_k_veg': 0.6459003667522026, 'pop_amp': 0.019033647486806922, 'pop_peak': 97.17599238394311, 'pop_sig': 1.273543297453951}. Best is trial 274 with value: -0.604910391627968.
[I 2026-08-20 00:33:34,895] Trial 726 finished with value: 0.468661746193868 and parameters: {'k1': 0.0070566580339475795, 'D_low': 5958.529193217581, 'k2': 0.001834133978006958, 'D_high': 284058.59888130863, 'fire_exp': 2.393210831205989, 'P_half': 138.96935732326946, 'pre_dampen_half': 1.2259696609574304, 'gpp_af': 0.003692745586688097, 'gpp_b': 3.8228345528686853e-05, 'gpp_d': 63.31905156374757, 'ign_k': 7.439668301153631, 'ign_c': 0.513578913000973, 'trop_agb_crit': 9.185341663537024, 'trop_k_veg': 1.6443057588984193, 'pop_amp': 1.9455987695420909, 'pop_peak': 690.2144398104454, 'pop_sig': 0.7904969985381928}. Best is trial 274 with value: -0.604910391627968.
[I 2026-08-20 00:33:36,722] Trial 727 finished with value: 0.5254574611900239 and parameters: {'k1': 1.2876653386494076e-05, 'D_low': 12097.247057450873, 'k2': 0.003421745404604997, 'D_high': 222997.62223711406, 'fire_exp': 2.0203237031655807, 'P_half': 2.9437769171644628, 'pre_dampen_half': 18.085355716725857, 'gpp_af': 0.05347089547714777, 'gpp_b': 5.024505403115385e-05, 'gpp_d': 0.02436700469391403, 'ign_k': 0.2155607110036694, 'ign_c': 0.608427224870003, 'trop_agb_crit': 21.655403486683063, 'trop_k_veg': 2.7383917340577293, 'pop_amp': 0.01046377781865266, 'pop_peak': 4.90267123395399, 'pop_sig': 1.8934139167933555}. Best is trial 274 with value: -0.604910391627968.
[I 2026-08-20 00:33:38,534] Trial 728 finished with value: -0.537359352256918 and parameters: {'k1': 0.002389889936229201, 'D_low': 588.9123618289664, 'k2': 0.0008876640877058243, 'D_high': 8575747.043563126, 'fire_exp': 1.8503144327474474, 'P_half': 21.557438766823534, 'pre_dampen_half': 930.6477853465595, 'gpp_af': 0.0014764747090059416, 'gpp_b': 0.0006805764526479455, 'gpp_d': 27.643109780503767, 'ign_k': 4.525907180743253, 'ign_c': 19.63432394430377, 'trop_agb_crit': 25.061683484651688, 'trop_k_veg': 1.0632451641785803, 'pop_amp': 0.0012418959098680635, 'pop_peak': 9.334059575066613, 'pop_sig': 0.49913299600144057}. Best is trial 274 with value: -0.604910391627968.
[I 2026-08-20 00:33:40,844] Trial 729 finished with value: -0.5764074469865859 and parameters: {'k1': 0.0025393088662849744, 'D_low': 228.9396046833802, 'k2': 0.0012642078626826612, 'D_high': 727416.3240312856, 'fire_exp': 2.1453341872696265, 'P_half': 1.305696475566926, 'pre_dampen_half': 3.761375162360643, 'gpp_af': 0.0010920123675191968, 'gpp_b': 5.711912489104874e-05, 'gpp_d': 31.85279350486904, 'ign_k': 8.392173463716142, 'ign_c': 0.43009140197790324, 'trop_agb_crit': 7.407370377208905, 'trop_k_veg': 1.2681662531559712, 'pop_amp': 0.011801646700166661, 'pop_peak': 0.06467927402781186, 'pop_sig': 1.037020251074409}. Best is trial 274 with value: -0.604910391627968.
[I 2026-08-20 00:33:42,589] Trial 730 finished with value: 0.503151773600039 and parameters: {'k1': 0.06476183345520278, 'D_low': 12383.771933600394, 'k2': 0.03094446831256785, 'D_high': 440760.45667335537, 'fire_exp': 1.1169115643213978, 'P_half': 1614.2441389233668, 'pre_dampen_half': 6.183344800838173, 'gpp_af': 0.14183103228124008, 'gpp_b': 7.095661796668657e-05, 'gpp_d': 0.16534773085620347, 'ign_k': 3.7982047367296827, 'ign_c': 0.3382642428613656, 'trop_agb_crit': 13.997147425688734, 'trop_k_veg': 2.6682380322228574, 'pop_amp': 1.0869958079356237, 'pop_peak': 0.8300361662182186, 'pop_sig': 1.249289509230635}. Best is trial 274 with value: -0.604910391627968.
[I 2026-08-20 00:33:44,373] Trial 731 finished with value: 0.449845255206603 and parameters: {'k1': 0.0009399700852475305, 'D_low': 248.1851838894309, 'k2': 0.0038372377062007375, 'D_high': 2289233.744825337, 'fire_exp': 2.42969657709746, 'P_half': 3.1717495410419017, 'pre_dampen_half': 54.20265693565143, 'gpp_af': 0.003784498000526212, 'gpp_b': 6.975713009830952e-05, 'gpp_d': 3.064084566704953, 'ign_k': 1.676106667037908, 'ign_c': 2.878976120822788, 'trop_agb_crit': 6.2084986832102205, 'trop_k_veg': 1.4971221102963166, 'pop_amp': 0.001296079327474328, 'pop_peak': 0.06895163521849398, 'pop_sig': 0.6230925053706078}. Best is trial 274 with value: -0.604910391627968.
[I 2026-08-20 00:33:46,399] Trial 732 finished with value: 0.6445374145881376 and parameters: {'k1': 1.4408568500544264e-05, 'D_low': 1767.332658780418, 'k2': 0.011892283595212197, 'D_high': 8315120.038756663, 'fire_exp': 1.932123360419467, 'P_half': 79.78442950927274, 'pre_dampen_half': 86.60233574968456, 'gpp_af': 0.355314346573537, 'gpp_b': 0.020458845671760064, 'gpp_d': 0.01260317242265528, 'ign_k': 2.4219941123913244, 'ign_c': 163.57484384989388, 'trop_agb_crit': 15.974627589303141, 'trop_k_veg': 3.488487180884629, 'pop_amp': 0.03930029135458088, 'pop_peak': 0.35328644350531546, 'pop_sig': 1.1288407844219812}. Best is trial 274 with value: -0.604910391627968.
[I 2026-08-20 00:33:48,265] Trial 733 finished with value: -0.5578834798282939 and parameters: {'k1': 0.0004946819313084831, 'D_low': 10864.363083052085, 'k2': 0.006759963704113951, 'D_high': 1050264.10511568, 'fire_exp': 3.9687638303928305, 'P_half': 2.99979760361622, 'pre_dampen_half': 11.45627728928634, 'gpp_af': 0.07516559946805308, 'gpp_b': 5.434282239767055e-05, 'gpp_d': 0.34482702223257244, 'ign_k': 9.936629289642664, 'ign_c': 12.519977525326958, 'trop_agb_crit': 8.39888284795998, 'trop_k_veg': 5.860842917461339, 'pop_amp': 0.4366693228193098, 'pop_peak': 1.681174684301044, 'pop_sig': 0.9760678161472744}. Best is trial 274 with value: -0.604910391627968.
[I 2026-08-20 00:33:50,018] Trial 734 finished with value: 0.44620096472538784 and parameters: {'k1': 0.0005057959215933815, 'D_low': 72.97436127923648, 'k2': 0.0007713385244590662, 'D_high': 3943348.0903628063, 'fire_exp': 1.955717620852461, 'P_half': 1.274973381223984, 'pre_dampen_half': 0.9254546023613804, 'gpp_af': 0.015127141176718085, 'gpp_b': 0.00024010878889926606, 'gpp_d': 455.38959060315375, 'ign_k': 7.422543591393389, 'ign_c': 4.427644912506643, 'trop_agb_crit': 6.971384330286972, 'trop_k_veg': 0.8115619867637831, 'pop_amp': 0.021575774970724177, 'pop_peak': 0.2517891530370138, 'pop_sig': 1.2118076457315266}. Best is trial 274 with value: -0.604910391627968.
[I 2026-08-20 00:33:51,951] Trial 735 finished with value: 0.47722702685225504 and parameters: {'k1': 0.0031794706475922847, 'D_low': 776.6464923699101, 'k2': 0.0034087762878435668, 'D_high': 104715.31210974461, 'fire_exp': 1.7914500818720343, 'P_half': 2.202340740990097, 'pre_dampen_half': 0.09901021059847014, 'gpp_af': 0.0579704494006824, 'gpp_b': 1.7381837887139183e-05, 'gpp_d': 2.9552019556144957, 'ign_k': 0.9489164623053975, 'ign_c': 5.156310157153394, 'trop_agb_crit': 2.880247885675132, 'trop_k_veg': 4.393126736252231, 'pop_amp': 0.3377015512516728, 'pop_peak': 1.956077171922617, 'pop_sig': 1.2938572429819661}. Best is trial 274 with value: -0.604910391627968.
