[I 2026-08-06 03:11:33,096] Trial 714 finished with values: [10.65308511831851, 10.65308511831851] and parameters: {'k1': 0.0030285741098956273, 'D_low': 29.89885508829526, 'k2': 0.007519407491506672, 'D_high': 21863.563449420166, 'fire_exp': 1.2621840161507252, 'P_half': 119.21396716829831, 'pre_dampen_half': 36.876350096203005, 'gpp_af': 0.09145768948268033, 'gpp_b': 3.481277316673104e-05, 'gpp_d': 10.931606102061748, 'ign_k': 0.002115412774188856, 'ign_c': 4.135816738916683, 'gdp_gamma': 1.351676663316814}.
[I 2026-08-06 03:11:34,361] Trial 715 finished with values: [-0.5347474694423909, 0.18277896010141903] and parameters: {'k1': 0.0002191739661157602, 'D_low': 29.89885508829526, 'k2': 4.484744524732793e-05, 'D_high': 75448.27057709853, 'fire_exp': 1.0881360604103363, 'P_half': 82.55198309657574, 'pre_dampen_half': 36.876350096203005, 'gpp_af': 0.09145768948268033, 'gpp_b': 0.004215504256370331, 'gpp_d': 331.7366635899375, 'ign_k': 0.0026834162496848666, 'ign_c': 6.807874826564585, 'gdp_gamma': 0.3862443158940324}.
[I 2026-08-06 03:11:35,579] Trial 716 finished with values: [10.393882208620909, 10.393882208620909] and parameters: {'k1': 2.9394634586259703e-05, 'D_low': 3.7322156377670694, 'k2': 3.619136963999883e-05, 'D_high': 2970.7920514735997, 'fire_exp': 1.060820895876038, 'P_half': 2.1698375693549488, 'pre_dampen_half': 36.876350096203005, 'gpp_af': 0.05391752791214327, 'gpp_b': 0.011750724729953272, 'gpp_d': 33.9790424311127, 'ign_k': 0.37424230019851973, 'ign_c': 22.126836566118193, 'gdp_gamma': 0.3862443158940324}.
[I 2026-08-06 03:11:36,789] Trial 717 finished with values: [10.035542648279396, 10.035542648279396] and parameters: {'k1': 2.9394634586259703e-05, 'D_low': 30.956657914928517, 'k2': 0.0007081721844034209, 'D_high': 2970.7920514735997, 'fire_exp': 1.0340574447037933, 'P_half': 35.828811741825064, 'pre_dampen_half': 8.904067307938409, 'gpp_af': 0.09145768948268033, 'gpp_b': 0.0005623095666134974, 'gpp_d': 33.9790424311127, 'ign_k': 0.37424230019851973, 'ign_c': 2.3173482832991357, 'gdp_gamma': 1.8068697350278546}.
[I 2026-08-06 03:11:38,044] Trial 718 finished with values: [10.403821928057171, 10.403821928057171] and parameters: {'k1': 2.9394634586259703e-05, 'D_low': 1.1102341430568343, 'k2': 0.00015466641867531393, 'D_high': 3419.1084735544555, 'fire_exp': 1.0881360604103363, 'P_half': 141.1179996668461, 'pre_dampen_half': 36.876350096203005, 'gpp_af': 0.05391752791214327, 'gpp_b': 0.0030742893625766146, 'gpp_d': 33.9790424311127, 'ign_k': 0.002115412774188856, 'ign_c': 0.21948188038908775, 'gdp_gamma': 0.017990247651578695}.
[I 2026-08-06 03:11:39,290] Trial 719 finished with values: [10.151239175299855, 10.151239175299855] and parameters: {'k1': 0.0030285741098956273, 'D_low': 3.7322156377670694, 'k2': 0.0007081721844034209, 'D_high': 2970.7920514735997, 'fire_exp': 1.0881360604103363, 'P_half': 39.38139750079108, 'pre_dampen_half': 8.904067307938409, 'gpp_af': 0.002311080279955305, 'gpp_b': 3.686869490609954e-05, 'gpp_d': 26.003623362924223, 'ign_k': 0.2092615688378671, 'ign_c': 0.6615437365561385, 'gdp_gamma': 1.8068697350278546}.
[I 2026-08-06 03:11:40,720] Trial 720 finished with values: [10.084376349402834, 10.084376349402834] and parameters: {'k1': 2.9394634586259703e-05, 'D_low': 19.063314120324364, 'k2': 0.0007492772870670282, 'D_high': 2970.7920514735997, 'fire_exp': 1.0252685873887095, 'P_half': 10.226988730324324, 'pre_dampen_half': 31.977584652685227, 'gpp_af': 0.4655997448361927, 'gpp_b': 0.0012070331879029856, 'gpp_d': 48.69745226446181, 'ign_k': 0.002115412774188856, 'ign_c': 1.3894673469237204, 'gdp_gamma': 0.7366679513906507}.
[I 2026-08-06 03:11:41,933] Trial 721 finished with values: [-0.6021799707477763, 0.10427506313238288] and parameters: {'k1': 0.0027015957920129437, 'D_low': 3.7322156377670694, 'k2': 0.00014001191914113747, 'D_high': 21863.563449420166, 'fire_exp': 2.066761381010117, 'P_half': 4.933751600448339, 'pre_dampen_half': 66.7446265922751, 'gpp_af': 0.09145768948268033, 'gpp_b': 0.011750724729953272, 'gpp_d': 331.7366635899375, 'ign_k': 0.37424230019851973, 'ign_c': 6.807874826564585, 'gdp_gamma': 0.559652086128564}.
[I 2026-08-06 03:11:43,388] Trial 722 finished with values: [10.689655022600903, 10.689655022600903] and parameters: {'k1': 0.0030285741098956273, 'D_low': 1786.2529328349215, 'k2': 4.484744524732793e-05, 'D_high': 35.11445258128688, 'fire_exp': 1.0881360604103363, 'P_half': 745.5766613295633, 'pre_dampen_half': 36.876350096203005, 'gpp_af': 0.09145768948268033, 'gpp_b': 0.004215504256370331, 'gpp_d': 331.7366635899375, 'ign_k': 0.37424230019851973, 'ign_c': 6.807874826564585, 'gdp_gamma': 0.3862443158940324}.
[I 2026-08-06 03:11:44,659] Trial 723 finished with values: [10.108780274366692, 10.108780274366692] and parameters: {'k1': 2.9394634586259703e-05, 'D_low': 2068.53034640896, 'k2': 0.06638879466825746, 'D_high': 21863.563449420166, 'fire_exp': 1.0881360604103363, 'P_half': 2.1698375693549488, 'pre_dampen_half': 36.876350096203005, 'gpp_af': 0.002311080279955305, 'gpp_b': 0.0030742893625766146, 'gpp_d': 331.7366635899375, 'ign_k': 0.0026834162496848666, 'ign_c': 22.126836566118193, 'gdp_gamma': 1.351676663316814}.
[I 2026-08-06 03:11:45,898] Trial 724 finished with values: [-0.5937743797525781, 0.14965879702437657] and parameters: {'k1': 0.0002191739661157602, 'D_low': 29.89885508829526, 'k2': 0.00015466641867531393, 'D_high': 35.11445258128688, 'fire_exp': 1.4322493718230251, 'P_half': 4.933751600448339, 'pre_dampen_half': 129.7187644086357, 'gpp_af': 0.0012335674846568603, 'gpp_b': 2.760453806101824e-05, 'gpp_d': 33.9790424311127, 'ign_k': 0.37424230019851973, 'ign_c': 0.21948188038908775, 'gdp_gamma': 0.7366679513906507}.
[I 2026-08-06 03:11:47,131] Trial 725 finished with values: [10.124725108068613, 10.124725108068613] and parameters: {'k1': 2.9394634586259703e-05, 'D_low': 29.89885508829526, 'k2': 9.293516267059069e-05, 'D_high': 2842.140588732084, 'fire_exp': 1.5191397119156032, 'P_half': 25.255166452944085, 'pre_dampen_half': 129.7187644086357, 'gpp_af': 0.017832592720985762, 'gpp_b': 0.004215504256370331, 'gpp_d': 189.88136301569827, 'ign_k': 0.038791280730284435, 'ign_c': 0.9580682294110432, 'gdp_gamma': 1.8068697350278546}.
[I 2026-08-06 03:11:48,348] Trial 726 finished with values: [-0.5544463345673939, 0.08997665858390058] and parameters: {'k1': 2.9394634586259703e-05, 'D_low': 3.7322156377670694, 'k2': 0.06994589881535453, 'D_high': 2970.7920514735997, 'fire_exp': 1.0881360604103363, 'P_half': 25.255166452944085, 'pre_dampen_half': 36.876350096203005, 'gpp_af': 0.002311080279955305, 'gpp_b': 0.004215504256370331, 'gpp_d': 331.7366635899375, 'ign_k': 0.37424230019851973, 'ign_c': 6.807874826564585, 'gdp_gamma': 0.8585865290142173}.
[I 2026-08-06 03:11:49,566] Trial 727 finished with values: [-0.6024950415373388, 0.12153189764269479] and parameters: {'k1': 0.0002191739661157602, 'D_low': 29.89885508829526, 'k2': 7.639737756882014e-05, 'D_high': 21863.563449420166, 'fire_exp': 1.5191397119156032, 'P_half': 1.2765717873951687, 'pre_dampen_half': 36.876350096203005, 'gpp_af': 0.017832592720985762, 'gpp_b': 0.0012070331879029856, 'gpp_d': 48.69745226446181, 'ign_k': 1.2021930484915047, 'ign_c': 6.807874826564585, 'gdp_gamma': 0.7366679513906507}.
[I 2026-08-06 03:11:50,910] Trial 728 finished with values: [-0.5401975786926372, 0.30825143383865794] and parameters: {'k1': 6.068927406889472e-05, 'D_low': 490.2396944106614, 'k2': 1.072140001718537e-05, 'D_high': 2970.7920514735997, 'fire_exp': 1.2621840161507252, 'P_half': 25.255166452944085, 'pre_dampen_half': 36.876350096203005, 'gpp_af': 1.7273230592904214, 'gpp_b': 3.481277316673104e-05, 'gpp_d': 33.9790424311127, 'ign_k': 0.0026834162496848666, 'ign_c': 11.77190025324203, 'gdp_gamma': 1.8068697350278546}.
[I 2026-08-06 03:11:52,126] Trial 729 finished with values: [10.740414495390423, 10.740414495390423] and parameters: {'k1': 0.0030285741098956273, 'D_low': 30.956657914928517, 'k2': 4.484744524732793e-05, 'D_high': 35.11445258128688, 'fire_exp': 1.0881360604103363, 'P_half': 35.828811741825064, 'pre_dampen_half': 309.13825046274377, 'gpp_af': 0.09145768948268033, 'gpp_b': 0.004215504256370331, 'gpp_d': 33.9790424311127, 'ign_k': 0.009417360296511945, 'ign_c': 0.6615437365561385, 'gdp_gamma': 1.8068697350278546}.
[I 2026-08-06 03:11:53,471] Trial 730 finished with values: [-0.5988787471678577, 0.21553015702567724] and parameters: {'k1': 2.9394634586259703e-05, 'D_low': 5106.674528526557, 'k2': 0.06994589881535453, 'D_high': 21863.563449420166, 'fire_exp': 1.2621840161507252, 'P_half': 2.1698375693549488, 'pre_dampen_half': 36.876350096203005, 'gpp_af': 0.002311080279955305, 'gpp_b': 3.686869490609954e-05, 'gpp_d': 26.003623362924223, 'ign_k': 0.0019264360371306567, 'ign_c': 0.6615437365561385, 'gdp_gamma': 1.8068697350278546}.
[I 2026-08-06 03:11:54,718] Trial 731 finished with values: [-0.5981583664832848, 0.21874627202803054] and parameters: {'k1': 0.0002191739661157602, 'D_low': 1.1102341430568343, 'k2': 0.0007492772870670282, 'D_high': 28975.337521324145, 'fire_exp': 1.4322493718230251, 'P_half': 1.2765717873951687, 'pre_dampen_half': 36.876350096203005, 'gpp_af': 0.09145768948268033, 'gpp_b': 0.0012070331879029856, 'gpp_d': 48.69745226446181, 'ign_k': 0.37424230019851973, 'ign_c': 6.807874826564585, 'gdp_gamma': 0.3862443158940324}.
[I 2026-08-06 03:11:56,033] Trial 732 finished with values: [10.2717500527136, 10.2717500527136] and parameters: {'k1': 1.742085881788942e-05, 'D_low': 376.7022142229396, 'k2': 0.0007081721844034209, 'D_high': 35.11445258128688, 'fire_exp': 1.0881360604103363, 'P_half': 10.226988730324324, 'pre_dampen_half': 36.876350096203005, 'gpp_af': 0.05391752791214327, 'gpp_b': 0.02052499618703749, 'gpp_d': 33.9790424311127, 'ign_k': 0.37424230019851973, 'ign_c': 22.126836566118193, 'gdp_gamma': 1.8068697350278546}.
[I 2026-08-06 03:11:57,252] Trial 733 finished with values: [10.083762400903783, 10.083762400903783] and parameters: {'k1': 3.29655013583809e-05, 'D_low': 1.1102341430568343, 'k2': 4.484744524732793e-05, 'D_high': 28975.337521324145, 'fire_exp': 1.0881360604103363, 'P_half': 10.755022125844455, 'pre_dampen_half': 36.876350096203005, 'gpp_af': 47.00890488550128, 'gpp_b': 0.004215504256370331, 'gpp_d': 331.7366635899375, 'ign_k': 0.37424230019851973, 'ign_c': 0.9580682294110432, 'gdp_gamma': 0.014478282213711679}.
[I 2026-08-06 03:11:58,472] Trial 734 finished with values: [-0.5810312504981343, 0.18648784948217667] and parameters: {'k1': 2.544973788728504e-05, 'D_low': 376.7022142229396, 'k2': 0.0007081721844034209, 'D_high': 2970.7920514735997, 'fire_exp': 1.0881360604103363, 'P_half': 2.1698375693549488, 'pre_dampen_half': 8.904067307938409, 'gpp_af': 0.09145768948268033, 'gpp_b': 3.481277316673104e-05, 'gpp_d': 33.9790424311127, 'ign_k': 0.0026834162496848666, 'ign_c': 6.160975294741436, 'gdp_gamma': 1.8068697350278546}.
[I 2026-08-06 03:11:59,796] Trial 735 finished with values: [10.141960242919577, 10.141960242919577] and parameters: {'k1': 2.9394634586259703e-05, 'D_low': 2.6285770615112845, 'k2': 0.06994589881535453, 'D_high': 2970.7920514735997, 'fire_exp': 1.2621840161507252, 'P_half': 2.1698375693549488, 'pre_dampen_half': 31.977584652685227, 'gpp_af': 0.002311080279955305, 'gpp_b': 3.686869490609954e-05, 'gpp_d': 331.7366635899375, 'ign_k': 0.038791280730284435, 'ign_c': 0.9580682294110432, 'gdp_gamma': 1.8068697350278546}.
[I 2026-08-06 03:12:01,152] Trial 736 finished with values: [10.25127708703914, 10.25127708703914] and parameters: {'k1': 2.9394634586259703e-05, 'D_low': 376.7022142229396, 'k2': 0.00014001191914113747, 'D_high': 877.984879737339, 'fire_exp': 1.5191397119156032, 'P_half': 2.1698375693549488, 'pre_dampen_half': 36.876350096203005, 'gpp_af': 0.09145768948268033, 'gpp_b': 0.02052499618703749, 'gpp_d': 33.9790424311127, 'ign_k': 0.37424230019851973, 'ign_c': 1.3894673469237204, 'gdp_gamma': 1.8068697350278546}.
[I 2026-08-06 03:12:02,439] Trial 737 finished with values: [-0.5840088017868723, 0.13863445768949312] and parameters: {'k1': 0.00010644034434866997, 'D_low': 3.7322156377670694, 'k2': 0.00014001191914113747, 'D_high': 21863.563449420166, 'fire_exp': 2.066761381010117, 'P_half': 2.1698375693549488, 'pre_dampen_half': 129.7187644086357, 'gpp_af': 0.05391752791214327, 'gpp_b': 0.011750724729953272, 'gpp_d': 189.88136301569827, 'ign_k': 0.37424230019851973, 'ign_c': 0.21948188038908775, 'gdp_gamma': 1.8068697350278546}.
[I 2026-08-06 03:12:04,066] Trial 738 finished with values: [10.526029446580154, 10.526029446580154] and parameters: {'k1': 0.00031489116479568613, 'D_low': 13.78769309863027, 'k2': 0.007519407491506672, 'D_high': 169.49615850184816, 'fire_exp': 1.4322493718230251, 'P_half': 10.226988730324324, 'pre_dampen_half': 36.876350096203005, 'gpp_af': 10.354508504947622, 'gpp_b': 0.004215504256370331, 'gpp_d': 33.9790424311127, 'ign_k': 0.002115412774188856, 'ign_c': 6.807874826564585, 'gdp_gamma': 1.8068697350278546}.
[I 2026-08-06 03:12:05,308] Trial 739 finished with values: [-0.5634527325853653, 0.13455110315417873] and parameters: {'k1': 0.0030285741098956273, 'D_low': 1.1102341430568343, 'k2': 0.0007492772870670282, 'D_high': 35.11445258128688, 'fire_exp': 1.0881360604103363, 'P_half': 25.255166452944085, 'pre_dampen_half': 36.876350096203005, 'gpp_af': 0.09145768948268033, 'gpp_b': 0.0012070331879029856, 'gpp_d': 48.69745226446181, 'ign_k': 0.37424230019851973, 'ign_c': 1.3894673469237204, 'gdp_gamma': 0.3862443158940324}.
[I 2026-08-06 03:12:06,559] Trial 740 finished with values: [10.180427205508465, 10.180427205508465] and parameters: {'k1': 0.0014343168707118853, 'D_low': 29.89885508829526, 'k2': 0.00020222983754231334, 'D_high': 21863.563449420166, 'fire_exp': 1.5191397119156032, 'P_half': 25.255166452944085, 'pre_dampen_half': 129.7187644086357, 'gpp_af': 0.09145768948268033, 'gpp_b': 0.0030742893625766146, 'gpp_d': 10.931606102061748, 'ign_k': 0.0026834162496848666, 'ign_c': 22.126836566118193, 'gdp_gamma': 1.351676663316814}.
[I 2026-08-06 03:12:07,874] Trial 741 finished with values: [10.202463973829174, 10.202463973829174] and parameters: {'k1': 2.9394634586259703e-05, 'D_low': 3.7322156377670694, 'k2': 0.03820259936390116, 'D_high': 2970.7920514735997, 'fire_exp': 1.0340574447037933, 'P_half': 251.23618639978196, 'pre_dampen_half': 8.904067307938409, 'gpp_af': 0.05391752791214327, 'gpp_b': 0.011750724729953272, 'gpp_d': 33.9790424311127, 'ign_k': 0.038791280730284435, 'ign_c': 22.126836566118193, 'gdp_gamma': 1.8068697350278546}.
[I 2026-08-06 03:12:09,150] Trial 742 finished with values: [10.016012980525474, 10.016012980525474] and parameters: {'k1': 0.0030285741098956273, 'D_low': 29.89885508829526, 'k2': 0.03820259936390116, 'D_high': 21863.563449420166, 'fire_exp': 2.0478950636469495, 'P_half': 616.1423618045311, 'pre_dampen_half': 129.7187644086357, 'gpp_af': 0.09145768948268033, 'gpp_b': 0.0030742893625766146, 'gpp_d': 10.931606102061748, 'ign_k': 1.2021930484915047, 'ign_c': 22.126836566118193, 'gdp_gamma': 1.8068697350278546}.
[I 2026-08-06 03:12:10,432] Trial 743 finished with values: [10.420873537531001, 10.420873537531001] and parameters: {'k1': 0.0030285741098956273, 'D_low': 3.7322156377670694, 'k2': 4.484744524732793e-05, 'D_high': 35.11445258128688, 'fire_exp': 2.066761381010117, 'P_half': 141.1179996668461, 'pre_dampen_half': 36.876350096203005, 'gpp_af': 0.09145768948268033, 'gpp_b': 0.004215504256370331, 'gpp_d': 189.88136301569827, 'ign_k': 0.37424230019851973, 'ign_c': 0.21948188038908775, 'gdp_gamma': 1.351676663316814}.
[I 2026-08-06 03:12:11,704] Trial 744 finished with values: [10.074164445747536, 10.074164445747536] and parameters: {'k1': 0.00031489116479568613, 'D_low': 276.27089412392087, 'k2': 0.007519407491506672, 'D_high': 2842.140588732084, 'fire_exp': 1.4322493718230251, 'P_half': 1.2765717873951687, 'pre_dampen_half': 36.876350096203005, 'gpp_af': 0.05391752791214327, 'gpp_b': 0.0030742893625766146, 'gpp_d': 34.70266988650411, 'ign_k': 0.7321544340709298, 'ign_c': 6.807874826564585, 'gdp_gamma': 1.8068697350278546}.
[I 2026-08-06 03:12:12,901] Trial 745 finished with values: [10.706729435181352, 10.706729435181352] and parameters: {'k1': 0.0030285741098956273, 'D_low': 376.7022142229396, 'k2': 0.0007081721844034209, 'D_high': 2970.7920514735997, 'fire_exp': 1.0881360604103363, 'P_half': 2.1698375693549488, 'pre_dampen_half': 0.23073846740741236, 'gpp_af': 0.002311080279955305, 'gpp_b': 0.004215504256370331, 'gpp_d': 33.9790424311127, 'ign_k': 0.37424230019851973, 'ign_c': 4.510206287899871, 'gdp_gamma': 1.351676663316814}.
[I 2026-08-06 03:12:14,128] Trial 746 finished with values: [10.17358819069732, 10.17358819069732] and parameters: {'k1': 0.0030285741098956273, 'D_low': 1.1102341430568343, 'k2': 0.00017049818743233354, 'D_high': 35.11445258128688, 'fire_exp': 1.0881360604103363, 'P_half': 3.072871314966642, 'pre_dampen_half': 8.904067307938409, 'gpp_af': 0.09145768948268033, 'gpp_b': 0.004215504256370331, 'gpp_d': 33.9790424311127, 'ign_k': 0.0053039252909966575, 'ign_c': 6.807874826564585, 'gdp_gamma': 1.8068697350278546}.
[I 2026-08-06 03:12:15,336] Trial 747 finished with values: [10.769217421965443, 10.769217421965443] and parameters: {'k1': 2.9394634586259703e-05, 'D_low': 2068.53034640896, 'k2': 0.0007081721844034209, 'D_high': 21863.563449420166, 'fire_exp': 4.798636509843989, 'P_half': 2.1698375693549488, 'pre_dampen_half': 129.7187644086357, 'gpp_af': 0.002311080279955305, 'gpp_b': 0.011750724729953272, 'gpp_d': 10.931606102061748, 'ign_k': 0.0026834162496848666, 'ign_c': 22.126836566118193, 'gdp_gamma': 1.8068697350278546}.
[I 2026-08-06 03:12:16,565] Trial 748 finished with values: [10.118008720789529, 10.118008720789529] and parameters: {'k1': 0.0030285741098956273, 'D_low': 1.1102341430568343, 'k2': 0.0007492772870670282, 'D_high': 28975.337521324145, 'fire_exp': 1.4322493718230251, 'P_half': 25.255166452944085, 'pre_dampen_half': 36.876350096203005, 'gpp_af': 0.09145768948268033, 'gpp_b': 0.0030742893625766146, 'gpp_d': 48.69745226446181, 'ign_k': 0.37424230019851973, 'ign_c': 6.807874826564585, 'gdp_gamma': 0.3862443158940324}.
[I 2026-08-06 03:12:17,800] Trial 749 finished with values: [10.719689122756275, 10.719689122756275] and parameters: {'k1': 2.9394634586259703e-05, 'D_low': 376.7022142229396, 'k2': 0.03820259936390116, 'D_high': 2970.7920514735997, 'fire_exp': 1.5191397119156032, 'P_half': 10.226988730324324, 'pre_dampen_half': 0.08075914984851891, 'gpp_af': 0.05391752791214327, 'gpp_b': 0.0030742893625766146, 'gpp_d': 10.931606102061748, 'ign_k': 0.0026834162496848666, 'ign_c': 6.160975294741436, 'gdp_gamma': 1.8068697350278546}.
[I 2026-08-06 03:12:19,018] Trial 750 finished with values: [10.408407297484585, 10.408407297484585] and parameters: {'k1': 0.0030285741098956273, 'D_low': 3.7322156377670694, 'k2': 0.06994589881535453, 'D_high': 2970.7920514735997, 'fire_exp': 1.0881360604103363, 'P_half': 4.933751600448339, 'pre_dampen_half': 36.876350096203005, 'gpp_af': 0.09145768948268033, 'gpp_b': 0.004215504256370331, 'gpp_d': 331.7366635899375, 'ign_k': 0.37424230019851973, 'ign_c': 6.807874826564585, 'gdp_gamma': 0.3862443158940324}.
[I 2026-08-06 03:12:20,221] Trial 751 finished with values: [10.764831055903834, 10.764831055903834] and parameters: {'k1': 2.9394634586259703e-05, 'D_low': 2068.53034640896, 'k2': 0.0007081721844034209, 'D_high': 2970.7920514735997, 'fire_exp': 1.2621840161507252, 'P_half': 126.08212930275862, 'pre_dampen_half': 36.876350096203005, 'gpp_af': 0.002311080279955305, 'gpp_b': 0.17958810603456482, 'gpp_d': 26.003623362924223, 'ign_k': 0.0026834162496848666, 'ign_c': 6.160975294741436, 'gdp_gamma': 1.351676663316814}.
[I 2026-08-06 03:12:21,503] Trial 752 finished with values: [-0.5902530576801629, 0.186779476337404] and parameters: {'k1': 0.0030285741098956273, 'D_low': 29.89885508829526, 'k2': 2.67613299340293e-05, 'D_high': 35.11445258128688, 'fire_exp': 1.0881360604103363, 'P_half': 1.2765717873951687, 'pre_dampen_half': 36.876350096203005, 'gpp_af': 0.05391752791214327, 'gpp_b': 0.0012070331879029856, 'gpp_d': 331.7366635899375, 'ign_k': 0.37424230019851973, 'ign_c': 6.807874826564585, 'gdp_gamma': 0.3862443158940324}.
[I 2026-08-06 03:12:22,830] Trial 753 finished with values: [-0.5472724279254643, 0.12903232336451342] and parameters: {'k1': 0.0018588694009815867, 'D_low': 3.7322156377670694, 'k2': 0.00014001191914113747, 'D_high': 21863.563449420166, 'fire_exp': 1.0881360604103363, 'P_half': 4.933751600448339, 'pre_dampen_half': 129.7187644086357, 'gpp_af': 0.05391752791214327, 'gpp_b': 0.004215504256370331, 'gpp_d': 10.931606102061748, 'ign_k': 0.37424230019851973, 'ign_c': 22.126836566118193, 'gdp_gamma': 0.007029451595907175}.
[I 2026-08-06 03:12:24,285] Trial 754 finished with values: [-0.6101766434656696, 0.10727051179828107] and parameters: {'k1': 0.07928164425547335, 'D_low': 148.10800730363493, 'k2': 0.00014001191914113747, 'D_high': 35.11445258128688, 'fire_exp': 1.0881360604103363, 'P_half': 4.933751600448339, 'pre_dampen_half': 36.876350096203005, 'gpp_af': 0.09145768948268033, 'gpp_b': 0.004215504256370331, 'gpp_d': 331.7366635899375, 'ign_k': 0.37424230019851973, 'ign_c': 6.807874826564585, 'gdp_gamma': 0.559652086128564}.
[I 2026-08-06 03:12:25,452] Trial 755 finished with values: [10.682640680958093, 10.682640680958093] and parameters: {'k1': 2.9394634586259703e-05, 'D_low': 376.7022142229396, 'k2': 0.0007081721844034209, 'D_high': 2970.7920514735997, 'fire_exp': 1.0881360604103363, 'P_half': 7107.3466981122765, 'pre_dampen_half': 8.904067307938409, 'gpp_af': 0.05391752791214327, 'gpp_b': 0.02052499618703749, 'gpp_d': 33.9790424311127, 'ign_k': 2.7728241828010627, 'ign_c': 22.126836566118193, 'gdp_gamma': 1.8068697350278546}.
