[I 2026-08-14 15:05:21,068] Trial 2033 finished with values: [-0.3554625854118624, 0.0] and parameters: {'k1': 0.0004688858519834985, 'D_low': 102.62384545413329, 'k2': 0.007206039797022659, 'D_high': 44.39648242927527, 'fire_exp': 1.075051292556307, 'P_half': 1535.1441568398143, 'pre_dampen_half': 0.011501973785501987, 'gpp_af': 6.237727704928799, 'gpp_b': 2.788681037423117, 'gpp_d': 0.01307253094873642, 'ign_k': 0.04380580767905655, 'ign_c': 105.24574681335613, 'trop_agb_crit': 5.881906289439389, 'trop_k_veg': 0.6921865222804094, 'fuel_k': 5.486054129200969, 'fuel_half': 15.581254655530845}.
[I 2026-08-14 15:05:22,176] Trial 2034 finished with values: [-0.40432194927760284, 3.511585189297506e-08] and parameters: {'k1': 1.8595266457134027e-05, 'D_low': 128395.48332743198, 'k2': 0.0005708731724249573, 'D_high': 625838.668783032, 'fire_exp': 1.2429193829348841, 'P_half': 7.293948905052273, 'pre_dampen_half': 0.10609580257119508, 'gpp_af': 0.0025511964576171086, 'gpp_b': 2.788681037423117, 'gpp_d': 0.01307253094873642, 'ign_k': 0.28298168613109503, 'ign_c': 14.935213816355384, 'trop_agb_crit': 13.98132484257899, 'trop_k_veg': 2.8224577471047865, 'fuel_k': 5.486054129200969, 'fuel_half': 65.99277195883643}.
[I 2026-08-14 15:05:23,253] Trial 2035 finished with values: [-0.5881066710966849, 0.02574076500464728] and parameters: {'k1': 0.0012329098365270509, 'D_low': 4.043300846639722, 'k2': 0.00010939944910100016, 'D_high': 316055.11434645514, 'fire_exp': 1.6214575867079866, 'P_half': 269.74113434525447, 'pre_dampen_half': 0.10609580257119508, 'gpp_af': 0.008983355849178878, 'gpp_b': 0.00012906175696809457, 'gpp_d': 314.6826989726468, 'ign_k': 0.28298168613109503, 'ign_c': 3.0378658251922155, 'trop_agb_crit': 13.98132484257899, 'trop_k_veg': 1.128469461526162, 'fuel_k': 5.486054129200969, 'fuel_half': 0.30455368715396786}.
[I 2026-08-14 15:05:24,345] Trial 2036 finished with values: [-0.38468887839095095, 5.518205892229844e-10] and parameters: {'k1': 1.8595266457134027e-05, 'D_low': 4.043300846639722, 'k2': 0.00019472216066157317, 'D_high': 490843.6535388939, 'fire_exp': 1.2429193829348841, 'P_half': 1535.1441568398143, 'pre_dampen_half': 0.10609580257119508, 'gpp_af': 0.0023751383317256927, 'gpp_b': 2.788681037423117, 'gpp_d': 0.01307253094873642, 'ign_k': 0.03141110271934876, 'ign_c': 105.24574681335613, 'trop_agb_crit': 16.86264052240002, 'trop_k_veg': 3.4508425771776365, 'fuel_k': 0.07321655205583726, 'fuel_half': 15.581254655530845}.
[I 2026-08-14 15:05:26,196] Trial 2037 finished with values: [-0.3954628783983343, 1.343672078490954e-06] and parameters: {'k1': 1.8595266457134027e-05, 'D_low': 102.62384545413329, 'k2': 0.0005708731724249573, 'D_high': 44.39648242927527, 'fire_exp': 1.2429193829348841, 'P_half': 7683.876502998063, 'pre_dampen_half': 0.10609580257119508, 'gpp_af': 0.003255216066279584, 'gpp_b': 0.00024732964314480056, 'gpp_d': 24.29982794998797, 'ign_k': 0.04380580767905655, 'ign_c': 105.24574681335613, 'trop_agb_crit': 2.1775224101934065, 'trop_k_veg': 2.0783200763282688, 'fuel_k': 5.486054129200969, 'fuel_half': 3.7093134348291836}.
[I 2026-08-14 15:05:27,287] Trial 2038 finished with values: [-0.3554625854118624, 0.0] and parameters: {'k1': 0.0012329098365270509, 'D_low': 4.043300846639722, 'k2': 1.854837679096716e-05, 'D_high': 11306.894332907787, 'fire_exp': 1.2429193829348841, 'P_half': 269.74113434525447, 'pre_dampen_half': 0.10609580257119508, 'gpp_af': 0.008983355849178878, 'gpp_b': 0.00012906175696809457, 'gpp_d': 0.7021078861081329, 'ign_k': 0.567034633562729, 'ign_c': 105.24574681335613, 'trop_agb_crit': 16.86264052240002, 'trop_k_veg': 3.4508425771776365, 'fuel_k': 5.486054129200969, 'fuel_half': 0.30455368715396786}.
[I 2026-08-14 15:05:28,395] Trial 2039 finished with values: [-0.43955411588279925, 0.002682965453534303] and parameters: {'k1': 1.8595266457134027e-05, 'D_low': 1.7887890916820506, 'k2': 0.0005708731724249573, 'D_high': 625838.668783032, 'fire_exp': 1.182396148413737, 'P_half': 220.3445560633069, 'pre_dampen_half': 0.03411860497758073, 'gpp_af': 0.0025511964576171086, 'gpp_b': 0.00017826376967587887, 'gpp_d': 0.01307253094873642, 'ign_k': 0.28298168613109503, 'ign_c': 15.221840161091626, 'trop_agb_crit': 13.98132484257899, 'trop_k_veg': 3.4508425771776365, 'fuel_k': 0.021123235354472927, 'fuel_half': 12.136386887218588}.
[I 2026-08-14 15:05:29,537] Trial 2040 finished with values: [-0.3596433341014729, 3.210591792424111e-10] and parameters: {'k1': 0.05391373880399781, 'D_low': 92265.19824817979, 'k2': 0.00010939944910100016, 'D_high': 490843.6535388939, 'fire_exp': 1.2429193829348841, 'P_half': 614.946774124948, 'pre_dampen_half': 0.03627422119926134, 'gpp_af': 0.0023751383317256927, 'gpp_b': 2.788681037423117, 'gpp_d': 0.01307253094873642, 'ign_k': 0.04380580767905655, 'ign_c': 25.36860972218539, 'trop_agb_crit': 13.98132484257899, 'trop_k_veg': 1.128469461526162, 'fuel_k': 5.486054129200969, 'fuel_half': 15.581254655530845}.
[I 2026-08-14 15:05:30,604] Trial 2041 finished with values: [-0.38782013128320847, 6.220522985600496e-10] and parameters: {'k1': 0.0004688858519834985, 'D_low': 102.62384545413329, 'k2': 1.263794633808287e-05, 'D_high': 44.39648242927527, 'fire_exp': 1.2429193829348841, 'P_half': 48.464976792190825, 'pre_dampen_half': 0.03627422119926134, 'gpp_af': 0.008983355849178878, 'gpp_b': 2.788681037423117, 'gpp_d': 0.01307253094873642, 'ign_k': 0.04380580767905655, 'ign_c': 105.24574681335613, 'trop_agb_crit': 16.86264052240002, 'trop_k_veg': 1.0996896058838548, 'fuel_k': 1.6630228777630973, 'fuel_half': 3.7093134348291836}.
[I 2026-08-14 15:05:31,731] Trial 2042 finished with values: [-0.41684107252280783, 3.889732063111495e-07] and parameters: {'k1': 1.8595266457134027e-05, 'D_low': 4.043300846639722, 'k2': 0.00019472216066157317, 'D_high': 316055.11434645514, 'fire_exp': 1.2429193829348841, 'P_half': 1535.1441568398143, 'pre_dampen_half': 0.03627422119926134, 'gpp_af': 0.030592049838223532, 'gpp_b': 1.1728753685919104, 'gpp_d': 0.01307253094873642, 'ign_k': 0.7199569739977004, 'ign_c': 15.221840161091626, 'trop_agb_crit': 13.98132484257899, 'trop_k_veg': 3.4508425771776365, 'fuel_k': 5.486054129200969, 'fuel_half': 15.581254655530845}.
[I 2026-08-14 15:05:32,821] Trial 2043 finished with values: [-0.41421100550056134, 2.698298467995741e-06] and parameters: {'k1': 0.0012329098365270509, 'D_low': 589.2462982349749, 'k2': 1.854837679096716e-05, 'D_high': 625838.668783032, 'fire_exp': 1.075051292556307, 'P_half': 269.74113434525447, 'pre_dampen_half': 0.10609580257119508, 'gpp_af': 0.0025511964576171086, 'gpp_b': 2.788681037423117, 'gpp_d': 0.01307253094873642, 'ign_k': 0.28298168613109503, 'ign_c': 15.221840161091626, 'trop_agb_crit': 16.86264052240002, 'trop_k_veg': 1.128469461526162, 'fuel_k': 5.486054129200969, 'fuel_half': 15.581254655530845}.
[I 2026-08-14 15:05:33,910] Trial 2044 finished with values: [-0.3596411300555208, 0.0] and parameters: {'k1': 6.069662445477729e-05, 'D_low': 9.222492453004657, 'k2': 0.0002131886760154855, 'D_high': 625838.668783032, 'fire_exp': 1.2429193829348841, 'P_half': 1535.1441568398143, 'pre_dampen_half': 0.10609580257119508, 'gpp_af': 0.0023751383317256927, 'gpp_b': 3.3571220193276985, 'gpp_d': 0.01307253094873642, 'ign_k': 0.04380580767905655, 'ign_c': 105.24574681335613, 'trop_agb_crit': 11.659854259018239, 'trop_k_veg': 3.4508425771776365, 'fuel_k': 5.486054129200969, 'fuel_half': 15.581254655530845}.
[I 2026-08-14 15:05:35,028] Trial 2045 finished with values: [-0.4116957104626904, 2.5578053278740853e-06] and parameters: {'k1': 0.0004688858519834985, 'D_low': 367.4904945305323, 'k2': 1.854837679096716e-05, 'D_high': 1826.6972566585878, 'fire_exp': 1.2070502372556005, 'P_half': 351.2704726270846, 'pre_dampen_half': 0.011501973785501987, 'gpp_af': 0.0023751383317256927, 'gpp_b': 0.1470864152268233, 'gpp_d': 8.144272585223819, 'ign_k': 0.25940144092298384, 'ign_c': 14.935213816355384, 'trop_agb_crit': 13.98132484257899, 'trop_k_veg': 1.128469461526162, 'fuel_k': 5.486054129200969, 'fuel_half': 3.7093134348291836}.
[I 2026-08-14 15:05:36,274] Trial 2046 finished with values: [-0.3554625854118624, 0.0] and parameters: {'k1': 6.069662445477729e-05, 'D_low': 4.043300846639722, 'k2': 0.00019472216066157317, 'D_high': 4532584.554926518, 'fire_exp': 1.6214575867079866, 'P_half': 1535.1441568398143, 'pre_dampen_half': 0.03627422119926134, 'gpp_af': 0.008983355849178878, 'gpp_b': 0.00012906175696809457, 'gpp_d': 0.01307253094873642, 'ign_k': 0.823994374295291, 'ign_c': 105.24574681335613, 'trop_agb_crit': 14.448413530653728, 'trop_k_veg': 5.45191706209811, 'fuel_k': 5.486054129200969, 'fuel_half': 0.30455368715396786}.
[I 2026-08-14 15:05:37,377] Trial 2047 finished with values: [-0.42362814687932476, 0.001253360056041708] and parameters: {'k1': 1.8595266457134027e-05, 'D_low': 1.7887890916820506, 'k2': 0.00010939944910100016, 'D_high': 316055.11434645514, 'fire_exp': 1.2429193829348841, 'P_half': 1938.3858782150498, 'pre_dampen_half': 0.0195172246414495, 'gpp_af': 0.030592049838223532, 'gpp_b': 0.00017826376967587887, 'gpp_d': 0.01307253094873642, 'ign_k': 0.28298168613109503, 'ign_c': 1.2482062630067596, 'trop_agb_crit': 13.98132484257899, 'trop_k_veg': 2.8224577471047865, 'fuel_k': 5.486054129200969, 'fuel_half': 65.99277195883643}.
[I 2026-08-14 15:05:38,528] Trial 2048 finished with values: [-0.3616916551900409, 0.017124440829704324] and parameters: {'k1': 0.0010204225357677778, 'D_low': 2.607160725470918, 'k2': 0.00010939944910100016, 'D_high': 625838.668783032, 'fire_exp': 1.6733848721157607, 'P_half': 220.3445560633069, 'pre_dampen_half': 0.03627422119926134, 'gpp_af': 10.848120966541591, 'gpp_b': 0.00024732964314480056, 'gpp_d': 0.01307253094873642, 'ign_k': 8.017801372168808, 'ign_c': 15.221840161091626, 'trop_agb_crit': 16.86264052240002, 'trop_k_veg': 0.6004181011818444, 'fuel_k': 5.486054129200969, 'fuel_half': 0.30455368715396786}.
[I 2026-08-14 15:05:39,622] Trial 2049 finished with values: [-0.39423400917178814, 6.2305555159625214e-09] and parameters: {'k1': 1.8595266457134027e-05, 'D_low': 4.043300846639722, 'k2': 6.038963599031031e-05, 'D_high': 316055.11434645514, 'fire_exp': 1.6733848721157607, 'P_half': 1535.1441568398143, 'pre_dampen_half': 0.0195172246414495, 'gpp_af': 0.008983355849178878, 'gpp_b': 2.788681037423117, 'gpp_d': 0.5329785871289656, 'ign_k': 0.04380580767905655, 'ign_c': 15.221840161091626, 'trop_agb_crit': 13.98132484257899, 'trop_k_veg': 1.128469461526162, 'fuel_k': 5.486054129200969, 'fuel_half': 0.30455368715396786}.
[I 2026-08-14 15:05:40,725] Trial 2050 finished with values: [-0.5532861542763701, 0.0054995656816414495] and parameters: {'k1': 0.0012329098365270509, 'D_low': 3507.515213502105, 'k2': 1.854837679096716e-05, 'D_high': 316055.11434645514, 'fire_exp': 1.6214575867079866, 'P_half': 269.74113434525447, 'pre_dampen_half': 0.10609580257119508, 'gpp_af': 0.0025511964576171086, 'gpp_b': 0.00024732964314480056, 'gpp_d': 0.47648833312290256, 'ign_k': 0.28298168613109503, 'ign_c': 15.221840161091626, 'trop_agb_crit': 16.86264052240002, 'trop_k_veg': 1.128469461526162, 'fuel_k': 5.486054129200969, 'fuel_half': 0.30455368715396786}.
[I 2026-08-14 15:05:41,844] Trial 2051 finished with values: [-0.4064049826636499, 2.992873497920101e-07] and parameters: {'k1': 0.0010204225357677778, 'D_low': 4.043300846639722, 'k2': 0.00010939944910100016, 'D_high': 490843.6535388939, 'fire_exp': 1.2429193829348841, 'P_half': 1938.3858782150498, 'pre_dampen_half': 0.10609580257119508, 'gpp_af': 0.0023751383317256927, 'gpp_b': 1.1728753685919104, 'gpp_d': 0.01307253094873642, 'ign_k': 0.03141110271934876, 'ign_c': 15.221840161091626, 'trop_agb_crit': 16.86264052240002, 'trop_k_veg': 7.537582426532302, 'fuel_k': 5.486054129200969, 'fuel_half': 15.581254655530845}.
[I 2026-08-14 15:05:42,987] Trial 2052 finished with values: [-0.35714827412436856, 9.50134637633937e-09] and parameters: {'k1': 0.0010204225357677778, 'D_low': 137791.79017806085, 'k2': 0.0002131886760154855, 'D_high': 625838.668783032, 'fire_exp': 1.2429193829348841, 'P_half': 637.7925564338336, 'pre_dampen_half': 0.10609580257119508, 'gpp_af': 4.318011633596585, 'gpp_b': 2.788681037423117, 'gpp_d': 0.01307253094873642, 'ign_k': 0.04380580767905655, 'ign_c': 105.24574681335613, 'trop_agb_crit': 11.659854259018239, 'trop_k_veg': 3.4508425771776365, 'fuel_k': 0.09912545669860168, 'fuel_half': 65.99277195883643}.
[I 2026-08-14 15:05:44,100] Trial 2053 finished with values: [-0.43092654193204327, 0.0011927820472102946] and parameters: {'k1': 6.069662445477729e-05, 'D_low': 9432.006040193699, 'k2': 0.001771296145674813, 'D_high': 316055.11434645514, 'fire_exp': 1.075051292556307, 'P_half': 406.34698167377394, 'pre_dampen_half': 0.03411860497758073, 'gpp_af': 0.0022992297821705253, 'gpp_b': 0.00024732964314480056, 'gpp_d': 0.01307253094873642, 'ign_k': 0.18945647155616227, 'ign_c': 25.36860972218539, 'trop_agb_crit': 25.059231865090435, 'trop_k_veg': 7.063879971757455, 'fuel_k': 0.6587469603756998, 'fuel_half': 0.30455368715396786}.
[I 2026-08-14 15:05:45,193] Trial 2054 finished with values: [-0.40652593613881205, 1.2805245630520545e-07] and parameters: {'k1': 0.006458951242459005, 'D_low': 1.7887890916820506, 'k2': 0.00010939944910100016, 'D_high': 316055.11434645514, 'fire_exp': 1.2429193829348841, 'P_half': 1535.1441568398143, 'pre_dampen_half': 0.10609580257119508, 'gpp_af': 0.0023751383317256927, 'gpp_b': 2.788681037423117, 'gpp_d': 0.01307253094873642, 'ign_k': 0.754074907457476, 'ign_c': 9.661287622777524, 'trop_agb_crit': 3.648134125831294, 'trop_k_veg': 0.9694140152996831, 'fuel_k': 5.486054129200969, 'fuel_half': 65.99277195883643}.
[I 2026-08-14 15:05:47,058] Trial 2055 finished with values: [-0.40004933405157656, 2.771142382229641e-08] and parameters: {'k1': 0.0012329098365270509, 'D_low': 1.7887890916820506, 'k2': 1.854837679096716e-05, 'D_high': 625838.668783032, 'fire_exp': 1.6214575867079866, 'P_half': 269.74113434525447, 'pre_dampen_half': 0.10609580257119508, 'gpp_af': 0.0023751383317256927, 'gpp_b': 2.788681037423117, 'gpp_d': 597.9617889501159, 'ign_k': 0.28298168613109503, 'ign_c': 15.221840161091626, 'trop_agb_crit': 16.86264052240002, 'trop_k_veg': 0.6004181011818444, 'fuel_k': 5.486054129200969, 'fuel_half': 0.30455368715396786}.
[I 2026-08-14 15:05:48,201] Trial 2056 finished with values: [-0.3554625854118624, 0.0] and parameters: {'k1': 0.0004688858519834985, 'D_low': 367.4904945305323, 'k2': 1.854837679096716e-05, 'D_high': 625838.668783032, 'fire_exp': 1.2429193829348841, 'P_half': 269.74113434525447, 'pre_dampen_half': 0.03627422119926134, 'gpp_af': 0.0022992297821705253, 'gpp_b': 2.788681037423117, 'gpp_d': 8.144272585223819, 'ign_k': 0.567034633562729, 'ign_c': 105.24574681335613, 'trop_agb_crit': 11.659854259018239, 'trop_k_veg': 7.063879971757455, 'fuel_k': 0.8452318887294848, 'fuel_half': 15.581254655530845}.
[I 2026-08-14 15:05:49,302] Trial 2057 finished with values: [-0.3580822744765395, 0.0] and parameters: {'k1': 0.0012329098365270509, 'D_low': 9.222492453004657, 'k2': 0.0002131886760154855, 'D_high': 625838.668783032, 'fire_exp': 1.6214575867079866, 'P_half': 220.3445560633069, 'pre_dampen_half': 0.03627422119926134, 'gpp_af': 0.008983355849178878, 'gpp_b': 2.788681037423117, 'gpp_d': 314.6826989726468, 'ign_k': 0.04380580767905655, 'ign_c': 105.24574681335613, 'trop_agb_crit': 11.659854259018239, 'trop_k_veg': 1.128469461526162, 'fuel_k': 0.02837506239267372, 'fuel_half': 0.30455368715396786}.
[I 2026-08-14 15:05:50,403] Trial 2058 finished with values: [-0.5498014699284458, 0.006439676118623727] and parameters: {'k1': 0.0010204225357677778, 'D_low': 2.607160725470918, 'k2': 0.0005708731724249573, 'D_high': 625838.668783032, 'fire_exp': 1.6733848721157607, 'P_half': 220.3445560633069, 'pre_dampen_half': 0.10609580257119508, 'gpp_af': 0.0025511964576171086, 'gpp_b': 0.00024732964314480056, 'gpp_d': 0.01307253094873642, 'ign_k': 0.28298168613109503, 'ign_c': 15.221840161091626, 'trop_agb_crit': 16.86264052240002, 'trop_k_veg': 2.1816482703680733, 'fuel_k': 5.486054129200969, 'fuel_half': 0.30455368715396786}.
[I 2026-08-14 15:05:51,500] Trial 2059 finished with values: [-0.41139395749749114, 3.2946690731172623e-07] and parameters: {'k1': 0.013957981200161677, 'D_low': 4.043300846639722, 'k2': 0.00019472216066157317, 'D_high': 625838.668783032, 'fire_exp': 1.2429193829348841, 'P_half': 1535.1441568398143, 'pre_dampen_half': 0.10609580257119508, 'gpp_af': 0.008983355849178878, 'gpp_b': 0.2550724727992258, 'gpp_d': 0.01307253094873642, 'ign_k': 0.03141110271934876, 'ign_c': 105.24574681335613, 'trop_agb_crit': 11.659854259018239, 'trop_k_veg': 1.0996896058838548, 'fuel_k': 0.0340623166376929, 'fuel_half': 15.581254655530845}.
[I 2026-08-14 15:05:52,647] Trial 2060 finished with values: [-0.40883773703781345, 1.3237672213950447e-07] and parameters: {'k1': 0.0004688858519834985, 'D_low': 367.4904945305323, 'k2': 0.00010939944910100016, 'D_high': 316055.11434645514, 'fire_exp': 1.2429193829348841, 'P_half': 1938.3858782150498, 'pre_dampen_half': 0.03411860497758073, 'gpp_af': 0.030592049838223532, 'gpp_b': 2.788681037423117, 'gpp_d': 0.01307253094873642, 'ign_k': 0.567034633562729, 'ign_c': 15.221840161091626, 'trop_agb_crit': 3.534001063181976, 'trop_k_veg': 1.4513748281907002, 'fuel_k': 1.6460650207153917, 'fuel_half': 65.99277195883643}.
[I 2026-08-14 15:05:53,741] Trial 2061 finished with values: [-0.4289359572295224, 0.0004052155666149915] and parameters: {'k1': 0.0010204225357677778, 'D_low': 1.7887890916820506, 'k2': 0.0005708731724249573, 'D_high': 625838.668783032, 'fire_exp': 2.7488422454337287, 'P_half': 220.3445560633069, 'pre_dampen_half': 0.10609580257119508, 'gpp_af': 0.0025511964576171086, 'gpp_b': 0.00024732964314480056, 'gpp_d': 0.01307253094873642, 'ign_k': 0.28298168613109503, 'ign_c': 15.221840161091626, 'trop_agb_crit': 13.98132484257899, 'trop_k_veg': 5.233860299050363, 'fuel_k': 0.021123235354472927, 'fuel_half': 0.30455368715396786}.
[I 2026-08-14 15:05:54,841] Trial 2062 finished with values: [-0.4289359572295224, 0.0004052155666149915] and parameters: {'k1': 0.0010204225357677778, 'D_low': 1.7887890916820506, 'k2': 0.0005708731724249573, 'D_high': 625838.668783032, 'fire_exp': 2.7488422454337287, 'P_half': 220.3445560633069, 'pre_dampen_half': 0.10609580257119508, 'gpp_af': 0.0025511964576171086, 'gpp_b': 0.00024732964314480056, 'gpp_d': 0.01307253094873642, 'ign_k': 0.28298168613109503, 'ign_c': 15.221840161091626, 'trop_agb_crit': 13.98132484257899, 'trop_k_veg': 5.233860299050363, 'fuel_k': 0.021123235354472927, 'fuel_half': 0.30455368715396786}.
[I 2026-08-14 15:05:55,951] Trial 2063 finished with values: [-0.40985820724772487, 3.238784720416277e-07] and parameters: {'k1': 6.069662445477729e-05, 'D_low': 1.7887890916820506, 'k2': 0.00010939944910100016, 'D_high': 316055.11434645514, 'fire_exp': 1.075051292556307, 'P_half': 351.2704726270846, 'pre_dampen_half': 0.10609580257119508, 'gpp_af': 0.0022992297821705253, 'gpp_b': 0.44882485827297763, 'gpp_d': 0.012284844784580964, 'ign_k': 0.04380580767905655, 'ign_c': 105.24574681335613, 'trop_agb_crit': 16.86264052240002, 'trop_k_veg': 7.063879971757455, 'fuel_k': 5.486054129200969, 'fuel_half': 15.581254655530845}.
[I 2026-08-14 15:05:57,083] Trial 2064 finished with values: [-0.3554625854118624, 0.0] and parameters: {'k1': 0.0010204225357677778, 'D_low': 4.043300846639722, 'k2': 0.0005708731724249573, 'D_high': 625838.668783032, 'fire_exp': 1.2429193829348841, 'P_half': 1535.1441568398143, 'pre_dampen_half': 0.10609580257119508, 'gpp_af': 0.0025511964576171086, 'gpp_b': 0.00024732964314480056, 'gpp_d': 0.013364941735729084, 'ign_k': 0.28298168613109503, 'ign_c': 105.24574681335613, 'trop_agb_crit': 16.86264052240002, 'trop_k_veg': 3.4508425771776365, 'fuel_k': 5.486054129200969, 'fuel_half': 0.30455368715396786}.
[I 2026-08-14 15:05:58,222] Trial 2065 finished with values: [-0.362923419817229, 0.0] and parameters: {'k1': 0.0004688858519834985, 'D_low': 102.62384545413329, 'k2': 1.854837679096716e-05, 'D_high': 44.39648242927527, 'fire_exp': 1.2429193829348841, 'P_half': 269.74113434525447, 'pre_dampen_half': 0.011501973785501987, 'gpp_af': 0.0022992297821705253, 'gpp_b': 2.788681037423117, 'gpp_d': 0.01307253094873642, 'ign_k': 0.04380580767905655, 'ign_c': 105.24574681335613, 'trop_agb_crit': 6.247810889373202, 'trop_k_veg': 7.063879971757455, 'fuel_k': 0.06382243375381637, 'fuel_half': 15.581254655530845}.
[I 2026-08-14 15:05:59,319] Trial 2066 finished with values: [-0.36417392655633496, 0.0] and parameters: {'k1': 0.0004688858519834985, 'D_low': 367.4904945305323, 'k2': 0.0002131886760154855, 'D_high': 1081394.0266397274, 'fire_exp': 1.2429193829348841, 'P_half': 406.34698167377394, 'pre_dampen_half': 0.10609580257119508, 'gpp_af': 0.0011404858917882907, 'gpp_b': 2.788681037423117, 'gpp_d': 0.01307253094873642, 'ign_k': 0.04380580767905655, 'ign_c': 105.24574681335613, 'trop_agb_crit': 1.0110060758310602, 'trop_k_veg': 2.1816482703680733, 'fuel_k': 0.06382243375381637, 'fuel_half': 3.7093134348291836}.
[I 2026-08-14 15:06:00,449] Trial 2067 finished with values: [-0.4180037552413355, 1.3948809545194507e-06] and parameters: {'k1': 0.006458951242459005, 'D_low': 4.043300846639722, 'k2': 0.00010939944910100016, 'D_high': 166801.01067587885, 'fire_exp': 1.2070502372556005, 'P_half': 1938.3858782150498, 'pre_dampen_half': 0.10609580257119508, 'gpp_af': 0.030592049838223532, 'gpp_b': 1.1728753685919104, 'gpp_d': 0.01307253094873642, 'ign_k': 0.476373748459372, 'ign_c': 14.935213816355384, 'trop_agb_crit': 3.534001063181976, 'trop_k_veg': 2.8224577471047865, 'fuel_k': 5.486054129200969, 'fuel_half': 65.99277195883643}.
