[I 2026-06-11 12:35:00,257] Trial 280 finished with values: [10.546593318730618, 10.546593318730618] and parameters: {'k1': 0.004312951023617458, 'D_low': 338.23872019362165, 'k2': 7.67074891445376e-05, 'D_high': 1390.2686711035008, 'fire_exp': 2.2703704516008885, 'P_half': 38.82837025280678, 'pre_dampen_half': 502.5175192217655, 'gpp_af': 42.29037995744429, 'gpp_b': 0.00012118589392553798, 'gpp_d': 27.50607428241511, 'ign_k': 4.591485216740537, 'ign_c': 0.1867876836333246, 'trop_agb_crit': 24.584290528289387, 'trop_k_veg': 1.140286245977296, 'fuel_k': 3.6992394681929337, 'fuel_half': 0.3335026483569958}.
[I 2026-06-11 12:35:01,228] Trial 281 finished with values: [10.111633801986722, 10.111633801986722] and parameters: {'k1': 0.004312951023617458, 'D_low': 4.484744524732794, 'k2': 1.915468390724633e-05, 'D_high': 3712.591045287726, 'fire_exp': 1.182396148413737, 'P_half': 343.5759946100352, 'pre_dampen_half': 502.5175192217655, 'gpp_af': 0.8226361776146098, 'gpp_b': 1.7565109007473816e-05, 'gpp_d': 9.004606022643067, 'ign_k': 0.5131654955148326, 'ign_c': 14.452451441203321, 'trop_agb_crit': 24.584290528289387, 'trop_k_veg': 1.4584243470991722, 'fuel_k': 0.09252659617259135, 'fuel_half': 0.3995528014939306}.
[I 2026-06-11 12:35:02,141] Trial 282 finished with values: [10.696836450883106, 10.696836450883106] and parameters: {'k1': 0.05233480488540085, 'D_low': 2.2281634177046414, 'k2': 0.003045524314144144, 'D_high': 204.16881527138202, 'fire_exp': 1.182396148413737, 'P_half': 1938.3858782150498, 'pre_dampen_half': 502.5175192217655, 'gpp_af': 0.06789053271698488, 'gpp_b': 0.011750724729953272, 'gpp_d': 2.8006820077310213, 'ign_k': 0.018707420137660268, 'ign_c': 0.15239409361703363, 'trop_agb_crit': 6.1198430581046965, 'trop_k_veg': 0.9793402026070162, 'fuel_k': 2.6379166421137854, 'fuel_half': 65.99277195883643}.
[I 2026-06-11 12:35:03,061] Trial 283 finished with values: [-0.6548564919001911, 0.8578395780235589] and parameters: {'k1': 0.004312951023617458, 'D_low': 92.55037589041179, 'k2': 1.915468390724633e-05, 'D_high': 1390.2686711035008, 'fire_exp': 1.2310899049053081, 'P_half': 16.051347487097576, 'pre_dampen_half': 502.5175192217655, 'gpp_af': 0.7539992074650279, 'gpp_b': 0.0005392415140872105, 'gpp_d': 8.057329182285729, 'ign_k': 4.591485216740537, 'ign_c': 0.1867876836333246, 'trop_agb_crit': 1.2440687631821843, 'trop_k_veg': 0.5772603928610088, 'fuel_k': 3.6992394681929337, 'fuel_half': 0.3335026483569958}.
[I 2026-06-11 12:35:03,989] Trial 284 finished with values: [10.599309643663583, 10.599309643663583] and parameters: {'k1': 0.00013783578294796384, 'D_low': 2.5379946629058443, 'k2': 2.1698375693549493e-05, 'D_high': 30608.522106722474, 'fire_exp': 1.182396148413737, 'P_half': 13.019246714361572, 'pre_dampen_half': 347.79988160923324, 'gpp_af': 0.015769192447197523, 'gpp_b': 0.03103333227753725, 'gpp_d': 302.3127748796293, 'ign_k': 8.761971101023693, 'ign_c': 0.9294394155644988, 'trop_agb_crit': 15.870971677383487, 'trop_k_veg': 1.0540721475196824, 'fuel_k': 1.8731335591844642, 'fuel_half': 15.29850686893745}.
[I 2026-06-11 12:35:04,924] Trial 285 finished with values: [10.769219846471435, 10.769219846471435] and parameters: {'k1': 0.0015974581244256687, 'D_low': 4.484744524732794, 'k2': 0.0007081721844034209, 'D_high': 1919.1689944397538, 'fire_exp': 6.274210722983794, 'P_half': 16.051347487097576, 'pre_dampen_half': 36.876350096203005, 'gpp_af': 42.29037995744429, 'gpp_b': 0.011750724729953272, 'gpp_d': 0.3562950548153257, 'ign_k': 0.02847858516856297, 'ign_c': 15.221840161091626, 'trop_agb_crit': 26.402883285404346, 'trop_k_veg': 1.7664838950757566, 'fuel_k': 4.680936683972861, 'fuel_half': 81.8794158253808}.
[I 2026-06-11 12:35:05,893] Trial 286 finished with values: [10.729200142966619, 10.729200142966619] and parameters: {'k1': 2.27847364377152e-05, 'D_low': 338.23872019362165, 'k2': 0.0005708731724249573, 'D_high': 11.129666723443188, 'fire_exp': 1.2310899049053081, 'P_half': 13.019246714361572, 'pre_dampen_half': 0.4016986062226067, 'gpp_af': 0.015769192447197523, 'gpp_b': 1.7565109007473816e-05, 'gpp_d': 2.8006820077310213, 'ign_k': 8.761971101023693, 'ign_c': 0.11650681118986138, 'trop_agb_crit': 9.836162684900028, 'trop_k_veg': 0.6112301235084354, 'fuel_k': 0.04572914063536324, 'fuel_half': 15.29850686893745}.
[I 2026-06-11 12:35:06,809] Trial 287 finished with values: [10.17089044850094, 10.17089044850094] and parameters: {'k1': 9.969469187531805e-05, 'D_low': 5.59983195169599, 'k2': 7.67074891445376e-05, 'D_high': 89263.11370835223, 'fire_exp': 1.0889492364376547, 'P_half': 220.3445560633069, 'pre_dampen_half': 518.2609891091987, 'gpp_af': 0.015350904103515228, 'gpp_b': 0.00012118589392553798, 'gpp_d': 6.913948698657619, 'ign_k': 0.02847858516856297, 'ign_c': 0.13670484737132343, 'trop_agb_crit': 19.28597237496244, 'trop_k_veg': 0.5772603928610088, 'fuel_k': 3.6992394681929337, 'fuel_half': 81.8794158253808}.
[I 2026-06-11 12:35:07,715] Trial 288 finished with values: [-0.5724346754011966, 0.9770221480198358] and parameters: {'k1': 0.0015974581244256687, 'D_low': 2.2281634177046414, 'k2': 0.0007081721844034209, 'D_high': 89263.11370835223, 'fire_exp': 1.0629462657398439, 'P_half': 16.051347487097576, 'pre_dampen_half': 36.876350096203005, 'gpp_af': 42.29037995744429, 'gpp_b': 0.011750724729953272, 'gpp_d': 314.6826989726468, 'ign_k': 4.591485216740537, 'ign_c': 3.7151317999473266, 'trop_agb_crit': 2.419699259862185, 'trop_k_veg': 2.8224577471047865, 'fuel_k': 3.6992394681929337, 'fuel_half': 81.8794158253808}.
[I 2026-06-11 12:35:08,602] Trial 289 finished with values: [10.265848038624954, 10.265848038624954] and parameters: {'k1': 0.05233480488540085, 'D_low': 2.2281634177046414, 'k2': 0.00010939944910100016, 'D_high': 204.16881527138202, 'fire_exp': 1.0881360604103363, 'P_half': 16.051347487097576, 'pre_dampen_half': 502.5175192217655, 'gpp_af': 0.326288637536534, 'gpp_b': 0.0039265289720170965, 'gpp_d': 6.913948698657619, 'ign_k': 0.034321391362415854, 'ign_c': 6.160975294741436, 'trop_agb_crit': 5.115968405120539, 'trop_k_veg': 2.639166174475906, 'fuel_k': 0.030315034760496778, 'fuel_half': 0.7498730336620312}.
[I 2026-06-11 12:35:09,541] Trial 290 finished with values: [10.247262551999, 10.247262551999] and parameters: {'k1': 0.00013783578294796384, 'D_low': 1.4045842344024697, 'k2': 1.915468390724633e-05, 'D_high': 204.16881527138202, 'fire_exp': 1.1258453832483524, 'P_half': 13.019246714361572, 'pre_dampen_half': 347.79988160923324, 'gpp_af': 0.015769192447197523, 'gpp_b': 7.402343469704428e-05, 'gpp_d': 2.8006820077310213, 'ign_k': 8.761971101023693, 'ign_c': 0.9294394155644988, 'trop_agb_crit': 9.836162684900028, 'trop_k_veg': 4.1309639246402785, 'fuel_k': 0.04572914063536324, 'fuel_half': 15.29850686893745}.
[I 2026-06-11 12:35:10,458] Trial 291 finished with values: [10.534273916920224, 10.534273916920224] and parameters: {'k1': 0.05233480488540085, 'D_low': 602.4590664672947, 'k2': 1.127217425995114e-05, 'D_high': 30608.522106722474, 'fire_exp': 1.182396148413737, 'P_half': 19.986340778528874, 'pre_dampen_half': 44.46628955475442, 'gpp_af': 0.8226361776146098, 'gpp_b': 1.6569065206637924e-05, 'gpp_d': 2.292633983096564, 'ign_k': 0.003008686821445846, 'ign_c': 3.0378658251922155, 'trop_agb_crit': 15.870971677383487, 'trop_k_veg': 1.6340262437673854, 'fuel_k': 1.8731335591844642, 'fuel_half': 38.211294416912246}.
[I 2026-06-11 12:35:11,373] Trial 292 finished with values: [-0.3962115387379337, 0.7668810032968525] and parameters: {'k1': 0.00013649087666416944, 'D_low': 2757.3353505786354, 'k2': 0.0034207303670092245, 'D_high': 15000.328053766281, 'fire_exp': 1.0889492364376547, 'P_half': 220.3445560633069, 'pre_dampen_half': 502.5175192217655, 'gpp_af': 0.7539992074650279, 'gpp_b': 1.7565109007473816e-05, 'gpp_d': 79.2966690166476, 'ign_k': 0.34703605955441524, 'ign_c': 0.15178052094448868, 'trop_agb_crit': 3.575594457014808, 'trop_k_veg': 0.5772603928610088, 'fuel_k': 0.24991287225033346, 'fuel_half': 37.108168807575375}.
[I 2026-06-11 12:35:12,368] Trial 293 finished with values: [-0.6622691822240463, 0.2810861092282121] and parameters: {'k1': 0.004312951023617458, 'D_low': 4.484744524732794, 'k2': 0.01567230746060024, 'D_high': 3712.591045287726, 'fire_exp': 1.1258453832483524, 'P_half': 220.3445560633069, 'pre_dampen_half': 347.79988160923324, 'gpp_af': 0.06789053271698488, 'gpp_b': 0.0021331409710300844, 'gpp_d': 16.460426816350523, 'ign_k': 0.0680787482656459, 'ign_c': 15.221840161091626, 'trop_agb_crit': 24.584290528289387, 'trop_k_veg': 1.4584243470991722, 'fuel_k': 0.487361804838494, 'fuel_half': 0.32476735706274484}.
[I 2026-06-11 12:35:13,317] Trial 294 finished with values: [10.30037924235635, 10.30037924235635] and parameters: {'k1': 0.00013783578294796384, 'D_low': 1.4403740929157833, 'k2': 0.0027431991397796683, 'D_high': 28087.330790064407, 'fire_exp': 1.6139358000526771, 'P_half': 16.051347487097576, 'pre_dampen_half': 347.79988160923324, 'gpp_af': 0.8226361776146098, 'gpp_b': 0.011750724729953272, 'gpp_d': 2.292633983096564, 'ign_k': 4.591485216740537, 'ign_c': 15.221840161091626, 'trop_agb_crit': 13.98132484257899, 'trop_k_veg': 1.7570501127699654, 'fuel_k': 3.6992394681929337, 'fuel_half': 81.8794158253808}.
[I 2026-06-11 12:35:14,236] Trial 295 finished with values: [-0.7615412621384665, 0.3386484236184889] and parameters: {'k1': 0.004312951023617458, 'D_low': 4.484744524732794, 'k2': 0.03865036856259725, 'D_high': 1390.2686711035008, 'fire_exp': 1.2310899049053081, 'P_half': 10.226988730324324, 'pre_dampen_half': 502.5175192217655, 'gpp_af': 0.008562341633595545, 'gpp_b': 0.00010318352929732131, 'gpp_d': 9.004606022643067, 'ign_k': 0.5131654955148326, 'ign_c': 0.11650681118986138, 'trop_agb_crit': 24.584290528289387, 'trop_k_veg': 1.4584243470991722, 'fuel_k': 0.05597555634027867, 'fuel_half': 52.00581729114123}.
[I 2026-06-11 12:35:15,152] Trial 296 finished with values: [10.470007435159946, 10.470007435159946] and parameters: {'k1': 0.05233480488540085, 'D_low': 2.5379946629058443, 'k2': 2.1698375693549493e-05, 'D_high': 30608.522106722474, 'fire_exp': 1.182396148413737, 'P_half': 4.961134450191397, 'pre_dampen_half': 33.9790424311127, 'gpp_af': 0.0025511964576171086, 'gpp_b': 3.228689523591491e-05, 'gpp_d': 302.3127748796293, 'ign_k': 0.018707420137660268, 'ign_c': 8.356564873457046, 'trop_agb_crit': 1.5072795582679794, 'trop_k_veg': 1.6340262437673854, 'fuel_k': 1.8731335591844642, 'fuel_half': 38.211294416912246}.
[I 2026-06-11 12:35:16,113] Trial 297 finished with values: [10.396080745848664, 10.396080745848664] and parameters: {'k1': 0.05233480488540085, 'D_low': 290.70516815839375, 'k2': 2.1698375693549493e-05, 'D_high': 30608.522106722474, 'fire_exp': 1.182396148413737, 'P_half': 4.961134450191397, 'pre_dampen_half': 518.2609891091987, 'gpp_af': 0.0016008221370480654, 'gpp_b': 3.228689523591491e-05, 'gpp_d': 61.829022221636144, 'ign_k': 0.018707420137660268, 'ign_c': 0.13670484737132343, 'trop_agb_crit': 26.402883285404346, 'trop_k_veg': 1.793919400078986, 'fuel_k': 0.03743055596010634, 'fuel_half': 38.211294416912246}.
[I 2026-06-11 12:35:17,050] Trial 298 finished with values: [10.587743327151829, 10.587743327151829] and parameters: {'k1': 2.6285770615112825e-05, 'D_low': 9.293516267059076, 'k2': 0.0007081721844034209, 'D_high': 204.16881527138202, 'fire_exp': 1.0881360604103363, 'P_half': 10.226988730324324, 'pre_dampen_half': 502.5175192217655, 'gpp_af': 49.583649914027546, 'gpp_b': 0.5432846462741858, 'gpp_d': 700.6693992445935, 'ign_k': 0.0026834162496848666, 'ign_c': 14.074279366401672, 'trop_agb_crit': 6.1198430581046965, 'trop_k_veg': 0.9793402026070162, 'fuel_k': 0.15820328899546293, 'fuel_half': 1.3547291924247344}.
[I 2026-06-11 12:35:17,949] Trial 299 finished with values: [-0.5400634743219698, 0.8988978596745182] and parameters: {'k1': 0.05233480488540085, 'D_low': 125.61043700013555, 'k2': 0.01567230746060024, 'D_high': 30608.522106722474, 'fire_exp': 1.1258453832483524, 'P_half': 4.961134450191397, 'pre_dampen_half': 347.79988160923324, 'gpp_af': 0.06789053271698488, 'gpp_b': 3.228689523591491e-05, 'gpp_d': 2.8006820077310213, 'ign_k': 0.006290644294586149, 'ign_c': 3.0378658251922155, 'trop_agb_crit': 29.789943908227905, 'trop_k_veg': 1.793919400078986, 'fuel_k': 0.03743055596010634, 'fuel_half': 0.32476735706274484}.
[I 2026-06-11 12:35:18,864] Trial 300 finished with values: [10.769230769179362, 10.769230769179362] and parameters: {'k1': 0.004312951023617458, 'D_low': 4.484744524732794, 'k2': 0.0001971137615017176, 'D_high': 89263.11370835223, 'fire_exp': 1.2310899049053081, 'P_half': 2.458603276328005, 'pre_dampen_half': 502.5175192217655, 'gpp_af': 0.005618069878716736, 'gpp_b': 0.0005392415140872105, 'gpp_d': 16.460426816350523, 'ign_k': 4.591485216740537, 'ign_c': 884.4033380058667, 'trop_agb_crit': 6.119263728555865, 'trop_k_veg': 0.9369104721775232, 'fuel_k': 3.6992394681929337, 'fuel_half': 0.26760032016843777}.
[I 2026-06-11 12:35:19,773] Trial 301 finished with values: [10.028171046535226, 10.028171046535226] and parameters: {'k1': 0.004312951023617458, 'D_low': 5.59983195169599, 'k2': 7.67074891445376e-05, 'D_high': 89263.11370835223, 'fire_exp': 1.0629462657398439, 'P_half': 220.3445560633069, 'pre_dampen_half': 347.79988160923324, 'gpp_af': 42.29037995744429, 'gpp_b': 7.402343469704428e-05, 'gpp_d': 2.8006820077310213, 'ign_k': 4.591485216740537, 'ign_c': 0.9294394155644988, 'trop_agb_crit': 19.28597237496244, 'trop_k_veg': 4.1309639246402785, 'fuel_k': 0.04572914063536324, 'fuel_half': 81.8794158253808}.
[I 2026-06-11 12:35:20,649] Trial 302 finished with values: [-0.681081880769109, 0.5710812859229251] and parameters: {'k1': 0.004312951023617458, 'D_low': 98.98117700885537, 'k2': 1.915468390724633e-05, 'D_high': 89263.11370835223, 'fire_exp': 1.0629462657398439, 'P_half': 220.3445560633069, 'pre_dampen_half': 502.5175192217655, 'gpp_af': 0.005618069878716736, 'gpp_b': 0.00012118589392553798, 'gpp_d': 12.324765692041675, 'ign_k': 0.6454459531371669, 'ign_c': 15.221840161091626, 'trop_agb_crit': 24.584290528289387, 'trop_k_veg': 1.4584243470991722, 'fuel_k': 4.680936683972861, 'fuel_half': 52.00581729114123}.
[I 2026-06-11 12:35:21,594] Trial 303 finished with values: [10.564385127255324, 10.564385127255324] and parameters: {'k1': 0.003242143344038315, 'D_low': 29.89885508829526, 'k2': 0.0034207303670092245, 'D_high': 9769.756791866093, 'fire_exp': 1.2310899049053081, 'P_half': 136.0956887810302, 'pre_dampen_half': 36.876350096203005, 'gpp_af': 29.925002022877802, 'gpp_b': 0.011750724729953272, 'gpp_d': 6.284104775086881, 'ign_k': 0.0026834162496848666, 'ign_c': 6.160975294741436, 'trop_agb_crit': 6.1198430581046965, 'trop_k_veg': 0.9369104721775232, 'fuel_k': 1.3128815679924584, 'fuel_half': 1.3547291924247344}.
[I 2026-06-11 12:35:22,527] Trial 304 finished with values: [-0.5583468162301591, 0.7047874000055558] and parameters: {'k1': 0.00013783578294796384, 'D_low': 1.4045842344024697, 'k2': 0.0027431991397796683, 'D_high': 15000.328053766281, 'fire_exp': 1.2310899049053081, 'P_half': 136.0956887810302, 'pre_dampen_half': 347.79988160923324, 'gpp_af': 0.015769192447197523, 'gpp_b': 1.7565109007473816e-05, 'gpp_d': 9.004606022643067, 'ign_k': 0.5131654955148326, 'ign_c': 0.9294394155644988, 'trop_agb_crit': 5.707205898008383, 'trop_k_veg': 4.1309639246402785, 'fuel_k': 0.04572914063536324, 'fuel_half': 42.6871254378718}.
[I 2026-06-11 12:35:23,412] Trial 305 finished with values: [10.618380979313987, 10.618380979313987] and parameters: {'k1': 0.02641449645424223, 'D_low': 1.0941664389997359, 'k2': 1.127217425995114e-05, 'D_high': 3712.591045287726, 'fire_exp': 1.6139358000526771, 'P_half': 220.3445560633069, 'pre_dampen_half': 44.46628955475442, 'gpp_af': 0.7539992074650279, 'gpp_b': 0.0021331409710300844, 'gpp_d': 2.292633983096564, 'ign_k': 0.0680787482656459, 'ign_c': 0.15178052094448868, 'trop_agb_crit': 24.584290528289387, 'trop_k_veg': 1.7570501127699654, 'fuel_k': 4.680936683972861, 'fuel_half': 52.00581729114123}.
[I 2026-06-11 12:35:24,351] Trial 306 finished with values: [10.74035283378664, 10.74035283378664] and parameters: {'k1': 0.00016480446427978953, 'D_low': 2.2281634177046414, 'k2': 0.01567230746060024, 'D_high': 146.1896279370497, 'fire_exp': 1.0881360604103363, 'P_half': 13.019246714361572, 'pre_dampen_half': 36.876350096203005, 'gpp_af': 0.326288637536534, 'gpp_b': 0.011750724729953272, 'gpp_d': 0.42885111268165765, 'ign_k': 0.034321391362415854, 'ign_c': 14.935213816355384, 'trop_agb_crit': 6.1198430581046965, 'trop_k_veg': 4.1309639246402785, 'fuel_k': 0.05597555634027867, 'fuel_half': 3.5738385583821737}.
[I 2026-06-11 12:35:25,315] Trial 307 finished with values: [10.642104615981197, 10.642104615981197] and parameters: {'k1': 0.0015974581244256687, 'D_low': 2.2281634177046414, 'k2': 0.003045524314144144, 'D_high': 9769.756791866093, 'fire_exp': 1.2242398136753672, 'P_half': 1938.3858782150498, 'pre_dampen_half': 347.79988160923324, 'gpp_af': 0.326288637536534, 'gpp_b': 0.0054502936945582505, 'gpp_d': 2.8006820077310213, 'ign_k': 0.018707420137660268, 'ign_c': 14.935213816355384, 'trop_agb_crit': 6.1198430581046965, 'trop_k_veg': 0.9793402026070162, 'fuel_k': 0.05597555634027867, 'fuel_half': 0.6370755274604819}.
[I 2026-06-11 12:35:26,323] Trial 308 finished with values: [10.53610635698545, 10.53610635698545] and parameters: {'k1': 0.0002526432647626936, 'D_low': 3848.9589040216215, 'k2': 1.915468390724633e-05, 'D_high': 21.980325699763856, 'fire_exp': 1.0629462657398439, 'P_half': 539.5442811888478, 'pre_dampen_half': 502.5175192217655, 'gpp_af': 0.7539992074650279, 'gpp_b': 0.003377126304540961, 'gpp_d': 290.642121800538, 'ign_k': 3.1536006085184716, 'ign_c': 15.221840161091626, 'trop_agb_crit': 19.28597237496244, 'trop_k_veg': 3.4508425771776365, 'fuel_k': 0.08612665817296865, 'fuel_half': 52.00581729114123}.
[I 2026-06-11 12:35:27,348] Trial 309 finished with values: [10.209690354801726, 10.209690354801726] and parameters: {'k1': 0.00013783578294796384, 'D_low': 1.4045842344024697, 'k2': 1.915468390724633e-05, 'D_high': 204.16881527138202, 'fire_exp': 1.1258453832483524, 'P_half': 16.051347487097576, 'pre_dampen_half': 347.79988160923324, 'gpp_af': 42.29037995744429, 'gpp_b': 0.011750724729953272, 'gpp_d': 314.6826989726468, 'ign_k': 4.591485216740537, 'ign_c': 15.221840161091626, 'trop_agb_crit': 1.1195539271968775, 'trop_k_veg': 2.8224577471047865, 'fuel_k': 3.6992394681929337, 'fuel_half': 15.29850686893745}.
[I 2026-06-11 12:35:28,363] Trial 310 finished with values: [10.158586809809096, 10.158586809809096] and parameters: {'k1': 0.05233480488540085, 'D_low': 2.062120257534816, 'k2': 1.127217425995114e-05, 'D_high': 204.16881527138202, 'fire_exp': 1.0881360604103363, 'P_half': 13.019246714361572, 'pre_dampen_half': 502.5175192217655, 'gpp_af': 0.326288637536534, 'gpp_b': 7.402343469704428e-05, 'gpp_d': 0.5121071390703817, 'ign_k': 0.034321391362415854, 'ign_c': 6.390695092073219, 'trop_agb_crit': 9.836162684900028, 'trop_k_veg': 2.8224577471047865, 'fuel_k': 0.05597555634027867, 'fuel_half': 65.99277195883643}.
[I 2026-06-11 12:35:29,309] Trial 311 finished with values: [10.659019318647978, 10.659019318647978] and parameters: {'k1': 0.05233480488540085, 'D_low': 338.23872019362165, 'k2': 0.0005708731724249573, 'D_high': 1390.2686711035008, 'fire_exp': 1.2310899049053081, 'P_half': 16.051347487097576, 'pre_dampen_half': 347.79988160923324, 'gpp_af': 0.008562341633595545, 'gpp_b': 0.002407352334224724, 'gpp_d': 2.8006820077310213, 'ign_k': 0.018707420137660268, 'ign_c': 0.11650681118986138, 'trop_agb_crit': 5.707205898008383, 'trop_k_veg': 2.8224577471047865, 'fuel_k': 1.3128815679924584, 'fuel_half': 38.211294416912246}.
[I 2026-06-11 12:35:30,319] Trial 312 finished with values: [10.603472593543556, 10.603472593543556] and parameters: {'k1': 0.0015974581244256687, 'D_low': 2.2281634177046414, 'k2': 0.0034207303670092245, 'D_high': 89263.11370835223, 'fire_exp': 1.0629462657398439, 'P_half': 16.051347487097576, 'pre_dampen_half': 0.046087035152705645, 'gpp_af': 42.29037995744429, 'gpp_b': 0.011750724729953272, 'gpp_d': 314.6826989726468, 'ign_k': 0.018707420137660268, 'ign_c': 0.11650681118986138, 'trop_agb_crit': 2.419699259862185, 'trop_k_veg': 2.8224577471047865, 'fuel_k': 1.3128815679924584, 'fuel_half': 81.8794158253808}.
[I 2026-06-11 12:35:31,236] Trial 313 finished with values: [10.54668009197523, 10.54668009197523] and parameters: {'k1': 9.969469187531805e-05, 'D_low': 90.71933427331369, 'k2': 0.0034207303670092245, 'D_high': 1390.2686711035008, 'fire_exp': 1.2310899049053081, 'P_half': 10.226988730324324, 'pre_dampen_half': 6.881834772031151, 'gpp_af': 0.008562341633595545, 'gpp_b': 1.7565109007473816e-05, 'gpp_d': 61.829022221636144, 'ign_k': 0.5131654955148326, 'ign_c': 0.13670484737132343, 'trop_agb_crit': 26.402883285404346, 'trop_k_veg': 0.9369104721775232, 'fuel_k': 0.030315034760496778, 'fuel_half': 81.8794158253808}.
[I 2026-06-11 12:35:32,197] Trial 314 finished with values: [10.240577667255808, 10.240577667255808] and parameters: {'k1': 2.27847364377152e-05, 'D_low': 572.6112503516231, 'k2': 1.915468390724633e-05, 'D_high': 1390.2686711035008, 'fire_exp': 1.2310899049053081, 'P_half': 10.226988730324324, 'pre_dampen_half': 502.5175192217655, 'gpp_af': 1.4558259811306473, 'gpp_b': 1.7565109007473816e-05, 'gpp_d': 16.460426816350523, 'ign_k': 0.5131654955148326, 'ign_c': 0.11650681118986138, 'trop_agb_crit': 5.707205898008383, 'trop_k_veg': 4.60227373948169, 'fuel_k': 0.05597555634027867, 'fuel_half': 52.00581729114123}.
