[I 2026-06-10 18:01:51,310] Trial 1591 finished with values: [10.778530039203005, 10.778530039203005] and parameters: {'k1': 2.820470499715577e-05, 'D_low': 12.105387404469584, 'k2': 3.152468275632564e-05, 'D_high': 2427.054417940131, 'fire_exp': 1.4690410989404576, 'P_half': 157.80309954142965, 'pre_dampen_half': 8.259599205585761, 'gpp_af': 0.10098504976210308, 'gpp_b': 1.1008110571039521e-05, 'gpp_d': 545.0253444559129, 'ign_k': 5.276924233362289, 'ign_c': 22.126836566118193, 'trop_agb_crit': 1.5033346993841157, 'trop_k_veg': 2.724170387400844, 'fire_amp': 1.5719333351012774}.
[I 2026-06-10 18:01:52,797] Trial 1592 finished with values: [10.146707548944256, 10.146707548944256] and parameters: {'k1': 0.016973078532467004, 'D_low': 2.414672422128219, 'k2': 0.0001016707987819611, 'D_high': 35.136541394511, 'fire_exp': 1.4690410989404576, 'P_half': 1.4551749476072258, 'pre_dampen_half': 8.259599205585761, 'gpp_af': 0.10098504976210308, 'gpp_b': 1.1008110571039521e-05, 'gpp_d': 462.98471849924937, 'ign_k': 3.965503094323014, 'ign_c': 7.081721844034206, 'trop_agb_crit': 1.5033346993841157, 'trop_k_veg': 2.724170387400844, 'fire_amp': 1.8630909753223708}.
[I 2026-06-10 18:01:54,211] Trial 1593 finished with values: [10.56431245223712, 10.56431245223712] and parameters: {'k1': 0.016973078532467004, 'D_low': 24.28756508761176, 'k2': 0.0020983136410712313, 'D_high': 8161.260265732991, 'fire_exp': 1.4690410989404576, 'P_half': 157.80309954142965, 'pre_dampen_half': 5.593036834117395, 'gpp_af': 0.10098504976210308, 'gpp_b': 0.00012118589392553798, 'gpp_d': 545.0253444559129, 'ign_k': 3.965503094323014, 'ign_c': 22.126836566118193, 'trop_agb_crit': 1.5033346993841157, 'trop_k_veg': 6.172643383211297, 'fire_amp': 5.44779717154213}.
[I 2026-06-10 18:01:55,596] Trial 1594 finished with values: [10.38393146342378, 10.38393146342378] and parameters: {'k1': 3.604016788567002e-05, 'D_low': 59.72759074684767, 'k2': 0.0001016707987819611, 'D_high': 2701.5988102078472, 'fire_exp': 1.5191397119156032, 'P_half': 300.85508055280167, 'pre_dampen_half': 8.259599205585761, 'gpp_af': 0.10098504976210308, 'gpp_b': 1.1008110571039521e-05, 'gpp_d': 545.0253444559129, 'ign_k': 3.965503094323014, 'ign_c': 7.081721844034206, 'trop_agb_crit': 1.5033346993841157, 'trop_k_veg': 4.908089431313105, 'fire_amp': 5.44779717154213}.
[I 2026-06-10 18:01:57,093] Trial 1595 finished with values: [-0.7188968227815873, 0.18412969033213056] and parameters: {'k1': 0.016973078532467004, 'D_low': 43.2326421037033, 'k2': 0.0001016707987819611, 'D_high': 35.136541394511, 'fire_exp': 1.4572158037266703, 'P_half': 8.318314747941244, 'pre_dampen_half': 8.259599205585761, 'gpp_af': 0.10098504976210308, 'gpp_b': 1.1008110571039521e-05, 'gpp_d': 545.0253444559129, 'ign_k': 3.965503094323014, 'ign_c': 22.126836566118193, 'trop_agb_crit': 1.5033346993841157, 'trop_k_veg': 2.724170387400844, 'fire_amp': 5.44779717154213}.
[I 2026-06-10 18:01:59,246] Trial 1596 finished with values: [-0.5537851088409321, 0.3933357400199654] and parameters: {'k1': 0.003198433206439157, 'D_low': 43.2326421037033, 'k2': 0.045914852167405346, 'D_high': 42210.21267871043, 'fire_exp': 1.9365919987098117, 'P_half': 3.591771421517613, 'pre_dampen_half': 8.259599205585761, 'gpp_af': 0.8057329182285734, 'gpp_b': 1.1008110571039521e-05, 'gpp_d': 12.151631524283598, 'ign_k': 0.4303356629825978, 'ign_c': 9.027995359431348, 'trop_agb_crit': 3.1419938725278875, 'trop_k_veg': 4.796046723963646, 'fire_amp': 1.1202509284327942}.
[I 2026-06-10 18:02:00,581] Trial 1597 finished with values: [10.01484404036883, 10.01484404036883] and parameters: {'k1': 0.07119679541167405, 'D_low': 1.873653322520581, 'k2': 0.0001016707987819611, 'D_high': 8161.260265732991, 'fire_exp': 1.4690410989404576, 'P_half': 157.80309954142965, 'pre_dampen_half': 5.593036834117395, 'gpp_af': 0.10098504976210308, 'gpp_b': 1.1008110571039521e-05, 'gpp_d': 545.0253444559129, 'ign_k': 0.040468322528293126, 'ign_c': 22.126836566118193, 'trop_agb_crit': 1.5033346993841157, 'trop_k_veg': 7.864709925346444, 'fire_amp': 5.44779717154213}.
[I 2026-06-10 18:02:01,946] Trial 1598 finished with values: [-0.7087374974233949, 0.18520567034047808] and parameters: {'k1': 0.006079905434073396, 'D_low': 43.2326421037033, 'k2': 0.0001016707987819611, 'D_high': 2427.054417940131, 'fire_exp': 1.5191397119156032, 'P_half': 12.801393018711597, 'pre_dampen_half': 8.259599205585761, 'gpp_af': 0.10098504976210308, 'gpp_b': 1.1008110571039521e-05, 'gpp_d': 545.0253444559129, 'ign_k': 0.9892483802693092, 'ign_c': 22.126836566118193, 'trop_agb_crit': 1.5033346993841157, 'trop_k_veg': 6.172643383211297, 'fire_amp': 5.44779717154213}.
[I 2026-06-10 18:02:03,353] Trial 1599 finished with values: [10.891470336328274, 10.891470336328274] and parameters: {'k1': 0.016973078532467004, 'D_low': 43.2326421037033, 'k2': 0.0001016707987819611, 'D_high': 35.136541394511, 'fire_exp': 7.59127566026803, 'P_half': 157.80309954142965, 'pre_dampen_half': 8.259599205585761, 'gpp_af': 0.10098504976210308, 'gpp_b': 1.1008110571039521e-05, 'gpp_d': 545.0253444559129, 'ign_k': 5.276924233362289, 'ign_c': 22.126836566118193, 'trop_agb_crit': 6.128416443551616, 'trop_k_veg': 2.724170387400844, 'fire_amp': 5.44779717154213}.
[I 2026-06-10 18:02:04,923] Trial 1600 finished with values: [-0.720135991839355, 0.16951983703521878] and parameters: {'k1': 0.016973078532467004, 'D_low': 1.873653322520581, 'k2': 0.0001016707987819611, 'D_high': 35.136541394511, 'fire_exp': 1.5191397119156032, 'P_half': 8.318314747941244, 'pre_dampen_half': 8.259599205585761, 'gpp_af': 0.10098504976210308, 'gpp_b': 1.1008110571039521e-05, 'gpp_d': 545.0253444559129, 'ign_k': 3.965503094323014, 'ign_c': 22.126836566118193, 'trop_agb_crit': 1.5033346993841157, 'trop_k_veg': 2.724170387400844, 'fire_amp': 5.44779717154213}.
[I 2026-06-10 18:02:06,412] Trial 1601 finished with values: [10.361786456143859, 10.361786456143859] and parameters: {'k1': 2.820470499715577e-05, 'D_low': 311.61893045255965, 'k2': 0.045914852167405346, 'D_high': 1894.5647155616225, 'fire_exp': 1.4690410989404576, 'P_half': 157.80309954142965, 'pre_dampen_half': 8.259599205585761, 'gpp_af': 0.10098504976210308, 'gpp_b': 1.1008110571039521e-05, 'gpp_d': 462.98471849924937, 'ign_k': 5.276924233362289, 'ign_c': 22.126836566118193, 'trop_agb_crit': 1.5033346993841157, 'trop_k_veg': 2.724170387400844, 'fire_amp': 4.19233232783727}.
[I 2026-06-10 18:02:07,828] Trial 1602 finished with values: [10.24627928603142, 10.24627928603142] and parameters: {'k1': 0.028401063201780267, 'D_low': 43.2326421037033, 'k2': 0.0001016707987819611, 'D_high': 2701.5988102078472, 'fire_exp': 1.4572158037266703, 'P_half': 303.83788149954506, 'pre_dampen_half': 8.259599205585761, 'gpp_af': 0.10098504976210308, 'gpp_b': 1.1008110571039521e-05, 'gpp_d': 12.338826503601998, 'ign_k': 0.0063862869917048265, 'ign_c': 22.126836566118193, 'trop_agb_crit': 6.128416443551616, 'trop_k_veg': 2.724170387400844, 'fire_amp': 5.44779717154213}.
[I 2026-06-10 18:02:09,147] Trial 1603 finished with values: [-0.7249268528295872, 0.14737846236952035] and parameters: {'k1': 0.028401063201780267, 'D_low': 43.2326421037033, 'k2': 0.0001016707987819611, 'D_high': 2427.054417940131, 'fire_exp': 1.5191397119156032, 'P_half': 63.30002996758082, 'pre_dampen_half': 8.259599205585761, 'gpp_af': 0.10098504976210308, 'gpp_b': 1.1008110571039521e-05, 'gpp_d': 12.338826503601998, 'ign_k': 5.276924233362289, 'ign_c': 22.126836566118193, 'trop_agb_crit': 1.5033346993841157, 'trop_k_veg': 2.724170387400844, 'fire_amp': 5.44779717154213}.
[I 2026-06-10 18:02:10,499] Trial 1604 finished with values: [11.635616839791162, 11.635616839791162] and parameters: {'k1': 0.016973078532467004, 'D_low': 12.105387404469584, 'k2': 0.0001016707987819611, 'D_high': 35.136541394511, 'fire_exp': 1.3016302649207157, 'P_half': 38.06720343805377, 'pre_dampen_half': 8.259599205585761, 'gpp_af': 0.10098504976210308, 'gpp_b': 1.1008110571039521e-05, 'gpp_d': 12.338826503601998, 'ign_k': 5.276924233362289, 'ign_c': 0.14382624151471118, 'trop_agb_crit': 5.040100072596215, 'trop_k_veg': 2.724170387400844, 'fire_amp': 5.44779717154213}.
[I 2026-06-10 18:02:12,096] Trial 1605 finished with values: [10.668646221727434, 10.668646221727434] and parameters: {'k1': 0.006079905434073396, 'D_low': 43.2326421037033, 'k2': 0.0014862721357628136, 'D_high': 2427.054417940131, 'fire_exp': 1.5191397119156032, 'P_half': 63.30002996758082, 'pre_dampen_half': 5.593036834117395, 'gpp_af': 0.10098504976210308, 'gpp_b': 1.1008110571039521e-05, 'gpp_d': 12.338826503601998, 'ign_k': 0.9892483802693092, 'ign_c': 18.25244373197921, 'trop_agb_crit': 2.1989086830950257, 'trop_k_veg': 6.172643383211297, 'fire_amp': 5.44779717154213}.
[I 2026-06-10 18:02:13,594] Trial 1606 finished with values: [-0.7045733108798583, 0.13128905409189384] and parameters: {'k1': 2.820470499715577e-05, 'D_low': 43.2326421037033, 'k2': 0.0001016707987819611, 'D_high': 2427.054417940131, 'fire_exp': 1.0601964743503993, 'P_half': 157.80309954142965, 'pre_dampen_half': 8.259599205585761, 'gpp_af': 0.10098504976210308, 'gpp_b': 1.1008110571039521e-05, 'gpp_d': 12.338826503601998, 'ign_k': 3.965503094323014, 'ign_c': 22.126836566118193, 'trop_agb_crit': 2.1989086830950257, 'trop_k_veg': 6.172643383211297, 'fire_amp': 5.44779717154213}.
[I 2026-06-10 18:02:14,960] Trial 1607 finished with values: [10.875280866250765, 10.875280866250765] and parameters: {'k1': 8.147023038199083e-05, 'D_low': 43.2326421037033, 'k2': 0.0001016707987819611, 'D_high': 35.136541394511, 'fire_exp': 1.4572158037266703, 'P_half': 7179.85028962833, 'pre_dampen_half': 8.259599205585761, 'gpp_af': 0.10098504976210308, 'gpp_b': 1.1008110571039521e-05, 'gpp_d': 545.0253444559129, 'ign_k': 3.965503094323014, 'ign_c': 22.126836566118193, 'trop_agb_crit': 1.5033346993841157, 'trop_k_veg': 4.908089431313105, 'fire_amp': 5.101445398155632}.
[I 2026-06-10 18:02:16,278] Trial 1608 finished with values: [10.562598022429238, 10.562598022429238] and parameters: {'k1': 2.820470499715577e-05, 'D_low': 2.414672422128219, 'k2': 0.045914852167405346, 'D_high': 8161.260265732991, 'fire_exp': 1.0601964743503993, 'P_half': 157.80309954142965, 'pre_dampen_half': 5.593036834117395, 'gpp_af': 0.10098504976210308, 'gpp_b': 0.00012118589392553798, 'gpp_d': 660.8258687680153, 'ign_k': 3.965503094323014, 'ign_c': 7.081721844034206, 'trop_agb_crit': 1.5033346993841157, 'trop_k_veg': 6.172643383211297, 'fire_amp': 3.6470075436105276}.
[I 2026-06-10 18:02:17,667] Trial 1609 finished with values: [10.480897278330977, 10.480897278330977] and parameters: {'k1': 0.03096855930632394, 'D_low': 2.414672422128219, 'k2': 0.0001016707987819611, 'D_high': 35.136541394511, 'fire_exp': 1.5191397119156032, 'P_half': 171.6206671132763, 'pre_dampen_half': 5.593036834117395, 'gpp_af': 0.8057329182285734, 'gpp_b': 0.00012118589392553798, 'gpp_d': 0.5198005873091408, 'ign_k': 5.276924233362289, 'ign_c': 22.126836566118193, 'trop_agb_crit': 1.1945139451702542, 'trop_k_veg': 3.7755686517282787, 'fire_amp': 5.44779717154213}.
[I 2026-06-10 18:02:19,204] Trial 1610 finished with values: [10.060778525339822, 10.060778525339822] and parameters: {'k1': 0.0013600238206818325, 'D_low': 1.873653322520581, 'k2': 0.030190940245070495, 'D_high': 8161.260265732991, 'fire_exp': 1.4572158037266703, 'P_half': 157.80309954142965, 'pre_dampen_half': 8.259599205585761, 'gpp_af': 0.03522602097143089, 'gpp_b': 0.00012118589392553798, 'gpp_d': 545.0253444559129, 'ign_k': 3.965503094323014, 'ign_c': 22.126836566118193, 'trop_agb_crit': 1.5033346993841157, 'trop_k_veg': 6.172643383211297, 'fire_amp': 5.44779717154213}.
[I 2026-06-10 18:02:21,453] Trial 1611 finished with values: [-0.7117004813518996, 0.05559592868515195] and parameters: {'k1': 0.028401063201780267, 'D_low': 43.2326421037033, 'k2': 0.045914852167405346, 'D_high': 839.2504050877119, 'fire_exp': 1.5191397119156032, 'P_half': 3.591771421517613, 'pre_dampen_half': 269.0845367054866, 'gpp_af': 0.8057329182285734, 'gpp_b': 1.1008110571039521e-05, 'gpp_d': 12.338826503601998, 'ign_k': 3.965503094323014, 'ign_c': 22.126836566118193, 'trop_agb_crit': 3.534001063181976, 'trop_k_veg': 0.7182755813472589, 'fire_amp': 1.1202509284327942}.
[I 2026-06-10 18:02:22,880] Trial 1612 finished with values: [10.861229064963197, 10.861229064963197] and parameters: {'k1': 0.028401063201780267, 'D_low': 1.873653322520581, 'k2': 0.0001016707987819611, 'D_high': 35.136541394511, 'fire_exp': 1.5191397119156032, 'P_half': 8.318314747941244, 'pre_dampen_half': 8.259599205585761, 'gpp_af': 0.10098504976210308, 'gpp_b': 0.5534249896942351, 'gpp_d': 545.0253444559129, 'ign_k': 3.965503094323014, 'ign_c': 22.126836566118193, 'trop_agb_crit': 6.128416443551616, 'trop_k_veg': 2.724170387400844, 'fire_amp': 5.44779717154213}.
[I 2026-06-10 18:02:24,306] Trial 1613 finished with values: [10.889738008433321, 10.889738008433321] and parameters: {'k1': 3.1570630540203354e-05, 'D_low': 43.2326421037033, 'k2': 0.015025974594025836, 'D_high': 35.136541394511, 'fire_exp': 1.886981178024387, 'P_half': 1.4551749476072258, 'pre_dampen_half': 5.593036834117395, 'gpp_af': 0.10098504976210308, 'gpp_b': 2.1309331861011757e-05, 'gpp_d': 12.151631524283598, 'ign_k': 7.299424898595565, 'ign_c': 22.126836566118193, 'trop_agb_crit': 1.5033346993841157, 'trop_k_veg': 4.796046723963646, 'fire_amp': 5.44779717154213}.
[I 2026-06-10 18:02:25,753] Trial 1614 finished with values: [10.892857142659844, 10.892857142659844] and parameters: {'k1': 0.028401063201780267, 'D_low': 3223.757192311356, 'k2': 0.045914852167405346, 'D_high': 839.2504050877119, 'fire_exp': 1.5191397119156032, 'P_half': 3.591771421517613, 'pre_dampen_half': 8.259599205585761, 'gpp_af': 0.8057329182285734, 'gpp_b': 1.1008110571039521e-05, 'gpp_d': 545.0253444559129, 'ign_k': 3.965503094323014, 'ign_c': 22.126836566118193, 'trop_agb_crit': 3.1419938725278875, 'trop_k_veg': 0.5535297685306277, 'fire_amp': 5.44779717154213}.
[I 2026-06-10 18:02:27,252] Trial 1615 finished with values: [10.010939905848355, 10.010939905848355] and parameters: {'k1': 0.059726680112071134, 'D_low': 43.2326421037033, 'k2': 0.0001016707987819611, 'D_high': 35.136541394511, 'fire_exp': 1.3016302649207157, 'P_half': 157.80309954142965, 'pre_dampen_half': 8.259599205585761, 'gpp_af': 0.005545999767375815, 'gpp_b': 1.1008110571039521e-05, 'gpp_d': 12.338826503601998, 'ign_k': 5.276924233362289, 'ign_c': 22.126836566118193, 'trop_agb_crit': 1.5033346993841157, 'trop_k_veg': 2.724170387400844, 'fire_amp': 5.44779717154213}.
[I 2026-06-10 18:02:28,727] Trial 1616 finished with values: [10.640882580290324, 10.640882580290324] and parameters: {'k1': 0.028401063201780267, 'D_low': 43.2326421037033, 'k2': 0.045914852167405346, 'D_high': 839.2504050877119, 'fire_exp': 1.5191397119156032, 'P_half': 12.801393018711597, 'pre_dampen_half': 5.593036834117395, 'gpp_af': 0.10098504976210308, 'gpp_b': 1.1008110571039521e-05, 'gpp_d': 545.0253444559129, 'ign_k': 7.6936205596526985, 'ign_c': 22.126836566118193, 'trop_agb_crit': 1.5033346993841157, 'trop_k_veg': 0.5535297685306277, 'fire_amp': 1.1202509284327942}.
[I 2026-06-10 18:02:30,068] Trial 1617 finished with values: [10.580697898549754, 10.580697898549754] and parameters: {'k1': 0.0007090917299187363, 'D_low': 1.873653322520581, 'k2': 0.0002299050002966706, 'D_high': 35.136541394511, 'fire_exp': 1.5191397119156032, 'P_half': 157.80309954142965, 'pre_dampen_half': 803.4093668552606, 'gpp_af': 0.10098504976210308, 'gpp_b': 1.1008110571039521e-05, 'gpp_d': 12.338826503601998, 'ign_k': 3.965503094323014, 'ign_c': 22.126836566118193, 'trop_agb_crit': 6.128416443551616, 'trop_k_veg': 2.724170387400844, 'fire_amp': 5.44779717154213}.
[I 2026-06-10 18:02:31,439] Trial 1618 finished with values: [13.199735415383188, 13.199735415383188] and parameters: {'k1': 0.028401063201780267, 'D_low': 43.2326421037033, 'k2': 0.045914852167405346, 'D_high': 839.2504050877119, 'fire_exp': 1.5191397119156032, 'P_half': 157.80309954142965, 'pre_dampen_half': 269.0845367054866, 'gpp_af': 0.8057329182285734, 'gpp_b': 1.1008110571039521e-05, 'gpp_d': 12.338826503601998, 'ign_k': 3.965503094323014, 'ign_c': 22.126836566118193, 'trop_agb_crit': 8.188098178380693, 'trop_k_veg': 2.724170387400844, 'fire_amp': 5.44779717154213}.
[I 2026-06-10 18:02:32,891] Trial 1619 finished with values: [-0.7270379646872098, 0.1493366227498666] and parameters: {'k1': 0.028401063201780267, 'D_low': 1.873653322520581, 'k2': 0.0001016707987819611, 'D_high': 858.2814848893084, 'fire_exp': 1.5191397119156032, 'P_half': 8.318314747941244, 'pre_dampen_half': 8.259599205585761, 'gpp_af': 0.03522602097143089, 'gpp_b': 1.1008110571039521e-05, 'gpp_d': 545.0253444559129, 'ign_k': 3.965503094323014, 'ign_c': 22.126836566118193, 'trop_agb_crit': 1.5033346993841157, 'trop_k_veg': 5.480053926326231, 'fire_amp': 5.44779717154213}.
[I 2026-06-10 18:02:34,532] Trial 1620 finished with values: [10.416410555332329, 10.416410555332329] and parameters: {'k1': 0.016973078532467004, 'D_low': 24.28756508761176, 'k2': 0.045914852167405346, 'D_high': 2427.054417940131, 'fire_exp': 1.4690410989404576, 'P_half': 157.80309954142965, 'pre_dampen_half': 5.593036834117395, 'gpp_af': 0.10098504976210308, 'gpp_b': 1.1008110571039521e-05, 'gpp_d': 545.0253444559129, 'ign_k': 5.276924233362289, 'ign_c': 22.126836566118193, 'trop_agb_crit': 1.5033346993841157, 'trop_k_veg': 2.9806294141302545, 'fire_amp': 5.44779717154213}.
[I 2026-06-10 18:02:36,036] Trial 1621 finished with values: [10.183006532751227, 10.183006532751227] and parameters: {'k1': 0.016973078532467004, 'D_low': 12.105387404469584, 'k2': 0.045914852167405346, 'D_high': 2264.258926325251, 'fire_exp': 1.0601964743503993, 'P_half': 157.80309954142965, 'pre_dampen_half': 2.7246429232774694, 'gpp_af': 27.448645214004376, 'gpp_b': 1.1008110571039521e-05, 'gpp_d': 545.0253444559129, 'ign_k': 5.276924233362289, 'ign_c': 22.126836566118193, 'trop_agb_crit': 1.5033346993841157, 'trop_k_veg': 2.9806294141302545, 'fire_amp': 4.19233232783727}.
[I 2026-06-10 18:02:37,333] Trial 1622 finished with values: [10.287898482471487, 10.287898482471487] and parameters: {'k1': 0.07119679541167405, 'D_low': 1.873653322520581, 'k2': 0.0001016707987819611, 'D_high': 2427.054417940131, 'fire_exp': 1.4572158037266703, 'P_half': 157.80309954142965, 'pre_dampen_half': 5.593036834117395, 'gpp_af': 0.10098504976210308, 'gpp_b': 0.00012118589392553798, 'gpp_d': 12.338826503601998, 'ign_k': 0.031719010572055915, 'ign_c': 22.126836566118193, 'trop_agb_crit': 8.188098178380693, 'trop_k_veg': 5.389865793562076, 'fire_amp': 5.44779717154213}.
[I 2026-06-10 18:02:38,690] Trial 1623 finished with values: [-0.7253940887383494, 0.1509787733300043] and parameters: {'k1': 0.016973078532467004, 'D_low': 24.28756508761176, 'k2': 0.0001016707987819611, 'D_high': 2427.054417940131, 'fire_exp': 1.4690410989404576, 'P_half': 63.30002996758082, 'pre_dampen_half': 8.259599205585761, 'gpp_af': 0.10098504976210308, 'gpp_b': 1.1008110571039521e-05, 'gpp_d': 12.338826503601998, 'ign_k': 0.9892483802693092, 'ign_c': 22.126836566118193, 'trop_agb_crit': 1.5033346993841157, 'trop_k_veg': 2.724170387400844, 'fire_amp': 5.44779717154213}.
[I 2026-06-10 18:02:40,065] Trial 1624 finished with values: [10.601942898449469, 10.601942898449469] and parameters: {'k1': 0.028401063201780267, 'D_low': 43.2326421037033, 'k2': 0.045914852167405346, 'D_high': 839.2504050877119, 'fire_exp': 1.5191397119156032, 'P_half': 157.80309954142965, 'pre_dampen_half': 8.259599205585761, 'gpp_af': 0.8057329182285734, 'gpp_b': 0.0005184433797727541, 'gpp_d': 0.1037804275214937, 'ign_k': 5.276924233362289, 'ign_c': 22.126836566118193, 'trop_agb_crit': 3.1419938725278875, 'trop_k_veg': 4.133009745406132, 'fire_amp': 4.19233232783727}.
[I 2026-06-10 18:02:41,539] Trial 1625 finished with values: [-0.7485482658835763, 0.1150002243301137] and parameters: {'k1': 0.028401063201780267, 'D_low': 43.2326421037033, 'k2': 0.0001016707987819611, 'D_high': 2701.5988102078472, 'fire_exp': 1.4572158037266703, 'P_half': 157.80309954142965, 'pre_dampen_half': 8.259599205585761, 'gpp_af': 0.10098504976210308, 'gpp_b': 1.1008110571039521e-05, 'gpp_d': 545.0253444559129, 'ign_k': 3.965503094323014, 'ign_c': 22.126836566118193, 'trop_agb_crit': 6.128416443551616, 'trop_k_veg': 2.724170387400844, 'fire_amp': 5.44779717154213}.
[I 2026-06-10 18:02:43,738] Trial 1626 finished with values: [10.137964476788529, 10.137964476788529] and parameters: {'k1': 0.07119679541167405, 'D_low': 35.16916257394805, 'k2': 0.0001016707987819611, 'D_high': 198.3056154955596, 'fire_exp': 1.4690410989404576, 'P_half': 157.80309954142965, 'pre_dampen_half': 5.593036834117395, 'gpp_af': 27.448645214004376, 'gpp_b': 1.1008110571039521e-05, 'gpp_d': 545.0253444559129, 'ign_k': 3.965503094323014, 'ign_c': 22.126836566118193, 'trop_agb_crit': 1.5033346993841157, 'trop_k_veg': 6.172643383211297, 'fire_amp': 5.44779717154213}.
[I 2026-06-10 18:02:45,049] Trial 1627 finished with values: [10.460828190745021, 10.460828190745021] and parameters: {'k1': 0.016973078532467004, 'D_low': 1.873653322520581, 'k2': 0.0011094349644915336, 'D_high': 35.136541394511, 'fire_exp': 1.5191397119156032, 'P_half': 12.801393018711597, 'pre_dampen_half': 5.593036834117395, 'gpp_af': 0.10098504976210308, 'gpp_b': 1.1008110571039521e-05, 'gpp_d': 545.0253444559129, 'ign_k': 3.965503094323014, 'ign_c': 22.126836566118193, 'trop_agb_crit': 1.5033346993841157, 'trop_k_veg': 6.172643383211297, 'fire_amp': 5.44779717154213}.
