[I 2026-08-05 23:45:44,723] Trial 375 finished with values: [10.763749908199062, 10.763749908199062] and parameters: {'k1': 0.00014281536924924868, 'D_low': 2.458603276328005, 'k2': 3.5917714215176105e-05, 'D_high': 31030.112026960956, 'fire_exp': 1.182396148413737, 'P_half': 95.65499215943822, 'pre_dampen_half': 121.93011993958949, 'gpp_af': 0.0025511964576171086, 'gpp_b': 0.1676789742547917, 'gpp_d': 857.4284557962634, 'ign_k': 0.006912296717033066, 'ign_c': 8.671454322584175}.
[I 2026-08-05 23:45:45,788] Trial 376 finished with values: [10.009155956627879, 10.009155956627879] and parameters: {'k1': 0.00324789183891923, 'D_low': 2.458603276328005, 'k2': 0.0004381141781653133, 'D_high': 75773.14388518519, 'fire_exp': 1.1670151053031461, 'P_half': 12.808863354047988, 'pre_dampen_half': 703.6426675556048, 'gpp_af': 35.20481045526041, 'gpp_b': 0.7987896438549947, 'gpp_d': 5.878566318396007, 'ign_k': 0.01474275315991467, 'ign_c': 47.268615251255675}.
[I 2026-08-05 23:45:46,823] Trial 377 finished with values: [10.769230768838547, 10.769230768838547] and parameters: {'k1': 7.841214856323651e-05, 'D_low': 50.217376233895635, 'k2': 1.1184534120760473e-05, 'D_high': 34288.10943862523, 'fire_exp': 1.1044852285094786, 'P_half': 24.136213194527585, 'pre_dampen_half': 304.7488318185732, 'gpp_af': 11.234842109991876, 'gpp_b': 3.228689523591491e-05, 'gpp_d': 368.30088529547436, 'ign_k': 0.03141110271934876, 'ign_c': 514.0544615226304}.
[I 2026-08-05 23:45:47,864] Trial 378 finished with values: [10.727842098810637, 10.727842098810637] and parameters: {'k1': 0.0005486676498816061, 'D_low': 18.89739291279832, 'k2': 0.0007081721844034209, 'D_high': 75773.14388518519, 'fire_exp': 1.811096651915224, 'P_half': 12.808863354047988, 'pre_dampen_half': 36.876350096203005, 'gpp_af': 35.20481045526041, 'gpp_b': 1.5938003265859821, 'gpp_d': 4.5768578731086835, 'ign_k': 0.01474275315991467, 'ign_c': 10.140635645866492}.
[I 2026-08-05 23:45:48,979] Trial 379 finished with values: [10.237258930419948, 10.237258930419948] and parameters: {'k1': 0.0029707920514735983, 'D_low': 4.051452710153359, 'k2': 0.03210808548911189, 'D_high': 411.0848435021235, 'fire_exp': 1.3614924220931135, 'P_half': 93.34064019986363, 'pre_dampen_half': 304.7488318185732, 'gpp_af': 4.095062894476692, 'gpp_b': 0.0004837646996135023, 'gpp_d': 857.4284557962634, 'ign_k': 0.03141110271934876, 'ign_c': 3.0378658251922155}.
[I 2026-08-05 23:45:50,048] Trial 380 finished with values: [10.734278900859021, 10.734278900859021] and parameters: {'k1': 7.841214856323651e-05, 'D_low': 2.1234210963705626, 'k2': 1.1184534120760473e-05, 'D_high': 6455.595882939566, 'fire_exp': 1.1044852285094786, 'P_half': 9541.821559010194, 'pre_dampen_half': 111.37963167994629, 'gpp_af': 0.001162712343304238, 'gpp_b': 3.228689523591491e-05, 'gpp_d': 368.30088529547436, 'ign_k': 0.03141110271934876, 'ign_c': 10.140635645866492}.
[I 2026-08-05 23:45:51,146] Trial 381 finished with values: [10.526369604068755, 10.526369604068755] and parameters: {'k1': 0.00012105387404469581, 'D_low': 2.458603276328005, 'k2': 3.5917714215176105e-05, 'D_high': 20.31481195045495, 'fire_exp': 1.182396148413737, 'P_half': 408.3047491580097, 'pre_dampen_half': 36.876350096203005, 'gpp_af': 1.6595781802652418, 'gpp_b': 3.228689523591491e-05, 'gpp_d': 0.07404167689653945, 'ign_k': 0.006912296717033066, 'ign_c': 2.2882309479728957}.
[I 2026-08-05 23:45:52,250] Trial 382 finished with values: [10.147061635324746, 10.147061635324746] and parameters: {'k1': 0.0029707920514735983, 'D_low': 2.1234210963705626, 'k2': 0.03210808548911189, 'D_high': 7744.80118512745, 'fire_exp': 1.182396148413737, 'P_half': 12.808863354047988, 'pre_dampen_half': 304.7488318185732, 'gpp_af': 0.001162712343304238, 'gpp_b': 0.0006082667040432242, 'gpp_d': 857.4284557962634, 'ign_k': 0.03033111747878116, 'ign_c': 3.0378658251922155}.
[I 2026-08-05 23:45:53,386] Trial 383 finished with values: [10.277423523524408, 10.277423523524408] and parameters: {'k1': 0.00014281536924924868, 'D_low': 74.92772870670282, 'k2': 0.00011939136672856547, 'D_high': 6366.1449945522045, 'fire_exp': 1.182396148413737, 'P_half': 95.65499215943822, 'pre_dampen_half': 33.9790424311127, 'gpp_af': 29.925002022877802, 'gpp_b': 3.228689523591491e-05, 'gpp_d': 5.1715677287580455, 'ign_k': 0.0026834162496848666, 'ign_c': 298.123706972088}.
[I 2026-08-05 23:45:54,589] Trial 384 finished with values: [-0.4693312547505094, 0.1533111288439324] and parameters: {'k1': 0.002971796631657383, 'D_low': 38.45635122720662, 'k2': 1.1184534120760473e-05, 'D_high': 75773.14388518519, 'fire_exp': 1.1670151053031461, 'P_half': 436.4516946807792, 'pre_dampen_half': 61.829022221636144, 'gpp_af': 29.925002022877802, 'gpp_b': 1.4427571100855582e-05, 'gpp_d': 5.1715677287580455, 'ign_k': 0.0026834162496848666, 'ign_c': 6.160975294741436}.
[I 2026-08-05 23:45:55,741] Trial 385 finished with values: [-0.51760355008707, 0.16930918710163323] and parameters: {'k1': 7.841214856323651e-05, 'D_low': 2.458603276328005, 'k2': 0.034987345440353576, 'D_high': 6455.595882939566, 'fire_exp': 1.151006986743773, 'P_half': 12.808863354047988, 'pre_dampen_half': 30.20668663862189, 'gpp_af': 0.005881383945248695, 'gpp_b': 3.481277316673104e-05, 'gpp_d': 149.50343942182866, 'ign_k': 0.01474275315991467, 'ign_c': 10.140635645866492}.
[I 2026-08-05 23:45:56,862] Trial 386 finished with values: [10.674809969555877, 10.674809969555877] and parameters: {'k1': 0.01833717796770997, 'D_low': 2.1234210963705626, 'k2': 0.0007081721844034209, 'D_high': 9769.756791866093, 'fire_exp': 1.676642890914909, 'P_half': 215.55950571043874, 'pre_dampen_half': 107.40052367919465, 'gpp_af': 35.20481045526041, 'gpp_b': 0.7987896438549947, 'gpp_d': 2.736251365128462, 'ign_k': 0.03604182012888638, 'ign_c': 8.671454322584175}.
[I 2026-08-05 23:45:57,983] Trial 387 finished with values: [10.021608726650799, 10.021608726650799] and parameters: {'k1': 0.005967518552547517, 'D_low': 7.068974950624602, 'k2': 1.1184534120760473e-05, 'D_high': 3660.150802571655, 'fire_exp': 1.2943117749495199, 'P_half': 7.857247967427123, 'pre_dampen_half': 703.6426675556048, 'gpp_af': 83.56239973758213, 'gpp_b': 0.03719354588132657, 'gpp_d': 34.37107943937136, 'ign_k': 0.017654048052495083, 'ign_c': 47.268615251255675}.
[I 2026-08-05 23:45:59,136] Trial 388 finished with values: [10.426306604678432, 10.426306604678432] and parameters: {'k1': 0.0014057163351022498, 'D_low': 2.1234210963705626, 'k2': 3.5917714215176105e-05, 'D_high': 7744.80118512745, 'fire_exp': 1.811096651915224, 'P_half': 235.37467825486968, 'pre_dampen_half': 107.40052367919465, 'gpp_af': 11.234842109991876, 'gpp_b': 3.228689523591491e-05, 'gpp_d': 857.4284557962634, 'ign_k': 0.002357279455676982, 'ign_c': 10.140635645866492}.
[I 2026-08-05 23:46:00,302] Trial 389 finished with values: [10.1532094563309, 10.1532094563309] and parameters: {'k1': 0.021368329072358756, 'D_low': 1.2834648227562822, 'k2': 2.5461628161276896e-05, 'D_high': 233.52156626184438, 'fire_exp': 1.182396148413737, 'P_half': 608.3019192425825, 'pre_dampen_half': 59.66041614891413, 'gpp_af': 20.12115544906385, 'gpp_b': 0.6637926838138378, 'gpp_d': 891.8036602897795, 'ign_k': 3.7173717478250508, 'ign_c': 0.11433485956638717}.
[I 2026-08-05 23:46:01,611] Trial 390 finished with values: [10.76754962245494, 10.76754962245494] and parameters: {'k1': 0.002971796631657383, 'D_low': 18.89739291279832, 'k2': 0.031211489608802344, 'D_high': 75773.14388518519, 'fire_exp': 3.8026487174187142, 'P_half': 12.808863354047988, 'pre_dampen_half': 111.37963167994629, 'gpp_af': 11.234842109991876, 'gpp_b': 1.5938003265859821, 'gpp_d': 5.1715677287580455, 'ign_k': 0.03033111747878116, 'ign_c': 10.140635645866492}.
[I 2026-08-05 23:46:02,878] Trial 391 finished with values: [10.769229091937529, 10.769229091937529] and parameters: {'k1': 2.3224552232891533e-05, 'D_low': 3234.7703263192993, 'k2': 0.005456725485601475, 'D_high': 6366.1449945522045, 'fire_exp': 1.182396148413737, 'P_half': 5.342106255632175, 'pre_dampen_half': 0.21281400894533783, 'gpp_af': 0.0025511964576171086, 'gpp_b': 1.5938003265859821, 'gpp_d': 857.4284557962634, 'ign_k': 0.03141110271934876, 'ign_c': 0.11433485956638717}.
[I 2026-08-05 23:46:04,035] Trial 392 finished with values: [10.768675262504201, 10.768675262504201] and parameters: {'k1': 0.03232155805617897, 'D_low': 18.89739291279832, 'k2': 0.031211489608802344, 'D_high': 7744.80118512745, 'fire_exp': 1.182396148413737, 'P_half': 93.34064019986363, 'pre_dampen_half': 304.7488318185732, 'gpp_af': 0.001162712343304238, 'gpp_b': 1.5938003265859821, 'gpp_d': 368.30088529547436, 'ign_k': 0.03033111747878116, 'ign_c': 10.140635645866492}.
[I 2026-08-05 23:46:05,131] Trial 393 finished with values: [10.769230768838547, 10.769230768838547] and parameters: {'k1': 0.0029707920514735983, 'D_low': 918.4900818511542, 'k2': 0.005456725485601475, 'D_high': 32.96550135838091, 'fire_exp': 7.7401268792356985, 'P_half': 436.4516946807792, 'pre_dampen_half': 33.9790424311127, 'gpp_af': 13.560863064135962, 'gpp_b': 1.4427571100855582e-05, 'gpp_d': 857.4284557962634, 'ign_k': 0.03141110271934876, 'ign_c': 3.0378658251922155}.
[I 2026-08-05 23:46:06,165] Trial 394 finished with values: [10.699660418753805, 10.699660418753805] and parameters: {'k1': 0.0029707920514735983, 'D_low': 2.1234210963705626, 'k2': 0.03210808548911189, 'D_high': 7744.80118512745, 'fire_exp': 1.182396148413737, 'P_half': 6646.698709242519, 'pre_dampen_half': 304.7488318185732, 'gpp_af': 0.001162712343304238, 'gpp_b': 0.0006082667040432242, 'gpp_d': 857.4284557962634, 'ign_k': 0.01474275315991467, 'ign_c': 6.160975294741436}.
[I 2026-08-05 23:46:07,202] Trial 395 finished with values: [-0.4716565824339872, 0.10140545576610949] and parameters: {'k1': 0.002971796631657383, 'D_low': 7.068974950624602, 'k2': 1.1184534120760473e-05, 'D_high': 6455.595882939566, 'fire_exp': 1.3614924220931135, 'P_half': 5.342106255632175, 'pre_dampen_half': 111.37963167994629, 'gpp_af': 29.925002022877802, 'gpp_b': 0.011750724729953272, 'gpp_d': 5.878566318396007, 'ign_k': 0.0026834162496848666, 'ign_c': 0.11433485956638717}.
[I 2026-08-05 23:46:08,468] Trial 396 finished with values: [10.000451046201208, 10.000451046201208] and parameters: {'k1': 0.014666151770108535, 'D_low': 9.330007965781027, 'k2': 0.005456725485601475, 'D_high': 949.9072859745386, 'fire_exp': 1.182396148413737, 'P_half': 408.3047491580097, 'pre_dampen_half': 36.876350096203005, 'gpp_af': 20.44739969013527, 'gpp_b': 3.228689523591491e-05, 'gpp_d': 857.4284557962634, 'ign_k': 0.006912296717033066, 'ign_c': 2.4287565087611744}.
[I 2026-08-05 23:46:10,071] Trial 397 finished with values: [10.013907476658458, 10.013907476658458] and parameters: {'k1': 0.0029707920514735983, 'D_low': 2.458603276328005, 'k2': 0.0007081721844034209, 'D_high': 17300.724838654387, 'fire_exp': 1.1044852285094786, 'P_half': 10.226988730324324, 'pre_dampen_half': 36.876350096203005, 'gpp_af': 83.56239973758213, 'gpp_b': 0.03841303420847976, 'gpp_d': 4.25060659305504, 'ign_k': 0.01474275315991467, 'ign_c': 8.671454322584175}.
[I 2026-08-05 23:46:10,880] Trial 398 finished with values: [10.871844640973336, 10.871844640973336] and parameters: {'k1': 0.0029707920514735983, 'D_low': 74.92772870670282, 'k2': 3.5917714215176105e-05, 'D_high': 75773.14388518519, 'fire_exp': 1.182396148413737, 'P_half': 242.70544179401307, 'pre_dampen_half': 107.40052367919465, 'gpp_af': 29.925002022877802, 'gpp_b': 0.011750724729953272, 'gpp_d': 857.4284557962634, 'ign_k': 0.0026834162496848666, 'ign_c': 6.160975294741436}.
[I 2026-08-05 23:46:11,750] Trial 399 finished with values: [10.4915699157007, 10.4915699157007] and parameters: {'k1': 7.841214856323651e-05, 'D_low': 7.068974950624602, 'k2': 0.0007081721844034209, 'D_high': 75773.14388518519, 'fire_exp': 1.1044852285094786, 'P_half': 24.136213194527585, 'pre_dampen_half': 36.876350096203005, 'gpp_af': 11.234842109991876, 'gpp_b': 0.03841303420847976, 'gpp_d': 0.12659922449669828, 'ign_k': 0.005568690083197025, 'ign_c': 6.160975294741436}.
[I 2026-08-05 23:46:12,620] Trial 400 finished with values: [10.56971995060619, 10.56971995060619] and parameters: {'k1': 0.002971796631657383, 'D_low': 7.068974950624602, 'k2': 1.1184534120760473e-05, 'D_high': 9769.756791866093, 'fire_exp': 1.0881360604103363, 'P_half': 417.79950639915216, 'pre_dampen_half': 36.876350096203005, 'gpp_af': 29.925002022877802, 'gpp_b': 0.7987896438549947, 'gpp_d': 5.878566318396007, 'ign_k': 0.0026834162496848666, 'ign_c': 6.160975294741436}.
[I 2026-08-05 23:46:13,520] Trial 401 finished with values: [10.769230768838547, 10.769230768838547] and parameters: {'k1': 0.04897760278488444, 'D_low': 2.458603276328005, 'k2': 0.0007081721844034209, 'D_high': 85018.70149611714, 'fire_exp': 1.151006986743773, 'P_half': 12.808863354047988, 'pre_dampen_half': 703.6426675556048, 'gpp_af': 35.20481045526041, 'gpp_b': 0.7987896438549947, 'gpp_d': 5.679195944606101, 'ign_k': 5.9736167866478125, 'ign_c': 47.268615251255675}.
[I 2026-08-05 23:46:14,375] Trial 402 finished with values: [10.442087817854718, 10.442087817854718] and parameters: {'k1': 0.00014281536924924868, 'D_low': 2.458603276328005, 'k2': 0.0004381141781653133, 'D_high': 6366.1449945522045, 'fire_exp': 1.151006986743773, 'P_half': 95.65499215943822, 'pre_dampen_half': 33.9790424311127, 'gpp_af': 35.20481045526041, 'gpp_b': 0.7987896438549947, 'gpp_d': 857.4284557962634, 'ign_k': 0.03033111747878116, 'ign_c': 47.268615251255675}.
[I 2026-08-05 23:46:15,233] Trial 403 finished with values: [10.095025258178262, 10.095025258178262] and parameters: {'k1': 0.016973078532467004, 'D_low': 18.522006003174383, 'k2': 0.00038791280730284417, 'D_high': 411.0848435021235, 'fire_exp': 1.010722707674549, 'P_half': 2.2281634177046414, 'pre_dampen_half': 303.1650219733388, 'gpp_af': 22.766850248686247, 'gpp_b': 0.6637926838138378, 'gpp_d': 4.5768578731086835, 'ign_k': 3.7173717478250508, 'ign_c': 0.11433485956638717}.
[I 2026-08-05 23:46:16,058] Trial 404 finished with values: [10.350585759904824, 10.350585759904824] and parameters: {'k1': 0.04897760278488444, 'D_low': 74.92772870670282, 'k2': 0.0004381141781653133, 'D_high': 949.9072859745386, 'fire_exp': 1.0473002272689056, 'P_half': 408.3047491580097, 'pre_dampen_half': 53.73093479067421, 'gpp_af': 29.925002022877802, 'gpp_b': 0.7987896438549947, 'gpp_d': 34.37107943937136, 'ign_k': 0.0026834162496848666, 'ign_c': 47.268615251255675}.
[I 2026-08-05 23:46:17,017] Trial 405 finished with values: [10.577829074434279, 10.577829074434279] and parameters: {'k1': 0.016973078532467004, 'D_low': 7.068974950624602, 'k2': 1.1184534120760473e-05, 'D_high': 75773.14388518519, 'fire_exp': 1.010722707674549, 'P_half': 608.3019192425825, 'pre_dampen_half': 59.66041614891413, 'gpp_af': 35.20481045526041, 'gpp_b': 0.6637926838138378, 'gpp_d': 4.5768578731086835, 'ign_k': 3.7173717478250508, 'ign_c': 6.160975294741436}.
[I 2026-08-05 23:46:17,972] Trial 406 finished with values: [10.035329619081432, 10.035329619081432] and parameters: {'k1': 0.00012105387404469581, 'D_low': 43.03411264066069, 'k2': 1.1184534120760473e-05, 'D_high': 3660.150802571655, 'fire_exp': 1.1044852285094786, 'P_half': 24.136213194527585, 'pre_dampen_half': 53.73093479067421, 'gpp_af': 21.995805943313187, 'gpp_b': 0.011750724729953272, 'gpp_d': 4.5768578731086835, 'ign_k': 0.0026834162496848666, 'ign_c': 6.160975294741436}.
[I 2026-08-05 23:46:18,824] Trial 407 finished with values: [-0.5584656837476233, 0.12939004185053982] and parameters: {'k1': 0.016973078532467004, 'D_low': 2.458603276328005, 'k2': 0.0007081721844034209, 'D_high': 85018.70149611714, 'fire_exp': 1.151006986743773, 'P_half': 12.808863354047988, 'pre_dampen_half': 703.6426675556048, 'gpp_af': 35.20481045526041, 'gpp_b': 0.7987896438549947, 'gpp_d': 4.5768578731086835, 'ign_k': 0.030956657914928524, 'ign_c': 1.0939944910100017}.
[I 2026-08-05 23:46:19,680] Trial 408 finished with values: [10.74555338656573, 10.74555338656573] and parameters: {'k1': 7.841214856323651e-05, 'D_low': 50.217376233895635, 'k2': 1.1184534120760473e-05, 'D_high': 7828.534228218629, 'fire_exp': 3.1323893237815805, 'P_half': 24.136213194527585, 'pre_dampen_half': 304.7488318185732, 'gpp_af': 11.234842109991876, 'gpp_b': 3.228689523591491e-05, 'gpp_d': 368.30088529547436, 'ign_k': 0.002109525908590576, 'ign_c': 47.268615251255675}.
[I 2026-08-05 23:46:20,561] Trial 409 finished with values: [10.444327444111016, 10.444327444111016] and parameters: {'k1': 0.002971796631657383, 'D_low': 7.068974950624602, 'k2': 1.1184534120760473e-05, 'D_high': 75773.14388518519, 'fire_exp': 1.1044852285094786, 'P_half': 242.70544179401307, 'pre_dampen_half': 53.73093479067421, 'gpp_af': 11.234842109991876, 'gpp_b': 0.011750724729953272, 'gpp_d': 0.1261583527429052, 'ign_k': 0.005568690083197025, 'ign_c': 6.160975294741436}.
[I 2026-08-05 23:46:21,399] Trial 410 finished with values: [10.729625251165144, 10.729625251165144] and parameters: {'k1': 0.016973078532467004, 'D_low': 2.458603276328005, 'k2': 0.0004381141781653133, 'D_high': 6455.595882939566, 'fire_exp': 1.151006986743773, 'P_half': 12.808863354047988, 'pre_dampen_half': 703.6426675556048, 'gpp_af': 35.20481045526041, 'gpp_b': 0.7987896438549947, 'gpp_d': 0.1187686699420959, 'ign_k': 0.017654048052495083, 'ign_c': 0.11433485956638717}.
[I 2026-08-05 23:46:22,267] Trial 411 finished with values: [-0.5310880360390196, 0.12454636739371627] and parameters: {'k1': 0.03232155805617897, 'D_low': 2.458603276328005, 'k2': 0.0499774937030317, 'D_high': 6455.595882939566, 'fire_exp': 1.811096651915224, 'P_half': 10.226988730324324, 'pre_dampen_half': 36.876350096203005, 'gpp_af': 35.20481045526041, 'gpp_b': 0.03841303420847976, 'gpp_d': 368.30088529547436, 'ign_k': 0.01474275315991467, 'ign_c': 6.160975294741436}.
[I 2026-08-05 23:46:23,120] Trial 412 finished with values: [10.037472153562744, 10.037472153562744] and parameters: {'k1': 0.00324789183891923, 'D_low': 74.92772870670282, 'k2': 0.0004381141781653133, 'D_high': 75773.14388518519, 'fire_exp': 1.151006986743773, 'P_half': 242.70544179401307, 'pre_dampen_half': 53.73093479067421, 'gpp_af': 29.925002022877802, 'gpp_b': 0.7987896438549947, 'gpp_d': 26.07917317941345, 'ign_k': 0.0026834162496848666, 'ign_c': 47.268615251255675}.
[I 2026-08-05 23:46:24,101] Trial 413 finished with values: [10.318770766664166, 10.318770766664166] and parameters: {'k1': 0.04897760278488444, 'D_low': 2.1234210963705626, 'k2': 0.0004381141781653133, 'D_high': 20.161527752598612, 'fire_exp': 1.1044852285094786, 'P_half': 24.136213194527585, 'pre_dampen_half': 703.6426675556048, 'gpp_af': 0.001162712343304238, 'gpp_b': 0.0025416076006960116, 'gpp_d': 0.1187686699420959, 'ign_k': 0.017654048052495083, 'ign_c': 8.671454322584175}.
[I 2026-08-05 23:46:24,941] Trial 414 finished with values: [10.473523125149507, 10.473523125149507] and parameters: {'k1': 0.00012105387404469581, 'D_low': 2.458603276328005, 'k2': 0.0007081721844034209, 'D_high': 75773.14388518519, 'fire_exp': 1.1044852285094786, 'P_half': 2539.9645554516837, 'pre_dampen_half': 703.6426675556048, 'gpp_af': 0.29904230741455073, 'gpp_b': 0.03841303420847976, 'gpp_d': 39.827466658711515, 'ign_k': 0.01474275315991467, 'ign_c': 8.362695993649677}.
[I 2026-08-05 23:46:25,794] Trial 415 finished with values: [10.171764687839001, 10.171764687839001] and parameters: {'k1': 0.014666151770108535, 'D_low': 74.92772870670282, 'k2': 0.00011939136672856547, 'D_high': 949.9072859745386, 'fire_exp': 1.0473002272689056, 'P_half': 608.3019192425825, 'pre_dampen_half': 36.876350096203005, 'gpp_af': 29.925002022877802, 'gpp_b': 3.228689523591491e-05, 'gpp_d': 4.5768578731086835, 'ign_k': 0.0026834162496848666, 'ign_c': 23.422386257929038}.
[I 2026-08-05 23:46:26,648] Trial 416 finished with values: [10.769125770020926, 10.769125770020926] and parameters: {'k1': 0.00023134781612225627, 'D_low': 125.32726386250698, 'k2': 0.005456725485601475, 'D_high': 949.9072859745386, 'fire_exp': 6.678531303406035, 'P_half': 63.585411411994926, 'pre_dampen_half': 121.93011993958949, 'gpp_af': 0.04339970334001348, 'gpp_b': 3.228689523591491e-05, 'gpp_d': 857.4284557962634, 'ign_k': 0.002357279455676982, 'ign_c': 0.11433485956638717}.
[I 2026-08-05 23:46:27,502] Trial 417 finished with values: [10.214905964288555, 10.214905964288555] and parameters: {'k1': 0.002971796631657383, 'D_low': 2.458603276328005, 'k2': 0.0007081721844034209, 'D_high': 75773.14388518519, 'fire_exp': 1.0881360604103363, 'P_half': 10.226988730324324, 'pre_dampen_half': 36.876350096203005, 'gpp_af': 35.20481045526041, 'gpp_b': 0.03841303420847976, 'gpp_d': 4.5768578731086835, 'ign_k': 0.01474275315991467, 'ign_c': 6.160975294741436}.
[I 2026-08-05 23:46:28,371] Trial 418 finished with values: [10.342034060056735, 10.342034060056735] and parameters: {'k1': 0.002971796631657383, 'D_low': 1112.9571947046009, 'k2': 1.1184534120760473e-05, 'D_high': 75773.14388518519, 'fire_exp': 1.1670151053031461, 'P_half': 242.70544179401307, 'pre_dampen_half': 53.73093479067421, 'gpp_af': 29.925002022877802, 'gpp_b': 0.011750724729953272, 'gpp_d': 150.14555442537656, 'ign_k': 0.019192001101561888, 'ign_c': 0.1457050032975653}.
[I 2026-08-05 23:46:29,225] Trial 419 finished with values: [10.052159563877124, 10.052159563877124] and parameters: {'k1': 2.0937989739527727e-05, 'D_low': 1.2834648227562822, 'k2': 2.5461628161276896e-05, 'D_high': 233.52156626184438, 'fire_exp': 1.1670151053031461, 'P_half': 4.397766894483963, 'pre_dampen_half': 53.73093479067421, 'gpp_af': 29.925002022877802, 'gpp_b': 3.228689523591491e-05, 'gpp_d': 5.1715677287580455, 'ign_k': 0.03141110271934876, 'ign_c': 6.160975294741436}.
