[I 2026-08-06 03:20:12,720] Trial 1134 finished with values: [10.541690165157645, 10.541690165157645] and parameters: {'k1': 2.9394634586259703e-05, 'D_low': 3.7322156377670694, 'k2': 0.03820259936390116, 'D_high': 35.11445258128688, 'fire_exp': 1.0881360604103363, 'P_half': 25.255166452944085, 'pre_dampen_half': 8.904067307938409, 'gpp_af': 0.09145768948268033, 'gpp_b': 0.0005623095666134974, 'gpp_d': 124.72235343584714, 'ign_k': 0.37424230019851973, 'ign_c': 0.6615437365561385, 'gdp_gamma': 1.8068697350278546}.
[I 2026-08-06 03:20:13,913] Trial 1135 finished with values: [-0.6061034148018228, 0.14221944027957456] and parameters: {'k1': 0.0030285741098956273, 'D_low': 376.7022142229396, 'k2': 0.00014001191914113747, 'D_high': 35.11445258128688, 'fire_exp': 1.0881360604103363, 'P_half': 1.2765717873951687, 'pre_dampen_half': 36.876350096203005, 'gpp_af': 0.05391752791214327, 'gpp_b': 0.004597283814159352, 'gpp_d': 124.72235343584714, 'ign_k': 3.113806805121378, 'ign_c': 1.3894673469237204, 'gdp_gamma': 1.8068697350278546}.
[I 2026-08-06 03:20:15,173] Trial 1136 finished with values: [10.335048963126301, 10.335048963126301] and parameters: {'k1': 0.0027015957920129437, 'D_low': 14.835020363846423, 'k2': 0.03820259936390116, 'D_high': 21863.563449420166, 'fire_exp': 1.5191397119156032, 'P_half': 10.226988730324324, 'pre_dampen_half': 66.7446265922751, 'gpp_af': 0.09145768948268033, 'gpp_b': 0.011750724729953272, 'gpp_d': 10.931606102061748, 'ign_k': 8.315365004960604, 'ign_c': 6.807874826564585, 'gdp_gamma': 0.559652086128564}.
[I 2026-08-06 03:20:16,381] Trial 1137 finished with values: [10.661052530431071, 10.661052530431071] and parameters: {'k1': 0.07579633113316123, 'D_low': 350.8854952536168, 'k2': 0.00020222983754231334, 'D_high': 21863.563449420166, 'fire_exp': 5.7692789371867566, 'P_half': 10.226988730324324, 'pre_dampen_half': 36.876350096203005, 'gpp_af': 0.09145768948268033, 'gpp_b': 0.02052499618703749, 'gpp_d': 124.72235343584714, 'ign_k': 0.37424230019851973, 'ign_c': 11.77190025324203, 'gdp_gamma': 0.7366679513906507}.
[I 2026-08-06 03:20:17,551] Trial 1138 finished with values: [-0.5895558473631379, 0.06620051237832092] and parameters: {'k1': 0.0030285741098956273, 'D_low': 376.7022142229396, 'k2': 0.0007081721844034209, 'D_high': 2970.7920514735997, 'fire_exp': 1.0881360604103363, 'P_half': 35.828811741825064, 'pre_dampen_half': 8.904067307938409, 'gpp_af': 0.09145768948268033, 'gpp_b': 0.02052499618703749, 'gpp_d': 33.9790424311127, 'ign_k': 0.3521102994688841, 'ign_c': 0.6615437365561385, 'gdp_gamma': 1.8068697350278546}.
[I 2026-08-06 03:20:18,836] Trial 1139 finished with values: [10.507175023778196, 10.507175023778196] and parameters: {'k1': 0.0030285741098956273, 'D_low': 3.7322156377670694, 'k2': 0.00014001191914113747, 'D_high': 35.11445258128688, 'fire_exp': 1.0881360604103363, 'P_half': 25.255166452944085, 'pre_dampen_half': 36.876350096203005, 'gpp_af': 0.09145768948268033, 'gpp_b': 9.129138790726056e-05, 'gpp_d': 33.9790424311127, 'ign_k': 0.37424230019851973, 'ign_c': 6.807874826564585, 'gdp_gamma': 0.8585865290142173}.
[I 2026-08-06 03:20:20,229] Trial 1140 finished with values: [10.314614578552574, 10.314614578552574] and parameters: {'k1': 0.0030285741098956273, 'D_low': 148.10800730363493, 'k2': 0.00014001191914113747, 'D_high': 35.11445258128688, 'fire_exp': 1.0881360604103363, 'P_half': 4.933751600448339, 'pre_dampen_half': 2.031362225012909, 'gpp_af': 0.09145768948268033, 'gpp_b': 0.004215504256370331, 'gpp_d': 331.7366635899375, 'ign_k': 9.226223582279749, 'ign_c': 0.6615437365561385, 'gdp_gamma': 1.8068697350278546}.
[I 2026-08-06 03:20:21,475] Trial 1141 finished with values: [10.709521761353916, 10.709521761353916] and parameters: {'k1': 0.0029690870944846805, 'D_low': 376.7022142229396, 'k2': 0.0007081721844034209, 'D_high': 2970.7920514735997, 'fire_exp': 1.0881360604103363, 'P_half': 10.226988730324324, 'pre_dampen_half': 8.904067307938409, 'gpp_af': 3.253305539860196, 'gpp_b': 0.02052499618703749, 'gpp_d': 0.011134176439329537, 'ign_k': 2.7728241828010627, 'ign_c': 0.9698743148715472, 'gdp_gamma': 1.8068697350278546}.
[I 2026-08-06 03:20:22,679] Trial 1142 finished with values: [10.218078965952326, 10.218078965952326] and parameters: {'k1': 0.0030285741098956273, 'D_low': 148.10800730363493, 'k2': 0.00014001191914113747, 'D_high': 22879.430573173642, 'fire_exp': 1.0881360604103363, 'P_half': 805.0945012618072, 'pre_dampen_half': 8.904067307938409, 'gpp_af': 91.00175265885827, 'gpp_b': 0.004215504256370331, 'gpp_d': 331.7366635899375, 'ign_k': 0.37424230019851973, 'ign_c': 22.126836566118193, 'gdp_gamma': 0.559652086128564}.
[I 2026-08-06 03:20:23,865] Trial 1143 finished with values: [10.3286635434236, 10.3286635434236] and parameters: {'k1': 0.0029690870944846805, 'D_low': 376.7022142229396, 'k2': 0.0007081721844034209, 'D_high': 35.11445258128688, 'fire_exp': 1.0881360604103363, 'P_half': 2.4929432851508837, 'pre_dampen_half': 8.904067307938409, 'gpp_af': 0.09145768948268033, 'gpp_b': 0.02052499618703749, 'gpp_d': 33.9790424311127, 'ign_k': 0.37424230019851973, 'ign_c': 1.3894673469237204, 'gdp_gamma': 1.8068697350278546}.
[I 2026-08-06 03:20:25,130] Trial 1144 finished with values: [10.800783354749264, 10.800783354749264] and parameters: {'k1': 0.0030285741098956273, 'D_low': 376.7022142229396, 'k2': 0.0007081721844034209, 'D_high': 5656.383208363878, 'fire_exp': 1.0881360604103363, 'P_half': 25.255166452944085, 'pre_dampen_half': 36.876350096203005, 'gpp_af': 0.09145768948268033, 'gpp_b': 0.0030742893625766146, 'gpp_d': 331.7366635899375, 'ign_k': 1.2021930484915047, 'ign_c': 0.6615437365561385, 'gdp_gamma': 1.8068697350278546}.
[I 2026-08-06 03:20:26,383] Trial 1145 finished with values: [11.21620854231515, 11.21620854231515] and parameters: {'k1': 2.9394634586259703e-05, 'D_low': 29.89885508829526, 'k2': 0.0007081721844034209, 'D_high': 2970.7920514735997, 'fire_exp': 1.0881360604103363, 'P_half': 25.255166452944085, 'pre_dampen_half': 66.7446265922751, 'gpp_af': 0.09145768948268033, 'gpp_b': 0.0030742893625766146, 'gpp_d': 189.88136301569827, 'ign_k': 2.7728241828010627, 'ign_c': 0.6615437365561385, 'gdp_gamma': 1.8068697350278546}.
[I 2026-08-06 03:20:27,962] Trial 1146 finished with values: [10.082537725327791, 10.082537725327791] and parameters: {'k1': 0.07579633113316123, 'D_low': 29.89885508829526, 'k2': 7.639737756882014e-05, 'D_high': 21863.563449420166, 'fire_exp': 1.5191397119156032, 'P_half': 1.2765717873951687, 'pre_dampen_half': 8.904067307938409, 'gpp_af': 0.05391752791214327, 'gpp_b': 0.0012070331879029856, 'gpp_d': 33.9790424311127, 'ign_k': 1.833717796770998, 'ign_c': 22.126836566118193, 'gdp_gamma': 1.8068697350278546}.
[I 2026-08-06 03:20:29,145] Trial 1147 finished with values: [10.768954142932929, 10.768954142932929] and parameters: {'k1': 0.00040362426153313315, 'D_low': 376.7022142229396, 'k2': 0.00020222983754231334, 'D_high': 2855.843069859749, 'fire_exp': 6.310604585713589, 'P_half': 25.255166452944085, 'pre_dampen_half': 8.904067307938409, 'gpp_af': 0.09145768948268033, 'gpp_b': 0.02052499618703749, 'gpp_d': 124.72235343584714, 'ign_k': 0.37424230019851973, 'ign_c': 11.77190025324203, 'gdp_gamma': 1.8068697350278546}.
[I 2026-08-06 03:20:30,392] Trial 1148 finished with values: [10.127239659538665, 10.127239659538665] and parameters: {'k1': 0.0030285741098956273, 'D_low': 376.7022142229396, 'k2': 0.0007081721844034209, 'D_high': 35.11445258128688, 'fire_exp': 1.0881360604103363, 'P_half': 10.226988730324324, 'pre_dampen_half': 36.876350096203005, 'gpp_af': 0.09145768948268033, 'gpp_b': 0.004215504256370331, 'gpp_d': 33.9790424311127, 'ign_k': 0.37424230019851973, 'ign_c': 6.807874826564585, 'gdp_gamma': 0.559652086128564}.
[I 2026-08-06 03:20:31,670] Trial 1149 finished with values: [10.181250962123585, 10.181250962123585] and parameters: {'k1': 0.0030285741098956273, 'D_low': 3.7322156377670694, 'k2': 0.00014001191914113747, 'D_high': 2842.140588732084, 'fire_exp': 2.066761381010117, 'P_half': 1.2765717873951687, 'pre_dampen_half': 36.876350096203005, 'gpp_af': 0.09145768948268033, 'gpp_b': 0.0030742893625766146, 'gpp_d': 331.7366635899375, 'ign_k': 0.37424230019851973, 'ign_c': 6.807874826564585, 'gdp_gamma': 1.8068697350278546}.
[I 2026-08-06 03:20:32,851] Trial 1150 finished with values: [10.610428665355156, 10.610428665355156] and parameters: {'k1': 0.0030285741098956273, 'D_low': 376.7022142229396, 'k2': 0.0007081721844034209, 'D_high': 35.11445258128688, 'fire_exp': 1.0881360604103363, 'P_half': 35.828811741825064, 'pre_dampen_half': 8.904067307938409, 'gpp_af': 0.010475582299145633, 'gpp_b': 0.02052499618703749, 'gpp_d': 124.72235343584714, 'ign_k': 0.37424230019851973, 'ign_c': 11.77190025324203, 'gdp_gamma': 1.8068697350278546}.
[I 2026-08-06 03:20:34,021] Trial 1151 finished with values: [-0.6154054479532315, 0.11309432250614881] and parameters: {'k1': 0.0016608858962356998, 'D_low': 376.7022142229396, 'k2': 0.0007081721844034209, 'D_high': 2970.7920514735997, 'fire_exp': 1.0881360604103363, 'P_half': 10.226988730324324, 'pre_dampen_half': 8.904067307938409, 'gpp_af': 0.09145768948268033, 'gpp_b': 0.004597283814159352, 'gpp_d': 33.9790424311127, 'ign_k': 0.37424230019851973, 'ign_c': 0.6615437365561385, 'gdp_gamma': 1.8068697350278546}.
[I 2026-08-06 03:20:35,236] Trial 1152 finished with values: [10.42026509900137, 10.42026509900137] and parameters: {'k1': 0.004377346027756646, 'D_low': 376.7022142229396, 'k2': 0.0007081721844034209, 'D_high': 35.11445258128688, 'fire_exp': 1.0881360604103363, 'P_half': 35.828811741825064, 'pre_dampen_half': 8.904067307938409, 'gpp_af': 0.09145768948268033, 'gpp_b': 0.02052499618703749, 'gpp_d': 33.9790424311127, 'ign_k': 0.37424230019851973, 'ign_c': 11.77190025324203, 'gdp_gamma': 1.8068697350278546}.
[I 2026-08-06 03:20:36,436] Trial 1153 finished with values: [10.749048721265117, 10.749048721265117] and parameters: {'k1': 0.0030285741098956273, 'D_low': 855.6283859854627, 'k2': 0.07119679541167405, 'D_high': 2842.140588732084, 'fire_exp': 1.0881360604103363, 'P_half': 35.828811741825064, 'pre_dampen_half': 5.593036834117395, 'gpp_af': 0.09145768948268033, 'gpp_b': 0.02052499618703749, 'gpp_d': 33.9790424311127, 'ign_k': 0.3521102994688841, 'ign_c': 29.10327084658222, 'gdp_gamma': 0.0041751808210373775}.
[I 2026-08-06 03:20:37,603] Trial 1154 finished with values: [-0.6090701095915231, 0.14395514567864154] and parameters: {'k1': 0.0030285741098956273, 'D_low': 148.10800730363493, 'k2': 0.00014001191914113747, 'D_high': 263.9600942396585, 'fire_exp': 1.0881360604103363, 'P_half': 4.933751600448339, 'pre_dampen_half': 36.876350096203005, 'gpp_af': 0.09145768948268033, 'gpp_b': 0.02052499618703749, 'gpp_d': 33.9790424311127, 'ign_k': 0.37424230019851973, 'ign_c': 1.3894673469237204, 'gdp_gamma': 1.8068697350278546}.
[I 2026-08-06 03:20:38,757] Trial 1155 finished with values: [-0.6259329058961667, 0.08244689820292272] and parameters: {'k1': 0.0030285741098956273, 'D_low': 148.10800730363493, 'k2': 0.0007081721844034209, 'D_high': 13651.08396565054, 'fire_exp': 1.0881360604103363, 'P_half': 25.255166452944085, 'pre_dampen_half': 8.904067307938409, 'gpp_af': 0.09145768948268033, 'gpp_b': 0.004597283814159352, 'gpp_d': 331.7366635899375, 'ign_k': 0.37424230019851973, 'ign_c': 22.126836566118193, 'gdp_gamma': 1.8068697350278546}.
[I 2026-08-06 03:20:39,930] Trial 1156 finished with values: [10.574472798564752, 10.574472798564752] and parameters: {'k1': 0.0030285741098956273, 'D_low': 148.10800730363493, 'k2': 0.0035383916966944323, 'D_high': 2970.7920514735997, 'fire_exp': 1.0881360604103363, 'P_half': 25.255166452944085, 'pre_dampen_half': 36.876350096203005, 'gpp_af': 0.09145768948268033, 'gpp_b': 0.02052499618703749, 'gpp_d': 33.9790424311127, 'ign_k': 0.4339260158221391, 'ign_c': 6.807874826564585, 'gdp_gamma': 1.8068697350278546}.
[I 2026-08-06 03:20:41,140] Trial 1157 finished with values: [-0.6019133838816738, 0.07356524905612749] and parameters: {'k1': 0.0030285741098956273, 'D_low': 148.10800730363493, 'k2': 0.00014001191914113747, 'D_high': 1647.8059113980214, 'fire_exp': 1.0121144225007492, 'P_half': 4.933751600448339, 'pre_dampen_half': 36.876350096203005, 'gpp_af': 0.09145768948268033, 'gpp_b': 0.004215504256370331, 'gpp_d': 331.7366635899375, 'ign_k': 0.37424230019851973, 'ign_c': 22.126836566118193, 'gdp_gamma': 0.559652086128564}.
[I 2026-08-06 03:20:42,359] Trial 1158 finished with values: [10.343625000734063, 10.343625000734063] and parameters: {'k1': 2.9394634586259703e-05, 'D_low': 376.7022142229396, 'k2': 0.0007081721844034209, 'D_high': 2970.7920514735997, 'fire_exp': 1.0881360604103363, 'P_half': 4.933751600448339, 'pre_dampen_half': 8.904067307938409, 'gpp_af': 0.09145768948268033, 'gpp_b': 0.0005623095666134974, 'gpp_d': 63.8195591901642, 'ign_k': 0.038791280730284435, 'ign_c': 0.6615437365561385, 'gdp_gamma': 0.0013078677830295812}.
[I 2026-08-06 03:20:43,496] Trial 1159 finished with values: [11.67435563250226, 11.67435563250226] and parameters: {'k1': 0.00376371746355754, 'D_low': 376.7022142229396, 'k2': 0.07119679541167405, 'D_high': 9614.68656386966, 'fire_exp': 1.0881360604103363, 'P_half': 6.455386366109263, 'pre_dampen_half': 617.1168441372629, 'gpp_af': 0.05391752791214327, 'gpp_b': 0.004597283814159352, 'gpp_d': 34.70266988650411, 'ign_k': 0.37424230019851973, 'ign_c': 11.77190025324203, 'gdp_gamma': 1.8068697350278546}.
[I 2026-08-06 03:20:44,618] Trial 1160 finished with values: [10.011551193491151, 10.011551193491151] and parameters: {'k1': 0.0030285741098956273, 'D_low': 376.7022142229396, 'k2': 0.0002963213920402737, 'D_high': 2970.7920514735997, 'fire_exp': 1.0881360604103363, 'P_half': 4.933751600448339, 'pre_dampen_half': 8.904067307938409, 'gpp_af': 3.253305539860196, 'gpp_b': 0.0009153552948098625, 'gpp_d': 33.9790424311127, 'ign_k': 2.7728241828010627, 'ign_c': 1.3894673469237204, 'gdp_gamma': 1.8068697350278546}.
[I 2026-08-06 03:20:45,803] Trial 1161 finished with values: [-0.6186838885137391, 0.09449840574017565] and parameters: {'k1': 0.03313724129972938, 'D_low': 30.956657914928517, 'k2': 0.0007081721844034209, 'D_high': 35.11445258128688, 'fire_exp': 1.0881360604103363, 'P_half': 35.828811741825064, 'pre_dampen_half': 36.876350096203005, 'gpp_af': 0.05391752791214327, 'gpp_b': 0.004597283814159352, 'gpp_d': 33.9790424311127, 'ign_k': 0.37424230019851973, 'ign_c': 11.77190025324203, 'gdp_gamma': 1.8068697350278546}.
[I 2026-08-06 03:20:46,982] Trial 1162 finished with values: [10.684323328149857, 10.684323328149857] and parameters: {'k1': 0.0030285741098956273, 'D_low': 376.7022142229396, 'k2': 0.0007081721844034209, 'D_high': 2842.140588732084, 'fire_exp': 1.173339909255743, 'P_half': 10.226988730324324, 'pre_dampen_half': 0.05551882314935149, 'gpp_af': 0.09145768948268033, 'gpp_b': 0.02052499618703749, 'gpp_d': 34.70266988650411, 'ign_k': 9.226223582279749, 'ign_c': 0.6615437365561385, 'gdp_gamma': 1.8068697350278546}.
[I 2026-08-06 03:20:48,529] Trial 1163 finished with values: [-0.6132090181663024, 0.12553603333537477] and parameters: {'k1': 0.0030285741098956273, 'D_low': 29.89885508829526, 'k2': 0.0007492772870670282, 'D_high': 2970.7920514735997, 'fire_exp': 1.4322493718230251, 'P_half': 25.255166452944085, 'pre_dampen_half': 8.904067307938409, 'gpp_af': 0.0337303678494449, 'gpp_b': 2.760453806101824e-05, 'gpp_d': 2.0564340380953867, 'ign_k': 0.37424230019851973, 'ign_c': 0.6615437365561385, 'gdp_gamma': 0.7366679513906507}.
[I 2026-08-06 03:20:49,667] Trial 1164 finished with values: [10.769230758260994, 10.769230758260994] and parameters: {'k1': 0.0016608858962356998, 'D_low': 30.956657914928517, 'k2': 0.0007081721844034209, 'D_high': 2855.843069859749, 'fire_exp': 7.527499959153801, 'P_half': 9668.015778295332, 'pre_dampen_half': 8.904067307938409, 'gpp_af': 0.09145768948268033, 'gpp_b': 0.0016212768557092609, 'gpp_d': 25.184822598549903, 'ign_k': 0.37424230019851973, 'ign_c': 11.77190025324203, 'gdp_gamma': 1.8068697350278546}.
[I 2026-08-06 03:20:50,960] Trial 1165 finished with values: [-0.6133635112849096, 0.05969523956029643] and parameters: {'k1': 0.07579633113316123, 'D_low': 29.89885508829526, 'k2': 4.484744524732793e-05, 'D_high': 21863.563449420166, 'fire_exp': 1.5191397119156032, 'P_half': 10.226988730324324, 'pre_dampen_half': 36.876350096203005, 'gpp_af': 0.05391752791214327, 'gpp_b': 0.0030742893625766146, 'gpp_d': 48.69745226446181, 'ign_k': 1.833717796770998, 'ign_c': 22.126836566118193, 'gdp_gamma': 0.7366679513906507}.
[I 2026-08-06 03:20:52,131] Trial 1166 finished with values: [10.71214309749769, 10.71214309749769] and parameters: {'k1': 0.07928164425547335, 'D_low': 376.7022142229396, 'k2': 0.00014001191914113747, 'D_high': 2842.140588732084, 'fire_exp': 2.066761381010117, 'P_half': 25.255166452944085, 'pre_dampen_half': 1.75006087139509, 'gpp_af': 0.09145768948268033, 'gpp_b': 0.004597283814159352, 'gpp_d': 34.70266988650411, 'ign_k': 0.37424230019851973, 'ign_c': 0.6615437365561385, 'gdp_gamma': 0.559652086128564}.
[I 2026-08-06 03:20:53,300] Trial 1167 finished with values: [-0.6149217618380044, 0.10129540238688628] and parameters: {'k1': 0.0030285741098956273, 'D_low': 376.7022142229396, 'k2': 0.07119679541167405, 'D_high': 2842.140588732084, 'fire_exp': 1.0881360604103363, 'P_half': 35.828811741825064, 'pre_dampen_half': 5.593036834117395, 'gpp_af': 3.253305539860196, 'gpp_b': 0.02052499618703749, 'gpp_d': 34.70266988650411, 'ign_k': 2.7728241828010627, 'ign_c': 0.6615437365561385, 'gdp_gamma': 1.8068697350278546}.
[I 2026-08-06 03:20:54,450] Trial 1168 finished with values: [10.572222715394691, 10.572222715394691] and parameters: {'k1': 0.0030285741098956273, 'D_low': 30.956657914928517, 'k2': 0.007731855924995678, 'D_high': 2970.7920514735997, 'fire_exp': 1.0881360604103363, 'P_half': 35.828811741825064, 'pre_dampen_half': 269.7608381628704, 'gpp_af': 0.09145768948268033, 'gpp_b': 0.02052499618703749, 'gpp_d': 33.9790424311127, 'ign_k': 0.37424230019851973, 'ign_c': 11.77190025324203, 'gdp_gamma': 0.0907104112538545}.
[I 2026-08-06 03:20:55,602] Trial 1169 finished with values: [-0.6191854384949286, 0.10636425106407754] and parameters: {'k1': 0.0030285741098956273, 'D_low': 376.7022142229396, 'k2': 0.0007081721844034209, 'D_high': 2970.7920514735997, 'fire_exp': 1.0881360604103363, 'P_half': 10.226988730324324, 'pre_dampen_half': 8.904067307938409, 'gpp_af': 0.09145768948268033, 'gpp_b': 0.00223436535646235, 'gpp_d': 33.9790424311127, 'ign_k': 0.37424230019851973, 'ign_c': 4.471851399162796, 'gdp_gamma': 1.8068697350278546}.
[I 2026-08-06 03:20:56,794] Trial 1170 finished with values: [10.583040895375667, 10.583040895375667] and parameters: {'k1': 0.0030285741098956273, 'D_low': 376.7022142229396, 'k2': 0.006059999467262206, 'D_high': 35.11445258128688, 'fire_exp': 1.0881360604103363, 'P_half': 35.828811741825064, 'pre_dampen_half': 8.904067307938409, 'gpp_af': 0.09145768948268033, 'gpp_b': 0.004597283814159352, 'gpp_d': 33.9790424311127, 'ign_k': 0.3521102994688841, 'ign_c': 11.77190025324203, 'gdp_gamma': 1.8068697350278546}.
[I 2026-08-06 03:20:57,975] Trial 1171 finished with values: [10.401091237997582, 10.401091237997582] and parameters: {'k1': 0.0030285741098956273, 'D_low': 376.7022142229396, 'k2': 0.0035383916966944323, 'D_high': 2970.7920514735997, 'fire_exp': 1.0881360604103363, 'P_half': 35.828811741825064, 'pre_dampen_half': 8.904067307938409, 'gpp_af': 3.253305539860196, 'gpp_b': 0.02052499618703749, 'gpp_d': 33.9790424311127, 'ign_k': 0.0010300849794948202, 'ign_c': 0.6615437365561385, 'gdp_gamma': 0.11098977933441471}.
[I 2026-08-06 03:20:59,141] Trial 1172 finished with values: [10.009894746250621, 10.009894746250621] and parameters: {'k1': 0.03313724129972938, 'D_low': 30.956657914928517, 'k2': 0.00014001191914113747, 'D_high': 2855.843069859749, 'fire_exp': 1.0881360604103363, 'P_half': 10.226988730324324, 'pre_dampen_half': 3.640068899312672, 'gpp_af': 3.253305539860196, 'gpp_b': 0.0030742893625766146, 'gpp_d': 25.184822598549903, 'ign_k': 0.37424230019851973, 'ign_c': 11.77190025324203, 'gdp_gamma': 0.559652086128564}.
[I 2026-08-06 03:21:00,292] Trial 1173 finished with values: [10.214899941738656, 10.214899941738656] and parameters: {'k1': 2.9394634586259703e-05, 'D_low': 376.7022142229396, 'k2': 0.0007081721844034209, 'D_high': 35.11445258128688, 'fire_exp': 1.0881360604103363, 'P_half': 10.226988730324324, 'pre_dampen_half': 8.904067307938409, 'gpp_af': 0.09145768948268033, 'gpp_b': 0.0005623095666134974, 'gpp_d': 331.7366635899375, 'ign_k': 0.038791280730284435, 'ign_c': 0.6615437365561385, 'gdp_gamma': 1.8068697350278546}.
[I 2026-08-06 03:21:01,478] Trial 1174 finished with values: [-0.6189980441350028, 0.12247838569535485] and parameters: {'k1': 0.0030285741098956273, 'D_low': 376.7022142229396, 'k2': 0.0007081721844034209, 'D_high': 2970.7920514735997, 'fire_exp': 1.0881360604103363, 'P_half': 35.828811741825064, 'pre_dampen_half': 8.904067307938409, 'gpp_af': 0.09145768948268033, 'gpp_b': 0.0013581822883038843, 'gpp_d': 33.9790424311127, 'ign_k': 0.37424230019851973, 'ign_c': 0.6615437365561385, 'gdp_gamma': 1.8068697350278546}.
[I 2026-08-06 03:21:02,663] Trial 1175 finished with values: [10.031700276456265, 10.031700276456265] and parameters: {'k1': 0.0030285741098956273, 'D_low': 30.956657914928517, 'k2': 0.0007081721844034209, 'D_high': 15024.129734649197, 'fire_exp': 1.0881360604103363, 'P_half': 35.828811741825064, 'pre_dampen_half': 8.904067307938409, 'gpp_af': 0.05391752791214327, 'gpp_b': 0.0749660927540677, 'gpp_d': 33.9790424311127, 'ign_k': 0.37424230019851973, 'ign_c': 0.6615437365561385, 'gdp_gamma': 1.8068697350278546}.
