[I 2026-08-05 23:42:14,028] Trial 195 finished with values: [10.2600450453532, 10.2600450453532] and parameters: {'k1': 0.0026651167490553537, 'D_low': 1.0883991813938128, 'k2': 1.1184534120760473e-05, 'D_high': 6455.595882939566, 'fire_exp': 1.0117229084672894, 'P_half': 4.397766894483963, 'pre_dampen_half': 5.542030950268268, 'gpp_af': 2.8805537835688413, 'gpp_b': 0.0025416076006960116, 'gpp_d': 368.30088529547436, 'ign_k': 0.11101191524846071, 'ign_c': 0.8891936446296247}.
[I 2026-08-05 23:42:15,151] Trial 196 finished with values: [11.713214770841859, 11.713214770841859] and parameters: {'k1': 0.0029707920514735983, 'D_low': 2.1234210963705626, 'k2': 1.1184534120760473e-05, 'D_high': 75773.14388518519, 'fire_exp': 1.1670151053031461, 'P_half': 24.136213194527585, 'pre_dampen_half': 107.40052367919465, 'gpp_af': 29.925002022877802, 'gpp_b': 3.228689523591491e-05, 'gpp_d': 857.4284557962634, 'ign_k': 0.03141110271934876, 'ign_c': 6.160975294741436}.
[I 2026-08-05 23:42:16,243] Trial 197 finished with values: [10.492561237575366, 10.492561237575366] and parameters: {'k1': 0.00023134781612225627, 'D_low': 2.843767489444367, 'k2': 0.0499774937030317, 'D_high': 32311.521854410956, 'fire_exp': 1.3614924220931135, 'P_half': 5.317919272807934, 'pre_dampen_half': 8.226361776146092, 'gpp_af': 22.766850248686247, 'gpp_b': 0.1676789742547917, 'gpp_d': 40.863415094409035, 'ign_k': 0.002357279455676982, 'ign_c': 0.11433485956638717}.
[I 2026-08-05 23:42:17,334] Trial 198 finished with values: [10.769159418954052, 10.769159418954052] and parameters: {'k1': 0.002407354618388189, 'D_low': 175.2878790340412, 'k2': 0.0499774937030317, 'D_high': 32311.521854410956, 'fire_exp': 1.811096651915224, 'P_half': 51.10120656497163, 'pre_dampen_half': 36.876350096203005, 'gpp_af': 0.5970408652384318, 'gpp_b': 4.038332634638232, 'gpp_d': 0.1619054449471649, 'ign_k': 0.002357279455676982, 'ign_c': 0.11433485956638717}.
[I 2026-08-05 23:42:18,361] Trial 199 finished with values: [10.768051504526978, 10.768051504526978] and parameters: {'k1': 0.0029707920514735983, 'D_low': 48.495138318533286, 'k2': 0.03210808548911189, 'D_high': 411.0848435021235, 'fire_exp': 1.3614924220931135, 'P_half': 93.34064019986363, 'pre_dampen_half': 290.642121800538, 'gpp_af': 4.095062894476692, 'gpp_b': 0.1676789742547917, 'gpp_d': 857.4284557962634, 'ign_k': 0.03141110271934876, 'ign_c': 186.11194462546783}.
[I 2026-08-05 23:42:19,373] Trial 200 finished with values: [10.757185543965296, 10.757185543965296] and parameters: {'k1': 0.00023134781612225627, 'D_low': 4.051452710153359, 'k2': 3.5917714215176105e-05, 'D_high': 9769.756791866093, 'fire_exp': 2.196935728020977, 'P_half': 436.4516946807792, 'pre_dampen_half': 121.93011993958949, 'gpp_af': 0.5970408652384318, 'gpp_b': 0.1676789742547917, 'gpp_d': 40.863415094409035, 'ign_k': 0.002357279455676982, 'ign_c': 0.11433485956638717}.
[I 2026-08-05 23:42:20,432] Trial 201 finished with values: [10.712016558550415, 10.712016558550415] and parameters: {'k1': 0.00010906709195141875, 'D_low': 9.330007965781027, 'k2': 0.00011939136672856547, 'D_high': 267.3088310781672, 'fire_exp': 1.0473002272689056, 'P_half': 19.4230157499841, 'pre_dampen_half': 0.7915202694013532, 'gpp_af': 10.25616274847308, 'gpp_b': 2.800940363375676e-05, 'gpp_d': 0.19476644406315288, 'ign_k': 0.0048255892187380085, 'ign_c': 0.6235377135673155}.
[I 2026-08-05 23:42:21,508] Trial 202 finished with values: [11.278299046380933, 11.278299046380933] and parameters: {'k1': 0.04897760278488444, 'D_low': 2.458603276328005, 'k2': 0.0004381141781653133, 'D_high': 85018.70149611714, 'fire_exp': 1.2943117749495199, 'P_half': 39.03214299767183, 'pre_dampen_half': 703.6426675556048, 'gpp_af': 0.8942824595236101, 'gpp_b': 0.011750724729953272, 'gpp_d': 34.37107943937136, 'ign_k': 0.01474275315991467, 'ign_c': 47.268615251255675}.
[I 2026-08-05 23:42:22,582] Trial 203 finished with values: [-0.4786408167399724, 0.11530257497075647] and parameters: {'k1': 0.002971796631657383, 'D_low': 29.89885508829526, 'k2': 4.763991596630584e-05, 'D_high': 1687.3495104568947, 'fire_exp': 1.0881360604103363, 'P_half': 10.226988730324324, 'pre_dampen_half': 14.689898077648792, 'gpp_af': 29.925002022877802, 'gpp_b': 0.011750724729953272, 'gpp_d': 891.8036602897795, 'ign_k': 0.0026834162496848666, 'ign_c': 6.160975294741436}.
[I 2026-08-05 23:42:23,624] Trial 204 finished with values: [10.089799802254012, 10.089799802254012] and parameters: {'k1': 0.002971796631657383, 'D_low': 4.051452710153359, 'k2': 0.00038791280730284417, 'D_high': 75773.14388518519, 'fire_exp': 1.1670151053031461, 'P_half': 10.226988730324324, 'pre_dampen_half': 703.6426675556048, 'gpp_af': 29.925002022877802, 'gpp_b': 0.10123867001105968, 'gpp_d': 5.878566318396007, 'ign_k': 0.4702627143647234, 'ign_c': 6.160975294741436}.
[I 2026-08-05 23:42:24,668] Trial 205 finished with values: [10.749625183114436, 10.749625183114436] and parameters: {'k1': 0.021368329072358756, 'D_low': 7.068974950624602, 'k2': 3.5917714215176105e-05, 'D_high': 411.0848435021235, 'fire_exp': 1.3614924220931135, 'P_half': 24.136213194527585, 'pre_dampen_half': 1.4445251022763053, 'gpp_af': 0.010590622233713298, 'gpp_b': 0.00040586522768905076, 'gpp_d': 0.07271087249685712, 'ign_k': 0.014879588507790004, 'ign_c': 2.92043384718141}.
[I 2026-08-05 23:42:25,726] Trial 206 finished with values: [10.620770918050704, 10.620770918050704] and parameters: {'k1': 0.002971796631657383, 'D_low': 74.92772870670282, 'k2': 0.0007081721844034209, 'D_high': 949.9072859745386, 'fire_exp': 1.0881360604103363, 'P_half': 1627.0983114897251, 'pre_dampen_half': 53.73093479067421, 'gpp_af': 29.925002022877802, 'gpp_b': 0.011750724729953272, 'gpp_d': 13.205186500450395, 'ign_k': 0.0026834162496848666, 'ign_c': 298.123706972088}.
[I 2026-08-05 23:42:26,820] Trial 207 finished with values: [10.633676536194557, 10.633676536194557] and parameters: {'k1': 2.0937989739527727e-05, 'D_low': 125.32726386250698, 'k2': 0.02065142557895925, 'D_high': 4508.240502480678, 'fire_exp': 1.2943117749495199, 'P_half': 63.585411411994926, 'pre_dampen_half': 5.542030950268268, 'gpp_af': 0.1114444027132275, 'gpp_b': 2.800940363375676e-05, 'gpp_d': 368.30088529547436, 'ign_k': 0.7058572590901792, 'ign_c': 10.140635645866492}.
[I 2026-08-05 23:42:27,895] Trial 208 finished with values: [10.468636247563385, 10.468636247563385] and parameters: {'k1': 0.021368329072358756, 'D_low': 730.952095351094, 'k2': 0.0001870742013766025, 'D_high': 411.0848435021235, 'fire_exp': 1.1670151053031461, 'P_half': 10.226988730324324, 'pre_dampen_half': 36.876350096203005, 'gpp_af': 29.925002022877802, 'gpp_b': 1.1008110571039521e-05, 'gpp_d': 0.11609694921678075, 'ign_k': 0.01474275315991467, 'ign_c': 16.150602315370207}.
[I 2026-08-05 23:42:28,998] Trial 209 finished with values: [10.617284964443614, 10.617284964443614] and parameters: {'k1': 0.002407354618388189, 'D_low': 29.89885508829526, 'k2': 0.0499774937030317, 'D_high': 32311.521854410956, 'fire_exp': 2.2881850891698634, 'P_half': 10.226988730324324, 'pre_dampen_half': 111.37963167994629, 'gpp_af': 5.511863475708366, 'gpp_b': 0.011750724729953272, 'gpp_d': 0.1619054449471649, 'ign_k': 0.002357279455676982, 'ign_c': 8.671454322584175}.
[I 2026-08-05 23:42:30,077] Trial 210 finished with values: [10.503040666335052, 10.503040666335052] and parameters: {'k1': 7.841214856323651e-05, 'D_low': 918.4900818511542, 'k2': 1.1184534120760473e-05, 'D_high': 6455.595882939566, 'fire_exp': 1.1044852285094786, 'P_half': 215.55950571043874, 'pre_dampen_half': 111.37963167994629, 'gpp_af': 11.234842109991876, 'gpp_b': 5.9297350775555, 'gpp_d': 368.30088529547436, 'ign_k': 0.11101191524846071, 'ign_c': 10.140635645866492}.
[I 2026-08-05 23:42:31,166] Trial 211 finished with values: [10.482522140242095, 10.482522140242095] and parameters: {'k1': 0.0029707920514735983, 'D_low': 2.458603276328005, 'k2': 0.0005552724374419548, 'D_high': 6366.1449945522045, 'fire_exp': 1.3614924220931135, 'P_half': 95.65499215943822, 'pre_dampen_half': 59.66041614891413, 'gpp_af': 35.20481045526041, 'gpp_b': 0.1676789742547917, 'gpp_d': 1.105785410092522, 'ign_k': 0.03141110271934876, 'ign_c': 1.5061320080433496}.
[I 2026-08-05 23:42:32,274] Trial 212 finished with values: [-0.4966360139223383, 0.11835851660165664] and parameters: {'k1': 2.0937989739527727e-05, 'D_low': 125.32726386250698, 'k2': 0.0004381141781653133, 'D_high': 7744.80118512745, 'fire_exp': 1.182396148413737, 'P_half': 24.136213194527585, 'pre_dampen_half': 304.7488318185732, 'gpp_af': 0.0025511964576171086, 'gpp_b': 3.228689523591491e-05, 'gpp_d': 857.4284557962634, 'ign_k': 0.03141110271934876, 'ign_c': 47.268615251255675}.
[I 2026-08-05 23:42:33,351] Trial 213 finished with values: [10.76922741705113, 10.76922741705113] and parameters: {'k1': 0.00324789183891923, 'D_low': 2.1234210963705626, 'k2': 3.5917714215176105e-05, 'D_high': 8241.92526487646, 'fire_exp': 8.880824892701195, 'P_half': 24.136213194527585, 'pre_dampen_half': 65.77017096798056, 'gpp_af': 5.511863475708366, 'gpp_b': 3.481277316673104e-05, 'gpp_d': 150.14555442537656, 'ign_k': 0.03033111747878116, 'ign_c': 8.671454322584175}.
[I 2026-08-05 23:42:34,399] Trial 214 finished with values: [10.03697282127576, 10.03697282127576] and parameters: {'k1': 3.634567200581791e-05, 'D_low': 29.89885508829526, 'k2': 3.5917714215176105e-05, 'D_high': 949.9072859745386, 'fire_exp': 1.0881360604103363, 'P_half': 24.136213194527585, 'pre_dampen_half': 53.73093479067421, 'gpp_af': 21.995805943313187, 'gpp_b': 0.011750724729953272, 'gpp_d': 4.5768578731086835, 'ign_k': 0.0026834162496848666, 'ign_c': 6.160975294741436}.
[I 2026-08-05 23:42:35,602] Trial 215 finished with values: [10.807283764824438, 10.807283764824438] and parameters: {'k1': 0.0026651167490553537, 'D_low': 2.1234210963705626, 'k2': 0.031211489608802344, 'D_high': 48249.14281180252, 'fire_exp': 1.0117229084672894, 'P_half': 12.808863354047988, 'pre_dampen_half': 107.40052367919465, 'gpp_af': 5.511863475708366, 'gpp_b': 0.00012797528816608022, 'gpp_d': 0.11136446029400991, 'ign_k': 0.03033111747878116, 'ign_c': 8.671454322584175}.
[I 2026-08-05 23:42:36,690] Trial 216 finished with values: [10.012622190553367, 10.012622190553367] and parameters: {'k1': 0.00324789183891923, 'D_low': 2.1234210963705626, 'k2': 1.1184534120760473e-05, 'D_high': 6455.595882939566, 'fire_exp': 1.1044852285094786, 'P_half': 215.55950571043874, 'pre_dampen_half': 107.40052367919465, 'gpp_af': 13.560863064135962, 'gpp_b': 0.0025416076006960116, 'gpp_d': 2.736251365128462, 'ign_k': 0.03604182012888638, 'ign_c': 8.671454322584175}.
[I 2026-08-05 23:42:37,969] Trial 217 finished with values: [10.732895636239434, 10.732895636239434] and parameters: {'k1': 0.015602015889668856, 'D_low': 1545.9002347088401, 'k2': 0.00038791280730284417, 'D_high': 85018.70149611714, 'fire_exp': 1.5201277403788451, 'P_half': 39.03214299767183, 'pre_dampen_half': 703.6426675556048, 'gpp_af': 29.700320404259642, 'gpp_b': 0.10123867001105968, 'gpp_d': 0.09548041810464164, 'ign_k': 0.4702627143647234, 'ign_c': 3.0378658251922155}.
[I 2026-08-05 23:42:39,024] Trial 218 finished with values: [10.1555936908914, 10.1555936908914] and parameters: {'k1': 0.021368329072358756, 'D_low': 918.4900818511542, 'k2': 0.0001870742013766025, 'D_high': 6455.595882939566, 'fire_exp': 1.1044852285094786, 'P_half': 1.3035590385085063, 'pre_dampen_half': 111.37963167994629, 'gpp_af': 20.12115544906385, 'gpp_b': 0.6296968715955544, 'gpp_d': 368.30088529547436, 'ign_k': 0.11101191524846071, 'ign_c': 0.773448215664679}.
[I 2026-08-05 23:42:40,079] Trial 219 finished with values: [10.087151765306134, 10.087151765306134] and parameters: {'k1': 7.841214856323651e-05, 'D_low': 50.217376233895635, 'k2': 1.1184534120760473e-05, 'D_high': 6455.595882939566, 'fire_exp': 1.1044852285094786, 'P_half': 215.55950571043874, 'pre_dampen_half': 111.37963167994629, 'gpp_af': 11.234842109991876, 'gpp_b': 0.0025416076006960116, 'gpp_d': 368.30088529547436, 'ign_k': 0.11101191524846071, 'ign_c': 10.140635645866492}.
[I 2026-08-05 23:42:41,135] Trial 220 finished with values: [10.757485406494123, 10.757485406494123] and parameters: {'k1': 0.002971796631657383, 'D_low': 2.458603276328005, 'k2': 0.0004381141781653133, 'D_high': 233.52156626184438, 'fire_exp': 1.0881360604103363, 'P_half': 10.226988730324324, 'pre_dampen_half': 36.876350096203005, 'gpp_af': 35.20481045526041, 'gpp_b': 0.7987896438549947, 'gpp_d': 0.11136446029400991, 'ign_k': 0.0026834162496848666, 'ign_c': 6.160975294741436}.
[I 2026-08-05 23:42:42,207] Trial 221 finished with values: [-0.47358355429345184, 0.08438207918580942] and parameters: {'k1': 0.016973078532467004, 'D_low': 29.89885508829526, 'k2': 0.0007081721844034209, 'D_high': 85018.70149611714, 'fire_exp': 1.2943117749495199, 'P_half': 39.03214299767183, 'pre_dampen_half': 303.1650219733388, 'gpp_af': 29.925002022877802, 'gpp_b': 0.7987896438549947, 'gpp_d': 4.5768578731086835, 'ign_k': 0.0026834162496848666, 'ign_c': 0.11433485956638717}.
[I 2026-08-05 23:42:43,352] Trial 222 finished with values: [10.525003221200134, 10.525003221200134] and parameters: {'k1': 0.03232155805617897, 'D_low': 918.4900818511542, 'k2': 0.006138509947844854, 'D_high': 3660.150802571655, 'fire_exp': 1.5201277403788451, 'P_half': 39.03214299767183, 'pre_dampen_half': 703.6426675556048, 'gpp_af': 11.234842109991876, 'gpp_b': 1.5938003265859821, 'gpp_d': 39.827466658711515, 'ign_k': 0.017654048052495083, 'ign_c': 10.140635645866492}.
[I 2026-08-05 23:42:44,455] Trial 223 finished with values: [10.65184213145864, 10.65184213145864] and parameters: {'k1': 0.002971796631657383, 'D_low': 1.2299210465793122, 'k2': 0.031211489608802344, 'D_high': 8241.92526487646, 'fire_exp': 1.0881360604103363, 'P_half': 11.877073321543955, 'pre_dampen_half': 0.6199100007802261, 'gpp_af': 0.5107061330406066, 'gpp_b': 0.00011783328148730701, 'gpp_d': 13.076473382928533, 'ign_k': 0.03033111747878116, 'ign_c': 8.671454322584175}.
[I 2026-08-05 23:42:45,531] Trial 224 finished with values: [10.623988881132506, 10.623988881132506] and parameters: {'k1': 0.021368329072358756, 'D_low': 4.075267974954964, 'k2': 0.0004381141781653133, 'D_high': 27.55546207779663, 'fire_exp': 1.182396148413737, 'P_half': 39.03214299767183, 'pre_dampen_half': 7.6110013825922485, 'gpp_af': 20.12115544906385, 'gpp_b': 3.228689523591491e-05, 'gpp_d': 3.57879245350232, 'ign_k': 0.03141110271934876, 'ign_c': 34.19108473554449}.
[I 2026-08-05 23:42:46,620] Trial 225 finished with values: [10.123959483020089, 10.123959483020089] and parameters: {'k1': 0.0029707920514735983, 'D_low': 125.32726386250698, 'k2': 3.5917714215176105e-05, 'D_high': 7744.80118512745, 'fire_exp': 1.182396148413737, 'P_half': 10.753522341516506, 'pre_dampen_half': 703.6426675556048, 'gpp_af': 0.0025511964576171086, 'gpp_b': 3.228689523591491e-05, 'gpp_d': 0.04974854350453755, 'ign_k': 0.03141110271934876, 'ign_c': 47.268615251255675}.
[I 2026-08-05 23:42:47,711] Trial 226 finished with values: [-0.4707872210073768, 0.12015695450499353] and parameters: {'k1': 0.016973078532467004, 'D_low': 18.522006003174383, 'k2': 0.0001870742013766025, 'D_high': 411.0848435021235, 'fire_exp': 1.010722707674549, 'P_half': 608.3019192425825, 'pre_dampen_half': 59.66041614891413, 'gpp_af': 22.766850248686247, 'gpp_b': 0.6637926838138378, 'gpp_d': 891.8036602897795, 'ign_k': 3.7173717478250508, 'ign_c': 0.11433485956638717}.
[I 2026-08-05 23:42:48,846] Trial 227 finished with values: [-0.5548709719591293, 0.14772430979073226] and parameters: {'k1': 0.00324789183891923, 'D_low': 2.458603276328005, 'k2': 0.0004381141781653133, 'D_high': 48249.14281180252, 'fire_exp': 1.151006986743773, 'P_half': 12.808863354047988, 'pre_dampen_half': 703.6426675556048, 'gpp_af': 35.20481045526041, 'gpp_b': 0.7987896438549947, 'gpp_d': 149.50343942182866, 'ign_k': 0.03033111747878116, 'ign_c': 47.268615251255675}.
[I 2026-08-05 23:42:49,938] Trial 228 finished with values: [-0.5099281964056, 0.17221989567541895] and parameters: {'k1': 0.0017320535908244437, 'D_low': 7.068974950624602, 'k2': 1.1184534120760473e-05, 'D_high': 3660.150802571655, 'fire_exp': 1.1044852285094786, 'P_half': 10.226988730324324, 'pre_dampen_half': 36.876350096203005, 'gpp_af': 83.56239973758213, 'gpp_b': 8.539677611488478e-05, 'gpp_d': 4.25060659305504, 'ign_k': 0.01474275315991467, 'ign_c': 14.810800730363484}.
[I 2026-08-05 23:42:51,043] Trial 229 finished with values: [10.752832408941625, 10.752832408941625] and parameters: {'k1': 0.02714257255218683, 'D_low': 918.4900818511542, 'k2': 4.860905111373887e-05, 'D_high': 75773.14388518519, 'fire_exp': 1.1044852285094786, 'P_half': 215.55950571043874, 'pre_dampen_half': 1.4445251022763053, 'gpp_af': 0.028585493941961918, 'gpp_b': 0.0025416076006960116, 'gpp_d': 368.30088529547436, 'ign_k': 0.01474275315991467, 'ign_c': 10.140635645866492}.
[I 2026-08-05 23:42:52,129] Trial 230 finished with values: [10.74218886439208, 10.74218886439208] and parameters: {'k1': 0.016973078532467004, 'D_low': 175.2878790340412, 'k2': 0.00012280874862135373, 'D_high': 411.0848435021235, 'fire_exp': 1.3614924220931135, 'P_half': 51.10120656497163, 'pre_dampen_half': 59.66041614891413, 'gpp_af': 20.12115544906385, 'gpp_b': 4.038332634638232, 'gpp_d': 3.57879245350232, 'ign_k': 0.0035114452581286888, 'ign_c': 0.11433485956638717}.
[I 2026-08-05 23:42:53,301] Trial 231 finished with values: [10.769133358630093, 10.769133358630093] and parameters: {'k1': 0.03232155805617897, 'D_low': 918.4900818511542, 'k2': 1.1184534120760473e-05, 'D_high': 6455.595882939566, 'fire_exp': 2.2881850891698634, 'P_half': 14.94057723907974, 'pre_dampen_half': 0.6199100007802261, 'gpp_af': 11.234842109991876, 'gpp_b': 0.0024194895091734425, 'gpp_d': 5.878566318396007, 'ign_k': 0.11101191524846071, 'ign_c': 8.671454322584175}.
[I 2026-08-05 23:42:54,412] Trial 232 finished with values: [10.05475354716462, 10.05475354716462] and parameters: {'k1': 1.1845753911529365e-05, 'D_low': 4.051452710153359, 'k2': 0.00038791280730284417, 'D_high': 9769.756791866093, 'fire_exp': 1.3614924220931135, 'P_half': 10.226988730324324, 'pre_dampen_half': 303.1650219733388, 'gpp_af': 37.28155624293858, 'gpp_b': 0.10123867001105968, 'gpp_d': 4.5768578731086835, 'ign_k': 0.4702627143647234, 'ign_c': 0.11433485956638717}.
[I 2026-08-05 23:42:55,481] Trial 233 finished with values: [10.212778192348674, 10.212778192348674] and parameters: {'k1': 0.002971796631657383, 'D_low': 7.068974950624602, 'k2': 3.5917714215176105e-05, 'D_high': 29.580419692843236, 'fire_exp': 1.5201277403788451, 'P_half': 24.136213194527585, 'pre_dampen_half': 304.7488318185732, 'gpp_af': 0.47739011308437823, 'gpp_b': 0.028780534359197463, 'gpp_d': 5.878566318396007, 'ign_k': 0.019192001101561888, 'ign_c': 1.24801809651176}.
[I 2026-08-05 23:42:56,553] Trial 234 finished with values: [10.387600575391708, 10.387600575391708] and parameters: {'k1': 0.02714257255218683, 'D_low': 164.70698221724317, 'k2': 0.00011939136672856547, 'D_high': 6455.595882939566, 'fire_exp': 1.1044852285094786, 'P_half': 403.3495283157659, 'pre_dampen_half': 36.876350096203005, 'gpp_af': 0.04339970334001348, 'gpp_b': 0.0025416076006960116, 'gpp_d': 4.5768578731086835, 'ign_k': 0.03604182012888638, 'ign_c': 10.140635645866492}.
[I 2026-08-05 23:42:57,619] Trial 235 finished with values: [10.7678551234846, 10.7678551234846] and parameters: {'k1': 0.0029707920514735983, 'D_low': 2084.3335294724207, 'k2': 0.03210808548911189, 'D_high': 411.0848435021235, 'fire_exp': 1.3614924220931135, 'P_half': 93.34064019986363, 'pre_dampen_half': 304.7488318185732, 'gpp_af': 4.095062894476692, 'gpp_b': 0.00017319192149311345, 'gpp_d': 857.4284557962634, 'ign_k': 0.03141110271934876, 'ign_c': 3.0378658251922155}.
[I 2026-08-05 23:42:58,816] Trial 236 finished with values: [10.513241179369626, 10.513241179369626] and parameters: {'k1': 0.004579192310322934, 'D_low': 1.1065812688893482, 'k2': 3.5917714215176105e-05, 'D_high': 7744.80118512745, 'fire_exp': 2.4685680709443356, 'P_half': 24.136213194527585, 'pre_dampen_half': 304.7488318185732, 'gpp_af': 0.005618069878716736, 'gpp_b': 3.395900933162749e-05, 'gpp_d': 0.09548041810464164, 'ign_k': 0.031134168041628628, 'ign_c': 0.3528113274684997}.
[I 2026-08-05 23:42:59,926] Trial 237 finished with values: [-0.45355308007211603, 0.12049433620214334] and parameters: {'k1': 0.03232155805617897, 'D_low': 29.89885508829526, 'k2': 0.0499774937030317, 'D_high': 6455.595882939566, 'fire_exp': 1.811096651915224, 'P_half': 10.226988730324324, 'pre_dampen_half': 111.37963167994629, 'gpp_af': 11.234842109991876, 'gpp_b': 1.5938003265859821, 'gpp_d': 368.30088529547436, 'ign_k': 0.002357279455676982, 'ign_c': 10.140635645866492}.
[I 2026-08-05 23:43:01,057] Trial 238 finished with values: [10.769230768838547, 10.769230768838547] and parameters: {'k1': 0.03232155805617897, 'D_low': 918.4900818511542, 'k2': 0.031211489608802344, 'D_high': 267.3088310781672, 'fire_exp': 7.943623315519552, 'P_half': 63.585411411994926, 'pre_dampen_half': 703.6426675556048, 'gpp_af': 10.25616274847308, 'gpp_b': 0.00011783328148730701, 'gpp_d': 0.19476644406315288, 'ign_k': 0.03033111747878116, 'ign_c': 313.01151188508345}.
[I 2026-08-05 23:43:02,148] Trial 239 finished with values: [10.476354269878835, 10.476354269878835] and parameters: {'k1': 2.0937989739527727e-05, 'D_low': 125.32726386250698, 'k2': 0.0001870742013766025, 'D_high': 267.3088310781672, 'fire_exp': 1.3614924220931135, 'P_half': 63.585411411994926, 'pre_dampen_half': 703.6426675556048, 'gpp_af': 20.12115544906385, 'gpp_b': 2.800940363375676e-05, 'gpp_d': 0.19476644406315288, 'ign_k': 0.0467351899956275, 'ign_c': 0.773448215664679}.
