[I 2026-08-20 00:27:56,061] Trial 680 finished with value: -0.5724005950577856 and parameters: {'k1': 0.024272389354961506, 'D_low': 8.059703255556785, 'k2': 0.0003723067529505712, 'D_high': 5257149.736378334, 'fire_exp': 2.092779063054519, 'P_half': 103.14026123046227, 'pre_dampen_half': 31.78346574200991, 'gpp_af': 28.720758125659998, 'gpp_b': 4.121751539362878, 'gpp_d': 364.1583603908686, 'ign_k': 0.2607421844833163, 'ign_c': 13.279028235990541, 'trop_agb_crit': 28.227533561137115, 'trop_k_veg': 1.5897573411394517}. Best is trial 0 with value: -0.5989088506199346.
[I 2026-08-20 00:27:57,913] Trial 681 finished with value: 0.5372253165667059 and parameters: {'k1': 0.0014333702107003122, 'D_low': 1.2726251362824388, 'k2': 4.3385474614005505e-05, 'D_high': 714350.9605671018, 'fire_exp': 1.47274401409321, 'P_half': 422.9083159910478, 'pre_dampen_half': 0.06338009067964892, 'gpp_af': 0.047566868252357716, 'gpp_b': 0.00010454277920137872, 'gpp_d': 18.320729589206827, 'ign_k': 0.6080589771005845, 'ign_c': 2.5632616328118254, 'trop_agb_crit': 2.2834340703676124, 'trop_k_veg': 2.846705875495438}. Best is trial 0 with value: -0.5989088506199346.
[I 2026-08-20 00:27:59,899] Trial 682 finished with value: 0.46761560466413543 and parameters: {'k1': 0.030545962573701707, 'D_low': 13.04857632157016, 'k2': 9.442255807237364e-05, 'D_high': 957341.6260942712, 'fire_exp': 2.192263084345637, 'P_half': 257.8825809252818, 'pre_dampen_half': 5.230068018300538, 'gpp_af': 52.76804605890289, 'gpp_b': 2.0023539027649444, 'gpp_d': 530.5806041678578, 'ign_k': 0.5550691366757436, 'ign_c': 7.382645092810429, 'trop_agb_crit': 26.242151221295984, 'trop_k_veg': 1.65885384194246}. Best is trial 0 with value: -0.5989088506199346.
[I 2026-08-20 00:28:01,891] Trial 683 finished with value: -0.5756297673977093 and parameters: {'k1': 0.0002638399808803904, 'D_low': 8.578924854310618, 'k2': 2.7164693265006497e-05, 'D_high': 2158010.9016412054, 'fire_exp': 1.4191077090996196, 'P_half': 7.63636403514616, 'pre_dampen_half': 1.4330250978360741, 'gpp_af': 0.023312611338772285, 'gpp_b': 4.272984500363116e-05, 'gpp_d': 0.07540646079773347, 'ign_k': 0.19506768169674438, 'ign_c': 1.7924281837010683, 'trop_agb_crit': 2.3636115318491506, 'trop_k_veg': 2.966178158261163}. Best is trial 0 with value: -0.5989088506199346.
[I 2026-08-20 00:28:03,887] Trial 684 finished with value: 0.5120521852814465 and parameters: {'k1': 0.026969654343260267, 'D_low': 3.1174297605087125, 'k2': 0.002599862209491067, 'D_high': 377124.49114060623, 'fire_exp': 1.5589331370777741, 'P_half': 75.34201259867642, 'pre_dampen_half': 4.159377955032559, 'gpp_af': 17.30578324023742, 'gpp_b': 0.9776092832946702, 'gpp_d': 153.92493393995807, 'ign_k': 0.05875068627286972, 'ign_c': 19.448436520523607, 'trop_agb_crit': 22.668098842402664, 'trop_k_veg': 1.1683199717427724}. Best is trial 0 with value: -0.5989088506199346.
[I 2026-08-20 00:28:05,967] Trial 685 finished with value: 0.5700486067284497 and parameters: {'k1': 0.000368712712593308, 'D_low': 4.155211440385742, 'k2': 1.5271463063141888e-05, 'D_high': 49188.53834849822, 'fire_exp': 1.7545056183259256, 'P_half': 224.0852594112197, 'pre_dampen_half': 2.9786978825972974, 'gpp_af': 0.013508374220824787, 'gpp_b': 0.0048943827476161895, 'gpp_d': 54.91640725332399, 'ign_k': 1.7176939295324174, 'ign_c': 11.847182583931687, 'trop_agb_crit': 6.6654635545894925, 'trop_k_veg': 4.027199601762841}. Best is trial 0 with value: -0.5989088506199346.
[I 2026-08-20 00:28:08,030] Trial 686 finished with value: 0.5599471982483109 and parameters: {'k1': 0.00024309959727479504, 'D_low': 54.48040702833032, 'k2': 1.164696399352611e-05, 'D_high': 5087571.606004323, 'fire_exp': 1.215155074002152, 'P_half': 69.51986519066396, 'pre_dampen_half': 2.0729614268107492, 'gpp_af': 0.0017508625664912829, 'gpp_b': 5.609727167772649e-05, 'gpp_d': 0.6097909515629722, 'ign_k': 0.15981808891842628, 'ign_c': 33.54412678843093, 'trop_agb_crit': 5.357681611983431, 'trop_k_veg': 7.889281248164822}. Best is trial 0 with value: -0.5989088506199346.
[I 2026-08-20 00:28:10,044] Trial 687 finished with value: 0.5818247793353011 and parameters: {'k1': 0.0010108363357795604, 'D_low': 2317.980690856497, 'k2': 0.00012269445065062176, 'D_high': 1931172.4475566158, 'fire_exp': 3.8515509807255883, 'P_half': 957.7290872914257, 'pre_dampen_half': 2.1438751002925227, 'gpp_af': 0.21819827306829825, 'gpp_b': 1.1047810613335714e-05, 'gpp_d': 19.483030599628922, 'ign_k': 0.1296859019281951, 'ign_c': 16.157730403240667, 'trop_agb_crit': 11.3279996293954, 'trop_k_veg': 2.4174695364648957}. Best is trial 0 with value: -0.5989088506199346.
[I 2026-08-20 00:28:13,040] Trial 688 finished with value: 0.6445374145881376 and parameters: {'k1': 0.0029763423600460324, 'D_low': 45.17545746998286, 'k2': 2.0878318918795085e-05, 'D_high': 539578.7226691459, 'fire_exp': 1.5769097374448535, 'P_half': 3930.100699057747, 'pre_dampen_half': 6.311031454318787, 'gpp_af': 0.0024650423136457463, 'gpp_b': 0.0008658901745477174, 'gpp_d': 111.68286651430851, 'ign_k': 1.4160884127024849, 'ign_c': 67.5277753984758, 'trop_agb_crit': 3.185824328813636, 'trop_k_veg': 1.5468710694245837}. Best is trial 0 with value: -0.5989088506199346.
[I 2026-08-20 00:28:15,134] Trial 689 finished with value: 0.4530611980495991 and parameters: {'k1': 0.0006081250689967305, 'D_low': 35.631289271257614, 'k2': 1.821028512698126e-05, 'D_high': 326068.55403805274, 'fire_exp': 1.1799212594275525, 'P_half': 11.523512420655363, 'pre_dampen_half': 16.657676030572578, 'gpp_af': 0.013246630340821717, 'gpp_b': 3.6803895744449114e-05, 'gpp_d': 0.06328334058190423, 'ign_k': 0.300211441596787, 'ign_c': 1.3675605166776559, 'trop_agb_crit': 2.419811989483819, 'trop_k_veg': 2.938848445125537}. Best is trial 0 with value: -0.5989088506199346.
[I 2026-08-20 00:28:17,260] Trial 690 finished with value: 0.5646530960260088 and parameters: {'k1': 0.024628065825129063, 'D_low': 177.0658904265509, 'k2': 0.0005798792517650599, 'D_high': 4433812.73560363, 'fire_exp': 4.799204442261319, 'P_half': 41.968338520774445, 'pre_dampen_half': 1.1799708950511127, 'gpp_af': 0.003066296537494634, 'gpp_b': 0.0010403139689339736, 'gpp_d': 6.85314832498481, 'ign_k': 1.318591658782572, 'ign_c': 0.5157501525851803, 'trop_agb_crit': 8.275604082017802, 'trop_k_veg': 7.036487804716455}. Best is trial 0 with value: -0.5989088506199346.
[I 2026-08-20 00:28:19,331] Trial 691 finished with value: 0.5268829379437816 and parameters: {'k1': 0.0005327635766212506, 'D_low': 65.74550726837799, 'k2': 1.7200038631980852e-05, 'D_high': 27363.25358547104, 'fire_exp': 1.0749068276599378, 'P_half': 1.7769903982023731, 'pre_dampen_half': 2.828770086334426, 'gpp_af': 0.06065100178965209, 'gpp_b': 0.0007931907635462692, 'gpp_d': 18.76320361709601, 'ign_k': 0.028055803606535295, 'ign_c': 2.784537943524613, 'trop_agb_crit': 4.579865191283981, 'trop_k_veg': 7.66297988606393}. Best is trial 0 with value: -0.5989088506199346.
[I 2026-08-20 00:28:21,328] Trial 692 finished with value: 0.6156510319241022 and parameters: {'k1': 0.010102136040235271, 'D_low': 1.09378046721013, 'k2': 0.0005428609581708573, 'D_high': 5248908.884922637, 'fire_exp': 2.862571833949785, 'P_half': 210.23326276232646, 'pre_dampen_half': 22.66130111418779, 'gpp_af': 0.5334631579740251, 'gpp_b': 2.2455401162081556, 'gpp_d': 37.39935525312477, 'ign_k': 0.5852926559671502, 'ign_c': 2.6885468683112657, 'trop_agb_crit': 19.20170996219943, 'trop_k_veg': 0.9490026757247628}. Best is trial 0 with value: -0.5989088506199346.
[I 2026-08-20 00:28:23,359] Trial 693 finished with value: 0.4690550282399274 and parameters: {'k1': 0.011026148596330096, 'D_low': 17.354178477917113, 'k2': 0.00171264356905179, 'D_high': 2830700.682437943, 'fire_exp': 1.1925358061033378, 'P_half': 66.17217162890978, 'pre_dampen_half': 179.3878210411597, 'gpp_af': 31.327690707116062, 'gpp_b': 0.14583295880916483, 'gpp_d': 393.69509753599607, 'ign_k': 0.10739521729227416, 'ign_c': 4.533489237602436, 'trop_agb_crit': 28.23210422367672, 'trop_k_veg': 1.0468271006145904}. Best is trial 0 with value: -0.5989088506199346.
[I 2026-08-20 00:28:25,427] Trial 694 finished with value: 0.49558746661707376 and parameters: {'k1': 0.00014714452516252118, 'D_low': 12.946633712318626, 'k2': 1.15979917670999e-05, 'D_high': 9181242.859028118, 'fire_exp': 3.6816127973050414, 'P_half': 19.93702295724191, 'pre_dampen_half': 3.3382367517704603, 'gpp_af': 0.008415619670572838, 'gpp_b': 0.00013851755709664199, 'gpp_d': 1.4256415150593018, 'ign_k': 0.5579535795085506, 'ign_c': 2.419450826687454, 'trop_agb_crit': 1.0133714218339243, 'trop_k_veg': 3.9838110012464045}. Best is trial 0 with value: -0.5989088506199346.
[I 2026-08-20 00:28:27,434] Trial 695 finished with value: 0.5969996904533181 and parameters: {'k1': 0.00014091258227427937, 'D_low': 3.04454075072125, 'k2': 0.00010434996007677555, 'D_high': 625583.8929656064, 'fire_exp': 2.32220271620522, 'P_half': 3.312687627581821, 'pre_dampen_half': 7.516301611454451, 'gpp_af': 0.004283190503081524, 'gpp_b': 0.02226005515709929, 'gpp_d': 0.11374754319172214, 'ign_k': 0.7258987945396443, 'ign_c': 1.112023537654282, 'trop_agb_crit': 5.014668758090338, 'trop_k_veg': 1.9769519816388548}. Best is trial 0 with value: -0.5989088506199346.
[I 2026-08-20 00:28:29,475] Trial 696 finished with value: 0.6006075108894657 and parameters: {'k1': 0.0039624178659382284, 'D_low': 2.2543793369817187, 'k2': 0.0005585771769682755, 'D_high': 2914892.6099663205, 'fire_exp': 4.36399155287112, 'P_half': 4110.680038197109, 'pre_dampen_half': 238.95106287349074, 'gpp_af': 20.70235040748449, 'gpp_b': 3.408009941505992, 'gpp_d': 233.95848319639268, 'ign_k': 0.10043378547306223, 'ign_c': 12.404809141356953, 'trop_agb_crit': 27.435733122798098, 'trop_k_veg': 1.539166269019974}. Best is trial 0 with value: -0.5989088506199346.
[I 2026-08-20 00:28:31,487] Trial 697 finished with value: 0.5332032020867029 and parameters: {'k1': 0.0010336467665913235, 'D_low': 30.285193501410497, 'k2': 0.0001671840728681481, 'D_high': 8105284.070528643, 'fire_exp': 1.3255383126933467, 'P_half': 149.14792841092438, 'pre_dampen_half': 0.11030238658214364, 'gpp_af': 0.24464826096219938, 'gpp_b': 0.000766896870581593, 'gpp_d': 0.6403173876344095, 'ign_k': 0.06881883490122724, 'ign_c': 0.46266370548488484, 'trop_agb_crit': 1.6959639792510843, 'trop_k_veg': 7.3258914348839825}. Best is trial 0 with value: -0.5989088506199346.
[I 2026-08-20 00:28:33,808] Trial 698 finished with value: 0.4367913887432481 and parameters: {'k1': 0.06360596650873203, 'D_low': 153.23483528835297, 'k2': 0.0008098596515427173, 'D_high': 7085802.022479807, 'fire_exp': 1.8415033549676099, 'P_half': 193.57801577514334, 'pre_dampen_half': 2.0824545839210784, 'gpp_af': 15.834836676504926, 'gpp_b': 0.011769202418443526, 'gpp_d': 365.0459624611888, 'ign_k': 0.44919995521199185, 'ign_c': 13.915478104825683, 'trop_agb_crit': 13.611050520418912, 'trop_k_veg': 1.0285462354323072}. Best is trial 0 with value: -0.5989088506199346.
[I 2026-08-20 00:28:36,009] Trial 699 finished with value: 0.5430526713318808 and parameters: {'k1': 0.00011525852850055044, 'D_low': 3.634487558525037, 'k2': 0.0013819930415948892, 'D_high': 109837.98379088263, 'fire_exp': 1.4847755429483547, 'P_half': 47.08907264691013, 'pre_dampen_half': 0.13257814915204744, 'gpp_af': 0.36764090147307316, 'gpp_b': 0.00015496594792824574, 'gpp_d': 0.46427601894738557, 'ign_k': 0.6991478027295462, 'ign_c': 14.782699225609619, 'trop_agb_crit': 1.6565575682832339, 'trop_k_veg': 6.092974174351361}. Best is trial 0 with value: -0.5989088506199346.
[I 2026-08-20 00:28:38,281] Trial 700 finished with value: 0.6445374145881376 and parameters: {'k1': 0.00016300183320598115, 'D_low': 74349.06501365671, 'k2': 0.00043448587048063167, 'D_high': 17424.282056275577, 'fire_exp': 2.0291765591126425, 'P_half': 4.11808758686987, 'pre_dampen_half': 3.8427695278309453, 'gpp_af': 0.015911523326672488, 'gpp_b': 6.046416246965473e-05, 'gpp_d': 52.23345115847477, 'ign_k': 0.8643175692450803, 'ign_c': 11.636314796325752, 'trop_agb_crit': 22.73943707729646, 'trop_k_veg': 1.2344889909384327}. Best is trial 0 with value: -0.5989088506199346.
[I 2026-08-20 00:28:40,556] Trial 701 finished with value: 0.5338554448443186 and parameters: {'k1': 2.2651510337395522e-05, 'D_low': 33.366356658977786, 'k2': 1.9207326707150605e-05, 'D_high': 762302.0798553975, 'fire_exp': 1.2374699569546825, 'P_half': 3.521297825210517, 'pre_dampen_half': 1.4530495213569905, 'gpp_af': 0.03376053688141599, 'gpp_b': 0.0006862825160613913, 'gpp_d': 0.016839460239403307, 'ign_k': 0.10913597535172237, 'ign_c': 1.114974480666351, 'trop_agb_crit': 1.0718162823484034, 'trop_k_veg': 5.340087196693383}. Best is trial 0 with value: -0.5989088506199346.
[I 2026-08-20 00:28:42,730] Trial 702 finished with value: 0.4205093568847287 and parameters: {'k1': 0.0014222597482051692, 'D_low': 2.222789663417543, 'k2': 2.154644434400672e-05, 'D_high': 836338.3707622476, 'fire_exp': 4.448528115706019, 'P_half': 4.727532211459592, 'pre_dampen_half': 32.98580412063832, 'gpp_af': 0.006830971338199005, 'gpp_b': 2.172347857910673e-05, 'gpp_d': 84.89838464300776, 'ign_k': 9.73331175965564, 'ign_c': 10.14973644448496, 'trop_agb_crit': 7.431765527797552, 'trop_k_veg': 3.4006026306163344}. Best is trial 0 with value: -0.5989088506199346.
[I 2026-08-20 00:28:45,105] Trial 703 finished with value: 0.6445374145881376 and parameters: {'k1': 0.005134734839579591, 'D_low': 15.234767755572223, 'k2': 0.0010685972736534707, 'D_high': 7166193.197435503, 'fire_exp': 3.3484940532655108, 'P_half': 32.34601897240816, 'pre_dampen_half': 8.48941159657251, 'gpp_af': 0.01590438769877056, 'gpp_b': 0.0029086995301285633, 'gpp_d': 917.901231674681, 'ign_k': 7.553767761083829, 'ign_c': 70.8664277467742, 'trop_agb_crit': 5.987925830768222, 'trop_k_veg': 2.2320681875711474}. Best is trial 0 with value: -0.5989088506199346.
[I 2026-08-20 00:28:47,351] Trial 704 finished with value: 0.502772966221335 and parameters: {'k1': 0.0005219339662044074, 'D_low': 11.150213308395582, 'k2': 9.072120750348363e-05, 'D_high': 7153811.874800968, 'fire_exp': 7.933884760875357, 'P_half': 101.54779352277546, 'pre_dampen_half': 29.765171577789896, 'gpp_af': 12.641918522409265, 'gpp_b': 1.443465926078305e-05, 'gpp_d': 176.9902712098417, 'ign_k': 1.3040377656013016, 'ign_c': 11.70070864855478, 'trop_agb_crit': 5.838794062348537, 'trop_k_veg': 3.4284505913292413}. Best is trial 0 with value: -0.5989088506199346.
[I 2026-08-20 00:28:49,437] Trial 705 finished with value: -0.5602758898618928 and parameters: {'k1': 0.00038173365332521515, 'D_low': 11.124427007949922, 'k2': 5.0570316912666925e-05, 'D_high': 647471.6082126074, 'fire_exp': 1.3888396701474648, 'P_half': 2.6504492304130025, 'pre_dampen_half': 0.6980712820567495, 'gpp_af': 0.025479568164770632, 'gpp_b': 2.0939879436608244e-05, 'gpp_d': 0.3388790927063072, 'ign_k': 0.08930140603814209, 'ign_c': 1.9462692890014053, 'trop_agb_crit': 2.1816833990159137, 'trop_k_veg': 1.6428777070652225}. Best is trial 0 with value: -0.5989088506199346.
[I 2026-08-20 00:28:51,558] Trial 706 finished with value: 0.4404624603355557 and parameters: {'k1': 0.000509463345802777, 'D_low': 1.5104536490922715, 'k2': 1.6064843787478007e-05, 'D_high': 2763336.157654359, 'fire_exp': 1.0656303600343697, 'P_half': 751.5603281530902, 'pre_dampen_half': 5.570376913853438, 'gpp_af': 0.0034050639928084824, 'gpp_b': 0.00015612677769690357, 'gpp_d': 57.64252223516664, 'ign_k': 0.9335907850543081, 'ign_c': 20.310778985335546, 'trop_agb_crit': 5.762720538609221, 'trop_k_veg': 5.685753549695821}. Best is trial 0 with value: -0.5989088506199346.
[I 2026-08-20 00:28:53,634] Trial 707 finished with value: 0.5624672251050179 and parameters: {'k1': 7.891777643150217e-05, 'D_low': 523.5391222572363, 'k2': 0.0010582628483740888, 'D_high': 4268709.789085222, 'fire_exp': 5.912579743441393, 'P_half': 9.321866001634609, 'pre_dampen_half': 0.6825160639424408, 'gpp_af': 18.062052340807462, 'gpp_b': 0.007518061812998257, 'gpp_d': 11.877149594486058, 'ign_k': 0.16736461346790038, 'ign_c': 0.3751106263510856, 'trop_agb_crit': 22.08531783059726, 'trop_k_veg': 4.823925592623347}. Best is trial 0 with value: -0.5989088506199346.
[I 2026-08-20 00:28:55,904] Trial 708 finished with value: 0.575563458368652 and parameters: {'k1': 0.0007399205678728953, 'D_low': 3.4548324594048943, 'k2': 1.1858333153259516e-05, 'D_high': 76907.92566997067, 'fire_exp': 1.7895231804191631, 'P_half': 27.481450466246383, 'pre_dampen_half': 0.236160150579627, 'gpp_af': 0.011105906249922123, 'gpp_b': 0.0023238826718858536, 'gpp_d': 0.13830389843524035, 'ign_k': 0.09145241911834381, 'ign_c': 1.1198843692528027, 'trop_agb_crit': 5.964028147603283, 'trop_k_veg': 4.71779606515798}. Best is trial 0 with value: -0.5989088506199346.
[I 2026-08-20 00:28:58,011] Trial 709 finished with value: 0.6445320780797986 and parameters: {'k1': 0.0007150116835608115, 'D_low': 1.6935098027435185, 'k2': 0.005713541347444362, 'D_high': 2124973.0109216617, 'fire_exp': 3.737819485215736, 'P_half': 1.5847893658432344, 'pre_dampen_half': 61.972962943931236, 'gpp_af': 13.479879796152733, 'gpp_b': 0.0212498529385626, 'gpp_d': 635.8476220199037, 'ign_k': 9.260323400129172, 'ign_c': 38.65381473643694, 'trop_agb_crit': 2.556997243252563, 'trop_k_veg': 3.614060739776847}. Best is trial 0 with value: -0.5989088506199346.
[I 2026-08-20 00:29:00,105] Trial 710 finished with value: -0.5309245836533281 and parameters: {'k1': 0.0011080951795856575, 'D_low': 4.005769409224011, 'k2': 1.7790870271384437e-05, 'D_high': 115539.71603897541, 'fire_exp': 1.411789093796363, 'P_half': 16.657127206486233, 'pre_dampen_half': 1.1968384193128323, 'gpp_af': 0.007730194263188272, 'gpp_b': 2.753812302269195e-05, 'gpp_d': 0.2020937305634489, 'ign_k': 0.28518931589960406, 'ign_c': 7.6735299661878, 'trop_agb_crit': 1.5708638895877198, 'trop_k_veg': 5.812530682000391}. Best is trial 0 with value: -0.5989088506199346.
[I 2026-08-20 00:29:02,397] Trial 711 finished with value: 0.46372027303335783 and parameters: {'k1': 0.041623780987958575, 'D_low': 13.611477077893236, 'k2': 0.0005796337055096546, 'D_high': 9623424.793659292, 'fire_exp': 1.6956344135976291, 'P_half': 64.38999973763475, 'pre_dampen_half': 40.565213327093176, 'gpp_af': 4.289334960341858, 'gpp_b': 2.26457726359511, 'gpp_d': 146.03803739448057, 'ign_k': 1.12157312641045, 'ign_c': 0.35115503933112896, 'trop_agb_crit': 10.732031044652642, 'trop_k_veg': 2.1209712564086303}. Best is trial 0 with value: -0.5989088506199346.
[I 2026-08-20 00:29:04,482] Trial 712 finished with value: 0.49941787185953035 and parameters: {'k1': 0.0011206615959459645, 'D_low': 5.465039855939095, 'k2': 0.00010044628680810112, 'D_high': 668749.6521296595, 'fire_exp': 1.1203744400829214, 'P_half': 922.5918219033862, 'pre_dampen_half': 0.4639476525393906, 'gpp_af': 0.19865343822617385, 'gpp_b': 0.0003483331681729092, 'gpp_d': 24.115691579607645, 'ign_k': 1.9937474290080672, 'ign_c': 13.60868624483056, 'trop_agb_crit': 12.26002116698152, 'trop_k_veg': 3.409011578908467}. Best is trial 0 with value: -0.5989088506199346.
[I 2026-08-20 00:29:07,066] Trial 713 finished with value: 0.6445374145881376 and parameters: {'k1': 0.01475345423715287, 'D_low': 4.640442057228871, 'k2': 0.00012613479056443078, 'D_high': 4143443.5758716576, 'fire_exp': 3.5501904635094985, 'P_half': 2.470272840014856, 'pre_dampen_half': 27.184166138942018, 'gpp_af': 11.384300729707187, 'gpp_b': 0.15751531916303652, 'gpp_d': 367.067055560957, 'ign_k': 1.767230674073139, 'ign_c': 68.53449638423947, 'trop_agb_crit': 3.826788276452363, 'trop_k_veg': 2.028203774168784}. Best is trial 0 with value: -0.5989088506199346.
[I 2026-08-20 00:29:08,977] Trial 714 finished with value: 0.6445374145881376 and parameters: {'k1': 0.0006892674629659565, 'D_low': 1.7841503807866241, 'k2': 1.0675564708492457e-05, 'D_high': 49949.30143818928, 'fire_exp': 1.1155974639143031, 'P_half': 119.0988733919897, 'pre_dampen_half': 2.582474845302046, 'gpp_af': 0.18423135701710533, 'gpp_b': 0.00019636527079619704, 'gpp_d': 958.3786547648485, 'ign_k': 1.9541539083266624, 'ign_c': 76.24917535901851, 'trop_agb_crit': 17.237493224354974, 'trop_k_veg': 2.709414881044682}. Best is trial 0 with value: -0.5989088506199346.
[I 2026-08-20 00:29:10,431] Trial 715 finished with value: 0.560520867987523 and parameters: {'k1': 0.00010835954815319705, 'D_low': 69771.05097164112, 'k2': 0.002828053050489716, 'D_high': 164132.8679815547, 'fire_exp': 1.4951763920591208, 'P_half': 1.171253480933777, 'pre_dampen_half': 5.459225905869872, 'gpp_af': 0.07633462301729563, 'gpp_b': 5.9066356902330294e-05, 'gpp_d': 88.50841587743224, 'ign_k': 0.06940429971456602, 'ign_c': 0.28635005498955485, 'trop_agb_crit': 11.271493055179649, 'trop_k_veg': 3.3718917998758955}. Best is trial 0 with value: -0.5989088506199346.
[I 2026-08-20 00:29:11,954] Trial 716 finished with value: -0.5557207002942408 and parameters: {'k1': 0.0012245110563504598, 'D_low': 14739.347639879436, 'k2': 1.0688948801539944e-05, 'D_high': 1925125.2232693026, 'fire_exp': 2.6140618020499167, 'P_half': 78.09063173566739, 'pre_dampen_half': 26.102954599175664, 'gpp_af': 0.3551401382988922, 'gpp_b': 0.00046049603896331436, 'gpp_d': 3.614812716038396, 'ign_k': 0.32349260808328334, 'ign_c': 3.3277461835453996, 'trop_agb_crit': 7.992715269811019, 'trop_k_veg': 6.271048778271413}. Best is trial 0 with value: -0.5989088506199346.
