[I 2026-06-11 13:15:07,756] Trial 731 finished with values: [-0.45219265716916135, 0.4519409982368544] and parameters: {'k1': 0.0057293717735696316, 'D_low': 236.79352040223893, 'k2': 5.153993511603138e-05, 'D_high': 32311.521854410956, 'fire_exp': 1.3807440352456883, 'P_half': 2.226799690893868, 'pre_dampen_half': 79.2915624488668, 'gpp_af': 9.489641456368314, 'gpp_b': 0.010307896803108956, 'gpp_d': 1.336803341156552, 'ign_k': 0.001229921046579313, 'ign_c': 29.690870944846793, 'trop_agb_crit': 8.0091368834625, 'trop_k_veg': 6.030247256556128, 'fire_amp': 3.102033517490054}.
[I 2026-06-11 13:15:08,673] Trial 732 finished with values: [10.724798618952883, 10.724798618952883] and parameters: {'k1': 0.00038698408508416947, 'D_low': 1121.5915868662764, 'k2': 0.032141234030334316, 'D_high': 1266.9536563782303, 'fire_exp': 1.4848387260494937, 'P_half': 12.280874862135363, 'pre_dampen_half': 28.01075698398644, 'gpp_af': 43.24033972449845, 'gpp_b': 0.00012118589392553798, 'gpp_d': 0.09467055845337147, 'ign_k': 3.6309591863459096, 'ign_c': 16.470698221724305, 'trop_agb_crit': 11.664190932505923, 'trop_k_veg': 2.99731137426955, 'fire_amp': 3.1543496524370136}.
[I 2026-06-11 13:15:09,574] Trial 733 finished with values: [10.609421144672813, 10.609421144672813] and parameters: {'k1': 6.784924519083143e-05, 'D_low': 236.79352040223893, 'k2': 0.0004976087827261435, 'D_high': 86.80971440148622, 'fire_exp': 1.1593349727271403, 'P_half': 1265.0580856641704, 'pre_dampen_half': 30.456909077772018, 'gpp_af': 0.060029341913968644, 'gpp_b': 0.0036065155862388338, 'gpp_d': 47.35384181058586, 'ign_k': 0.09256855841989636, 'ign_c': 29.690870944846793, 'trop_agb_crit': 8.0091368834625, 'trop_k_veg': 1.5128444555847316, 'fire_amp': 1.5719333351012774}.
[I 2026-06-11 13:15:10,441] Trial 734 finished with values: [10.030727287706299, 10.030727287706299] and parameters: {'k1': 0.0006042560675552671, 'D_low': 236.79352040223893, 'k2': 0.005204862686958021, 'D_high': 32311.521854410956, 'fire_exp': 1.41873960828944, 'P_half': 5.4712187293420325, 'pre_dampen_half': 269.0845367054866, 'gpp_af': 0.060029341913968644, 'gpp_b': 0.0036065155862388338, 'gpp_d': 0.1619054449471649, 'ign_k': 0.09256855841989636, 'ign_c': 29.690870944846793, 'trop_agb_crit': 2.49652474515731, 'trop_k_veg': 4.989748894578724, 'fire_amp': 2.7806853670293616}.
[I 2026-06-11 13:15:11,339] Trial 735 finished with values: [10.766498470670266, 10.766498470670266] and parameters: {'k1': 0.08409006963311547, 'D_low': 236.79352040223893, 'k2': 0.045914852167405346, 'D_high': 252.84086172415604, 'fire_exp': 1.4848387260494937, 'P_half': 12.280874862135363, 'pre_dampen_half': 0.057820263517959394, 'gpp_af': 1.9706963379095486, 'gpp_b': 0.00012118589392553798, 'gpp_d': 96.93415502195788, 'ign_k': 0.012480180965117606, 'ign_c': 29.690870944846793, 'trop_agb_crit': 11.664190932505923, 'trop_k_veg': 7.835003985864704, 'fire_amp': 2.7556562114998226}.
[I 2026-06-11 13:15:12,211] Trial 736 finished with values: [10.029258204814635, 10.029258204814635] and parameters: {'k1': 0.03648456083047798, 'D_low': 1.7551403048208316, 'k2': 0.0001280886335404798, 'D_high': 252.84086172415604, 'fire_exp': 1.41873960828944, 'P_half': 5.4712187293420325, 'pre_dampen_half': 121.93011993958949, 'gpp_af': 0.008117091133892173, 'gpp_b': 0.001674375583895437, 'gpp_d': 47.35384181058586, 'ign_k': 0.09256855841989636, 'ign_c': 29.690870944846793, 'trop_agb_crit': 8.0091368834625, 'trop_k_veg': 2.724170387400844, 'fire_amp': 3.102033517490054}.
[I 2026-06-11 13:15:13,453] Trial 737 finished with values: [10.768818959621827, 10.768818959621827] and parameters: {'k1': 0.0008362695993649681, 'D_low': 236.79352040223893, 'k2': 0.00037358626308127543, 'D_high': 32311.521854410956, 'fire_exp': 8.452807290590647, 'P_half': 2.226799690893868, 'pre_dampen_half': 28.01075698398644, 'gpp_af': 0.008117091133892173, 'gpp_b': 0.0010881810414580882, 'gpp_d': 1.336803341156552, 'ign_k': 0.001229921046579313, 'ign_c': 23.422386257929038, 'trop_agb_crit': 12.9667438075127, 'trop_k_veg': 4.989748894578724, 'fire_amp': 3.102033517490054}.
[I 2026-06-11 13:15:14,383] Trial 738 finished with values: [10.286543881650045, 10.286543881650045] and parameters: {'k1': 0.05347027553411487, 'D_low': 236.79352040223893, 'k2': 0.02065142557895925, 'D_high': 1444.8691591610498, 'fire_exp': 1.2060040899560858, 'P_half': 1.4551749476072258, 'pre_dampen_half': 4.847666216751353, 'gpp_af': 0.060029341913968644, 'gpp_b': 0.006999112505425414, 'gpp_d': 1.4397852866783676, 'ign_k': 0.0032383308053152635, 'ign_c': 1.364908766641693, 'trop_agb_crit': 12.9667438075127, 'trop_k_veg': 3.4439936249445045, 'fire_amp': 4.2446263054164195}.
[I 2026-06-11 13:15:15,568] Trial 739 finished with values: [10.089424056929285, 10.089424056929285] and parameters: {'k1': 0.019518986965599543, 'D_low': 236.79352040223893, 'k2': 0.0001280886335404798, 'D_high': 23341.737328466752, 'fire_exp': 1.41873960828944, 'P_half': 5.4712187293420325, 'pre_dampen_half': 30.456909077772018, 'gpp_af': 0.008117091133892173, 'gpp_b': 0.0036065155862388338, 'gpp_d': 0.1619054449471649, 'ign_k': 0.09256855841989636, 'ign_c': 29.690870944846793, 'trop_agb_crit': 12.708819454040446, 'trop_k_veg': 0.828441460847982, 'fire_amp': 2.5432210024239192}.
[I 2026-06-11 13:15:16,571] Trial 740 finished with values: [13.257057551504971, 13.257057551504971] and parameters: {'k1': 0.00026539376439360527, 'D_low': 1.4002277211577039, 'k2': 0.02065142557895925, 'D_high': 6682.9607218310075, 'fire_exp': 1.2060040899560858, 'P_half': 1.4551749476072258, 'pre_dampen_half': 30.456909077772018, 'gpp_af': 0.060029341913968644, 'gpp_b': 0.006999112505425414, 'gpp_d': 1.4397852866783676, 'ign_k': 0.012566783761977915, 'ign_c': 1.364908766641693, 'trop_agb_crit': 8.0091368834625, 'trop_k_veg': 2.99731137426955, 'fire_amp': 4.2446263054164195}.
[I 2026-06-11 13:15:17,592] Trial 741 finished with values: [-0.6488169404192302, 0.01892960281770384] and parameters: {'k1': 0.0031213520322039886, 'D_low': 1.4002277211577039, 'k2': 0.045914852167405346, 'D_high': 6682.9607218310075, 'fire_exp': 1.41873960828944, 'P_half': 2.226799690893868, 'pre_dampen_half': 4.847666216751353, 'gpp_af': 0.002790115363936195, 'gpp_b': 0.001674375583895437, 'gpp_d': 545.0253444559129, 'ign_k': 3.6309591863459096, 'ign_c': 23.422386257929038, 'trop_agb_crit': 12.9667438075127, 'trop_k_veg': 1.6648666152166967, 'fire_amp': 3.102033517490054}.
[I 2026-06-11 13:15:18,627] Trial 742 finished with values: [10.489226516356952, 10.489226516356952] and parameters: {'k1': 0.00038698408508416947, 'D_low': 236.79352040223893, 'k2': 0.005204862686958021, 'D_high': 6682.9607218310075, 'fire_exp': 1.2060040899560858, 'P_half': 5.4712187293420325, 'pre_dampen_half': 269.0845367054866, 'gpp_af': 0.060029341913968644, 'gpp_b': 0.0036065155862388338, 'gpp_d': 5.981605330890935, 'ign_k': 3.6309591863459096, 'ign_c': 29.690870944846793, 'trop_agb_crit': 12.9667438075127, 'trop_k_veg': 2.99731137426955, 'fire_amp': 3.102033517490054}.
[I 2026-06-11 13:15:19,690] Trial 743 finished with values: [-0.4418105105860676, 0.48029018567095483] and parameters: {'k1': 0.0057293717735696316, 'D_low': 236.79352040223893, 'k2': 5.153993511603138e-05, 'D_high': 32311.521854410956, 'fire_exp': 1.3807440352456883, 'P_half': 2.226799690893868, 'pre_dampen_half': 79.2915624488668, 'gpp_af': 5.975195267844334, 'gpp_b': 0.010307896803108956, 'gpp_d': 1.336803341156552, 'ign_k': 0.001229921046579313, 'ign_c': 29.690870944846793, 'trop_agb_crit': 8.0091368834625, 'trop_k_veg': 6.030247256556128, 'fire_amp': 3.102033517490054}.
[I 2026-06-11 13:15:20,777] Trial 744 finished with values: [-0.7220010452011448, 0.027065443001983214] and parameters: {'k1': 0.0057293717735696316, 'D_low': 236.79352040223893, 'k2': 0.045914852167405346, 'D_high': 32311.521854410956, 'fire_exp': 1.3807440352456883, 'P_half': 2.226799690893868, 'pre_dampen_half': 79.2915624488668, 'gpp_af': 0.008117091133892173, 'gpp_b': 0.010307896803108956, 'gpp_d': 47.35384181058586, 'ign_k': 0.09256855841989636, 'ign_c': 29.690870944846793, 'trop_agb_crit': 8.0091368834625, 'trop_k_veg': 3.4439936249445045, 'fire_amp': 3.102033517490054}.
[I 2026-06-11 13:15:21,719] Trial 745 finished with values: [10.537430384950172, 10.537430384950172] and parameters: {'k1': 0.00026539376439360527, 'D_low': 236.79352040223893, 'k2': 3.2423055114836195e-05, 'D_high': 32311.521854410956, 'fire_exp': 1.811096651915224, 'P_half': 1.4551749476072258, 'pre_dampen_half': 269.0845367054866, 'gpp_af': 0.008117091133892173, 'gpp_b': 0.006999112505425414, 'gpp_d': 47.35384181058586, 'ign_k': 0.09256855841989636, 'ign_c': 29.690870944846793, 'trop_agb_crit': 2.49652474515731, 'trop_k_veg': 4.0068236274914755, 'fire_amp': 3.102033517490054}.
[I 2026-06-11 13:15:22,680] Trial 746 finished with values: [11.439637478518383, 11.439637478518383] and parameters: {'k1': 0.08409006963311547, 'D_low': 1.4002277211577039, 'k2': 0.020149789847008874, 'D_high': 6682.9607218310075, 'fire_exp': 1.41873960828944, 'P_half': 2.226799690893868, 'pre_dampen_half': 81.30934046917365, 'gpp_af': 0.060029341913968644, 'gpp_b': 0.00031478066835753096, 'gpp_d': 1.4397852866783676, 'ign_k': 0.0032383308053152635, 'ign_c': 29.690870944846793, 'trop_agb_crit': 1.3063813396521713, 'trop_k_veg': 1.6648666152166967, 'fire_amp': 1.5180207449214471}.
[I 2026-06-11 13:15:23,629] Trial 747 finished with values: [10.980958687831, 10.980958687831] and parameters: {'k1': 3.609310926766545e-05, 'D_low': 1.4002277211577039, 'k2': 0.032141234030334316, 'D_high': 252.84086172415604, 'fire_exp': 1.0420149135640993, 'P_half': 1265.0580856641704, 'pre_dampen_half': 30.456909077772018, 'gpp_af': 0.060029341913968644, 'gpp_b': 0.00012118589392553798, 'gpp_d': 47.35384181058586, 'ign_k': 0.012480180965117606, 'ign_c': 0.22592797420156951, 'trop_agb_crit': 11.664190932505923, 'trop_k_veg': 4.989748894578724, 'fire_amp': 5.869450070968175}.
[I 2026-06-11 13:15:24,572] Trial 748 finished with values: [10.706912831355803, 10.706912831355803] and parameters: {'k1': 0.00038698408508416947, 'D_low': 236.79352040223893, 'k2': 0.00037358626308127543, 'D_high': 1266.9536563782303, 'fire_exp': 1.2060040899560858, 'P_half': 93.43302657318476, 'pre_dampen_half': 4.847666216751353, 'gpp_af': 3.4972243108738175, 'gpp_b': 0.0010881810414580882, 'gpp_d': 0.09467055845337147, 'ign_k': 3.6309591863459096, 'ign_c': 23.422386257929038, 'trop_agb_crit': 12.9667438075127, 'trop_k_veg': 2.99731137426955, 'fire_amp': 2.7806853670293616}.
[I 2026-06-11 13:15:25,528] Trial 749 finished with values: [-0.5901459478294832, 0.24059655464963137] and parameters: {'k1': 0.0008362695993649681, 'D_low': 148.21691630007544, 'k2': 0.0015064557931192917, 'D_high': 69868.4759244566, 'fire_exp': 1.2060040899560858, 'P_half': 2.226799690893868, 'pre_dampen_half': 4.847666216751353, 'gpp_af': 0.060029341913968644, 'gpp_b': 0.0036065155862388338, 'gpp_d': 0.09467055845337147, 'ign_k': 0.0029519227433917453, 'ign_c': 65.87536748686888, 'trop_agb_crit': 12.9667438075127, 'trop_k_veg': 2.99731137426955, 'fire_amp': 3.1543496524370136}.
[I 2026-06-11 13:15:26,420] Trial 750 finished with values: [10.676256488866278, 10.676256488866278] and parameters: {'k1': 0.00026539376439360527, 'D_low': 13.012518385211498, 'k2': 0.045914852167405346, 'D_high': 6682.9607218310075, 'fire_exp': 1.2060040899560858, 'P_half': 5.4712187293420325, 'pre_dampen_half': 0.015163585438685893, 'gpp_af': 0.008117091133892173, 'gpp_b': 0.0036065155862388338, 'gpp_d': 12.338826503601998, 'ign_k': 0.0029519227433917453, 'ign_c': 1.6312233285809252, 'trop_agb_crit': 2.447085645036977, 'trop_k_veg': 3.4439936249445045, 'fire_amp': 4.2446263054164195}.
[I 2026-06-11 13:15:27,323] Trial 751 finished with values: [10.026859924209546, 10.026859924209546] and parameters: {'k1': 0.00038698408508416947, 'D_low': 236.79352040223893, 'k2': 0.00037358626308127543, 'D_high': 1266.9536563782303, 'fire_exp': 1.2060040899560858, 'P_half': 93.43302657318476, 'pre_dampen_half': 28.01075698398644, 'gpp_af': 0.015627364027979502, 'gpp_b': 0.0010881810414580882, 'gpp_d': 0.09467055845337147, 'ign_k': 3.6309591863459096, 'ign_c': 23.422386257929038, 'trop_agb_crit': 12.9667438075127, 'trop_k_veg': 2.99731137426955, 'fire_amp': 1.9065166209115891}.
[I 2026-06-11 13:15:28,213] Trial 752 finished with values: [10.17013233529266, 10.17013233529266] and parameters: {'k1': 0.00038698408508416947, 'D_low': 236.79352040223893, 'k2': 0.019383858782150494, 'D_high': 714.4571308652828, 'fire_exp': 1.2060040899560858, 'P_half': 2.226799690893868, 'pre_dampen_half': 16.009350908593582, 'gpp_af': 0.060029341913968644, 'gpp_b': 0.0036065155862388338, 'gpp_d': 94.19931479490882, 'ign_k': 3.6309591863459096, 'ign_c': 2.2489542843914485, 'trop_agb_crit': 8.462233625364036, 'trop_k_veg': 0.6488368931910606, 'fire_amp': 1.5719333351012774}.
[I 2026-06-11 13:15:29,114] Trial 753 finished with values: [-0.6119933990665256, 0.07057793257053002] and parameters: {'k1': 0.00023134781612225627, 'D_low': 1.7551403048208316, 'k2': 0.0018588694009815867, 'D_high': 32311.521854410956, 'fire_exp': 1.2060040899560858, 'P_half': 93.43302657318476, 'pre_dampen_half': 28.01075698398644, 'gpp_af': 0.008117091133892173, 'gpp_b': 0.0036065155862388338, 'gpp_d': 0.1619054449471649, 'ign_k': 0.0029519227433917453, 'ign_c': 29.690870944846793, 'trop_agb_crit': 8.0091368834625, 'trop_k_veg': 3.4439936249445045, 'fire_amp': 1.5835969292419834}.
[I 2026-06-11 13:15:30,006] Trial 754 finished with values: [10.600811824999946, 10.600811824999946] and parameters: {'k1': 0.03648456083047798, 'D_low': 148.21691630007544, 'k2': 0.003767022142229395, 'D_high': 714.4571308652828, 'fire_exp': 1.2060040899560858, 'P_half': 2.226799690893868, 'pre_dampen_half': 28.01075698398644, 'gpp_af': 0.060029341913968644, 'gpp_b': 0.001674375583895437, 'gpp_d': 12.338826503601998, 'ign_k': 0.0029519227433917453, 'ign_c': 1.364908766641693, 'trop_agb_crit': 8.0091368834625, 'trop_k_veg': 0.6673124511410327, 'fire_amp': 3.1543496524370136}.
[I 2026-06-11 13:15:30,931] Trial 755 finished with values: [10.751414137290832, 10.751414137290832] and parameters: {'k1': 0.003968136435370146, 'D_low': 236.79352040223893, 'k2': 0.045914852167405346, 'D_high': 32311.521854410956, 'fire_exp': 1.41873960828944, 'P_half': 1265.0580856641704, 'pre_dampen_half': 0.02742923743141574, 'gpp_af': 48.393732009256986, 'gpp_b': 0.049565458633074926, 'gpp_d': 47.35384181058586, 'ign_k': 0.16413793406858565, 'ign_c': 21.275785720135406, 'trop_agb_crit': 2.49652474515731, 'trop_k_veg': 4.0068236274914755, 'fire_amp': 2.7556562114998226}.
[I 2026-06-11 13:15:31,832] Trial 756 finished with values: [-0.7850709379314613, 0.016171620049239444] and parameters: {'k1': 0.08409006963311547, 'D_low': 1.4002277211577039, 'k2': 0.045914852167405346, 'D_high': 32311.521854410956, 'fire_exp': 1.41873960828944, 'P_half': 1265.0580856641704, 'pre_dampen_half': 79.2915624488668, 'gpp_af': 0.41874665092828456, 'gpp_b': 0.0036065155862388338, 'gpp_d': 1.336803341156552, 'ign_k': 0.09256855841989636, 'ign_c': 29.690870944846793, 'trop_agb_crit': 8.0091368834625, 'trop_k_veg': 6.030247256556128, 'fire_amp': 3.102033517490054}.
[I 2026-06-11 13:15:32,700] Trial 757 finished with values: [10.475636755856259, 10.475636755856259] and parameters: {'k1': 0.0008362695993649681, 'D_low': 236.79352040223893, 'k2': 5.153993511603138e-05, 'D_high': 1266.9536563782303, 'fire_exp': 1.2060040899560858, 'P_half': 93.43302657318476, 'pre_dampen_half': 79.2915624488668, 'gpp_af': 0.008117091133892173, 'gpp_b': 0.0010881810414580882, 'gpp_d': 1.336803341156552, 'ign_k': 0.001229921046579313, 'ign_c': 29.690870944846793, 'trop_agb_crit': 8.0091368834625, 'trop_k_veg': 4.989748894578724, 'fire_amp': 3.102033517490054}.
[I 2026-06-11 13:15:33,888] Trial 758 finished with values: [10.060816085611627, 10.060816085611627] and parameters: {'k1': 0.0057293717735696316, 'D_low': 236.79352040223893, 'k2': 5.153993511603138e-05, 'D_high': 6682.9607218310075, 'fire_exp': 1.3807440352456883, 'P_half': 2.226799690893868, 'pre_dampen_half': 16.009350908593582, 'gpp_af': 0.3939208112794227, 'gpp_b': 0.0006809980431188124, 'gpp_d': 34.18897529667503, 'ign_k': 0.001229921046579313, 'ign_c': 29.690870944846793, 'trop_agb_crit': 8.0091368834625, 'trop_k_veg': 1.5030844497004798, 'fire_amp': 3.102033517490054}.
[I 2026-06-11 13:15:34,772] Trial 759 finished with values: [10.727716840825254, 10.727716840825254] and parameters: {'k1': 0.00026539376439360527, 'D_low': 236.79352040223893, 'k2': 0.045914852167405346, 'D_high': 6682.9607218310075, 'fire_exp': 1.41873960828944, 'P_half': 61.49080265244801, 'pre_dampen_half': 16.009350908593582, 'gpp_af': 0.008117091133892173, 'gpp_b': 0.05719024141066792, 'gpp_d': 10.068659791784794, 'ign_k': 0.00840038491455979, 'ign_c': 7.832259769732471, 'trop_agb_crit': 8.0091368834625, 'trop_k_veg': 3.4439936249445045, 'fire_amp': 1.5719333351012774}.
[I 2026-06-11 13:15:35,680] Trial 760 finished with values: [10.58389335466402, 10.58389335466402] and parameters: {'k1': 0.08409006963311547, 'D_low': 236.79352040223893, 'k2': 0.019383858782150494, 'D_high': 32311.521854410956, 'fire_exp': 1.41873960828944, 'P_half': 2.226799690893868, 'pre_dampen_half': 30.456909077772018, 'gpp_af': 0.008117091133892173, 'gpp_b': 0.001674375583895437, 'gpp_d': 47.35384181058586, 'ign_k': 3.6309591863459096, 'ign_c': 29.690870944846793, 'trop_agb_crit': 8.0091368834625, 'trop_k_veg': 2.99731137426955, 'fire_amp': 2.5192808848916854}.
[I 2026-06-11 13:15:36,559] Trial 761 finished with values: [10.204782399927264, 10.204782399927264] and parameters: {'k1': 0.03648456083047798, 'D_low': 148.21691630007544, 'k2': 0.019383858782150494, 'D_high': 6682.9607218310075, 'fire_exp': 1.2060040899560858, 'P_half': 2.226799690893868, 'pre_dampen_half': 4.847666216751353, 'gpp_af': 0.060029341913968644, 'gpp_b': 0.12105864607844925, 'gpp_d': 545.0253444559129, 'ign_k': 3.6309591863459096, 'ign_c': 23.422386257929038, 'trop_agb_crit': 12.9667438075127, 'trop_k_veg': 6.397764520599931, 'fire_amp': 2.436198972102523}.
[I 2026-06-11 13:15:37,447] Trial 762 finished with values: [10.384386620166826, 10.384386620166826] and parameters: {'k1': 0.09303193611755875, 'D_low': 13.012518385211498, 'k2': 0.045914852167405346, 'D_high': 714.4571308652828, 'fire_exp': 1.41873960828944, 'P_half': 5.4712187293420325, 'pre_dampen_half': 180.76934679960573, 'gpp_af': 0.41874665092828456, 'gpp_b': 0.0036065155862388338, 'gpp_d': 0.09467055845337147, 'ign_k': 0.0029519227433917453, 'ign_c': 7.081721844034206, 'trop_agb_crit': 2.0323350754982386, 'trop_k_veg': 0.5667990147757791, 'fire_amp': 3.102033517490054}.
[I 2026-06-11 13:15:38,324] Trial 763 finished with values: [11.747354091006029, 11.747354091006029] and parameters: {'k1': 0.08006837661379566, 'D_low': 148.21691630007544, 'k2': 0.045914852167405346, 'D_high': 32311.521854410956, 'fire_exp': 1.2060040899560858, 'P_half': 5.4712187293420325, 'pre_dampen_half': 30.456909077772018, 'gpp_af': 0.060029341913968644, 'gpp_b': 0.0036065155862388338, 'gpp_d': 0.1619054449471649, 'ign_k': 0.0032383308053152635, 'ign_c': 65.87536748686888, 'trop_agb_crit': 8.0091368834625, 'trop_k_veg': 2.99731137426955, 'fire_amp': 3.102033517490054}.
[I 2026-06-11 13:15:39,223] Trial 764 finished with values: [14.457000219259795, 14.457000219259795] and parameters: {'k1': 6.784924519083143e-05, 'D_low': 236.79352040223893, 'k2': 0.005204862686958021, 'D_high': 6682.9607218310075, 'fire_exp': 1.811096651915224, 'P_half': 5.4712187293420325, 'pre_dampen_half': 269.0845367054866, 'gpp_af': 0.060029341913968644, 'gpp_b': 0.0036065155862388338, 'gpp_d': 5.981605330890935, 'ign_k': 5.276924233362289, 'ign_c': 3.7623363852696734, 'trop_agb_crit': 2.49652474515731, 'trop_k_veg': 4.0068236274914755, 'fire_amp': 3.102033517490054}.
[I 2026-06-11 13:15:40,107] Trial 765 finished with values: [-0.6752421993534289, 0.14664818150505132] and parameters: {'k1': 0.0008362695993649681, 'D_low': 236.79352040223893, 'k2': 0.019383858782150494, 'D_high': 1266.9536563782303, 'fire_exp': 1.2060040899560858, 'P_half': 5.4712187293420325, 'pre_dampen_half': 16.009350908593582, 'gpp_af': 0.060029341913968644, 'gpp_b': 0.0010881810414580882, 'gpp_d': 0.09467055845337147, 'ign_k': 0.0032383308053152635, 'ign_c': 0.29205563600251844, 'trop_agb_crit': 12.9667438075127, 'trop_k_veg': 4.989748894578724, 'fire_amp': 2.7806853670293616}.
[I 2026-06-11 13:15:41,008] Trial 766 finished with values: [10.278013166980708, 10.278013166980708] and parameters: {'k1': 0.08409006963311547, 'D_low': 236.79352040223893, 'k2': 0.045914852167405346, 'D_high': 1266.9536563782303, 'fire_exp': 1.41873960828944, 'P_half': 2.226799690893868, 'pre_dampen_half': 4.847666216751353, 'gpp_af': 0.060029341913968644, 'gpp_b': 0.0036065155862388338, 'gpp_d': 0.1619054449471649, 'ign_k': 0.09256855841989636, 'ign_c': 23.422386257929038, 'trop_agb_crit': 8.0091368834625, 'trop_k_veg': 1.6648666152166967, 'fire_amp': 2.7806853670293616}.
[I 2026-06-11 13:15:41,912] Trial 767 finished with values: [-0.49428465742364114, 0.11187455217645548] and parameters: {'k1': 3.609310926766545e-05, 'D_low': 1121.5915868662764, 'k2': 0.003767022142229395, 'D_high': 252.84086172415604, 'fire_exp': 1.4848387260494937, 'P_half': 12.280874862135363, 'pre_dampen_half': 170.71098124594695, 'gpp_af': 1.9706963379095486, 'gpp_b': 0.00012118589392553798, 'gpp_d': 96.93415502195788, 'ign_k': 0.012480180965117606, 'ign_c': 48.704711413416454, 'trop_agb_crit': 11.664190932505923, 'trop_k_veg': 4.989748894578724, 'fire_amp': 3.1543496524370136}.
