[I 2026-07-24 02:23:53,449] Trial 1155 finished with value: 0.5935809775998274 and parameters: {'k1': 0.0041860911216596635, 'D_low': 4532.063393295014, 'k2': 0.0002762581698632946, 'D_high': 172774.49838605546, 'fire_exp': 1.0483877688894365, 'P_half': 1324.2027189747923, 'pre_dampen_half': 0.07982011008118108, 'gpp_af': 0.007083415986905467, 'gpp_b': 0.3865591462458266, 'gpp_d': 446.51984641547966, 'ign_k': 0.08057206368592808, 'ign_c': 1.160809255142341, 'trop_agb_crit': 20.835415265288095, 'trop_k_veg': 2.6085754298660135, 'fuel_k': 1.592974250222663, 'fuel_half': 0.5288017655657254}. Best is trial 0 with value: -0.6070628323553574.
[I 2026-07-24 02:23:53,867] Trial 1156 finished with value: 0.5358528038349271 and parameters: {'k1': 0.003719751372865979, 'D_low': 23.719056880589676, 'k2': 0.00012297698791854318, 'D_high': 146589.39028655563, 'fire_exp': 4.5184217008855745, 'P_half': 355.5342474646882, 'pre_dampen_half': 7.806247583007399, 'gpp_af': 0.01186377794958537, 'gpp_b': 1.6531885042186326e-05, 'gpp_d': 7.382589611448738, 'ign_k': 3.1561463280337896, 'ign_c': 0.258715005918743, 'trop_agb_crit': 16.407760247053037, 'trop_k_veg': 3.3504325098024603, 'fuel_k': 0.11939299380268117, 'fuel_half': 0.6995992150427389}. Best is trial 0 with value: -0.6070628323553574.
[I 2026-07-24 02:23:54,290] Trial 1157 finished with value: 0.421409787460413 and parameters: {'k1': 0.011009310321382054, 'D_low': 15.911281328916248, 'k2': 4.100235447742217e-05, 'D_high': 526822.7736895749, 'fire_exp': 1.3627209637001865, 'P_half': 39.990476845451816, 'pre_dampen_half': 2.443063344498468, 'gpp_af': 67.56787012953767, 'gpp_b': 0.010298802803695412, 'gpp_d': 124.26368831116666, 'ign_k': 0.02837598509486518, 'ign_c': 0.117224503555375, 'trop_agb_crit': 24.089652227912158, 'trop_k_veg': 4.0461398526741865, 'fuel_k': 4.050114075416326, 'fuel_half': 0.2528050078838913}. Best is trial 0 with value: -0.6070628323553574.
[I 2026-07-24 02:23:54,706] Trial 1158 finished with value: 0.5882444386751671 and parameters: {'k1': 0.0023297371191259176, 'D_low': 836.5336714344406, 'k2': 3.250928673455813e-05, 'D_high': 387963.43746423966, 'fire_exp': 1.2076377739515505, 'P_half': 334.6298049248982, 'pre_dampen_half': 0.19099945125868667, 'gpp_af': 0.006889247013140899, 'gpp_b': 0.1301120972461784, 'gpp_d': 675.8691490392038, 'ign_k': 0.9131823192983287, 'ign_c': 0.30750977929674295, 'trop_agb_crit': 9.41883339591135, 'trop_k_veg': 6.396686395229355, 'fuel_k': 1.2188501374856886, 'fuel_half': 0.20632027722258864}. Best is trial 0 with value: -0.6070628323553574.
[I 2026-07-24 02:23:55,125] Trial 1159 finished with value: -0.6104113392330761 and parameters: {'k1': 0.000323968485256419, 'D_low': 92.19893132516803, 'k2': 1.9314752418658017e-05, 'D_high': 950924.1487427288, 'fire_exp': 3.7066033586822362, 'P_half': 165.02030796177496, 'pre_dampen_half': 30.189996432941392, 'gpp_af': 0.10068911669821694, 'gpp_b': 0.0007497780592984817, 'gpp_d': 5.610689294112112, 'ign_k': 0.19542454603405765, 'ign_c': 1.8349669760151017, 'trop_agb_crit': 28.74135684675476, 'trop_k_veg': 4.405568186691176, 'fuel_k': 0.9763757492094614, 'fuel_half': 0.10008849579171912}. Best is trial 1159 with value: -0.6104113392330761.
[I 2026-07-24 02:23:55,543] Trial 1160 finished with value: -0.5988711890804114 and parameters: {'k1': 0.00021357070483767762, 'D_low': 87.44005791448312, 'k2': 0.00011587282509373097, 'D_high': 5671297.705556485, 'fire_exp': 3.5378707092463544, 'P_half': 221.45103851573901, 'pre_dampen_half': 88.48789193801315, 'gpp_af': 0.009846667910971713, 'gpp_b': 0.00016465702718271205, 'gpp_d': 149.27396275308823, 'ign_k': 0.16463391587153597, 'ign_c': 3.1485950058586263, 'trop_agb_crit': 15.030360704736564, 'trop_k_veg': 2.1232739538128755, 'fuel_k': 1.0563097385716413, 'fuel_half': 0.12858452181587704}. Best is trial 1159 with value: -0.6104113392330761.
[I 2026-07-24 02:23:55,961] Trial 1161 finished with value: 0.5470958170929558 and parameters: {'k1': 0.0019399614361128058, 'D_low': 692.0762055131952, 'k2': 0.00014239263507354128, 'D_high': 5705467.277308264, 'fire_exp': 8.160314692804521, 'P_half': 51.55216205228977, 'pre_dampen_half': 0.2699142655751709, 'gpp_af': 0.23623006834483298, 'gpp_b': 1.3986080510325912e-05, 'gpp_d': 14.071500581162413, 'ign_k': 1.0348699398156413, 'ign_c': 0.470353808987606, 'trop_agb_crit': 12.919133087604509, 'trop_k_veg': 0.6176574133929112, 'fuel_k': 0.6715881508081457, 'fuel_half': 0.10124005089553319}. Best is trial 1159 with value: -0.6104113392330761.
[I 2026-07-24 02:23:56,386] Trial 1162 finished with value: 0.5662063340917729 and parameters: {'k1': 3.158251744994605e-05, 'D_low': 760.4131521510224, 'k2': 0.00017109539255850902, 'D_high': 225207.2606515558, 'fire_exp': 2.520317664684741, 'P_half': 148.05740850609337, 'pre_dampen_half': 44.15448483481557, 'gpp_af': 0.002491422412181728, 'gpp_b': 0.00028963816488003003, 'gpp_d': 45.68252800661206, 'ign_k': 0.0039014686242556545, 'ign_c': 12.0153117093781, 'trop_agb_crit': 14.565264867032987, 'trop_k_veg': 1.311688019727472, 'fuel_k': 3.7991362391513066, 'fuel_half': 1.2307937729537781}. Best is trial 1159 with value: -0.6104113392330761.
[I 2026-07-24 02:23:56,807] Trial 1163 finished with value: -0.5698174291017294 and parameters: {'k1': 0.00026771779989057435, 'D_low': 27.650259539511477, 'k2': 0.0002308034172006798, 'D_high': 4730968.344206517, 'fire_exp': 3.0296366363841694, 'P_half': 726.2475023454133, 'pre_dampen_half': 843.0151449673584, 'gpp_af': 0.5095761520330018, 'gpp_b': 0.00034941879867409533, 'gpp_d': 197.89111623901275, 'ign_k': 0.5902992532125637, 'ign_c': 6.96981168442852, 'trop_agb_crit': 10.021632899210976, 'trop_k_veg': 2.9368039500150815, 'fuel_k': 1.2166133489446773, 'fuel_half': 0.29549565476857176}. Best is trial 1159 with value: -0.6104113392330761.
[I 2026-07-24 02:23:57,224] Trial 1164 finished with value: 0.47766986157370206 and parameters: {'k1': 0.000688520220176734, 'D_low': 7.078464590364548, 'k2': 0.00034660796552334625, 'D_high': 59097.6009313412, 'fire_exp': 4.641724917175978, 'P_half': 1.3919489164833656, 'pre_dampen_half': 12.693694639022308, 'gpp_af': 0.11704812355952306, 'gpp_b': 0.0010266647691086093, 'gpp_d': 4.766594239034544, 'ign_k': 0.4300938458880833, 'ign_c': 0.45622093881032527, 'trop_agb_crit': 27.403324171842502, 'trop_k_veg': 4.730221140681126, 'fuel_k': 2.463081819486319, 'fuel_half': 0.15966468709421636}. Best is trial 1159 with value: -0.6104113392330761.
[I 2026-07-24 02:23:57,644] Trial 1165 finished with value: 0.650768856862928 and parameters: {'k1': 0.00016305066268258058, 'D_low': 8545.898666579265, 'k2': 1.1402845004446135e-05, 'D_high': 216987.9142099139, 'fire_exp': 4.887750246679343, 'P_half': 2016.6208848002495, 'pre_dampen_half': 87.62557481167401, 'gpp_af': 0.10157230052921047, 'gpp_b': 0.5305087413452387, 'gpp_d': 59.33101317866537, 'ign_k': 0.004695284603677969, 'ign_c': 0.8848232631099934, 'trop_agb_crit': 21.558960872070518, 'trop_k_veg': 4.9466570542568515, 'fuel_k': 1.4190251907357112, 'fuel_half': 0.2618435372764807}. Best is trial 1159 with value: -0.6104113392330761.
[I 2026-07-24 02:23:58,062] Trial 1166 finished with value: 0.6027174953228647 and parameters: {'k1': 1.611511878347103e-05, 'D_low': 10.621716035486326, 'k2': 1.15467008950983e-05, 'D_high': 112011.98844814372, 'fire_exp': 4.337265957236017, 'P_half': 978.6535036407475, 'pre_dampen_half': 175.18402045715254, 'gpp_af': 0.5849323569397584, 'gpp_b': 0.00017468680234550353, 'gpp_d': 5.512052008047625, 'ign_k': 0.258767510610832, 'ign_c': 9.086178515259904, 'trop_agb_crit': 19.484638374379866, 'trop_k_veg': 4.803646283135155, 'fuel_k': 0.7927520229009964, 'fuel_half': 0.18842314331843318}. Best is trial 1159 with value: -0.6104113392330761.
[I 2026-07-24 02:23:58,484] Trial 1167 finished with value: 0.5603816761669975 and parameters: {'k1': 0.00013985844823976226, 'D_low': 375.80823682865343, 'k2': 1.9794515901833593e-05, 'D_high': 1231409.6751117785, 'fire_exp': 3.9224792145716054, 'P_half': 304.1089207140648, 'pre_dampen_half': 78.47024829745392, 'gpp_af': 0.17700693671733553, 'gpp_b': 7.021929343718293e-05, 'gpp_d': 290.6747433692033, 'ign_k': 0.04456257562165645, 'ign_c': 0.3057978502898899, 'trop_agb_crit': 18.721422973594436, 'trop_k_veg': 7.746122171372509, 'fuel_k': 0.47560604496779596, 'fuel_half': 0.20540657584793728}. Best is trial 1159 with value: -0.6104113392330761.
[I 2026-07-24 02:23:58,901] Trial 1168 finished with value: 0.5962495728895941 and parameters: {'k1': 0.0005737988748150682, 'D_low': 116.51013836099499, 'k2': 1.2225715921889189e-05, 'D_high': 1183339.8204662383, 'fire_exp': 4.272425141731469, 'P_half': 2231.9469858439047, 'pre_dampen_half': 144.0679282955144, 'gpp_af': 0.0028991876177355625, 'gpp_b': 5.846865716613001e-05, 'gpp_d': 242.25725142551335, 'ign_k': 0.03937358686304442, 'ign_c': 12.230967691877002, 'trop_agb_crit': 18.9477635794893, 'trop_k_veg': 1.4534111535278353, 'fuel_k': 0.5793284639561235, 'fuel_half': 0.10489445579777013}. Best is trial 1159 with value: -0.6104113392330761.
[I 2026-07-24 02:23:59,316] Trial 1169 finished with value: -0.5607344385935095 and parameters: {'k1': 0.0002294789776658065, 'D_low': 12.529005587235693, 'k2': 9.789156155605361e-05, 'D_high': 3713090.4932544935, 'fire_exp': 3.691065635177361, 'P_half': 231.86873418622542, 'pre_dampen_half': 57.10100284701544, 'gpp_af': 0.12639233756599663, 'gpp_b': 0.008668892024216555, 'gpp_d': 8.603532171882623, 'ign_k': 0.8577903063527178, 'ign_c': 2.769422954744226, 'trop_agb_crit': 19.07487254367714, 'trop_k_veg': 4.248629750632402, 'fuel_k': 0.7759301138406813, 'fuel_half': 0.1796412453908047}. Best is trial 1159 with value: -0.6104113392330761.
[I 2026-07-24 02:23:59,737] Trial 1170 finished with value: 0.5673291333999257 and parameters: {'k1': 0.0003207070561259248, 'D_low': 41.06621454419701, 'k2': 1.1186522686747092e-05, 'D_high': 3690.989368672921, 'fire_exp': 3.1071348871354543, 'P_half': 15.863479580970933, 'pre_dampen_half': 274.921813150931, 'gpp_af': 0.7361065792266525, 'gpp_b': 0.00150699496045403, 'gpp_d': 7.358438246351443, 'ign_k': 0.3841066320658517, 'ign_c': 0.7744922101289956, 'trop_agb_crit': 13.058781697326197, 'trop_k_veg': 3.7739859481084, 'fuel_k': 1.5662916603159074, 'fuel_half': 0.52646043423035}. Best is trial 1159 with value: -0.6104113392330761.
[I 2026-07-24 02:24:00,263] Trial 1171 finished with value: 0.5773680963260717 and parameters: {'k1': 2.4322110301974814e-05, 'D_low': 9266.216264254155, 'k2': 3.9797270206847645e-05, 'D_high': 1464835.912073006, 'fire_exp': 2.170063623668232, 'P_half': 3505.3418097458352, 'pre_dampen_half': 85.93990507085823, 'gpp_af': 0.02737329947055099, 'gpp_b': 0.00011384451276662344, 'gpp_d': 398.9933119626193, 'ign_k': 0.18007555246642698, 'ign_c': 1.2602529171858294, 'trop_agb_crit': 10.208373747539445, 'trop_k_veg': 2.198990522223351, 'fuel_k': 0.9327963482204891, 'fuel_half': 0.12107445668491182}. Best is trial 1159 with value: -0.6104113392330761.
[I 2026-07-24 02:24:00,687] Trial 1172 finished with value: -0.4853447990916777 and parameters: {'k1': 0.0010012149869513222, 'D_low': 18.203217349258093, 'k2': 0.00012049795057224328, 'D_high': 1884755.3545338411, 'fire_exp': 1.3802918474209211, 'P_half': 174.25078669115666, 'pre_dampen_half': 12.97404856910864, 'gpp_af': 0.34439793878767183, 'gpp_b': 2.1703476984481076e-05, 'gpp_d': 0.03476877860271485, 'ign_k': 0.07095244280536174, 'ign_c': 0.987340099948883, 'trop_agb_crit': 28.210809170388096, 'trop_k_veg': 2.7276792227619375, 'fuel_k': 0.9016683458748451, 'fuel_half': 0.18755988714879723}. Best is trial 1159 with value: -0.6104113392330761.
[I 2026-07-24 02:24:01,107] Trial 1173 finished with value: 0.6394225475057435 and parameters: {'k1': 0.0006650322558927782, 'D_low': 301696.82940172165, 'k2': 0.00018913960353863935, 'D_high': 2515919.7435466857, 'fire_exp': 1.1194045073609613, 'P_half': 13.422895569101344, 'pre_dampen_half': 0.031451885033829265, 'gpp_af': 14.44681530884902, 'gpp_b': 0.048355033594763314, 'gpp_d': 200.20065838159994, 'ign_k': 0.11046824197837364, 'ign_c': 2.789993111646687, 'trop_agb_crit': 2.885356790574948, 'trop_k_veg': 6.530726919942091, 'fuel_k': 5.036692628911518, 'fuel_half': 0.4147548891992416}. Best is trial 1159 with value: -0.6104113392330761.
[I 2026-07-24 02:24:01,528] Trial 1174 finished with value: 0.5771939878222271 and parameters: {'k1': 0.0019135626293591299, 'D_low': 2.2512683476397988, 'k2': 1.2872449925640904e-05, 'D_high': 964661.7759383005, 'fire_exp': 3.610638009256319, 'P_half': 861.2680309208164, 'pre_dampen_half': 8.554320605482703, 'gpp_af': 91.33756554679347, 'gpp_b': 0.029529134388201372, 'gpp_d': 136.97998117819594, 'ign_k': 0.2450569615209016, 'ign_c': 0.10058064146596432, 'trop_agb_crit': 19.774549557396938, 'trop_k_veg': 1.8063641625901836, 'fuel_k': 2.4687425455389076, 'fuel_half': 0.5257224762174865}. Best is trial 1159 with value: -0.6104113392330761.
[I 2026-07-24 02:24:01,944] Trial 1175 finished with value: 0.5751146569603078 and parameters: {'k1': 1.5947818471762016e-05, 'D_low': 15.093392017282998, 'k2': 0.00011180778114955511, 'D_high': 2625875.064016253, 'fire_exp': 2.403821524026267, 'P_half': 9.19286372429547, 'pre_dampen_half': 7.811643350210652, 'gpp_af': 0.014966351157638374, 'gpp_b': 0.004329225992375112, 'gpp_d': 981.9238918127065, 'ign_k': 0.11374224089947983, 'ign_c': 29.53371898948552, 'trop_agb_crit': 26.546707319360674, 'trop_k_veg': 3.2765187401969103, 'fuel_k': 3.576075053012383, 'fuel_half': 0.17546921444352231}. Best is trial 1159 with value: -0.6104113392330761.
[I 2026-07-24 02:24:02,365] Trial 1176 finished with value: -0.5841497216215304 and parameters: {'k1': 0.0020939922590025905, 'D_low': 411.3124998815573, 'k2': 0.0009036084762910569, 'D_high': 7700128.726880872, 'fire_exp': 3.4028595402636532, 'P_half': 99.53126809382015, 'pre_dampen_half': 11.235046930409023, 'gpp_af': 0.0033049535078903645, 'gpp_b': 5.442416194587052e-05, 'gpp_d': 0.8783479776597463, 'ign_k': 0.5996132586033486, 'ign_c': 0.1614894455005033, 'trop_agb_crit': 8.012353795624614, 'trop_k_veg': 6.079954088983465, 'fuel_k': 0.15518320694530213, 'fuel_half': 0.10722751038132856}. Best is trial 1159 with value: -0.6104113392330761.
[I 2026-07-24 02:24:02,785] Trial 1177 finished with value: 0.4889408157106143 and parameters: {'k1': 8.13021818429671e-05, 'D_low': 269.58406015544705, 'k2': 3.68684056659213e-05, 'D_high': 1817963.2315435577, 'fire_exp': 4.604859978596326, 'P_half': 216.21311484745962, 'pre_dampen_half': 25.38982979359, 'gpp_af': 0.08002970396871437, 'gpp_b': 0.00013855542468088625, 'gpp_d': 30.691659550596057, 'ign_k': 4.706169862043646, 'ign_c': 3.707879748697284, 'trop_agb_crit': 27.050384452141383, 'trop_k_veg': 2.5638009122545924, 'fuel_k': 1.1454500070092104, 'fuel_half': 0.30109024978542154}. Best is trial 1159 with value: -0.6104113392330761.
[I 2026-07-24 02:24:03,206] Trial 1178 finished with value: 0.592327963304697 and parameters: {'k1': 0.024065592724194042, 'D_low': 19604.588993370257, 'k2': 0.0001741440141887162, 'D_high': 76323.65287739757, 'fire_exp': 1.6541405247283092, 'P_half': 18.13402610956299, 'pre_dampen_half': 0.13286059437185221, 'gpp_af': 25.68961482133946, 'gpp_b': 9.158580497562513, 'gpp_d': 736.0869429939619, 'ign_k': 0.8575913966356047, 'ign_c': 0.2552623343432974, 'trop_agb_crit': 17.72650433596211, 'trop_k_veg': 1.07175570587348, 'fuel_k': 4.586376723096092, 'fuel_half': 1.9928460554162852}. Best is trial 1159 with value: -0.6104113392330761.
[I 2026-07-24 02:24:03,627] Trial 1179 finished with value: 0.5378380244588946 and parameters: {'k1': 0.0004137785860532287, 'D_low': 29.957770372022072, 'k2': 0.0015107572092351654, 'D_high': 82559.5508272729, 'fire_exp': 6.4612423853210545, 'P_half': 106.239170476848, 'pre_dampen_half': 7.900961447183806, 'gpp_af': 0.014919106221669825, 'gpp_b': 4.2140190883642016e-05, 'gpp_d': 54.93129364820107, 'ign_k': 7.019316206470865, 'ign_c': 0.9991578063163657, 'trop_agb_crit': 4.119535890932013, 'trop_k_veg': 1.4525721248259345, 'fuel_k': 0.1765331649212203, 'fuel_half': 0.4026859524090774}. Best is trial 1159 with value: -0.6104113392330761.
[I 2026-07-24 02:24:04,059] Trial 1180 finished with value: -0.5107090304980915 and parameters: {'k1': 9.177272564333835e-05, 'D_low': 1189.2725273042697, 'k2': 5.371110241068172e-05, 'D_high': 3937289.579911051, 'fire_exp': 6.869640399785864, 'P_half': 5.113368703849581, 'pre_dampen_half': 904.8106284626696, 'gpp_af': 16.546064108993065, 'gpp_b': 0.0012144424879374463, 'gpp_d': 30.78614316885319, 'ign_k': 0.22837268001001684, 'ign_c': 9.629056046228182, 'trop_agb_crit': 21.722171901257614, 'trop_k_veg': 1.1643620378039805, 'fuel_k': 1.1182916619346643, 'fuel_half': 0.10075391476018866}. Best is trial 1159 with value: -0.6104113392330761.
[I 2026-07-24 02:24:04,484] Trial 1181 finished with value: 0.48282780846178086 and parameters: {'k1': 0.05591461258355781, 'D_low': 828.9603445008512, 'k2': 0.002419828434690398, 'D_high': 491598.8241039237, 'fire_exp': 1.1545770888592441, 'P_half': 106.660686277733, 'pre_dampen_half': 0.10813941171030104, 'gpp_af': 0.6214102219800143, 'gpp_b': 0.0019112531906987813, 'gpp_d': 18.383235220556227, 'ign_k': 0.8248064146480371, 'ign_c': 0.9250160578874582, 'trop_agb_crit': 28.08624448692775, 'trop_k_veg': 2.741026128021584, 'fuel_k': 0.9380100031439567, 'fuel_half': 66.91435421419246}. Best is trial 1159 with value: -0.6104113392330761.
[I 2026-07-24 02:24:04,905] Trial 1182 finished with value: 0.5740430911126542 and parameters: {'k1': 5.804082389637625e-05, 'D_low': 14.097895700644953, 'k2': 0.00020403639117018394, 'D_high': 6748898.791702149, 'fire_exp': 2.833691568837298, 'P_half': 831.7501450943557, 'pre_dampen_half': 6.214657550233694, 'gpp_af': 0.2195305745225879, 'gpp_b': 0.001986051285358286, 'gpp_d': 172.40645564808398, 'ign_k': 0.03220448074411004, 'ign_c': 1.5079194178089188, 'trop_agb_crit': 27.271537756825296, 'trop_k_veg': 2.0055746406527417, 'fuel_k': 1.3240280690122468, 'fuel_half': 0.1916633825815735}. Best is trial 1159 with value: -0.6104113392330761.
[I 2026-07-24 02:24:05,323] Trial 1183 finished with value: 0.40427370088062786 and parameters: {'k1': 0.0004729671743402946, 'D_low': 65.44978797694056, 'k2': 2.4475885963799508e-05, 'D_high': 2752534.18116552, 'fire_exp': 2.9034691099917445, 'P_half': 101.66436636687624, 'pre_dampen_half': 7.957989256600887, 'gpp_af': 0.010022218697358906, 'gpp_b': 0.00010710038961975325, 'gpp_d': 605.5960482351156, 'ign_k': 0.11290484520594371, 'ign_c': 0.9467633475650974, 'trop_agb_crit': 17.683603749692924, 'trop_k_veg': 1.02879358344499, 'fuel_k': 2.8281192610611336, 'fuel_half': 0.1659887203486713}. Best is trial 1159 with value: -0.6104113392330761.
[I 2026-07-24 02:24:05,744] Trial 1184 finished with value: 0.49041311222425155 and parameters: {'k1': 0.002987000562625825, 'D_low': 27.623415881164078, 'k2': 6.357844059955591e-05, 'D_high': 6690983.049108388, 'fire_exp': 7.892024829691154, 'P_half': 114.50464290098597, 'pre_dampen_half': 10.756115809834805, 'gpp_af': 0.0011271287924736468, 'gpp_b': 1.8331267566077572e-05, 'gpp_d': 15.429095396553894, 'ign_k': 1.794347057309772, 'ign_c': 5.909735495737531, 'trop_agb_crit': 12.34713733340418, 'trop_k_veg': 2.836754337502632, 'fuel_k': 0.5738751615231524, 'fuel_half': 0.3920708370019763}. Best is trial 1159 with value: -0.6104113392330761.
[I 2026-07-24 02:24:06,160] Trial 1185 finished with value: 0.5990827978506875 and parameters: {'k1': 0.00012069909125116776, 'D_low': 261.77588560394236, 'k2': 6.75669103631408e-05, 'D_high': 7393381.068014794, 'fire_exp': 4.548473449710724, 'P_half': 2767.632253812411, 'pre_dampen_half': 178.7715104160502, 'gpp_af': 0.0026695421516664255, 'gpp_b': 0.00011275366191403892, 'gpp_d': 8.4195214044912, 'ign_k': 0.8535130638397127, 'ign_c': 2.147552566813385, 'trop_agb_crit': 10.281330305749202, 'trop_k_veg': 3.147288978181888, 'fuel_k': 0.9032045995529633, 'fuel_half': 0.10962332800893593}. Best is trial 1159 with value: -0.6104113392330761.
[I 2026-07-24 02:24:06,593] Trial 1186 finished with value: 0.6032678359920487 and parameters: {'k1': 0.001925743560470476, 'D_low': 128.48513008823133, 'k2': 0.00015474895999282177, 'D_high': 128071.59201131815, 'fire_exp': 4.647839644967931, 'P_half': 43.90554806914674, 'pre_dampen_half': 4.185488541137072, 'gpp_af': 43.38789117749637, 'gpp_b': 0.20799999883564654, 'gpp_d': 6.331866138404275, 'ign_k': 0.42162413787864783, 'ign_c': 0.3714782798393476, 'trop_agb_crit': 7.470254634619072, 'trop_k_veg': 1.509473015691955, 'fuel_k': 3.3813373137062666, 'fuel_half': 2.026499722306112}. Best is trial 1159 with value: -0.6104113392330761.
[I 2026-07-24 02:24:07,013] Trial 1187 finished with value: 0.5803428691170232 and parameters: {'k1': 0.0006876175170846406, 'D_low': 368.64761230271404, 'k2': 0.00017635591138752223, 'D_high': 567936.5694269484, 'fire_exp': 2.892063516398449, 'P_half': 749.0150416185594, 'pre_dampen_half': 214.16757741725607, 'gpp_af': 0.024797629676530084, 'gpp_b': 0.0007624232932643076, 'gpp_d': 89.38926305982145, 'ign_k': 0.02554636567573984, 'ign_c': 0.8804138410280317, 'trop_agb_crit': 5.458429113911144, 'trop_k_veg': 2.084181592183146, 'fuel_k': 0.1946642811138577, 'fuel_half': 0.513067459611152}. Best is trial 1159 with value: -0.6104113392330761.
[I 2026-07-24 02:24:07,435] Trial 1188 finished with value: 0.5819973149442161 and parameters: {'k1': 0.0006994478139811113, 'D_low': 5.747428212435243, 'k2': 1.4775074056416413e-05, 'D_high': 2272727.085202803, 'fire_exp': 2.3002435469879994, 'P_half': 11.53827358414344, 'pre_dampen_half': 33.745888087202175, 'gpp_af': 0.044642616832212934, 'gpp_b': 0.03348471744476741, 'gpp_d': 0.10631188957459795, 'ign_k': 0.03499446997019237, 'ign_c': 5.919786285271076, 'trop_agb_crit': 25.280231649908508, 'trop_k_veg': 6.474294305293193, 'fuel_k': 0.4325017882660003, 'fuel_half': 0.16568638742714206}. Best is trial 1159 with value: -0.6104113392330761.
