[I 2026-07-24 02:23:10,499] Trial 1053 finished with value: 0.6445374145881376 and parameters: {'k1': 0.0013538793203437143, 'D_low': 436.07529943220413, 'k2': 0.00027744567003718955, 'D_high': 1940594.688465326, 'fire_exp': 1.0176785658824241, 'P_half': 2.0178855213289166, 'pre_dampen_half': 0.43526261321427145, 'gpp_af': 28.51467461809874, 'gpp_b': 3.2963827690164034, 'gpp_d': 632.1232625595406, 'ign_k': 0.16460739227265966, 'ign_c': 129.11432142350964, 'trop_agb_crit': 4.596661984305099, 'trop_k_veg': 4.37573501721367, 'fuel_k': 3.144460395111815, 'fuel_half': 0.4542382632056888}. Best is trial 0 with value: -0.6070628323553574.
[I 2026-07-24 02:23:10,914] Trial 1054 finished with value: 0.5810717423250841 and parameters: {'k1': 0.0009693784292970169, 'D_low': 8460.267802229642, 'k2': 0.00010194441600232638, 'D_high': 22482.507606759402, 'fire_exp': 1.0063938491235505, 'P_half': 19.151122050478218, 'pre_dampen_half': 0.04275635309636304, 'gpp_af': 0.2417215760452141, 'gpp_b': 0.02173609772594394, 'gpp_d': 727.4208141398636, 'ign_k': 1.2107168685325225, 'ign_c': 0.2021492234327059, 'trop_agb_crit': 5.163199240582945, 'trop_k_veg': 4.208403868084066, 'fuel_k': 0.07382143232359178, 'fuel_half': 1.008294137317727}. Best is trial 0 with value: -0.6070628323553574.
[I 2026-07-24 02:23:11,331] Trial 1055 finished with value: 0.5790527290508222 and parameters: {'k1': 0.003202975707976542, 'D_low': 46.632328147683076, 'k2': 0.00029075726794159095, 'D_high': 3052382.98202018, 'fire_exp': 1.0772294937302236, 'P_half': 31.441092646258475, 'pre_dampen_half': 3.00960710663794, 'gpp_af': 0.012641224757138731, 'gpp_b': 0.07444166271284863, 'gpp_d': 158.22735551646738, 'ign_k': 0.37984277526193466, 'ign_c': 0.5250572204092251, 'trop_agb_crit': 6.783466190439267, 'trop_k_veg': 0.6779604823732641, 'fuel_k': 1.900096008630591, 'fuel_half': 13.197292746814037}. Best is trial 0 with value: -0.6070628323553574.
[I 2026-07-24 02:23:11,750] Trial 1056 finished with value: 0.4456284952237156 and parameters: {'k1': 0.009829763684638572, 'D_low': 1836.6089786695725, 'k2': 0.0010676943046890426, 'D_high': 8068598.709712287, 'fire_exp': 1.030199257327381, 'P_half': 16.619788355566943, 'pre_dampen_half': 5.985104921539853, 'gpp_af': 0.014267806556350453, 'gpp_b': 0.00013912155452319852, 'gpp_d': 121.02391146608714, 'ign_k': 7.600684510301297, 'ign_c': 1.0848764825250319, 'trop_agb_crit': 8.09710292854609, 'trop_k_veg': 4.687648534730744, 'fuel_k': 0.45830368005901634, 'fuel_half': 0.6250874315357762}. Best is trial 0 with value: -0.6070628323553574.
[I 2026-07-24 02:23:12,166] Trial 1057 finished with value: 0.4323011668020694 and parameters: {'k1': 0.005119594442447175, 'D_low': 1.8819424738390493, 'k2': 1.12959832814183e-05, 'D_high': 1020118.835469987, 'fire_exp': 1.2488511038218988, 'P_half': 1.2619300305427508, 'pre_dampen_half': 0.3731996811324737, 'gpp_af': 26.13621200409393, 'gpp_b': 0.0049944027361412315, 'gpp_d': 629.8931996223696, 'ign_k': 0.005553400093271434, 'ign_c': 2.803933374154203, 'trop_agb_crit': 23.595081263607337, 'trop_k_veg': 1.7591699443357784, 'fuel_k': 2.0932098252062925, 'fuel_half': 0.13961216684003416}. Best is trial 0 with value: -0.6070628323553574.
[I 2026-07-24 02:23:12,583] Trial 1058 finished with value: 0.49424765312988617 and parameters: {'k1': 0.00012263463326314905, 'D_low': 1.525583722682811, 'k2': 9.514482731644373e-05, 'D_high': 4599263.381587599, 'fire_exp': 1.8001608502237072, 'P_half': 419.2453593158695, 'pre_dampen_half': 5.079144047077533, 'gpp_af': 0.0010432196027991873, 'gpp_b': 0.0005394753474773741, 'gpp_d': 0.18144172264838845, 'ign_k': 0.4964131660963811, 'ign_c': 1.7719962162274991, 'trop_agb_crit': 8.316124217066683, 'trop_k_veg': 3.0603198436231627, 'fuel_k': 2.118167704598898, 'fuel_half': 0.8514848522176488}. Best is trial 0 with value: -0.6070628323553574.
[I 2026-07-24 02:23:13,007] Trial 1059 finished with value: 0.45803735989543726 and parameters: {'k1': 0.00048226941376503755, 'D_low': 191.83435776046954, 'k2': 2.0337353967549287e-05, 'D_high': 1591394.6435015362, 'fire_exp': 1.1849045614432443, 'P_half': 6.869474461330483, 'pre_dampen_half': 2.262310611466227, 'gpp_af': 71.92167757850308, 'gpp_b': 0.10937620009917264, 'gpp_d': 271.45169633935797, 'ign_k': 0.264205954506669, 'ign_c': 0.49554784297092286, 'trop_agb_crit': 19.183749395980158, 'trop_k_veg': 2.6523343694272357, 'fuel_k': 2.1503251618542416, 'fuel_half': 0.24159013499412}. Best is trial 0 with value: -0.6070628323553574.
[I 2026-07-24 02:23:13,422] Trial 1060 finished with value: 0.46460745459501707 and parameters: {'k1': 0.0025313336194607463, 'D_low': 212.90857672202503, 'k2': 4.2674233943423104e-05, 'D_high': 2700811.0717562893, 'fire_exp': 1.2671600776153125, 'P_half': 52.33560253289807, 'pre_dampen_half': 0.2032971559878637, 'gpp_af': 9.907468540853028, 'gpp_b': 0.3860246793591762, 'gpp_d': 840.7377484585589, 'ign_k': 0.02354687887126532, 'ign_c': 0.24642096131356872, 'trop_agb_crit': 26.01142516273212, 'trop_k_veg': 1.858591572470436, 'fuel_k': 1.5074185955969397, 'fuel_half': 0.15098718621252624}. Best is trial 0 with value: -0.6070628323553574.
[I 2026-07-24 02:23:13,837] Trial 1061 finished with value: 0.5816182514572421 and parameters: {'k1': 0.0014947044557826806, 'D_low': 92.30150764128052, 'k2': 1.706476349008137e-05, 'D_high': 158726.4023402373, 'fire_exp': 2.6082799407928148, 'P_half': 15.637619282635718, 'pre_dampen_half': 0.6883979632593844, 'gpp_af': 7.078199508296091, 'gpp_b': 9.88458419339161, 'gpp_d': 137.13701031806795, 'ign_k': 3.3244940468987894, 'ign_c': 0.9517856494381707, 'trop_agb_crit': 17.434113703945172, 'trop_k_veg': 2.5239408432619777, 'fuel_k': 3.6078164883595347, 'fuel_half': 1.5807519139034114}. Best is trial 0 with value: -0.6070628323553574.
[I 2026-07-24 02:23:14,249] Trial 1062 finished with value: -0.5773182765637439 and parameters: {'k1': 0.0005465064240502485, 'D_low': 95.23787364177579, 'k2': 1.6956376668942163e-05, 'D_high': 631336.4487169901, 'fire_exp': 1.3437280848069644, 'P_half': 5.342634983654125, 'pre_dampen_half': 6.228561965401648, 'gpp_af': 0.06281731369635009, 'gpp_b': 0.0029096113811934486, 'gpp_d': 10.5234569495196, 'ign_k': 3.7973557972861935, 'ign_c': 23.90077973557586, 'trop_agb_crit': 24.81493962161435, 'trop_k_veg': 5.770909787706412, 'fuel_k': 2.5510888613424716, 'fuel_half': 21.47901179151991}. Best is trial 0 with value: -0.6070628323553574.
[I 2026-07-24 02:23:14,665] Trial 1063 finished with value: -0.5549070221037079 and parameters: {'k1': 0.02140509500704697, 'D_low': 1.9545593313674754, 'k2': 3.7020695658209465e-05, 'D_high': 56271.730165540146, 'fire_exp': 1.0367992057630557, 'P_half': 200.07849072600646, 'pre_dampen_half': 0.17334990600826902, 'gpp_af': 0.17130249589951665, 'gpp_b': 0.0006938876183565421, 'gpp_d': 931.1729425598888, 'ign_k': 0.0036763878461785852, 'ign_c': 1.6389827408013602, 'trop_agb_crit': 3.898816078750067, 'trop_k_veg': 2.9509431618891675, 'fuel_k': 4.750074085136642, 'fuel_half': 0.16750690203326646}. Best is trial 0 with value: -0.6070628323553574.
[I 2026-07-24 02:23:15,085] Trial 1064 finished with value: 0.5521468525968556 and parameters: {'k1': 0.00012171872324787636, 'D_low': 246.49939474667892, 'k2': 5.42781333270337e-05, 'D_high': 2819713.585548404, 'fire_exp': 2.6185622713652688, 'P_half': 138.6635644953786, 'pre_dampen_half': 0.2225284486575157, 'gpp_af': 0.006032613365612943, 'gpp_b': 0.0005710486745286238, 'gpp_d': 0.3032682979317978, 'ign_k': 0.445747827518001, 'ign_c': 0.35754939759775195, 'trop_agb_crit': 21.45957378655224, 'trop_k_veg': 1.5638681222034525, 'fuel_k': 0.5056343047662477, 'fuel_half': 0.24979897470372248}. Best is trial 0 with value: -0.6070628323553574.
[I 2026-07-24 02:23:15,507] Trial 1065 finished with value: 0.4526202416909342 and parameters: {'k1': 0.00022352660939894655, 'D_low': 157.454248765417, 'k2': 0.002595495312047586, 'D_high': 9435093.052323828, 'fire_exp': 1.9224664083831597, 'P_half': 112.34551534513598, 'pre_dampen_half': 3.724890018520458, 'gpp_af': 0.0015146248133780724, 'gpp_b': 1.3810347597560881e-05, 'gpp_d': 1.4600626304936406, 'ign_k': 0.08213053406725165, 'ign_c': 0.624432597827886, 'trop_agb_crit': 12.181378766185297, 'trop_k_veg': 2.4104560452552386, 'fuel_k': 0.35296356856802624, 'fuel_half': 2.2707383568272967}. Best is trial 0 with value: -0.6070628323553574.
[I 2026-07-24 02:23:15,926] Trial 1066 finished with value: -0.5869253973330408 and parameters: {'k1': 0.002325184778695235, 'D_low': 1411.0340337827788, 'k2': 0.00012377093856382403, 'D_high': 1570476.0079917775, 'fire_exp': 1.1334542718901315, 'P_half': 135.28692989204325, 'pre_dampen_half': 0.9885028373067353, 'gpp_af': 0.10270062674972474, 'gpp_b': 0.021560663731425497, 'gpp_d': 235.4370636589161, 'ign_k': 0.3674340209369268, 'ign_c': 0.2359013498659736, 'trop_agb_crit': 11.315023298357412, 'trop_k_veg': 5.17197684512915, 'fuel_k': 0.8391784421129865, 'fuel_half': 0.22590193310839907}. Best is trial 0 with value: -0.6070628323553574.
[I 2026-07-24 02:23:16,344] Trial 1067 finished with value: 0.6026590189405692 and parameters: {'k1': 0.0006577700028688195, 'D_low': 1062.593438811497, 'k2': 0.009298835016702136, 'D_high': 4207.438794292156, 'fire_exp': 2.3933567769544726, 'P_half': 3.988305108793209, 'pre_dampen_half': 1.1525876641332133, 'gpp_af': 53.870853504948926, 'gpp_b': 0.0035181217439236943, 'gpp_d': 42.158375579923, 'ign_k': 0.026989728608940083, 'ign_c': 2.4222288679963553, 'trop_agb_crit': 4.261961740057328, 'trop_k_veg': 2.551764920664783, 'fuel_k': 0.42894081903002423, 'fuel_half': 0.418625163861199}. Best is trial 0 with value: -0.6070628323553574.
[I 2026-07-24 02:23:16,764] Trial 1068 finished with value: 0.5246754370340085 and parameters: {'k1': 2.1259439320265646e-05, 'D_low': 574.2423707907664, 'k2': 0.00019042322871676612, 'D_high': 4036581.846926248, 'fire_exp': 5.411207346971995, 'P_half': 77.6165111567747, 'pre_dampen_half': 9.431114417238549, 'gpp_af': 0.12760920937593695, 'gpp_b': 4.3709756023890916e-05, 'gpp_d': 19.191604475126532, 'ign_k': 0.5258068157212666, 'ign_c': 0.5004388364642922, 'trop_agb_crit': 12.003139747627547, 'trop_k_veg': 1.7791342925614728, 'fuel_k': 2.0551355801506217, 'fuel_half': 0.13915739481813358}. Best is trial 0 with value: -0.6070628323553574.
[I 2026-07-24 02:23:17,178] Trial 1069 finished with value: 0.4692617940810697 and parameters: {'k1': 0.0014076641431888224, 'D_low': 7331.041011640109, 'k2': 3.806947164674956e-05, 'D_high': 118549.30505032482, 'fire_exp': 1.2022000409066413, 'P_half': 1.072291649104307, 'pre_dampen_half': 2.467268479949152, 'gpp_af': 1.8718735276290233, 'gpp_b': 0.17074769541300772, 'gpp_d': 348.1431273272979, 'ign_k': 0.004144615788694294, 'ign_c': 1.3001665421832034, 'trop_agb_crit': 2.763376063071055, 'trop_k_veg': 4.34537318821108, 'fuel_k': 1.5813473068702615, 'fuel_half': 0.17216615954539363}. Best is trial 0 with value: -0.6070628323553574.
[I 2026-07-24 02:23:17,597] Trial 1070 finished with value: 0.46619831999118255 and parameters: {'k1': 0.010911395438116589, 'D_low': 1761.158647937474, 'k2': 9.133856426697556e-05, 'D_high': 2196944.99266847, 'fire_exp': 1.156151669147098, 'P_half': 517.8459986875458, 'pre_dampen_half': 0.06210867970703541, 'gpp_af': 0.023787936101583293, 'gpp_b': 0.0016584521508072533, 'gpp_d': 20.85790008505819, 'ign_k': 3.2857647178092937, 'ign_c': 0.1437914614880756, 'trop_agb_crit': 8.6473796152846, 'trop_k_veg': 6.4701030743626315, 'fuel_k': 2.568878568360599, 'fuel_half': 0.22748509890194854}. Best is trial 0 with value: -0.6070628323553574.
[I 2026-07-24 02:23:18,018] Trial 1071 finished with value: -0.5557039078781459 and parameters: {'k1': 0.003173067996376848, 'D_low': 9.59419004083563, 'k2': 1.1515967083852234e-05, 'D_high': 71744.23483782679, 'fire_exp': 1.43091228735678, 'P_half': 15.272632098927227, 'pre_dampen_half': 0.31797321941042767, 'gpp_af': 24.265991272884964, 'gpp_b': 0.04066486569339879, 'gpp_d': 487.907732179709, 'ign_k': 2.0201147988844537, 'ign_c': 0.7285993595658311, 'trop_agb_crit': 29.958056620716004, 'trop_k_veg': 1.0833835408176598, 'fuel_k': 5.263588723297909, 'fuel_half': 1.5557236188526335}. Best is trial 0 with value: -0.6070628323553574.
[I 2026-07-24 02:23:18,435] Trial 1072 finished with value: 0.6010311151725584 and parameters: {'k1': 0.0016967092497839416, 'D_low': 55080.01962060565, 'k2': 0.0002778837588380548, 'D_high': 2155220.2210268546, 'fire_exp': 1.2313897849430622, 'P_half': 140.00581762376936, 'pre_dampen_half': 0.03432676488298184, 'gpp_af': 0.35847763533696253, 'gpp_b': 0.004994865116899563, 'gpp_d': 328.5840690822075, 'ign_k': 0.8673283269805314, 'ign_c': 0.7414813295031707, 'trop_agb_crit': 19.413769632233752, 'trop_k_veg': 5.388206712518939, 'fuel_k': 0.7764224603701522, 'fuel_half': 0.1034921501178772}. Best is trial 0 with value: -0.6070628323553574.
[I 2026-07-24 02:23:18,853] Trial 1073 finished with value: 0.49563613868280343 and parameters: {'k1': 0.00016247192221496086, 'D_low': 28.190141655092514, 'k2': 3.289818678641232e-05, 'D_high': 55080.90885543096, 'fire_exp': 2.2877228537538694, 'P_half': 27.50309420211195, 'pre_dampen_half': 2.145329520394378, 'gpp_af': 16.862632900357447, 'gpp_b': 0.11325101248134209, 'gpp_d': 516.3817424895323, 'ign_k': 0.2686324170829265, 'ign_c': 0.4550740286204741, 'trop_agb_crit': 24.032025156337564, 'trop_k_veg': 4.109921648927323, 'fuel_k': 2.0437162566617557, 'fuel_half': 0.6288234024564467}. Best is trial 0 with value: -0.6070628323553574.
[I 2026-07-24 02:23:19,270] Trial 1074 finished with value: 0.5670894622261105 and parameters: {'k1': 0.00017978549553796997, 'D_low': 140.61900317461834, 'k2': 5.2903427477928935e-05, 'D_high': 1583428.331838652, 'fire_exp': 4.834729671441128, 'P_half': 519.6986588917805, 'pre_dampen_half': 0.8354204286012583, 'gpp_af': 0.008792019851582827, 'gpp_b': 6.720950323074089e-05, 'gpp_d': 2.4580373387687793, 'ign_k': 2.130894965062972, 'ign_c': 13.396857283419644, 'trop_agb_crit': 15.508180685470519, 'trop_k_veg': 1.6318521805810289, 'fuel_k': 2.9389440789243695, 'fuel_half': 0.5775492585787879}. Best is trial 0 with value: -0.6070628323553574.
[I 2026-07-24 02:23:19,782] Trial 1075 finished with value: 0.5704386602944655 and parameters: {'k1': 0.00018288303241528086, 'D_low': 28.47380908726012, 'k2': 0.00010557290967282624, 'D_high': 5998464.866292756, 'fire_exp': 4.4067106224261465, 'P_half': 644.1201807033739, 'pre_dampen_half': 3.6062769682900178, 'gpp_af': 0.012433141918356143, 'gpp_b': 0.00010466546211109558, 'gpp_d': 296.998329623977, 'ign_k': 6.115704511351463, 'ign_c': 1.592842559601712, 'trop_agb_crit': 23.15686710427018, 'trop_k_veg': 0.8532237918967821, 'fuel_k': 0.7971368910585201, 'fuel_half': 0.1452067716232086}. Best is trial 0 with value: -0.6070628323553574.
[I 2026-07-24 02:23:20,197] Trial 1076 finished with value: -0.604743433280507 and parameters: {'k1': 0.0037521857061567957, 'D_low': 13.440903647183518, 'k2': 5.6084938372274056e-05, 'D_high': 6889971.226882429, 'fire_exp': 1.1491815344220657, 'P_half': 297.4431234681789, 'pre_dampen_half': 0.29617747769451613, 'gpp_af': 44.1981214835108, 'gpp_b': 2.2946586097794515, 'gpp_d': 447.0014584104369, 'ign_k': 0.17437921263295555, 'ign_c': 0.7427201051260719, 'trop_agb_crit': 23.062717339776373, 'trop_k_veg': 1.7925790094023768, 'fuel_k': 5.363190073609937, 'fuel_half': 1.3898849888984917}. Best is trial 0 with value: -0.6070628323553574.
[I 2026-07-24 02:23:20,621] Trial 1077 finished with value: -0.5979423028618046 and parameters: {'k1': 0.00361284795945191, 'D_low': 81.72967972681303, 'k2': 1.2423978398211332e-05, 'D_high': 7414810.229757773, 'fire_exp': 2.026696429677598, 'P_half': 222.3806035954791, 'pre_dampen_half': 0.9905936063035424, 'gpp_af': 59.41049451141582, 'gpp_b': 0.6251971704154443, 'gpp_d': 224.1138613811512, 'ign_k': 2.3877016509290665, 'ign_c': 0.16434201183802352, 'trop_agb_crit': 16.101641281509128, 'trop_k_veg': 1.937618619578477, 'fuel_k': 4.890487619321789, 'fuel_half': 0.7919230045198034}. Best is trial 0 with value: -0.6070628323553574.
[I 2026-07-24 02:23:21,038] Trial 1078 finished with value: 0.5510981586082336 and parameters: {'k1': 0.007090249141689449, 'D_low': 236.849672157683, 'k2': 0.0003402139122581599, 'D_high': 152469.5546699497, 'fire_exp': 3.1481680459140775, 'P_half': 847.8284556355866, 'pre_dampen_half': 20.715118857486612, 'gpp_af': 11.013783693184552, 'gpp_b': 2.5902107766604194, 'gpp_d': 966.4724782700556, 'ign_k': 1.3171469366929867, 'ign_c': 0.5605652094069403, 'trop_agb_crit': 8.300886883718153, 'trop_k_veg': 3.123141632547151, 'fuel_k': 1.154759767252539, 'fuel_half': 0.458249037649944}. Best is trial 0 with value: -0.6070628323553574.
[I 2026-07-24 02:23:21,476] Trial 1079 finished with value: 0.515747131518894 and parameters: {'k1': 0.008397585215137575, 'D_low': 1.8303328334492823, 'k2': 9.614120613086723e-05, 'D_high': 523944.1637563772, 'fire_exp': 1.4500802554829657, 'P_half': 1144.553922637604, 'pre_dampen_half': 4.365921761053796, 'gpp_af': 67.01342023992018, 'gpp_b': 2.3479377826146113, 'gpp_d': 429.3525848419994, 'ign_k': 0.07613351145513733, 'ign_c': 1.6588273528134008, 'trop_agb_crit': 8.138826527788174, 'trop_k_veg': 0.5455096124776645, 'fuel_k': 2.105615720142562, 'fuel_half': 2.300702860461765}. Best is trial 0 with value: -0.6070628323553574.
[I 2026-07-24 02:23:21,895] Trial 1080 finished with value: 0.5300197150434913 and parameters: {'k1': 0.003302076555037483, 'D_low': 13.620873292593615, 'k2': 1.8023440579516307e-05, 'D_high': 5295008.089146829, 'fire_exp': 3.699931164671661, 'P_half': 71.82142352031751, 'pre_dampen_half': 0.45765406213897114, 'gpp_af': 24.365385433234785, 'gpp_b': 0.28085290227876647, 'gpp_d': 672.5401533794192, 'ign_k': 0.05334073428423401, 'ign_c': 0.16210692226366077, 'trop_agb_crit': 19.316650996851173, 'trop_k_veg': 4.560897280565862, 'fuel_k': 5.367834266284775, 'fuel_half': 1.367199906318091}. Best is trial 0 with value: -0.6070628323553574.
[I 2026-07-24 02:23:22,313] Trial 1081 finished with value: 0.4325463687403843 and parameters: {'k1': 0.0009500274286916169, 'D_low': 19.13311123887686, 'k2': 1.3754463621838942e-05, 'D_high': 7944343.448126682, 'fire_exp': 1.0935956627685361, 'P_half': 1.7996553373177144, 'pre_dampen_half': 0.052309540043563085, 'gpp_af': 5.749567517948821, 'gpp_b': 0.08914443330018865, 'gpp_d': 624.959677117964, 'ign_k': 5.076448509792943, 'ign_c': 0.8661894201998013, 'trop_agb_crit': 4.637569623620069, 'trop_k_veg': 3.111915840783589, 'fuel_k': 1.765492232022804, 'fuel_half': 0.5246806754514839}. Best is trial 0 with value: -0.6070628323553574.
[I 2026-07-24 02:23:22,732] Trial 1082 finished with value: 0.48829296487462936 and parameters: {'k1': 0.0018562917939815501, 'D_low': 6.618778962302998, 'k2': 0.00014775381644685585, 'D_high': 104248.20993778836, 'fire_exp': 8.35283923909069, 'P_half': 5.36973003960634, 'pre_dampen_half': 193.35470184280413, 'gpp_af': 0.2219319772887866, 'gpp_b': 1.4454383938081244e-05, 'gpp_d': 8.940462504643516, 'ign_k': 1.5207959428723345, 'ign_c': 11.763648638872272, 'trop_agb_crit': 16.044837592650364, 'trop_k_veg': 0.5325842374806141, 'fuel_k': 2.17111362439426, 'fuel_half': 0.1745686564491922}. Best is trial 0 with value: -0.6070628323553574.
[I 2026-07-24 02:23:23,157] Trial 1083 finished with value: 0.5603732537037617 and parameters: {'k1': 0.00016701100852007278, 'D_low': 11.085092247472478, 'k2': 1.5386645025527407e-05, 'D_high': 79590.86942743874, 'fire_exp': 1.6732665617004927, 'P_half': 41.6784737307023, 'pre_dampen_half': 0.06397337936791303, 'gpp_af': 12.506893333313247, 'gpp_b': 0.006164599254211906, 'gpp_d': 141.37195710693504, 'ign_k': 0.0025941826235621507, 'ign_c': 0.15481546333686144, 'trop_agb_crit': 26.150512858375457, 'trop_k_veg': 1.8807634638266817, 'fuel_k': 4.414227231663892, 'fuel_half': 0.13934846915064003}. Best is trial 0 with value: -0.6070628323553574.
[I 2026-07-24 02:23:23,576] Trial 1084 finished with value: 0.6110602303115044 and parameters: {'k1': 0.005385080283530317, 'D_low': 14.42665821905688, 'k2': 2.5808333966122932e-05, 'D_high': 327293.46509287524, 'fire_exp': 3.4804824160687056, 'P_half': 315.77147070141154, 'pre_dampen_half': 0.040770291116247186, 'gpp_af': 70.73701825477967, 'gpp_b': 0.9216787139930475, 'gpp_d': 10.380504662490981, 'ign_k': 0.6070844006082005, 'ign_c': 0.2264558364829175, 'trop_agb_crit': 8.808690501552572, 'trop_k_veg': 1.326215240381203, 'fuel_k': 3.892994230997202, 'fuel_half': 0.19200094626297548}. Best is trial 0 with value: -0.6070628323553574.
[I 2026-07-24 02:23:24,006] Trial 1085 finished with value: 0.5233656536695768 and parameters: {'k1': 0.00014906078045323704, 'D_low': 6828.159146052186, 'k2': 6.249213294803981e-05, 'D_high': 5233862.361312949, 'fire_exp': 1.0292214535585096, 'P_half': 15.780698207689781, 'pre_dampen_half': 0.016931006338079216, 'gpp_af': 0.01639090741638346, 'gpp_b': 0.000421085659918944, 'gpp_d': 174.2496359668612, 'ign_k': 0.2113883490374983, 'ign_c': 0.9976436390687079, 'trop_agb_crit': 13.353397447983108, 'trop_k_veg': 1.7587491116737508, 'fuel_k': 4.111996202106048, 'fuel_half': 6.622176363484542}. Best is trial 0 with value: -0.6070628323553574.
[I 2026-07-24 02:23:24,421] Trial 1086 finished with value: 0.5860028711535316 and parameters: {'k1': 0.009330217626486644, 'D_low': 635.3158424206064, 'k2': 3.478197941770558e-05, 'D_high': 9501798.40755885, 'fire_exp': 3.3177908242274583, 'P_half': 791.7798790390065, 'pre_dampen_half': 0.8207259431487515, 'gpp_af': 7.288222324923985, 'gpp_b': 0.12228337842385699, 'gpp_d': 4.08488094325185, 'ign_k': 3.2694682708432725, 'ign_c': 0.9182657173401443, 'trop_agb_crit': 16.99073375741485, 'trop_k_veg': 1.7526826427930036, 'fuel_k': 0.45184093648810203, 'fuel_half': 2.8242742596428476}. Best is trial 0 with value: -0.6070628323553574.
