[I 2026-08-06 09:01:29,469] Trial 749 finished with values: [10.719662889850957, 10.719662889850957] and parameters: {'k1': 0.004312951023617458, 'D_low': 2.143851363193517, 'k2': 0.032845299795769424, 'D_high': 2940.51756322311, 'fire_exp': 3.4606786740074256, 'P_half': 221.2683656611821, 'pre_dampen_half': 0.3601956766557959, 'gpp_af': 1.1409619915696267, 'gpp_b': 1.5385046399532158e-05, 'gpp_d': 150.14555442537656, 'ign_k': 0.12329098365270515, 'ign_c': 0.24989960578908887, 'trop_agb_crit': 10.965064494899984, 'trop_k_veg': 2.520089655463604}.
[I 2026-08-06 09:01:30,652] Trial 750 finished with values: [-0.5946725370452913, 0.7947019747069365] and parameters: {'k1': 0.004312951023617458, 'D_low': 4.484744524732794, 'k2': 0.03538758864779238, 'D_high': 25628.666000163565, 'fire_exp': 1.0629462657398439, 'P_half': 12.808863354047988, 'pre_dampen_half': 502.5175192217655, 'gpp_af': 0.7539992074650279, 'gpp_b': 0.0054502936945582505, 'gpp_d': 229.41380323183625, 'ign_k': 8.708806168038567, 'ign_c': 1.2389052918551067, 'trop_agb_crit': 1.14876138417489, 'trop_k_veg': 2.520089655463604}.
[I 2026-08-06 09:01:31,823] Trial 751 finished with values: [10.032743938687387, 10.032743938687387] and parameters: {'k1': 0.004312951023617458, 'D_low': 2.143851363193517, 'k2': 0.032845299795769424, 'D_high': 2940.51756322311, 'fire_exp': 1.353841071397002, 'P_half': 5.232779509048979, 'pre_dampen_half': 552.4163637315892, 'gpp_af': 0.1476584299248268, 'gpp_b': 0.0005752434266899163, 'gpp_d': 150.14555442537656, 'ign_k': 0.12329098365270515, 'ign_c': 8.40543912931368, 'trop_agb_crit': 1.6079844205915728, 'trop_k_veg': 1.0594599158279707}.
[I 2026-08-06 09:01:33,049] Trial 752 finished with values: [10.058356375550884, 10.058356375550884] and parameters: {'k1': 0.01889771394135163, 'D_low': 5.59983195169599, 'k2': 0.032845299795769424, 'D_high': 2940.51756322311, 'fire_exp': 1.1174086754605184, 'P_half': 276.27089412392087, 'pre_dampen_half': 107.40052367919465, 'gpp_af': 0.18069041761817034, 'gpp_b': 0.0005752434266899163, 'gpp_d': 229.41380323183625, 'ign_k': 0.12329098365270515, 'ign_c': 8.40543912931368, 'trop_agb_crit': 25.382873076016292, 'trop_k_veg': 0.6743482387129308}.
[I 2026-08-06 09:01:34,208] Trial 753 finished with values: [10.269574985181226, 10.269574985181226] and parameters: {'k1': 0.008471801418819975, 'D_low': 12.105387404469584, 'k2': 0.032845299795769424, 'D_high': 7321.544340709298, 'fire_exp': 1.0629462657398439, 'P_half': 338.23872019362165, 'pre_dampen_half': 502.5175192217655, 'gpp_af': 0.7539992074650279, 'gpp_b': 0.0005752434266899163, 'gpp_d': 0.23073846740741236, 'ign_k': 8.708806168038567, 'ign_c': 8.40543912931368, 'trop_agb_crit': 10.965064494899984, 'trop_k_veg': 0.6673124511410327}.
[I 2026-08-06 09:01:35,399] Trial 754 finished with values: [10.19996934068067, 10.19996934068067] and parameters: {'k1': 0.01889771394135163, 'D_low': 70.18267183720735, 'k2': 0.032845299795769424, 'D_high': 1177.190025324204, 'fire_exp': 1.0629462657398439, 'P_half': 220.3445560633069, 'pre_dampen_half': 552.4163637315892, 'gpp_af': 0.1476584299248268, 'gpp_b': 0.0005752434266899163, 'gpp_d': 229.41380323183625, 'ign_k': 8.708806168038567, 'ign_c': 20.03995359361212, 'trop_agb_crit': 1.14876138417489, 'trop_k_veg': 3.8009448355772393}.
[I 2026-08-06 09:01:36,548] Trial 755 finished with values: [-0.5690919240928387, 0.6057111461864684] and parameters: {'k1': 0.004312951023617458, 'D_low': 12.105387404469584, 'k2': 0.0009562822793888481, 'D_high': 8182.111518618414, 'fire_exp': 1.1430983876313219, 'P_half': 4.213183643253957, 'pre_dampen_half': 552.4163637315892, 'gpp_af': 0.1476584299248268, 'gpp_b': 0.0005752434266899163, 'gpp_d': 229.41380323183625, 'ign_k': 0.12329098365270515, 'ign_c': 8.40543912931368, 'trop_agb_crit': 4.0818981835727985, 'trop_k_veg': 0.6673124511410327}.
[I 2026-08-06 09:01:37,729] Trial 756 finished with values: [10.249820536204075, 10.249820536204075] and parameters: {'k1': 0.004312951023617458, 'D_low': 12.105387404469584, 'k2': 0.032845299795769424, 'D_high': 1177.190025324204, 'fire_exp': 1.1430983876313219, 'P_half': 4.213183643253957, 'pre_dampen_half': 552.4163637315892, 'gpp_af': 0.1476584299248268, 'gpp_b': 0.0005752434266899163, 'gpp_d': 229.41380323183625, 'ign_k': 0.0030728713149666426, 'ign_c': 0.557280750002996, 'trop_agb_crit': 25.382873076016292, 'trop_k_veg': 0.6673124511410327}.
[I 2026-08-06 09:01:38,949] Trial 757 finished with values: [10.650436223952696, 10.650436223952696] and parameters: {'k1': 0.008471801418819975, 'D_low': 4.484744524732794, 'k2': 0.03538758864779238, 'D_high': 8182.111518618414, 'fire_exp': 1.1430983876313219, 'P_half': 12.808863354047988, 'pre_dampen_half': 0.08049089337224259, 'gpp_af': 0.1476584299248268, 'gpp_b': 0.0005752434266899163, 'gpp_d': 25.4442274895789, 'ign_k': 8.708806168038567, 'ign_c': 20.03995359361212, 'trop_agb_crit': 3.5747129226002423, 'trop_k_veg': 1.4584243470991722}.
[I 2026-08-06 09:01:40,306] Trial 758 finished with values: [10.093367253242063, 10.093367253242063] and parameters: {'k1': 0.004312951023617458, 'D_low': 12.105387404469584, 'k2': 0.0007047307383115598, 'D_high': 15351.441568398131, 'fire_exp': 1.0629462657398439, 'P_half': 1.605843632310088, 'pre_dampen_half': 502.5175192217655, 'gpp_af': 0.1476584299248268, 'gpp_b': 0.0005752434266899163, 'gpp_d': 229.41380323183625, 'ign_k': 8.708806168038567, 'ign_c': 0.557280750002996, 'trop_agb_crit': 7.500118950416987, 'trop_k_veg': 2.520089655463604}.
[I 2026-08-06 09:01:41,519] Trial 759 finished with values: [10.087257538097546, 10.087257538097546] and parameters: {'k1': 0.01889771394135163, 'D_low': 4.484744524732794, 'k2': 0.032845299795769424, 'D_high': 2940.51756322311, 'fire_exp': 1.471022163879199, 'P_half': 1.605843632310088, 'pre_dampen_half': 502.5175192217655, 'gpp_af': 0.008075914984851893, 'gpp_b': 0.0005752434266899163, 'gpp_d': 1.493264336549928, 'ign_k': 8.708806168038567, 'ign_c': 0.70689749506246, 'trop_agb_crit': 1.14876138417489, 'trop_k_veg': 2.144518162606203}.
[I 2026-08-06 09:01:42,675] Trial 760 finished with values: [-0.5629446215444507, 0.5635641173649324] and parameters: {'k1': 0.008471801418819975, 'D_low': 40.12413353131991, 'k2': 0.0009562822793888481, 'D_high': 8182.111518618414, 'fire_exp': 1.1430983876313219, 'P_half': 220.3445560633069, 'pre_dampen_half': 502.5175192217655, 'gpp_af': 0.7539992074650279, 'gpp_b': 0.0005752434266899163, 'gpp_d': 16.460426816350523, 'ign_k': 8.708806168038567, 'ign_c': 0.21208987108343724, 'trop_agb_crit': 1.6878075072665546, 'trop_k_veg': 0.6673124511410327}.
[I 2026-08-06 09:01:43,829] Trial 761 finished with values: [10.196044046374464, 10.196044046374464] and parameters: {'k1': 0.01889771394135163, 'D_low': 40.12413353131991, 'k2': 0.03538758864779238, 'D_high': 25628.666000163565, 'fire_exp': 1.0362310858538248, 'P_half': 1.605843632310088, 'pre_dampen_half': 502.5175192217655, 'gpp_af': 1.921689966904808, 'gpp_b': 0.0054502936945582505, 'gpp_d': 84.31013932082456, 'ign_k': 8.708806168038567, 'ign_c': 0.70689749506246, 'trop_agb_crit': 25.382873076016292, 'trop_k_veg': 0.5443513380244235}.
[I 2026-08-06 09:01:44,953] Trial 762 finished with values: [10.461791676072028, 10.461791676072028] and parameters: {'k1': 0.029626010885972713, 'D_low': 685.7803657667797, 'k2': 0.0007047307383115598, 'D_high': 2940.51756322311, 'fire_exp': 1.165368636520435, 'P_half': 115.44738876452311, 'pre_dampen_half': 552.4163637315892, 'gpp_af': 0.1476584299248268, 'gpp_b': 4.377856668016338e-05, 'gpp_d': 2.944272359149677, 'ign_k': 8.708806168038567, 'ign_c': 18.588694009815857, 'trop_agb_crit': 7.500118950416987, 'trop_k_veg': 2.520089655463604}.
[I 2026-08-06 09:01:46,125] Trial 763 finished with values: [-0.5996678056452234, 0.757003213602602] and parameters: {'k1': 0.008471801418819975, 'D_low': 4.484744524732794, 'k2': 0.032845299795769424, 'D_high': 8182.111518618414, 'fire_exp': 1.1430983876313219, 'P_half': 4.213183643253957, 'pre_dampen_half': 502.5175192217655, 'gpp_af': 0.7539992074650279, 'gpp_b': 0.0005752434266899163, 'gpp_d': 229.41380323183625, 'ign_k': 8.708806168038567, 'ign_c': 1.0623096700264116, 'trop_agb_crit': 1.14876138417489, 'trop_k_veg': 1.4584243470991722}.
[I 2026-08-06 09:01:47,517] Trial 764 finished with values: [-0.6162845886428752, 0.5266051248577028] and parameters: {'k1': 0.01889771394135163, 'D_low': 4.484744524732794, 'k2': 0.005082220961627801, 'D_high': 8182.111518618414, 'fire_exp': 1.0629462657398439, 'P_half': 12.808863354047988, 'pre_dampen_half': 502.5175192217655, 'gpp_af': 0.1476584299248268, 'gpp_b': 0.0005752434266899163, 'gpp_d': 5.1715677287580455, 'ign_k': 8.708806168038567, 'ign_c': 20.03995359361212, 'trop_agb_crit': 1.14876138417489, 'trop_k_veg': 1.4584243470991722}.
[I 2026-08-06 09:01:48,693] Trial 765 finished with values: [10.673763983595181, 10.673763983595181] and parameters: {'k1': 0.004312951023617458, 'D_low': 12.105387404469584, 'k2': 0.0007047307383115598, 'D_high': 8182.111518618414, 'fire_exp': 9.181779843422994, 'P_half': 1.605843632310088, 'pre_dampen_half': 502.5175192217655, 'gpp_af': 0.1476584299248268, 'gpp_b': 0.0054502936945582505, 'gpp_d': 1.493264336549928, 'ign_k': 8.708806168038567, 'ign_c': 0.70689749506246, 'trop_agb_crit': 1.14876138417489, 'trop_k_veg': 2.520089655463604}.
[I 2026-08-06 09:01:49,825] Trial 766 finished with values: [-0.593743047650537, 0.3110788353388335] and parameters: {'k1': 0.01889771394135163, 'D_low': 70.18267183720735, 'k2': 0.012758211164590085, 'D_high': 1177.190025324204, 'fire_exp': 1.1430983876313219, 'P_half': 4.213183643253957, 'pre_dampen_half': 107.40052367919465, 'gpp_af': 0.1476584299248268, 'gpp_b': 1.284284091405877e-05, 'gpp_d': 229.41380323183625, 'ign_k': 8.708806168038567, 'ign_c': 0.557280750002996, 'trop_agb_crit': 25.382873076016292, 'trop_k_veg': 2.520089655463604}.
[I 2026-08-06 09:01:51,023] Trial 767 finished with values: [10.596251774386328, 10.596251774386328] and parameters: {'k1': 0.01889771394135163, 'D_low': 70.18267183720735, 'k2': 0.0007047307383115598, 'D_high': 63233.81951066786, 'fire_exp': 1.221575427404682, 'P_half': 4.213183643253957, 'pre_dampen_half': 107.40052367919465, 'gpp_af': 0.00515795696727661, 'gpp_b': 0.00796661592919428, 'gpp_d': 0.41500286580679413, 'ign_k': 8.708806168038567, 'ign_c': 0.9580682294110432, 'trop_agb_crit': 1.14876138417489, 'trop_k_veg': 1.9938441068366917}.
[I 2026-08-06 09:01:52,209] Trial 768 finished with values: [-0.609563256867094, 0.18572525977496335] and parameters: {'k1': 0.016748279468858224, 'D_low': 5.59983195169599, 'k2': 0.005082220961627801, 'D_high': 1588.2035726402378, 'fire_exp': 1.0629462657398439, 'P_half': 12.808863354047988, 'pre_dampen_half': 552.4163637315892, 'gpp_af': 0.1476584299248268, 'gpp_b': 0.0005752434266899163, 'gpp_d': 2.944272359149677, 'ign_k': 8.708806168038567, 'ign_c': 20.03995359361212, 'trop_agb_crit': 1.14876138417489, 'trop_k_veg': 1.4584243470991722}.
[I 2026-08-06 09:01:53,345] Trial 769 finished with values: [10.031405057508104, 10.031405057508104] and parameters: {'k1': 0.008471801418819975, 'D_low': 4.484744524732794, 'k2': 0.001362731161143793, 'D_high': 8182.111518618414, 'fire_exp': 1.0629462657398439, 'P_half': 338.23872019362165, 'pre_dampen_half': 502.5175192217655, 'gpp_af': 0.7539992074650279, 'gpp_b': 0.0005752434266899163, 'gpp_d': 229.41380323183625, 'ign_k': 0.12329098365270515, 'ign_c': 20.03995359361212, 'trop_agb_crit': 10.965064494899984, 'trop_k_veg': 0.5639542873522186}.
[I 2026-08-06 09:01:54,482] Trial 770 finished with values: [-0.6124577897181435, 0.30082616131573137] and parameters: {'k1': 0.01889771394135163, 'D_low': 70.18267183720735, 'k2': 0.012758211164590085, 'D_high': 2940.51756322311, 'fire_exp': 1.1488607445926913, 'P_half': 12.808863354047988, 'pre_dampen_half': 552.4163637315892, 'gpp_af': 0.1476584299248268, 'gpp_b': 0.0005752434266899163, 'gpp_d': 229.41380323183625, 'ign_k': 5.466937478766086, 'ign_c': 20.03995359361212, 'trop_agb_crit': 7.500118950416987, 'trop_k_veg': 0.6743482387129308}.
[I 2026-08-06 09:01:55,626] Trial 771 finished with values: [-0.592730833306781, 0.38201961588498456] and parameters: {'k1': 0.004312951023617458, 'D_low': 40.12413353131991, 'k2': 0.032845299795769424, 'D_high': 2940.51756322311, 'fire_exp': 1.0629462657398439, 'P_half': 12.808863354047988, 'pre_dampen_half': 502.5175192217655, 'gpp_af': 0.1476584299248268, 'gpp_b': 0.0005752434266899163, 'gpp_d': 1.493264336549928, 'ign_k': 8.708806168038567, 'ign_c': 1.2389052918551067, 'trop_agb_crit': 7.500118950416987, 'trop_k_veg': 1.9938441068366917}.
[I 2026-08-06 09:01:56,805] Trial 772 finished with values: [10.769230769178105, 10.769230769178105] and parameters: {'k1': 0.03635503353478365, 'D_low': 4.484744524732794, 'k2': 0.032845299795769424, 'D_high': 8182.111518618414, 'fire_exp': 1.1430983876313219, 'P_half': 4.213183643253957, 'pre_dampen_half': 502.5175192217655, 'gpp_af': 0.7539992074650279, 'gpp_b': 0.0005752434266899163, 'gpp_d': 418.77522137884927, 'ign_k': 0.34088312486613137, 'ign_c': 639.1655642276438, 'trop_agb_crit': 1.14876138417489, 'trop_k_veg': 2.520089655463604}.
[I 2026-08-06 09:01:58,182] Trial 773 finished with values: [-0.6096974494092352, 0.25355806220058286] and parameters: {'k1': 0.008471801418819975, 'D_low': 12.105387404469584, 'k2': 0.03538758864779238, 'D_high': 2940.51756322311, 'fire_exp': 1.0629462657398439, 'P_half': 4.213183643253957, 'pre_dampen_half': 552.4163637315892, 'gpp_af': 0.00515795696727661, 'gpp_b': 0.0005752434266899163, 'gpp_d': 1.493264336549928, 'ign_k': 0.12329098365270515, 'ign_c': 0.9580682294110432, 'trop_agb_crit': 10.965064494899984, 'trop_k_veg': 1.9938441068366917}.
[I 2026-08-06 09:01:59,739] Trial 774 finished with values: [10.014721821714279, 10.014721821714279] and parameters: {'k1': 0.002549454588329709, 'D_low': 4.484744524732794, 'k2': 0.032845299795769424, 'D_high': 2940.51756322311, 'fire_exp': 1.0629462657398439, 'P_half': 12.808863354047988, 'pre_dampen_half': 124.72235343584714, 'gpp_af': 0.1476584299248268, 'gpp_b': 0.0005752434266899163, 'gpp_d': 2.944272359149677, 'ign_k': 0.12329098365270515, 'ign_c': 8.40543912931368, 'trop_agb_crit': 7.500118950416987, 'trop_k_veg': 1.4584243470991722}.
[I 2026-08-06 09:02:01,006] Trial 775 finished with values: [10.16467456070986, 10.16467456070986] and parameters: {'k1': 0.008471801418819975, 'D_low': 12.105387404469584, 'k2': 0.0007047307383115598, 'D_high': 8182.111518618414, 'fire_exp': 1.353841071397002, 'P_half': 4.213183643253957, 'pre_dampen_half': 552.4163637315892, 'gpp_af': 0.00515795696727661, 'gpp_b': 0.0005752434266899163, 'gpp_d': 229.41380323183625, 'ign_k': 8.708806168038567, 'ign_c': 8.40543912931368, 'trop_agb_crit': 1.14876138417489, 'trop_k_veg': 0.6743482387129308}.
[I 2026-08-06 09:02:02,555] Trial 776 finished with values: [10.699089002391622, 10.699089002391622] and parameters: {'k1': 0.01889771394135163, 'D_low': 12.105387404469584, 'k2': 0.03538758864779238, 'D_high': 2940.51756322311, 'fire_exp': 1.0629462657398439, 'P_half': 1.605843632310088, 'pre_dampen_half': 552.4163637315892, 'gpp_af': 0.1476584299248268, 'gpp_b': 2.0194763897972194, 'gpp_d': 229.41380323183625, 'ign_k': 0.12329098365270515, 'ign_c': 0.8916132699546893, 'trop_agb_crit': 10.965064494899984, 'trop_k_veg': 0.6743482387129308}.
[I 2026-08-06 09:02:04,158] Trial 777 finished with values: [10.697990520320442, 10.697990520320442] and parameters: {'k1': 0.008471801418819975, 'D_low': 4.484744524732794, 'k2': 0.001362731161143793, 'D_high': 81.71825567718662, 'fire_exp': 1.6294642623991613, 'P_half': 338.23872019362165, 'pre_dampen_half': 502.5175192217655, 'gpp_af': 1.921689966904808, 'gpp_b': 0.0005752434266899163, 'gpp_d': 229.41380323183625, 'ign_k': 0.0680787482656459, 'ign_c': 20.03995359361212, 'trop_agb_crit': 10.965064494899984, 'trop_k_veg': 1.4584243470991722}.
[I 2026-08-06 09:02:05,328] Trial 778 finished with values: [10.424350591677598, 10.424350591677598] and parameters: {'k1': 0.004312951023617458, 'D_low': 40.12413353131991, 'k2': 0.0007047307383115598, 'D_high': 8182.111518618414, 'fire_exp': 1.0629462657398439, 'P_half': 338.23872019362165, 'pre_dampen_half': 552.4163637315892, 'gpp_af': 0.1476584299248268, 'gpp_b': 0.04633252119753636, 'gpp_d': 1.493264336549928, 'ign_k': 0.04406703994564747, 'ign_c': 0.557280750002996, 'trop_agb_crit': 3.5747129226002423, 'trop_k_veg': 0.6673124511410327}.
[I 2026-08-06 09:02:06,562] Trial 779 finished with values: [10.495203456596668, 10.495203456596668] and parameters: {'k1': 0.01889771394135163, 'D_low': 12.105387404469584, 'k2': 0.032845299795769424, 'D_high': 61536.58035691648, 'fire_exp': 1.0362310858538248, 'P_half': 2287.943057317364, 'pre_dampen_half': 552.4163637315892, 'gpp_af': 0.0014188461251885575, 'gpp_b': 0.0005752434266899163, 'gpp_d': 229.41380323183625, 'ign_k': 0.0680787482656459, 'ign_c': 0.557280750002996, 'trop_agb_crit': 25.382873076016292, 'trop_k_veg': 0.6743482387129308}.
[I 2026-08-06 09:02:08,025] Trial 780 finished with values: [-0.5756351786572703, 0.7507854255085783] and parameters: {'k1': 0.004312951023617458, 'D_low': 5.59983195169599, 'k2': 0.032845299795769424, 'D_high': 39819.19662051714, 'fire_exp': 1.165368636520435, 'P_half': 12.808863354047988, 'pre_dampen_half': 552.4163637315892, 'gpp_af': 0.05849340411085125, 'gpp_b': 0.0005752434266899163, 'gpp_d': 2.944272359149677, 'ign_k': 0.12329098365270515, 'ign_c': 8.40543912931368, 'trop_agb_crit': 25.382873076016292, 'trop_k_veg': 0.6673124511410327}.
[I 2026-08-06 09:02:09,109] Trial 781 finished with values: [10.39036125375708, 10.39036125375708] and parameters: {'k1': 0.004312951023617458, 'D_low': 70.18267183720735, 'k2': 0.0007047307383115598, 'D_high': 8182.111518618414, 'fire_exp': 1.221575427404682, 'P_half': 4.213183643253957, 'pre_dampen_half': 502.5175192217655, 'gpp_af': 0.00515795696727661, 'gpp_b': 0.0054502936945582505, 'gpp_d': 0.41500286580679413, 'ign_k': 8.708806168038567, 'ign_c': 1.2389052918551067, 'trop_agb_crit': 7.500118950416987, 'trop_k_veg': 1.9938441068366917}.
[I 2026-08-06 09:02:10,183] Trial 782 finished with values: [10.034304628109863, 10.034304628109863] and parameters: {'k1': 8.860989784957121e-05, 'D_low': 40.12413353131991, 'k2': 0.0009562822793888481, 'D_high': 8182.111518618414, 'fire_exp': 1.0629462657398439, 'P_half': 1.605843632310088, 'pre_dampen_half': 502.5175192217655, 'gpp_af': 0.10409127568994281, 'gpp_b': 0.0054502936945582505, 'gpp_d': 1.493264336549928, 'ign_k': 8.708806168038567, 'ign_c': 0.9580682294110432, 'trop_agb_crit': 7.500118950416987, 'trop_k_veg': 1.9938441068366917}.
[I 2026-08-06 09:02:11,280] Trial 783 finished with values: [-0.6329339615722565, 0.39608413970021794] and parameters: {'k1': 0.01889771394135163, 'D_low': 70.18267183720735, 'k2': 0.012758211164590085, 'D_high': 2940.51756322311, 'fire_exp': 1.0629462657398439, 'P_half': 12.808863354047988, 'pre_dampen_half': 552.4163637315892, 'gpp_af': 0.1476584299248268, 'gpp_b': 0.0005752434266899163, 'gpp_d': 150.14555442537656, 'ign_k': 8.708806168038567, 'ign_c': 0.557280750002996, 'trop_agb_crit': 7.500118950416987, 'trop_k_veg': 2.520089655463604}.
[I 2026-08-06 09:02:12,428] Trial 784 finished with values: [10.768173024128219, 10.768173024128219] and parameters: {'k1': 0.01889771394135163, 'D_low': 1324.652797432114, 'k2': 0.0009562822793888481, 'D_high': 8182.111518618414, 'fire_exp': 1.1430983876313219, 'P_half': 12.808863354047988, 'pre_dampen_half': 502.5175192217655, 'gpp_af': 0.023660841034240054, 'gpp_b': 0.8623546531089763, 'gpp_d': 16.460426816350523, 'ign_k': 8.708806168038567, 'ign_c': 20.03995359361212, 'trop_agb_crit': 4.2258373850699344, 'trop_k_veg': 0.6673124511410327}.
[I 2026-08-06 09:02:13,516] Trial 785 finished with values: [-0.5698645218896142, 0.6994608564485226] and parameters: {'k1': 0.008471801418819975, 'D_low': 40.12413353131991, 'k2': 0.0005262881356087174, 'D_high': 4679.501568332819, 'fire_exp': 1.1430983876313219, 'P_half': 2.4106893837852787, 'pre_dampen_half': 502.5175192217655, 'gpp_af': 0.7539992074650279, 'gpp_b': 1.3289448722869181e-05, 'gpp_d': 229.41380323183625, 'ign_k': 2.615413574494962, 'ign_c': 0.70689749506246, 'trop_agb_crit': 1.14876138417489, 'trop_k_veg': 0.6673124511410327}.
[I 2026-08-06 09:02:14,568] Trial 786 finished with values: [-0.5263379421224229, 0.4159190867581909] and parameters: {'k1': 0.008471801418819975, 'D_low': 4.484744524732794, 'k2': 0.001362731161143793, 'D_high': 8182.111518618414, 'fire_exp': 1.0629462657398439, 'P_half': 338.23872019362165, 'pre_dampen_half': 502.5175192217655, 'gpp_af': 0.7539992074650279, 'gpp_b': 0.0005752434266899163, 'gpp_d': 229.41380323183625, 'ign_k': 0.12329098365270515, 'ign_c': 20.03995359361212, 'trop_agb_crit': 10.965064494899984, 'trop_k_veg': 1.4584243470991722}.
[I 2026-08-06 09:02:15,633] Trial 787 finished with values: [-0.5920998903597432, 0.4589856110311821] and parameters: {'k1': 0.03635503353478365, 'D_low': 12.105387404469584, 'k2': 0.032845299795769424, 'D_high': 2940.51756322311, 'fire_exp': 1.353841071397002, 'P_half': 12.808863354047988, 'pre_dampen_half': 552.4163637315892, 'gpp_af': 1.3161234383542866, 'gpp_b': 0.0005752434266899163, 'gpp_d': 229.41380323183625, 'ign_k': 0.12329098365270515, 'ign_c': 8.40543912931368, 'trop_agb_crit': 10.965064494899984, 'trop_k_veg': 0.6673124511410327}.
[I 2026-08-06 09:02:16,683] Trial 788 finished with values: [-0.5963746566189554, 0.35608625118879145] and parameters: {'k1': 0.029626010885972713, 'D_low': 5.59983195169599, 'k2': 0.03538758864779238, 'D_high': 2940.51756322311, 'fire_exp': 1.0601964743503993, 'P_half': 64.13139914374976, 'pre_dampen_half': 552.4163637315892, 'gpp_af': 0.18069041761817034, 'gpp_b': 0.0005752434266899163, 'gpp_d': 8.571213555597648, 'ign_k': 0.12329098365270515, 'ign_c': 3.5828811741825057, 'trop_agb_crit': 1.7708319837489073, 'trop_k_veg': 0.6743482387129308}.
