[I 2026-08-20 01:00:02,147] Trial 1946 finished with value: 0.5178594372631179 and parameters: {'k1': 0.04042000237408601, 'D_low': 6.833157641772003, 'k2': 0.004092587696922696, 'D_high': 4169996.9608658487, 'fire_exp': 2.8794161441686605, 'P_half': 3.6986678034302543, 'pre_dampen_half': 0.03542971880946655, 'gpp_af': 4.588086078863406, 'gpp_b': 0.005521571705342807, 'gpp_d': 128.83785331687554, 'ign_k': 0.8699537275533566, 'ign_c': 0.14393975987405916, 'trop_agb_crit': 13.601037731857424, 'trop_k_veg': 1.2834865709028986}. Best is trial 1285 with value: -0.6015874360929447.
[I 2026-08-20 01:00:03,649] Trial 1947 finished with value: 0.5218702935698678 and parameters: {'k1': 0.0649753658841121, 'D_low': 783.0263315239129, 'k2': 0.006563775562542824, 'D_high': 100105.69160776844, 'fire_exp': 1.610101596685551, 'P_half': 2.5045978659433596, 'pre_dampen_half': 0.15873055201375322, 'gpp_af': 0.05378945893282387, 'gpp_b': 0.005190745481936057, 'gpp_d': 310.0308011738396, 'ign_k': 0.9036059711741155, 'ign_c': 0.25316647493485905, 'trop_agb_crit': 13.428956273985083, 'trop_k_veg': 2.57010720679605}. Best is trial 1285 with value: -0.6015874360929447.
[I 2026-08-20 01:00:05,047] Trial 1948 finished with value: -0.5738337885644559 and parameters: {'k1': 0.07558802795921842, 'D_low': 4.354733431587774, 'k2': 3.110600799843221e-05, 'D_high': 4347886.8236719435, 'fire_exp': 6.980047408545875, 'P_half': 34.7078233089356, 'pre_dampen_half': 8.42207604619728, 'gpp_af': 7.864323194187862, 'gpp_b': 0.007321037555157532, 'gpp_d': 910.7296098605912, 'ign_k': 2.105806057413624, 'ign_c': 10.28106122621003, 'trop_agb_crit': 29.703174071577912, 'trop_k_veg': 1.9740375802939436}. Best is trial 1285 with value: -0.6015874360929447.
[I 2026-08-20 01:00:06,471] Trial 1949 finished with value: 0.6445374145881376 and parameters: {'k1': 0.003996864958553102, 'D_low': 56168.633885439995, 'k2': 0.0005646039859427824, 'D_high': 102.97505030712486, 'fire_exp': 6.332073025040346, 'P_half': 8825.318989463673, 'pre_dampen_half': 3.760927461167771, 'gpp_af': 1.438886621193186, 'gpp_b': 0.00344169069139574, 'gpp_d': 21.216703913808388, 'ign_k': 0.7693753377331098, 'ign_c': 0.36883718071766886, 'trop_agb_crit': 6.365793492465406, 'trop_k_veg': 5.314360386233342}. Best is trial 1285 with value: -0.6015874360929447.
[I 2026-08-20 01:00:07,887] Trial 1950 finished with value: 0.4207229903267383 and parameters: {'k1': 0.031577392030040834, 'D_low': 1990.4410935862343, 'k2': 0.0013963260001217685, 'D_high': 7140663.83832669, 'fire_exp': 2.111944415746477, 'P_half': 83.30450352131591, 'pre_dampen_half': 67.06002767692374, 'gpp_af': 14.017501920741006, 'gpp_b': 0.007827333135713129, 'gpp_d': 656.5237516110233, 'ign_k': 0.2350867221528995, 'ign_c': 14.383576814743122, 'trop_agb_crit': 16.49647596124932, 'trop_k_veg': 1.5488931640620867}. Best is trial 1285 with value: -0.6015874360929447.
[I 2026-08-20 01:00:09,277] Trial 1951 finished with value: -0.41928098431317107 and parameters: {'k1': 0.0006048708281827311, 'D_low': 4.490816313743553, 'k2': 0.004138900954052308, 'D_high': 838.0480537895463, 'fire_exp': 1.13546904979337, 'P_half': 45.331636204046, 'pre_dampen_half': 68.62252081819949, 'gpp_af': 0.10638431640049131, 'gpp_b': 0.0015583792842595293, 'gpp_d': 128.23771512183401, 'ign_k': 0.001378025890995922, 'ign_c': 4.0628898190175695, 'trop_agb_crit': 6.302308097514828, 'trop_k_veg': 1.774632073335492}. Best is trial 1285 with value: -0.6015874360929447.
[I 2026-08-20 01:00:10,689] Trial 1952 finished with value: -0.5508520911044157 and parameters: {'k1': 0.001007178653566575, 'D_low': 16.701360143773687, 'k2': 6.108383392813053e-05, 'D_high': 8548202.800889954, 'fire_exp': 4.9232709061164455, 'P_half': 71.49591588586256, 'pre_dampen_half': 6.2416080010640425, 'gpp_af': 0.4645982699230717, 'gpp_b': 3.153322358222464e-05, 'gpp_d': 287.95940466280274, 'ign_k': 3.754926531840437, 'ign_c': 6.56420470866847, 'trop_agb_crit': 2.309764236632094, 'trop_k_veg': 4.130693842645167}. Best is trial 1285 with value: -0.6015874360929447.
[I 2026-08-20 01:00:12,090] Trial 1953 finished with value: 0.6445374131988636 and parameters: {'k1': 0.0004188471193678741, 'D_low': 11.834546180665631, 'k2': 0.0002176877695048049, 'D_high': 23643.058039520056, 'fire_exp': 4.927195200116253, 'P_half': 6.787578127453369, 'pre_dampen_half': 12.78657766443016, 'gpp_af': 0.1827572700951332, 'gpp_b': 0.00030991959624166024, 'gpp_d': 20.407586078540255, 'ign_k': 6.563826347832212, 'ign_c': 37.14964148627833, 'trop_agb_crit': 1.6386124339899366, 'trop_k_veg': 2.071797264126703}. Best is trial 1285 with value: -0.6015874360929447.
[I 2026-08-20 01:00:13,473] Trial 1954 finished with value: 0.5453905561990251 and parameters: {'k1': 0.06959405762465606, 'D_low': 2.863546893891432, 'k2': 0.005879692394425512, 'D_high': 4003766.061202335, 'fire_exp': 1.2786110009790335, 'P_half': 14.958603441834077, 'pre_dampen_half': 1.4392606111308561, 'gpp_af': 0.3342681660460755, 'gpp_b': 0.5499482186654702, 'gpp_d': 680.1593767855076, 'ign_k': 0.23673628252217746, 'ign_c': 0.16072761652611042, 'trop_agb_crit': 15.709694430065873, 'trop_k_veg': 2.149306703145034}. Best is trial 1285 with value: -0.6015874360929447.
[I 2026-08-20 01:00:14,851] Trial 1955 finished with value: 0.467453326551865 and parameters: {'k1': 0.0767514301258642, 'D_low': 9.85506168665955, 'k2': 0.00044260870324561743, 'D_high': 197036.50356971705, 'fire_exp': 2.455454793349724, 'P_half': 2.5875937029635634, 'pre_dampen_half': 0.5799472159061909, 'gpp_af': 1.840068617409067, 'gpp_b': 0.02751628189013009, 'gpp_d': 769.5117750275379, 'ign_k': 0.45381544990116585, 'ign_c': 0.19769922562339157, 'trop_agb_crit': 16.863185395585987, 'trop_k_veg': 1.537261134471125}. Best is trial 1285 with value: -0.6015874360929447.
[I 2026-08-20 01:00:16,237] Trial 1956 finished with value: -0.5262304482227225 and parameters: {'k1': 0.011524503991233158, 'D_low': 11.59089330417342, 'k2': 0.01931995054064243, 'D_high': 58491.20202404093, 'fire_exp': 1.4007763010989385, 'P_half': 3.7718201549897232, 'pre_dampen_half': 0.612313381912898, 'gpp_af': 2.305561233387523, 'gpp_b': 0.0003388830520914362, 'gpp_d': 282.77869477083874, 'ign_k': 0.12232966433888642, 'ign_c': 0.3277017581066834, 'trop_agb_crit': 19.17875301180228, 'trop_k_veg': 3.802775626230212}. Best is trial 1285 with value: -0.6015874360929447.
[I 2026-08-20 01:00:17,605] Trial 1957 finished with value: -0.5576938943180412 and parameters: {'k1': 0.00012550448501637396, 'D_low': 2.3040029007126206, 'k2': 0.0003741640758234954, 'D_high': 7409046.52568357, 'fire_exp': 3.5137115995234116, 'P_half': 70.1363008440764, 'pre_dampen_half': 10.452884407840997, 'gpp_af': 0.21506599711851254, 'gpp_b': 0.00022044746627005672, 'gpp_d': 57.37273745084444, 'ign_k': 4.232373064854936, 'ign_c': 1.783829131413714, 'trop_agb_crit': 8.129561485730362, 'trop_k_veg': 1.2100239326688917}. Best is trial 1285 with value: -0.6015874360929447.
[I 2026-08-20 01:00:19,039] Trial 1958 finished with value: 0.5644731884737805 and parameters: {'k1': 0.08529303210514887, 'D_low': 6.476174078913067, 'k2': 0.06791632428583003, 'D_high': 17114.351203989412, 'fire_exp': 1.6292333142982702, 'P_half': 6.354986826950633, 'pre_dampen_half': 0.14746509850274941, 'gpp_af': 0.2344903178584687, 'gpp_b': 0.018279341479764715, 'gpp_d': 204.86449703346162, 'ign_k': 3.1134393528465547, 'ign_c': 0.25990076842156556, 'trop_agb_crit': 6.169654180024429, 'trop_k_veg': 1.0492609970708888}. Best is trial 1285 with value: -0.6015874360929447.
[I 2026-08-20 01:00:20,433] Trial 1959 finished with value: 0.6445374145881376 and parameters: {'k1': 0.007239016093958403, 'D_low': 94352.20395062583, 'k2': 5.7246813321748736e-05, 'D_high': 16.469524371900956, 'fire_exp': 1.1430084105343574, 'P_half': 178.09307640125243, 'pre_dampen_half': 2.027834160066932, 'gpp_af': 14.992271581575082, 'gpp_b': 6.747998458880698e-05, 'gpp_d': 0.036230903582557344, 'ign_k': 7.141773298184211, 'ign_c': 755.2161681372058, 'trop_agb_crit': 24.710267431611776, 'trop_k_veg': 3.878835568212519}. Best is trial 1285 with value: -0.6015874360929447.
[I 2026-08-20 01:00:21,832] Trial 1960 finished with value: 0.639482996629962 and parameters: {'k1': 0.0009267744137572974, 'D_low': 2.7279967627301294, 'k2': 0.06203451139345881, 'D_high': 10.761756007343475, 'fire_exp': 2.270844887747905, 'P_half': 3361.889233955023, 'pre_dampen_half': 6.564891239500985, 'gpp_af': 0.006097671253515927, 'gpp_b': 0.16728973067488012, 'gpp_d': 1.0722653391178245, 'ign_k': 0.025262585560382467, 'ign_c': 2.0413597851163794, 'trop_agb_crit': 1.832267196158237, 'trop_k_veg': 0.7104267039322967}. Best is trial 1285 with value: -0.6015874360929447.
[I 2026-08-20 01:00:23,648] Trial 1961 finished with value: 0.6445374145881376 and parameters: {'k1': 0.0007199056159255928, 'D_low': 2.746329233096957, 'k2': 0.00035261070422089275, 'D_high': 2148737.405349946, 'fire_exp': 4.352233432825768, 'P_half': 1.0299770890133815, 'pre_dampen_half': 30.9569218018967, 'gpp_af': 11.63004761618485, 'gpp_b': 0.06495550566657503, 'gpp_d': 35.47526491825543, 'ign_k': 2.5725599614454935, 'ign_c': 43.30521481033273, 'trop_agb_crit': 2.5415752607766326, 'trop_k_veg': 2.2390351093438414}. Best is trial 1285 with value: -0.6015874360929447.
[I 2026-08-20 01:00:25,092] Trial 1962 finished with value: 0.6447067056920525 and parameters: {'k1': 0.0035893935067868765, 'D_low': 2091.307650633387, 'k2': 8.520874279366969e-05, 'D_high': 3297933.758156767, 'fire_exp': 6.821393121350994, 'P_half': 173.50796187991432, 'pre_dampen_half': 0.7241699318552888, 'gpp_af': 5.314831161756578, 'gpp_b': 5.951860237217092e-05, 'gpp_d': 158.01234362186653, 'ign_k': 0.6204116009682862, 'ign_c': 38.831124146102376, 'trop_agb_crit': 19.510410588995168, 'trop_k_veg': 2.44541336652519}. Best is trial 1285 with value: -0.6015874360929447.
[I 2026-08-20 01:00:26,498] Trial 1963 finished with value: 0.6115026698019852 and parameters: {'k1': 1.5238906419427433e-05, 'D_low': 6567.929666733035, 'k2': 0.0035007773963971122, 'D_high': 48142.638101781515, 'fire_exp': 7.705860668020833, 'P_half': 1.303668881323159, 'pre_dampen_half': 0.01731504683785584, 'gpp_af': 0.018321895449217394, 'gpp_b': 1.1299472270579592e-05, 'gpp_d': 0.07455661802064073, 'ign_k': 1.0928613588424183, 'ign_c': 0.32479888812157326, 'trop_agb_crit': 6.864875778449171, 'trop_k_veg': 4.64225087842722}. Best is trial 1285 with value: -0.6015874360929447.
[I 2026-08-20 01:00:27,869] Trial 1964 finished with value: 0.5304285406342031 and parameters: {'k1': 0.07923787889806663, 'D_low': 7.791810448757061, 'k2': 0.01882751655329118, 'D_high': 2081929.9661362504, 'fire_exp': 2.3376352956793003, 'P_half': 1.1503374283583316, 'pre_dampen_half': 2.8364688437999828, 'gpp_af': 0.15186498583478134, 'gpp_b': 0.026723304084846626, 'gpp_d': 78.41792717883735, 'ign_k': 0.04327845032089354, 'ign_c': 0.6171288434900217, 'trop_agb_crit': 8.583365730358459, 'trop_k_veg': 3.8956921761398804}. Best is trial 1285 with value: -0.6015874360929447.
[I 2026-08-20 01:00:29,255] Trial 1965 finished with value: 0.6236242547087599 and parameters: {'k1': 0.010943214375345024, 'D_low': 1.0639919807342728, 'k2': 1.5665165250938526e-05, 'D_high': 4957023.896442071, 'fire_exp': 6.770047604484187, 'P_half': 52.68048583741447, 'pre_dampen_half': 4.313542519175319, 'gpp_af': 57.24978379618288, 'gpp_b': 3.6773662774750394e-05, 'gpp_d': 30.644135921612, 'ign_k': 0.2096467943009707, 'ign_c': 29.51252665580489, 'trop_agb_crit': 25.285302284856904, 'trop_k_veg': 2.517383022596819}. Best is trial 1285 with value: -0.6015874360929447.
[I 2026-08-20 01:00:30,657] Trial 1966 finished with value: 0.6445374145881376 and parameters: {'k1': 0.011222250725317328, 'D_low': 408972.86153495946, 'k2': 0.05137456836563699, 'D_high': 143393.68237428978, 'fire_exp': 1.91882768835792, 'P_half': 251.03700070841813, 'pre_dampen_half': 2.3122121341321913, 'gpp_af': 0.0015540840175563356, 'gpp_b': 3.361553625989772, 'gpp_d': 0.2179848295395049, 'ign_k': 0.002703910235398785, 'ign_c': 0.2767553109977637, 'trop_agb_crit': 1.371804378108579, 'trop_k_veg': 6.264794355068893}. Best is trial 1285 with value: -0.6015874360929447.
[I 2026-08-20 01:00:32,011] Trial 1967 finished with value: 0.41353780156525044 and parameters: {'k1': 0.038884912332839104, 'D_low': 3.8614731316160724, 'k2': 0.007455897029478986, 'D_high': 187739.09006723997, 'fire_exp': 3.717849738251023, 'P_half': 1.716509354326055, 'pre_dampen_half': 6.142183440369959, 'gpp_af': 0.5192789153587432, 'gpp_b': 0.0007917667346885805, 'gpp_d': 235.96331316630133, 'ign_k': 0.18831486924962076, 'ign_c': 0.2181843097978427, 'trop_agb_crit': 8.541004692607272, 'trop_k_veg': 1.88117712196058}. Best is trial 1285 with value: -0.6015874360929447.
[I 2026-08-20 01:00:33,396] Trial 1968 finished with value: 0.6314367012534473 and parameters: {'k1': 0.00015821998502951672, 'D_low': 364.4587194028947, 'k2': 0.00023009149685297478, 'D_high': 25.0527569040338, 'fire_exp': 2.3080937152023635, 'P_half': 1.907373682234196, 'pre_dampen_half': 0.08220459367201711, 'gpp_af': 0.07276066845728715, 'gpp_b': 3.6886568044440393, 'gpp_d': 0.6033977059267457, 'ign_k': 0.0017868184609293035, 'ign_c': 3.2044692648836453, 'trop_agb_crit': 20.966562189835, 'trop_k_veg': 1.306546316412793}. Best is trial 1285 with value: -0.6015874360929447.
[I 2026-08-20 01:00:34,773] Trial 1969 finished with value: 0.6126801064041029 and parameters: {'k1': 7.377418360397339e-05, 'D_low': 331.7609861927325, 'k2': 8.393238213542582e-05, 'D_high': 40.91716210366335, 'fire_exp': 1.3985562822704838, 'P_half': 24.621371612379498, 'pre_dampen_half': 1.316095979631129, 'gpp_af': 0.7272946462675365, 'gpp_b': 0.07798495779304025, 'gpp_d': 0.05409442637181581, 'ign_k': 0.0034870350330899035, 'ign_c': 204.87950519712575, 'trop_agb_crit': 1.4271320119341075, 'trop_k_veg': 0.9189236430501794}. Best is trial 1285 with value: -0.6015874360929447.
[I 2026-08-20 01:00:36,152] Trial 1970 finished with value: 0.48588993979516326 and parameters: {'k1': 0.00011752687781956606, 'D_low': 14.45665682404576, 'k2': 0.00012119873881272853, 'D_high': 2668492.483311329, 'fire_exp': 1.0421266481829319, 'P_half': 6.451244199068873, 'pre_dampen_half': 0.07622536770091111, 'gpp_af': 0.012788085350949767, 'gpp_b': 8.083107415337772e-05, 'gpp_d': 43.29948562822357, 'ign_k': 0.9171976161082006, 'ign_c': 15.525001214057452, 'trop_agb_crit': 2.067728055905884, 'trop_k_veg': 2.6558118195005074}. Best is trial 1285 with value: -0.6015874360929447.
[I 2026-08-20 01:00:37,553] Trial 1971 finished with value: 0.5729077279639253 and parameters: {'k1': 2.3859847069175656e-05, 'D_low': 13.527151875635717, 'k2': 0.00309871533495138, 'D_high': 380162.91807677335, 'fire_exp': 4.113421339830269, 'P_half': 196.84003999364248, 'pre_dampen_half': 4.755557490409044, 'gpp_af': 0.006545349417560028, 'gpp_b': 4.2291249387850586e-05, 'gpp_d': 52.23779299570632, 'ign_k': 3.9028900227076626, 'ign_c': 21.499475404684766, 'trop_agb_crit': 5.044763247352159, 'trop_k_veg': 1.6503049094159743}. Best is trial 1285 with value: -0.6015874360929447.
[I 2026-08-20 01:00:38,935] Trial 1972 finished with value: 0.565959278229663 and parameters: {'k1': 4.1991045986255106e-05, 'D_low': 444.223906000466, 'k2': 0.0001343294280945882, 'D_high': 4084795.232260985, 'fire_exp': 4.856031675883586, 'P_half': 149.57712213584483, 'pre_dampen_half': 0.8407703044547729, 'gpp_af': 0.584696454235487, 'gpp_b': 0.0002009498153982843, 'gpp_d': 4.7919526184296695, 'ign_k': 5.7400156654462435, 'ign_c': 10.684936635502497, 'trop_agb_crit': 3.678658745948664, 'trop_k_veg': 3.7417007640214224}. Best is trial 1285 with value: -0.6015874360929447.
[I 2026-08-20 01:00:40,340] Trial 1973 finished with value: -0.5784242435189549 and parameters: {'k1': 0.0010025138606660512, 'D_low': 1.6766554759050207, 'k2': 0.0005594012729729663, 'D_high': 873078.4858006749, 'fire_exp': 1.25986748632141, 'P_half': 3.873991064905742, 'pre_dampen_half': 0.4406478735642387, 'gpp_af': 7.394791779550866, 'gpp_b': 0.0028363141415875134, 'gpp_d': 282.77823639245594, 'ign_k': 0.459262834075532, 'ign_c': 6.486530119672181, 'trop_agb_crit': 3.380426408818508, 'trop_k_veg': 3.109573633221817}. Best is trial 1285 with value: -0.6015874360929447.
[I 2026-08-20 01:00:41,713] Trial 1974 finished with value: 0.48921263544007254 and parameters: {'k1': 0.0015128789768148949, 'D_low': 99.44682440896426, 'k2': 1.3381200089023395e-05, 'D_high': 8347297.03113467, 'fire_exp': 3.3917846204355064, 'P_half': 3.794520599797801, 'pre_dampen_half': 113.84157826168143, 'gpp_af': 4.737815094470545, 'gpp_b': 0.006680863828334057, 'gpp_d': 12.362741965740687, 'ign_k': 3.0785281792600996, 'ign_c': 2.759258101975999, 'trop_agb_crit': 2.1412931689315973, 'trop_k_veg': 1.3835025105994816}. Best is trial 1285 with value: -0.6015874360929447.
[I 2026-08-20 01:00:43,130] Trial 1975 finished with value: 0.6445374145881376 and parameters: {'k1': 0.0001795005194217172, 'D_low': 10.193490218385628, 'k2': 0.0033636502069657394, 'D_high': 1145550.9463549254, 'fire_exp': 6.778171127154108, 'P_half': 1.0346991934821466, 'pre_dampen_half': 17.544506626837375, 'gpp_af': 0.3963792430580404, 'gpp_b': 0.0003724736158293589, 'gpp_d': 414.08224312892594, 'ign_k': 8.144612797175652, 'ign_c': 46.36061057378321, 'trop_agb_crit': 13.391931036723102, 'trop_k_veg': 1.7233734657878512}. Best is trial 1285 with value: -0.6015874360929447.
[I 2026-08-20 01:00:44,936] Trial 1976 finished with value: 0.6445374145881376 and parameters: {'k1': 0.0002860871051318641, 'D_low': 8714.893447423714, 'k2': 0.09718157588406587, 'D_high': 503.74023238171196, 'fire_exp': 4.753252814219894, 'P_half': 1.1397507934513904, 'pre_dampen_half': 436.3510286843124, 'gpp_af': 50.296310665696815, 'gpp_b': 0.04138564478206473, 'gpp_d': 0.016620452594429482, 'ign_k': 0.9502879178500753, 'ign_c': 0.20422707230875914, 'trop_agb_crit': 3.9415196877047607, 'trop_k_veg': 7.444907401968905}. Best is trial 1285 with value: -0.6015874360929447.
[I 2026-08-20 01:00:46,348] Trial 1977 finished with value: 0.4954611364603565 and parameters: {'k1': 0.01007036349519878, 'D_low': 1.8617631834022206, 'k2': 0.006984530119864826, 'D_high': 2211566.1218246943, 'fire_exp': 1.7451724379306557, 'P_half': 1.000576351053633, 'pre_dampen_half': 0.2758056689690073, 'gpp_af': 0.6562075239574687, 'gpp_b': 0.010365193688610384, 'gpp_d': 14.779068707660572, 'ign_k': 0.09246284631608044, 'ign_c': 0.175090914629242, 'trop_agb_crit': 7.726349610131193, 'trop_k_veg': 1.6558845147210164}. Best is trial 1285 with value: -0.6015874360929447.
[I 2026-08-20 01:00:47,796] Trial 1978 finished with value: 0.6445374145881376 and parameters: {'k1': 0.010770634318555652, 'D_low': 4004.829093346116, 'k2': 5.5650277925254666e-05, 'D_high': 409580.7890119894, 'fire_exp': 5.538891849647139, 'P_half': 1.4407473396641983, 'pre_dampen_half': 15.579160834423655, 'gpp_af': 56.23845402246607, 'gpp_b': 0.24138619507829795, 'gpp_d': 275.2709136637179, 'ign_k': 0.1943853845061485, 'ign_c': 73.60920759087867, 'trop_agb_crit': 3.9005437988233123, 'trop_k_veg': 0.9603330635405858}. Best is trial 1285 with value: -0.6015874360929447.
[I 2026-08-20 01:00:49,152] Trial 1979 finished with value: 0.47134032096207146 and parameters: {'k1': 0.0953274607747929, 'D_low': 2.848465797445952, 'k2': 0.0021131932310527687, 'D_high': 4630278.761572142, 'fire_exp': 2.443506219629575, 'P_half': 4.6140716579161145, 'pre_dampen_half': 19.81716093991156, 'gpp_af': 53.986427257837406, 'gpp_b': 0.011525563832650184, 'gpp_d': 219.72593095691994, 'ign_k': 0.9265045796900637, 'ign_c': 1.2612334775867553, 'trop_agb_crit': 6.843798224388332, 'trop_k_veg': 1.92053254555542}. Best is trial 1285 with value: -0.6015874360929447.
[I 2026-08-20 01:00:50,554] Trial 1980 finished with value: -0.5881852839470483 and parameters: {'k1': 0.005769660719371354, 'D_low': 39.32515432170142, 'k2': 0.0002638181375797923, 'D_high': 3920102.630110181, 'fire_exp': 4.950848035659842, 'P_half': 182.47660710756563, 'pre_dampen_half': 438.5776324210981, 'gpp_af': 0.08885198558067861, 'gpp_b': 0.00019655424079819688, 'gpp_d': 13.673715880808468, 'ign_k': 7.2913660060650205, 'ign_c': 7.826068170123517, 'trop_agb_crit': 7.10194279285161, 'trop_k_veg': 3.629897240500679}. Best is trial 1285 with value: -0.6015874360929447.
[I 2026-08-20 01:00:51,945] Trial 1981 finished with value: 0.5799896239304183 and parameters: {'k1': 0.01710601061187107, 'D_low': 23.91074029397671, 'k2': 0.0007614646101045383, 'D_high': 8983888.762537595, 'fire_exp': 5.088632149473497, 'P_half': 150.37570311892384, 'pre_dampen_half': 259.7017590873273, 'gpp_af': 0.009646791098255834, 'gpp_b': 0.007298584831661995, 'gpp_d': 2.4565811158191497, 'ign_k': 6.745428965694347, 'ign_c': 1.116048854638382, 'trop_agb_crit': 5.2033219368181545, 'trop_k_veg': 4.298876139305237}. Best is trial 1285 with value: -0.6015874360929447.
[I 2026-08-20 01:00:53,357] Trial 1982 finished with value: 0.5650874295987072 and parameters: {'k1': 0.004644495516672103, 'D_low': 5.465018213462421, 'k2': 0.0019050213639879964, 'D_high': 8427.683611606848, 'fire_exp': 4.2206013558367665, 'P_half': 32.32288189237092, 'pre_dampen_half': 13.159054698760032, 'gpp_af': 1.5709892803691041, 'gpp_b': 0.00040522842808175867, 'gpp_d': 45.91058570383286, 'ign_k': 5.321518371254308, 'ign_c': 8.936628529539936, 'trop_agb_crit': 3.693125557416982, 'trop_k_veg': 2.137845134700815}. Best is trial 1285 with value: -0.6015874360929447.
