[I 2026-08-06 00:16:34,477] Trial 615 finished with values: [10.6483194014476, 10.6483194014476] and parameters: {'k1': 0.0017320535908244437, 'D_low': 24.195799118138826, 'k2': 0.006138509947844854, 'D_high': 639.0695092073224, 'fire_exp': 2.349842546850811, 'P_half': 608.3019192425825, 'pre_dampen_half': 111.37963167994629, 'gpp_af': 22.766850248686247, 'gpp_b': 0.0024194895091734425, 'gpp_d': 891.8036602897795, 'ign_k': 0.031134168041628628, 'ign_c': 14.367095138664217}.
[I 2026-08-06 00:16:35,446] Trial 616 finished with values: [10.624323101701693, 10.624323101701693] and parameters: {'k1': 0.00324789183891923, 'D_low': 2.1234210963705626, 'k2': 1.1184534120760473e-05, 'D_high': 6455.595882939566, 'fire_exp': 1.4665043946307825, 'P_half': 958.8659498594012, 'pre_dampen_half': 36.876350096203005, 'gpp_af': 5.511863475708366, 'gpp_b': 0.0024194895091734425, 'gpp_d': 13.076473382928533, 'ign_k': 0.019192001101561888, 'ign_c': 2.92043384718141}.
[I 2026-08-06 00:16:36,918] Trial 617 finished with values: [10.748856097192723, 10.748856097192723] and parameters: {'k1': 0.021368329072358756, 'D_low': 8924.795116437426, 'k2': 3.5917714215176105e-05, 'D_high': 75773.14388518519, 'fire_exp': 1.5201277403788451, 'P_half': 147.09699119495133, 'pre_dampen_half': 76.86605275420082, 'gpp_af': 1.6595781802652418, 'gpp_b': 0.10123867001105968, 'gpp_d': 300.3420512048734, 'ign_k': 0.0014468941663899363, 'ign_c': 14.810800730363484}.
[I 2026-08-06 00:16:38,163] Trial 618 finished with values: [10.710276346763544, 10.710276346763544] and parameters: {'k1': 0.0029707920514735983, 'D_low': 125.32726386250698, 'k2': 0.0004381141781653133, 'D_high': 6366.1449945522045, 'fire_exp': 2.196935728020977, 'P_half': 63.585411411994926, 'pre_dampen_half': 703.6426675556048, 'gpp_af': 10.25616274847308, 'gpp_b': 8.539677611488478e-05, 'gpp_d': 0.19476644406315288, 'ign_k': 0.0048255892187380085, 'ign_c': 14.810800730363484}.
[I 2026-08-06 00:16:39,312] Trial 619 finished with values: [10.768744818890237, 10.768744818890237] and parameters: {'k1': 0.0017320535908244437, 'D_low': 396.8136435370147, 'k2': 0.006138509947844854, 'D_high': 75773.14388518519, 'fire_exp': 7.3626049101155635, 'P_half': 125.61043700013555, 'pre_dampen_half': 33.9790424311127, 'gpp_af': 0.7823066876094144, 'gpp_b': 8.539677611488478e-05, 'gpp_d': 668.5510162938966, 'ign_k': 0.005877005203443299, 'ign_c': 14.810800730363484}.
[I 2026-08-06 00:16:40,420] Trial 620 finished with values: [-0.5124739261535659, 0.2263793181895355] and parameters: {'k1': 0.0029707920514735983, 'D_low': 2.5379946629058443, 'k2': 0.0004381141781653133, 'D_high': 6366.1449945522045, 'fire_exp': 1.182396148413737, 'P_half': 1938.3858782150498, 'pre_dampen_half': 703.6426675556048, 'gpp_af': 0.0025511964576171086, 'gpp_b': 3.228689523591491e-05, 'gpp_d': 0.19476644406315288, 'ign_k': 0.03141110271934876, 'ign_c': 47.268615251255675}.
[I 2026-08-06 00:16:41,554] Trial 621 finished with values: [10.653805280497652, 10.653805280497652] and parameters: {'k1': 0.0017320535908244437, 'D_low': 532.1216007763549, 'k2': 0.0010204225357677778, 'D_high': 75773.14388518519, 'fire_exp': 1.5201277403788451, 'P_half': 408.3047491580097, 'pre_dampen_half': 33.9790424311127, 'gpp_af': 0.0025511964576171086, 'gpp_b': 0.004282452111192166, 'gpp_d': 668.5510162938966, 'ign_k': 0.0026834162496848666, 'ign_c': 14.810800730363484}.
[I 2026-08-06 00:16:42,655] Trial 622 finished with values: [10.731920012267619, 10.731920012267619] and parameters: {'k1': 0.021368329072358756, 'D_low': 7.068974950624602, 'k2': 1.4378290221680118e-05, 'D_high': 75773.14388518519, 'fire_exp': 5.311995034756393, 'P_half': 125.61043700013555, 'pre_dampen_half': 36.876350096203005, 'gpp_af': 0.028585493941961918, 'gpp_b': 0.011750724729953272, 'gpp_d': 4.5768578731086835, 'ign_k': 0.0884455049423825, 'ign_c': 2.92043384718141}.
[I 2026-08-06 00:16:43,723] Trial 623 finished with values: [10.617566782859978, 10.617566782859978] and parameters: {'k1': 3.252245757497282e-05, 'D_low': 1112.9571947046009, 'k2': 3.5917714215176105e-05, 'D_high': 31166.852978784915, 'fire_exp': 1.182396148413737, 'P_half': 24.136213194527585, 'pre_dampen_half': 33.9790424311127, 'gpp_af': 0.0025511964576171086, 'gpp_b': 3.481277316673104e-05, 'gpp_d': 150.14555442537656, 'ign_k': 0.11903394335305037, 'ign_c': 0.8891936446296247}.
[I 2026-08-06 00:16:44,788] Trial 624 finished with values: [10.021981689982718, 10.021981689982718] and parameters: {'k1': 0.00020222983754231334, 'D_low': 7.068974950624602, 'k2': 1.1184534120760473e-05, 'D_high': 1177.190025324204, 'fire_exp': 1.4665043946307825, 'P_half': 125.61043700013555, 'pre_dampen_half': 53.73093479067421, 'gpp_af': 0.09172078901566363, 'gpp_b': 8.539677611488478e-05, 'gpp_d': 5.878566318396007, 'ign_k': 4.006890332238651, 'ign_c': 14.810800730363484}.
[I 2026-08-06 00:16:45,863] Trial 625 finished with values: [10.364992506547374, 10.364992506547374] and parameters: {'k1': 0.0002656971546588439, 'D_low': 4.051452710153359, 'k2': 3.5917714215176105e-05, 'D_high': 10316.033434719713, 'fire_exp': 1.5201277403788451, 'P_half': 147.09699119495133, 'pre_dampen_half': 53.73093479067421, 'gpp_af': 0.028585493941961918, 'gpp_b': 3.481277316673104e-05, 'gpp_d': 300.3420512048734, 'ign_k': 0.0022462908940323947, 'ign_c': 14.810800730363484}.
[I 2026-08-06 00:16:46,888] Trial 626 finished with values: [10.725893582329254, 10.725893582329254] and parameters: {'k1': 0.025383218374507292, 'D_low': 125.32726386250698, 'k2': 0.0004381141781653133, 'D_high': 29.580419692843236, 'fire_exp': 1.5201277403788451, 'P_half': 39.03214299767183, 'pre_dampen_half': 304.7488318185732, 'gpp_af': 0.0025511964576171086, 'gpp_b': 0.028780534359197463, 'gpp_d': 39.827466658711515, 'ign_k': 0.0486276976221284, 'ign_c': 1.24801809651176}.
[I 2026-08-06 00:16:47,913] Trial 627 finished with values: [10.126437690771361, 10.126437690771361] and parameters: {'k1': 0.0029707920514735983, 'D_low': 7.068974950624602, 'k2': 1.1184534120760473e-05, 'D_high': 75773.14388518519, 'fire_exp': 1.182396148413737, 'P_half': 125.61043700013555, 'pre_dampen_half': 36.876350096203005, 'gpp_af': 0.0025511964576171086, 'gpp_b': 3.228689523591491e-05, 'gpp_d': 5.878566318396007, 'ign_k': 0.012802983592904445, 'ign_c': 2.92043384718141}.
[I 2026-08-06 00:16:49,117] Trial 628 finished with values: [-0.584180301449438, 0.18850851996440543] and parameters: {'k1': 0.002971796631657383, 'D_low': 1.54121727098019, 'k2': 1.1184534120760473e-05, 'D_high': 6455.595882939566, 'fire_exp': 1.151006986743773, 'P_half': 958.8659498594012, 'pre_dampen_half': 111.37963167994629, 'gpp_af': 0.47739011308437823, 'gpp_b': 0.0358180527371211, 'gpp_d': 5.878566318396007, 'ign_k': 4.461217349302768, 'ign_c': 19.19168994439752}.
[I 2026-08-06 00:16:50,150] Trial 629 finished with values: [10.151833578257818, 10.151833578257818] and parameters: {'k1': 0.03232155805617897, 'D_low': 125.32726386250698, 'k2': 0.006138509947844854, 'D_high': 1123.9682517242118, 'fire_exp': 2.2881850891698634, 'P_half': 6.96063331852638, 'pre_dampen_half': 703.6426675556048, 'gpp_af': 0.0025511964576171086, 'gpp_b': 3.481277316673104e-05, 'gpp_d': 0.19476644406315288, 'ign_k': 0.03141110271934876, 'ign_c': 8.671454322584175}.
[I 2026-08-06 00:16:51,198] Trial 630 finished with values: [10.551922847901219, 10.551922847901219] and parameters: {'k1': 0.002971796631657383, 'D_low': 7.068974950624602, 'k2': 1.1184534120760473e-05, 'D_high': 3103.604223881661, 'fire_exp': 1.0881360604103363, 'P_half': 125.61043700013555, 'pre_dampen_half': 53.73093479067421, 'gpp_af': 0.028585493941961918, 'gpp_b': 0.06156888951916391, 'gpp_d': 0.19476644406315288, 'ign_k': 0.03141110271934876, 'ign_c': 47.268615251255675}.
[I 2026-08-06 00:16:52,215] Trial 631 finished with values: [10.092755966299883, 10.092755966299883] and parameters: {'k1': 3.252245757497282e-05, 'D_low': 1112.9571947046009, 'k2': 3.5917714215176105e-05, 'D_high': 57.90964233881214, 'fire_exp': 1.5201277403788451, 'P_half': 24.136213194527585, 'pre_dampen_half': 304.7488318185732, 'gpp_af': 1.6595781802652418, 'gpp_b': 3.481277316673104e-05, 'gpp_d': 8.144272585223819, 'ign_k': 0.03141110271934876, 'ign_c': 2.41842279584716}.
[I 2026-08-06 00:16:53,229] Trial 632 finished with values: [10.397069181158596, 10.397069181158596] and parameters: {'k1': 0.021368329072358756, 'D_low': 532.1216007763549, 'k2': 1.1184534120760473e-05, 'D_high': 75773.14388518519, 'fire_exp': 1.5201277403788451, 'P_half': 22.4895428439145, 'pre_dampen_half': 33.9790424311127, 'gpp_af': 0.0025511964576171086, 'gpp_b': 8.539677611488478e-05, 'gpp_d': 4.5768578731086835, 'ign_k': 0.0026834162496848666, 'ign_c': 14.810800730363484}.
[I 2026-08-06 00:16:54,197] Trial 633 finished with values: [-0.5188127740071949, 0.17556753777334655] and parameters: {'k1': 3.252245757497282e-05, 'D_low': 1112.9571947046009, 'k2': 0.08790311296857814, 'D_high': 3660.150802571655, 'fire_exp': 1.5201277403788451, 'P_half': 2.157758652553991, 'pre_dampen_half': 33.9790424311127, 'gpp_af': 1.6595781802652418, 'gpp_b': 3.481277316673104e-05, 'gpp_d': 150.14555442537656, 'ign_k': 0.019192001101561888, 'ign_c': 0.8891936446296247}.
[I 2026-08-06 00:16:55,192] Trial 634 finished with values: [10.537277365823803, 10.537277365823803] and parameters: {'k1': 0.03232155805617897, 'D_low': 7.068974950624602, 'k2': 0.008559572793311807, 'D_high': 33.594697935173684, 'fire_exp': 1.182396148413737, 'P_half': 729.9613382801459, 'pre_dampen_half': 36.876350096203005, 'gpp_af': 1.6595781802652418, 'gpp_b': 3.481277316673104e-05, 'gpp_d': 39.827466658711515, 'ign_k': 0.0026834162496848666, 'ign_c': 2.92043384718141}.
[I 2026-08-06 00:16:56,231] Trial 635 finished with values: [10.220993513064672, 10.220993513064672] and parameters: {'k1': 0.03232155805617897, 'D_low': 1112.9571947046009, 'k2': 1.4378290221680118e-05, 'D_high': 639.0695092073224, 'fire_exp': 1.1044852285094786, 'P_half': 12.808863354047988, 'pre_dampen_half': 33.9790424311127, 'gpp_af': 1.6595781802652418, 'gpp_b': 9.58832899519661e-05, 'gpp_d': 39.827466658711515, 'ign_k': 3.7173717478250508, 'ign_c': 14.367095138664217}.
[I 2026-08-06 00:16:57,201] Trial 636 finished with values: [11.758653757765174, 11.758653757765174] and parameters: {'k1': 0.0029707920514735983, 'D_low': 7.068974950624602, 'k2': 0.006138509947844854, 'D_high': 75773.14388518519, 'fire_exp': 1.182396148413737, 'P_half': 408.3047491580097, 'pre_dampen_half': 350.88322284755304, 'gpp_af': 0.007914355321045717, 'gpp_b': 3.228689523591491e-05, 'gpp_d': 0.1540694827802009, 'ign_k': 0.0026834162496848666, 'ign_c': 2.92043384718141}.
[I 2026-08-06 00:16:58,169] Trial 637 finished with values: [10.020438046345376, 10.020438046345376] and parameters: {'k1': 0.002971796631657383, 'D_low': 4.051452710153359, 'k2': 1.1184534120760473e-05, 'D_high': 8182.111518618414, 'fire_exp': 1.4665043946307825, 'P_half': 22.4895428439145, 'pre_dampen_half': 304.7488318185732, 'gpp_af': 0.47739011308437823, 'gpp_b': 0.011750724729953272, 'gpp_d': 39.827466658711515, 'ign_k': 0.019192001101561888, 'ign_c': 14.810800730363484}.
[I 2026-08-06 00:16:59,152] Trial 638 finished with values: [10.339003835704439, 10.339003835704439] and parameters: {'k1': 0.00012105387404469581, 'D_low': 351.3346616869279, 'k2': 1.1184534120760473e-05, 'D_high': 3660.150802571655, 'fire_exp': 1.5201277403788451, 'P_half': 22.4895428439145, 'pre_dampen_half': 304.7488318185732, 'gpp_af': 1.6595781802652418, 'gpp_b': 0.17962348438857098, 'gpp_d': 8.144272585223819, 'ign_k': 0.0026834162496848666, 'ign_c': 2.41842279584716}.
[I 2026-08-06 00:17:00,147] Trial 639 finished with values: [10.309758261035386, 10.309758261035386] and parameters: {'k1': 0.021368329072358756, 'D_low': 532.1216007763549, 'k2': 1.1184534120760473e-05, 'D_high': 75773.14388518519, 'fire_exp': 1.811096651915224, 'P_half': 125.61043700013555, 'pre_dampen_half': 719.4083432823455, 'gpp_af': 0.028585493941961918, 'gpp_b': 8.539677611488478e-05, 'gpp_d': 150.14555442537656, 'ign_k': 0.002357279455676982, 'ign_c': 2.92043384718141}.
[I 2026-08-06 00:17:01,286] Trial 640 finished with values: [10.719268625744437, 10.719268625744437] and parameters: {'k1': 0.0002656971546588439, 'D_low': 4.051452710153359, 'k2': 3.5917714215176105e-05, 'D_high': 10316.033434719713, 'fire_exp': 1.182396148413737, 'P_half': 147.09699119495133, 'pre_dampen_half': 76.86605275420082, 'gpp_af': 0.0025511964576171086, 'gpp_b': 0.10123867001105968, 'gpp_d': 300.3420512048734, 'ign_k': 0.4702627143647234, 'ign_c': 0.8891936446296247}.
[I 2026-08-06 00:17:02,399] Trial 641 finished with values: [10.769230768877819, 10.769230768877819] and parameters: {'k1': 0.021368329072358756, 'D_low': 5.29551022369202, 'k2': 1.1184534120760473e-05, 'D_high': 6455.595882939566, 'fire_exp': 1.5201277403788451, 'P_half': 12.808863354047988, 'pre_dampen_half': 304.7488318185732, 'gpp_af': 0.028585493941961918, 'gpp_b': 3.481277316673104e-05, 'gpp_d': 150.14555442537656, 'ign_k': 2.615413574494962, 'ign_c': 47.268615251255675}.
[I 2026-08-06 00:17:03,742] Trial 642 finished with values: [10.385489542125367, 10.385489542125367] and parameters: {'k1': 0.002971796631657383, 'D_low': 351.3346616869279, 'k2': 3.5917714215176105e-05, 'D_high': 3660.150802571655, 'fire_exp': 1.5201277403788451, 'P_half': 22.4895428439145, 'pre_dampen_half': 53.73093479067421, 'gpp_af': 1.6595781802652418, 'gpp_b': 8.539677611488478e-05, 'gpp_d': 5.878566318396007, 'ign_k': 0.0026834162496848666, 'ign_c': 2.92043384718141}.
[I 2026-08-06 00:17:05,163] Trial 643 finished with values: [10.627308908330829, 10.627308908330829] and parameters: {'k1': 0.0002656971546588439, 'D_low': 4.051452710153359, 'k2': 3.5917714215176105e-05, 'D_high': 10316.033434719713, 'fire_exp': 1.5201277403788451, 'P_half': 14.94057723907974, 'pre_dampen_half': 76.86605275420082, 'gpp_af': 35.20481045526041, 'gpp_b': 0.10123867001105968, 'gpp_d': 2.893272120738162, 'ign_k': 0.4702627143647234, 'ign_c': 6.160975294741436}.
[I 2026-08-06 00:17:06,438] Trial 644 finished with values: [10.394306083895666, 10.394306083895666] and parameters: {'k1': 9.74819700926251e-05, 'D_low': 3040.8822605588985, 'k2': 0.006138509947844854, 'D_high': 75773.14388518519, 'fire_exp': 1.4665043946307825, 'P_half': 7.857247967427123, 'pre_dampen_half': 36.876350096203005, 'gpp_af': 0.0025511964576171086, 'gpp_b': 0.003510201564752293, 'gpp_d': 5.878566318396007, 'ign_k': 0.06042560675552673, 'ign_c': 14.367095138664217}.
[I 2026-08-06 00:17:08,087] Trial 645 finished with values: [10.096547712172965, 10.096547712172965] and parameters: {'k1': 0.00012105387404469581, 'D_low': 2.458603276328005, 'k2': 8.200096539027468e-05, 'D_high': 3660.150802571655, 'fire_exp': 1.5201277403788451, 'P_half': 2.157758652553991, 'pre_dampen_half': 958.6709783968975, 'gpp_af': 1.6595781802652418, 'gpp_b': 5.2308563179361105e-05, 'gpp_d': 4.5768578731086835, 'ign_k': 0.017654048052495083, 'ign_c': 14.810800730363484}.
[I 2026-08-06 00:17:10,279] Trial 646 finished with values: [-0.5445268143017097, 0.1508284453803409] and parameters: {'k1': 0.021368329072358756, 'D_low': 532.1216007763549, 'k2': 0.006138509947844854, 'D_high': 75773.14388518519, 'fire_exp': 1.5201277403788451, 'P_half': 125.61043700013555, 'pre_dampen_half': 304.7488318185732, 'gpp_af': 1.6595781802652418, 'gpp_b': 8.539677611488478e-05, 'gpp_d': 3.7504792727317837, 'ign_k': 0.0026834162496848666, 'ign_c': 14.810800730363484}.
[I 2026-08-06 00:17:11,481] Trial 647 finished with values: [-0.5272638089043091, 0.19979134645596985] and parameters: {'k1': 3.252245757497282e-05, 'D_low': 532.1216007763549, 'k2': 0.0010204225357677778, 'D_high': 75773.14388518519, 'fire_exp': 1.5201277403788451, 'P_half': 22.4895428439145, 'pre_dampen_half': 33.9790424311127, 'gpp_af': 1.6595781802652418, 'gpp_b': 8.539677611488478e-05, 'gpp_d': 668.5510162938966, 'ign_k': 0.019192001101561888, 'ign_c': 2.7348497877391993}.
[I 2026-08-06 00:17:12,461] Trial 648 finished with values: [10.183987433790188, 10.183987433790188] and parameters: {'k1': 0.0023539834531862073, 'D_low': 74.92772870670282, 'k2': 0.0007081721844034209, 'D_high': 75773.14388518519, 'fire_exp': 1.4572158037266703, 'P_half': 22.4895428439145, 'pre_dampen_half': 5.542030950268268, 'gpp_af': 0.0025511964576171086, 'gpp_b': 8.539677611488478e-05, 'gpp_d': 668.5510162938966, 'ign_k': 0.09071933427331372, 'ign_c': 14.810800730363484}.
[I 2026-08-06 00:17:13,425] Trial 649 finished with values: [10.41606565501963, 10.41606565501963] and parameters: {'k1': 0.002971796631657383, 'D_low': 74.92772870670282, 'k2': 4.763991596630584e-05, 'D_high': 9769.756791866093, 'fire_exp': 1.010722707674549, 'P_half': 2.157758652553991, 'pre_dampen_half': 0.9024178626866605, 'gpp_af': 29.925002022877802, 'gpp_b': 0.6637926838138378, 'gpp_d': 891.8036602897795, 'ign_k': 3.7173717478250508, 'ign_c': 14.367095138664217}.
[I 2026-08-06 00:17:14,421] Trial 650 finished with values: [10.769230768877819, 10.769230768877819] and parameters: {'k1': 0.021368329072358756, 'D_low': 7.068974950624602, 'k2': 0.0004381141781653133, 'D_high': 75773.14388518519, 'fire_exp': 9.319922958183149, 'P_half': 1938.3858782150498, 'pre_dampen_half': 0.19528422543904064, 'gpp_af': 0.0025511964576171086, 'gpp_b': 3.228689523591491e-05, 'gpp_d': 150.14555442537656, 'ign_k': 0.4235909356730625, 'ign_c': 47.268615251255675}.
[I 2026-08-06 00:17:15,385] Trial 651 finished with values: [10.401407843876846, 10.401407843876846] and parameters: {'k1': 0.0029707920514735983, 'D_low': 125.32726386250698, 'k2': 0.0001998758192761449, 'D_high': 75773.14388518519, 'fire_exp': 1.4665043946307825, 'P_half': 39.03214299767183, 'pre_dampen_half': 36.876350096203005, 'gpp_af': 0.0025511964576171086, 'gpp_b': 3.228689523591491e-05, 'gpp_d': 5.878566318396007, 'ign_k': 0.03141110271934876, 'ign_c': 2.92043384718141}.
[I 2026-08-06 00:17:16,395] Trial 652 finished with values: [10.764292889831408, 10.764292889831408] and parameters: {'k1': 0.03232155805617897, 'D_low': 125.32726386250698, 'k2': 0.0004381141781653133, 'D_high': 8182.111518618414, 'fire_exp': 5.935716166097423, 'P_half': 125.61043700013555, 'pre_dampen_half': 304.7488318185732, 'gpp_af': 0.47739011308437823, 'gpp_b': 8.539677611488478e-05, 'gpp_d': 0.19476644406315288, 'ign_k': 0.019192001101561888, 'ign_c': 8.671454322584175}.
[I 2026-08-06 00:17:17,470] Trial 653 finished with values: [10.72517288205845, 10.72517288205845] and parameters: {'k1': 0.0017320535908244437, 'D_low': 532.1216007763549, 'k2': 0.006138509947844854, 'D_high': 75773.14388518519, 'fire_exp': 1.5201277403788451, 'P_half': 14.94057723907974, 'pre_dampen_half': 0.04511991819672032, 'gpp_af': 70.6488708974061, 'gpp_b': 8.539677611488478e-05, 'gpp_d': 668.5510162938966, 'ign_k': 0.09071933427331372, 'ign_c': 14.810800730363484}.
[I 2026-08-06 00:17:18,518] Trial 654 finished with values: [13.07351142435292, 13.07351142435292] and parameters: {'k1': 0.00012105387404469581, 'D_low': 98.57545621889057, 'k2': 0.006138509947844854, 'D_high': 3660.150802571655, 'fire_exp': 1.5201277403788451, 'P_half': 22.4895428439145, 'pre_dampen_half': 304.7488318185732, 'gpp_af': 0.18575807716793402, 'gpp_b': 8.539677611488478e-05, 'gpp_d': 4.5768578731086835, 'ign_k': 0.8826264591983531, 'ign_c': 0.8794311679173451}.
[I 2026-08-06 00:17:19,560] Trial 655 finished with values: [10.070686238162683, 10.070686238162683] and parameters: {'k1': 0.021368329072358756, 'D_low': 1.9678273362633985, 'k2': 1.4378290221680118e-05, 'D_high': 8182.111518618414, 'fire_exp': 1.1044852285094786, 'P_half': 24.136213194527585, 'pre_dampen_half': 33.9790424311127, 'gpp_af': 0.007059753305721968, 'gpp_b': 0.013141462234668097, 'gpp_d': 4.5768578731086835, 'ign_k': 0.019192001101561888, 'ign_c': 2.2285003453523857}.
[I 2026-08-06 00:17:20,594] Trial 656 finished with values: [10.716445803217168, 10.716445803217168] and parameters: {'k1': 0.025383218374507292, 'D_low': 7.068974950624602, 'k2': 1.1184534120760473e-05, 'D_high': 1687.3495104568947, 'fire_exp': 1.010722707674549, 'P_half': 125.61043700013555, 'pre_dampen_half': 14.689898077648792, 'gpp_af': 0.028585493941961918, 'gpp_b': 0.6637926838138378, 'gpp_d': 891.8036602897795, 'ign_k': 0.0026834162496848666, 'ign_c': 14.367095138664217}.
[I 2026-08-06 00:17:21,622] Trial 657 finished with values: [10.138764246106817, 10.138764246106817] and parameters: {'k1': 0.00324789183891923, 'D_low': 125.32726386250698, 'k2': 1.1184534120760473e-05, 'D_high': 6455.595882939566, 'fire_exp': 1.151006986743773, 'P_half': 39.03214299767183, 'pre_dampen_half': 304.7488318185732, 'gpp_af': 13.94494576100762, 'gpp_b': 0.0038487982105145655, 'gpp_d': 39.827466658711515, 'ign_k': 0.03141110271934876, 'ign_c': 19.19168994439752}.
[I 2026-08-06 00:17:22,725] Trial 658 finished with values: [-0.5652948731875276, 0.1880411175175386] and parameters: {'k1': 0.002971796631657383, 'D_low': 9.882278532808778, 'k2': 1.1184534120760473e-05, 'D_high': 2941.5751391396584, 'fire_exp': 1.4665043946307825, 'P_half': 125.61043700013555, 'pre_dampen_half': 304.7488318185732, 'gpp_af': 0.47739011308437823, 'gpp_b': 8.539677611488478e-05, 'gpp_d': 4.5768578731086835, 'ign_k': 0.019192001101561888, 'ign_c': 6.160975294741436}.
[I 2026-08-06 00:17:23,769] Trial 659 finished with values: [10.883119060420753, 10.883119060420753] and parameters: {'k1': 0.021368329072358756, 'D_low': 7.068974950624602, 'k2': 0.0010204225357677778, 'D_high': 75773.14388518519, 'fire_exp': 2.196935728020977, 'P_half': 24.136213194527585, 'pre_dampen_half': 304.7488318185732, 'gpp_af': 0.028585493941961918, 'gpp_b': 8.539677611488478e-05, 'gpp_d': 150.14555442537656, 'ign_k': 0.005877005203443299, 'ign_c': 2.92043384718141}.
