[I 2026-08-19 18:01:33,770] Trial 2087 finished with value: 0.5338294368456886 and parameters: {'k1': 0.032921202861038806, 'D_low': 2170.817584296214, 'k2': 0.0033610420168423533, 'D_high': 44546.34615867029, 'fire_exp': 1.4733589990372775, 'P_half': 1369.5362561442143, 'pre_dampen_half': 11.500848387615, 'gpp_af': 0.11831092741671521, 'gpp_b': 0.002052094033089063, 'gpp_d': 50.43219288220265, 'ign_k': 3.896434776241474, 'ign_c': 3.2123922938015084, 'trop_agb_crit': 28.981985124669556, 'trop_k_veg': 3.107127142878101, 'pop_amp': 0.004896229722602158, 'pop_peak': 30.779993156002796, 'pop_sig': 0.5346604796644396, 'fuel_k': 0.03774406843447867, 'fuel_half': 0.9163130160688236}. Best is trial 1622 with value: -0.6125870653324885.
[I 2026-08-19 18:01:35,603] Trial 2088 finished with value: 0.4996062906185438 and parameters: {'k1': 0.009932920190566246, 'D_low': 564.2976095396114, 'k2': 0.05055017103892263, 'D_high': 544953.5453970298, 'fire_exp': 1.502852178829436, 'P_half': 36.15567052559641, 'pre_dampen_half': 5.962799603860263, 'gpp_af': 0.006558778879670425, 'gpp_b': 0.003850970631005296, 'gpp_d': 506.47308582727186, 'ign_k': 1.153808062617755, 'ign_c': 21.43949675945153, 'trop_agb_crit': 21.171459918485752, 'trop_k_veg': 3.0494486600140083, 'pop_amp': 0.0025395081747311087, 'pop_peak': 225.59541510355012, 'pop_sig': 0.5829921097171129, 'fuel_k': 0.01689969911677777, 'fuel_half': 9.187145727847913}. Best is trial 1622 with value: -0.6125870653324885.
[I 2026-08-19 18:01:37,403] Trial 2089 finished with value: 0.4391274040884149 and parameters: {'k1': 0.00041435721496817083, 'D_low': 12084.269683627503, 'k2': 0.052693346194937214, 'D_high': 1442091.5167684886, 'fire_exp': 2.3693787415246037, 'P_half': 25.028402525450044, 'pre_dampen_half': 2.1746811892535187, 'gpp_af': 0.031917658938422716, 'gpp_b': 0.00013335193515105802, 'gpp_d': 168.19450044777773, 'ign_k': 0.9616864759222215, 'ign_c': 0.18784262127517873, 'trop_agb_crit': 12.793091607592249, 'trop_k_veg': 2.5404877202552045, 'pop_amp': 1.0514504539410976, 'pop_peak': 1.080649008592239, 'pop_sig': 0.5461823489300777, 'fuel_k': 0.0829889553781617, 'fuel_half': 0.11379248746310747}. Best is trial 1622 with value: -0.6125870653324885.
[I 2026-08-19 18:01:39,243] Trial 2090 finished with value: 0.47469902055130364 and parameters: {'k1': 0.0002659933210813565, 'D_low': 8836.26444785441, 'k2': 0.004327687061604403, 'D_high': 587297.5360175056, 'fire_exp': 2.494071585028396, 'P_half': 152.3939032463661, 'pre_dampen_half': 0.2495047132598298, 'gpp_af': 0.3303063881042384, 'gpp_b': 0.0006269488238880433, 'gpp_d': 304.9373991522137, 'ign_k': 1.7654417016869197, 'ign_c': 0.10990538039432209, 'trop_agb_crit': 6.728996160718229, 'trop_k_veg': 3.8585568479337327, 'pop_amp': 0.012655955548050293, 'pop_peak': 0.3485816524989957, 'pop_sig': 0.3293968679430302, 'fuel_k': 3.7470445524094522, 'fuel_half': 0.4123197415399294}. Best is trial 1622 with value: -0.6125870653324885.
[I 2026-08-19 18:01:41,019] Trial 2091 finished with value: 0.5600426665122097 and parameters: {'k1': 0.00013699745640829804, 'D_low': 11.490975309698745, 'k2': 0.08269686893582061, 'D_high': 518203.4321555332, 'fire_exp': 4.78298007301901, 'P_half': 7.3895770632457545, 'pre_dampen_half': 0.38970367110027976, 'gpp_af': 0.02767997391447559, 'gpp_b': 0.0024605003093526256, 'gpp_d': 3.5158885080169826, 'ign_k': 1.2189466622235372, 'ign_c': 1.4102359319156492, 'trop_agb_crit': 5.65153553514262, 'trop_k_veg': 3.6281678336917675, 'pop_amp': 0.010882986591969469, 'pop_peak': 14.852876410300675, 'pop_sig': 0.41966810335493093, 'fuel_k': 0.012416732823204811, 'fuel_half': 5.285821267211044}. Best is trial 1622 with value: -0.6125870653324885.
[I 2026-08-19 18:01:42,898] Trial 2092 finished with value: 0.39691200635198975 and parameters: {'k1': 0.08796891960223278, 'D_low': 2.9222131368085096, 'k2': 0.015529249338433648, 'D_high': 5264865.111660867, 'fire_exp': 3.377260616957741, 'P_half': 2.8592816474619798, 'pre_dampen_half': 4.595395834135361, 'gpp_af': 0.13383464698043177, 'gpp_b': 0.00030242328278262887, 'gpp_d': 109.74620295364117, 'ign_k': 2.6035898289892416, 'ign_c': 11.410912745741681, 'trop_agb_crit': 22.10670963475332, 'trop_k_veg': 3.3052541343938606, 'pop_amp': 0.003561272233724499, 'pop_peak': 0.13077523459307597, 'pop_sig': 0.9319867913457537, 'fuel_k': 0.142057809765364, 'fuel_half': 0.18611177390081687}. Best is trial 1622 with value: -0.6125870653324885.
[I 2026-08-19 18:01:44,751] Trial 2093 finished with value: 0.5121535627797804 and parameters: {'k1': 4.5312706248051844e-05, 'D_low': 3533.16843131159, 'k2': 3.302035475514586e-05, 'D_high': 6003391.671355549, 'fire_exp': 1.6150369440700134, 'P_half': 47.08460053573959, 'pre_dampen_half': 0.23632220992738912, 'gpp_af': 0.03337041408536139, 'gpp_b': 0.0010284760604106309, 'gpp_d': 559.5278849016086, 'ign_k': 0.00312357711753325, 'ign_c': 15.15014078324109, 'trop_agb_crit': 22.744853041200408, 'trop_k_veg': 2.010029567846725, 'pop_amp': 1.2472659036265072, 'pop_peak': 12.765847424504269, 'pop_sig': 1.2233897615069715, 'fuel_k': 1.5553385010910952, 'fuel_half': 0.24096265486488186}. Best is trial 1622 with value: -0.6125870653324885.
[I 2026-08-19 18:01:46,522] Trial 2094 finished with value: 0.5614031029372075 and parameters: {'k1': 0.0005263782737191116, 'D_low': 1.5044278268704212, 'k2': 0.023199997149239194, 'D_high': 2494089.405270843, 'fire_exp': 3.913554660128641, 'P_half': 67.31355740568803, 'pre_dampen_half': 0.570448044905779, 'gpp_af': 22.27651695397093, 'gpp_b': 0.00022874991430354497, 'gpp_d': 6.522448779884785, 'ign_k': 0.11648475423691389, 'ign_c': 0.2862589073011018, 'trop_agb_crit': 13.5067847171314, 'trop_k_veg': 3.4375863344564297, 'pop_amp': 0.006943814158156006, 'pop_peak': 120.14592121185679, 'pop_sig': 0.2773340722206544, 'fuel_k': 0.03006364680234859, 'fuel_half': 71.57167104004947}. Best is trial 1622 with value: -0.6125870653324885.
[I 2026-08-19 18:01:48,346] Trial 2095 finished with value: 0.5898354829471167 and parameters: {'k1': 0.00015859012479881797, 'D_low': 278.83703444848646, 'k2': 0.0008841289267748091, 'D_high': 2473205.1513185934, 'fire_exp': 2.7787119753357494, 'P_half': 800.7217785229118, 'pre_dampen_half': 2.8535396968405595, 'gpp_af': 0.024855846047441833, 'gpp_b': 0.07436260847529076, 'gpp_d': 234.74138680622661, 'ign_k': 7.555767619502054, 'ign_c': 0.9071617199376627, 'trop_agb_crit': 19.312509591048677, 'trop_k_veg': 6.698321799988287, 'pop_amp': 0.013073191147156452, 'pop_peak': 0.17049484017374206, 'pop_sig': 0.28732393464591327, 'fuel_k': 0.696636975931587, 'fuel_half': 0.28775612629051545}. Best is trial 1622 with value: -0.6125870653324885.
[I 2026-08-19 18:01:50,179] Trial 2096 finished with value: 0.6451726768010915 and parameters: {'k1': 0.0006217621573534655, 'D_low': 8.309136245614187, 'k2': 0.0842222131492052, 'D_high': 9123963.336233525, 'fire_exp': 5.392901216533529, 'P_half': 506.1385471466425, 'pre_dampen_half': 25.759562984838553, 'gpp_af': 0.020081209758389843, 'gpp_b': 0.0011944222698772983, 'gpp_d': 158.17821930014665, 'ign_k': 0.5936819511146681, 'ign_c': 43.849409893376794, 'trop_agb_crit': 2.419548293601597, 'trop_k_veg': 1.4168197024413245, 'pop_amp': 0.0028150373350559893, 'pop_peak': 22.28004228540215, 'pop_sig': 1.8302316189906793, 'fuel_k': 0.13111633216798368, 'fuel_half': 2.1255750083966998}. Best is trial 1622 with value: -0.6125870653324885.
  trial 2097/2500  best_overall=0.6126  (63.4 min)
[I 2026-08-19 18:01:52,423] Trial 2097 finished with value: 0.6185378285974148 and parameters: {'k1': 0.0007309725736719537, 'D_low': 84704.4695468673, 'k2': 0.014834681355379149, 'D_high': 7982484.7312953705, 'fire_exp': 1.6979200753239787, 'P_half': 5071.723550778003, 'pre_dampen_half': 0.960504337643623, 'gpp_af': 1.4090843188821498, 'gpp_b': 0.003579640606727436, 'gpp_d': 77.38236599457754, 'ign_k': 0.8061725559730545, 'ign_c': 0.5494701675250788, 'trop_agb_crit': 2.047421143820294, 'trop_k_veg': 6.86125163349868, 'pop_amp': 0.10524999402640507, 'pop_peak': 1.788682913827603, 'pop_sig': 0.33286262634141306, 'fuel_k': 1.6431051879210148, 'fuel_half': 0.2417732320425954}. Best is trial 1622 with value: -0.6125870653324885.
[I 2026-08-19 18:01:54,276] Trial 2098 finished with value: 0.5824359665163519 and parameters: {'k1': 0.000899871334801264, 'D_low': 36555.32464897973, 'k2': 0.02293009762789501, 'D_high': 5046640.893549478, 'fire_exp': 2.1340171253614004, 'P_half': 233.04550494845247, 'pre_dampen_half': 0.058414584977124505, 'gpp_af': 0.18819231117983207, 'gpp_b': 0.00010108779688328716, 'gpp_d': 19.893626042312995, 'ign_k': 1.7927780298087177, 'ign_c': 0.19967836764257793, 'trop_agb_crit': 6.2368140037950655, 'trop_k_veg': 3.546554672548852, 'pop_amp': 0.23530276422810018, 'pop_peak': 2.5512641738432147, 'pop_sig': 0.521152014988428, 'fuel_k': 3.1366924119326045, 'fuel_half': 1.985374410402504}. Best is trial 1622 with value: -0.6125870653324885.
[I 2026-08-19 18:01:56,058] Trial 2099 finished with value: 0.5915443330790761 and parameters: {'k1': 0.0006661141128570004, 'D_low': 1178.4368271587969, 'k2': 0.001454839968229386, 'D_high': 34999.137309853824, 'fire_exp': 1.6061273254727095, 'P_half': 7171.618488364129, 'pre_dampen_half': 48.78003790143513, 'gpp_af': 8.242305381367679, 'gpp_b': 0.01197190751860056, 'gpp_d': 19.226704677624152, 'ign_k': 2.1278696991260975, 'ign_c': 4.32805671411536, 'trop_agb_crit': 6.9688814946528606, 'trop_k_veg': 1.1282546956472843, 'pop_amp': 0.005002115168461995, 'pop_peak': 6.2308928457429245, 'pop_sig': 0.6170475795171164, 'fuel_k': 0.020247458507623026, 'fuel_half': 1.3139699163368759}. Best is trial 1622 with value: -0.6125870653324885.
[I 2026-08-19 18:01:57,858] Trial 2100 finished with value: 0.45945531239313875 and parameters: {'k1': 1.893799651441049e-05, 'D_low': 36036.54903981459, 'k2': 1.0775315671335023e-05, 'D_high': 2204768.541891386, 'fire_exp': 1.5334754798775978, 'P_half': 450.754645474838, 'pre_dampen_half': 9.4602618723399, 'gpp_af': 1.2333508371607704, 'gpp_b': 0.0003834159434655861, 'gpp_d': 630.1147213859309, 'ign_k': 0.0015410473493760166, 'ign_c': 0.6749658934119146, 'trop_agb_crit': 19.36691969492718, 'trop_k_veg': 6.108229438194407, 'pop_amp': 1.7536837035794925, 'pop_peak': 0.6060138116961336, 'pop_sig': 0.6351097093210416, 'fuel_k': 3.825042024668806, 'fuel_half': 0.10632119660746644}. Best is trial 1622 with value: -0.6125870653324885.
[I 2026-08-19 18:01:59,667] Trial 2101 finished with value: 0.47392607391770536 and parameters: {'k1': 0.039217685912286415, 'D_low': 111.8590810817446, 'k2': 0.04330560740316629, 'D_high': 395003.13156410947, 'fire_exp': 3.952819997817293, 'P_half': 22.79742314554451, 'pre_dampen_half': 162.07735881623248, 'gpp_af': 0.07604522454692107, 'gpp_b': 7.03466616208353e-05, 'gpp_d': 4.538729403375885, 'ign_k': 0.5819383932190005, 'ign_c': 2.7988065598684977, 'trop_agb_crit': 3.539989553879272, 'trop_k_veg': 2.5847807845265693, 'pop_amp': 0.01363887427322584, 'pop_peak': 696.6902831563643, 'pop_sig': 1.231664327497922, 'fuel_k': 0.047010451510593965, 'fuel_half': 0.15038330485185294}. Best is trial 1622 with value: -0.6125870653324885.
[I 2026-08-19 18:02:01,543] Trial 2102 finished with value: 0.5060801224110574 and parameters: {'k1': 0.0006651779420207168, 'D_low': 34714.63188766137, 'k2': 0.0014399826640491315, 'D_high': 9672701.684026087, 'fire_exp': 1.044837095364504, 'P_half': 765.4454634129662, 'pre_dampen_half': 13.701499693288763, 'gpp_af': 0.28236387039693, 'gpp_b': 0.001565046665260363, 'gpp_d': 1.381747692491765, 'ign_k': 1.283755872822535, 'ign_c': 23.561796900868288, 'trop_agb_crit': 22.66751916941581, 'trop_k_veg': 3.0401110515720204, 'pop_amp': 0.006501968088721343, 'pop_peak': 68.30972004885247, 'pop_sig': 0.7850138288142532, 'fuel_k': 0.7438319149411371, 'fuel_half': 0.5006750439015246}. Best is trial 1622 with value: -0.6125870653324885.
[I 2026-08-19 18:02:03,385] Trial 2103 finished with value: 0.5665109739484875 and parameters: {'k1': 0.001685186089147456, 'D_low': 210.98018180584214, 'k2': 0.001609563988632645, 'D_high': 414052.76365941355, 'fire_exp': 8.124862988654026, 'P_half': 2.7580965855616966, 'pre_dampen_half': 8.577881903543371, 'gpp_af': 0.5768849259703032, 'gpp_b': 0.002916731175042531, 'gpp_d': 393.33086694166303, 'ign_k': 0.04416876508280775, 'ign_c': 2.3381438852313465, 'trop_agb_crit': 17.704055196448866, 'trop_k_veg': 3.6163687584479707, 'pop_amp': 0.21890853317241468, 'pop_peak': 0.05986581416122891, 'pop_sig': 0.9394026277609956, 'fuel_k': 1.2845731777967868, 'fuel_half': 0.1474749490784291}. Best is trial 1622 with value: -0.6125870653324885.
[I 2026-08-19 18:02:05,261] Trial 2104 finished with value: -0.5590390354060544 and parameters: {'k1': 0.0008099321379858235, 'D_low': 8.019135237564814, 'k2': 0.015668511239446237, 'D_high': 99238.20619734684, 'fire_exp': 3.010142146245718, 'P_half': 21.6262419201622, 'pre_dampen_half': 6.370786354401162, 'gpp_af': 0.2420765181728686, 'gpp_b': 0.002447966803595216, 'gpp_d': 2.440006448255842, 'ign_k': 1.388117104367588, 'ign_c': 0.34251740795751834, 'trop_agb_crit': 6.202189758534121, 'trop_k_veg': 3.5785570601128116, 'pop_amp': 0.05612290840866646, 'pop_peak': 13.529187658727219, 'pop_sig': 0.4557777818624948, 'fuel_k': 0.04632336431127007, 'fuel_half': 29.642018594606604}. Best is trial 1622 with value: -0.6125870653324885.
[I 2026-08-19 18:02:07,222] Trial 2105 finished with value: 0.5785870754181678 and parameters: {'k1': 0.08314705456304113, 'D_low': 2.2040367473621325, 'k2': 0.0017867055448395044, 'D_high': 151422.2738002333, 'fire_exp': 9.685575060788969, 'P_half': 2.856006237264619, 'pre_dampen_half': 2.4357927062800155, 'gpp_af': 0.10229576192059542, 'gpp_b': 0.0004066328457375976, 'gpp_d': 547.9363144799083, 'ign_k': 0.039887481741322096, 'ign_c': 0.3488005899942873, 'trop_agb_crit': 20.507200985735626, 'trop_k_veg': 2.403089206594678, 'pop_amp': 0.024682806493044097, 'pop_peak': 0.1571279209993225, 'pop_sig': 0.2602542543889051, 'fuel_k': 1.372533854067557, 'fuel_half': 0.12449732137013693}. Best is trial 1622 with value: -0.6125870653324885.
[I 2026-08-19 18:02:09,045] Trial 2106 finished with value: 0.5024008234976386 and parameters: {'k1': 0.07415434039789366, 'D_low': 3.950319773468626, 'k2': 8.908153255293545e-05, 'D_high': 1694056.7015695788, 'fire_exp': 3.638503374363893, 'P_half': 1.315074157803199, 'pre_dampen_half': 20.795518724345687, 'gpp_af': 0.015638529956372892, 'gpp_b': 0.011491749214554288, 'gpp_d': 89.70883362863499, 'ign_k': 0.04190166853043039, 'ign_c': 5.44117067628907, 'trop_agb_crit': 9.594147998336426, 'trop_k_veg': 6.815827267243504, 'pop_amp': 0.007821739886878966, 'pop_peak': 0.3676386051891748, 'pop_sig': 0.5312974278735457, 'fuel_k': 5.330198242414526, 'fuel_half': 0.4518453106229631}. Best is trial 1622 with value: -0.6125870653324885.
[I 2026-08-19 18:02:10,848] Trial 2107 finished with value: 0.4887728904708162 and parameters: {'k1': 6.851837065986899e-05, 'D_low': 110.94276643695746, 'k2': 0.021882213903072347, 'D_high': 70869.40805526717, 'fire_exp': 1.3529001067373132, 'P_half': 607.7739926100289, 'pre_dampen_half': 0.3982307147187117, 'gpp_af': 0.11513424323018462, 'gpp_b': 8.961284020627365e-05, 'gpp_d': 20.798279079425797, 'ign_k': 8.030070831737785, 'ign_c': 2.3818512987031606, 'trop_agb_crit': 4.536937562074511, 'trop_k_veg': 4.448448428610808, 'pop_amp': 0.02398399669404763, 'pop_peak': 0.15615699572531097, 'pop_sig': 0.2768485754254002, 'fuel_k': 3.0723201881166777, 'fuel_half': 0.6567699702101624}. Best is trial 1622 with value: -0.6125870653324885.
  trial 2108/2500  best_overall=0.6126  (63.8 min)
[I 2026-08-19 18:02:13,148] Trial 2108 finished with value: 0.6179934212603936 and parameters: {'k1': 0.001375459686088292, 'D_low': 175588.2089644342, 'k2': 0.0013817921379464704, 'D_high': 1753603.6036460984, 'fire_exp': 1.1655663981117443, 'P_half': 374.7330560662698, 'pre_dampen_half': 3.879466597545015, 'gpp_af': 2.736280461025536, 'gpp_b': 0.0005676055606773784, 'gpp_d': 1.2761162634793524, 'ign_k': 9.723243689869141, 'ign_c': 0.5825161748924055, 'trop_agb_crit': 6.472522842129748, 'trop_k_veg': 6.449814008239422, 'pop_amp': 0.00932172107696343, 'pop_peak': 0.1903447874823434, 'pop_sig': 0.26631642021464014, 'fuel_k': 3.324626841605536, 'fuel_half': 1.5782854858416915}. Best is trial 1622 with value: -0.6125870653324885.
[I 2026-08-19 18:02:15,021] Trial 2109 finished with value: 0.5445866657768762 and parameters: {'k1': 0.0002697295246477772, 'D_low': 201.1224634119116, 'k2': 0.0006153829821894646, 'D_high': 1871628.4131178015, 'fire_exp': 2.0492319199743845, 'P_half': 2492.5346453373677, 'pre_dampen_half': 3.3150750009849537, 'gpp_af': 0.08395442978845928, 'gpp_b': 0.0006398381512483799, 'gpp_d': 214.47436015261604, 'ign_k': 1.744773094805441, 'ign_c': 0.12682729024308978, 'trop_agb_crit': 1.8438879799416958, 'trop_k_veg': 5.234858210077698, 'pop_amp': 0.004367460576606713, 'pop_peak': 0.41128113557104123, 'pop_sig': 0.3129349992453893, 'fuel_k': 2.887486929301049, 'fuel_half': 0.17551714129710885}. Best is trial 1622 with value: -0.6125870653324885.
[I 2026-08-19 18:02:16,800] Trial 2110 finished with value: 0.43607318065264855 and parameters: {'k1': 0.002734902453395791, 'D_low': 134.72146394118244, 'k2': 0.0005745048484690608, 'D_high': 968134.3500372357, 'fire_exp': 2.800200074421697, 'P_half': 102.61198818273733, 'pre_dampen_half': 3.088690915007557, 'gpp_af': 0.17253966594490538, 'gpp_b': 0.0020139148876171485, 'gpp_d': 2.64100178192463, 'ign_k': 0.047942303626355154, 'ign_c': 0.6214974225617317, 'trop_agb_crit': 3.6020283564964157, 'trop_k_veg': 1.7065404242961002, 'pop_amp': 1.8310326546900255, 'pop_peak': 13.95579633022565, 'pop_sig': 1.7074528374417288, 'fuel_k': 0.21543735424139526, 'fuel_half': 5.599751020334522}. Best is trial 1622 with value: -0.6125870653324885.
[I 2026-08-19 18:02:18,597] Trial 2111 finished with value: 0.5519312675379505 and parameters: {'k1': 0.0046264656893151455, 'D_low': 32.264144364682075, 'k2': 0.0013682004348275353, 'D_high': 126360.88720866878, 'fire_exp': 1.8203572602761258, 'P_half': 2632.2929320974094, 'pre_dampen_half': 17.72115034334813, 'gpp_af': 0.09358902114249139, 'gpp_b': 4.0348181196702615e-05, 'gpp_d': 133.56187390118004, 'ign_k': 7.596412405151257, 'ign_c': 1.2614259918377193, 'trop_agb_crit': 21.463687861496787, 'trop_k_veg': 2.5309862460121573, 'pop_amp': 0.0015405824560421597, 'pop_peak': 47.643577082851934, 'pop_sig': 0.7501705270960303, 'fuel_k': 0.02732895154159948, 'fuel_half': 3.577964136730908}. Best is trial 1622 with value: -0.6125870653324885.
[I 2026-08-19 18:02:20,447] Trial 2112 finished with value: 0.5819953360784069 and parameters: {'k1': 0.022177420479334797, 'D_low': 311.8182861762194, 'k2': 4.065453373988898e-05, 'D_high': 1576388.1164633585, 'fire_exp': 2.4495549859947814, 'P_half': 57.86036077575554, 'pre_dampen_half': 0.2191982346411875, 'gpp_af': 0.0017815593632847862, 'gpp_b': 7.195512752334933e-05, 'gpp_d': 446.06063104247266, 'ign_k': 1.024060889512788, 'ign_c': 27.875037832009202, 'trop_agb_crit': 3.435386325124564, 'trop_k_veg': 6.125873750586359, 'pop_amp': 0.017731361359359023, 'pop_peak': 0.06638215367222344, 'pop_sig': 0.47340854679424244, 'fuel_k': 2.31572484764315, 'fuel_half': 0.6648183156635878}. Best is trial 1622 with value: -0.6125870653324885.
[I 2026-08-19 18:02:22,212] Trial 2113 finished with value: 0.6445374145881376 and parameters: {'k1': 0.033849463435417136, 'D_low': 47.53366331702554, 'k2': 0.0018486076134594349, 'D_high': 241638.27188370252, 'fire_exp': 1.2662419825786946, 'P_half': 225.43358501556133, 'pre_dampen_half': 11.024502460099454, 'gpp_af': 0.006825057953473607, 'gpp_b': 4.149761942579107e-05, 'gpp_d': 31.394174226368385, 'ign_k': 0.9999431193760057, 'ign_c': 119.23673931186542, 'trop_agb_crit': 7.110755377480898, 'trop_k_veg': 6.267458082133102, 'pop_amp': 0.004838707618088373, 'pop_peak': 0.12208238486261974, 'pop_sig': 0.953092109845961, 'fuel_k': 1.6968619941855703, 'fuel_half': 0.5223899127306354}. Best is trial 1622 with value: -0.6125870653324885.
[I 2026-08-19 18:02:23,996] Trial 2114 finished with value: 0.41191359782066694 and parameters: {'k1': 0.00028680318525485255, 'D_low': 510.4502186111994, 'k2': 0.00011159788860058417, 'D_high': 8988377.982840218, 'fire_exp': 2.66744725830213, 'P_half': 9.18250805228678, 'pre_dampen_half': 1.3919838927360177, 'gpp_af': 2.24457760593937, 'gpp_b': 0.0001513654341517674, 'gpp_d': 283.58208465786595, 'ign_k': 0.4909155625430822, 'ign_c': 2.0302231792071526, 'trop_agb_crit': 5.790748364127324, 'trop_k_veg': 3.8547356061066442, 'pop_amp': 0.0035452329279982656, 'pop_peak': 0.7500140775062523, 'pop_sig': 1.0484953422413075, 'fuel_k': 1.8807889303382765, 'fuel_half': 0.24875229477981275}. Best is trial 1622 with value: -0.6125870653324885.
[I 2026-08-19 18:02:25,830] Trial 2115 finished with value: 0.5524439747606935 and parameters: {'k1': 0.0064122485275942736, 'D_low': 80.07837320884475, 'k2': 0.0023648735427819405, 'D_high': 126743.76371694011, 'fire_exp': 7.387034567176086, 'P_half': 1.2836165313378523, 'pre_dampen_half': 19.24533747290143, 'gpp_af': 0.08638287484544363, 'gpp_b': 4.671594214990028e-05, 'gpp_d': 191.95772854168794, 'ign_k': 0.06042525689646645, 'ign_c': 0.15913155234717513, 'trop_agb_crit': 27.503265599466058, 'trop_k_veg': 0.6437900485536183, 'pop_amp': 0.005094373965608153, 'pop_peak': 9.873259463203745, 'pop_sig': 0.2989239287628045, 'fuel_k': 0.25613153909130476, 'fuel_half': 0.12477109512930022}. Best is trial 1622 with value: -0.6125870653324885.
