[I 2026-08-06 02:52:07,900] Trial 782 finished with values: [-0.4895000511273597, 0.25761281288760585] and parameters: {'k1': 0.04897760278488444, 'D_low': 29.89885508829526, 'k2': 0.002935672965826306, 'D_high': 10316.033434719713, 'fire_exp': 1.0881360604103363, 'P_half': 215.55950571043874, 'pre_dampen_half': 107.40052367919465, 'gpp_af': 5.620854611217178, 'gpp_b': 0.011750724729953272, 'gpp_d': 5.878566318396007, 'ign_k': 0.0486276976221284, 'ign_c': 10.140635645866492}.
[I 2026-08-06 02:52:09,212] Trial 783 finished with values: [10.51790963322409, 10.51790963322409] and parameters: {'k1': 0.00324789183891923, 'D_low': 29.89885508829526, 'k2': 0.002935672965826306, 'D_high': 41.05873950290761, 'fire_exp': 1.0881360604103363, 'P_half': 25.49709775062068, 'pre_dampen_half': 107.40052367919465, 'gpp_af': 0.09172078901566363, 'gpp_b': 0.00031478066835753096, 'gpp_d': 4.5768578731086835, 'ign_k': 0.08312953263874531, 'ign_c': 0.11272174259951144}.
[I 2026-08-06 02:52:10,530] Trial 784 finished with values: [10.236313129751192, 10.236313129751192] and parameters: {'k1': 0.04897760278488444, 'D_low': 29.89885508829526, 'k2': 0.0007081721844034209, 'D_high': 6455.595882939566, 'fire_exp': 1.0881360604103363, 'P_half': 10.226988730324324, 'pre_dampen_half': 36.876350096203005, 'gpp_af': 0.8942824595236101, 'gpp_b': 3.228689523591491e-05, 'gpp_d': 13.205186500450395, 'ign_k': 0.0486276976221284, 'ign_c': 6.160975294741436}.
[I 2026-08-06 02:52:11,826] Trial 785 finished with values: [-0.4735250346400218, 0.17684246448806562] and parameters: {'k1': 0.04897760278488444, 'D_low': 29.89885508829526, 'k2': 0.08790311296857814, 'D_high': 10316.033434719713, 'fire_exp': 1.0881360604103363, 'P_half': 12.808863354047988, 'pre_dampen_half': 107.40052367919465, 'gpp_af': 0.8942824595236101, 'gpp_b': 0.011750724729953272, 'gpp_d': 5.878566318396007, 'ign_k': 0.0026834162496848666, 'ign_c': 6.160975294741436}.
[I 2026-08-06 02:52:13,156] Trial 786 finished with values: [-0.4677637058141365, 0.35327800659151576] and parameters: {'k1': 0.00013783578294796384, 'D_low': 5.303925290996657, 'k2': 0.004940031671739378, 'D_high': 8182.111518618414, 'fire_exp': 1.1044852285094786, 'P_half': 2.157758652553991, 'pre_dampen_half': 25.4442274895789, 'gpp_af': 0.47739011308437823, 'gpp_b': 7.402343469704428e-05, 'gpp_d': 2.8006820077310213, 'ign_k': 0.03141110271934876, 'ign_c': 0.1457050032975653}.
[I 2026-08-06 02:52:14,466] Trial 787 finished with values: [-0.49149570649459184, 0.2206870671613843] and parameters: {'k1': 0.00324789183891923, 'D_low': 29.89885508829526, 'k2': 0.0007081721844034209, 'D_high': 8182.111518618414, 'fire_exp': 1.518582349269638, 'P_half': 215.55950571043874, 'pre_dampen_half': 304.7488318185732, 'gpp_af': 11.234842109991876, 'gpp_b': 0.011750724729953272, 'gpp_d': 4.5768578731086835, 'ign_k': 0.11101191524846071, 'ign_c': 0.1457050032975653}.
[I 2026-08-06 02:52:15,804] Trial 788 finished with values: [10.178469030616473, 10.178469030616473] and parameters: {'k1': 0.00324789183891923, 'D_low': 4.075267974954964, 'k2': 0.002935672965826306, 'D_high': 6455.595882939566, 'fire_exp': 1.0881360604103363, 'P_half': 12.808863354047988, 'pre_dampen_half': 805.2502904451399, 'gpp_af': 1.3725472882585024, 'gpp_b': 0.011750724729953272, 'gpp_d': 26.07917317941345, 'ign_k': 0.03033111747878116, 'ign_c': 6.160975294741436}.
[I 2026-08-06 02:52:17,122] Trial 789 finished with values: [10.195257337836539, 10.195257337836539] and parameters: {'k1': 0.002971796631657383, 'D_low': 29.89885508829526, 'k2': 0.08790311296857814, 'D_high': 8182.111518618414, 'fire_exp': 1.0881360604103363, 'P_half': 10.226988730324324, 'pre_dampen_half': 36.876350096203005, 'gpp_af': 0.18575807716793402, 'gpp_b': 0.011750724729953272, 'gpp_d': 150.14555442537656, 'ign_k': 0.014879588507790004, 'ign_c': 8.671454322584175}.
[I 2026-08-06 02:52:18,465] Trial 790 finished with values: [10.103074067352875, 10.103074067352875] and parameters: {'k1': 0.01889771394135163, 'D_low': 2.458603276328005, 'k2': 1.3229646467088637e-05, 'D_high': 8182.111518618414, 'fire_exp': 1.0881360604103363, 'P_half': 215.55950571043874, 'pre_dampen_half': 304.7488318185732, 'gpp_af': 1.3725472882585024, 'gpp_b': 0.011750724729953272, 'gpp_d': 150.14555442537656, 'ign_k': 0.019192001101561888, 'ign_c': 6.160975294741436}.
[I 2026-08-06 02:52:19,763] Trial 791 finished with values: [10.413173012833365, 10.413173012833365] and parameters: {'k1': 0.001260821293027586, 'D_low': 9.882278532808778, 'k2': 0.0001870742013766025, 'D_high': 8182.111518618414, 'fire_exp': 1.151006986743773, 'P_half': 685.7803657667797, 'pre_dampen_half': 107.40052367919465, 'gpp_af': 0.010590622233713298, 'gpp_b': 3.481277316673104e-05, 'gpp_d': 4.5768578731086835, 'ign_k': 0.002676132993402929, 'ign_c': 0.1457050032975653}.
[I 2026-08-06 02:52:21,062] Trial 792 finished with values: [10.533612708333917, 10.533612708333917] and parameters: {'k1': 0.0018588694009815867, 'D_low': 29.89885508829526, 'k2': 0.00010623096700264125, 'D_high': 7744.80118512745, 'fire_exp': 1.0881360604103363, 'P_half': 408.3047491580097, 'pre_dampen_half': 304.7488318185732, 'gpp_af': 11.234842109991876, 'gpp_b': 5.991854397410505, 'gpp_d': 368.30088529547436, 'ign_k': 0.11101191524846071, 'ign_c': 10.140635645866492}.
[I 2026-08-06 02:52:22,694] Trial 793 finished with values: [10.759859885600042, 10.759859885600042] and parameters: {'k1': 0.00324789183891923, 'D_low': 29.89885508829526, 'k2': 0.002935672965826306, 'D_high': 859.3747454677427, 'fire_exp': 6.397238610685558, 'P_half': 12.808863354047988, 'pre_dampen_half': 304.7488318185732, 'gpp_af': 0.8942824595236101, 'gpp_b': 0.011750724729953272, 'gpp_d': 4.5768578731086835, 'ign_k': 4.006890332238651, 'ign_c': 10.140635645866492}.
[I 2026-08-06 02:52:24,046] Trial 794 finished with values: [-0.465438448285388, 0.19022281133663244] and parameters: {'k1': 7.841214856323651e-05, 'D_low': 158.82035726402376, 'k2': 0.0007081721844034209, 'D_high': 6455.595882939566, 'fire_exp': 1.0881360604103363, 'P_half': 215.55950571043874, 'pre_dampen_half': 304.7488318185732, 'gpp_af': 1.3725472882585024, 'gpp_b': 0.00031478066835753096, 'gpp_d': 4.5768578731086835, 'ign_k': 0.03033111747878116, 'ign_c': 6.160975294741436}.
[I 2026-08-06 02:52:25,328] Trial 795 finished with values: [10.880529951754983, 10.880529951754983] and parameters: {'k1': 0.00324789183891923, 'D_low': 4.075267974954964, 'k2': 0.002935672965826306, 'D_high': 10316.033434719713, 'fire_exp': 1.151006986743773, 'P_half': 12.808863354047988, 'pre_dampen_half': 107.40052367919465, 'gpp_af': 5.620854611217178, 'gpp_b': 1.821693031918062e-05, 'gpp_d': 0.6380717024176037, 'ign_k': 0.6454459531371669, 'ign_c': 0.11272174259951144}.
[I 2026-08-06 02:52:26,669] Trial 796 finished with values: [10.623466581380578, 10.623466581380578] and parameters: {'k1': 7.841214856323651e-05, 'D_low': 4.075267974954964, 'k2': 0.002935672965826306, 'D_high': 8182.111518618414, 'fire_exp': 1.0881360604103363, 'P_half': 215.55950571043874, 'pre_dampen_half': 805.2502904451399, 'gpp_af': 5.620854611217178, 'gpp_b': 0.011750724729953272, 'gpp_d': 0.6380717024176037, 'ign_k': 0.11101191524846071, 'ign_c': 34.088312486613106}.
[I 2026-08-06 02:52:27,970] Trial 797 finished with values: [-0.4718730175943316, 0.1467428778597717] and parameters: {'k1': 7.841214856323651e-05, 'D_low': 3840.3004190988563, 'k2': 0.0007081721844034209, 'D_high': 8182.111518618414, 'fire_exp': 1.0881360604103363, 'P_half': 408.3047491580097, 'pre_dampen_half': 304.7488318185732, 'gpp_af': 11.234842109991876, 'gpp_b': 0.024796579879439486, 'gpp_d': 150.14555442537656, 'ign_k': 0.11101191524846071, 'ign_c': 0.1457050032975653}.
[I 2026-08-06 02:52:29,285] Trial 798 finished with values: [10.664681154730065, 10.664681154730065] and parameters: {'k1': 0.00324789183891923, 'D_low': 6391.655642276445, 'k2': 0.0007081721844034209, 'D_high': 8182.111518618414, 'fire_exp': 1.151006986743773, 'P_half': 10.226988730324324, 'pre_dampen_half': 36.876350096203005, 'gpp_af': 29.925002022877802, 'gpp_b': 0.04070717093750775, 'gpp_d': 13.205186500450395, 'ign_k': 0.03141110271934876, 'ign_c': 6.160975294741436}.
[I 2026-08-06 02:52:30,617] Trial 799 finished with values: [-0.4747609177256062, 0.19190062535016827] and parameters: {'k1': 0.0005956633466901681, 'D_low': 29.89885508829526, 'k2': 0.002935672965826306, 'D_high': 7744.80118512745, 'fire_exp': 1.0881360604103363, 'P_half': 215.55950571043874, 'pre_dampen_half': 304.7488318185732, 'gpp_af': 5.620854611217178, 'gpp_b': 0.011750724729953272, 'gpp_d': 4.5768578731086835, 'ign_k': 0.0486276976221284, 'ign_c': 10.140635645866492}.
[I 2026-08-06 02:52:31,935] Trial 800 finished with values: [-0.477325853411772, 0.3641377935426444] and parameters: {'k1': 0.00324789183891923, 'D_low': 29.89885508829526, 'k2': 0.002935672965826306, 'D_high': 9769.756791866093, 'fire_exp': 1.0881360604103363, 'P_half': 12.808863354047988, 'pre_dampen_half': 48.08505037156744, 'gpp_af': 2.0845995424603503, 'gpp_b': 0.011750724729953272, 'gpp_d': 0.6380717024176037, 'ign_k': 0.6454459531371669, 'ign_c': 0.11433485956638717}.
[I 2026-08-06 02:52:33,283] Trial 801 finished with values: [10.085298768526712, 10.085298768526712] and parameters: {'k1': 0.00324789183891923, 'D_low': 29.89885508829526, 'k2': 0.0001599021369655865, 'D_high': 10316.033434719713, 'fire_exp': 1.0881360604103363, 'P_half': 2.157758652553991, 'pre_dampen_half': 76.86605275420082, 'gpp_af': 0.010590622233713298, 'gpp_b': 0.00031478066835753096, 'gpp_d': 124.72235343584714, 'ign_k': 0.0026834162496848666, 'ign_c': 8.671454322584175}.
[I 2026-08-06 02:52:34,629] Trial 802 finished with values: [10.204673021726567, 10.204673021726567] and parameters: {'k1': 0.04897760278488444, 'D_low': 29.89885508829526, 'k2': 3.5917714215176105e-05, 'D_high': 8182.111518618414, 'fire_exp': 1.0881360604103363, 'P_half': 147.09699119495133, 'pre_dampen_half': 107.40052367919465, 'gpp_af': 0.010590622233713298, 'gpp_b': 0.00012797528816608022, 'gpp_d': 263.6527567943319, 'ign_k': 0.014879588507790004, 'ign_c': 8.671454322584175}.
[I 2026-08-06 02:52:35,961] Trial 803 finished with values: [-0.4803251227873515, 0.3849461815147205] and parameters: {'k1': 0.00324789183891923, 'D_low': 4.075267974954964, 'k2': 0.002935672965826306, 'D_high': 9769.756791866093, 'fire_exp': 1.0881360604103363, 'P_half': 12.808863354047988, 'pre_dampen_half': 304.7488318185732, 'gpp_af': 5.620854611217178, 'gpp_b': 0.011750724729953272, 'gpp_d': 2.893272120738162, 'ign_k': 0.0035114452581286888, 'ign_c': 0.11433485956638717}.
[I 2026-08-06 02:52:37,291] Trial 804 finished with values: [10.578803008417534, 10.578803008417534] and parameters: {'k1': 7.841214856323651e-05, 'D_low': 29.89885508829526, 'k2': 8.17182556771865e-05, 'D_high': 7744.80118512745, 'fire_exp': 1.6294642623991613, 'P_half': 215.55950571043874, 'pre_dampen_half': 304.7488318185732, 'gpp_af': 5.620854611217178, 'gpp_b': 0.011750724729953272, 'gpp_d': 150.14555442537656, 'ign_k': 0.0486276976221284, 'ign_c': 10.140635645866492}.
[I 2026-08-06 02:52:38,589] Trial 805 finished with values: [10.796061536264306, 10.796061536264306] and parameters: {'k1': 0.04897760278488444, 'D_low': 4.075267974954964, 'k2': 0.004940031671739378, 'D_high': 10316.033434719713, 'fire_exp': 1.0881360604103363, 'P_half': 2.157758652553991, 'pre_dampen_half': 107.40052367919465, 'gpp_af': 0.47739011308437823, 'gpp_b': 1.1008110571039521e-05, 'gpp_d': 11.347624185662207, 'ign_k': 0.0035114452581286888, 'ign_c': 0.1457050032975653}.
[I 2026-08-06 02:52:39,965] Trial 806 finished with values: [10.400052943841112, 10.400052943841112] and parameters: {'k1': 3.252245757497282e-05, 'D_low': 2.458603276328005, 'k2': 0.08790311296857814, 'D_high': 8182.111518618414, 'fire_exp': 1.151006986743773, 'P_half': 12.808863354047988, 'pre_dampen_half': 76.86605275420082, 'gpp_af': 0.11353829000087724, 'gpp_b': 0.011750724729953272, 'gpp_d': 158.2364439052928, 'ign_k': 0.0026834162496848666, 'ign_c': 9.34330265731847}.
[I 2026-08-06 02:52:41,303] Trial 807 finished with values: [10.765841093277771, 10.765841093277771] and parameters: {'k1': 7.841214856323651e-05, 'D_low': 1112.9571947046009, 'k2': 0.0007081721844034209, 'D_high': 8182.111518618414, 'fire_exp': 7.943705287383083, 'P_half': 10.226988730324324, 'pre_dampen_half': 107.40052367919465, 'gpp_af': 11.234842109991876, 'gpp_b': 0.00031478066835753096, 'gpp_d': 4.5768578731086835, 'ign_k': 1.786252932834922, 'ign_c': 10.140635645866492}.
[I 2026-08-06 02:52:42,625] Trial 808 finished with values: [10.157117822461299, 10.157117822461299] and parameters: {'k1': 0.01889771394135163, 'D_low': 4.075267974954964, 'k2': 0.002935672965826306, 'D_high': 9769.756791866093, 'fire_exp': 1.0881360604103363, 'P_half': 147.09699119495133, 'pre_dampen_half': 107.40052367919465, 'gpp_af': 1.3725472882585024, 'gpp_b': 1.1008110571039521e-05, 'gpp_d': 4.5768578731086835, 'ign_k': 0.0035114452581286888, 'ign_c': 2.592301536155855}.
[I 2026-08-06 02:52:44,224] Trial 809 finished with values: [-0.4885416559504196, 0.20321601983396387] and parameters: {'k1': 0.00324789183891923, 'D_low': 29.89885508829526, 'k2': 0.0022957398214549472, 'D_high': 7744.80118512745, 'fire_exp': 1.0881360604103363, 'P_half': 215.55950571043874, 'pre_dampen_half': 304.7488318185732, 'gpp_af': 5.620854611217178, 'gpp_b': 0.011750724729953272, 'gpp_d': 4.5768578731086835, 'ign_k': 0.03033111747878116, 'ign_c': 10.140635645866492}.
[I 2026-08-06 02:52:45,555] Trial 810 finished with values: [10.001432304421146, 10.001432304421146] and parameters: {'k1': 0.00324789183891923, 'D_low': 29.89885508829526, 'k2': 0.002935672965826306, 'D_high': 9769.756791866093, 'fire_exp': 1.7253235844223638, 'P_half': 12.808863354047988, 'pre_dampen_half': 805.2502904451399, 'gpp_af': 0.8942824595236101, 'gpp_b': 0.011750724729953272, 'gpp_d': 79.91486611862103, 'ign_k': 0.014879588507790004, 'ign_c': 9.34330265731847}.
[I 2026-08-06 02:52:46,884] Trial 811 finished with values: [-0.5018295889430553, 0.19431684420823547] and parameters: {'k1': 0.00324789183891923, 'D_low': 4.075267974954964, 'k2': 0.002935672965826306, 'D_high': 2969.087094484682, 'fire_exp': 1.0881360604103363, 'P_half': 147.09699119495133, 'pre_dampen_half': 107.40052367919465, 'gpp_af': 1.3725472882585024, 'gpp_b': 0.00044548820847973626, 'gpp_d': 0.6380717024176037, 'ign_k': 0.6454459531371669, 'ign_c': 6.160975294741436}.
[I 2026-08-06 02:52:48,192] Trial 812 finished with values: [10.266712368875211, 10.266712368875211] and parameters: {'k1': 7.841214856323651e-05, 'D_low': 2.458603276328005, 'k2': 0.031211489608802344, 'D_high': 8182.111518618414, 'fire_exp': 1.151006986743773, 'P_half': 215.55950571043874, 'pre_dampen_half': 304.7488318185732, 'gpp_af': 29.925002022877802, 'gpp_b': 0.00031478066835753096, 'gpp_d': 34.37107943937136, 'ign_k': 0.03033111747878116, 'ign_c': 34.19108473554449}.
[I 2026-08-06 02:52:49,501] Trial 813 finished with values: [-0.46787592224956065, 0.2250904897969085] and parameters: {'k1': 0.00324789183891923, 'D_low': 4.075267974954964, 'k2': 0.031211489608802344, 'D_high': 8182.111518618414, 'fire_exp': 1.151006986743773, 'P_half': 12.808863354047988, 'pre_dampen_half': 304.7488318185732, 'gpp_af': 5.620854611217178, 'gpp_b': 0.011750724729953272, 'gpp_d': 4.5768578731086835, 'ign_k': 0.0035114452581286888, 'ign_c': 195.18986965599527}.
[I 2026-08-06 02:52:50,826] Trial 814 finished with values: [-0.48712289224971705, 0.348720039232559] and parameters: {'k1': 0.01889771394135163, 'D_low': 29.89885508829526, 'k2': 0.0007081721844034209, 'D_high': 6455.595882939566, 'fire_exp': 1.0881360604103363, 'P_half': 49.539659199197295, 'pre_dampen_half': 107.40052367919465, 'gpp_af': 29.925002022877802, 'gpp_b': 0.011750724729953272, 'gpp_d': 5.679195944606101, 'ign_k': 0.03033111747878116, 'ign_c': 6.160975294741436}.
[I 2026-08-06 02:52:52,115] Trial 815 finished with values: [-0.47447639378408557, 0.4704881629927167] and parameters: {'k1': 0.00324789183891923, 'D_low': 29.89885508829526, 'k2': 1.3229646467088637e-05, 'D_high': 9769.756791866093, 'fire_exp': 1.0881360604103363, 'P_half': 10.226988730324324, 'pre_dampen_half': 304.7488318185732, 'gpp_af': 11.234842109991876, 'gpp_b': 0.011750724729953272, 'gpp_d': 21.76454019090988, 'ign_k': 0.03033111747878116, 'ign_c': 6.160975294741436}.
[I 2026-08-06 02:52:53,458] Trial 816 finished with values: [-0.48025613483356067, 0.20872897308572746] and parameters: {'k1': 0.00324789183891923, 'D_low': 29.89885508829526, 'k2': 0.0022957398214549472, 'D_high': 10316.033434719713, 'fire_exp': 1.0881360604103363, 'P_half': 2.4106893837852787, 'pre_dampen_half': 76.86605275420082, 'gpp_af': 0.8942824595236101, 'gpp_b': 0.011750724729953272, 'gpp_d': 29.749683811098393, 'ign_k': 0.03033111747878116, 'ign_c': 7.916322947490362}.
[I 2026-08-06 02:52:54,765] Trial 817 finished with values: [-0.46436462798207423, 0.46207804710099654] and parameters: {'k1': 7.841214856323651e-05, 'D_low': 4.075267974954964, 'k2': 0.0007081721844034209, 'D_high': 48249.14281180252, 'fire_exp': 1.151006986743773, 'P_half': 215.55950571043874, 'pre_dampen_half': 107.40052367919465, 'gpp_af': 20.12115544906385, 'gpp_b': 0.00031478066835753096, 'gpp_d': 4.5768578731086835, 'ign_k': 0.03033111747878116, 'ign_c': 0.1457050032975653}.
[I 2026-08-06 02:52:56,146] Trial 818 finished with values: [-0.46432923268004994, 0.30986650796471205] and parameters: {'k1': 7.841214856323651e-05, 'D_low': 29.89885508829526, 'k2': 0.0007081721844034209, 'D_high': 9769.756791866093, 'fire_exp': 1.0881360604103363, 'P_half': 12.808863354047988, 'pre_dampen_half': 88.81627111957808, 'gpp_af': 11.234842109991876, 'gpp_b': 0.011750724729953272, 'gpp_d': 19.65797948502804, 'ign_k': 0.014879588507790004, 'ign_c': 6.160975294741436}.
[I 2026-08-06 02:52:57,475] Trial 819 finished with values: [10.156654676798585, 10.156654676798585] and parameters: {'k1': 0.01889771394135163, 'D_low': 4.075267974954964, 'k2': 0.0007081721844034209, 'D_high': 48249.14281180252, 'fire_exp': 1.151006986743773, 'P_half': 12.808863354047988, 'pre_dampen_half': 107.40052367919465, 'gpp_af': 1.3725472882585024, 'gpp_b': 0.011750724729953272, 'gpp_d': 0.11136446029400991, 'ign_k': 0.03033111747878116, 'ign_c': 6.160975294741436}.
[I 2026-08-06 02:52:58,818] Trial 820 finished with values: [10.598605953690274, 10.598605953690274] and parameters: {'k1': 7.841214856323651e-05, 'D_low': 312.92286563608616, 'k2': 0.002935672965826306, 'D_high': 9769.756791866093, 'fire_exp': 1.0881360604103363, 'P_half': 10.226988730324324, 'pre_dampen_half': 304.7488318185732, 'gpp_af': 11.234842109991876, 'gpp_b': 0.011750724729953272, 'gpp_d': 150.14555442537656, 'ign_k': 0.11101191524846071, 'ign_c': 0.11433485956638717}.
[I 2026-08-06 02:53:00,163] Trial 821 finished with values: [-0.4722908383238333, 0.04162543709099864] and parameters: {'k1': 0.00324789183891923, 'D_low': 29.89885508829526, 'k2': 0.002935672965826306, 'D_high': 9769.756791866093, 'fire_exp': 1.0881360604103363, 'P_half': 215.55950571043874, 'pre_dampen_half': 805.2502904451399, 'gpp_af': 0.18148402127631746, 'gpp_b': 0.03308649623479659, 'gpp_d': 4.5768578731086835, 'ign_k': 0.6454459531371669, 'ign_c': 10.140635645866492}.
[I 2026-08-06 02:53:01,526] Trial 822 finished with values: [-0.4845180720543131, 0.5330900055904475] and parameters: {'k1': 0.00324789183891923, 'D_low': 2.1234210963705626, 'k2': 0.0007081721844034209, 'D_high': 8182.111518618414, 'fire_exp': 1.151006986743773, 'P_half': 12.808863354047988, 'pre_dampen_half': 107.40052367919465, 'gpp_af': 11.234842109991876, 'gpp_b': 0.00031478066835753096, 'gpp_d': 0.679684982462508, 'ign_k': 0.03033111747878116, 'ign_c': 3.843180360935464}.
[I 2026-08-06 02:53:02,813] Trial 823 finished with values: [-0.49720010981282164, 0.3024182746167319] and parameters: {'k1': 0.01889771394135163, 'D_low': 29.89885508829526, 'k2': 0.002935672965826306, 'D_high': 6455.595882939566, 'fire_exp': 1.0881360604103363, 'P_half': 215.55950571043874, 'pre_dampen_half': 304.7488318185732, 'gpp_af': 1.3725472882585024, 'gpp_b': 1.1008110571039521e-05, 'gpp_d': 4.5768578731086835, 'ign_k': 0.0035114452581286888, 'ign_c': 0.1457050032975653}.
[I 2026-08-06 02:53:04,151] Trial 824 finished with values: [10.566824535925019, 10.566824535925019] and parameters: {'k1': 0.00324789183891923, 'D_low': 4.699556021099095, 'k2': 0.002935672965826306, 'D_high': 8182.111518618414, 'fire_exp': 1.0881360604103363, 'P_half': 10.226988730324324, 'pre_dampen_half': 48.34691027981356, 'gpp_af': 5.620854611217178, 'gpp_b': 1.5023892424595373, 'gpp_d': 3.57879245350232, 'ign_k': 0.03033111747878116, 'ign_c': 10.140635645866492}.
[I 2026-08-06 02:53:05,782] Trial 825 finished with values: [-0.4803905374670926, 0.12212878351035938] and parameters: {'k1': 0.00324789183891923, 'D_low': 29.89885508829526, 'k2': 7.361379380357782e-05, 'D_high': 12775.77960461496, 'fire_exp': 1.0881360604103363, 'P_half': 10.226988730324324, 'pre_dampen_half': 107.40052367919465, 'gpp_af': 0.00301004353953023, 'gpp_b': 0.00012797528816608022, 'gpp_d': 3.57879245350232, 'ign_k': 0.6454459531371669, 'ign_c': 10.140635645866492}.
[I 2026-08-06 02:53:07,110] Trial 826 finished with values: [-0.4803080403436262, 0.1621256386955816] and parameters: {'k1': 0.00324789183891923, 'D_low': 4.075267974954964, 'k2': 0.002935672965826306, 'D_high': 10316.033434719713, 'fire_exp': 1.0559384059137513, 'P_half': 2.157758652553991, 'pre_dampen_half': 107.40052367919465, 'gpp_af': 0.47739011308437823, 'gpp_b': 0.011750724729953272, 'gpp_d': 2.8006820077310213, 'ign_k': 0.03141110271934876, 'ign_c': 10.140635645866492}.
