[I 2026-06-10 19:59:43,224] Trial 414 finished with values: [-0.33858778795536043, 0.14722331927553156] and parameters: {'k1': 0.0003445931091927334, 'D_low': 1.7551403048208316, 'k2': 0.0001280886335404798, 'D_high': 24.9899605789089, 'fire_exp': 1.2918065501148304, 'P_half': 1.4551749476072258, 'pre_dampen_half': 121.93011993958949, 'gpp_af': 0.07118041471054574, 'gpp_b': 5.0875243087016374e-05, 'gpp_d': 0.03927259340973166, 'ign_k': 0.002357279455676982, 'ign_c': 7.081721844034206, 'trop_agb_crit': 12.708819454040446, 'trop_k_veg': 1.6648666152166967, 'fire_amp': 1.5719333351012774}.
[I 2026-06-10 19:59:44,973] Trial 415 finished with values: [-0.39423829048066117, 0.21124618544302498] and parameters: {'k1': 0.0869690639641868, 'D_low': 2.843767489444367, 'k2': 0.0499774937030317, 'D_high': 27.55546207779663, 'fire_exp': 1.111738490499784, 'P_half': 84.3508388778244, 'pre_dampen_half': 121.93011993958949, 'gpp_af': 20.12115544906385, 'gpp_b': 0.006999112505425414, 'gpp_d': 20.81401325574021, 'ign_k': 0.002357279455676982, 'ign_c': 0.2946000090510885, 'trop_agb_crit': 1.8023542850487386, 'trop_k_veg': 0.6618107836658104, 'fire_amp': 2.042193818779288}.
[I 2026-06-10 19:59:46,324] Trial 416 finished with values: [-0.5836750556413784, 0.11140618221793319] and parameters: {'k1': 0.08006837661379566, 'D_low': 148.21691630007544, 'k2': 0.0001870742013766025, 'D_high': 1817.0401889219124, 'fire_exp': 1.5191397119156032, 'P_half': 51.10120656497163, 'pre_dampen_half': 9.044346216330972, 'gpp_af': 0.5970408652384318, 'gpp_b': 2.1309331861011757e-05, 'gpp_d': 0.4742269251269962, 'ign_k': 0.002357279455676982, 'ign_c': 2.226297338331262, 'trop_agb_crit': 5.588032458772675, 'trop_k_veg': 0.828441460847982, 'fire_amp': 5.44779717154213}.
[I 2026-06-10 19:59:47,939] Trial 417 finished with values: [-0.3948862273351074, 0.12469398566376633] and parameters: {'k1': 5.7909642338812115e-05, 'D_low': 236.79352040223893, 'k2': 0.019383858782150494, 'D_high': 1266.9536563782303, 'fire_exp': 1.1633452995374232, 'P_half': 3.591771421517613, 'pre_dampen_half': 4.847666216751353, 'gpp_af': 0.9219336658511308, 'gpp_b': 0.001674375583895437, 'gpp_d': 304.7488318185732, 'ign_k': 0.0032383308053152635, 'ign_c': 1.364908766641693, 'trop_agb_crit': 3.108985631683375, 'trop_k_veg': 5.453348988480011, 'fire_amp': 2.7806853670293616}.
[I 2026-06-10 19:59:49,587] Trial 418 finished with values: [10.149049182159054, 10.149049182159054] and parameters: {'k1': 0.0003445931091927334, 'D_low': 2186.356344942016, 'k2': 0.0001280886335404798, 'D_high': 32311.521854410956, 'fire_exp': 1.111738490499784, 'P_half': 12.262543158860007, 'pre_dampen_half': 121.93011993958949, 'gpp_af': 3.298293484806585, 'gpp_b': 0.006999112505425414, 'gpp_d': 0.030844007727232167, 'ign_k': 0.002357279455676982, 'ign_c': 7.081721844034206, 'trop_agb_crit': 1.8023542850487386, 'trop_k_veg': 0.5535297685306277, 'fire_amp': 4.1162797330133705}.
[I 2026-06-10 19:59:51,179] Trial 419 finished with values: [28.591636443822843, 28.591636443822843] and parameters: {'k1': 0.0869690639641868, 'D_low': 1.7551403048208316, 'k2': 0.002090955698118952, 'D_high': 32311.521854410956, 'fire_exp': 1.5191397119156032, 'P_half': 5.4712187293420325, 'pre_dampen_half': 121.93011993958949, 'gpp_af': 0.07118041471054574, 'gpp_b': 2.1309331861011757e-05, 'gpp_d': 0.4742269251269962, 'ign_k': 0.002357279455676982, 'ign_c': 22.126836566118193, 'trop_agb_crit': 5.588032458772675, 'trop_k_veg': 3.1055119128084763, 'fire_amp': 5.44779717154213}.
[I 2026-06-10 19:59:52,787] Trial 420 finished with values: [11.891534010027101, 11.891534010027101] and parameters: {'k1': 0.00026539376439360527, 'D_low': 2186.356344942016, 'k2': 0.019383858782150494, 'D_high': 1266.9536563782303, 'fire_exp': 1.111738490499784, 'P_half': 1.4551749476072258, 'pre_dampen_half': 189.36639872354493, 'gpp_af': 0.3097266550170567, 'gpp_b': 5.0875243087016374e-05, 'gpp_d': 1.4397852866783676, 'ign_k': 0.0032383308053152635, 'ign_c': 1.364908766641693, 'trop_agb_crit': 1.8023542850487386, 'trop_k_veg': 1.6648666152166967, 'fire_amp': 1.4475279918261055}.
[I 2026-06-10 19:59:54,502] Trial 421 finished with values: [14.30460360342588, 14.30460360342588] and parameters: {'k1': 0.00026539376439360527, 'D_low': 236.79352040223893, 'k2': 0.08661811390647982, 'D_high': 6682.9607218310075, 'fire_exp': 1.2918065501148304, 'P_half': 1.4551749476072258, 'pre_dampen_half': 189.88136301569827, 'gpp_af': 0.0065783822580709386, 'gpp_b': 5.0875243087016374e-05, 'gpp_d': 0.03927259340973166, 'ign_k': 0.004105873950290761, 'ign_c': 7.081721844034206, 'trop_agb_crit': 2.100813292597435, 'trop_k_veg': 6.963655030926962, 'fire_amp': 2.7556562114998226}.
[I 2026-06-10 19:59:56,239] Trial 422 finished with values: [10.538701773638714, 10.538701773638714] and parameters: {'k1': 0.00026539376439360527, 'D_low': 2.843767489444367, 'k2': 4.933751600448335e-05, 'D_high': 24.9899605789089, 'fire_exp': 1.7505406131449859, 'P_half': 12.262543158860007, 'pre_dampen_half': 189.36639872354493, 'gpp_af': 3.298293484806585, 'gpp_b': 0.002416023630607169, 'gpp_d': 5.981605330890935, 'ign_k': 0.00660597889201953, 'ign_c': 75.30210437963517, 'trop_agb_crit': 2.0527418919564324, 'trop_k_veg': 1.6648666152166967, 'fire_amp': 1.505817508996859}.
[I 2026-06-10 19:59:57,740] Trial 423 finished with values: [10.715050398353599, 10.715050398353599] and parameters: {'k1': 0.00026539376439360527, 'D_low': 408.3047491580097, 'k2': 1.1417577140741129e-05, 'D_high': 83.14160873549643, 'fire_exp': 1.811096651915224, 'P_half': 61.6097529474144, 'pre_dampen_half': 958.6709783968975, 'gpp_af': 0.5970408652384318, 'gpp_b': 0.005916090676703775, 'gpp_d': 0.1619054449471649, 'ign_k': 0.0029519227433917453, 'ign_c': 7.081721844034206, 'trop_agb_crit': 21.086120736447015, 'trop_k_veg': 6.963655030926962, 'fire_amp': 1.1655705619308396}.
[I 2026-06-10 19:59:59,592] Trial 424 finished with values: [10.084085091801203, 10.084085091801203] and parameters: {'k1': 5.7909642338812115e-05, 'D_low': 2267.735223551285, 'k2': 0.07928164425547335, 'D_high': 6682.9607218310075, 'fire_exp': 1.1633452995374232, 'P_half': 399.3031584056686, 'pre_dampen_half': 9.044346216330972, 'gpp_af': 0.41874665092828456, 'gpp_b': 0.001674375583895437, 'gpp_d': 304.7488318185732, 'ign_k': 0.17320535908244444, 'ign_c': 0.4177928311636542, 'trop_agb_crit': 1.9712803620877688, 'trop_k_veg': 5.453348988480011, 'fire_amp': 2.7806853670293616}.
[I 2026-06-10 20:00:01,241] Trial 425 finished with values: [10.68779598642549, 10.68779598642549] and parameters: {'k1': 5.7909642338812115e-05, 'D_low': 408.3047491580097, 'k2': 1.1417577140741129e-05, 'D_high': 48235.58283024493, 'fire_exp': 1.7505406131449859, 'P_half': 12.262543158860007, 'pre_dampen_half': 9.044346216330972, 'gpp_af': 2.5184956910855436, 'gpp_b': 0.005386676499630372, 'gpp_d': 21.899070557043984, 'ign_k': 0.17320535908244444, 'ign_c': 0.4177928311636542, 'trop_agb_crit': 1.8023542850487386, 'trop_k_veg': 0.6108091740265464, 'fire_amp': 2.6192385880432525}.
[I 2026-06-10 20:00:02,667] Trial 426 finished with values: [-0.4075560709652234, 0.16404023855433725] and parameters: {'k1': 9.132348475718357e-05, 'D_low': 2186.356344942016, 'k2': 0.0001280886335404798, 'D_high': 8912.611835817017, 'fire_exp': 1.4690410989404576, 'P_half': 5.4712187293420325, 'pre_dampen_half': 121.93011993958949, 'gpp_af': 0.07118041471054574, 'gpp_b': 0.00031478066835753096, 'gpp_d': 1.0088237648985734, 'ign_k': 0.0032383308053152635, 'ign_c': 7.081721844034206, 'trop_agb_crit': 2.100813292597435, 'trop_k_veg': 0.5443513380244235, 'fire_amp': 1.4475279918261055}.
[I 2026-06-10 20:00:04,343] Trial 427 finished with values: [10.537878074091541, 10.537878074091541] and parameters: {'k1': 0.00026539376439360527, 'D_low': 1.7551403048208316, 'k2': 0.0001280886335404798, 'D_high': 32311.521854410956, 'fire_exp': 1.111738490499784, 'P_half': 12.262543158860007, 'pre_dampen_half': 189.88136301569827, 'gpp_af': 3.030008727251782, 'gpp_b': 0.001674375583895437, 'gpp_d': 0.030844007727232167, 'ign_k': 0.010733257635049785, 'ign_c': 1.364908766641693, 'trop_agb_crit': 1.8023542850487386, 'trop_k_veg': 0.5535297685306277, 'fire_amp': 2.042193818779288}.
[I 2026-06-10 20:00:05,717] Trial 428 finished with values: [10.542049979119867, 10.542049979119867] and parameters: {'k1': 0.03648456083047798, 'D_low': 236.79352040223893, 'k2': 0.019383858782150494, 'D_high': 708.7479683081002, 'fire_exp': 1.2060040899560858, 'P_half': 2.226799690893868, 'pre_dampen_half': 4.847666216751353, 'gpp_af': 0.060029341913968644, 'gpp_b': 0.001674375583895437, 'gpp_d': 1.4397852866783676, 'ign_k': 0.0032383308053152635, 'ign_c': 1.364908766641693, 'trop_agb_crit': 12.9667438075127, 'trop_k_veg': 2.99731137426955, 'fire_amp': 2.7806853670293616}.
[I 2026-06-10 20:00:07,205] Trial 429 finished with values: [-0.5661512761486778, 0.1456643120488168] and parameters: {'k1': 0.00026539376439360527, 'D_low': 2267.735223551285, 'k2': 4.933751600448335e-05, 'D_high': 42210.21267871043, 'fire_exp': 1.1633452995374232, 'P_half': 318.834644588275, 'pre_dampen_half': 189.36639872354493, 'gpp_af': 21.94636142065287, 'gpp_b': 2.1309331861011757e-05, 'gpp_d': 1.0088237648985734, 'ign_k': 0.17320535908244444, 'ign_c': 7.832259769732471, 'trop_agb_crit': 3.108985631683375, 'trop_k_veg': 1.6648666152166967, 'fire_amp': 2.6192385880432525}.
[I 2026-06-10 20:00:08,520] Trial 430 finished with values: [10.775442742940706, 10.775442742940706] and parameters: {'k1': 0.0003445931091927334, 'D_low': 1593.4806585556198, 'k2': 0.019383858782150494, 'D_high': 1817.0401889219124, 'fire_exp': 1.111738490499784, 'P_half': 318.834644588275, 'pre_dampen_half': 121.93011993958949, 'gpp_af': 0.060029341913968644, 'gpp_b': 0.001674375583895437, 'gpp_d': 0.1619054449471649, 'ign_k': 0.8103567967717594, 'ign_c': 22.126836566118193, 'trop_agb_crit': 1.8023542850487386, 'trop_k_veg': 3.9199250904984653, 'fire_amp': 2.6192385880432525}.
[I 2026-06-10 20:00:09,855] Trial 431 finished with values: [10.720872160407845, 10.720872160407845] and parameters: {'k1': 9.132348475718357e-05, 'D_low': 2186.356344942016, 'k2': 0.0001280886335404798, 'D_high': 1817.0401889219124, 'fire_exp': 1.811096651915224, 'P_half': 2.226799690893868, 'pre_dampen_half': 121.93011993958949, 'gpp_af': 27.78052183438328, 'gpp_b': 0.16397960021659272, 'gpp_d': 1.3411170141333262, 'ign_k': 0.002357279455676982, 'ign_c': 0.10435856341129002, 'trop_agb_crit': 1.8023542850487386, 'trop_k_veg': 2.724170387400844, 'fire_amp': 2.6192385880432525}.
[I 2026-06-10 20:00:11,177] Trial 432 finished with values: [14.456853687534071, 14.456853687534071] and parameters: {'k1': 0.0869690639641868, 'D_low': 148.21691630007544, 'k2': 0.08661811390647982, 'D_high': 1817.0401889219124, 'fire_exp': 1.4690410989404576, 'P_half': 51.10120656497163, 'pre_dampen_half': 121.93011993958949, 'gpp_af': 0.10098504976210308, 'gpp_b': 2.1309331861011757e-05, 'gpp_d': 545.0253444559129, 'ign_k': 0.002357279455676982, 'ign_c': 342.8810943862522, 'trop_agb_crit': 2.100813292597435, 'trop_k_veg': 2.8926781829782864, 'fire_amp': 5.44779717154213}.
[I 2026-06-10 20:00:12,502] Trial 433 finished with values: [10.722042319381826, 10.722042319381826] and parameters: {'k1': 0.00023134781612225627, 'D_low': 146.24004590125713, 'k2': 0.00024195799118138832, 'D_high': 6682.9607218310075, 'fire_exp': 1.811096651915224, 'P_half': 3.591771421517613, 'pre_dampen_half': 4.847666216751353, 'gpp_af': 14.161176080022173, 'gpp_b': 2.1309331861011757e-05, 'gpp_d': 1.4397852866783676, 'ign_k': 0.0032383308053152635, 'ign_c': 0.10435856341129002, 'trop_agb_crit': 12.9667438075127, 'trop_k_veg': 2.99731137426955, 'fire_amp': 1.5719333351012774}.
[I 2026-06-10 20:00:14,063] Trial 434 finished with values: [-0.3951084466977382, 0.0984888717145237] and parameters: {'k1': 5.7909642338812115e-05, 'D_low': 236.79352040223893, 'k2': 0.0007731571570012607, 'D_high': 20103.283734409175, 'fire_exp': 1.1633452995374232, 'P_half': 5.4712187293420325, 'pre_dampen_half': 4.847666216751353, 'gpp_af': 0.9219336658511308, 'gpp_b': 0.001674375583895437, 'gpp_d': 0.47379914349407487, 'ign_k': 0.0032383308053152635, 'ign_c': 7.081721844034206, 'trop_agb_crit': 1.8023542850487386, 'trop_k_veg': 0.7808079158649266, 'fire_amp': 2.7806853670293616}.
[I 2026-06-10 20:00:15,981] Trial 435 finished with values: [10.827825081497902, 10.827825081497902] and parameters: {'k1': 5.7909642338812115e-05, 'D_low': 30.489833442275348, 'k2': 0.0007731571570012607, 'D_high': 6682.9607218310075, 'fire_exp': 1.811096651915224, 'P_half': 8924.795116437426, 'pre_dampen_half': 121.93011993958949, 'gpp_af': 0.9219336658511308, 'gpp_b': 0.001674375583895437, 'gpp_d': 0.1619054449471649, 'ign_k': 0.002357279455676982, 'ign_c': 1.364908766641693, 'trop_agb_crit': 3.108985631683375, 'trop_k_veg': 2.99731137426955, 'fire_amp': 2.7806853670293616}.
[I 2026-06-10 20:00:17,382] Trial 436 finished with values: [10.423587526323143, 10.423587526323143] and parameters: {'k1': 9.132348475718357e-05, 'D_low': 1.7551403048208316, 'k2': 0.019383858782150494, 'D_high': 6682.9607218310075, 'fire_exp': 1.4690410989404576, 'P_half': 5.4712187293420325, 'pre_dampen_half': 220.35141300841897, 'gpp_af': 27.78052183438328, 'gpp_b': 0.001674375583895437, 'gpp_d': 0.1619054449471649, 'ign_k': 0.002357279455676982, 'ign_c': 0.10435856341129002, 'trop_agb_crit': 12.9667438075127, 'trop_k_veg': 2.99731137426955, 'fire_amp': 2.6192385880432525}.
[I 2026-06-10 20:00:18,884] Trial 437 finished with values: [18.257591155782997, 18.257591155782997] and parameters: {'k1': 9.132348475718357e-05, 'D_low': 1.7551403048208316, 'k2': 0.0007731571570012607, 'D_high': 6682.9607218310075, 'fire_exp': 1.1633452995374232, 'P_half': 3.591771421517613, 'pre_dampen_half': 121.93011993958949, 'gpp_af': 27.78052183438328, 'gpp_b': 0.001674375583895437, 'gpp_d': 304.7488318185732, 'ign_k': 0.0032383308053152635, 'ign_c': 1.364908766641693, 'trop_agb_crit': 3.108985631683375, 'trop_k_veg': 5.453348988480011, 'fire_amp': 2.7806853670293616}.
[I 2026-06-10 20:00:20,400] Trial 438 finished with values: [10.685502620665655, 10.685502620665655] and parameters: {'k1': 0.00023134781612225627, 'D_low': 1.7551403048208316, 'k2': 0.0001280886335404798, 'D_high': 32311.521854410956, 'fire_exp': 1.111738490499784, 'P_half': 12.262543158860007, 'pre_dampen_half': 121.93011993958949, 'gpp_af': 3.298293484806585, 'gpp_b': 0.00031478066835753096, 'gpp_d': 0.030844007727232167, 'ign_k': 0.002357279455676982, 'ign_c': 7.081721844034206, 'trop_agb_crit': 12.708819454040446, 'trop_k_veg': 0.5535297685306277, 'fire_amp': 1.5719333351012774}.
[I 2026-06-10 20:00:22,363] Trial 439 finished with values: [10.019059717543351, 10.019059717543351] and parameters: {'k1': 5.178197947282869e-05, 'D_low': 408.3047491580097, 'k2': 0.0002442377596403892, 'D_high': 1537.592023548176, 'fire_exp': 1.7505406131449859, 'P_half': 7.914423612155368, 'pre_dampen_half': 121.93011993958949, 'gpp_af': 0.5970408652384318, 'gpp_b': 0.005916090676703775, 'gpp_d': 21.899070557043984, 'ign_k': 0.00660597889201953, 'ign_c': 14.709699119495124, 'trop_agb_crit': 21.380932890222198, 'trop_k_veg': 0.5588127200017643, 'fire_amp': 3.1045399027418377}.
[I 2026-06-10 20:00:23,925] Trial 440 finished with values: [10.406297792774845, 10.406297792774845] and parameters: {'k1': 0.00023134781612225627, 'D_low': 408.3047491580097, 'k2': 2.316457903103837e-05, 'D_high': 27.55546207779663, 'fire_exp': 1.1633452995374232, 'P_half': 51.10120656497163, 'pre_dampen_half': 121.93011993958949, 'gpp_af': 21.635028947225102, 'gpp_b': 0.0012749409641020352, 'gpp_d': 0.03848886303127135, 'ign_k': 0.0032383308053152635, 'ign_c': 7.081721844034206, 'trop_agb_crit': 12.708819454040446, 'trop_k_veg': 0.6618107836658104, 'fire_amp': 1.5719333351012774}.
[I 2026-06-10 20:00:25,395] Trial 441 finished with values: [10.150444201958791, 10.150444201958791] and parameters: {'k1': 0.0020639617012599225, 'D_low': 1.7551403048208316, 'k2': 5.5686900831970225e-05, 'D_high': 29.126651668813768, 'fire_exp': 1.811096651915224, 'P_half': 12.262543158860007, 'pre_dampen_half': 123.04779330083686, 'gpp_af': 6.384685545228285, 'gpp_b': 0.006999112505425414, 'gpp_d': 79.05373031352391, 'ign_k': 0.002357279455676982, 'ign_c': 7.081721844034206, 'trop_agb_crit': 12.708819454040446, 'trop_k_veg': 1.2749676887479542, 'fire_amp': 1.5719333351012774}.
[I 2026-06-10 20:00:27,249] Trial 442 finished with values: [10.39085403232186, 10.39085403232186] and parameters: {'k1': 5.7909642338812115e-05, 'D_low': 2186.356344942016, 'k2': 0.08661811390647982, 'D_high': 48235.58283024493, 'fire_exp': 1.1633452995374232, 'P_half': 1.4551749476072258, 'pre_dampen_half': 9.044346216330972, 'gpp_af': 0.41874665092828456, 'gpp_b': 2.1309331861011757e-05, 'gpp_d': 1.0088237648985734, 'ign_k': 0.05681482545113266, 'ign_c': 22.126836566118193, 'trop_agb_crit': 1.8023542850487386, 'trop_k_veg': 5.453348988480011, 'fire_amp': 1.4475279918261055}.
[I 2026-06-10 20:00:29,055] Trial 443 finished with values: [10.527571048242784, 10.527571048242784] and parameters: {'k1': 9.132348475718357e-05, 'D_low': 1.7551403048208316, 'k2': 0.0002442377596403892, 'D_high': 1537.592023548176, 'fire_exp': 1.5191397119156032, 'P_half': 5.4712187293420325, 'pre_dampen_half': 121.93011993958949, 'gpp_af': 0.5970408652384318, 'gpp_b': 0.22467045378719658, 'gpp_d': 1.0088237648985734, 'ign_k': 0.002357279455676982, 'ign_c': 1.9423015749984096, 'trop_agb_crit': 2.100813292597435, 'trop_k_veg': 5.636143940068465, 'fire_amp': 3.7523365308330816}.
[I 2026-06-10 20:00:30,664] Trial 444 finished with values: [10.83333333294111, 10.83333333294111] and parameters: {'k1': 5.7909642338812115e-05, 'D_low': 2267.735223551285, 'k2': 0.0007731571570012607, 'D_high': 21.356209987689077, 'fire_exp': 1.111738490499784, 'P_half': 3.591771421517613, 'pre_dampen_half': 4.847666216751353, 'gpp_af': 14.161176080022173, 'gpp_b': 0.12105864607844925, 'gpp_d': 304.7488318185732, 'ign_k': 0.0884455049423825, 'ign_c': 311.668529787849, 'trop_agb_crit': 3.108985631683375, 'trop_k_veg': 5.453348988480011, 'fire_amp': 2.7806853670293616}.
[I 2026-06-10 20:00:32,325] Trial 445 finished with values: [10.7916707775928, 10.7916707775928] and parameters: {'k1': 0.00026539376439360527, 'D_low': 4006.89033223865, 'k2': 0.0001280886335404798, 'D_high': 48235.58283024493, 'fire_exp': 1.811096651915224, 'P_half': 5.4712187293420325, 'pre_dampen_half': 9.044346216330972, 'gpp_af': 3.030008727251782, 'gpp_b': 0.002416023630607169, 'gpp_d': 1.0088237648985734, 'ign_k': 0.17320535908244444, 'ign_c': 0.4177928311636542, 'trop_agb_crit': 3.108985631683375, 'trop_k_veg': 5.453348988480011, 'fire_amp': 1.1655705619308396}.
[I 2026-06-10 20:00:33,831] Trial 446 finished with values: [10.042730690424998, 10.042730690424998] and parameters: {'k1': 0.00023134781612225627, 'D_low': 146.24004590125713, 'k2': 0.0004862769762212836, 'D_high': 1817.0401889219124, 'fire_exp': 1.111738490499784, 'P_half': 5.4712187293420325, 'pre_dampen_half': 121.93011993958949, 'gpp_af': 14.161176080022173, 'gpp_b': 5.0875243087016374e-05, 'gpp_d': 0.1619054449471649, 'ign_k': 0.012802983592904445, 'ign_c': 22.126836566118193, 'trop_agb_crit': 1.8023542850487386, 'trop_k_veg': 0.5183533149347164, 'fire_amp': 1.5719333351012774}.
[I 2026-06-10 20:00:35,210] Trial 447 finished with values: [10.504321178551349, 10.504321178551349] and parameters: {'k1': 0.00023134781612225627, 'D_low': 1.7551403048208316, 'k2': 0.0001280886335404798, 'D_high': 1817.0401889219124, 'fire_exp': 1.111738490499784, 'P_half': 5.4712187293420325, 'pre_dampen_half': 8.259599205585761, 'gpp_af': 0.07118041471054574, 'gpp_b': 5.0875243087016374e-05, 'gpp_d': 0.1619054449471649, 'ign_k': 0.037151317999473285, 'ign_c': 23.40999464613212, 'trop_agb_crit': 12.708819454040446, 'trop_k_veg': 1.6648666152166967, 'fire_amp': 1.5719333351012774}.
[I 2026-06-10 20:00:37,154] Trial 448 finished with values: [10.683368028577872, 10.683368028577872] and parameters: {'k1': 0.00026539376439360527, 'D_low': 1074.940539517341, 'k2': 7.639737756882014e-05, 'D_high': 31301.15118850836, 'fire_exp': 1.111738490499784, 'P_half': 2.226799690893868, 'pre_dampen_half': 9.044346216330972, 'gpp_af': 0.060029341913968644, 'gpp_b': 0.12105864607844925, 'gpp_d': 0.4742269251269962, 'ign_k': 0.002357279455676982, 'ign_c': 7.832259769732471, 'trop_agb_crit': 12.9667438075127, 'trop_k_veg': 1.6648666152166967, 'fire_amp': 2.7806853670293616}.
[I 2026-06-10 20:00:38,801] Trial 449 finished with values: [10.592842238842275, 10.592842238842275] and parameters: {'k1': 0.0869690639641868, 'D_low': 148.21691630007544, 'k2': 0.0007731571570012607, 'D_high': 48235.58283024493, 'fire_exp': 1.5191397119156032, 'P_half': 157.80309954142965, 'pre_dampen_half': 9.044346216330972, 'gpp_af': 0.035629505481532577, 'gpp_b': 2.1309331861011757e-05, 'gpp_d': 21.899070557043984, 'ign_k': 0.17320535908244444, 'ign_c': 22.126836566118193, 'trop_agb_crit': 1.8023542850487386, 'trop_k_veg': 2.724170387400844, 'fire_amp': 5.44779717154213}.
[I 2026-06-10 20:00:40,143] Trial 450 finished with values: [10.936310623885927, 10.936310623885927] and parameters: {'k1': 0.00026539376439360527, 'D_low': 1.7551403048208316, 'k2': 0.0007731571570012607, 'D_high': 27.55546207779663, 'fire_exp': 1.111738490499784, 'P_half': 12.262543158860007, 'pre_dampen_half': 121.93011993958949, 'gpp_af': 3.298293484806585, 'gpp_b': 0.0036065155862388338, 'gpp_d': 1.0088237648985734, 'ign_k': 0.0032383308053152635, 'ign_c': 14.709699119495124, 'trop_agb_crit': 1.8023542850487386, 'trop_k_veg': 5.453348988480011, 'fire_amp': 3.1045399027418377}.
