[I 2026-08-05 23:29:31,597] Trial 990 finished with values: [10.195500820927121, 10.195500820927121] and parameters: {'k1': 0.02641449645424223, 'D_low': 1.4045842344024697, 'k2': 0.08894151386481904, 'D_high': 9769.756791866093, 'fire_exp': 1.010722707674549, 'P_half': 12.808863354047988, 'pre_dampen_half': 247.25776073156666, 'gpp_af': 0.5107061330406066, 'gpp_b': 0.6637926838138378, 'gpp_d': 857.4284557962634, 'ign_k': 0.12752949611679998, 'ign_c': 3.0378658251922155}.
[I 2026-08-05 23:29:32,827] Trial 991 finished with values: [-0.5626289668336181, 0.34022665332003565] and parameters: {'k1': 0.002407354618388189, 'D_low': 18.89739291279832, 'k2': 0.03071666851587867, 'D_high': 9769.756791866093, 'fire_exp': 1.010722707674549, 'P_half': 215.55950571043874, 'pre_dampen_half': 304.7488318185732, 'gpp_af': 5.511863475708366, 'gpp_b': 0.6637926838138378, 'gpp_d': 368.30088529547436, 'ign_k': 0.12828203940471886, 'ign_c': 0.9294394155644988}.
[I 2026-08-05 23:29:33,988] Trial 992 finished with values: [10.764454269007228, 10.764454269007228] and parameters: {'k1': 0.02641449645424223, 'D_low': 2.1234210963705626, 'k2': 0.08894151386481904, 'D_high': 9769.756791866093, 'fire_exp': 1.010722707674549, 'P_half': 13.019246714361572, 'pre_dampen_half': 304.7488318185732, 'gpp_af': 0.0021836613912815635, 'gpp_b': 0.6637926838138378, 'gpp_d': 223.60515435267138, 'ign_k': 0.12752949611679998, 'ign_c': 8.671454322584175}.
[I 2026-08-05 23:29:35,337] Trial 993 finished with values: [10.57256657521665, 10.57256657521665] and parameters: {'k1': 0.0005062132815242158, 'D_low': 2.1234210963705626, 'k2': 0.00375241428659295, 'D_high': 33.33047530921621, 'fire_exp': 1.010722707674549, 'P_half': 12.808863354047988, 'pre_dampen_half': 304.7488318185732, 'gpp_af': 1.2003722333832936, 'gpp_b': 0.6637926838138378, 'gpp_d': 857.4284557962634, 'ign_k': 0.12752949611679998, 'ign_c': 8.671454322584175}.
[I 2026-08-05 23:29:36,619] Trial 994 finished with values: [-0.6201353016537391, 0.49469723712817115] and parameters: {'k1': 0.06415745702132086, 'D_low': 1.4045842344024697, 'k2': 0.08894151386481904, 'D_high': 7744.80118512745, 'fire_exp': 1.1044852285094786, 'P_half': 10.226988730324324, 'pre_dampen_half': 304.7488318185732, 'gpp_af': 0.001339466259146302, 'gpp_b': 7.402343469704428e-05, 'gpp_d': 5.878566318396007, 'ign_k': 0.4702627143647234, 'ign_c': 8.671454322584175}.
[I 2026-08-05 23:29:37,821] Trial 995 finished with values: [-0.5740342349775465, 0.31402151777268583] and parameters: {'k1': 0.002407354618388189, 'D_low': 1.4045842344024697, 'k2': 0.03518980505750979, 'D_high': 830.8114652888394, 'fire_exp': 1.0881360604103363, 'P_half': 13.019246714361572, 'pre_dampen_half': 703.6426675556048, 'gpp_af': 5.511863475708366, 'gpp_b': 0.004996983241344723, 'gpp_d': 891.8036602897795, 'ign_k': 0.34703605955441524, 'ign_c': 0.6004682478324445}.
[I 2026-08-05 23:29:39,072] Trial 996 finished with values: [10.426018258148186, 10.426018258148186] and parameters: {'k1': 0.00324789183891923, 'D_low': 4.051452710153359, 'k2': 0.03071666851587867, 'D_high': 7744.80118512745, 'fire_exp': 1.1258453832483524, 'P_half': 29.582672356438447, 'pre_dampen_half': 1.1766539651208914, 'gpp_af': 13.730598810454614, 'gpp_b': 0.00012797528816608022, 'gpp_d': 891.8036602897795, 'ign_k': 8.761971101023693, 'ign_c': 1.5061320080433496}.
[I 2026-08-05 23:29:40,449] Trial 997 finished with values: [10.08071245621734, 10.08071245621734] and parameters: {'k1': 0.025383218374507292, 'D_low': 9.882278532808778, 'k2': 0.03071666851587867, 'D_high': 7744.80118512745, 'fire_exp': 1.1044852285094786, 'P_half': 13.019246714361572, 'pre_dampen_half': 46.566318342356254, 'gpp_af': 5.511863475708366, 'gpp_b': 0.6637926838138378, 'gpp_d': 368.30088529547436, 'ign_k': 0.4902396944106615, 'ign_c': 8.671454322584175}.
[I 2026-08-05 23:29:41,860] Trial 998 finished with values: [10.220264079016475, 10.220264079016475] and parameters: {'k1': 0.06415745702132086, 'D_low': 1.4045842344024697, 'k2': 0.0007081721844034209, 'D_high': 2941.5751391396584, 'fire_exp': 1.1044852285094786, 'P_half': 1194.5919244900463, 'pre_dampen_half': 304.7488318185732, 'gpp_af': 0.0021836613912815635, 'gpp_b': 7.402343469704428e-05, 'gpp_d': 368.30088529547436, 'ign_k': 0.4702627143647234, 'ign_c': 0.9294394155644988}.
[I 2026-08-05 23:29:43,206] Trial 999 finished with values: [-0.6187037489009694, 0.5433243238317069] and parameters: {'k1': 0.008956420301712053, 'D_low': 9.882278532808778, 'k2': 0.0007081721844034209, 'D_high': 9769.756791866093, 'fire_exp': 1.151006986743773, 'P_half': 13.019246714361572, 'pre_dampen_half': 304.7488318185732, 'gpp_af': 0.0021836613912815635, 'gpp_b': 7.402343469704428e-05, 'gpp_d': 368.30088529547436, 'ign_k': 8.761971101023693, 'ign_c': 0.3528113274684997}.
[I 2026-08-05 23:29:44,550] Trial 1000 finished with values: [-0.589040683202721, 0.38253120699735066] and parameters: {'k1': 0.002407354618388189, 'D_low': 9.882278532808778, 'k2': 0.03071666851587867, 'D_high': 2941.5751391396584, 'fire_exp': 1.1258453832483524, 'P_half': 13.019246714361572, 'pre_dampen_half': 703.6426675556048, 'gpp_af': 0.0021836613912815635, 'gpp_b': 3.481277316673104e-05, 'gpp_d': 368.30088529547436, 'ign_k': 0.4902396944106615, 'ign_c': 0.9294394155644988}.
[I 2026-08-05 23:29:45,955] Trial 1001 finished with values: [10.76637182540289, 10.76637182540289] and parameters: {'k1': 0.025383218374507292, 'D_low': 1.1065812688893482, 'k2': 0.0007081721844034209, 'D_high': 9769.756791866093, 'fire_exp': 1.010722707674549, 'P_half': 10.226988730324324, 'pre_dampen_half': 304.7488318185732, 'gpp_af': 0.0011354194307171069, 'gpp_b': 0.6637926838138378, 'gpp_d': 891.8036602897795, 'ign_k': 2.615413574494962, 'ign_c': 4.619723604324942}.
[I 2026-08-05 23:29:47,383] Trial 1002 finished with values: [10.04013443342364, 10.04013443342364] and parameters: {'k1': 0.025383218374507292, 'D_low': 18.89739291279832, 'k2': 4.763991596630584e-05, 'D_high': 7744.80118512745, 'fire_exp': 1.010722707674549, 'P_half': 12.808863354047988, 'pre_dampen_half': 304.7488318185732, 'gpp_af': 5.511863475708366, 'gpp_b': 0.6637926838138378, 'gpp_d': 368.30088529547436, 'ign_k': 0.34703605955441524, 'ign_c': 0.9294394155644988}.
[I 2026-08-05 23:29:48,804] Trial 1003 finished with values: [10.768072898151521, 10.768072898151521] and parameters: {'k1': 0.0008421250895470873, 'D_low': 2.1234210963705626, 'k2': 0.0036014695835220327, 'D_high': 7744.80118512745, 'fire_exp': 1.1044852285094786, 'P_half': 25.49709775062068, 'pre_dampen_half': 304.7488318185732, 'gpp_af': 0.5107061330406066, 'gpp_b': 0.6637926838138378, 'gpp_d': 0.012472726063715429, 'ign_k': 5.9736167866478125, 'ign_c': 3.0378658251922155}.
[I 2026-08-05 23:29:50,181] Trial 1004 finished with values: [10.702866864381717, 10.702866864381717] and parameters: {'k1': 5.3514523498433285e-05, 'D_low': 1.1065812688893482, 'k2': 0.08894151386481904, 'D_high': 9769.756791866093, 'fire_exp': 1.010722707674549, 'P_half': 12.808863354047988, 'pre_dampen_half': 0.19909760862828824, 'gpp_af': 5.511863475708366, 'gpp_b': 0.6637926838138378, 'gpp_d': 857.4284557962634, 'ign_k': 0.34703605955441524, 'ign_c': 8.671454322584175}.
[I 2026-08-05 23:29:52,102] Trial 1005 finished with values: [-0.6139069131944394, 0.4824865710004892] and parameters: {'k1': 0.025383218374507292, 'D_low': 2.1234210963705626, 'k2': 0.0007081721844034209, 'D_high': 9769.756791866093, 'fire_exp': 1.010722707674549, 'P_half': 10.226988730324324, 'pre_dampen_half': 304.7488318185732, 'gpp_af': 6.330661837630911, 'gpp_b': 0.6637926838138378, 'gpp_d': 368.30088529547436, 'ign_k': 0.34703605955441524, 'ign_c': 8.671454322584175}.
[I 2026-08-05 23:29:53,483] Trial 1006 finished with values: [-0.5940204173602555, 0.484409267441805] and parameters: {'k1': 0.008956420301712053, 'D_low': 2.1234210963705626, 'k2': 0.08894151386481904, 'D_high': 7744.80118512745, 'fire_exp': 1.1044852285094786, 'P_half': 164.1379340685856, 'pre_dampen_half': 304.7488318185732, 'gpp_af': 0.0048478428004036025, 'gpp_b': 3.139005000572696e-05, 'gpp_d': 368.30088529547436, 'ign_k': 0.1384332853353327, 'ign_c': 8.671454322584175}.
[I 2026-08-05 23:29:54,925] Trial 1007 finished with values: [10.316556647153124, 10.316556647153124] and parameters: {'k1': 0.06415745702132086, 'D_low': 18.89739291279832, 'k2': 0.0036014695835220327, 'D_high': 7744.80118512745, 'fire_exp': 1.010722707674549, 'P_half': 10.226988730324324, 'pre_dampen_half': 304.7488318185732, 'gpp_af': 5.511863475708366, 'gpp_b': 0.00012797528816608022, 'gpp_d': 368.30088529547436, 'ign_k': 0.4702627143647234, 'ign_c': 8.671454322584175}.
[I 2026-08-05 23:29:56,355] Trial 1008 finished with values: [10.72784432677161, 10.72784432677161] and parameters: {'k1': 0.0029707920514735983, 'D_low': 135.4662616810925, 'k2': 0.08894151386481904, 'D_high': 2941.5751391396584, 'fire_exp': 1.6413525417025303, 'P_half': 10.226988730324324, 'pre_dampen_half': 0.011497512044959184, 'gpp_af': 0.001339466259146302, 'gpp_b': 3.139005000572696e-05, 'gpp_d': 891.8036602897795, 'ign_k': 8.761971101023693, 'ign_c': 0.9294394155644988}.
[I 2026-08-05 23:29:57,702] Trial 1009 finished with values: [-0.6112310707079934, 0.3291333265432629] and parameters: {'k1': 0.02641449645424223, 'D_low': 2.1234210963705626, 'k2': 0.00375241428659295, 'D_high': 2941.5751391396584, 'fire_exp': 1.1044852285094786, 'P_half': 13.019246714361572, 'pre_dampen_half': 304.7488318185732, 'gpp_af': 0.0021836613912815635, 'gpp_b': 7.402343469704428e-05, 'gpp_d': 0.16069682196977472, 'ign_k': 0.12752949611679998, 'ign_c': 8.671454322584175}.
[I 2026-08-05 23:29:58,971] Trial 1010 finished with values: [10.355190273216325, 10.355190273216325] and parameters: {'k1': 0.08007464457322733, 'D_low': 12.492307509390828, 'k2': 0.01607490620427729, 'D_high': 9769.756791866093, 'fire_exp': 1.1044852285094786, 'P_half': 12.808863354047988, 'pre_dampen_half': 304.7488318185732, 'gpp_af': 1.2003722333832936, 'gpp_b': 7.402343469704428e-05, 'gpp_d': 857.4284557962634, 'ign_k': 0.34703605955441524, 'ign_c': 8.671454322584175}.
[I 2026-08-05 23:30:00,247] Trial 1011 finished with values: [-0.609871374740498, 0.5629660994326374] and parameters: {'k1': 0.025383218374507292, 'D_low': 2.1234210963705626, 'k2': 0.0036014695835220327, 'D_high': 68913.86015952702, 'fire_exp': 1.0881360604103363, 'P_half': 13.019246714361572, 'pre_dampen_half': 703.6426675556048, 'gpp_af': 5.511863475708366, 'gpp_b': 0.6637926838138378, 'gpp_d': 857.4284557962634, 'ign_k': 0.34703605955441524, 'ign_c': 8.671454322584175}.
[I 2026-08-05 23:30:01,531] Trial 1012 finished with values: [-0.6094100701496232, 0.45585343139748835] and parameters: {'k1': 0.025383218374507292, 'D_low': 2.1234210963705626, 'k2': 0.08894151386481904, 'D_high': 9769.756791866093, 'fire_exp': 1.1044852285094786, 'P_half': 24.136213194527585, 'pre_dampen_half': 304.7488318185732, 'gpp_af': 5.511863475708366, 'gpp_b': 0.6637926838138378, 'gpp_d': 891.8036602897795, 'ign_k': 0.34703605955441524, 'ign_c': 0.9294394155644988}.
[I 2026-08-05 23:30:02,879] Trial 1013 finished with values: [-0.5989019050572366, 0.39008066974790145] and parameters: {'k1': 0.06415745702132086, 'D_low': 2.1234210963705626, 'k2': 0.0036014695835220327, 'D_high': 9769.756791866093, 'fire_exp': 1.010722707674549, 'P_half': 215.55950571043874, 'pre_dampen_half': 304.7488318185732, 'gpp_af': 5.511863475708366, 'gpp_b': 0.6637926838138378, 'gpp_d': 368.30088529547436, 'ign_k': 4.006890332238651, 'ign_c': 0.3528113274684997}.
[I 2026-08-05 23:30:04,132] Trial 1014 finished with values: [10.764486530223756, 10.764486530223756] and parameters: {'k1': 0.02641449645424223, 'D_low': 2.1234210963705626, 'k2': 0.0007081721844034209, 'D_high': 9769.756791866093, 'fire_exp': 1.010722707674549, 'P_half': 13.019246714361572, 'pre_dampen_half': 304.7488318185732, 'gpp_af': 0.0021836613912815635, 'gpp_b': 0.6637926838138378, 'gpp_d': 857.4284557962634, 'ign_k': 0.12752949611679998, 'ign_c': 8.94161930782792}.
[I 2026-08-05 23:30:05,507] Trial 1015 finished with values: [-0.554787166414484, 0.3509387585948136] and parameters: {'k1': 2.7475448770725456e-05, 'D_low': 2.1234210963705626, 'k2': 0.0027431991397796683, 'D_high': 7744.80118512745, 'fire_exp': 1.010722707674549, 'P_half': 215.55950571043874, 'pre_dampen_half': 304.7488318185732, 'gpp_af': 0.0021836613912815635, 'gpp_b': 3.139005000572696e-05, 'gpp_d': 29.83701993880331, 'ign_k': 0.4702627143647234, 'ign_c': 0.3528113274684997}.
[I 2026-08-05 23:30:06,785] Trial 1016 finished with values: [10.631034930010298, 10.631034930010298] and parameters: {'k1': 0.025383218374507292, 'D_low': 2.1234210963705626, 'k2': 4.763991596630584e-05, 'D_high': 9769.756791866093, 'fire_exp': 3.5315022637226696, 'P_half': 13.019246714361572, 'pre_dampen_half': 703.6426675556048, 'gpp_af': 5.511863475708366, 'gpp_b': 0.6637926838138378, 'gpp_d': 368.30088529547436, 'ign_k': 0.34703605955441524, 'ign_c': 8.671454322584175}.
[I 2026-08-05 23:30:08,152] Trial 1017 finished with values: [-0.6179710744677341, 0.7089815897540828] and parameters: {'k1': 0.06415745702132086, 'D_low': 65.69152413762717, 'k2': 0.0007081721844034209, 'D_high': 23846.702350126758, 'fire_exp': 1.3239942327296237, 'P_half': 10.226988730324324, 'pre_dampen_half': 304.7488318185732, 'gpp_af': 0.0021836613912815635, 'gpp_b': 3.139005000572696e-05, 'gpp_d': 368.30088529547436, 'ign_k': 8.761971101023693, 'ign_c': 8.671454322584175}.
[I 2026-08-05 23:30:09,425] Trial 1018 finished with values: [10.003178727027437, 10.003178727027437] and parameters: {'k1': 2.467915713171984e-05, 'D_low': 2.1234210963705626, 'k2': 0.0007081721844034209, 'D_high': 9769.756791866093, 'fire_exp': 1.010722707674549, 'P_half': 12.808863354047988, 'pre_dampen_half': 304.7488318185732, 'gpp_af': 5.511863475708366, 'gpp_b': 0.6637926838138378, 'gpp_d': 891.8036602897795, 'ign_k': 0.34703605955441524, 'ign_c': 8.671454322584175}.
[I 2026-08-05 23:30:10,610] Trial 1019 finished with values: [-0.5894544625398994, 0.4236491396580272] and parameters: {'k1': 0.00324789183891923, 'D_low': 4.051452710153359, 'k2': 0.0008973555394394085, 'D_high': 9769.756791866093, 'fire_exp': 1.1258453832483524, 'P_half': 13.019246714361572, 'pre_dampen_half': 703.6426675556048, 'gpp_af': 0.0056265647812620565, 'gpp_b': 0.0008872695173491669, 'gpp_d': 891.8036602897795, 'ign_k': 0.34703605955441524, 'ign_c': 1.5061320080433496}.
[I 2026-08-05 23:30:11,862] Trial 1020 finished with values: [10.76760067528513, 10.76760067528513] and parameters: {'k1': 0.008900784976354454, 'D_low': 12.492307509390828, 'k2': 0.0036014695835220327, 'D_high': 9769.756791866093, 'fire_exp': 1.1044852285094786, 'P_half': 10.226988730324324, 'pre_dampen_half': 304.7488318185732, 'gpp_af': 0.001339466259146302, 'gpp_b': 0.6637926838138378, 'gpp_d': 368.30088529547436, 'ign_k': 0.34703605955441524, 'ign_c': 8.018119368890574}.
[I 2026-08-05 23:30:13,505] Trial 1021 finished with values: [-0.6130381688591029, 0.5027577801863428] and parameters: {'k1': 0.06415745702132086, 'D_low': 1.4045842344024697, 'k2': 0.08894151386481904, 'D_high': 9769.756791866093, 'fire_exp': 1.010722707674549, 'P_half': 12.808863354047988, 'pre_dampen_half': 304.7488318185732, 'gpp_af': 0.001339466259146302, 'gpp_b': 0.00012797528816608022, 'gpp_d': 368.30088529547436, 'ign_k': 0.4702627143647234, 'ign_c': 8.671454322584175}.
[I 2026-08-05 23:30:14,787] Trial 1022 finished with values: [-0.5978203774186815, 0.37647434471788077] and parameters: {'k1': 0.025383218374507292, 'D_low': 2.1234210963705626, 'k2': 0.03071666851587867, 'D_high': 9769.756791866093, 'fire_exp': 2.376228963596799, 'P_half': 10.226988730324324, 'pre_dampen_half': 304.7488318185732, 'gpp_af': 0.0021836613912815635, 'gpp_b': 0.00012797528816608022, 'gpp_d': 891.8036602897795, 'ign_k': 0.4702627143647234, 'ign_c': 8.671454322584175}.
[I 2026-08-05 23:30:16,023] Trial 1023 finished with values: [-0.588205146368377, 0.369943985562485] and parameters: {'k1': 0.008956420301712053, 'D_low': 2.1234210963705626, 'k2': 0.0027431991397796683, 'D_high': 7744.80118512745, 'fire_exp': 1.1044852285094786, 'P_half': 13.019246714361572, 'pre_dampen_half': 304.7488318185732, 'gpp_af': 5.511863475708366, 'gpp_b': 0.6637926838138378, 'gpp_d': 29.83701993880331, 'ign_k': 8.761971101023693, 'ign_c': 1.5061320080433496}.
[I 2026-08-05 23:30:17,305] Trial 1024 finished with values: [10.037601190743414, 10.037601190743414] and parameters: {'k1': 0.025383218374507292, 'D_low': 1.1065812688893482, 'k2': 0.0007081721844034209, 'D_high': 633.1166646948959, 'fire_exp': 1.010722707674549, 'P_half': 10.226988730324324, 'pre_dampen_half': 703.6426675556048, 'gpp_af': 5.511863475708366, 'gpp_b': 0.6637926838138378, 'gpp_d': 891.8036602897795, 'ign_k': 0.4702627143647234, 'ign_c': 0.9294394155644988}.
[I 2026-08-05 23:30:18,636] Trial 1025 finished with values: [10.768203093312913, 10.768203093312913] and parameters: {'k1': 0.025383218374507292, 'D_low': 1.1065812688893482, 'k2': 0.0007081721844034209, 'D_high': 1665.1532285161688, 'fire_exp': 1.0881360604103363, 'P_half': 10.226988730324324, 'pre_dampen_half': 703.6426675556048, 'gpp_af': 0.001339466259146302, 'gpp_b': 0.6637926838138378, 'gpp_d': 891.8036602897795, 'ign_k': 0.03783599106879795, 'ign_c': 8.671454322584175}.
[I 2026-08-05 23:30:19,949] Trial 1026 finished with values: [10.010768254307449, 10.010768254307449] and parameters: {'k1': 0.06415745702132086, 'D_low': 9.882278532808778, 'k2': 0.03071666851587867, 'D_high': 7744.80118512745, 'fire_exp': 1.1044852285094786, 'P_half': 13.019246714361572, 'pre_dampen_half': 703.6426675556048, 'gpp_af': 0.0021836613912815635, 'gpp_b': 7.402343469704428e-05, 'gpp_d': 857.4284557962634, 'ign_k': 8.761971101023693, 'ign_c': 8.671454322584175}.
[I 2026-08-05 23:30:21,222] Trial 1027 finished with values: [10.766664515221324, 10.766664515221324] and parameters: {'k1': 0.025383218374507292, 'D_low': 2.1234210963705626, 'k2': 0.0006883147458933808, 'D_high': 9769.756791866093, 'fire_exp': 1.010722707674549, 'P_half': 13.019246714361572, 'pre_dampen_half': 107.40052367919465, 'gpp_af': 0.001339466259146302, 'gpp_b': 0.6637926838138378, 'gpp_d': 368.30088529547436, 'ign_k': 0.34703605955441524, 'ign_c': 8.671454322584175}.
[I 2026-08-05 23:30:22,489] Trial 1028 finished with values: [-0.6112789231785569, 0.3749462173552006] and parameters: {'k1': 0.06415745702132086, 'D_low': 1.4045842344024697, 'k2': 0.08894151386481904, 'D_high': 830.8114652888394, 'fire_exp': 1.0881360604103363, 'P_half': 13.019246714361572, 'pre_dampen_half': 703.6426675556048, 'gpp_af': 5.511863475708366, 'gpp_b': 0.004996983241344723, 'gpp_d': 891.8036602897795, 'ign_k': 0.4702627143647234, 'ign_c': 0.9294394155644988}.
[I 2026-08-05 23:30:23,790] Trial 1029 finished with values: [-0.6224433861803869, 0.5212836765528148] and parameters: {'k1': 0.06415745702132086, 'D_low': 9.330007965781027, 'k2': 0.03071666851587867, 'D_high': 7744.80118512745, 'fire_exp': 1.182396148413737, 'P_half': 24.136213194527585, 'pre_dampen_half': 304.7488318185732, 'gpp_af': 0.001339466259146302, 'gpp_b': 3.481277316673104e-05, 'gpp_d': 857.4284557962634, 'ign_k': 8.761971101023693, 'ign_c': 8.671454322584175}.
[I 2026-08-05 23:30:25,056] Trial 1030 finished with values: [10.321992297593072, 10.321992297593072] and parameters: {'k1': 0.008956420301712053, 'D_low': 2.1234210963705626, 'k2': 0.0027431991397796683, 'D_high': 7744.80118512745, 'fire_exp': 1.010722707674549, 'P_half': 1380.5946158117079, 'pre_dampen_half': 304.7488318185732, 'gpp_af': 5.511863475708366, 'gpp_b': 2.2516875868588024, 'gpp_d': 597.9617889501159, 'ign_k': 0.34703605955441524, 'ign_c': 1.5061320080433496}.
[I 2026-08-05 23:30:26,321] Trial 1031 finished with values: [-0.5613531454560527, 0.33005766128867975] and parameters: {'k1': 0.06415745702132086, 'D_low': 2.1234210963705626, 'k2': 0.014047969156119486, 'D_high': 9769.756791866093, 'fire_exp': 1.010722707674549, 'P_half': 13.019246714361572, 'pre_dampen_half': 304.7488318185732, 'gpp_af': 0.001339466259146302, 'gpp_b': 0.0007806230565393799, 'gpp_d': 368.30088529547436, 'ign_k': 0.34703605955441524, 'ign_c': 8.671454322584175}.
[I 2026-08-05 23:30:27,619] Trial 1032 finished with values: [10.741495101896442, 10.741495101896442] and parameters: {'k1': 0.002407354618388189, 'D_low': 1.4045842344024697, 'k2': 0.08894151386481904, 'D_high': 830.8114652888394, 'fire_exp': 4.876797313549993, 'P_half': 10.226988730324324, 'pre_dampen_half': 304.7488318185732, 'gpp_af': 5.511863475708366, 'gpp_b': 0.004996983241344723, 'gpp_d': 1.5417559043129714, 'ign_k': 0.4702627143647234, 'ign_c': 0.6004682478324445}.
[I 2026-08-05 23:30:28,940] Trial 1033 finished with values: [-0.6101393521974836, 0.467617338859888] and parameters: {'k1': 0.025383218374507292, 'D_low': 10.43956705520904, 'k2': 0.0007081721844034209, 'D_high': 9769.756791866093, 'fire_exp': 1.0881360604103363, 'P_half': 10.226988730324324, 'pre_dampen_half': 703.6426675556048, 'gpp_af': 5.511863475708366, 'gpp_b': 0.6637926838138378, 'gpp_d': 368.30088529547436, 'ign_k': 0.34703605955441524, 'ign_c': 8.671454322584175}.
[I 2026-08-05 23:30:30,254] Trial 1034 finished with values: [-0.6119318500355002, 0.6304454491431761] and parameters: {'k1': 0.008956420301712053, 'D_low': 2.1234210963705626, 'k2': 0.08894151386481904, 'D_high': 23093.31703082656, 'fire_exp': 1.010722707674549, 'P_half': 13.019246714361572, 'pre_dampen_half': 304.7488318185732, 'gpp_af': 0.001339466259146302, 'gpp_b': 7.402343469704428e-05, 'gpp_d': 857.4284557962634, 'ign_k': 0.12752949611679998, 'ign_c': 0.3528113274684997}.
