[I 2026-08-19 17:34:52,810] Trial 1304 finished with value: 0.6445374145881376 and parameters: {'k1': 0.0256972236738408, 'D_low': 4.599787376985548, 'k2': 0.006986350920065946, 'D_high': 2029842.7998777544, 'fire_exp': 2.5969296833777533, 'P_half': 26.080302383851397, 'pre_dampen_half': 0.2853328711070002, 'gpp_af': 4.6119469853879185, 'gpp_b': 0.0061110359900477485, 'gpp_d': 23.49425725949801, 'ign_k': 6.325676529661301, 'ign_c': 58.9476943975594, 'trop_agb_crit': 15.468461356376363, 'trop_k_veg': 0.5311195299815241, 'pop_amp': 0.8273626368901761, 'pop_peak': 2.9887207022445983, 'pop_sig': 0.3417548894680303, 'fuel_k': 0.021134104545597707, 'fuel_half': 0.6630336352656874}. Best is trial 0 with value: -0.6094076133578652.
[I 2026-08-19 17:34:54,872] Trial 1305 finished with value: 0.6069014497866928 and parameters: {'k1': 0.00733500244017981, 'D_low': 103.67429746862406, 'k2': 0.0007615200601942464, 'D_high': 887.2475636042205, 'fire_exp': 2.0025563251010428, 'P_half': 462.04997228044317, 'pre_dampen_half': 0.38003333044227805, 'gpp_af': 0.05828542625519164, 'gpp_b': 0.02040540631926679, 'gpp_d': 983.7196822460057, 'ign_k': 0.5662073706287976, 'ign_c': 0.17670154921812328, 'trop_agb_crit': 20.596354355278155, 'trop_k_veg': 6.177104234279445, 'pop_amp': 0.025638096768694406, 'pop_peak': 0.23828201950052452, 'pop_sig': 0.40352520217091725, 'fuel_k': 0.14458902569951934, 'fuel_half': 0.14917750231263946}. Best is trial 0 with value: -0.6094076133578652.
[I 2026-08-19 17:34:56,732] Trial 1306 finished with value: 0.5206683551443412 and parameters: {'k1': 0.04131487078245362, 'D_low': 7.721253416569841, 'k2': 0.00028823861007707465, 'D_high': 192679.94645175163, 'fire_exp': 8.265138457906733, 'P_half': 1.6803093655550698, 'pre_dampen_half': 225.04097320086234, 'gpp_af': 0.02522484819394247, 'gpp_b': 0.0001693725181348034, 'gpp_d': 267.7536342327332, 'ign_k': 0.8202381495602067, 'ign_c': 0.10432970320115964, 'trop_agb_crit': 23.732311882433688, 'trop_k_veg': 0.8970725022047749, 'pop_amp': 0.17624037900260545, 'pop_peak': 10.530733589472218, 'pop_sig': 0.8249306541435946, 'fuel_k': 0.38741819505010733, 'fuel_half': 0.2728703806063399}. Best is trial 0 with value: -0.6094076133578652.
[I 2026-08-19 17:34:58,727] Trial 1307 finished with value: 0.4356462511646002 and parameters: {'k1': 0.0019101754186623555, 'D_low': 52.42870003610002, 'k2': 0.0013885187994283972, 'D_high': 291992.24800649955, 'fire_exp': 5.325759559511179, 'P_half': 1.120395101069079, 'pre_dampen_half': 1.7364135810130779, 'gpp_af': 0.00203969753852608, 'gpp_b': 5.291785771138795e-05, 'gpp_d': 783.2648173306769, 'ign_k': 0.14090564808877953, 'ign_c': 3.2898404249716813, 'trop_agb_crit': 3.7321063422520484, 'trop_k_veg': 2.078000551457487, 'pop_amp': 0.010763840289434055, 'pop_peak': 0.10577913530201878, 'pop_sig': 0.5355842240659443, 'fuel_k': 1.4040435784951268, 'fuel_half': 0.15912642566091084}. Best is trial 0 with value: -0.6094076133578652.
[I 2026-08-19 17:35:00,725] Trial 1308 finished with value: 0.6045119139551688 and parameters: {'k1': 0.0029943841309533724, 'D_low': 25380.29526974642, 'k2': 0.0005198716867668332, 'D_high': 59577.407119731586, 'fire_exp': 2.0577489977287287, 'P_half': 60.80269472690973, 'pre_dampen_half': 0.4849421224689413, 'gpp_af': 0.037632688124137594, 'gpp_b': 0.007038644343180948, 'gpp_d': 112.99230847234497, 'ign_k': 0.07884359991049177, 'ign_c': 0.14719762030896083, 'trop_agb_crit': 3.5138319028825262, 'trop_k_veg': 1.2822793438985636, 'pop_amp': 0.6358062777482666, 'pop_peak': 0.47313854056097965, 'pop_sig': 1.0484023629394656, 'fuel_k': 0.093126863139387, 'fuel_half': 0.25790702249994735}. Best is trial 0 with value: -0.6094076133578652.
[I 2026-08-19 17:35:02,745] Trial 1309 finished with value: -0.5217024042046586 and parameters: {'k1': 0.03826630819290959, 'D_low': 4.915758764771859, 'k2': 0.007942684224736441, 'D_high': 474670.11538194417, 'fire_exp': 2.1575793942962367, 'P_half': 23.621283066776297, 'pre_dampen_half': 16.408297969652452, 'gpp_af': 0.005884574768319911, 'gpp_b': 0.0041811291553469875, 'gpp_d': 7.586513555469987, 'ign_k': 0.06750223379961706, 'ign_c': 10.802529620539834, 'trop_agb_crit': 7.9684923973311665, 'trop_k_veg': 2.707522943247894, 'pop_amp': 0.008762246849862635, 'pop_peak': 0.06497088541927555, 'pop_sig': 0.6645105286346731, 'fuel_k': 1.7872418381037374, 'fuel_half': 0.39141330297232996}. Best is trial 0 with value: -0.6094076133578652.
[I 2026-08-19 17:35:04,693] Trial 1310 finished with value: 0.49658838831310625 and parameters: {'k1': 0.001716395502820528, 'D_low': 71.70276088239858, 'k2': 0.0007899995848699518, 'D_high': 147050.10308315896, 'fire_exp': 3.948447772501366, 'P_half': 2.141077712405978, 'pre_dampen_half': 477.8747815759227, 'gpp_af': 0.037796218342390914, 'gpp_b': 0.004680669203243024, 'gpp_d': 544.7492218206971, 'ign_k': 0.12178278258527125, 'ign_c': 3.003506885393815, 'trop_agb_crit': 20.373195500384526, 'trop_k_veg': 1.9262161842641243, 'pop_amp': 0.00102743045633474, 'pop_peak': 0.746515820459169, 'pop_sig': 1.734216862479293, 'fuel_k': 2.570426553247384, 'fuel_half': 2.3599805838759815}. Best is trial 0 with value: -0.6094076133578652.
[I 2026-08-19 17:35:06,441] Trial 1311 finished with value: 0.4409873107605128 and parameters: {'k1': 0.0008659669588499311, 'D_low': 1.3760925407235023, 'k2': 0.07707797671012877, 'D_high': 1892565.7740595874, 'fire_exp': 1.3567354857328018, 'P_half': 9.075233862651965, 'pre_dampen_half': 20.13535737791266, 'gpp_af': 4.334247037817561, 'gpp_b': 0.00028403071802426906, 'gpp_d': 107.41352671965686, 'ign_k': 0.0802787041169268, 'ign_c': 3.1849774265860353, 'trop_agb_crit': 21.24037539238065, 'trop_k_veg': 1.033793965551951, 'pop_amp': 0.010878245893214717, 'pop_peak': 0.4518532703840987, 'pop_sig': 0.4365299758458395, 'fuel_k': 0.060845442253258615, 'fuel_half': 18.944007417968077}. Best is trial 0 with value: -0.6094076133578652.
[I 2026-08-19 17:35:08,158] Trial 1312 finished with value: 0.57889929661212 and parameters: {'k1': 0.04847664345123202, 'D_low': 42.75933820985292, 'k2': 0.0006293549715227483, 'D_high': 283484.6693594223, 'fire_exp': 4.043467634330334, 'P_half': 8.858971255860865, 'pre_dampen_half': 1.2589394696488916, 'gpp_af': 0.12007220563073664, 'gpp_b': 0.017576906098000618, 'gpp_d': 385.982037247789, 'ign_k': 0.021344397850276565, 'ign_c': 0.13645163249861555, 'trop_agb_crit': 5.705820564890698, 'trop_k_veg': 0.5481427287406359, 'pop_amp': 3.2135327984759803, 'pop_peak': 0.25591207527362403, 'pop_sig': 0.5172607395554221, 'fuel_k': 0.4470224473381272, 'fuel_half': 0.3688623098599537}. Best is trial 0 with value: -0.6094076133578652.
[I 2026-08-19 17:35:09,844] Trial 1313 finished with value: 0.5028126123710227 and parameters: {'k1': 0.004837238375612866, 'D_low': 119.2473617665156, 'k2': 0.0014664730926245897, 'D_high': 611588.6441655129, 'fire_exp': 1.2171563873709896, 'P_half': 8.269446837077897, 'pre_dampen_half': 0.024153596953000213, 'gpp_af': 0.014036072994376078, 'gpp_b': 0.00018490550502227822, 'gpp_d': 0.3097671003624789, 'ign_k': 0.24671781111106197, 'ign_c': 0.1706088019028038, 'trop_agb_crit': 4.5166009710223625, 'trop_k_veg': 6.816916135783758, 'pop_amp': 0.36836100465672655, 'pop_peak': 2.2699468243779015, 'pop_sig': 0.7181507384406632, 'fuel_k': 0.03830727136508203, 'fuel_half': 22.289032705431296}. Best is trial 0 with value: -0.6094076133578652.
[I 2026-08-19 17:35:11,603] Trial 1314 finished with value: -0.5557967973900856 and parameters: {'k1': 0.00011083331449034822, 'D_low': 20065.452993218933, 'k2': 0.04918222633283576, 'D_high': 300407.859774828, 'fire_exp': 1.16613148883373, 'P_half': 44.02190307181025, 'pre_dampen_half': 3.125212814259285, 'gpp_af': 0.983275977196979, 'gpp_b': 0.0005122530002168042, 'gpp_d': 42.170345434020085, 'ign_k': 0.4798318042980907, 'ign_c': 0.1722563811433176, 'trop_agb_crit': 1.2986711207167587, 'trop_k_veg': 0.7409864024216407, 'pop_amp': 0.1743985743424501, 'pop_peak': 0.21547946728565995, 'pop_sig': 0.7029357085044813, 'fuel_k': 1.1380068920344923, 'fuel_half': 93.70391314535152}. Best is trial 0 with value: -0.6094076133578652.
  trial 1315/2500  best_overall=0.6094  (36.8 min)
[I 2026-08-19 17:35:13,877] Trial 1315 finished with value: 0.5938183638412966 and parameters: {'k1': 0.07088856337155752, 'D_low': 14.587647896436712, 'k2': 7.259262954374523e-05, 'D_high': 7791316.458133978, 'fire_exp': 2.8965307733636316, 'P_half': 2.0591401984944886, 'pre_dampen_half': 100.01188542583765, 'gpp_af': 1.6507164673682315, 'gpp_b': 0.0012628267122285547, 'gpp_d': 34.48583205680719, 'ign_k': 0.3829456319923792, 'ign_c': 11.748033385746352, 'trop_agb_crit': 10.68773799999567, 'trop_k_veg': 3.570940466008887, 'pop_amp': 0.0075149251819970906, 'pop_peak': 0.10630878036836, 'pop_sig': 1.429978371900802, 'fuel_k': 4.478863759820439, 'fuel_half': 1.6771644115189672}. Best is trial 0 with value: -0.6094076133578652.
[I 2026-08-19 17:35:15,756] Trial 1316 finished with value: 0.5503255910098551 and parameters: {'k1': 0.05565157921009149, 'D_low': 2.075515522401189, 'k2': 0.00015631922058686386, 'D_high': 1750628.824111709, 'fire_exp': 3.712606902319785, 'P_half': 1.6732700044383442, 'pre_dampen_half': 25.85394748976533, 'gpp_af': 0.04127413329824104, 'gpp_b': 0.0006896712632578538, 'gpp_d': 2.794383225525656, 'ign_k': 0.0199097436577568, 'ign_c': 9.292333400163471, 'trop_agb_crit': 13.254166833730084, 'trop_k_veg': 5.18913355345158, 'pop_amp': 0.019083641475367293, 'pop_peak': 3.8772936062999994, 'pop_sig': 0.3114379662683475, 'fuel_k': 0.6833197562562573, 'fuel_half': 4.0226626228947815}. Best is trial 0 with value: -0.6094076133578652.
[I 2026-08-19 17:35:17,477] Trial 1317 finished with value: 0.581283151409499 and parameters: {'k1': 0.0025065716058204246, 'D_low': 12.54945089987258, 'k2': 0.06403308287588658, 'D_high': 2100151.794495803, 'fire_exp': 5.995668810067582, 'P_half': 10.378170996718216, 'pre_dampen_half': 14.383146050741257, 'gpp_af': 0.0530036210258151, 'gpp_b': 0.0027827324252048106, 'gpp_d': 1.7034720999743018, 'ign_k': 0.023824271518088726, 'ign_c': 9.692810916722753, 'trop_agb_crit': 11.801418502303488, 'trop_k_veg': 0.7169828581275403, 'pop_amp': 0.0068148664039875614, 'pop_peak': 0.061674860400161034, 'pop_sig': 1.3532716788971844, 'fuel_k': 1.390103719323537, 'fuel_half': 5.135831117403673}. Best is trial 0 with value: -0.6094076133578652.
[I 2026-08-19 17:35:19,211] Trial 1318 finished with value: 0.39038904102158867 and parameters: {'k1': 0.08441852090942216, 'D_low': 5.06145038144591, 'k2': 7.850357816231704e-05, 'D_high': 5328200.554607163, 'fire_exp': 5.657245306109739, 'P_half': 8.39970230812862, 'pre_dampen_half': 7.916363091866019, 'gpp_af': 0.16888622907843687, 'gpp_b': 0.00010561033273359751, 'gpp_d': 47.847924535886946, 'ign_k': 0.19449653615879037, 'ign_c': 1.2125943662163712, 'trop_agb_crit': 14.512775310553874, 'trop_k_veg': 3.373669432131061, 'pop_amp': 0.006649976059351973, 'pop_peak': 0.9683494373877367, 'pop_sig': 0.3661683071515068, 'fuel_k': 2.285838469450397, 'fuel_half': 1.51119877361806}. Best is trial 0 with value: -0.6094076133578652.
[I 2026-08-19 17:35:20,965] Trial 1319 finished with value: 0.5154847420607475 and parameters: {'k1': 0.025277643467874335, 'D_low': 4044.795655157218, 'k2': 0.0007524969980169754, 'D_high': 4150933.7237482825, 'fire_exp': 2.407081801775006, 'P_half': 5.928833828577994, 'pre_dampen_half': 1.0540055415913858, 'gpp_af': 0.2773704996884155, 'gpp_b': 0.04875836116300291, 'gpp_d': 36.61019872642789, 'ign_k': 0.19496397405036484, 'ign_c': 0.6953206218460951, 'trop_agb_crit': 1.3552744439787359, 'trop_k_veg': 0.5187629213974033, 'pop_amp': 1.1524358653301945, 'pop_peak': 4.83792219056906, 'pop_sig': 0.874884259413494, 'fuel_k': 0.2297333182661192, 'fuel_half': 0.4734314839855007}. Best is trial 0 with value: -0.6094076133578652.
[I 2026-08-19 17:35:22,633] Trial 1320 finished with value: 0.452829086064108 and parameters: {'k1': 0.0005078911341456524, 'D_low': 97.82608562298952, 'k2': 0.0002743079799341042, 'D_high': 78135.55147097724, 'fire_exp': 3.0243888358128213, 'P_half': 4.508607803009712, 'pre_dampen_half': 0.30293033557815063, 'gpp_af': 0.029773419683748324, 'gpp_b': 0.0012108170635899342, 'gpp_d': 32.31319519630116, 'ign_k': 5.9939629009326945, 'ign_c': 0.8677027308119973, 'trop_agb_crit': 29.4290077169075, 'trop_k_veg': 5.72610408612119, 'pop_amp': 0.1993703255371893, 'pop_peak': 0.6250434744137316, 'pop_sig': 0.4667332159035934, 'fuel_k': 2.6909459385842154, 'fuel_half': 0.6343186889601418}. Best is trial 0 with value: -0.6094076133578652.
[I 2026-08-19 17:35:24,299] Trial 1321 finished with value: 0.43257420983057426 and parameters: {'k1': 0.01243641723876534, 'D_low': 149.1688240046105, 'k2': 0.0010075801227331595, 'D_high': 2905933.396217774, 'fire_exp': 2.2315647626815007, 'P_half': 4.110088892479412, 'pre_dampen_half': 4.119566931497145, 'gpp_af': 0.6062890933773267, 'gpp_b': 0.0002234154785750196, 'gpp_d': 154.0520028013756, 'ign_k': 6.3028705163620415, 'ign_c': 0.16837409889397903, 'trop_agb_crit': 23.43665287423741, 'trop_k_veg': 1.1907219004552632, 'pop_amp': 0.11864374226604583, 'pop_peak': 0.710964286891578, 'pop_sig': 1.114943190882863, 'fuel_k': 0.010206141196410914, 'fuel_half': 0.969840982864665}. Best is trial 0 with value: -0.6094076133578652.
[I 2026-08-19 17:35:26,028] Trial 1322 finished with value: 0.5947359758147142 and parameters: {'k1': 8.192938259095258e-05, 'D_low': 3.769442480198535, 'k2': 0.06683165223001096, 'D_high': 6213.78814552904, 'fire_exp': 6.114197276787771, 'P_half': 2.2963996383285914, 'pre_dampen_half': 6.270873545524648, 'gpp_af': 0.5030331486249565, 'gpp_b': 1.7117120940171315e-05, 'gpp_d': 15.110174457487334, 'ign_k': 0.08807188700154502, 'ign_c': 0.7779616745858509, 'trop_agb_crit': 20.445474422792053, 'trop_k_veg': 1.0089454365774062, 'pop_amp': 0.0012583996648690508, 'pop_peak': 0.056369481407861376, 'pop_sig': 0.9006010389478695, 'fuel_k': 0.42759078572724946, 'fuel_half': 2.484810579712558}. Best is trial 0 with value: -0.6094076133578652.
[I 2026-08-19 17:35:27,763] Trial 1323 finished with value: 0.42462696543983536 and parameters: {'k1': 0.0008562018002542094, 'D_low': 1178.0334397836853, 'k2': 0.0012621739675704813, 'D_high': 2745861.348143031, 'fire_exp': 1.4198966443940297, 'P_half': 2.9141882268914103, 'pre_dampen_half': 1.7692782647192478, 'gpp_af': 0.056100075777446336, 'gpp_b': 1.0441651225381774e-05, 'gpp_d': 498.93633085929355, 'ign_k': 0.7078133407564399, 'ign_c': 0.24637853409883131, 'trop_agb_crit': 20.732187804477608, 'trop_k_veg': 1.1667353628836103, 'pop_amp': 0.01813439212208292, 'pop_peak': 4.091915559641255, 'pop_sig': 0.5678422052272305, 'fuel_k': 0.22015757721399312, 'fuel_half': 1.0265119325253096}. Best is trial 0 with value: -0.6094076133578652.
[I 2026-08-19 17:35:29,428] Trial 1324 finished with value: 0.55069357571299 and parameters: {'k1': 0.030297315516696507, 'D_low': 29.825742649087008, 'k2': 0.025828490093426287, 'D_high': 30828.562768749936, 'fire_exp': 6.891828462984794, 'P_half': 95.07760175803048, 'pre_dampen_half': 2.2615266668687872, 'gpp_af': 0.008356430941784893, 'gpp_b': 1.368198985130948e-05, 'gpp_d': 15.871176492038856, 'ign_k': 9.045168206210631, 'ign_c': 18.15977692285437, 'trop_agb_crit': 1.3535120088169312, 'trop_k_veg': 2.4878418030470892, 'pop_amp': 1.2954892841248007, 'pop_peak': 556.2147309916226, 'pop_sig': 1.2852128352864467, 'fuel_k': 0.05200060770822891, 'fuel_half': 0.18887483682648598}. Best is trial 0 with value: -0.6094076133578652.
[I 2026-08-19 17:35:31,187] Trial 1325 finished with value: -0.5591371617746784 and parameters: {'k1': 0.031178442588539496, 'D_low': 11.3464848739285, 'k2': 0.002369144391745583, 'D_high': 509601.23126748414, 'fire_exp': 2.7114761361613913, 'P_half': 24.21475295222308, 'pre_dampen_half': 30.030646434662728, 'gpp_af': 0.008468480355790184, 'gpp_b': 1.4943420829051484e-05, 'gpp_d': 2.536292518875669, 'ign_k': 0.041518595207407555, 'ign_c': 1.0928840842045093, 'trop_agb_crit': 3.49869995039021, 'trop_k_veg': 7.0498850791176455, 'pop_amp': 0.0026088587293029157, 'pop_peak': 0.14646584819781694, 'pop_sig': 0.47174794421198585, 'fuel_k': 0.30804634342105214, 'fuel_half': 2.8484923277540695}. Best is trial 0 with value: -0.6094076133578652.
[I 2026-08-19 17:35:32,871] Trial 1326 finished with value: 0.6078954461212158 and parameters: {'k1': 0.010604835522188567, 'D_low': 8.234238111445451, 'k2': 0.0035317469832517735, 'D_high': 266281.88007146114, 'fire_exp': 2.614365279154205, 'P_half': 59.182983218183956, 'pre_dampen_half': 12.479585688326766, 'gpp_af': 0.02210485529321416, 'gpp_b': 0.10825482688393051, 'gpp_d': 22.260887109193845, 'ign_k': 0.8069080241233875, 'ign_c': 0.9656625042558654, 'trop_agb_crit': 5.220439167544463, 'trop_k_veg': 5.720931075440487, 'pop_amp': 0.009403212826864672, 'pop_peak': 0.05224297207277399, 'pop_sig': 0.35637100109783754, 'fuel_k': 0.1326276189548365, 'fuel_half': 0.33075864321193127}. Best is trial 0 with value: -0.6094076133578652.
  trial 1327/2500  best_overall=0.6094  (37.2 min)
[I 2026-08-19 17:35:34,854] Trial 1327 finished with value: 0.49027007198684014 and parameters: {'k1': 0.00046142209409437494, 'D_low': 54630.344549541325, 'k2': 0.052265532917482704, 'D_high': 515029.67950901075, 'fire_exp': 1.8240356022568356, 'P_half': 61.732767795063644, 'pre_dampen_half': 14.37646604209453, 'gpp_af': 0.14063475442743656, 'gpp_b': 7.372665188375254e-05, 'gpp_d': 1.0824637306607545, 'ign_k': 0.4821445995555797, 'ign_c': 0.22293042927582937, 'trop_agb_crit': 4.442613455484067, 'trop_k_veg': 1.571288295473626, 'pop_amp': 0.05885315081204505, 'pop_peak': 0.07665006266504276, 'pop_sig': 0.9411866479939153, 'fuel_k': 0.22542836615352155, 'fuel_half': 37.98357369421335}. Best is trial 0 with value: -0.6094076133578652.
[I 2026-08-19 17:35:36,561] Trial 1328 finished with value: 0.58030847951301 and parameters: {'k1': 5.519827462908242e-05, 'D_low': 15.642540563119288, 'k2': 0.0006685909330189696, 'D_high': 7283395.105440315, 'fire_exp': 3.3175945372243025, 'P_half': 117.97984495445797, 'pre_dampen_half': 5.338507097347513, 'gpp_af': 0.1298211818902931, 'gpp_b': 0.03229724798105113, 'gpp_d': 15.434587462771624, 'ign_k': 0.016836336400794027, 'ign_c': 7.006300358766554, 'trop_agb_crit': 26.214415668760296, 'trop_k_veg': 7.34737288723232, 'pop_amp': 0.00507446824337199, 'pop_peak': 0.08040445629343858, 'pop_sig': 0.6987933140919461, 'fuel_k': 0.9846358399619277, 'fuel_half': 0.2586495383011381}. Best is trial 0 with value: -0.6094076133578652.
[I 2026-08-19 17:35:38,305] Trial 1329 finished with value: 0.48389794261471974 and parameters: {'k1': 0.002497112936573285, 'D_low': 163.55012365418978, 'k2': 0.05067392704059302, 'D_high': 26872.868939411674, 'fire_exp': 2.0031063277201784, 'P_half': 7.326684410928599, 'pre_dampen_half': 0.889807939947718, 'gpp_af': 0.011850458449282937, 'gpp_b': 6.11507750485274e-05, 'gpp_d': 0.2669041052668012, 'ign_k': 0.7036284564830572, 'ign_c': 0.38816940888869195, 'trop_agb_crit': 2.864314655084828, 'trop_k_veg': 6.005168227597984, 'pop_amp': 0.6211634791137441, 'pop_peak': 3.830685945004068, 'pop_sig': 0.6580745966337478, 'fuel_k': 0.010919207150783665, 'fuel_half': 1.0349680944830735}. Best is trial 0 with value: -0.6094076133578652.
[I 2026-08-19 17:35:40,514] Trial 1330 finished with value: 0.5767158456574155 and parameters: {'k1': 0.018219726284492338, 'D_low': 1.7796517896512045, 'k2': 0.01066875431025589, 'D_high': 9905184.216969907, 'fire_exp': 5.886943242955694, 'P_half': 1.1687113276276206, 'pre_dampen_half': 3.9986380075460097, 'gpp_af': 0.0040661303979134325, 'gpp_b': 0.0005378091592843404, 'gpp_d': 134.03468166890644, 'ign_k': 0.01718327838026642, 'ign_c': 3.383815811723872, 'trop_agb_crit': 9.059774899324346, 'trop_k_veg': 2.3027004314645745, 'pop_amp': 0.012204169585717684, 'pop_peak': 0.07597529184266442, 'pop_sig': 0.3267684017747754, 'fuel_k': 3.438682214217231, 'fuel_half': 0.10528575044845431}. Best is trial 0 with value: -0.6094076133578652.
[I 2026-08-19 17:35:42,240] Trial 1331 finished with value: 0.42581353048077 and parameters: {'k1': 0.0023253709231574374, 'D_low': 26.814670751677056, 'k2': 0.00017938711279340573, 'D_high': 775808.2717267781, 'fire_exp': 2.3220798154593916, 'P_half': 16.98288544226276, 'pre_dampen_half': 4.981508858098791, 'gpp_af': 0.3225486479809506, 'gpp_b': 0.002411662990931043, 'gpp_d': 5.821574745697352, 'ign_k': 0.014345441469062366, 'ign_c': 1.275148398832525, 'trop_agb_crit': 3.1257968624019417, 'trop_k_veg': 0.9135100630455878, 'pop_amp': 6.139437220547745, 'pop_peak': 40.719308147295486, 'pop_sig': 0.7916483115625014, 'fuel_k': 0.197205936678093, 'fuel_half': 0.5694210084773378}. Best is trial 0 with value: -0.6094076133578652.
[I 2026-08-19 17:35:44,033] Trial 1332 finished with value: 0.5533236259268313 and parameters: {'k1': 0.012345411842709372, 'D_low': 1.1823398435466879, 'k2': 0.03683750035793161, 'D_high': 2491179.119298654, 'fire_exp': 2.3290468087353053, 'P_half': 9.120777273166413, 'pre_dampen_half': 100.67822157755474, 'gpp_af': 1.4607088853575891, 'gpp_b': 0.002535135473889133, 'gpp_d': 232.55961586120944, 'ign_k': 0.16068066386233396, 'ign_c': 7.700053422434481, 'trop_agb_crit': 19.89802952358996, 'trop_k_veg': 2.9985537004225065, 'pop_amp': 0.0014863334621923112, 'pop_peak': 0.0874466224538681, 'pop_sig': 0.5006946791746572, 'fuel_k': 1.0364927454363784, 'fuel_half': 0.1642665541060665}. Best is trial 0 with value: -0.6094076133578652.
