[I 2026-08-20 01:15:28,076] Trial 1984 finished with value: 0.5637630266255651 and parameters: {'k1': 0.0014363693768947026, 'D_low': 1.1380708476074977, 'k2': 0.000682197251795659, 'D_high': 983860.5624388785, 'fire_exp': 1.0096791216738683, 'P_half': 682.0824531469045, 'pre_dampen_half': 0.25617333661390373, 'gpp_af': 0.0013310253286046634, 'gpp_b': 4.778266052594818e-05, 'gpp_d': 0.8921395104166188, 'ign_k': 0.06689839101919832, 'ign_c': 56.011829449095565, 'trop_agb_crit': 1.5493735471030876, 'trop_k_veg': 6.841357644331046, 'pop_amp': 2.248392626712253, 'pop_peak': 21.74911281555789, 'pop_sig': 0.9307018542623071}. Best is trial 1128 with value: -0.620386984093161.
[I 2026-08-20 01:15:29,957] Trial 1985 finished with value: 0.568148152167744 and parameters: {'k1': 0.003685099569770983, 'D_low': 2167.652923819077, 'k2': 0.007133409002915412, 'D_high': 387563.446796151, 'fire_exp': 8.672894286351033, 'P_half': 563.140441785004, 'pre_dampen_half': 20.273460818864685, 'gpp_af': 0.035856150871071114, 'gpp_b': 9.182936186601705e-05, 'gpp_d': 387.19915375063425, 'ign_k': 0.46731614206510486, 'ign_c': 7.223808251049955, 'trop_agb_crit': 9.91476077896431, 'trop_k_veg': 5.421850467681867, 'pop_amp': 5.317570727597261, 'pop_peak': 0.553496195130549, 'pop_sig': 1.1545214389381468}. Best is trial 1128 with value: -0.620386984093161.
[I 2026-08-20 01:15:31,561] Trial 1986 finished with value: 0.6297810678540877 and parameters: {'k1': 0.00013876745406032084, 'D_low': 34.10813815427753, 'k2': 0.008400461611831398, 'D_high': 941.6721202290594, 'fire_exp': 1.5217976741710413, 'P_half': 9382.100664571793, 'pre_dampen_half': 685.1241860114535, 'gpp_af': 0.45958576134354107, 'gpp_b': 0.4705763652902423, 'gpp_d': 39.46412711824804, 'ign_k': 2.9360868006355774, 'ign_c': 17.80633632100882, 'trop_agb_crit': 4.116171612249629, 'trop_k_veg': 4.161483597234127, 'pop_amp': 0.0017727113958787978, 'pop_peak': 0.10596891952181911, 'pop_sig': 1.0303970218784035}. Best is trial 1128 with value: -0.620386984093161.
[I 2026-08-20 01:15:33,951] Trial 1987 finished with value: 0.6445374145881376 and parameters: {'k1': 0.09155036185309261, 'D_low': 62.026110944974604, 'k2': 5.910250167662831e-05, 'D_high': 4372600.654505747, 'fire_exp': 1.1794036728977844, 'P_half': 21.03263915955262, 'pre_dampen_half': 22.60495151706176, 'gpp_af': 0.006527847506899364, 'gpp_b': 0.0037923635793730096, 'gpp_d': 341.4754815073355, 'ign_k': 8.139882384691829, 'ign_c': 315.18330599596806, 'trop_agb_crit': 1.8865342983857, 'trop_k_veg': 1.4923980031869437, 'pop_amp': 0.013218574211895475, 'pop_peak': 2.3273621015628967, 'pop_sig': 0.8121316716738236}. Best is trial 1128 with value: -0.620386984093161.
[I 2026-08-20 01:15:36,680] Trial 1988 finished with value: 0.5878706740098872 and parameters: {'k1': 9.12378684963164e-05, 'D_low': 73.2104460934463, 'k2': 0.044318321297872394, 'D_high': 1220719.085773344, 'fire_exp': 2.60325427389416, 'P_half': 4203.0105280153375, 'pre_dampen_half': 3.18361128995556, 'gpp_af': 0.002217866508982248, 'gpp_b': 0.0022160124192673073, 'gpp_d': 0.10790616561250266, 'ign_k': 1.7393633331121168, 'ign_c': 0.3076329501251618, 'trop_agb_crit': 1.5822511211886168, 'trop_k_veg': 7.514008790332518, 'pop_amp': 6.270704212613329, 'pop_peak': 64.20245330414556, 'pop_sig': 2.431636572001925}. Best is trial 1128 with value: -0.620386984093161.
[I 2026-08-20 01:15:39,571] Trial 1989 finished with value: 0.6358977921287805 and parameters: {'k1': 4.675469479576752e-05, 'D_low': 86.07065245082445, 'k2': 0.026151693030396567, 'D_high': 4674.452323931862, 'fire_exp': 3.013528694081936, 'P_half': 2.2019335289273454, 'pre_dampen_half': 205.11464393234934, 'gpp_af': 1.1083117569747616, 'gpp_b': 0.029505418250635004, 'gpp_d': 0.09090641478444766, 'ign_k': 0.004012588208710639, 'ign_c': 406.5786425026774, 'trop_agb_crit': 2.2951965492199333, 'trop_k_veg': 3.0501965508013775, 'pop_amp': 3.7461043280600723, 'pop_peak': 12.740952579972365, 'pop_sig': 0.8541322303923784}. Best is trial 1128 with value: -0.620386984093161.
[I 2026-08-20 01:15:42,505] Trial 1990 finished with value: 0.6445374145881376 and parameters: {'k1': 7.095745567138778e-05, 'D_low': 504754.8513539239, 'k2': 0.00014689160360294618, 'D_high': 2027.1008002126753, 'fire_exp': 1.2511269013749808, 'P_half': 4.256004399130856, 'pre_dampen_half': 0.016375280758372877, 'gpp_af': 56.56942260126284, 'gpp_b': 0.09175884897487588, 'gpp_d': 636.2548917055977, 'ign_k': 0.3360253493838657, 'ign_c': 1.6013910667794975, 'trop_agb_crit': 1.6043979963137072, 'trop_k_veg': 2.3015925674221305, 'pop_amp': 5.761577380483247, 'pop_peak': 125.55736638585225, 'pop_sig': 1.03720313611945}. Best is trial 1128 with value: -0.620386984093161.
[I 2026-08-20 01:15:45,450] Trial 1991 finished with value: 0.602649329576807 and parameters: {'k1': 0.002672088545592887, 'D_low': 3.7336428023120796, 'k2': 0.0018143423398488034, 'D_high': 79236.4683525411, 'fire_exp': 1.603407769561986, 'P_half': 232.7274958976592, 'pre_dampen_half': 2.6500321359593086, 'gpp_af': 0.0032026166956702702, 'gpp_b': 0.004208151729906467, 'gpp_d': 1.1999660985708538, 'ign_k': 0.13925807872535031, 'ign_c': 50.76870595800391, 'trop_agb_crit': 1.4616404601524868, 'trop_k_veg': 7.970619808285774, 'pop_amp': 0.00194252417574589, 'pop_peak': 2.334582310563354, 'pop_sig': 0.3994788692828873}. Best is trial 1128 with value: -0.620386984093161.
[I 2026-08-20 01:15:49,169] Trial 1992 finished with value: -0.4840945327500273 and parameters: {'k1': 0.0005667434121425046, 'D_low': 5.512549488883722, 'k2': 0.020527528133974154, 'D_high': 26550.93161769451, 'fire_exp': 1.0535255267935049, 'P_half': 21.223442201299353, 'pre_dampen_half': 1.0697766959620763, 'gpp_af': 0.11090706619434752, 'gpp_b': 6.566176355216226e-05, 'gpp_d': 516.3042591066306, 'ign_k': 0.09348182323705312, 'ign_c': 10.707699456928994, 'trop_agb_crit': 6.173927542014644, 'trop_k_veg': 7.747071572208632, 'pop_amp': 0.003734848003867262, 'pop_peak': 2.176912852331106, 'pop_sig': 0.8227783468153881}. Best is trial 1128 with value: -0.620386984093161.
[I 2026-08-20 01:15:51,998] Trial 1993 finished with value: 0.4269946297392485 and parameters: {'k1': 0.0001506916107467824, 'D_low': 6.455741230755944, 'k2': 0.014217072438386985, 'D_high': 343867.8223259956, 'fire_exp': 4.062435707768189, 'P_half': 2.6565753894305186, 'pre_dampen_half': 0.48876267478821817, 'gpp_af': 1.2342966388847416, 'gpp_b': 0.000513379407651468, 'gpp_d': 367.3844021868271, 'ign_k': 0.1305069387425812, 'ign_c': 2.706055940647807, 'trop_agb_crit': 9.632852264066297, 'trop_k_veg': 2.3074335361380798, 'pop_amp': 1.9222115345742108, 'pop_peak': 8.901785271527324, 'pop_sig': 1.3091221399697162}. Best is trial 1128 with value: -0.620386984093161.
[I 2026-08-20 01:15:54,803] Trial 1994 finished with value: 0.59471292059217 and parameters: {'k1': 0.0033371727349040385, 'D_low': 147.03333117971647, 'k2': 0.030082344830380137, 'D_high': 2100880.3826797567, 'fire_exp': 2.1784841282144223, 'P_half': 687.0120072621274, 'pre_dampen_half': 2.712971917995923, 'gpp_af': 0.006058940613049379, 'gpp_b': 0.00030082745974877007, 'gpp_d': 118.9013027787014, 'ign_k': 8.131200486881184, 'ign_c': 26.770270906954398, 'trop_agb_crit': 3.1963845085155014, 'trop_k_veg': 5.263588553726559, 'pop_amp': 0.0030294666305600753, 'pop_peak': 2.0436579484127733, 'pop_sig': 0.4294422526275134}. Best is trial 1128 with value: -0.620386984093161.
[I 2026-08-20 01:15:57,853] Trial 1995 finished with value: 0.5826977843615089 and parameters: {'k1': 0.00022165373255984909, 'D_low': 146.11182007234788, 'k2': 1.4025197653373525e-05, 'D_high': 23.715138304341952, 'fire_exp': 1.9730213633701201, 'P_half': 4328.079831768424, 'pre_dampen_half': 0.13990488185163377, 'gpp_af': 1.8465731808718588, 'gpp_b': 0.00027912908769559897, 'gpp_d': 488.0568455027618, 'ign_k': 0.10583165733706296, 'ign_c': 8.122787263337774, 'trop_agb_crit': 24.732431314130633, 'trop_k_veg': 6.34451608132126, 'pop_amp': 12.034369267658398, 'pop_peak': 3.581087507478524, 'pop_sig': 0.43823766343727794}. Best is trial 1128 with value: -0.620386984093161.
[I 2026-08-20 01:16:00,768] Trial 1996 finished with value: 0.6212250476303527 and parameters: {'k1': 0.01409534279695212, 'D_low': 1333.2115659447802, 'k2': 0.0006328538738457189, 'D_high': 5434198.110321859, 'fire_exp': 9.789093348321384, 'P_half': 7.2149759940206755, 'pre_dampen_half': 8.878928799186657, 'gpp_af': 26.256262562958142, 'gpp_b': 0.00024394488159905947, 'gpp_d': 4.158595434578224, 'ign_k': 0.002034722333147032, 'ign_c': 4.18945691435224, 'trop_agb_crit': 4.468075479971673, 'trop_k_veg': 7.341091579325964, 'pop_amp': 2.005359909472183, 'pop_peak': 146.60379486386432, 'pop_sig': 1.0020825194774008}. Best is trial 1128 with value: -0.620386984093161.
[I 2026-08-20 01:16:03,542] Trial 1997 finished with value: -0.5489868718533903 and parameters: {'k1': 0.01038724159891065, 'D_low': 88.53139724968561, 'k2': 0.0001740718584479615, 'D_high': 911801.4599014036, 'fire_exp': 1.1288452815294996, 'P_half': 51.69412916108253, 'pre_dampen_half': 1.2003400149702734, 'gpp_af': 0.0025947607301926583, 'gpp_b': 0.000688839054408126, 'gpp_d': 672.9836622984106, 'ign_k': 9.092211524545773, 'ign_c': 6.682840902934479, 'trop_agb_crit': 3.966195972894163, 'trop_k_veg': 3.063383975540268, 'pop_amp': 0.004737660124953447, 'pop_peak': 37.97515864510344, 'pop_sig': 0.4466784339591715}. Best is trial 1128 with value: -0.620386984093161.
[I 2026-08-20 01:16:06,051] Trial 1998 finished with value: 0.5559686751426278 and parameters: {'k1': 0.09572035664363181, 'D_low': 2.467790716570156, 'k2': 0.0010440328768258238, 'D_high': 9589995.498626454, 'fire_exp': 1.1761305669861633, 'P_half': 10.420875929611498, 'pre_dampen_half': 0.9673623486988507, 'gpp_af': 0.3967608621242138, 'gpp_b': 8.681241092662435e-05, 'gpp_d': 922.6129445083631, 'ign_k': 0.05890582905515532, 'ign_c': 49.256643274648674, 'trop_agb_crit': 7.669606719309599, 'trop_k_veg': 2.7172726464057115, 'pop_amp': 0.0031187191415571872, 'pop_peak': 6.826683075550195, 'pop_sig': 0.7100345682186804}. Best is trial 1128 with value: -0.620386984093161.
[I 2026-08-20 01:16:08,576] Trial 1999 finished with value: 0.6445374145881376 and parameters: {'k1': 0.0004272905086630635, 'D_low': 1062.318142854496, 'k2': 0.07633353314696878, 'D_high': 2336913.2104293304, 'fire_exp': 1.0306021703962998, 'P_half': 590.42583487324, 'pre_dampen_half': 0.05172752006052986, 'gpp_af': 0.005582737755245033, 'gpp_b': 3.024174136487595e-05, 'gpp_d': 1.532432256591483, 'ign_k': 0.923288096131962, 'ign_c': 189.77085471275805, 'trop_agb_crit': 3.3202485377745834, 'trop_k_veg': 5.516972647534526, 'pop_amp': 4.210443700848387, 'pop_peak': 4.08723775341091, 'pop_sig': 1.6525428943422162}. Best is trial 1128 with value: -0.620386984093161.
[I 2026-08-20 01:16:11,711] Trial 2000 finished with value: 0.4302291269460131 and parameters: {'k1': 0.0006452372760754735, 'D_low': 9.279147775834764, 'k2': 0.0009280141399427338, 'D_high': 2998647.088127657, 'fire_exp': 1.263896295129082, 'P_half': 21.555670312715655, 'pre_dampen_half': 3.1334652490572, 'gpp_af': 0.0012883748451087884, 'gpp_b': 8.24646845454198e-05, 'gpp_d': 31.8331643729855, 'ign_k': 2.3627157551531695, 'ign_c': 22.324665239213697, 'trop_agb_crit': 4.374577740989335, 'trop_k_veg': 2.7601043253008806, 'pop_amp': 0.01674388036211276, 'pop_peak': 6.399241330142398, 'pop_sig': 0.47269494151214}. Best is trial 1128 with value: -0.620386984093161.
[I 2026-08-20 01:16:14,384] Trial 2001 finished with value: 0.5714930626985717 and parameters: {'k1': 0.022715393445147537, 'D_low': 240.38800873832537, 'k2': 0.002911675641927793, 'D_high': 38332.76903074773, 'fire_exp': 2.174562041092593, 'P_half': 1.4027403877259363, 'pre_dampen_half': 0.14477832849494734, 'gpp_af': 7.731559504207466, 'gpp_b': 0.005479213922869591, 'gpp_d': 553.8320451020287, 'ign_k': 0.030204979108433054, 'ign_c': 1.0751528322235915, 'trop_agb_crit': 13.477358743546933, 'trop_k_veg': 2.6841648079240987, 'pop_amp': 0.11565693152691821, 'pop_peak': 32.648758111051826, 'pop_sig': 1.3724235257490067}. Best is trial 1128 with value: -0.620386984093161.
[I 2026-08-20 01:16:16,904] Trial 2002 finished with value: 0.46326212042502013 and parameters: {'k1': 0.0004202718264177837, 'D_low': 1.3128770822155473, 'k2': 0.014563903876456544, 'D_high': 130032.40367568152, 'fire_exp': 1.0045049732085523, 'P_half': 11.393775901222204, 'pre_dampen_half': 22.461057925590357, 'gpp_af': 0.0013223739409969246, 'gpp_b': 1.9782314211438323e-05, 'gpp_d': 116.84159896319747, 'ign_k': 9.019297856759675, 'ign_c': 11.368146288992143, 'trop_agb_crit': 2.488621210734676, 'trop_k_veg': 7.958786658247296, 'pop_amp': 0.004975513700596557, 'pop_peak': 4.114786891952543, 'pop_sig': 0.31536444724673857}. Best is trial 1128 with value: -0.620386984093161.
[I 2026-08-20 01:16:19,468] Trial 2003 finished with value: 0.6445374145881376 and parameters: {'k1': 0.0007368065973466962, 'D_low': 1.1174027352520228, 'k2': 0.0016204398582235797, 'D_high': 1599947.7187243965, 'fire_exp': 2.7216695314350456, 'P_half': 7.721192652606397, 'pre_dampen_half': 8.23773020753145, 'gpp_af': 0.002483465128875087, 'gpp_b': 0.0003047899081771993, 'gpp_d': 8.90257316443313, 'ign_k': 1.4976276502914865, 'ign_c': 70.63425331190987, 'trop_agb_crit': 2.2092665828697404, 'trop_k_veg': 4.116456564707536, 'pop_amp': 0.0022766170144307195, 'pop_peak': 1.28540503379524, 'pop_sig': 0.41813220176151844}. Best is trial 1128 with value: -0.620386984093161.
[I 2026-08-20 01:16:21,950] Trial 2004 finished with value: 0.5723015015803341 and parameters: {'k1': 7.107045239284065e-05, 'D_low': 145.35499105065117, 'k2': 0.00012938985832802003, 'D_high': 1286197.8546162734, 'fire_exp': 1.1166118316949443, 'P_half': 6173.684048202918, 'pre_dampen_half': 23.373024672638365, 'gpp_af': 0.05326961567475512, 'gpp_b': 0.001305279533452227, 'gpp_d': 5.01720009370236, 'ign_k': 1.7928330695506292, 'ign_c': 24.56845158230927, 'trop_agb_crit': 12.009420461000653, 'trop_k_veg': 2.1022470764472, 'pop_amp': 0.004946268314043008, 'pop_peak': 103.57453727713079, 'pop_sig': 0.8409191383364735}. Best is trial 1128 with value: -0.620386984093161.
[I 2026-08-20 01:16:24,548] Trial 2005 finished with value: 0.61930998714803 and parameters: {'k1': 1.3905208929105463e-05, 'D_low': 3.8667822034861903, 'k2': 0.00013999984962678605, 'D_high': 11.738838128307384, 'fire_exp': 4.489900624891347, 'P_half': 6.619611357616837, 'pre_dampen_half': 178.9726919099294, 'gpp_af': 13.901242733589681, 'gpp_b': 6.03180194454634e-05, 'gpp_d': 907.9204985561328, 'ign_k': 1.1001020851210512, 'ign_c': 5.452998528075683, 'trop_agb_crit': 6.001148727521911, 'trop_k_veg': 1.0036313272676851, 'pop_amp': 7.69117326737447, 'pop_peak': 0.20028184002048513, 'pop_sig': 1.118373092109626}. Best is trial 1128 with value: -0.620386984093161.
[I 2026-08-20 01:16:27,059] Trial 2006 finished with value: 0.5985076958223335 and parameters: {'k1': 0.00044484347117720483, 'D_low': 35.2435547486741, 'k2': 0.00023661859265010148, 'D_high': 5745473.378676126, 'fire_exp': 1.602687850243832, 'P_half': 1349.8406915131911, 'pre_dampen_half': 1.1788315533321658, 'gpp_af': 0.05691167404480044, 'gpp_b': 1.7228165766865148e-05, 'gpp_d': 2.42841178846155, 'ign_k': 0.9897848450067838, 'ign_c': 30.499674087778303, 'trop_agb_crit': 23.76566345050234, 'trop_k_veg': 2.5785544813913495, 'pop_amp': 0.002578270870340948, 'pop_peak': 71.0397145170035, 'pop_sig': 0.7253395125360664}. Best is trial 1128 with value: -0.620386984093161.
[I 2026-08-20 01:16:29,655] Trial 2007 finished with value: -0.5934627236237348 and parameters: {'k1': 0.00010451978287463447, 'D_low': 7.969620489173384, 'k2': 0.004920402446067165, 'D_high': 1211698.128615976, 'fire_exp': 3.26210579412299, 'P_half': 38.84322238737729, 'pre_dampen_half': 1.2990660580976268, 'gpp_af': 0.022741247311096006, 'gpp_b': 3.938078114380302e-05, 'gpp_d': 57.967507598149474, 'ign_k': 0.24072759467575075, 'ign_c': 5.463370868296503, 'trop_agb_crit': 6.455259166840839, 'trop_k_veg': 0.9685809786199623, 'pop_amp': 1.7722260957882088, 'pop_peak': 3.592801907050751, 'pop_sig': 1.8979278288843986}. Best is trial 1128 with value: -0.620386984093161.
[I 2026-08-20 01:16:32,821] Trial 2008 finished with value: 0.591490552130774 and parameters: {'k1': 0.0010721629669168831, 'D_low': 2.016636194990667, 'k2': 0.029087685824701386, 'D_high': 4185992.603404456, 'fire_exp': 3.488553153604556, 'P_half': 29.96420254011927, 'pre_dampen_half': 0.2930205123954277, 'gpp_af': 0.0017125989987509286, 'gpp_b': 2.0768986584277647e-05, 'gpp_d': 453.7217935327909, 'ign_k': 0.9201050515617343, 'ign_c': 27.04442377839195, 'trop_agb_crit': 1.285711870868452, 'trop_k_veg': 7.993254234873546, 'pop_amp': 0.002330335354376696, 'pop_peak': 0.3285921805265606, 'pop_sig': 0.7367317091367653}. Best is trial 1128 with value: -0.620386984093161.
[I 2026-08-20 01:16:35,333] Trial 2009 finished with value: 0.4841243352299436 and parameters: {'k1': 4.6759601559302646e-05, 'D_low': 10.802395693213315, 'k2': 0.005681279432091593, 'D_high': 2548592.792797324, 'fire_exp': 1.7038891450674707, 'P_half': 118.34446917129911, 'pre_dampen_half': 5.820608719858582, 'gpp_af': 0.003765826904993328, 'gpp_b': 0.00035462115811963723, 'gpp_d': 1.4793673663560258, 'ign_k': 0.32037689684889803, 'ign_c': 7.17190908294114, 'trop_agb_crit': 1.7548941099456081, 'trop_k_veg': 7.633575932995807, 'pop_amp': 0.0016433225265559002, 'pop_peak': 0.5215351742714532, 'pop_sig': 0.2990346782852347}. Best is trial 1128 with value: -0.620386984093161.
[I 2026-08-20 01:16:37,953] Trial 2010 finished with value: 0.5710448051186601 and parameters: {'k1': 0.0003090227338745179, 'D_low': 5494.7366807473745, 'k2': 0.0007090934307956899, 'D_high': 125826.5320779781, 'fire_exp': 4.715485584823933, 'P_half': 10.893631142450866, 'pre_dampen_half': 1.3152669616967365, 'gpp_af': 0.5318089522466325, 'gpp_b': 0.00012461981902186017, 'gpp_d': 0.4311971884294074, 'ign_k': 0.0720527655852467, 'ign_c': 0.16189352050311934, 'trop_agb_crit': 8.916430341963665, 'trop_k_veg': 5.773459521738714, 'pop_amp': 0.5219097766357629, 'pop_peak': 5.378896903690515, 'pop_sig': 1.2018044658259663}. Best is trial 1128 with value: -0.620386984093161.
[I 2026-08-20 01:16:40,566] Trial 2011 finished with value: -0.521098974139479 and parameters: {'k1': 2.8800653797472655e-05, 'D_low': 35790.163960078615, 'k2': 0.000208321380865616, 'D_high': 6434866.051893751, 'fire_exp': 1.1357467492414037, 'P_half': 195.91790236722562, 'pre_dampen_half': 19.46907195594714, 'gpp_af': 0.43625226386648425, 'gpp_b': 0.03511714084249178, 'gpp_d': 3.9824183145905554, 'ign_k': 0.144150039146055, 'ign_c': 2.0266968405164727, 'trop_agb_crit': 14.795491981072082, 'trop_k_veg': 5.32666520687562, 'pop_amp': 0.00165580018530006, 'pop_peak': 38.389929558592414, 'pop_sig': 1.1167591392489018}. Best is trial 1128 with value: -0.620386984093161.
[I 2026-08-20 01:16:43,167] Trial 2012 finished with value: -0.5911574123986811 and parameters: {'k1': 0.00019038746834452468, 'D_low': 2.0206904094200717, 'k2': 0.0024805867495185365, 'D_high': 6986322.491341009, 'fire_exp': 2.16299859249115, 'P_half': 8.856438163696284, 'pre_dampen_half': 1.2070561960334782, 'gpp_af': 0.020495799999978036, 'gpp_b': 2.8537567856043378e-05, 'gpp_d': 117.27556627750356, 'ign_k': 5.161370870383119, 'ign_c': 10.771519981407708, 'trop_agb_crit': 2.903139521551974, 'trop_k_veg': 5.158806834545727, 'pop_amp': 1.6264506053899659, 'pop_peak': 9.794774028936418, 'pop_sig': 0.4068765345646375}. Best is trial 1128 with value: -0.620386984093161.
[I 2026-08-20 01:16:45,815] Trial 2013 finished with value: 0.5789936991017589 and parameters: {'k1': 9.104226742698418e-05, 'D_low': 31343.749102362923, 'k2': 0.0010730754675845875, 'D_high': 152184.08243274127, 'fire_exp': 2.522585973688953, 'P_half': 73.09882321940482, 'pre_dampen_half': 0.35923225058363073, 'gpp_af': 0.0721706850304735, 'gpp_b': 0.0005798779836594827, 'gpp_d': 79.37880678049365, 'ign_k': 0.11861310725694546, 'ign_c': 0.26511671223451194, 'trop_agb_crit': 20.081017968160328, 'trop_k_veg': 7.817360131484928, 'pop_amp': 0.014433525423219053, 'pop_peak': 0.38963262757599765, 'pop_sig': 0.5831267948859258}. Best is trial 1128 with value: -0.620386984093161.
[I 2026-08-20 01:16:48,272] Trial 2014 finished with value: 0.4757593257353139 and parameters: {'k1': 0.0013879417995286386, 'D_low': 2.207610873493799, 'k2': 0.004376194947584878, 'D_high': 4171044.9967014343, 'fire_exp': 1.854709314714983, 'P_half': 96.2712783042832, 'pre_dampen_half': 3.7944627684663, 'gpp_af': 0.018103706623563684, 'gpp_b': 1.2052540098562617e-05, 'gpp_d': 24.82009511061608, 'ign_k': 4.381038632686544, 'ign_c': 4.060070678277239, 'trop_agb_crit': 2.687734334984951, 'trop_k_veg': 3.104838541731406, 'pop_amp': 2.975955157129521, 'pop_peak': 33.15428756281859, 'pop_sig': 0.2922461168343168}. Best is trial 1128 with value: -0.620386984093161.
[I 2026-08-20 01:16:50,215] Trial 2015 finished with value: 0.43515384842694105 and parameters: {'k1': 7.393550674480964e-05, 'D_low': 29.405578603736426, 'k2': 0.006949083647413198, 'D_high': 7352036.294958611, 'fire_exp': 1.949317195488645, 'P_half': 104.14616923087833, 'pre_dampen_half': 0.5873101742275136, 'gpp_af': 0.05598618655180824, 'gpp_b': 3.4508293288795386e-05, 'gpp_d': 249.7410966878476, 'ign_k': 8.863942137416451, 'ign_c': 1.693609986670648, 'trop_agb_crit': 4.4482784929706405, 'trop_k_veg': 5.5456715240756855, 'pop_amp': 0.8032885252863642, 'pop_peak': 20.70206164427892, 'pop_sig': 0.6482194899829087}. Best is trial 1128 with value: -0.620386984093161.
