[I 2026-06-10 21:59:54,271] Trial 335 finished with values: [-0.4551469531815856, 0.09673365747459273] and parameters: {'k1': 0.012840669372724958, 'D_low': 12.105387404469584, 'k2': 0.02065142557895925, 'D_high': 42210.21267871043, 'fire_exp': 1.41873960828944, 'P_half': 61.6097529474144, 'pre_dampen_half': 16.009350908593582, 'gpp_af': 0.016306190741524337, 'gpp_b': 2.800940363375676e-05, 'gpp_d': 700.6693992445935, 'ign_k': 0.0029519227433917453, 'ign_c': 1.9423015749984096, 'trop_agb_crit': 8.0091368834625, 'trop_k_veg': 2.520089655463604, 'fire_amp': 1.2393473789150806}.
[I 2026-06-10 21:59:56,734] Trial 336 finished with values: [10.618594366262732, 10.618594366262732] and parameters: {'k1': 0.014666151770108535, 'D_low': 408.3047491580097, 'k2': 0.0002442377596403892, 'D_high': 1266.9536563782303, 'fire_exp': 1.5315561686017187, 'P_half': 1.4551749476072258, 'pre_dampen_half': 189.36639872354493, 'gpp_af': 27.448645214004376, 'gpp_b': 2.176805640408474e-05, 'gpp_d': 7.631016235941559, 'ign_k': 0.0029519227433917453, 'ign_c': 13.054148118849394, 'trop_agb_crit': 12.647327018493208, 'trop_k_veg': 2.520089655463604, 'fire_amp': 1.4475279918261055}.
[I 2026-06-10 21:59:58,463] Trial 337 finished with values: [10.833333333029685, 10.833333333029685] and parameters: {'k1': 5.7909642338812115e-05, 'D_low': 148.21691630007544, 'k2': 0.02065142557895925, 'D_high': 2295.7398214549485, 'fire_exp': 1.0601964743503993, 'P_half': 12.262543158860007, 'pre_dampen_half': 189.36639872354493, 'gpp_af': 0.016306190741524337, 'gpp_b': 9.497440085397415e-05, 'gpp_d': 0.030844007727232167, 'ign_k': 0.371259104528773, 'ign_c': 482.3823303865253, 'trop_agb_crit': 8.639792249596399, 'trop_k_veg': 2.7637004570645405, 'fire_amp': 1.5180207449214471}.
[I 2026-06-10 22:00:00,277] Trial 338 finished with values: [10.524213409614283, 10.524213409614283] and parameters: {'k1': 5.7909642338812115e-05, 'D_low': 2.843767489444367, 'k2': 3.152468275632564e-05, 'D_high': 570.8731724249576, 'fire_exp': 1.9095652801045373, 'P_half': 1.4551749476072258, 'pre_dampen_half': 11.669626228257902, 'gpp_af': 0.09885838682552685, 'gpp_b': 5.0875243087016374e-05, 'gpp_d': 0.4742269251269962, 'ign_k': 1.6270983114897255, 'ign_c': 7.832259769732471, 'trop_agb_crit': 5.588032458772675, 'trop_k_veg': 1.508040082046931, 'fire_amp': 2.6192385880432525}.
[I 2026-06-10 22:00:02,054] Trial 339 finished with values: [10.833332171408365, 10.833332171408365] and parameters: {'k1': 0.00026539376439360527, 'D_low': 2186.356344942016, 'k2': 0.08661811390647982, 'D_high': 1266.9536563782303, 'fire_exp': 1.111738490499784, 'P_half': 1.4551749476072258, 'pre_dampen_half': 189.36639872354493, 'gpp_af': 37.28155624293858, 'gpp_b': 0.00031478066835753096, 'gpp_d': 7.631016235941559, 'ign_k': 0.09256855841989636, 'ign_c': 153.51441568398127, 'trop_agb_crit': 12.708819454040446, 'trop_k_veg': 0.5535297685306277, 'fire_amp': 1.4475279918261055}.
[I 2026-06-10 22:00:04,363] Trial 340 finished with values: [10.345432093038346, 10.345432093038346] and parameters: {'k1': 0.00031134168041628584, 'D_low': 12.105387404469584, 'k2': 0.003767022142229395, 'D_high': 18337.177967709995, 'fire_exp': 1.2344878997299724, 'P_half': 84.3508388778244, 'pre_dampen_half': 4.603480758878793, 'gpp_af': 0.0662749342026412, 'gpp_b': 2.800940363375676e-05, 'gpp_d': 28.312234265202243, 'ign_k': 0.002357279455676982, 'ign_c': 0.2946000090510885, 'trop_agb_crit': 1.2489332852689512, 'trop_k_veg': 0.6673124511410327, 'fire_amp': 1.5180207449214471}.
[I 2026-06-10 22:00:07,266] Trial 341 finished with values: [10.771252798490673, 10.771252798490673] and parameters: {'k1': 6.784924519083143e-05, 'D_low': 148.21691630007544, 'k2': 0.0004976087827261435, 'D_high': 42210.21267871043, 'fire_exp': 1.2344878997299724, 'P_half': 61.6097529474144, 'pre_dampen_half': 0.04225994826142427, 'gpp_af': 0.2204465010099918, 'gpp_b': 0.0003601974223479835, 'gpp_d': 0.03927259340973166, 'ign_k': 0.002357279455676982, 'ign_c': 1.9423015749984096, 'trop_agb_crit': 1.2489332852689512, 'trop_k_veg': 5.453348988480011, 'fire_amp': 1.5180207449214471}.
[I 2026-06-10 22:00:09,840] Trial 342 finished with values: [10.393258501075714, 10.393258501075714] and parameters: {'k1': 0.00031134168041628584, 'D_low': 12.105387404469584, 'k2': 0.003767022142229395, 'D_high': 431.45617043093523, 'fire_exp': 1.0601964743503993, 'P_half': 4.213183643253957, 'pre_dampen_half': 38.00678588560607, 'gpp_af': 1.9706963379095486, 'gpp_b': 1.4540386644083135e-05, 'gpp_d': 0.12878367369717508, 'ign_k': 0.00840038491455979, 'ign_c': 55.24095129928624, 'trop_agb_crit': 1.0693376406863295, 'trop_k_veg': 1.64857963637888, 'fire_amp': 4.19233232783727}.
[I 2026-06-10 22:00:12,299] Trial 343 finished with values: [10.647047341471653, 10.647047341471653] and parameters: {'k1': 0.00031134168041628584, 'D_low': 12.105387404469584, 'k2': 0.003767022142229395, 'D_high': 22.636544662054543, 'fire_exp': 1.14171776851287, 'P_half': 69.68111190775313, 'pre_dampen_half': 16.009350908593582, 'gpp_af': 0.0662749342026412, 'gpp_b': 0.0012611058927054877, 'gpp_d': 0.12878367369717508, 'ign_k': 0.00840038491455979, 'ign_c': 157.63098727399432, 'trop_agb_crit': 1.0693376406863295, 'trop_k_veg': 0.6673124511410327, 'fire_amp': 4.783836175730692}.
[I 2026-06-10 22:00:14,686] Trial 344 finished with values: [10.256951903818798, 10.256951903818798] and parameters: {'k1': 0.00031134168041628584, 'D_low': 12.105387404469584, 'k2': 6.340140860251457e-05, 'D_high': 36998.679204890876, 'fire_exp': 1.0601964743503993, 'P_half': 24.617096698415132, 'pre_dampen_half': 16.009350908593582, 'gpp_af': 0.0662749342026412, 'gpp_b': 1.4540386644083135e-05, 'gpp_d': 0.7698760608299932, 'ign_k': 0.00840038491455979, 'ign_c': 157.63098727399432, 'trop_agb_crit': 1.0693376406863295, 'trop_k_veg': 2.520089655463604, 'fire_amp': 1.5719333351012774}.
[I 2026-06-10 22:00:17,089] Trial 345 finished with values: [10.026355439421945, 10.026355439421945] and parameters: {'k1': 0.00031134168041628584, 'D_low': 12.105387404469584, 'k2': 2.316457903103837e-05, 'D_high': 2295.7398214549485, 'fire_exp': 1.0420149135640993, 'P_half': 4.213183643253957, 'pre_dampen_half': 189.36639872354493, 'gpp_af': 3.298293484806585, 'gpp_b': 1.4540386644083135e-05, 'gpp_d': 0.12878367369717508, 'ign_k': 0.00840038491455979, 'ign_c': 48.704711413416454, 'trop_agb_crit': 8.188098178380693, 'trop_k_veg': 0.6673124511410327, 'fire_amp': 4.19233232783727}.
[I 2026-06-10 22:00:19,275] Trial 346 finished with values: [10.72632957140277, 10.72632957140277] and parameters: {'k1': 0.0009255037589041178, 'D_low': 12.105387404469584, 'k2': 2.316457903103837e-05, 'D_high': 18337.177967709995, 'fire_exp': 1.0601964743503993, 'P_half': 12.262543158860007, 'pre_dampen_half': 1.8469033699850426, 'gpp_af': 3.298293484806585, 'gpp_b': 1.4540386644083135e-05, 'gpp_d': 28.312234265202243, 'ign_k': 0.02779045054796808, 'ign_c': 0.4177928311636542, 'trop_agb_crit': 1.8566494291193822, 'trop_k_veg': 0.6673124511410327, 'fire_amp': 5.44779717154213}.
[I 2026-06-10 22:00:21,329] Trial 347 finished with values: [10.334531115157205, 10.334531115157205] and parameters: {'k1': 0.006079905434073396, 'D_low': 2.843767489444367, 'k2': 0.0004976087827261435, 'D_high': 2295.7398214549485, 'fire_exp': 1.1593349727271403, 'P_half': 12.262543158860007, 'pre_dampen_half': 231.59500020699807, 'gpp_af': 3.298293484806585, 'gpp_b': 0.0003601974223479835, 'gpp_d': 0.03927259340973166, 'ign_k': 0.17320535908244444, 'ign_c': 21.275785720135406, 'trop_agb_crit': 2.49652474515731, 'trop_k_veg': 5.453348988480011, 'fire_amp': 1.8357623383234334}.
[I 2026-06-10 22:00:23,002] Trial 348 finished with values: [10.730781132044784, 10.730781132044784] and parameters: {'k1': 0.00035868164986275477, 'D_low': 1.2768174677433957, 'k2': 0.01183296705746878, 'D_high': 42210.21267871043, 'fire_exp': 1.2918065501148304, 'P_half': 1549.6599265816342, 'pre_dampen_half': 0.050654860639753524, 'gpp_af': 0.2204465010099918, 'gpp_b': 2.800940363375676e-05, 'gpp_d': 0.03927259340973166, 'ign_k': 0.22970993031159073, 'ign_c': 0.6235377135673155, 'trop_agb_crit': 4.140875693557523, 'trop_k_veg': 2.520089655463604, 'fire_amp': 3.713485315741754}.
[I 2026-06-10 22:00:24,776] Trial 349 finished with values: [10.407695163824865, 10.407695163824865] and parameters: {'k1': 0.012840669372724958, 'D_low': 171.2446447678494, 'k2': 0.02065142557895925, 'D_high': 42210.21267871043, 'fire_exp': 1.0812994412809738, 'P_half': 61.6097529474144, 'pre_dampen_half': 4.603480758878793, 'gpp_af': 0.035629505481532577, 'gpp_b': 0.005386676499630372, 'gpp_d': 0.7698760608299932, 'ign_k': 0.0029519227433917453, 'ign_c': 1.9423015749984096, 'trop_agb_crit': 8.0091368834625, 'trop_k_veg': 2.520089655463604, 'fire_amp': 1.5180207449214471}.
[I 2026-06-10 22:00:26,845] Trial 350 finished with values: [10.831102387764055, 10.831102387764055] and parameters: {'k1': 0.012840669372724958, 'D_low': 171.2446447678494, 'k2': 0.02065142557895925, 'D_high': 11.129666723443188, 'fire_exp': 1.0812994412809738, 'P_half': 61.6097529474144, 'pre_dampen_half': 0.02302684507178836, 'gpp_af': 0.016306190741524337, 'gpp_b': 1.3415796596713932e-05, 'gpp_d': 700.6693992445935, 'ign_k': 0.0029519227433917453, 'ign_c': 1.9423015749984096, 'trop_agb_crit': 8.0091368834625, 'trop_k_veg': 2.520089655463604, 'fire_amp': 1.5180207449214471}.
[I 2026-06-10 22:00:28,880] Trial 351 finished with values: [10.108545973578897, 10.108545973578897] and parameters: {'k1': 0.08409006963311547, 'D_low': 2186.356344942016, 'k2': 0.003767022142229395, 'D_high': 48235.58283024493, 'fire_exp': 1.1633452995374232, 'P_half': 1.4551749476072258, 'pre_dampen_half': 9.044346216330972, 'gpp_af': 37.28155624293858, 'gpp_b': 2.1309331861011757e-05, 'gpp_d': 0.12878367369717508, 'ign_k': 0.037151317999473285, 'ign_c': 0.4177928311636542, 'trop_agb_crit': 1.0693376406863295, 'trop_k_veg': 6.825463866194253, 'fire_amp': 3.102033517490054}.
[I 2026-06-10 22:00:30,707] Trial 352 finished with values: [10.697405480970305, 10.697405480970305] and parameters: {'k1': 5.7909642338812115e-05, 'D_low': 12.105387404469584, 'k2': 0.003767022142229395, 'D_high': 22.636544662054543, 'fire_exp': 1.9095652801045373, 'P_half': 69.68111190775313, 'pre_dampen_half': 33.71909132517384, 'gpp_af': 0.060029341913968644, 'gpp_b': 1.4540386644083135e-05, 'gpp_d': 1.4397852866783676, 'ign_k': 0.09256855841989636, 'ign_c': 7.832259769732471, 'trop_agb_crit': 12.9667438075127, 'trop_k_veg': 1.508040082046931, 'fire_amp': 2.6192385880432525}.
[I 2026-06-10 22:00:32,482] Trial 353 finished with values: [10.138563906129043, 10.138563906129043] and parameters: {'k1': 0.012840669372724958, 'D_low': 12.105387404469584, 'k2': 0.003767022142229395, 'D_high': 22.636544662054543, 'fire_exp': 1.0601964743503993, 'P_half': 69.68111190775313, 'pre_dampen_half': 33.71909132517384, 'gpp_af': 0.016306190741524337, 'gpp_b': 0.0004125336560355494, 'gpp_d': 0.7698760608299932, 'ign_k': 0.0029519227433917453, 'ign_c': 157.63098727399432, 'trop_agb_crit': 1.0693376406863295, 'trop_k_veg': 2.520089655463604, 'fire_amp': 4.783836175730692}.
[I 2026-06-10 22:00:34,168] Trial 354 finished with values: [10.738698047842826, 10.738698047842826] and parameters: {'k1': 0.0018697387216131526, 'D_low': 2.843767489444367, 'k2': 0.0004976087827261435, 'D_high': 32311.521854410956, 'fire_exp': 1.0601964743503993, 'P_half': 4.213183643253957, 'pre_dampen_half': 16.009350908593582, 'gpp_af': 0.2204465010099918, 'gpp_b': 2.800940363375676e-05, 'gpp_d': 0.7698760608299932, 'ign_k': 0.0029519227433917453, 'ign_c': 1.9423015749984096, 'trop_agb_crit': 12.708819454040446, 'trop_k_veg': 2.520089655463604, 'fire_amp': 1.5719333351012774}.
[I 2026-06-10 22:00:36,153] Trial 355 finished with values: [10.43467534275081, 10.43467534275081] and parameters: {'k1': 0.012840669372724958, 'D_low': 12.105387404469584, 'k2': 0.003767022142229395, 'D_high': 42210.21267871043, 'fire_exp': 1.41873960828944, 'P_half': 4.213183643253957, 'pre_dampen_half': 16.009350908593582, 'gpp_af': 0.016306190741524337, 'gpp_b': 0.007579368252801536, 'gpp_d': 700.6693992445935, 'ign_k': 0.0029519227433917453, 'ign_c': 1.9423015749984096, 'trop_agb_crit': 2.0527418919564324, 'trop_k_veg': 2.520089655463604, 'fire_amp': 1.2393473789150806}.
[I 2026-06-10 22:00:38,113] Trial 356 finished with values: [14.447156478053426, 14.447156478053426] and parameters: {'k1': 6.784924519083143e-05, 'D_low': 2.843767489444367, 'k2': 0.0004976087827261435, 'D_high': 32311.521854410956, 'fire_exp': 1.1633452995374232, 'P_half': 93.43302657318476, 'pre_dampen_half': 231.59500020699807, 'gpp_af': 0.2204465010099918, 'gpp_b': 0.0003601974223479835, 'gpp_d': 0.4742269251269962, 'ign_k': 0.09256855841989636, 'ign_c': 0.4177928311636542, 'trop_agb_crit': 18.081400596781233, 'trop_k_veg': 1.508040082046931, 'fire_amp': 2.6192385880432525}.
[I 2026-06-10 22:00:39,749] Trial 357 finished with values: [10.551552105043601, 10.551552105043601] and parameters: {'k1': 0.006079905434073396, 'D_low': 1.7551403048208316, 'k2': 0.0001280886335404798, 'D_high': 32311.521854410956, 'fire_exp': 1.7792742686803427, 'P_half': 251.23618639978196, 'pre_dampen_half': 121.93011993958949, 'gpp_af': 1.9998014714101113, 'gpp_b': 0.00047819318414852577, 'gpp_d': 0.1619054449471649, 'ign_k': 0.002357279455676982, 'ign_c': 7.081721844034206, 'trop_agb_crit': 8.0091368834625, 'trop_k_veg': 1.6003641872536711, 'fire_amp': 1.5587346124822492}.
[I 2026-06-10 22:00:41,446] Trial 358 finished with values: [10.207912177438056, 10.207912177438056] and parameters: {'k1': 0.006079905434073396, 'D_low': 43.2326421037033, 'k2': 2.316457903103837e-05, 'D_high': 42210.21267871043, 'fire_exp': 1.0601964743503993, 'P_half': 12.262543158860007, 'pre_dampen_half': 189.36639872354493, 'gpp_af': 3.298293484806585, 'gpp_b': 0.006999112505425414, 'gpp_d': 1.4397852866783676, 'ign_k': 0.0032383308053152635, 'ign_c': 7.832259769732471, 'trop_agb_crit': 10.2166878366619, 'trop_k_veg': 2.99731137426955, 'fire_amp': 1.686388377130032}.
[I 2026-06-10 22:00:43,237] Trial 359 finished with values: [10.68635511950595, 10.68635511950595] and parameters: {'k1': 0.006079905434073396, 'D_low': 602.4590664672947, 'k2': 2.316457903103837e-05, 'D_high': 32311.521854410956, 'fire_exp': 1.0420149135640993, 'P_half': 2757.3353505786354, 'pre_dampen_half': 189.36639872354493, 'gpp_af': 0.07118041471054574, 'gpp_b': 0.00031478066835753096, 'gpp_d': 0.1619054449471649, 'ign_k': 0.002357279455676982, 'ign_c': 7.081721844034206, 'trop_agb_crit': 8.188098178380693, 'trop_k_veg': 1.6648666152166967, 'fire_amp': 1.5719333351012774}.
[I 2026-06-10 22:00:45,069] Trial 360 finished with values: [10.6862302676617, 10.6862302676617] and parameters: {'k1': 0.0326979063339169, 'D_low': 408.3047491580097, 'k2': 0.0002442377596403892, 'D_high': 1266.9536563782303, 'fire_exp': 1.2060040899560858, 'P_half': 1316.4487472745689, 'pre_dampen_half': 189.36639872354493, 'gpp_af': 0.9219336658511308, 'gpp_b': 0.001674375583895437, 'gpp_d': 7.631016235941559, 'ign_k': 0.0032383308053152635, 'ign_c': 7.832259769732471, 'trop_agb_crit': 12.9667438075127, 'trop_k_veg': 2.99731137426955, 'fire_amp': 1.4475279918261055}.
[I 2026-06-10 22:00:46,667] Trial 361 finished with values: [10.403635925454576, 10.403635925454576] and parameters: {'k1': 0.012840669372724958, 'D_low': 1.7551403048208316, 'k2': 0.0001280886335404798, 'D_high': 42210.21267871043, 'fire_exp': 1.811096651915224, 'P_half': 5.4712187293420325, 'pre_dampen_half': 4.603480758878793, 'gpp_af': 0.10098504976210308, 'gpp_b': 1.7286734109794885e-05, 'gpp_d': 0.1619054449471649, 'ign_k': 0.002357279455676982, 'ign_c': 7.081721844034206, 'trop_agb_crit': 1.2489332852689512, 'trop_k_veg': 2.520089655463604, 'fire_amp': 1.5180207449214471}.
[I 2026-06-10 22:00:48,318] Trial 362 finished with values: [10.206041439196266, 10.206041439196266] and parameters: {'k1': 0.012840669372724958, 'D_low': 83.56564873457052, 'k2': 0.0001280886335404798, 'D_high': 42210.21267871043, 'fire_exp': 1.811096651915224, 'P_half': 61.6097529474144, 'pre_dampen_half': 4.603480758878793, 'gpp_af': 1.3954498518315706, 'gpp_b': 0.006999112505425414, 'gpp_d': 47.35384181058586, 'ign_k': 0.0029519227433917453, 'ign_c': 7.832259769732471, 'trop_agb_crit': 1.8023542850487386, 'trop_k_veg': 0.5535297685306277, 'fire_amp': 4.2446263054164195}.
[I 2026-06-10 22:00:49,927] Trial 363 finished with values: [10.35849815887525, 10.35849815887525] and parameters: {'k1': 0.014666151770108535, 'D_low': 408.3047491580097, 'k2': 0.0004976087827261435, 'D_high': 12.541447539026084, 'fire_exp': 1.14171776851287, 'P_half': 1.226010546471291, 'pre_dampen_half': 189.36639872354493, 'gpp_af': 27.448645214004376, 'gpp_b': 2.176805640408474e-05, 'gpp_d': 7.631016235941559, 'ign_k': 0.09256855841989636, 'ign_c': 7.832259769732471, 'trop_agb_crit': 12.647327018493208, 'trop_k_veg': 2.520089655463604, 'fire_amp': 1.4475279918261055}.
[I 2026-06-10 22:00:51,869] Trial 364 finished with values: [10.381699391313976, 10.381699391313976] and parameters: {'k1': 0.00023134781612225627, 'D_low': 1.7551403048208316, 'k2': 0.0001280886335404798, 'D_high': 32311.521854410956, 'fire_exp': 1.811096651915224, 'P_half': 5.4712187293420325, 'pre_dampen_half': 121.93011993958949, 'gpp_af': 0.07118041471054574, 'gpp_b': 0.00031478066835753096, 'gpp_d': 0.1619054449471649, 'ign_k': 0.002357279455676982, 'ign_c': 7.081721844034206, 'trop_agb_crit': 12.708819454040446, 'trop_k_veg': 0.5535297685306277, 'fire_amp': 1.5719333351012774}.
[I 2026-06-10 22:00:53,708] Trial 365 finished with values: [11.073488604201867, 11.073488604201867] and parameters: {'k1': 5.7909642338812115e-05, 'D_low': 408.3047491580097, 'k2': 0.0002442377596403892, 'D_high': 36998.679204890876, 'fire_exp': 1.2732983562135975, 'P_half': 1.4551749476072258, 'pre_dampen_half': 189.36639872354493, 'gpp_af': 0.2204465010099918, 'gpp_b': 5.0875243087016374e-05, 'gpp_d': 21.899070557043984, 'ign_k': 0.0029519227433917453, 'ign_c': 7.832259769732471, 'trop_agb_crit': 21.086120736447015, 'trop_k_veg': 5.453348988480011, 'fire_amp': 1.1655705619308396}.
[I 2026-06-10 22:00:55,398] Trial 366 finished with values: [11.971409213107554, 11.971409213107554] and parameters: {'k1': 9.293516267059069e-05, 'D_low': 2186.356344942016, 'k2': 0.003767022142229395, 'D_high': 42210.21267871043, 'fire_exp': 1.2344878997299724, 'P_half': 1.4551749476072258, 'pre_dampen_half': 857.6556763881457, 'gpp_af': 0.10098504976210308, 'gpp_b': 2.800940363375676e-05, 'gpp_d': 0.12878367369717508, 'ign_k': 0.002357279455676982, 'ign_c': 1.9423015749984096, 'trop_agb_crit': 1.2489332852689512, 'trop_k_veg': 2.520089655463604, 'fire_amp': 3.102033517490054}.
[I 2026-06-10 22:00:57,146] Trial 367 finished with values: [10.63011051238589, 10.63011051238589] and parameters: {'k1': 0.003968136435370146, 'D_low': 1.7551403048208316, 'k2': 0.003767022142229395, 'D_high': 18337.177967709995, 'fire_exp': 1.0601964743503993, 'P_half': 5.4712187293420325, 'pre_dampen_half': 10.931606102061748, 'gpp_af': 0.0662749342026412, 'gpp_b': 1.4540386644083135e-05, 'gpp_d': 47.35384181058586, 'ign_k': 0.09256855841989636, 'ign_c': 48.704711413416454, 'trop_agb_crit': 1.0693376406863295, 'trop_k_veg': 0.5535297685306277, 'fire_amp': 1.290871715123794}.
[I 2026-06-10 22:00:59,256] Trial 368 finished with values: [10.00959922478612, 10.00959922478612] and parameters: {'k1': 0.012840669372724958, 'D_low': 171.2446447678494, 'k2': 0.02065142557895925, 'D_high': 42210.21267871043, 'fire_exp': 1.0812994412809738, 'P_half': 4.213183643253957, 'pre_dampen_half': 16.009350908593582, 'gpp_af': 0.016306190741524337, 'gpp_b': 1.3415796596713932e-05, 'gpp_d': 700.6693992445935, 'ign_k': 0.0029519227433917453, 'ign_c': 1.9423015749984096, 'trop_agb_crit': 2.0527418919564324, 'trop_k_veg': 2.520089655463604, 'fire_amp': 1.2393473789150806}.
[I 2026-06-10 22:01:01,024] Trial 369 finished with values: [10.529997868005188, 10.529997868005188] and parameters: {'k1': 0.014666151770108535, 'D_low': 1440.3650379563878, 'k2': 0.0004976087827261435, 'D_high': 42210.21267871043, 'fire_exp': 1.2060040899560858, 'P_half': 157.80309954142965, 'pre_dampen_half': 4.847666216751353, 'gpp_af': 27.448645214004376, 'gpp_b': 2.176805640408474e-05, 'gpp_d': 1.4397852866783676, 'ign_k': 0.0029519227433917453, 'ign_c': 13.054148118849394, 'trop_agb_crit': 12.9667438075127, 'trop_k_veg': 2.520089655463604, 'fire_amp': 2.7806853670293616}.
[I 2026-06-10 22:01:02,749] Trial 370 finished with values: [10.38836128658087, 10.38836128658087] and parameters: {'k1': 0.0009898117700885534, 'D_low': 2186.356344942016, 'k2': 4.933751600448335e-05, 'D_high': 42.242359735170886, 'fire_exp': 1.111738490499784, 'P_half': 157.3644610977214, 'pre_dampen_half': 189.36639872354493, 'gpp_af': 1.9998014714101113, 'gpp_b': 0.00047819318414852577, 'gpp_d': 7.631016235941559, 'ign_k': 0.8945150807271531, 'ign_c': 16.497426799845446, 'trop_agb_crit': 1.8023542850487386, 'trop_k_veg': 1.6003641872536711, 'fire_amp': 1.5587346124822492}.
[I 2026-06-10 22:01:04,423] Trial 371 finished with values: [10.256842843185163, 10.256842843185163] and parameters: {'k1': 0.012840669372724958, 'D_low': 12.105387404469584, 'k2': 0.003767022142229395, 'D_high': 22.636544662054543, 'fire_exp': 1.0601964743503993, 'P_half': 2834.090429514774, 'pre_dampen_half': 33.71909132517384, 'gpp_af': 0.0662749342026412, 'gpp_b': 1.4540386644083135e-05, 'gpp_d': 28.312234265202243, 'ign_k': 0.00840038491455979, 'ign_c': 29.690870944846793, 'trop_agb_crit': 1.0693376406863295, 'trop_k_veg': 0.6673124511410327, 'fire_amp': 4.783836175730692}.
