[I 2026-08-06 10:52:46,707] Trial 523 finished with values: [10.185675316732405, 10.185675316732405] and parameters: {'k1': 0.05778755734457457, 'D_low': 40.52505887227999, 'k2': 0.0007047307383115598, 'D_high': 645.2946500764235, 'fire_exp': 1.1263716762638152, 'P_half': 712.8188058401365, 'pre_dampen_half': 63.6685916079943, 'gpp_af': 0.6403036652671171, 'gpp_b': 0.22727308251068193, 'gpp_d': 19.600139992927435, 'ign_k': 0.21006485619596416, 'ign_c': 1.9580595319750387, 'trop_agb_crit': 1.0903028125370984, 'trop_k_veg': 4.989748894578724}.
[I 2026-08-06 10:52:47,795] Trial 524 finished with values: [10.769230768877819, 10.769230768877819] and parameters: {'k1': 0.01889771394135163, 'D_low': 12.105387404469584, 'k2': 1.1065812688893481e-05, 'D_high': 21.947742689197344, 'fire_exp': 1.0601964743503993, 'P_half': 4.213183643253957, 'pre_dampen_half': 5.048653998722947, 'gpp_af': 1.9706963379095486, 'gpp_b': 0.00023481641213549971, 'gpp_d': 1.493264336549928, 'ign_k': 0.11619873314872933, 'ign_c': 966.7978239320698, 'trop_agb_crit': 7.500118950416987, 'trop_k_veg': 1.0594599158279707}.
[I 2026-08-06 10:52:48,888] Trial 525 finished with values: [-0.561472777410058, 0.22202996423427945] and parameters: {'k1': 0.008912611835817005, 'D_low': 12.105387404469584, 'k2': 1.1065812688893481e-05, 'D_high': 8182.111518618414, 'fire_exp': 1.3170256885255098, 'P_half': 4.213183643253957, 'pre_dampen_half': 63.6685916079943, 'gpp_af': 0.6403036652671171, 'gpp_b': 3.481277316673104e-05, 'gpp_d': 19.600139992927435, 'ign_k': 0.0049611344501914005, 'ign_c': 1.9580595319750387, 'trop_agb_crit': 1.0903028125370984, 'trop_k_veg': 3.1473758868965476}.
[I 2026-08-06 10:52:49,977] Trial 526 finished with values: [10.73810460000719, 10.73810460000719] and parameters: {'k1': 0.05778755734457457, 'D_low': 7.46475488144212, 'k2': 0.014344484793173472, 'D_high': 42210.21267871043, 'fire_exp': 1.7329145403564932, 'P_half': 221.2683656611821, 'pre_dampen_half': 748.1106041623153, 'gpp_af': 1.6059727222314273, 'gpp_b': 2.176805640408474e-05, 'gpp_d': 229.41380323183625, 'ign_k': 0.01364908766641695, 'ign_c': 2.4936660834465174, 'trop_agb_crit': 3.799798565960999, 'trop_k_veg': 2.520089655463604}.
[I 2026-08-06 10:52:51,066] Trial 527 finished with values: [10.02382525626258, 10.02382525626258] and parameters: {'k1': 0.00488137519160367, 'D_low': 436.4516946807792, 'k2': 0.0154776166709383, 'D_high': 8182.111518618414, 'fire_exp': 1.2611826901294014, 'P_half': 523.1053126909052, 'pre_dampen_half': 63.6685916079943, 'gpp_af': 1.9706963379095486, 'gpp_b': 0.0012213924959062798, 'gpp_d': 19.600139992927435, 'ign_k': 2.5253810447657927, 'ign_c': 2.4936660834465174, 'trop_agb_crit': 6.119263728555865, 'trop_k_veg': 2.4336356947036335}.
[I 2026-08-06 10:52:52,143] Trial 528 finished with values: [10.598060536225743, 10.598060536225743] and parameters: {'k1': 0.012021930484915042, 'D_low': 40.52505887227999, 'k2': 0.003101429427212743, 'D_high': 5670.3463356272905, 'fire_exp': 1.3170256885255098, 'P_half': 221.2683656611821, 'pre_dampen_half': 234.12640025944248, 'gpp_af': 0.0049748543504537545, 'gpp_b': 0.08128322984179755, 'gpp_d': 14.792055086678463, 'ign_k': 0.3993031584056687, 'ign_c': 5.13055176058983, 'trop_agb_crit': 10.691477813613638, 'trop_k_veg': 5.492385920002873}.
[I 2026-08-06 10:52:53,220] Trial 529 finished with values: [-0.5776162776444664, 0.15180695883551876] and parameters: {'k1': 0.008287522363768155, 'D_low': 6.28303969797272, 'k2': 0.003101429427212743, 'D_high': 11832.967057468773, 'fire_exp': 1.2611826901294014, 'P_half': 4.213183643253957, 'pre_dampen_half': 63.6685916079943, 'gpp_af': 0.6403036652671171, 'gpp_b': 0.22727308251068193, 'gpp_d': 8.057329182285729, 'ign_k': 0.0049611344501914005, 'ign_c': 48.704711413416454, 'trop_agb_crit': 6.119263728555865, 'trop_k_veg': 0.6673124511410327}.
[I 2026-08-06 10:52:54,318] Trial 530 finished with values: [10.618568337351011, 10.618568337351011] and parameters: {'k1': 0.008912611835817005, 'D_low': 12.105387404469584, 'k2': 1.1065812688893481e-05, 'D_high': 5670.3463356272905, 'fire_exp': 1.5185721648966928, 'P_half': 525.911865925123, 'pre_dampen_half': 5.048653998722947, 'gpp_af': 0.0022961065892443786, 'gpp_b': 0.0005739662837359252, 'gpp_d': 1.493264336549928, 'ign_k': 0.21006485619596416, 'ign_c': 2.4936660834465174, 'trop_agb_crit': 10.691477813613638, 'trop_k_veg': 0.6673124511410327}.
[I 2026-08-06 10:52:55,410] Trial 531 finished with values: [10.918073785712831, 10.918073785712831] and parameters: {'k1': 0.002155595057104387, 'D_low': 12.105387404469584, 'k2': 0.003767022142229395, 'D_high': 61536.58035691648, 'fire_exp': 1.0601964743503993, 'P_half': 4.213183643253957, 'pre_dampen_half': 63.6685916079943, 'gpp_af': 0.6403036652671171, 'gpp_b': 0.0005739662837359252, 'gpp_d': 757.2868182332339, 'ign_k': 0.0049611344501914005, 'ign_c': 48.704711413416454, 'trop_agb_crit': 1.0903028125370984, 'trop_k_veg': 0.5443513380244235}.
[I 2026-08-06 10:52:56,476] Trial 532 finished with values: [10.730919133626921, 10.730919133626921] and parameters: {'k1': 0.00488137519160367, 'D_low': 520.4862686958022, 'k2': 8.923807143379776e-05, 'D_high': 8182.111518618414, 'fire_exp': 1.8100179779646608, 'P_half': 4.213183643253957, 'pre_dampen_half': 331.7366635899375, 'gpp_af': 0.6403036652671171, 'gpp_b': 0.012132126638791128, 'gpp_d': 8.057329182285729, 'ign_k': 0.07087479683081002, 'ign_c': 48.704711413416454, 'trop_agb_crit': 18.785197416433792, 'trop_k_veg': 1.140286245977296}.
[I 2026-08-06 10:52:57,537] Trial 533 finished with values: [-0.5754242657096851, 0.06505272277419294] and parameters: {'k1': 0.008912611835817005, 'D_low': 40.52505887227999, 'k2': 0.031536006085184705, 'D_high': 5670.3463356272905, 'fire_exp': 1.0601964743503993, 'P_half': 221.2683656611821, 'pre_dampen_half': 3.3841016089580034, 'gpp_af': 0.0049748543504537545, 'gpp_b': 0.0005739662837359252, 'gpp_d': 14.792055086678463, 'ign_k': 3.589155871450839, 'ign_c': 5.13055176058983, 'trop_agb_crit': 10.691477813613638, 'trop_k_veg': 1.9799513595694562}.
[I 2026-08-06 10:52:58,633] Trial 534 finished with values: [10.745890848719162, 10.745890848719162] and parameters: {'k1': 0.05778755734457457, 'D_low': 12.105387404469584, 'k2': 1.1065812688893481e-05, 'D_high': 5670.3463356272905, 'fire_exp': 1.7329145403564932, 'P_half': 221.2683656611821, 'pre_dampen_half': 38.00678588560607, 'gpp_af': 1.6059727222314273, 'gpp_b': 1.6204477512064799, 'gpp_d': 1.493264336549928, 'ign_k': 0.21006485619596416, 'ign_c': 11.400863701127316, 'trop_agb_crit': 7.500118950416987, 'trop_k_veg': 0.6673124511410327}.
[I 2026-08-06 10:52:59,724] Trial 535 finished with values: [10.747561494694883, 10.747561494694883] and parameters: {'k1': 0.00810356796771759, 'D_low': 7.299348683062307, 'k2': 0.003101429427212743, 'D_high': 61536.58035691648, 'fire_exp': 3.3801590342525687, 'P_half': 221.2683656611821, 'pre_dampen_half': 3.3841016089580034, 'gpp_af': 0.0049748543504537545, 'gpp_b': 0.00431329787498825, 'gpp_d': 757.2868182332339, 'ign_k': 0.07091190338709638, 'ign_c': 5.13055176058983, 'trop_agb_crit': 8.997007571451054, 'trop_k_veg': 1.9799513595694562}.
[I 2026-08-06 10:53:00,810] Trial 536 finished with values: [-0.5820852322816326, 0.06483311262342073] and parameters: {'k1': 0.012021930484915042, 'D_low': 12.105387404469584, 'k2': 1.1065812688893481e-05, 'D_high': 60107.420288647554, 'fire_exp': 1.3170256885255098, 'P_half': 4.213183643253957, 'pre_dampen_half': 63.6685916079943, 'gpp_af': 0.6403036652671171, 'gpp_b': 0.2859164396628517, 'gpp_d': 1.493264336549928, 'ign_k': 0.12329098365270515, 'ign_c': 5.034696988263485, 'trop_agb_crit': 7.500118950416987, 'trop_k_veg': 3.49157152291552}.
[I 2026-08-06 10:53:02,095] Trial 537 finished with values: [10.18699073751117, 10.18699073751117] and parameters: {'k1': 0.00488137519160367, 'D_low': 436.4516946807792, 'k2': 8.923807143379776e-05, 'D_high': 1236.6924205139144, 'fire_exp': 1.2611826901294014, 'P_half': 523.1053126909052, 'pre_dampen_half': 63.6685916079943, 'gpp_af': 0.6403036652671171, 'gpp_b': 2.176805640408474e-05, 'gpp_d': 757.2868182332339, 'ign_k': 0.12329098365270515, 'ign_c': 2.4936660834465174, 'trop_agb_crit': 8.997007571451054, 'trop_k_veg': 1.140286245977296}.
[I 2026-08-06 10:53:03,140] Trial 538 finished with values: [-0.5701991388668421, 0.08179687554229409] and parameters: {'k1': 0.01889771394135163, 'D_low': 7.299348683062307, 'k2': 0.0154776166709383, 'D_high': 61536.58035691648, 'fire_exp': 1.0601964743503993, 'P_half': 712.8188058401365, 'pre_dampen_half': 3.3841016089580034, 'gpp_af': 1.2389588752305056, 'gpp_b': 0.0005739662837359252, 'gpp_d': 84.31013932082456, 'ign_k': 0.6161423618045312, 'ign_c': 1.9580595319750387, 'trop_agb_crit': 8.997007571451054, 'trop_k_veg': 2.4336356947036335}.
[I 2026-08-06 10:53:04,236] Trial 539 finished with values: [10.472346193475575, 10.472346193475575] and parameters: {'k1': 0.00488137519160367, 'D_low': 38.82837025280678, 'k2': 1.1065812688893481e-05, 'D_high': 42210.21267871043, 'fire_exp': 1.7329145403564932, 'P_half': 4.213183643253957, 'pre_dampen_half': 234.12640025944248, 'gpp_af': 0.053663001820106804, 'gpp_b': 0.001683575425554734, 'gpp_d': 0.6960360257735198, 'ign_k': 0.21006485619596416, 'ign_c': 5.13055176058983, 'trop_agb_crit': 6.275146677376727, 'trop_k_veg': 5.492385920002873}.
[I 2026-08-06 10:53:05,299] Trial 540 finished with values: [10.26722727037282, 10.26722727037282] and parameters: {'k1': 2.316457903103837e-05, 'D_low': 40.52505887227999, 'k2': 0.08924795116437424, 'D_high': 1236.6924205139144, 'fire_exp': 1.1263716762638152, 'P_half': 4.213183643253957, 'pre_dampen_half': 63.6685916079943, 'gpp_af': 0.6403036652671171, 'gpp_b': 0.0012213924959062798, 'gpp_d': 757.2868182332339, 'ign_k': 0.12329098365270515, 'ign_c': 2.4936660834465174, 'trop_agb_crit': 1.0903028125370984, 'trop_k_veg': 4.989748894578724}.
[I 2026-08-06 10:53:06,393] Trial 541 finished with values: [10.17654379960969, 10.17654379960969] and parameters: {'k1': 0.008912611835817005, 'D_low': 7.299348683062307, 'k2': 1.1065812688893481e-05, 'D_high': 14.468941663899356, 'fire_exp': 1.0601964743503993, 'P_half': 4.213183643253957, 'pre_dampen_half': 5.048653998722947, 'gpp_af': 0.6403036652671171, 'gpp_b': 0.0005739662837359252, 'gpp_d': 0.5363092465892282, 'ign_k': 3.589155871450839, 'ign_c': 5.13055176058983, 'trop_agb_crit': 1.0903028125370984, 'trop_k_veg': 2.4336356947036335}.
[I 2026-08-06 10:53:07,440] Trial 542 finished with values: [-0.5823616307626215, 0.0722521480389583] and parameters: {'k1': 0.00488137519160367, 'D_low': 520.4862686958022, 'k2': 8.923807143379776e-05, 'D_high': 8182.111518618414, 'fire_exp': 1.0271184723288342, 'P_half': 712.8188058401365, 'pre_dampen_half': 331.7366635899375, 'gpp_af': 0.6403036652671171, 'gpp_b': 0.3682510091559943, 'gpp_d': 82.84476373292449, 'ign_k': 2.5253810447657927, 'ign_c': 1.9580595319750387, 'trop_agb_crit': 8.997007571451054, 'trop_k_veg': 2.4336356947036335}.
[I 2026-08-06 10:53:08,520] Trial 543 finished with values: [10.77000953206025, 10.77000953206025] and parameters: {'k1': 0.00488137519160367, 'D_low': 38.82837025280678, 'k2': 0.0154776166709383, 'D_high': 8182.111518618414, 'fire_exp': 1.221575427404682, 'P_half': 221.2683656611821, 'pre_dampen_half': 38.00678588560607, 'gpp_af': 0.6403036652671171, 'gpp_b': 2.176805640408474e-05, 'gpp_d': 1.493264336549928, 'ign_k': 2.5253810447657927, 'ign_c': 1.9580595319750387, 'trop_agb_crit': 8.997007571451054, 'trop_k_veg': 7.936472946233041}.
[I 2026-08-06 10:53:09,634] Trial 544 finished with values: [-0.5767462181630648, 0.08569651981429982] and parameters: {'k1': 0.029385019583898195, 'D_low': 38.82837025280678, 'k2': 0.014344484793173472, 'D_high': 42210.21267871043, 'fire_exp': 1.7329145403564932, 'P_half': 221.2683656611821, 'pre_dampen_half': 38.00678588560607, 'gpp_af': 1.6059727222314273, 'gpp_b': 2.176805640408474e-05, 'gpp_d': 229.41380323183625, 'ign_k': 0.01364908766641695, 'ign_c': 3.470490935437501, 'trop_agb_crit': 8.997007571451054, 'trop_k_veg': 2.520089655463604}.
[I 2026-08-06 10:53:10,708] Trial 545 finished with values: [10.00807555594671, 10.00807555594671] and parameters: {'k1': 0.05778755734457457, 'D_low': 40.52505887227999, 'k2': 0.0154776166709383, 'D_high': 645.2946500764235, 'fire_exp': 1.221575427404682, 'P_half': 4.213183643253957, 'pre_dampen_half': 63.6685916079943, 'gpp_af': 1.9706963379095486, 'gpp_b': 0.22727308251068193, 'gpp_d': 2.944272359149677, 'ign_k': 0.21006485619596416, 'ign_c': 1.9580595319750387, 'trop_agb_crit': 1.0903028125370984, 'trop_k_veg': 2.4336356947036335}.
[I 2026-08-06 10:53:11,790] Trial 546 finished with values: [-0.59188086854131, 0.1293239455554559] and parameters: {'k1': 0.00488137519160367, 'D_low': 12.105387404469584, 'k2': 8.923807143379776e-05, 'D_high': 42210.21267871043, 'fire_exp': 1.7329145403564932, 'P_half': 221.2683656611821, 'pre_dampen_half': 38.00678588560607, 'gpp_af': 0.6403036652671171, 'gpp_b': 3.481277316673104e-05, 'gpp_d': 1.493264336549928, 'ign_k': 0.20639617012599235, 'ign_c': 0.557280750002996, 'trop_agb_crit': 8.997007571451054, 'trop_k_veg': 7.936472946233041}.
[I 2026-08-06 10:53:12,868] Trial 547 finished with values: [-0.5546440991048212, 0.2172992221767034] and parameters: {'k1': 0.01889771394135163, 'D_low': 7.299348683062307, 'k2': 8.923807143379776e-05, 'D_high': 774.2116473996249, 'fire_exp': 1.0601964743503993, 'P_half': 4.213183643253957, 'pre_dampen_half': 5.048653998722947, 'gpp_af': 1.9706963379095486, 'gpp_b': 0.0054502936945582505, 'gpp_d': 84.31013932082456, 'ign_k': 3.589155871450839, 'ign_c': 1.9580595319750387, 'trop_agb_crit': 7.500118950416987, 'trop_k_veg': 1.0594599158279707}.
[I 2026-08-06 10:53:13,916] Trial 548 finished with values: [10.767707908524669, 10.767707908524669] and parameters: {'k1': 0.00488137519160367, 'D_low': 40.52505887227999, 'k2': 8.923807143379776e-05, 'D_high': 568.1482545113266, 'fire_exp': 5.311995034756393, 'P_half': 221.2683656611821, 'pre_dampen_half': 38.00678588560607, 'gpp_af': 1.2389588752305056, 'gpp_b': 2.176805640408474e-05, 'gpp_d': 757.2868182332339, 'ign_k': 0.060759029110813774, 'ign_c': 5.13055176058983, 'trop_agb_crit': 8.997007571451054, 'trop_k_veg': 7.936472946233041}.
[I 2026-08-06 10:53:15,020] Trial 549 finished with values: [10.767567123519179, 10.767567123519179] and parameters: {'k1': 0.008912611835817005, 'D_low': 12.105387404469584, 'k2': 1.1065812688893481e-05, 'D_high': 21.947742689197344, 'fire_exp': 3.066683393418824, 'P_half': 3116.6852978784937, 'pre_dampen_half': 63.6685916079943, 'gpp_af': 0.6403036652671171, 'gpp_b': 3.481277316673104e-05, 'gpp_d': 1.493264336549928, 'ign_k': 4.006890332238651, 'ign_c': 11.400863701127316, 'trop_agb_crit': 7.500118950416987, 'trop_k_veg': 1.6098025073369409}.
[I 2026-08-06 10:53:16,087] Trial 550 finished with values: [10.425694116867046, 10.425694116867046] and parameters: {'k1': 0.005952904331761848, 'D_low': 38.82837025280678, 'k2': 0.014344484793173472, 'D_high': 5670.3463356272905, 'fire_exp': 3.3801590342525687, 'P_half': 221.2683656611821, 'pre_dampen_half': 63.6685916079943, 'gpp_af': 1.6059727222314273, 'gpp_b': 0.00431329787498825, 'gpp_d': 757.2868182332339, 'ign_k': 0.07091190338709638, 'ign_c': 5.13055176058983, 'trop_agb_crit': 8.997007571451054, 'trop_k_veg': 2.520089655463604}.
[I 2026-08-06 10:53:17,160] Trial 551 finished with values: [10.407548219795961, 10.407548219795961] and parameters: {'k1': 0.005272264723319183, 'D_low': 7.299348683062307, 'k2': 0.003767022142229395, 'D_high': 8182.111518618414, 'fire_exp': 1.221575427404682, 'P_half': 712.8188058401365, 'pre_dampen_half': 3.3841016089580034, 'gpp_af': 1.9706963379095486, 'gpp_b': 0.22727308251068193, 'gpp_d': 19.600139992927435, 'ign_k': 3.589155871450839, 'ign_c': 1.9580595319750387, 'trop_agb_crit': 1.0903028125370984, 'trop_k_veg': 2.4336356947036335}.
[I 2026-08-06 10:53:18,216] Trial 552 finished with values: [10.021624500265546, 10.021624500265546] and parameters: {'k1': 0.008287522363768155, 'D_low': 38.82837025280678, 'k2': 0.0001280298359290444, 'D_high': 42210.21267871043, 'fire_exp': 1.7329145403564932, 'P_half': 221.2683656611821, 'pre_dampen_half': 63.6685916079943, 'gpp_af': 0.6403036652671171, 'gpp_b': 0.22727308251068193, 'gpp_d': 8.057329182285729, 'ign_k': 0.060759029110813774, 'ign_c': 1.2431017136067033, 'trop_agb_crit': 6.119263728555865, 'trop_k_veg': 0.6673124511410327}.
[I 2026-08-06 10:53:19,317] Trial 553 finished with values: [10.759612954260833, 10.759612954260833] and parameters: {'k1': 0.002155595057104387, 'D_low': 7.299348683062307, 'k2': 0.003101429427212743, 'D_high': 21.947742689197344, 'fire_exp': 1.3170256885255098, 'P_half': 234.09994646132157, 'pre_dampen_half': 63.6685916079943, 'gpp_af': 36.460005353173564, 'gpp_b': 0.0005739662837359252, 'gpp_d': 0.5363092465892282, 'ign_k': 0.21006485619596416, 'ign_c': 1.9580595319750387, 'trop_agb_crit': 10.691477813613638, 'trop_k_veg': 3.1473758868965476}.
[I 2026-08-06 10:53:20,398] Trial 554 finished with values: [-0.5698719194846034, 0.06875888261066998] and parameters: {'k1': 0.05778755734457457, 'D_low': 6.96063331852638, 'k2': 0.014344484793173472, 'D_high': 42210.21267871043, 'fire_exp': 1.7329145403564932, 'P_half': 310.3604223881657, 'pre_dampen_half': 38.00678588560607, 'gpp_af': 1.6059727222314273, 'gpp_b': 2.176805640408474e-05, 'gpp_d': 229.41380323183625, 'ign_k': 0.010939944910100021, 'ign_c': 3.470490935437501, 'trop_agb_crit': 8.997007571451054, 'trop_k_veg': 2.520089655463604}.
[I 2026-08-06 10:53:21,472] Trial 555 finished with values: [-0.5669893251878338, 0.12104462214746226] and parameters: {'k1': 0.05778755734457457, 'D_low': 335.92388193960346, 'k2': 1.1065812688893481e-05, 'D_high': 42210.21267871043, 'fire_exp': 1.0601964743503993, 'P_half': 221.2683656611821, 'pre_dampen_half': 38.00678588560607, 'gpp_af': 1.6059727222314273, 'gpp_b': 0.0005739662837359252, 'gpp_d': 84.31013932082456, 'ign_k': 0.01364908766641695, 'ign_c': 3.470490935437501, 'trop_agb_crit': 8.997007571451054, 'trop_k_veg': 2.4336356947036335}.
[I 2026-08-06 10:53:22,737] Trial 556 finished with values: [10.06092149594768, 10.06092149594768] and parameters: {'k1': 0.008912611835817005, 'D_low': 355.00125258511594, 'k2': 1.1065812688893481e-05, 'D_high': 8559.572793311818, 'fire_exp': 1.221575427404682, 'P_half': 4.213183643253957, 'pre_dampen_half': 63.6685916079943, 'gpp_af': 5.335773317316405, 'gpp_b': 0.01666658176842624, 'gpp_d': 2.944272359149677, 'ign_k': 0.21006485619596416, 'ign_c': 5.13055176058983, 'trop_agb_crit': 1.0903028125370984, 'trop_k_veg': 2.5878603012249104}.
[I 2026-08-06 10:53:23,781] Trial 557 finished with values: [10.296976470138878, 10.296976470138878] and parameters: {'k1': 0.01889771394135163, 'D_low': 355.00125258511594, 'k2': 8.923807143379776e-05, 'D_high': 11832.967057468773, 'fire_exp': 1.0601964743503993, 'P_half': 4.213183643253957, 'pre_dampen_half': 5.048653998722947, 'gpp_af': 0.6403036652671171, 'gpp_b': 0.22727308251068193, 'gpp_d': 82.84476373292449, 'ign_k': 0.11619873314872933, 'ign_c': 5.13055176058983, 'trop_agb_crit': 7.500118950416987, 'trop_k_veg': 1.0594599158279707}.
[I 2026-08-06 10:53:24,851] Trial 558 finished with values: [10.232500643592081, 10.232500643592081] and parameters: {'k1': 0.002155595057104387, 'D_low': 7.299348683062307, 'k2': 0.003767022142229395, 'D_high': 61536.58035691648, 'fire_exp': 1.0601964743503993, 'P_half': 221.2683656611821, 'pre_dampen_half': 3.3841016089580034, 'gpp_af': 5.335773317316405, 'gpp_b': 0.01666658176842624, 'gpp_d': 757.2868182332339, 'ign_k': 0.019192001101561888, 'ign_c': 5.13055176058983, 'trop_agb_crit': 1.0903028125370984, 'trop_k_veg': 5.580504276549027}.
[I 2026-08-06 10:53:25,936] Trial 559 finished with values: [10.518015701619198, 10.518015701619198] and parameters: {'k1': 0.008912611835817005, 'D_low': 40.52505887227999, 'k2': 0.003101429427212743, 'D_high': 3346.220103048382, 'fire_exp': 1.353841071397002, 'P_half': 102.4585893986732, 'pre_dampen_half': 63.6685916079943, 'gpp_af': 0.0049748543504537545, 'gpp_b': 0.0005739662837359252, 'gpp_d': 2.944272359149677, 'ign_k': 0.21006485619596416, 'ign_c': 1.9580595319750387, 'trop_agb_crit': 1.0903028125370984, 'trop_k_veg': 3.1473758868965476}.
[I 2026-08-06 10:53:27,014] Trial 560 finished with values: [11.676976107531505, 11.676976107531505] and parameters: {'k1': 0.007299613382801458, 'D_low': 1.3577269394141454, 'k2': 1.1065812688893481e-05, 'D_high': 60107.420288647554, 'fire_exp': 1.3170256885255098, 'P_half': 4.213183643253957, 'pre_dampen_half': 63.6685916079943, 'gpp_af': 3.4818886917676246, 'gpp_b': 3.481277316673104e-05, 'gpp_d': 150.14555442537656, 'ign_k': 0.12329098365270515, 'ign_c': 0.557280750002996, 'trop_agb_crit': 10.691477813613638, 'trop_k_veg': 5.580504276549027}.
[I 2026-08-06 10:53:28,089] Trial 561 finished with values: [-0.5866286729903919, 0.03849748153149157] and parameters: {'k1': 0.05778755734457457, 'D_low': 38.82837025280678, 'k2': 0.019894080167856886, 'D_high': 1236.6924205139144, 'fire_exp': 1.2611826901294014, 'P_half': 523.1053126909052, 'pre_dampen_half': 38.00678588560607, 'gpp_af': 0.6403036652671171, 'gpp_b': 0.0012213924959062798, 'gpp_d': 350.88322284755304, 'ign_k': 0.010939944910100021, 'ign_c': 2.4936660834465174, 'trop_agb_crit': 6.119263728555865, 'trop_k_veg': 2.520089655463604}.
[I 2026-08-06 10:53:29,167] Trial 562 finished with values: [10.188844745093993, 10.188844745093993] and parameters: {'k1': 0.005272264723319183, 'D_low': 38.82837025280678, 'k2': 0.004149969043497543, 'D_high': 42210.21267871043, 'fire_exp': 1.7329145403564932, 'P_half': 5.232779509048979, 'pre_dampen_half': 38.00678588560607, 'gpp_af': 0.6403036652671171, 'gpp_b': 0.22727308251068193, 'gpp_d': 1.493264336549928, 'ign_k': 0.060759029110813774, 'ign_c': 1.2431017136067033, 'trop_agb_crit': 8.997007571451054, 'trop_k_veg': 7.936472946233041}.
