[I 2026-08-06 03:00:18,501] Trial 1142 finished with values: [10.769230769045793, 10.769230769045793] and parameters: {'k1': 0.00324789183891923, 'D_low': 4.075267974954964, 'k2': 0.0022957398214549472, 'D_high': 2969.087094484682, 'fire_exp': 1.0559384059137513, 'P_half': 215.55950571043874, 'pre_dampen_half': 107.40052367919465, 'gpp_af': 0.47739011308437823, 'gpp_b': 0.008226792720717493, 'gpp_d': 2.893272120738162, 'ign_k': 0.6454459531371669, 'ign_c': 85.35052150482585}.
[I 2026-08-06 03:00:20,001] Trial 1143 finished with values: [10.157801555705715, 10.157801555705715] and parameters: {'k1': 0.0014755326436446132, 'D_low': 2.458603276328005, 'k2': 0.002298215566004573, 'D_high': 2969.087094484682, 'fire_exp': 1.0881360604103363, 'P_half': 147.09699119495133, 'pre_dampen_half': 107.40052367919465, 'gpp_af': 1.3725472882585024, 'gpp_b': 0.011750724729953272, 'gpp_d': 29.83701993880331, 'ign_k': 0.03033111747878116, 'ign_c': 10.800458379640933}.
[I 2026-08-06 03:00:21,455] Trial 1144 finished with values: [10.063405836421554, 10.063405836421554] and parameters: {'k1': 0.00324789183891923, 'D_low': 29.89885508829526, 'k2': 0.00015495079374286172, 'D_high': 2969.087094484682, 'fire_exp': 1.0881360604103363, 'P_half': 215.55950571043874, 'pre_dampen_half': 805.2502904451399, 'gpp_af': 0.18148402127631746, 'gpp_b': 0.008226792720717493, 'gpp_d': 2.893272120738162, 'ign_k': 0.6454459531371669, 'ign_c': 10.140635645866492}.
[I 2026-08-06 03:00:22,899] Trial 1145 finished with values: [-0.4936104903550878, 0.07248075748519855] and parameters: {'k1': 0.00324789183891923, 'D_low': 29.89885508829526, 'k2': 0.002935672965826306, 'D_high': 2969.087094484682, 'fire_exp': 1.0881360604103363, 'P_half': 215.55950571043874, 'pre_dampen_half': 805.2502904451399, 'gpp_af': 0.8942824595236101, 'gpp_b': 0.011750724729953272, 'gpp_d': 4.5768578731086835, 'ign_k': 0.08876620955487982, 'ign_c': 10.140635645866492}.
[I 2026-08-06 03:00:24,275] Trial 1146 finished with values: [-0.5079452036818755, 0.37743800471041056] and parameters: {'k1': 0.00324789183891923, 'D_low': 29.89885508829526, 'k2': 0.0018200694976756812, 'D_high': 2969.087094484682, 'fire_exp': 1.0881360604103363, 'P_half': 12.808863354047988, 'pre_dampen_half': 107.40052367919465, 'gpp_af': 5.620854611217178, 'gpp_b': 1.1008110571039521e-05, 'gpp_d': 1.826381177000974, 'ign_k': 0.6454459531371669, 'ign_c': 10.140635645866492}.
[I 2026-08-06 03:00:25,769] Trial 1147 finished with values: [10.619631075766284, 10.619631075766284] and parameters: {'k1': 0.00324789183891923, 'D_low': 4.075267974954964, 'k2': 0.005695622647004589, 'D_high': 7744.80118512745, 'fire_exp': 1.0881360604103363, 'P_half': 3113.806805121377, 'pre_dampen_half': 805.2502904451399, 'gpp_af': 0.8942824595236101, 'gpp_b': 0.011750724729953272, 'gpp_d': 0.6380717024176037, 'ign_k': 0.03141110271934876, 'ign_c': 9.34330265731847}.
[I 2026-08-06 03:00:27,269] Trial 1148 finished with values: [-0.48343399256883596, 0.1087239277231985] and parameters: {'k1': 0.00324789183891923, 'D_low': 29.89885508829526, 'k2': 0.0022957398214549472, 'D_high': 6455.595882939566, 'fire_exp': 1.0881360604103363, 'P_half': 147.09699119495133, 'pre_dampen_half': 76.86605275420082, 'gpp_af': 0.8942824595236101, 'gpp_b': 0.008226792720717493, 'gpp_d': 29.83701993880331, 'ign_k': 0.03033111747878116, 'ign_c': 7.916322947490362}.
[I 2026-08-06 03:00:28,736] Trial 1149 finished with values: [10.169377582501427, 10.169377582501427] and parameters: {'k1': 0.00324789183891923, 'D_low': 29.89885508829526, 'k2': 0.0022957398214549472, 'D_high': 7744.80118512745, 'fire_exp': 1.0881360604103363, 'P_half': 215.55950571043874, 'pre_dampen_half': 107.40052367919465, 'gpp_af': 5.620854611217178, 'gpp_b': 0.008226792720717493, 'gpp_d': 15.186467669014625, 'ign_k': 0.6454459531371669, 'ign_c': 10.140635645866492}.
[I 2026-08-06 03:00:30,195] Trial 1150 finished with values: [10.033999068073603, 10.033999068073603] and parameters: {'k1': 0.00324789183891923, 'D_low': 2.5449737887285035, 'k2': 0.0022957398214549472, 'D_high': 3121.3520322039926, 'fire_exp': 1.0881360604103363, 'P_half': 215.55950571043874, 'pre_dampen_half': 304.7488318185732, 'gpp_af': 0.8942824595236101, 'gpp_b': 0.011750724729953272, 'gpp_d': 29.749683811098393, 'ign_k': 0.03033111747878116, 'ign_c': 10.140635645866492}.
[I 2026-08-06 03:00:32,327] Trial 1151 finished with values: [10.473114650732823, 10.473114650732823] and parameters: {'k1': 0.00324789183891923, 'D_low': 4.075267974954964, 'k2': 0.011078632295006514, 'D_high': 8182.111518618414, 'fire_exp': 1.4456782093093066, 'P_half': 215.55950571043874, 'pre_dampen_half': 805.2502904451399, 'gpp_af': 1.3725472882585024, 'gpp_b': 0.00044548820847973626, 'gpp_d': 4.5768578731086835, 'ign_k': 0.6454459531371669, 'ign_c': 6.160975294741436}.
[I 2026-08-06 03:00:33,836] Trial 1152 finished with values: [-0.4897800408717399, 0.07938308561589247] and parameters: {'k1': 0.00324789183891923, 'D_low': 70.18267183720735, 'k2': 0.0022957398214549472, 'D_high': 2969.087094484682, 'fire_exp': 1.0881360604103363, 'P_half': 1.0897490003652053, 'pre_dampen_half': 76.86605275420082, 'gpp_af': 1.3725472882585024, 'gpp_b': 0.024796579879439486, 'gpp_d': 4.5768578731086835, 'ign_k': 0.6454459531371669, 'ign_c': 6.160975294741436}.
[I 2026-08-06 03:00:35,359] Trial 1153 finished with values: [-0.4779855635301199, 0.09471768995271879] and parameters: {'k1': 0.00324789183891923, 'D_low': 2.458603276328005, 'k2': 0.0007081721844034209, 'D_high': 6455.595882939566, 'fire_exp': 1.0881360604103363, 'P_half': 147.09699119495133, 'pre_dampen_half': 76.86605275420082, 'gpp_af': 0.8942824595236101, 'gpp_b': 0.011750724729953272, 'gpp_d': 29.749683811098393, 'ign_k': 0.03033111747878116, 'ign_c': 7.916322947490362}.
[I 2026-08-06 03:00:36,917] Trial 1154 finished with values: [10.899985085640385, 10.899985085640385] and parameters: {'k1': 0.01889771394135163, 'D_low': 29.89885508829526, 'k2': 0.0007081721844034209, 'D_high': 6455.595882939566, 'fire_exp': 1.0881360604103363, 'P_half': 215.55950571043874, 'pre_dampen_half': 304.7488318185732, 'gpp_af': 1.3725472882585024, 'gpp_b': 1.1008110571039521e-05, 'gpp_d': 4.5768578731086835, 'ign_k': 0.6454459531371669, 'ign_c': 0.1457050032975653}.
[I 2026-08-06 03:00:38,499] Trial 1155 finished with values: [10.106077567647231, 10.106077567647231] and parameters: {'k1': 0.00324789183891923, 'D_low': 1.2299210465793122, 'k2': 0.03210808548911189, 'D_high': 2969.087094484682, 'fire_exp': 1.0881360604103363, 'P_half': 12.808863354047988, 'pre_dampen_half': 107.40052367919465, 'gpp_af': 5.620854611217178, 'gpp_b': 0.008226792720717493, 'gpp_d': 29.83701993880331, 'ign_k': 0.6454459531371669, 'ign_c': 8.671454322584175}.
[I 2026-08-06 03:00:40,093] Trial 1156 finished with values: [10.750464312759656, 10.750464312759656] and parameters: {'k1': 0.01889771394135163, 'D_low': 29.89885508829526, 'k2': 0.03210808548911189, 'D_high': 6455.595882939566, 'fire_exp': 1.0881360604103363, 'P_half': 215.55950571043874, 'pre_dampen_half': 107.40052367919465, 'gpp_af': 5.620854611217178, 'gpp_b': 1.1008110571039521e-05, 'gpp_d': 29.83701993880331, 'ign_k': 0.6454459531371669, 'ign_c': 0.9698743148715472}.
[I 2026-08-06 03:00:41,634] Trial 1157 finished with values: [10.01920653087011, 10.01920653087011] and parameters: {'k1': 0.00324789183891923, 'D_low': 4.075267974954964, 'k2': 0.0022957398214549472, 'D_high': 2969.087094484682, 'fire_exp': 1.0881360604103363, 'P_half': 215.55950571043874, 'pre_dampen_half': 304.7488318185732, 'gpp_af': 5.620854611217178, 'gpp_b': 0.011750724729953272, 'gpp_d': 29.83701993880331, 'ign_k': 0.6454459531371669, 'ign_c': 0.1457050032975653}.
[I 2026-08-06 03:00:43,231] Trial 1158 finished with values: [-0.49202256172427755, 0.2510197381977368] and parameters: {'k1': 0.00324789183891923, 'D_low': 29.89885508829526, 'k2': 0.012758211164590085, 'D_high': 8182.111518618414, 'fire_exp': 1.0881360604103363, 'P_half': 215.55950571043874, 'pre_dampen_half': 304.7488318185732, 'gpp_af': 5.620854611217178, 'gpp_b': 0.008226792720717493, 'gpp_d': 368.30088529547436, 'ign_k': 0.03033111747878116, 'ign_c': 10.140635645866492}.
[I 2026-08-06 03:00:44,841] Trial 1159 finished with values: [10.769230769045793, 10.769230769045793] and parameters: {'k1': 0.00324789183891923, 'D_low': 4.075267974954964, 'k2': 0.002935672965826306, 'D_high': 6455.595882939566, 'fire_exp': 1.0881360604103363, 'P_half': 215.55950571043874, 'pre_dampen_half': 107.40052367919465, 'gpp_af': 1.3725472882585024, 'gpp_b': 0.008226792720717493, 'gpp_d': 368.30088529547436, 'ign_k': 8.315365004960604, 'ign_c': 80.50945012618057}.
[I 2026-08-06 03:00:46,338] Trial 1160 finished with values: [10.688592835195314, 10.688592835195314] and parameters: {'k1': 0.01889771394135163, 'D_low': 2.458603276328005, 'k2': 0.0007081721844034209, 'D_high': 6455.595882939566, 'fire_exp': 1.0881360604103363, 'P_half': 9273.417344841548, 'pre_dampen_half': 805.2502904451399, 'gpp_af': 0.18148402127631746, 'gpp_b': 0.0037084949295141927, 'gpp_d': 4.5768578731086835, 'ign_k': 0.0026834162496848666, 'ign_c': 0.24929432851508837}.
[I 2026-08-06 03:00:47,887] Trial 1161 finished with values: [10.42310872392144, 10.42310872392144] and parameters: {'k1': 0.00324789183891923, 'D_low': 4.075267974954964, 'k2': 0.004940031671739378, 'D_high': 10316.033434719713, 'fire_exp': 1.0881360604103363, 'P_half': 215.55950571043874, 'pre_dampen_half': 805.2502904451399, 'gpp_af': 0.18148402127631746, 'gpp_b': 0.08040151168202724, 'gpp_d': 1.017352787351922, 'ign_k': 0.0026834162496848666, 'ign_c': 74.19780584302272}.
[I 2026-08-06 03:00:49,465] Trial 1162 finished with values: [-0.47636413354013474, 0.13273409258601432] and parameters: {'k1': 0.01889771394135163, 'D_low': 29.89885508829526, 'k2': 0.002935672965826306, 'D_high': 9769.756791866093, 'fire_exp': 1.0881360604103363, 'P_half': 215.55950571043874, 'pre_dampen_half': 100.0817391226047, 'gpp_af': 1.3725472882585024, 'gpp_b': 0.011750724729953272, 'gpp_d': 26.07917317941345, 'ign_k': 0.006548510655446338, 'ign_c': 6.160975294741436}.
[I 2026-08-06 03:00:50,997] Trial 1163 finished with values: [10.72282989652753, 10.72282989652753] and parameters: {'k1': 0.04897760278488444, 'D_low': 6.1642743507854245, 'k2': 0.0007081721844034209, 'D_high': 10316.033434719713, 'fire_exp': 1.0881360604103363, 'P_half': 12.808863354047988, 'pre_dampen_half': 107.40052367919465, 'gpp_af': 0.0048478428004036025, 'gpp_b': 0.08040151168202724, 'gpp_d': 5.878566318396007, 'ign_k': 0.6454459531371669, 'ign_c': 10.140635645866492}.
[I 2026-08-06 03:00:53,181] Trial 1164 finished with values: [10.04222711582573, 10.04222711582573] and parameters: {'k1': 0.0016608858962356998, 'D_low': 70.18267183720735, 'k2': 0.0022957398214549472, 'D_high': 12775.77960461496, 'fire_exp': 1.0881360604103363, 'P_half': 10.226988730324324, 'pre_dampen_half': 76.86605275420082, 'gpp_af': 1.3725472882585024, 'gpp_b': 0.024796579879439486, 'gpp_d': 4.5768578731086835, 'ign_k': 0.6454459531371669, 'ign_c': 10.140635645866492}.
[I 2026-08-06 03:00:54,831] Trial 1165 finished with values: [10.285164277643114, 10.285164277643114] and parameters: {'k1': 0.00324789183891923, 'D_low': 29.89885508829526, 'k2': 0.0007081721844034209, 'D_high': 2969.087094484682, 'fire_exp': 1.518582349269638, 'P_half': 2.157758652553991, 'pre_dampen_half': 76.86605275420082, 'gpp_af': 0.8942824595236101, 'gpp_b': 0.011750724729953272, 'gpp_d': 29.749683811098393, 'ign_k': 0.11101191524846071, 'ign_c': 9.34330265731847}.
[I 2026-08-06 03:00:56,465] Trial 1166 finished with values: [-0.486095745477528, 0.14833525119415936] and parameters: {'k1': 0.00324789183891923, 'D_low': 2.5449737887285035, 'k2': 0.0022957398214549472, 'D_high': 3121.3520322039926, 'fire_exp': 1.0881360604103363, 'P_half': 3.364457865463594, 'pre_dampen_half': 76.86605275420082, 'gpp_af': 1.3725472882585024, 'gpp_b': 0.008226792720717493, 'gpp_d': 26.07917317941345, 'ign_k': 0.6454459531371669, 'ign_c': 6.160975294741436}.
[I 2026-08-06 03:00:58,067] Trial 1167 finished with values: [10.1541956870367, 10.1541956870367] and parameters: {'k1': 0.04897760278488444, 'D_low': 29.89885508829526, 'k2': 0.004940031671739378, 'D_high': 10316.033434719713, 'fire_exp': 1.0881360604103363, 'P_half': 215.55950571043874, 'pre_dampen_half': 46.27607115144257, 'gpp_af': 0.47739011308437823, 'gpp_b': 0.08040151168202724, 'gpp_d': 5.878566318396007, 'ign_k': 0.29103270846582247, 'ign_c': 8.671454322584175}.
[I 2026-08-06 03:00:59,608] Trial 1168 finished with values: [-0.4866688857981192, 0.3097004045355465] and parameters: {'k1': 0.00324789183891923, 'D_low': 29.89885508829526, 'k2': 5.650656901535326e-05, 'D_high': 2969.087094484682, 'fire_exp': 1.0881360604103363, 'P_half': 215.55950571043874, 'pre_dampen_half': 304.7488318185732, 'gpp_af': 5.620854611217178, 'gpp_b': 0.011750724729953272, 'gpp_d': 368.30088529547436, 'ign_k': 0.6454459531371669, 'ign_c': 2.6396009423965827}.
[I 2026-08-06 03:01:01,289] Trial 1169 finished with values: [-0.4766367578857681, 0.11803267945466733] and parameters: {'k1': 0.01889771394135163, 'D_low': 29.89885508829526, 'k2': 0.002935672965826306, 'D_high': 6455.595882939566, 'fire_exp': 1.0881360604103363, 'P_half': 215.55950571043874, 'pre_dampen_half': 304.7488318185732, 'gpp_af': 1.3725472882585024, 'gpp_b': 0.008226792720717493, 'gpp_d': 4.5768578731086835, 'ign_k': 0.0035114452581286888, 'ign_c': 0.1457050032975653}.
[I 2026-08-06 03:01:02,844] Trial 1170 finished with values: [-0.493015644263299, 0.17782681030229996] and parameters: {'k1': 0.00324789183891923, 'D_low': 57.285769939950555, 'k2': 0.0022957398214549472, 'D_high': 7744.80118512745, 'fire_exp': 1.275453659678475, 'P_half': 215.55950571043874, 'pre_dampen_half': 304.7488318185732, 'gpp_af': 5.620854611217178, 'gpp_b': 0.011750724729953272, 'gpp_d': 368.30088529547436, 'ign_k': 0.0486276976221284, 'ign_c': 8.671454322584175}.
[I 2026-08-06 03:01:04,445] Trial 1171 finished with values: [-0.4816064348707294, 0.20692088810020115] and parameters: {'k1': 0.00324789183891923, 'D_low': 2.1234210963705626, 'k2': 0.013651083965650523, 'D_high': 8182.111518618414, 'fire_exp': 1.518582349269638, 'P_half': 12.808863354047988, 'pre_dampen_half': 805.2502904451399, 'gpp_af': 5.620854611217178, 'gpp_b': 0.021152372444252342, 'gpp_d': 368.30088529547436, 'ign_k': 0.014879588507790004, 'ign_c': 9.34330265731847}.
[I 2026-08-06 03:01:06,144] Trial 1172 finished with values: [10.09299698134289, 10.09299698134289] and parameters: {'k1': 0.00324789183891923, 'D_low': 29.89885508829526, 'k2': 0.0022957398214549472, 'D_high': 2969.087094484682, 'fire_exp': 1.0881360604103363, 'P_half': 12.808863354047988, 'pre_dampen_half': 107.40052367919465, 'gpp_af': 0.0048478428004036025, 'gpp_b': 1.0749238062021576e-05, 'gpp_d': 29.83701993880331, 'ign_k': 0.6454459531371669, 'ign_c': 10.140635645866492}.
[I 2026-08-06 03:01:07,902] Trial 1173 finished with values: [10.314175495542479, 10.314175495542479] and parameters: {'k1': 0.00324789183891923, 'D_low': 29.89885508829526, 'k2': 0.002935672965826306, 'D_high': 6455.595882939566, 'fire_exp': 1.0881360604103363, 'P_half': 147.09699119495133, 'pre_dampen_half': 805.2502904451399, 'gpp_af': 5.620854611217178, 'gpp_b': 0.3680819831637284, 'gpp_d': 2.893272120738162, 'ign_k': 0.0486276976221284, 'ign_c': 8.018119368890574}.
[I 2026-08-06 03:01:09,626] Trial 1174 finished with values: [10.678836236834776, 10.678836236834776] and parameters: {'k1': 0.00324789183891923, 'D_low': 1.2299210465793122, 'k2': 0.03210808548911189, 'D_high': 2969.087094484682, 'fire_exp': 1.0881360604103363, 'P_half': 215.55950571043874, 'pre_dampen_half': 304.7488318185732, 'gpp_af': 5.620854611217178, 'gpp_b': 0.008226792720717493, 'gpp_d': 0.015016086960969847, 'ign_k': 0.6454459531371669, 'ign_c': 10.140635645866492}.
[I 2026-08-06 03:01:11,561] Trial 1175 finished with values: [-0.4946366732844113, 0.055172487574307705] and parameters: {'k1': 0.00324789183891923, 'D_low': 2.458603276328005, 'k2': 0.002935672965826306, 'D_high': 2969.087094484682, 'fire_exp': 1.0881360604103363, 'P_half': 215.55950571043874, 'pre_dampen_half': 76.86605275420082, 'gpp_af': 0.8942824595236101, 'gpp_b': 0.011750724729953272, 'gpp_d': 29.749683811098393, 'ign_k': 0.9614686563869651, 'ign_c': 7.916322947490362}.
[I 2026-08-06 03:01:14,020] Trial 1176 finished with values: [-0.48712252307248793, 0.08385234440452904] and parameters: {'k1': 0.01889771394135163, 'D_low': 1.2299210465793122, 'k2': 0.03210808548911189, 'D_high': 2969.087094484682, 'fire_exp': 1.0881360604103363, 'P_half': 215.55950571043874, 'pre_dampen_half': 107.40052367919465, 'gpp_af': 1.3725472882585024, 'gpp_b': 0.008226792720717493, 'gpp_d': 29.83701993880331, 'ign_k': 0.6454459531371669, 'ign_c': 10.140635645866492}.
[I 2026-08-06 03:01:15,701] Trial 1177 finished with values: [10.754844468606905, 10.754844468606905] and parameters: {'k1': 0.00324789183891923, 'D_low': 6.455386366109263, 'k2': 0.0022957398214549472, 'D_high': 6455.595882939566, 'fire_exp': 9.079741411661926, 'P_half': 215.55950571043874, 'pre_dampen_half': 304.7488318185732, 'gpp_af': 1.3725472882585024, 'gpp_b': 0.008226792720717493, 'gpp_d': 4.5768578731086835, 'ign_k': 0.6454459531371669, 'ign_c': 0.1457050032975653}.
[I 2026-08-06 03:01:17,351] Trial 1178 finished with values: [-0.4751941622086145, 0.06924620204984677] and parameters: {'k1': 0.00324789183891923, 'D_low': 2.458603276328005, 'k2': 0.0022957398214549472, 'D_high': 6455.595882939566, 'fire_exp': 1.0881360604103363, 'P_half': 29.632139204027364, 'pre_dampen_half': 304.7488318185732, 'gpp_af': 0.010590622233713298, 'gpp_b': 0.0009153552948098625, 'gpp_d': 368.30088529547436, 'ign_k': 0.03033111747878116, 'ign_c': 7.916322947490362}.
[I 2026-08-06 03:01:18,886] Trial 1179 finished with values: [-0.4841248288266944, 0.04168548181721121] and parameters: {'k1': 0.00324789183891923, 'D_low': 29.89885508829526, 'k2': 0.0022957398214549472, 'D_high': 2969.087094484682, 'fire_exp': 1.0881360604103363, 'P_half': 10.226988730324324, 'pre_dampen_half': 107.40052367919465, 'gpp_af': 0.0055518823149351484, 'gpp_b': 0.00031478066835753096, 'gpp_d': 29.83701993880331, 'ign_k': 0.6454459531371669, 'ign_c': 10.140635645866492}.
[I 2026-08-06 03:01:20,467] Trial 1180 finished with values: [-0.49336663080991305, 0.37239419461908774] and parameters: {'k1': 0.01889771394135163, 'D_low': 29.89885508829526, 'k2': 0.00016688483049782368, 'D_high': 2969.087094484682, 'fire_exp': 1.0881360604103363, 'P_half': 215.55950571043874, 'pre_dampen_half': 107.40052367919465, 'gpp_af': 1.3725472882585024, 'gpp_b': 1.1008110571039521e-05, 'gpp_d': 4.5768578731086835, 'ign_k': 0.6454459531371669, 'ign_c': 10.140635645866492}.
[I 2026-08-06 03:01:22,264] Trial 1181 finished with values: [10.044383172143311, 10.044383172143311] and parameters: {'k1': 0.04897760278488444, 'D_low': 29.89885508829526, 'k2': 0.0022957398214549472, 'D_high': 2969.087094484682, 'fire_exp': 1.3239942327296237, 'P_half': 2.157758652553991, 'pre_dampen_half': 48.08505037156744, 'gpp_af': 24.16872883741271, 'gpp_b': 0.008226792720717493, 'gpp_d': 958.6756313271846, 'ign_k': 0.6454459531371669, 'ign_c': 7.916322947490362}.
[I 2026-08-06 03:01:23,914] Trial 1182 finished with values: [-0.48809216517786175, 0.08037409377991056] and parameters: {'k1': 0.00324789183891923, 'D_low': 2.458603276328005, 'k2': 0.0022957398214549472, 'D_high': 2969.087094484682, 'fire_exp': 1.0881360604103363, 'P_half': 215.55950571043874, 'pre_dampen_half': 304.7488318185732, 'gpp_af': 1.3725472882585024, 'gpp_b': 0.011750724729953272, 'gpp_d': 26.07917317941345, 'ign_k': 0.029732958317875816, 'ign_c': 6.160975294741436}.
[I 2026-08-06 03:01:25,553] Trial 1183 finished with values: [-0.48466509953802744, 0.03281100619819721] and parameters: {'k1': 0.00324789183891923, 'D_low': 2.458603276328005, 'k2': 0.0022957398214549472, 'D_high': 2969.087094484682, 'fire_exp': 1.151006986743773, 'P_half': 10.226988730324324, 'pre_dampen_half': 76.86605275420082, 'gpp_af': 0.0048478428004036025, 'gpp_b': 0.00031478066835753096, 'gpp_d': 4.5768578731086835, 'ign_k': 0.6454459531371669, 'ign_c': 6.160975294741436}.
[I 2026-08-06 03:01:27,230] Trial 1184 finished with values: [-0.4916954612946999, 0.25966072887915415] and parameters: {'k1': 0.01889771394135163, 'D_low': 70.18267183720735, 'k2': 0.0022957398214549472, 'D_high': 6455.595882939566, 'fire_exp': 1.0881360604103363, 'P_half': 215.55950571043874, 'pre_dampen_half': 76.86605275420082, 'gpp_af': 1.3725472882585024, 'gpp_b': 1.1008110571039521e-05, 'gpp_d': 4.5768578731086835, 'ign_k': 0.0035114452581286888, 'ign_c': 6.160975294741436}.
[I 2026-08-06 03:01:28,930] Trial 1185 finished with values: [10.031599111670811, 10.031599111670811] and parameters: {'k1': 0.00324789183891923, 'D_low': 29.89885508829526, 'k2': 0.0006229347004284254, 'D_high': 6455.595882939566, 'fire_exp': 1.0881360604103363, 'P_half': 215.55950571043874, 'pre_dampen_half': 805.2502904451399, 'gpp_af': 4.077131237195135, 'gpp_b': 0.00031478066835753096, 'gpp_d': 269.7608381628704, 'ign_k': 0.014879588507790004, 'ign_c': 8.671454322584175}.
[I 2026-08-06 03:01:30,596] Trial 1186 finished with values: [10.51495663447967, 10.51495663447967] and parameters: {'k1': 0.00324789183891923, 'D_low': 29.89885508829526, 'k2': 0.0022957398214549472, 'D_high': 6455.595882939566, 'fire_exp': 1.0881360604103363, 'P_half': 215.55950571043874, 'pre_dampen_half': 304.7488318185732, 'gpp_af': 0.010590622233713298, 'gpp_b': 0.011750724729953272, 'gpp_d': 4.5768578731086835, 'ign_k': 0.03033111747878116, 'ign_c': 8.671454322584175}.
