[I 2026-08-05 23:16:50,243] Trial 360 finished with values: [10.480534806453734, 10.480534806453734] and parameters: {'k1': 7.841214856323651e-05, 'D_low': 334.62201030483817, 'k2': 1.1184534120760473e-05, 'D_high': 75773.14388518519, 'fire_exp': 1.1670151053031461, 'P_half': 215.55950571043874, 'pre_dampen_half': 111.37963167994629, 'gpp_af': 11.234842109991876, 'gpp_b': 0.0025416076006960116, 'gpp_d': 5.878566318396007, 'ign_k': 0.3818468247973969, 'ign_c': 10.140635645866492}.
[I 2026-08-05 23:16:51,454] Trial 361 finished with values: [10.686286035113929, 10.686286035113929] and parameters: {'k1': 7.841214856323651e-05, 'D_low': 918.4900818511542, 'k2': 0.0007081721844034209, 'D_high': 6455.595882939566, 'fire_exp': 2.61565689708108, 'P_half': 10.226988730324324, 'pre_dampen_half': 304.7488318185732, 'gpp_af': 11.234842109991876, 'gpp_b': 1.8823910330650002, 'gpp_d': 368.30088529547436, 'ign_k': 0.11101191524846071, 'ign_c': 10.140635645866492}.
[I 2026-08-05 23:16:52,672] Trial 362 finished with values: [10.726247230789488, 10.726247230789488] and parameters: {'k1': 0.00013783578294796384, 'D_low': 918.4900818511542, 'k2': 1.1184534120760473e-05, 'D_high': 6455.595882939566, 'fire_exp': 3.1018148805490564, 'P_half': 12.808863354047988, 'pre_dampen_half': 304.7488318185732, 'gpp_af': 52.92490796395662, 'gpp_b': 0.006373956092838178, 'gpp_d': 368.30088529547436, 'ign_k': 8.761971101023693, 'ign_c': 8.671454322584175}.
[I 2026-08-05 23:16:53,847] Trial 363 finished with values: [10.634742256995018, 10.634742256995018] and parameters: {'k1': 0.0028421405887320826, 'D_low': 125.32726386250698, 'k2': 0.0022957398214549472, 'D_high': 10316.033434719713, 'fire_exp': 1.4690410989404576, 'P_half': 2.157758652553991, 'pre_dampen_half': 76.86605275420082, 'gpp_af': 90.33231300044888, 'gpp_b': 0.00012797528816608022, 'gpp_d': 0.11136446029400991, 'ign_k': 0.4702627143647234, 'ign_c': 10.140635645866492}.
[I 2026-08-05 23:16:55,049] Trial 364 finished with values: [10.60892395330227, 10.60892395330227] and parameters: {'k1': 0.002407354618388189, 'D_low': 2.1234210963705626, 'k2': 0.08894151386481904, 'D_high': 9769.756791866093, 'fire_exp': 1.1044852285094786, 'P_half': 10.226988730324324, 'pre_dampen_half': 0.14399867863160215, 'gpp_af': 51.72004221341863, 'gpp_b': 0.00012797528816608022, 'gpp_d': 857.4284557962634, 'ign_k': 0.04563289369649656, 'ign_c': 8.671454322584175}.
[I 2026-08-05 23:16:56,250] Trial 365 finished with values: [-0.5264087756227862, 0.6932073882726908] and parameters: {'k1': 0.008956420301712053, 'D_low': 125.32726386250698, 'k2': 0.0010204225357677778, 'D_high': 9769.756791866093, 'fire_exp': 1.1044852285094786, 'P_half': 13.019246714361572, 'pre_dampen_half': 703.6426675556048, 'gpp_af': 0.04339970334001348, 'gpp_b': 3.139005000572696e-05, 'gpp_d': 5.878566318396007, 'ign_k': 0.04563289369649656, 'ign_c': 12.37061744238074}.
[I 2026-08-05 23:16:57,435] Trial 366 finished with values: [10.297109518539115, 10.297109518539115] and parameters: {'k1': 0.002407354618388189, 'D_low': 396.8136435370147, 'k2': 1.4378290221680118e-05, 'D_high': 75773.14388518519, 'fire_exp': 1.0881360604103363, 'P_half': 13.019246714361572, 'pre_dampen_half': 304.7488318185732, 'gpp_af': 29.925002022877802, 'gpp_b': 0.011750724729953272, 'gpp_d': 10.931606102061748, 'ign_k': 0.04563289369649656, 'ign_c': 8.671454322584175}.
[I 2026-08-05 23:16:58,622] Trial 367 finished with values: [10.303319386786407, 10.303319386786407] and parameters: {'k1': 0.002971796631657383, 'D_low': 4.051452710153359, 'k2': 0.0007081721844034209, 'D_high': 1123.9682517242118, 'fire_exp': 1.0881360604103363, 'P_half': 8.369109437186466, 'pre_dampen_half': 36.876350096203005, 'gpp_af': 29.700320404259642, 'gpp_b': 0.011750724729953272, 'gpp_d': 857.4284557962634, 'ign_k': 0.8826264591983531, 'ign_c': 3.0378658251922155}.
[I 2026-08-05 23:16:59,791] Trial 368 finished with values: [10.38411466538505, 10.38411466538505] and parameters: {'k1': 0.008956420301712053, 'D_low': 125.32726386250698, 'k2': 0.031211489608802344, 'D_high': 48249.14281180252, 'fire_exp': 3.1018148805490564, 'P_half': 8.968733598183245, 'pre_dampen_half': 107.40052367919465, 'gpp_af': 0.5107061330406066, 'gpp_b': 0.00012797528816608022, 'gpp_d': 0.0763203160273735, 'ign_k': 0.34703605955441524, 'ign_c': 8.671454322584175}.
[I 2026-08-05 23:17:01,167] Trial 369 finished with values: [10.76206864107481, 10.76206864107481] and parameters: {'k1': 0.02641449645424223, 'D_low': 125.32726386250698, 'k2': 3.5917714215176105e-05, 'D_high': 9769.756791866093, 'fire_exp': 3.1018148805490564, 'P_half': 12.808863354047988, 'pre_dampen_half': 111.37963167994629, 'gpp_af': 11.234842109991876, 'gpp_b': 0.00012797528816608022, 'gpp_d': 0.12659922449669828, 'ign_k': 0.005568690083197025, 'ign_c': 8.671454322584175}.
[I 2026-08-05 23:17:02,416] Trial 370 finished with values: [10.195140642957908, 10.195140642957908] and parameters: {'k1': 0.002407354618388189, 'D_low': 1.1065812688893482, 'k2': 0.08894151386481904, 'D_high': 1024.9816559563214, 'fire_exp': 1.0881360604103363, 'P_half': 10.226988730324324, 'pre_dampen_half': 304.7488318185732, 'gpp_af': 0.015769192447197523, 'gpp_b': 0.00012797528816608022, 'gpp_d': 857.4284557962634, 'ign_k': 0.03141110271934876, 'ign_c': 9.34330265731847}.
[I 2026-08-05 23:17:03,602] Trial 371 finished with values: [10.103164864510148, 10.103164864510148] and parameters: {'k1': 7.841214856323651e-05, 'D_low': 334.62201030483817, 'k2': 1.1184534120760473e-05, 'D_high': 9769.756791866093, 'fire_exp': 1.1670151053031461, 'P_half': 8.968733598183245, 'pre_dampen_half': 703.6426675556048, 'gpp_af': 11.234842109991876, 'gpp_b': 3.139005000572696e-05, 'gpp_d': 79.05373031352391, 'ign_k': 0.3818468247973969, 'ign_c': 12.37061744238074}.
[I 2026-08-05 23:17:04,898] Trial 372 finished with values: [10.260625101800459, 10.260625101800459] and parameters: {'k1': 0.0002514786015817364, 'D_low': 918.4900818511542, 'k2': 0.08894151386481904, 'D_high': 75773.14388518519, 'fire_exp': 1.1044852285094786, 'P_half': 95.65499215943822, 'pre_dampen_half': 53.73093479067421, 'gpp_af': 92.21975850381763, 'gpp_b': 0.00012797528816608022, 'gpp_d': 20.54051942538844, 'ign_k': 0.11903394335305037, 'ign_c': 0.17036120617148395}.
[I 2026-08-05 23:17:06,069] Trial 373 finished with values: [10.153593866566517, 10.153593866566517] and parameters: {'k1': 0.02641449645424223, 'D_low': 2.1234210963705626, 'k2': 0.0010204225357677778, 'D_high': 48249.14281180252, 'fire_exp': 3.1018148805490564, 'P_half': 12.808863354047988, 'pre_dampen_half': 347.79988160923324, 'gpp_af': 5.511863475708366, 'gpp_b': 2.800940363375676e-05, 'gpp_d': 223.60515435267138, 'ign_k': 0.34703605955441524, 'ign_c': 8.671454322584175}.
[I 2026-08-05 23:17:07,223] Trial 374 finished with values: [-0.45549659356782257, 0.8329490086130176] and parameters: {'k1': 0.00013783578294796384, 'D_low': 918.4900818511542, 'k2': 1.1184534120760473e-05, 'D_high': 39.323386421481615, 'fire_exp': 1.010722707674549, 'P_half': 45.55085098454082, 'pre_dampen_half': 700.6693992445935, 'gpp_af': 5.511863475708366, 'gpp_b': 0.0002399125814348087, 'gpp_d': 368.30088529547436, 'ign_k': 8.761971101023693, 'ign_c': 10.140635645866492}.
[I 2026-08-05 23:17:08,378] Trial 375 finished with values: [10.452452317433217, 10.452452317433217] and parameters: {'k1': 0.008956420301712053, 'D_low': 125.32726386250698, 'k2': 3.5917714215176105e-05, 'D_high': 7744.80118512745, 'fire_exp': 1.182396148413737, 'P_half': 8.968733598183245, 'pre_dampen_half': 304.7488318185732, 'gpp_af': 10.25616274847308, 'gpp_b': 3.228689523591491e-05, 'gpp_d': 4.5768578731086835, 'ign_k': 0.0048255892187380085, 'ign_c': 3.0378658251922155}.
[I 2026-08-05 23:17:09,568] Trial 376 finished with values: [10.41339211045655, 10.41339211045655] and parameters: {'k1': 0.00324789183891923, 'D_low': 2.1234210963705626, 'k2': 0.031211489608802344, 'D_high': 48249.14281180252, 'fire_exp': 3.1018148805490564, 'P_half': 215.55950571043874, 'pre_dampen_half': 111.37963167994629, 'gpp_af': 11.234842109991876, 'gpp_b': 0.00012797528816608022, 'gpp_d': 223.60515435267138, 'ign_k': 0.34703605955441524, 'ign_c': 8.671454322584175}.
[I 2026-08-05 23:17:10,756] Trial 377 finished with values: [10.769230769178105, 10.769230769178105] and parameters: {'k1': 0.02641449645424223, 'D_low': 334.62201030483817, 'k2': 3.5917714215176105e-05, 'D_high': 34288.10943862523, 'fire_exp': 3.1018148805490564, 'P_half': 12.808863354047988, 'pre_dampen_half': 111.37963167994629, 'gpp_af': 11.234842109991876, 'gpp_b': 0.00012797528816608022, 'gpp_d': 223.60515435267138, 'ign_k': 0.34703605955441524, 'ign_c': 514.0544615226304}.
[I 2026-08-05 23:17:11,956] Trial 378 finished with values: [10.266867840454768, 10.266867840454768] and parameters: {'k1': 0.002407354618388189, 'D_low': 2.1234210963705626, 'k2': 0.031211489608802344, 'D_high': 26666.09148594752, 'fire_exp': 1.1044852285094786, 'P_half': 12.808863354047988, 'pre_dampen_half': 76.86605275420082, 'gpp_af': 5.511863475708366, 'gpp_b': 0.00012797528816608022, 'gpp_d': 0.11136446029400991, 'ign_k': 0.4702627143647234, 'ign_c': 8.671454322584175}.
[I 2026-08-05 23:17:13,129] Trial 379 finished with values: [10.249952119843842, 10.249952119843842] and parameters: {'k1': 0.025383218374507292, 'D_low': 2.1234210963705626, 'k2': 4.763991596630584e-05, 'D_high': 39.323386421481615, 'fire_exp': 1.010722707674549, 'P_half': 45.55085098454082, 'pre_dampen_half': 107.40052367919465, 'gpp_af': 5.511863475708366, 'gpp_b': 0.6637926838138378, 'gpp_d': 891.8036602897795, 'ign_k': 0.34703605955441524, 'ign_c': 8.671454322584175}.
[I 2026-08-05 23:17:14,284] Trial 380 finished with values: [10.744802665604155, 10.744802665604155] and parameters: {'k1': 0.002407354618388189, 'D_low': 1.1065812688893482, 'k2': 0.08894151386481904, 'D_high': 75773.14388518519, 'fire_exp': 1.0881360604103363, 'P_half': 9541.821559010194, 'pre_dampen_half': 347.79988160923324, 'gpp_af': 92.21975850381763, 'gpp_b': 0.011750724729953272, 'gpp_d': 5.878566318396007, 'ign_k': 0.03141110271934876, 'ign_c': 8.671454322584175}.
[I 2026-08-05 23:17:15,487] Trial 381 finished with values: [10.56267396397143, 10.56267396397143] and parameters: {'k1': 7.841214856323651e-05, 'D_low': 2.1234210963705626, 'k2': 1.1184534120760473e-05, 'D_high': 48249.14281180252, 'fire_exp': 1.1044852285094786, 'P_half': 4.397766894483963, 'pre_dampen_half': 703.6426675556048, 'gpp_af': 5.511863475708366, 'gpp_b': 7.402343469704428e-05, 'gpp_d': 0.07404167689653945, 'ign_k': 0.04563289369649656, 'ign_c': 10.140635645866492}.
[I 2026-08-05 23:17:16,689] Trial 382 finished with values: [-0.48619727448994077, 0.920083322801739] and parameters: {'k1': 0.002407354618388189, 'D_low': 1.2299210465793122, 'k2': 0.08894151386481904, 'D_high': 75773.14388518519, 'fire_exp': 1.010722707674549, 'P_half': 51.10120656497163, 'pre_dampen_half': 107.40052367919465, 'gpp_af': 0.5107061330406066, 'gpp_b': 3.228689523591491e-05, 'gpp_d': 5.878566318396007, 'ign_k': 0.031134168041628628, 'ign_c': 8.671454322584175}.
[I 2026-08-05 23:17:17,891] Trial 383 finished with values: [-0.4589289011800772, 0.8407723513010867] and parameters: {'k1': 0.0029707920514735983, 'D_low': 2.1234210963705626, 'k2': 1.1184534120760473e-05, 'D_high': 9769.756791866093, 'fire_exp': 1.151006986743773, 'P_half': 10.226988730324324, 'pre_dampen_half': 304.7488318185732, 'gpp_af': 5.511863475708366, 'gpp_b': 0.0006082667040432242, 'gpp_d': 368.30088529547436, 'ign_k': 0.11101191524846071, 'ign_c': 10.140635645866492}.
[I 2026-08-05 23:17:19,061] Trial 384 finished with values: [10.31452736543299, 10.31452736543299] and parameters: {'k1': 0.002407354618388189, 'D_low': 38.45635122720662, 'k2': 0.0007081721844034209, 'D_high': 75773.14388518519, 'fire_exp': 1.1044852285094786, 'P_half': 10.226988730324324, 'pre_dampen_half': 61.829022221636144, 'gpp_af': 92.21975850381763, 'gpp_b': 0.011750724729953272, 'gpp_d': 5.878566318396007, 'ign_k': 0.04563289369649656, 'ign_c': 8.671454322584175}.
[I 2026-08-05 23:17:20,234] Trial 385 finished with values: [10.557938014469972, 10.557938014469972] and parameters: {'k1': 0.00013783578294796384, 'D_low': 4.051452710153359, 'k2': 1.4378290221680118e-05, 'D_high': 9769.756791866093, 'fire_exp': 1.0881360604103363, 'P_half': 13.019246714361572, 'pre_dampen_half': 30.20668663862189, 'gpp_af': 0.005881383945248695, 'gpp_b': 3.139005000572696e-05, 'gpp_d': 857.4284557962634, 'ign_k': 0.04563289369649656, 'ign_c': 12.37061744238074}.
[I 2026-08-05 23:17:21,550] Trial 386 finished with values: [10.41103755521076, 10.41103755521076] and parameters: {'k1': 0.01833717796770997, 'D_low': 125.32726386250698, 'k2': 0.0007081721844034209, 'D_high': 9769.756791866093, 'fire_exp': 1.676642890914909, 'P_half': 8.968733598183245, 'pre_dampen_half': 107.40052367919465, 'gpp_af': 29.925002022877802, 'gpp_b': 0.011750724729953272, 'gpp_d': 3.032712462969173, 'ign_k': 0.34703605955441524, 'ign_c': 12.37061744238074}.
[I 2026-08-05 23:17:22,680] Trial 387 finished with values: [-0.48295999227118624, 0.9427227100050782] and parameters: {'k1': 0.00324789183891923, 'D_low': 125.32726386250698, 'k2': 0.00011939136672856547, 'D_high': 48249.14281180252, 'fire_exp': 1.0881360604103363, 'P_half': 7.857247967427123, 'pre_dampen_half': 304.7488318185732, 'gpp_af': 0.5107061330406066, 'gpp_b': 3.228689523591491e-05, 'gpp_d': 857.4284557962634, 'ign_k': 0.03141110271934876, 'ign_c': 8.671454322584175}.
[I 2026-08-05 23:17:23,816] Trial 388 finished with values: [10.416182526740243, 10.416182526740243] and parameters: {'k1': 0.0014057163351022498, 'D_low': 2.1234210963705626, 'k2': 1.1184534120760473e-05, 'D_high': 9769.756791866093, 'fire_exp': 1.0881360604103363, 'P_half': 235.37467825486968, 'pre_dampen_half': 304.7488318185732, 'gpp_af': 0.04339970334001348, 'gpp_b': 0.0006082667040432242, 'gpp_d': 368.30088529547436, 'ign_k': 0.03141110271934876, 'ign_c': 2.4287565087611744}.
[I 2026-08-05 23:17:24,960] Trial 389 finished with values: [-0.47031977745131454, 0.9534779794590962] and parameters: {'k1': 0.002407354618388189, 'D_low': 1.4045842344024697, 'k2': 0.031211489608802344, 'D_high': 75773.14388518519, 'fire_exp': 1.1258453832483524, 'P_half': 13.019246714361572, 'pre_dampen_half': 703.6426675556048, 'gpp_af': 0.5107061330406066, 'gpp_b': 3.139005000572696e-05, 'gpp_d': 5.878566318396007, 'ign_k': 0.04563289369649656, 'ign_c': 12.37061744238074}.
[I 2026-08-05 23:17:26,107] Trial 390 finished with values: [10.7109237855583, 10.7109237855583] and parameters: {'k1': 0.0004846497679219079, 'D_low': 4.051452710153359, 'k2': 0.0007081721844034209, 'D_high': 9769.756791866093, 'fire_exp': 3.8026487174187142, 'P_half': 10.226988730324324, 'pre_dampen_half': 304.7488318185732, 'gpp_af': 29.925002022877802, 'gpp_b': 0.011750724729953272, 'gpp_d': 368.30088529547436, 'ign_k': 0.03141110271934876, 'ign_c': 3.0378658251922155}.
[I 2026-08-05 23:17:27,250] Trial 391 finished with values: [10.668726671109868, 10.668726671109868] and parameters: {'k1': 2.3224552232891533e-05, 'D_low': 3234.7703263192993, 'k2': 0.0007081721844034209, 'D_high': 9769.756791866093, 'fire_exp': 1.0881360604103363, 'P_half': 12.808863354047988, 'pre_dampen_half': 0.21281400894533783, 'gpp_af': 29.925002022877802, 'gpp_b': 0.00012797528816608022, 'gpp_d': 857.4284557962634, 'ign_k': 0.03141110271934876, 'ign_c': 8.671454322584175}.
[I 2026-08-05 23:17:28,380] Trial 392 finished with values: [10.056795039587563, 10.056795039587563] and parameters: {'k1': 0.008956420301712053, 'D_low': 9.330007965781027, 'k2': 0.0007081721844034209, 'D_high': 75773.14388518519, 'fire_exp': 1.182396148413737, 'P_half': 13.019246714361572, 'pre_dampen_half': 347.79988160923324, 'gpp_af': 0.001339466259146302, 'gpp_b': 3.139005000572696e-05, 'gpp_d': 4.5768578731086835, 'ign_k': 0.0048255892187380085, 'ign_c': 2.4287565087611744}.
[I 2026-08-05 23:17:29,517] Trial 393 finished with values: [10.769082528671102, 10.769082528671102] and parameters: {'k1': 0.025383218374507292, 'D_low': 1.1065812688893482, 'k2': 0.0001870742013766025, 'D_high': 32.96550135838091, 'fire_exp': 7.7401268792356985, 'P_half': 10.226988730324324, 'pre_dampen_half': 703.6426675556048, 'gpp_af': 29.925002022877802, 'gpp_b': 0.011750724729953272, 'gpp_d': 891.8036602897795, 'ign_k': 0.031134168041628628, 'ign_c': 0.773448215664679}.
[I 2026-08-05 23:17:30,684] Trial 394 finished with values: [10.688026139163858, 10.688026139163858] and parameters: {'k1': 0.002407354618388189, 'D_low': 1.4045842344024697, 'k2': 0.08894151386481904, 'D_high': 75773.14388518519, 'fire_exp': 1.182396148413737, 'P_half': 6646.698709242519, 'pre_dampen_half': 347.79988160923324, 'gpp_af': 0.001339466259146302, 'gpp_b': 7.402343469704428e-05, 'gpp_d': 5.878566318396007, 'ign_k': 0.03141110271934876, 'ign_c': 0.3528113274684997}.
[I 2026-08-05 23:17:31,834] Trial 395 finished with values: [-0.573889976323059, 0.5808666206402505] and parameters: {'k1': 0.002407354618388189, 'D_low': 1.4045842344024697, 'k2': 0.08894151386481904, 'D_high': 75773.14388518519, 'fire_exp': 1.1044852285094786, 'P_half': 12.808863354047988, 'pre_dampen_half': 347.79988160923324, 'gpp_af': 0.001339466259146302, 'gpp_b': 7.402343469704428e-05, 'gpp_d': 5.878566318396007, 'ign_k': 0.13054148118849407, 'ign_c': 8.671454322584175}.
[I 2026-08-05 23:17:32,986] Trial 396 finished with values: [10.121512627370375, 10.121512627370375] and parameters: {'k1': 0.0005486676498816061, 'D_low': 1.4045842344024697, 'k2': 0.031211489608802344, 'D_high': 830.8114652888394, 'fire_exp': 1.1258453832483524, 'P_half': 13.019246714361572, 'pre_dampen_half': 304.7488318185732, 'gpp_af': 20.44739969013527, 'gpp_b': 3.481277316673104e-05, 'gpp_d': 150.14555442537656, 'ign_k': 8.761971101023693, 'ign_c': 1.5061320080433496}.
[I 2026-08-05 23:17:34,103] Trial 397 finished with values: [-0.48348061256247493, 0.8254803106740967] and parameters: {'k1': 0.0005486676498816061, 'D_low': 4.051452710153359, 'k2': 0.0007081721844034209, 'D_high': 17300.724838654387, 'fire_exp': 1.0881360604103363, 'P_half': 10.226988730324324, 'pre_dampen_half': 304.7488318185732, 'gpp_af': 29.925002022877802, 'gpp_b': 0.011750724729953272, 'gpp_d': 857.4284557962634, 'ign_k': 0.03141110271934876, 'ign_c': 1.5061320080433496}.
[I 2026-08-05 23:17:35,243] Trial 398 finished with values: [10.033088547065638, 10.033088547065638] and parameters: {'k1': 0.00013783578294796384, 'D_low': 2.1234210963705626, 'k2': 0.0007081721844034209, 'D_high': 9769.756791866093, 'fire_exp': 1.0881360604103363, 'P_half': 10.226988730324324, 'pre_dampen_half': 304.7488318185732, 'gpp_af': 5.511863475708366, 'gpp_b': 0.6637926838138378, 'gpp_d': 857.4284557962634, 'ign_k': 0.34703605955441524, 'ign_c': 8.671454322584175}.
[I 2026-08-05 23:17:36,452] Trial 399 finished with values: [10.759686689227348, 10.759686689227348] and parameters: {'k1': 0.00013783578294796384, 'D_low': 1.4045842344024697, 'k2': 4.763991596630584e-05, 'D_high': 39.323386421481615, 'fire_exp': 1.010722707674549, 'P_half': 13.019246714361572, 'pre_dampen_half': 107.40052367919465, 'gpp_af': 0.015769192447197523, 'gpp_b': 0.6637926838138378, 'gpp_d': 2.8006820077310213, 'ign_k': 8.761971101023693, 'ign_c': 8.671454322584175}.
[I 2026-08-05 23:17:37,617] Trial 400 finished with values: [10.644767550508249, 10.644767550508249] and parameters: {'k1': 0.002407354618388189, 'D_low': 1.4045842344024697, 'k2': 0.031211489608802344, 'D_high': 9769.756791866093, 'fire_exp': 1.1258453832483524, 'P_half': 417.79950639915216, 'pre_dampen_half': 304.7488318185732, 'gpp_af': 0.5107061330406066, 'gpp_b': 0.011750724729953272, 'gpp_d': 0.11136446029400991, 'ign_k': 0.03141110271934876, 'ign_c': 8.671454322584175}.
[I 2026-08-05 23:17:38,777] Trial 401 finished with values: [-0.48123461771067266, 0.916691990581179] and parameters: {'k1': 0.02641449645424223, 'D_low': 2.1234210963705626, 'k2': 1.1184534120760473e-05, 'D_high': 48249.14281180252, 'fire_exp': 1.1670151053031461, 'P_half': 8.968733598183245, 'pre_dampen_half': 107.40052367919465, 'gpp_af': 5.511863475708366, 'gpp_b': 0.00012797528816608022, 'gpp_d': 5.679195944606101, 'ign_k': 0.3818468247973969, 'ign_c': 8.671454322584175}.
[I 2026-08-05 23:17:39,942] Trial 402 finished with values: [-0.518363324404534, 0.9358741213662979] and parameters: {'k1': 0.002407354618388189, 'D_low': 334.62201030483817, 'k2': 0.0007081721844034209, 'D_high': 30227.031291375773, 'fire_exp': 1.0881360604103363, 'P_half': 12.808863354047988, 'pre_dampen_half': 111.37963167994629, 'gpp_af': 29.925002022877802, 'gpp_b': 0.011750724729953272, 'gpp_d': 223.60515435267138, 'ign_k': 8.761971101023693, 'ign_c': 0.9294394155644988}.
[I 2026-08-05 23:17:41,116] Trial 403 finished with values: [10.141953019579955, 10.141953019579955] and parameters: {'k1': 0.008956420301712053, 'D_low': 125.32726386250698, 'k2': 1.1184534120760473e-05, 'D_high': 9769.756791866093, 'fire_exp': 1.1044852285094786, 'P_half': 2.2281634177046414, 'pre_dampen_half': 700.6693992445935, 'gpp_af': 0.04339970334001348, 'gpp_b': 3.139005000572696e-05, 'gpp_d': 368.30088529547436, 'ign_k': 0.04563289369649656, 'ign_c': 12.37061744238074}.
[I 2026-08-05 23:17:42,396] Trial 404 finished with values: [10.397877715588137, 10.397877715588137] and parameters: {'k1': 0.02641449645424223, 'D_low': 1.2299210465793122, 'k2': 0.031211489608802344, 'D_high': 75773.14388518519, 'fire_exp': 1.010722707674549, 'P_half': 11.877073321543955, 'pre_dampen_half': 107.40052367919465, 'gpp_af': 0.5107061330406066, 'gpp_b': 0.00012797528816608022, 'gpp_d': 223.60515435267138, 'ign_k': 5.9736167866478125, 'ign_c': 8.671454322584175}.
