[I 2026-08-19 17:01:29,760] Trial 115 finished with value: 0.5742144615875981 and parameters: {'k1': 0.005429378647906294, 'D_low': 31368.31524090266, 'k2': 0.08057749926167566, 'D_high': 2469834.031840366, 'fire_exp': 2.258466516550936, 'P_half': 11.016425168325561, 'pre_dampen_half': 0.010972780678730077, 'gpp_af': 5.832852349340636, 'gpp_b': 0.036406950042719606, 'gpp_d': 3.2666908731494764, 'ign_k': 0.3699527575758183, 'ign_c': 0.15788006694398676, 'trop_agb_crit': 4.913305819687817, 'trop_k_veg': 0.6478711311768846, 'pop_amp': 2.8460551230076603, 'pop_peak': 0.2951488954754516, 'pop_sig': 1.4630015436509973, 'fuel_k': 0.28060054319491007, 'fuel_half': 79.53131869794566}. Best is trial 0 with value: -0.6094076133578652.
[I 2026-08-19 17:01:31,422] Trial 116 finished with value: 0.42363173898064355 and parameters: {'k1': 4.1356188063232625e-05, 'D_low': 909.3896714809731, 'k2': 0.002447005725822238, 'D_high': 898140.4989925735, 'fire_exp': 1.4086431553987604, 'P_half': 208.28057595851155, 'pre_dampen_half': 2.984526177148118, 'gpp_af': 0.40117474787071766, 'gpp_b': 4.572969405459827e-05, 'gpp_d': 19.307010464531867, 'ign_k': 0.3070868421462385, 'ign_c': 0.20856442116732585, 'trop_agb_crit': 10.713854539182543, 'trop_k_veg': 0.7681239202703288, 'pop_amp': 0.4611750292590152, 'pop_peak': 0.16361794338316338, 'pop_sig': 1.312575338099136, 'fuel_k': 0.08978648350909692, 'fuel_half': 18.726472860654496}. Best is trial 0 with value: -0.6094076133578652.
[I 2026-08-19 17:01:33,109] Trial 117 finished with value: 0.585908036431088 and parameters: {'k1': 0.0033565285638770728, 'D_low': 25036.893652809813, 'k2': 0.0004293620470058245, 'D_high': 80852.171456025, 'fire_exp': 2.2912144258351286, 'P_half': 423.00787754085394, 'pre_dampen_half': 1.8508796605470106, 'gpp_af': 11.799409277673949, 'gpp_b': 0.0008714756310466993, 'gpp_d': 797.460525335637, 'ign_k': 0.8017079484165063, 'ign_c': 0.15743372644148165, 'trop_agb_crit': 3.479193088960901, 'trop_k_veg': 1.2657005524449123, 'pop_amp': 3.5062346975620162, 'pop_peak': 0.11512675311958241, 'pop_sig': 0.6364493833981006, 'fuel_k': 0.2792002016449478, 'fuel_half': 89.60917124172416}. Best is trial 0 with value: -0.6094076133578652.
  trial  118/2500  best_overall=0.6094  (3.2 min)
[I 2026-08-19 17:01:34,848] Trial 118 finished with value: -0.5494637151602346 and parameters: {'k1': 0.06572991194895018, 'D_low': 1115.1342045430936, 'k2': 3.160624359107678e-05, 'D_high': 128447.45623322867, 'fire_exp': 2.025562044269078, 'P_half': 12.179957938861225, 'pre_dampen_half': 0.40525232812696943, 'gpp_af': 0.02218392256156652, 'gpp_b': 1.6227863570107515e-05, 'gpp_d': 108.1150156517569, 'ign_k': 1.5547983258047486, 'ign_c': 0.24174037858746472, 'trop_agb_crit': 2.0764076807871312, 'trop_k_veg': 1.6832238916999942, 'pop_amp': 1.249863607533898, 'pop_peak': 0.344716932225641, 'pop_sig': 0.9921809938549344, 'fuel_k': 0.1471176739918537, 'fuel_half': 16.213681335857704}. Best is trial 0 with value: -0.6094076133578652.
[I 2026-08-19 17:01:36,570] Trial 119 finished with value: 0.49765816537949414 and parameters: {'k1': 0.01845347269897609, 'D_low': 25.444754170512983, 'k2': 1.2023384946334349e-05, 'D_high': 6623437.178023262, 'fire_exp': 1.7516334456510516, 'P_half': 8.615890668356494, 'pre_dampen_half': 1.3668940945180295, 'gpp_af': 0.056405874098508155, 'gpp_b': 0.0002923828597131467, 'gpp_d': 778.1093605749434, 'ign_k': 0.2468085594886119, 'ign_c': 0.2837894923229115, 'trop_agb_crit': 4.165377758852061, 'trop_k_veg': 1.1562622946276935, 'pop_amp': 4.643379487545089, 'pop_peak': 0.18259091385304757, 'pop_sig': 1.1381679469766732, 'fuel_k': 0.1481733146168852, 'fuel_half': 4.180736376977201}. Best is trial 0 with value: -0.6094076133578652.
[I 2026-08-19 17:01:38,360] Trial 120 finished with value: 0.4289367466722982 and parameters: {'k1': 0.05403893425121021, 'D_low': 3441.3052299972933, 'k2': 0.0009775385110630127, 'D_high': 155385.73613338065, 'fire_exp': 2.180681614132069, 'P_half': 16.144804783742554, 'pre_dampen_half': 0.4394056591743902, 'gpp_af': 0.0011409952461217542, 'gpp_b': 1.4668294763493406e-05, 'gpp_d': 58.87902054519603, 'ign_k': 0.31047490192119553, 'ign_c': 0.18365307657569332, 'trop_agb_crit': 1.9376914523456477, 'trop_k_veg': 0.9522170746857481, 'pop_amp': 1.4686887368983754, 'pop_peak': 2.4350914090702793, 'pop_sig': 1.3894175740238432, 'fuel_k': 0.3857706499422181, 'fuel_half': 0.9724357961128961}. Best is trial 0 with value: -0.6094076133578652.
[I 2026-08-19 17:01:40,264] Trial 121 finished with value: 0.4312676780539504 and parameters: {'k1': 0.07580790367241459, 'D_low': 143.04733513222772, 'k2': 0.006460636727397748, 'D_high': 1021197.0263971301, 'fire_exp': 1.9612989867463797, 'P_half': 29.158413449115624, 'pre_dampen_half': 0.3830186934370883, 'gpp_af': 0.3804305734598936, 'gpp_b': 8.574448592903605e-05, 'gpp_d': 13.685215086203828, 'ign_k': 0.3327760327046983, 'ign_c': 0.9500637679520756, 'trop_agb_crit': 2.5881001381622815, 'trop_k_veg': 1.061819266666908, 'pop_amp': 2.5756265778763754, 'pop_peak': 0.47948183206771205, 'pop_sig': 0.7457493896406542, 'fuel_k': 0.015926919206679317, 'fuel_half': 56.74027679883673}. Best is trial 0 with value: -0.6094076133578652.
[I 2026-08-19 17:01:42,073] Trial 122 finished with value: 0.6299199175267924 and parameters: {'k1': 0.044280363425265395, 'D_low': 83658.00336454241, 'k2': 7.939209545542604e-05, 'D_high': 98724.83694746188, 'fire_exp': 2.05169646520841, 'P_half': 10.933778645724455, 'pre_dampen_half': 0.11794918118053928, 'gpp_af': 0.24608330643185955, 'gpp_b': 4.252135126233529e-05, 'gpp_d': 126.84202207557372, 'ign_k': 3.802179064596679, 'ign_c': 0.2922080507437871, 'trop_agb_crit': 1.6356288658600215, 'trop_k_veg': 1.44311151013427, 'pop_amp': 4.387847179037934, 'pop_peak': 38.71647295264697, 'pop_sig': 1.1712110295699387, 'fuel_k': 0.3791940143017848, 'fuel_half': 46.003077151618356}. Best is trial 0 with value: -0.6094076133578652.
[I 2026-08-19 17:01:43,961] Trial 123 finished with value: 0.6157603660105657 and parameters: {'k1': 0.033262391093379716, 'D_low': 40595.21932887856, 'k2': 0.0013680278471179942, 'D_high': 1134633.919764472, 'fire_exp': 1.2020951712835137, 'P_half': 1.7558483815780526, 'pre_dampen_half': 0.49962331294501566, 'gpp_af': 11.87178452537946, 'gpp_b': 0.00010260941315313717, 'gpp_d': 11.7647141568604, 'ign_k': 1.2284593367935708, 'ign_c': 0.8907562896401535, 'trop_agb_crit': 3.554336332188648, 'trop_k_veg': 1.1071450152805837, 'pop_amp': 17.959611196573434, 'pop_peak': 0.2956116987989386, 'pop_sig': 1.0158881497353194, 'fuel_k': 0.07384123407621385, 'fuel_half': 19.320896319470133}. Best is trial 0 with value: -0.6094076133578652.
[I 2026-08-19 17:01:46,969] Trial 124 finished with value: 0.5763288109308309 and parameters: {'k1': 0.016214511811145353, 'D_low': 1340.8136393139791, 'k2': 4.3058244837616286e-05, 'D_high': 75626.7487871219, 'fire_exp': 2.1456155055863815, 'P_half': 830.312798026725, 'pre_dampen_half': 0.361652539506689, 'gpp_af': 0.06108247678752591, 'gpp_b': 5.726863080828965e-05, 'gpp_d': 11.230312103195379, 'ign_k': 0.9622195953103254, 'ign_c': 2.246461815562587, 'trop_agb_crit': 7.112581990612169, 'trop_k_veg': 1.7935221470184557, 'pop_amp': 0.05069537704914248, 'pop_peak': 0.6721783161181515, 'pop_sig': 0.7813531388252046, 'fuel_k': 0.1667875871392229, 'fuel_half': 10.204380437386396}. Best is trial 0 with value: -0.6094076133578652.
[I 2026-08-19 17:01:48,947] Trial 125 finished with value: 0.6439408095723427 and parameters: {'k1': 0.0028281944025646843, 'D_low': 678768.6543861252, 'k2': 0.002668427993931801, 'D_high': 4259252.282953225, 'fire_exp': 1.0456411565945536, 'P_half': 178.087073248775, 'pre_dampen_half': 16.186866371743104, 'gpp_af': 19.760072667083353, 'gpp_b': 4.638304925710687e-05, 'gpp_d': 110.97425190217862, 'ign_k': 9.426567013531779, 'ign_c': 1.0008211657177648, 'trop_agb_crit': 1.0407133255316883, 'trop_k_veg': 1.4921633957138558, 'pop_amp': 0.16469679022804576, 'pop_peak': 0.10193707994949223, 'pop_sig': 0.7306043659301427, 'fuel_k': 0.03581964413399457, 'fuel_half': 88.36191110087273}. Best is trial 0 with value: -0.6094076133578652.
[I 2026-08-19 17:01:51,024] Trial 126 finished with value: 0.5657775753180054 and parameters: {'k1': 0.03180078261962662, 'D_low': 4329.596793195756, 'k2': 0.008515367275873632, 'D_high': 2617391.5789256617, 'fire_exp': 1.5589609054089815, 'P_half': 53.03529751745085, 'pre_dampen_half': 0.019454022371853737, 'gpp_af': 0.25553457699181026, 'gpp_b': 0.002728468581924299, 'gpp_d': 0.234774899800092, 'ign_k': 0.02818096929873746, 'ign_c': 0.12408930435182446, 'trop_agb_crit': 7.107846729918857, 'trop_k_veg': 0.6739742055959641, 'pop_amp': 3.4274270271911744, 'pop_peak': 0.19392089819170724, 'pop_sig': 0.8195223543790411, 'fuel_k': 0.03751624619312509, 'fuel_half': 57.676371792842446}. Best is trial 0 with value: -0.6094076133578652.
[I 2026-08-19 17:01:52,663] Trial 127 finished with value: 0.5714470854161463 and parameters: {'k1': 0.002707515361258149, 'D_low': 59.87704942834641, 'k2': 4.75398416554539e-05, 'D_high': 11299.260486033476, 'fire_exp': 2.4855778556825667, 'P_half': 6.325365130017553, 'pre_dampen_half': 2.2591588780830936, 'gpp_af': 0.04224817107447742, 'gpp_b': 2.7559447787691965e-05, 'gpp_d': 312.93338844235853, 'ign_k': 3.2129368591386753, 'ign_c': 1.2896332866288815, 'trop_agb_crit': 2.4204192496862262, 'trop_k_veg': 1.6126782579492904, 'pop_amp': 1.763536248773635, 'pop_peak': 0.3228795350698319, 'pop_sig': 0.9175413990323635, 'fuel_k': 0.649376367302723, 'fuel_half': 23.18830587518019}. Best is trial 0 with value: -0.6094076133578652.
[I 2026-08-19 17:01:54,234] Trial 128 finished with value: 0.5818584052005163 and parameters: {'k1': 7.332652160999399e-05, 'D_low': 103502.17115063583, 'k2': 0.08947386681716062, 'D_high': 6292480.74600054, 'fire_exp': 1.441847125244191, 'P_half': 135.1333363843096, 'pre_dampen_half': 0.8801524376600985, 'gpp_af': 0.03682205031699836, 'gpp_b': 0.0022887857089696124, 'gpp_d': 44.69161779191911, 'ign_k': 3.9586499199909504, 'ign_c': 0.5614179032901964, 'trop_agb_crit': 3.328096056714566, 'trop_k_veg': 0.7614433644055293, 'pop_amp': 0.23952310540219235, 'pop_peak': 0.16529891138777705, 'pop_sig': 1.0789639681914787, 'fuel_k': 0.05234328389041883, 'fuel_half': 41.00159240824215}. Best is trial 0 with value: -0.6094076133578652.
  trial  129/2500  best_overall=0.6094  (3.5 min)
[I 2026-08-19 17:01:55,943] Trial 129 finished with value: -0.5187901389676302 and parameters: {'k1': 0.00019655993283059395, 'D_low': 203.83917036434832, 'k2': 0.00037857018352640827, 'D_high': 183341.92125287527, 'fire_exp': 1.018225760113863, 'P_half': 1.6108945865034465, 'pre_dampen_half': 1.1359077141710225, 'gpp_af': 0.0935096081970862, 'gpp_b': 0.033632827168117975, 'gpp_d': 5.974753583972373, 'ign_k': 0.17331499340473858, 'ign_c': 0.8807577782641709, 'trop_agb_crit': 5.389320841909631, 'trop_k_veg': 0.7015853166279653, 'pop_amp': 0.10228603152875511, 'pop_peak': 0.9698759489131072, 'pop_sig': 1.06192148533626, 'fuel_k': 0.10125992905514329, 'fuel_half': 87.2045775147296}. Best is trial 0 with value: -0.6094076133578652.
[I 2026-08-19 17:01:57,618] Trial 130 finished with value: 0.6010714129258833 and parameters: {'k1': 0.0003359609242047641, 'D_low': 332.4088183113373, 'k2': 2.7353407905324793e-05, 'D_high': 158344.70748102793, 'fire_exp': 1.3860977624512292, 'P_half': 8.84240478012174, 'pre_dampen_half': 6.710807884180469, 'gpp_af': 0.001502557443355664, 'gpp_b': 2.33635664201714, 'gpp_d': 49.466490853515836, 'ign_k': 0.017456683849988993, 'ign_c': 1.1363346609312495, 'trop_agb_crit': 4.057932748637716, 'trop_k_veg': 0.625191187263806, 'pop_amp': 0.24322826858235075, 'pop_peak': 0.1329645896433295, 'pop_sig': 2.3400766439782847, 'fuel_k': 0.021053505237472278, 'fuel_half': 62.932637331772234}. Best is trial 0 with value: -0.6094076133578652.
[I 2026-08-19 17:01:59,222] Trial 131 finished with value: 0.5424734583803901 and parameters: {'k1': 0.015947377736682367, 'D_low': 21024.901568709138, 'k2': 0.0015172045103485172, 'D_high': 287350.8890586646, 'fire_exp': 1.9619921989962836, 'P_half': 31.44678809504941, 'pre_dampen_half': 0.34912481465732736, 'gpp_af': 0.7843036922326533, 'gpp_b': 6.0212992238841166e-05, 'gpp_d': 1.0651784308627967, 'ign_k': 7.638401647951344, 'ign_c': 0.596762513282419, 'trop_agb_crit': 3.067305856128167, 'trop_k_veg': 0.877981897855372, 'pop_amp': 0.02321085622283236, 'pop_peak': 0.11105756681072283, 'pop_sig': 0.558569145632277, 'fuel_k': 0.12473768253556133, 'fuel_half': 8.445781469045993}. Best is trial 0 with value: -0.6094076133578652.
[I 2026-08-19 17:02:00,828] Trial 132 finished with value: 0.5750083715918664 and parameters: {'k1': 0.001639446688499843, 'D_low': 1373.1464045144878, 'k2': 5.685683839985319e-05, 'D_high': 20557.369684717094, 'fire_exp': 1.2031097815526317, 'P_half': 1.1134381932187905, 'pre_dampen_half': 0.16007603590259384, 'gpp_af': 0.026889690628474395, 'gpp_b': 0.010770668269126255, 'gpp_d': 33.48228197448622, 'ign_k': 0.49746318962471225, 'ign_c': 0.24836868632285403, 'trop_agb_crit': 9.052257713054617, 'trop_k_veg': 0.7490541895819709, 'pop_amp': 0.11473057480823695, 'pop_peak': 5.619195815780061, 'pop_sig': 0.7393208462768607, 'fuel_k': 0.028780427718036135, 'fuel_half': 14.827872981759151}. Best is trial 0 with value: -0.6094076133578652.
[I 2026-08-19 17:02:02,423] Trial 133 finished with value: 0.5216783373485863 and parameters: {'k1': 0.021768824891974983, 'D_low': 1319.674662043834, 'k2': 1.6620892767294533e-05, 'D_high': 724709.160023107, 'fire_exp': 3.4646897856787113, 'P_half': 75.98462151827353, 'pre_dampen_half': 0.6671525100117464, 'gpp_af': 0.005930744189931292, 'gpp_b': 4.4952640697827785e-05, 'gpp_d': 185.87438326593843, 'ign_k': 7.6923494493692735, 'ign_c': 3.5047925414683623, 'trop_agb_crit': 1.9646354967872943, 'trop_k_veg': 0.8427902486031723, 'pop_amp': 0.8101384883639912, 'pop_peak': 0.1362167567578922, 'pop_sig': 0.7874940028883338, 'fuel_k': 0.08247088861810219, 'fuel_half': 4.700488428280198}. Best is trial 0 with value: -0.6094076133578652.
[I 2026-08-19 17:02:03,976] Trial 134 finished with value: 0.5152986878341824 and parameters: {'k1': 0.04926594764828648, 'D_low': 8077.459633578006, 'k2': 3.4028785028825914e-05, 'D_high': 109720.26912652412, 'fire_exp': 1.0657202869115072, 'P_half': 23.568523417713962, 'pre_dampen_half': 0.14219239385563662, 'gpp_af': 0.022968495300864568, 'gpp_b': 4.7734045989557466e-05, 'gpp_d': 7.180776410757824, 'ign_k': 5.903032425381403, 'ign_c': 0.14150160174864712, 'trop_agb_crit': 2.298863991174544, 'trop_k_veg': 2.6486162831113846, 'pop_amp': 0.5392226900912322, 'pop_peak': 0.10366634986703774, 'pop_sig': 0.6733850267531757, 'fuel_k': 0.5929720942209326, 'fuel_half': 52.19147614850011}. Best is trial 0 with value: -0.6094076133578652.
[I 2026-08-19 17:02:05,573] Trial 135 finished with value: 0.6068278868917465 and parameters: {'k1': 0.0002199558801378353, 'D_low': 74.02157367994793, 'k2': 0.0015619562131650173, 'D_high': 6125062.700310343, 'fire_exp': 1.2641687019567405, 'P_half': 1.2999148765555875, 'pre_dampen_half': 0.09623697204845648, 'gpp_af': 10.769273039395973, 'gpp_b': 1.2213113651373149, 'gpp_d': 0.26837416753370635, 'ign_k': 0.07757103833877493, 'ign_c': 1.1963122711380443, 'trop_agb_crit': 5.770776083458863, 'trop_k_veg': 0.9853275238064183, 'pop_amp': 0.5120488112837172, 'pop_peak': 7.461781434584251, 'pop_sig': 1.3871293400308915, 'fuel_k': 0.08252046514954568, 'fuel_half': 27.836962943452942}. Best is trial 0 with value: -0.6094076133578652.
[I 2026-08-19 17:02:07,143] Trial 136 finished with value: 0.49697342107905784 and parameters: {'k1': 0.016330398868949113, 'D_low': 257.3487386396334, 'k2': 0.02470697220744337, 'D_high': 2051911.3238668551, 'fire_exp': 1.372734271489343, 'P_half': 54.23278165892211, 'pre_dampen_half': 0.12707401246926442, 'gpp_af': 10.827724133905814, 'gpp_b': 0.0075438090798124625, 'gpp_d': 0.7760756820099008, 'ign_k': 5.710326231303846, 'ign_c': 0.14683630290499913, 'trop_agb_crit': 3.7355690845584935, 'trop_k_veg': 1.2927448624210045, 'pop_amp': 1.9883765002749376, 'pop_peak': 0.1269700410251133, 'pop_sig': 1.8600624447010197, 'fuel_k': 0.047915478936612715, 'fuel_half': 2.3091744064742015}. Best is trial 0 with value: -0.6094076133578652.
[I 2026-08-19 17:02:08,692] Trial 137 finished with value: 0.6006511358431597 and parameters: {'k1': 0.001369072666430365, 'D_low': 12.985840021545927, 'k2': 0.0021834905090376677, 'D_high': 6259.795420438614, 'fire_exp': 1.0021257542542357, 'P_half': 393.5260821522747, 'pre_dampen_half': 0.09440236584130365, 'gpp_af': 0.0024181383723385027, 'gpp_b': 0.03681958352181721, 'gpp_d': 265.1217227020359, 'ign_k': 1.6496818551430656, 'ign_c': 4.276789142469679, 'trop_agb_crit': 6.3672476165690455, 'trop_k_veg': 0.6994418145248906, 'pop_amp': 0.0010219157757252984, 'pop_peak': 48.705574226652, 'pop_sig': 1.314489777136398, 'fuel_k': 0.07779124704141221, 'fuel_half': 19.384750398297566}. Best is trial 0 with value: -0.6094076133578652.
[I 2026-08-19 17:02:10,329] Trial 138 finished with value: 0.5726798383550847 and parameters: {'k1': 1.5765514820667473e-05, 'D_low': 2641.0202357441012, 'k2': 0.0007972815821430262, 'D_high': 4627569.022203666, 'fire_exp': 1.85618073834053, 'P_half': 13.474052989462026, 'pre_dampen_half': 0.02056166712738708, 'gpp_af': 0.27957463752784556, 'gpp_b': 0.03742002229496654, 'gpp_d': 27.29674448293175, 'ign_k': 0.11334854403545933, 'ign_c': 8.964485791310977, 'trop_agb_crit': 6.065538206622741, 'trop_k_veg': 1.2296448645772016, 'pop_amp': 0.005356289051149499, 'pop_peak': 7.076000561407786, 'pop_sig': 1.6599140895928786, 'fuel_k': 0.13009389157464935, 'fuel_half': 56.69159722384583}. Best is trial 0 with value: -0.6094076133578652.
[I 2026-08-19 17:02:12,289] Trial 139 finished with value: -0.502904993835731 and parameters: {'k1': 0.00017494047827537376, 'D_low': 91.07833320985142, 'k2': 0.00010167843306159575, 'D_high': 3987982.0725864647, 'fire_exp': 1.421317745968148, 'P_half': 2.444817622109723, 'pre_dampen_half': 6.122243984831385, 'gpp_af': 0.2849063273942983, 'gpp_b': 0.008690574429634222, 'gpp_d': 2.4293793746004435, 'ign_k': 0.006354958140078998, 'ign_c': 0.7805621123791768, 'trop_agb_crit': 8.22568827941022, 'trop_k_veg': 0.9968320943954979, 'pop_amp': 0.0457668529716269, 'pop_peak': 5.2783171780563345, 'pop_sig': 1.3949457440882145, 'fuel_k': 0.1652383281874186, 'fuel_half': 19.224696168759355}. Best is trial 0 with value: -0.6094076133578652.
[I 2026-08-19 17:02:14,875] Trial 140 finished with value: 0.5069426775623 and parameters: {'k1': 3.9558547262798565e-05, 'D_low': 373.345714436987, 'k2': 2.4327081708461746e-05, 'D_high': 2864849.583144697, 'fire_exp': 1.2144422372158383, 'P_half': 7.448537674450465, 'pre_dampen_half': 75.69513214680266, 'gpp_af': 2.3665172203067995, 'gpp_b': 0.0003232644741292746, 'gpp_d': 1.5213472273769677, 'ign_k': 0.020476611963325963, 'ign_c': 0.16705366613777373, 'trop_agb_crit': 5.456717047354839, 'trop_k_veg': 1.1286399965418663, 'pop_amp': 0.7034668690484468, 'pop_peak': 6.895990645133728, 'pop_sig': 1.4481875206159376, 'fuel_k': 0.3390065933603949, 'fuel_half': 8.354650430320342}. Best is trial 0 with value: -0.6094076133578652.
  trial  141/2500  best_overall=0.6094  (3.9 min)
[I 2026-08-19 17:02:16,770] Trial 141 finished with value: 0.49301751760749535 and parameters: {'k1': 6.739460978683723e-05, 'D_low': 61.70737423615115, 'k2': 0.0026074858520820734, 'D_high': 90871.22635805683, 'fire_exp': 1.4423270107050106, 'P_half': 3.4517502959179307, 'pre_dampen_half': 6.171679837465608, 'gpp_af': 0.025890867707468082, 'gpp_b': 0.006671365806545468, 'gpp_d': 41.048681224562856, 'ign_k': 0.12903285290726824, 'ign_c': 7.377236899806263, 'trop_agb_crit': 3.917176331271993, 'trop_k_veg': 1.2707185976349429, 'pop_amp': 0.09065100361515145, 'pop_peak': 0.9491416992162206, 'pop_sig': 1.4388702834554294, 'fuel_k': 0.04138271580733622, 'fuel_half': 92.98247306515287}. Best is trial 0 with value: -0.6094076133578652.
[I 2026-08-19 17:02:18,523] Trial 142 finished with value: 0.4935985983326747 and parameters: {'k1': 0.0005776078360377209, 'D_low': 13242.987915989177, 'k2': 8.251079022269175e-05, 'D_high': 709214.5027554086, 'fire_exp': 1.2000338062570295, 'P_half': 260.848032204403, 'pre_dampen_half': 0.5709080417097595, 'gpp_af': 0.2248390850416397, 'gpp_b': 0.0003605128533903235, 'gpp_d': 52.46278236011233, 'ign_k': 0.2218439091806102, 'ign_c': 5.887850439422478, 'trop_agb_crit': 29.81977347252203, 'trop_k_veg': 2.4407431241198045, 'pop_amp': 0.0031634704128659253, 'pop_peak': 35.97637717200667, 'pop_sig': 1.185707547560245, 'fuel_k': 0.30022169526318837, 'fuel_half': 1.2324522680430718}. Best is trial 0 with value: -0.6094076133578652.
[I 2026-08-19 17:02:20,301] Trial 143 finished with value: 0.4848859062683222 and parameters: {'k1': 0.005687817044849194, 'D_low': 6056.847795685084, 'k2': 0.010513325691279, 'D_high': 829362.8950820805, 'fire_exp': 2.7869199372747118, 'P_half': 252.42829703928103, 'pre_dampen_half': 15.531438938185838, 'gpp_af': 0.5404371201665144, 'gpp_b': 0.00022620292549945632, 'gpp_d': 5.463464899496453, 'ign_k': 1.0575921673363045, 'ign_c': 0.10740993353325823, 'trop_agb_crit': 6.983025880689772, 'trop_k_veg': 0.7491696677786477, 'pop_amp': 0.0031411884416244875, 'pop_peak': 0.10526494632639702, 'pop_sig': 1.350273910871053, 'fuel_k': 0.17617935498359397, 'fuel_half': 45.10873052991257}. Best is trial 0 with value: -0.6094076133578652.
