[I 2026-08-19 17:34:00,974] Trial 1275 finished with value: 0.4670843143396144 and parameters: {'k1': 0.00026930063110443806, 'D_low': 2206.038452609609, 'k2': 0.001705646914341236, 'D_high': 731333.4626447172, 'fire_exp': 3.550177476662722, 'P_half': 1.5596894473587937, 'pre_dampen_half': 1.3797100186468125, 'gpp_af': 0.21919485194909327, 'gpp_b': 0.004239983033017781, 'gpp_d': 66.94535303804219, 'ign_k': 0.2979577913137344, 'ign_c': 0.492034176560182, 'trop_agb_crit': 3.5862729981678747, 'trop_k_veg': 0.794063796237154, 'pop_amp': 0.5928801146923721, 'pop_peak': 2.443346156870232, 'pop_sig': 0.6924096116270708, 'fuel_k': 0.3118166999305163, 'fuel_half': 0.2858039627039428}. Best is trial 0 with value: -0.6094076133578652.
[I 2026-08-19 17:34:02,619] Trial 1276 finished with value: 0.4327796629176649 and parameters: {'k1': 0.012794527446692362, 'D_low': 12.991954746173185, 'k2': 0.002452139008669193, 'D_high': 1449599.5307186039, 'fire_exp': 1.5608081033409533, 'P_half': 1.0248625328105068, 'pre_dampen_half': 12.511806144118195, 'gpp_af': 0.0088895178581143, 'gpp_b': 0.0005805537344485259, 'gpp_d': 69.18922894156118, 'ign_k': 0.02039640717535562, 'ign_c': 3.9007280152398893, 'trop_agb_crit': 26.178261572383136, 'trop_k_veg': 2.2712205339734752, 'pop_amp': 0.0031334731657880603, 'pop_peak': 0.10442551467981409, 'pop_sig': 0.5912432660974565, 'fuel_k': 0.35698182858407473, 'fuel_half': 0.11748726584942815}. Best is trial 0 with value: -0.6094076133578652.
[I 2026-08-19 17:34:04,333] Trial 1277 finished with value: 0.5764336856711555 and parameters: {'k1': 0.02075248864459878, 'D_low': 1.1841324087213334, 'k2': 3.581176168602267e-05, 'D_high': 2143202.7179133934, 'fire_exp': 4.247016856464844, 'P_half': 15.767667157038606, 'pre_dampen_half': 0.4754586110988304, 'gpp_af': 0.0040464518029430865, 'gpp_b': 0.002703748893740185, 'gpp_d': 22.14460149335195, 'ign_k': 0.09709443414262534, 'ign_c': 3.706049269638554, 'trop_agb_crit': 10.010318514316321, 'trop_k_veg': 2.050197172607752, 'pop_amp': 0.0013476909304242506, 'pop_peak': 0.16129772193661052, 'pop_sig': 0.6809075645524854, 'fuel_k': 2.247570754558153, 'fuel_half': 1.1624626846020722}. Best is trial 0 with value: -0.6094076133578652.
[I 2026-08-19 17:34:06,060] Trial 1278 finished with value: 0.5013099094386284 and parameters: {'k1': 0.006958422822470774, 'D_low': 5.392027517349017, 'k2': 0.00040320021771305027, 'D_high': 8883146.763829539, 'fire_exp': 2.470549724066974, 'P_half': 15.24941602731116, 'pre_dampen_half': 0.5220131724199177, 'gpp_af': 0.11492474153151887, 'gpp_b': 0.02066132459355134, 'gpp_d': 22.889053480963966, 'ign_k': 0.34698495074290386, 'ign_c': 9.124908666916657, 'trop_agb_crit': 4.910278155336358, 'trop_k_veg': 3.488678487637375, 'pop_amp': 0.001137748493621424, 'pop_peak': 2.6573431286259654, 'pop_sig': 0.44629488108126214, 'fuel_k': 0.30455018346761037, 'fuel_half': 0.36063553743693855}. Best is trial 0 with value: -0.6094076133578652.
[I 2026-08-19 17:34:07,759] Trial 1279 finished with value: 0.5272802475226083 and parameters: {'k1': 0.00045562928707881085, 'D_low': 373.6593916827841, 'k2': 0.00019583826562673197, 'D_high': 2003832.403151981, 'fire_exp': 5.423656300312312, 'P_half': 260.5070692173719, 'pre_dampen_half': 17.035283765161147, 'gpp_af': 0.9502678610799947, 'gpp_b': 2.4608827459731575e-05, 'gpp_d': 129.10784317763128, 'ign_k': 2.2524662785747744, 'ign_c': 0.11779257320650974, 'trop_agb_crit': 8.201006684184232, 'trop_k_veg': 1.310220094488248, 'pop_amp': 0.6781358221770609, 'pop_peak': 0.36227156656166865, 'pop_sig': 0.5403638765102662, 'fuel_k': 0.012679313642155701, 'fuel_half': 0.5102926337517966}. Best is trial 0 with value: -0.6094076133578652.
[I 2026-08-19 17:34:09,419] Trial 1280 finished with value: 0.5636392638112354 and parameters: {'k1': 0.09917821682374113, 'D_low': 10.022256264543028, 'k2': 1.76614926488738e-05, 'D_high': 28206.430706281022, 'fire_exp': 3.0328037603825715, 'P_half': 1.989671099983853, 'pre_dampen_half': 92.5282978779771, 'gpp_af': 0.04516798503365849, 'gpp_b': 0.0002108614638452934, 'gpp_d': 0.38878925408958775, 'ign_k': 0.2782163202887758, 'ign_c': 2.8935897482745028, 'trop_agb_crit': 3.1141765759940165, 'trop_k_veg': 1.233763871622918, 'pop_amp': 0.0018799248417520926, 'pop_peak': 0.5824245885826667, 'pop_sig': 0.5063794995555562, 'fuel_k': 0.346488155987347, 'fuel_half': 0.3856505180102177}. Best is trial 0 with value: -0.6094076133578652.
  trial 1281/2500  best_overall=0.6094  (35.8 min)
[I 2026-08-19 17:34:11,432] Trial 1281 finished with value: 0.6088971471679392 and parameters: {'k1': 0.01140317680874705, 'D_low': 1.0514535631484012, 'k2': 0.0012089344577214934, 'D_high': 3575972.4755858015, 'fire_exp': 3.546732581486391, 'P_half': 3.0332619104409844, 'pre_dampen_half': 22.07577659031235, 'gpp_af': 0.0022059571441417148, 'gpp_b': 0.009048578909067788, 'gpp_d': 976.6244486708564, 'ign_k': 0.3189330459688368, 'ign_c': 9.390316237294405, 'trop_agb_crit': 12.189412732303696, 'trop_k_veg': 4.028987290445885, 'pop_amp': 0.017897013097618854, 'pop_peak': 0.1313701658421145, 'pop_sig': 0.7470602215160796, 'fuel_k': 1.8294000804410646, 'fuel_half': 0.33531789712028826}. Best is trial 0 with value: -0.6094076133578652.
[I 2026-08-19 17:34:13,096] Trial 1282 finished with value: 0.5789631427019832 and parameters: {'k1': 0.007147192998110171, 'D_low': 1.0031726516790995, 'k2': 0.0002395743677327509, 'D_high': 54579.585130063526, 'fire_exp': 4.384442289724386, 'P_half': 51.110952252775746, 'pre_dampen_half': 6.751361014562123, 'gpp_af': 0.006282873439145315, 'gpp_b': 0.0007743543677255299, 'gpp_d': 2.7530211772859046, 'ign_k': 0.00615563895073116, 'ign_c': 9.516817595123982, 'trop_agb_crit': 8.758528669360839, 'trop_k_veg': 5.854826011428331, 'pop_amp': 0.006788988071592359, 'pop_peak': 1.2619281988600917, 'pop_sig': 0.3107293723215851, 'fuel_k': 3.6092717080298486, 'fuel_half': 0.3773225326486767}. Best is trial 0 with value: -0.6094076133578652.
[I 2026-08-19 17:34:14,771] Trial 1283 finished with value: 0.44904398239088117 and parameters: {'k1': 0.00012617756918635852, 'D_low': 10.220077188032453, 'k2': 0.0025496311349792545, 'D_high': 1007634.3645408644, 'fire_exp': 3.064129442059609, 'P_half': 8.687812311777233, 'pre_dampen_half': 21.019093329895682, 'gpp_af': 0.0010700575953302757, 'gpp_b': 1.5571047437794585e-05, 'gpp_d': 18.78201593728287, 'ign_k': 0.5167316153878726, 'ign_c': 1.829824554596682, 'trop_agb_crit': 29.380495678654857, 'trop_k_veg': 1.0468678854735538, 'pop_amp': 0.009724110096758944, 'pop_peak': 1.1881199562923297, 'pop_sig': 0.8121880032921132, 'fuel_k': 5.293182168633609, 'fuel_half': 2.0986345251612493}. Best is trial 0 with value: -0.6094076133578652.
[I 2026-08-19 17:34:16,634] Trial 1284 finished with value: 0.5743809945661404 and parameters: {'k1': 0.003398329111376773, 'D_low': 14.471035614660044, 'k2': 0.014803925875468223, 'D_high': 846359.3243526049, 'fire_exp': 6.2807268740259845, 'P_half': 4.028420934897038, 'pre_dampen_half': 1.1173107458809086, 'gpp_af': 0.031569906232587354, 'gpp_b': 0.007490291072926295, 'gpp_d': 51.449849846581714, 'ign_k': 0.08180899485579615, 'ign_c': 4.730944021368773, 'trop_agb_crit': 6.756516889834585, 'trop_k_veg': 3.2779542069006324, 'pop_amp': 0.001327625727305809, 'pop_peak': 0.3587008380217997, 'pop_sig': 0.5723437424486062, 'fuel_k': 0.6798022727933634, 'fuel_half': 0.1710379887228734}. Best is trial 0 with value: -0.6094076133578652.
[I 2026-08-19 17:34:18,453] Trial 1285 finished with value: 0.4707159706139097 and parameters: {'k1': 0.009074581716703806, 'D_low': 3.848993321225743, 'k2': 0.00025568161464485054, 'D_high': 1473859.2058442081, 'fire_exp': 3.134289753293058, 'P_half': 3.130421017930021, 'pre_dampen_half': 6.399002930272224, 'gpp_af': 0.02691032224043919, 'gpp_b': 0.0009354290381400137, 'gpp_d': 2.058632955244735, 'ign_k': 0.45861995443935216, 'ign_c': 9.466756817052422, 'trop_agb_crit': 3.2826336786307224, 'trop_k_veg': 4.254679643119664, 'pop_amp': 0.03821437939613885, 'pop_peak': 0.07234313795686245, 'pop_sig': 0.2904884986223037, 'fuel_k': 2.800833170091345, 'fuel_half': 0.3856803582564832}. Best is trial 0 with value: -0.6094076133578652.
[I 2026-08-19 17:34:20,339] Trial 1286 finished with value: 0.5521639508503431 and parameters: {'k1': 0.013932970251617693, 'D_low': 17.9315250119556, 'k2': 0.09686584132639962, 'D_high': 178027.33690729877, 'fire_exp': 8.872437060031665, 'P_half': 1.0268786268961536, 'pre_dampen_half': 3.631600549699894, 'gpp_af': 0.012382584958242956, 'gpp_b': 0.00022487184076247204, 'gpp_d': 106.48957509997608, 'ign_k': 0.08379581080057193, 'ign_c': 0.10096636031151209, 'trop_agb_crit': 28.71376486504611, 'trop_k_veg': 0.821147670530096, 'pop_amp': 0.1865929234432669, 'pop_peak': 2.8668495275543964, 'pop_sig': 0.4142348889567093, 'fuel_k': 0.6433139963511579, 'fuel_half': 0.6164467007264358}. Best is trial 0 with value: -0.6094076133578652.
[I 2026-08-19 17:34:22,233] Trial 1287 finished with value: -0.5119581122618149 and parameters: {'k1': 0.0015136795173120578, 'D_low': 7.718147806846883, 'k2': 0.004906305801818306, 'D_high': 121889.08335979858, 'fire_exp': 2.227130899802937, 'P_half': 49.93805138148732, 'pre_dampen_half': 35.41660566070125, 'gpp_af': 0.12720348453993974, 'gpp_b': 0.0024079002510540813, 'gpp_d': 9.388894834343095, 'ign_k': 0.012290719610178316, 'ign_c': 1.8516020559050275, 'trop_agb_crit': 2.9631636760889823, 'trop_k_veg': 7.534588848134927, 'pop_amp': 0.005791379694944128, 'pop_peak': 0.11600760528839126, 'pop_sig': 0.6871548786629141, 'fuel_k': 0.4063863203619323, 'fuel_half': 0.19530769813626947}. Best is trial 0 with value: -0.6094076133578652.
[I 2026-08-19 17:34:24,142] Trial 1288 finished with value: 0.537168846461433 and parameters: {'k1': 0.029488552585170257, 'D_low': 1.701293053595114, 'k2': 0.00018130871033494693, 'D_high': 87770.72102560166, 'fire_exp': 1.770157892137363, 'P_half': 3.140039375848665, 'pre_dampen_half': 6.617404962410815, 'gpp_af': 0.0028633855220434492, 'gpp_b': 0.0033933826841334156, 'gpp_d': 10.75420947280885, 'ign_k': 0.08138082809390741, 'ign_c': 0.9656407645247331, 'trop_agb_crit': 9.495678464209456, 'trop_k_veg': 4.950179178539173, 'pop_amp': 0.0026361652240784695, 'pop_peak': 0.21374489108858202, 'pop_sig': 0.3628349915356805, 'fuel_k': 0.6915966540754724, 'fuel_half': 3.5821186076534133}. Best is trial 0 with value: -0.6094076133578652.
[I 2026-08-19 17:34:26,020] Trial 1289 finished with value: 0.4716885482916032 and parameters: {'k1': 0.0003705119596433627, 'D_low': 13006.381202107716, 'k2': 0.00014229384949788833, 'D_high': 298336.4762070734, 'fire_exp': 2.031534345900785, 'P_half': 249.32839623339657, 'pre_dampen_half': 4.127453957384681, 'gpp_af': 2.5202816017677643, 'gpp_b': 0.011153351071207724, 'gpp_d': 34.43925606254969, 'ign_k': 3.3313157284355843, 'ign_c': 0.9205422703535949, 'trop_agb_crit': 20.553134776635915, 'trop_k_veg': 1.7303101668342225, 'pop_amp': 0.6860830910392396, 'pop_peak': 3.9611544670857834, 'pop_sig': 0.7393237740993138, 'fuel_k': 0.012320634372390317, 'fuel_half': 3.4474622354440227}. Best is trial 0 with value: -0.6094076133578652.
[I 2026-08-19 17:34:27,965] Trial 1290 finished with value: 0.4725585562990108 and parameters: {'k1': 0.000490884080965679, 'D_low': 5361.587422320421, 'k2': 0.0001435664674628286, 'D_high': 1097190.009192314, 'fire_exp': 1.7399343280691257, 'P_half': 22.598267916740767, 'pre_dampen_half': 0.11123063234885223, 'gpp_af': 1.3210548646227327, 'gpp_b': 0.000557707748056574, 'gpp_d': 87.25976869665655, 'ign_k': 2.251355732692211, 'ign_c': 0.36603895244439555, 'trop_agb_crit': 17.42040746173446, 'trop_k_veg': 2.45480595258292, 'pop_amp': 0.37208860587805787, 'pop_peak': 2.72923802620003, 'pop_sig': 0.4340532047447397, 'fuel_k': 0.016051355614236557, 'fuel_half': 0.21969676273411945}. Best is trial 0 with value: -0.6094076133578652.
[I 2026-08-19 17:34:29,851] Trial 1291 finished with value: 0.5482180369563889 and parameters: {'k1': 0.03858967544200602, 'D_low': 5.58316961501235, 'k2': 0.012001226416877113, 'D_high': 16619.994493310038, 'fire_exp': 3.4810706072291326, 'P_half': 2.8496045801201575, 'pre_dampen_half': 58.387462067109055, 'gpp_af': 0.03250353636053255, 'gpp_b': 0.0007169633570539378, 'gpp_d': 1.7505851515517277, 'ign_k': 0.012370291080046687, 'ign_c': 2.155870632696155, 'trop_agb_crit': 9.985577788512327, 'trop_k_veg': 0.8603313378984365, 'pop_amp': 0.008649493063635497, 'pop_peak': 0.2248140865288753, 'pop_sig': 0.4445333897288771, 'fuel_k': 3.862562771218887, 'fuel_half': 1.3917588097911842}. Best is trial 0 with value: -0.6094076133578652.
  trial 1292/2500  best_overall=0.6094  (36.1 min)
[I 2026-08-19 17:34:31,914] Trial 1292 finished with value: 0.5870192682786979 and parameters: {'k1': 0.08582757403364093, 'D_low': 19.162083906368448, 'k2': 0.0010151482199401338, 'D_high': 1995131.2593235099, 'fire_exp': 6.985335585019041, 'P_half': 69.80880216881961, 'pre_dampen_half': 29.581300364187978, 'gpp_af': 0.002945444711733076, 'gpp_b': 3.286293710283671e-05, 'gpp_d': 315.55103118181637, 'ign_k': 0.012429680734118048, 'ign_c': 0.6495777002802582, 'trop_agb_crit': 2.5343257760907667, 'trop_k_veg': 5.494573874110084, 'pop_amp': 0.006696526049691955, 'pop_peak': 0.062378108048876606, 'pop_sig': 0.5655395663368705, 'fuel_k': 0.08178609934060285, 'fuel_half': 0.44233688618110256}. Best is trial 0 with value: -0.6094076133578652.
[I 2026-08-19 17:34:33,712] Trial 1293 finished with value: 0.6077970596644181 and parameters: {'k1': 0.05665007620281568, 'D_low': 23.463330633425894, 'k2': 0.001997773940576479, 'D_high': 7639247.254488522, 'fire_exp': 4.848848598087484, 'P_half': 4.395689280048961, 'pre_dampen_half': 2.587748449281035, 'gpp_af': 0.0015831696167418333, 'gpp_b': 0.007772309877703337, 'gpp_d': 63.98220519142168, 'ign_k': 0.587266301344612, 'ign_c': 1.5380664611337407, 'trop_agb_crit': 2.603321046655572, 'trop_k_veg': 7.194962996305195, 'pop_amp': 0.006099854230299532, 'pop_peak': 0.15260175977869955, 'pop_sig': 0.8848713163806126, 'fuel_k': 0.14360437695920092, 'fuel_half': 0.3465225265425421}. Best is trial 0 with value: -0.6094076133578652.
[I 2026-08-19 17:34:35,384] Trial 1294 finished with value: 0.5702603618436928 and parameters: {'k1': 3.0423059758567313e-05, 'D_low': 30.934888406038613, 'k2': 0.000577177852047032, 'D_high': 6910344.943771145, 'fire_exp': 3.929070586051717, 'P_half': 61.36059172622177, 'pre_dampen_half': 83.38607623116083, 'gpp_af': 0.5968991660672229, 'gpp_b': 1.6688301562228575e-05, 'gpp_d': 271.04949852333306, 'ign_k': 0.03614804965842772, 'ign_c': 6.965747584471995, 'trop_agb_crit': 4.6532345566747, 'trop_k_veg': 5.003386464751776, 'pop_amp': 0.03293993792144071, 'pop_peak': 13.001320398103031, 'pop_sig': 0.4417494872728758, 'fuel_k': 0.21812125126680915, 'fuel_half': 0.7867597955298611}. Best is trial 0 with value: -0.6094076133578652.
[I 2026-08-19 17:34:37,085] Trial 1295 finished with value: 0.4330076762631072 and parameters: {'k1': 0.020297894866579378, 'D_low': 198.06705007399364, 'k2': 0.003498696103310198, 'D_high': 6725166.633115921, 'fire_exp': 2.3352816444668174, 'P_half': 8.855145918453587, 'pre_dampen_half': 0.10703823403073669, 'gpp_af': 1.5194721158034556, 'gpp_b': 0.011463349314907069, 'gpp_d': 71.7877200486003, 'ign_k': 2.5813038332193385, 'ign_c': 0.7743747385773322, 'trop_agb_crit': 23.173749545221156, 'trop_k_veg': 6.291092699582121, 'pop_amp': 0.420080429343918, 'pop_peak': 0.18425047868678904, 'pop_sig': 0.28841494128269485, 'fuel_k': 4.326262900261735, 'fuel_half': 1.1557322184772219}. Best is trial 0 with value: -0.6094076133578652.
[I 2026-08-19 17:34:38,802] Trial 1296 finished with value: 0.5839475451074141 and parameters: {'k1': 0.02011592477367367, 'D_low': 4.06403933682948, 'k2': 0.013529546790346628, 'D_high': 13562.272031732284, 'fire_exp': 4.316298054061784, 'P_half': 3.127906242044167, 'pre_dampen_half': 0.46611045520227984, 'gpp_af': 0.004114097937959956, 'gpp_b': 0.0012973457912046325, 'gpp_d': 497.3508179139972, 'ign_k': 0.16784086053075944, 'ign_c': 0.12805729709540223, 'trop_agb_crit': 28.76677798667882, 'trop_k_veg': 0.841186660054714, 'pop_amp': 0.005195054465337761, 'pop_peak': 69.45029543193104, 'pop_sig': 0.44513385236830183, 'fuel_k': 0.16516280356560792, 'fuel_half': 0.2608333577856709}. Best is trial 0 with value: -0.6094076133578652.
[I 2026-08-19 17:34:40,509] Trial 1297 finished with value: 0.4462300086268959 and parameters: {'k1': 0.008736788497311883, 'D_low': 2.0858511645801525, 'k2': 0.00014279183785191924, 'D_high': 3780522.670568651, 'fire_exp': 2.896438964218948, 'P_half': 4.709860059573224, 'pre_dampen_half': 15.808275652078006, 'gpp_af': 0.005114501675097847, 'gpp_b': 0.0009039901437750764, 'gpp_d': 1.9012908022775483, 'ign_k': 0.5890501148419947, 'ign_c': 0.4787018390892723, 'trop_agb_crit': 11.276557275412879, 'trop_k_veg': 4.935753247555227, 'pop_amp': 0.0015188287005279413, 'pop_peak': 0.22334366744967676, 'pop_sig': 0.7844227375326868, 'fuel_k': 0.555104569593833, 'fuel_half': 0.2684153836018807}. Best is trial 0 with value: -0.6094076133578652.
[I 2026-08-19 17:34:42,247] Trial 1298 finished with value: -0.5600831572679433 and parameters: {'k1': 8.776913874149955e-05, 'D_low': 3.03913150199036, 'k2': 0.0016024671570690975, 'D_high': 6770128.1031781295, 'fire_exp': 3.9619364183239254, 'P_half': 77.77783058905922, 'pre_dampen_half': 10.098346321815832, 'gpp_af': 3.364238205564276, 'gpp_b': 0.0001010765940708304, 'gpp_d': 31.016969857670702, 'ign_k': 1.908189343229073, 'ign_c': 3.9836789440477656, 'trop_agb_crit': 5.734380386839594, 'trop_k_veg': 3.0379398942901283, 'pop_amp': 0.012855172936161795, 'pop_peak': 821.162529608311, 'pop_sig': 1.1687460552164053, 'fuel_k': 1.1616454796019915, 'fuel_half': 0.48999379698204865}. Best is trial 0 with value: -0.6094076133578652.
[I 2026-08-19 17:34:43,993] Trial 1299 finished with value: 0.5954939336116087 and parameters: {'k1': 0.06270431971301979, 'D_low': 3.024364872442922, 'k2': 0.042068554621432594, 'D_high': 2539.3044015372575, 'fire_exp': 9.926721212954664, 'P_half': 29.51181292377443, 'pre_dampen_half': 26.46164885480382, 'gpp_af': 0.11638475639126651, 'gpp_b': 0.00016570201102834685, 'gpp_d': 3.2456826222912407, 'ign_k': 1.5137302456687323, 'ign_c': 5.3093172856283415, 'trop_agb_crit': 4.168611972162944, 'trop_k_veg': 1.886701287540935, 'pop_amp': 0.0218884818257065, 'pop_peak': 31.508460137290953, 'pop_sig': 2.235607007840579, 'fuel_k': 0.3220733085860193, 'fuel_half': 0.12024414491921276}. Best is trial 0 with value: -0.6094076133578652.
[I 2026-08-19 17:34:45,637] Trial 1300 finished with value: 0.43223266800332727 and parameters: {'k1': 0.05449108877267903, 'D_low': 12.567539925051111, 'k2': 0.00014939317694470953, 'D_high': 5692957.070722364, 'fire_exp': 2.436103275515703, 'P_half': 6.370010084373738, 'pre_dampen_half': 8.274367047206455, 'gpp_af': 0.011203613080944272, 'gpp_b': 0.0033640533850989836, 'gpp_d': 5.3802459530932545, 'ign_k': 0.07855572386149767, 'ign_c': 0.3318864731818351, 'trop_agb_crit': 5.598732814088051, 'trop_k_veg': 5.477664965403864, 'pop_amp': 0.006849030997541231, 'pop_peak': 4.130427305240071, 'pop_sig': 0.6725616898685912, 'fuel_k': 5.244115700969642, 'fuel_half': 2.5525658092467403}. Best is trial 0 with value: -0.6094076133578652.
[I 2026-08-19 17:34:47,277] Trial 1301 finished with value: 0.424304273583753 and parameters: {'k1': 0.0014617859576960483, 'D_low': 41.783752355599624, 'k2': 0.00019780867936188568, 'D_high': 8756071.102769941, 'fire_exp': 3.0226611293630685, 'P_half': 2.8506290985945024, 'pre_dampen_half': 34.13391918250874, 'gpp_af': 0.008860929967178938, 'gpp_b': 0.0017296772585707804, 'gpp_d': 627.1093113179485, 'ign_k': 0.13965289193628205, 'ign_c': 0.6346608802491494, 'trop_agb_crit': 13.379970933854707, 'trop_k_veg': 3.258105937755254, 'pop_amp': 0.019767355661631545, 'pop_peak': 0.09772439255248878, 'pop_sig': 0.4650672135381547, 'fuel_k': 0.6225616903151329, 'fuel_half': 1.7807875149486043}. Best is trial 0 with value: -0.6094076133578652.
[I 2026-08-19 17:34:48,965] Trial 1302 finished with value: 0.41338699757355235 and parameters: {'k1': 0.0006407191291709726, 'D_low': 1344.1530717703556, 'k2': 0.04640250434513731, 'D_high': 8369818.085403966, 'fire_exp': 1.673700843191318, 'P_half': 184.07286368533454, 'pre_dampen_half': 59.039006393670185, 'gpp_af': 0.2399122691218413, 'gpp_b': 0.002381797361806513, 'gpp_d': 8.551473417251016, 'ign_k': 7.07503763523863, 'ign_c': 0.7273799833787759, 'trop_agb_crit': 4.4677456561363655, 'trop_k_veg': 1.098544008180976, 'pop_amp': 0.009251200387362381, 'pop_peak': 0.06751308315186837, 'pop_sig': 0.5335202255249609, 'fuel_k': 0.08264646144664768, 'fuel_half': 4.213131504149774}. Best is trial 0 with value: -0.6094076133578652.
[I 2026-08-19 17:34:50,649] Trial 1303 finished with value: 0.5824167375627558 and parameters: {'k1': 0.033709794409646256, 'D_low': 19.723510783640776, 'k2': 0.00013210137261457684, 'D_high': 4875097.028503832, 'fire_exp': 5.534254842437626, 'P_half': 10.343849283722882, 'pre_dampen_half': 8.137315588524327, 'gpp_af': 0.03161190017903851, 'gpp_b': 0.00014186411625252663, 'gpp_d': 87.23174879277798, 'ign_k': 0.2658406075849617, 'ign_c': 26.358516261784658, 'trop_agb_crit': 4.886446321352488, 'trop_k_veg': 6.039134709840497, 'pop_amp': 0.0022932578857494937, 'pop_peak': 0.9363420581259327, 'pop_sig': 0.5832405882098328, 'fuel_k': 2.526437926029998, 'fuel_half': 0.8569325299454762}. Best is trial 0 with value: -0.6094076133578652.
  trial 1304/2500  best_overall=0.6094  (36.4 min)
