[I 2026-06-10 17:31:33,371] Trial 407 finished with values: [10.06650920583263, 10.06650920583263] and parameters: {'k1': 0.00031134168041628584, 'D_low': 12.105387404469584, 'k2': 0.003767022142229395, 'D_high': 22.636544662054543, 'fire_exp': 1.0601964743503993, 'P_half': 69.68111190775313, 'pre_dampen_half': 33.71909132517384, 'gpp_af': 0.0662749342026412, 'gpp_b': 1.4540386644083135e-05, 'gpp_d': 28.312234265202243, 'ign_k': 0.00840038491455979, 'ign_c': 48.704711413416454, 'trop_agb_crit': 1.0693376406863295, 'trop_k_veg': 0.6673124511410327, 'fire_amp': 4.783836175730692}.
[I 2026-06-10 17:31:35,090] Trial 408 finished with values: [10.645938454721218, 10.645938454721218] and parameters: {'k1': 0.00031134168041628584, 'D_low': 24.28756508761176, 'k2': 3.152468275632564e-05, 'D_high': 8912.611835817017, 'fire_exp': 1.14171776851287, 'P_half': 101.40635645866499, 'pre_dampen_half': 0.025594692142876057, 'gpp_af': 6.384685545228285, 'gpp_b': 0.00013164432569139702, 'gpp_d': 0.7698760608299932, 'ign_k': 0.15974581244256694, 'ign_c': 2.2489542843914485, 'trop_agb_crit': 12.9667438075127, 'trop_k_veg': 5.022956259243681, 'fire_amp': 4.2446263054164195}.
[I 2026-06-10 17:31:36,713] Trial 409 finished with values: [14.910307869500798, 14.910307869500798] and parameters: {'k1': 0.037704815040649445, 'D_low': 148.21691630007544, 'k2': 0.045914852167405346, 'D_high': 16780.50857913099, 'fire_exp': 1.0601964743503993, 'P_half': 3.591771421517613, 'pre_dampen_half': 269.0845367054866, 'gpp_af': 0.0662749342026412, 'gpp_b': 0.049565458633074926, 'gpp_d': 545.0253444559129, 'ign_k': 0.17320535908244444, 'ign_c': 1.3431925993528124, 'trop_agb_crit': 3.1419938725278875, 'trop_k_veg': 4.0068236274914755, 'fire_amp': 5.831305332032283}.
[I 2026-06-10 17:31:38,287] Trial 410 finished with values: [10.407263125047706, 10.407263125047706] and parameters: {'k1': 0.0326979063339169, 'D_low': 43.2326421037033, 'k2': 0.045914852167405346, 'D_high': 18108.14362107968, 'fire_exp': 1.0601964743503993, 'P_half': 3.591771421517613, 'pre_dampen_half': 33.71909132517384, 'gpp_af': 0.09885838682552685, 'gpp_b': 0.0004125336560355494, 'gpp_d': 0.7698760608299932, 'ign_k': 0.00840038491455979, 'ign_c': 7.081721844034206, 'trop_agb_crit': 3.1419938725278875, 'trop_k_veg': 0.5535297685306277, 'fire_amp': 1.1202509284327942}.
[I 2026-06-10 17:31:39,849] Trial 411 finished with values: [-0.33707616593818346, 0.3196772212441231] and parameters: {'k1': 0.0869690639641868, 'D_low': 12.105387404469584, 'k2': 0.003767022142229395, 'D_high': 22.636544662054543, 'fire_exp': 1.1490848108902036, 'P_half': 101.40635645866499, 'pre_dampen_half': 33.71909132517384, 'gpp_af': 0.0662749342026412, 'gpp_b': 1.4540386644083135e-05, 'gpp_d': 95.2715755007094, 'ign_k': 0.00840038491455979, 'ign_c': 0.9736725715035878, 'trop_agb_crit': 1.0693376406863295, 'trop_k_veg': 0.6618107836658104, 'fire_amp': 4.783836175730692}.
[I 2026-06-10 17:31:41,519] Trial 412 finished with values: [10.913867996139325, 10.913867996139325] and parameters: {'k1': 0.012840669372724958, 'D_low': 4.346890702031289, 'k2': 3.152468275632564e-05, 'D_high': 42210.21267871043, 'fire_exp': 1.14171776851287, 'P_half': 157.80309954142965, 'pre_dampen_half': 8.259599205585761, 'gpp_af': 0.10098504976210308, 'gpp_b': 0.0004125336560355494, 'gpp_d': 0.7698760608299932, 'ign_k': 0.0029519227433917453, 'ign_c': 22.126836566118193, 'trop_agb_crit': 8.188098178380693, 'trop_k_veg': 0.6618107836658104, 'fire_amp': 5.44779717154213}.
[I 2026-06-10 17:31:43,241] Trial 413 finished with values: [10.180863728120835, 10.180863728120835] and parameters: {'k1': 0.030699709531122967, 'D_low': 148.21691630007544, 'k2': 7.531057256501231e-05, 'D_high': 2427.054417940131, 'fire_exp': 1.2060040899560858, 'P_half': 101.40635645866499, 'pre_dampen_half': 33.71909132517384, 'gpp_af': 0.10098504976210308, 'gpp_b': 0.00013164432569139702, 'gpp_d': 545.0253444559129, 'ign_k': 0.00840038491455979, 'ign_c': 22.126836566118193, 'trop_agb_crit': 1.5033346993841157, 'trop_k_veg': 0.6673124511410327, 'fire_amp': 2.042193818779288}.
[I 2026-06-10 17:31:44,924] Trial 414 finished with values: [10.752216486920828, 10.752216486920828] and parameters: {'k1': 0.03648456083047798, 'D_low': 1440.3650379563878, 'k2': 0.0004976087827261435, 'D_high': 431.45617043093523, 'fire_exp': 1.0601964743503993, 'P_half': 4.213183643253957, 'pre_dampen_half': 1.6130673726933187, 'gpp_af': 27.448645214004376, 'gpp_b': 2.1309331861011757e-05, 'gpp_d': 0.7698760608299932, 'ign_k': 0.0029519227433917453, 'ign_c': 13.054148118849394, 'trop_agb_crit': 12.647327018493208, 'trop_k_veg': 0.6618107836658104, 'fire_amp': 5.606809127618709}.
[I 2026-06-10 17:31:46,505] Trial 415 finished with values: [10.22330508828297, 10.22330508828297] and parameters: {'k1': 0.0009255037589041178, 'D_low': 24.28756508761176, 'k2': 0.0001016707987819611, 'D_high': 8912.611835817017, 'fire_exp': 1.2060040899560858, 'P_half': 157.80309954142965, 'pre_dampen_half': 8.259599205585761, 'gpp_af': 0.10098504976210308, 'gpp_b': 0.004411400434514031, 'gpp_d': 1.4397852866783676, 'ign_k': 0.004105873950290761, 'ign_c': 22.126836566118193, 'trop_agb_crit': 1.1683326952092081, 'trop_k_veg': 0.6673124511410327, 'fire_amp': 5.44779717154213}.
[I 2026-06-10 17:31:48,079] Trial 416 finished with values: [-0.4859987194275144, 0.312168679381185] and parameters: {'k1': 0.08006837661379566, 'D_low': 1739.6167422846984, 'k2': 0.02939607009739149, 'D_high': 44974.07193749848, 'fire_exp': 3.2459542834651627, 'P_half': 101.40635645866499, 'pre_dampen_half': 98.05638874011484, 'gpp_af': 0.09885838682552685, 'gpp_b': 2.1309331861011757e-05, 'gpp_d': 95.2715755007094, 'ign_k': 1.6270983114897255, 'ign_c': 2.226297338331262, 'trop_agb_crit': 3.5874145253515306, 'trop_k_veg': 0.828441460847982, 'fire_amp': 2.6192385880432525}.
[I 2026-06-10 17:31:49,672] Trial 417 finished with values: [10.703352424872561, 10.703352424872561] and parameters: {'k1': 9.293516267059069e-05, 'D_low': 171.2446447678494, 'k2': 3.152468275632564e-05, 'D_high': 42210.21267871043, 'fire_exp': 1.14171776851287, 'P_half': 157.80309954142965, 'pre_dampen_half': 9.044346216330972, 'gpp_af': 0.10098504976210308, 'gpp_b': 0.05314875633348467, 'gpp_d': 0.7698760608299932, 'ign_k': 0.0029519227433917453, 'ign_c': 0.10435856341129002, 'trop_agb_crit': 1.1683326952092081, 'trop_k_veg': 0.6618107836658104, 'fire_amp': 2.6192385880432525}.
[I 2026-06-10 17:31:51,675] Trial 418 finished with values: [10.73879356376986, 10.73879356376986] and parameters: {'k1': 0.00031134168041628584, 'D_low': 12.105387404469584, 'k2': 0.003767022142229395, 'D_high': 44974.07193749848, 'fire_exp': 1.0601964743503993, 'P_half': 101.40635645866499, 'pre_dampen_half': 1.3767835510755015, 'gpp_af': 0.9219336658511308, 'gpp_b': 0.00013164432569139702, 'gpp_d': 95.2715755007094, 'ign_k': 0.09256855841989636, 'ign_c': 48.704711413416454, 'trop_agb_crit': 1.0693376406863295, 'trop_k_veg': 0.6673124511410327, 'fire_amp': 4.1162797330133705}.
[I 2026-06-10 17:31:53,312] Trial 419 finished with values: [10.826100508811193, 10.826100508811193] and parameters: {'k1': 0.012840669372724958, 'D_low': 1216.4139351417061, 'k2': 0.0001016707987819611, 'D_high': 1817.0401889219124, 'fire_exp': 1.14171776851287, 'P_half': 45.55085098454082, 'pre_dampen_half': 2.736251365128462, 'gpp_af': 0.41874665092828456, 'gpp_b': 0.05719024141066792, 'gpp_d': 545.0253444559129, 'ign_k': 0.17320535908244444, 'ign_c': 22.126836566118193, 'trop_agb_crit': 1.1683326952092081, 'trop_k_veg': 3.1055119128084763, 'fire_amp': 5.44779717154213}.
[I 2026-06-10 17:31:54,855] Trial 420 finished with values: [10.34890905069138, 10.34890905069138] and parameters: {'k1': 0.012840669372724958, 'D_low': 171.2446447678494, 'k2': 3.152468275632564e-05, 'D_high': 42210.21267871043, 'fire_exp': 1.0812994412809738, 'P_half': 157.80309954142965, 'pre_dampen_half': 4.603480758878793, 'gpp_af': 0.3097266550170567, 'gpp_b': 2.800940363375676e-05, 'gpp_d': 0.7698760608299932, 'ign_k': 0.0029519227433917453, 'ign_c': 0.10435856341129002, 'trop_agb_crit': 8.188098178380693, 'trop_k_veg': 0.6618107836658104, 'fire_amp': 1.5180207449214471}.
[I 2026-06-10 17:31:56,393] Trial 421 finished with values: [14.370059284601158, 14.370059284601158] and parameters: {'k1': 0.012840669372724958, 'D_low': 24.28756508761176, 'k2': 0.003767022142229395, 'D_high': 18701.140647651915, 'fire_exp': 1.0601964743503993, 'P_half': 4.213183643253957, 'pre_dampen_half': 38.00678588560607, 'gpp_af': 6.384685545228285, 'gpp_b': 2.1309331861011757e-05, 'gpp_d': 0.7698760608299932, 'ign_k': 0.0032383308053152635, 'ign_c': 0.10435856341129002, 'trop_agb_crit': 3.430044314610246, 'trop_k_veg': 5.022956259243681, 'fire_amp': 4.19233232783727}.
[I 2026-06-10 17:31:58,122] Trial 422 finished with values: [10.892857142659844, 10.892857142659844] and parameters: {'k1': 0.012840669372724958, 'D_low': 43.2326421037033, 'k2': 3.152468275632564e-05, 'D_high': 42210.21267871043, 'fire_exp': 1.14171776851287, 'P_half': 157.80309954142965, 'pre_dampen_half': 28.01075698398644, 'gpp_af': 27.448645214004376, 'gpp_b': 0.0004125336560355494, 'gpp_d': 5.981605330890935, 'ign_k': 0.4303356629825978, 'ign_c': 75.30210437963517, 'trop_agb_crit': 3.1419938725278875, 'trop_k_veg': 0.6618107836658104, 'fire_amp': 1.505817508996859}.
[I 2026-06-10 17:31:59,763] Trial 423 finished with values: [11.399637674533448, 11.399637674533448] and parameters: {'k1': 0.00031134168041628584, 'D_low': 1440.3650379563878, 'k2': 0.0001016707987819611, 'D_high': 262.11304189124235, 'fire_exp': 1.0601964743503993, 'P_half': 157.80309954142965, 'pre_dampen_half': 958.6709783968975, 'gpp_af': 27.448645214004376, 'gpp_b': 0.00012118589392553798, 'gpp_d': 12.338826503601998, 'ign_k': 0.0029519227433917453, 'ign_c': 13.054148118849394, 'trop_agb_crit': 1.0693376406863295, 'trop_k_veg': 6.172643383211297, 'fire_amp': 5.606809127618709}.
[I 2026-06-10 17:32:01,324] Trial 424 finished with values: [10.850866071335648, 10.850866071335648] and parameters: {'k1': 0.016973078532467004, 'D_low': 148.21691630007544, 'k2': 0.07928164425547335, 'D_high': 262.11304189124235, 'fire_exp': 1.4690410989404576, 'P_half': 399.3031584056686, 'pre_dampen_half': 8.259599205585761, 'gpp_af': 0.10098504976210308, 'gpp_b': 0.00012118589392553798, 'gpp_d': 12.338826503601998, 'ign_k': 0.004105873950290761, 'ign_c': 22.126836566118193, 'trop_agb_crit': 1.9712803620877688, 'trop_k_veg': 6.172643383211297, 'fire_amp': 1.5719333351012774}.
[I 2026-06-10 17:32:02,843] Trial 425 finished with values: [11.961771956619664, 11.961771956619664] and parameters: {'k1': 0.00026539376439360527, 'D_low': 2186.356344942016, 'k2': 0.08661811390647982, 'D_high': 18108.14362107968, 'fire_exp': 1.111738490499784, 'P_half': 277.00025557434554, 'pre_dampen_half': 269.0845367054866, 'gpp_af': 2.5184956910855436, 'gpp_b': 0.049565458633074926, 'gpp_d': 47.35384181058586, 'ign_k': 0.13500744867919376, 'ign_c': 1.3431925993528124, 'trop_agb_crit': 3.1419938725278875, 'trop_k_veg': 0.6108091740265464, 'fire_amp': 2.7556562114998226}.
[I 2026-06-10 17:32:04,449] Trial 426 finished with values: [10.315178725807357, 10.315178725807357] and parameters: {'k1': 0.012840669372724958, 'D_low': 236.79352040223893, 'k2': 0.00012498583886387654, 'D_high': 16780.50857913099, 'fire_exp': 1.41873960828944, 'P_half': 3.591771421517613, 'pre_dampen_half': 1.8469033699850426, 'gpp_af': 1.9706963379095486, 'gpp_b': 0.00807491410172472, 'gpp_d': 545.0253444559129, 'ign_k': 0.17320535908244444, 'ign_c': 0.10435856341129002, 'trop_agb_crit': 5.588032458772675, 'trop_k_veg': 0.5443513380244235, 'fire_amp': 2.0822063607840695}.
[I 2026-06-10 17:32:06,180] Trial 427 finished with values: [10.659634850049564, 10.659634850049564] and parameters: {'k1': 0.006079905434073396, 'D_low': 43.2326421037033, 'k2': 0.0001016707987819611, 'D_high': 262.11304189124235, 'fire_exp': 1.14171776851287, 'P_half': 157.80309954142965, 'pre_dampen_half': 1.8469033699850426, 'gpp_af': 6.384685545228285, 'gpp_b': 0.0004125336560355494, 'gpp_d': 545.0253444559129, 'ign_k': 0.010733257635049785, 'ign_c': 0.10435856341129002, 'trop_agb_crit': 8.188098178380693, 'trop_k_veg': 6.172643383211297, 'fire_amp': 1.5587346124822492}.
[I 2026-06-10 17:32:07,741] Trial 428 finished with values: [10.503737380634135, 10.503737380634135] and parameters: {'k1': 0.00026539376439360527, 'D_low': 2186.356344942016, 'k2': 0.08661811390647982, 'D_high': 708.7479683081002, 'fire_exp': 1.111738490499784, 'P_half': 1.4551749476072258, 'pre_dampen_half': 189.36639872354493, 'gpp_af': 37.28155624293858, 'gpp_b': 5.0875243087016374e-05, 'gpp_d': 7.631016235941559, 'ign_k': 0.09256855841989636, 'ign_c': 7.832259769732471, 'trop_agb_crit': 1.8023542850487386, 'trop_k_veg': 1.6648666152166967, 'fire_amp': 1.4475279918261055}.
[I 2026-06-10 17:32:09,237] Trial 429 finished with values: [10.667431114524769, 10.667431114524769] and parameters: {'k1': 0.012840669372724958, 'D_low': 148.21691630007544, 'k2': 3.152468275632564e-05, 'D_high': 262.11304189124235, 'fire_exp': 1.5191397119156032, 'P_half': 8.318314747941244, 'pre_dampen_half': 28.01075698398644, 'gpp_af': 21.94636142065287, 'gpp_b': 1.1008110571039521e-05, 'gpp_d': 545.0253444559129, 'ign_k': 0.004105873950290761, 'ign_c': 0.10435856341129002, 'trop_agb_crit': 1.5033346993841157, 'trop_k_veg': 0.6618107836658104, 'fire_amp': 5.44779717154213}.
[I 2026-06-10 17:32:10,751] Trial 430 finished with values: [10.148089654028563, 10.148089654028563] and parameters: {'k1': 0.0326979063339169, 'D_low': 12.105387404469584, 'k2': 0.045914852167405346, 'D_high': 18108.14362107968, 'fire_exp': 1.4690410989404576, 'P_half': 157.80309954142965, 'pre_dampen_half': 1.8469033699850426, 'gpp_af': 0.8057329182285734, 'gpp_b': 0.00012118589392553798, 'gpp_d': 545.0253444559129, 'ign_k': 0.8103567967717594, 'ign_c': 7.081721844034206, 'trop_agb_crit': 3.1419938725278875, 'trop_k_veg': 3.9199250904984653, 'fire_amp': 1.5587346124822492}.
[I 2026-06-10 17:32:12,706] Trial 431 finished with values: [15.571685856956185, 15.571685856956185] and parameters: {'k1': 0.006079905434073396, 'D_low': 43.2326421037033, 'k2': 3.152468275632564e-05, 'D_high': 1817.0401889219124, 'fire_exp': 1.0601964743503993, 'P_half': 45.55085098454082, 'pre_dampen_half': 33.71909132517384, 'gpp_af': 0.41874665092828456, 'gpp_b': 2.4063018320720924e-05, 'gpp_d': 1.3411170141333262, 'ign_k': 0.17320535908244444, 'ign_c': 0.4177928311636542, 'trop_agb_crit': 8.188098178380693, 'trop_k_veg': 5.453348988480011, 'fire_amp': 5.44779717154213}.
[I 2026-06-10 17:32:14,427] Trial 432 finished with values: [10.120574737574094, 10.120574737574094] and parameters: {'k1': 0.0869690639641868, 'D_low': 1739.6167422846984, 'k2': 0.003767022142229395, 'D_high': 44974.07193749848, 'fire_exp': 1.0601964743503993, 'P_half': 101.40635645866499, 'pre_dampen_half': 1.6130673726933187, 'gpp_af': 0.9219336658511308, 'gpp_b': 2.1309331861011757e-05, 'gpp_d': 236.32429088389833, 'ign_k': 1.6270983114897255, 'ign_c': 13.054148118849394, 'trop_agb_crit': 1.0693376406863295, 'trop_k_veg': 0.6618107836658104, 'fire_amp': 2.6192385880432525}.
[I 2026-06-10 17:32:15,965] Trial 433 finished with values: [10.802095565291914, 10.802095565291914] and parameters: {'k1': 0.006079905434073396, 'D_low': 43.2326421037033, 'k2': 0.00024195799118138832, 'D_high': 16780.50857913099, 'fire_exp': 1.4690410989404576, 'P_half': 3.591771421517613, 'pre_dampen_half': 1.8469033699850426, 'gpp_af': 0.008117091133892173, 'gpp_b': 0.00807491410172472, 'gpp_d': 545.0253444559129, 'ign_k': 0.17320535908244444, 'ign_c': 7.081721844034206, 'trop_agb_crit': 5.588032458772675, 'trop_k_veg': 0.5535297685306277, 'fire_amp': 1.5719333351012774}.
[I 2026-06-10 17:32:17,491] Trial 434 finished with values: [10.179617681107056, 10.179617681107056] and parameters: {'k1': 9.293516267059069e-05, 'D_low': 171.2446447678494, 'k2': 3.152468275632564e-05, 'D_high': 22.636544662054543, 'fire_exp': 1.14171776851287, 'P_half': 69.68111190775313, 'pre_dampen_half': 857.6556763881457, 'gpp_af': 0.10098504976210308, 'gpp_b': 0.05314875633348467, 'gpp_d': 28.312234265202243, 'ign_k': 0.004105873950290761, 'ign_c': 48.704711413416454, 'trop_agb_crit': 1.0693376406863295, 'trop_k_veg': 0.6673124511410327, 'fire_amp': 2.6192385880432525}.
[I 2026-06-10 17:32:19,052] Trial 435 finished with values: [10.799699203211018, 10.799699203211018] and parameters: {'k1': 0.012840669372724958, 'D_low': 30.489833442275348, 'k2': 0.0001016707987819611, 'D_high': 42210.21267871043, 'fire_exp': 1.14171776851287, 'P_half': 8924.795116437426, 'pre_dampen_half': 8.259599205585761, 'gpp_af': 0.10098504976210308, 'gpp_b': 0.05314875633348467, 'gpp_d': 545.0253444559129, 'ign_k': 3.965503094323014, 'ign_c': 22.126836566118193, 'trop_agb_crit': 1.1683326952092081, 'trop_k_veg': 6.172643383211297, 'fire_amp': 5.44779717154213}.
[I 2026-06-10 17:32:20,715] Trial 436 finished with values: [12.894498659313474, 12.894498659313474] and parameters: {'k1': 0.006079905434073396, 'D_low': 43.2326421037033, 'k2': 0.02065142557895925, 'D_high': 42210.21267871043, 'fire_exp': 1.4690410989404576, 'P_half': 157.80309954142965, 'pre_dampen_half': 903.3231300044874, 'gpp_af': 0.8057329182285734, 'gpp_b': 2.800940363375676e-05, 'gpp_d': 12.151631524283598, 'ign_k': 0.4303356629825978, 'ign_c': 0.10435856341129002, 'trop_agb_crit': 3.1419938725278875, 'trop_k_veg': 4.796046723963646, 'fire_amp': 1.1202509284327942}.
[I 2026-06-10 17:32:22,417] Trial 437 finished with values: [10.60309384623375, 10.60309384623375] and parameters: {'k1': 0.006079905434073396, 'D_low': 43.2326421037033, 'k2': 0.003767022142229395, 'D_high': 431.45617043093523, 'fire_exp': 1.0601964743503993, 'P_half': 4.213183643253957, 'pre_dampen_half': 8.259599205585761, 'gpp_af': 27.448645214004376, 'gpp_b': 0.00012118589392553798, 'gpp_d': 0.7698760608299932, 'ign_k': 0.0032383308053152635, 'ign_c': 153.51441568398127, 'trop_agb_crit': 8.188098178380693, 'trop_k_veg': 0.6618107836658104, 'fire_amp': 4.19233232783727}.
[I 2026-06-10 17:32:23,980] Trial 438 finished with values: [10.096257506620908, 10.096257506620908] and parameters: {'k1': 0.012840669372724958, 'D_low': 236.79352040223893, 'k2': 3.152468275632564e-05, 'D_high': 431.45617043093523, 'fire_exp': 1.0601964743503993, 'P_half': 4.213183643253957, 'pre_dampen_half': 38.00678588560607, 'gpp_af': 0.016306190741524337, 'gpp_b': 0.0004125336560355494, 'gpp_d': 0.7698760608299932, 'ign_k': 3.965503094323014, 'ign_c': 0.10435856341129002, 'trop_agb_crit': 3.1419938725278875, 'trop_k_veg': 0.6618107836658104, 'fire_amp': 1.1202509284327942}.
[I 2026-06-10 17:32:25,495] Trial 439 finished with values: [10.487678434687327, 10.487678434687327] and parameters: {'k1': 0.0009255037589041178, 'D_low': 24.28756508761176, 'k2': 0.0001016707987819611, 'D_high': 16780.50857913099, 'fire_exp': 1.2060040899560858, 'P_half': 157.80309954142965, 'pre_dampen_half': 1.8469033699850426, 'gpp_af': 0.41874665092828456, 'gpp_b': 0.00807491410172472, 'gpp_d': 1.4397852866783676, 'ign_k': 0.004105873950290761, 'ign_c': 22.126836566118193, 'trop_agb_crit': 5.588032458772675, 'trop_k_veg': 0.5588127200017643, 'fire_amp': 5.44779717154213}.
[I 2026-06-10 17:32:27,062] Trial 440 finished with values: [17.664131335707445, 17.664131335707445] and parameters: {'k1': 0.0869690639641868, 'D_low': 12.105387404469584, 'k2': 0.02939607009739149, 'D_high': 44974.07193749848, 'fire_exp': 1.0601964743503993, 'P_half': 101.40635645866499, 'pre_dampen_half': 98.05638874011484, 'gpp_af': 21.635028947225102, 'gpp_b': 2.1309331861011757e-05, 'gpp_d': 95.2715755007094, 'ign_k': 0.09256855841989636, 'ign_c': 0.10435856341129002, 'trop_agb_crit': 3.5874145253515306, 'trop_k_veg': 0.6618107836658104, 'fire_amp': 2.6192385880432525}.
[I 2026-06-10 17:32:28,770] Trial 441 finished with values: [10.114057405416512, 10.114057405416512] and parameters: {'k1': 0.0020639617012599225, 'D_low': 1.4002277211577039, 'k2': 0.003767022142229395, 'D_high': 431.45617043093523, 'fire_exp': 1.1633452995374232, 'P_half': 4.213183643253957, 'pre_dampen_half': 38.00678588560607, 'gpp_af': 0.41874665092828456, 'gpp_b': 2.800940363375676e-05, 'gpp_d': 0.7698760608299932, 'ign_k': 0.17320535908244444, 'ign_c': 0.6235377135673155, 'trop_agb_crit': 1.8566494291193822, 'trop_k_veg': 2.520089655463604, 'fire_amp': 2.6192385880432525}.
[I 2026-06-10 17:32:30,357] Trial 442 finished with values: [10.617592531774418, 10.617592531774418] and parameters: {'k1': 0.016973078532467004, 'D_low': 12.105387404469584, 'k2': 0.003767022142229395, 'D_high': 2427.054417940131, 'fire_exp': 1.5191397119156032, 'P_half': 69.68111190775313, 'pre_dampen_half': 8.259599205585761, 'gpp_af': 0.10098504976210308, 'gpp_b': 1.1008110571039521e-05, 'gpp_d': 545.0253444559129, 'ign_k': 0.05681482545113266, 'ign_c': 48.704711413416454, 'trop_agb_crit': 1.0693376406863295, 'trop_k_veg': 2.724170387400844, 'fire_amp': 4.783836175730692}.
[I 2026-06-10 17:32:31,934] Trial 443 finished with values: [10.873582653803007, 10.873582653803007] and parameters: {'k1': 2.570626095678496e-05, 'D_low': 148.21691630007544, 'k2': 0.045914852167405346, 'D_high': 431.45617043093523, 'fire_exp': 1.0601964743503993, 'P_half': 3.591771421517613, 'pre_dampen_half': 1.8469033699850426, 'gpp_af': 0.016306190741524337, 'gpp_b': 0.22467045378719658, 'gpp_d': 545.0253444559129, 'ign_k': 0.0032383308053152635, 'ign_c': 48.704711413416454, 'trop_agb_crit': 5.588032458772675, 'trop_k_veg': 2.520089655463604, 'fire_amp': 4.19233232783727}.
