[I 2026-06-11 01:12:03,958] Trial 1050 finished with values: [10.769230769178105, 10.769230769178105] and parameters: {'k1': 0.09738633019266786, 'D_low': 98.98117700885537, 'k2': 0.011469197890812934, 'D_high': 1024.9816559563214, 'fire_exp': 1.1258453832483524, 'P_half': 220.3445560633069, 'pre_dampen_half': 502.5175192217655, 'gpp_af': 0.015769192447197523, 'gpp_b': 0.0003033002682604949, 'gpp_d': 1.2771451735248283, 'ign_k': 8.761971101023693, 'ign_c': 421.7142944025065, 'trop_agb_crit': 6.1198430581046965, 'trop_k_veg': 4.599337386928772, 'fuel_k': 4.680936683972861, 'fuel_half': 15.29850686893745}.
[I 2026-06-11 01:12:05,400] Trial 1051 finished with values: [-0.7687064011316113, 0.18767775205136417] and parameters: {'k1': 0.004312951023617458, 'D_low': 90.71933427331369, 'k2': 0.011469197890812934, 'D_high': 1024.9816559563214, 'fire_exp': 1.1258453832483524, 'P_half': 10.226988730324324, 'pre_dampen_half': 502.5175192217655, 'gpp_af': 0.008562341633595545, 'gpp_b': 0.00012118589392553798, 'gpp_d': 0.23485690470339216, 'ign_k': 8.761971101023693, 'ign_c': 0.11650681118986138, 'trop_agb_crit': 5.881906289439389, 'trop_k_veg': 4.599337386928772, 'fuel_k': 4.105340853253455, 'fuel_half': 52.00581729114123}.
[I 2026-06-11 01:12:06,795] Trial 1052 finished with values: [-0.7985718622540641, 0.2769291500624844] and parameters: {'k1': 0.09738633019266786, 'D_low': 10.733257635049776, 'k2': 0.011469197890812934, 'D_high': 1024.9816559563214, 'fire_exp': 1.1258453832483524, 'P_half': 16.051347487097576, 'pre_dampen_half': 502.5175192217655, 'gpp_af': 0.015769192447197523, 'gpp_b': 7.402343469704428e-05, 'gpp_d': 2.8006820077310213, 'ign_k': 8.761971101023693, 'ign_c': 0.11650681118986138, 'trop_agb_crit': 5.881906289439389, 'trop_k_veg': 7.871057313180179, 'fuel_k': 0.010340193296440528, 'fuel_half': 10.06119804781128}.
[I 2026-06-11 01:12:08,158] Trial 1053 finished with values: [10.468624323398032, 10.468624323398032] and parameters: {'k1': 0.09738633019266786, 'D_low': 1.4045842344024697, 'k2': 0.011469197890812934, 'D_high': 99.58290687495284, 'fire_exp': 1.1258453832483524, 'P_half': 220.3445560633069, 'pre_dampen_half': 502.5175192217655, 'gpp_af': 0.015769192447197523, 'gpp_b': 0.00012118589392553798, 'gpp_d': 2.8006820077310213, 'ign_k': 0.5131654955148326, 'ign_c': 1.2240492848947009, 'trop_agb_crit': 9.879645484210656, 'trop_k_veg': 7.359706248396124, 'fuel_k': 0.05597555634027867, 'fuel_half': 15.29850686893745}.
[I 2026-06-11 01:12:09,720] Trial 1054 finished with values: [-0.7986575932996831, 0.2478096724149922] and parameters: {'k1': 0.09738633019266786, 'D_low': 1.4045842344024697, 'k2': 0.011469197890812934, 'D_high': 1024.9816559563214, 'fire_exp': 1.591671544437082, 'P_half': 16.051347487097576, 'pre_dampen_half': 502.5175192217655, 'gpp_af': 0.015769192447197523, 'gpp_b': 0.00012118589392553798, 'gpp_d': 2.8006820077310213, 'ign_k': 0.80152973791014, 'ign_c': 0.11650681118986138, 'trop_agb_crit': 9.879645484210656, 'trop_k_veg': 2.8224577471047865, 'fuel_k': 0.05597555634027867, 'fuel_half': 0.12399445060149628}.
[I 2026-06-11 01:12:11,324] Trial 1055 finished with values: [-0.7918465575567477, 0.15742695980147126] and parameters: {'k1': 0.09738633019266786, 'D_low': 98.98117700885537, 'k2': 0.011469197890812934, 'D_high': 1390.2686711035008, 'fire_exp': 1.1258453832483524, 'P_half': 220.3445560633069, 'pre_dampen_half': 502.5175192217655, 'gpp_af': 0.008562341633595545, 'gpp_b': 0.00012118589392553798, 'gpp_d': 2.8006820077310213, 'ign_k': 0.5131654955148326, 'ign_c': 0.11650681118986138, 'trop_agb_crit': 5.707205898008383, 'trop_k_veg': 4.1309639246402785, 'fuel_k': 0.5964469943278032, 'fuel_half': 15.29850686893745}.
[I 2026-06-11 01:12:12,744] Trial 1056 finished with values: [-0.8042025969798943, 0.1911454033473634] and parameters: {'k1': 0.09738633019266786, 'D_low': 4.484744524732794, 'k2': 0.02989647175615661, 'D_high': 1390.2686711035008, 'fire_exp': 1.1258453832483524, 'P_half': 220.3445560633069, 'pre_dampen_half': 502.5175192217655, 'gpp_af': 0.005782026351795939, 'gpp_b': 0.00012118589392553798, 'gpp_d': 314.6826989726468, 'ign_k': 8.761971101023693, 'ign_c': 0.9294394155644988, 'trop_agb_crit': 9.879645484210656, 'trop_k_veg': 7.359706248396124, 'fuel_k': 0.05597555634027867, 'fuel_half': 52.00581729114123}.
[I 2026-06-11 01:12:14,168] Trial 1057 finished with values: [10.540335823933283, 10.540335823933283] and parameters: {'k1': 0.09738633019266786, 'D_low': 90.71933427331369, 'k2': 0.011469197890812934, 'D_high': 1024.9816559563214, 'fire_exp': 5.746431874856217, 'P_half': 220.3445560633069, 'pre_dampen_half': 502.5175192217655, 'gpp_af': 0.015769192447197523, 'gpp_b': 0.00012118589392553798, 'gpp_d': 2.8006820077310213, 'ign_k': 0.5080094006294851, 'ign_c': 0.9294394155644988, 'trop_agb_crit': 9.836162684900028, 'trop_k_veg': 7.359706248396124, 'fuel_k': 0.17760095864122427, 'fuel_half': 7.860326410149304}.
[I 2026-06-11 01:12:15,558] Trial 1058 finished with values: [-0.7711912431936757, 0.16132393456772176] and parameters: {'k1': 0.09738633019266786, 'D_low': 10.733257635049776, 'k2': 0.03865036856259725, 'D_high': 1024.9816559563214, 'fire_exp': 1.1258453832483524, 'P_half': 343.5759946100352, 'pre_dampen_half': 502.5175192217655, 'gpp_af': 0.015769192447197523, 'gpp_b': 0.00012118589392553798, 'gpp_d': 76.48086387319148, 'ign_k': 8.761971101023693, 'ign_c': 0.11650681118986138, 'trop_agb_crit': 5.881906289439389, 'trop_k_veg': 2.330015895740624, 'fuel_k': 0.18294854512033595, 'fuel_half': 15.29850686893745}.
[I 2026-06-11 01:12:17,646] Trial 1059 finished with values: [10.38844098625942, 10.38844098625942] and parameters: {'k1': 0.09738633019266786, 'D_low': 98.98117700885537, 'k2': 0.03865036856259725, 'D_high': 1024.9816559563214, 'fire_exp': 1.591671544437082, 'P_half': 13.019246714361572, 'pre_dampen_half': 502.5175192217655, 'gpp_af': 0.008562341633595545, 'gpp_b': 0.00010318352929732131, 'gpp_d': 2.8006820077310213, 'ign_k': 0.0018258480425922795, 'ign_c': 0.11650681118986138, 'trop_agb_crit': 5.250513426238183, 'trop_k_veg': 7.359706248396124, 'fuel_k': 4.680936683972861, 'fuel_half': 15.29850686893745}.
[I 2026-06-11 01:12:19,229] Trial 1060 finished with values: [10.2905855050439, 10.2905855050439] and parameters: {'k1': 0.00013783578294796384, 'D_low': 1.4045842344024697, 'k2': 0.03865036856259725, 'D_high': 1024.9816559563214, 'fire_exp': 1.0804722074545263, 'P_half': 1327.5361137191958, 'pre_dampen_half': 502.5175192217655, 'gpp_af': 0.015769192447197523, 'gpp_b': 0.00012118589392553798, 'gpp_d': 2.8006820077310213, 'ign_k': 0.001780790432997079, 'ign_c': 0.11650681118986138, 'trop_agb_crit': 1.1073237802669997, 'trop_k_veg': 4.599337386928772, 'fuel_k': 3.6992394681929337, 'fuel_half': 0.14319038307687884}.
[I 2026-06-11 01:12:20,622] Trial 1061 finished with values: [-0.8011303978360582, 0.1629474078547296] and parameters: {'k1': 0.09738633019266786, 'D_low': 98.98117700885537, 'k2': 0.03865036856259725, 'D_high': 1024.9816559563214, 'fire_exp': 1.1258453832483524, 'P_half': 16.051347487097576, 'pre_dampen_half': 502.5175192217655, 'gpp_af': 0.005618069878716736, 'gpp_b': 0.00012118589392553798, 'gpp_d': 314.6826989726468, 'ign_k': 8.761971101023693, 'ign_c': 15.221840161091626, 'trop_agb_crit': 5.881906289439389, 'trop_k_veg': 4.599337386928772, 'fuel_k': 0.05597555634027867, 'fuel_half': 10.06119804781128}.
[I 2026-06-11 01:12:21,997] Trial 1062 finished with values: [-0.8020072876736646, 0.22429330170095363] and parameters: {'k1': 0.09738633019266786, 'D_low': 98.98117700885537, 'k2': 0.011469197890812934, 'D_high': 1024.9816559563214, 'fire_exp': 1.2310899049053081, 'P_half': 10.226988730324324, 'pre_dampen_half': 502.5175192217655, 'gpp_af': 0.015769192447197523, 'gpp_b': 7.402343469704428e-05, 'gpp_d': 0.23485690470339216, 'ign_k': 0.5131654955148326, 'ign_c': 0.9294394155644988, 'trop_agb_crit': 5.707205898008383, 'trop_k_veg': 6.172050274215951, 'fuel_k': 0.5964469943278032, 'fuel_half': 2.9236782115513154}.
[I 2026-06-11 01:12:23,380] Trial 1063 finished with values: [10.534757345233555, 10.534757345233555] and parameters: {'k1': 3.6056327059001404e-05, 'D_low': 1.4045842344024697, 'k2': 0.001347977766751687, 'D_high': 1024.9816559563214, 'fire_exp': 1.0881360604103363, 'P_half': 1327.5361137191958, 'pre_dampen_half': 502.5175192217655, 'gpp_af': 0.015769192447197523, 'gpp_b': 7.402343469704428e-05, 'gpp_d': 2.8006820077310213, 'ign_k': 8.761971101023693, 'ign_c': 0.11650681118986138, 'trop_agb_crit': 1.1073237802669997, 'trop_k_veg': 1.5630700232398234, 'fuel_k': 3.6992394681929337, 'fuel_half': 10.06119804781128}.
[I 2026-06-11 01:12:24,861] Trial 1064 finished with values: [10.21196606005009, 10.21196606005009] and parameters: {'k1': 0.00013783578294796384, 'D_low': 1.4045842344024697, 'k2': 0.0027431991397796683, 'D_high': 1024.9816559563214, 'fire_exp': 1.1258453832483524, 'P_half': 1327.5361137191958, 'pre_dampen_half': 502.5175192217655, 'gpp_af': 0.015769192447197523, 'gpp_b': 7.402343469704428e-05, 'gpp_d': 1.9906830511569307, 'ign_k': 8.761971101023693, 'ign_c': 0.11650681118986138, 'trop_agb_crit': 5.881906289439389, 'trop_k_veg': 5.546867170791755, 'fuel_k': 4.680936683972861, 'fuel_half': 2.9236782115513154}.
[I 2026-06-11 01:12:26,448] Trial 1065 finished with values: [10.121663669759856, 10.121663669759856] and parameters: {'k1': 0.09738633019266786, 'D_low': 4.484744524732794, 'k2': 0.03865036856259725, 'D_high': 1058.1992548039145, 'fire_exp': 1.144329066180296, 'P_half': 16.051347487097576, 'pre_dampen_half': 502.5175192217655, 'gpp_af': 0.015769192447197523, 'gpp_b': 0.00010318352929732131, 'gpp_d': 34.97224310873812, 'ign_k': 0.5131654955148326, 'ign_c': 0.11650681118986138, 'trop_agb_crit': 9.879645484210656, 'trop_k_veg': 4.1309639246402785, 'fuel_k': 0.05597555634027867, 'fuel_half': 2.9236782115513154}.
[I 2026-06-11 01:12:27,854] Trial 1066 finished with values: [10.007077952179857, 10.007077952179857] and parameters: {'k1': 0.05233480488540085, 'D_low': 90.71933427331369, 'k2': 0.011469197890812934, 'D_high': 1024.9816559563214, 'fire_exp': 1.1258453832483524, 'P_half': 220.3445560633069, 'pre_dampen_half': 502.5175192217655, 'gpp_af': 0.015769192447197523, 'gpp_b': 0.00012118589392553798, 'gpp_d': 0.5454018808453853, 'ign_k': 0.5080094006294851, 'ign_c': 15.221840161091626, 'trop_agb_crit': 5.881906289439389, 'trop_k_veg': 4.599337386928772, 'fuel_k': 0.05597555634027867, 'fuel_half': 52.00581729114123}.
[I 2026-06-11 01:12:29,233] Trial 1067 finished with values: [-0.8210652805205052, 0.17360635374001376] and parameters: {'k1': 0.09738633019266786, 'D_low': 98.98117700885537, 'k2': 0.011469197890812934, 'D_high': 1024.9816559563214, 'fire_exp': 1.1258453832483524, 'P_half': 220.3445560633069, 'pre_dampen_half': 502.5175192217655, 'gpp_af': 0.015769192447197523, 'gpp_b': 0.00012118589392553798, 'gpp_d': 2.8006820077310213, 'ign_k': 8.761971101023693, 'ign_c': 0.9294394155644988, 'trop_agb_crit': 5.707205898008383, 'trop_k_veg': 4.599337386928772, 'fuel_k': 4.680936683972861, 'fuel_half': 7.860326410149304}.
[I 2026-06-11 01:12:30,659] Trial 1068 finished with values: [10.667529618597152, 10.667529618597152] and parameters: {'k1': 0.006587536748686894, 'D_low': 4.484744524732794, 'k2': 0.03865036856259725, 'D_high': 1024.9816559563214, 'fire_exp': 1.1258453832483524, 'P_half': 1327.5361137191958, 'pre_dampen_half': 502.5175192217655, 'gpp_af': 31.562160824084614, 'gpp_b': 1.3518869652785337e-05, 'gpp_d': 2.8006820077310213, 'ign_k': 8.761971101023693, 'ign_c': 0.11650681118986138, 'trop_agb_crit': 5.881906289439389, 'trop_k_veg': 3.1495784461709877, 'fuel_k': 3.6992394681929337, 'fuel_half': 10.06119804781128}.
[I 2026-06-11 01:12:32,139] Trial 1069 finished with values: [-0.795301276659214, 0.10060272555275906] and parameters: {'k1': 0.09738633019266786, 'D_low': 4.484744524732794, 'k2': 0.0027431991397796683, 'D_high': 1024.9816559563214, 'fire_exp': 1.2310899049053081, 'P_half': 13.019246714361572, 'pre_dampen_half': 502.5175192217655, 'gpp_af': 0.008562341633595545, 'gpp_b': 0.00010318352929732131, 'gpp_d': 2.8006820077310213, 'ign_k': 8.761971101023693, 'ign_c': 22.53248381536621, 'trop_agb_crit': 5.881906289439389, 'trop_k_veg': 4.599337386928772, 'fuel_k': 4.680936683972861, 'fuel_half': 15.29850686893745}.
[I 2026-06-11 01:12:33,808] Trial 1070 finished with values: [10.655864355086386, 10.655864355086386] and parameters: {'k1': 0.09738633019266786, 'D_low': 10.733257635049776, 'k2': 0.03865036856259725, 'D_high': 1024.9816559563214, 'fire_exp': 9.191670218530467, 'P_half': 220.3445560633069, 'pre_dampen_half': 502.5175192217655, 'gpp_af': 0.015769192447197523, 'gpp_b': 7.402343469704428e-05, 'gpp_d': 2.8006820077310213, 'ign_k': 8.761971101023693, 'ign_c': 0.11650681118986138, 'trop_agb_crit': 6.1198430581046965, 'trop_k_veg': 2.330015895740624, 'fuel_k': 0.18294854512033595, 'fuel_half': 27.4762346187747}.
[I 2026-06-11 01:12:35,372] Trial 1071 finished with values: [10.31965515315047, 10.31965515315047] and parameters: {'k1': 0.05233480488540085, 'D_low': 90.71933427331369, 'k2': 0.02989647175615661, 'D_high': 1390.2686711035008, 'fire_exp': 1.1258453832483524, 'P_half': 13.019246714361572, 'pre_dampen_half': 6.321802404315143, 'gpp_af': 0.005782026351795939, 'gpp_b': 0.00010318352929732131, 'gpp_d': 2.8006820077310213, 'ign_k': 0.5131654955148326, 'ign_c': 0.11650681118986138, 'trop_agb_crit': 5.808568531484235, 'trop_k_veg': 7.359706248396124, 'fuel_k': 4.680936683972861, 'fuel_half': 52.00581729114123}.
[I 2026-06-11 01:12:36,850] Trial 1072 finished with values: [-0.8016038718682432, 0.24997766528082] and parameters: {'k1': 0.09738633019266786, 'D_low': 4.484744524732794, 'k2': 0.011469197890812934, 'D_high': 1390.2686711035008, 'fire_exp': 1.1258453832483524, 'P_half': 220.3445560633069, 'pre_dampen_half': 502.5175192217655, 'gpp_af': 0.008562341633595545, 'gpp_b': 3.228689523591491e-05, 'gpp_d': 0.23485690470339216, 'ign_k': 0.5131654955148326, 'ign_c': 0.9294394155644988, 'trop_agb_crit': 11.914314587614939, 'trop_k_veg': 7.359706248396124, 'fuel_k': 0.05597555634027867, 'fuel_half': 10.06119804781128}.
[I 2026-06-11 01:12:38,670] Trial 1073 finished with values: [10.429788406752436, 10.429788406752436] and parameters: {'k1': 0.00013783578294796384, 'D_low': 90.71933427331369, 'k2': 0.011469197890812934, 'D_high': 1024.9816559563214, 'fire_exp': 1.2310899049053081, 'P_half': 1327.5361137191958, 'pre_dampen_half': 502.5175192217655, 'gpp_af': 0.005618069878716736, 'gpp_b': 7.402343469704428e-05, 'gpp_d': 2.8006820077310213, 'ign_k': 8.761971101023693, 'ign_c': 0.11650681118986138, 'trop_agb_crit': 1.1073237802669997, 'trop_k_veg': 5.546867170791755, 'fuel_k': 3.6992394681929337, 'fuel_half': 2.9236782115513154}.
[I 2026-06-11 01:12:40,086] Trial 1074 finished with values: [10.583770965374043, 10.583770965374043] and parameters: {'k1': 0.006587536748686894, 'D_low': 1.4045842344024697, 'k2': 0.011469197890812934, 'D_high': 1024.9816559563214, 'fire_exp': 8.64614395376049, 'P_half': 16.051347487097576, 'pre_dampen_half': 502.5175192217655, 'gpp_af': 0.005618069878716736, 'gpp_b': 0.00012118589392553798, 'gpp_d': 2.8006820077310213, 'ign_k': 0.5131654955148326, 'ign_c': 0.16181974674385904, 'trop_agb_crit': 9.879645484210656, 'trop_k_veg': 4.599337386928772, 'fuel_k': 0.05597555634027867, 'fuel_half': 15.29850686893745}.
[I 2026-06-11 01:12:41,658] Trial 1075 finished with values: [-0.7735966266610221, 0.18525971119628193] and parameters: {'k1': 0.00013783578294796384, 'D_low': 1.4045842344024697, 'k2': 0.011469197890812934, 'D_high': 1024.9816559563214, 'fire_exp': 1.0114396646447246, 'P_half': 343.5759946100352, 'pre_dampen_half': 502.5175192217655, 'gpp_af': 0.015769192447197523, 'gpp_b': 0.00012118589392553798, 'gpp_d': 2.8006820077310213, 'ign_k': 8.761971101023693, 'ign_c': 0.11650681118986138, 'trop_agb_crit': 5.707205898008383, 'trop_k_veg': 4.599337386928772, 'fuel_k': 4.680936683972861, 'fuel_half': 2.9236782115513154}.
[I 2026-06-11 01:12:43,273] Trial 1076 finished with values: [-0.7040608517951503, 0.17372061353832113] and parameters: {'k1': 0.09738633019266786, 'D_low': 10.733257635049776, 'k2': 0.011469197890812934, 'D_high': 473.3400761327905, 'fire_exp': 1.0881360604103363, 'P_half': 16.051347487097576, 'pre_dampen_half': 502.5175192217655, 'gpp_af': 0.015769192447197523, 'gpp_b': 0.00012118589392553798, 'gpp_d': 2.8006820077310213, 'ign_k': 8.761971101023693, 'ign_c': 0.11650681118986138, 'trop_agb_crit': 5.881906289439389, 'trop_k_veg': 4.1309639246402785, 'fuel_k': 0.05597555634027867, 'fuel_half': 10.06119804781128}.
[I 2026-06-11 01:12:44,686] Trial 1077 finished with values: [10.309314748142622, 10.309314748142622] and parameters: {'k1': 0.00010980728756907093, 'D_low': 98.98117700885537, 'k2': 0.03865036856259725, 'D_high': 1024.9816559563214, 'fire_exp': 1.1258453832483524, 'P_half': 838.0768799422991, 'pre_dampen_half': 502.5175192217655, 'gpp_af': 0.008562341633595545, 'gpp_b': 7.402343469704428e-05, 'gpp_d': 1.9906830511569307, 'ign_k': 8.761971101023693, 'ign_c': 0.11650681118986138, 'trop_agb_crit': 9.879645484210656, 'trop_k_veg': 5.546867170791755, 'fuel_k': 3.6992394681929337, 'fuel_half': 0.14319038307687884}.
[I 2026-06-11 01:12:46,060] Trial 1078 finished with values: [10.007223136719393, 10.007223136719393] and parameters: {'k1': 0.09738633019266786, 'D_low': 98.98117700885537, 'k2': 0.03865036856259725, 'D_high': 204.16881527138202, 'fire_exp': 1.3224672913793163, 'P_half': 16.051347487097576, 'pre_dampen_half': 502.5175192217655, 'gpp_af': 0.015769192447197523, 'gpp_b': 7.402343469704428e-05, 'gpp_d': 9.004606022643067, 'ign_k': 8.761971101023693, 'ign_c': 0.11650681118986138, 'trop_agb_crit': 24.584290528289387, 'trop_k_veg': 1.4584243470991722, 'fuel_k': 3.6992394681929337, 'fuel_half': 0.14319038307687884}.
[I 2026-06-11 01:12:47,408] Trial 1079 finished with values: [10.100217535438052, 10.100217535438052] and parameters: {'k1': 0.05233480488540085, 'D_low': 174.83983085324363, 'k2': 0.011469197890812934, 'D_high': 1024.9816559563214, 'fire_exp': 1.1258453832483524, 'P_half': 220.3445560633069, 'pre_dampen_half': 502.5175192217655, 'gpp_af': 0.015769192447197523, 'gpp_b': 0.00012118589392553798, 'gpp_d': 2.8006820077310213, 'ign_k': 8.761971101023693, 'ign_c': 0.9294394155644988, 'trop_agb_crit': 5.707205898008383, 'trop_k_veg': 7.359706248396124, 'fuel_k': 0.05597555634027867, 'fuel_half': 15.29850686893745}.
[I 2026-06-11 01:12:49,079] Trial 1080 finished with values: [10.469163875196129, 10.469163875196129] and parameters: {'k1': 0.05233480488540085, 'D_low': 174.83983085324363, 'k2': 0.011469197890812934, 'D_high': 1024.9816559563214, 'fire_exp': 9.57849088945592, 'P_half': 16.051347487097576, 'pre_dampen_half': 502.5175192217655, 'gpp_af': 0.005618069878716736, 'gpp_b': 0.00012118589392553798, 'gpp_d': 34.97224310873812, 'ign_k': 4.591485216740537, 'ign_c': 0.11650681118986138, 'trop_agb_crit': 9.879645484210656, 'trop_k_veg': 4.599337386928772, 'fuel_k': 0.0516035184355362, 'fuel_half': 52.00581729114123}.
[I 2026-06-11 01:12:50,674] Trial 1081 finished with values: [-0.8155088154469139, 0.23029436867309172] and parameters: {'k1': 0.004312951023617458, 'D_low': 4.484744524732794, 'k2': 0.0027431991397796683, 'D_high': 1390.2686711035008, 'fire_exp': 1.0881360604103363, 'P_half': 16.051347487097576, 'pre_dampen_half': 502.5175192217655, 'gpp_af': 0.005618069878716736, 'gpp_b': 7.402343469704428e-05, 'gpp_d': 34.97224310873812, 'ign_k': 8.761971101023693, 'ign_c': 15.221840161091626, 'trop_agb_crit': 5.881906289439389, 'trop_k_veg': 4.599337386928772, 'fuel_k': 0.5964469943278032, 'fuel_half': 2.9236782115513154}.
[I 2026-06-11 01:12:52,136] Trial 1082 finished with values: [-0.7647538817629368, 0.14871649809420817] and parameters: {'k1': 0.09738633019266786, 'D_low': 90.71933427331369, 'k2': 0.011469197890812934, 'D_high': 1024.9816559563214, 'fire_exp': 1.1258453832483524, 'P_half': 220.3445560633069, 'pre_dampen_half': 502.5175192217655, 'gpp_af': 0.015769192447197523, 'gpp_b': 0.00012118589392553798, 'gpp_d': 2.8006820077310213, 'ign_k': 8.761971101023693, 'ign_c': 0.11650681118986138, 'trop_agb_crit': 9.836162684900028, 'trop_k_veg': 4.599337386928772, 'fuel_k': 0.05597555634027867, 'fuel_half': 7.860326410149304}.
[I 2026-06-11 01:12:53,590] Trial 1083 finished with values: [10.147601423081182, 10.147601423081182] and parameters: {'k1': 0.05233480488540085, 'D_low': 4.484744524732794, 'k2': 0.03865036856259725, 'D_high': 4137.122741690794, 'fire_exp': 1.0881360604103363, 'P_half': 16.051347487097576, 'pre_dampen_half': 502.5175192217655, 'gpp_af': 0.005618069878716736, 'gpp_b': 0.00012118589392553798, 'gpp_d': 2.8006820077310213, 'ign_k': 4.591485216740537, 'ign_c': 15.221840161091626, 'trop_agb_crit': 5.881906289439389, 'trop_k_veg': 0.8659709482239795, 'fuel_k': 0.05597555634027867, 'fuel_half': 10.06119804781128}.
[I 2026-06-11 01:12:54,994] Trial 1084 finished with values: [-0.7884398590144589, 0.18547064238320243] and parameters: {'k1': 0.09738633019266786, 'D_low': 1.4045842344024697, 'k2': 0.03865036856259725, 'D_high': 1390.2686711035008, 'fire_exp': 3.675617025971904, 'P_half': 13.019246714361572, 'pre_dampen_half': 502.5175192217655, 'gpp_af': 0.015769192447197523, 'gpp_b': 3.228689523591491e-05, 'gpp_d': 2.8006820077310213, 'ign_k': 0.5131654955148326, 'ign_c': 15.221840161091626, 'trop_agb_crit': 6.1198430581046965, 'trop_k_veg': 7.359706248396124, 'fuel_k': 0.05597555634027867, 'fuel_half': 10.06119804781128}.
