[I 2026-07-22 20:38:50,533] Trial 454 finished with values: [-0.39424013305349814, 0.1927316085277968] and parameters: {'k1': 0.00018391807805583142, 'D_low': 35.437765484261625, 'k2': 0.014666151770108535, 'D_high': 693439.2750387826, 'fire_exp': 1.5704801393982246, 'P_half': 44.71679901231308, 'pre_dampen_half': 565.0116730717867, 'gpp_af': 0.015875524914818664, 'gpp_b': 0.005419266601560437, 'gpp_d': 352.0481045526035, 'ign_k': 0.012868405331151606, 'ign_c': 0.12510188850164433, 'trop_agb_crit': 5.613675661974366, 'trop_k_veg': 0.8170196702261714, 'fuel_k': 0.41829719944607047, 'fuel_half': 1.0889347318773486}.
[I 2026-07-22 20:38:50,949] Trial 455 finished with values: [-0.6116903625220386, 0.16288312421489337] and parameters: {'k1': 0.0011101191524846067, 'D_low': 2240.9155921647994, 'k2': 0.015602015889668856, 'D_high': 2742371.6496047364, 'fire_exp': 1.9025702662542903, 'P_half': 60.759029110813756, 'pre_dampen_half': 13.472769577631588, 'gpp_af': 0.04897515106470033, 'gpp_b': 1.775976252491052e-05, 'gpp_d': 352.0481045526035, 'ign_k': 0.0029519227433917453, 'ign_c': 44.67752817973901, 'trop_agb_crit': 9.286923253577127, 'trop_k_veg': 2.1144348148283285, 'fuel_k': 4.710433409437071, 'fuel_half': 1.3323297901105766}.
[I 2026-07-22 20:38:51,366] Trial 456 finished with values: [10.431877328673352, 10.431877328673352] and parameters: {'k1': 3.9207829763785736e-05, 'D_low': 216.6574784061471, 'k2': 0.0006863458703786212, 'D_high': 693439.2750387826, 'fire_exp': 2.469560099610647, 'P_half': 355.00125258511594, 'pre_dampen_half': 16.224010950061366, 'gpp_af': 0.015875524914818664, 'gpp_b': 2.852199954727099e-05, 'gpp_d': 36.831884165358964, 'ign_k': 2.7142572552186843, 'ign_c': 17.583640270008498, 'trop_agb_crit': 26.643872076082868, 'trop_k_veg': 0.5068953813361555, 'fuel_k': 0.057024351269772615, 'fuel_half': 0.3036855685244964}.
[I 2026-07-22 20:38:51,776] Trial 457 finished with values: [10.722311572492577, 10.722311572492577] and parameters: {'k1': 0.00022704877557909215, 'D_low': 35.437765484261625, 'k2': 0.0006863458703786212, 'D_high': 354469.7472374598, 'fire_exp': 1.9325784557452017, 'P_half': 6415.745702132087, 'pre_dampen_half': 16.224010950061366, 'gpp_af': 3.470266988650414, 'gpp_b': 2.852199954727099e-05, 'gpp_d': 59.945376567988106, 'ign_k': 2.136832907235876, 'ign_c': 5.199673923878318, 'trop_agb_crit': 12.856643861355176, 'trop_k_veg': 2.9556982260250564, 'fuel_k': 0.03201034713747641, 'fuel_half': 1.0889347318773486}.
[I 2026-07-22 20:38:52,212] Trial 458 finished with values: [10.448470629384033, 10.448470629384033] and parameters: {'k1': 0.0006579066240690734, 'D_low': 1.6752866684650682, 'k2': 0.015109086063191909, 'D_high': 693439.2750387826, 'fire_exp': 1.9325784557452017, 'P_half': 360.14695835220334, 'pre_dampen_half': 14.689407256107613, 'gpp_af': 0.015875524914818664, 'gpp_b': 0.004458440839692221, 'gpp_d': 59.945376567988106, 'ign_k': 3.965503094323014, 'ign_c': 22.126836566118193, 'trop_agb_crit': 10.584071370490857, 'trop_k_veg': 1.3987664054208562, 'fuel_k': 0.03201034713747641, 'fuel_half': 1.0889347318773486}.
[I 2026-07-22 20:38:52,662] Trial 459 finished with values: [10.523976948248578, 10.523976948248578] and parameters: {'k1': 0.012840669372724958, 'D_low': 2240.9155921647994, 'k2': 0.06598741607403362, 'D_high': 2742371.6496047364, 'fire_exp': 1.8719045352638064, 'P_half': 60.759029110813756, 'pre_dampen_half': 13.472769577631588, 'gpp_af': 0.2991469302130216, 'gpp_b': 0.0004382884213732982, 'gpp_d': 352.0481045526035, 'ign_k': 0.0029519227433917453, 'ign_c': 39.52220881906112, 'trop_agb_crit': 8.983402272488592, 'trop_k_veg': 2.1144348148283285, 'fuel_k': 4.710433409437071, 'fuel_half': 0.17108183937377372}.
[I 2026-07-22 20:38:53,129] Trial 460 finished with values: [-0.4648211360324818, 0.3219446027211815] and parameters: {'k1': 0.012840669372724958, 'D_low': 3907.96715682288, 'k2': 4.207988669606632e-05, 'D_high': 2007776.2367162877, 'fire_exp': 1.8719045352638064, 'P_half': 1.104970302415413, 'pre_dampen_half': 13.472769577631588, 'gpp_af': 21.85704631815558, 'gpp_b': 0.0028993292583566945, 'gpp_d': 707.2114131472224, 'ign_k': 0.013276678836047658, 'ign_c': 0.7068974950624601, 'trop_agb_crit': 1.8559980846490576, 'trop_k_veg': 1.733613253381165, 'fuel_k': 0.07002142869039267, 'fuel_half': 3.75205585512428}.
[I 2026-07-22 20:38:53,556] Trial 461 finished with values: [10.046757872057382, 10.046757872057382] and parameters: {'k1': 0.0009299619346742016, 'D_low': 35.437765484261625, 'k2': 0.0006863458703786212, 'D_high': 693439.2750387826, 'fire_exp': 1.5704801393982246, 'P_half': 44.71679901231308, 'pre_dampen_half': 1.8780159576024016, 'gpp_af': 0.015875524914818664, 'gpp_b': 2.852199954727099e-05, 'gpp_d': 40.95062894476691, 'ign_k': 0.008226074946221037, 'ign_c': 0.12510188850164433, 'trop_agb_crit': 8.983402272488592, 'trop_k_veg': 4.050700716504253, 'fuel_k': 0.27064733277940645, 'fuel_half': 1.0889347318773486}.
[I 2026-07-22 20:38:53,973] Trial 462 finished with values: [10.44062302134156, 10.44062302134156] and parameters: {'k1': 0.012840669372724958, 'D_low': 890.3633614906976, 'k2': 0.0009562822793888481, 'D_high': 2007776.2367162877, 'fire_exp': 1.8719045352638064, 'P_half': 93.43302657318476, 'pre_dampen_half': 13.472769577631588, 'gpp_af': 0.2901272149738624, 'gpp_b': 1.3289448722869181e-05, 'gpp_d': 0.020943279341034755, 'ign_k': 0.0029519227433917453, 'ign_c': 0.12510188850164433, 'trop_agb_crit': 9.286923253577127, 'trop_k_veg': 0.8170196702261714, 'fuel_k': 0.2280813307334768, 'fuel_half': 1.3323297901105766}.
[I 2026-07-22 20:38:54,388] Trial 463 finished with values: [10.665577098340135, 10.665577098340135] and parameters: {'k1': 0.0001971137615017176, 'D_low': 2240.9155921647994, 'k2': 0.0004976087827261435, 'D_high': 2742371.6496047364, 'fire_exp': 1.8719045352638064, 'P_half': 465.0043655881079, 'pre_dampen_half': 0.2774295811500811, 'gpp_af': 0.2901272149738624, 'gpp_b': 0.0001484082099455773, 'gpp_d': 352.0481045526035, 'ign_k': 0.0029519227433917453, 'ign_c': 44.67752817973901, 'trop_agb_crit': 12.647327018493208, 'trop_k_veg': 6.863422129054256, 'fuel_k': 4.710433409437071, 'fuel_half': 1.3323297901105766}.
[I 2026-07-22 20:38:54,805] Trial 464 finished with values: [11.895160355855158, 11.895160355855158] and parameters: {'k1': 0.028401063201780267, 'D_low': 16.00237013173313, 'k2': 0.03699867920489092, 'D_high': 61211.32154754238, 'fire_exp': 1.0871627347485018, 'P_half': 157.80309954142965, 'pre_dampen_half': 8.259599205585763, 'gpp_af': 0.4840298156332326, 'gpp_b': 2.176805640408474e-05, 'gpp_d': 352.0481045526035, 'ign_k': 0.0029519227433917453, 'ign_c': 0.2939463458625969, 'trop_agb_crit': 1.6079844205915728, 'trop_k_veg': 2.724170387400844, 'fuel_k': 3.826843441487285, 'fuel_half': 1.3323297901105766}.
[I 2026-07-22 20:38:55,260] Trial 465 finished with values: [10.28683087440075, 10.28683087440075] and parameters: {'k1': 0.00022704877557909215, 'D_low': 1.5130090970001477, 'k2': 0.0006863458703786212, 'D_high': 2413579.2291304003, 'fire_exp': 1.5704801393982246, 'P_half': 355.00125258511594, 'pre_dampen_half': 0.7245868181143029, 'gpp_af': 0.03464572931585298, 'gpp_b': 2.852199954727099e-05, 'gpp_d': 450.59526947401275, 'ign_k': 2.7142572552186843, 'ign_c': 17.583640270008498, 'trop_agb_crit': 12.856643861355176, 'trop_k_veg': 4.050700716504253, 'fuel_k': 0.9072139969619718, 'fuel_half': 1.0889347318773486}.
[I 2026-07-22 20:38:55,708] Trial 466 finished with values: [10.216509171447784, 10.216509171447784] and parameters: {'k1': 0.0009299619346742016, 'D_low': 2240.9155921647994, 'k2': 4.1265168740903634e-05, 'D_high': 2742371.6496047364, 'fire_exp': 1.8719045352638064, 'P_half': 56.22114524476698, 'pre_dampen_half': 14.689407256107613, 'gpp_af': 0.05511595477601764, 'gpp_b': 0.004458440839692221, 'gpp_d': 274.48645214004335, 'ign_k': 0.038563028138793747, 'ign_c': 0.2939463458625969, 'trop_agb_crit': 2.679156169946616, 'trop_k_veg': 4.129715873342729, 'fuel_k': 0.025620781631399487, 'fuel_half': 1.3323297901105766}.
[I 2026-07-22 20:38:56,163] Trial 467 finished with values: [10.255737238834568, 10.255737238834568] and parameters: {'k1': 0.012840669372724958, 'D_low': 2240.9155921647994, 'k2': 6.418208309987478e-05, 'D_high': 2007776.2367162877, 'fire_exp': 1.8719045352638064, 'P_half': 355.00125258511594, 'pre_dampen_half': 13.472769577631588, 'gpp_af': 0.015875524914818664, 'gpp_b': 2.852199954727099e-05, 'gpp_d': 352.0481045526035, 'ign_k': 2.7142572552186843, 'ign_c': 17.583640270008498, 'trop_agb_crit': 2.7395739167173065, 'trop_k_veg': 4.050700716504253, 'fuel_k': 4.710433409437071, 'fuel_half': 1.3323297901105766}.
[I 2026-07-22 20:38:56,607] Trial 468 finished with values: [10.402141367061512, 10.402141367061512] and parameters: {'k1': 0.0007883068789768041, 'D_low': 3.86371393182755, 'k2': 0.0006863458703786212, 'D_high': 7589190.453000005, 'fire_exp': 2.14357894201977, 'P_half': 2.0598022365449626, 'pre_dampen_half': 0.9829324480069707, 'gpp_af': 0.2901272149738624, 'gpp_b': 0.0001484082099455773, 'gpp_d': 36.831884165358964, 'ign_k': 0.013276678836047658, 'ign_c': 0.12510188850164433, 'trop_agb_crit': 1.6034837661963206, 'trop_k_veg': 0.8170196702261714, 'fuel_k': 0.7428432077309831, 'fuel_half': 1.0889347318773486}.
[I 2026-07-22 20:38:57,028] Trial 469 finished with values: [10.76923076903347, 10.76923076903347] and parameters: {'k1': 0.0007883068789768041, 'D_low': 1.6752866684650682, 'k2': 0.015109086063191909, 'D_high': 2007776.2367162877, 'fire_exp': 1.1234725391720877, 'P_half': 56.22114524476698, 'pre_dampen_half': 0.9829324480069707, 'gpp_af': 0.2901272149738624, 'gpp_b': 0.0001484082099455773, 'gpp_d': 40.95062894476691, 'ign_k': 2.7142572552186843, 'ign_c': 757.963311331611, 'trop_agb_crit': 10.584071370490857, 'trop_k_veg': 4.129715873342729, 'fuel_k': 0.025620781631399487, 'fuel_half': 1.0889347318773486}.
[I 2026-07-22 20:38:57,446] Trial 470 finished with values: [10.4206864868218, 10.4206864868218] and parameters: {'k1': 0.008471801418819975, 'D_low': 216.6574784061471, 'k2': 0.0006863458703786212, 'D_high': 2742371.6496047364, 'fire_exp': 1.08985030897449, 'P_half': 355.00125258511594, 'pre_dampen_half': 16.224010950061366, 'gpp_af': 0.015875524914818664, 'gpp_b': 1.3289448722869181e-05, 'gpp_d': 36.831884165358964, 'ign_k': 2.136832907235876, 'ign_c': 17.583640270008498, 'trop_agb_crit': 2.7395739167173065, 'trop_k_veg': 4.050700716504253, 'fuel_k': 0.07002142869039267, 'fuel_half': 0.3036855685244964}.
[I 2026-07-22 20:38:57,864] Trial 471 finished with values: [-0.6123590739861375, 0.2715286620821028] and parameters: {'k1': 0.00021066486017042195, 'D_low': 10854.572140544458, 'k2': 2.296989871634208e-05, 'D_high': 7589190.453000005, 'fire_exp': 2.14357894201977, 'P_half': 2.0598022365449626, 'pre_dampen_half': 272.9378165037472, 'gpp_af': 0.8057329182285735, 'gpp_b': 2.852199954727099e-05, 'gpp_d': 36.831884165358964, 'ign_k': 0.003252245757497283, 'ign_c': 0.8053471030316095, 'trop_agb_crit': 1.6034837661963206, 'trop_k_veg': 1.711191091839882, 'fuel_k': 3.826843441487285, 'fuel_half': 1.0889347318773486}.
[I 2026-07-22 20:38:58,296] Trial 472 finished with values: [10.361649126907169, 10.361649126907169] and parameters: {'k1': 0.0001971137615017176, 'D_low': 356.959242804259, 'k2': 2.296989871634208e-05, 'D_high': 65835.85310972678, 'fire_exp': 1.9325784557452017, 'P_half': 44.71679901231308, 'pre_dampen_half': 24.551654436784784, 'gpp_af': 0.8057329182285735, 'gpp_b': 0.0028993292583566945, 'gpp_d': 59.945376567988106, 'ign_k': 0.003252245757497283, 'ign_c': 5.199673923878318, 'trop_agb_crit': 19.15805325046976, 'trop_k_veg': 2.9556982260250564, 'fuel_k': 0.03201034713747641, 'fuel_half': 1.0889347318773486}.
[I 2026-07-22 20:38:58,740] Trial 473 finished with values: [-0.7785136712391267, 0.11242783787162147] and parameters: {'k1': 0.028401063201780267, 'D_low': 216.6574784061471, 'k2': 0.00033271381912662167, 'D_high': 693439.2750387826, 'fire_exp': 1.5191397119156032, 'P_half': 355.00125258511594, 'pre_dampen_half': 16.224010950061366, 'gpp_af': 0.03522602097143089, 'gpp_b': 2.852199954727099e-05, 'gpp_d': 12.338826503601998, 'ign_k': 2.7142572552186843, 'ign_c': 17.583640270008498, 'trop_agb_crit': 2.7395739167173065, 'trop_k_veg': 4.050700716504253, 'fuel_k': 0.10978148458640455, 'fuel_half': 0.3036855685244964}.
[I 2026-07-22 20:38:59,160] Trial 474 finished with values: [10.143476272957283, 10.143476272957283] and parameters: {'k1': 0.0009299619346742016, 'D_low': 35.437765484261625, 'k2': 0.0006863458703786212, 'D_high': 693439.2750387826, 'fire_exp': 1.5704801393982246, 'P_half': 50.34696988263488, 'pre_dampen_half': 14.689407256107613, 'gpp_af': 0.015875524914818664, 'gpp_b': 2.852199954727099e-05, 'gpp_d': 12.338826503601998, 'ign_k': 3.965503094323014, 'ign_c': 22.126836566118193, 'trop_agb_crit': 10.584071370490857, 'trop_k_veg': 2.9556982260250564, 'fuel_k': 0.03201034713747641, 'fuel_half': 0.6603566884894324}.
[I 2026-07-22 20:38:59,578] Trial 475 finished with values: [-0.523395160643779, 0.21898779520783074] and parameters: {'k1': 0.012840669372724958, 'D_low': 1.6752866684650682, 'k2': 0.0195165137832656, 'D_high': 34634.27660734638, 'fire_exp': 1.8650480821905064, 'P_half': 56.22114524476698, 'pre_dampen_half': 70.78932406899753, 'gpp_af': 0.05511595477601764, 'gpp_b': 0.004458440839692221, 'gpp_d': 274.48645214004335, 'ign_k': 0.038563028138793747, 'ign_c': 0.2939463458625969, 'trop_agb_crit': 2.679156169946616, 'trop_k_veg': 4.129715873342729, 'fuel_k': 0.025620781631399487, 'fuel_half': 1.3323297901105766}.
[I 2026-07-22 20:39:00,000] Trial 476 finished with values: [10.101404285360818, 10.101404285360818] and parameters: {'k1': 0.028401063201780267, 'D_low': 2240.9155921647994, 'k2': 0.015602015889668856, 'D_high': 6525529.853354094, 'fire_exp': 1.5191397119156032, 'P_half': 93.43302657318476, 'pre_dampen_half': 13.472769577631588, 'gpp_af': 0.03522602097143089, 'gpp_b': 0.00011558427059298912, 'gpp_d': 12.338826503601998, 'ign_k': 0.0029519227433917453, 'ign_c': 44.67752817973901, 'trop_agb_crit': 9.286923253577127, 'trop_k_veg': 2.724170387400844, 'fuel_k': 4.710433409437071, 'fuel_half': 1.3323297901105766}.
[I 2026-07-22 20:39:00,444] Trial 477 finished with values: [10.306427604893281, 10.306427604893281] and parameters: {'k1': 0.012840669372724958, 'D_low': 2240.9155921647994, 'k2': 0.014666151770108535, 'D_high': 2742371.6496047364, 'fire_exp': 1.8719045352638064, 'P_half': 60.759029110813756, 'pre_dampen_half': 13.472769577631588, 'gpp_af': 2.9048904655478345, 'gpp_b': 1.0682963335844735, 'gpp_d': 352.0481045526035, 'ign_k': 0.0029519227433917453, 'ign_c': 0.2939463458625969, 'trop_agb_crit': 2.679156169946616, 'trop_k_veg': 2.1144348148283285, 'fuel_k': 4.710433409437071, 'fuel_half': 1.3323297901105766}.
  trial  478/2500  pareto_size=5  best_taylor=0.7785  best_ilamb=0.6078  (3.4 min)
[I 2026-07-22 20:39:00,952] Trial 478 finished with values: [-0.27351906331082787, 0.22661124198531912] and parameters: {'k1': 0.008471801418819975, 'D_low': 166.32295851843423, 'k2': 0.0009256855841989632, 'D_high': 2742371.6496047364, 'fire_exp': 1.8719045352638064, 'P_half': 93.43302657318476, 'pre_dampen_half': 528.531769437095, 'gpp_af': 0.2991469302130216, 'gpp_b': 1.3289448722869181e-05, 'gpp_d': 722.6207258080483, 'ign_k': 0.008226074946221037, 'ign_c': 54.07445028694725, 'trop_agb_crit': 10.215415653610627, 'trop_k_veg': 0.8170196702261714, 'fuel_k': 0.07002142869039267, 'fuel_half': 3.75205585512428}.
[I 2026-07-22 20:39:01,381] Trial 479 finished with values: [10.199228998520027, 10.199228998520027] and parameters: {'k1': 0.012840669372724958, 'D_low': 961.7198589189991, 'k2': 0.014666151770108535, 'D_high': 2742371.6496047364, 'fire_exp': 1.761433031000504, 'P_half': 2.0598022365449626, 'pre_dampen_half': 13.472769577631588, 'gpp_af': 0.05511595477601764, 'gpp_b': 0.004458440839692221, 'gpp_d': 352.0481045526035, 'ign_k': 0.0029519227433917453, 'ign_c': 0.2939463458625969, 'trop_agb_crit': 10.584071370490857, 'trop_k_veg': 2.2447221162684823, 'fuel_k': 0.025620781631399487, 'fuel_half': 1.3323297901105766}.
[I 2026-07-22 20:39:01,813] Trial 480 finished with values: [-0.46357815529590246, 0.236704114998726] and parameters: {'k1': 8.31416087354964e-05, 'D_low': 35.437765484261625, 'k2': 0.02989647175615661, 'D_high': 2742371.6496047364, 'fire_exp': 1.8719045352638064, 'P_half': 60.759029110813756, 'pre_dampen_half': 13.472769577631588, 'gpp_af': 0.015875524914818664, 'gpp_b': 0.0001484082099455773, 'gpp_d': 7.12933025511547, 'ign_k': 0.0029519227433917453, 'ign_c': 39.52220881906112, 'trop_agb_crit': 1.6034837661963206, 'trop_k_veg': 2.9556982260250564, 'fuel_k': 4.710433409437071, 'fuel_half': 1.0889347318773486}.
[I 2026-07-22 20:39:02,260] Trial 481 finished with values: [10.004121213134137, 10.004121213134137] and parameters: {'k1': 0.0009299619346742016, 'D_low': 2240.9155921647994, 'k2': 0.015602015889668856, 'D_high': 2742371.6496047364, 'fire_exp': 1.1234725391720877, 'P_half': 93.43302657318476, 'pre_dampen_half': 0.7245868181143029, 'gpp_af': 0.05511595477601764, 'gpp_b': 0.004458440839692221, 'gpp_d': 352.0481045526035, 'ign_k': 0.0013229646467088642, 'ign_c': 5.199673923878318, 'trop_agb_crit': 3.3933702290907823, 'trop_k_veg': 2.2447221162684823, 'fuel_k': 4.710433409437071, 'fuel_half': 1.0889347318773486}.
[I 2026-07-22 20:39:02,687] Trial 482 finished with values: [10.766730817143596, 10.766730817143596] and parameters: {'k1': 0.0011101191524846067, 'D_low': 16.00237013173313, 'k2': 0.00033271381912662167, 'D_high': 2742371.6496047364, 'fire_exp': 1.9025702662542903, 'P_half': 157.80309954142965, 'pre_dampen_half': 8.259599205585763, 'gpp_af': 0.2991469302130216, 'gpp_b': 3.852052282755803, 'gpp_d': 12.338826503601998, 'ign_k': 0.0029519227433917453, 'ign_c': 22.126836566118193, 'trop_agb_crit': 5.526463318565575, 'trop_k_veg': 2.1144348148283285, 'fuel_k': 0.10978148458640455, 'fuel_half': 1.3323297901105766}.
[I 2026-07-22 20:39:03,109] Trial 483 finished with values: [-0.5118876473407682, 0.17127118163003663] and parameters: {'k1': 0.012840669372724958, 'D_low': 3.86371393182755, 'k2': 0.0009256855841989632, 'D_high': 137138.85091300905, 'fire_exp': 1.6236231976277165, 'P_half': 102.4585893986732, 'pre_dampen_half': 0.9829324480069707, 'gpp_af': 0.2901272149738624, 'gpp_b': 0.0001484082099455773, 'gpp_d': 40.95062894476691, 'ign_k': 0.0011417577140741143, 'ign_c': 0.12510188850164433, 'trop_agb_crit': 8.983402272488592, 'trop_k_veg': 0.8170196702261714, 'fuel_k': 4.0632364973692425, 'fuel_half': 0.30817917005205625}.
[I 2026-07-22 20:39:03,537] Trial 484 finished with values: [11.895000871896857, 11.895000871896857] and parameters: {'k1': 0.0006579066240690734, 'D_low': 86.64406862241785, 'k2': 3.3139424373452e-05, 'D_high': 2742371.6496047364, 'fire_exp': 1.8719045352638064, 'P_half': 60.759029110813756, 'pre_dampen_half': 13.472769577631588, 'gpp_af': 0.2991469302130216, 'gpp_b': 0.0004382884213732982, 'gpp_d': 352.0481045526035, 'ign_k': 0.0029519227433917453, 'ign_c': 0.2939463458625969, 'trop_agb_crit': 9.983717903448555, 'trop_k_veg': 2.1144348148283285, 'fuel_k': 4.710433409437071, 'fuel_half': 0.1257793442986093}.
[I 2026-07-22 20:39:03,961] Trial 485 finished with values: [11.559464285084813, 11.559464285084813] and parameters: {'k1': 0.008471801418819975, 'D_low': 2.4063018320720926, 'k2': 0.014666151770108535, 'D_high': 2742371.6496047364, 'fire_exp': 1.5532616753672623, 'P_half': 60.759029110813756, 'pre_dampen_half': 13.472769577631588, 'gpp_af': 3.470266988650414, 'gpp_b': 1.3289448722869181e-05, 'gpp_d': 36.831884165358964, 'ign_k': 0.0029519227433917453, 'ign_c': 17.583640270008498, 'trop_agb_crit': 2.082468072533112, 'trop_k_veg': 2.1144348148283285, 'fuel_k': 4.710433409437071, 'fuel_half': 1.3323297901105766}.
[I 2026-07-22 20:39:04,382] Trial 486 finished with values: [10.132412266156837, 10.132412266156837] and parameters: {'k1': 0.0009299619346742016, 'D_low': 2240.9155921647994, 'k2': 0.015109086063191909, 'D_high': 693439.2750387826, 'fire_exp': 1.8719045352638064, 'P_half': 93.43302657318476, 'pre_dampen_half': 14.689407256107613, 'gpp_af': 0.05511595477601764, 'gpp_b': 2.176805640408474e-05, 'gpp_d': 274.48645214004335, 'ign_k': 0.0029519227433917453, 'ign_c': 5.199673923878318, 'trop_agb_crit': 10.584071370490857, 'trop_k_veg': 2.2447221162684823, 'fuel_k': 0.025620781631399487, 'fuel_half': 9.476684248320183}.
[I 2026-07-22 20:39:04,832] Trial 487 finished with values: [10.319494476685763, 10.319494476685763] and parameters: {'k1': 0.012840669372724958, 'D_low': 230.77376416744508, 'k2': 0.00016536937182824412, 'D_high': 2742371.6496047364, 'fire_exp': 1.5704801393982246, 'P_half': 44.71679901231308, 'pre_dampen_half': 0.7245868181143029, 'gpp_af': 0.015875524914818664, 'gpp_b': 2.852199954727099e-05, 'gpp_d': 450.59526947401275, 'ign_k': 0.0029519227433917453, 'ign_c': 5.199673923878318, 'trop_agb_crit': 12.647327018493208, 'trop_k_veg': 2.1144348148283285, 'fuel_k': 0.6445011690636194, 'fuel_half': 1.3323297901105766}.
[I 2026-07-22 20:39:05,273] Trial 488 finished with values: [-0.6909006672377349, 0.09538896650734352] and parameters: {'k1': 0.008471801418819975, 'D_low': 2240.9155921647994, 'k2': 0.014666151770108535, 'D_high': 2742371.6496047364, 'fire_exp': 1.5532616753672623, 'P_half': 355.00125258511594, 'pre_dampen_half': 13.472769577631588, 'gpp_af': 0.2901272149738624, 'gpp_b': 0.0028993292583566945, 'gpp_d': 352.0481045526035, 'ign_k': 2.136832907235876, 'ign_c': 0.26691447170887805, 'trop_agb_crit': 12.647327018493208, 'trop_k_veg': 0.8170196702261714, 'fuel_k': 0.07002142869039267, 'fuel_half': 3.75205585512428}.
