[I 2026-08-14 14:06:53,533] Trial 177 finished with values: [-0.3554625854118624, 0.0] and parameters: {'k1': 0.008023527304678842, 'D_low': 716328.9063135319, 'k2': 0.0009562822793888481, 'D_high': 866.4406862241786, 'fire_exp': 6.2400230621325194, 'P_half': 12.115155843077673, 'pre_dampen_half': 1.5662356447891177, 'gpp_af': 0.0024676405980083274, 'gpp_b': 1.4193988874743626e-05, 'gpp_d': 650.4921701204659, 'ign_k': 2.207600491318519, 'ign_c': 60.79905434073397, 'trop_agb_crit': 4.018584329485901, 'trop_k_veg': 0.8084202024508578, 'fuel_k': 0.027202308755889835, 'fuel_half': 0.5632856590781126}.
[I 2026-08-14 14:06:54,729] Trial 178 finished with values: [-0.3554625854118624, 0.0] and parameters: {'k1': 0.053816312113049804, 'D_low': 177.51026696160926, 'k2': 1.5166126720973775e-05, 'D_high': 1627776.4805093438, 'fire_exp': 2.3793775898966585, 'P_half': 7126.727573532312, 'pre_dampen_half': 0.011501973785501987, 'gpp_af': 0.005650468465378645, 'gpp_b': 1.815346247026201e-05, 'gpp_d': 285.57196407381804, 'ign_k': 0.12906379659404604, 'ign_c': 937.2580613581177, 'trop_agb_crit': 5.127251822192504, 'trop_k_veg': 2.3220791324604515, 'fuel_k': 4.930251243812931, 'fuel_half': 3.7093134348291836}.
[I 2026-08-14 14:06:55,979] Trial 179 finished with values: [-0.3554625854118624, 0.0] and parameters: {'k1': 8.400384914559786e-05, 'D_low': 282295.1182993734, 'k2': 0.002155595057104387, 'D_high': 42.13582405709726, 'fire_exp': 2.897382306276318, 'P_half': 5.178197947282869, 'pre_dampen_half': 0.05844629901057142, 'gpp_af': 0.04130614451133169, 'gpp_b': 0.012964140540905063, 'gpp_d': 32.741215209888836, 'ign_k': 0.7745825831079145, 'ign_c': 264.7194625525936, 'trop_agb_crit': 23.815062574705927, 'trop_k_veg': 1.0049538030148353, 'fuel_k': 0.7178629801075029, 'fuel_half': 58.54612336582598}.
[I 2026-08-14 14:06:57,146] Trial 180 finished with values: [-0.3554625854118624, 0.0] and parameters: {'k1': 1.0661259689433896e-05, 'D_low': 9.222492453004657, 'k2': 0.002342238625792905, 'D_high': 887331.2884015169, 'fire_exp': 4.487053621524983, 'P_half': 1212.4080603355412, 'pre_dampen_half': 420.2116526335304, 'gpp_af': 0.0023751383317256927, 'gpp_b': 0.0003528984625415794, 'gpp_d': 32.741215209888836, 'ign_k': 1.857328833311487, 'ign_c': 771.13129913311, 'trop_agb_crit': 2.3118820898020997, 'trop_k_veg': 2.417028380770307, 'fuel_k': 0.01814068034742312, 'fuel_half': 49.16400722913762}.
[I 2026-08-14 14:06:58,305] Trial 181 finished with values: [-0.3554625854118624, 0.0] and parameters: {'k1': 1.7926680648388784e-05, 'D_low': 529141.0588169728, 'k2': 0.00013894673469237192, 'D_high': 1663.2295851843426, 'fire_exp': 1.0362310858538248, 'P_half': 7126.727573532312, 'pre_dampen_half': 1.3833139021965035, 'gpp_af': 68.11991466118579, 'gpp_b': 6.049505313715197, 'gpp_d': 184.0972398983907, 'ign_k': 0.015058980408366392, 'ign_c': 937.2580613581177, 'trop_agb_crit': 16.86264052240002, 'trop_k_veg': 2.3220791324604515, 'fuel_k': 0.09252659617259135, 'fuel_half': 15.581254655530845}.
[I 2026-08-14 14:06:59,449] Trial 182 finished with values: [-0.4067578660730695, 8.194049954557414e-06] and parameters: {'k1': 0.00040091494283268605, 'D_low': 11697.604007727205, 'k2': 4.17792831163654e-05, 'D_high': 316055.11434645514, 'fire_exp': 1.6214575867079866, 'P_half': 3910.3637457741784, 'pre_dampen_half': 0.10609580257119508, 'gpp_af': 0.008983355849178878, 'gpp_b': 0.024796579879439486, 'gpp_d': 1.105785410092522, 'ign_k': 0.567034633562729, 'ign_c': 0.4213183643253957, 'trop_agb_crit': 13.98132484257899, 'trop_k_veg': 3.1073737298971267, 'fuel_k': 0.011892598727815663, 'fuel_half': 0.46335780813176825}.
[I 2026-08-14 14:07:00,681] Trial 183 finished with values: [-0.35598695229853466, 0.0] and parameters: {'k1': 0.00014888230597983555, 'D_low': 93.75345303884801, 'k2': 1.263794633808287e-05, 'D_high': 44.39648242927527, 'fire_exp': 6.188409493921614, 'P_half': 351.2704726270846, 'pre_dampen_half': 0.0195172246414495, 'gpp_af': 0.34902252478382495, 'gpp_b': 0.040428727350273294, 'gpp_d': 34.70266988650411, 'ign_k': 0.011698039424426817, 'ign_c': 105.24574681335613, 'trop_agb_crit': 16.967533607196547, 'trop_k_veg': 0.9008485225328876, 'fuel_k': 0.06382243375381637, 'fuel_half': 43.240425516201185}.
[I 2026-08-14 14:07:01,876] Trial 184 finished with values: [-0.3554625854118624, 0.0] and parameters: {'k1': 0.0067445742055710165, 'D_low': 8.226862854559938, 'k2': 0.002019079599080459, 'D_high': 2283.4228779494524, 'fire_exp': 2.6554044046291967, 'P_half': 78.32259769732477, 'pre_dampen_half': 0.07345296810407675, 'gpp_af': 42.44656636175248, 'gpp_b': 0.005070330027123044, 'gpp_d': 2.9012721497386225, 'ign_k': 5.98502482938418, 'ign_c': 77.59048401667629, 'trop_agb_crit': 2.598572417333811, 'trop_k_veg': 2.835178685110773, 'fuel_k': 2.610379594987055, 'fuel_half': 3.601755030193045}.
[I 2026-08-14 14:07:03,026] Trial 185 finished with values: [-0.3554625854118624, 0.0] and parameters: {'k1': 1.680745613966296e-05, 'D_low': 16670.443589841223, 'k2': 0.01784859505675317, 'D_high': 38.637139318275516, 'fire_exp': 6.27228843753239, 'P_half': 166.6198819398924, 'pre_dampen_half': 19.600139992927435, 'gpp_af': 52.945450676642814, 'gpp_b': 1.2528074983135014, 'gpp_d': 0.17248070105409813, 'ign_k': 0.34703605955441524, 'ign_c': 0.15178052094448868, 'trop_agb_crit': 18.047304706421063, 'trop_k_veg': 2.6845839825295044, 'fuel_k': 0.04317221150048559, 'fuel_half': 10.353854394033835}.
[I 2026-08-14 14:07:04,183] Trial 186 finished with values: [-0.3554625854118624, 0.0] and parameters: {'k1': 1.0477226564098276e-05, 'D_low': 9.222492453004657, 'k2': 1.3243445838637965e-05, 'D_high': 16.752866684650684, 'fire_exp': 4.487053621524983, 'P_half': 7.890004262668578, 'pre_dampen_half': 36.38279896646442, 'gpp_af': 0.015354845024150165, 'gpp_b': 0.000896186069682789, 'gpp_d': 54.00786701286527, 'ign_k': 0.39676339357448603, 'ign_c': 249.39838794891443, 'trop_agb_crit': 9.362115196011851, 'trop_k_veg': 2.417028380770307, 'fuel_k': 0.018207179480706392, 'fuel_half': 1.2680822080429406}.
[I 2026-08-14 14:07:05,361] Trial 187 finished with values: [-0.3554625854118624, 0.0] and parameters: {'k1': 1.0661259689433896e-05, 'D_low': 1160.0689839007139, 'k2': 1.1990634114955788e-05, 'D_high': 42.13582405709726, 'fire_exp': 7.367059898886058, 'P_half': 5.178197947282869, 'pre_dampen_half': 420.2116526335304, 'gpp_af': 0.015520792944431105, 'gpp_b': 3.950466256493085e-05, 'gpp_d': 0.1643845340580847, 'ign_k': 1.857328833311487, 'ign_c': 771.13129913311, 'trop_agb_crit': 16.83974101550537, 'trop_k_veg': 1.5039265596561597, 'fuel_k': 0.928836962346273, 'fuel_half': 0.41205281577215547}.
[I 2026-08-14 14:07:06,663] Trial 188 finished with values: [-0.36956242702568604, 0.004743179935220443] and parameters: {'k1': 0.0015375920235481753, 'D_low': 6220.638781359816, 'k2': 0.02228708726011016, 'D_high': 16392.60991832772, 'fire_exp': 4.9827771210213685, 'P_half': 7.890004262668578, 'pre_dampen_half': 25.15960733455044, 'gpp_af': 40.679084943595456, 'gpp_b': 3.395900933162749e-05, 'gpp_d': 9.004606022643067, 'ign_k': 0.0015167330688076208, 'ign_c': 0.11650681118986138, 'trop_agb_crit': 9.362115196011851, 'trop_k_veg': 2.417028380770307, 'fuel_k': 2.0061257262909367, 'fuel_half': 1.1756010900231848}.
[I 2026-08-14 14:07:07,840] Trial 189 finished with values: [-0.3554625854118624, 0.0] and parameters: {'k1': 0.02641449645424223, 'D_low': 16670.443589841223, 'k2': 0.07799059237255677, 'D_high': 2283.4228779494524, 'fire_exp': 7.7991371065266675, 'P_half': 78.32259769732477, 'pre_dampen_half': 12.389588752305038, 'gpp_af': 0.325975879331736, 'gpp_b': 0.0024605285374226047, 'gpp_d': 0.09548041810464164, 'ign_k': 0.006039096247545781, 'ign_c': 77.59048401667629, 'trop_agb_crit': 2.598572417333811, 'trop_k_veg': 2.835178685110773, 'fuel_k': 2.0061257262909367, 'fuel_half': 0.33988503110784557}.
[I 2026-08-14 14:07:08,999] Trial 190 finished with values: [-0.3554625854118624, 0.0] and parameters: {'k1': 0.02641449645424223, 'D_low': 16670.443589841223, 'k2': 0.0007883068789768041, 'D_high': 38.637139318275516, 'fire_exp': 3.1018148805490564, 'P_half': 1025.3368317956683, 'pre_dampen_half': 0.07345296810407675, 'gpp_af': 1.1444682032324747, 'gpp_b': 0.6992636148959319, 'gpp_d': 302.3127748796293, 'ign_k': 0.018707420137660268, 'ign_c': 107.49405395173389, 'trop_agb_crit': 3.575594457014808, 'trop_k_veg': 0.6898193780989617, 'fuel_k': 1.8731335591844642, 'fuel_half': 0.13249100882689224}.
[I 2026-08-14 14:07:10,166] Trial 191 finished with values: [-0.358365782088048, 0.00019774677668993323] and parameters: {'k1': 0.000132965214572995, 'D_low': 1803.7506431281838, 'k2': 1.4363112408604443e-05, 'D_high': 1663.2295851843426, 'fire_exp': 1.1872731425335898, 'P_half': 2.1234210963705626, 'pre_dampen_half': 233.2883871089531, 'gpp_af': 68.11991466118579, 'gpp_b': 6.049505313715197, 'gpp_d': 0.24231943110844462, 'ign_k': 0.015058980408366392, 'ign_c': 82.41925264876441, 'trop_agb_crit': 1.8730954962803803, 'trop_k_veg': 0.6139438440498544, 'fuel_k': 0.02957171323932571, 'fuel_half': 4.681702225035901}.
[I 2026-08-14 14:07:11,360] Trial 192 finished with values: [-0.3591555744362829, 0.00016937305953712567] and parameters: {'k1': 0.0015375920235481753, 'D_low': 1160.0689839007139, 'k2': 0.0004673518999562748, 'D_high': 215.10319582575755, 'fire_exp': 1.317848138124919, 'P_half': 22.41097161910951, 'pre_dampen_half': 0.06209055280340042, 'gpp_af': 25.371947027764822, 'gpp_b': 0.012964140540905063, 'gpp_d': 0.09548041810464164, 'ign_k': 0.006039096247545781, 'ign_c': 2.001342062287997, 'trop_agb_crit': 2.598572417333811, 'trop_k_veg': 1.0609790190334525, 'fuel_k': 2.0061257262909367, 'fuel_half': 0.7991621920384354}.
[I 2026-08-14 14:07:12,522] Trial 193 finished with values: [-0.3554625854118624, 0.0] and parameters: {'k1': 0.0015736446109772138, 'D_low': 19389.89852278267, 'k2': 9.580682294110428e-05, 'D_high': 478.193184148526, 'fire_exp': 1.075051292556307, 'P_half': 894.5150807271528, 'pre_dampen_half': 228.6744476401009, 'gpp_af': 0.030592049838223532, 'gpp_b': 0.02502809770894037, 'gpp_d': 0.173242701549491, 'ign_k': 0.4515279736389136, 'ign_c': 98.40989343758308, 'trop_agb_crit': 12.080858995895042, 'trop_k_veg': 0.8934118487032162, 'fuel_k': 0.02957171323932571, 'fuel_half': 0.6120573715537153}.
[I 2026-08-14 14:07:13,681] Trial 194 finished with values: [-0.3554625854118624, 0.0] and parameters: {'k1': 6.069662445477729e-05, 'D_low': 282295.1182993734, 'k2': 2.5299503921303695e-05, 'D_high': 2541.6076006960125, 'fire_exp': 6.284853792838699, 'P_half': 6153.658035691652, 'pre_dampen_half': 0.022695682239207024, 'gpp_af': 9.527157550070955, 'gpp_b': 1.1728753685919104, 'gpp_d': 0.48975151064700323, 'ign_k': 0.0013091491622098177, 'ign_c': 1.3409701145872435, 'trop_agb_crit': 1.4946647023314867, 'trop_k_veg': 0.5523938241293617, 'fuel_k': 0.8617898156534978, 'fuel_half': 42.89592532297351}.
[I 2026-08-14 14:07:14,819] Trial 195 finished with values: [-0.37847624941175284, 0.029506549082687905] and parameters: {'k1': 0.0015375920235481753, 'D_low': 12.856617791467924, 'k2': 0.07799059237255677, 'D_high': 2283.4228779494524, 'fire_exp': 1.075051292556307, 'P_half': 894.5150807271528, 'pre_dampen_half': 868.1843415114087, 'gpp_af': 0.34902252478382495, 'gpp_b': 0.02893498807797731, 'gpp_d': 0.173242701549491, 'ign_k': 0.006039096247545781, 'ign_c': 201.0328373440913, 'trop_agb_crit': 2.1775224101934065, 'trop_k_veg': 1.0609790190334525, 'fuel_k': 0.02957171323932571, 'fuel_half': 0.30455368715396786}.
[I 2026-08-14 14:07:15,996] Trial 196 finished with values: [-0.3554625854118624, 0.0] and parameters: {'k1': 0.00014888230597983555, 'D_low': 93.75345303884801, 'k2': 0.08636422432723088, 'D_high': 43680.76927942614, 'fire_exp': 6.188409493921614, 'P_half': 894.5150807271528, 'pre_dampen_half': 0.0195172246414495, 'gpp_af': 42.44656636175248, 'gpp_b': 0.040428727350273294, 'gpp_d': 34.70266988650411, 'ign_k': 0.026539376439360548, 'ign_c': 107.49405395173389, 'trop_agb_crit': 16.967533607196547, 'trop_k_veg': 6.423535314325734, 'fuel_k': 0.02496045629458217, 'fuel_half': 0.35498788321965025}.
[I 2026-08-14 14:07:17,277] Trial 197 finished with values: [-0.3554625854118624, 0.0] and parameters: {'k1': 3.27702285192857e-05, 'D_low': 2.9268995763513703, 'k2': 0.0789912944297869, 'D_high': 8265411.247641901, 'fire_exp': 4.990702868230404, 'P_half': 21.901578520649217, 'pre_dampen_half': 0.016874538403502292, 'gpp_af': 0.02539896080949815, 'gpp_b': 5.040445281577146, 'gpp_d': 282.69551568161273, 'ign_k': 0.06647020392311619, 'ign_c': 94.19612235978197, 'trop_agb_crit': 2.5687724869754125, 'trop_k_veg': 0.7808079158649266, 'fuel_k': 0.19418885610882602, 'fuel_half': 1.1483034881881862}.
[I 2026-08-14 14:07:18,395] Trial 198 finished with values: [-0.3554625854118624, 0.0] and parameters: {'k1': 0.018701140647651892, 'D_low': 260206.07998030365, 'k2': 0.0010495653625093638, 'D_high': 909378.7396959361, 'fire_exp': 6.64661557126371, 'P_half': 27.59069025439785, 'pre_dampen_half': 0.8830969679935068, 'gpp_af': 0.4085228003668622, 'gpp_b': 2.705776113447921, 'gpp_d': 144.76743839390986, 'ign_k': 0.31014294272127446, 'ign_c': 631.3175583634933, 'trop_agb_crit': 25.360745838025757, 'trop_k_veg': 2.4516474838484386, 'fuel_k': 0.3176626387065175, 'fuel_half': 2.2148104601284695}.
[I 2026-08-14 14:07:19,587] Trial 199 finished with values: [-0.3554625854118624, 0.0] and parameters: {'k1': 2.143851363193518e-05, 'D_low': 4158.269729781509, 'k2': 1.915468390724633e-05, 'D_high': 909378.7396959361, 'fire_exp': 2.089534764232496, 'P_half': 25.284086172415588, 'pre_dampen_half': 39.37581228093823, 'gpp_af': 0.030592049838223532, 'gpp_b': 2.705776113447921, 'gpp_d': 0.028604435659156362, 'ign_k': 0.0680787482656459, 'ign_c': 631.3175583634933, 'trop_agb_crit': 25.360745838025757, 'trop_k_veg': 0.9478162145499819, 'fuel_k': 0.5692975843713445, 'fuel_half': 0.6120573715537153}.
[I 2026-08-14 14:07:20,708] Trial 200 finished with values: [-0.39868169145713667, 1.7653195266809085e-05] and parameters: {'k1': 0.0029707920514735983, 'D_low': 1108.6804835269193, 'k2': 0.00019472216066157317, 'D_high': 123.47208531015808, 'fire_exp': 1.7973831035976209, 'P_half': 6087.820637369983, 'pre_dampen_half': 0.7354388726789679, 'gpp_af': 0.0025511964576171086, 'gpp_b': 3.228689523591491e-05, 'gpp_d': 857.4284557962634, 'ign_k': 0.03141110271934876, 'ign_c': 0.4213183643253957, 'trop_agb_crit': 16.86264052240002, 'trop_k_veg': 7.260694958828215, 'fuel_k': 0.011892598727815663, 'fuel_half': 0.46335780813176825}.
[I 2026-08-14 14:07:21,906] Trial 201 finished with values: [-0.36389422530926246, 0.0001373049738724319] and parameters: {'k1': 1.0605801312906204e-05, 'D_low': 2279.512551412468, 'k2': 0.000140654144219877, 'D_high': 1627776.4805093438, 'fire_exp': 1.6733848721157607, 'P_half': 7126.727573532312, 'pre_dampen_half': 63.26147292744763, 'gpp_af': 70.695884676536, 'gpp_b': 0.07311344697279921, 'gpp_d': 1.14605265271501, 'ign_k': 0.0012634132366522116, 'ign_c': 937.2580613581177, 'trop_agb_crit': 11.41767816030627, 'trop_k_veg': 2.3220791324604515, 'fuel_k': 0.011892598727815663, 'fuel_half': 15.581254655530845}.
[I 2026-08-14 14:07:23,029] Trial 202 finished with values: [-0.5298328443385311, 0.1701514208731547] and parameters: {'k1': 0.0024005553432620355, 'D_low': 1.7887890916820506, 'k2': 0.0010495653625093638, 'D_high': 316055.11434645514, 'fire_exp': 1.6214575867079866, 'P_half': 27.59069025439785, 'pre_dampen_half': 0.10609580257119508, 'gpp_af': 0.4085228003668622, 'gpp_b': 1.6569065206637924e-05, 'gpp_d': 12.151631524283598, 'ign_k': 0.567034633562729, 'ign_c': 0.18316165443932733, 'trop_agb_crit': 13.98132484257899, 'trop_k_veg': 2.4516474838484386, 'fuel_k': 0.3176626387065175, 'fuel_half': 2.2148104601284695}.
[I 2026-08-14 14:07:24,185] Trial 203 finished with values: [-0.3554625854118624, 0.0] and parameters: {'k1': 0.00014888230597983555, 'D_low': 18.957670432509364, 'k2': 0.08636422432723088, 'D_high': 12.22553839755208, 'fire_exp': 9.576044995068301, 'P_half': 228.9131530683704, 'pre_dampen_half': 0.03411860497758073, 'gpp_af': 6.940121430516967, 'gpp_b': 0.040428727350273294, 'gpp_d': 0.9576572359933988, 'ign_k': 0.0012087541473056963, 'ign_c': 0.21947742689197342, 'trop_agb_crit': 1.1921754348704765, 'trop_k_veg': 0.9008485225328876, 'fuel_k': 1.6630228777630973, 'fuel_half': 0.35498788321965025}.
[I 2026-08-14 14:07:25,320] Trial 204 finished with values: [-0.3554562780147128, 0.0] and parameters: {'k1': 5.325873749322162e-05, 'D_low': 282295.1182993734, 'k2': 0.002155595057104387, 'D_high': 71534.52030884045, 'fire_exp': 1.0629462657398439, 'P_half': 6153.658035691652, 'pre_dampen_half': 0.05844629901057142, 'gpp_af': 0.7539992074650279, 'gpp_b': 0.010847560307977218, 'gpp_d': 16.460426816350523, 'ign_k': 0.001181519069025321, 'ign_c': 15.221840161091626, 'trop_agb_crit': 23.815062574705927, 'trop_k_veg': 1.4584243470991722, 'fuel_k': 4.680936683972861, 'fuel_half': 7.860326410149304}.
[I 2026-08-14 14:07:26,494] Trial 205 finished with values: [-0.3554625854118624, 0.0] and parameters: {'k1': 0.0024005553432620355, 'D_low': 2.0349553327469425, 'k2': 0.0007883068789768041, 'D_high': 2283.4228779494524, 'fire_exp': 3.1018148805490564, 'P_half': 1212.4080603355412, 'pre_dampen_half': 0.03411860497758073, 'gpp_af': 0.0023751383317256927, 'gpp_b': 0.9407903301838397, 'gpp_d': 3.0023172465753074, 'ign_k': 0.567034633562729, 'ign_c': 5.486676498816058, 'trop_agb_crit': 2.598572417333811, 'trop_k_veg': 2.835178685110773, 'fuel_k': 1.6630228777630973, 'fuel_half': 12.136386887218588}.
[I 2026-08-14 14:07:27,728] Trial 206 finished with values: [-0.5720023135844886, 0.07446808701995311] and parameters: {'k1': 0.0003713474360443033, 'D_low': 3507.515213502105, 'k2': 0.0005708731724249573, 'D_high': 316055.11434645514, 'fire_exp': 1.6214575867079866, 'P_half': 269.74113434525447, 'pre_dampen_half': 3.659675301686169, 'gpp_af': 0.008983355849178878, 'gpp_b': 0.00024732964314480056, 'gpp_d': 314.6826989726468, 'ign_k': 0.567034633562729, 'ign_c': 0.18316165443932733, 'trop_agb_crit': 2.419699259862185, 'trop_k_veg': 2.1816482703680733, 'fuel_k': 1.6630228777630973, 'fuel_half': 2.100333410321807}.
[I 2026-08-14 14:07:28,866] Trial 207 finished with values: [-0.36199646050971657, 4.715556833900791e-10] and parameters: {'k1': 6.069662445477729e-05, 'D_low': 2.607160725470918, 'k2': 0.0009670857606743155, 'D_high': 12.862664853393753, 'fire_exp': 2.26267489175816, 'P_half': 343.5759946100352, 'pre_dampen_half': 0.03411860497758073, 'gpp_af': 0.03934396739328546, 'gpp_b': 1.1728753685919104, 'gpp_d': 0.9576572359933988, 'ign_k': 1.8108143621079664, 'ign_c': 14.452451441203321, 'trop_agb_crit': 3.8524922362032497, 'trop_k_veg': 2.8056728593013704, 'fuel_k': 0.5588539902953054, 'fuel_half': 42.89592532297351}.
[I 2026-08-14 14:07:30,036] Trial 208 finished with values: [-0.4197561857857902, 0.0006827862903279192] and parameters: {'k1': 0.0131638092522722, 'D_low': 4.043300846639722, 'k2': 0.00019472216066157317, 'D_high': 160625.60954780428, 'fire_exp': 1.7973831035976209, 'P_half': 1938.3858782150498, 'pre_dampen_half': 0.03426913908389044, 'gpp_af': 0.16983565276584273, 'gpp_b': 0.00012906175696809457, 'gpp_d': 5.1227685768715014, 'ign_k': 0.03141110271934876, 'ign_c': 3.0378658251922155, 'trop_agb_crit': 15.53776736258787, 'trop_k_veg': 3.1061628445647007, 'fuel_k': 5.486054129200969, 'fuel_half': 35.2847426865637}.
[I 2026-08-14 14:07:31,228] Trial 209 finished with values: [-0.3554625854118624, 0.0] and parameters: {'k1': 0.0001226254315886001, 'D_low': 3478.435872358157, 'k2': 1.263794633808287e-05, 'D_high': 44.39648242927527, 'fire_exp': 8.26634592587193, 'P_half': 1106.908213475539, 'pre_dampen_half': 0.37306104754535907, 'gpp_af': 0.16983565276584273, 'gpp_b': 2.788681037423117, 'gpp_d': 5.1227685768715014, 'ign_k': 0.04380580767905655, 'ign_c': 84.89840783024046, 'trop_agb_crit': 15.53776736258787, 'trop_k_veg': 0.6189606672462583, 'fuel_k': 0.06382243375381637, 'fuel_half': 0.30455368715396786}.
[I 2026-08-14 14:07:32,416] Trial 210 finished with values: [-0.36741053338890145, 6.003512877261752e-05] and parameters: {'k1': 0.0001226254315886001, 'D_low': 1768.4772284586304, 'k2': 0.00027790450547968067, 'D_high': 35.43989609792362, 'fire_exp': 6.64661557126371, 'P_half': 3.525936800597896, 'pre_dampen_half': 563.8801013171912, 'gpp_af': 0.16983565276584273, 'gpp_b': 0.00012906175696809457, 'gpp_d': 5.1227685768715014, 'ign_k': 3.1030112026960985, 'ign_c': 0.21947742689197342, 'trop_agb_crit': 15.53776736258787, 'trop_k_veg': 0.9008485225328876, 'fuel_k': 0.02496045629458217, 'fuel_half': 35.2847426865637}.
[I 2026-08-14 14:07:33,542] Trial 211 finished with values: [-0.40680928493457086, 3.6171469969259462e-06] and parameters: {'k1': 6.069662445477729e-05, 'D_low': 126.11058927054879, 'k2': 1.3243445838637965e-05, 'D_high': 12.862664853393753, 'fire_exp': 1.2429193829348841, 'P_half': 4.961134450191397, 'pre_dampen_half': 0.043181981126981975, 'gpp_af': 0.0023751383317256927, 'gpp_b': 0.4168322557207811, 'gpp_d': 700.6693992445935, 'ign_k': 0.31014294272127446, 'ign_c': 0.21947742689197342, 'trop_agb_crit': 20.205002815711154, 'trop_k_veg': 2.1816482703680733, 'fuel_k': 1.6630228777630973, 'fuel_half': 8.17127270071559}.
[I 2026-08-14 14:07:34,706] Trial 212 finished with values: [-0.3621989846765369, 9.250817202932637e-06] and parameters: {'k1': 6.069662445477729e-05, 'D_low': 2.607160725470918, 'k2': 2.5299503921303695e-05, 'D_high': 1663.2295851843426, 'fire_exp': 1.0362310858538248, 'P_half': 539.5442811888478, 'pre_dampen_half': 0.022695682239207024, 'gpp_af': 68.11991466118579, 'gpp_b': 6.049505313715197, 'gpp_d': 0.24231943110844462, 'ign_k': 0.015058980408366392, 'ign_c': 98.40989343758308, 'trop_agb_crit': 1.4946647023314867, 'trop_k_veg': 0.8934118487032162, 'fuel_k': 0.02957171323932571, 'fuel_half': 4.681702225035901}.
