[I 2026-08-06 10:24:45,703] Trial 702 finished with values: [10.344215423545723, 10.344215423545723] and parameters: {'k1': 0.008912611835817005, 'D_low': 4.484744524732794, 'k2': 1.915468390724633e-05, 'D_high': 623.411042225738, 'fire_exp': 1.0629462657398439, 'P_half': 220.3445560633069, 'pre_dampen_half': 502.5175192217655, 'gpp_af': 24.725776073156705, 'gpp_b': 0.0021331409710300844, 'gpp_d': 16.460426816350523, 'ign_k': 0.010167079878196114, 'ign_c': 15.221840161091626, 'trop_agb_crit': 1.0903028125370984, 'trop_k_veg': 1.4584243470991722}.
[I 2026-08-06 10:24:46,913] Trial 703 finished with values: [-0.5340575682269456, 0.1351810675527947] and parameters: {'k1': 0.008912611835817005, 'D_low': 4.484744524732794, 'k2': 5.52207197313581e-05, 'D_high': 15351.441568398131, 'fire_exp': 1.1263716762638152, 'P_half': 140.74279366401683, 'pre_dampen_half': 552.4163637315892, 'gpp_af': 1.9706963379095486, 'gpp_b': 0.14577755664212386, 'gpp_d': 10.369565216756202, 'ign_k': 0.0680787482656459, 'ign_c': 15.221840161091626, 'trop_agb_crit': 1.0903028125370984, 'trop_k_veg': 0.6673124511410327}.
[I 2026-08-06 10:24:48,115] Trial 704 finished with values: [10.191594720649869, 10.191594720649869] and parameters: {'k1': 0.008912611835817005, 'D_low': 355.00125258511594, 'k2': 0.0003432139136241583, 'D_high': 3712.591045287726, 'fire_exp': 1.3170256885255098, 'P_half': 220.3445560633069, 'pre_dampen_half': 63.6685916079943, 'gpp_af': 0.6403036652671171, 'gpp_b': 0.006906522645653115, 'gpp_d': 16.460426816350523, 'ign_k': 0.21006485619596416, 'ign_c': 0.8916132699546893, 'trop_agb_crit': 1.0455434848969813, 'trop_k_veg': 2.194427136482602}.
[I 2026-08-06 10:24:49,361] Trial 705 finished with values: [10.438527948878797, 10.438527948878797] and parameters: {'k1': 2.316457903103837e-05, 'D_low': 520.4862686958022, 'k2': 0.014344484793173472, 'D_high': 311.17676855667384, 'fire_exp': 1.221575427404682, 'P_half': 140.74279366401683, 'pre_dampen_half': 17.707795393478506, 'gpp_af': 0.013688256550323697, 'gpp_b': 7.210246166617508e-05, 'gpp_d': 16.460426816350523, 'ign_k': 0.01364908766641695, 'ign_c': 2.8335389417624683, 'trop_agb_crit': 24.584290528289387, 'trop_k_veg': 0.983473833513531}.
[I 2026-08-06 10:24:50,588] Trial 706 finished with values: [-0.5388337167763957, 0.1763601604789976] and parameters: {'k1': 0.008912611835817005, 'D_low': 4.484744524732794, 'k2': 0.0003432139136241583, 'D_high': 21.947742689197344, 'fire_exp': 1.1263716762638152, 'P_half': 220.3445560633069, 'pre_dampen_half': 502.5175192217655, 'gpp_af': 24.725776073156705, 'gpp_b': 0.0021331409710300844, 'gpp_d': 16.460426816350523, 'ign_k': 0.0680787482656459, 'ign_c': 0.70689749506246, 'trop_agb_crit': 1.0903028125370984, 'trop_k_veg': 0.983473833513531}.
[I 2026-08-06 10:24:51,817] Trial 707 finished with values: [10.455016676116216, 10.455016676116216] and parameters: {'k1': 0.008912611835817005, 'D_low': 1.9623826481168343, 'k2': 1.8205657658407255e-05, 'D_high': 11832.967057468773, 'fire_exp': 1.3170256885255098, 'P_half': 220.3445560633069, 'pre_dampen_half': 63.6685916079943, 'gpp_af': 0.7539992074650279, 'gpp_b': 0.011051185074931393, 'gpp_d': 2.944272359149677, 'ign_k': 0.0680787482656459, 'ign_c': 15.221840161091626, 'trop_agb_crit': 1.0903028125370984, 'trop_k_veg': 3.1473758868965476}.
[I 2026-08-06 10:24:53,073] Trial 708 finished with values: [10.320622944690491, 10.320622944690491] and parameters: {'k1': 3.23559867820537e-05, 'D_low': 4.484744524732794, 'k2': 0.0003432139136241583, 'D_high': 2592.951380378534, 'fire_exp': 1.0629462657398439, 'P_half': 220.3445560633069, 'pre_dampen_half': 693.3733406812293, 'gpp_af': 0.7539992074650279, 'gpp_b': 0.14577755664212386, 'gpp_d': 16.460426816350523, 'ign_k': 3.589155871450839, 'ign_c': 15.221840161091626, 'trop_agb_crit': 1.0455434848969813, 'trop_k_veg': 1.4584243470991722}.
[I 2026-08-06 10:24:54,281] Trial 709 finished with values: [-0.5364783132066173, 0.07334498226805641] and parameters: {'k1': 0.004708159793250189, 'D_low': 520.4862686958022, 'k2': 1.915468390724633e-05, 'D_high': 3005.809024615141, 'fire_exp': 1.0629462657398439, 'P_half': 220.3445560633069, 'pre_dampen_half': 502.5175192217655, 'gpp_af': 0.7539992074650279, 'gpp_b': 0.0021331409710300844, 'gpp_d': 16.460426816350523, 'ign_k': 0.0680787482656459, 'ign_c': 3.5828811741825057, 'trop_agb_crit': 1.0903028125370984, 'trop_k_veg': 0.983473833513531}.
[I 2026-08-06 10:24:55,789] Trial 710 finished with values: [10.740416315049494, 10.740416315049494] and parameters: {'k1': 0.004312951023617458, 'D_low': 520.4862686958022, 'k2': 0.0001280298359290444, 'D_high': 5670.3463356272905, 'fire_exp': 2.907328086166187, 'P_half': 220.3445560633069, 'pre_dampen_half': 502.5175192217655, 'gpp_af': 0.7539992074650279, 'gpp_b': 0.0021331409710300844, 'gpp_d': 16.460426816350523, 'ign_k': 0.01364908766641695, 'ign_c': 2.8335389417624683, 'trop_agb_crit': 1.0903028125370984, 'trop_k_veg': 0.983473833513531}.
[I 2026-08-06 10:24:57,041] Trial 711 finished with values: [10.09343989071615, 10.09343989071615] and parameters: {'k1': 0.004312951023617458, 'D_low': 33.04784314771566, 'k2': 0.0001280298359290444, 'D_high': 5670.3463356272905, 'fire_exp': 1.221575427404682, 'P_half': 220.3445560633069, 'pre_dampen_half': 207.33291221114672, 'gpp_af': 0.3939208112794227, 'gpp_b': 0.0021331409710300844, 'gpp_d': 16.460426816350523, 'ign_k': 0.01364908766641695, 'ign_c': 2.8335389417624683, 'trop_agb_crit': 1.0903028125370984, 'trop_k_veg': 0.983473833513531}.
[I 2026-08-06 10:24:58,356] Trial 712 finished with values: [10.376953972227968, 10.376953972227968] and parameters: {'k1': 0.008912611835817005, 'D_low': 4.484744524732794, 'k2': 0.014344484793173472, 'D_high': 42210.21267871043, 'fire_exp': 1.0629462657398439, 'P_half': 140.74279366401683, 'pre_dampen_half': 2.488338093530606, 'gpp_af': 0.7539992074650279, 'gpp_b': 7.210246166617508e-05, 'gpp_d': 4.25060659305504, 'ign_k': 0.0680787482656459, 'ign_c': 2.8335389417624683, 'trop_agb_crit': 1.0903028125370984, 'trop_k_veg': 0.983473833513531}.
[I 2026-08-06 10:24:59,656] Trial 713 finished with values: [-0.5688005055611673, 0.06406398543154868] and parameters: {'k1': 0.008912611835817005, 'D_low': 355.00125258511594, 'k2': 0.03538758864779238, 'D_high': 11832.967057468773, 'fire_exp': 1.3170256885255098, 'P_half': 5.076307782729897, 'pre_dampen_half': 63.6685916079943, 'gpp_af': 0.6403036652671171, 'gpp_b': 0.006906522645653115, 'gpp_d': 2.944272359149677, 'ign_k': 0.21006485619596416, 'ign_c': 4.2425976091860935, 'trop_agb_crit': 1.0911298587990423, 'trop_k_veg': 4.375785248100498}.
[I 2026-08-06 10:25:00,955] Trial 714 finished with values: [11.638191550920828, 11.638191550920828] and parameters: {'k1': 0.008912611835817005, 'D_low': 4.484744524732794, 'k2': 0.0001280298359290444, 'D_high': 15351.441568398131, 'fire_exp': 1.0629462657398439, 'P_half': 220.3445560633069, 'pre_dampen_half': 502.5175192217655, 'gpp_af': 0.7539992074650279, 'gpp_b': 0.0021331409710300844, 'gpp_d': 4.25060659305504, 'ign_k': 0.0680787482656459, 'ign_c': 3.5828811741825057, 'trop_agb_crit': 1.0903028125370984, 'trop_k_veg': 0.983473833513531}.
[I 2026-08-06 10:25:02,206] Trial 715 finished with values: [-0.5110691762590333, 0.054399798116612996] and parameters: {'k1': 0.008912611835817005, 'D_low': 4.484744524732794, 'k2': 0.0003432139136241583, 'D_high': 3712.591045287726, 'fire_exp': 1.0629462657398439, 'P_half': 220.3445560633069, 'pre_dampen_half': 552.4163637315892, 'gpp_af': 0.7539992074650279, 'gpp_b': 0.14577755664212386, 'gpp_d': 16.460426816350523, 'ign_k': 3.589155871450839, 'ign_c': 15.221840161091626, 'trop_agb_crit': 1.0455434848969813, 'trop_k_veg': 2.194427136482602}.
[I 2026-08-06 10:25:03,461] Trial 716 finished with values: [10.769226733955502, 10.769226733955502] and parameters: {'k1': 0.008912611835817005, 'D_low': 671.5971856456824, 'k2': 0.03538758864779238, 'D_high': 231.73482832991365, 'fire_exp': 2.399913666074607, 'P_half': 5.076307782729897, 'pre_dampen_half': 502.5175192217655, 'gpp_af': 0.6403036652671171, 'gpp_b': 0.0021331409710300844, 'gpp_d': 16.460426816350523, 'ign_k': 0.21006485619596416, 'ign_c': 15.221840161091626, 'trop_agb_crit': 24.584290528289387, 'trop_k_veg': 3.1473758868965476}.
[I 2026-08-06 10:25:04,701] Trial 717 finished with values: [-0.49883337445790377, 0.09982381942553287] and parameters: {'k1': 0.008912611835817005, 'D_low': 4.484744524732794, 'k2': 7.914423612155373e-05, 'D_high': 985.7545621889059, 'fire_exp': 1.0629462657398439, 'P_half': 220.3445560633069, 'pre_dampen_half': 502.5175192217655, 'gpp_af': 0.7539992074650279, 'gpp_b': 0.14577755664212386, 'gpp_d': 0.986538195779616, 'ign_k': 2.9818972317055166, 'ign_c': 0.557280750002996, 'trop_agb_crit': 1.0455434848969813, 'trop_k_veg': 2.4978545597116653}.
[I 2026-08-06 10:25:05,957] Trial 718 finished with values: [10.107579756409148, 10.107579756409148] and parameters: {'k1': 0.04669327135003539, 'D_low': 7.299348683062307, 'k2': 0.0154776166709383, 'D_high': 63233.81951066786, 'fire_exp': 1.0629462657398439, 'P_half': 140.74279366401683, 'pre_dampen_half': 8.594202650742222, 'gpp_af': 5.335773317316405, 'gpp_b': 3.481277316673104e-05, 'gpp_d': 1.6983565276584263, 'ign_k': 0.0680787482656459, 'ign_c': 11.400863701127316, 'trop_agb_crit': 8.997007571451054, 'trop_k_veg': 2.4336356947036335}.
[I 2026-08-06 10:25:07,184] Trial 719 finished with values: [10.11205896330094, 10.11205896330094] and parameters: {'k1': 0.008912611835817005, 'D_low': 355.00125258511594, 'k2': 0.001362731161143793, 'D_high': 11832.967057468773, 'fire_exp': 1.1263716762638152, 'P_half': 5.076307782729897, 'pre_dampen_half': 502.5175192217655, 'gpp_af': 0.7539992074650279, 'gpp_b': 0.14577755664212386, 'gpp_d': 2.944272359149677, 'ign_k': 0.21006485619596416, 'ign_c': 15.221840161091626, 'trop_agb_crit': 19.3289574092866, 'trop_k_veg': 3.4387132748252047}.
[I 2026-08-06 10:25:08,404] Trial 720 finished with values: [-0.5718637880188545, 0.06050208016181846] and parameters: {'k1': 0.008912611835817005, 'D_low': 355.00125258511594, 'k2': 0.03538758864779238, 'D_high': 11832.967057468773, 'fire_exp': 1.3170256885255098, 'P_half': 5.076307782729897, 'pre_dampen_half': 63.6685916079943, 'gpp_af': 0.6403036652671171, 'gpp_b': 0.006906522645653115, 'gpp_d': 2.944272359149677, 'ign_k': 0.21006485619596416, 'ign_c': 5.13055176058983, 'trop_agb_crit': 1.0903028125370984, 'trop_k_veg': 3.1473758868965476}.
[I 2026-08-06 10:25:09,658] Trial 721 finished with values: [-0.5545677185026624, 0.08403187168096582] and parameters: {'k1': 0.008912611835817005, 'D_low': 1112.9571947046009, 'k2': 0.0027015957920129437, 'D_high': 8182.111518618414, 'fire_exp': 1.0629462657398439, 'P_half': 140.74279366401683, 'pre_dampen_half': 502.5175192217655, 'gpp_af': 0.7539992074650279, 'gpp_b': 3.481277316673104e-05, 'gpp_d': 4.25060659305504, 'ign_k': 0.21006485619596416, 'ign_c': 11.400863701127316, 'trop_agb_crit': 1.0455434848969813, 'trop_k_veg': 3.1473758868965476}.
[I 2026-08-06 10:25:10,945] Trial 722 finished with values: [-0.5132634014480437, 0.09224932087726523] and parameters: {'k1': 0.008912611835817005, 'D_low': 150.6455793119292, 'k2': 5.52207197313581e-05, 'D_high': 21.947742689197344, 'fire_exp': 1.0629462657398439, 'P_half': 140.74279366401683, 'pre_dampen_half': 552.4163637315892, 'gpp_af': 24.725776073156705, 'gpp_b': 0.14577755664212386, 'gpp_d': 16.460426816350523, 'ign_k': 0.010167079878196114, 'ign_c': 11.400863701127316, 'trop_agb_crit': 1.0197794118421077, 'trop_k_veg': 3.1473758868965476}.
[I 2026-08-06 10:25:12,202] Trial 723 finished with values: [10.70916030778876, 10.70916030778876] and parameters: {'k1': 0.008912611835817005, 'D_low': 671.5971856456824, 'k2': 0.03538758864779238, 'D_high': 11469.197890812939, 'fire_exp': 1.0629462657398439, 'P_half': 5.076307782729897, 'pre_dampen_half': 552.4163637315892, 'gpp_af': 0.7539992074650279, 'gpp_b': 3.481277316673104e-05, 'gpp_d': 116.12579322936493, 'ign_k': 0.0680787482656459, 'ign_c': 74.55766613295631, 'trop_agb_crit': 25.78839779198599, 'trop_k_veg': 3.1473758868965476}.
[I 2026-08-06 10:25:13,458] Trial 724 finished with values: [10.001168504471181, 10.001168504471181] and parameters: {'k1': 0.008912611835817005, 'D_low': 4.484744524732794, 'k2': 0.03538758864779238, 'D_high': 3712.591045287726, 'fire_exp': 1.0629462657398439, 'P_half': 220.3445560633069, 'pre_dampen_half': 552.4163637315892, 'gpp_af': 0.7539992074650279, 'gpp_b': 0.0021331409710300844, 'gpp_d': 4.25060659305504, 'ign_k': 3.589155871450839, 'ign_c': 15.221840161091626, 'trop_agb_crit': 24.584290528289387, 'trop_k_veg': 0.6673124511410327}.
[I 2026-08-06 10:25:14,697] Trial 725 finished with values: [10.093315907712983, 10.093315907712983] and parameters: {'k1': 0.008912611835817005, 'D_low': 4.484744524732794, 'k2': 0.0003432139136241583, 'D_high': 15351.441568398131, 'fire_exp': 1.1263716762638152, 'P_half': 220.3445560633069, 'pre_dampen_half': 502.5175192217655, 'gpp_af': 0.7539992074650279, 'gpp_b': 0.14577755664212386, 'gpp_d': 0.9568931772917477, 'ign_k': 0.0680787482656459, 'ign_c': 15.221840161091626, 'trop_agb_crit': 1.0903028125370984, 'trop_k_veg': 3.4387132748252047}.
[I 2026-08-06 10:25:16,203] Trial 726 finished with values: [-0.5554243744169753, 0.026926285726084465] and parameters: {'k1': 0.008912611835817005, 'D_low': 355.00125258511594, 'k2': 0.03538758864779238, 'D_high': 15351.441568398131, 'fire_exp': 1.1174086754605184, 'P_half': 220.3445560633069, 'pre_dampen_half': 502.5175192217655, 'gpp_af': 0.6403036652671171, 'gpp_b': 0.0021331409710300844, 'gpp_d': 2.944272359149677, 'ign_k': 8.103949702339497, 'ign_c': 15.221840161091626, 'trop_agb_crit': 1.0903028125370984, 'trop_k_veg': 2.194427136482602}.
[I 2026-08-06 10:25:17,443] Trial 727 finished with values: [-0.5470977446105696, 0.07064226489669634] and parameters: {'k1': 0.008912611835817005, 'D_low': 4.484744524732794, 'k2': 5.52207197313581e-05, 'D_high': 985.7545621889059, 'fire_exp': 1.0629462657398439, 'P_half': 140.74279366401683, 'pre_dampen_half': 552.4163637315892, 'gpp_af': 1.9706963379095486, 'gpp_b': 0.0325181766809307, 'gpp_d': 4.25060659305504, 'ign_k': 2.9818972317055166, 'ign_c': 11.400863701127316, 'trop_agb_crit': 1.0903028125370984, 'trop_k_veg': 0.6673124511410327}.
[I 2026-08-06 10:25:18,729] Trial 728 finished with values: [10.70892710690504, 10.70892710690504] and parameters: {'k1': 0.004312951023617458, 'D_low': 520.4862686958022, 'k2': 0.00021901578520649233, 'D_high': 5670.3463356272905, 'fire_exp': 1.221575427404682, 'P_half': 54.37591736923918, 'pre_dampen_half': 502.5175192217655, 'gpp_af': 1.200191344086032, 'gpp_b': 1.5385046399532158e-05, 'gpp_d': 16.460426816350523, 'ign_k': 0.11619873314872933, 'ign_c': 1.9580595319750387, 'trop_agb_crit': 1.0903028125370984, 'trop_k_veg': 0.983473833513531}.
[I 2026-08-06 10:25:19,966] Trial 729 finished with values: [-0.5314672318917228, 0.06913248960415619] and parameters: {'k1': 0.008912611835817005, 'D_low': 4.484744524732794, 'k2': 0.0003432139136241583, 'D_high': 3712.591045287726, 'fire_exp': 1.0629462657398439, 'P_half': 29.23116601611836, 'pre_dampen_half': 552.4163637315892, 'gpp_af': 0.7539992074650279, 'gpp_b': 0.14577755664212386, 'gpp_d': 16.460426816350523, 'ign_k': 3.589155871450839, 'ign_c': 15.221840161091626, 'trop_agb_crit': 1.0455434848969813, 'trop_k_veg': 3.4387132748252047}.
[I 2026-08-06 10:25:21,220] Trial 730 finished with values: [-0.47951971239291796, 0.1501625215396456] and parameters: {'k1': 0.007530210437963516, 'D_low': 1.1828517880366913, 'k2': 8.923807143379776e-05, 'D_high': 3712.591045287726, 'fire_exp': 1.0629462657398439, 'P_half': 220.3445560633069, 'pre_dampen_half': 502.5175192217655, 'gpp_af': 0.7539992074650279, 'gpp_b': 0.14577755664212386, 'gpp_d': 16.460426816350523, 'ign_k': 0.010167079878196114, 'ign_c': 15.221840161091626, 'trop_agb_crit': 24.584290528289387, 'trop_k_veg': 2.194427136482602}.
[I 2026-08-06 10:25:22,412] Trial 731 finished with values: [-0.5268394089455989, 0.15795048794907662] and parameters: {'k1': 0.008912611835817005, 'D_low': 4.484744524732794, 'k2': 8.923807143379776e-05, 'D_high': 15351.441568398131, 'fire_exp': 1.0629462657398439, 'P_half': 220.3445560633069, 'pre_dampen_half': 502.5175192217655, 'gpp_af': 0.7539992074650279, 'gpp_b': 0.14577755664212386, 'gpp_d': 16.460426816350523, 'ign_k': 0.0680787482656459, 'ign_c': 15.221840161091626, 'trop_agb_crit': 1.0903028125370984, 'trop_k_veg': 0.6673124511410327}.
[I 2026-08-06 10:25:23,654] Trial 732 finished with values: [-0.5302689761624135, 0.14039512452658354] and parameters: {'k1': 0.008912611835817005, 'D_low': 34.459310919273356, 'k2': 1.915468390724633e-05, 'D_high': 21.947742689197344, 'fire_exp': 1.0629462657398439, 'P_half': 220.3445560633069, 'pre_dampen_half': 502.5175192217655, 'gpp_af': 0.7539992074650279, 'gpp_b': 0.0021331409710300844, 'gpp_d': 16.460426816350523, 'ign_k': 0.0680787482656459, 'ign_c': 15.221840161091626, 'trop_agb_crit': 1.0903028125370984, 'trop_k_veg': 1.4584243470991722}.
[I 2026-08-06 10:25:24,861] Trial 733 finished with values: [10.151713294565603, 10.151713294565603] and parameters: {'k1': 0.008912611835817005, 'D_low': 4.484744524732794, 'k2': 5.52207197313581e-05, 'D_high': 1493.5213816355397, 'fire_exp': 1.1263716762638152, 'P_half': 140.74279366401683, 'pre_dampen_half': 552.4163637315892, 'gpp_af': 0.7539992074650279, 'gpp_b': 0.00014950919877749144, 'gpp_d': 16.460426816350523, 'ign_k': 0.0680787482656459, 'ign_c': 15.221840161091626, 'trop_agb_crit': 1.0903028125370984, 'trop_k_veg': 1.4584243470991722}.
[I 2026-08-06 10:25:26,088] Trial 734 finished with values: [11.051281322446103, 11.051281322446103] and parameters: {'k1': 0.004312951023617458, 'D_low': 1.0721400017185365, 'k2': 0.0003432139136241583, 'D_high': 8182.111518618414, 'fire_exp': 1.0629462657398439, 'P_half': 220.3445560633069, 'pre_dampen_half': 552.4163637315892, 'gpp_af': 0.7539992074650279, 'gpp_b': 0.14577755664212386, 'gpp_d': 16.460426816350523, 'ign_k': 3.589155871450839, 'ign_c': 0.557280750002996, 'trop_agb_crit': 1.0455434848969813, 'trop_k_veg': 2.194427136482602}.
[I 2026-08-06 10:25:27,323] Trial 735 finished with values: [10.119639334168387, 10.119639334168387] and parameters: {'k1': 0.029626010885972713, 'D_low': 355.00125258511594, 'k2': 0.003889545503367576, 'D_high': 11832.967057468773, 'fire_exp': 1.1263716762638152, 'P_half': 5.076307782729897, 'pre_dampen_half': 502.5175192217655, 'gpp_af': 0.6403036652671171, 'gpp_b': 0.14577755664212386, 'gpp_d': 10.369565216756202, 'ign_k': 0.21006485619596416, 'ign_c': 15.221840161091626, 'trop_agb_crit': 1.0455434848969813, 'trop_k_veg': 2.194427136482602}.
[I 2026-08-06 10:25:28,525] Trial 736 finished with values: [11.632338742202466, 11.632338742202466] and parameters: {'k1': 0.04669327135003539, 'D_low': 2.4622754931226587, 'k2': 1.4403740929157842e-05, 'D_high': 985.7545621889059, 'fire_exp': 1.0629462657398439, 'P_half': 140.74279366401683, 'pre_dampen_half': 552.4163637315892, 'gpp_af': 5.335773317316405, 'gpp_b': 3.481277316673104e-05, 'gpp_d': 16.460426816350523, 'ign_k': 2.9818972317055166, 'ign_c': 0.557280750002996, 'trop_agb_crit': 1.0903028125370984, 'trop_k_veg': 2.4336356947036335}.
[I 2026-08-06 10:25:29,733] Trial 737 finished with values: [-0.5445439940845171, 0.11321850392109434] and parameters: {'k1': 0.008912611835817005, 'D_low': 4.484744524732794, 'k2': 0.0003432139136241583, 'D_high': 15351.441568398131, 'fire_exp': 1.1263716762638152, 'P_half': 29.23116601611836, 'pre_dampen_half': 502.5175192217655, 'gpp_af': 0.7539992074650279, 'gpp_b': 0.14577755664212386, 'gpp_d': 0.9568931772917477, 'ign_k': 0.0680787482656459, 'ign_c': 15.221840161091626, 'trop_agb_crit': 21.20801447986448, 'trop_k_veg': 3.4387132748252047}.
[I 2026-08-06 10:25:30,976] Trial 738 finished with values: [-0.5063719458325274, 0.061081919926853634] and parameters: {'k1': 0.008912611835817005, 'D_low': 4.484744524732794, 'k2': 0.0003432139136241583, 'D_high': 15351.441568398131, 'fire_exp': 1.1174086754605184, 'P_half': 220.3445560633069, 'pre_dampen_half': 502.5175192217655, 'gpp_af': 0.25562996323356024, 'gpp_b': 0.14577755664212386, 'gpp_d': 10.369565216756202, 'ign_k': 8.103949702339497, 'ign_c': 15.221840161091626, 'trop_agb_crit': 1.0455434848969813, 'trop_k_veg': 2.194427136482602}.
[I 2026-08-06 10:25:32,203] Trial 739 finished with values: [-0.5324130700052323, 0.1494947670755402] and parameters: {'k1': 0.008912611835817005, 'D_low': 4.484744524732794, 'k2': 1.8205657658407255e-05, 'D_high': 21.947742689197344, 'fire_exp': 1.0629462657398439, 'P_half': 220.3445560633069, 'pre_dampen_half': 502.5175192217655, 'gpp_af': 0.7539992074650279, 'gpp_b': 0.0021331409710300844, 'gpp_d': 16.460426816350523, 'ign_k': 0.0680787482656459, 'ign_c': 15.221840161091626, 'trop_agb_crit': 1.0903028125370984, 'trop_k_veg': 1.4584243470991722}.
[I 2026-08-06 10:25:33,417] Trial 740 finished with values: [12.097753335698009, 12.097753335698009] and parameters: {'k1': 0.029385019583898195, 'D_low': 2.4622754931226587, 'k2': 0.00021901578520649233, 'D_high': 21.947742689197344, 'fire_exp': 1.1263716762638152, 'P_half': 9.417360296511943, 'pre_dampen_half': 552.4163637315892, 'gpp_af': 1.200191344086032, 'gpp_b': 1.5385046399532158e-05, 'gpp_d': 16.460426816350523, 'ign_k': 0.010167079878196114, 'ign_c': 1.9580595319750387, 'trop_agb_crit': 24.584290528289387, 'trop_k_veg': 2.194427136482602}.
