[I 2026-08-06 09:12:14,948] Trial 1309 finished with values: [10.511721137479682, 10.511721137479682] and parameters: {'k1': 0.016748279468858224, 'D_low': 5.59983195169599, 'k2': 0.032845299795769424, 'D_high': 2940.51756322311, 'fire_exp': 1.0629462657398439, 'P_half': 12.808863354047988, 'pre_dampen_half': 7.72621571462232, 'gpp_af': 0.1476584299248268, 'gpp_b': 0.06419400996240236, 'gpp_d': 431.69073113052116, 'ign_k': 8.708806168038567, 'ign_c': 8.40543912931368, 'trop_agb_crit': 7.500118950416987, 'trop_k_veg': 1.4584243470991722}.
[I 2026-08-06 09:12:16,007] Trial 1310 finished with values: [10.757396340055207, 10.757396340055207] and parameters: {'k1': 0.016748279468858224, 'D_low': 1554.7359415440887, 'k2': 0.005082220961627801, 'D_high': 1588.2035726402378, 'fire_exp': 1.0629462657398439, 'P_half': 5.505316245273476, 'pre_dampen_half': 552.4163637315892, 'gpp_af': 0.00515795696727661, 'gpp_b': 0.0005752434266899163, 'gpp_d': 1.1207905189367506, 'ign_k': 8.708806168038567, 'ign_c': 20.03995359361212, 'trop_agb_crit': 10.965064494899984, 'trop_k_veg': 5.130890164653609}.
[I 2026-08-06 09:12:17,097] Trial 1311 finished with values: [-0.6340979351150418, 0.30731360910207217] and parameters: {'k1': 0.01889771394135163, 'D_low': 38.3602907874811, 'k2': 0.032845299795769424, 'D_high': 2940.51756322311, 'fire_exp': 1.0629462657398439, 'P_half': 12.808863354047988, 'pre_dampen_half': 552.4163637315892, 'gpp_af': 0.1476584299248268, 'gpp_b': 0.0005752434266899163, 'gpp_d': 229.41380323183625, 'ign_k': 4.57467529327748, 'ign_c': 20.03995359361212, 'trop_agb_crit': 7.500118950416987, 'trop_k_veg': 2.5879386297557976}.
[I 2026-08-06 09:12:18,241] Trial 1312 finished with values: [10.300000559307257, 10.300000559307257] and parameters: {'k1': 0.029626010885972713, 'D_low': 5.59983195169599, 'k2': 0.00383039225527374, 'D_high': 2940.51756322311, 'fire_exp': 3.4121559122647493, 'P_half': 12.808863354047988, 'pre_dampen_half': 552.4163637315892, 'gpp_af': 0.0061627438103753155, 'gpp_b': 0.0005752434266899163, 'gpp_d': 431.69073113052116, 'ign_k': 5.351470428717437, 'ign_c': 20.03995359361212, 'trop_agb_crit': 7.500118950416987, 'trop_k_veg': 2.7863130345574474}.
[I 2026-08-06 09:12:19,408] Trial 1313 finished with values: [-0.6386851671176038, 0.41462957983724325] and parameters: {'k1': 0.029626010885972713, 'D_low': 5.59983195169599, 'k2': 0.032845299795769424, 'D_high': 6075.702114214176, 'fire_exp': 1.0629462657398439, 'P_half': 12.808863354047988, 'pre_dampen_half': 502.5175192217655, 'gpp_af': 0.0689916853868204, 'gpp_b': 0.0005752434266899163, 'gpp_d': 431.69073113052116, 'ign_k': 8.708806168038567, 'ign_c': 20.03995359361212, 'trop_agb_crit': 7.500118950416987, 'trop_k_veg': 1.9358464828856796}.
[I 2026-08-06 09:12:20,517] Trial 1314 finished with values: [10.208472379671143, 10.208472379671143] and parameters: {'k1': 0.01889771394135163, 'D_low': 5.59983195169599, 'k2': 0.00383039225527374, 'D_high': 2940.51756322311, 'fire_exp': 1.0629462657398439, 'P_half': 1489.5167857414556, 'pre_dampen_half': 552.4163637315892, 'gpp_af': 0.0689916853868204, 'gpp_b': 0.0005752434266899163, 'gpp_d': 84.31013932082456, 'ign_k': 5.351470428717437, 'ign_c': 0.557280750002996, 'trop_agb_crit': 7.500118950416987, 'trop_k_veg': 1.2033419844148296}.
[I 2026-08-06 09:12:21,639] Trial 1315 finished with values: [-0.6408360761625532, 0.31476044778550294] and parameters: {'k1': 0.026835953334046134, 'D_low': 6.004682478324446, 'k2': 0.012758211164590085, 'D_high': 2940.51756322311, 'fire_exp': 1.0629462657398439, 'P_half': 12.808863354047988, 'pre_dampen_half': 552.4163637315892, 'gpp_af': 0.1476584299248268, 'gpp_b': 0.0005752434266899163, 'gpp_d': 431.69073113052116, 'ign_k': 8.708806168038567, 'ign_c': 20.03995359361212, 'trop_agb_crit': 7.500118950416987, 'trop_k_veg': 2.4855199240230106}.
[I 2026-08-06 09:12:22,794] Trial 1316 finished with values: [-0.6069042114927033, 0.4517388964077155] and parameters: {'k1': 0.01889771394135163, 'D_low': 12.105387404469584, 'k2': 0.03538758864779238, 'D_high': 2940.51756322311, 'fire_exp': 1.0629462657398439, 'P_half': 12.808863354047988, 'pre_dampen_half': 552.4163637315892, 'gpp_af': 33.940346662065195, 'gpp_b': 0.0005752434266899163, 'gpp_d': 431.69073113052116, 'ign_k': 8.708806168038567, 'ign_c': 20.03995359361212, 'trop_agb_crit': 1.8831909561015436, 'trop_k_veg': 2.520089655463604}.
[I 2026-08-06 09:12:23,927] Trial 1317 finished with values: [-0.5863556586262028, 0.16489647940847574] and parameters: {'k1': 0.029626010885972713, 'D_low': 4.484744524732794, 'k2': 0.032845299795769424, 'D_high': 1588.2035726402378, 'fire_exp': 1.0629462657398439, 'P_half': 12.808863354047988, 'pre_dampen_half': 502.5175192217655, 'gpp_af': 0.0689916853868204, 'gpp_b': 0.0005752434266899163, 'gpp_d': 0.24239431891241692, 'ign_k': 5.351470428717437, 'ign_c': 20.03995359361212, 'trop_agb_crit': 7.500118950416987, 'trop_k_veg': 2.7863130345574474}.
[I 2026-08-06 09:12:25,065] Trial 1318 finished with values: [10.689330753929713, 10.689330753929713] and parameters: {'k1': 0.016748279468858224, 'D_low': 4.484744524732794, 'k2': 0.005082220961627801, 'D_high': 2940.51756322311, 'fire_exp': 9.62767613678815, 'P_half': 4.213183643253957, 'pre_dampen_half': 502.5175192217655, 'gpp_af': 0.0014188461251885575, 'gpp_b': 0.0005752434266899163, 'gpp_d': 431.69073113052116, 'ign_k': 8.708806168038567, 'ign_c': 1.391961287132517, 'trop_agb_crit': 7.500118950416987, 'trop_k_veg': 1.4584243470991722}.
[I 2026-08-06 09:12:26,184] Trial 1319 finished with values: [-0.6193642463162111, 0.41185341871587866] and parameters: {'k1': 0.008471801418819975, 'D_low': 5.59983195169599, 'k2': 0.032845299795769424, 'D_high': 2940.51756322311, 'fire_exp': 1.0629462657398439, 'P_half': 12.808863354047988, 'pre_dampen_half': 502.5175192217655, 'gpp_af': 0.1476584299248268, 'gpp_b': 6.986652907140114e-05, 'gpp_d': 431.69073113052116, 'ign_k': 8.708806168038567, 'ign_c': 20.03995359361212, 'trop_agb_crit': 7.500118950416987, 'trop_k_veg': 1.9938441068366917}.
[I 2026-08-06 09:12:27,308] Trial 1320 finished with values: [-0.6301524594586517, 0.1889483597959225] and parameters: {'k1': 0.01889771394135163, 'D_low': 5.59983195169599, 'k2': 0.012758211164590085, 'D_high': 1537.4098204111451, 'fire_exp': 1.0629462657398439, 'P_half': 4.213183643253957, 'pre_dampen_half': 502.5175192217655, 'gpp_af': 0.01023477599883959, 'gpp_b': 0.0005752434266899163, 'gpp_d': 229.41380323183625, 'ign_k': 8.708806168038567, 'ign_c': 0.557280750002996, 'trop_agb_crit': 7.861566638880103, 'trop_k_veg': 4.167664671344212}.
[I 2026-08-06 09:12:28,448] Trial 1321 finished with values: [10.114248477355668, 10.114248477355668] and parameters: {'k1': 5.456314022643801e-05, 'D_low': 4.484744524732794, 'k2': 0.03766680988255312, 'D_high': 2940.51756322311, 'fire_exp': 1.0629462657398439, 'P_half': 4.213183643253957, 'pre_dampen_half': 502.5175192217655, 'gpp_af': 0.017115686479965763, 'gpp_b': 0.0005752434266899163, 'gpp_d': 18.683694679300007, 'ign_k': 8.708806168038567, 'ign_c': 20.03995359361212, 'trop_agb_crit': 7.861566638880103, 'trop_k_veg': 2.520089655463604}.
[I 2026-08-06 09:12:29,592] Trial 1322 finished with values: [10.151605559289056, 10.151605559289056] and parameters: {'k1': 0.01889771394135163, 'D_low': 2.033448213394542, 'k2': 0.032845299795769424, 'D_high': 1588.2035726402378, 'fire_exp': 1.0629462657398439, 'P_half': 12.808863354047988, 'pre_dampen_half': 552.4163637315892, 'gpp_af': 0.030742717663402135, 'gpp_b': 0.0005752434266899163, 'gpp_d': 431.69073113052116, 'ign_k': 0.004058982070039651, 'ign_c': 20.03995359361212, 'trop_agb_crit': 7.500118950416987, 'trop_k_veg': 2.7863130345574474}.
[I 2026-08-06 09:12:30,789] Trial 1323 finished with values: [10.73615311871982, 10.73615311871982] and parameters: {'k1': 0.029626010885972713, 'D_low': 4.484744524732794, 'k2': 0.012758211164590085, 'D_high': 577.1566094775104, 'fire_exp': 1.0629462657398439, 'P_half': 12.808863354047988, 'pre_dampen_half': 552.4163637315892, 'gpp_af': 0.0689916853868204, 'gpp_b': 0.0005752434266899163, 'gpp_d': 431.69073113052116, 'ign_k': 8.708806168038567, 'ign_c': 28.919587916447927, 'trop_agb_crit': 7.500118950416987, 'trop_k_veg': 2.7863130345574474}.
[I 2026-08-06 09:12:31,925] Trial 1324 finished with values: [10.05561043348036, 10.05561043348036] and parameters: {'k1': 0.016748279468858224, 'D_low': 4.484744524732794, 'k2': 0.03538758864779238, 'D_high': 2940.51756322311, 'fire_exp': 1.165368636520435, 'P_half': 2.1570307680573153, 'pre_dampen_half': 502.5175192217655, 'gpp_af': 0.0014188461251885575, 'gpp_b': 0.0005752434266899163, 'gpp_d': 431.69073113052116, 'ign_k': 8.708806168038567, 'ign_c': 8.40543912931368, 'trop_agb_crit': 7.500118950416987, 'trop_k_veg': 5.774377687181984}.
[I 2026-08-06 09:12:33,047] Trial 1325 finished with values: [-0.6382374083553889, 0.3219126435053048] and parameters: {'k1': 0.01889771394135163, 'D_low': 4.484744524732794, 'k2': 0.032845299795769424, 'D_high': 2940.51756322311, 'fire_exp': 1.0629462657398439, 'P_half': 4.213183643253957, 'pre_dampen_half': 502.5175192217655, 'gpp_af': 0.1476584299248268, 'gpp_b': 0.0005752434266899163, 'gpp_d': 431.69073113052116, 'ign_k': 9.226223582279749, 'ign_c': 20.03995359361212, 'trop_agb_crit': 7.500118950416987, 'trop_k_veg': 1.9358464828856796}.
[I 2026-08-06 09:12:34,616] Trial 1326 finished with values: [10.101389669056587, 10.101389669056587] and parameters: {'k1': 0.01889771394135163, 'D_low': 4.484744524732794, 'k2': 0.032845299795769424, 'D_high': 2940.51756322311, 'fire_exp': 1.0629462657398439, 'P_half': 4.213183643253957, 'pre_dampen_half': 104.23598559895899, 'gpp_af': 0.1476584299248268, 'gpp_b': 0.0005752434266899163, 'gpp_d': 431.69073113052116, 'ign_k': 0.10491246574185645, 'ign_c': 20.03995359361212, 'trop_agb_crit': 7.500118950416987, 'trop_k_veg': 2.5879386297557976}.
[I 2026-08-06 09:12:35,789] Trial 1327 finished with values: [10.05358698929698, 10.05358698929698] and parameters: {'k1': 0.01889771394135163, 'D_low': 12.105387404469584, 'k2': 0.03538758864779238, 'D_high': 2940.51756322311, 'fire_exp': 1.165368636520435, 'P_half': 24.563265188276052, 'pre_dampen_half': 552.4163637315892, 'gpp_af': 0.1476584299248268, 'gpp_b': 1.284284091405877e-05, 'gpp_d': 84.31013932082456, 'ign_k': 8.708806168038567, 'ign_c': 8.40543912931368, 'trop_agb_crit': 10.965064494899984, 'trop_k_veg': 2.520089655463604}.
[I 2026-08-06 09:12:36,911] Trial 1328 finished with values: [-0.6231045786930038, 0.18846028621289057] and parameters: {'k1': 0.016748279468858224, 'D_low': 4.484744524732794, 'k2': 0.012758211164590085, 'D_high': 2940.51756322311, 'fire_exp': 1.0629462657398439, 'P_half': 4.213183643253957, 'pre_dampen_half': 684.9093205085047, 'gpp_af': 0.017115686479965763, 'gpp_b': 0.0005752434266899163, 'gpp_d': 431.69073113052116, 'ign_k': 8.708806168038567, 'ign_c': 20.03995359361212, 'trop_agb_crit': 1.8831909561015436, 'trop_k_veg': 1.5922246657536958}.
[I 2026-08-06 09:12:38,019] Trial 1329 finished with values: [-0.6192553661786333, 0.1551072234348676] and parameters: {'k1': 0.01889771394135163, 'D_low': 5.59983195169599, 'k2': 0.012758211164590085, 'D_high': 2940.51756322311, 'fire_exp': 1.0629462657398439, 'P_half': 224.42820887784595, 'pre_dampen_half': 552.4163637315892, 'gpp_af': 0.017115686479965763, 'gpp_b': 0.0005752434266899163, 'gpp_d': 229.41380323183625, 'ign_k': 8.708806168038567, 'ign_c': 20.03995359361212, 'trop_agb_crit': 7.861566638880103, 'trop_k_veg': 2.520089655463604}.
[I 2026-08-06 09:12:39,162] Trial 1330 finished with values: [-0.6372721934352437, 0.2437843232202046] and parameters: {'k1': 0.01889771394135163, 'D_low': 4.484744524732794, 'k2': 0.032845299795769424, 'D_high': 1938.603912550459, 'fire_exp': 1.0629462657398439, 'P_half': 4.213183643253957, 'pre_dampen_half': 832.8208611404456, 'gpp_af': 0.1476584299248268, 'gpp_b': 0.0005752434266899163, 'gpp_d': 431.69073113052116, 'ign_k': 9.226223582279749, 'ign_c': 20.03995359361212, 'trop_agb_crit': 7.500118950416987, 'trop_k_veg': 2.5879386297557976}.
[I 2026-08-06 09:12:40,284] Trial 1331 finished with values: [10.198996012975801, 10.198996012975801] and parameters: {'k1': 0.01889771394135163, 'D_low': 4.484744524732794, 'k2': 0.012758211164590085, 'D_high': 4695.480001817503, 'fire_exp': 1.1430983876313219, 'P_half': 5.505316245273476, 'pre_dampen_half': 14.905836948373004, 'gpp_af': 0.1476584299248268, 'gpp_b': 9.902147057333172e-05, 'gpp_d': 431.69073113052116, 'ign_k': 8.708806168038567, 'ign_c': 20.03995359361212, 'trop_agb_crit': 7.500118950416987, 'trop_k_veg': 5.130890164653609}.
[I 2026-08-06 09:12:41,439] Trial 1332 finished with values: [10.423557582456388, 10.423557582456388] and parameters: {'k1': 0.016748279468858224, 'D_low': 5.59983195169599, 'k2': 0.00383039225527374, 'D_high': 2940.51756322311, 'fire_exp': 1.0629462657398439, 'P_half': 3370.629622438604, 'pre_dampen_half': 552.4163637315892, 'gpp_af': 0.1476584299248268, 'gpp_b': 0.0005752434266899163, 'gpp_d': 229.41380323183625, 'ign_k': 8.708806168038567, 'ign_c': 0.557280750002996, 'trop_agb_crit': 7.500118950416987, 'trop_k_veg': 1.4584243470991722}.
[I 2026-08-06 09:12:42,574] Trial 1333 finished with values: [-0.6387742352040237, 0.29606872841105225] and parameters: {'k1': 0.01889771394135163, 'D_low': 12.105387404469584, 'k2': 0.012758211164590085, 'D_high': 2940.51756322311, 'fire_exp': 1.1430983876313219, 'P_half': 12.808863354047988, 'pre_dampen_half': 552.4163637315892, 'gpp_af': 0.1476584299248268, 'gpp_b': 0.0005752434266899163, 'gpp_d': 431.69073113052116, 'ign_k': 8.708806168038567, 'ign_c': 20.03995359361212, 'trop_agb_crit': 7.500118950416987, 'trop_k_veg': 3.376529607942905}.
[I 2026-08-06 09:12:43,735] Trial 1334 finished with values: [-0.6343034862478989, 0.27478797665396404] and parameters: {'k1': 0.016748279468858224, 'D_low': 5.59983195169599, 'k2': 0.00383039225527374, 'D_high': 2940.51756322311, 'fire_exp': 1.0629462657398439, 'P_half': 97.0660675687761, 'pre_dampen_half': 552.4163637315892, 'gpp_af': 0.1476584299248268, 'gpp_b': 0.0005752434266899163, 'gpp_d': 431.69073113052116, 'ign_k': 8.708806168038567, 'ign_c': 20.03995359361212, 'trop_agb_crit': 7.500118950416987, 'trop_k_veg': 2.4855199240230106}.
[I 2026-08-06 09:12:44,867] Trial 1335 finished with values: [10.104512183645427, 10.104512183645427] and parameters: {'k1': 0.01889771394135163, 'D_low': 12.105387404469584, 'k2': 0.0005128126758785009, 'D_high': 1177.190025324204, 'fire_exp': 1.0629462657398439, 'P_half': 1.1069424888528068, 'pre_dampen_half': 552.4163637315892, 'gpp_af': 0.1476584299248268, 'gpp_b': 0.004821867175721073, 'gpp_d': 229.41380323183625, 'ign_k': 8.708806168038567, 'ign_c': 20.03995359361212, 'trop_agb_crit': 10.965064494899984, 'trop_k_veg': 2.4855199240230106}.
[I 2026-08-06 09:12:46,023] Trial 1336 finished with values: [-0.6237408973524629, 0.1047875773992939] and parameters: {'k1': 0.01889771394135163, 'D_low': 5.59983195169599, 'k2': 0.032845299795769424, 'D_high': 1177.190025324204, 'fire_exp': 1.0629462657398439, 'P_half': 4.455881402182092, 'pre_dampen_half': 552.4163637315892, 'gpp_af': 0.1476584299248268, 'gpp_b': 0.004821867175721073, 'gpp_d': 229.41380323183625, 'ign_k': 8.708806168038567, 'ign_c': 20.03995359361212, 'trop_agb_crit': 7.500118950416987, 'trop_k_veg': 4.167664671344212}.
[I 2026-08-06 09:12:47,180] Trial 1337 finished with values: [-0.6315259907587129, 0.47959290538586086] and parameters: {'k1': 0.029626010885972713, 'D_low': 5.59983195169599, 'k2': 0.00383039225527374, 'D_high': 2940.51756322311, 'fire_exp': 1.0629462657398439, 'P_half': 4.213183643253957, 'pre_dampen_half': 502.5175192217655, 'gpp_af': 0.1476584299248268, 'gpp_b': 1.190268992068981e-05, 'gpp_d': 431.69073113052116, 'ign_k': 5.351470428717437, 'ign_c': 20.03995359361212, 'trop_agb_crit': 7.500118950416987, 'trop_k_veg': 1.4584243470991722}.
[I 2026-08-06 09:12:48,355] Trial 1338 finished with values: [-0.6408382358686072, 0.4489368766478177] and parameters: {'k1': 0.03635503353478365, 'D_low': 12.105387404469584, 'k2': 0.012758211164590085, 'D_high': 2940.51756322311, 'fire_exp': 1.0629462657398439, 'P_half': 1.4246408590160289, 'pre_dampen_half': 502.5175192217655, 'gpp_af': 0.1476584299248268, 'gpp_b': 0.0005752434266899163, 'gpp_d': 84.31013932082456, 'ign_k': 5.351470428717437, 'ign_c': 0.21208987108343724, 'trop_agb_crit': 10.965064494899984, 'trop_k_veg': 2.520089655463604}.
[I 2026-08-06 09:12:49,523] Trial 1339 finished with values: [-0.6253340355236124, 0.29564248166406737] and parameters: {'k1': 0.01889771394135163, 'D_low': 12.105387404469584, 'k2': 0.03538758864779238, 'D_high': 1177.190025324204, 'fire_exp': 1.0629462657398439, 'P_half': 1.1069424888528068, 'pre_dampen_half': 502.5175192217655, 'gpp_af': 0.1476584299248268, 'gpp_b': 0.0005752434266899163, 'gpp_d': 431.69073113052116, 'ign_k': 0.18200694976756818, 'ign_c': 0.557280750002996, 'trop_agb_crit': 10.965064494899984, 'trop_k_veg': 2.360385882264582}.
[I 2026-08-06 09:12:50,693] Trial 1340 finished with values: [10.055667485689408, 10.055667485689408] and parameters: {'k1': 0.029626010885972713, 'D_low': 12.105387404469584, 'k2': 0.012758211164590085, 'D_high': 2940.51756322311, 'fire_exp': 1.0629462657398439, 'P_half': 1.1069424888528068, 'pre_dampen_half': 552.4163637315892, 'gpp_af': 0.43350899241405944, 'gpp_b': 0.0005752434266899163, 'gpp_d': 431.69073113052116, 'ign_k': 8.708806168038567, 'ign_c': 0.557280750002996, 'trop_agb_crit': 10.965064494899984, 'trop_k_veg': 2.4855199240230106}.
[I 2026-08-06 09:12:51,883] Trial 1341 finished with values: [-0.6399551612737489, 0.2712979418319881] and parameters: {'k1': 0.029626010885972713, 'D_low': 4.484744524732794, 'k2': 0.032845299795769424, 'D_high': 2940.51756322311, 'fire_exp': 1.0629462657398439, 'P_half': 12.808863354047988, 'pre_dampen_half': 552.4163637315892, 'gpp_af': 0.0689916853868204, 'gpp_b': 0.0005752434266899163, 'gpp_d': 150.14555442537656, 'ign_k': 5.351470428717437, 'ign_c': 20.03995359361212, 'trop_agb_crit': 7.500118950416987, 'trop_k_veg': 2.5879386297557976}.
[I 2026-08-06 09:12:52,996] Trial 1342 finished with values: [-0.6327288337735446, 0.5320830987271717] and parameters: {'k1': 0.016748279468858224, 'D_low': 4.484744524732794, 'k2': 0.03538758864779238, 'D_high': 7540.749074574753, 'fire_exp': 1.0629462657398439, 'P_half': 1.1069424888528068, 'pre_dampen_half': 502.5175192217655, 'gpp_af': 0.1476584299248268, 'gpp_b': 0.0005752434266899163, 'gpp_d': 8.571213555597648, 'ign_k': 8.708806168038567, 'ign_c': 20.03995359361212, 'trop_agb_crit': 7.500118950416987, 'trop_k_veg': 2.4855199240230106}.
[I 2026-08-06 09:12:54,140] Trial 1343 finished with values: [-0.6418909251609162, 0.4012842639912033] and parameters: {'k1': 0.036394202908311676, 'D_low': 4.484744524732794, 'k2': 0.00383039225527374, 'D_high': 2940.51756322311, 'fire_exp': 1.2006227951069504, 'P_half': 12.808863354047988, 'pre_dampen_half': 502.5175192217655, 'gpp_af': 0.1476584299248268, 'gpp_b': 0.0005752434266899163, 'gpp_d': 431.69073113052116, 'ign_k': 8.708806168038567, 'ign_c': 1.483502036384642, 'trop_agb_crit': 7.500118950416987, 'trop_k_veg': 1.9938441068366917}.
[I 2026-08-06 09:12:55,749] Trial 1344 finished with values: [-0.6397681913438226, 0.27241418041377496] and parameters: {'k1': 0.029626010885972713, 'D_low': 4.484744524732794, 'k2': 0.008433074972740243, 'D_high': 2940.51756322311, 'fire_exp': 1.0629462657398439, 'P_half': 12.808863354047988, 'pre_dampen_half': 552.4163637315892, 'gpp_af': 0.0689916853868204, 'gpp_b': 0.0005752434266899163, 'gpp_d': 150.14555442537656, 'ign_k': 5.351470428717437, 'ign_c': 20.03995359361212, 'trop_agb_crit': 7.500118950416987, 'trop_k_veg': 2.5879386297557976}.
[I 2026-08-06 09:12:56,909] Trial 1345 finished with values: [10.177367707985077, 10.177367707985077] and parameters: {'k1': 5.618854373041685e-05, 'D_low': 4.484744524732794, 'k2': 0.005082220961627801, 'D_high': 1588.2035726402378, 'fire_exp': 1.1430983876313219, 'P_half': 12.808863354047988, 'pre_dampen_half': 552.4163637315892, 'gpp_af': 0.1476584299248268, 'gpp_b': 0.0005752434266899163, 'gpp_d': 1.1207905189367506, 'ign_k': 8.708806168038567, 'ign_c': 20.03995359361212, 'trop_agb_crit': 10.965064494899984, 'trop_k_veg': 5.130890164653609}.
[I 2026-08-06 09:12:58,069] Trial 1346 finished with values: [-0.6224361830846079, 0.1731845982743767] and parameters: {'k1': 0.01889771394135163, 'D_low': 5.59983195169599, 'k2': 0.032845299795769424, 'D_high': 1177.190025324204, 'fire_exp': 1.1430983876313219, 'P_half': 12.808863354047988, 'pre_dampen_half': 552.4163637315892, 'gpp_af': 0.1476584299248268, 'gpp_b': 0.0005752434266899163, 'gpp_d': 431.69073113052116, 'ign_k': 2.7083713598654877, 'ign_c': 20.03995359361212, 'trop_agb_crit': 7.500118950416987, 'trop_k_veg': 1.9938441068366917}.
[I 2026-08-06 09:12:59,229] Trial 1347 finished with values: [-0.6431256345714471, 0.4187127346798586] and parameters: {'k1': 0.018890961174687686, 'D_low': 5.59983195169599, 'k2': 0.012758211164590085, 'D_high': 2940.51756322311, 'fire_exp': 1.0629462657398439, 'P_half': 4.213183643253957, 'pre_dampen_half': 552.4163637315892, 'gpp_af': 0.1476584299248268, 'gpp_b': 0.0005752434266899163, 'gpp_d': 84.31013932082456, 'ign_k': 5.351470428717437, 'ign_c': 0.557280750002996, 'trop_agb_crit': 6.292423580875266, 'trop_k_veg': 2.520089655463604}.
[I 2026-08-06 09:13:00,422] Trial 1348 finished with values: [10.617414645011866, 10.617414645011866] and parameters: {'k1': 0.01889771394135163, 'D_low': 693.3798145979342, 'k2': 0.032845299795769424, 'D_high': 1177.190025324204, 'fire_exp': 1.0629462657398439, 'P_half': 4.213183643253957, 'pre_dampen_half': 552.4163637315892, 'gpp_af': 0.1476584299248268, 'gpp_b': 0.0007693087624665233, 'gpp_d': 229.41380323183625, 'ign_k': 8.708806168038567, 'ign_c': 20.03995359361212, 'trop_agb_crit': 7.500118950416987, 'trop_k_veg': 4.167664671344212}.
