[I 2026-06-11 02:08:52,713] Trial 868 finished with values: [10.036560921158026, 10.036560921158026] and parameters: {'k1': 0.0018697387216131526, 'D_low': 171.2446447678494, 'k2': 0.00037358626308127543, 'D_high': 36998.679204890876, 'fire_exp': 1.4126958348191876, 'P_half': 1549.6599265816342, 'pre_dampen_half': 170.71098124594695, 'gpp_af': 0.016306190741524337, 'gpp_b': 0.002416023630607169, 'gpp_d': 21.899070557043984, 'ign_k': 0.0029519227433917453, 'ign_c': 342.8810943862522, 'trop_agb_crit': 2.0527418919564324, 'trop_k_veg': 2.520089655463604, 'fire_amp': 5.44779717154213}.
[I 2026-06-11 02:08:54,065] Trial 869 finished with values: [11.008693652862412, 11.008693652862412] and parameters: {'k1': 0.001260821293027586, 'D_low': 236.79352040223893, 'k2': 0.045914852167405346, 'D_high': 16780.50857913099, 'fire_exp': 1.2344878997299724, 'P_half': 93.43302657318476, 'pre_dampen_half': 16.009350908593582, 'gpp_af': 0.015627364027979502, 'gpp_b': 0.002416023630607169, 'gpp_d': 76.38081075786287, 'ign_k': 0.0029519227433917453, 'ign_c': 1.4879588507789996, 'trop_agb_crit': 8.0091368834625, 'trop_k_veg': 6.030247256556128, 'fire_amp': 3.211868494428654}.
[I 2026-06-11 02:08:55,399] Trial 870 finished with values: [-0.45771481973013817, 0.12131631320033731] and parameters: {'k1': 5.178197947282869e-05, 'D_low': 236.79352040223893, 'k2': 0.045914852167405346, 'D_high': 55.22071973135807, 'fire_exp': 1.2344878997299724, 'P_half': 2.226799690893868, 'pre_dampen_half': 220.35141300841897, 'gpp_af': 0.008117091133892173, 'gpp_b': 0.001674375583895437, 'gpp_d': 0.7698760608299932, 'ign_k': 0.012566783761977915, 'ign_c': 39.52220881906114, 'trop_agb_crit': 4.902399583903479, 'trop_k_veg': 6.030247256556128, 'fire_amp': 2.7806853670293616}.
[I 2026-06-11 02:08:57,332] Trial 871 finished with values: [10.073208746161232, 10.073208746161232] and parameters: {'k1': 5.7909642338812115e-05, 'D_low': 19.89315688058566, 'k2': 8.968733598183248e-05, 'D_high': 36998.679204890876, 'fire_exp': 1.9136159174067866, 'P_half': 93.43302657318476, 'pre_dampen_half': 30.456909077772018, 'gpp_af': 0.008117091133892173, 'gpp_b': 2.176805640408474e-05, 'gpp_d': 1.0088237648985734, 'ign_k': 0.002357279455676982, 'ign_c': 39.52220881906114, 'trop_agb_crit': 12.279079504118675, 'trop_k_veg': 2.520089655463604, 'fire_amp': 3.1543496524370136}.
[I 2026-06-11 02:08:58,839] Trial 872 finished with values: [10.36556587530425, 10.36556587530425] and parameters: {'k1': 5.7909642338812115e-05, 'D_low': 80.1811936889058, 'k2': 0.0007731571570012607, 'D_high': 30227.031291375773, 'fire_exp': 1.1633452995374232, 'P_half': 1549.6599265816342, 'pre_dampen_half': 1.8469033699850426, 'gpp_af': 0.07576025464197739, 'gpp_b': 0.00807491410172472, 'gpp_d': 1.0088237648985734, 'ign_k': 0.0029519227433917453, 'ign_c': 7.081721844034206, 'trop_agb_crit': 12.647327018493208, 'trop_k_veg': 4.989748894578724, 'fire_amp': 5.44779717154213}.
[I 2026-06-11 02:09:00,218] Trial 873 finished with values: [10.734627589763363, 10.734627589763363] and parameters: {'k1': 3.609310926766545e-05, 'D_low': 43.03411264066069, 'k2': 0.045914852167405346, 'D_high': 252.84086172415604, 'fire_exp': 1.41873960828944, 'P_half': 1265.0580856641704, 'pre_dampen_half': 170.71098124594695, 'gpp_af': 0.008117091133892173, 'gpp_b': 0.00012118589392553798, 'gpp_d': 0.7698760608299932, 'ign_k': 0.17320535908244444, 'ign_c': 39.52220881906114, 'trop_agb_crit': 4.902399583903479, 'trop_k_veg': 2.520089655463604, 'fire_amp': 3.1543496524370136}.
[I 2026-06-11 02:09:01,555] Trial 874 finished with values: [12.067380363154555, 12.067380363154555] and parameters: {'k1': 0.0018697387216131526, 'D_low': 148.21691630007544, 'k2': 0.045914852167405346, 'D_high': 32311.521854410956, 'fire_exp': 1.2344878997299724, 'P_half': 93.43302657318476, 'pre_dampen_half': 16.009350908593582, 'gpp_af': 0.10098504976210308, 'gpp_b': 0.00031478066835753096, 'gpp_d': 545.0253444559129, 'ign_k': 0.012802983592904445, 'ign_c': 0.29205563600251844, 'trop_agb_crit': 12.647327018493208, 'trop_k_veg': 2.724170387400844, 'fire_amp': 2.7806853670293616}.
[I 2026-06-11 02:09:02,840] Trial 875 finished with values: [10.383998617158957, 10.383998617158957] and parameters: {'k1': 0.0003783599106879794, 'D_low': 171.2446447678494, 'k2': 0.0004862769762212836, 'D_high': 32311.521854410956, 'fire_exp': 1.2918065501148304, 'P_half': 1549.6599265816342, 'pre_dampen_half': 8.259599205585761, 'gpp_af': 0.015627364027979502, 'gpp_b': 0.00031478066835753096, 'gpp_d': 0.7698760608299932, 'ign_k': 0.012802983592904445, 'ign_c': 1.4879588507789996, 'trop_agb_crit': 3.3933702290907823, 'trop_k_veg': 2.724170387400844, 'fire_amp': 2.7806853670293616}.
[I 2026-06-11 02:09:04,305] Trial 876 finished with values: [-0.7356532935289855, 0.07371278549175275] and parameters: {'k1': 0.0006883147458933808, 'D_low': 43.03411264066069, 'k2': 0.0007731571570012607, 'D_high': 252.84086172415604, 'fire_exp': 1.4848387260494937, 'P_half': 1265.0580856641704, 'pre_dampen_half': 170.71098124594695, 'gpp_af': 1.9706963379095486, 'gpp_b': 0.00012118589392553798, 'gpp_d': 96.93415502195788, 'ign_k': 0.17320535908244444, 'ign_c': 0.4177928311636542, 'trop_agb_crit': 11.664190932505923, 'trop_k_veg': 4.989748894578724, 'fire_amp': 3.1543496524370136}.
[I 2026-06-11 02:09:05,889] Trial 877 finished with values: [10.726173934738377, 10.726173934738377] and parameters: {'k1': 0.006164329525571074, 'D_low': 236.79352040223893, 'k2': 0.0004976087827261435, 'D_high': 55.22071973135807, 'fire_exp': 1.2344878997299724, 'P_half': 1265.0580856641704, 'pre_dampen_half': 220.35141300841897, 'gpp_af': 0.2204465010099918, 'gpp_b': 0.12046049142392454, 'gpp_d': 1.0088237648985734, 'ign_k': 0.012566783761977915, 'ign_c': 138.05946158117075, 'trop_agb_crit': 8.0091368834625, 'trop_k_veg': 5.453348988480011, 'fire_amp': 1.1655705619308396}.
[I 2026-06-11 02:09:07,321] Trial 878 finished with values: [10.76917270073133, 10.76917270073133] and parameters: {'k1': 0.0018697387216131526, 'D_low': 1.7551403048208316, 'k2': 0.045914852167405346, 'D_high': 16780.50857913099, 'fire_exp': 7.7998219494546595, 'P_half': 3.591771421517613, 'pre_dampen_half': 16.009350908593582, 'gpp_af': 0.008117091133892173, 'gpp_b': 0.00807491410172472, 'gpp_d': 545.0253444559129, 'ign_k': 0.0029519227433917453, 'ign_c': 7.081721844034206, 'trop_agb_crit': 12.647327018493208, 'trop_k_veg': 0.5535297685306277, 'fire_amp': 5.538534697983617}.
[I 2026-06-11 02:09:08,624] Trial 879 finished with values: [10.171957532451096, 10.171957532451096] and parameters: {'k1': 0.006164329525571074, 'D_low': 236.79352040223893, 'k2': 0.00037358626308127543, 'D_high': 24.9899605789089, 'fire_exp': 1.2344878997299724, 'P_half': 114.62237838612074, 'pre_dampen_half': 30.456909077772018, 'gpp_af': 0.008117091133892173, 'gpp_b': 0.002416023630607169, 'gpp_d': 0.1922572998567411, 'ign_k': 0.0029519227433917453, 'ign_c': 7.081721844034206, 'trop_agb_crit': 12.647327018493208, 'trop_k_veg': 5.453348988480011, 'fire_amp': 5.44779717154213}.
[I 2026-06-11 02:09:09,971] Trial 880 finished with values: [10.765394000545019, 10.765394000545019] and parameters: {'k1': 0.03648456083047798, 'D_low': 171.2446447678494, 'k2': 8.968733598183248e-05, 'D_high': 32311.521854410956, 'fire_exp': 6.122141825699288, 'P_half': 93.43302657318476, 'pre_dampen_half': 350.88322284755304, 'gpp_af': 2.5444227489578917, 'gpp_b': 0.0004125336560355494, 'gpp_d': 0.37760216765950283, 'ign_k': 0.002357279455676982, 'ign_c': 39.52220881906114, 'trop_agb_crit': 8.0091368834625, 'trop_k_veg': 2.724170387400844, 'fire_amp': 2.7806853670293616}.
[I 2026-06-11 02:09:11,301] Trial 881 finished with values: [10.74216474521389, 10.74216474521389] and parameters: {'k1': 0.0018697387216131526, 'D_low': 1.7551403048208316, 'k2': 0.045914852167405346, 'D_high': 16780.50857913099, 'fire_exp': 1.4848387260494937, 'P_half': 1549.6599265816342, 'pre_dampen_half': 27.58503443495818, 'gpp_af': 0.008117091133892173, 'gpp_b': 0.004222977274601172, 'gpp_d': 545.0253444559129, 'ign_k': 0.010439567055209046, 'ign_c': 230.93317030826512, 'trop_agb_crit': 1.139620825053645, 'trop_k_veg': 4.989748894578724, 'fire_amp': 3.211868494428654}.
[I 2026-06-11 02:09:12,896] Trial 882 finished with values: [11.545205895560692, 11.545205895560692] and parameters: {'k1': 0.04046205802397579, 'D_low': 1.7551403048208316, 'k2': 0.00037358626308127543, 'D_high': 36998.679204890876, 'fire_exp': 1.9136159174067866, 'P_half': 93.43302657318476, 'pre_dampen_half': 30.456909077772018, 'gpp_af': 0.2204465010099918, 'gpp_b': 2.176805640408474e-05, 'gpp_d': 1.0088237648985734, 'ign_k': 0.002357279455676982, 'ign_c': 65.87536748686888, 'trop_agb_crit': 4.902399583903479, 'trop_k_veg': 2.520089655463604, 'fire_amp': 5.606809127618709}.
[I 2026-06-11 02:09:14,410] Trial 883 finished with values: [11.635003176931148, 11.635003176931148] and parameters: {'k1': 5.7909642338812115e-05, 'D_low': 43.03411264066069, 'k2': 0.00037358626308127543, 'D_high': 30227.031291375773, 'fire_exp': 1.2918065501148304, 'P_half': 70.13097205353067, 'pre_dampen_half': 170.71098124594695, 'gpp_af': 0.07302012718529301, 'gpp_b': 0.0004125336560355494, 'gpp_d': 1.0088237648985734, 'ign_k': 0.17320535908244444, 'ign_c': 7.081721844034206, 'trop_agb_crit': 1.8566494291193822, 'trop_k_veg': 5.453348988480011, 'fire_amp': 1.2393473789150806}.
[I 2026-06-11 02:09:15,757] Trial 884 finished with values: [10.57572749993981, 10.57572749993981] and parameters: {'k1': 0.012840669372724958, 'D_low': 43.03411264066069, 'k2': 0.00037358626308127543, 'D_high': 252.84086172415604, 'fire_exp': 1.4848387260494937, 'P_half': 353.8391696694433, 'pre_dampen_half': 16.009350908593582, 'gpp_af': 0.008117091133892173, 'gpp_b': 0.0004125336560355494, 'gpp_d': 0.7698760608299932, 'ign_k': 0.0029519227433917453, 'ign_c': 43.39260158221387, 'trop_agb_crit': 12.647327018493208, 'trop_k_veg': 2.520089655463604, 'fire_amp': 1.2393473789150806}.
[I 2026-06-11 02:09:17,129] Trial 885 finished with values: [10.50334628882372, 10.50334628882372] and parameters: {'k1': 0.0018697387216131526, 'D_low': 1121.5915868662764, 'k2': 0.045914852167405346, 'D_high': 1266.9536563782303, 'fire_exp': 1.4848387260494937, 'P_half': 93.43302657318476, 'pre_dampen_half': 170.71098124594695, 'gpp_af': 0.008117091133892173, 'gpp_b': 0.00807491410172472, 'gpp_d': 0.09467055845337147, 'ign_k': 0.0029519227433917453, 'ign_c': 39.52220881906114, 'trop_agb_crit': 12.647327018493208, 'trop_k_veg': 4.989748894578724, 'fire_amp': 3.211868494428654}.
[I 2026-06-11 02:09:18,863] Trial 886 finished with values: [-0.5863347080933967, 0.11998176952738082] and parameters: {'k1': 0.030699709531122967, 'D_low': 43.03411264066069, 'k2': 0.0001280886335404798, 'D_high': 252.84086172415604, 'fire_exp': 1.2344878997299724, 'P_half': 93.43302657318476, 'pre_dampen_half': 30.456909077772018, 'gpp_af': 1.9706963379095486, 'gpp_b': 2.176805640408474e-05, 'gpp_d': 96.93415502195788, 'ign_k': 0.0018548376790967168, 'ign_c': 0.4177928311636542, 'trop_agb_crit': 8.0091368834625, 'trop_k_veg': 2.520089655463604, 'fire_amp': 1.1655705619308396}.
[I 2026-06-11 02:09:20,398] Trial 887 finished with values: [10.04853682076876, 10.04853682076876] and parameters: {'k1': 0.012840669372724958, 'D_low': 51.61767747867285, 'k2': 0.00037358626308127543, 'D_high': 36998.679204890876, 'fire_exp': 1.4848387260494937, 'P_half': 93.43302657318476, 'pre_dampen_half': 30.456909077772018, 'gpp_af': 0.016306190741524337, 'gpp_b': 1.0828092646426677e-05, 'gpp_d': 298.943216845222, 'ign_k': 0.0029519227433917453, 'ign_c': 4.142619760188259, 'trop_agb_crit': 2.0527418919564324, 'trop_k_veg': 2.9214381145106936, 'fire_amp': 1.2393473789150806}.
[I 2026-06-11 02:09:21,901] Trial 888 finished with values: [-0.7306113611702466, 0.050223169421377944] and parameters: {'k1': 0.03648456083047798, 'D_low': 148.21691630007544, 'k2': 0.0004862769762212836, 'D_high': 32311.521854410956, 'fire_exp': 1.2344878997299724, 'P_half': 1549.6599265816342, 'pre_dampen_half': 8.259599205585761, 'gpp_af': 0.10098504976210308, 'gpp_b': 0.00031478066835753096, 'gpp_d': 545.0253444559129, 'ign_k': 0.012802983592904445, 'ign_c': 1.4879588507789996, 'trop_agb_crit': 12.708819454040446, 'trop_k_veg': 2.724170387400844, 'fire_amp': 2.7806853670293616}.
[I 2026-06-11 02:09:23,261] Trial 889 finished with values: [10.583500288279943, 10.583500288279943] and parameters: {'k1': 0.0018697387216131526, 'D_low': 1.7551403048208316, 'k2': 0.045914852167405346, 'D_high': 16780.50857913099, 'fire_exp': 1.4848387260494937, 'P_half': 1549.6599265816342, 'pre_dampen_half': 16.009350908593582, 'gpp_af': 1.1739995320396222, 'gpp_b': 0.00031478066835753096, 'gpp_d': 12.338826503601998, 'ign_k': 0.0029519227433917453, 'ign_c': 3.7623363852696734, 'trop_agb_crit': 12.708819454040446, 'trop_k_veg': 4.989748894578724, 'fire_amp': 1.1268480791003903}.
[I 2026-06-11 02:09:24,591] Trial 890 finished with values: [10.610537781371088, 10.610537781371088] and parameters: {'k1': 3.609310926766545e-05, 'D_low': 171.2446447678494, 'k2': 0.0004976087827261435, 'D_high': 1266.9536563782303, 'fire_exp': 1.4848387260494937, 'P_half': 1549.6599265816342, 'pre_dampen_half': 123.04779330083686, 'gpp_af': 42.29037995744429, 'gpp_b': 0.0004125336560355494, 'gpp_d': 96.93415502195788, 'ign_k': 0.002357279455676982, 'ign_c': 153.51441568398127, 'trop_agb_crit': 12.647327018493208, 'trop_k_veg': 2.724170387400844, 'fire_amp': 2.7806853670293616}.
[I 2026-06-11 02:09:25,950] Trial 891 finished with values: [10.893341477552626, 10.893341477552626] and parameters: {'k1': 0.012840669372724958, 'D_low': 51.61767747867285, 'k2': 0.0011847646505012493, 'D_high': 1266.9536563782303, 'fire_exp': 1.4848387260494937, 'P_half': 93.43302657318476, 'pre_dampen_half': 16.009350908593582, 'gpp_af': 0.008117091133892173, 'gpp_b': 2.176805640408474e-05, 'gpp_d': 1.0088237648985734, 'ign_k': 0.002357279455676982, 'ign_c': 39.52220881906114, 'trop_agb_crit': 12.647327018493208, 'trop_k_veg': 2.520089655463604, 'fire_amp': 5.606809127618709}.
[I 2026-06-11 02:09:27,369] Trial 892 finished with values: [10.697164240556404, 10.697164240556404] and parameters: {'k1': 5.7909642338812115e-05, 'D_low': 1.4002277211577039, 'k2': 0.045914852167405346, 'D_high': 39.872732880952434, 'fire_exp': 1.41873960828944, 'P_half': 1265.0580856641704, 'pre_dampen_half': 16.009350908593582, 'gpp_af': 0.07302012718529301, 'gpp_b': 0.001674375583895437, 'gpp_d': 1.0088237648985734, 'ign_k': 0.0032383308053152635, 'ign_c': 7.081721844034206, 'trop_agb_crit': 4.902399583903479, 'trop_k_veg': 5.453348988480011, 'fire_amp': 5.44779717154213}.
[I 2026-06-11 02:09:28,886] Trial 893 finished with values: [-0.6337503971084835, 0.13846233467999303] and parameters: {'k1': 0.00890707429605718, 'D_low': 171.2446447678494, 'k2': 0.00037358626308127543, 'D_high': 36998.679204890876, 'fire_exp': 1.2918065501148304, 'P_half': 93.43302657318476, 'pre_dampen_half': 3.640068899312672, 'gpp_af': 0.015627364027979502, 'gpp_b': 0.0004125336560355494, 'gpp_d': 0.7698760608299932, 'ign_k': 0.0029519227433917453, 'ign_c': 39.52220881906114, 'trop_agb_crit': 1.8285200278523417, 'trop_k_veg': 2.520089655463604, 'fire_amp': 2.7806853670293616}.
[I 2026-06-11 02:09:30,382] Trial 894 finished with values: [-0.6077003821311671, 0.07159116504983143] and parameters: {'k1': 0.0018697387216131526, 'D_low': 1.7551403048208316, 'k2': 0.045914852167405346, 'D_high': 5259.096221580009, 'fire_exp': 1.4848387260494937, 'P_half': 1549.6599265816342, 'pre_dampen_half': 170.71098124594695, 'gpp_af': 0.008117091133892173, 'gpp_b': 0.00807491410172472, 'gpp_d': 545.0253444559129, 'ign_k': 0.0029519227433917453, 'ign_c': 3.7623363852696734, 'trop_agb_crit': 12.647327018493208, 'trop_k_veg': 4.989748894578724, 'fire_amp': 3.211868494428654}.
[I 2026-06-11 02:09:31,757] Trial 895 finished with values: [17.239312396560877, 17.239312396560877] and parameters: {'k1': 5.7909642338812115e-05, 'D_low': 1.4002277211577039, 'k2': 0.0004862769762212836, 'D_high': 32311.521854410956, 'fire_exp': 1.2344878997299724, 'P_half': 45.55085098454082, 'pre_dampen_half': 220.35141300841897, 'gpp_af': 0.10098504976210308, 'gpp_b': 0.00031478066835753096, 'gpp_d': 545.0253444559129, 'ign_k': 0.17320535908244444, 'ign_c': 7.081721844034206, 'trop_agb_crit': 1.8566494291193822, 'trop_k_veg': 2.724170387400844, 'fire_amp': 2.7806853670293616}.
[I 2026-06-11 02:09:33,176] Trial 896 finished with values: [10.758339692499186, 10.758339692499186] and parameters: {'k1': 0.0018697387216131526, 'D_low': 1.4002277211577039, 'k2': 0.0007731571570012607, 'D_high': 16780.50857913099, 'fire_exp': 1.4848387260494937, 'P_half': 45.55085098454082, 'pre_dampen_half': 0.01615714055429207, 'gpp_af': 0.008117091133892173, 'gpp_b': 0.00807491410172472, 'gpp_d': 76.38081075786287, 'ign_k': 0.0029519227433917453, 'ign_c': 7.081721844034206, 'trop_agb_crit': 1.334283419016584, 'trop_k_veg': 4.989748894578724, 'fire_amp': 1.1655705619308396}.
[I 2026-06-11 02:09:34,531] Trial 897 finished with values: [10.38330688475442, 10.38330688475442] and parameters: {'k1': 5.7909642338812115e-05, 'D_low': 171.2446447678494, 'k2': 0.0004862769762212836, 'D_high': 32311.521854410956, 'fire_exp': 1.41873960828944, 'P_half': 1265.0580856641704, 'pre_dampen_half': 30.456909077772018, 'gpp_af': 0.10098504976210308, 'gpp_b': 0.00031478066835753096, 'gpp_d': 1.0088237648985734, 'ign_k': 0.17320535908244444, 'ign_c': 7.081721844034206, 'trop_agb_crit': 1.8566494291193822, 'trop_k_veg': 4.989748894578724, 'fire_amp': 5.44779717154213}.
[I 2026-06-11 02:09:36,059] Trial 898 finished with values: [14.136363505536414, 14.136363505536414] and parameters: {'k1': 3.609310926766545e-05, 'D_low': 1121.5915868662764, 'k2': 0.0004862769762212836, 'D_high': 7333.200379637292, 'fire_exp': 1.1633452995374232, 'P_half': 1265.0580856641704, 'pre_dampen_half': 170.71098124594695, 'gpp_af': 0.10098504976210308, 'gpp_b': 0.00031478066835753096, 'gpp_d': 545.0253444559129, 'ign_k': 0.17320535908244444, 'ign_c': 1.4879588507789996, 'trop_agb_crit': 12.647327018493208, 'trop_k_veg': 5.453348988480011, 'fire_amp': 2.7806853670293616}.
[I 2026-06-11 02:09:37,640] Trial 899 finished with values: [11.345817273604972, 11.345817273604972] and parameters: {'k1': 5.178197947282869e-05, 'D_low': 171.2446447678494, 'k2': 0.0001280886335404798, 'D_high': 36998.679204890876, 'fire_exp': 1.9136159174067866, 'P_half': 93.43302657318476, 'pre_dampen_half': 220.35141300841897, 'gpp_af': 0.2204465010099918, 'gpp_b': 2.176805640408474e-05, 'gpp_d': 76.38081075786287, 'ign_k': 0.0018548376790967168, 'ign_c': 7.081721844034206, 'trop_agb_crit': 2.0527418919564324, 'trop_k_veg': 2.520089655463604, 'fire_amp': 5.44779717154213}.
[I 2026-06-11 02:09:39,320] Trial 900 finished with values: [10.687489688983803, 10.687489688983803] and parameters: {'k1': 3.609310926766545e-05, 'D_low': 43.03411264066069, 'k2': 0.0004862769762212836, 'D_high': 32311.521854410956, 'fire_exp': 1.4848387260494937, 'P_half': 1265.0580856641704, 'pre_dampen_half': 170.71098124594695, 'gpp_af': 0.10098504976210308, 'gpp_b': 0.0004125336560355494, 'gpp_d': 96.93415502195788, 'ign_k': 0.002357279455676982, 'ign_c': 153.51441568398127, 'trop_agb_crit': 12.647327018493208, 'trop_k_veg': 4.989748894578724, 'fire_amp': 5.606809127618709}.
[I 2026-06-11 02:09:40,632] Trial 901 finished with values: [10.767351821011026, 10.767351821011026] and parameters: {'k1': 0.03648456083047798, 'D_low': 148.21691630007544, 'k2': 0.00037358626308127543, 'D_high': 36998.679204890876, 'fire_exp': 1.9136159174067866, 'P_half': 51.10120656497163, 'pre_dampen_half': 30.456909077772018, 'gpp_af': 0.07118041471054574, 'gpp_b': 0.00031478066835753096, 'gpp_d': 545.0253444559129, 'ign_k': 0.012802983592904445, 'ign_c': 388.02797007866826, 'trop_agb_crit': 12.708819454040446, 'trop_k_veg': 2.724170387400844, 'fire_amp': 5.606809127618709}.
[I 2026-06-11 02:09:41,985] Trial 902 finished with values: [10.989536681761168, 10.989536681761168] and parameters: {'k1': 3.609310926766545e-05, 'D_low': 43.03411264066069, 'k2': 0.0007731571570012607, 'D_high': 16780.50857913099, 'fire_exp': 1.4848387260494937, 'P_half': 1.9423940721007245, 'pre_dampen_half': 170.71098124594695, 'gpp_af': 0.008117091133892173, 'gpp_b': 0.00807491410172472, 'gpp_d': 96.93415502195788, 'ign_k': 0.0029519227433917453, 'ign_c': 3.7623363852696734, 'trop_agb_crit': 12.647327018493208, 'trop_k_veg': 4.989748894578724, 'fire_amp': 3.211868494428654}.
[I 2026-06-11 02:09:43,447] Trial 903 finished with values: [10.769230768877819, 10.769230768877819] and parameters: {'k1': 0.012840669372724958, 'D_low': 171.2446447678494, 'k2': 0.00037358626308127543, 'D_high': 36998.679204890876, 'fire_exp': 1.9136159174067866, 'P_half': 93.43302657318476, 'pre_dampen_half': 0.022713477905714423, 'gpp_af': 0.0011495884087462723, 'gpp_b': 2.176805640408474e-05, 'gpp_d': 0.7698760608299932, 'ign_k': 0.17320535908244444, 'ign_c': 342.8810943862522, 'trop_agb_crit': 11.664190932505923, 'trop_k_veg': 2.520089655463604, 'fire_amp': 5.44779717154213}.
[I 2026-06-11 02:09:44,983] Trial 904 finished with values: [10.431314133282399, 10.431314133282399] and parameters: {'k1': 5.7909642338812115e-05, 'D_low': 1.7551403048208316, 'k2': 8.968733598183248e-05, 'D_high': 32311.521854410956, 'fire_exp': 1.2344878997299724, 'P_half': 1549.6599265816342, 'pre_dampen_half': 8.259599205585761, 'gpp_af': 0.2204465010099918, 'gpp_b': 0.00031478066835753096, 'gpp_d': 1.0088237648985734, 'ign_k': 0.012802983592904445, 'ign_c': 0.5232779509048977, 'trop_agb_crit': 12.708819454040446, 'trop_k_veg': 0.5183533149347164, 'fire_amp': 2.7806853670293616}.
