[I 2026-08-20 01:11:25,869] Trial 1888 finished with value: 0.4668402475123846 and parameters: {'k1': 0.05776598194526918, 'D_low': 10.896992004470324, 'k2': 3.630495998968045e-05, 'D_high': 151449.96553283068, 'fire_exp': 3.3838891464172636, 'P_half': 45.62200998872411, 'pre_dampen_half': 2.2856899733165474, 'gpp_af': 0.0029161241763176055, 'gpp_b': 3.49072123458344e-05, 'gpp_d': 81.11899217554718, 'ign_k': 9.480437196858439, 'ign_c': 3.251035187607123, 'trop_agb_crit': 7.858239047275699, 'trop_k_veg': 4.1808183427644, 'pop_amp': 0.005213938470590948, 'pop_peak': 1.1603656163072424, 'pop_sig': 1.2204164443411154}. Best is trial 1128 with value: -0.620386984093161.
[I 2026-08-20 01:11:28,172] Trial 1889 finished with value: 0.4372522769581977 and parameters: {'k1': 0.00027691375702372577, 'D_low': 3.2124308564558426, 'k2': 0.003043132771769578, 'D_high': 1676253.5396643928, 'fire_exp': 1.642099516823386, 'P_half': 42.797121128082516, 'pre_dampen_half': 2.014227228866651, 'gpp_af': 0.028778785837087425, 'gpp_b': 0.0015149610690388263, 'gpp_d': 4.533502428651106, 'ign_k': 0.6017078779793971, 'ign_c': 9.511637205206963, 'trop_agb_crit': 4.43217118544437, 'trop_k_veg': 5.55437285967139, 'pop_amp': 0.0037716411107832845, 'pop_peak': 1.589204345733748, 'pop_sig': 0.25935056411724294}. Best is trial 1128 with value: -0.620386984093161.
[I 2026-08-20 01:11:29,979] Trial 1890 finished with value: 0.5624168689369042 and parameters: {'k1': 3.469728470396271e-05, 'D_low': 31.480973088701326, 'k2': 0.053277953836756715, 'D_high': 4921514.932665567, 'fire_exp': 2.0116774334575864, 'P_half': 1255.6088171742624, 'pre_dampen_half': 2.6788413733354672, 'gpp_af': 0.03155041846602421, 'gpp_b': 0.00016556230604697787, 'gpp_d': 164.2490290689317, 'ign_k': 0.29123667798805813, 'ign_c': 6.6286108895122835, 'trop_agb_crit': 2.9402553203671697, 'trop_k_veg': 5.5800942940619205, 'pop_amp': 0.003025251024488027, 'pop_peak': 2.102681061252677, 'pop_sig': 0.5311064360509887}. Best is trial 1128 with value: -0.620386984093161.
[I 2026-08-20 01:11:31,787] Trial 1891 finished with value: 0.5462205919163903 and parameters: {'k1': 5.362396696033685e-05, 'D_low': 37.63874596162216, 'k2': 0.0017363633612259754, 'D_high': 6681428.8639724525, 'fire_exp': 1.6826584334578656, 'P_half': 54.07621920126797, 'pre_dampen_half': 2.5686029276714804, 'gpp_af': 0.016902959522728432, 'gpp_b': 0.0005537818219727479, 'gpp_d': 123.7930654077906, 'ign_k': 0.0018849201876131423, 'ign_c': 25.80636715482778, 'trop_agb_crit': 26.83491159656419, 'trop_k_veg': 2.1865223125741764, 'pop_amp': 1.1370492299935395, 'pop_peak': 225.10123907699284, 'pop_sig': 0.4263140627578463}. Best is trial 1128 with value: -0.620386984093161.
[I 2026-08-20 01:11:33,603] Trial 1892 finished with value: -0.5956879039902394 and parameters: {'k1': 0.0006370257977326501, 'D_low': 50.51763100379056, 'k2': 0.027354105523485734, 'D_high': 308749.87650261907, 'fire_exp': 1.4745305561132038, 'P_half': 45.63424940482609, 'pre_dampen_half': 2.5392496438543266, 'gpp_af': 0.006399206492056734, 'gpp_b': 8.762783420612768e-05, 'gpp_d': 843.8180798365415, 'ign_k': 1.2481607653252995, 'ign_c': 17.767821460887163, 'trop_agb_crit': 3.8253795862422697, 'trop_k_veg': 7.6888449336273785, 'pop_amp': 0.0017335355375259656, 'pop_peak': 8.113677492350929, 'pop_sig': 0.37868515208315223}. Best is trial 1128 with value: -0.620386984093161.
[I 2026-08-20 01:11:35,426] Trial 1893 finished with value: 0.5968842055286496 and parameters: {'k1': 2.3706718652135708e-05, 'D_low': 4.178456011697148, 'k2': 0.00437866663962567, 'D_high': 129662.70877951707, 'fire_exp': 1.1559219242764052, 'P_half': 2662.6720931948935, 'pre_dampen_half': 46.06021613940314, 'gpp_af': 0.0037633631337173614, 'gpp_b': 0.00011552925362353112, 'gpp_d': 12.656095961190406, 'ign_k': 0.0841176016475417, 'ign_c': 56.158652862300244, 'trop_agb_crit': 1.0525303165133364, 'trop_k_veg': 5.111595785473979, 'pop_amp': 0.0037642531172730727, 'pop_peak': 0.860437811515576, 'pop_sig': 0.25678495144806607}. Best is trial 1128 with value: -0.620386984093161.
[I 2026-08-20 01:11:37,234] Trial 1894 finished with value: 0.48620818308628055 and parameters: {'k1': 4.835111043880692e-05, 'D_low': 21.536042874684515, 'k2': 0.009849406511775873, 'D_high': 3486861.040459788, 'fire_exp': 1.4385449545150006, 'P_half': 3.5672798460378927, 'pre_dampen_half': 6.73751940872577, 'gpp_af': 0.012023050005763003, 'gpp_b': 0.002903700077468391, 'gpp_d': 226.85398917363497, 'ign_k': 1.0059079749727802, 'ign_c': 20.593940333177613, 'trop_agb_crit': 3.8867315349900697, 'trop_k_veg': 2.1635848014847605, 'pop_amp': 0.0010508199545516523, 'pop_peak': 5.3389907556528735, 'pop_sig': 0.5542660847755547}. Best is trial 1128 with value: -0.620386984093161.
[I 2026-08-20 01:11:39,040] Trial 1895 finished with value: 0.5860268281996104 and parameters: {'k1': 4.6548446438439685e-05, 'D_low': 7065.259228587675, 'k2': 0.0016649736689713064, 'D_high': 954793.6927261275, 'fire_exp': 2.375484055838702, 'P_half': 87.37276551089208, 'pre_dampen_half': 0.20026523287418357, 'gpp_af': 0.00818594942876459, 'gpp_b': 1.487268821296838, 'gpp_d': 0.6033683274831015, 'ign_k': 2.3954273780501207, 'ign_c': 0.5716784460610901, 'trop_agb_crit': 1.3750138534749867, 'trop_k_veg': 2.680897904502208, 'pop_amp': 11.94793367709619, 'pop_peak': 0.21150737616521909, 'pop_sig': 0.997953193919069}. Best is trial 1128 with value: -0.620386984093161.
[I 2026-08-20 01:11:40,821] Trial 1896 finished with value: 0.530866703363586 and parameters: {'k1': 0.0003045438199202753, 'D_low': 2.986326397118272, 'k2': 0.01838612804674641, 'D_high': 212601.43961027544, 'fire_exp': 4.310500300191364, 'P_half': 187.8931058727369, 'pre_dampen_half': 9.715200696656893, 'gpp_af': 0.0014904669952094092, 'gpp_b': 5.9513536225736155e-05, 'gpp_d': 29.10190339568697, 'ign_k': 0.42611150169081574, 'ign_c': 13.471690787709532, 'trop_agb_crit': 5.957814923930828, 'trop_k_veg': 6.733764109460604, 'pop_amp': 0.0013713871504077268, 'pop_peak': 3.781183802797867, 'pop_sig': 0.6211394041593943}. Best is trial 1128 with value: -0.620386984093161.
[I 2026-08-20 01:11:42,641] Trial 1897 finished with value: 0.46813848105230993 and parameters: {'k1': 0.004524563532642221, 'D_low': 1542.0457093756497, 'k2': 0.0010994517143526322, 'D_high': 2651192.0400863327, 'fire_exp': 4.280109216053128, 'P_half': 92.00753935632494, 'pre_dampen_half': 0.43137206263350136, 'gpp_af': 6.285983767213432, 'gpp_b': 0.0009163540036905656, 'gpp_d': 9.267022003478772, 'ign_k': 5.7837574314761175, 'ign_c': 0.5081528920171718, 'trop_agb_crit': 6.638412705003709, 'trop_k_veg': 3.0826794056432965, 'pop_amp': 1.794533834121165, 'pop_peak': 2.7470576342185193, 'pop_sig': 1.9310152232165863}. Best is trial 1128 with value: -0.620386984093161.
[I 2026-08-20 01:11:44,473] Trial 1898 finished with value: 0.5640443778165742 and parameters: {'k1': 0.0012310560612357109, 'D_low': 90.42139041344197, 'k2': 0.006378681893886476, 'D_high': 735647.9199510325, 'fire_exp': 5.323917033722125, 'P_half': 62.87391744604171, 'pre_dampen_half': 1.0736618430661644, 'gpp_af': 0.21820168242255156, 'gpp_b': 4.20848707689339e-05, 'gpp_d': 6.4228949534191155, 'ign_k': 1.083300586425138, 'ign_c': 0.3782076909032552, 'trop_agb_crit': 5.238787808144679, 'trop_k_veg': 2.9235640454198606, 'pop_amp': 14.106178307297267, 'pop_peak': 1.067662227821741, 'pop_sig': 1.466293746434612}. Best is trial 1128 with value: -0.620386984093161.
[I 2026-08-20 01:11:46,347] Trial 1899 finished with value: 0.6445374145881376 and parameters: {'k1': 0.0018342052699376649, 'D_low': 5.387561429848322, 'k2': 0.007822476044688276, 'D_high': 14897.665241052728, 'fire_exp': 1.9563940394786654, 'P_half': 20.70855847026642, 'pre_dampen_half': 189.6033759477277, 'gpp_af': 0.0015694523164075196, 'gpp_b': 0.0008914019991613651, 'gpp_d': 1.9615065775207219, 'ign_k': 3.6304212329845282, 'ign_c': 228.26521091668013, 'trop_agb_crit': 1.266956202563492, 'trop_k_veg': 7.9780471569714315, 'pop_amp': 0.003413418250883909, 'pop_peak': 0.3846116039379678, 'pop_sig': 0.3189329580140563}. Best is trial 1128 with value: -0.620386984093161.
[I 2026-08-20 01:11:48,154] Trial 1900 finished with value: 0.5947884548386211 and parameters: {'k1': 1.623289510986919e-05, 'D_low': 45473.644727839695, 'k2': 0.0042873581122803844, 'D_high': 17005.760962872755, 'fire_exp': 3.996156460628342, 'P_half': 2678.0474285965583, 'pre_dampen_half': 0.038330644850613625, 'gpp_af': 1.5242420800504486, 'gpp_b': 3.838934326392844, 'gpp_d': 2.5761221564181787, 'ign_k': 0.005986021682201782, 'ign_c': 0.1416735146089946, 'trop_agb_crit': 18.83585182313683, 'trop_k_veg': 6.853659281500374, 'pop_amp': 14.01580668903137, 'pop_peak': 2.466126407709659, 'pop_sig': 0.3870660823457918}. Best is trial 1128 with value: -0.620386984093161.
[I 2026-08-20 01:11:50,513] Trial 1901 finished with value: 0.44846713540024763 and parameters: {'k1': 3.9164170321335736e-05, 'D_low': 1.3309100892854124, 'k2': 0.009907561533752914, 'D_high': 97760.09604714815, 'fire_exp': 2.3443516903142942, 'P_half': 10.319806914986836, 'pre_dampen_half': 307.985076219284, 'gpp_af': 0.005377745300325436, 'gpp_b': 1.0194107429685678e-05, 'gpp_d': 0.837280991735385, 'ign_k': 0.3558778093592566, 'ign_c': 6.098656521436048, 'trop_agb_crit': 2.0589480674881995, 'trop_k_veg': 6.792486500195091, 'pop_amp': 0.004093589248978893, 'pop_peak': 111.4807465733058, 'pop_sig': 0.26426804561477935}. Best is trial 1128 with value: -0.620386984093161.
[I 2026-08-20 01:11:52,326] Trial 1902 finished with value: 0.6445374145881376 and parameters: {'k1': 0.0023936181865549075, 'D_low': 50.03011707317549, 'k2': 0.0026718923631045407, 'D_high': 1608187.0654315457, 'fire_exp': 1.643068312211334, 'P_half': 76.34772970938764, 'pre_dampen_half': 91.74989381901217, 'gpp_af': 0.007683897598534849, 'gpp_b': 0.0068498189554797, 'gpp_d': 49.36475605828622, 'ign_k': 1.6745167400788328, 'ign_c': 82.53721806705424, 'trop_agb_crit': 2.748116481227748, 'trop_k_veg': 7.327890704527124, 'pop_amp': 0.0014691090757661394, 'pop_peak': 0.250841699297564, 'pop_sig': 0.4320117296221447}. Best is trial 1128 with value: -0.620386984093161.
[I 2026-08-20 01:11:54,123] Trial 1903 finished with value: 0.49613456036733916 and parameters: {'k1': 0.0003465229205614624, 'D_low': 344.5410318304898, 'k2': 0.010396892177117716, 'D_high': 258502.21549803144, 'fire_exp': 1.5247862302393995, 'P_half': 39.49847458394867, 'pre_dampen_half': 2.650477597118164, 'gpp_af': 0.05278372878087819, 'gpp_b': 0.001167681323893154, 'gpp_d': 399.7969845217246, 'ign_k': 0.07917955940339712, 'ign_c': 17.41533121035491, 'trop_agb_crit': 3.9318040105236145, 'trop_k_veg': 7.352555211328056, 'pop_amp': 0.0012683825765129532, 'pop_peak': 64.18679419783462, 'pop_sig': 0.350367016019126}. Best is trial 1128 with value: -0.620386984093161.
[I 2026-08-20 01:11:55,970] Trial 1904 finished with value: 0.524866191737099 and parameters: {'k1': 0.005868397604658984, 'D_low': 56.369567043786574, 'k2': 0.009222023152048918, 'D_high': 4416149.143292455, 'fire_exp': 1.4191732889014321, 'P_half': 20.917922968177926, 'pre_dampen_half': 0.5632619199225313, 'gpp_af': 0.004597733412602288, 'gpp_b': 0.0011118974663762676, 'gpp_d': 70.31412088945457, 'ign_k': 3.068729508740428, 'ign_c': 22.03494781985796, 'trop_agb_crit': 4.797159811720608, 'trop_k_veg': 7.410692095233137, 'pop_amp': 0.004933198659852743, 'pop_peak': 4.640511558322995, 'pop_sig': 0.5500200966004842}. Best is trial 1128 with value: -0.620386984093161.
[I 2026-08-20 01:11:57,796] Trial 1905 finished with value: 0.5703228659584645 and parameters: {'k1': 0.0005720954454498826, 'D_low': 113.30585613049607, 'k2': 0.00016436490033609313, 'D_high': 477583.4389732309, 'fire_exp': 3.500737720993075, 'P_half': 146.42834814658, 'pre_dampen_half': 4.655745910889778, 'gpp_af': 0.010203307489499207, 'gpp_b': 0.003234251303628296, 'gpp_d': 369.62709923749117, 'ign_k': 0.05395865773543734, 'ign_c': 0.21220621646816915, 'trop_agb_crit': 9.039823689278162, 'trop_k_veg': 2.877590726553809, 'pop_amp': 0.6246719026212821, 'pop_peak': 5.723229920941594, 'pop_sig': 0.653241056762791}. Best is trial 1128 with value: -0.620386984093161.
[I 2026-08-20 01:11:59,635] Trial 1906 finished with value: 0.438343087055969 and parameters: {'k1': 0.0008174906324031037, 'D_low': 122.26305576745888, 'k2': 0.0737727794818207, 'D_high': 4265716.843716983, 'fire_exp': 2.0525612499165526, 'P_half': 6.099223456318446, 'pre_dampen_half': 3.4021630328413597, 'gpp_af': 38.94310236331695, 'gpp_b': 0.0025282727196530267, 'gpp_d': 935.5240591683906, 'ign_k': 0.006268278673159514, 'ign_c': 3.9601342931754866, 'trop_agb_crit': 8.00073695732456, 'trop_k_veg': 4.328917817183774, 'pop_amp': 1.6145622894002405, 'pop_peak': 10.667134438859906, 'pop_sig': 1.2568029419147007}. Best is trial 1128 with value: -0.620386984093161.
[I 2026-08-20 01:12:01,490] Trial 1907 finished with value: 0.6032529102151147 and parameters: {'k1': 0.0006086828168891109, 'D_low': 56.80395127787655, 'k2': 0.00032419171451103117, 'D_high': 9645565.59368667, 'fire_exp': 2.461116444519754, 'P_half': 2593.992033410819, 'pre_dampen_half': 99.74121669153999, 'gpp_af': 0.10961248985823469, 'gpp_b': 4.366515495749203e-05, 'gpp_d': 63.24046217986337, 'ign_k': 0.05978235882176784, 'ign_c': 116.22824617407649, 'trop_agb_crit': 4.511679476218126, 'trop_k_veg': 5.910112904335393, 'pop_amp': 0.6365526706682554, 'pop_peak': 4.486068526920786, 'pop_sig': 0.3624561343848746}. Best is trial 1128 with value: -0.620386984093161.
[I 2026-08-20 01:12:03,312] Trial 1908 finished with value: 0.5428425740038153 and parameters: {'k1': 0.0006175242956690625, 'D_low': 1520.0990198877057, 'k2': 0.012284662027921743, 'D_high': 409597.63125396165, 'fire_exp': 1.8726662343287293, 'P_half': 4.452396707259754, 'pre_dampen_half': 0.03744178166350846, 'gpp_af': 0.14625725228178946, 'gpp_b': 0.06703853270378408, 'gpp_d': 737.1376198951345, 'ign_k': 0.002042413780974612, 'ign_c': 0.2789473087689403, 'trop_agb_crit': 12.64303970040813, 'trop_k_veg': 5.758929510587114, 'pop_amp': 8.145315341932195, 'pop_peak': 345.4493725223171, 'pop_sig': 2.301588817962345}. Best is trial 1128 with value: -0.620386984093161.
[I 2026-08-20 01:12:05,210] Trial 1909 finished with value: 0.4583422555543286 and parameters: {'k1': 0.0004916997879399212, 'D_low': 32.83593834370273, 'k2': 0.022387940234992083, 'D_high': 1493558.2791602816, 'fire_exp': 1.5677866272675265, 'P_half': 2.503238011552039, 'pre_dampen_half': 27.185660775120013, 'gpp_af': 0.0010277035574044937, 'gpp_b': 0.0007292929715857411, 'gpp_d': 170.831775587849, 'ign_k': 1.952326525087157, 'ign_c': 1.1775107301535472, 'trop_agb_crit': 17.912395188665222, 'trop_k_veg': 5.775770174853499, 'pop_amp': 0.0016491363058228144, 'pop_peak': 0.914196277286425, 'pop_sig': 0.31797167420968453}. Best is trial 1128 with value: -0.620386984093161.
[I 2026-08-20 01:12:07,102] Trial 1910 finished with value: 0.657520147008303 and parameters: {'k1': 0.0001988341585649006, 'D_low': 66.18523162295232, 'k2': 0.020311345299819268, 'D_high': 229182.20427006346, 'fire_exp': 1.2649586644864357, 'P_half': 21.350227880636545, 'pre_dampen_half': 1.5914026518410795, 'gpp_af': 0.022678353171711744, 'gpp_b': 0.0001870325750428933, 'gpp_d': 185.7204458941011, 'ign_k': 2.3903543419025874, 'ign_c': 42.74750972173815, 'trop_agb_crit': 1.943968498161071, 'trop_k_veg': 4.240381202801092, 'pop_amp': 0.0013067016447887514, 'pop_peak': 1.8164181040182585, 'pop_sig': 0.643805055985223}. Best is trial 1128 with value: -0.620386984093161.
[I 2026-08-20 01:12:08,937] Trial 1911 finished with value: 0.5468149152096646 and parameters: {'k1': 0.0003410576210956603, 'D_low': 3.939531982597393, 'k2': 0.0003578098900609193, 'D_high': 9354387.712900897, 'fire_exp': 1.56632204298652, 'P_half': 45.712463414123384, 'pre_dampen_half': 0.14415416621456056, 'gpp_af': 0.0028285820162049207, 'gpp_b': 2.984710990154925e-05, 'gpp_d': 181.884545316408, 'ign_k': 0.27636031264771443, 'ign_c': 22.91435543325936, 'trop_agb_crit': 3.9744954918138284, 'trop_k_veg': 6.443548987912241, 'pop_amp': 0.0017876486917722475, 'pop_peak': 1.6132127591160286, 'pop_sig': 0.7579882646810663}. Best is trial 1128 with value: -0.620386984093161.
[I 2026-08-20 01:12:11,263] Trial 1912 finished with value: 0.6445374145881376 and parameters: {'k1': 0.0009275413506502565, 'D_low': 14208.18640312534, 'k2': 0.04977561293210735, 'D_high': 29679.9755806581, 'fire_exp': 1.9982009594693315, 'P_half': 98.25972898743036, 'pre_dampen_half': 16.289210325305152, 'gpp_af': 0.0031945163471650564, 'gpp_b': 0.00015186295909631848, 'gpp_d': 174.14651279691427, 'ign_k': 1.3378779757720844, 'ign_c': 65.07440609155856, 'trop_agb_crit': 5.724811647767019, 'trop_k_veg': 4.90199849283031, 'pop_amp': 0.03238398800672858, 'pop_peak': 0.6030568880766173, 'pop_sig': 0.3091863273655339}. Best is trial 1128 with value: -0.620386984093161.
[I 2026-08-20 01:12:13,166] Trial 1913 finished with value: 0.5783188736778317 and parameters: {'k1': 0.00382668102024143, 'D_low': 2274.6517779382116, 'k2': 0.0038174123551082723, 'D_high': 5470124.094160926, 'fire_exp': 2.284703082659483, 'P_half': 9339.038513299462, 'pre_dampen_half': 76.00651037466346, 'gpp_af': 0.07532612626763252, 'gpp_b': 0.002509989547761277, 'gpp_d': 649.2604348464491, 'ign_k': 0.04055478450277467, 'ign_c': 0.13754007694165304, 'trop_agb_crit': 15.87918906348778, 'trop_k_veg': 4.645202551952835, 'pop_amp': 19.382383309678474, 'pop_peak': 0.8854086071291108, 'pop_sig': 1.9432089099958365}. Best is trial 1128 with value: -0.620386984093161.
[I 2026-08-20 01:12:15,012] Trial 1914 finished with value: 0.4932226098374889 and parameters: {'k1': 0.09056441882928645, 'D_low': 2.321941337280646, 'k2': 0.00014287073604111683, 'D_high': 922630.3967900645, 'fire_exp': 1.072351006915794, 'P_half': 8.02137577429256, 'pre_dampen_half': 40.498595951080084, 'gpp_af': 0.00392908318802028, 'gpp_b': 0.00010107934373143168, 'gpp_d': 46.01652891236276, 'ign_k': 2.966677080730062, 'ign_c': 6.287231577483857, 'trop_agb_crit': 5.087510118462378, 'trop_k_veg': 5.935474472005215, 'pop_amp': 0.001061373259882689, 'pop_peak': 0.3162471641166879, 'pop_sig': 0.7775918261414045}. Best is trial 1128 with value: -0.620386984093161.
[I 2026-08-20 01:12:16,997] Trial 1915 finished with value: 0.593111601091928 and parameters: {'k1': 5.071888743199413e-05, 'D_low': 3.9413575173744464, 'k2': 0.002626014415352959, 'D_high': 36223.86426534624, 'fire_exp': 2.659894684650679, 'P_half': 65.10792587076214, 'pre_dampen_half': 13.438651986285016, 'gpp_af': 0.0014126488252539683, 'gpp_b': 0.0018929605150367803, 'gpp_d': 9.425049267006777, 'ign_k': 0.6043817325789635, 'ign_c': 1.2666476438296177, 'trop_agb_crit': 4.0590475575510165, 'trop_k_veg': 5.334720895592512, 'pop_amp': 0.0011410932682571753, 'pop_peak': 0.08143205109907226, 'pop_sig': 0.28110591236496785}. Best is trial 1128 with value: -0.620386984093161.
[I 2026-08-20 01:12:19,194] Trial 1916 finished with value: 0.4871945865341726 and parameters: {'k1': 0.00016253579194179125, 'D_low': 2.9365633506520425, 'k2': 0.06793903862480292, 'D_high': 6370908.9575645365, 'fire_exp': 1.4411375165370646, 'P_half': 83.9933361178886, 'pre_dampen_half': 0.2506736336890608, 'gpp_af': 0.02013708467639408, 'gpp_b': 0.0001558987698957847, 'gpp_d': 25.20285038155951, 'ign_k': 4.050888419247008, 'ign_c': 13.192583451604596, 'trop_agb_crit': 4.092614948093411, 'trop_k_veg': 5.48917495304947, 'pop_amp': 0.014376073905252062, 'pop_peak': 46.132488583605095, 'pop_sig': 0.34011989123003916}. Best is trial 1128 with value: -0.620386984093161.
[I 2026-08-20 01:12:21,076] Trial 1917 finished with value: 0.592491672484083 and parameters: {'k1': 0.0024093590987555305, 'D_low': 15.22975638612999, 'k2': 0.0036388963009507014, 'D_high': 7129.016442548577, 'fire_exp': 2.135004920699272, 'P_half': 426.08146458371675, 'pre_dampen_half': 0.13475940629879868, 'gpp_af': 0.08791490865565998, 'gpp_b': 5.26408630981563e-05, 'gpp_d': 38.33167887038617, 'ign_k': 1.8350816301159463, 'ign_c': 5.450561296789968, 'trop_agb_crit': 4.995254284785451, 'trop_k_veg': 4.753158325429445, 'pop_amp': 0.001422600959967347, 'pop_peak': 16.96621639361525, 'pop_sig': 0.35607802339911576}. Best is trial 1128 with value: -0.620386984093161.
[I 2026-08-20 01:12:23,427] Trial 1918 finished with value: -0.5458370078699485 and parameters: {'k1': 9.079505427929487e-05, 'D_low': 11.4135464236328, 'k2': 0.002906463717863949, 'D_high': 2507233.7146426085, 'fire_exp': 1.987483160091517, 'P_half': 38.576144228469, 'pre_dampen_half': 39.914946853533586, 'gpp_af': 0.001678764274698306, 'gpp_b': 0.0003720636333285056, 'gpp_d': 8.88305659786595, 'ign_k': 7.866193646106219, 'ign_c': 5.86210155232045, 'trop_agb_crit': 1.5701789919252356, 'trop_k_veg': 3.9512730417034523, 'pop_amp': 0.010857995222382738, 'pop_peak': 5.46967737181823, 'pop_sig': 0.27414002657274156}. Best is trial 1128 with value: -0.620386984093161.
[I 2026-08-20 01:12:26,463] Trial 1919 finished with value: 0.6445374145881376 and parameters: {'k1': 0.00048715984220035284, 'D_low': 5.195876948190753, 'k2': 0.005895915916947756, 'D_high': 71143.67359805667, 'fire_exp': 1.5741268168310238, 'P_half': 36.16461145083147, 'pre_dampen_half': 0.05321735578095978, 'gpp_af': 0.005333780211444865, 'gpp_b': 2.0999084742610807e-05, 'gpp_d': 133.6593181672998, 'ign_k': 0.20008675363153988, 'ign_c': 156.66482645795267, 'trop_agb_crit': 4.968290942421136, 'trop_k_veg': 6.1178355560240085, 'pop_amp': 0.003897060602947116, 'pop_peak': 47.92130751342948, 'pop_sig': 0.26281836306087064}. Best is trial 1128 with value: -0.620386984093161.
