[I 2026-07-22 18:42:31,898] Trial 104 finished with values: [10.768707636980777, 10.768707636980777] and parameters: {'k1': 0.0029707920514735983, 'D_low': 4.043300846639722, 'k2': 2.1698375693549493e-05, 'D_high': 160625.60954780428, 'fire_exp': 5.464901034480522, 'P_half': 3910.3637457741784, 'pre_dampen_half': 33.97904243111269, 'gpp_af': 0.008983355849178878, 'gpp_b': 1.6569065206637924e-05, 'gpp_d': 2.2926339830965645, 'ign_k': 0.18170401889219115, 'ign_c': 0.1831616544393274, 'trop_agb_crit': 13.98132484257899, 'trop_k_veg': 1.7570501127699656, 'fuel_k': 0.046063721952885314, 'fuel_half': 18.202647368248815}.
[I 2026-07-22 18:42:32,311] Trial 105 finished with values: [10.76923076903347, 10.76923076903347] and parameters: {'k1': 9.969469187531805e-05, 'D_low': 864.0717009254879, 'k2': 7.67074891445376e-05, 'D_high': 8433503.858791472, 'fire_exp': 8.26634592587193, 'P_half': 3.525936800597896, 'pre_dampen_half': 563.8801013171918, 'gpp_af': 42.29037995744429, 'gpp_b': 4.600919967107135e-05, 'gpp_d': 6.91394869865762, 'ign_k': 3.1030112026960968, 'ign_c': 84.89840783024053, 'trop_agb_crit': 10.719494362768906, 'trop_k_veg': 1.140286245977296, 'fuel_k': 0.838009618357212, 'fuel_half': 35.28474268656372}.
[I 2026-07-22 18:42:32,725] Trial 106 finished with values: [10.76923076903347, 10.76923076903347] and parameters: {'k1': 6.069662445477729e-05, 'D_low': 2.607160725470918, 'k2': 2.5299503921303695e-05, 'D_high': 12.862664853393753, 'fire_exp': 2.26267489175816, 'P_half': 539.5442811888478, 'pre_dampen_half': 0.022695682239207024, 'gpp_af': 0.03934396739328546, 'gpp_b': 1.172875368591911, 'gpp_d': 0.01307253094873642, 'ign_k': 1.810814362107967, 'ign_c': 1.3409701145872435, 'trop_agb_crit': 1.4946647023314867, 'trop_k_veg': 3.4508425771776365, 'fuel_k': 0.5588539902953052, 'fuel_half': 42.89592532297351}.
[I 2026-07-22 18:42:33,137] Trial 107 finished with values: [10.76923076903347, 10.76923076903347] and parameters: {'k1': 0.003242143344038315, 'D_low': 102.19595065529477, 'k2': 0.00013894673469237216, 'D_high': 528.9735416643111, 'fire_exp': 4.169392260794133, 'P_half': 7126.727573532312, 'pre_dampen_half': 294.75617712568373, 'gpp_af': 8.769726637617675, 'gpp_b': 8.129227514069975e-05, 'gpp_d': 285.57196407381804, 'ign_k': 0.12906379659404604, 'ign_c': 937.2580613581177, 'trop_agb_crit': 1.1208086449693282, 'trop_k_veg': 2.3220791324604515, 'fuel_k': 1.312881567992459, 'fuel_half': 42.6871254378718}.
[I 2026-07-22 18:42:33,550] Trial 108 finished with values: [10.732377447083705, 10.732377447083705] and parameters: {'k1': 0.0029707920514735983, 'D_low': 13.25142220631392, 'k2': 2.1698375693549493e-05, 'D_high': 160625.60954780428, 'fire_exp': 3.2181803496180783, 'P_half': 9.324787201197319, 'pre_dampen_half': 0.03751320096826995, 'gpp_af': 1.1300566419249867, 'gpp_b': 0.0005995821881487623, 'gpp_d': 857.4284557962626, 'ign_k': 0.03141110271934876, 'ign_c': 8.405439129313676, 'trop_agb_crit': 15.870971677383487, 'trop_k_veg': 6.911478238001162, 'fuel_k': 0.08612665817296865, 'fuel_half': 18.202647368248815}.
[I 2026-07-22 18:42:33,956] Trial 109 finished with values: [10.757522315806625, 10.757522315806625] and parameters: {'k1': 0.0023179376139410863, 'D_low': 247.75146043208053, 'k2': 1.6559474674046002e-05, 'D_high': 26587.030147082678, 'fire_exp': 2.2703704516008885, 'P_half': 1.0435856341129002, 'pre_dampen_half': 10.687450020671585, 'gpp_af': 0.015350904103515228, 'gpp_b': 0.016763844265536048, 'gpp_d': 0.05811599743439243, 'ign_k': 0.024287565087611766, 'ign_c': 0.4392638796750216, 'trop_agb_crit': 1.886175574962432, 'trop_k_veg': 1.1021959069423406, 'fuel_k': 0.04207132303652083, 'fuel_half': 2.276766792290519}.
[I 2026-07-22 18:42:34,369] Trial 110 finished with values: [10.713097164365394, 10.713097164365394] and parameters: {'k1': 0.002968335334246999, 'D_low': 140.92119204434155, 'k2': 2.8459703343413838e-05, 'D_high': 107013.64911724928, 'fire_exp': 1.7124099831271415, 'P_half': 2193.8654178115053, 'pre_dampen_half': 3.9885726374014694, 'gpp_af': 18.235072804314193, 'gpp_b': 1.7565109007473816e-05, 'gpp_d': 9.00460602264307, 'ign_k': 0.5131654955148324, 'ign_c': 4.1108484350212295, 'trop_agb_crit': 5.707205898008383, 'trop_k_veg': 0.5415365826598848, 'fuel_k': 0.6199941538390381, 'fuel_half': 7.259866824755671}.
[I 2026-07-22 18:42:34,778] Trial 111 finished with values: [10.769230764133539, 10.769230764133539] and parameters: {'k1': 0.011966626407443505, 'D_low': 29.10300676616922, 'k2': 0.0001971137615017176, 'D_high': 3569.592428042591, 'fire_exp': 7.7991371065266675, 'P_half': 334.62201030483817, 'pre_dampen_half': 0.03751320096826995, 'gpp_af': 1.1300566419249867, 'gpp_b': 0.02893498807797731, 'gpp_d': 8.057329182285729, 'ign_k': 0.006039096247545781, 'ign_c': 77.59048401667629, 'trop_agb_crit': 6.119263728555865, 'trop_k_veg': 0.5772603928610088, 'fuel_k': 0.6211831489538813, 'fuel_half': 0.33988503110784557}.
[I 2026-07-22 18:42:35,197] Trial 112 finished with values: [10.733055836250427, 10.733055836250427] and parameters: {'k1': 2.0937989739527727e-05, 'D_low': 150.83210025074274, 'k2': 0.0004381141781653137, 'D_high': 7839199.220074049, 'fire_exp': 1.2943117749495199, 'P_half': 8832.039346746853, 'pre_dampen_half': 10.687450020671585, 'gpp_af': 0.015350904103515228, 'gpp_b': 4.0803257466853524e-05, 'gpp_d': 0.19476644406315285, 'ign_k': 0.0048255892187380085, 'ign_c': 47.268615251255675, 'trop_agb_crit': 1.886175574962432, 'trop_k_veg': 2.3408809609838257, 'fuel_k': 0.3872812826465556, 'fuel_half': 49.011305842597835}.
[I 2026-07-22 18:42:35,605] Trial 113 finished with values: [10.74353247957623, 10.74353247957623] and parameters: {'k1': 0.0003199177539819797, 'D_low': 3.169598846855015, 'k2': 0.07799059237255677, 'D_high': 2283.4228779494524, 'fire_exp': 2.655962930461066, 'P_half': 334.62201030483817, 'pre_dampen_half': 94.20121790275627, 'gpp_af': 0.3259758793317361, 'gpp_b': 1.1698276136056565e-05, 'gpp_d': 2.2044650100999164, 'ign_k': 0.006039096247545781, 'ign_c': 77.59048401667629, 'trop_agb_crit': 1.4914219038863046, 'trop_k_veg': 3.024803048559367, 'fuel_k': 0.6211831489538813, 'fuel_half': 0.33988503110784557}.
[I 2026-07-22 18:42:36,017] Trial 114 finished with values: [10.763153297575371, 10.763153297575371] and parameters: {'k1': 0.011966626407443505, 'D_low': 1.7887890916820506, 'k2': 0.0001971137615017176, 'D_high': 316055.11434645456, 'fire_exp': 1.6214575867079866, 'P_half': 3910.3637457741784, 'pre_dampen_half': 0.10609580257119508, 'gpp_af': 0.008983355849178878, 'gpp_b': 1.6569065206637924e-05, 'gpp_d': 0.012284844784580964, 'ign_k': 0.004144296901136395, 'ign_c': 0.1831616544393274, 'trop_agb_crit': 13.98132484257899, 'trop_k_veg': 1.7570501127699656, 'fuel_k': 0.08612665817296865, 'fuel_half': 2.1003334103218068}.
[I 2026-07-22 18:42:36,427] Trial 115 finished with values: [10.76923076903347, 10.76923076903347] and parameters: {'k1': 0.0058043147174140705, 'D_low': 529141.0588169728, 'k2': 0.05583672722754823, 'D_high': 1663.2295851843426, 'fire_exp': 1.0362310858538248, 'P_half': 5167.425813322413, 'pre_dampen_half': 868.1843415114095, 'gpp_af': 68.11991466118579, 'gpp_b': 6.0495053137151995, 'gpp_d': 19.948958651882567, 'ign_k': 0.015058980408366392, 'ign_c': 16.626592254031866, 'trop_agb_crit': 6.058402553512053, 'trop_k_veg': 0.977663002683211, 'fuel_k': 0.029571713239325698, 'fuel_half': 4.681702225035901}.
[I 2026-07-22 18:42:36,849] Trial 116 finished with values: [10.76923076903347, 10.76923076903347] and parameters: {'k1': 0.0293960700973915, 'D_low': 301608.31845055183, 'k2': 0.0011101191524846067, 'D_high': 10211.693428871276, 'fire_exp': 6.284853792838699, 'P_half': 397.9749374103113, 'pre_dampen_half': 32.34702813589569, 'gpp_af': 9.527157550070955, 'gpp_b': 2.1879230865774315, 'gpp_d': 0.4897515106470031, 'ign_k': 0.03179302199939539, 'ign_c': 0.23764449553865352, 'trop_agb_crit': 4.284230099058087, 'trop_k_veg': 0.5523938241293617, 'fuel_k': 0.19656297483673962, 'fuel_half': 4.245549454254903}.
[I 2026-07-22 18:42:37,265] Trial 117 finished with values: [10.7661985846079, 10.7661985846079] and parameters: {'k1': 6.693990428538841e-05, 'D_low': 1.1640589436768796, 'k2': 3.5281132746849994e-05, 'D_high': 2512533.442757688, 'fire_exp': 7.479801584594695, 'P_half': 245.27450543222417, 'pre_dampen_half': 10.059683154936915, 'gpp_af': 2.114381609520638, 'gpp_b': 0.002022832315155261, 'gpp_d': 25.017068255320467, 'ign_k': 0.04732407125181112, 'ign_c': 3.4084279109230433, 'trop_agb_crit': 5.841230872704112, 'trop_k_veg': 0.5695379443977426, 'fuel_k': 0.028970790717327534, 'fuel_half': 16.371966573507315}.
[I 2026-07-22 18:42:37,679] Trial 118 finished with values: [10.76923076903347, 10.76923076903347] and parameters: {'k1': 8.400384914559786e-05, 'D_low': 10748.712866171665, 'k2': 1.1990634114955788e-05, 'D_high': 42.135824057097246, 'fire_exp': 7.7991371065266675, 'P_half': 5.178197947282869, 'pre_dampen_half': 94.20121790275627, 'gpp_af': 0.3259758793317361, 'gpp_b': 0.02893498807797731, 'gpp_d': 2.901272149738622, 'ign_k': 0.7745825831079145, 'ign_c': 264.7194625525936, 'trop_agb_crit': 2.598572417333811, 'trop_k_veg': 0.5348713617837559, 'fuel_k': 0.7178629801075029, 'fuel_half': 0.41205281577215547}.
[I 2026-07-22 18:42:38,100] Trial 119 finished with values: [10.76923076903347, 10.76923076903347] and parameters: {'k1': 0.0067445742055710165, 'D_low': 19389.89852278267, 'k2': 0.004373100990516265, 'D_high': 43680.76927942614, 'fire_exp': 9.012915111444606, 'P_half': 894.5150807271528, 'pre_dampen_half': 469.71569713904756, 'gpp_af': 42.44656636175246, 'gpp_b': 0.0032930655419269924, 'gpp_d': 0.173242701549491, 'ign_k': 0.026539376439360548, 'ign_c': 107.49405395173397, 'trop_agb_crit': 1.5280652380617874, 'trop_k_veg': 6.423535314325734, 'fuel_k': 0.013421538374693755, 'fuel_half': 0.13249100882689224}.
[I 2026-07-22 18:42:38,516] Trial 120 finished with values: [10.76923076903347, 10.76923076903347] and parameters: {'k1': 0.00023352156626184448, 'D_low': 4158.269729781509, 'k2': 9.580682294110428e-05, 'D_high': 1198708.9568039482, 'fire_exp': 1.9439887028475722, 'P_half': 38.82837025280678, 'pre_dampen_half': 96.93415502195796, 'gpp_af': 0.005618069878716736, 'gpp_b': 0.02502809770894037, 'gpp_d': 2.4002253099641138, 'ign_k': 0.7588328899786276, 'ign_c': 558.880500599197, 'trop_agb_crit': 10.593659188108404, 'trop_k_veg': 0.907369149674874, 'fuel_k': 0.0500651901928747, 'fuel_half': 1.0891507139853283}.
[I 2026-07-22 18:42:38,920] Trial 121 finished with values: [10.76923076903347, 10.76923076903347] and parameters: {'k1': 1.0477226564098276e-05, 'D_low': 9.222492453004657, 'k2': 0.0009670857606743155, 'D_high': 38111.592260788166, 'fire_exp': 4.487053621524983, 'P_half': 1212.4080603355412, 'pre_dampen_half': 0.03411860497758073, 'gpp_af': 0.0023751383317256927, 'gpp_b': 0.23395511097933294, 'gpp_d': 3.0023172465753087, 'ign_k': 0.3967633935744862, 'ign_c': 0.7464754881442117, 'trop_agb_crit': 2.3118820898020997, 'trop_k_veg': 2.417028380770307, 'fuel_k': 1.663022877763097, 'fuel_half': 12.136386887218588}.
[I 2026-07-22 18:42:39,333] Trial 122 finished with values: [10.76923076891621, 10.76923076891621] and parameters: {'k1': 0.0024005553432620355, 'D_low': 70586.60227368641, 'k2': 0.0034167643418329683, 'D_high': 1693415.5410667954, 'fire_exp': 2.1589564941849333, 'P_half': 1212.4080603355412, 'pre_dampen_half': 0.03411860497758073, 'gpp_af': 0.0023751383317256927, 'gpp_b': 0.6992636148959314, 'gpp_d': 302.3127748796295, 'ign_k': 0.018707420137660268, 'ign_c': 5.48667649881606, 'trop_agb_crit': 2.3118820898020997, 'trop_k_veg': 4.844706510617516, 'fuel_k': 1.8731335591844647, 'fuel_half': 12.136386887218588}.
[I 2026-07-22 18:42:39,744] Trial 123 finished with values: [10.76923076903347, 10.76923076903347] and parameters: {'k1': 9.969469187531805e-05, 'D_low': 1403.0344584930538, 'k2': 0.06307318118491735, 'D_high': 8433503.858791472, 'fire_exp': 1.2943117749495199, 'P_half': 39.03214299767183, 'pre_dampen_half': 703.6426675556041, 'gpp_af': 21.25864743764987, 'gpp_b': 0.7987896438549943, 'gpp_d': 0.19476644406315285, 'ign_k': 1.397590878948223, 'ign_c': 47.268615251255675, 'trop_agb_crit': 23.59397023337466, 'trop_k_veg': 2.3408809609838257, 'fuel_k': 3.6992394681929355, 'fuel_half': 0.6917310667555202}.
[I 2026-07-22 18:42:40,154] Trial 124 finished with values: [10.76923076903347, 10.76923076903347] and parameters: {'k1': 0.0012329098365270509, 'D_low': 367.4904945305323, 'k2': 0.07799059237255677, 'D_high': 2283.4228779494524, 'fire_exp': 7.7991371065266675, 'P_half': 351.2704726270846, 'pre_dampen_half': 94.20121790275627, 'gpp_af': 0.3259758793317361, 'gpp_b': 0.02893498807797731, 'gpp_d': 0.17638479543546873, 'ign_k': 0.006039096247545781, 'ign_c': 105.24574681335622, 'trop_agb_crit': 2.598572417333811, 'trop_k_veg': 0.6189606672462583, 'fuel_k': 0.06382243375381637, 'fuel_half': 0.30455368715396786}.
[I 2026-07-22 18:42:40,562] Trial 125 finished with values: [10.434013352306383, 10.434013352306383] and parameters: {'k1': 2.27847364377152e-05, 'D_low': 6220.638781359816, 'k2': 0.001566517163094646, 'D_high': 16392.60991832772, 'fire_exp': 1.2310899049053081, 'P_half': 7.890004262668578, 'pre_dampen_half': 0.4016986062226068, 'gpp_af': 0.12243451886824051, 'gpp_b': 1.7565109007473816e-05, 'gpp_d': 9.00460602264307, 'ign_k': 3.284529979576942, 'ign_c': 0.11650681118986138, 'trop_agb_crit': 9.362115196011851, 'trop_k_veg': 2.417028380770307, 'fuel_k': 0.018207179480706392, 'fuel_half': 0.3335026483569958}.
[I 2026-07-22 18:42:40,989] Trial 126 finished with values: [10.76923076903347, 10.76923076903347] and parameters: {'k1': 6.069662445477729e-05, 'D_low': 177.51026696160926, 'k2': 0.00013894673469237216, 'D_high': 1627776.4805093466, 'fire_exp': 1.6733848721157607, 'P_half': 7126.727573532312, 'pre_dampen_half': 0.022695682239207024, 'gpp_af': 70.695884676536, 'gpp_b': 1.815346247026201e-05, 'gpp_d': 0.01307253094873642, 'ign_k': 0.12906379659404604, 'ign_c': 937.2580613581177, 'trop_agb_crit': 1.4946647023314867, 'trop_k_veg': 2.3220791324604515, 'fuel_k': 0.5588539902953052, 'fuel_half': 42.89592532297351}.
[I 2026-07-22 18:42:41,402] Trial 127 finished with values: [10.744293827834845, 10.744293827834845] and parameters: {'k1': 0.00023352156626184448, 'D_low': 247.75146043208053, 'k2': 1.6559474674046002e-05, 'D_high': 1026.0852623190942, 'fire_exp': 1.3411849220480432, 'P_half': 38.82837025280678, 'pre_dampen_half': 0.46504594134732663, 'gpp_af': 0.005618069878716736, 'gpp_b': 0.016763844265536048, 'gpp_d': 397.44595568350155, 'ign_k': 0.7588328899786276, 'ign_c': 2.4423775964038934, 'trop_agb_crit': 12.285102065067687, 'trop_k_veg': 1.7518409078083697, 'fuel_k': 0.0500651901928747, 'fuel_half': 2.276766792290519}.
[I 2026-07-22 18:42:41,809] Trial 128 finished with values: [10.76923076903347, 10.76923076903347] and parameters: {'k1': 0.0015736446109772138, 'D_low': 19389.89852278267, 'k2': 0.004373100990516265, 'D_high': 478.193184148526, 'fire_exp': 1.075051292556307, 'P_half': 894.5150807271528, 'pre_dampen_half': 0.37306104754535907, 'gpp_af': 0.349022524783825, 'gpp_b': 2.7886810374231183, 'gpp_d': 0.173242701549491, 'ign_k': 0.026539376439360548, 'ign_c': 107.49405395173397, 'trop_agb_crit': 2.1775224101934065, 'trop_k_veg': 0.6189606672462583, 'fuel_k': 0.013421538374693755, 'fuel_half': 0.30455368715396786}.
[I 2026-07-22 18:42:42,227] Trial 129 finished with values: [10.691914421510733, 10.691914421510733] and parameters: {'k1': 0.0058043147174140705, 'D_low': 247.75146043208053, 'k2': 1.6559474674046002e-05, 'D_high': 66.8537333582894, 'fire_exp': 2.2703704516008885, 'P_half': 2.843767489444367, 'pre_dampen_half': 420.2116526335304, 'gpp_af': 24.361092841799906, 'gpp_b': 0.0003528984625415794, 'gpp_d': 0.05811599743439243, 'ign_k': 1.8573288333114872, 'ign_c': 0.4392638796750216, 'trop_agb_crit': 24.85900548334648, 'trop_k_veg': 0.977663002683211, 'fuel_k': 0.04207132303652083, 'fuel_half': 49.16400722913764}.
[I 2026-07-22 18:42:42,638] Trial 130 finished with values: [10.769230762889825, 10.769230762889825] and parameters: {'k1': 0.00013649087666416944, 'D_low': 70586.60227368641, 'k2': 0.0007406380926311093, 'D_high': 1693415.5410667954, 'fire_exp': 6.363148766597142, 'P_half': 8832.039346746853, 'pre_dampen_half': 290.26521418263894, 'gpp_af': 0.015350904103515228, 'gpp_b': 4.0803257466853524e-05, 'gpp_d': 302.3127748796295, 'ign_k': 0.02847858516856297, 'ign_c': 0.2755546207779662, 'trop_agb_crit': 2.171140223187998, 'trop_k_veg': 1.6340262437673856, 'fuel_k': 0.030315034760496764, 'fuel_half': 49.011305842597835}.
[I 2026-07-22 18:42:43,050] Trial 131 finished with values: [10.769007827569556, 10.769007827569556] and parameters: {'k1': 0.00029589152820953097, 'D_low': 6220.638781359816, 'k2': 0.0034207303670092245, 'D_high': 16392.60991832772, 'fire_exp': 4.105928564731521, 'P_half': 894.5150807271528, 'pre_dampen_half': 0.0684178985066717, 'gpp_af': 1.1444682032324742, 'gpp_b': 0.0032930655419269924, 'gpp_d': 0.173242701549491, 'ign_k': 3.210808548911192, 'ign_c': 0.11650681118986138, 'trop_agb_crit': 5.707205898008383, 'trop_k_veg': 7.806492615881168, 'fuel_k': 0.6199941538390381, 'fuel_half': 0.13249100882689224}.
[I 2026-07-22 18:42:43,459] Trial 132 finished with values: [10.769195528752094, 10.769195528752094] and parameters: {'k1': 0.0023179376139410863, 'D_low': 247.75146043208053, 'k2': 1.6559474674046002e-05, 'D_high': 1026.0852623190942, 'fire_exp': 6.351165774567037, 'P_half': 1.0435856341129002, 'pre_dampen_half': 0.46504594134732663, 'gpp_af': 0.09791370130598968, 'gpp_b': 0.016763844265536048, 'gpp_d': 397.44595568350155, 'ign_k': 0.024287565087611766, 'ign_c': 2.4423775964038934, 'trop_agb_crit': 12.285102065067687, 'trop_k_veg': 1.7518409078083697, 'fuel_k': 0.04401685680909188, 'fuel_half': 2.276766792290519}.
[I 2026-07-22 18:42:43,871] Trial 133 finished with values: [10.60564440187641, 10.60564440187641] and parameters: {'k1': 0.00023352156626184448, 'D_low': 140.92119204434155, 'k2': 1.6559474674046002e-05, 'D_high': 1026.0852623190942, 'fire_exp': 1.3411849220480432, 'P_half': 38.82837025280678, 'pre_dampen_half': 0.46504594134732663, 'gpp_af': 18.235072804314193, 'gpp_b': 1.7565109007473816e-05, 'gpp_d': 9.00460602264307, 'ign_k': 0.5131654955148324, 'ign_c': 4.1108484350212295, 'trop_agb_crit': 5.707205898008383, 'trop_k_veg': 1.7518409078083697, 'fuel_k': 0.0500651901928747, 'fuel_half': 7.259866824755671}.
[I 2026-07-22 18:42:44,286] Trial 134 finished with values: [10.768331866989403, 10.768331866989403] and parameters: {'k1': 0.002968335334246999, 'D_low': 1407.7923139972395, 'k2': 0.01567230746060024, 'D_high': 558.9524205217922, 'fire_exp': 1.1258453832483524, 'P_half': 1228.2126524008484, 'pre_dampen_half': 347.79988160923324, 'gpp_af': 51.72004221341868, 'gpp_b': 0.02048523887932671, 'gpp_d': 2.8006820077310226, 'ign_k': 3.210808548911192, 'ign_c': 4.1108484350212295, 'trop_agb_crit': 29.789943908227905, 'trop_k_veg': 4.130963924640279, 'fuel_k': 0.48736180483849406, 'fuel_half': 0.32476735706274484}.
[I 2026-07-22 18:42:44,698] Trial 135 finished with values: [-0.34992182957467166, 0.3056509071255822] and parameters: {'k1': 0.052334804885400876, 'D_low': 13.25142220631392, 'k2': 0.0001971137615017176, 'D_high': 708572.1663941594, 'fire_exp': 2.0165721691808587, 'P_half': 2.458603276328005, 'pre_dampen_half': 26.373339933815235, 'gpp_af': 0.49740621749684094, 'gpp_b': 0.0005392415140872105, 'gpp_d': 302.3127748796295, 'ign_k': 0.0013726318898045872, 'ign_c': 8.405439129313676, 'trop_agb_crit': 2.171140223187998, 'trop_k_veg': 3.028464701337094, 'fuel_k': 1.1820218758583807, 'fuel_half': 38.21129441691226}.
[I 2026-07-22 18:42:45,111] Trial 136 finished with values: [10.760914373900972, 10.760914373900972] and parameters: {'k1': 9.969469187531805e-05, 'D_low': 1407.7923139972395, 'k2': 7.67074891445376e-05, 'D_high': 8433503.858791472, 'fire_exp': 8.791426299948917, 'P_half': 269.74113434525447, 'pre_dampen_half': 3.659675301686168, 'gpp_af': 42.29037995744429, 'gpp_b': 0.00012118589392553819, 'gpp_d': 6.91394869865762, 'ign_k': 4.59148521674054, 'ign_c': 11.40086370112731, 'trop_agb_crit': 29.789943908227905, 'trop_k_veg': 4.130963924640279, 'fuel_k': 3.6992394681929355, 'fuel_half': 81.87941582538087}.
[I 2026-07-22 18:42:45,517] Trial 137 finished with values: [10.76923076903347, 10.76923076903347] and parameters: {'k1': 0.003419108473554454, 'D_low': 4.043300846639722, 'k2': 7.011194706512109e-05, 'D_high': 922.5376791737639, 'fire_exp': 9.647219959996264, 'P_half': 3648.4560830477985, 'pre_dampen_half': 0.07217660153019874, 'gpp_af': 0.03924302839842014, 'gpp_b': 0.5432846462741858, 'gpp_d': 372.8155624293852, 'ign_k': 0.0022267996908938684, 'ign_c': 14.074279366401672, 'trop_agb_crit': 2.539877620672643, 'trop_k_veg': 0.9478162145499819, 'fuel_k': 0.548050918645616, 'fuel_half': 18.202647368248815}.
[I 2026-07-22 18:42:45,929] Trial 138 finished with values: [10.236357016641035, 10.236357016641035] and parameters: {'k1': 0.0024005553432620355, 'D_low': 11.459566575664761, 'k2': 0.0009670857606743155, 'D_high': 210.33776477006836, 'fire_exp': 1.1258453832483524, 'P_half': 1212.4080603355412, 'pre_dampen_half': 347.79988160923324, 'gpp_af': 0.0023751383317256927, 'gpp_b': 0.0054502936945582505, 'gpp_d': 3.0023172465753087, 'ign_k': 0.5670346335627292, 'ign_c': 11.40086370112731, 'trop_agb_crit': 29.789943908227905, 'trop_k_veg': 4.844706510617516, 'fuel_k': 1.663022877763097, 'fuel_half': 0.3625056554880307}.
