[I 2026-08-19 13:11:45,711] Trial 510 finished with values: [-0.4034327680977574, 1.4964787548921166e-05] and parameters: {'k1': 0.05217998579193211, 'D_low': 2190.672003635833, 'k2': 0.0019339745640818936, 'D_high': 24493.271671328574, 'fire_exp': 5.881565436248893, 'P_half': 5.59983195169599, 'pre_dampen_half': 0.4153327541909818, 'gpp_af': 0.13402388198950174, 'gpp_b': 0.011108675282673156, 'gpp_d': 0.149008282603182, 'ign_k': 0.002879700348528891, 'ign_c': 12.366924205139131, 'trop_agb_crit': 2.6689615974393592, 'trop_k_veg': 5.453348988480011, 'pop_amp': 0.04874366481145617, 'pop_peak': 2.016436598480055, 'pop_sig': 1.804482856986987, 'fuel_k': 0.013930721937333756, 'fuel_half': 1.0228520845452074}.
[I 2026-08-19 13:11:49,280] Trial 511 finished with values: [-0.35543457542248313, 0.0] and parameters: {'k1': 9.67404566214593e-05, 'D_low': 286.06841726052676, 'k2': 0.0003956067228030585, 'D_high': 82.12891397025429, 'fire_exp': 4.3161213924316595, 'P_half': 9331.125028918148, 'pre_dampen_half': 1.8469033699850426, 'gpp_af': 0.0028701881471957036, 'gpp_b': 1.624829724391053, 'gpp_d': 108.18665579547857, 'ign_k': 0.17320535908244444, 'ign_c': 6.0816733722841345, 'trop_agb_crit': 1.4383685371489123, 'trop_k_veg': 3.754644404143055, 'pop_amp': 0.024891633080683897, 'pop_peak': 1.884221947092994, 'pop_sig': 0.9904669476016459, 'fuel_k': 3.640039183945803, 'fuel_half': 0.10355826161899183}.
  trial  512/2500  pareto_size=29  best_ilamb=0.6094  (26.2 min)
[I 2026-08-19 13:11:54,385] Trial 512 finished with values: [-0.41178586163134884, 0.0006518948678099212] and parameters: {'k1': 0.0004846497679219079, 'D_low': 437.4364439939077, 'k2': 3.077180271250682e-05, 'D_high': 3647588.245823455, 'fire_exp': 1.8678802571070678, 'P_half': 4337.920697490941, 'pre_dampen_half': 1.8469033699850426, 'gpp_af': 0.11134482360128048, 'gpp_b': 0.0007417652034871827, 'gpp_d': 0.050654860639753524, 'ign_k': 0.17320535908244444, 'ign_c': 5.141531903173451, 'trop_agb_crit': 27.05166881899929, 'trop_k_veg': 2.2343086902051748, 'pop_amp': 0.008683934086503814, 'pop_peak': 0.05281056279423359, 'pop_sig': 1.528568913478884, 'fuel_k': 0.03848144961814478, 'fuel_half': 1.7895437790635824}.
[I 2026-08-19 13:11:58,553] Trial 513 finished with values: [-0.397872310082889, 7.131837032048338e-08] and parameters: {'k1': 0.023341737328466724, 'D_low': 1335.8197605902415, 'k2': 0.0003856302813879373, 'D_high': 24493.271671328574, 'fire_exp': 6.464773756830049, 'P_half': 4.937355303501834, 'pre_dampen_half': 0.19674328025306115, 'gpp_af': 0.13402388198950174, 'gpp_b': 0.0004837646996135023, 'gpp_d': 3.9841905944346854, 'ign_k': 0.3699359899959751, 'ign_c': 31.213520322039873, 'trop_agb_crit': 2.6689615974393592, 'trop_k_veg': 2.5052470616811733, 'pop_amp': 0.029228481237926353, 'pop_peak': 10.679600530994481, 'pop_sig': 1.804482856986987, 'fuel_k': 3.640039183945803, 'fuel_half': 0.10355826161899183}.
[I 2026-08-19 13:12:03,257] Trial 514 finished with values: [-0.4343281826544774, 0.0022607063636727043] and parameters: {'k1': 9.67404566214593e-05, 'D_low': 1368.9795993592197, 'k2': 6.340140860251457e-05, 'D_high': 1661855.441285105, 'fire_exp': 2.5321117364280843, 'P_half': 229.5739821454948, 'pre_dampen_half': 0.10189118197357125, 'gpp_af': 0.41874665092828456, 'gpp_b': 0.004411400434514031, 'gpp_d': 1.0088237648985734, 'ign_k': 9.162638829638215, 'ign_c': 0.5110256715654393, 'trop_agb_crit': 1.050713312531254, 'trop_k_veg': 5.691473319778836, 'pop_amp': 0.002417279427070676, 'pop_peak': 1.884221947092994, 'pop_sig': 1.804482856986987, 'fuel_k': 3.250046746707412, 'fuel_half': 17.890117928710357}.
[I 2026-08-19 13:12:06,178] Trial 515 finished with values: [-0.3554625854118624, 0.0] and parameters: {'k1': 9.67404566214593e-05, 'D_low': 27972.024228472703, 'k2': 6.340140860251457e-05, 'D_high': 1819372.4578178402, 'fire_exp': 1.3796609641485171, 'P_half': 1636.5290600718067, 'pre_dampen_half': 0.2571419084734534, 'gpp_af': 0.0077125451401819246, 'gpp_b': 1.624829724391053, 'gpp_d': 118.26972885708257, 'ign_k': 9.162638829638215, 'ign_c': 104.97398448693147, 'trop_agb_crit': 1.4383685371489123, 'trop_k_veg': 4.30392173391187, 'pop_amp': 0.029228481237926353, 'pop_peak': 1.884221947092994, 'pop_sig': 0.9904669476016459, 'fuel_k': 0.15552861105540366, 'fuel_half': 0.10355826161899183}.
[I 2026-08-19 13:12:09,937] Trial 516 finished with values: [-0.4544077914547991, 0.10059258508734759] and parameters: {'k1': 2.9693357731296325e-05, 'D_low': 27972.024228472703, 'k2': 0.0019856031481305684, 'D_high': 1840060.4093141211, 'fire_exp': 5.433392060430592, 'P_half': 3.242305511483622, 'pre_dampen_half': 0.2571419084734534, 'gpp_af': 13.500136238575664, 'gpp_b': 9.67374839440457e-05, 'gpp_d': 108.18665579547857, 'ign_k': 9.162638829638215, 'ign_c': 4.4716799012313055, 'trop_agb_crit': 3.544180417534903, 'trop_k_veg': 4.30392173391187, 'pop_amp': 0.029228481237926353, 'pop_peak': 503.7153440645595, 'pop_sig': 1.804482856986987, 'fuel_k': 0.15552861105540366, 'fuel_half': 17.890117928710357}.
  trial  517/2500  pareto_size=30  best_ilamb=0.6094  (26.5 min)
[I 2026-08-19 13:12:13,342] Trial 517 finished with values: [-0.405236000401796, 5.024595894909112e-08] and parameters: {'k1': 5.7909642338812115e-05, 'D_low': 1.6569065206637925, 'k2': 3.077180271250682e-05, 'D_high': 9355.38060645217, 'fire_exp': 6.053800259876899, 'P_half': 7.361379380357789, 'pre_dampen_half': 0.19674328025306115, 'gpp_af': 0.00301004353953023, 'gpp_b': 0.004411400434514031, 'gpp_d': 118.26972885708257, 'ign_k': 0.1537592023548176, 'ign_c': 12.366924205139131, 'trop_agb_crit': 5.179114975574383, 'trop_k_veg': 5.691473319778836, 'pop_amp': 10.985330528057915, 'pop_peak': 352.89806695809773, 'pop_sig': 1.2784528228045804, 'fuel_k': 3.640039183945803, 'fuel_half': 0.18427970406864538}.
[I 2026-08-19 13:12:16,176] Trial 518 finished with values: [-0.4395058360287233, 0.005381359084150383] and parameters: {'k1': 1.3952162380469019e-05, 'D_low': 27972.024228472703, 'k2': 0.0032792262899971644, 'D_high': 1840060.4093141211, 'fire_exp': 1.3796609641485171, 'P_half': 1636.5290600718067, 'pre_dampen_half': 0.2571419084734534, 'gpp_af': 0.18737227240512885, 'gpp_b': 0.05825704883392061, 'gpp_d': 108.18665579547857, 'ign_k': 0.04439802552990466, 'ign_c': 12.366924205139131, 'trop_agb_crit': 3.544180417534903, 'trop_k_veg': 4.30392173391187, 'pop_amp': 6.746076139939917, 'pop_peak': 4.557885026195722, 'pop_sig': 1.804482856986987, 'fuel_k': 0.15552861105540366, 'fuel_half': 17.890117928710357}.
[I 2026-08-19 13:12:18,960] Trial 519 finished with values: [-0.4198111285435323, 0.011380294438267491] and parameters: {'k1': 1.844951990812239e-05, 'D_low': 50340.563942871704, 'k2': 0.09474524974021553, 'D_high': 9355.38060645217, 'fire_exp': 1.3796609641485171, 'P_half': 7.361379380357789, 'pre_dampen_half': 0.2571419084734534, 'gpp_af': 0.0028701881471957036, 'gpp_b': 9.67374839440457e-05, 'gpp_d': 0.32782478097825357, 'ign_k': 0.1537592023548176, 'ign_c': 12.366924205139131, 'trop_agb_crit': 9.497662537022913, 'trop_k_veg': 5.691473319778836, 'pop_amp': 0.25063586053692166, 'pop_peak': 1.884221947092994, 'pop_sig': 0.6871869718280653, 'fuel_k': 3.640039183945803, 'fuel_half': 0.18427970406864538}.
[I 2026-08-19 13:12:22,258] Trial 520 finished with values: [-0.4106721533401446, 0.0032242296664432013] and parameters: {'k1': 0.0004846497679219079, 'D_low': 1.6569065206637925, 'k2': 0.0019856031481305684, 'D_high': 24493.271671328574, 'fire_exp': 1.8678802571070678, 'P_half': 1265.0580856641704, 'pre_dampen_half': 1.8469033699850426, 'gpp_af': 0.0025186552636979184, 'gpp_b': 0.0004837646996135023, 'gpp_d': 0.050654860639753524, 'ign_k': 0.01128366748668391, 'ign_c': 89.12611835816996, 'trop_agb_crit': 27.05166881899929, 'trop_k_veg': 4.288672925586801, 'pop_amp': 5.27924855752961, 'pop_peak': 0.05281056279423359, 'pop_sig': 0.9904669476016459, 'fuel_k': 0.15552861105540366, 'fuel_half': 17.890117928710357}.
[I 2026-08-19 13:12:25,273] Trial 521 finished with values: [-0.3549297764825625, 0.0] and parameters: {'k1': 1.844951990812239e-05, 'D_low': 15150.361381456718, 'k2': 6.340140860251457e-05, 'D_high': 1840060.4093141211, 'fire_exp': 5.433392060430592, 'P_half': 1636.5290600718067, 'pre_dampen_half': 0.7465571739720183, 'gpp_af': 0.0077125451401819246, 'gpp_b': 3.1906667956153174, 'gpp_d': 118.26972885708257, 'ign_k': 6.32338195106678, 'ign_c': 12.366924205139131, 'trop_agb_crit': 3.544180417534903, 'trop_k_veg': 1.3571174947037614, 'pop_amp': 0.04874366481145617, 'pop_peak': 503.7153440645595, 'pop_sig': 0.3059023092211585, 'fuel_k': 0.6763941362086655, 'fuel_half': 17.890117928710357}.
[I 2026-08-19 13:12:28,570] Trial 522 finished with values: [-0.3554625854118624, 0.0] and parameters: {'k1': 0.005456725485601475, 'D_low': 418549.6067158164, 'k2': 0.0002191739661157602, 'D_high': 24493.271671328574, 'fire_exp': 1.1633452995374232, 'P_half': 6281.776703992854, 'pre_dampen_half': 5.875045082789025, 'gpp_af': 49.583649914027546, 'gpp_b': 0.008968044580295738, 'gpp_d': 118.26972885708257, 'ign_k': 0.1537592023548176, 'ign_c': 0.5110256715654393, 'trop_agb_crit': 3.3887235042490564, 'trop_k_veg': 1.2587638501261758, 'pop_amp': 11.72926995754655, 'pop_peak': 2.016436598480055, 'pop_sig': 0.9904669476016459, 'fuel_k': 1.3626356448811705, 'fuel_half': 1.683458881839943}.
[I 2026-08-19 13:12:32,921] Trial 523 finished with values: [-0.42056716314938525, 6.155026479603976e-07] and parameters: {'k1': 4.929552311643645e-05, 'D_low': 27972.024228472703, 'k2': 0.0019856031481305684, 'D_high': 1124534.1807254362, 'fire_exp': 5.433392060430592, 'P_half': 1517.2922775770444, 'pre_dampen_half': 0.2571419084734534, 'gpp_af': 0.006580815488709274, 'gpp_b': 9.67374839440457e-05, 'gpp_d': 0.33699352257983195, 'ign_k': 9.162638829638215, 'ign_c': 12.366924205139131, 'trop_agb_crit': 9.497662537022913, 'trop_k_veg': 2.968382718115938, 'pop_amp': 0.04874366481145617, 'pop_peak': 162.62551614461097, 'pop_sig': 0.6871869718280653, 'fuel_k': 0.022805907608636752, 'fuel_half': 17.890117928710357}.
  trial  524/2500  pareto_size=31  best_ilamb=0.6094  (26.9 min)
[I 2026-08-19 13:12:37,011] Trial 524 finished with values: [-0.404540214229913, 7.93630042882354e-05] and parameters: {'k1': 0.0007158031739371039, 'D_low': 286.06841726052676, 'k2': 0.0021608491389795734, 'D_high': 24493.271671328574, 'fire_exp': 1.0501937052663004, 'P_half': 2826.1051090193655, 'pre_dampen_half': 0.2571419084734534, 'gpp_af': 0.0077125451401819246, 'gpp_b': 0.620439464939785, 'gpp_d': 117.2128156438701, 'ign_k': 0.43129510236174595, 'ign_c': 0.15590073239763044, 'trop_agb_crit': 1.257433437731036, 'trop_k_veg': 5.453348988480011, 'pop_amp': 0.0021433490423168255, 'pop_peak': 1.421337820414783, 'pop_sig': 0.2777678917098414, 'fuel_k': 0.022805907608636752, 'fuel_half': 1.7918446176734728}.
[I 2026-08-19 13:12:41,266] Trial 525 finished with values: [-0.41960715652814445, 5.652585250814912e-05] and parameters: {'k1': 9.67404566214593e-05, 'D_low': 1368.9795993592197, 'k2': 0.0019856031481305684, 'D_high': 1661855.441285105, 'fire_exp': 2.49448856296935, 'P_half': 1517.2922775770444, 'pre_dampen_half': 0.2571419084734534, 'gpp_af': 0.006580815488709274, 'gpp_b': 0.004411400434514031, 'gpp_d': 118.26972885708257, 'ign_k': 9.162638829638215, 'ign_c': 12.366924205139131, 'trop_agb_crit': 3.544180417534903, 'trop_k_veg': 5.691473319778836, 'pop_amp': 0.04874366481145617, 'pop_peak': 162.62551614461097, 'pop_sig': 1.804482856986987, 'fuel_k': 3.250046746707412, 'fuel_half': 17.890117928710357}.
[I 2026-08-19 13:12:43,794] Trial 526 finished with values: [-0.462329337391542, 0.014550264400957968] and parameters: {'k1': 0.0004846497679219079, 'D_low': 286.06841726052676, 'k2': 0.0019856031481305684, 'D_high': 24493.271671328574, 'fire_exp': 3.7695400350033266, 'P_half': 1.332700437360483, 'pre_dampen_half': 0.2571419084734534, 'gpp_af': 0.11134482360128048, 'gpp_b': 0.004821867175721073, 'gpp_d': 3.032712462969173, 'ign_k': 9.946147674311604, 'ign_c': 0.15590073239763044, 'trop_agb_crit': 13.763560673020894, 'trop_k_veg': 0.6719347333876377, 'pop_amp': 2.1219303004144856, 'pop_peak': 1.421337820414783, 'pop_sig': 0.7824044734208029, 'fuel_k': 0.9199338799678547, 'fuel_half': 2.01596048776016}.
[I 2026-08-19 13:12:46,698] Trial 527 finished with values: [-0.4110382591778844, 8.131068487815529e-05] and parameters: {'k1': 0.00020329778470902634, 'D_low': 1.6569065206637925, 'k2': 0.0021608491389795734, 'D_high': 24493.271671328574, 'fire_exp': 4.3161213924316595, 'P_half': 4.937355303501834, 'pre_dampen_half': 0.10189118197357125, 'gpp_af': 0.005018406982902927, 'gpp_b': 0.004411400434514031, 'gpp_d': 3.032712462969173, 'ign_k': 0.3818468247973969, 'ign_c': 0.5110256715654393, 'trop_agb_crit': 27.05166881899929, 'trop_k_veg': 5.691473319778836, 'pop_amp': 0.3829783670014966, 'pop_peak': 13.10465149744836, 'pop_sig': 0.9904669476016459, 'fuel_k': 1.3626356448811705, 'fuel_half': 1.683458881839943}.
[I 2026-08-19 13:12:50,879] Trial 528 finished with values: [-0.4074223319702792, 3.2564086183128893e-07] and parameters: {'k1': 5.7909642338812115e-05, 'D_low': 286.06841726052676, 'k2': 3.077180271250682e-05, 'D_high': 24493.271671328574, 'fire_exp': 4.3161213924316595, 'P_half': 1265.0580856641704, 'pre_dampen_half': 0.19674328025306115, 'gpp_af': 0.005018406982902927, 'gpp_b': 0.004411400434514031, 'gpp_d': 3.9841905944346854, 'ign_k': 0.11553610192611222, 'ign_c': 0.2806439011124269, 'trop_agb_crit': 5.179114975574383, 'trop_k_veg': 3.754644404143055, 'pop_amp': 0.004345387962878051, 'pop_peak': 10.679600530994481, 'pop_sig': 0.9904669476016459, 'fuel_k': 3.640039183945803, 'fuel_half': 0.18427970406864538}.
[I 2026-08-19 13:12:54,639] Trial 529 finished with values: [-0.4018445461509389, 5.417888360170764e-14] and parameters: {'k1': 2.9693357731296325e-05, 'D_low': 286.06841726052676, 'k2': 0.0032792262899971644, 'D_high': 1840060.4093141211, 'fire_exp': 4.3161213924316595, 'P_half': 4.937355303501834, 'pre_dampen_half': 0.19674328025306115, 'gpp_af': 0.005018406982902927, 'gpp_b': 1.624829724391053, 'gpp_d': 3.9841905944346854, 'ign_k': 9.162638829638215, 'ign_c': 4.4716799012313055, 'trop_agb_crit': 27.05166881899929, 'trop_k_veg': 4.30392173391187, 'pop_amp': 9.001864149842234, 'pop_peak': 10.679600530994481, 'pop_sig': 1.804482856986987, 'fuel_k': 0.24023690348942592, 'fuel_half': 17.890117928710357}.
  trial  530/2500  pareto_size=32  best_ilamb=0.6094  (27.3 min)
[I 2026-08-19 13:12:57,937] Trial 530 finished with values: [-0.4230192647565845, 0.01703967759079783] and parameters: {'k1': 0.00020329778470902634, 'D_low': 437.4364439939077, 'k2': 0.0021608491389795734, 'D_high': 24493.271671328574, 'fire_exp': 1.0824018381500955, 'P_half': 6281.776703992854, 'pre_dampen_half': 0.10189118197357125, 'gpp_af': 2.0540519425388455, 'gpp_b': 0.0007417652034871827, 'gpp_d': 1.0088237648985734, 'ign_k': 0.3818468247973969, 'ign_c': 0.5488047000766043, 'trop_agb_crit': 17.69486533706496, 'trop_k_veg': 4.288672925586801, 'pop_amp': 10.985330528057915, 'pop_peak': 2.016436598480055, 'pop_sig': 0.9904669476016459, 'fuel_k': 1.3626356448811705, 'fuel_half': 1.683458881839943}.
[I 2026-08-19 13:13:00,636] Trial 531 finished with values: [-0.39787591090435104, 1.587618925213974e-14] and parameters: {'k1': 4.0873003903057456e-05, 'D_low': 2.400213216646464, 'k2': 4.392638796750218e-05, 'D_high': 9355.38060645217, 'fire_exp': 4.3161213924316595, 'P_half': 10.436686039715203, 'pre_dampen_half': 0.19674328025306115, 'gpp_af': 0.005018406982902927, 'gpp_b': 1.624829724391053, 'gpp_d': 3.9841905944346854, 'ign_k': 0.3699359899959751, 'ign_c': 0.2806439011124269, 'trop_agb_crit': 27.05166881899929, 'trop_k_veg': 6.972354563243685, 'pop_amp': 6.746076139939917, 'pop_peak': 4.557885026195722, 'pop_sig': 0.9904669476016459, 'fuel_k': 5.706437033023268, 'fuel_half': 0.10355826161899183}.
[I 2026-08-19 13:13:03,705] Trial 532 finished with values: [-0.4957955484751949, 0.04707324069598107] and parameters: {'k1': 0.09372580613581186, 'D_low': 2.400213216646464, 'k2': 0.09116768553735347, 'D_high': 6543576.946931886, 'fire_exp': 7.1027243058949905, 'P_half': 10.436686039715203, 'pre_dampen_half': 0.2571419084734534, 'gpp_af': 0.18737227240512885, 'gpp_b': 9.67374839440457e-05, 'gpp_d': 8.347790852520644, 'ign_k': 9.162638829638215, 'ign_c': 0.682404775573044, 'trop_agb_crit': 3.544180417534903, 'trop_k_veg': 6.972354563243685, 'pop_amp': 0.029228481237926353, 'pop_peak': 4.557885026195722, 'pop_sig': 1.804482856986987, 'fuel_k': 4.04437775870989, 'fuel_half': 17.890117928710357}.
[I 2026-08-19 13:13:06,965] Trial 533 finished with values: [-0.4510611863990509, 0.02536644989476411] and parameters: {'k1': 1.844951990812239e-05, 'D_low': 1.6569065206637925, 'k2': 0.0019856031481305684, 'D_high': 3833286.57244401, 'fire_exp': 1.3796609641485171, 'P_half': 1636.5290600718067, 'pre_dampen_half': 1.8469033699850426, 'gpp_af': 0.41874665092828456, 'gpp_b': 9.67374839440457e-05, 'gpp_d': 118.26972885708257, 'ign_k': 0.17320535908244444, 'ign_c': 12.366924205139131, 'trop_agb_crit': 3.544180417534903, 'trop_k_veg': 5.691473319778836, 'pop_amp': 0.04874366481145617, 'pop_peak': 0.17274196344453516, 'pop_sig': 2.4100357112052566, 'fuel_k': 1.3626356448811705, 'fuel_half': 17.890117928710357}.
[I 2026-08-19 13:13:10,880] Trial 534 finished with values: [-0.3554625854118624, 0.0] and parameters: {'k1': 0.09372580613581186, 'D_low': 1.6569065206637925, 'k2': 0.0002001342062287998, 'D_high': 1840060.4093141211, 'fire_exp': 6.454675979546216, 'P_half': 6281.776703992854, 'pre_dampen_half': 30.11226646948154, 'gpp_af': 0.18737227240512885, 'gpp_b': 0.0001605469768042801, 'gpp_d': 118.26972885708257, 'ign_k': 0.43129510236174595, 'ign_c': 89.12611835816996, 'trop_agb_crit': 3.544180417534903, 'trop_k_veg': 2.968382718115938, 'pop_amp': 0.0013002472438361158, 'pop_peak': 503.7153440645595, 'pop_sig': 1.804482856986987, 'fuel_k': 0.11148299766359336, 'fuel_half': 17.890117928710357}.
[I 2026-08-19 13:13:14,045] Trial 535 finished with values: [-0.42300004908912153, 0.005249002570840822] and parameters: {'k1': 0.09372580613581186, 'D_low': 2.400213216646464, 'k2': 0.09116768553735347, 'D_high': 1661855.441285105, 'fire_exp': 6.454675979546216, 'P_half': 10.436686039715203, 'pre_dampen_half': 1.8469033699850426, 'gpp_af': 0.18737227240512885, 'gpp_b': 9.67374839440457e-05, 'gpp_d': 118.26972885708257, 'ign_k': 0.04439802552990466, 'ign_c': 12.366924205139131, 'trop_agb_crit': 3.544180417534903, 'trop_k_veg': 6.972354563243685, 'pop_amp': 0.04874366481145617, 'pop_peak': 0.17274196344453516, 'pop_sig': 1.0424917012813995, 'fuel_k': 1.3626356448811705, 'fuel_half': 0.3497028715561063}.
[I 2026-08-19 13:13:17,108] Trial 536 finished with values: [-0.4092688687301666, 0.01350328249899524] and parameters: {'k1': 0.0008020503059027807, 'D_low': 2.1309331861011747, 'k2': 3.077180271250682e-05, 'D_high': 24493.271671328574, 'fire_exp': 1.8678802571070678, 'P_half': 1.332700437360483, 'pre_dampen_half': 1.8469033699850426, 'gpp_af': 0.11134482360128048, 'gpp_b': 0.004411400434514031, 'gpp_d': 0.038179654097601136, 'ign_k': 0.17320535908244444, 'ign_c': 0.5488047000766043, 'trop_agb_crit': 13.763560673020894, 'trop_k_veg': 0.6719347333876377, 'pop_amp': 0.008683934086503814, 'pop_peak': 352.89806695809773, 'pop_sig': 0.7824044734208029, 'fuel_k': 0.9199338799678547, 'fuel_half': 2.01596048776016}.
  trial  537/2500  pareto_size=33  best_ilamb=0.6094  (27.6 min)
[I 2026-08-19 13:13:20,150] Trial 537 finished with values: [-0.3769422521719472, 3.3984699765454707e-07] and parameters: {'k1': 0.09372580613581186, 'D_low': 2.400213216646464, 'k2': 0.0019856031481305684, 'D_high': 6543576.946931886, 'fire_exp': 6.5682505141693035, 'P_half': 10.436686039715203, 'pre_dampen_half': 30.11226646948154, 'gpp_af': 0.006580815488709274, 'gpp_b': 0.05825704883392061, 'gpp_d': 8.347790852520644, 'ign_k': 0.04439802552990466, 'ign_c': 0.13492881864712067, 'trop_agb_crit': 23.606263788786194, 'trop_k_veg': 6.972354563243685, 'pop_amp': 0.04874366481145617, 'pop_peak': 4.557885026195722, 'pop_sig': 1.0424917012813995, 'fuel_k': 0.11148299766359336, 'fuel_half': 0.3497028715561063}.
[I 2026-08-19 13:13:22,812] Trial 538 finished with values: [-0.3554625854118624, 0.0] and parameters: {'k1': 4.929552311643645e-05, 'D_low': 50340.563942871704, 'k2': 0.09474524974021553, 'D_high': 1921.9397137572334, 'fire_exp': 5.433392060430592, 'P_half': 229.5739821454948, 'pre_dampen_half': 65.77017096798056, 'gpp_af': 24.20071425273804, 'gpp_b': 0.0011284712324279547, 'gpp_d': 650.4921701204659, 'ign_k': 9.162638829638215, 'ign_c': 243.11355106292382, 'trop_agb_crit': 9.497662537022913, 'trop_k_veg': 0.8084202024508578, 'pop_amp': 0.004708042915737182, 'pop_peak': 1.884221947092994, 'pop_sig': 0.42382971672762476, 'fuel_k': 0.022805907608636752, 'fuel_half': 17.890117928710357}.
[I 2026-08-19 13:13:25,250] Trial 539 finished with values: [-0.42984814116332376, 0.00702513752056555] and parameters: {'k1': 1.844951990812239e-05, 'D_low': 185287.41512134444, 'k2': 0.0019856031481305684, 'D_high': 1615623.422191279, 'fire_exp': 1.3796609641485171, 'P_half': 7.361379380357789, 'pre_dampen_half': 0.2571419084734534, 'gpp_af': 0.005018406982902927, 'gpp_b': 0.0007417652034871827, 'gpp_d': 1.0088237648985734, 'ign_k': 0.1537592023548176, 'ign_c': 0.15590073239763044, 'trop_agb_crit': 1.257433437731036, 'trop_k_veg': 2.819496004876631, 'pop_amp': 10.985330528057915, 'pop_peak': 352.89806695809773, 'pop_sig': 0.6871869718280653, 'fuel_k': 0.27631890369709744, 'fuel_half': 0.18427970406864538}.
