[I 2026-06-11 13:11:01,832] Trial 472 finished with values: [-0.5734951324968227, 0.22427697835356497] and parameters: {'k1': 6.784924519083143e-05, 'D_low': 1074.940539517341, 'k2': 7.639737756882014e-05, 'D_high': 252.84086172415604, 'fire_exp': 1.4848387260494937, 'P_half': 1.4551749476072258, 'pre_dampen_half': 30.456909077772018, 'gpp_af': 1.3954498518315706, 'gpp_b': 0.00012118589392553798, 'gpp_d': 47.35384181058586, 'ign_k': 0.0032383308053152635, 'ign_c': 7.832259769732471, 'trop_agb_crit': 8.462233625364036, 'trop_k_veg': 4.989748894578724, 'fire_amp': 4.1162797330133705}.
[I 2026-06-11 13:11:02,847] Trial 473 finished with values: [14.4033315767116, 14.4033315767116] and parameters: {'k1': 3.609310926766545e-05, 'D_low': 148.21691630007544, 'k2': 0.032141234030334316, 'D_high': 6682.9607218310075, 'fire_exp': 1.4848387260494937, 'P_half': 2.226799690893868, 'pre_dampen_half': 225.8132942030758, 'gpp_af': 0.060029341913968644, 'gpp_b': 0.00012118589392553798, 'gpp_d': 545.0253444559129, 'ign_k': 0.012480180965117606, 'ign_c': 0.17036120617148395, 'trop_agb_crit': 11.664190932505923, 'trop_k_veg': 4.989748894578724, 'fire_amp': 3.1543496524370136}.
[I 2026-06-11 13:11:03,845] Trial 474 finished with values: [-0.7736116038873397, 0.03192381693693158] and parameters: {'k1': 0.08409006963311547, 'D_low': 1.4002277211577039, 'k2': 0.045914852167405346, 'D_high': 32311.521854410956, 'fire_exp': 1.41873960828944, 'P_half': 1265.0580856641704, 'pre_dampen_half': 30.456909077772018, 'gpp_af': 0.41874665092828456, 'gpp_b': 0.0036065155862388338, 'gpp_d': 47.35384181058586, 'ign_k': 0.09256855841989636, 'ign_c': 29.690870944846793, 'trop_agb_crit': 8.0091368834625, 'trop_k_veg': 1.6648666152166967, 'fire_amp': 3.102033517490054}.
[I 2026-06-11 13:11:04,840] Trial 475 finished with values: [-0.6521159295847052, 0.05229466865444643] and parameters: {'k1': 0.0006042560675552671, 'D_low': 236.79352040223893, 'k2': 0.005204862686958021, 'D_high': 32311.521854410956, 'fire_exp': 1.811096651915224, 'P_half': 5.4712187293420325, 'pre_dampen_half': 269.0845367054866, 'gpp_af': 0.060029341913968644, 'gpp_b': 0.0036065155862388338, 'gpp_d': 5.981605330890935, 'ign_k': 0.09256855841989636, 'ign_c': 29.690870944846793, 'trop_agb_crit': 2.49652474515731, 'trop_k_veg': 4.0068236274914755, 'fire_amp': 3.102033517490054}.
[I 2026-06-11 13:11:05,980] Trial 476 finished with values: [10.260792909368408, 10.260792909368408] and parameters: {'k1': 0.03648456083047798, 'D_low': 236.79352040223893, 'k2': 0.045914852167405346, 'D_high': 32311.521854410956, 'fire_exp': 1.41873960828944, 'P_half': 114.62237838612074, 'pre_dampen_half': 16.009350908593582, 'gpp_af': 0.008117091133892173, 'gpp_b': 0.0036065155862388338, 'gpp_d': 12.338826503601998, 'ign_k': 0.0032383308053152635, 'ign_c': 7.081721844034206, 'trop_agb_crit': 3.3933702290907823, 'trop_k_veg': 3.4439936249445045, 'fire_amp': 1.5719333351012774}.
[I 2026-06-11 13:11:06,960] Trial 477 finished with values: [10.303060143608231, 10.303060143608231] and parameters: {'k1': 0.03648456083047798, 'D_low': 235.39834531862078, 'k2': 0.019383858782150494, 'D_high': 6682.9607218310075, 'fire_exp': 1.41873960828944, 'P_half': 996.7983879709292, 'pre_dampen_half': 269.0845367054866, 'gpp_af': 0.060029341913968644, 'gpp_b': 0.049565458633074926, 'gpp_d': 545.0253444559129, 'ign_k': 0.010733257635049785, 'ign_c': 21.275785720135406, 'trop_agb_crit': 12.708819454040446, 'trop_k_veg': 2.724170387400844, 'fire_amp': 1.5719333351012774}.
[I 2026-06-11 13:11:07,969] Trial 478 finished with values: [10.433238402339407, 10.433238402339407] and parameters: {'k1': 0.003968136435370146, 'D_low': 1074.940539517341, 'k2': 7.639737756882014e-05, 'D_high': 18108.14362107968, 'fire_exp': 1.4572158037266703, 'P_half': 2.226799690893868, 'pre_dampen_half': 1.8469033699850426, 'gpp_af': 1.3954498518315706, 'gpp_b': 0.0012611058927054877, 'gpp_d': 47.35384181058586, 'ign_k': 0.0032383308053152635, 'ign_c': 7.832259769732471, 'trop_agb_crit': 3.438084743887884, 'trop_k_veg': 1.6648666152166967, 'fire_amp': 2.7806853670293616}.
[I 2026-06-11 13:11:08,979] Trial 479 finished with values: [10.748103166369043, 10.748103166369043] and parameters: {'k1': 0.03648456083047798, 'D_low': 1121.5915868662764, 'k2': 0.00037358626308127543, 'D_high': 6682.9607218310075, 'fire_exp': 1.4848387260494937, 'P_half': 2.226799690893868, 'pre_dampen_half': 4.847666216751353, 'gpp_af': 0.060029341913968644, 'gpp_b': 0.0022206965604739644, 'gpp_d': 1.4397852866783676, 'ign_k': 0.09256855841989636, 'ign_c': 39.52220881906114, 'trop_agb_crit': 1.3063813396521713, 'trop_k_veg': 4.989748894578724, 'fire_amp': 1.5180207449214471}.
[I 2026-06-11 13:11:09,955] Trial 480 finished with values: [10.032515297539007, 10.032515297539007] and parameters: {'k1': 0.0018697387216131526, 'D_low': 1.4002277211577039, 'k2': 0.045914852167405346, 'D_high': 32311.521854410956, 'fire_exp': 1.41873960828944, 'P_half': 3.591771421517613, 'pre_dampen_half': 30.456909077772018, 'gpp_af': 0.008117091133892173, 'gpp_b': 0.00807491410172472, 'gpp_d': 47.35384181058586, 'ign_k': 0.07867677706257832, 'ign_c': 29.690870944846793, 'trop_agb_crit': 8.0091368834625, 'trop_k_veg': 1.6648666152166967, 'fire_amp': 3.102033517490054}.
[I 2026-06-11 13:11:10,953] Trial 481 finished with values: [-0.6241522601494653, 0.16628642066720478] and parameters: {'k1': 0.08006837661379566, 'D_low': 236.79352040223893, 'k2': 0.045914852167405346, 'D_high': 32311.521854410956, 'fire_exp': 1.41873960828944, 'P_half': 5.4712187293420325, 'pre_dampen_half': 16.009350908593582, 'gpp_af': 0.060029341913968644, 'gpp_b': 0.0036065155862388338, 'gpp_d': 0.1619054449471649, 'ign_k': 0.0032383308053152635, 'ign_c': 7.081721844034206, 'trop_agb_crit': 8.0091368834625, 'trop_k_veg': 0.828441460847982, 'fire_amp': 1.5719333351012774}.
[I 2026-06-11 13:11:11,979] Trial 482 finished with values: [10.636765121329018, 10.636765121329018] and parameters: {'k1': 0.08409006963311547, 'D_low': 236.79352040223893, 'k2': 0.01567230746060024, 'D_high': 44974.07193749848, 'fire_exp': 3.2459542834651627, 'P_half': 5.4712187293420325, 'pre_dampen_half': 30.456909077772018, 'gpp_af': 1.3954498518315706, 'gpp_b': 0.12105864607844925, 'gpp_d': 47.35384181058586, 'ign_k': 7.544827057709847, 'ign_c': 29.690870944846793, 'trop_agb_crit': 8.0091368834625, 'trop_k_veg': 3.4439936249445045, 'fire_amp': 3.102033517490054}.
[I 2026-06-11 13:11:12,931] Trial 483 finished with values: [10.585973403215325, 10.585973403215325] and parameters: {'k1': 0.00010777889602079265, 'D_low': 1121.5915868662764, 'k2': 0.003767022142229395, 'D_high': 1817.0401889219124, 'fire_exp': 1.4848387260494937, 'P_half': 5.4712187293420325, 'pre_dampen_half': 1.8469033699850426, 'gpp_af': 0.0065783822580709386, 'gpp_b': 0.00012118589392553798, 'gpp_d': 96.93415502195788, 'ign_k': 0.012480180965117606, 'ign_c': 0.4177928311636542, 'trop_agb_crit': 11.664190932505923, 'trop_k_veg': 4.989748894578724, 'fire_amp': 1.5719333351012774}.
[I 2026-06-11 13:11:13,904] Trial 484 finished with values: [11.253316291527154, 11.253316291527154] and parameters: {'k1': 0.03648456083047798, 'D_low': 1.4002277211577039, 'k2': 0.045914852167405346, 'D_high': 32311.521854410956, 'fire_exp': 1.2060040899560858, 'P_half': 2.226799690893868, 'pre_dampen_half': 19.21689966904807, 'gpp_af': 0.060029341913968644, 'gpp_b': 0.0036065155862388338, 'gpp_d': 47.35384181058586, 'ign_k': 0.0032383308053152635, 'ign_c': 0.17036120617148395, 'trop_agb_crit': 8.0091368834625, 'trop_k_veg': 1.6648666152166967, 'fire_amp': 1.5180207449214471}.
[I 2026-06-11 13:11:14,845] Trial 485 finished with values: [-0.7289343021058539, 0.09602795597256975] and parameters: {'k1': 6.784924519083143e-05, 'D_low': 1.4002277211577039, 'k2': 1.1417577140741129e-05, 'D_high': 6682.9607218310075, 'fire_exp': 1.0420149135640993, 'P_half': 1265.0580856641704, 'pre_dampen_half': 30.456909077772018, 'gpp_af': 0.060029341913968644, 'gpp_b': 0.006999112505425414, 'gpp_d': 47.35384181058586, 'ign_k': 0.0014363112408604436, 'ign_c': 0.22592797420156951, 'trop_agb_crit': 1.8023542850487386, 'trop_k_veg': 1.6648666152166967, 'fire_amp': 5.869450070968175}.
[I 2026-06-11 13:11:15,839] Trial 486 finished with values: [11.513262890704851, 11.513262890704851] and parameters: {'k1': 0.0008362695993649681, 'D_low': 1.7551403048208316, 'k2': 0.019383858782150494, 'D_high': 69868.4759244566, 'fire_exp': 1.2060040899560858, 'P_half': 19.987581927614485, 'pre_dampen_half': 16.009350908593582, 'gpp_af': 0.10098504976210308, 'gpp_b': 0.001674375583895437, 'gpp_d': 1.336803341156552, 'ign_k': 0.001229921046579313, 'ign_c': 23.422386257929038, 'trop_agb_crit': 12.708819454040446, 'trop_k_veg': 2.99731137426955, 'fire_amp': 2.7806853670293616}.
[I 2026-06-11 13:11:16,784] Trial 487 finished with values: [10.609240470809, 10.609240470809] and parameters: {'k1': 0.012840669372724958, 'D_low': 1.7551403048208316, 'k2': 0.045914852167405346, 'D_high': 32311.521854410956, 'fire_exp': 1.41873960828944, 'P_half': 1241.3450098922583, 'pre_dampen_half': 4.603480758878793, 'gpp_af': 0.004511991819672033, 'gpp_b': 0.0036065155862388338, 'gpp_d': 0.1619054449471649, 'ign_k': 0.09256855841989636, 'ign_c': 29.690870944846793, 'trop_agb_crit': 8.0091368834625, 'trop_k_veg': 2.520089655463604, 'fire_amp': 3.102033517490054}.
[I 2026-06-11 13:11:17,732] Trial 488 finished with values: [10.686988036472622, 10.686988036472622] and parameters: {'k1': 0.05347027553411487, 'D_low': 1.4002277211577039, 'k2': 0.005204862686958021, 'D_high': 1817.0401889219124, 'fire_exp': 1.1593349727271403, 'P_half': 1265.0580856641704, 'pre_dampen_half': 269.0845367054866, 'gpp_af': 0.41874665092828456, 'gpp_b': 6.590619977704117, 'gpp_d': 1.4397852866783676, 'ign_k': 0.0032383308053152635, 'ign_c': 1.364908766641693, 'trop_agb_crit': 2.49652474515731, 'trop_k_veg': 5.453348988480011, 'fire_amp': 2.7556562114998226}.
[I 2026-06-11 13:11:18,695] Trial 489 finished with values: [-0.6081736971482088, 0.21989548641765277] and parameters: {'k1': 0.0008362695993649681, 'D_low': 236.79352040223893, 'k2': 0.02939607009739149, 'D_high': 6682.9607218310075, 'fire_exp': 1.2060040899560858, 'P_half': 2.226799690893868, 'pre_dampen_half': 1.8575807716793389, 'gpp_af': 0.060029341913968644, 'gpp_b': 0.001674375583895437, 'gpp_d': 1.336803341156552, 'ign_k': 0.001229921046579313, 'ign_c': 23.422386257929038, 'trop_agb_crit': 12.9667438075127, 'trop_k_veg': 2.99731137426955, 'fire_amp': 2.7806853670293616}.
[I 2026-06-11 13:11:19,741] Trial 490 finished with values: [10.459155860382289, 10.459155860382289] and parameters: {'k1': 0.0008362695993649681, 'D_low': 1074.940539517341, 'k2': 0.02939607009739149, 'D_high': 6682.9607218310075, 'fire_exp': 1.7220686611084326, 'P_half': 2.226799690893868, 'pre_dampen_half': 4.847666216751353, 'gpp_af': 1.7775411110039254, 'gpp_b': 0.001674375583895437, 'gpp_d': 1.4397852866783676, 'ign_k': 0.0032383308053152635, 'ign_c': 35.133466168692735, 'trop_agb_crit': 12.9667438075127, 'trop_k_veg': 2.99731137426955, 'fire_amp': 2.7806853670293616}.
[I 2026-06-11 13:11:20,720] Trial 491 finished with values: [13.146594614719966, 13.146594614719966] and parameters: {'k1': 0.012840669372724958, 'D_low': 236.79352040223893, 'k2': 0.02065142557895925, 'D_high': 32311.521854410956, 'fire_exp': 1.1490848108902036, 'P_half': 1.9678273362633985, 'pre_dampen_half': 4.603480758878793, 'gpp_af': 0.060029341913968644, 'gpp_b': 2.800940363375676e-05, 'gpp_d': 1.4397852866783676, 'ign_k': 0.0032383308053152635, 'ign_c': 0.9736725715035878, 'trop_agb_crit': 2.0527418919564324, 'trop_k_veg': 2.99731137426955, 'fire_amp': 5.615047466686494}.
[I 2026-06-11 13:11:21,669] Trial 492 finished with values: [10.734903061232423, 10.734903061232423] and parameters: {'k1': 0.003968136435370146, 'D_low': 1074.940539517341, 'k2': 0.01567230746060024, 'D_high': 6682.9607218310075, 'fire_exp': 3.2459542834651627, 'P_half': 5.4712187293420325, 'pre_dampen_half': 4.847666216751353, 'gpp_af': 1.7775411110039254, 'gpp_b': 0.12105864607844925, 'gpp_d': 94.19931479490882, 'ign_k': 0.004775640431359605, 'ign_c': 35.133466168692735, 'trop_agb_crit': 12.9667438075127, 'trop_k_veg': 0.6488368931910606, 'fire_amp': 2.818314238665462}.
[I 2026-06-11 13:11:22,602] Trial 493 finished with values: [11.441344566870155, 11.441344566870155] and parameters: {'k1': 0.0008362695993649681, 'D_low': 236.79352040223893, 'k2': 0.003767022142229395, 'D_high': 32311.521854410956, 'fire_exp': 1.2060040899560858, 'P_half': 2.226799690893868, 'pre_dampen_half': 28.01075698398644, 'gpp_af': 0.060029341913968644, 'gpp_b': 0.001674375583895437, 'gpp_d': 0.1619054449471649, 'ign_k': 0.0032383308053152635, 'ign_c': 2.226297338331262, 'trop_agb_crit': 12.708819454040446, 'trop_k_veg': 2.99731137426955, 'fire_amp': 2.7806853670293616}.
[I 2026-06-11 13:11:23,580] Trial 494 finished with values: [10.548090015650768, 10.548090015650768] and parameters: {'k1': 0.0009255037589041178, 'D_low': 236.79352040223893, 'k2': 0.003767022142229395, 'D_high': 32311.521854410956, 'fire_exp': 1.41873960828944, 'P_half': 1265.0580856641704, 'pre_dampen_half': 3.970724383334912, 'gpp_af': 0.41874665092828456, 'gpp_b': 0.0010520080391520565, 'gpp_d': 47.35384181058586, 'ign_k': 0.00840038491455979, 'ign_c': 29.690870944846793, 'trop_agb_crit': 8.0091368834625, 'trop_k_veg': 1.6648666152166967, 'fire_amp': 3.102033517490054}.
[I 2026-06-11 13:11:24,548] Trial 495 finished with values: [10.718423350505097, 10.718423350505097] and parameters: {'k1': 0.00026539376439360527, 'D_low': 2067.91871434888, 'k2': 0.045914852167405346, 'D_high': 1817.0401889219124, 'fire_exp': 1.41873960828944, 'P_half': 1.4551749476072258, 'pre_dampen_half': 1.4270448359329697, 'gpp_af': 0.008117091133892173, 'gpp_b': 0.006999112505425414, 'gpp_d': 1.4397852866783676, 'ign_k': 0.0032383308053152635, 'ign_c': 7.832259769732471, 'trop_agb_crit': 8.0091368834625, 'trop_k_veg': 2.99731137426955, 'fire_amp': 1.5180207449214471}.
[I 2026-06-11 13:11:25,548] Trial 496 finished with values: [10.769103933113811, 10.769103933113811] and parameters: {'k1': 0.03648456083047798, 'D_low': 9.882278532808778, 'k2': 0.0004976087827261435, 'D_high': 6682.9607218310075, 'fire_exp': 1.0601964743503993, 'P_half': 51.10120656497163, 'pre_dampen_half': 123.04779330083686, 'gpp_af': 1.9706963379095486, 'gpp_b': 1.4540386644083135e-05, 'gpp_d': 0.12878367369717508, 'ign_k': 0.29415751391396583, 'ign_c': 59.52904331761843, 'trop_agb_crit': 24.199763404822136, 'trop_k_veg': 1.6648666152166967, 'fire_amp': 4.2446263054164195}.
[I 2026-06-11 13:11:26,694] Trial 497 finished with values: [-0.6106409669528425, 0.22414239567433436] and parameters: {'k1': 0.03648456083047798, 'D_low': 236.79352040223893, 'k2': 0.003767022142229395, 'D_high': 6682.9607218310075, 'fire_exp': 1.41873960828944, 'P_half': 8.318314747941244, 'pre_dampen_half': 16.009350908593582, 'gpp_af': 1.9706963379095486, 'gpp_b': 0.05719024141066792, 'gpp_d': 34.18897529667503, 'ign_k': 0.00840038491455979, 'ign_c': 1.364908766641693, 'trop_agb_crit': 8.0091368834625, 'trop_k_veg': 0.6673124511410327, 'fire_amp': 1.5719333351012774}.
[I 2026-06-11 13:11:27,680] Trial 498 finished with values: [11.84675571440803, 11.84675571440803] and parameters: {'k1': 0.05347027553411487, 'D_low': 1.4002277211577039, 'k2': 1.1417577140741129e-05, 'D_high': 55.22071973135807, 'fire_exp': 1.0812994412809738, 'P_half': 8.318314747941244, 'pre_dampen_half': 220.35141300841897, 'gpp_af': 1.9706963379095486, 'gpp_b': 0.004411400434514031, 'gpp_d': 76.38081075786287, 'ign_k': 0.0032383308053152635, 'ign_c': 7.832259769732471, 'trop_agb_crit': 8.0091368834625, 'trop_k_veg': 1.6648666152166967, 'fire_amp': 1.348912780545359}.
[I 2026-06-11 13:11:28,637] Trial 499 finished with values: [10.656238308690874, 10.656238308690874] and parameters: {'k1': 0.006079905434073396, 'D_low': 1.4002277211577039, 'k2': 0.02065142557895925, 'D_high': 42.242359735170886, 'fire_exp': 1.0812994412809738, 'P_half': 2.226799690893868, 'pre_dampen_half': 4.847666216751353, 'gpp_af': 0.41874665092828456, 'gpp_b': 0.00047819318414852577, 'gpp_d': 594.7389794988394, 'ign_k': 0.0032383308053152635, 'ign_c': 1.364908766641693, 'trop_agb_crit': 8.0091368834625, 'trop_k_veg': 5.453348988480011, 'fire_amp': 1.3503088148200095}.
[I 2026-06-11 13:11:29,635] Trial 500 finished with values: [-0.7369862927956168, 0.05043549949103343] and parameters: {'k1': 0.00038698408508416947, 'D_low': 236.79352040223893, 'k2': 0.00037358626308127543, 'D_high': 1266.9536563782303, 'fire_exp': 1.2060040899560858, 'P_half': 93.43302657318476, 'pre_dampen_half': 28.01075698398644, 'gpp_af': 0.015627364027979502, 'gpp_b': 0.0010881810414580882, 'gpp_d': 0.09467055845337147, 'ign_k': 3.6309591863459096, 'ign_c': 23.422386257929038, 'trop_agb_crit': 12.9667438075127, 'trop_k_veg': 2.99731137426955, 'fire_amp': 2.7806853670293616}.
[I 2026-06-11 13:11:30,613] Trial 501 finished with values: [-0.5863594258892146, 0.31435044151338465] and parameters: {'k1': 0.03648456083047798, 'D_low': 148.21691630007544, 'k2': 0.019383858782150494, 'D_high': 6682.9607218310075, 'fire_exp': 1.0881065558452814, 'P_half': 2.226799690893868, 'pre_dampen_half': 4.847666216751353, 'gpp_af': 1.7775411110039254, 'gpp_b': 0.001674375583895437, 'gpp_d': 1.4397852866783676, 'ign_k': 0.0032383308053152635, 'ign_c': 0.17036120617148395, 'trop_agb_crit': 5.588032458772675, 'trop_k_veg': 2.99731137426955, 'fire_amp': 1.5180207449214471}.
[I 2026-06-11 13:11:31,595] Trial 502 finished with values: [10.705293636169745, 10.705293636169745] and parameters: {'k1': 0.05347027553411487, 'D_low': 1121.5915868662764, 'k2': 0.003767022142229395, 'D_high': 1817.0401889219124, 'fire_exp': 1.4848387260494937, 'P_half': 12.280874862135363, 'pre_dampen_half': 4.847666216751353, 'gpp_af': 0.41874665092828456, 'gpp_b': 0.004411400434514031, 'gpp_d': 96.93415502195788, 'ign_k': 0.012480180965117606, 'ign_c': 1.364908766641693, 'trop_agb_crit': 1.8566494291193822, 'trop_k_veg': 5.453348988480011, 'fire_amp': 1.5180207449214471}.
[I 2026-06-11 13:11:32,560] Trial 503 finished with values: [-0.6928237639371417, 0.06952550794347778] and parameters: {'k1': 0.03648456083047798, 'D_low': 148.21691630007544, 'k2': 0.019383858782150494, 'D_high': 6682.9607218310075, 'fire_exp': 1.2060040899560858, 'P_half': 2.226799690893868, 'pre_dampen_half': 4.847666216751353, 'gpp_af': 0.060029341913968644, 'gpp_b': 0.12105864607844925, 'gpp_d': 94.19931479490882, 'ign_k': 3.6309591863459096, 'ign_c': 2.2489542843914485, 'trop_agb_crit': 5.588032458772675, 'trop_k_veg': 0.6488368931910606, 'fire_amp': 2.818314238665462}.
[I 2026-06-11 13:11:33,509] Trial 504 finished with values: [10.116053215556024, 10.116053215556024] and parameters: {'k1': 0.08409006963311547, 'D_low': 1.4002277211577039, 'k2': 0.045914852167405346, 'D_high': 32311.521854410956, 'fire_exp': 1.0812994412809738, 'P_half': 1265.0580856641704, 'pre_dampen_half': 4.847666216751353, 'gpp_af': 0.41874665092828456, 'gpp_b': 0.004411400434514031, 'gpp_d': 47.35384181058586, 'ign_k': 0.09256855841989636, 'ign_c': 29.690870944846793, 'trop_agb_crit': 1.8566494291193822, 'trop_k_veg': 1.6648666152166967, 'fire_amp': 3.102033517490054}.
[I 2026-06-11 13:11:34,443] Trial 505 finished with values: [10.729296626225988, 10.729296626225988] and parameters: {'k1': 0.0008362695993649681, 'D_low': 1.4002277211577039, 'k2': 0.02939607009739149, 'D_high': 1817.0401889219124, 'fire_exp': 1.2060040899560858, 'P_half': 882.2833027501578, 'pre_dampen_half': 20.84599542460349, 'gpp_af': 29.700320404259642, 'gpp_b': 0.004411400434514031, 'gpp_d': 1.4397852866783676, 'ign_k': 0.001229921046579313, 'ign_c': 23.422386257929038, 'trop_agb_crit': 12.9667438075127, 'trop_k_veg': 2.99731137426955, 'fire_amp': 1.5180207449214471}.
[I 2026-06-11 13:11:35,377] Trial 506 finished with values: [10.57402093620301, 10.57402093620301] and parameters: {'k1': 6.784924519083143e-05, 'D_low': 236.79352040223893, 'k2': 0.0004976087827261435, 'D_high': 252.84086172415604, 'fire_exp': 1.4848387260494937, 'P_half': 12.280874862135363, 'pre_dampen_half': 170.71098124594695, 'gpp_af': 1.9706963379095486, 'gpp_b': 0.00012118589392553798, 'gpp_d': 76.38081075786287, 'ign_k': 0.012480180965117606, 'ign_c': 0.22592797420156951, 'trop_agb_crit': 8.462233625364036, 'trop_k_veg': 4.989748894578724, 'fire_amp': 4.1162797330133705}.
[I 2026-06-11 13:11:36,323] Trial 507 finished with values: [10.239833752485493, 10.239833752485493] and parameters: {'k1': 0.0007916322947490366, 'D_low': 236.79352040223893, 'k2': 0.02939607009739149, 'D_high': 6682.9607218310075, 'fire_exp': 1.0601964743503993, 'P_half': 2.226799690893868, 'pre_dampen_half': 4.847666216751353, 'gpp_af': 29.700320404259642, 'gpp_b': 0.001674375583895437, 'gpp_d': 1.336803341156552, 'ign_k': 0.0032383308053152635, 'ign_c': 23.422386257929038, 'trop_agb_crit': 12.9667438075127, 'trop_k_veg': 2.99731137426955, 'fire_amp': 2.7806853670293616}.
[I 2026-06-11 13:11:37,301] Trial 508 finished with values: [10.7692307688997, 10.7692307688997] and parameters: {'k1': 0.012840669372724958, 'D_low': 236.79352040223893, 'k2': 0.0001280886335404798, 'D_high': 6682.9607218310075, 'fire_exp': 1.41873960828944, 'P_half': 5.4712187293420325, 'pre_dampen_half': 4.603480758878793, 'gpp_af': 0.008117091133892173, 'gpp_b': 0.0004125336560355494, 'gpp_d': 0.1619054449471649, 'ign_k': 2.3805746020770413, 'ign_c': 153.51441568398127, 'trop_agb_crit': 2.0527418919564324, 'trop_k_veg': 3.4439936249445045, 'fire_amp': 5.615047466686494}.
