[I 2026-07-24 02:13:59,484] Trial 1056 finished with value: 0.5240038214070994 and parameters: {'k1': 1.1526685426243886e-05, 'D_low': 1956.325701124491, 'k2': 0.01048277682501802, 'D_high': 790094.9608979212, 'fire_exp': 1.0220268756690607, 'P_half': 16.578113442318145, 'pre_dampen_half': 0.5251765103664463, 'gpp_af': 0.029838113743220887, 'gpp_b': 0.0003040522864575811, 'gpp_d': 1.2653678886387596, 'ign_k': 0.09184741791893149, 'ign_c': 26.51011980379336, 'trop_agb_crit': 12.121140751174066, 'trop_k_veg': 0.5739317874091071, 'gdp_gamma': 0.11474623878193721, 'fuel_k': 0.20790268850093507, 'fuel_half': 13.8667468566536}. Best is trial 335 with value: -0.6233152110406992.
[I 2026-07-24 02:13:59,940] Trial 1057 finished with value: 0.4838770161595226 and parameters: {'k1': 0.0009543682438476061, 'D_low': 3.627744727786726, 'k2': 0.04635215431725509, 'D_high': 22700.345824371787, 'fire_exp': 1.2264645723159915, 'P_half': 406.4254389212673, 'pre_dampen_half': 287.26118550660476, 'gpp_af': 0.006486296799524282, 'gpp_b': 1.0001738230972004e-05, 'gpp_d': 0.447477744758004, 'ign_k': 0.018392846748410994, 'ign_c': 1.0139765440307267, 'trop_agb_crit': 5.912539420273857, 'trop_k_veg': 1.0057354550143796, 'gdp_gamma': 0.13378788687257173, 'fuel_k': 0.020701535731758324, 'fuel_half': 16.138861113111915}. Best is trial 335 with value: -0.6233152110406992.
[I 2026-07-24 02:14:00,396] Trial 1058 finished with value: 0.49860819959364666 and parameters: {'k1': 2.3800917141432816e-05, 'D_low': 1.3140049768761575, 'k2': 0.0025981902938921465, 'D_high': 793182.2085573984, 'fire_exp': 1.0152920761327968, 'P_half': 3.595117929059915, 'pre_dampen_half': 5.084933722685924, 'gpp_af': 0.01678642775315152, 'gpp_b': 6.021843063542757e-05, 'gpp_d': 124.5582603850481, 'ign_k': 0.0091592065320941, 'ign_c': 0.3203588041970958, 'trop_agb_crit': 2.466635599249498, 'trop_k_veg': 1.0916668223528936, 'gdp_gamma': 1.122337696119431, 'fuel_k': 0.027697831903621697, 'fuel_half': 1.3535822377934756}. Best is trial 335 with value: -0.6233152110406992.
[I 2026-07-24 02:14:00,856] Trial 1059 finished with value: 0.4608807285239509 and parameters: {'k1': 2.0625760429386953e-05, 'D_low': 632.7308462713725, 'k2': 9.568152474567906e-05, 'D_high': 10461.615957106449, 'fire_exp': 1.0202845776458211, 'P_half': 35.895530866129796, 'pre_dampen_half': 26.074720138209287, 'gpp_af': 0.0023380256066982707, 'gpp_b': 1.0191134275990567e-05, 'gpp_d': 44.534003860586566, 'ign_k': 0.0023430802904531754, 'ign_c': 27.637871604450257, 'trop_agb_crit': 7.562755357516231, 'trop_k_veg': 1.584188146247304, 'gdp_gamma': 1.2382850619368102, 'fuel_k': 0.02585200756423546, 'fuel_half': 64.17242159303761}. Best is trial 335 with value: -0.6233152110406992.
[I 2026-07-24 02:14:01,310] Trial 1060 finished with value: 0.585755694153156 and parameters: {'k1': 3.3251037492108875e-05, 'D_low': 1.615362661331664, 'k2': 0.0006865334469250623, 'D_high': 162473.35398768735, 'fire_exp': 2.651400387143915, 'P_half': 1850.1855591203353, 'pre_dampen_half': 8.158131234806907, 'gpp_af': 0.0074755285699187385, 'gpp_b': 0.0006706615903146796, 'gpp_d': 0.6974312779274613, 'ign_k': 0.006060975169696422, 'ign_c': 6.852626328616189, 'trop_agb_crit': 5.868254194881062, 'trop_k_veg': 0.6803652818183904, 'gdp_gamma': 1.4905495112407081, 'fuel_k': 0.1607220795802182, 'fuel_half': 2.9341969091512627}. Best is trial 335 with value: -0.6233152110406992.
[I 2026-07-24 02:14:01,761] Trial 1061 finished with value: 0.5640273452697964 and parameters: {'k1': 0.00013158402870548682, 'D_low': 1.8793905381789635, 'k2': 0.0014993647361824524, 'D_high': 79682.8053803652, 'fire_exp': 1.5299125139990497, 'P_half': 237.27443689121176, 'pre_dampen_half': 1.0628293965968167, 'gpp_af': 0.007233317823745812, 'gpp_b': 0.00020382168800866856, 'gpp_d': 0.33280163856527634, 'ign_k': 0.002581278508207274, 'ign_c': 0.20940131071434967, 'trop_agb_crit': 7.16584001526191, 'trop_k_veg': 0.5246606280364289, 'gdp_gamma': 0.2324338582443911, 'fuel_k': 0.02933896079911033, 'fuel_half': 46.60389177461957}. Best is trial 335 with value: -0.6233152110406992.
[I 2026-07-24 02:14:02,221] Trial 1062 finished with value: 0.6016540488337071 and parameters: {'k1': 0.002822662691242657, 'D_low': 8.548693934808615, 'k2': 0.0008649011157674822, 'D_high': 1510.5703435510256, 'fire_exp': 1.0893476292553674, 'P_half': 1295.6917161037977, 'pre_dampen_half': 0.29480602386984883, 'gpp_af': 0.005431260272847315, 'gpp_b': 1.7063584357247472e-05, 'gpp_d': 5.322933651849317, 'ign_k': 0.0026698446338583566, 'ign_c': 1.3472375982760603, 'trop_agb_crit': 4.398880306166159, 'trop_k_veg': 1.6021514361097708, 'gdp_gamma': 0.6289219801694426, 'fuel_k': 0.0147353526674741, 'fuel_half': 2.2167419855314594}. Best is trial 335 with value: -0.6233152110406992.
[I 2026-07-24 02:14:02,674] Trial 1063 finished with value: 0.40767877252495965 and parameters: {'k1': 0.0006050636340438915, 'D_low': 628.2739068603228, 'k2': 7.163740073686298e-05, 'D_high': 2381949.2695297822, 'fire_exp': 1.227372779041315, 'P_half': 18.296397988084966, 'pre_dampen_half': 1.2037703663679855, 'gpp_af': 0.013507770348798067, 'gpp_b': 3.263883532610717e-05, 'gpp_d': 14.962878441333828, 'ign_k': 0.014444440982822368, 'ign_c': 50.95808222456064, 'trop_agb_crit': 1.6658479097099015, 'trop_k_veg': 2.390315384670251, 'gdp_gamma': 1.17540742689695, 'fuel_k': 0.040721017625562995, 'fuel_half': 17.22954678094634}. Best is trial 335 with value: -0.6233152110406992.
[I 2026-07-24 02:14:03,153] Trial 1064 finished with value: 0.45839968761276195 and parameters: {'k1': 5.183457864801826e-05, 'D_low': 708.389592985055, 'k2': 0.07702481421037904, 'D_high': 1716567.929207262, 'fire_exp': 1.5781571974451105, 'P_half': 96.58289690689091, 'pre_dampen_half': 0.47294653786607094, 'gpp_af': 0.279151999397273, 'gpp_b': 7.250787670095921e-05, 'gpp_d': 1.5035753049885512, 'ign_k': 0.04808750546754687, 'ign_c': 12.805961648453485, 'trop_agb_crit': 21.390111157173543, 'trop_k_veg': 1.3187116531613798, 'gdp_gamma': 0.3959735730660269, 'fuel_k': 0.24862647557553566, 'fuel_half': 69.02898046947942}. Best is trial 335 with value: -0.6233152110406992.
[I 2026-07-24 02:14:03,613] Trial 1065 finished with value: 0.4405109639395237 and parameters: {'k1': 0.00017370692756907, 'D_low': 50.83102060481002, 'k2': 0.0003292683492643814, 'D_high': 5156677.928971694, 'fire_exp': 1.1031970877681405, 'P_half': 10.779821255852484, 'pre_dampen_half': 0.01332662824692899, 'gpp_af': 0.025766538067786997, 'gpp_b': 0.00025593338660719164, 'gpp_d': 55.62030864661085, 'ign_k': 0.001799848413406956, 'ign_c': 2.9298547415916047, 'trop_agb_crit': 1.27209422138979, 'trop_k_veg': 1.1863492800782987, 'gdp_gamma': 1.324125624282913, 'fuel_k': 0.03883889175079996, 'fuel_half': 7.443967163306088}. Best is trial 335 with value: -0.6233152110406992.
[I 2026-07-24 02:14:04,075] Trial 1066 finished with value: 0.5995125936848362 and parameters: {'k1': 3.221453226788417e-05, 'D_low': 1.1272089462934707, 'k2': 0.005921932597911831, 'D_high': 540383.775859241, 'fire_exp': 2.633112147343696, 'P_half': 2654.8140031473818, 'pre_dampen_half': 426.0699939928006, 'gpp_af': 0.001476957161462922, 'gpp_b': 5.8516689336323036e-05, 'gpp_d': 64.73145538788933, 'ign_k': 0.01352397825048003, 'ign_c': 1.958874588316537, 'trop_agb_crit': 1.284622310338131, 'trop_k_veg': 1.2717036959569454, 'gdp_gamma': 0.13583637391834233, 'fuel_k': 0.35927317109476864, 'fuel_half': 6.38938186163216}. Best is trial 335 with value: -0.6233152110406992.
[I 2026-07-24 02:14:04,529] Trial 1067 finished with value: 0.40866841061730874 and parameters: {'k1': 0.00014406357555577583, 'D_low': 3.89883921897212, 'k2': 0.0022096142386033805, 'D_high': 2951528.1364229424, 'fire_exp': 1.475058063097962, 'P_half': 500.59976295999286, 'pre_dampen_half': 49.41783055122124, 'gpp_af': 0.001161929564804622, 'gpp_b': 8.631342166758819e-05, 'gpp_d': 0.4633356849562111, 'ign_k': 0.0032941893735489716, 'ign_c': 0.3638321548512768, 'trop_agb_crit': 2.5675268241618623, 'trop_k_veg': 1.7933137109657542, 'gdp_gamma': 1.5217577657476646, 'fuel_k': 0.06303226925037805, 'fuel_half': 0.8812085884500837}. Best is trial 335 with value: -0.6233152110406992.
[I 2026-07-24 02:14:04,989] Trial 1068 finished with value: 0.5952273305517635 and parameters: {'k1': 0.00040290625566379804, 'D_low': 1.7246327038696394, 'k2': 8.050818773943437e-05, 'D_high': 10365.058147548685, 'fire_exp': 3.385333669941329, 'P_half': 294.656922515576, 'pre_dampen_half': 2.096022089434441, 'gpp_af': 0.0018111510219526322, 'gpp_b': 3.4545025254590474e-05, 'gpp_d': 16.41390924076672, 'ign_k': 0.008120104230759682, 'ign_c': 1.4768448427861693, 'trop_agb_crit': 1.959495468764257, 'trop_k_veg': 0.5571076380943099, 'gdp_gamma': 0.5588686428641547, 'fuel_k': 0.01007642557086685, 'fuel_half': 2.296073259314911}. Best is trial 335 with value: -0.6233152110406992.
[I 2026-07-24 02:14:05,467] Trial 1069 finished with value: 0.5555298541609073 and parameters: {'k1': 4.084369580784332e-05, 'D_low': 3.7846949055929984, 'k2': 0.03317321274234345, 'D_high': 6071190.732954123, 'fire_exp': 1.1383430744077598, 'P_half': 8.839082555155182, 'pre_dampen_half': 23.11072886246767, 'gpp_af': 1.5756566320276089, 'gpp_b': 0.00032992677271087676, 'gpp_d': 2.825468482846484, 'ign_k': 1.502566524584283, 'ign_c': 4.691298255511453, 'trop_agb_crit': 17.948241407619918, 'trop_k_veg': 0.6432152190108897, 'gdp_gamma': 0.31975553561320114, 'fuel_k': 4.9855961034713925, 'fuel_half': 5.17981401750251}. Best is trial 335 with value: -0.6233152110406992.
[I 2026-07-24 02:14:05,922] Trial 1070 finished with value: 0.5770400170321961 and parameters: {'k1': 3.811178552035174e-05, 'D_low': 5.717236145248453, 'k2': 0.00011707421192025463, 'D_high': 5928545.791285007, 'fire_exp': 2.2223914380324605, 'P_half': 4.335116289413038, 'pre_dampen_half': 0.10140238093371524, 'gpp_af': 0.03527863157522849, 'gpp_b': 1.19392523035979e-05, 'gpp_d': 378.5153536455582, 'ign_k': 0.027357039228068796, 'ign_c': 136.79720558186872, 'trop_agb_crit': 1.0866444358912553, 'trop_k_veg': 2.3695507107888014, 'gdp_gamma': 0.6764932051077519, 'fuel_k': 0.03834966312589046, 'fuel_half': 8.953636639625481}. Best is trial 335 with value: -0.6233152110406992.
[I 2026-07-24 02:14:06,384] Trial 1071 finished with value: 0.5630680858021923 and parameters: {'k1': 1.6938397986062434e-05, 'D_low': 205.6407521487457, 'k2': 0.000862363604998707, 'D_high': 1254375.7598684472, 'fire_exp': 2.0235972137341918, 'P_half': 25.618003890560527, 'pre_dampen_half': 0.053514676068636156, 'gpp_af': 0.0017935099205805714, 'gpp_b': 2.4462483080494857e-05, 'gpp_d': 10.528809231231733, 'ign_k': 0.0036853884072489368, 'ign_c': 0.177909177713488, 'trop_agb_crit': 1.1718148174296086, 'trop_k_veg': 1.6467097264586146, 'gdp_gamma': 0.5796232534428075, 'fuel_k': 0.1006431150688867, 'fuel_half': 1.9345423563820978}. Best is trial 335 with value: -0.6233152110406992.
[I 2026-07-24 02:14:06,843] Trial 1072 finished with value: 0.5226686601217748 and parameters: {'k1': 7.245327186499065e-05, 'D_low': 4.879240370235507, 'k2': 0.0009178239304755711, 'D_high': 1415068.673108318, 'fire_exp': 1.32381403538205, 'P_half': 987.3458844585052, 'pre_dampen_half': 87.11580535872287, 'gpp_af': 0.010199882506813591, 'gpp_b': 0.00013313364516356473, 'gpp_d': 17.57792843422616, 'ign_k': 0.0020843371110319474, 'ign_c': 1.4977659816509494, 'trop_agb_crit': 3.3984186608707248, 'trop_k_veg': 0.9977219438676896, 'gdp_gamma': 0.17044354583750193, 'fuel_k': 0.02806683346496619, 'fuel_half': 43.08586049288393}. Best is trial 335 with value: -0.6233152110406992.
[I 2026-07-24 02:14:07,297] Trial 1073 finished with value: 0.4364101051459296 and parameters: {'k1': 3.397092751864388e-05, 'D_low': 1.8124860599066304, 'k2': 0.0010311524601551996, 'D_high': 24519.989333434576, 'fire_exp': 1.4332996430332383, 'P_half': 57.1003017567089, 'pre_dampen_half': 128.72946876587042, 'gpp_af': 0.003547985185071466, 'gpp_b': 1.6473994657844773e-05, 'gpp_d': 0.33252832042902497, 'ign_k': 0.0026664188106702014, 'ign_c': 0.9712675093783864, 'trop_agb_crit': 7.254547121924165, 'trop_k_veg': 0.9954372686118031, 'gdp_gamma': 0.5823280559915811, 'fuel_k': 0.08033338528816594, 'fuel_half': 2.855978055635336}. Best is trial 335 with value: -0.6233152110406992.
[I 2026-07-24 02:14:07,753] Trial 1074 finished with value: 0.4088329485572174 and parameters: {'k1': 0.011788046708073825, 'D_low': 5.755789737980093, 'k2': 1.0857668763998768e-05, 'D_high': 7792262.162926899, 'fire_exp': 1.3717248652358798, 'P_half': 12.474210897219892, 'pre_dampen_half': 18.899030404401763, 'gpp_af': 0.03281938220626768, 'gpp_b': 0.00026165587950461, 'gpp_d': 0.9170693742982725, 'ign_k': 0.002197839992482289, 'ign_c': 3.405842228644263, 'trop_agb_crit': 1.5103637684565234, 'trop_k_veg': 0.8877811814606783, 'gdp_gamma': 0.3576563479869033, 'fuel_k': 0.05965085903748805, 'fuel_half': 8.901956999966332}. Best is trial 335 with value: -0.6233152110406992.
[I 2026-07-24 02:14:08,211] Trial 1075 finished with value: 0.5815412492284835 and parameters: {'k1': 4.9756469565680436e-05, 'D_low': 12.624756592092396, 'k2': 0.0007822500039481652, 'D_high': 1691335.2787216576, 'fire_exp': 9.275692252815606, 'P_half': 18.550197218622454, 'pre_dampen_half': 2.601532516844234, 'gpp_af': 0.005413108094356663, 'gpp_b': 0.00031176307597542284, 'gpp_d': 12.133279251438633, 'ign_k': 0.07124887060583548, 'ign_c': 6.072410020494667, 'trop_agb_crit': 21.211481601787955, 'trop_k_veg': 0.8963127137103161, 'gdp_gamma': 0.0017774456147255772, 'fuel_k': 1.1657799494618382, 'fuel_half': 0.5388551276983096}. Best is trial 335 with value: -0.6233152110406992.
[I 2026-07-24 02:14:08,664] Trial 1076 finished with value: 0.45817244728708806 and parameters: {'k1': 0.0002563510980307529, 'D_low': 1.6488272631534633, 'k2': 0.001049721781579686, 'D_high': 2881326.4823379577, 'fire_exp': 1.8582452949123736, 'P_half': 1099.1838833107345, 'pre_dampen_half': 9.591584644090426, 'gpp_af': 0.008513892931046024, 'gpp_b': 1.4597146297046496e-05, 'gpp_d': 2.173989654890697, 'ign_k': 0.03532198689141062, 'ign_c': 2.7267446300165226, 'trop_agb_crit': 2.38196117232662, 'trop_k_veg': 0.6330329250293738, 'gdp_gamma': 0.689082741153345, 'fuel_k': 0.30021106062699326, 'fuel_half': 1.1120164051240893}. Best is trial 335 with value: -0.6233152110406992.
[I 2026-07-24 02:14:09,127] Trial 1077 finished with value: 0.5282768918842644 and parameters: {'k1': 0.0004105875731147377, 'D_low': 3.713658791014082, 'k2': 0.0010480132788653726, 'D_high': 788923.1063286663, 'fire_exp': 2.3375982847816403, 'P_half': 68.02012598213295, 'pre_dampen_half': 41.33830434958746, 'gpp_af': 0.0011493691396347234, 'gpp_b': 5.595559244413603e-05, 'gpp_d': 4.889235870783129, 'ign_k': 0.0011018491897986573, 'ign_c': 3.829985702961806, 'trop_agb_crit': 4.407787466439284, 'trop_k_veg': 1.2521766698644439, 'gdp_gamma': 0.21748286095135042, 'fuel_k': 0.027596194148588177, 'fuel_half': 3.874566115865207}. Best is trial 335 with value: -0.6233152110406992.
[I 2026-07-24 02:14:09,581] Trial 1078 finished with value: -0.6072908496614536 and parameters: {'k1': 0.00287368769888833, 'D_low': 67.1899472397089, 'k2': 0.0004558058202921882, 'D_high': 588179.0619614939, 'fire_exp': 1.0983920581303919, 'P_half': 29.799576651659336, 'pre_dampen_half': 0.21394445053243416, 'gpp_af': 0.007384938426354682, 'gpp_b': 0.0005399643843672055, 'gpp_d': 11.266677235314393, 'ign_k': 0.007508343180655996, 'ign_c': 13.868886541621187, 'trop_agb_crit': 2.3182024948200564, 'trop_k_veg': 1.635218614884818, 'gdp_gamma': 1.8695912298813637, 'fuel_k': 0.018625648469373642, 'fuel_half': 5.1439988023650915}. Best is trial 335 with value: -0.6233152110406992.
[I 2026-07-24 02:14:10,034] Trial 1079 finished with value: 0.5325175514637346 and parameters: {'k1': 0.0006891617464652082, 'D_low': 1.7847674982962043, 'k2': 0.000702708572138503, 'D_high': 510383.85738744884, 'fire_exp': 2.2855939350571526, 'P_half': 438.8893412540986, 'pre_dampen_half': 0.35693755547355455, 'gpp_af': 0.005242501781295013, 'gpp_b': 1.6868291152395065e-05, 'gpp_d': 1.5264014131692651, 'ign_k': 0.005955303328650067, 'ign_c': 0.5510874390321876, 'trop_agb_crit': 5.109560284507728, 'trop_k_veg': 1.6773252451289866, 'gdp_gamma': 0.9490672147994028, 'fuel_k': 0.019052696116073152, 'fuel_half': 6.870841246547607}. Best is trial 335 with value: -0.6233152110406992.
[I 2026-07-24 02:14:10,495] Trial 1080 finished with value: 0.5176205612957689 and parameters: {'k1': 0.008591055013596218, 'D_low': 1069.426614756567, 'k2': 0.0008946130146942531, 'D_high': 90522.15651017828, 'fire_exp': 1.039897741300782, 'P_half': 209.02401661898676, 'pre_dampen_half': 0.09648022734360202, 'gpp_af': 0.0028657232313157636, 'gpp_b': 0.00019900549787236495, 'gpp_d': 25.530849972453865, 'ign_k': 0.004492438859836465, 'ign_c': 40.50333771242884, 'trop_agb_crit': 1.3628502809860694, 'trop_k_veg': 2.1251083561762996, 'gdp_gamma': 0.44938563838054113, 'fuel_k': 0.036749244971591925, 'fuel_half': 16.948373662273315}. Best is trial 335 with value: -0.6233152110406992.
[I 2026-07-24 02:14:10,951] Trial 1081 finished with value: 0.4261781264484761 and parameters: {'k1': 0.00041606577164107945, 'D_low': 2.8449079686639895, 'k2': 0.0008151267482727314, 'D_high': 51254.21662655645, 'fire_exp': 1.8252386793598216, 'P_half': 176.0200637183138, 'pre_dampen_half': 6.362565208171584, 'gpp_af': 0.0019446989580128812, 'gpp_b': 0.00019728882346961858, 'gpp_d': 1.5332869025708353, 'ign_k': 0.005561149800557911, 'ign_c': 0.19157929527479142, 'trop_agb_crit': 2.77901143418128, 'trop_k_veg': 1.6376101559401999, 'gdp_gamma': 1.1932295887916162, 'fuel_k': 0.017159780368232295, 'fuel_half': 11.764210849414845}. Best is trial 335 with value: -0.6233152110406992.
[I 2026-07-24 02:14:11,407] Trial 1082 finished with value: -0.5997487124860266 and parameters: {'k1': 0.006144607157264218, 'D_low': 5.489460963140436, 'k2': 8.129993264073434e-05, 'D_high': 708238.4441142995, 'fire_exp': 1.8946840592839593, 'P_half': 6.666634488302799, 'pre_dampen_half': 3.3965001700759903, 'gpp_af': 0.08209673970616918, 'gpp_b': 0.0009337488153603546, 'gpp_d': 0.43974185189938725, 'ign_k': 0.003364627063851705, 'ign_c': 0.3710599177014571, 'trop_agb_crit': 1.6766915419921868, 'trop_k_veg': 2.016819273268675, 'gdp_gamma': 1.9501748485038601, 'fuel_k': 0.12591425598247205, 'fuel_half': 0.9761082200104212}. Best is trial 335 with value: -0.6233152110406992.
[I 2026-07-24 02:14:11,953] Trial 1083 finished with value: 0.4288322216678633 and parameters: {'k1': 3.2303810004753205e-05, 'D_low': 16.87596842419364, 'k2': 0.0011110086564985549, 'D_high': 1029479.7219216026, 'fire_exp': 2.2372119197251292, 'P_half': 2.438134999301111, 'pre_dampen_half': 28.675082610898844, 'gpp_af': 0.0051826053087403266, 'gpp_b': 0.0019318925531352964, 'gpp_d': 3.8333755201406317, 'ign_k': 0.16762017195192455, 'ign_c': 0.15889589989002792, 'trop_agb_crit': 3.654514061278103, 'trop_k_veg': 2.500989238956816, 'gdp_gamma': 1.6050920717081563, 'fuel_k': 0.11426207556977061, 'fuel_half': 43.56529555224371}. Best is trial 335 with value: -0.6233152110406992.
[I 2026-07-24 02:14:12,422] Trial 1084 finished with value: 0.45018346069850657 and parameters: {'k1': 4.482313169105884e-05, 'D_low': 4.913776507266751, 'k2': 0.01271220632270113, 'D_high': 659891.8841075294, 'fire_exp': 1.7522013236121994, 'P_half': 14.153895584400514, 'pre_dampen_half': 36.08077658518223, 'gpp_af': 0.0022269278277500778, 'gpp_b': 3.9448657161243614e-05, 'gpp_d': 1.0903498035927714, 'ign_k': 0.014663681635930995, 'ign_c': 0.24873926630526713, 'trop_agb_crit': 1.8140762314576304, 'trop_k_veg': 0.9044126662681489, 'gdp_gamma': 1.8393439766656097, 'fuel_k': 0.12618290134171384, 'fuel_half': 1.0688223572518971}. Best is trial 335 with value: -0.6233152110406992.
[I 2026-07-24 02:14:12,876] Trial 1085 finished with value: 0.5423828007048631 and parameters: {'k1': 7.547741183279449e-05, 'D_low': 1.9270518717871208, 'k2': 0.010379904640901789, 'D_high': 643700.7305038443, 'fire_exp': 1.1649232271461392, 'P_half': 1442.388136667961, 'pre_dampen_half': 537.8700702968806, 'gpp_af': 0.0029646290104084405, 'gpp_b': 6.82635075607822e-05, 'gpp_d': 3.3543206107341486, 'ign_k': 0.004979050400739475, 'ign_c': 3.565395024132674, 'trop_agb_crit': 6.097428128858264, 'trop_k_veg': 0.6527058709824095, 'gdp_gamma': 0.044980167531839366, 'fuel_k': 0.21180557029322417, 'fuel_half': 3.509573545399275}. Best is trial 335 with value: -0.6233152110406992.
[I 2026-07-24 02:14:13,340] Trial 1086 finished with value: 0.5970849102523748 and parameters: {'k1': 3.931163721573722e-05, 'D_low': 2.3025324460772634, 'k2': 0.0006798577790760164, 'D_high': 14732.225636812058, 'fire_exp': 1.652964520880717, 'P_half': 448.7639902129143, 'pre_dampen_half': 357.0620093471128, 'gpp_af': 0.004155356686099531, 'gpp_b': 5.688268369103808e-05, 'gpp_d': 1.407397356731556, 'ign_k': 0.04770552951854757, 'ign_c': 47.62711343969599, 'trop_agb_crit': 5.947746133802623, 'trop_k_veg': 0.7625254309930106, 'gdp_gamma': 0.3283035028278932, 'fuel_k': 0.07160736301322591, 'fuel_half': 7.692110465921007}. Best is trial 335 with value: -0.6233152110406992.
[I 2026-07-24 02:14:13,800] Trial 1087 finished with value: 0.5675738543958271 and parameters: {'k1': 0.02389536390414549, 'D_low': 153.46434597620467, 'k2': 0.00036666212443872676, 'D_high': 906489.3496378316, 'fire_exp': 1.099983166734054, 'P_half': 29.760272575215744, 'pre_dampen_half': 0.018061260544532488, 'gpp_af': 0.11906315533475535, 'gpp_b': 0.008276297420177435, 'gpp_d': 5.0969070639070955, 'ign_k': 0.05331881364734655, 'ign_c': 59.332028315556926, 'trop_agb_crit': 6.278599048542872, 'trop_k_veg': 2.513845329798955, 'gdp_gamma': 0.5999183217242282, 'fuel_k': 0.028146817378236877, 'fuel_half': 4.830608044025002}. Best is trial 335 with value: -0.6233152110406992.
