[I 2026-06-09 12:18:25,337] Trial 858 finished with values: [10.85467137545232, 10.85467137545232] and parameters: {'k1': 1.263794633808287e-05, 'D_low': 35.02761367842313, 'k2': 0.0676863566564884, 'D_high': 39655.03094323017, 'fire_exp': 1.8327894231230046, 'P_half': 28.647019533509873, 'pre_dampen_half': 0.6319490093197183, 'gpp_af': 21.258647437649888, 'gpp_b': 0.002262927522655115, 'gpp_d': 500.2195003344709, 'ign_k': 0.0019264360371306567, 'ign_c': 18.43395662181926, 'trop_agb_crit': 1.5144860262751405, 'trop_k_veg': 4.51930447316402}.
[I 2026-06-09 12:18:28,010] Trial 859 finished with values: [10.244565445857683, 10.244565445857683] and parameters: {'k1': 0.015161591075671724, 'D_low': 102.53722513378383, 'k2': 0.0009749762207436118, 'D_high': 39655.03094323017, 'fire_exp': 2.10707132280748, 'P_half': 1.4045842344024697, 'pre_dampen_half': 11.164047352793695, 'gpp_af': 1.3218737536384089, 'gpp_b': 0.00977702299083608, 'gpp_d': 26.003623362924223, 'ign_k': 3.1536006085184716, 'ign_c': 0.22416664245892623, 'trop_agb_crit': 1.6369193980425034, 'trop_k_veg': 4.51930447316402}.
[I 2026-06-09 12:18:30,096] Trial 860 finished with values: [-0.5220641027419075, 0.1969154143466728] and parameters: {'k1': 0.01549659926581634, 'D_low': 125.32726386250698, 'k2': 8.488887549001697e-05, 'D_high': 39655.03094323017, 'fire_exp': 1.608176525358426, 'P_half': 28.647019533509873, 'pre_dampen_half': 566.2858823465564, 'gpp_af': 48.393732009256986, 'gpp_b': 0.021028749338578137, 'gpp_d': 26.003623362924223, 'ign_k': 0.3242143344038317, 'ign_c': 21.132597710340573, 'trop_agb_crit': 19.51558406059598, 'trop_k_veg': 4.8737397608275925}.
[I 2026-06-09 12:18:32,300] Trial 861 finished with values: [-0.5438053093030034, 0.1505234069571323] and parameters: {'k1': 0.028261051090193647, 'D_low': 2.3244932709566686, 'k2': 0.037633129263701104, 'D_high': 39655.03094323017, 'fire_exp': 2.4902446681314054, 'P_half': 1.4045842344024697, 'pre_dampen_half': 566.2858823465564, 'gpp_af': 0.5107061330406066, 'gpp_b': 0.0006809980431188124, 'gpp_d': 1.6983565276584263, 'ign_k': 0.3242143344038317, 'ign_c': 21.132597710340573, 'trop_agb_crit': 1.259515631748535, 'trop_k_veg': 4.51930447316402}.
[I 2026-06-09 12:18:34,551] Trial 862 finished with values: [-0.5140101203490277, 0.24337412876111808] and parameters: {'k1': 0.015161591075671724, 'D_low': 12.115155843077673, 'k2': 0.0005700142105246941, 'D_high': 3512.7047262708465, 'fire_exp': 1.060109541566103, 'P_half': 818.2111518618419, 'pre_dampen_half': 151.32148777056312, 'gpp_af': 0.32613327839065587, 'gpp_b': 2.036444166653217e-05, 'gpp_d': 1.2434469102435366, 'ign_k': 0.03871917261003672, 'ign_c': 1.0022396791143333, 'trop_agb_crit': 8.404607864475192, 'trop_k_veg': 5.06204715641377}.
[I 2026-06-09 12:18:36,549] Trial 863 finished with values: [10.824500498154132, 10.824500498154132] and parameters: {'k1': 6.404854675916172e-05, 'D_low': 2.3244932709566686, 'k2': 1.5412172709801895e-05, 'D_high': 18125.870836716233, 'fire_exp': 2.4902446681314054, 'P_half': 108.21382910613987, 'pre_dampen_half': 340.6909167027263, 'gpp_af': 1.3218737536384089, 'gpp_b': 0.0028993292583566945, 'gpp_d': 1.6983565276584263, 'ign_k': 0.3242143344038317, 'ign_c': 0.20319809838424974, 'trop_agb_crit': 19.51558406059598, 'trop_k_veg': 1.1517712915946832}.
[I 2026-06-09 12:18:38,589] Trial 864 finished with values: [-0.45762424762225, 0.31895354630410466] and parameters: {'k1': 6.404854675916172e-05, 'D_low': 12.115155843077673, 'k2': 4.540076719227351e-05, 'D_high': 26.198194454351665, 'fire_exp': 1.060109541566103, 'P_half': 149.35213816355395, 'pre_dampen_half': 340.6909167027263, 'gpp_af': 1.3218737536384089, 'gpp_b': 2.036444166653217e-05, 'gpp_d': 1.5988721385117124, 'ign_k': 0.3242143344038317, 'ign_c': 0.21234210963705627, 'trop_agb_crit': 19.51558406059598, 'trop_k_veg': 4.51930447316402}.
[I 2026-06-09 12:18:40,543] Trial 865 finished with values: [12.524960475200453, 12.524960475200453] and parameters: {'k1': 0.015161591075671724, 'D_low': 1.254144753902608, 'k2': 0.0005700142105246941, 'D_high': 39655.03094323017, 'fire_exp': 2.10707132280748, 'P_half': 1.4045842344024697, 'pre_dampen_half': 566.2858823465564, 'gpp_af': 1.3218737536384089, 'gpp_b': 0.002262927522655115, 'gpp_d': 26.003623362924223, 'ign_k': 3.1536006085184716, 'ign_c': 6.149080265244797, 'trop_agb_crit': 2.6695352180079177, 'trop_k_veg': 1.8981057964668895}.
[I 2026-06-09 12:18:42,833] Trial 866 finished with values: [-0.5125250317878196, 0.23604467190239153] and parameters: {'k1': 0.015161591075671724, 'D_low': 2.7012557725439073, 'k2': 0.0005700142105246941, 'D_high': 3512.7047262708465, 'fire_exp': 2.10707132280748, 'P_half': 50.32059347286801, 'pre_dampen_half': 340.6909167027263, 'gpp_af': 1.3218737536384089, 'gpp_b': 2.036444166653217e-05, 'gpp_d': 1.2434469102435366, 'ign_k': 0.25256742322170234, 'ign_c': 1.0022396791143333, 'trop_agb_crit': 2.6695352180079177, 'trop_k_veg': 5.06204715641377}.
[I 2026-06-09 12:18:44,449] Trial 867 finished with values: [10.76107586111322, 10.76107586111322] and parameters: {'k1': 0.015161591075671724, 'D_low': 2.7012557725439073, 'k2': 0.0005700142105246941, 'D_high': 3512.7047262708465, 'fire_exp': 3.2785320057129117, 'P_half': 149.35213816355395, 'pre_dampen_half': 566.2858823465564, 'gpp_af': 1.3218737536384089, 'gpp_b': 2.036444166653217e-05, 'gpp_d': 1.2434469102435366, 'ign_k': 0.3242143344038317, 'ign_c': 21.132597710340573, 'trop_agb_crit': 19.51558406059598, 'trop_k_veg': 1.8981057964668895}.
[I 2026-06-09 12:18:46,150] Trial 868 finished with values: [10.968019450390512, 10.968019450390512] and parameters: {'k1': 1.263794633808287e-05, 'D_low': 125.32726386250698, 'k2': 0.0009749762207436118, 'D_high': 39655.03094323017, 'fire_exp': 1.608176525358426, 'P_half': 28.647019533509873, 'pre_dampen_half': 566.2858823465564, 'gpp_af': 21.258647437649888, 'gpp_b': 1.7213644875359617e-05, 'gpp_d': 500.2195003344709, 'ign_k': 0.3242143344038317, 'ign_c': 1.887567630782227, 'trop_agb_crit': 1.6369193980425034, 'trop_k_veg': 4.8737397608275925}.
[I 2026-06-09 12:18:47,680] Trial 869 finished with values: [10.6724832632177, 10.6724832632177] and parameters: {'k1': 6.404854675916172e-05, 'D_low': 2.3244932709566686, 'k2': 1.5412172709801895e-05, 'D_high': 69868.4759244566, 'fire_exp': 2.4902446681314054, 'P_half': 1.4045842344024697, 'pre_dampen_half': 269.0845367054866, 'gpp_af': 1.3218737536384089, 'gpp_b': 0.002262927522655115, 'gpp_d': 1.5988721385117124, 'ign_k': 0.4303356629825978, 'ign_c': 0.20319809838424974, 'trop_agb_crit': 1.259515631748535, 'trop_k_veg': 4.51930447316402}.
[I 2026-06-09 12:18:49,313] Trial 870 finished with values: [10.793111329968273, 10.793111329968273] and parameters: {'k1': 0.007519407491506672, 'D_low': 4759.571911239684, 'k2': 0.0005700142105246941, 'D_high': 39655.03094323017, 'fire_exp': 1.4408046627835394, 'P_half': 50.32059347286801, 'pre_dampen_half': 340.6909167027263, 'gpp_af': 0.13767835510755025, 'gpp_b': 0.0028993292583566945, 'gpp_d': 1.6983565276584263, 'ign_k': 0.3242143344038317, 'ign_c': 21.132597710340573, 'trop_agb_crit': 2.6695352180079177, 'trop_k_veg': 1.8981057964668895}.
[I 2026-06-09 12:18:50,974] Trial 871 finished with values: [10.201015105708459, 10.201015105708459] and parameters: {'k1': 6.615437365561391e-05, 'D_low': 35.02761367842313, 'k2': 0.0009749762207436118, 'D_high': 18125.870836716233, 'fire_exp': 1.157110862187662, 'P_half': 108.21382910613987, 'pre_dampen_half': 17.849597677210657, 'gpp_af': 0.13767835510755025, 'gpp_b': 0.0028993292583566945, 'gpp_d': 26.003623362924223, 'ign_k': 0.3242143344038317, 'ign_c': 0.20319809838424974, 'trop_agb_crit': 1.6059119829430093, 'trop_k_veg': 4.51930447316402}.
[I 2026-06-09 12:18:52,568] Trial 872 finished with values: [10.849582772069333, 10.849582772069333] and parameters: {'k1': 1.263794633808287e-05, 'D_low': 10.16551026641873, 'k2': 0.037633129263701104, 'D_high': 39655.03094323017, 'fire_exp': 3.411597492629774, 'P_half': 17.655835392092534, 'pre_dampen_half': 3.0536370375523263, 'gpp_af': 91.367149130616, 'gpp_b': 1.7213644875359617e-05, 'gpp_d': 500.2195003344709, 'ign_k': 1.1215915868662767, 'ign_c': 18.43395662181926, 'trop_agb_crit': 2.064341235744835, 'trop_k_veg': 5.298925452109689}.
[I 2026-06-09 12:18:54,004] Trial 873 finished with values: [-0.49859184649020155, 0.26644535388092316] and parameters: {'k1': 6.824047755730435e-05, 'D_low': 12.115155843077673, 'k2': 0.06994589881535453, 'D_high': 18125.870836716233, 'fire_exp': 1.4848387260494937, 'P_half': 50.32059347286801, 'pre_dampen_half': 269.0845367054866, 'gpp_af': 1.3218737536384089, 'gpp_b': 0.002925302746048532, 'gpp_d': 1.5988721385117124, 'ign_k': 3.1536006085184716, 'ign_c': 1.8836925134820866, 'trop_agb_crit': 2.6695352180079177, 'trop_k_veg': 4.51930447316402}.
[I 2026-06-09 12:18:55,862] Trial 874 finished with values: [10.548967330509862, 10.548967330509862] and parameters: {'k1': 6.404854675916172e-05, 'D_low': 10.16551026641873, 'k2': 4.540076719227351e-05, 'D_high': 14268.845807630427, 'fire_exp': 1.060109541566103, 'P_half': 17.655835392092534, 'pre_dampen_half': 340.6909167027263, 'gpp_af': 1.3218737536384089, 'gpp_b': 2.036444166653217e-05, 'gpp_d': 1.5988721385117124, 'ign_k': 1.1215915868662767, 'ign_c': 0.21234210963705627, 'trop_agb_crit': 1.6059119829430093, 'trop_k_veg': 4.51930447316402}.
[I 2026-06-09 12:18:57,753] Trial 875 finished with values: [10.404619326999523, 10.404619326999523] and parameters: {'k1': 6.404854675916172e-05, 'D_low': 12.115155843077673, 'k2': 4.540076719227351e-05, 'D_high': 39655.03094323017, 'fire_exp': 2.10707132280748, 'P_half': 108.21382910613987, 'pre_dampen_half': 340.6909167027263, 'gpp_af': 1.3218737536384089, 'gpp_b': 0.00977702299083608, 'gpp_d': 26.003623362924223, 'ign_k': 5.276924233362289, 'ign_c': 1.8836925134820866, 'trop_agb_crit': 1.3063813396521713, 'trop_k_veg': 1.8981057964668895}.
[I 2026-06-09 12:18:59,601] Trial 876 finished with values: [10.860091524662105, 10.860091524662105] and parameters: {'k1': 5.105542986365652e-05, 'D_low': 125.32726386250698, 'k2': 0.0005700142105246941, 'D_high': 29.205563600251843, 'fire_exp': 2.10707132280748, 'P_half': 28.647019533509873, 'pre_dampen_half': 340.6909167027263, 'gpp_af': 21.258647437649888, 'gpp_b': 1.7213644875359617e-05, 'gpp_d': 26.003623362924223, 'ign_k': 0.3242143344038317, 'ign_c': 18.43395662181926, 'trop_agb_crit': 1.5144860262751405, 'trop_k_veg': 4.8737397608275925}.
[I 2026-06-09 12:19:01,482] Trial 877 finished with values: [-0.5074180079025551, 0.1927949587299862] and parameters: {'k1': 0.00515305301141249, 'D_low': 1.254144753902608, 'k2': 1.5412172709801895e-05, 'D_high': 14268.845807630427, 'fire_exp': 1.608176525358426, 'P_half': 1.4045842344024697, 'pre_dampen_half': 566.2858823465564, 'gpp_af': 0.01942738928156656, 'gpp_b': 0.002262927522655115, 'gpp_d': 26.003623362924223, 'ign_k': 0.3242143344038317, 'ign_c': 0.20319809838424974, 'trop_agb_crit': 1.3063813396521713, 'trop_k_veg': 4.51930447316402}.
[I 2026-06-09 12:19:04,045] Trial 878 finished with values: [11.323559927857461, 11.323559927857461] and parameters: {'k1': 0.007519407491506672, 'D_low': 12.115155843077673, 'k2': 0.0009749762207436118, 'D_high': 39655.03094323017, 'fire_exp': 2.10707132280748, 'P_half': 1.4045842344024697, 'pre_dampen_half': 340.6909167027263, 'gpp_af': 0.13767835510755025, 'gpp_b': 0.0028993292583566945, 'gpp_d': 122.2499084198278, 'ign_k': 3.1536006085184716, 'ign_c': 1.8836925134820866, 'trop_agb_crit': 2.6695352180079177, 'trop_k_veg': 1.1517712915946832}.
[I 2026-06-09 12:19:05,885] Trial 879 finished with values: [-0.540163281426741, 0.20428455474621177] and parameters: {'k1': 0.01549659926581634, 'D_low': 115.44738876452311, 'k2': 0.0005700142105246941, 'D_high': 333.0375276964647, 'fire_exp': 1.14171776851287, 'P_half': 1.8942844905792813, 'pre_dampen_half': 340.6909167027263, 'gpp_af': 1.3218737536384089, 'gpp_b': 0.00977702299083608, 'gpp_d': 26.003623362924223, 'ign_k': 3.1536006085184716, 'ign_c': 1.887567630782227, 'trop_agb_crit': 1.6369193980425034, 'trop_k_veg': 1.8981057964668895}.
[I 2026-06-09 12:19:07,812] Trial 880 finished with values: [10.594539132267355, 10.594539132267355] and parameters: {'k1': 1.263794633808287e-05, 'D_low': 125.32726386250698, 'k2': 0.0005700142105246941, 'D_high': 39655.03094323017, 'fire_exp': 2.10707132280748, 'P_half': 28.647019533509873, 'pre_dampen_half': 673.2248920775328, 'gpp_af': 21.258647437649888, 'gpp_b': 1.852874151213444, 'gpp_d': 500.2195003344709, 'ign_k': 0.3242143344038317, 'ign_c': 18.43395662181926, 'trop_agb_crit': 2.6695352180079177, 'trop_k_veg': 1.8981057964668895}.
[I 2026-06-09 12:19:09,788] Trial 881 finished with values: [10.41258875436794, 10.41258875436794] and parameters: {'k1': 0.029663798365255723, 'D_low': 1.533916259116362, 'k2': 0.037633129263701104, 'D_high': 69868.4759244566, 'fire_exp': 6.396249560187033, 'P_half': 17.655835392092534, 'pre_dampen_half': 11.164047352793695, 'gpp_af': 0.32613327839065587, 'gpp_b': 2.036444166653217e-05, 'gpp_d': 7.070472286699648, 'ign_k': 0.3242143344038317, 'ign_c': 1.0022396791143333, 'trop_agb_crit': 1.6369193980425034, 'trop_k_veg': 3.6260119779455584}.
[I 2026-06-09 12:19:11,734] Trial 882 finished with values: [-0.5072588846167435, 0.2632633347371135] and parameters: {'k1': 6.404854675916172e-05, 'D_low': 12.115155843077673, 'k2': 4.540076719227351e-05, 'D_high': 39655.03094323017, 'fire_exp': 1.608176525358426, 'P_half': 108.21382910613987, 'pre_dampen_half': 340.6909167027263, 'gpp_af': 1.3218737536384089, 'gpp_b': 0.002262927522655115, 'gpp_d': 89.15632969317363, 'ign_k': 0.4235909356730625, 'ign_c': 1.8836925134820866, 'trop_agb_crit': 1.3063813396521713, 'trop_k_veg': 4.51930447316402}.
[I 2026-06-09 12:19:13,776] Trial 883 finished with values: [11.000969638099845, 11.000969638099845] and parameters: {'k1': 6.404854675916172e-05, 'D_low': 12.115155843077673, 'k2': 4.540076719227351e-05, 'D_high': 39655.03094323017, 'fire_exp': 1.060109541566103, 'P_half': 108.21382910613987, 'pre_dampen_half': 340.6909167027263, 'gpp_af': 1.3218737536384089, 'gpp_b': 0.002262927522655115, 'gpp_d': 99.3234953243749, 'ign_k': 0.3242143344038317, 'ign_c': 1.8836925134820866, 'trop_agb_crit': 1.6059119829430093, 'trop_k_veg': 4.51930447316402}.
[I 2026-06-09 12:19:16,163] Trial 884 finished with values: [10.855689312137311, 10.855689312137311] and parameters: {'k1': 8.916132699546889e-05, 'D_low': 125.32726386250698, 'k2': 8.488887549001697e-05, 'D_high': 165.46896727581768, 'fire_exp': 3.411597492629774, 'P_half': 17.655835392092534, 'pre_dampen_half': 673.2248920775328, 'gpp_af': 1.3218737536384089, 'gpp_b': 1.7213644875359617e-05, 'gpp_d': 7.070472286699648, 'ign_k': 1.1215915868662767, 'ign_c': 0.9083381663660584, 'trop_agb_crit': 19.51558406059598, 'trop_k_veg': 4.8737397608275925}.
[I 2026-06-09 12:19:18,250] Trial 885 finished with values: [10.356493175119363, 10.356493175119363] and parameters: {'k1': 5.105542986365652e-05, 'D_low': 2.3244932709566686, 'k2': 0.06994589881535453, 'D_high': 14268.845807630427, 'fire_exp': 1.14171776851287, 'P_half': 1.4045842344024697, 'pre_dampen_half': 11.164047352793695, 'gpp_af': 0.0025386125063826667, 'gpp_b': 1.7213644875359617e-05, 'gpp_d': 1.6983565276584263, 'ign_k': 0.040918595179278996, 'ign_c': 1.887567630782227, 'trop_agb_crit': 1.6369193980425034, 'trop_k_veg': 1.0540721475196824}.
[I 2026-06-09 12:19:20,323] Trial 886 finished with values: [10.523469469706066, 10.523469469706066] and parameters: {'k1': 0.007519407491506672, 'D_low': 2.3244932709566686, 'k2': 1.5412172709801895e-05, 'D_high': 69868.4759244566, 'fire_exp': 3.411597492629774, 'P_half': 1.4045842344024697, 'pre_dampen_half': 566.2858823465564, 'gpp_af': 1.3218737536384089, 'gpp_b': 0.0028993292583566945, 'gpp_d': 7.070472286699648, 'ign_k': 1.1215915868662767, 'ign_c': 21.132597710340573, 'trop_agb_crit': 19.51558406059598, 'trop_k_veg': 1.1517712915946832}.
[I 2026-06-09 12:19:22,362] Trial 887 finished with values: [10.420144753247719, 10.420144753247719] and parameters: {'k1': 5.105542986365652e-05, 'D_low': 1.254144753902608, 'k2': 0.06994589881535453, 'D_high': 39655.03094323017, 'fire_exp': 1.4911609258941472, 'P_half': 1.4045842344024697, 'pre_dampen_half': 29.83701993880331, 'gpp_af': 21.258647437649888, 'gpp_b': 1.7213644875359617e-05, 'gpp_d': 26.003623362924223, 'ign_k': 0.3242143344038317, 'ign_c': 21.132597710340573, 'trop_agb_crit': 19.51558406059598, 'trop_k_veg': 4.8737397608275925}.
[I 2026-06-09 12:19:24,873] Trial 888 finished with values: [10.439202203410229, 10.439202203410229] and parameters: {'k1': 0.007519407491506672, 'D_low': 35.02761367842313, 'k2': 1.5412172709801895e-05, 'D_high': 41821.78526757458, 'fire_exp': 1.608176525358426, 'P_half': 71.44571308652827, 'pre_dampen_half': 17.849597677210657, 'gpp_af': 0.13767835510755025, 'gpp_b': 0.0006724850206557243, 'gpp_d': 1.6983565276584263, 'ign_k': 0.4235909356730625, 'ign_c': 0.20319809838424974, 'trop_agb_crit': 1.3063813396521713, 'trop_k_veg': 5.476805317861599}.
[I 2026-06-09 12:19:27,010] Trial 889 finished with values: [10.795378116555232, 10.795378116555232] and parameters: {'k1': 6.404854675916172e-05, 'D_low': 12.115155843077673, 'k2': 0.0005700142105246941, 'D_high': 18125.870836716233, 'fire_exp': 1.4848387260494937, 'P_half': 108.21382910613987, 'pre_dampen_half': 0.5376487404131278, 'gpp_af': 75.51809122179529, 'gpp_b': 0.002262927522655115, 'gpp_d': 16.027300759163822, 'ign_k': 1.949495578509049, 'ign_c': 0.21234210963705627, 'trop_agb_crit': 19.51558406059598, 'trop_k_veg': 4.51930447316402}.
[I 2026-06-09 12:19:29,086] Trial 890 finished with values: [11.588789435887461, 11.588789435887461] and parameters: {'k1': 0.007519407491506672, 'D_low': 2.3244932709566686, 'k2': 1.5412172709801895e-05, 'D_high': 39655.03094323017, 'fire_exp': 1.608176525358426, 'P_half': 3.3892116530894683, 'pre_dampen_half': 673.2248920775328, 'gpp_af': 21.258647437649888, 'gpp_b': 1.7213644875359617e-05, 'gpp_d': 500.2195003344709, 'ign_k': 0.5456725485601477, 'ign_c': 0.20319809838424974, 'trop_agb_crit': 1.5144860262751405, 'trop_k_veg': 1.1517712915946832}.
[I 2026-06-09 12:19:31,225] Trial 891 finished with values: [10.07248896372018, 10.07248896372018] and parameters: {'k1': 6.615437365561391e-05, 'D_low': 12.115155843077673, 'k2': 0.0005700142105246941, 'D_high': 28058.07870333385, 'fire_exp': 2.10707132280748, 'P_half': 1.4045842344024697, 'pre_dampen_half': 673.2248920775328, 'gpp_af': 1.3218737536384089, 'gpp_b': 0.00977702299083608, 'gpp_d': 467.0625946819548, 'ign_k': 3.1536006085184716, 'ign_c': 0.20319809838424974, 'trop_agb_crit': 1.259515631748535, 'trop_k_veg': 1.1517712915946832}.
[I 2026-06-09 12:19:33,289] Trial 892 finished with values: [-0.5573091574514251, 0.05608152365691743] and parameters: {'k1': 0.01549659926581634, 'D_low': 13.180029267201178, 'k2': 0.06994589881535453, 'D_high': 14268.845807630427, 'fire_exp': 2.10707132280748, 'P_half': 1.4045842344024697, 'pre_dampen_half': 566.2858823465564, 'gpp_af': 0.01942738928156656, 'gpp_b': 0.002262927522655115, 'gpp_d': 26.003623362924223, 'ign_k': 0.3242143344038317, 'ign_c': 21.132597710340573, 'trop_agb_crit': 19.51558406059598, 'trop_k_veg': 1.8981057964668895}.
[I 2026-06-09 12:19:35,643] Trial 893 finished with values: [10.889270908892113, 10.889270908892113] and parameters: {'k1': 6.404854675916172e-05, 'D_low': 12.115155843077673, 'k2': 4.540076719227351e-05, 'D_high': 14268.845807630427, 'fire_exp': 3.411597492629774, 'P_half': 149.35213816355395, 'pre_dampen_half': 566.2858823465564, 'gpp_af': 41.09471307831881, 'gpp_b': 2.036444166653217e-05, 'gpp_d': 0.2473046721099913, 'ign_k': 1.1215915868662767, 'ign_c': 21.132597710340573, 'trop_agb_crit': 1.6369193980425034, 'trop_k_veg': 4.51930447316402}.
[I 2026-06-09 12:19:37,780] Trial 894 finished with values: [10.87732527129931, 10.87732527129931] and parameters: {'k1': 0.01549659926581634, 'D_low': 12.115155843077673, 'k2': 0.06994589881535453, 'D_high': 14268.845807630427, 'fire_exp': 2.10707132280748, 'P_half': 1.4045842344024697, 'pre_dampen_half': 269.0845367054866, 'gpp_af': 0.01942738928156656, 'gpp_b': 0.002925302746048532, 'gpp_d': 1.5988721385117124, 'ign_k': 0.4303356629825978, 'ign_c': 0.21234210963705627, 'trop_agb_crit': 5.24142665140156, 'trop_k_veg': 4.51930447316402}.
[I 2026-06-09 12:19:39,836] Trial 895 finished with values: [10.825017931354413, 10.825017931354413] and parameters: {'k1': 9.969469187531805e-05, 'D_low': 2.3244932709566686, 'k2': 8.488887549001697e-05, 'D_high': 69868.4759244566, 'fire_exp': 4.038805488333972, 'P_half': 1.4045842344024697, 'pre_dampen_half': 673.2248920775328, 'gpp_af': 0.13767835510755025, 'gpp_b': 0.0028993292583566945, 'gpp_d': 1.6983565276584263, 'ign_k': 0.3242143344038317, 'ign_c': 18.43395662181926, 'trop_agb_crit': 1.259515631748535, 'trop_k_veg': 4.51930447316402}.
[I 2026-06-09 12:19:41,684] Trial 896 finished with values: [-0.5030432842352861, 0.2542273724636416] and parameters: {'k1': 6.615437365561391e-05, 'D_low': 12.115155843077673, 'k2': 0.037633129263701104, 'D_high': 14268.845807630427, 'fire_exp': 2.10707132280748, 'P_half': 50.32059347286801, 'pre_dampen_half': 340.6909167027263, 'gpp_af': 1.3218737536384089, 'gpp_b': 0.002262927522655115, 'gpp_d': 467.0625946819548, 'ign_k': 3.1536006085184716, 'ign_c': 1.8836925134820866, 'trop_agb_crit': 2.6695352180079177, 'trop_k_veg': 1.8981057964668895}.
