[I 2026-06-11 13:16:16,144] Trial 805 finished with values: [10.689846178809775, 10.689846178809775] and parameters: {'k1': 0.00038698408508416947, 'D_low': 1.4002277211577039, 'k2': 0.02939607009739149, 'D_high': 6682.9607218310075, 'fire_exp': 1.2060040899560858, 'P_half': 1265.0580856641704, 'pre_dampen_half': 30.456909077772018, 'gpp_af': 0.060029341913968644, 'gpp_b': 0.0036065155862388338, 'gpp_d': 545.0253444559129, 'ign_k': 3.6309591863459096, 'ign_c': 29.690870944846793, 'trop_agb_crit': 8.0091368834625, 'trop_k_veg': 1.6648666152166967, 'fire_amp': 2.7806853670293616}.
[I 2026-06-11 13:16:17,028] Trial 806 finished with values: [-0.6488169404192302, 0.01892960281770384] and parameters: {'k1': 0.0031213520322039886, 'D_low': 1.4002277211577039, 'k2': 0.045914852167405346, 'D_high': 6682.9607218310075, 'fire_exp': 1.41873960828944, 'P_half': 2.226799690893868, 'pre_dampen_half': 4.847666216751353, 'gpp_af': 0.002790115363936195, 'gpp_b': 0.001674375583895437, 'gpp_d': 545.0253444559129, 'ign_k': 3.6309591863459096, 'ign_c': 23.422386257929038, 'trop_agb_crit': 12.9667438075127, 'trop_k_veg': 1.6648666152166967, 'fire_amp': 3.102033517490054}.
[I 2026-06-11 13:16:17,947] Trial 807 finished with values: [-0.4910954298301936, 0.14210925190208124] and parameters: {'k1': 3.609310926766545e-05, 'D_low': 1.873653322520581, 'k2': 0.032141234030334316, 'D_high': 252.84086172415604, 'fire_exp': 1.4848387260494937, 'P_half': 5.4712187293420325, 'pre_dampen_half': 170.71098124594695, 'gpp_af': 0.060029341913968644, 'gpp_b': 0.00012118589392553798, 'gpp_d': 94.19931479490882, 'ign_k': 0.012480180965117606, 'ign_c': 23.422386257929038, 'trop_agb_crit': 11.664190932505923, 'trop_k_veg': 2.99731137426955, 'fire_amp': 1.5719333351012774}.
[I 2026-06-11 13:16:18,817] Trial 808 finished with values: [10.68562950980836, 10.68562950980836] and parameters: {'k1': 0.03648456083047798, 'D_low': 1.4002277211577039, 'k2': 0.045914852167405346, 'D_high': 32311.521854410956, 'fire_exp': 1.41873960828944, 'P_half': 2.226799690893868, 'pre_dampen_half': 0.013460448623833698, 'gpp_af': 0.060029341913968644, 'gpp_b': 0.0036065155862388338, 'gpp_d': 12.338826503601998, 'ign_k': 0.0032383308053152635, 'ign_c': 29.690870944846793, 'trop_agb_crit': 8.0091368834625, 'trop_k_veg': 0.9660523662864217, 'fire_amp': 1.5180207449214471}.
[I 2026-06-11 13:16:19,733] Trial 809 finished with values: [10.029362041005411, 10.029362041005411] and parameters: {'k1': 0.03648456083047798, 'D_low': 148.21691630007544, 'k2': 0.02939607009739149, 'D_high': 6682.9607218310075, 'fire_exp': 1.2060040899560858, 'P_half': 2.226799690893868, 'pre_dampen_half': 4.847666216751353, 'gpp_af': 0.00474057962703787, 'gpp_b': 0.001674375583895437, 'gpp_d': 545.0253444559129, 'ign_k': 0.0032383308053152635, 'ign_c': 23.422386257929038, 'trop_agb_crit': 12.9667438075127, 'trop_k_veg': 2.99731137426955, 'fire_amp': 1.5180207449214471}.
[I 2026-06-11 13:16:20,625] Trial 810 finished with values: [15.750322624526273, 15.750322624526273] and parameters: {'k1': 0.08006837661379566, 'D_low': 13.012518385211498, 'k2': 0.045914852167405346, 'D_high': 32311.521854410956, 'fire_exp': 1.41873960828944, 'P_half': 5.4712187293420325, 'pre_dampen_half': 30.456909077772018, 'gpp_af': 0.060029341913968644, 'gpp_b': 0.0036065155862388338, 'gpp_d': 0.7923715993309053, 'ign_k': 0.09256855841989636, 'ign_c': 7.081721844034206, 'trop_agb_crit': 8.462233625364036, 'trop_k_veg': 3.4439936249445045, 'fire_amp': 3.102033517490054}.
[I 2026-06-11 13:16:21,489] Trial 811 finished with values: [10.762250802186271, 10.762250802186271] and parameters: {'k1': 0.07119679541167405, 'D_low': 148.21691630007544, 'k2': 0.00037358626308127543, 'D_high': 6682.9607218310075, 'fire_exp': 1.2060040899560858, 'P_half': 93.43302657318476, 'pre_dampen_half': 5.593036834117395, 'gpp_af': 0.015627364027979502, 'gpp_b': 0.001674375583895437, 'gpp_d': 0.09467055845337147, 'ign_k': 7.299424898595565, 'ign_c': 1.364908766641693, 'trop_agb_crit': 12.9667438075127, 'trop_k_veg': 2.99731137426955, 'fire_amp': 2.170444898566564}.
[I 2026-06-11 13:16:22,359] Trial 812 finished with values: [10.633774984184308, 10.633774984184308] and parameters: {'k1': 6.784924519083143e-05, 'D_low': 236.79352040223893, 'k2': 0.0018588694009815867, 'D_high': 6682.9607218310075, 'fire_exp': 1.2060040899560858, 'P_half': 93.43302657318476, 'pre_dampen_half': 269.0845367054866, 'gpp_af': 0.008117091133892173, 'gpp_b': 0.0036065155862388338, 'gpp_d': 47.35384181058586, 'ign_k': 0.09256855841989636, 'ign_c': 29.690870944846793, 'trop_agb_crit': 2.49652474515731, 'trop_k_veg': 3.4439936249445045, 'fire_amp': 3.211868494428654}.
[I 2026-06-11 13:16:23,262] Trial 813 finished with values: [10.034927084386318, 10.034927084386318] and parameters: {'k1': 0.08409006963311547, 'D_low': 236.79352040223893, 'k2': 0.003767022142229395, 'D_high': 32311.521854410956, 'fire_exp': 1.41873960828944, 'P_half': 17.671138565264357, 'pre_dampen_half': 16.009350908593582, 'gpp_af': 0.008117091133892173, 'gpp_b': 0.0036065155862388338, 'gpp_d': 47.35384181058586, 'ign_k': 0.10581992548039146, 'ign_c': 29.690870944846793, 'trop_agb_crit': 8.0091368834625, 'trop_k_veg': 1.6911993818705504, 'fire_amp': 3.102033517490054}.
[I 2026-06-11 13:16:24,139] Trial 814 finished with values: [10.676324050903801, 10.676324050903801] and parameters: {'k1': 0.08006837661379566, 'D_low': 1.4002277211577039, 'k2': 1.1417577140741129e-05, 'D_high': 6682.9607218310075, 'fire_exp': 1.41873960828944, 'P_half': 2.226799690893868, 'pre_dampen_half': 4.847666216751353, 'gpp_af': 0.003375385817830422, 'gpp_b': 2.800940363375676e-05, 'gpp_d': 0.021780247871356784, 'ign_k': 0.09256855841989636, 'ign_c': 36.58518527736812, 'trop_agb_crit': 8.462233625364036, 'trop_k_veg': 1.6648666152166967, 'fire_amp': 1.5180207449214471}.
[I 2026-06-11 13:16:24,998] Trial 815 finished with values: [10.473686713791015, 10.473686713791015] and parameters: {'k1': 6.784924519083143e-05, 'D_low': 1.4002277211577039, 'k2': 1.1417577140741129e-05, 'D_high': 32311.521854410956, 'fire_exp': 1.41873960828944, 'P_half': 1265.0580856641704, 'pre_dampen_half': 30.456909077772018, 'gpp_af': 0.060029341913968644, 'gpp_b': 0.0036065155862388338, 'gpp_d': 0.1619054449471649, 'ign_k': 0.0014363112408604436, 'ign_c': 7.081721844034206, 'trop_agb_crit': 12.708819454040446, 'trop_k_veg': 0.828441460847982, 'fire_amp': 5.869450070968175}.
[I 2026-06-11 13:16:25,868] Trial 816 finished with values: [10.421536887421187, 10.421536887421187] and parameters: {'k1': 0.05347027553411487, 'D_low': 1.4002277211577039, 'k2': 0.02065142557895925, 'D_high': 1817.0401889219124, 'fire_exp': 1.41873960828944, 'P_half': 2.226799690893868, 'pre_dampen_half': 4.847666216751353, 'gpp_af': 0.002790115363936195, 'gpp_b': 0.001674375583895437, 'gpp_d': 0.12027930570908299, 'ign_k': 3.6309591863459096, 'ign_c': 1.364908766641693, 'trop_agb_crit': 1.8566494291193822, 'trop_k_veg': 5.453348988480011, 'fire_amp': 3.102033517490054}.
[I 2026-06-11 13:16:26,738] Trial 817 finished with values: [-0.6299257740256238, 0.1790445039313745] and parameters: {'k1': 0.08006837661379566, 'D_low': 236.79352040223893, 'k2': 0.045914852167405346, 'D_high': 6682.9607218310075, 'fire_exp': 1.41873960828944, 'P_half': 2.226799690893868, 'pre_dampen_half': 28.01075698398644, 'gpp_af': 0.060029341913968644, 'gpp_b': 0.004411400434514031, 'gpp_d': 1.4397852866783676, 'ign_k': 0.0032383308053152635, 'ign_c': 65.87536748686888, 'trop_agb_crit': 12.9667438075127, 'trop_k_veg': 2.99731137426955, 'fire_amp': 1.5180207449214471}.
[I 2026-06-11 13:16:27,599] Trial 818 finished with values: [10.724551548189387, 10.724551548189387] and parameters: {'k1': 0.0057293717735696316, 'D_low': 236.79352040223893, 'k2': 0.00037358626308127543, 'D_high': 32311.521854410956, 'fire_exp': 4.164740583255681, 'P_half': 93.43302657318476, 'pre_dampen_half': 28.01075698398644, 'gpp_af': 0.008117091133892173, 'gpp_b': 0.0010881810414580882, 'gpp_d': 17.82401184029455, 'ign_k': 0.0029519227433917453, 'ign_c': 29.690870944846793, 'trop_agb_crit': 8.0091368834625, 'trop_k_veg': 3.4439936249445045, 'fire_amp': 2.7806853670293616}.
[I 2026-06-11 13:16:28,522] Trial 819 finished with values: [10.750660904305398, 10.750660904305398] and parameters: {'k1': 0.0057293717735696316, 'D_low': 236.79352040223893, 'k2': 0.045914852167405346, 'D_high': 1266.9536563782303, 'fire_exp': 1.41873960828944, 'P_half': 2.226799690893868, 'pre_dampen_half': 28.01075698398644, 'gpp_af': 0.060029341913968644, 'gpp_b': 0.010307896803108956, 'gpp_d': 47.35384181058586, 'ign_k': 0.09256855841989636, 'ign_c': 65.87536748686888, 'trop_agb_crit': 12.9667438075127, 'trop_k_veg': 4.989748894578724, 'fire_amp': 3.102033517490054}.
[I 2026-06-11 13:16:29,392] Trial 820 finished with values: [-0.6832246771038137, 0.07941163859925027] and parameters: {'k1': 0.08409006963311547, 'D_low': 13.012518385211498, 'k2': 0.019383858782150494, 'D_high': 714.4571308652828, 'fire_exp': 1.41873960828944, 'P_half': 2.226799690893868, 'pre_dampen_half': 16.009350908593582, 'gpp_af': 0.008117091133892173, 'gpp_b': 8.168628001294799e-05, 'gpp_d': 94.19931479490882, 'ign_k': 0.002676132993402929, 'ign_c': 2.2489542843914485, 'trop_agb_crit': 1.23202873794675, 'trop_k_veg': 3.4439936249445045, 'fire_amp': 1.5719333351012774}.
[I 2026-06-11 13:16:30,273] Trial 821 finished with values: [11.43394184969242, 11.43394184969242] and parameters: {'k1': 6.784924519083143e-05, 'D_low': 1.4002277211577039, 'k2': 0.0004976087827261435, 'D_high': 13275.361137191961, 'fire_exp': 1.4848387260494937, 'P_half': 93.43302657318476, 'pre_dampen_half': 170.71098124594695, 'gpp_af': 0.060029341913968644, 'gpp_b': 0.001674375583895437, 'gpp_d': 5.981605330890935, 'ign_k': 0.09256855841989636, 'ign_c': 3.7623363852696734, 'trop_agb_crit': 5.588032458772675, 'trop_k_veg': 0.5588127200017643, 'fire_amp': 1.5719333351012774}.
[I 2026-06-11 13:16:31,133] Trial 822 finished with values: [10.061911714028614, 10.061911714028614] and parameters: {'k1': 0.08006837661379566, 'D_low': 236.79352040223893, 'k2': 0.003767022142229395, 'D_high': 6682.9607218310075, 'fire_exp': 1.2060040899560858, 'P_half': 2.226799690893868, 'pre_dampen_half': 4.847666216751353, 'gpp_af': 0.060029341913968644, 'gpp_b': 0.001674375583895437, 'gpp_d': 0.1619054449471649, 'ign_k': 0.0029519227433917453, 'ign_c': 65.87536748686888, 'trop_agb_crit': 8.0091368834625, 'trop_k_veg': 4.989748894578724, 'fire_amp': 1.5180207449214471}.
[I 2026-06-11 13:16:32,001] Trial 823 finished with values: [-0.7850709379314613, 0.016171620049239444] and parameters: {'k1': 0.08409006963311547, 'D_low': 1.4002277211577039, 'k2': 0.045914852167405346, 'D_high': 32311.521854410956, 'fire_exp': 1.41873960828944, 'P_half': 1265.0580856641704, 'pre_dampen_half': 79.2915624488668, 'gpp_af': 0.41874665092828456, 'gpp_b': 0.0036065155862388338, 'gpp_d': 1.336803341156552, 'ign_k': 0.09256855841989636, 'ign_c': 29.690870944846793, 'trop_agb_crit': 8.0091368834625, 'trop_k_veg': 6.030247256556128, 'fire_amp': 3.102033517490054}.
[I 2026-06-11 13:16:32,855] Trial 824 finished with values: [10.192797271002563, 10.192797271002563] and parameters: {'k1': 0.08409006963311547, 'D_low': 69.05604395130307, 'k2': 0.045914852167405346, 'D_high': 32311.521854410956, 'fire_exp': 1.41873960828944, 'P_half': 1.7086581483996572, 'pre_dampen_half': 30.456909077772018, 'gpp_af': 0.008117091133892173, 'gpp_b': 0.0036065155862388338, 'gpp_d': 47.35384181058586, 'ign_k': 0.09256855841989636, 'ign_c': 29.690870944846793, 'trop_agb_crit': 8.0091368834625, 'trop_k_veg': 1.6648666152166967, 'fire_amp': 3.102033517490054}.
[I 2026-06-11 13:16:33,755] Trial 825 finished with values: [10.836741926635797, 10.836741926635797] and parameters: {'k1': 3.609310926766545e-05, 'D_low': 236.79352040223893, 'k2': 0.005204862686958021, 'D_high': 1266.9536563782303, 'fire_exp': 1.41873960828944, 'P_half': 5.4712187293420325, 'pre_dampen_half': 170.71098124594695, 'gpp_af': 0.008117091133892173, 'gpp_b': 0.0036065155862388338, 'gpp_d': 5.981605330890935, 'ign_k': 0.0029519227433917453, 'ign_c': 75.30210437963517, 'trop_agb_crit': 8.0091368834625, 'trop_k_veg': 3.4439936249445045, 'fire_amp': 3.102033517490054}.
[I 2026-06-11 13:16:34,626] Trial 826 finished with values: [-0.6783886533145196, 0.07305198514159361] and parameters: {'k1': 3.609310926766545e-05, 'D_low': 236.79352040223893, 'k2': 0.005204862686958021, 'D_high': 6682.9607218310075, 'fire_exp': 1.811096651915224, 'P_half': 93.43302657318476, 'pre_dampen_half': 170.71098124594695, 'gpp_af': 0.015627364027979502, 'gpp_b': 0.006999112505425414, 'gpp_d': 942.6090081952854, 'ign_k': 0.0032383308053152635, 'ign_c': 7.832259769732471, 'trop_agb_crit': 8.0091368834625, 'trop_k_veg': 3.4439936249445045, 'fire_amp': 3.1543496524370136}.
[I 2026-06-11 13:16:35,821] Trial 827 finished with values: [10.554420762921493, 10.554420762921493] and parameters: {'k1': 0.08006837661379566, 'D_low': 236.79352040223893, 'k2': 1.702637694606324e-05, 'D_high': 1266.9536563782303, 'fire_exp': 1.2060040899560858, 'P_half': 93.43302657318476, 'pre_dampen_half': 28.01075698398644, 'gpp_af': 2.9865936975455876, 'gpp_b': 0.0036065155862388338, 'gpp_d': 0.1619054449471649, 'ign_k': 0.0029519227433917453, 'ign_c': 29.690870944846793, 'trop_agb_crit': 28.38004294664272, 'trop_k_veg': 3.4439936249445045, 'fire_amp': 2.7806853670293616}.
[I 2026-06-11 13:16:36,703] Trial 828 finished with values: [10.38763890202878, 10.38763890202878] and parameters: {'k1': 0.03648456083047798, 'D_low': 148.21691630007544, 'k2': 0.005204862686958021, 'D_high': 1266.9536563782303, 'fire_exp': 1.2060040899560858, 'P_half': 5.4712187293420325, 'pre_dampen_half': 4.847666216751353, 'gpp_af': 0.060029341913968644, 'gpp_b': 0.001674375583895437, 'gpp_d': 0.1570003140297517, 'ign_k': 0.0032383308053152635, 'ign_c': 65.87536748686888, 'trop_agb_crit': 1.6222566606523396, 'trop_k_veg': 4.989748894578724, 'fire_amp': 1.5180207449214471}.
[I 2026-06-11 13:16:37,568] Trial 829 finished with values: [10.061860420540212, 10.061860420540212] and parameters: {'k1': 0.0006042560675552671, 'D_low': 148.21691630007544, 'k2': 0.019383858782150494, 'D_high': 32311.521854410956, 'fire_exp': 1.811096651915224, 'P_half': 5.4712187293420325, 'pre_dampen_half': 30.456909077772018, 'gpp_af': 0.008117091133892173, 'gpp_b': 5.349456206882108e-05, 'gpp_d': 47.35384181058586, 'ign_k': 0.0032383308053152635, 'ign_c': 29.690870944846793, 'trop_agb_crit': 2.8052667649738585, 'trop_k_veg': 3.4439936249445045, 'fire_amp': 1.5180207449214471}.
[I 2026-06-11 13:16:38,453] Trial 830 finished with values: [-0.6837282656653068, 0.1307360666676114] and parameters: {'k1': 0.0057293717735696316, 'D_low': 236.79352040223893, 'k2': 0.045914852167405346, 'D_high': 32311.521854410956, 'fire_exp': 1.41873960828944, 'P_half': 2.226799690893868, 'pre_dampen_half': 350.88322284755304, 'gpp_af': 0.008117091133892173, 'gpp_b': 0.004411400434514031, 'gpp_d': 0.03200582711952312, 'ign_k': 0.012480180965117606, 'ign_c': 0.5232779509048977, 'trop_agb_crit': 8.0091368834625, 'trop_k_veg': 0.9660523662864217, 'fire_amp': 1.5719333351012774}.
[I 2026-06-11 13:16:39,342] Trial 831 finished with values: [10.542584150918078, 10.542584150918078] and parameters: {'k1': 0.00587009820297804, 'D_low': 1.4002277211577039, 'k2': 1.1417577140741129e-05, 'D_high': 17.74872630983488, 'fire_exp': 1.811096651915224, 'P_half': 5.4712187293420325, 'pre_dampen_half': 4.847666216751353, 'gpp_af': 0.060029341913968644, 'gpp_b': 0.001674375583895437, 'gpp_d': 5.981605330890935, 'ign_k': 0.09256855841989636, 'ign_c': 23.422386257929038, 'trop_agb_crit': 5.588032458772675, 'trop_k_veg': 4.0068236274914755, 'fire_amp': 3.211868494428654}.
[I 2026-06-11 13:16:40,258] Trial 832 finished with values: [-0.6841914044373831, 0.09122779141413306] and parameters: {'k1': 0.08006837661379566, 'D_low': 1.4002277211577039, 'k2': 1.1417577140741129e-05, 'D_high': 6682.9607218310075, 'fire_exp': 1.811096651915224, 'P_half': 109.0657807452408, 'pre_dampen_half': 269.0845367054866, 'gpp_af': 0.060029341913968644, 'gpp_b': 0.0036065155862388338, 'gpp_d': 5.981605330890935, 'ign_k': 0.0029519227433917453, 'ign_c': 3.7623363852696734, 'trop_agb_crit': 2.49652474515731, 'trop_k_veg': 4.0068236274914755, 'fire_amp': 2.7806853670293616}.
[I 2026-06-11 13:16:41,145] Trial 833 finished with values: [10.679636365108415, 10.679636365108415] and parameters: {'k1': 0.08006837661379566, 'D_low': 236.79352040223893, 'k2': 0.019383858782150494, 'D_high': 1266.9536563782303, 'fire_exp': 1.2060040899560858, 'P_half': 5.4712187293420325, 'pre_dampen_half': 28.01075698398644, 'gpp_af': 96.26851425803589, 'gpp_b': 0.0010881810414580882, 'gpp_d': 0.1619054449471649, 'ign_k': 0.0029519227433917453, 'ign_c': 65.87536748686888, 'trop_agb_crit': 12.9667438075127, 'trop_k_veg': 4.776259022974975, 'fire_amp': 2.7806853670293616}.
[I 2026-06-11 13:16:42,050] Trial 834 finished with values: [10.164043352380112, 10.164043352380112] and parameters: {'k1': 0.08409006963311547, 'D_low': 288.98663158858795, 'k2': 0.045914852167405346, 'D_high': 32311.521854410956, 'fire_exp': 1.41873960828944, 'P_half': 1.4551749476072258, 'pre_dampen_half': 30.456909077772018, 'gpp_af': 0.008117091133892173, 'gpp_b': 0.006999112505425414, 'gpp_d': 0.33983499890855334, 'ign_k': 0.09256855841989636, 'ign_c': 29.690870944846793, 'trop_agb_crit': 8.0091368834625, 'trop_k_veg': 6.030247256556128, 'fire_amp': 3.102033517490054}.
[I 2026-06-11 13:16:42,926] Trial 835 finished with values: [10.009765997804317, 10.009765997804317] and parameters: {'k1': 0.08409006963311547, 'D_low': 236.79352040223893, 'k2': 0.005204862686958021, 'D_high': 32311.521854410956, 'fire_exp': 1.41873960828944, 'P_half': 1265.0580856641704, 'pre_dampen_half': 79.2915624488668, 'gpp_af': 0.060029341913968644, 'gpp_b': 0.0036065155862388338, 'gpp_d': 47.35384181058586, 'ign_k': 0.09256855841989636, 'ign_c': 21.275785720135406, 'trop_agb_crit': 8.347757040088627, 'trop_k_veg': 6.030247256556128, 'fire_amp': 3.102033517490054}.
[I 2026-06-11 13:16:43,843] Trial 836 finished with values: [10.85430534072657, 10.85430534072657] and parameters: {'k1': 5.025876001070713e-05, 'D_low': 236.79352040223893, 'k2': 0.02939607009739149, 'D_high': 6682.9607218310075, 'fire_exp': 1.41873960828944, 'P_half': 2.226799690893868, 'pre_dampen_half': 30.456909077772018, 'gpp_af': 0.060029341913968644, 'gpp_b': 0.0036065155862388338, 'gpp_d': 545.0253444559129, 'ign_k': 3.6309591863459096, 'ign_c': 23.422386257929038, 'trop_agb_crit': 12.9667438075127, 'trop_k_veg': 2.99731137426955, 'fire_amp': 2.7806853670293616}.
[I 2026-06-11 13:16:44,739] Trial 837 finished with values: [10.138637128224666, 10.138637128224666] and parameters: {'k1': 0.00038698408508416947, 'D_low': 236.79352040223893, 'k2': 0.003767022142229395, 'D_high': 714.4571308652828, 'fire_exp': 1.2060040899560858, 'P_half': 2.226799690893868, 'pre_dampen_half': 16.009350908593582, 'gpp_af': 0.046239120540552445, 'gpp_b': 0.001674375583895437, 'gpp_d': 545.0253444559129, 'ign_k': 0.0032383308053152635, 'ign_c': 23.422386257929038, 'trop_agb_crit': 12.9667438075127, 'trop_k_veg': 0.6673124511410327, 'fire_amp': 1.5180207449214471}.
[I 2026-06-11 13:16:45,628] Trial 838 finished with values: [10.354758518051433, 10.354758518051433] and parameters: {'k1': 5.025876001070713e-05, 'D_low': 13.012518385211498, 'k2': 0.045914852167405346, 'D_high': 714.4571308652828, 'fire_exp': 1.41873960828944, 'P_half': 119.18981992518337, 'pre_dampen_half': 30.456909077772018, 'gpp_af': 0.0065783822580709386, 'gpp_b': 0.0036065155862388338, 'gpp_d': 545.0253444559129, 'ign_k': 0.0032383308053152635, 'ign_c': 23.40999464613212, 'trop_agb_crit': 8.0091368834625, 'trop_k_veg': 2.99731137426955, 'fire_amp': 1.5719333351012774}.
[I 2026-06-11 13:16:46,514] Trial 839 finished with values: [-0.7655175342021538, 0.029818037074403336] and parameters: {'k1': 0.08409006963311547, 'D_low': 236.79352040223893, 'k2': 0.0018588694009815867, 'D_high': 1266.9536563782303, 'fire_exp': 1.41873960828944, 'P_half': 2.226799690893868, 'pre_dampen_half': 28.01075698398644, 'gpp_af': 0.4317251206640925, 'gpp_b': 0.0036065155862388338, 'gpp_d': 47.35384181058586, 'ign_k': 0.09256855841989636, 'ign_c': 29.690870944846793, 'trop_agb_crit': 8.0091368834625, 'trop_k_veg': 3.4439936249445045, 'fire_amp': 2.7806853670293616}.
[I 2026-06-11 13:16:47,400] Trial 840 finished with values: [10.714768713931276, 10.714768713931276] and parameters: {'k1': 0.08409006963311547, 'D_low': 148.21691630007544, 'k2': 0.045914852167405346, 'D_high': 6682.9607218310075, 'fire_exp': 2.6673707465506062, 'P_half': 1265.0580856641704, 'pre_dampen_half': 30.456909077772018, 'gpp_af': 0.41874665092828456, 'gpp_b': 0.0036065155862388338, 'gpp_d': 545.0253444559129, 'ign_k': 0.09256855841989636, 'ign_c': 29.690870944846793, 'trop_agb_crit': 5.588032458772675, 'trop_k_veg': 3.4439936249445045, 'fire_amp': 2.7556562114998226}.
[I 2026-06-11 13:16:48,302] Trial 841 finished with values: [10.177898123673714, 10.177898123673714] and parameters: {'k1': 0.03648456083047798, 'D_low': 236.79352040223893, 'k2': 5.153993511603138e-05, 'D_high': 6682.9607218310075, 'fire_exp': 1.41873960828944, 'P_half': 2.226799690893868, 'pre_dampen_half': 16.009350908593582, 'gpp_af': 0.3939208112794227, 'gpp_b': 0.05719024141066792, 'gpp_d': 1.336803341156552, 'ign_k': 0.001229921046579313, 'ign_c': 29.690870944846793, 'trop_agb_crit': 8.0091368834625, 'trop_k_veg': 0.6673124511410327, 'fire_amp': 3.102033517490054}.
