[I 2026-06-10 21:34:53,437] Trial 814 finished with values: [10.833333332159754, 10.833333332159754] and parameters: {'k1': 0.012840669372724958, 'D_low': 1739.6167422846984, 'k2': 0.02939607009739149, 'D_high': 44974.07193749848, 'fire_exp': 1.2918065501148304, 'P_half': 9.580682294110435, 'pre_dampen_half': 4.603480758878793, 'gpp_af': 0.003375385817830422, 'gpp_b': 0.16285506249643175, 'gpp_d': 0.7698760608299932, 'ign_k': 3.6309591863459096, 'ign_c': 36.58518527736812, 'trop_agb_crit': 2.0527418919564324, 'trop_k_veg': 0.6488368931910606, 'fire_amp': 2.818314238665462}.
[I 2026-06-10 21:34:55,560] Trial 815 finished with values: [10.349511756787301, 10.349511756787301] and parameters: {'k1': 0.016973078532467004, 'D_low': 24.28756508761176, 'k2': 2.091507303847255e-05, 'D_high': 29.126651668813768, 'fire_exp': 1.9783727454920947, 'P_half': 101.40635645866499, 'pre_dampen_half': 1.8469033699850426, 'gpp_af': 1.7775411110039254, 'gpp_b': 0.006999112505425414, 'gpp_d': 47.35384181058586, 'ign_k': 0.17320535908244444, 'ign_c': 7.832259769732471, 'trop_agb_crit': 1.8023542850487386, 'trop_k_veg': 1.6648666152166967, 'fire_amp': 5.416595007374148}.
[I 2026-06-10 21:34:57,577] Trial 816 finished with values: [10.657563129456877, 10.657563129456877] and parameters: {'k1': 0.012840669372724958, 'D_low': 24.28756508761176, 'k2': 1.1417577140741129e-05, 'D_high': 29.126651668813768, 'fire_exp': 1.6901885781909627, 'P_half': 51.10120656497163, 'pre_dampen_half': 1.8469033699850426, 'gpp_af': 20.12115544906385, 'gpp_b': 0.015062722325200045, 'gpp_d': 0.12027930570908299, 'ign_k': 0.17320535908244444, 'ign_c': 7.832259769732471, 'trop_agb_crit': 3.5874145253515306, 'trop_k_veg': 0.6488368931910606, 'fire_amp': 5.416595007374148}.
[I 2026-06-10 21:34:59,529] Trial 817 finished with values: [10.833333332159754, 10.833333332159754] and parameters: {'k1': 0.05705198955850472, 'D_low': 1739.6167422846984, 'k2': 0.01567230746060024, 'D_high': 29.126651668813768, 'fire_exp': 3.2459542834651627, 'P_half': 9.580682294110435, 'pre_dampen_half': 98.05638874011484, 'gpp_af': 3.298293484806585, 'gpp_b': 0.002416023630607169, 'gpp_d': 0.7698760608299932, 'ign_k': 0.00660597889201953, 'ign_c': 2.2489542843914485, 'trop_agb_crit': 3.5874145253515306, 'trop_k_veg': 0.6488368931910606, 'fire_amp': 1.1655705619308396}.
[I 2026-06-10 21:35:01,757] Trial 818 finished with values: [-0.4175165576473018, 0.003937901932134835] and parameters: {'k1': 0.08006837661379566, 'D_low': 235.39834531862078, 'k2': 8.968733598183248e-05, 'D_high': 42210.21267871043, 'fire_exp': 4.164740583255681, 'P_half': 1.4551749476072258, 'pre_dampen_half': 30.456909077772018, 'gpp_af': 0.016306190741524337, 'gpp_b': 0.002416023630607169, 'gpp_d': 17.82401184029455, 'ign_k': 0.09256855841989636, 'ign_c': 2.226297338331262, 'trop_agb_crit': 2.0527418919564324, 'trop_k_veg': 0.828441460847982, 'fire_amp': 4.2446263054164195}.
[I 2026-06-10 21:35:03,768] Trial 819 finished with values: [10.087073797678183, 10.087073797678183] and parameters: {'k1': 0.0031213520322039886, 'D_low': 1739.6167422846984, 'k2': 0.0011135501184757278, 'D_high': 44974.07193749848, 'fire_exp': 3.2459542834651627, 'P_half': 10.94496366796197, 'pre_dampen_half': 98.05638874011484, 'gpp_af': 1.7775411110039254, 'gpp_b': 0.00047819318414852577, 'gpp_d': 0.7698760608299932, 'ign_k': 0.02779045054796808, 'ign_c': 2.2489542843914485, 'trop_agb_crit': 3.5874145253515306, 'trop_k_veg': 0.6488368931910606, 'fire_amp': 1.2393473789150806}.
[I 2026-06-10 21:35:05,663] Trial 820 finished with values: [10.794321067526726, 10.794321067526726] and parameters: {'k1': 0.017276056747028225, 'D_low': 37.13474360443033, 'k2': 4.933751600448335e-05, 'D_high': 42.242359735170886, 'fire_exp': 3.2459542834651627, 'P_half': 157.3644610977214, 'pre_dampen_half': 37.40930273158252, 'gpp_af': 1.7775411110039254, 'gpp_b': 8.168628001294799e-05, 'gpp_d': 20.81401325574021, 'ign_k': 0.002357279455676982, 'ign_c': 3.4321391362415827, 'trop_agb_crit': 1.23202873794675, 'trop_k_veg': 0.6488368931910606, 'fire_amp': 1.5587346124822492}.
[I 2026-06-10 21:35:07,629] Trial 821 finished with values: [14.408376039487163, 14.408376039487163] and parameters: {'k1': 0.012840669372724958, 'D_low': 43.2326421037033, 'k2': 8.968733598183248e-05, 'D_high': 13275.361137191961, 'fire_exp': 1.7505406131449859, 'P_half': 61.6097529474144, 'pre_dampen_half': 189.88136301569827, 'gpp_af': 1.9998014714101113, 'gpp_b': 0.0004125336560355494, 'gpp_d': 594.7389794988394, 'ign_k': 0.8945150807271531, 'ign_c': 16.497426799845446, 'trop_agb_crit': 21.086120736447015, 'trop_k_veg': 2.520089655463604, 'fire_amp': 1.2393473789150806}.
[I 2026-06-10 21:35:10,163] Trial 822 finished with values: [-0.3126882353802195, 0.010567357363649221] and parameters: {'k1': 0.017276056747028225, 'D_low': 1739.6167422846984, 'k2': 0.02939607009739149, 'D_high': 44974.07193749848, 'fire_exp': 3.2459542834651627, 'P_half': 101.40635645866499, 'pre_dampen_half': 98.05638874011484, 'gpp_af': 1.7775411110039254, 'gpp_b': 0.16285506249643175, 'gpp_d': 95.2715755007094, 'ign_k': 3.6309591863459096, 'ign_c': 2.2489542843914485, 'trop_agb_crit': 3.5874145253515306, 'trop_k_veg': 0.6488368931910606, 'fire_amp': 2.818314238665462}.
[I 2026-06-10 21:35:12,411] Trial 823 finished with values: [-0.3632949594549709, 0.03646503978846782] and parameters: {'k1': 0.012840669372724958, 'D_low': 235.39834531862078, 'k2': 3.2423055114836195e-05, 'D_high': 42210.21267871043, 'fire_exp': 1.2918065501148304, 'P_half': 277.00025557434554, 'pre_dampen_half': 4.603480758878793, 'gpp_af': 1.9998014714101113, 'gpp_b': 2.176805640408474e-05, 'gpp_d': 594.7389794988394, 'ign_k': 0.0029519227433917453, 'ign_c': 0.1611736893633666, 'trop_agb_crit': 2.0527418919564324, 'trop_k_veg': 0.828441460847982, 'fire_amp': 1.2393473789150806}.
[I 2026-06-10 21:35:15,271] Trial 824 finished with values: [11.120535707760908, 11.120535707760908] and parameters: {'k1': 0.012840669372724958, 'D_low': 69.05604395130307, 'k2': 1.1417577140741129e-05, 'D_high': 29.126651668813768, 'fire_exp': 1.111738490499784, 'P_half': 1.7086581483996572, 'pre_dampen_half': 30.456909077772018, 'gpp_af': 3.298293484806585, 'gpp_b': 0.006999112505425414, 'gpp_d': 0.030844007727232167, 'ign_k': 0.00660597889201953, 'ign_c': 7.832259769732471, 'trop_agb_crit': 1.8023542850487386, 'trop_k_veg': 1.6648666152166967, 'fire_amp': 4.2446263054164195}.
[I 2026-06-10 21:35:17,425] Trial 825 finished with values: [11.181698806489319, 11.181698806489319] and parameters: {'k1': 0.00026539376439360527, 'D_low': 171.2446447678494, 'k2': 1.1417577140741129e-05, 'D_high': 29.126651668813768, 'fire_exp': 1.2918065501148304, 'P_half': 9.580682294110435, 'pre_dampen_half': 30.456909077772018, 'gpp_af': 27.448645214004376, 'gpp_b': 0.00047819318414852577, 'gpp_d': 47.35384181058586, 'ign_k': 0.09256855841989636, 'ign_c': 7.832259769732471, 'trop_agb_crit': 2.0527418919564324, 'trop_k_veg': 2.520089655463604, 'fire_amp': 1.2393473789150806}.
[I 2026-06-10 21:35:19,821] Trial 826 finished with values: [-0.44780982895202576, 0.02458697861082859] and parameters: {'k1': 0.004467752817973905, 'D_low': 1074.940539517341, 'k2': 1.1417577140741129e-05, 'D_high': 949.9072859745386, 'fire_exp': 1.4690410989404576, 'P_half': 277.00025557434554, 'pre_dampen_half': 903.3231300044874, 'gpp_af': 0.8057329182285734, 'gpp_b': 0.006999112505425414, 'gpp_d': 942.6090081952854, 'ign_k': 0.09256855841989636, 'ign_c': 7.832259769732471, 'trop_agb_crit': 8.188098178380693, 'trop_k_veg': 0.6618107836658104, 'fire_amp': 1.7912500010961188}.
[I 2026-06-10 21:35:21,916] Trial 827 finished with values: [19.548136392055735, 19.548136392055735] and parameters: {'k1': 0.012840669372724958, 'D_low': 2.843767489444367, 'k2': 1.702637694606324e-05, 'D_high': 27.55546207779663, 'fire_exp': 1.633445707733642, 'P_half': 9.580682294110435, 'pre_dampen_half': 123.04779330083686, 'gpp_af': 2.9865936975455876, 'gpp_b': 1.0828092646426677e-05, 'gpp_d': 0.7698760608299932, 'ign_k': 0.002676132993402929, 'ign_c': 7.832259769732471, 'trop_agb_crit': 28.38004294664272, 'trop_k_veg': 0.5450786550840475, 'fire_amp': 5.416595007374148}.
[I 2026-06-10 21:35:24,069] Trial 828 finished with values: [10.023532183767154, 10.023532183767154] and parameters: {'k1': 0.012840669372724958, 'D_low': 408.3047491580097, 'k2': 1.1417577140741129e-05, 'D_high': 451.02062878998754, 'fire_exp': 1.633445707733642, 'P_half': 9.580682294110435, 'pre_dampen_half': 189.36639872354493, 'gpp_af': 1.9654778690222015, 'gpp_b': 0.002416023630607169, 'gpp_d': 0.1570003140297517, 'ign_k': 0.00660597889201953, 'ign_c': 0.17036120617148395, 'trop_agb_crit': 1.6222566606523396, 'trop_k_veg': 0.8262197191676174, 'fire_amp': 1.1655705619308396}.
[I 2026-06-10 21:35:26,320] Trial 829 finished with values: [10.73158857981937, 10.73158857981937] and parameters: {'k1': 0.012840669372724958, 'D_low': 2.843767489444367, 'k2': 0.0499774937030317, 'D_high': 27.55546207779663, 'fire_exp': 1.6901885781909627, 'P_half': 9.580682294110435, 'pre_dampen_half': 4.603480758878793, 'gpp_af': 27.448645214004376, 'gpp_b': 5.349456206882108e-05, 'gpp_d': 0.7698760608299932, 'ign_k': 0.002676132993402929, 'ign_c': 1.9423015749984096, 'trop_agb_crit': 2.8052667649738585, 'trop_k_veg': 2.520089655463604, 'fire_amp': 5.416595007374148}.
[I 2026-06-10 21:35:28,487] Trial 830 finished with values: [10.796014516334784, 10.796014516334784] and parameters: {'k1': 0.0031213520322039886, 'D_low': 171.2446447678494, 'k2': 0.0011135501184757278, 'D_high': 42210.21267871043, 'fire_exp': 1.6901885781909627, 'P_half': 10.94496366796197, 'pre_dampen_half': 1.8469033699850426, 'gpp_af': 20.12115544906385, 'gpp_b': 0.05719024141066792, 'gpp_d': 0.03200582711952312, 'ign_k': 0.17320535908244444, 'ign_c': 14.709699119495124, 'trop_agb_crit': 2.0527418919564324, 'trop_k_veg': 5.453348988480011, 'fire_amp': 5.416595007374148}.
[I 2026-06-10 21:35:30,444] Trial 831 finished with values: [10.257170006695814, 10.257170006695814] and parameters: {'k1': 0.00587009820297804, 'D_low': 43.2326421037033, 'k2': 4.933751600448335e-05, 'D_high': 17.74872630983488, 'fire_exp': 1.7792742686803427, 'P_half': 157.3644610977214, 'pre_dampen_half': 30.456909077772018, 'gpp_af': 1.9998014714101113, 'gpp_b': 0.002416023630607169, 'gpp_d': 594.7389794988394, 'ign_k': 0.8945150807271531, 'ign_c': 7.832259769732471, 'trop_agb_crit': 1.8023542850487386, 'trop_k_veg': 1.6003641872536711, 'fire_amp': 1.5587346124822492}.
[I 2026-06-10 21:35:32,539] Trial 832 finished with values: [10.226807906749542, 10.226807906749542] and parameters: {'k1': 0.012840669372724958, 'D_low': 43.2326421037033, 'k2': 4.933751600448335e-05, 'D_high': 42.242359735170886, 'fire_exp': 1.7792742686803427, 'P_half': 109.0657807452408, 'pre_dampen_half': 37.40930273158252, 'gpp_af': 0.016306190741524337, 'gpp_b': 0.0004125336560355494, 'gpp_d': 594.7389794988394, 'ign_k': 0.0029519227433917453, 'ign_c': 16.497426799845446, 'trop_agb_crit': 5.335241529707116, 'trop_k_veg': 0.9923523017201868, 'fire_amp': 1.2393473789150806}.
[I 2026-06-10 21:35:34,609] Trial 833 finished with values: [10.406500528673211, 10.406500528673211] and parameters: {'k1': 0.00026539376439360527, 'D_low': 1079.0778643024298, 'k2': 4.933751600448335e-05, 'D_high': 42.242359735170886, 'fire_exp': 1.9136159174067866, 'P_half': 1.4551749476072258, 'pre_dampen_half': 30.456909077772018, 'gpp_af': 96.26851425803589, 'gpp_b': 1.8400604093141188, 'gpp_d': 47.35384181058586, 'ign_k': 0.004105873950290761, 'ign_c': 0.6960633318526378, 'trop_agb_crit': 8.0091368834625, 'trop_k_veg': 4.776259022974975, 'fire_amp': 5.44779717154213}.
[I 2026-06-10 21:35:37,295] Trial 834 finished with values: [10.826890669371291, 10.826890669371291] and parameters: {'k1': 0.012840669372724958, 'D_low': 288.98663158858795, 'k2': 0.0011135501184757278, 'D_high': 44974.07193749848, 'fire_exp': 3.2459542834651627, 'P_half': 101.40635645866499, 'pre_dampen_half': 98.05638874011484, 'gpp_af': 1.7775411110039254, 'gpp_b': 0.16285506249643175, 'gpp_d': 0.33983499890855334, 'ign_k': 0.0029519227433917453, 'ign_c': 2.226297338331262, 'trop_agb_crit': 3.5874145253515306, 'trop_k_veg': 0.828441460847982, 'fire_amp': 1.2393473789150806}.
[I 2026-06-10 21:35:40,022] Trial 835 finished with values: [10.05097913155732, 10.05097913155732] and parameters: {'k1': 0.0031213520322039886, 'D_low': 1074.940539517341, 'k2': 1.1417577140741129e-05, 'D_high': 42210.21267871043, 'fire_exp': 1.2918065501148304, 'P_half': 10.94496366796197, 'pre_dampen_half': 4.603480758878793, 'gpp_af': 1.3954498518315706, 'gpp_b': 0.00047819318414852577, 'gpp_d': 47.35384181058586, 'ign_k': 0.02779045054796808, 'ign_c': 7.832259769732471, 'trop_agb_crit': 8.347757040088627, 'trop_k_veg': 0.828441460847982, 'fire_amp': 1.2393473789150806}.
[I 2026-06-10 21:35:43,273] Trial 836 finished with values: [-0.4344546211655921, 0.03548137336132795] and parameters: {'k1': 0.012840669372724958, 'D_low': 171.2446447678494, 'k2': 1.1417577140741129e-05, 'D_high': 42210.21267871043, 'fire_exp': 1.2918065501148304, 'P_half': 61.6097529474144, 'pre_dampen_half': 4.603480758878793, 'gpp_af': 1.3954498518315706, 'gpp_b': 0.0004125336560355494, 'gpp_d': 47.35384181058586, 'ign_k': 0.0029519227433917453, 'ign_c': 2.226297338331262, 'trop_agb_crit': 2.0527418919564324, 'trop_k_veg': 0.828441460847982, 'fire_amp': 1.2393473789150806}.
[I 2026-06-10 21:35:46,100] Trial 837 finished with values: [10.796824396612122, 10.796824396612122] and parameters: {'k1': 0.016973078532467004, 'D_low': 50.32059347286801, 'k2': 0.02939607009739149, 'D_high': 44974.07193749848, 'fire_exp': 3.2459542834651627, 'P_half': 101.40635645866499, 'pre_dampen_half': 98.05638874011484, 'gpp_af': 1.7775411110039254, 'gpp_b': 0.16285506249643175, 'gpp_d': 2.5450745565416026, 'ign_k': 3.6309591863459096, 'ign_c': 0.1611736893633666, 'trop_agb_crit': 21.086120736447015, 'trop_k_veg': 0.6488368931910606, 'fire_amp': 2.818314238665462}.
[I 2026-06-10 21:35:48,726] Trial 838 finished with values: [10.722341459848124, 10.722341459848124] and parameters: {'k1': 0.0031213520322039886, 'D_low': 408.3047491580097, 'k2': 0.0011135501184757278, 'D_high': 29.126651668813768, 'fire_exp': 1.2918065501148304, 'P_half': 9.580682294110435, 'pre_dampen_half': 4.603480758878793, 'gpp_af': 3.298293484806585, 'gpp_b': 0.00047819318414852577, 'gpp_d': 0.7698760608299932, 'ign_k': 0.00660597889201953, 'ign_c': 7.832259769732471, 'trop_agb_crit': 2.0527418919564324, 'trop_k_veg': 0.828441460847982, 'fire_amp': 1.1655705619308396}.
[I 2026-06-10 21:35:50,847] Trial 839 finished with values: [10.998064016589405, 10.998064016589405] and parameters: {'k1': 0.006079905434073396, 'D_low': 43.2326421037033, 'k2': 1.1417577140741129e-05, 'D_high': 24.9899605789089, 'fire_exp': 1.7505406131449859, 'P_half': 61.6097529474144, 'pre_dampen_half': 189.88136301569827, 'gpp_af': 0.4317251206640925, 'gpp_b': 0.0004360709560327289, 'gpp_d': 3.257094673454639, 'ign_k': 0.00660597889201953, 'ign_c': 0.17036120617148395, 'trop_agb_crit': 21.086120736447015, 'trop_k_veg': 6.778288138489648, 'fire_amp': 1.2393473789150806}.
[I 2026-06-10 21:35:53,087] Trial 840 finished with values: [10.83333071140091, 10.83333071140091] and parameters: {'k1': 0.012840669372724958, 'D_low': 1739.6167422846984, 'k2': 4.933751600448335e-05, 'D_high': 44974.07193749848, 'fire_exp': 2.6673707465506062, 'P_half': 9.580682294110435, 'pre_dampen_half': 98.05638874011484, 'gpp_af': 0.016306190741524337, 'gpp_b': 1.8400604093141188, 'gpp_d': 0.7698760608299932, 'ign_k': 3.6309591863459096, 'ign_c': 1.1698039424426816, 'trop_agb_crit': 3.5874145253515306, 'trop_k_veg': 1.6003641872536711, 'fire_amp': 4.2446263054164195}.
[I 2026-06-10 21:35:55,337] Trial 841 finished with values: [10.203510487252201, 10.203510487252201] and parameters: {'k1': 0.006079905434073396, 'D_low': 43.2326421037033, 'k2': 0.01567230746060024, 'D_high': 42.242359735170886, 'fire_exp': 1.7792742686803427, 'P_half': 101.40635645866499, 'pre_dampen_half': 37.40930273158252, 'gpp_af': 1.9998014714101113, 'gpp_b': 0.00047819318414852577, 'gpp_d': 95.2715755007094, 'ign_k': 3.6309591863459096, 'ign_c': 2.2489542843914485, 'trop_agb_crit': 5.335241529707116, 'trop_k_veg': 0.9923523017201868, 'fire_amp': 2.818314238665462}.
[I 2026-06-10 21:35:57,899] Trial 842 finished with values: [10.833333332159754, 10.833333332159754] and parameters: {'k1': 0.017276056747028225, 'D_low': 1074.940539517341, 'k2': 0.01567230746060024, 'D_high': 33.33047530921621, 'fire_exp': 1.9783727454920947, 'P_half': 101.40635645866499, 'pre_dampen_half': 98.05638874011484, 'gpp_af': 1.7775411110039254, 'gpp_b': 0.16285506249643175, 'gpp_d': 271.0323160002808, 'ign_k': 3.6309591863459096, 'ign_c': 2.2489542843914485, 'trop_agb_crit': 4.617282690749149, 'trop_k_veg': 0.6488368931910606, 'fire_amp': 1.417247667573402}.
[I 2026-06-10 21:35:59,852] Trial 843 finished with values: [-0.632051811173613, 0.02851792665806252] and parameters: {'k1': 0.012840669372724958, 'D_low': 24.28756508761176, 'k2': 0.0011135501184757278, 'D_high': 8912.611835817017, 'fire_exp': 1.2918065501148304, 'P_half': 51.10120656497163, 'pre_dampen_half': 4.603480758878793, 'gpp_af': 0.00474057962703787, 'gpp_b': 0.0004125336560355494, 'gpp_d': 20.81401325574021, 'ign_k': 0.0029519227433917453, 'ign_c': 14.709699119495124, 'trop_agb_crit': 2.0527418919564324, 'trop_k_veg': 2.520089655463604, 'fire_amp': 1.2393473789150806}.
[I 2026-06-10 21:36:01,818] Trial 844 finished with values: [10.825220765026582, 10.825220765026582] and parameters: {'k1': 0.0002958267235643845, 'D_low': 1739.6167422846984, 'k2': 0.02939607009739149, 'D_high': 44974.07193749848, 'fire_exp': 3.2459542834651627, 'P_half': 101.40635645866499, 'pre_dampen_half': 98.05638874011484, 'gpp_af': 1.7775411110039254, 'gpp_b': 0.16285506249643175, 'gpp_d': 1.1766539651208914, 'ign_k': 0.0029519227433917453, 'ign_c': 2.2489542843914485, 'trop_agb_crit': 2.0527418919564324, 'trop_k_veg': 0.6488368931910606, 'fire_amp': 1.2393473789150806}.
[I 2026-06-10 21:36:03,703] Trial 845 finished with values: [-0.5253760671540906, 0.03316412038078431] and parameters: {'k1': 0.0008779848797373387, 'D_low': 171.2446447678494, 'k2': 0.0011135501184757278, 'D_high': 42210.21267871043, 'fire_exp': 1.2918065501148304, 'P_half': 61.6097529474144, 'pre_dampen_half': 4.603480758878793, 'gpp_af': 0.016306190741524337, 'gpp_b': 0.0004125336560355494, 'gpp_d': 0.7698760608299932, 'ign_k': 0.0029519227433917453, 'ign_c': 2.226297338331262, 'trop_agb_crit': 2.0527418919564324, 'trop_k_veg': 2.520089655463604, 'fire_amp': 1.2393473789150806}.
[I 2026-06-10 21:36:05,527] Trial 846 finished with values: [-0.3184040418579814, 0.03776583113239074] and parameters: {'k1': 0.016973078532467004, 'D_low': 1739.6167422846984, 'k2': 0.0002442377596403892, 'D_high': 44974.07193749848, 'fire_exp': 1.2918065501148304, 'P_half': 51.10120656497163, 'pre_dampen_half': 1.8469033699850426, 'gpp_af': 20.12115544906385, 'gpp_b': 0.16285506249643175, 'gpp_d': 20.81401325574021, 'ign_k': 0.17320535908244444, 'ign_c': 14.709699119495124, 'trop_agb_crit': 24.199763404822136, 'trop_k_veg': 5.453348988480011, 'fire_amp': 5.416595007374148}.
[I 2026-06-10 21:36:07,509] Trial 847 finished with values: [10.798312744679848, 10.798312744679848] and parameters: {'k1': 0.006079905434073396, 'D_low': 171.2446447678494, 'k2': 0.0011135501184757278, 'D_high': 42210.21267871043, 'fire_exp': 6.722609665434056, 'P_half': 157.3644610977214, 'pre_dampen_half': 4.603480758878793, 'gpp_af': 1.9998014714101113, 'gpp_b': 0.0004125336560355494, 'gpp_d': 594.7389794988394, 'ign_k': 0.8945150807271531, 'ign_c': 16.497426799845446, 'trop_agb_crit': 21.086120736447015, 'trop_k_veg': 0.9923523017201868, 'fire_amp': 1.5587346124822492}.
[I 2026-06-10 21:36:09,427] Trial 848 finished with values: [10.617539056805978, 10.617539056805978] and parameters: {'k1': 0.016973078532467004, 'D_low': 24.28756508761176, 'k2': 0.0002442377596403892, 'D_high': 2427.054417940131, 'fire_exp': 3.150954985759691, 'P_half': 51.10120656497163, 'pre_dampen_half': 189.88136301569827, 'gpp_af': 20.12115544906385, 'gpp_b': 0.05719024141066792, 'gpp_d': 46.566318342356254, 'ign_k': 0.17320535908244444, 'ign_c': 14.709699119495124, 'trop_agb_crit': 1.5033346993841157, 'trop_k_veg': 5.453348988480011, 'fire_amp': 1.1655705619308396}.
[I 2026-06-10 21:36:11,107] Trial 849 finished with values: [10.369771010611876, 10.369771010611876] and parameters: {'k1': 0.012840669372724958, 'D_low': 171.2446447678494, 'k2': 8.968733598183248e-05, 'D_high': 24.9899605789089, 'fire_exp': 1.633445707733642, 'P_half': 9.580682294110435, 'pre_dampen_half': 189.36639872354493, 'gpp_af': 0.016306190741524337, 'gpp_b': 0.0004125336560355494, 'gpp_d': 0.7698760608299932, 'ign_k': 0.00660597889201953, 'ign_c': 7.832259769732471, 'trop_agb_crit': 21.086120736447015, 'trop_k_veg': 0.5450786550840475, 'fire_amp': 1.2393473789150806}.
[I 2026-06-10 21:36:13,197] Trial 850 finished with values: [10.833333332159754, 10.833333332159754] and parameters: {'k1': 0.012840669372724958, 'D_low': 1739.6167422846984, 'k2': 0.011945919244900459, 'D_high': 11.069424888528069, 'fire_exp': 1.633445707733642, 'P_half': 9.580682294110435, 'pre_dampen_half': 189.36639872354493, 'gpp_af': 3.298293484806585, 'gpp_b': 0.002416023630607169, 'gpp_d': 29.9035514860849, 'ign_k': 3.6309591863459096, 'ign_c': 7.832259769732471, 'trop_agb_crit': 2.1989086830950257, 'trop_k_veg': 0.6488368931910606, 'fire_amp': 1.1655705619308396}.
