[I 2026-08-06 00:25:22,223] Trial 1110 finished with values: [10.042396948591172, 10.042396948591172] and parameters: {'k1': 0.03232155805617897, 'D_low': 2.5449737887285035, 'k2': 1.1184534120760473e-05, 'D_high': 75773.14388518519, 'fire_exp': 2.196935728020977, 'P_half': 125.61043700013555, 'pre_dampen_half': 76.86605275420082, 'gpp_af': 0.5009399307527331, 'gpp_b': 0.0035057749039614167, 'gpp_d': 5.085491038878331, 'ign_k': 0.4702627143647234, 'ign_c': 2.92043384718141}.
[I 2026-08-06 00:25:23,124] Trial 1111 finished with values: [10.206760915976405, 10.206760915976405] and parameters: {'k1': 0.007333200379637282, 'D_low': 74.92772870670282, 'k2': 0.0004381141781653133, 'D_high': 11069.082134755383, 'fire_exp': 1.0881360604103363, 'P_half': 10.226988730324324, 'pre_dampen_half': 10.746441744380329, 'gpp_af': 1.6595781802652418, 'gpp_b': 0.03308649623479659, 'gpp_d': 5.085491038878331, 'ign_k': 0.08312953263874531, 'ign_c': 8.671454322584175}.
[I 2026-08-06 00:25:24,090] Trial 1112 finished with values: [-0.5926911705154913, 0.17830686855193556] and parameters: {'k1': 0.0017320535908244437, 'D_low': 74.92772870670282, 'k2': 0.006138509947844854, 'D_high': 75773.14388518519, 'fire_exp': 1.0881360604103363, 'P_half': 125.61043700013555, 'pre_dampen_half': 14.689898077648792, 'gpp_af': 1.6595781802652418, 'gpp_b': 0.003510201564752293, 'gpp_d': 4.5768578731086835, 'ign_k': 0.08312953263874531, 'ign_c': 14.367095138664217}.
[I 2026-08-06 00:25:25,024] Trial 1113 finished with values: [10.076465148688673, 10.076465148688673] and parameters: {'k1': 0.0017320535908244437, 'D_low': 18.522006003174383, 'k2': 3.5917714215176105e-05, 'D_high': 639.0695092073224, 'fire_exp': 1.151006986743773, 'P_half': 22.4895428439145, 'pre_dampen_half': 33.9790424311127, 'gpp_af': 0.026886479903448782, 'gpp_b': 1.821693031918062e-05, 'gpp_d': 4.5768578731086835, 'ign_k': 0.11903394335305037, 'ign_c': 14.367095138664217}.
[I 2026-08-06 00:25:25,925] Trial 1114 finished with values: [11.711958766526962, 11.711958766526962] and parameters: {'k1': 0.018356410276830985, 'D_low': 74.92772870670282, 'k2': 0.02789202112452399, 'D_high': 3660.150802571655, 'fire_exp': 1.0881360604103363, 'P_half': 22.4895428439145, 'pre_dampen_half': 304.7488318185732, 'gpp_af': 1.6595781802652418, 'gpp_b': 0.011750724729953272, 'gpp_d': 4.5768578731086835, 'ign_k': 0.11903394335305037, 'ign_c': 19.19168994439752}.
[I 2026-08-06 00:25:26,827] Trial 1115 finished with values: [10.216144973994016, 10.216144973994016] and parameters: {'k1': 0.021368329072358756, 'D_low': 2.1234210963705626, 'k2': 1.1184534120760473e-05, 'D_high': 949.9072859745386, 'fire_exp': 1.1044852285094786, 'P_half': 125.61043700013555, 'pre_dampen_half': 14.689898077648792, 'gpp_af': 0.0025511964576171086, 'gpp_b': 0.003510201564752293, 'gpp_d': 4.5768578731086835, 'ign_k': 0.12828203940471886, 'ign_c': 14.367095138664217}.
[I 2026-08-06 00:25:28,109] Trial 1116 finished with values: [10.087504027273898, 10.087504027273898] and parameters: {'k1': 0.0002656971546588439, 'D_low': 4.051452710153359, 'k2': 3.5917714215176105e-05, 'D_high': 29456.2056920274, 'fire_exp': 1.5201277403788451, 'P_half': 147.09699119495133, 'pre_dampen_half': 76.86605275420082, 'gpp_af': 17.083297083173804, 'gpp_b': 0.10123867001105968, 'gpp_d': 300.3420512048734, 'ign_k': 0.03141110271934876, 'ign_c': 14.810800730363484}.
[I 2026-08-06 00:25:29,074] Trial 1117 finished with values: [-0.5982327116844403, 0.14042324147427487] and parameters: {'k1': 0.002971796631657383, 'D_low': 74.92772870670282, 'k2': 3.5917714215176105e-05, 'D_high': 68913.86015952702, 'fire_exp': 1.3239942327296237, 'P_half': 958.8659498594012, 'pre_dampen_half': 304.7488318185732, 'gpp_af': 1.6595781802652418, 'gpp_b': 8.539677611488478e-05, 'gpp_d': 4.5768578731086835, 'ign_k': 0.031134168041628628, 'ign_c': 6.160975294741436}.
[I 2026-08-06 00:25:29,992] Trial 1118 finished with values: [10.173589640685275, 10.173589640685275] and parameters: {'k1': 0.0017320535908244437, 'D_low': 18.522006003174383, 'k2': 4.763991596630584e-05, 'D_high': 949.9072859745386, 'fire_exp': 1.010722707674549, 'P_half': 608.3019192425825, 'pre_dampen_half': 14.689898077648792, 'gpp_af': 39.32173465243003, 'gpp_b': 0.10123867001105968, 'gpp_d': 124.72235343584714, 'ign_k': 3.7173717478250508, 'ign_c': 14.810800730363484}.
