[I 2026-08-20 00:44:05,121] Trial 1056 finished with value: 0.4314140376431955 and parameters: {'k1': 0.0037126315746474612, 'D_low': 10.445147969755109, 'k2': 0.017806802868491615, 'D_high': 8763784.341775557, 'fire_exp': 1.0048857548671501, 'P_half': 7.4508204258827275, 'pre_dampen_half': 0.7747098212815349, 'gpp_af': 0.08503071363315767, 'gpp_b': 1.1612530745412582e-05, 'gpp_d': 18.315933619991572, 'ign_k': 0.005791978383183552, 'ign_c': 0.37017484156069347, 'trop_agb_crit': 8.906059821983307, 'trop_k_veg': 1.9768844023856533, 'pop_amp': 1.285589961500806, 'pop_peak': 9.765711710566475, 'pop_sig': 1.2795552230488407}. Best is trial 274 with value: -0.604910391627968.
[I 2026-08-20 00:44:07,605] Trial 1057 finished with value: 0.4970518012791849 and parameters: {'k1': 0.0008755945018487287, 'D_low': 276.6444813596993, 'k2': 0.02853671230402826, 'D_high': 9349566.997801993, 'fire_exp': 1.0968459368000805, 'P_half': 4994.65866096252, 'pre_dampen_half': 2.887298751537777, 'gpp_af': 0.01585192449665105, 'gpp_b': 1.4748381752113428e-05, 'gpp_d': 0.35191017806143376, 'ign_k': 3.4357041970422486, 'ign_c': 1.0735828812478507, 'trop_agb_crit': 8.557190571232498, 'trop_k_veg': 2.4787473074475117, 'pop_amp': 6.175503326354341, 'pop_peak': 0.06562661906156837, 'pop_sig': 0.7424956189991859}. Best is trial 274 with value: -0.604910391627968.
[I 2026-08-20 00:44:09,879] Trial 1058 finished with value: 0.596653581323242 and parameters: {'k1': 0.042060470100475054, 'D_low': 911.8603921168534, 'k2': 0.09492028941394015, 'D_high': 7830.936424813816, 'fire_exp': 6.141638886742102, 'P_half': 64.31594778989887, 'pre_dampen_half': 0.3650555787373731, 'gpp_af': 0.01835343954988401, 'gpp_b': 0.0006442840763622811, 'gpp_d': 0.06131464607665109, 'ign_k': 0.14489722017890058, 'ign_c': 11.981763313759673, 'trop_agb_crit': 3.701243327877613, 'trop_k_veg': 7.254683306566929, 'pop_amp': 0.771269870246418, 'pop_peak': 7.071507415127616, 'pop_sig': 1.502689711350111}. Best is trial 274 with value: -0.604910391627968.
[I 2026-08-20 00:44:11,881] Trial 1059 finished with value: -0.5827477546804869 and parameters: {'k1': 0.0012229461045700103, 'D_low': 6.378668631437679, 'k2': 0.07716961042609262, 'D_high': 6889886.829652336, 'fire_exp': 1.0157055898155158, 'P_half': 9.304975731002038, 'pre_dampen_half': 0.0700623253703444, 'gpp_af': 0.007665089424325705, 'gpp_b': 0.0027087871164475203, 'gpp_d': 1.057861544624291, 'ign_k': 0.0019371562518210113, 'ign_c': 0.2124727681786791, 'trop_agb_crit': 2.3411746867896777, 'trop_k_veg': 1.014016581315071, 'pop_amp': 8.539102984838959, 'pop_peak': 20.493887941154448, 'pop_sig': 0.7847477515624385}. Best is trial 274 with value: -0.604910391627968.
[I 2026-08-20 00:44:14,013] Trial 1060 finished with value: 0.6172068818352924 and parameters: {'k1': 1.9507347396578472e-05, 'D_low': 1.5405698420274638, 'k2': 0.07245801118032694, 'D_high': 1250496.16707096, 'fire_exp': 3.8448193963171304, 'P_half': 5573.797935292857, 'pre_dampen_half': 12.075998289486972, 'gpp_af': 0.002800095892170692, 'gpp_b': 0.7969577476361902, 'gpp_d': 5.052146485637639, 'ign_k': 7.026244351900634, 'ign_c': 0.807467376861339, 'trop_agb_crit': 4.630772214844928, 'trop_k_veg': 4.780875744107703, 'pop_amp': 7.235108837525129, 'pop_peak': 0.9914906685574566, 'pop_sig': 1.8389938209408172}. Best is trial 274 with value: -0.604910391627968.
[I 2026-08-20 00:44:16,435] Trial 1061 finished with value: 0.4566411632153107 and parameters: {'k1': 0.0029154737771984332, 'D_low': 1.330907890443735, 'k2': 0.0466201919374429, 'D_high': 4182738.8208689117, 'fire_exp': 1.1747018442683181, 'P_half': 11.718842789564073, 'pre_dampen_half': 0.9344989606440223, 'gpp_af': 0.053362040901671924, 'gpp_b': 0.0006262942352116851, 'gpp_d': 7.867886488030594, 'ign_k': 0.002595848616234749, 'ign_c': 0.47576438951290756, 'trop_agb_crit': 3.2348606904639103, 'trop_k_veg': 0.5718238943541187, 'pop_amp': 7.505243314471506, 'pop_peak': 741.1946922758748, 'pop_sig': 0.7459328430481603}. Best is trial 274 with value: -0.604910391627968.
[I 2026-08-20 00:44:18,546] Trial 1062 finished with value: 0.4786286175528285 and parameters: {'k1': 0.000447788529622552, 'D_low': 3.9254617448507676, 'k2': 0.03167290233268172, 'D_high': 537060.6736312847, 'fire_exp': 1.1543385369233385, 'P_half': 12.866524995699972, 'pre_dampen_half': 0.34118646783438683, 'gpp_af': 0.13642973913967904, 'gpp_b': 0.002195757513995144, 'gpp_d': 5.456261878960543, 'ign_k': 0.001488356814877612, 'ign_c': 0.3455192522223258, 'trop_agb_crit': 2.0549229333291823, 'trop_k_veg': 1.1381228850874319, 'pop_amp': 1.6522310613440787, 'pop_peak': 17.14983531970501, 'pop_sig': 0.30112511396601693}. Best is trial 274 with value: -0.604910391627968.
[I 2026-08-20 00:44:20,829] Trial 1063 finished with value: -0.5321616592422589 and parameters: {'k1': 3.0592061099281804e-05, 'D_low': 8.226879134763045, 'k2': 0.057703471093009544, 'D_high': 390312.57109490986, 'fire_exp': 1.271647786398515, 'P_half': 1.9117118698464555, 'pre_dampen_half': 0.01005988208024407, 'gpp_af': 0.18654652272891672, 'gpp_b': 7.019941147523738e-05, 'gpp_d': 0.4551855446123338, 'ign_k': 0.010864321794856694, 'ign_c': 0.20818695221563602, 'trop_agb_crit': 9.289423942898715, 'trop_k_veg': 1.2445625463107624, 'pop_amp': 10.64872879584386, 'pop_peak': 11.313213839391679, 'pop_sig': 1.980405024686408}. Best is trial 274 with value: -0.604910391627968.
[I 2026-08-20 00:44:22,917] Trial 1064 finished with value: 0.5623946423592037 and parameters: {'k1': 0.007652692814138289, 'D_low': 191.82797311218692, 'k2': 0.01824051718275945, 'D_high': 15336.381167265945, 'fire_exp': 1.6139879856409043, 'P_half': 585.07480130474, 'pre_dampen_half': 0.07915768724599744, 'gpp_af': 0.0308281400164317, 'gpp_b': 0.0007550611831911038, 'gpp_d': 0.29510970423926064, 'ign_k': 0.180357661293832, 'ign_c': 0.7007576662538219, 'trop_agb_crit': 2.3098707624796813, 'trop_k_veg': 3.5019702584435706, 'pop_amp': 3.4783038651081717, 'pop_peak': 10.025414686142687, 'pop_sig': 0.6804898741846036}. Best is trial 274 with value: -0.604910391627968.
[I 2026-08-20 00:44:25,075] Trial 1065 finished with value: -0.5857009269522442 and parameters: {'k1': 0.0007299715368151278, 'D_low': 3.3788036132980093, 'k2': 0.022733883117284366, 'D_high': 9081195.881122965, 'fire_exp': 1.0935534518369563, 'P_half': 1.2466387492341566, 'pre_dampen_half': 0.29313254198847505, 'gpp_af': 0.13804799559747993, 'gpp_b': 0.003450483294051181, 'gpp_d': 1.9314492272683965, 'ign_k': 0.0036458447164035308, 'ign_c': 0.1764043286152662, 'trop_agb_crit': 1.805689603871416, 'trop_k_veg': 1.4662453077691748, 'pop_amp': 2.4092932943226613, 'pop_peak': 6.782534332616026, 'pop_sig': 1.2338827117995577}. Best is trial 274 with value: -0.604910391627968.
[I 2026-08-20 00:44:27,317] Trial 1066 finished with value: 0.5805186368202833 and parameters: {'k1': 0.013910959677539305, 'D_low': 1.1910660879102348, 'k2': 0.01450575676852229, 'D_high': 2630925.165328619, 'fire_exp': 1.8675632287388317, 'P_half': 15.365592607429745, 'pre_dampen_half': 2.284666797225976, 'gpp_af': 0.10328471469231387, 'gpp_b': 0.12428565831736592, 'gpp_d': 0.17844316948339362, 'ign_k': 0.0051393724505995435, 'ign_c': 0.13631135606102956, 'trop_agb_crit': 1.086646092142653, 'trop_k_veg': 2.174879085838349, 'pop_amp': 2.8974052335610327, 'pop_peak': 2.464566556404202, 'pop_sig': 1.4741361824920396}. Best is trial 274 with value: -0.604910391627968.
[I 2026-08-20 00:44:29,399] Trial 1067 finished with value: 0.5624577506523435 and parameters: {'k1': 0.0002680667304739768, 'D_low': 5.893606441119548, 'k2': 0.0027637526625744558, 'D_high': 6644495.382433931, 'fire_exp': 1.1892378583990093, 'P_half': 3.7053659472829574, 'pre_dampen_half': 0.15579686578557045, 'gpp_af': 0.004252813497306966, 'gpp_b': 0.0027160532682137984, 'gpp_d': 25.805281168316284, 'ign_k': 0.006974009634861482, 'ign_c': 0.11265292730122715, 'trop_agb_crit': 1.7231556460469497, 'trop_k_veg': 3.1125701486632416, 'pop_amp': 0.5781898012058482, 'pop_peak': 16.267170583890174, 'pop_sig': 1.161681294149001}. Best is trial 274 with value: -0.604910391627968.
[I 2026-08-20 00:44:31,497] Trial 1068 finished with value: 0.5278604069287641 and parameters: {'k1': 0.000428172361702492, 'D_low': 31.83313289705267, 'k2': 0.04119730955275657, 'D_high': 2369559.3413222176, 'fire_exp': 1.3514007821203657, 'P_half': 1.241974954201452, 'pre_dampen_half': 0.15490489607536564, 'gpp_af': 8.066957537854691, 'gpp_b': 0.0011780480788043744, 'gpp_d': 1.2889721301792596, 'ign_k': 0.011507813394420389, 'ign_c': 0.21182627371358473, 'trop_agb_crit': 1.7486085270754799, 'trop_k_veg': 1.0514743953199304, 'pop_amp': 0.8145318670112843, 'pop_peak': 4.267062951938978, 'pop_sig': 1.3544554218381315}. Best is trial 274 with value: -0.604910391627968.
[I 2026-08-20 00:44:33,545] Trial 1069 finished with value: 0.508665925623653 and parameters: {'k1': 0.003077346307027036, 'D_low': 209.19304762411085, 'k2': 0.07202831577116968, 'D_high': 8478485.379045848, 'fire_exp': 1.0704106865423515, 'P_half': 31.163189309725436, 'pre_dampen_half': 0.1970816980254583, 'gpp_af': 0.00448986938865126, 'gpp_b': 1.6380745888489715e-05, 'gpp_d': 0.18467891671289002, 'ign_k': 0.0024500093494284267, 'ign_c': 0.36959455446570677, 'trop_agb_crit': 2.4159855109805664, 'trop_k_veg': 0.708661151674446, 'pop_amp': 11.378782473991663, 'pop_peak': 96.65639659047464, 'pop_sig': 0.9587815268113208}. Best is trial 274 with value: -0.604910391627968.
[I 2026-08-20 00:44:35,703] Trial 1070 finished with value: 0.4582415319619617 and parameters: {'k1': 0.01556408341699931, 'D_low': 1733.1298682332365, 'k2': 0.0407873746703667, 'D_high': 2185383.5377114005, 'fire_exp': 3.9168546333031697, 'P_half': 114.47400636205415, 'pre_dampen_half': 407.3089001593294, 'gpp_af': 0.015452939011875146, 'gpp_b': 0.00018360907948466144, 'gpp_d': 835.8787099000106, 'ign_k': 0.619493086445269, 'ign_c': 0.25172147214110135, 'trop_agb_crit': 6.791178026862346, 'trop_k_veg': 2.14529222588685, 'pop_amp': 0.7680531942261034, 'pop_peak': 0.8993546636159298, 'pop_sig': 1.3310607875157647}. Best is trial 274 with value: -0.604910391627968.
[I 2026-08-20 00:44:38,079] Trial 1071 finished with value: 0.4680701320506023 and parameters: {'k1': 0.00011411407553972928, 'D_low': 1781.2930426980372, 'k2': 0.08899814630329998, 'D_high': 323995.5636838684, 'fire_exp': 1.8510608211356163, 'P_half': 2.506541435057806, 'pre_dampen_half': 0.8878580773321573, 'gpp_af': 0.009033491616347158, 'gpp_b': 5.222628762627699e-05, 'gpp_d': 7.703290258702054, 'ign_k': 1.6443668483387326, 'ign_c': 0.17879164239196682, 'trop_agb_crit': 2.7625164367714494, 'trop_k_veg': 4.79422975613774, 'pop_amp': 10.332799617678251, 'pop_peak': 0.10789226089487138, 'pop_sig': 0.45435713557295776}. Best is trial 274 with value: -0.604910391627968.
[I 2026-08-20 00:44:40,240] Trial 1072 finished with value: 0.5112580243574553 and parameters: {'k1': 4.743760441042573e-05, 'D_low': 4.479529385782376, 'k2': 0.0074220300306677995, 'D_high': 7815226.825994568, 'fire_exp': 2.7183063320347243, 'P_half': 192.59306892517793, 'pre_dampen_half': 0.2048073865073224, 'gpp_af': 1.8423559686500512, 'gpp_b': 0.00869914811437752, 'gpp_d': 0.4692962336779495, 'ign_k': 0.7083213421346919, 'ign_c': 1.7094532268651885, 'trop_agb_crit': 2.4396367366914937, 'trop_k_veg': 7.5061256930264, 'pop_amp': 7.558153912533899, 'pop_peak': 0.6439707190409515, 'pop_sig': 1.8788483094827508}. Best is trial 274 with value: -0.604910391627968.
[I 2026-08-20 00:44:42,400] Trial 1073 finished with value: -0.5526035336255403 and parameters: {'k1': 6.721587372696189e-05, 'D_low': 231.87294453248663, 'k2': 0.005762942593949903, 'D_high': 684554.3200894983, 'fire_exp': 1.2525396576680712, 'P_half': 1.820972772630896, 'pre_dampen_half': 3.3753337954783067, 'gpp_af': 0.1673587771391383, 'gpp_b': 0.26564184775311106, 'gpp_d': 21.85805469520957, 'ign_k': 0.0022647832424563387, 'ign_c': 1.158576370216356, 'trop_agb_crit': 3.8053240286102823, 'trop_k_veg': 2.5718177221850906, 'pop_amp': 7.124950460854453, 'pop_peak': 16.900844491970858, 'pop_sig': 1.4073861400777976}. Best is trial 274 with value: -0.604910391627968.
[I 2026-08-20 00:44:44,350] Trial 1074 finished with value: 0.5801493155228654 and parameters: {'k1': 0.004046374734916399, 'D_low': 16.71352272240914, 'k2': 0.048673510628695946, 'D_high': 387257.42386552657, 'fire_exp': 2.6741169669059737, 'P_half': 52.899229303983425, 'pre_dampen_half': 0.014947189072797717, 'gpp_af': 0.0025559340407122397, 'gpp_b': 0.0030704006054641615, 'gpp_d': 15.006292532969846, 'ign_k': 0.020187500858817566, 'ign_c': 0.36097475852377886, 'trop_agb_crit': 5.6058086561174605, 'trop_k_veg': 0.9657023851561982, 'pop_amp': 16.98775206874244, 'pop_peak': 20.072521267764827, 'pop_sig': 0.5314447157863228}. Best is trial 274 with value: -0.604910391627968.
[I 2026-08-20 00:44:46,594] Trial 1075 finished with value: 0.6445374145881376 and parameters: {'k1': 0.00011444009418486311, 'D_low': 3729.766287854687, 'k2': 0.001024905052009608, 'D_high': 7047200.60422864, 'fire_exp': 1.9446014615849647, 'P_half': 929.0071037932415, 'pre_dampen_half': 6.056517677144885, 'gpp_af': 0.027967685223392484, 'gpp_b': 0.0006728081825541908, 'gpp_d': 98.2110096668249, 'ign_k': 8.64925909951777, 'ign_c': 167.14333678822115, 'trop_agb_crit': 25.64976832913763, 'trop_k_veg': 1.13950044813534, 'pop_amp': 0.0013009397007152344, 'pop_peak': 74.51443638733457, 'pop_sig': 0.8293499256005037}. Best is trial 274 with value: -0.604910391627968.
[I 2026-08-20 00:44:48,545] Trial 1076 finished with value: 0.5852221538019703 and parameters: {'k1': 0.0009258716259018263, 'D_low': 2.0113745617032746, 'k2': 0.019296104606590297, 'D_high': 6576468.1216111425, 'fire_exp': 1.397047197699637, 'P_half': 6.839780031963475, 'pre_dampen_half': 0.0341626291774553, 'gpp_af': 0.006012544855609832, 'gpp_b': 0.08417150485765136, 'gpp_d': 3.074806690741986, 'ign_k': 0.0015108585955188453, 'ign_c': 0.5505868471104585, 'trop_agb_crit': 1.6197051917339027, 'trop_k_veg': 0.9513468783032405, 'pop_amp': 6.917972627907851, 'pop_peak': 31.4977614496818, 'pop_sig': 0.9674942101906411}. Best is trial 274 with value: -0.604910391627968.
[I 2026-08-20 00:44:50,583] Trial 1077 finished with value: 0.5500238484466046 and parameters: {'k1': 1.5326754544580668e-05, 'D_low': 49.66873179456776, 'k2': 0.013583696570627432, 'D_high': 640380.6478608204, 'fire_exp': 2.484905216865055, 'P_half': 1416.4548288794608, 'pre_dampen_half': 0.5152550873014838, 'gpp_af': 0.013036537495763112, 'gpp_b': 0.0035350561212097948, 'gpp_d': 1.252555982679437, 'ign_k': 0.19548046490633653, 'ign_c': 0.7199898410996669, 'trop_agb_crit': 3.9289683044926065, 'trop_k_veg': 3.739159782040038, 'pop_amp': 17.970402247085893, 'pop_peak': 28.54579846786079, 'pop_sig': 2.2549710856023717}. Best is trial 274 with value: -0.604910391627968.
[I 2026-08-20 00:44:52,472] Trial 1078 finished with value: 0.4585661714797761 and parameters: {'k1': 0.00018735248280283661, 'D_low': 18.4228826493664, 'k2': 0.09107732572652831, 'D_high': 2231807.862460508, 'fire_exp': 1.219044135509466, 'P_half': 1.5120991804980937, 'pre_dampen_half': 0.11455327016954593, 'gpp_af': 0.09497036255860691, 'gpp_b': 0.00027079301856079436, 'gpp_d': 0.13701785402130112, 'ign_k': 0.0015664210669475184, 'ign_c': 0.25749481240471367, 'trop_agb_crit': 1.6517087657519256, 'trop_k_veg': 1.051634854172779, 'pop_amp': 10.275473893081259, 'pop_peak': 1.2959282779582189, 'pop_sig': 1.2801818653158048}. Best is trial 274 with value: -0.604910391627968.
[I 2026-08-20 00:44:54,349] Trial 1079 finished with value: 0.5155437453813108 and parameters: {'k1': 0.0380657643320953, 'D_low': 17651.452491846107, 'k2': 0.006088936048194868, 'D_high': 1273792.5646245235, 'fire_exp': 2.6869143375375693, 'P_half': 1.6436076658687442, 'pre_dampen_half': 0.9520872582119851, 'gpp_af': 0.012561483692436636, 'gpp_b': 9.600557608518116e-05, 'gpp_d': 0.03407602521611203, 'ign_k': 0.6675366742672494, 'ign_c': 0.5740168287718713, 'trop_agb_crit': 4.999337096023354, 'trop_k_veg': 5.851410415973051, 'pop_amp': 14.661011585862838, 'pop_peak': 3.1355285814310316, 'pop_sig': 0.5839235719659516}. Best is trial 274 with value: -0.604910391627968.
[I 2026-08-20 00:44:56,183] Trial 1080 finished with value: 0.5262822353220501 and parameters: {'k1': 1.9224359879058263e-05, 'D_low': 2.3734345920027655, 'k2': 0.001124179372185323, 'D_high': 6144862.783130851, 'fire_exp': 1.8046383961250445, 'P_half': 254.08900864854326, 'pre_dampen_half': 6.966938242123391, 'gpp_af': 0.01111863130428114, 'gpp_b': 0.0023980805597391443, 'gpp_d': 0.7122342036628291, 'ign_k': 8.908130662779882, 'ign_c': 0.10770218516311202, 'trop_agb_crit': 5.059107597860784, 'trop_k_veg': 3.7615709673819766, 'pop_amp': 0.3864386808997482, 'pop_peak': 2.5886916751797524, 'pop_sig': 1.3301459190538598}. Best is trial 274 with value: -0.604910391627968.
[I 2026-08-20 00:44:58,317] Trial 1081 finished with value: -0.5723649623074192 and parameters: {'k1': 0.017614020113937638, 'D_low': 496.15464039545185, 'k2': 0.005841554867096283, 'D_high': 174630.09770103317, 'fire_exp': 3.5579114074203253, 'P_half': 1.9092228467781835, 'pre_dampen_half': 0.8573359515371091, 'gpp_af': 0.0890141346391975, 'gpp_b': 0.00012173718440435522, 'gpp_d': 1.015405349027085, 'ign_k': 1.4558643656094095, 'ign_c': 2.387657756824265, 'trop_agb_crit': 2.4580149726096305, 'trop_k_veg': 6.578084809150685, 'pop_amp': 1.7467875082495345, 'pop_peak': 5.386866120443701, 'pop_sig': 1.0302811314352287}. Best is trial 274 with value: -0.604910391627968.
[I 2026-08-20 00:45:00,147] Trial 1082 finished with value: -0.5293596513394602 and parameters: {'k1': 1.224498291067141e-05, 'D_low': 13.963756620736234, 'k2': 0.014800735762487246, 'D_high': 2022901.158161659, 'fire_exp': 1.5866421965463073, 'P_half': 1959.6955576057542, 'pre_dampen_half': 65.52155151923, 'gpp_af': 0.05529595246259569, 'gpp_b': 0.03864173931260772, 'gpp_d': 5.517564685606962, 'ign_k': 0.19888905355226474, 'ign_c': 1.0313323203894529, 'trop_agb_crit': 2.7914617413996496, 'trop_k_veg': 7.738525094315372, 'pop_amp': 7.475161467691645, 'pop_peak': 9.135250891087747, 'pop_sig': 2.484076667074363}. Best is trial 274 with value: -0.604910391627968.
[I 2026-08-20 00:45:02,007] Trial 1083 finished with value: 0.46283961243209026 and parameters: {'k1': 0.004089209096657494, 'D_low': 2.1820444396122225, 'k2': 0.0019572647416477907, 'D_high': 406336.4704675074, 'fire_exp': 1.0718104438983986, 'P_half': 1.8122854739083485, 'pre_dampen_half': 0.6834037808420517, 'gpp_af': 2.106569708301501, 'gpp_b': 0.0004720174862320666, 'gpp_d': 96.90167274739923, 'ign_k': 0.0035372110732903544, 'ign_c': 0.6106210017770445, 'trop_agb_crit': 1.1362426654508826, 'trop_k_veg': 1.2665039164259582, 'pop_amp': 0.4235185857828404, 'pop_peak': 5.475140581386481, 'pop_sig': 0.6650399115721674}. Best is trial 274 with value: -0.604910391627968.
[I 2026-08-20 00:45:03,866] Trial 1084 finished with value: 0.44807518751626296 and parameters: {'k1': 0.004306247057803816, 'D_low': 3.354031823846811, 'k2': 0.0843919286970888, 'D_high': 2344737.333599121, 'fire_exp': 1.2991444334946423, 'P_half': 1.0462170584535617, 'pre_dampen_half': 0.13695986493008697, 'gpp_af': 0.7851244011697153, 'gpp_b': 0.0005238659128650053, 'gpp_d': 15.184385009528038, 'ign_k': 0.011610710288374635, 'ign_c': 0.45136062137355754, 'trop_agb_crit': 1.8982257854514069, 'trop_k_veg': 2.1622032039250474, 'pop_amp': 4.4150830979887346, 'pop_peak': 7.219699772957005, 'pop_sig': 1.6424026997147307}. Best is trial 274 with value: -0.604910391627968.
[I 2026-08-20 00:45:05,726] Trial 1085 finished with value: 0.58200150176654 and parameters: {'k1': 0.0021776475684542633, 'D_low': 3.063016549547257, 'k2': 0.04232842182077013, 'D_high': 2690341.0287269857, 'fire_exp': 1.0453104019919477, 'P_half': 38.89655932688773, 'pre_dampen_half': 0.9784584177507138, 'gpp_af': 0.0038912956111200173, 'gpp_b': 0.031057807428441404, 'gpp_d': 0.02279547173115999, 'ign_k': 0.00404596155581541, 'ign_c': 0.2549421534042096, 'trop_agb_crit': 4.785569993202293, 'trop_k_veg': 0.7395645157693985, 'pop_amp': 2.429371845424897, 'pop_peak': 22.198493616733998, 'pop_sig': 1.1134147646855683}. Best is trial 274 with value: -0.604910391627968.
[I 2026-08-20 00:45:07,641] Trial 1086 finished with value: 0.456306228327892 and parameters: {'k1': 0.0010864838441885004, 'D_low': 3.9838140145621943, 'k2': 0.09461594825247542, 'D_high': 124861.37056830802, 'fire_exp': 1.2486613972572398, 'P_half': 12.167243606341158, 'pre_dampen_half': 0.4889035945854104, 'gpp_af': 0.011238914146688397, 'gpp_b': 0.0028568210846536875, 'gpp_d': 0.4317125801887201, 'ign_k': 0.003558957040768976, 'ign_c': 0.33820647682614613, 'trop_agb_crit': 4.669614102213184, 'trop_k_veg': 0.8877295439075875, 'pop_amp': 13.117893634230036, 'pop_peak': 9.644869775431832, 'pop_sig': 0.5594084789255749}. Best is trial 274 with value: -0.604910391627968.
[I 2026-08-20 00:45:09,489] Trial 1087 finished with value: -0.5661643550505634 and parameters: {'k1': 0.00039663754085644674, 'D_low': 15.163841200952776, 'k2': 0.0476512784353187, 'D_high': 3290904.163911021, 'fire_exp': 1.0990957907503711, 'P_half': 3.0969626507123817, 'pre_dampen_half': 0.0205744877546817, 'gpp_af': 0.1279390594264045, 'gpp_b': 0.0036317451353947436, 'gpp_d': 1.0048230858694869, 'ign_k': 0.0267162634362576, 'ign_c': 2.047667560974186, 'trop_agb_crit': 5.014330465050408, 'trop_k_veg': 2.258976548002374, 'pop_amp': 9.30640947196355, 'pop_peak': 73.7738976664909, 'pop_sig': 1.1447350052136704}. Best is trial 274 with value: -0.604910391627968.
