[I 2026-08-05 23:34:28,714] Trial 1260 finished with values: [10.020309986697917, 10.020309986697917] and parameters: {'k1': 0.06415745702132086, 'D_low': 1.4045842344024697, 'k2': 0.08894151386481904, 'D_high': 21222.091110076937, 'fire_exp': 1.1044852285094786, 'P_half': 25.49709775062068, 'pre_dampen_half': 247.25776073156666, 'gpp_af': 0.5107061330406066, 'gpp_b': 0.011750724729953272, 'gpp_d': 891.8036602897795, 'ign_k': 1.8669871096222272, 'ign_c': 3.0378658251922155}.
[I 2026-08-05 23:34:29,688] Trial 1261 finished with values: [-0.626177004599531, 0.3974882253371712] and parameters: {'k1': 0.06415745702132086, 'D_low': 9.882278532808778, 'k2': 0.03071666851587867, 'D_high': 2941.5751391396584, 'fire_exp': 1.1258453832483524, 'P_half': 13.019246714361572, 'pre_dampen_half': 703.6426675556048, 'gpp_af': 0.001339466259146302, 'gpp_b': 3.481277316673104e-05, 'gpp_d': 368.30088529547436, 'ign_k': 0.4902396944106615, 'ign_c': 0.9294394155644988}.
[I 2026-08-05 23:34:30,643] Trial 1262 finished with values: [-0.6286666508263576, 0.39142004487485815] and parameters: {'k1': 0.06415745702132086, 'D_low': 9.882278532808778, 'k2': 0.0027431991397796683, 'D_high': 2941.5751391396584, 'fire_exp': 1.1258453832483524, 'P_half': 24.136213194527585, 'pre_dampen_half': 304.7488318185732, 'gpp_af': 0.0055518823149351484, 'gpp_b': 7.402343469704428e-05, 'gpp_d': 891.8036602897795, 'ign_k': 0.4902396944106615, 'ign_c': 8.671454322584175}.
[I 2026-08-05 23:34:31,610] Trial 1263 finished with values: [10.540571172000421, 10.540571172000421] and parameters: {'k1': 0.025383218374507292, 'D_low': 1.4045842344024697, 'k2': 0.0027431991397796683, 'D_high': 2941.5751391396584, 'fire_exp': 1.1258453832483524, 'P_half': 10.226988730324324, 'pre_dampen_half': 703.6426675556048, 'gpp_af': 0.0021836613912815635, 'gpp_b': 0.011750724729953272, 'gpp_d': 5.878566318396007, 'ign_k': 0.34703605955441524, 'ign_c': 3.0378658251922155}.
[I 2026-08-05 23:34:32,603] Trial 1264 finished with values: [10.37237947586339, 10.37237947586339] and parameters: {'k1': 0.06415745702132086, 'D_low': 12.367537614338005, 'k2': 0.0027431991397796683, 'D_high': 2941.5751391396584, 'fire_exp': 1.010722707674549, 'P_half': 105.53846463525653, 'pre_dampen_half': 3.8939810275168565, 'gpp_af': 0.0311621825915585, 'gpp_b': 0.00012797528816608022, 'gpp_d': 891.8036602897795, 'ign_k': 0.9614686563869651, 'ign_c': 0.9294394155644988}.
[I 2026-08-05 23:34:33,564] Trial 1265 finished with values: [-0.6277859110966139, 0.48105609038560937] and parameters: {'k1': 0.06415745702132086, 'D_low': 18.89739291279832, 'k2': 0.05790512193308814, 'D_high': 2941.5751391396584, 'fire_exp': 1.010722707674549, 'P_half': 10.226988730324324, 'pre_dampen_half': 304.7488318185732, 'gpp_af': 0.01979173167138072, 'gpp_b': 7.402343469704428e-05, 'gpp_d': 15.186467669014625, 'ign_k': 0.4702627143647234, 'ign_c': 0.9294394155644988}.
[I 2026-08-05 23:34:34,557] Trial 1266 finished with values: [-0.6034890451185807, 0.2279501119362658] and parameters: {'k1': 0.025383218374507292, 'D_low': 6.1642743507854245, 'k2': 0.08894151386481904, 'D_high': 633.1166646948959, 'fire_exp': 1.1044852285094786, 'P_half': 13.019246714361572, 'pre_dampen_half': 304.7488318185732, 'gpp_af': 0.5107061330406066, 'gpp_b': 0.011750724729953272, 'gpp_d': 891.8036602897795, 'ign_k': 3.529389593576794, 'ign_c': 3.0378658251922155}.
[I 2026-08-05 23:34:35,533] Trial 1267 finished with values: [-0.5961701965843501, 0.293257415773011] and parameters: {'k1': 0.008956420301712053, 'D_low': 9.882278532808778, 'k2': 0.0027431991397796683, 'D_high': 2941.5751391396584, 'fire_exp': 1.1258453832483524, 'P_half': 13.019246714361572, 'pre_dampen_half': 304.7488318185732, 'gpp_af': 0.0021836613912815635, 'gpp_b': 7.402343469704428e-05, 'gpp_d': 0.011495884087462726, 'ign_k': 0.4902396944106615, 'ign_c': 8.671454322584175}.
[I 2026-08-05 23:34:36,532] Trial 1268 finished with values: [-0.6004550685292314, 0.37072189350645024] and parameters: {'k1': 0.008956420301712053, 'D_low': 9.882278532808778, 'k2': 0.0005231512302572119, 'D_high': 2941.5751391396584, 'fire_exp': 1.1258453832483524, 'P_half': 24.136213194527585, 'pre_dampen_half': 304.7488318185732, 'gpp_af': 0.0055518823149351484, 'gpp_b': 7.402343469704428e-05, 'gpp_d': 368.30088529547436, 'ign_k': 8.761971101023693, 'ign_c': 0.3528113274684997}.
[I 2026-08-05 23:34:37,558] Trial 1269 finished with values: [10.471294477531572, 10.471294477531572] and parameters: {'k1': 0.02641449645424223, 'D_low': 3096.8559306323946, 'k2': 0.03071666851587867, 'D_high': 9769.756791866093, 'fire_exp': 1.1258453832483524, 'P_half': 13.019246714361572, 'pre_dampen_half': 304.7488318185732, 'gpp_af': 16.205701454358664, 'gpp_b': 3.481277316673104e-05, 'gpp_d': 150.14555442537656, 'ign_k': 8.761971101023693, 'ign_c': 8.671454322584175}.
[I 2026-08-05 23:34:38,562] Trial 1270 finished with values: [-0.6152863367603476, 0.3402783618592151] and parameters: {'k1': 0.06415745702132086, 'D_low': 9.882278532808778, 'k2': 0.08894151386481904, 'D_high': 2941.5751391396584, 'fire_exp': 1.151006986743773, 'P_half': 10.226988730324324, 'pre_dampen_half': 304.7488318185732, 'gpp_af': 0.0021836613912815635, 'gpp_b': 0.00013080022982604522, 'gpp_d': 368.30088529547436, 'ign_k': 0.34703605955441524, 'ign_c': 0.3253741042140523}.
[I 2026-08-05 23:34:39,529] Trial 1271 finished with values: [-0.5781533822193595, 0.28104360285024466] and parameters: {'k1': 0.0014755326436446132, 'D_low': 12.492307509390828, 'k2': 0.002298215566004573, 'D_high': 2941.5751391396584, 'fire_exp': 1.1258453832483524, 'P_half': 10.226988730324324, 'pre_dampen_half': 304.7488318185732, 'gpp_af': 0.001339466259146302, 'gpp_b': 7.402343469704428e-05, 'gpp_d': 368.30088529547436, 'ign_k': 0.4902396944106615, 'ign_c': 10.800458379640933}.
[I 2026-08-05 23:34:40,530] Trial 1272 finished with values: [-0.6135742456820734, 0.341602281667296] and parameters: {'k1': 0.06415745702132086, 'D_low': 2.1234210963705626, 'k2': 0.0027431991397796683, 'D_high': 2941.5751391396584, 'fire_exp': 1.1258453832483524, 'P_half': 12.808863354047988, 'pre_dampen_half': 304.7488318185732, 'gpp_af': 0.0021836613912815635, 'gpp_b': 0.00012797528816608022, 'gpp_d': 857.4284557962634, 'ign_k': 0.12752949611679998, 'ign_c': 0.9294394155644988}.
[I 2026-08-05 23:34:41,580] Trial 1273 finished with values: [-0.6212276777778734, 0.34472603229504917] and parameters: {'k1': 0.025383218374507292, 'D_low': 2.1234210963705626, 'k2': 0.0027431991397796683, 'D_high': 2941.5751391396584, 'fire_exp': 1.1044852285094786, 'P_half': 25.49709775062068, 'pre_dampen_half': 304.7488318185732, 'gpp_af': 0.0021836613912815635, 'gpp_b': 0.00012797528816608022, 'gpp_d': 15.186467669014625, 'ign_k': 0.4702627143647234, 'ign_c': 0.9294394155644988}.
[I 2026-08-05 23:34:42,572] Trial 1274 finished with values: [-0.5569912187154402, 0.5138413569180869] and parameters: {'k1': 0.06415745702132086, 'D_low': 2.1234210963705626, 'k2': 0.03071666851587867, 'D_high': 2941.5751391396584, 'fire_exp': 1.1258453832483524, 'P_half': 10.226988730324324, 'pre_dampen_half': 703.6426675556048, 'gpp_af': 5.511863475708366, 'gpp_b': 7.402343469704428e-05, 'gpp_d': 857.4284557962634, 'ign_k': 0.029732958317875816, 'ign_c': 8.671454322584175}.
[I 2026-08-05 23:34:43,541] Trial 1275 finished with values: [-0.5502248158747122, 0.5129668417788565] and parameters: {'k1': 0.06415745702132086, 'D_low': 4.051452710153359, 'k2': 0.0027431991397796683, 'D_high': 2941.5751391396584, 'fire_exp': 1.1044852285094786, 'P_half': 10.226988730324324, 'pre_dampen_half': 703.6426675556048, 'gpp_af': 10.30900022204182, 'gpp_b': 0.005612047270186369, 'gpp_d': 15.186467669014625, 'ign_k': 0.4702627143647234, 'ign_c': 0.3253741042140523}.
[I 2026-08-05 23:34:44,488] Trial 1276 finished with values: [-0.6120880078309636, 0.3210563913360248] and parameters: {'k1': 0.06415745702132086, 'D_low': 9.882278532808778, 'k2': 0.0027431991397796683, 'D_high': 2941.5751391396584, 'fire_exp': 1.3239942327296237, 'P_half': 13.019246714361572, 'pre_dampen_half': 304.7488318185732, 'gpp_af': 0.0021836613912815635, 'gpp_b': 7.402343469704428e-05, 'gpp_d': 107.84642153666701, 'ign_k': 0.13054148118849407, 'ign_c': 1.5061320080433496}.
[I 2026-08-05 23:34:45,786] Trial 1277 finished with values: [-0.5844279341852823, 0.28713696206384165] and parameters: {'k1': 0.0029707920514735983, 'D_low': 9.882278532808778, 'k2': 0.0027431991397796683, 'D_high': 2941.5751391396584, 'fire_exp': 1.3239942327296237, 'P_half': 10.753522341516506, 'pre_dampen_half': 304.7488318185732, 'gpp_af': 0.0021836613912815635, 'gpp_b': 7.402343469704428e-05, 'gpp_d': 368.30088529547436, 'ign_k': 8.761971101023693, 'ign_c': 8.671454322584175}.
[I 2026-08-05 23:34:46,719] Trial 1278 finished with values: [10.429091940060557, 10.429091940060557] and parameters: {'k1': 0.06415745702132086, 'D_low': 1.4045842344024697, 'k2': 0.0027431991397796683, 'D_high': 830.8114652888394, 'fire_exp': 3.0406670790494736, 'P_half': 13.019246714361572, 'pre_dampen_half': 304.7488318185732, 'gpp_af': 0.0021836613912815635, 'gpp_b': 7.402343469704428e-05, 'gpp_d': 5.878566318396007, 'ign_k': 0.13054148118849407, 'ign_c': 0.34191636650729956}.
[I 2026-08-05 23:34:47,683] Trial 1279 finished with values: [-0.6160820290536465, 0.3148224757406778] and parameters: {'k1': 0.06415745702132086, 'D_low': 2.1234210963705626, 'k2': 0.00375241428659295, 'D_high': 1665.1532285161688, 'fire_exp': 1.2039307685751104, 'P_half': 13.019246714361572, 'pre_dampen_half': 304.7488318185732, 'gpp_af': 0.001339466259146302, 'gpp_b': 3.228689523591491e-05, 'gpp_d': 891.8036602897795, 'ign_k': 0.34703605955441524, 'ign_c': 0.9294394155644988}.
[I 2026-08-05 23:34:48,632] Trial 1280 finished with values: [10.09166344577296, 10.09166344577296] and parameters: {'k1': 0.008956420301712053, 'D_low': 9.882278532808778, 'k2': 0.0027431991397796683, 'D_high': 2941.5751391396584, 'fire_exp': 1.1258453832483524, 'P_half': 13.019246714361572, 'pre_dampen_half': 43.62109214721796, 'gpp_af': 0.0021836613912815635, 'gpp_b': 7.402343469704428e-05, 'gpp_d': 891.8036602897795, 'ign_k': 8.761971101023693, 'ign_c': 0.9294394155644988}.
[I 2026-08-05 23:34:49,565] Trial 1281 finished with values: [10.065682166799064, 10.065682166799064] and parameters: {'k1': 0.0009679314683873938, 'D_low': 18.89739291279832, 'k2': 0.03071666851587867, 'D_high': 2941.5751391396584, 'fire_exp': 1.1258453832483524, 'P_half': 13.019246714361572, 'pre_dampen_half': 304.7488318185732, 'gpp_af': 0.001339466259146302, 'gpp_b': 3.481277316673104e-05, 'gpp_d': 891.8036602897795, 'ign_k': 0.055898841912785116, 'ign_c': 0.9294394155644988}.
[I 2026-08-05 23:34:50,516] Trial 1282 finished with values: [10.4362588189117, 10.4362588189117] and parameters: {'k1': 0.008956420301712053, 'D_low': 9.882278532808778, 'k2': 0.03071666851587867, 'D_high': 2941.5751391396584, 'fire_exp': 1.1044852285094786, 'P_half': 10.226988730324324, 'pre_dampen_half': 703.6426675556048, 'gpp_af': 4.4416173741744, 'gpp_b': 7.402343469704428e-05, 'gpp_d': 0.16069682196977472, 'ign_k': 0.4902396944106615, 'ign_c': 0.3528113274684997}.
[I 2026-08-05 23:34:51,451] Trial 1283 finished with values: [-0.6338797078782978, 0.40257173518055744] and parameters: {'k1': 0.02641449645424223, 'D_low': 2.1234210963705626, 'k2': 0.01153590300936118, 'D_high': 2941.5751391396584, 'fire_exp': 1.1044852285094786, 'P_half': 13.019246714361572, 'pre_dampen_half': 304.7488318185732, 'gpp_af': 0.0055518823149351484, 'gpp_b': 7.402343469704428e-05, 'gpp_d': 15.186467669014625, 'ign_k': 0.4702627143647234, 'ign_c': 8.671454322584175}.
[I 2026-08-05 23:34:52,382] Trial 1284 finished with values: [-0.5506882684950622, 0.4576502729287444] and parameters: {'k1': 0.06415745702132086, 'D_low': 9.882278532808778, 'k2': 4.3214816246375446e-05, 'D_high': 2941.5751391396584, 'fire_exp': 1.1258453832483524, 'P_half': 13.019246714361572, 'pre_dampen_half': 703.6426675556048, 'gpp_af': 0.0021836613912815635, 'gpp_b': 7.402343469704428e-05, 'gpp_d': 368.30088529547436, 'ign_k': 0.4902396944106615, 'ign_c': 0.9294394155644988}.
[I 2026-08-05 23:34:53,350] Trial 1285 finished with values: [-0.6260419241045144, 0.39314534991120953] and parameters: {'k1': 0.06415745702132086, 'D_low': 2.1234210963705626, 'k2': 0.08894151386481904, 'D_high': 2759.9460825796928, 'fire_exp': 1.010722707674549, 'P_half': 3.4786948088723384, 'pre_dampen_half': 304.7488318185732, 'gpp_af': 0.0021836613912815635, 'gpp_b': 7.402343469704428e-05, 'gpp_d': 891.8036602897795, 'ign_k': 0.34703605955441524, 'ign_c': 0.9294394155644988}.
[I 2026-08-05 23:34:54,283] Trial 1286 finished with values: [-0.6260463667214519, 0.3648276359687178] and parameters: {'k1': 0.06415745702132086, 'D_low': 2.1234210963705626, 'k2': 0.08894151386481904, 'D_high': 2941.5751391396584, 'fire_exp': 1.1044852285094786, 'P_half': 13.019246714361572, 'pre_dampen_half': 304.7488318185732, 'gpp_af': 0.0021836613912815635, 'gpp_b': 7.402343469704428e-05, 'gpp_d': 15.186467669014625, 'ign_k': 0.34703605955441524, 'ign_c': 8.671454322584175}.
[I 2026-08-05 23:34:55,232] Trial 1287 finished with values: [-0.6191494932706081, 0.36574999115670126] and parameters: {'k1': 0.06415745702132086, 'D_low': 12.492307509390828, 'k2': 0.03071666851587867, 'D_high': 2941.5751391396584, 'fire_exp': 1.010722707674549, 'P_half': 10.226988730324324, 'pre_dampen_half': 703.6426675556048, 'gpp_af': 0.0021836613912815635, 'gpp_b': 0.00012797528816608022, 'gpp_d': 891.8036602897795, 'ign_k': 8.761971101023693, 'ign_c': 8.671454322584175}.
[I 2026-08-05 23:34:56,179] Trial 1288 finished with values: [10.172478256927121, 10.172478256927121] and parameters: {'k1': 0.06415745702132086, 'D_low': 2.1234210963705626, 'k2': 0.03071666851587867, 'D_high': 2941.5751391396584, 'fire_exp': 1.010722707674549, 'P_half': 13.019246714361572, 'pre_dampen_half': 304.7488318185732, 'gpp_af': 5.713147414232527, 'gpp_b': 7.402343469704428e-05, 'gpp_d': 891.8036602897795, 'ign_k': 0.34703605955441524, 'ign_c': 8.671454322584175}.
[I 2026-08-05 23:34:57,114] Trial 1289 finished with values: [10.06218319794046, 10.06218319794046] and parameters: {'k1': 0.004244442212210019, 'D_low': 18.89739291279832, 'k2': 0.0036014695835220327, 'D_high': 2941.5751391396584, 'fire_exp': 1.010722707674549, 'P_half': 13.019246714361572, 'pre_dampen_half': 703.6426675556048, 'gpp_af': 0.01979173167138072, 'gpp_b': 3.481277316673104e-05, 'gpp_d': 368.30088529547436, 'ign_k': 0.4902396944106615, 'ign_c': 0.9294394155644988}.
[I 2026-08-05 23:34:58,052] Trial 1290 finished with values: [10.464287661609113, 10.464287661609113] and parameters: {'k1': 0.06415745702132086, 'D_low': 18.89739291279832, 'k2': 0.0027431991397796683, 'D_high': 2941.5751391396584, 'fire_exp': 1.1258453832483524, 'P_half': 10.226988730324324, 'pre_dampen_half': 304.7488318185732, 'gpp_af': 60.68384709875971, 'gpp_b': 7.402343469704428e-05, 'gpp_d': 15.186467669014625, 'ign_k': 0.001887261434847181, 'ign_c': 0.9294394155644988}.
[I 2026-08-05 23:34:59,029] Trial 1291 finished with values: [10.00924936954293, 10.00924936954293] and parameters: {'k1': 0.06415745702132086, 'D_low': 2.3548462628715368, 'k2': 0.03071666851587867, 'D_high': 2941.5751391396584, 'fire_exp': 1.1258453832483524, 'P_half': 24.136213194527585, 'pre_dampen_half': 304.7488318185732, 'gpp_af': 0.0055518823149351484, 'gpp_b': 2.199522084499044e-05, 'gpp_d': 368.30088529547436, 'ign_k': 0.4902396944106615, 'ign_c': 0.3528113274684997}.
[I 2026-08-05 23:34:59,993] Trial 1292 finished with values: [10.188756087679593, 10.188756087679593] and parameters: {'k1': 0.02641449645424223, 'D_low': 9.882278532808778, 'k2': 0.0027431991397796683, 'D_high': 2941.5751391396584, 'fire_exp': 1.144329066180296, 'P_half': 10.226988730324324, 'pre_dampen_half': 703.6426675556048, 'gpp_af': 0.0021836613912815635, 'gpp_b': 0.0004933128725844619, 'gpp_d': 368.30088529547436, 'ign_k': 0.01113839807167031, 'ign_c': 8.671454322584175}.
[I 2026-08-05 23:35:00,938] Trial 1293 finished with values: [10.03603972843918, 10.03603972843918] and parameters: {'k1': 0.06415745702132086, 'D_low': 2.3548462628715368, 'k2': 9.725572961465083e-05, 'D_high': 1665.1532285161688, 'fire_exp': 1.1258453832483524, 'P_half': 13.019246714361572, 'pre_dampen_half': 304.7488318185732, 'gpp_af': 0.0021836613912815635, 'gpp_b': 7.402343469704428e-05, 'gpp_d': 368.30088529547436, 'ign_k': 0.4702627143647234, 'ign_c': 0.3528113274684997}.
[I 2026-08-05 23:35:01,914] Trial 1294 finished with values: [-0.6257134375696873, 0.3849809685526481] and parameters: {'k1': 0.06415745702132086, 'D_low': 4.051452710153359, 'k2': 0.03071666851587867, 'D_high': 2941.5751391396584, 'fire_exp': 1.1258453832483524, 'P_half': 10.226988730324324, 'pre_dampen_half': 703.6426675556048, 'gpp_af': 0.0021836613912815635, 'gpp_b': 7.402343469704428e-05, 'gpp_d': 368.30088529547436, 'ign_k': 0.4902396944106615, 'ign_c': 8.671454322584175}.
[I 2026-08-05 23:35:02,870] Trial 1295 finished with values: [-0.5953077883608436, 0.22650599979745967] and parameters: {'k1': 0.025383218374507292, 'D_low': 1.4045842344024697, 'k2': 0.042171429440250686, 'D_high': 633.1166646948959, 'fire_exp': 1.1044852285094786, 'P_half': 10.226988730324324, 'pre_dampen_half': 247.25776073156666, 'gpp_af': 0.0021836613912815635, 'gpp_b': 0.00012797528816608022, 'gpp_d': 368.30088529547436, 'ign_k': 0.4702627143647234, 'ign_c': 0.9294394155644988}.
[I 2026-08-05 23:35:03,846] Trial 1296 finished with values: [-0.6196772555464275, 0.32959166390825634] and parameters: {'k1': 0.06415745702132086, 'D_low': 9.882278532808778, 'k2': 0.03071666851587867, 'D_high': 2941.5751391396584, 'fire_exp': 1.3239942327296237, 'P_half': 13.019246714361572, 'pre_dampen_half': 304.7488318185732, 'gpp_af': 0.0021836613912815635, 'gpp_b': 7.402343469704428e-05, 'gpp_d': 5.878566318396007, 'ign_k': 0.34703605955441524, 'ign_c': 8.671454322584175}.
[I 2026-08-05 23:35:04,772] Trial 1297 finished with values: [-0.6255607398420887, 0.33155718225349184] and parameters: {'k1': 0.06415745702132086, 'D_low': 2.1234210963705626, 'k2': 0.03071666851587867, 'D_high': 1665.1532285161688, 'fire_exp': 1.1258453832483524, 'P_half': 10.226988730324324, 'pre_dampen_half': 703.6426675556048, 'gpp_af': 0.001339466259146302, 'gpp_b': 3.228689523591491e-05, 'gpp_d': 891.8036602897795, 'ign_k': 0.4702627143647234, 'ign_c': 8.671454322584175}.
[I 2026-08-05 23:35:05,707] Trial 1298 finished with values: [-0.5954541678062644, 0.22501047758535808] and parameters: {'k1': 0.025383218374507292, 'D_low': 18.89739291279832, 'k2': 0.03071666851587867, 'D_high': 633.1166646948959, 'fire_exp': 1.010722707674549, 'P_half': 25.49709775062068, 'pre_dampen_half': 304.7488318185732, 'gpp_af': 0.0021836613912815635, 'gpp_b': 0.00012797528816608022, 'gpp_d': 891.8036602897795, 'ign_k': 0.4702627143647234, 'ign_c': 0.9294394155644988}.
[I 2026-08-05 23:35:07,021] Trial 1299 finished with values: [-0.5788189388938966, 0.2109015599533638] and parameters: {'k1': 0.016594187721123744, 'D_low': 18.89739291279832, 'k2': 0.00375241428659295, 'D_high': 633.1166646948959, 'fire_exp': 1.010722707674549, 'P_half': 12.808863354047988, 'pre_dampen_half': 304.7488318185732, 'gpp_af': 0.0021836613912815635, 'gpp_b': 7.402343469704428e-05, 'gpp_d': 891.8036602897795, 'ign_k': 0.34703605955441524, 'ign_c': 8.671454322584175}.
[I 2026-08-05 23:35:07,955] Trial 1300 finished with values: [-0.6121116573909269, 0.5631124197964116] and parameters: {'k1': 0.025383218374507292, 'D_low': 1.4045842344024697, 'k2': 0.0027431991397796683, 'D_high': 2941.5751391396584, 'fire_exp': 1.1044852285094786, 'P_half': 25.49709775062068, 'pre_dampen_half': 247.25776073156666, 'gpp_af': 0.5107061330406066, 'gpp_b': 7.402343469704428e-05, 'gpp_d': 5.878566318396007, 'ign_k': 5.9736167866478125, 'ign_c': 8.671454322584175}.
[I 2026-08-05 23:35:08,947] Trial 1301 finished with values: [10.00478324658711, 10.00478324658711] and parameters: {'k1': 0.06415745702132086, 'D_low': 2.1234210963705626, 'k2': 0.0027431991397796683, 'D_high': 984.0626059011972, 'fire_exp': 1.5292421264264235, 'P_half': 10.226988730324324, 'pre_dampen_half': 304.7488318185732, 'gpp_af': 0.0021836613912815635, 'gpp_b': 7.402343469704428e-05, 'gpp_d': 5.878566318396007, 'ign_k': 0.4902396944106615, 'ign_c': 0.9294394155644988}.
[I 2026-08-05 23:35:09,876] Trial 1302 finished with values: [10.769229485014298, 10.769229485014298] and parameters: {'k1': 9.95829068749527e-05, 'D_low': 2.1234210963705626, 'k2': 0.00375241428659295, 'D_high': 2941.5751391396584, 'fire_exp': 1.8704656029838527, 'P_half': 1090.418094655994, 'pre_dampen_half': 304.7488318185732, 'gpp_af': 0.001339466259146302, 'gpp_b': 0.6637926838138378, 'gpp_d': 0.16069682196977472, 'ign_k': 0.029732958317875816, 'ign_c': 0.3528113274684997}.
[I 2026-08-05 23:35:10,813] Trial 1303 finished with values: [10.132099638682108, 10.132099638682108] and parameters: {'k1': 0.0006294472924834207, 'D_low': 2.1234210963705626, 'k2': 0.03071666851587867, 'D_high': 1665.1532285161688, 'fire_exp': 1.1258453832483524, 'P_half': 224.42820887784595, 'pre_dampen_half': 304.7488318185732, 'gpp_af': 0.0021836613912815635, 'gpp_b': 7.402343469704428e-05, 'gpp_d': 223.60515435267138, 'ign_k': 0.4702627143647234, 'ign_c': 8.671454322584175}.
[I 2026-08-05 23:35:11,745] Trial 1304 finished with values: [-0.6289520748246253, 0.39279923798672034] and parameters: {'k1': 0.025383218374507292, 'D_low': 1.4045842344024697, 'k2': 0.00375241428659295, 'D_high': 2941.5751391396584, 'fire_exp': 1.010722707674549, 'P_half': 13.019246714361572, 'pre_dampen_half': 304.7488318185732, 'gpp_af': 0.0021836613912815635, 'gpp_b': 7.402343469704428e-05, 'gpp_d': 891.8036602897795, 'ign_k': 0.4902396944106615, 'ign_c': 0.9294394155644988}.
