[I 2026-07-22 18:44:58,672] Trial 454 finished with values: [-0.31719967651116265, 0.42529306867494454] and parameters: {'k1': 0.00023352156626184448, 'D_low': 13.25142220631392, 'k2': 1.6559474674046002e-05, 'D_high': 708572.1663941594, 'fire_exp': 1.2242398136753672, 'P_half': 38.82837025280678, 'pre_dampen_half': 3.9885726374014694, 'gpp_af': 18.235072804314193, 'gpp_b': 0.0005392415140872105, 'gpp_d': 9.00460602264307, 'ign_k': 0.0013726318898045872, 'ign_c': 4.1108484350212295, 'trop_agb_crit': 6.119263728555865, 'trop_k_veg': 2.417028380770307, 'fuel_k': 0.08612665817296865, 'fuel_half': 0.33988503110784557}.
[I 2026-07-22 18:44:59,089] Trial 455 finished with values: [10.911959038335073, 10.911959038335073] and parameters: {'k1': 3.619136963999883e-05, 'D_low': 126.11058927054879, 'k2': 0.0038341488164556755, 'D_high': 580966.5602369158, 'fire_exp': 1.7124099831271415, 'P_half': 7.890004262668578, 'pre_dampen_half': 6.881834772031151, 'gpp_af': 0.12243451886824051, 'gpp_b': 3.228689523591491e-05, 'gpp_d': 2.8006820077310226, 'ign_k': 3.210808548911192, 'ign_c': 0.4392638796750216, 'trop_agb_crit': 1.1073237802669997, 'trop_k_veg': 1.0049538030148353, 'fuel_k': 0.48736180483849406, 'fuel_half': 0.32476735706274484}.
[I 2026-07-22 18:44:59,505] Trial 456 finished with values: [10.044521834165005, 10.044521834165005] and parameters: {'k1': 1.8205657658407255e-05, 'D_low': 247.75146043208053, 'k2': 1.6559474674046002e-05, 'D_high': 316055.11434645456, 'fire_exp': 1.3175349115759807, 'P_half': 7.890004262668578, 'pre_dampen_half': 26.373339933815235, 'gpp_af': 0.005618069878716736, 'gpp_b': 0.0007040113316769033, 'gpp_d': 9.00460602264307, 'ign_k': 3.284529979576942, 'ign_c': 14.074279366401672, 'trop_agb_crit': 6.119263728555865, 'trop_k_veg': 1.7518409078083697, 'fuel_k': 0.08612665817296865, 'fuel_half': 0.2414020247400933}.
[I 2026-07-22 18:44:59,922] Trial 457 finished with values: [-0.30496190423092556, 0.38730210136699317] and parameters: {'k1': 0.006587536748686894, 'D_low': 89.35942907009701, 'k2': 0.012413450098922581, 'D_high': 160625.60954780428, 'fire_exp': 1.591671544437082, 'P_half': 13.019246714361572, 'pre_dampen_half': 347.79988160923324, 'gpp_af': 18.235072804314193, 'gpp_b': 0.0005995821881487623, 'gpp_d': 2.8006820077310226, 'ign_k': 0.003338063875587391, 'ign_c': 11.40086370112731, 'trop_agb_crit': 9.879645484210656, 'trop_k_veg': 7.359706248396126, 'fuel_k': 0.48736180483849406, 'fuel_half': 18.202647368248815}.
[I 2026-07-22 18:45:00,337] Trial 458 finished with values: [12.543365783978004, 12.543365783978004] and parameters: {'k1': 0.0029707920514735983, 'D_low': 4.043300846639722, 'k2': 2.1698375693549493e-05, 'D_high': 160625.60954780428, 'fire_exp': 1.182396148413737, 'P_half': 2.374667798987403, 'pre_dampen_half': 33.97904243111269, 'gpp_af': 18.235072804314193, 'gpp_b': 3.228689523591491e-05, 'gpp_d': 857.4284557962626, 'ign_k': 0.0013262030086414148, 'ign_c': 3.0378658251922155, 'trop_agb_crit': 15.870971677383487, 'trop_k_veg': 6.911478238001162, 'fuel_k': 5.486054129200971, 'fuel_half': 18.202647368248815}.
[I 2026-07-22 18:45:00,755] Trial 459 finished with values: [11.663042627208064, 11.663042627208064] and parameters: {'k1': 0.0029282035181080004, 'D_low': 1.7887890916820506, 'k2': 0.001566517163094646, 'D_high': 316055.11434645456, 'fire_exp': 1.1258453832483524, 'P_half': 490.2396944106614, 'pre_dampen_half': 347.79988160923324, 'gpp_af': 0.25562996323356013, 'gpp_b': 1.7565109007473816e-05, 'gpp_d': 700.6693992445935, 'ign_k': 0.03141110271934876, 'ign_c': 6.1609752947414345, 'trop_agb_crit': 9.362115196011851, 'trop_k_veg': 0.8966698264662736, 'fuel_k': 0.48736180483849406, 'fuel_half': 0.32476735706274484}.
[I 2026-07-22 18:45:01,171] Trial 460 finished with values: [-0.6200797836036132, 0.3317604495248496] and parameters: {'k1': 0.011966626407443505, 'D_low': 1.7887890916820506, 'k2': 0.0007081721844034209, 'D_high': 316055.11434645456, 'fire_exp': 1.2242398136753672, 'P_half': 7.890004262668578, 'pre_dampen_half': 0.4016986062226068, 'gpp_af': 0.06789053271698488, 'gpp_b': 1.7565109007473816e-05, 'gpp_d': 9.00460602264307, 'ign_k': 3.284529979576942, 'ign_c': 6.1609752947414345, 'trop_agb_crit': 1.5774541406529003, 'trop_k_veg': 2.417028380770307, 'fuel_k': 0.08612665817296865, 'fuel_half': 7.259866824755671}.
[I 2026-07-22 18:45:01,584] Trial 461 finished with values: [10.185679198049892, 10.185679198049892] and parameters: {'k1': 0.00016480446427978953, 'D_low': 13.25142220631392, 'k2': 0.0001971137615017176, 'D_high': 1026.0852623190942, 'fire_exp': 1.3411849220480432, 'P_half': 2.458603276328005, 'pre_dampen_half': 347.79988160923324, 'gpp_af': 0.16548212780921995, 'gpp_b': 0.0054502936945582505, 'gpp_d': 302.3127748796295, 'ign_k': 0.7588328899786276, 'ign_c': 8.405439129313676, 'trop_agb_crit': 2.171140223187998, 'trop_k_veg': 3.028464701337094, 'fuel_k': 1.1820218758583807, 'fuel_half': 38.21129441691226}.
[I 2026-07-22 18:45:02,000] Trial 462 finished with values: [-0.35372477525496276, 0.4076598236955633] and parameters: {'k1': 0.0002526432647626936, 'D_low': 975.3810162817546, 'k2': 0.0038341488164556755, 'D_high': 1026.0852623190942, 'fire_exp': 1.3411849220480432, 'P_half': 7.890004262668578, 'pre_dampen_half': 219.13475969641993, 'gpp_af': 0.12243451886824051, 'gpp_b': 0.0054502936945582505, 'gpp_d': 12.151631524283598, 'ign_k': 0.7588328899786276, 'ign_c': 0.4392638796750216, 'trop_agb_crit': 12.285102065067687, 'trop_k_veg': 2.417028380770307, 'fuel_k': 0.031056242489259013, 'fuel_half': 2.276766792290519}.
[I 2026-07-22 18:45:02,412] Trial 463 finished with values: [10.614318029047096, 10.614318029047096] and parameters: {'k1': 0.00016480446427978953, 'D_low': 4.043300846639722, 'k2': 2.1698375693549493e-05, 'D_high': 1026.0852623190942, 'fire_exp': 1.3411849220480432, 'P_half': 1938.3858782150498, 'pre_dampen_half': 33.97904243111269, 'gpp_af': 0.005618069878716736, 'gpp_b': 3.228689523591491e-05, 'gpp_d': 857.4284557962626, 'ign_k': 0.03141110271934876, 'ign_c': 0.4392638796750216, 'trop_agb_crit': 15.870971677383487, 'trop_k_veg': 1.0049538030148353, 'fuel_k': 0.8398846716543956, 'fuel_half': 18.202647368248815}.
[I 2026-07-22 18:45:02,828] Trial 464 finished with values: [10.445423311429195, 10.445423311429195] and parameters: {'k1': 2.27847364377152e-05, 'D_low': 4.043300846639722, 'k2': 0.001566517163094646, 'D_high': 16392.60991832772, 'fire_exp': 1.182396148413737, 'P_half': 2251.4440483870167, 'pre_dampen_half': 19.600139992927424, 'gpp_af': 0.008562341633595545, 'gpp_b': 1.7565109007473816e-05, 'gpp_d': 302.3127748796295, 'ign_k': 0.018707420137660268, 'ign_c': 3.0378658251922155, 'trop_agb_crit': 15.870971677383487, 'trop_k_veg': 2.417028380770307, 'fuel_k': 1.8731335591844647, 'fuel_half': 38.21129441691226}.
[I 2026-07-22 18:45:03,242] Trial 465 finished with values: [10.977457693141735, 10.977457693141735] and parameters: {'k1': 9.969469187531805e-05, 'D_low': 864.0717009254879, 'k2': 0.0007081721844034209, 'D_high': 305369.47947832284, 'fire_exp': 1.0881360604103363, 'P_half': 7.890004262668578, 'pre_dampen_half': 294.75617712568373, 'gpp_af': 0.3259758793317361, 'gpp_b': 0.0005995821881487623, 'gpp_d': 6.91394869865762, 'ign_k': 0.006290644294586149, 'ign_c': 77.59048401667629, 'trop_agb_crit': 24.84904720498571, 'trop_k_veg': 2.417028380770307, 'fuel_k': 0.6211831489538813, 'fuel_half': 81.87941582538087}.
[I 2026-07-22 18:45:03,654] Trial 466 finished with values: [10.740325720687377, 10.740325720687377] and parameters: {'k1': 0.00016480446427978953, 'D_low': 12574.42600931779, 'k2': 0.0007081721844034209, 'D_high': 1026.0852623190942, 'fire_exp': 1.4575512062152998, 'P_half': 38.82837025280678, 'pre_dampen_half': 3.9885726374014694, 'gpp_af': 0.306107393978212, 'gpp_b': 3.228689523591491e-05, 'gpp_d': 6.378078463802852, 'ign_k': 3.210808548911192, 'ign_c': 0.4392638796750216, 'trop_agb_crit': 1.5774541406529003, 'trop_k_veg': 1.6340262437673856, 'fuel_k': 0.5205627439018524, 'fuel_half': 7.259866824755671}.
[I 2026-07-22 18:45:04,068] Trial 467 finished with values: [13.929699972697655, 13.929699972697655] and parameters: {'k1': 0.0007087479683081, 'D_low': 1.7887890916820506, 'k2': 7.67074891445376e-05, 'D_high': 316055.11434645456, 'fire_exp': 1.2242398136753672, 'P_half': 9.324787201197319, 'pre_dampen_half': 33.71909132517388, 'gpp_af': 8.769726637617675, 'gpp_b': 3.228689523591491e-05, 'gpp_d': 302.3127748796295, 'ign_k': 0.009861808369679786, 'ign_c': 11.40086370112731, 'trop_agb_crit': 9.362115196011851, 'trop_k_veg': 1.140286245977296, 'fuel_k': 1.8731335591844647, 'fuel_half': 0.3335026483569958}.
[I 2026-07-22 18:45:04,493] Trial 468 finished with values: [10.094388193215183, 10.094388193215183] and parameters: {'k1': 0.00016480446427978953, 'D_low': 1407.7923139972395, 'k2': 0.02989647175615661, 'D_high': 1026.0852623190942, 'fire_exp': 1.3411849220480432, 'P_half': 7.890004262668578, 'pre_dampen_half': 347.79988160923324, 'gpp_af': 0.12243451886824051, 'gpp_b': 0.0005995821881487623, 'gpp_d': 2.8006820077310226, 'ign_k': 0.006290644294586149, 'ign_c': 11.40086370112731, 'trop_agb_crit': 5.707205898008383, 'trop_k_veg': 2.417028380770307, 'fuel_k': 0.48736180483849406, 'fuel_half': 2.276766792290519}.
[I 2026-07-22 18:45:04,912] Trial 469 finished with values: [10.27951224299419, 10.27951224299419] and parameters: {'k1': 2.27847364377152e-05, 'D_low': 4.043300846639722, 'k2': 1.6559474674046002e-05, 'D_high': 887331.2884015184, 'fire_exp': 1.3411849220480432, 'P_half': 38.82837025280678, 'pre_dampen_half': 19.600139992927424, 'gpp_af': 0.008562341633595545, 'gpp_b': 1.7565109007473816e-05, 'gpp_d': 2.2044650100999164, 'ign_k': 0.03141110271934876, 'ign_c': 0.11650681118986138, 'trop_agb_crit': 1.886175574962432, 'trop_k_veg': 2.417028380770307, 'fuel_k': 0.3848045345221526, 'fuel_half': 38.21129441691226}.
[I 2026-07-22 18:45:05,337] Trial 470 finished with values: [-0.1953006349267584, 0.2557497054111112] and parameters: {'k1': 0.0003199177539819797, 'D_low': 4.043300846639722, 'k2': 0.001566517163094646, 'D_high': 2283.4228779494524, 'fire_exp': 1.2310899049053081, 'P_half': 540.9803697908727, 'pre_dampen_half': 420.2116526335304, 'gpp_af': 0.3259758793317361, 'gpp_b': 0.0054502936945582505, 'gpp_d': 2.2044650100999164, 'ign_k': 0.03141110271934876, 'ign_c': 0.13229646467088635, 'trop_agb_crit': 9.362115196011851, 'trop_k_veg': 2.417028380770307, 'fuel_k': 0.6452742971240902, 'fuel_half': 0.3335026483569958}.
[I 2026-07-22 18:45:05,754] Trial 471 finished with values: [10.759235704511129, 10.759235704511129] and parameters: {'k1': 0.0058043147174140705, 'D_low': 89.35942907009701, 'k2': 0.012413450098922581, 'D_high': 2283.4228779494524, 'fire_exp': 8.529993407276715, 'P_half': 1.7036120617148391, 'pre_dampen_half': 347.79988160923324, 'gpp_af': 18.235072804314193, 'gpp_b': 0.0054502936945582505, 'gpp_d': 2.8006820077310226, 'ign_k': 0.5670346335627292, 'ign_c': 11.40086370112731, 'trop_agb_crit': 1.1195539271968775, 'trop_k_veg': 4.130963924640279, 'fuel_k': 0.01814068034742312, 'fuel_half': 18.202647368248815}.
[I 2026-07-22 18:45:06,174] Trial 472 finished with values: [10.538074924847244, 10.538074924847244] and parameters: {'k1': 0.0029707920514735983, 'D_low': 13713.885091300914, 'k2': 0.035891558714508394, 'D_high': 160625.60954780428, 'fire_exp': 1.182396148413737, 'P_half': 1938.3858782150498, 'pre_dampen_half': 33.97904243111269, 'gpp_af': 0.3259758793317361, 'gpp_b': 3.228689523591491e-05, 'gpp_d': 857.4284557962626, 'ign_k': 0.03141110271934876, 'ign_c': 11.40086370112731, 'trop_agb_crit': 15.870971677383487, 'trop_k_veg': 3.2626710594521904, 'fuel_k': 0.6137000782082781, 'fuel_half': 18.202647368248815}.
[I 2026-07-22 18:45:06,587] Trial 473 finished with values: [10.554579101519652, 10.554579101519652] and parameters: {'k1': 0.0002526432647626936, 'D_low': 975.3810162817546, 'k2': 0.0038341488164556755, 'D_high': 1026.0852623190942, 'fire_exp': 1.2242398136753672, 'P_half': 2.458603276328005, 'pre_dampen_half': 347.79988160923324, 'gpp_af': 0.12243451886824051, 'gpp_b': 0.0054502936945582505, 'gpp_d': 0.08139347272614299, 'ign_k': 0.0013726318898045872, 'ign_c': 11.40086370112731, 'trop_agb_crit': 2.082468072533112, 'trop_k_veg': 2.417028380770307, 'fuel_k': 0.08612665817296865, 'fuel_half': 0.3335026483569958}.
[I 2026-07-22 18:45:07,012] Trial 474 finished with values: [10.88932503481245, 10.88932503481245] and parameters: {'k1': 0.0003199177539819797, 'D_low': 89.35942907009701, 'k2': 0.035891558714508394, 'D_high': 160625.60954780428, 'fire_exp': 1.182396148413737, 'P_half': 13.019246714361572, 'pre_dampen_half': 347.79988160923324, 'gpp_af': 0.3259758793317361, 'gpp_b': 0.0005995821881487623, 'gpp_d': 2.2044650100999164, 'ign_k': 0.003338063875587391, 'ign_c': 11.40086370112731, 'trop_agb_crit': 1.1195539271968775, 'trop_k_veg': 4.130963924640279, 'fuel_k': 0.6137000782082781, 'fuel_half': 18.202647368248815}.
[I 2026-07-22 18:45:07,426] Trial 475 finished with values: [20.28901918803468, 20.28901918803468] and parameters: {'k1': 0.0029707920514735983, 'D_low': 4.043300846639722, 'k2': 2.1698375693549493e-05, 'D_high': 107013.64911724928, 'fire_exp': 1.182396148413737, 'P_half': 4.020051040432125, 'pre_dampen_half': 33.97904243111269, 'gpp_af': 0.0025511964576171086, 'gpp_b': 3.228689523591491e-05, 'gpp_d': 3.0023172465753087, 'ign_k': 0.5670346335627292, 'ign_c': 4.1108484350212295, 'trop_agb_crit': 1.5774541406529003, 'trop_k_veg': 6.911478238001162, 'fuel_k': 5.486054129200971, 'fuel_half': 0.3625056554880307}.
[I 2026-07-22 18:45:07,840] Trial 476 finished with values: [10.147828256010484, 10.147828256010484] and parameters: {'k1': 0.0029707920514735983, 'D_low': 4.043300846639722, 'k2': 2.1698375693549493e-05, 'D_high': 160625.60954780428, 'fire_exp': 1.182396148413737, 'P_half': 38.82837025280678, 'pre_dampen_half': 33.97904243111269, 'gpp_af': 18.235072804314193, 'gpp_b': 0.0005995821881487623, 'gpp_d': 6.91394869865762, 'ign_k': 0.0013262030086414148, 'ign_c': 3.0378658251922155, 'trop_agb_crit': 1.1195539271968775, 'trop_k_veg': 1.140286245977296, 'fuel_k': 3.6992394681929355, 'fuel_half': 18.202647368248815}.
[I 2026-07-22 18:45:08,282] Trial 477 finished with values: [10.729552151600403, 10.729552151600403] and parameters: {'k1': 9.969469187531805e-05, 'D_low': 4.043300846639722, 'k2': 2.1698375693549493e-05, 'D_high': 2512533.442757688, 'fire_exp': 2.0165721691808587, 'P_half': 1938.3858782150498, 'pre_dampen_half': 33.97904243111269, 'gpp_af': 42.29037995744429, 'gpp_b': 0.08980754434235984, 'gpp_d': 27.50607428241511, 'ign_k': 0.03141110271934876, 'ign_c': 3.0378658251922155, 'trop_agb_crit': 15.870971677383487, 'trop_k_veg': 0.5695379443977426, 'fuel_k': 5.486054129200971, 'fuel_half': 18.202647368248815}.
[I 2026-07-22 18:45:08,720] Trial 478 finished with values: [10.076618494426034, 10.076618494426034] and parameters: {'k1': 0.0003199177539819797, 'D_low': 13.25142220631392, 'k2': 0.002342238625792905, 'D_high': 8433503.858791472, 'fire_exp': 2.0165721691808587, 'P_half': 2.843767489444367, 'pre_dampen_half': 33.71909132517388, 'gpp_af': 0.09317985456593188, 'gpp_b': 0.08079748865351312, 'gpp_d': 6.91394869865762, 'ign_k': 0.5131654955148324, 'ign_c': 0.13670484737132343, 'trop_agb_crit': 5.707205898008383, 'trop_k_veg': 2.3408809609838257, 'fuel_k': 1.1820218758583807, 'fuel_half': 81.87941582538087}.
[I 2026-07-22 18:45:09,143] Trial 479 finished with values: [10.769191746451552, 10.769191746451552] and parameters: {'k1': 0.0058043147174140705, 'D_low': 209.12794881839662, 'k2': 1.6559474674046002e-05, 'D_high': 887331.2884015184, 'fire_exp': 1.3411849220480432, 'P_half': 38.82837025280678, 'pre_dampen_half': 0.034116553487407886, 'gpp_af': 0.015350904103515228, 'gpp_b': 1.1698276136056565e-05, 'gpp_d': 19.948958651882567, 'ign_k': 0.5131654955148324, 'ign_c': 42.793836042014604, 'trop_agb_crit': 6.058402553512053, 'trop_k_veg': 1.7518409078083697, 'fuel_k': 0.6211831489538813, 'fuel_half': 0.33988503110784557}.
[I 2026-07-22 18:45:09,564] Trial 480 finished with values: [10.769182684815279, 10.769182684815279] and parameters: {'k1': 0.0003199177539819797, 'D_low': 991933.0362011677, 'k2': 0.002342238625792905, 'D_high': 8433503.858791472, 'fire_exp': 1.1174086754605184, 'P_half': 1535.1441568398143, 'pre_dampen_half': 33.71909132517388, 'gpp_af': 0.49740621749684094, 'gpp_b': 0.0054502936945582505, 'gpp_d': 6.91394869865762, 'ign_k': 4.59148521674054, 'ign_c': 0.13670484737132343, 'trop_agb_crit': 20.205002815711154, 'trop_k_veg': 3.028464701337094, 'fuel_k': 0.48736180483849406, 'fuel_half': 81.87941582538087}.
  trial  481/2500  pareto_size=5  best_taylor=0.6536  best_ilamb=0.5840  (3.4 min)
[I 2026-07-22 18:45:10,049] Trial 481 finished with values: [10.618870957949003, 10.618870957949003] and parameters: {'k1': 0.011966626407443505, 'D_low': 140.92119204434155, 'k2': 0.0810394970233949, 'D_high': 558.9524205217922, 'fire_exp': 1.2242398136753672, 'P_half': 2.843767489444367, 'pre_dampen_half': 3.9885726374014694, 'gpp_af': 0.06789053271698488, 'gpp_b': 0.0054502936945582505, 'gpp_d': 1.0827789485795754, 'ign_k': 0.006290644294586149, 'ign_c': 11.40086370112731, 'trop_agb_crit': 6.119263728555865, 'trop_k_veg': 2.417028380770307, 'fuel_k': 0.08612665817296865, 'fuel_half': 0.33988503110784557}.
[I 2026-07-22 18:45:10,465] Trial 482 finished with values: [10.052515025197899, 10.052515025197899] and parameters: {'k1': 0.052334804885400876, 'D_low': 140.92119204434155, 'k2': 1.6559474674046002e-05, 'D_high': 1026.0852623190942, 'fire_exp': 1.7124099831271415, 'P_half': 38.82837025280678, 'pre_dampen_half': 26.373339933815235, 'gpp_af': 0.49740621749684094, 'gpp_b': 0.0005392415140872105, 'gpp_d': 9.00460602264307, 'ign_k': 3.040981662829703, 'ign_c': 8.405439129313676, 'trop_agb_crit': 29.789943908227905, 'trop_k_veg': 6.911478238001162, 'fuel_k': 0.0500651901928747, 'fuel_half': 38.21129441691226}.
[I 2026-07-22 18:45:10,878] Trial 483 finished with values: [10.768586081785447, 10.768586081785447] and parameters: {'k1': 0.0029707920514735983, 'D_low': 1.7887890916820506, 'k2': 0.001566517163094646, 'D_high': 160625.60954780428, 'fire_exp': 1.182396148413737, 'P_half': 7.890004262668578, 'pre_dampen_half': 0.4016986062226068, 'gpp_af': 0.0025511964576171086, 'gpp_b': 0.49466696067572513, 'gpp_d': 9.00460602264307, 'ign_k': 0.03141110271934876, 'ign_c': 11.40086370112731, 'trop_agb_crit': 9.362115196011851, 'trop_k_veg': 6.911478238001162, 'fuel_k': 0.08612665817296865, 'fuel_half': 18.202647368248815}.
[I 2026-07-22 18:45:11,293] Trial 484 finished with values: [-0.19204259656269554, 0.3570336370387235] and parameters: {'k1': 0.0029707920514735983, 'D_low': 13.25142220631392, 'k2': 1.6559474674046002e-05, 'D_high': 25240.47745792575, 'fire_exp': 1.3411849220480432, 'P_half': 38.82837025280678, 'pre_dampen_half': 33.97904243111269, 'gpp_af': 18.235072804314193, 'gpp_b': 3.228689523591491e-05, 'gpp_d': 302.3127748796295, 'ign_k': 0.03141110271934876, 'ign_c': 4.1108484350212295, 'trop_agb_crit': 2.171140223187998, 'trop_k_veg': 1.7518409078083697, 'fuel_k': 0.0500651901928747, 'fuel_half': 38.21129441691226}.
[I 2026-07-22 18:45:11,705] Trial 485 finished with values: [-0.524371503252655, 0.21665742043164848] and parameters: {'k1': 9.969469187531805e-05, 'D_low': 864.0717009254879, 'k2': 0.030699709531122953, 'D_high': 887331.2884015184, 'fire_exp': 1.3411849220480432, 'P_half': 38.82837025280678, 'pre_dampen_half': 0.46504594134732663, 'gpp_af': 0.015350904103515228, 'gpp_b': 1.1698276136056565e-05, 'gpp_d': 2.2044650100999164, 'ign_k': 0.5131654955148324, 'ign_c': 3.0378658251922155, 'trop_agb_crit': 12.324775650896964, 'trop_k_veg': 1.7518409078083697, 'fuel_k': 0.0500651901928747, 'fuel_half': 81.87941582538087}.
[I 2026-07-22 18:45:12,123] Trial 486 finished with values: [10.392955546355008, 10.392955546355008] and parameters: {'k1': 0.0003199177539819797, 'D_low': 8454.098152188677, 'k2': 2.8459703343413838e-05, 'D_high': 708572.1663941594, 'fire_exp': 8.791426299948917, 'P_half': 2.843767489444367, 'pre_dampen_half': 3.9885726374014694, 'gpp_af': 0.015350904103515228, 'gpp_b': 1.1698276136056565e-05, 'gpp_d': 6.91394869865762, 'ign_k': 0.5131654955148324, 'ign_c': 0.13670484737132343, 'trop_agb_crit': 19.84604666505718, 'trop_k_veg': 0.5415365826598848, 'fuel_k': 1.1820218758583807, 'fuel_half': 38.21129441691226}.
[I 2026-07-22 18:45:12,538] Trial 487 finished with values: [11.94239238318621, 11.94239238318621] and parameters: {'k1': 0.0029282035181080004, 'D_low': 247.75146043208053, 'k2': 2.1698375693549493e-05, 'D_high': 708572.1663941594, 'fire_exp': 1.2310899049053081, 'P_half': 2.458603276328005, 'pre_dampen_half': 26.373339933815235, 'gpp_af': 0.49740621749684094, 'gpp_b': 1.7565109007473816e-05, 'gpp_d': 700.6693992445935, 'ign_k': 0.0022267996908938684, 'ign_c': 11.40086370112731, 'trop_agb_crit': 20.205002815711154, 'trop_k_veg': 3.028464701337094, 'fuel_k': 0.48736180483849406, 'fuel_half': 1.6308760873644823}.
[I 2026-07-22 18:45:12,952] Trial 488 finished with values: [-0.38366953349595695, 0.4923757672168537] and parameters: {'k1': 0.052334804885400876, 'D_low': 91.66403471455098, 'k2': 2.1698375693549493e-05, 'D_high': 1693415.5410667954, 'fire_exp': 1.4575512062152998, 'P_half': 5.575453980775371, 'pre_dampen_half': 3.9885726374014694, 'gpp_af': 29.925002022877816, 'gpp_b': 3.228689523591491e-05, 'gpp_d': 6.378078463802852, 'ign_k': 0.018707420137660268, 'ign_c': 6.1609752947414345, 'trop_agb_crit': 15.870971677383487, 'trop_k_veg': 1.6340262437673856, 'fuel_k': 0.7156083490235493, 'fuel_half': 38.21129441691226}.
