[I 2026-06-10 20:43:00,362] Trial 900 finished with values: [10.334428151492395, 10.334428151492395] and parameters: {'k1': 3.609310926766545e-05, 'D_low': 1121.5915868662764, 'k2': 0.00037358626308127543, 'D_high': 36998.679204890876, 'fire_exp': 1.41873960828944, 'P_half': 93.43302657318476, 'pre_dampen_half': 30.456909077772018, 'gpp_af': 0.2204465010099918, 'gpp_b': 2.176805640408474e-05, 'gpp_d': 0.09467055845337147, 'ign_k': 0.012480180965117606, 'ign_c': 39.52220881906114, 'trop_agb_crit': 1.8566494291193822, 'trop_k_veg': 5.453348988480011, 'fire_amp': 3.1543496524370136}.
[I 2026-06-10 20:43:01,923] Trial 901 finished with values: [10.618682313258466, 10.618682313258466] and parameters: {'k1': 0.0001599021369655865, 'D_low': 1121.5915868662764, 'k2': 0.0004976087827261435, 'D_high': 32311.521854410956, 'fire_exp': 1.2344878997299724, 'P_half': 5.4712187293420325, 'pre_dampen_half': 16.009350908593582, 'gpp_af': 0.008117091133892173, 'gpp_b': 0.05719024141066792, 'gpp_d': 34.18897529667503, 'ign_k': 0.17320535908244444, 'ign_c': 0.13577269394141456, 'trop_agb_crit': 11.664190932505923, 'trop_k_veg': 5.453348988480011, 'fire_amp': 1.5719333351012774}.
[I 2026-06-10 20:43:03,464] Trial 902 finished with values: [10.250889493046117, 10.250889493046117] and parameters: {'k1': 0.006164329525571074, 'D_low': 171.2446447678494, 'k2': 0.00037358626308127543, 'D_high': 1817.0401889219124, 'fire_exp': 1.41873960828944, 'P_half': 1.9423940721007245, 'pre_dampen_half': 30.456909077772018, 'gpp_af': 0.060029341913968644, 'gpp_b': 0.00031478066835753096, 'gpp_d': 1.0088237648985734, 'ign_k': 0.17320535908244444, 'ign_c': 1.4879588507789996, 'trop_agb_crit': 1.3063813396521713, 'trop_k_veg': 5.453348988480011, 'fire_amp': 1.5719333351012774}.
[I 2026-06-10 20:43:04,923] Trial 903 finished with values: [10.831204475852646, 10.831204475852646] and parameters: {'k1': 5.178197947282869e-05, 'D_low': 171.2446447678494, 'k2': 0.00037358626308127543, 'D_high': 36998.679204890876, 'fire_exp': 1.9136159174067866, 'P_half': 93.43302657318476, 'pre_dampen_half': 0.022713477905714423, 'gpp_af': 0.0011495884087462723, 'gpp_b': 2.176805640408474e-05, 'gpp_d': 0.7698760608299932, 'ign_k': 0.00636406716773548, 'ign_c': 342.8810943862522, 'trop_agb_crit': 8.0091368834625, 'trop_k_veg': 0.5183533149347164, 'fire_amp': 5.44779717154213}.
[I 2026-06-10 20:43:06,397] Trial 904 finished with values: [-0.5880086896705957, 0.15316873820146704] and parameters: {'k1': 3.609310926766545e-05, 'D_low': 171.2446447678494, 'k2': 0.006802810205786726, 'D_high': 36998.679204890876, 'fire_exp': 1.9136159174067866, 'P_half': 93.43302657318476, 'pre_dampen_half': 30.456909077772018, 'gpp_af': 0.004511991819672033, 'gpp_b': 2.176805640408474e-05, 'gpp_d': 96.93415502195788, 'ign_k': 0.0029519227433917453, 'ign_c': 7.081721844034206, 'trop_agb_crit': 1.8285200278523417, 'trop_k_veg': 2.520089655463604, 'fire_amp': 5.44779717154213}.
[I 2026-06-10 20:43:08,354] Trial 905 finished with values: [-0.4645791802455173, 0.19778889433405034] and parameters: {'k1': 3.609310926766545e-05, 'D_low': 1.4002277211577039, 'k2': 0.00025923015361558547, 'D_high': 252.84086172415604, 'fire_exp': 1.4848387260494937, 'P_half': 12.280874862135363, 'pre_dampen_half': 170.71098124594695, 'gpp_af': 0.4317251206640925, 'gpp_b': 2.176805640408474e-05, 'gpp_d': 34.18897529667503, 'ign_k': 0.0029519227433917453, 'ign_c': 7.081721844034206, 'trop_agb_crit': 1.0189592979395135, 'trop_k_veg': 0.5183533149347164, 'fire_amp': 3.1543496524370136}.
[I 2026-06-10 20:43:09,720] Trial 906 finished with values: [14.03962231147558, 14.03962231147558] and parameters: {'k1': 0.00023134781612225627, 'D_low': 1.7551403048208316, 'k2': 0.045914852167405346, 'D_high': 32311.521854410956, 'fire_exp': 1.1490848108902036, 'P_half': 9.580682294110435, 'pre_dampen_half': 606.0479569222907, 'gpp_af': 0.008117091133892173, 'gpp_b': 0.00807491410172472, 'gpp_d': 12.338826503601998, 'ign_k': 0.07867677706257832, 'ign_c': 0.9736725715035878, 'trop_agb_crit': 12.285399209683808, 'trop_k_veg': 0.5183533149347164, 'fire_amp': 1.5719333351012774}.
[I 2026-06-10 20:43:11,054] Trial 907 finished with values: [10.49363144490068, 10.49363144490068] and parameters: {'k1': 3.609310926766545e-05, 'D_low': 43.03411264066069, 'k2': 0.00037358626308127543, 'D_high': 252.84086172415604, 'fire_exp': 1.41873960828944, 'P_half': 1265.0580856641704, 'pre_dampen_half': 170.71098124594695, 'gpp_af': 0.2204465010099918, 'gpp_b': 0.12046049142392454, 'gpp_d': 1.0088237648985734, 'ign_k': 0.17320535908244444, 'ign_c': 7.081721844034206, 'trop_agb_crit': 1.8566494291193822, 'trop_k_veg': 4.989748894578724, 'fire_amp': 3.1543496524370136}.
[I 2026-06-10 20:43:12,391] Trial 908 finished with values: [10.72008226481267, 10.72008226481267] and parameters: {'k1': 0.0002588246491696491, 'D_low': 236.79352040223893, 'k2': 0.0004976087827261435, 'D_high': 36998.679204890876, 'fire_exp': 1.811096651915224, 'P_half': 93.43302657318476, 'pre_dampen_half': 30.456909077772018, 'gpp_af': 0.005061568304359487, 'gpp_b': 0.00031478066835753096, 'gpp_d': 1.0088237648985734, 'ign_k': 0.0032383308053152635, 'ign_c': 342.8810943862522, 'trop_agb_crit': 1.6222566606523396, 'trop_k_veg': 2.6914360459288678, 'fire_amp': 1.5719333351012774}.
[I 2026-06-10 20:43:13,859] Trial 909 finished with values: [-0.5535254670631418, 0.1498041173940371] and parameters: {'k1': 0.00015351199834018532, 'D_low': 171.2446447678494, 'k2': 0.0004976087827261435, 'D_high': 36998.679204890876, 'fire_exp': 1.4848387260494937, 'P_half': 93.43302657318476, 'pre_dampen_half': 30.456909077772018, 'gpp_af': 0.016306190741524337, 'gpp_b': 0.00031478066835753096, 'gpp_d': 0.1570003140297517, 'ign_k': 0.0029519227433917453, 'ign_c': 342.8810943862522, 'trop_agb_crit': 1.6222566606523396, 'trop_k_veg': 2.520089655463604, 'fire_amp': 5.44779717154213}.
[I 2026-06-10 20:43:15,393] Trial 910 finished with values: [10.821366143770858, 10.821366143770858] and parameters: {'k1': 0.05705198955850472, 'D_low': 171.2446447678494, 'k2': 0.00037358626308127543, 'D_high': 32311.521854410956, 'fire_exp': 3.2459542834651627, 'P_half': 1241.3450098922583, 'pre_dampen_half': 1.8469033699850426, 'gpp_af': 0.2204465010099918, 'gpp_b': 2.176805640408474e-05, 'gpp_d': 12.338826503601998, 'ign_k': 0.0029519227433917453, 'ign_c': 7.081721844034206, 'trop_agb_crit': 3.285141446715206, 'trop_k_veg': 0.6488368931910606, 'fire_amp': 5.44779717154213}.
[I 2026-06-10 20:43:16,888] Trial 911 finished with values: [12.196535433570498, 12.196535433570498] and parameters: {'k1': 0.00023134781612225627, 'D_low': 1121.5915868662764, 'k2': 0.0002442377596403892, 'D_high': 22.636544662054543, 'fire_exp': 1.2344878997299724, 'P_half': 12.280874862135363, 'pre_dampen_half': 958.6709783968975, 'gpp_af': 0.005061568304359487, 'gpp_b': 0.004411400434514031, 'gpp_d': 74.6908936941915, 'ign_k': 0.17320535908244444, 'ign_c': 7.081721844034206, 'trop_agb_crit': 8.0091368834625, 'trop_k_veg': 2.6914360459288678, 'fire_amp': 3.1543496524370136}.
[I 2026-06-10 20:43:18,215] Trial 912 finished with values: [10.082357935721586, 10.082357935721586] and parameters: {'k1': 0.004420612468360113, 'D_low': 1.4002277211577039, 'k2': 0.02939607009739149, 'D_high': 44974.07193749848, 'fire_exp': 1.1633452995374232, 'P_half': 101.40635645866499, 'pre_dampen_half': 9.044346216330972, 'gpp_af': 1.7775411110039254, 'gpp_b': 0.16285506249643175, 'gpp_d': 1.0088237648985734, 'ign_k': 3.6309591863459096, 'ign_c': 2.2489542843914485, 'trop_agb_crit': 1.0189592979395135, 'trop_k_veg': 0.6488368931910606, 'fire_amp': 2.818314238665462}.
[I 2026-06-10 20:43:19,524] Trial 913 finished with values: [11.295084728413034, 11.295084728413034] and parameters: {'k1': 5.178197947282869e-05, 'D_low': 5.505316245273476, 'k2': 0.006802810205786726, 'D_high': 16780.50857913099, 'fire_exp': 1.4848387260494937, 'P_half': 9.580682294110435, 'pre_dampen_half': 16.009350908593582, 'gpp_af': 0.2204465010099918, 'gpp_b': 0.00807491410172472, 'gpp_d': 34.18897529667503, 'ign_k': 0.07867677706257832, 'ign_c': 0.9736725715035878, 'trop_agb_crit': 11.664190932505923, 'trop_k_veg': 0.5183533149347164, 'fire_amp': 3.1543496524370136}.
[I 2026-06-10 20:43:20,854] Trial 914 finished with values: [12.05658149779892, 12.05658149779892] and parameters: {'k1': 0.012840669372724958, 'D_low': 1121.5915868662764, 'k2': 4.970926495623716e-05, 'D_high': 36998.679204890876, 'fire_exp': 1.4848387260494937, 'P_half': 2.4750421470385136, 'pre_dampen_half': 30.456909077772018, 'gpp_af': 0.2204465010099918, 'gpp_b': 2.176805640408474e-05, 'gpp_d': 34.18897529667503, 'ign_k': 0.17320535908244444, 'ign_c': 7.081721844034206, 'trop_agb_crit': 2.0527418919564324, 'trop_k_veg': 2.520089655463604, 'fire_amp': 3.264490333625322}.
[I 2026-06-10 20:43:22,350] Trial 915 finished with values: [10.659644444359529, 10.659644444359529] and parameters: {'k1': 0.00023134781612225627, 'D_low': 1121.5915868662764, 'k2': 0.011415387250465888, 'D_high': 252.84086172415604, 'fire_exp': 1.4848387260494937, 'P_half': 93.43302657318476, 'pre_dampen_half': 16.009350908593582, 'gpp_af': 0.060029341913968644, 'gpp_b': 0.00031478066835753096, 'gpp_d': 34.18897529667503, 'ign_k': 0.17320535908244444, 'ign_c': 7.081721844034206, 'trop_agb_crit': 1.3063813396521713, 'trop_k_veg': 0.5183533149347164, 'fire_amp': 1.5719333351012774}.
[I 2026-06-10 20:43:23,895] Trial 916 finished with values: [10.82778662259794, 10.82778662259794] and parameters: {'k1': 5.178197947282869e-05, 'D_low': 13.012518385211498, 'k2': 0.0002442377596403892, 'D_high': 1817.0401889219124, 'fire_exp': 1.2344878997299724, 'P_half': 369.7311160925241, 'pre_dampen_half': 0.21146190563366668, 'gpp_af': 0.0012726963692462898, 'gpp_b': 0.002416023630607169, 'gpp_d': 1.0088237648985734, 'ign_k': 0.0032383308053152635, 'ign_c': 1.4879588507789996, 'trop_agb_crit': 8.0091368834625, 'trop_k_veg': 0.5183533149347164, 'fire_amp': 1.1655705619308396}.
[I 2026-06-10 20:43:25,245] Trial 917 finished with values: [10.154502348162666, 10.154502348162666] and parameters: {'k1': 3.609310926766545e-05, 'D_low': 236.79352040223893, 'k2': 0.0004976087827261435, 'D_high': 252.84086172415604, 'fire_exp': 1.4848387260494937, 'P_half': 12.280874862135363, 'pre_dampen_half': 19.21689966904807, 'gpp_af': 1.9706963379095486, 'gpp_b': 0.00031478066835753096, 'gpp_d': 34.18897529667503, 'ign_k': 0.17320535908244444, 'ign_c': 7.081721844034206, 'trop_agb_crit': 1.3063813396521713, 'trop_k_veg': 6.030247256556128, 'fire_amp': 3.1543496524370136}.
[I 2026-06-10 20:43:26,550] Trial 918 finished with values: [14.224226191522508, 14.224226191522508] and parameters: {'k1': 5.178197947282869e-05, 'D_low': 171.2446447678494, 'k2': 0.00037358626308127543, 'D_high': 1817.0401889219124, 'fire_exp': 1.1633452995374232, 'P_half': 1265.0580856641704, 'pre_dampen_half': 958.6709783968975, 'gpp_af': 0.005061568304359487, 'gpp_b': 2.176805640408474e-05, 'gpp_d': 21.899070557043984, 'ign_k': 0.17320535908244444, 'ign_c': 1.4879588507789996, 'trop_agb_crit': 1.8566494291193822, 'trop_k_veg': 5.453348988480011, 'fire_amp': 5.44779717154213}.
[I 2026-06-10 20:43:27,867] Trial 919 finished with values: [12.441772079747814, 12.441772079747814] and parameters: {'k1': 0.0003783599106879794, 'D_low': 1.4002277211577039, 'k2': 2.1315065419408075e-05, 'D_high': 252.84086172415604, 'fire_exp': 1.4848387260494937, 'P_half': 2.4106893837852787, 'pre_dampen_half': 170.71098124594695, 'gpp_af': 0.005061568304359487, 'gpp_b': 2.176805640408474e-05, 'gpp_d': 1.8148402127631733, 'ign_k': 0.17320535908244444, 'ign_c': 1.4879588507789996, 'trop_agb_crit': 1.0189592979395135, 'trop_k_veg': 5.453348988480011, 'fire_amp': 3.1543496524370136}.
[I 2026-06-10 20:43:29,812] Trial 920 finished with values: [10.704071588545958, 10.704071588545958] and parameters: {'k1': 5.178197947282869e-05, 'D_low': 476.3737484593719, 'k2': 0.01567230746060024, 'D_high': 16780.50857913099, 'fire_exp': 3.2459542834651627, 'P_half': 9.580682294110435, 'pre_dampen_half': 16.009350908593582, 'gpp_af': 0.008117091133892173, 'gpp_b': 7.555164990945509e-05, 'gpp_d': 21.899070557043984, 'ign_k': 0.07867677706257832, 'ign_c': 0.9736725715035878, 'trop_agb_crit': 12.708819454040446, 'trop_k_veg': 0.6488368931910606, 'fire_amp': 1.5719333351012774}.
[I 2026-06-10 20:43:31,348] Trial 921 finished with values: [10.635949409640006, 10.635949409640006] and parameters: {'k1': 5.178197947282869e-05, 'D_low': 476.3737484593719, 'k2': 0.003767022142229395, 'D_high': 252.84086172415604, 'fire_exp': 1.4848387260494937, 'P_half': 12.280874862135363, 'pre_dampen_half': 16.009350908593582, 'gpp_af': 0.008117091133892173, 'gpp_b': 0.00807491410172472, 'gpp_d': 21.899070557043984, 'ign_k': 0.07867677706257832, 'ign_c': 0.9736725715035878, 'trop_agb_crit': 12.708819454040446, 'trop_k_veg': 4.989748894578724, 'fire_amp': 1.5719333351012774}.
[I 2026-06-10 20:43:33,006] Trial 922 finished with values: [10.379382732065043, 10.379382732065043] and parameters: {'k1': 0.00023134781612225627, 'D_low': 1121.5915868662764, 'k2': 0.006802810205786726, 'D_high': 252.84086172415604, 'fire_exp': 1.4848387260494937, 'P_half': 12.280874862135363, 'pre_dampen_half': 170.71098124594695, 'gpp_af': 0.2204465010099918, 'gpp_b': 0.05719024141066792, 'gpp_d': 12.338826503601998, 'ign_k': 7.437725385707939, 'ign_c': 7.081721844034206, 'trop_agb_crit': 1.3063813396521713, 'trop_k_veg': 4.989748894578724, 'fire_amp': 3.1543496524370136}.
[I 2026-06-10 20:43:34,392] Trial 923 finished with values: [-0.5681439891537987, 0.06368480712292723] and parameters: {'k1': 0.0018697387216131526, 'D_low': 236.79352040223893, 'k2': 0.00037358626308127543, 'D_high': 22.636544662054543, 'fire_exp': 1.2344878997299724, 'P_half': 7.914423612155368, 'pre_dampen_half': 958.6709783968975, 'gpp_af': 0.005061568304359487, 'gpp_b': 0.004411400434514031, 'gpp_d': 1.0088237648985734, 'ign_k': 0.0032383308053152635, 'ign_c': 0.22592797420156951, 'trop_agb_crit': 6.666743425826005, 'trop_k_veg': 3.7910619738560545, 'fire_amp': 1.5719333351012774}.
[I 2026-06-10 20:43:35,715] Trial 924 finished with values: [10.883062845846899, 10.883062845846899] and parameters: {'k1': 0.00015197743481843557, 'D_low': 171.2446447678494, 'k2': 0.0004976087827261435, 'D_high': 32311.521854410956, 'fire_exp': 1.4848387260494937, 'P_half': 93.43302657318476, 'pre_dampen_half': 30.456909077772018, 'gpp_af': 1.9706963379095486, 'gpp_b': 8.168628001294799e-05, 'gpp_d': 20.81401325574021, 'ign_k': 0.0029519227433917453, 'ign_c': 119.36928467636464, 'trop_agb_crit': 1.23202873794675, 'trop_k_veg': 6.030247256556128, 'fire_amp': 5.44779717154213}.
[I 2026-06-10 20:43:37,121] Trial 925 finished with values: [10.901714298614092, 10.901714298614092] and parameters: {'k1': 5.7909642338812115e-05, 'D_low': 171.2446447678494, 'k2': 0.00037358626308127543, 'D_high': 36998.679204890876, 'fire_exp': 1.41873960828944, 'P_half': 93.43302657318476, 'pre_dampen_half': 30.456909077772018, 'gpp_af': 0.2204465010099918, 'gpp_b': 0.12046049142392454, 'gpp_d': 1.0088237648985734, 'ign_k': 0.17320535908244444, 'ign_c': 7.081721844034206, 'trop_agb_crit': 1.8566494291193822, 'trop_k_veg': 2.520089655463604, 'fire_amp': 5.44779717154213}.
[I 2026-06-10 20:43:38,673] Trial 926 finished with values: [10.323527914141927, 10.323527914141927] and parameters: {'k1': 5.178197947282869e-05, 'D_low': 171.2446447678494, 'k2': 0.0004976087827261435, 'D_high': 32311.521854410956, 'fire_exp': 1.1633452995374232, 'P_half': 315.2494048956088, 'pre_dampen_half': 0.8122658568068539, 'gpp_af': 0.2204465010099918, 'gpp_b': 0.002416023630607169, 'gpp_d': 1.8148402127631733, 'ign_k': 0.0029519227433917453, 'ign_c': 2.2489542843914485, 'trop_agb_crit': 1.0189592979395135, 'trop_k_veg': 6.030247256556128, 'fire_amp': 5.44779717154213}.
[I 2026-06-10 20:43:40,155] Trial 927 finished with values: [10.134556663452733, 10.134556663452733] and parameters: {'k1': 3.609310926766545e-05, 'D_low': 1121.5915868662764, 'k2': 0.00037358626308127543, 'D_high': 1266.9536563782303, 'fire_exp': 1.4848387260494937, 'P_half': 6.648888481118992, 'pre_dampen_half': 170.71098124594695, 'gpp_af': 0.015627364027979502, 'gpp_b': 2.176805640408474e-05, 'gpp_d': 0.09467055845337147, 'ign_k': 0.0030587619047039204, 'ign_c': 39.52220881906114, 'trop_agb_crit': 11.664190932505923, 'trop_k_veg': 4.989748894578724, 'fire_amp': 3.1543496524370136}.
[I 2026-06-10 20:43:41,485] Trial 928 finished with values: [10.830455539076095, 10.830455539076095] and parameters: {'k1': 0.05705198955850472, 'D_low': 171.2446447678494, 'k2': 0.00037358626308127543, 'D_high': 2884.3759925715867, 'fire_exp': 3.2459542834651627, 'P_half': 5.4712187293420325, 'pre_dampen_half': 30.456909077772018, 'gpp_af': 0.07118041471054574, 'gpp_b': 0.12046049142392454, 'gpp_d': 1.0088237648985734, 'ign_k': 0.002357279455676982, 'ign_c': 7.081721844034206, 'trop_agb_crit': 1.8566494291193822, 'trop_k_veg': 0.6488368931910606, 'fire_amp': 2.5432210024239192}.
[I 2026-06-10 20:43:42,849] Trial 929 finished with values: [10.628651510309693, 10.628651510309693] and parameters: {'k1': 0.00023134781612225627, 'D_low': 171.2446447678494, 'k2': 0.0004976087827261435, 'D_high': 1817.0401889219124, 'fire_exp': 1.811096651915224, 'P_half': 93.43302657318476, 'pre_dampen_half': 74.67391192154032, 'gpp_af': 0.2204465010099918, 'gpp_b': 0.00031478066835753096, 'gpp_d': 12.338826503601998, 'ign_k': 0.0029519227433917453, 'ign_c': 1.4879588507789996, 'trop_agb_crit': 1.3063813396521713, 'trop_k_veg': 0.828441460847982, 'fire_amp': 1.5719333351012774}.
[I 2026-06-10 20:43:44,159] Trial 930 finished with values: [-0.6788049443911005, 0.11361501074936375] and parameters: {'k1': 0.004439732043401208, 'D_low': 236.79352040223893, 'k2': 0.00037358626308127543, 'D_high': 22.636544662054543, 'fire_exp': 1.2344878997299724, 'P_half': 93.43302657318476, 'pre_dampen_half': 170.71098124594695, 'gpp_af': 0.005061568304359487, 'gpp_b': 2.176805640408474e-05, 'gpp_d': 1.0088237648985734, 'ign_k': 0.012480180965117606, 'ign_c': 0.22592797420156951, 'trop_agb_crit': 6.666743425826005, 'trop_k_veg': 4.989748894578724, 'fire_amp': 1.5719333351012774}.
[I 2026-06-10 20:43:45,627] Trial 931 finished with values: [10.152212722558748, 10.152212722558748] and parameters: {'k1': 0.0001599021369655865, 'D_low': 1121.5915868662764, 'k2': 0.0004976087827261435, 'D_high': 252.84086172415604, 'fire_exp': 1.4848387260494937, 'P_half': 12.280874862135363, 'pre_dampen_half': 30.456909077772018, 'gpp_af': 42.29037995744429, 'gpp_b': 0.0004125336560355494, 'gpp_d': 96.93415502195788, 'ign_k': 0.17320535908244444, 'ign_c': 7.081721844034206, 'trop_agb_crit': 11.664190932505923, 'trop_k_veg': 5.453348988480011, 'fire_amp': 3.1543496524370136}.
[I 2026-06-10 20:43:47,138] Trial 932 finished with values: [-0.45830099154423914, 0.13751698111413702] and parameters: {'k1': 3.609310926766545e-05, 'D_low': 236.79352040223893, 'k2': 8.968733598183248e-05, 'D_high': 32311.521854410956, 'fire_exp': 1.2344878997299724, 'P_half': 9.580682294110435, 'pre_dampen_half': 16.009350908593582, 'gpp_af': 0.008117091133892173, 'gpp_b': 0.00031478066835753096, 'gpp_d': 21.899070557043984, 'ign_k': 0.0032383308053152635, 'ign_c': 1.4879588507789996, 'trop_agb_crit': 8.0091368834625, 'trop_k_veg': 2.9806294141302545, 'fire_amp': 1.1655705619308396}.
[I 2026-06-10 20:43:48,495] Trial 933 finished with values: [15.014265243656382, 15.014265243656382] and parameters: {'k1': 0.0013219302264066773, 'D_low': 1.7551403048208316, 'k2': 0.045914852167405346, 'D_high': 16780.50857913099, 'fire_exp': 1.101415600186218, 'P_half': 93.43302657318476, 'pre_dampen_half': 695.7350580318054, 'gpp_af': 9.853056162364394, 'gpp_b': 0.00031478066835753096, 'gpp_d': 12.338826503601998, 'ign_k': 0.17320535908244444, 'ign_c': 0.9736725715035878, 'trop_agb_crit': 12.708819454040446, 'trop_k_veg': 0.5183533149347164, 'fire_amp': 1.5719333351012774}.
[I 2026-06-10 20:43:50,221] Trial 934 finished with values: [10.815701921435519, 10.815701921435519] and parameters: {'k1': 0.0001599021369655865, 'D_low': 1121.5915868662764, 'k2': 0.045914852167405346, 'D_high': 252.84086172415604, 'fire_exp': 1.9625559044404808, 'P_half': 12.280874862135363, 'pre_dampen_half': 30.456909077772018, 'gpp_af': 0.008117091133892173, 'gpp_b': 0.05719024141066792, 'gpp_d': 21.899070557043984, 'ign_k': 0.17320535908244444, 'ign_c': 0.9736725715035878, 'trop_agb_crit': 12.708819454040446, 'trop_k_veg': 5.453348988480011, 'fire_amp': 1.5719333351012774}.
[I 2026-06-10 20:43:51,572] Trial 935 finished with values: [10.049228892248514, 10.049228892248514] and parameters: {'k1': 1.193353489272344e-05, 'D_low': 1121.5915868662764, 'k2': 0.006802810205786726, 'D_high': 252.84086172415604, 'fire_exp': 1.2344878997299724, 'P_half': 7.914423612155368, 'pre_dampen_half': 30.456909077772018, 'gpp_af': 1.9706963379095486, 'gpp_b': 0.00012118589392553798, 'gpp_d': 34.18897529667503, 'ign_k': 0.17320535908244444, 'ign_c': 0.22592797420156951, 'trop_agb_crit': 2.41977849576758, 'trop_k_veg': 5.453348988480011, 'fire_amp': 1.5719333351012774}.
[I 2026-06-10 20:43:53,051] Trial 936 finished with values: [10.265771278066453, 10.265771278066453] and parameters: {'k1': 5.178197947282869e-05, 'D_low': 171.2446447678494, 'k2': 2.091507303847255e-05, 'D_high': 1817.0401889219124, 'fire_exp': 1.1633452995374232, 'P_half': 93.43302657318476, 'pre_dampen_half': 1.8469033699850426, 'gpp_af': 0.060029341913968644, 'gpp_b': 2.176805640408474e-05, 'gpp_d': 21.899070557043984, 'ign_k': 0.0032383308053152635, 'ign_c': 1.4879588507789996, 'trop_agb_crit': 1.8285200278523417, 'trop_k_veg': 0.5183533149347164, 'fire_amp': 5.44779717154213}.
