[I 2026-07-24 02:13:00,610] Trial 928 finished with value: 0.5881310763198319 and parameters: {'k1': 1.155012899002774e-05, 'D_low': 2.879258375191669, 'k2': 0.0962474341871434, 'D_high': 8881000.911915863, 'fire_exp': 2.879672058108665, 'P_half': 11.415098586498363, 'pre_dampen_half': 146.8548452580501, 'gpp_af': 0.012883431752144875, 'gpp_b': 0.0018994051631625011, 'gpp_d': 0.015409255539506768, 'ign_k': 0.034302062461475706, 'ign_c': 1.7824367121833626, 'trop_agb_crit': 1.258317657210437, 'trop_k_veg': 0.6052415206376248, 'gdp_gamma': 1.1150054718786742, 'fuel_k': 0.024379326386275203, 'fuel_half': 12.305181563249459}. Best is trial 335 with value: -0.6233152110406992.
[I 2026-07-24 02:13:01,068] Trial 929 finished with value: 0.6000676651148424 and parameters: {'k1': 0.000255584813579388, 'D_low': 24.869321854736583, 'k2': 0.002275052078729907, 'D_high': 3244.8915219230253, 'fire_exp': 2.7404905377201065, 'P_half': 35.7707722323074, 'pre_dampen_half': 0.4047888646920998, 'gpp_af': 0.04891533868864847, 'gpp_b': 3.115160005591878e-05, 'gpp_d': 0.39066967316602913, 'ign_k': 0.07430650258055134, 'ign_c': 5.383539951739305, 'trop_agb_crit': 16.23820949624378, 'trop_k_veg': 0.7606207036952356, 'gdp_gamma': 1.0590819196962413, 'fuel_k': 0.24311021411145045, 'fuel_half': 29.48216768620437}. Best is trial 335 with value: -0.6233152110406992.
[I 2026-07-24 02:13:01,525] Trial 930 finished with value: -0.6035479935224071 and parameters: {'k1': 0.0024749725852963585, 'D_low': 6.094035252084007, 'k2': 0.00014760459866994586, 'D_high': 646854.0855084718, 'fire_exp': 1.8346042851602218, 'P_half': 19.97690703911139, 'pre_dampen_half': 1.2716428806232396, 'gpp_af': 0.04275981405607528, 'gpp_b': 0.0007121247260109093, 'gpp_d': 0.9704796077463631, 'ign_k': 0.001222047280621148, 'ign_c': 1.043982187524414, 'trop_agb_crit': 2.603442249430954, 'trop_k_veg': 1.1215418303648914, 'gdp_gamma': 1.1451929589011975, 'fuel_k': 0.04027382463276535, 'fuel_half': 6.178024725769476}. Best is trial 335 with value: -0.6233152110406992.
[I 2026-07-24 02:13:01,988] Trial 931 finished with value: 0.4128278782708865 and parameters: {'k1': 0.0022274101398417536, 'D_low': 2.4169408379008064, 'k2': 0.03292494743238924, 'D_high': 7540840.764950214, 'fire_exp': 1.192273270843488, 'P_half': 47.475507900847006, 'pre_dampen_half': 10.380541933491408, 'gpp_af': 0.003329436964096599, 'gpp_b': 0.0002641378957441006, 'gpp_d': 73.4417332710921, 'ign_k': 0.12080937114383632, 'ign_c': 4.482563917595347, 'trop_agb_crit': 1.4939635511250384, 'trop_k_veg': 1.0402130817962814, 'gdp_gamma': 0.21324617200626775, 'fuel_k': 0.020091399646795422, 'fuel_half': 8.124019643513385}. Best is trial 335 with value: -0.6233152110406992.
[I 2026-07-24 02:13:02,441] Trial 932 finished with value: 0.5893650297745361 and parameters: {'k1': 0.0007510351830032879, 'D_low': 2.7653867504204257, 'k2': 0.0005329195061727075, 'D_high': 439598.05597706913, 'fire_exp': 6.204725004453475, 'P_half': 2.9339580866867867, 'pre_dampen_half': 0.2537193513175175, 'gpp_af': 0.0012710993135553426, 'gpp_b': 0.00029797091438691666, 'gpp_d': 65.96755638778664, 'ign_k': 0.010664422446040727, 'ign_c': 0.17480064654048416, 'trop_agb_crit': 1.893849974919364, 'trop_k_veg': 4.189688680538334, 'gdp_gamma': 1.2113950971706726, 'fuel_k': 0.04981163867021686, 'fuel_half': 21.89536414362249}. Best is trial 335 with value: -0.6233152110406992.
[I 2026-07-24 02:13:02,892] Trial 933 finished with value: 0.4239503442298299 and parameters: {'k1': 0.0008631112323555537, 'D_low': 3.7113472650626775, 'k2': 0.000608787707317914, 'D_high': 86122.5379306073, 'fire_exp': 1.2491857770185029, 'P_half': 8.57788566139598, 'pre_dampen_half': 6.629623359358539, 'gpp_af': 0.20930617200091356, 'gpp_b': 0.007453740197508, 'gpp_d': 0.6206501389216639, 'ign_k': 0.0050144656897710685, 'ign_c': 1.0305049523116672, 'trop_agb_crit': 1.8366400385187707, 'trop_k_veg': 0.8098781693805951, 'gdp_gamma': 0.7064814525248865, 'fuel_k': 0.011940864688815101, 'fuel_half': 6.063001922418993}. Best is trial 335 with value: -0.6233152110406992.
[I 2026-07-24 02:13:03,349] Trial 934 finished with value: 0.6445374145881376 and parameters: {'k1': 0.00988626178368065, 'D_low': 87505.87676941718, 'k2': 0.04365991695045538, 'D_high': 49.38483114614072, 'fire_exp': 3.8012077325217652, 'P_half': 490.29279843106593, 'pre_dampen_half': 9.383456047949293, 'gpp_af': 0.04631235716400365, 'gpp_b': 0.0053410603781780756, 'gpp_d': 0.015107650080246485, 'ign_k': 0.0011599562789436273, 'ign_c': 5.485769825632732, 'trop_agb_crit': 6.839135535293648, 'trop_k_veg': 6.852031443629059, 'gdp_gamma': 0.09913151363099948, 'fuel_k': 4.215913711454444, 'fuel_half': 0.8000262279269718}. Best is trial 335 with value: -0.6233152110406992.
[I 2026-07-24 02:13:03,803] Trial 935 finished with value: -0.6077139522242976 and parameters: {'k1': 0.00021270630233354557, 'D_low': 13.140086696194148, 'k2': 0.00020997636876776964, 'D_high': 2603173.9133885894, 'fire_exp': 1.0705277739111008, 'P_half': 11.302100326684402, 'pre_dampen_half': 0.1797638853000006, 'gpp_af': 0.004034307718030746, 'gpp_b': 9.04068708264844e-05, 'gpp_d': 21.99857589429374, 'ign_k': 0.0029189835349793447, 'ign_c': 20.82623405398178, 'trop_agb_crit': 1.837737032019086, 'trop_k_veg': 2.006938933993383, 'gdp_gamma': 0.7781743283614225, 'fuel_k': 0.013850524787765052, 'fuel_half': 5.423417563483113}. Best is trial 335 with value: -0.6233152110406992.
[I 2026-07-24 02:13:04,256] Trial 936 finished with value: 0.42259850560467904 and parameters: {'k1': 0.0009236551771392028, 'D_low': 362.26401516641215, 'k2': 0.00028445429425786955, 'D_high': 1025676.9116908645, 'fire_exp': 1.2564134319550442, 'P_half': 959.1673454992658, 'pre_dampen_half': 0.7627148469758369, 'gpp_af': 0.11666634758578807, 'gpp_b': 0.00019494025450051924, 'gpp_d': 9.593182805365432, 'ign_k': 0.0011024881344825698, 'ign_c': 1.175133940087947, 'trop_agb_crit': 2.1703249808204848, 'trop_k_veg': 1.4608749137552959, 'gdp_gamma': 0.7970525640401875, 'fuel_k': 0.16015711136065358, 'fuel_half': 6.079067443087068}. Best is trial 335 with value: -0.6233152110406992.
[I 2026-07-24 02:13:04,709] Trial 937 finished with value: 0.450139768396536 and parameters: {'k1': 0.00015583598819447463, 'D_low': 19.258862855337096, 'k2': 0.0006088794116235833, 'D_high': 1815539.4656752546, 'fire_exp': 1.0471820269960168, 'P_half': 21.197117645601313, 'pre_dampen_half': 0.05533686339065179, 'gpp_af': 0.0030953309998553715, 'gpp_b': 0.00011732670317014084, 'gpp_d': 82.19181960782868, 'ign_k': 0.006584034892494374, 'ign_c': 27.340471635717154, 'trop_agb_crit': 1.9154646512436782, 'trop_k_veg': 3.142317661316161, 'gdp_gamma': 0.6127417106978228, 'fuel_k': 0.030450024848937874, 'fuel_half': 6.538527164115644}. Best is trial 335 with value: -0.6233152110406992.
[I 2026-07-24 02:13:05,166] Trial 938 finished with value: 0.5060704325995465 and parameters: {'k1': 0.005184266150183629, 'D_low': 67.45597787215094, 'k2': 0.013487629940701207, 'D_high': 310944.75950802315, 'fire_exp': 2.7080257218655035, 'P_half': 61.7954202795323, 'pre_dampen_half': 2.2666010734336464, 'gpp_af': 0.017418179696340737, 'gpp_b': 2.0905490137349768e-05, 'gpp_d': 0.17290785833961902, 'ign_k': 0.008091024122742927, 'ign_c': 58.3984080629896, 'trop_agb_crit': 9.619633912357061, 'trop_k_veg': 0.8131751945553954, 'gdp_gamma': 1.6118203521024623, 'fuel_k': 1.2472629125081642, 'fuel_half': 3.6854729399644652}. Best is trial 335 with value: -0.6233152110406992.
[I 2026-07-24 02:13:05,620] Trial 939 finished with value: 0.5387483723140288 and parameters: {'k1': 8.239567977214455e-05, 'D_low': 1.1244244417666054, 'k2': 0.07761581389522795, 'D_high': 5922763.250759549, 'fire_exp': 1.9781770697094563, 'P_half': 2.289679326295653, 'pre_dampen_half': 2.8062975914986104, 'gpp_af': 0.3725599678054473, 'gpp_b': 0.0004043707572079248, 'gpp_d': 0.012168957430590169, 'ign_k': 0.004038063289581474, 'ign_c': 4.755969291102948, 'trop_agb_crit': 2.4385755575154247, 'trop_k_veg': 1.5107505795104312, 'gdp_gamma': 1.932447412841412, 'fuel_k': 0.027526034450096916, 'fuel_half': 29.385640476371083}. Best is trial 335 with value: -0.6233152110406992.
[I 2026-07-24 02:13:06,075] Trial 940 finished with value: 0.5067919517862081 and parameters: {'k1': 0.0009081962661991091, 'D_low': 4.058495607990398, 'k2': 0.00014338215846172012, 'D_high': 1775390.408440396, 'fire_exp': 1.503992805729849, 'P_half': 1.3231910302495067, 'pre_dampen_half': 35.88995807729182, 'gpp_af': 0.010768767739188514, 'gpp_b': 0.0011125314731564222, 'gpp_d': 5.707022592220026, 'ign_k': 0.00824418369682979, 'ign_c': 1.0617769337633847, 'trop_agb_crit': 2.064105116875065, 'trop_k_veg': 1.391907200387445, 'gdp_gamma': 1.2856742735310862, 'fuel_k': 0.026214145757209022, 'fuel_half': 17.128586522103372}. Best is trial 335 with value: -0.6233152110406992.
[I 2026-07-24 02:13:06,529] Trial 941 finished with value: 0.5196513433493026 and parameters: {'k1': 0.0006527078588868454, 'D_low': 53.69404337463477, 'k2': 6.204649010386569e-05, 'D_high': 1222818.01627907, 'fire_exp': 1.8396507335611865, 'P_half': 3.832939271386232, 'pre_dampen_half': 1.0621144924812083, 'gpp_af': 0.026447271214107167, 'gpp_b': 2.57481595524727e-05, 'gpp_d': 0.20344549930118283, 'ign_k': 0.004907631459308118, 'ign_c': 0.3011600425653025, 'trop_agb_crit': 3.6883186414439937, 'trop_k_veg': 1.4045807312557588, 'gdp_gamma': 0.15185538302248908, 'fuel_k': 0.014014064364075198, 'fuel_half': 3.4842886632303127}. Best is trial 335 with value: -0.6233152110406992.
[I 2026-07-24 02:13:06,987] Trial 942 finished with value: 0.5008204664901477 and parameters: {'k1': 0.00016706465847976786, 'D_low': 13.720831362093168, 'k2': 0.00019278913730276672, 'D_high': 1708320.0969185743, 'fire_exp': 1.373533826238429, 'P_half': 3.922195594815548, 'pre_dampen_half': 0.2782515478808274, 'gpp_af': 0.003107670139278616, 'gpp_b': 0.0006101206034611445, 'gpp_d': 154.59078115339952, 'ign_k': 0.014485680182496857, 'ign_c': 60.2872117129282, 'trop_agb_crit': 2.552956056009622, 'trop_k_veg': 0.8792357110027794, 'gdp_gamma': 1.513737041128917, 'fuel_k': 0.012544766718110261, 'fuel_half': 8.508964072687327}. Best is trial 335 with value: -0.6233152110406992.
[I 2026-07-24 02:13:07,443] Trial 943 finished with value: -0.4801135338037993 and parameters: {'k1': 0.0329842523778997, 'D_low': 4.886107488638965, 'k2': 0.00024242166083317577, 'D_high': 82631.0575772769, 'fire_exp': 1.3563691498489525, 'P_half': 2.0499369124681714, 'pre_dampen_half': 48.199105083459756, 'gpp_af': 1.5444520954004457, 'gpp_b': 0.00030469361793232155, 'gpp_d': 0.2900894242264762, 'ign_k': 0.0010150004311362912, 'ign_c': 1.944540934778245, 'trop_agb_crit': 6.081856390104554, 'trop_k_veg': 1.1152282018273632, 'gdp_gamma': 0.439576064697757, 'fuel_k': 0.01918106193962964, 'fuel_half': 12.179834488807662}. Best is trial 335 with value: -0.6233152110406992.
[I 2026-07-24 02:13:07,898] Trial 944 finished with value: 0.5349512492532843 and parameters: {'k1': 0.0002972763908372084, 'D_low': 1406.7709206688248, 'k2': 0.010558835050796156, 'D_high': 245599.57003661277, 'fire_exp': 1.3749410820650947, 'P_half': 26.070231511100875, 'pre_dampen_half': 0.07816695103403395, 'gpp_af': 6.562211872996947, 'gpp_b': 0.00040097197481882627, 'gpp_d': 23.70742835678923, 'ign_k': 0.004964468208631788, 'ign_c': 75.15780335733811, 'trop_agb_crit': 14.934579208785022, 'trop_k_veg': 0.7113046604499303, 'gdp_gamma': 0.3406895950611825, 'fuel_k': 0.18891575297648663, 'fuel_half': 94.51172017927712}. Best is trial 335 with value: -0.6233152110406992.
[I 2026-07-24 02:13:08,351] Trial 945 finished with value: 0.5868039463252567 and parameters: {'k1': 0.0032788944230682086, 'D_low': 5.789026414156157, 'k2': 0.00021878958408975185, 'D_high': 11956.007501645707, 'fire_exp': 2.320038349560129, 'P_half': 27.348314369035656, 'pre_dampen_half': 0.4587489127199487, 'gpp_af': 0.011916687756194394, 'gpp_b': 0.0005878694150820693, 'gpp_d': 0.19237295090824844, 'ign_k': 0.003152280967394641, 'ign_c': 0.16760246925687064, 'trop_agb_crit': 6.596394223281879, 'trop_k_veg': 1.3742482818703141, 'gdp_gamma': 1.0014327202822493, 'fuel_k': 0.01827308613187096, 'fuel_half': 3.7580639254862387}. Best is trial 335 with value: -0.6233152110406992.
[I 2026-07-24 02:13:08,814] Trial 946 finished with value: 0.6445374145881376 and parameters: {'k1': 2.501164758666802e-05, 'D_low': 12.93978677791541, 'k2': 0.0004530148939073211, 'D_high': 290291.7568101839, 'fire_exp': 1.6587197063527928, 'P_half': 4.791848598066428, 'pre_dampen_half': 2.0801982578237954, 'gpp_af': 0.0014686822890124414, 'gpp_b': 0.0010779079781866436, 'gpp_d': 0.47200678556858955, 'ign_k': 0.12513190203682065, 'ign_c': 557.4533941157388, 'trop_agb_crit': 7.089716922876657, 'trop_k_veg': 0.8646413936449061, 'gdp_gamma': 1.7303179942584488, 'fuel_k': 0.06434545649673228, 'fuel_half': 67.73779157181089}. Best is trial 335 with value: -0.6233152110406992.
[I 2026-07-24 02:13:09,279] Trial 947 finished with value: 0.5209697037322648 and parameters: {'k1': 0.028891155502610063, 'D_low': 46.54903279738071, 'k2': 4.5837819584426634e-05, 'D_high': 356958.0490197456, 'fire_exp': 2.6176542800045337, 'P_half': 4.397950288444971, 'pre_dampen_half': 0.280518403914598, 'gpp_af': 1.1977533769373032, 'gpp_b': 7.312427460057554e-05, 'gpp_d': 0.8642931082060933, 'ign_k': 0.002438523218303529, 'ign_c': 6.931264130744547, 'trop_agb_crit': 5.865657471570997, 'trop_k_veg': 0.5283285040554264, 'gdp_gamma': 1.015629695842804, 'fuel_k': 0.16586591026153302, 'fuel_half': 3.710158231527677}. Best is trial 335 with value: -0.6233152110406992.
[I 2026-07-24 02:13:09,730] Trial 948 finished with value: 0.4004082857720942 and parameters: {'k1': 0.0006499791575350598, 'D_low': 37.81731888478791, 'k2': 0.0003186131635132542, 'D_high': 403234.1072220417, 'fire_exp': 1.9421791715792567, 'P_half': 9.104300848548856, 'pre_dampen_half': 14.205120861083655, 'gpp_af': 0.0015283344638379042, 'gpp_b': 4.8840981841965254e-05, 'gpp_d': 20.644682564680032, 'ign_k': 0.002700103092468622, 'ign_c': 0.1540572155593637, 'trop_agb_crit': 3.3106235032917866, 'trop_k_veg': 1.9096157866992483, 'gdp_gamma': 0.7277978255565418, 'fuel_k': 0.04084890490253481, 'fuel_half': 52.588201566342114}. Best is trial 335 with value: -0.6233152110406992.
[I 2026-07-24 02:13:10,187] Trial 949 finished with value: 0.5284491549388882 and parameters: {'k1': 0.0003596177729468322, 'D_low': 1.0846437875370878, 'k2': 0.0003330727960670752, 'D_high': 960522.303975318, 'fire_exp': 1.1616314315956506, 'P_half': 17.441266014447095, 'pre_dampen_half': 0.07375140873678, 'gpp_af': 0.047873087722704384, 'gpp_b': 6.831481093733116e-05, 'gpp_d': 26.15728424503544, 'ign_k': 0.001066446410097694, 'ign_c': 16.219407286632197, 'trop_agb_crit': 4.13990248152434, 'trop_k_veg': 1.3049713597380275, 'gdp_gamma': 0.11478668180913806, 'fuel_k': 0.017617531068985035, 'fuel_half': 2.761129503927248}. Best is trial 335 with value: -0.6233152110406992.
[I 2026-07-24 02:13:10,640] Trial 950 finished with value: 0.553026021027643 and parameters: {'k1': 0.050705839714407966, 'D_low': 20.901048819455614, 'k2': 0.0020772466931284106, 'D_high': 4330420.557171547, 'fire_exp': 1.4343084687770788, 'P_half': 60.06014370898406, 'pre_dampen_half': 0.04389168791016444, 'gpp_af': 0.0013239742852219254, 'gpp_b': 0.0008224109880502572, 'gpp_d': 1.6125896772015627, 'ign_k': 0.0012586663395021463, 'ign_c': 4.993296745519063, 'trop_agb_crit': 2.44586703422055, 'trop_k_veg': 2.37373775371227, 'gdp_gamma': 0.6479150744199107, 'fuel_k': 0.1036366074547347, 'fuel_half': 2.896412991193964}. Best is trial 335 with value: -0.6233152110406992.
[I 2026-07-24 02:13:11,181] Trial 951 finished with value: 0.5916072591277856 and parameters: {'k1': 2.98687893904019e-05, 'D_low': 3.582721032421699, 'k2': 0.00027939652150283647, 'D_high': 80898.63080669646, 'fire_exp': 1.0925344132674741, 'P_half': 1.9013677035878978, 'pre_dampen_half': 16.392844352072267, 'gpp_af': 0.007599848551161933, 'gpp_b': 0.00035146755186394576, 'gpp_d': 0.021885374187735545, 'ign_k': 0.009263266306133739, 'ign_c': 795.0001539964691, 'trop_agb_crit': 5.110618165808401, 'trop_k_veg': 1.8226213670032845, 'gdp_gamma': 0.31820387980800435, 'fuel_k': 0.27599860491116485, 'fuel_half': 78.24154015018097}. Best is trial 335 with value: -0.6233152110406992.
[I 2026-07-24 02:13:11,638] Trial 952 finished with value: 0.4683304825721626 and parameters: {'k1': 0.009181685324242905, 'D_low': 13.471153913552081, 'k2': 0.0001482651485090169, 'D_high': 8854872.335429648, 'fire_exp': 1.174253371219372, 'P_half': 3.9320120205464257, 'pre_dampen_half': 0.5802455767964676, 'gpp_af': 0.037701665514109174, 'gpp_b': 1.4537047803658425e-05, 'gpp_d': 581.5271991357938, 'ign_k': 0.007713866655135594, 'ign_c': 11.196437501236607, 'trop_agb_crit': 1.315140644176487, 'trop_k_veg': 2.1715440309405496, 'gdp_gamma': 0.8340258584145473, 'fuel_k': 0.02411761016734654, 'fuel_half': 3.3729022136896925}. Best is trial 335 with value: -0.6233152110406992.
[I 2026-07-24 02:13:12,107] Trial 953 finished with value: 0.6238533279700023 and parameters: {'k1': 0.018686937256859087, 'D_low': 7.983289570117779, 'k2': 0.00016683513499753775, 'D_high': 742942.7536927952, 'fire_exp': 2.874664846007907, 'P_half': 23.371735862937125, 'pre_dampen_half': 4.365452997235047, 'gpp_af': 1.2834405746542144, 'gpp_b': 0.0035742398865851502, 'gpp_d': 0.029470872583636554, 'ign_k': 0.004981818625352764, 'ign_c': 0.9210448537059374, 'trop_agb_crit': 2.210847039118761, 'trop_k_veg': 1.5313240898413185, 'gdp_gamma': 0.3218911463350663, 'fuel_k': 0.11827245442594417, 'fuel_half': 9.7133714774751}. Best is trial 335 with value: -0.6233152110406992.
[I 2026-07-24 02:13:12,576] Trial 954 finished with value: 0.6445374145881376 and parameters: {'k1': 0.00908968359879301, 'D_low': 7.857277958469991, 'k2': 0.0014278773588488538, 'D_high': 263030.83279905375, 'fire_exp': 8.35168944252349, 'P_half': 332.4412206928486, 'pre_dampen_half': 1.4212412711287281, 'gpp_af': 26.943723249570798, 'gpp_b': 2.337015381695331, 'gpp_d': 0.2612861096488742, 'ign_k': 0.8806622914098721, 'ign_c': 392.50327049714406, 'trop_agb_crit': 1.0206883172282792, 'trop_k_veg': 4.714505452657779, 'gdp_gamma': 0.06007692908584205, 'fuel_k': 0.893654396395645, 'fuel_half': 94.18522018376959}. Best is trial 335 with value: -0.6233152110406992.
[I 2026-07-24 02:13:13,027] Trial 955 finished with value: 0.5393371672639965 and parameters: {'k1': 2.2826183332686714e-05, 'D_low': 1.1976904206196746, 'k2': 0.0007619296406811534, 'D_high': 7615235.371912076, 'fire_exp': 1.1844097973607888, 'P_half': 56.861229933043255, 'pre_dampen_half': 0.3307696181350307, 'gpp_af': 0.0015744729597150528, 'gpp_b': 0.00014993333493253192, 'gpp_d': 4.845850990530884, 'ign_k': 0.0014954095400606761, 'ign_c': 149.54198668413977, 'trop_agb_crit': 2.0117353677868426, 'trop_k_veg': 2.11807604620935, 'gdp_gamma': 0.3357846425858639, 'fuel_k': 0.01090464488260473, 'fuel_half': 11.818768944371486}. Best is trial 335 with value: -0.6233152110406992.
[I 2026-07-24 02:13:13,485] Trial 956 finished with value: 0.4448532847155111 and parameters: {'k1': 0.0019367557945193519, 'D_low': 2.5673162091082347, 'k2': 0.007446751721825492, 'D_high': 550250.9072457193, 'fire_exp': 1.6052331621731168, 'P_half': 2.693073537598316, 'pre_dampen_half': 34.84471807138288, 'gpp_af': 0.007869492354555387, 'gpp_b': 0.0005397085141333914, 'gpp_d': 7.860024599944731, 'ign_k': 0.01281444544374655, 'ign_c': 19.229647814822584, 'trop_agb_crit': 1.3342809795040707, 'trop_k_veg': 0.7387895966386769, 'gdp_gamma': 1.034822663337476, 'fuel_k': 0.08768962640246715, 'fuel_half': 6.863497031791191}. Best is trial 335 with value: -0.6233152110406992.
[I 2026-07-24 02:13:13,943] Trial 957 finished with value: 0.5286118226183323 and parameters: {'k1': 1.1524081660687029e-05, 'D_low': 2.250660378837683, 'k2': 0.003727572754476461, 'D_high': 4237364.968877293, 'fire_exp': 1.3983252631677905, 'P_half': 300.4485547630199, 'pre_dampen_half': 0.07339046632155002, 'gpp_af': 0.7455578318677496, 'gpp_b': 6.102264890893931e-05, 'gpp_d': 1.1233970113665284, 'ign_k': 0.4388316336812874, 'ign_c': 6.622008674448267, 'trop_agb_crit': 20.943783126936836, 'trop_k_veg': 0.7200804244656648, 'gdp_gamma': 0.17424053762172004, 'fuel_k': 0.4837156850706639, 'fuel_half': 72.1802055873312}. Best is trial 335 with value: -0.6233152110406992.
[I 2026-07-24 02:13:14,395] Trial 958 finished with value: 0.5084873569738804 and parameters: {'k1': 0.0009447849085280209, 'D_low': 266.4659183360566, 'k2': 0.00019421371566729858, 'D_high': 179858.03508271466, 'fire_exp': 2.8063695001851503, 'P_half': 14.917106785879216, 'pre_dampen_half': 2.8162926408246367, 'gpp_af': 0.08497683120546023, 'gpp_b': 0.004459869267519599, 'gpp_d': 0.925035876692165, 'ign_k': 0.0012837412485688442, 'ign_c': 0.7760799312833644, 'trop_agb_crit': 3.1027102064369845, 'trop_k_veg': 1.2970493771592255, 'gdp_gamma': 1.9923620242141522, 'fuel_k': 0.010364556602713884, 'fuel_half': 3.489737407577892}. Best is trial 335 with value: -0.6233152110406992.
[I 2026-07-24 02:13:14,853] Trial 959 finished with value: 0.5523136754761706 and parameters: {'k1': 0.00034809962632612274, 'D_low': 26.306455731583686, 'k2': 0.00022931786107565865, 'D_high': 3788787.2725101304, 'fire_exp': 1.208863695416026, 'P_half': 9.856566677983217, 'pre_dampen_half': 0.014790491881657935, 'gpp_af': 0.002120798786544133, 'gpp_b': 0.0005592460217468942, 'gpp_d': 0.563134340299851, 'ign_k': 0.0025450897271740557, 'ign_c': 1.250881250918501, 'trop_agb_crit': 3.5595215513488485, 'trop_k_veg': 0.8235084078464897, 'gdp_gamma': 0.5014358274674732, 'fuel_k': 0.06816994200695818, 'fuel_half': 3.585372944417594}. Best is trial 335 with value: -0.6233152110406992.
