[I 2026-06-10 17:29:34,613] Trial 333 finished with values: [11.73761388710146, 11.73761388710146] and parameters: {'k1': 0.012840669372724958, 'D_low': 171.2446447678494, 'k2': 0.02065142557895925, 'D_high': 42210.21267871043, 'fire_exp': 1.14171776851287, 'P_half': 61.6097529474144, 'pre_dampen_half': 8.259599205585761, 'gpp_af': 0.016306190741524337, 'gpp_b': 2.800940363375676e-05, 'gpp_d': 0.7698760608299932, 'ign_k': 0.0029519227433917453, 'ign_c': 22.126836566118193, 'trop_agb_crit': 1.1683326952092081, 'trop_k_veg': 2.520089655463604, 'fire_amp': 5.44779717154213}.
[I 2026-06-10 17:29:36,182] Trial 334 finished with values: [11.502398009187852, 11.502398009187852] and parameters: {'k1': 0.03648456083047798, 'D_low': 236.79352040223893, 'k2': 0.003767022142229395, 'D_high': 2427.054417940131, 'fire_exp': 1.0601964743503993, 'P_half': 4.213183643253957, 'pre_dampen_half': 38.00678588560607, 'gpp_af': 0.004531316405029204, 'gpp_b': 2.800940363375676e-05, 'gpp_d': 0.7698760608299932, 'ign_k': 0.0032383308053152635, 'ign_c': 22.126836566118193, 'trop_agb_crit': 1.5033346993841157, 'trop_k_veg': 0.5471865667052176, 'fire_amp': 4.19233232783727}.
[I 2026-06-10 17:29:37,800] Trial 335 finished with values: [12.077184848316442, 12.077184848316442] and parameters: {'k1': 0.012840669372724958, 'D_low': 50.32059347286801, 'k2': 0.02065142557895925, 'D_high': 18108.14362107968, 'fire_exp': 1.9136159174067866, 'P_half': 61.6097529474144, 'pre_dampen_half': 269.0845367054866, 'gpp_af': 0.8057329182285734, 'gpp_b': 2.800940363375676e-05, 'gpp_d': 47.35384181058586, 'ign_k': 0.0029519227433917453, 'ign_c': 1.3431925993528124, 'trop_agb_crit': 8.0091368834625, 'trop_k_veg': 2.520089655463604, 'fire_amp': 2.7556562114998226}.
[I 2026-06-10 17:29:39,378] Trial 336 finished with values: [10.207247799403513, 10.207247799403513] and parameters: {'k1': 0.006079905434073396, 'D_low': 1.7551403048208316, 'k2': 0.045914852167405346, 'D_high': 1266.9536563782303, 'fire_exp': 1.41873960828944, 'P_half': 3.591771421517613, 'pre_dampen_half': 189.36639872354493, 'gpp_af': 27.448645214004376, 'gpp_b': 0.00012118589392553798, 'gpp_d': 7.631016235941559, 'ign_k': 3.965503094323014, 'ign_c': 1.4091459170104739, 'trop_agb_crit': 8.188098178380693, 'trop_k_veg': 6.172643383211297, 'fire_amp': 1.4475279918261055}.
[I 2026-06-10 17:29:41,047] Trial 337 finished with values: [10.873899729904393, 10.873899729904393] and parameters: {'k1': 0.014666151770108535, 'D_low': 1440.3650379563878, 'k2': 0.0004976087827261435, 'D_high': 44974.07193749848, 'fire_exp': 3.2459542834651627, 'P_half': 101.40635645866499, 'pre_dampen_half': 98.05638874011484, 'gpp_af': 27.448645214004376, 'gpp_b': 2.176805640408474e-05, 'gpp_d': 95.2715755007094, 'ign_k': 0.0029519227433917453, 'ign_c': 482.3823303865253, 'trop_agb_crit': 3.5874145253515306, 'trop_k_veg': 2.7637004570645405, 'fire_amp': 5.606809127618709}.
[I 2026-06-10 17:29:42,583] Trial 338 finished with values: [10.00371886820659, 10.00371886820659] and parameters: {'k1': 0.012840669372724958, 'D_low': 24.28756508761176, 'k2': 3.152468275632564e-05, 'D_high': 18701.140647651915, 'fire_exp': 1.14171776851287, 'P_half': 157.80309954142965, 'pre_dampen_half': 1.8469033699850426, 'gpp_af': 6.384685545228285, 'gpp_b': 0.0004125336560355494, 'gpp_d': 0.7698760608299932, 'ign_k': 0.15974581244256694, 'ign_c': 0.10435856341129002, 'trop_agb_crit': 3.430044314610246, 'trop_k_veg': 5.022956259243681, 'fire_amp': 4.2446263054164195}.
[I 2026-06-10 17:29:44,131] Trial 339 finished with values: [10.128993959305355, 10.128993959305355] and parameters: {'k1': 0.03648456083047798, 'D_low': 236.79352040223893, 'k2': 0.003767022142229395, 'D_high': 431.45617043093523, 'fire_exp': 1.0601964743503993, 'P_half': 4.213183643253957, 'pre_dampen_half': 38.00678588560607, 'gpp_af': 0.016306190741524337, 'gpp_b': 2.1309331861011757e-05, 'gpp_d': 0.7698760608299932, 'ign_k': 0.0032383308053152635, 'ign_c': 153.51441568398127, 'trop_agb_crit': 8.188098178380693, 'trop_k_veg': 0.6618107836658104, 'fire_amp': 4.19233232783727}.
[I 2026-06-10 17:29:45,814] Trial 340 finished with values: [11.12783116256152, 11.12783116256152] and parameters: {'k1': 0.0003445931091927334, 'D_low': 1.7551403048208316, 'k2': 0.045914852167405346, 'D_high': 1266.9536563782303, 'fire_exp': 1.111738490499784, 'P_half': 84.3508388778244, 'pre_dampen_half': 189.36639872354493, 'gpp_af': 0.10098504976210308, 'gpp_b': 5.0875243087016374e-05, 'gpp_d': 7.631016235941559, 'ign_k': 0.09256855841989636, 'ign_c': 0.2946000090510885, 'trop_agb_crit': 1.8023542850487386, 'trop_k_veg': 1.6648666152166967, 'fire_amp': 1.4475279918261055}.
[I 2026-06-10 17:29:47,427] Trial 341 finished with values: [10.757292124040026, 10.757292124040026] and parameters: {'k1': 0.006079905434073396, 'D_low': 50.32059347286801, 'k2': 0.0001016707987819611, 'D_high': 18108.14362107968, 'fire_exp': 1.7505406131449859, 'P_half': 118.94665366442581, 'pre_dampen_half': 0.04225994826142427, 'gpp_af': 27.448645214004376, 'gpp_b': 0.00012118589392553798, 'gpp_d': 545.0253444559129, 'ign_k': 0.17320535908244444, 'ign_c': 1.4879588507789996, 'trop_agb_crit': 3.1419938725278875, 'trop_k_veg': 6.172643383211297, 'fire_amp': 1.1655705619308396}.
[I 2026-06-10 17:29:49,094] Trial 342 finished with values: [10.872397426257894, 10.872397426257894] and parameters: {'k1': 0.00026539376439360527, 'D_low': 2186.356344942016, 'k2': 0.08661811390647982, 'D_high': 1266.9536563782303, 'fire_exp': 1.111738490499784, 'P_half': 1.4551749476072258, 'pre_dampen_half': 189.36639872354493, 'gpp_af': 37.28155624293858, 'gpp_b': 5.0875243087016374e-05, 'gpp_d': 7.631016235941559, 'ign_k': 0.09256855841989636, 'ign_c': 55.24095129928624, 'trop_agb_crit': 1.8023542850487386, 'trop_k_veg': 1.64857963637888, 'fire_amp': 1.4475279918261055}.
[I 2026-06-10 17:29:50,601] Trial 343 finished with values: [-0.3999113236958309, 0.2584292407523088] and parameters: {'k1': 0.006079905434073396, 'D_low': 43.2326421037033, 'k2': 0.0001016707987819611, 'D_high': 2427.054417940131, 'fire_exp': 1.5191397119156032, 'P_half': 8.318314747941244, 'pre_dampen_half': 8.259599205585761, 'gpp_af': 0.10098504976210308, 'gpp_b': 1.1008110571039521e-05, 'gpp_d': 545.0253444559129, 'ign_k': 0.004105873950290761, 'ign_c': 22.126836566118193, 'trop_agb_crit': 8.188098178380693, 'trop_k_veg': 2.724170387400844, 'fire_amp': 5.44779717154213}.
[I 2026-06-10 17:29:52,115] Trial 344 finished with values: [10.160367806451099, 10.160367806451099] and parameters: {'k1': 0.0869690639641868, 'D_low': 148.21691630007544, 'k2': 6.340140860251457e-05, 'D_high': 48235.58283024493, 'fire_exp': 1.41873960828944, 'P_half': 118.94665366442581, 'pre_dampen_half': 9.044346216330972, 'gpp_af': 0.8057329182285734, 'gpp_b': 2.800940363375676e-05, 'gpp_d': 0.4742269251269962, 'ign_k': 0.4303356629825978, 'ign_c': 0.6235377135673155, 'trop_agb_crit': 3.1419938725278875, 'trop_k_veg': 0.5535297685306277, 'fire_amp': 1.1202509284327942}.
[I 2026-06-10 17:29:53,649] Trial 345 finished with values: [10.710508741262412, 10.710508741262412] and parameters: {'k1': 0.012840669372724958, 'D_low': 43.2326421037033, 'k2': 1.97778285124627e-05, 'D_high': 1817.0401889219124, 'fire_exp': 1.3807440352456883, 'P_half': 157.80309954142965, 'pre_dampen_half': 2.736251365128462, 'gpp_af': 0.41874665092828456, 'gpp_b': 0.0004125336560355494, 'gpp_d': 1.6963424566071992, 'ign_k': 0.4303356629825978, 'ign_c': 0.10435856341129002, 'trop_agb_crit': 1.8566494291193822, 'trop_k_veg': 0.6618107836658104, 'fire_amp': 1.1202509284327942}.
[I 2026-06-10 17:29:55,231] Trial 346 finished with values: [10.22330508828297, 10.22330508828297] and parameters: {'k1': 0.0009255037589041178, 'D_low': 24.28756508761176, 'k2': 0.0001016707987819611, 'D_high': 8912.611835817017, 'fire_exp': 1.2060040899560858, 'P_half': 157.80309954142965, 'pre_dampen_half': 8.259599205585761, 'gpp_af': 0.10098504976210308, 'gpp_b': 0.004411400434514031, 'gpp_d': 1.4397852866783676, 'ign_k': 0.004105873950290761, 'ign_c': 22.126836566118193, 'trop_agb_crit': 1.1683326952092081, 'trop_k_veg': 0.6673124511410327, 'fire_amp': 5.44779717154213}.
[I 2026-06-10 17:29:56,851] Trial 347 finished with values: [10.391750762981998, 10.391750762981998] and parameters: {'k1': 0.0869690639641868, 'D_low': 171.2446447678494, 'k2': 0.02065142557895925, 'D_high': 44974.07193749848, 'fire_exp': 1.1593349727271403, 'P_half': 101.40635645866499, 'pre_dampen_half': 9.044346216330972, 'gpp_af': 0.09885838682552685, 'gpp_b': 2.800940363375676e-05, 'gpp_d': 0.4742269251269962, 'ign_k': 0.0029519227433917453, 'ign_c': 21.275785720135406, 'trop_agb_crit': 2.49652474515731, 'trop_k_veg': 4.796046723963646, 'fire_amp': 2.6192385880432525}.
[I 2026-06-10 17:29:58,370] Trial 348 finished with values: [10.529379023891032, 10.529379023891032] and parameters: {'k1': 0.0869690639641868, 'D_low': 1.4002277211577039, 'k2': 0.0007731571570012607, 'D_high': 48235.58283024493, 'fire_exp': 1.1633452995374232, 'P_half': 1549.6599265816342, 'pre_dampen_half': 9.044346216330972, 'gpp_af': 10.25616274847308, 'gpp_b': 0.004411400434514031, 'gpp_d': 1.0088237648985734, 'ign_k': 0.17320535908244444, 'ign_c': 0.6235377135673155, 'trop_agb_crit': 1.8566494291193822, 'trop_k_veg': 6.825463866194253, 'fire_amp': 2.6192385880432525}.
[I 2026-06-10 17:29:59,915] Trial 349 finished with values: [10.816755837521074, 10.816755837521074] and parameters: {'k1': 0.0869690639641868, 'D_low': 1074.940539517341, 'k2': 0.0001016707987819611, 'D_high': 2427.054417940131, 'fire_exp': 1.5191397119156032, 'P_half': 1.4551749476072258, 'pre_dampen_half': 8.259599205585761, 'gpp_af': 0.035629505481532577, 'gpp_b': 0.005386676499630372, 'gpp_d': 1.0088237648985734, 'ign_k': 0.004105873950290761, 'ign_c': 22.126836566118193, 'trop_agb_crit': 1.8023542850487386, 'trop_k_veg': 2.724170387400844, 'fire_amp': 5.44779717154213}.
[I 2026-06-10 17:30:01,442] Trial 350 finished with values: [10.892584005723295, 10.892584005723295] and parameters: {'k1': 0.012840669372724958, 'D_low': 171.2446447678494, 'k2': 0.02065142557895925, 'D_high': 11.129666723443188, 'fire_exp': 1.0812994412809738, 'P_half': 61.6097529474144, 'pre_dampen_half': 0.02302684507178836, 'gpp_af': 0.016306190741524337, 'gpp_b': 0.00807491410172472, 'gpp_d': 7.631016235941559, 'ign_k': 0.0029519227433917453, 'ign_c': 7.832259769732471, 'trop_agb_crit': 8.0091368834625, 'trop_k_veg': 1.6648666152166967, 'fire_amp': 1.5180207449214471}.
[I 2026-06-10 17:30:03,194] Trial 351 finished with values: [10.771907305211002, 10.771907305211002] and parameters: {'k1': 0.012840669372724958, 'D_low': 171.2446447678494, 'k2': 3.152468275632564e-05, 'D_high': 16780.50857913099, 'fire_exp': 1.41873960828944, 'P_half': 157.80309954142965, 'pre_dampen_half': 1.8469033699850426, 'gpp_af': 6.384685545228285, 'gpp_b': 0.00807491410172472, 'gpp_d': 0.7698760608299932, 'ign_k': 0.037151317999473285, 'ign_c': 7.081721844034206, 'trop_agb_crit': 8.188098178380693, 'trop_k_veg': 0.6618107836658104, 'fire_amp': 2.6192385880432525}.
[I 2026-06-10 17:30:05,021] Trial 352 finished with values: [10.723144414127963, 10.723144414127963] and parameters: {'k1': 0.012840669372724958, 'D_low': 1440.3650379563878, 'k2': 0.019383858782150494, 'D_high': 42210.21267871043, 'fire_exp': 1.14171776851287, 'P_half': 157.80309954142965, 'pre_dampen_half': 1.8469033699850426, 'gpp_af': 0.07302012718529301, 'gpp_b': 0.00036184510553922684, 'gpp_d': 1.4397852866783676, 'ign_k': 0.0029519227433917453, 'ign_c': 0.10435856341129002, 'trop_agb_crit': 12.647327018493208, 'trop_k_veg': 0.6618107836658104, 'fire_amp': 2.6192385880432525}.
[I 2026-06-10 17:30:06,855] Trial 353 finished with values: [10.729971053686072, 10.729971053686072] and parameters: {'k1': 0.00031134168041628584, 'D_low': 43.2326421037033, 'k2': 0.003767022142229395, 'D_high': 44974.07193749848, 'fire_exp': 1.0601964743503993, 'P_half': 101.40635645866499, 'pre_dampen_half': 903.3231300044874, 'gpp_af': 0.008117091133892173, 'gpp_b': 0.00807491410172472, 'gpp_d': 12.338826503601998, 'ign_k': 0.09256855841989636, 'ign_c': 7.081721844034206, 'trop_agb_crit': 2.1989086830950257, 'trop_k_veg': 0.6673124511410327, 'fire_amp': 2.042193818779288}.
[I 2026-06-10 17:30:08,365] Trial 354 finished with values: [10.711266190521053, 10.711266190521053] and parameters: {'k1': 2.570626095678496e-05, 'D_low': 148.21691630007544, 'k2': 0.045914852167405346, 'D_high': 16780.50857913099, 'fire_exp': 1.811096651915224, 'P_half': 5.4712187293420325, 'pre_dampen_half': 1.8469033699850426, 'gpp_af': 0.41874665092828456, 'gpp_b': 0.00031478066835753096, 'gpp_d': 0.1619054449471649, 'ign_k': 0.002357279455676982, 'ign_c': 7.081721844034206, 'trop_agb_crit': 5.588032458772675, 'trop_k_veg': 0.5535297685306277, 'fire_amp': 5.831305332032283}.
[I 2026-06-10 17:30:09,947] Trial 355 finished with values: [10.768703547103108, 10.768703547103108] and parameters: {'k1': 0.00023134781612225627, 'D_low': 43.03411264066069, 'k2': 0.003767022142229395, 'D_high': 32311.521854410956, 'fire_exp': 1.811096651915224, 'P_half': 4.213183643253957, 'pre_dampen_half': 121.93011993958949, 'gpp_af': 1.9706963379095486, 'gpp_b': 0.007579368252801536, 'gpp_d': 0.12878367369717508, 'ign_k': 0.00840038491455979, 'ign_c': 48.704711413416454, 'trop_agb_crit': 12.708819454040446, 'trop_k_veg': 0.5535297685306277, 'fire_amp': 1.5719333351012774}.
[I 2026-06-10 17:30:11,628] Trial 356 finished with values: [10.790340852203398, 10.790340852203398] and parameters: {'k1': 5.7909642338812115e-05, 'D_low': 148.21691630007544, 'k2': 0.0001016707987819611, 'D_high': 2427.054417940131, 'fire_exp': 1.5191397119156032, 'P_half': 8.318314747941244, 'pre_dampen_half': 8.259599205585761, 'gpp_af': 0.10098504976210308, 'gpp_b': 0.004411400434514031, 'gpp_d': 1.6963424566071992, 'ign_k': 0.4303356629825978, 'ign_c': 0.4177928311636542, 'trop_agb_crit': 3.1419938725278875, 'trop_k_veg': 0.6618107836658104, 'fire_amp': 1.1202509284327942}.
[I 2026-06-10 17:30:13,250] Trial 357 finished with values: [10.177764245364934, 10.177764245364934] and parameters: {'k1': 0.0326979063339169, 'D_low': 43.2326421037033, 'k2': 0.045914852167405346, 'D_high': 18108.14362107968, 'fire_exp': 1.4690410989404576, 'P_half': 251.23618639978196, 'pre_dampen_half': 269.0845367054866, 'gpp_af': 0.8057329182285734, 'gpp_b': 0.6089142387470042, 'gpp_d': 12.338826503601998, 'ign_k': 0.4303356629825978, 'ign_c': 7.081721844034206, 'trop_agb_crit': 3.1419938725278875, 'trop_k_veg': 0.5535297685306277, 'fire_amp': 1.1202509284327942}.
[I 2026-06-10 17:30:14,719] Trial 358 finished with values: [10.175500544281523, 10.175500544281523] and parameters: {'k1': 0.0869690639641868, 'D_low': 1739.6167422846984, 'k2': 0.02939607009739149, 'D_high': 8912.611835817017, 'fire_exp': 1.2060040899560858, 'P_half': 101.40635645866499, 'pre_dampen_half': 98.05638874011484, 'gpp_af': 0.09885838682552685, 'gpp_b': 2.1309331861011757e-05, 'gpp_d': 1.4397852866783676, 'ign_k': 0.00840038491455979, 'ign_c': 0.10435856341129002, 'trop_agb_crit': 12.9667438075127, 'trop_k_veg': 0.6673124511410327, 'fire_amp': 1.686388377130032}.
[I 2026-06-10 17:30:16,287] Trial 359 finished with values: [10.88938576111875, 10.88938576111875] and parameters: {'k1': 0.0869690639641868, 'D_low': 602.4590664672947, 'k2': 0.02939607009739149, 'D_high': 48235.58283024493, 'fire_exp': 3.2459542834651627, 'P_half': 2757.3353505786354, 'pre_dampen_half': 98.05638874011484, 'gpp_af': 10.25616274847308, 'gpp_b': 2.800940363375676e-05, 'gpp_d': 0.4742269251269962, 'ign_k': 1.6270983114897255, 'ign_c': 0.6235377135673155, 'trop_agb_crit': 3.5874145253515306, 'trop_k_veg': 0.6618107836658104, 'fire_amp': 2.6192385880432525}.
[I 2026-06-10 17:30:17,934] Trial 360 finished with values: [10.508279549608918, 10.508279549608918] and parameters: {'k1': 0.016973078532467004, 'D_low': 1.7551403048208316, 'k2': 0.045914852167405346, 'D_high': 1266.9536563782303, 'fire_exp': 1.5191397119156032, 'P_half': 1316.4487472745689, 'pre_dampen_half': 189.36639872354493, 'gpp_af': 0.10098504976210308, 'gpp_b': 1.1008110571039521e-05, 'gpp_d': 7.631016235941559, 'ign_k': 0.004105873950290761, 'ign_c': 22.126836566118193, 'trop_agb_crit': 1.5033346993841157, 'trop_k_veg': 2.724170387400844, 'fire_amp': 1.4475279918261055}.
[I 2026-06-10 17:30:19,685] Trial 361 finished with values: [11.344765408485934, 11.344765408485934] and parameters: {'k1': 0.0001887567630782227, 'D_low': 148.21691630007544, 'k2': 0.0001016707987819611, 'D_high': 18108.14362107968, 'fire_exp': 1.5191397119156032, 'P_half': 8.318314747941244, 'pre_dampen_half': 269.0845367054866, 'gpp_af': 0.8057329182285734, 'gpp_b': 1.7286734109794885e-05, 'gpp_d': 545.0253444559129, 'ign_k': 0.004105873950290761, 'ign_c': 22.126836566118193, 'trop_agb_crit': 3.1419938725278875, 'trop_k_veg': 4.0068236274914755, 'fire_amp': 2.7556562114998226}.
[I 2026-06-10 17:30:21,271] Trial 362 finished with values: [10.867117914684078, 10.867117914684078] and parameters: {'k1': 0.014666151770108535, 'D_low': 83.56564873457052, 'k2': 0.045914852167405346, 'D_high': 42210.21267871043, 'fire_exp': 1.4690410989404576, 'P_half': 157.80309954142965, 'pre_dampen_half': 1.6130673726933187, 'gpp_af': 0.8057329182285734, 'gpp_b': 0.6089142387470042, 'gpp_d': 12.338826503601998, 'ign_k': 0.0029519227433917453, 'ign_c': 7.081721844034206, 'trop_agb_crit': 3.1419938725278875, 'trop_k_veg': 0.5535297685306277, 'fire_amp': 1.1202509284327942}.
[I 2026-06-10 17:30:22,770] Trial 363 finished with values: [10.032750138229298, 10.032750138229298] and parameters: {'k1': 0.00031134168041628584, 'D_low': 1440.3650379563878, 'k2': 0.003767022142229395, 'D_high': 42210.21267871043, 'fire_exp': 1.0601964743503993, 'P_half': 157.80309954142965, 'pre_dampen_half': 1.6130673726933187, 'gpp_af': 0.9219336658511308, 'gpp_b': 0.00013164432569139702, 'gpp_d': 236.32429088389833, 'ign_k': 0.0029519227433917453, 'ign_c': 13.054148118849394, 'trop_agb_crit': 1.0693376406863295, 'trop_k_veg': 0.6673124511410327, 'fire_amp': 5.606809127618709}.
[I 2026-06-10 17:30:24,430] Trial 364 finished with values: [10.321147693179535, 10.321147693179535] and parameters: {'k1': 0.0869690639641868, 'D_low': 2267.735223551285, 'k2': 0.02065142557895925, 'D_high': 48235.58283024493, 'fire_exp': 1.9095652801045373, 'P_half': 118.94665366442581, 'pre_dampen_half': 9.044346216330972, 'gpp_af': 10.25616274847308, 'gpp_b': 2.800940363375676e-05, 'gpp_d': 0.4742269251269962, 'ign_k': 1.6270983114897255, 'ign_c': 0.6235377135673155, 'trop_agb_crit': 1.0189592979395135, 'trop_k_veg': 4.796046723963646, 'fire_amp': 2.6192385880432525}.
[I 2026-06-10 17:30:26,067] Trial 365 finished with values: [10.998462864324022, 10.998462864324022] and parameters: {'k1': 0.0003445931091927334, 'D_low': 1.7551403048208316, 'k2': 0.045914852167405346, 'D_high': 42210.21267871043, 'fire_exp': 1.2732983562135975, 'P_half': 3.591771421517613, 'pre_dampen_half': 189.36639872354493, 'gpp_af': 0.09885838682552685, 'gpp_b': 0.00807491410172472, 'gpp_d': 0.7698760608299932, 'ign_k': 0.0029519227433917453, 'ign_c': 22.126836566118193, 'trop_agb_crit': 8.188098178380693, 'trop_k_veg': 1.6648666152166967, 'fire_amp': 2.6192385880432525}.
[I 2026-06-10 17:30:27,931] Trial 366 finished with values: [-0.29678171150675836, 0.2830200539625699] and parameters: {'k1': 9.293516267059069e-05, 'D_low': 171.2446447678494, 'k2': 3.152468275632564e-05, 'D_high': 42210.21267871043, 'fire_exp': 1.14171776851287, 'P_half': 157.80309954142965, 'pre_dampen_half': 857.6556763881457, 'gpp_af': 0.10098504976210308, 'gpp_b': 0.05314875633348467, 'gpp_d': 0.7698760608299932, 'ign_k': 0.004105873950290761, 'ign_c': 22.126836566118193, 'trop_agb_crit': 1.1683326952092081, 'trop_k_veg': 0.6618107836658104, 'fire_amp': 2.6192385880432525}.
[I 2026-06-10 17:30:29,488] Trial 367 finished with values: [10.308005769916203, 10.308005769916203] and parameters: {'k1': 0.006079905434073396, 'D_low': 43.2326421037033, 'k2': 0.02065142557895925, 'D_high': 48235.58283024493, 'fire_exp': 2.3820146568432237, 'P_half': 157.80309954142965, 'pre_dampen_half': 8.259599205585761, 'gpp_af': 5.470750401264765, 'gpp_b': 2.800940363375676e-05, 'gpp_d': 545.0253444559129, 'ign_k': 3.965503094323014, 'ign_c': 3.4321391362415827, 'trop_agb_crit': 1.0189592979395135, 'trop_k_veg': 6.172643383211297, 'fire_amp': 1.290871715123794}.
[I 2026-06-10 17:30:30,998] Trial 368 finished with values: [10.599742198784158, 10.599742198784158] and parameters: {'k1': 0.012840669372724958, 'D_low': 171.2446447678494, 'k2': 0.02065142557895925, 'D_high': 44974.07193749848, 'fire_exp': 1.0812994412809738, 'P_half': 1025.3368317956683, 'pre_dampen_half': 38.00678588560607, 'gpp_af': 0.016306190741524337, 'gpp_b': 0.002416023630607169, 'gpp_d': 21.899070557043984, 'ign_k': 0.0029519227433917453, 'ign_c': 1.9423015749984096, 'trop_agb_crit': 1.8566494291193822, 'trop_k_veg': 2.520089655463604, 'fire_amp': 1.1655705619308396}.
[I 2026-06-10 17:30:32,537] Trial 369 finished with values: [-0.3904198021240623, 0.2760840484456286] and parameters: {'k1': 0.006079905434073396, 'D_low': 43.2326421037033, 'k2': 0.0001016707987819611, 'D_high': 262.11304189124235, 'fire_exp': 1.4690410989404576, 'P_half': 157.80309954142965, 'pre_dampen_half': 903.3231300044874, 'gpp_af': 27.448645214004376, 'gpp_b': 0.00012118589392553798, 'gpp_d': 12.338826503601998, 'ign_k': 3.965503094323014, 'ign_c': 1.4091459170104739, 'trop_agb_crit': 2.1989086830950257, 'trop_k_veg': 6.172643383211297, 'fire_amp': 1.5719333351012774}.
