[I 2026-08-06 10:17:03,070] Trial 312 finished with values: [-0.4967208015475332, 0.1941965971902554] and parameters: {'k1': 0.012840669372724958, 'D_low': 70.18267183720735, 'k2': 0.003767022142229395, 'D_high': 431.45617043093523, 'fire_exp': 1.0601964743503993, 'P_half': 2.0314811950454943, 'pre_dampen_half': 107.40052367919465, 'gpp_af': 1.9706963379095486, 'gpp_b': 0.1500112079985056, 'gpp_d': 84.31013932082456, 'ign_k': 0.00840038491455979, 'ign_c': 20.03995359361212, 'trop_agb_crit': 1.6878075072665546, 'trop_k_veg': 0.6673124511410327}.
[I 2026-08-06 10:17:04,303] Trial 313 finished with values: [10.759551475065752, 10.759551475065752] and parameters: {'k1': 0.01889771394135163, 'D_low': 70.18267183720735, 'k2': 1.1065812688893481e-05, 'D_high': 42.070539502879384, 'fire_exp': 6.543846824249409, 'P_half': 4.213183643253957, 'pre_dampen_half': 107.40052367919465, 'gpp_af': 1.9706963379095486, 'gpp_b': 1.3289448722869181e-05, 'gpp_d': 10.369565216756202, 'ign_k': 2.1368329072358767, 'ign_c': 0.7902459656172902, 'trop_agb_crit': 7.500118950416987, 'trop_k_veg': 0.83140195149031}.
[I 2026-08-06 10:17:05,427] Trial 314 finished with values: [10.75981533193354, 10.75981533193354] and parameters: {'k1': 0.006642027816373391, 'D_low': 520.4862686958022, 'k2': 0.03538758864779238, 'D_high': 78.57247967427125, 'fire_exp': 1.3170256885255098, 'P_half': 220.3445560633069, 'pre_dampen_half': 552.4163637315892, 'gpp_af': 0.7539992074650279, 'gpp_b': 0.01666658176842624, 'gpp_d': 5.1715677287580455, 'ign_k': 0.12329098365270515, 'ign_c': 2.8335389417624683, 'trop_agb_crit': 8.997007571451054, 'trop_k_veg': 2.5878603012249104}.
[I 2026-08-06 10:17:06,553] Trial 315 finished with values: [10.38217917179013, 10.38217917179013] and parameters: {'k1': 2.316457903103837e-05, 'D_low': 7.299348683062307, 'k2': 1.915468390724633e-05, 'D_high': 985.7545621889059, 'fire_exp': 1.0629462657398439, 'P_half': 140.74279366401683, 'pre_dampen_half': 8.594202650742222, 'gpp_af': 1.9706963379095486, 'gpp_b': 7.210246166617508e-05, 'gpp_d': 4.25060659305504, 'ign_k': 0.01364908766641695, 'ign_c': 2.8335389417624683, 'trop_agb_crit': 1.0903028125370984, 'trop_k_veg': 2.4336356947036335}.
[I 2026-08-06 10:17:07,689] Trial 316 finished with values: [10.657820755240362, 10.657820755240362] and parameters: {'k1': 0.008471801418819975, 'D_low': 2.143851363193517, 'k2': 0.0003432139136241583, 'D_high': 42.070539502879384, 'fire_exp': 1.1430983876313219, 'P_half': 5.076307782729897, 'pre_dampen_half': 10.129197956845726, 'gpp_af': 0.7951170003631387, 'gpp_b': 0.14577755664212386, 'gpp_d': 10.369565216756202, 'ign_k': 0.0023224552232891564, 'ign_c': 323.47703263192955, 'trop_agb_crit': 1.0455434848969813, 'trop_k_veg': 2.194427136482602}.
[I 2026-08-06 10:17:08,780] Trial 317 finished with values: [10.61440219138157, 10.61440219138157] and parameters: {'k1': 0.008912611835817005, 'D_low': 78.86001704920405, 'k2': 0.007058572590901788, 'D_high': 8182.111518618414, 'fire_exp': 1.423480109671474, 'P_half': 93.43302657318476, 'pre_dampen_half': 502.5175192217655, 'gpp_af': 0.2204465010099918, 'gpp_b': 1.4868114807380364, 'gpp_d': 150.14555442537656, 'ign_k': 0.0680787482656459, 'ign_c': 0.557280750002996, 'trop_agb_crit': 2.4645410377327237, 'trop_k_veg': 0.6673124511410327}.
[I 2026-08-06 10:17:09,965] Trial 318 finished with values: [10.768088843023621, 10.768088843023621] and parameters: {'k1': 0.008287522363768155, 'D_low': 70.18267183720735, 'k2': 0.012758211164590085, 'D_high': 774.2116473996249, 'fire_exp': 1.165368636520435, 'P_half': 12.808863354047988, 'pre_dampen_half': 0.21281400894533783, 'gpp_af': 0.6403036652671171, 'gpp_b': 0.42247700890263645, 'gpp_d': 660.9129108295722, 'ign_k': 0.12329098365270515, 'ign_c': 20.03995359361212, 'trop_agb_crit': 1.553492793799819, 'trop_k_veg': 0.6743482387129308}.
[I 2026-08-06 10:17:11,138] Trial 319 finished with values: [-0.5302100269314511, 0.06479548006163482] and parameters: {'k1': 0.006642027816373391, 'D_low': 4.484744524732794, 'k2': 0.03538758864779238, 'D_high': 3712.591045287726, 'fire_exp': 1.0629462657398439, 'P_half': 220.3445560633069, 'pre_dampen_half': 552.4163637315892, 'gpp_af': 0.7539992074650279, 'gpp_b': 0.14577755664212386, 'gpp_d': 16.460426816350523, 'ign_k': 3.589155871450839, 'ign_c': 15.221840161091626, 'trop_agb_crit': 24.584290528289387, 'trop_k_veg': 0.6743482387129308}.
[I 2026-08-06 10:17:12,279] Trial 320 finished with values: [-0.46597956817853686, 0.15420487656278736] and parameters: {'k1': 2.316457903103837e-05, 'D_low': 7.299348683062307, 'k2': 0.003101429427212743, 'D_high': 1578.0309954142967, 'fire_exp': 1.0601964743503993, 'P_half': 4.213183643253957, 'pre_dampen_half': 8.594202650742222, 'gpp_af': 5.335773317316405, 'gpp_b': 7.210246166617508e-05, 'gpp_d': 757.2868182332339, 'ign_k': 0.01364908766641695, 'ign_c': 2.8335389417624683, 'trop_agb_crit': 8.997007571451054, 'trop_k_veg': 3.49157152291552}.
[I 2026-08-06 10:17:13,401] Trial 321 finished with values: [10.593474551665896, 10.593474551665896] and parameters: {'k1': 0.06646698709242517, 'D_low': 70.18267183720735, 'k2': 0.0003432139136241583, 'D_high': 431.45617043093523, 'fire_exp': 1.0601964743503993, 'P_half': 2808.7330790064375, 'pre_dampen_half': 107.40052367919465, 'gpp_af': 1.9706963379095486, 'gpp_b': 0.14577755664212386, 'gpp_d': 757.2868182332339, 'ign_k': 0.00840038491455979, 'ign_c': 1.9580595319750387, 'trop_agb_crit': 1.0903028125370984, 'trop_k_veg': 0.6673124511410327}.
[I 2026-08-06 10:17:14,540] Trial 322 finished with values: [-0.541072602932742, 0.07961088242743575] and parameters: {'k1': 0.004312951023617458, 'D_low': 1112.9571947046009, 'k2': 8.923807143379776e-05, 'D_high': 8182.111518618414, 'fire_exp': 1.1430983876313219, 'P_half': 220.3445560633069, 'pre_dampen_half': 502.5175192217655, 'gpp_af': 0.7539992074650279, 'gpp_b': 3.481277316673104e-05, 'gpp_d': 150.14555442537656, 'ign_k': 0.0680787482656459, 'ign_c': 0.557280750002996, 'trop_agb_crit': 1.0455434848969813, 'trop_k_veg': 1.4584243470991722}.
[I 2026-08-06 10:17:15,663] Trial 323 finished with values: [10.533644630459023, 10.533644630459023] and parameters: {'k1': 0.008912611835817005, 'D_low': 1730.0724838654367, 'k2': 8.923807143379776e-05, 'D_high': 645.2946500764235, 'fire_exp': 1.3170256885255098, 'P_half': 220.3445560633069, 'pre_dampen_half': 502.5175192217655, 'gpp_af': 0.6403036652671171, 'gpp_b': 3.481277316673104e-05, 'gpp_d': 150.14555442537656, 'ign_k': 0.21006485619596416, 'ign_c': 5.13055176058983, 'trop_agb_crit': 9.286923253577127, 'trop_k_veg': 3.1473758868965476}.
[I 2026-08-06 10:17:16,805] Trial 324 finished with values: [10.452762551923572, 10.452762551923572] and parameters: {'k1': 2.316457903103837e-05, 'D_low': 159.7458124425669, 'k2': 0.014344484793173472, 'D_high': 22.281634177046417, 'fire_exp': 1.0601964743503993, 'P_half': 4.213183643253957, 'pre_dampen_half': 17.707795393478506, 'gpp_af': 5.335773317316405, 'gpp_b': 7.210246166617508e-05, 'gpp_d': 84.31013932082456, 'ign_k': 0.01364908766641695, 'ign_c': 2.8335389417624683, 'trop_agb_crit': 8.997007571451054, 'trop_k_veg': 0.983473833513531}.
[I 2026-08-06 10:17:18,024] Trial 325 finished with values: [10.753111542484321, 10.753111542484321] and parameters: {'k1': 2.316457903103837e-05, 'D_low': 2.143851363193517, 'k2': 7.914423612155373e-05, 'D_high': 42210.21267871043, 'fire_exp': 2.561257322703973, 'P_half': 220.3445560633069, 'pre_dampen_half': 17.707795393478506, 'gpp_af': 0.07302012718529301, 'gpp_b': 3.481277316673104e-05, 'gpp_d': 150.14555442537656, 'ign_k': 0.019192001101561888, 'ign_c': 2.8335389417624683, 'trop_agb_crit': 1.0455434848969813, 'trop_k_veg': 2.573214588078609}.
[I 2026-08-06 10:17:19,193] Trial 326 finished with values: [10.265783900939606, 10.265783900939606] and parameters: {'k1': 3.23559867820537e-05, 'D_low': 1112.9571947046009, 'k2': 8.923807143379776e-05, 'D_high': 8182.111518618414, 'fire_exp': 1.695318866910499, 'P_half': 220.3445560633069, 'pre_dampen_half': 502.5175192217655, 'gpp_af': 0.7539992074650279, 'gpp_b': 3.481277316673104e-05, 'gpp_d': 150.14555442537656, 'ign_k': 0.010939944910100021, 'ign_c': 0.557280750002996, 'trop_agb_crit': 24.584290528289387, 'trop_k_veg': 1.6081790145072552}.
[I 2026-08-06 10:17:20,363] Trial 327 finished with values: [10.121580173917009, 10.121580173917009] and parameters: {'k1': 0.007828534228218626, 'D_low': 7.890004262668578, 'k2': 0.0003432139136241583, 'D_high': 42210.21267871043, 'fire_exp': 1.1430983876313219, 'P_half': 523.1053126909052, 'pre_dampen_half': 63.6685916079943, 'gpp_af': 0.7539992074650279, 'gpp_b': 0.14577755664212386, 'gpp_d': 10.369565216756202, 'ign_k': 0.0029519227433917453, 'ign_c': 2.957080941494347, 'trop_agb_crit': 1.0455434848969813, 'trop_k_veg': 2.194427136482602}.
[I 2026-08-06 10:17:21,550] Trial 328 finished with values: [10.587148933668928, 10.587148933668928] and parameters: {'k1': 0.004312951023617458, 'D_low': 12.105387404469584, 'k2': 1.915468390724633e-05, 'D_high': 3712.591045287726, 'fire_exp': 1.0629462657398439, 'P_half': 220.3445560633069, 'pre_dampen_half': 552.4163637315892, 'gpp_af': 0.7539992074650279, 'gpp_b': 0.07904599925873733, 'gpp_d': 0.12878367369717508, 'ign_k': 0.00840038491455979, 'ign_c': 48.704711413416454, 'trop_agb_crit': 7.901343398678964, 'trop_k_veg': 0.6673124511410327}.
[I 2026-08-06 10:17:22,736] Trial 329 finished with values: [10.619706402319284, 10.619706402319284] and parameters: {'k1': 0.004312951023617458, 'D_low': 520.4862686958022, 'k2': 1.1065812688893481e-05, 'D_high': 431.45617043093523, 'fire_exp': 1.0601964743503993, 'P_half': 4.087300390305745, 'pre_dampen_half': 3.0156343071857648, 'gpp_af': 1.5386842469144075, 'gpp_b': 0.0054502936945582505, 'gpp_d': 757.2868182332339, 'ign_k': 0.002109525908590576, 'ign_c': 0.557280750002996, 'trop_agb_crit': 1.14876138417489, 'trop_k_veg': 0.6673124511410327}.
[I 2026-08-06 10:17:23,923] Trial 330 finished with values: [10.308911928376494, 10.308911928376494] and parameters: {'k1': 0.00488137519160367, 'D_low': 3.525936800597896, 'k2': 8.923807143379776e-05, 'D_high': 63233.81951066786, 'fire_exp': 1.423480109671474, 'P_half': 221.2683656611821, 'pre_dampen_half': 8.594202650742222, 'gpp_af': 1.9706963379095486, 'gpp_b': 3.481277316673104e-05, 'gpp_d': 150.14555442537656, 'ign_k': 0.01364908766641695, 'ign_c': 7.4063809263110905, 'trop_agb_crit': 7.599113148200974, 'trop_k_veg': 1.0594599158279707}.
[I 2026-08-06 10:17:25,093] Trial 331 finished with values: [10.237956296694446, 10.237956296694446] and parameters: {'k1': 0.00031134168041628584, 'D_low': 12.105387404469584, 'k2': 0.003767022142229395, 'D_high': 75.98586431588787, 'fire_exp': 1.1263716762638152, 'P_half': 4.213183643253957, 'pre_dampen_half': 38.00678588560607, 'gpp_af': 1.9706963379095486, 'gpp_b': 1.4540386644083135e-05, 'gpp_d': 757.2868182332339, 'ign_k': 0.00840038491455979, 'ign_c': 48.704711413416454, 'trop_agb_crit': 1.0693376406863295, 'trop_k_veg': 0.6673124511410327}.
[I 2026-08-06 10:17:26,262] Trial 332 finished with values: [10.769098708037008, 10.769098708037008] and parameters: {'k1': 0.004312951023617458, 'D_low': 4.484744524732794, 'k2': 0.03538758864779238, 'D_high': 21.947742689197344, 'fire_exp': 1.3170256885255098, 'P_half': 220.3445560633069, 'pre_dampen_half': 552.4163637315892, 'gpp_af': 0.7539992074650279, 'gpp_b': 0.14577755664212386, 'gpp_d': 16.460426816350523, 'ign_k': 0.12329098365270515, 'ign_c': 54.079797238871784, 'trop_agb_crit': 24.584290528289387, 'trop_k_veg': 0.6743482387129308}.
[I 2026-08-06 10:17:27,467] Trial 333 finished with values: [10.663987306094109, 10.663987306094109] and parameters: {'k1': 0.004312951023617458, 'D_low': 1683.621997588799, 'k2': 0.014344484793173472, 'D_high': 1578.0309954142967, 'fire_exp': 1.0601964743503993, 'P_half': 4.213183643253957, 'pre_dampen_half': 38.00678588560607, 'gpp_af': 1.9706963379095486, 'gpp_b': 1.4540386644083135e-05, 'gpp_d': 84.31013932082456, 'ign_k': 0.0020161527752598613, 'ign_c': 0.557280750002996, 'trop_agb_crit': 1.0693376406863295, 'trop_k_veg': 0.6673124511410327}.
[I 2026-08-06 10:17:28,592] Trial 334 finished with values: [10.499709938981146, 10.499709938981146] and parameters: {'k1': 2.316457903103837e-05, 'D_low': 355.00125258511594, 'k2': 1.915468390724633e-05, 'D_high': 985.7545621889059, 'fire_exp': 1.0629462657398439, 'P_half': 140.74279366401683, 'pre_dampen_half': 8.594202650742222, 'gpp_af': 0.7539992074650279, 'gpp_b': 7.210246166617508e-05, 'gpp_d': 4.25060659305504, 'ign_k': 2.539964555451684, 'ign_c': 2.8335389417624683, 'trop_agb_crit': 1.0903028125370984, 'trop_k_veg': 0.6743482387129308}.
[I 2026-08-06 10:17:29,699] Trial 335 finished with values: [10.001543392463496, 10.001543392463496] and parameters: {'k1': 0.012021930484915042, 'D_low': 7.299348683062307, 'k2': 0.0009562822793888481, 'D_high': 8182.111518618414, 'fire_exp': 1.7008648718913113, 'P_half': 4.087300390305745, 'pre_dampen_half': 234.12640025944248, 'gpp_af': 0.12269699058825158, 'gpp_b': 0.14577755664212386, 'gpp_d': 757.2868182332339, 'ign_k': 0.0680787482656459, 'ign_c': 0.70689749506246, 'trop_agb_crit': 1.14876138417489, 'trop_k_veg': 1.4584243470991722}.
[I 2026-08-06 10:17:30,825] Trial 336 finished with values: [10.635051174818608, 10.635051174818608] and parameters: {'k1': 0.00488137519160367, 'D_low': 4.484744524732794, 'k2': 8.923807143379776e-05, 'D_high': 21.947742689197344, 'fire_exp': 1.1263716762638152, 'P_half': 220.3445560633069, 'pre_dampen_half': 502.5175192217655, 'gpp_af': 1.200191344086032, 'gpp_b': 3.481277316673104e-05, 'gpp_d': 16.460426816350523, 'ign_k': 0.00840038491455979, 'ign_c': 7.4063809263110905, 'trop_agb_crit': 1.0693376406863295, 'trop_k_veg': 1.0594599158279707}.
[I 2026-08-06 10:17:31,965] Trial 337 finished with values: [10.530205177175542, 10.530205177175542] and parameters: {'k1': 0.004312951023617458, 'D_low': 83.62695993649682, 'k2': 0.003767022142229395, 'D_high': 63233.81951066786, 'fire_exp': 1.221575427404682, 'P_half': 220.3445560633069, 'pre_dampen_half': 8.594202650742222, 'gpp_af': 1.9706963379095486, 'gpp_b': 0.07904599925873733, 'gpp_d': 16.460426816350523, 'ign_k': 0.01364908766641695, 'ign_c': 15.221840161091626, 'trop_agb_crit': 7.499945891579917, 'trop_k_veg': 0.983473833513531}.
[I 2026-08-06 10:17:33,107] Trial 338 finished with values: [10.535037795536185, 10.535037795536185] and parameters: {'k1': 3.23559867820537e-05, 'D_low': 4.484744524732794, 'k2': 0.019894080167856886, 'D_high': 21.947742689197344, 'fire_exp': 1.3170256885255098, 'P_half': 220.3445560633069, 'pre_dampen_half': 502.5175192217655, 'gpp_af': 0.7539992074650279, 'gpp_b': 0.0012213924959062798, 'gpp_d': 16.460426816350523, 'ign_k': 0.00840038491455979, 'ign_c': 15.221840161091626, 'trop_agb_crit': 24.584290528289387, 'trop_k_veg': 1.4584243470991722}.
[I 2026-08-06 10:17:34,215] Trial 339 finished with values: [10.121593571115836, 10.121593571115836] and parameters: {'k1': 2.766282010813135e-05, 'D_low': 4.484744524732794, 'k2': 1.915468390724633e-05, 'D_high': 3712.591045287726, 'fire_exp': 1.0629462657398439, 'P_half': 4.213183643253957, 'pre_dampen_half': 24.551654436784773, 'gpp_af': 0.6403036652671171, 'gpp_b': 1.4540386644083135e-05, 'gpp_d': 0.12878367369717508, 'ign_k': 0.0680787482656459, 'ign_c': 0.557280750002996, 'trop_agb_crit': 7.500118950416987, 'trop_k_veg': 0.6673124511410327}.
[I 2026-08-06 10:17:35,354] Trial 340 finished with values: [10.232393993793595, 10.232393993793595] and parameters: {'k1': 3.23559867820537e-05, 'D_low': 1112.9571947046009, 'k2': 8.923807143379776e-05, 'D_high': 8182.111518618414, 'fire_exp': 1.695318866910499, 'P_half': 220.3445560633069, 'pre_dampen_half': 502.5175192217655, 'gpp_af': 0.7539992074650279, 'gpp_b': 3.481277316673104e-05, 'gpp_d': 150.14555442537656, 'ign_k': 0.0680787482656459, 'ign_c': 0.557280750002996, 'trop_agb_crit': 24.584290528289387, 'trop_k_veg': 1.6081790145072552}.
[I 2026-08-06 10:17:36,479] Trial 341 finished with values: [10.471893001189962, 10.471893001189962] and parameters: {'k1': 0.008912611835817005, 'D_low': 355.00125258511594, 'k2': 0.001832010067724639, 'D_high': 3712.591045287726, 'fire_exp': 1.8493890000580158, 'P_half': 5.076307782729897, 'pre_dampen_half': 63.6685916079943, 'gpp_af': 0.7539992074650279, 'gpp_b': 0.0005739662837359252, 'gpp_d': 2.944272359149677, 'ign_k': 0.21006485619596416, 'ign_c': 15.221840161091626, 'trop_agb_crit': 7.901343398678964, 'trop_k_veg': 3.1473758868965476}.
[I 2026-08-06 10:17:37,700] Trial 342 finished with values: [-0.534347955821272, 0.08160593643055258] and parameters: {'k1': 0.008912611835817005, 'D_low': 34.459310919273356, 'k2': 0.0003432139136241583, 'D_high': 21.947742689197344, 'fire_exp': 1.1263716762638152, 'P_half': 220.3445560633069, 'pre_dampen_half': 502.5175192217655, 'gpp_af': 24.725776073156705, 'gpp_b': 0.14577755664212386, 'gpp_d': 16.460426816350523, 'ign_k': 2.1368329072358767, 'ign_c': 0.70689749506246, 'trop_agb_crit': 1.0903028125370984, 'trop_k_veg': 2.194427136482602}.
[I 2026-08-06 10:17:38,976] Trial 343 finished with values: [-0.45345936506923223, 0.13738458519269703] and parameters: {'k1': 0.012021930484915042, 'D_low': 7.299348683062307, 'k2': 0.0154776166709383, 'D_high': 1493.5213816355397, 'fire_exp': 1.1263716762638152, 'P_half': 712.8188058401365, 'pre_dampen_half': 63.6685916079943, 'gpp_af': 0.6403036652671171, 'gpp_b': 0.14577755664212386, 'gpp_d': 19.600139992927435, 'ign_k': 2.5253810447657927, 'ign_c': 0.557280750002996, 'trop_agb_crit': 7.628718523810018, 'trop_k_veg': 2.194427136482602}.
[I 2026-08-06 10:17:40,116] Trial 344 finished with values: [10.140998636604426, 10.140998636604426] and parameters: {'k1': 0.006642027816373391, 'D_low': 4.484744524732794, 'k2': 0.03538758864779238, 'D_high': 985.7545621889059, 'fire_exp': 1.0629462657398439, 'P_half': 140.74279366401683, 'pre_dampen_half': 552.4163637315892, 'gpp_af': 1.9706963379095486, 'gpp_b': 0.14577755664212386, 'gpp_d': 4.25060659305504, 'ign_k': 0.01364908766641695, 'ign_c': 15.221840161091626, 'trop_agb_crit': 1.0903028125370984, 'trop_k_veg': 2.4336356947036335}.
[I 2026-08-06 10:17:41,254] Trial 345 finished with values: [10.485084549581543, 10.485084549581543] and parameters: {'k1': 0.004312951023617458, 'D_low': 2945.620569202742, 'k2': 8.923807143379776e-05, 'D_high': 8182.111518618414, 'fire_exp': 1.0629462657398439, 'P_half': 4.213183643253957, 'pre_dampen_half': 38.00678588560607, 'gpp_af': 3.4818886917676246, 'gpp_b': 2.176805640408474e-05, 'gpp_d': 6.792399189485706, 'ign_k': 5.901020135452, 'ign_c': 2.957080941494347, 'trop_agb_crit': 1.0693376406863295, 'trop_k_veg': 0.6673124511410327}.
[I 2026-08-06 10:17:42,394] Trial 346 finished with values: [10.603046450997969, 10.603046450997969] and parameters: {'k1': 0.004312951023617458, 'D_low': 4.484744524732794, 'k2': 1.915468390724633e-05, 'D_high': 3712.591045287726, 'fire_exp': 1.0629462657398439, 'P_half': 220.3445560633069, 'pre_dampen_half': 502.5175192217655, 'gpp_af': 0.7539992074650279, 'gpp_b': 3.43926796010005e-05, 'gpp_d': 1.3767835510755015, 'ign_k': 0.010167079878196114, 'ign_c': 15.221840161091626, 'trop_agb_crit': 24.584290528289387, 'trop_k_veg': 3.869465953383845}.
[I 2026-08-06 10:17:43,645] Trial 347 finished with values: [10.769230768838547, 10.769230768838547] and parameters: {'k1': 0.04669327135003539, 'D_low': 1112.9571947046009, 'k2': 8.923807143379776e-05, 'D_high': 5670.3463356272905, 'fire_exp': 1.3170256885255098, 'P_half': 140.74279366401683, 'pre_dampen_half': 8.594202650742222, 'gpp_af': 0.7539992074650279, 'gpp_b': 3.481277316673104e-05, 'gpp_d': 1.6983565276584263, 'ign_k': 0.0680787482656459, 'ign_c': 222.87087260110138, 'trop_agb_crit': 8.997007571451054, 'trop_k_veg': 1.6081790145072552}.
[I 2026-08-06 10:17:44,845] Trial 348 finished with values: [10.769230768838547, 10.769230768838547] and parameters: {'k1': 0.012840669372724958, 'D_low': 2.143851363193517, 'k2': 0.007058572590901788, 'D_high': 42.070539502879384, 'fire_exp': 2.1154350616377124, 'P_half': 93.43302657318476, 'pre_dampen_half': 17.707795393478506, 'gpp_af': 0.2204465010099918, 'gpp_b': 2.176805640408474e-05, 'gpp_d': 6.792399189485706, 'ign_k': 5.901020135452, 'ign_c': 61.64329525571068, 'trop_agb_crit': 1.0455434848969813, 'trop_k_veg': 0.983473833513531}.
[I 2026-08-06 10:17:46,001] Trial 349 finished with values: [10.329679642710632, 10.329679642710632] and parameters: {'k1': 0.05705198955850472, 'D_low': 7.299348683062307, 'k2': 8.923807143379776e-05, 'D_high': 5670.3463356272905, 'fire_exp': 1.0629462657398439, 'P_half': 4.213183643253957, 'pre_dampen_half': 63.6685916079943, 'gpp_af': 0.6403036652671171, 'gpp_b': 0.14577755664212386, 'gpp_d': 757.2868182332339, 'ign_k': 0.21006485619596416, 'ign_c': 0.557280750002996, 'trop_agb_crit': 7.500118950416987, 'trop_k_veg': 2.4336356947036335}.
[I 2026-08-06 10:17:47,125] Trial 350 finished with values: [10.671432771629297, 10.671432771629297] and parameters: {'k1': 0.004312951023617458, 'D_low': 4.484744524732794, 'k2': 1.915468390724633e-05, 'D_high': 3712.591045287726, 'fire_exp': 1.0601964743503993, 'P_half': 4.213183643253957, 'pre_dampen_half': 552.4163637315892, 'gpp_af': 1.9706963379095486, 'gpp_b': 1.4540386644083135e-05, 'gpp_d': 0.12878367369717508, 'ign_k': 0.010167079878196114, 'ign_c': 15.221840161091626, 'trop_agb_crit': 7.901343398678964, 'trop_k_veg': 1.4584243470991722}.
