[I 2026-07-22 21:44:49,664] Trial 524 finished with values: [-0.6118524997893542, 0.37065783963171317] and parameters: {'k1': 0.00013783578294796384, 'D_low': 1.6646452049870526, 'k2': 0.007455766613295631, 'D_high': 580966.5602369158, 'fire_exp': 1.024589524149873, 'P_half': 13.019246714361572, 'pre_dampen_half': 33.97904243111269, 'gpp_af': 0.008983355849178878, 'gpp_b': 0.0032930655419269924, 'gpp_d': 599.2644014925409, 'ign_k': 3.210808548911192, 'ign_c': 6.1609752947414345, 'trop_agb_crit': 9.836162684900028, 'trop_k_veg': 0.5259254914812883, 'fuel_k': 0.04572914063536324, 'fuel_half': 1.3547291924247347}.
[I 2026-07-22 21:44:50,103] Trial 525 finished with values: [10.192841911430085, 10.192841911430085] and parameters: {'k1': 0.002971796631657383, 'D_low': 9.497440085397416, 'k2': 0.015109086063191909, 'D_high': 145242.37928628005, 'fire_exp': 1.0341837609578937, 'P_half': 220.3445560633069, 'pre_dampen_half': 36.876350096202984, 'gpp_af': 0.0025511964576171086, 'gpp_b': 0.0021331409710300844, 'gpp_d': 857.4284557962626, 'ign_k': 0.06807874826564587, 'ign_c': 15.221840161091619, 'trop_agb_crit': 24.584290528289387, 'trop_k_veg': 1.4584243470991722, 'fuel_k': 2.5629765645018403, 'fuel_half': 16.371966573507315}.
[I 2026-07-22 21:44:50,528] Trial 526 finished with values: [10.621275223473102, 10.621275223473102] and parameters: {'k1': 6.068927406889472e-05, 'D_low': 2.8627614274446977, 'k2': 0.017300724838654365, 'D_high': 107013.64911724928, 'fire_exp': 2.3987174696212126, 'P_half': 220.3445560633069, 'pre_dampen_half': 269.0845367054863, 'gpp_af': 0.0010909739353103314, 'gpp_b': 0.0005995821881487623, 'gpp_d': 17.273230592904202, 'ign_k': 3.210808548911192, 'ign_c': 0.19678273362633986, 'trop_agb_crit': 1.7813653882411722, 'trop_k_veg': 1.140286245977296, 'fuel_k': 4.680936683972859, 'fuel_half': 18.202647368248815}.
[I 2026-07-22 21:44:50,953] Trial 527 finished with values: [10.732843360972488, 10.732843360972488] and parameters: {'k1': 0.00016480446427978953, 'D_low': 102.19595065529477, 'k2': 0.02989647175615661, 'D_high': 145242.37928628005, 'fire_exp': 1.0341837609578937, 'P_half': 10.226988730324324, 'pre_dampen_half': 33.71909132517388, 'gpp_af': 0.7539992074650282, 'gpp_b': 3.228689523591491e-05, 'gpp_d': 309.13825046274377, 'ign_k': 0.06807874826564587, 'ign_c': 0.11650681118986138, 'trop_agb_crit': 15.870971677383487, 'trop_k_veg': 0.9793402026070162, 'fuel_k': 0.48736180483849406, 'fuel_half': 0.5375846873770782}.
[I 2026-07-22 21:44:51,390] Trial 528 finished with values: [10.769200213741208, 10.769200213741208] and parameters: {'k1': 0.002971796631657383, 'D_low': 163.4864778201543, 'k2': 0.002342238625792905, 'D_high': 1693415.5410667954, 'fire_exp': 1.0341837609578937, 'P_half': 220.3445560633069, 'pre_dampen_half': 36.876350096202984, 'gpp_af': 0.0025511964576171086, 'gpp_b': 0.0054502936945582505, 'gpp_d': 302.3127748796295, 'ign_k': 0.018707420137660268, 'ign_c': 510.6674528526552, 'trop_agb_crit': 6.1198430581046965, 'trop_k_veg': 1.6340262437673856, 'fuel_k': 1.8731335591844647, 'fuel_half': 38.21129441691226}.
[I 2026-07-22 21:44:51,814] Trial 529 finished with values: [10.353671850208755, 10.353671850208755] and parameters: {'k1': 1.8595266457134027e-05, 'D_low': 102.19595065529477, 'k2': 1.742085881788942e-05, 'D_high': 107013.64911724928, 'fire_exp': 2.354233203623662, 'P_half': 13.019246714361572, 'pre_dampen_half': 347.79988160923324, 'gpp_af': 0.7539992074650282, 'gpp_b': 0.0032930655419269924, 'gpp_d': 302.3127748796295, 'ign_k': 8.761971101023699, 'ign_c': 6.1609752947414345, 'trop_agb_crit': 19.84604666505718, 'trop_k_veg': 1.140286245977296, 'fuel_k': 0.08612665817296865, 'fuel_half': 0.13249100882689224}.
[I 2026-07-22 21:44:52,243] Trial 530 finished with values: [-0.5026406715302981, 0.7376478181815949] and parameters: {'k1': 0.00023352156626184448, 'D_low': 247.75146043208053, 'k2': 1.127217425995114e-05, 'D_high': 887331.2884015184, 'fire_exp': 1.3219590610242518, 'P_half': 38.82837025280678, 'pre_dampen_half': 347.79988160923324, 'gpp_af': 0.09791370130598968, 'gpp_b': 0.00012118589392553819, 'gpp_d': 302.3127748796295, 'ign_k': 0.0026834162496848666, 'ign_c': 6.1609752947414345, 'trop_agb_crit': 6.1198430581046965, 'trop_k_veg': 6.911478238001162, 'fuel_k': 0.6137000782082781, 'fuel_half': 3.632486956676605}.
[I 2026-07-22 21:44:52,675] Trial 531 finished with values: [10.677501416273246, 10.677501416273246] and parameters: {'k1': 0.003242143344038315, 'D_low': 163.4864778201543, 'k2': 0.0002549709775062065, 'D_high': 145242.37928628005, 'fire_exp': 1.0341837609578937, 'P_half': 10.226988730324324, 'pre_dampen_half': 10.059683154936915, 'gpp_af': 29.925002022877816, 'gpp_b': 0.0054502936945582505, 'gpp_d': 0.032144312552187276, 'ign_k': 0.04732407125181112, 'ign_c': 4.1108484350212295, 'trop_agb_crit': 2.539877620672643, 'trop_k_veg': 0.9369104721775232, 'fuel_k': 4.680936683972859, 'fuel_half': 16.371966573507315}.
[I 2026-07-22 21:44:53,111] Trial 532 finished with values: [10.49899305881224, 10.49899305881224] and parameters: {'k1': 0.002968335334246999, 'D_low': 102.19595065529477, 'k2': 0.004373100990516265, 'D_high': 10377.055497115112, 'fire_exp': 1.0482996836046896, 'P_half': 13.019246714361572, 'pre_dampen_half': 269.0845367054863, 'gpp_af': 0.7539992074650282, 'gpp_b': 0.00012118589392553819, 'gpp_d': 0.3619181297408274, 'ign_k': 3.210808548911192, 'ign_c': 6.3906950920732175, 'trop_agb_crit': 19.28597237496244, 'trop_k_veg': 2.42764713875812, 'fuel_k': 1.312881567992459, 'fuel_half': 15.298506868937444}.
[I 2026-07-22 21:44:53,545] Trial 533 finished with values: [10.641094534943758, 10.641094534943758] and parameters: {'k1': 0.004312951023617458, 'D_low': 163.4864778201543, 'k2': 2.1698375693549493e-05, 'D_high': 8226.792720717496, 'fire_exp': 2.4645237762603327, 'P_half': 13.019246714361572, 'pre_dampen_half': 36.876350096202984, 'gpp_af': 0.03924302839842014, 'gpp_b': 7.402343469704414e-05, 'gpp_d': 302.3127748796295, 'ign_k': 8.761971101023699, 'ign_c': 6.1609752947414345, 'trop_agb_crit': 2.539877620672643, 'trop_k_veg': 0.9793402026070162, 'fuel_k': 0.05168495502319155, 'fuel_half': 16.371966573507315}.
[I 2026-07-22 21:44:53,975] Trial 534 finished with values: [10.668070977718976, 10.668070977718976] and parameters: {'k1': 0.002971796631657383, 'D_low': 13.25142220631392, 'k2': 2.1698375693549493e-05, 'D_high': 1693415.5410667954, 'fire_exp': 2.4645237762603327, 'P_half': 13.019246714361572, 'pre_dampen_half': 0.2656834547134191, 'gpp_af': 0.03924302839842014, 'gpp_b': 7.402343469704414e-05, 'gpp_d': 302.3127748796295, 'ign_k': 0.018707420137660268, 'ign_c': 4.1108484350212295, 'trop_agb_crit': 2.539877620672643, 'trop_k_veg': 0.9793402026070162, 'fuel_k': 1.8731335591844647, 'fuel_half': 16.371966573507315}.
[I 2026-07-22 21:44:54,428] Trial 535 finished with values: [10.750730161685345, 10.750730161685345] and parameters: {'k1': 0.0029707920514735983, 'D_low': 9.497440085397416, 'k2': 2.1698375693549493e-05, 'D_high': 1488557.802851245, 'fire_exp': 1.024589524149873, 'P_half': 13.019246714361572, 'pre_dampen_half': 502.5175192217655, 'gpp_af': 0.09791370130598968, 'gpp_b': 0.0005995821881487623, 'gpp_d': 0.34391397565278453, 'ign_k': 8.761971101023699, 'ign_c': 6.1609752947414345, 'trop_agb_crit': 6.1198430581046965, 'trop_k_veg': 0.9793402026070162, 'fuel_k': 4.680936683972859, 'fuel_half': 52.005817291141206}.
[I 2026-07-22 21:44:54,876] Trial 536 finished with values: [10.766926363785123, 10.766926363785123] and parameters: {'k1': 0.0029707920514735983, 'D_low': 13.25142220631392, 'k2': 7.67074891445376e-05, 'D_high': 1488557.802851245, 'fire_exp': 1.0341837609578937, 'P_half': 10.226988730324324, 'pre_dampen_half': 10.059683154936915, 'gpp_af': 0.015769192447197523, 'gpp_b': 2.8457393813758034, 'gpp_d': 302.3127748796295, 'ign_k': 0.018707420137660268, 'ign_c': 6.1609752947414345, 'trop_agb_crit': 2.539877620672643, 'trop_k_veg': 0.9793402026070162, 'fuel_k': 0.028970790717327534, 'fuel_half': 16.371966573507315}.
[I 2026-07-22 21:44:55,354] Trial 537 finished with values: [10.735994192576946, 10.735994192576946] and parameters: {'k1': 0.0029707920514735983, 'D_low': 9.497440085397416, 'k2': 1.6559474674046002e-05, 'D_high': 1488557.802851245, 'fire_exp': 1.0482996836046896, 'P_half': 48.464976792190825, 'pre_dampen_half': 502.5175192217655, 'gpp_af': 0.09791370130598968, 'gpp_b': 2.8457393813758034, 'gpp_d': 373.3014953695604, 'ign_k': 0.018707420137660268, 'ign_c': 8.405439129313676, 'trop_agb_crit': 15.35205868174982, 'trop_k_veg': 0.9369104721775232, 'fuel_k': 1.8731335591844647, 'fuel_half': 16.371966573507315}.
[I 2026-07-22 21:44:55,812] Trial 538 finished with values: [10.221579192845866, 10.221579192845866] and parameters: {'k1': 0.004312951023617458, 'D_low': 9.497440085397416, 'k2': 1.915468390724633e-05, 'D_high': 71534.52030884045, 'fire_exp': 1.63890523746622, 'P_half': 220.3445560633069, 'pre_dampen_half': 502.5175192217655, 'gpp_af': 0.7539992074650282, 'gpp_b': 0.0032930655419269924, 'gpp_d': 12.151631524283598, 'ign_k': 3.210808548911192, 'ign_c': 4.1108484350212295, 'trop_agb_crit': 1.1195539271968775, 'trop_k_veg': 1.6340262437673856, 'fuel_k': 4.680936683972859, 'fuel_half': 52.005817291141206}.
[I 2026-07-22 21:44:56,253] Trial 539 finished with values: [-0.6473911148895397, 0.7361282426824607] and parameters: {'k1': 0.004312951023617458, 'D_low': 73.7642948170377, 'k2': 2.1698375693549493e-05, 'D_high': 1488557.802851245, 'fire_exp': 2.346722471160988, 'P_half': 220.3445560633069, 'pre_dampen_half': 36.876350096202984, 'gpp_af': 0.7539992074650282, 'gpp_b': 7.402343469704414e-05, 'gpp_d': 857.4284557962626, 'ign_k': 3.210808548911192, 'ign_c': 6.1609752947414345, 'trop_agb_crit': 6.1198430581046965, 'trop_k_veg': 2.7157207393584746, 'fuel_k': 4.680936683972859, 'fuel_half': 28.412055118924748}.
[I 2026-07-22 21:44:56,728] Trial 540 finished with values: [11.421549782326634, 11.421549782326634] and parameters: {'k1': 0.002968335334246999, 'D_low': 163.4864778201543, 'k2': 0.007321544340709294, 'D_high': 145242.37928628005, 'fire_exp': 1.0341837609578937, 'P_half': 12.316746498627493, 'pre_dampen_half': 269.0845367054863, 'gpp_af': 1.1300566419249867, 'gpp_b': 0.00011277885258222645, 'gpp_d': 302.3127748796295, 'ign_k': 3.210808548911192, 'ign_c': 6.1609752947414345, 'trop_agb_crit': 6.1198430581046965, 'trop_k_veg': 0.9793402026070162, 'fuel_k': 4.680936683972859, 'fuel_half': 16.371966573507315}.
  trial  541/1500  pareto_size=6  best_taylor=0.7828  best_ilamb=0.6071  (4.1 min)
[I 2026-07-22 21:44:57,262] Trial 541 finished with values: [-0.3247297030894845, 0.8717120219164822] and parameters: {'k1': 0.00045102062878998736, 'D_low': 247.75146043208053, 'k2': 0.017300724838654365, 'D_high': 1488557.802851245, 'fire_exp': 1.024589524149873, 'P_half': 119.9763911113096, 'pre_dampen_half': 36.876350096202984, 'gpp_af': 0.7539992074650282, 'gpp_b': 0.00012118589392553819, 'gpp_d': 4.576857873108685, 'ign_k': 0.006290644294586149, 'ign_c': 6.1609752947414345, 'trop_agb_crit': 15.870971677383487, 'trop_k_veg': 0.9793402026070162, 'fuel_k': 0.08612665817296865, 'fuel_half': 0.32476735706274484}.
[I 2026-07-22 21:44:57,695] Trial 542 finished with values: [10.215610248890405, 10.215610248890405] and parameters: {'k1': 3.072871314966638e-05, 'D_low': 102.19595065529477, 'k2': 0.017300724838654365, 'D_high': 1693415.5410667954, 'fire_exp': 1.4905138918021545, 'P_half': 220.3445560633069, 'pre_dampen_half': 36.876350096202984, 'gpp_af': 0.7539992074650282, 'gpp_b': 3.228689523591491e-05, 'gpp_d': 16.460426816350534, 'ign_k': 0.018707420137660268, 'ign_c': 4.1108484350212295, 'trop_agb_crit': 6.1198430581046965, 'trop_k_veg': 0.9793402026070162, 'fuel_k': 4.680936683972859, 'fuel_half': 28.412055118924748}.
[I 2026-07-22 21:44:58,128] Trial 543 finished with values: [11.014736049357099, 11.014736049357099] and parameters: {'k1': 0.002968335334246999, 'D_low': 102.19595065529477, 'k2': 5.30392529099666e-05, 'D_high': 107013.64911724928, 'fire_exp': 2.3987174696212126, 'P_half': 220.3445560633069, 'pre_dampen_half': 269.0845367054863, 'gpp_af': 1.1300566419249867, 'gpp_b': 0.0005995821881487623, 'gpp_d': 12.151631524283598, 'ign_k': 3.210808548911192, 'ign_c': 4.1108484350212295, 'trop_agb_crit': 1.7813653882411722, 'trop_k_veg': 1.140286245977296, 'fuel_k': 4.680936683972859, 'fuel_half': 0.13249100882689224}.
[I 2026-07-22 21:44:58,562] Trial 544 finished with values: [-0.5091189243264278, 0.48330379754968444] and parameters: {'k1': 0.002971796631657383, 'D_low': 13.25142220631392, 'k2': 1.6559474674046002e-05, 'D_high': 580966.5602369158, 'fire_exp': 1.0482996836046896, 'P_half': 48.464976792190825, 'pre_dampen_half': 36.876350096202984, 'gpp_af': 0.015769192447197523, 'gpp_b': 0.0007040113316769033, 'gpp_d': 4.576857873108685, 'ign_k': 0.0026834162496848666, 'ign_c': 6.1609752947414345, 'trop_agb_crit': 24.584290528289387, 'trop_k_veg': 0.9793402026070162, 'fuel_k': 1.8731335591844647, 'fuel_half': 57.882001937752385}.
[I 2026-07-22 21:44:58,996] Trial 545 finished with values: [10.343049936663586, 10.343049936663586] and parameters: {'k1': 0.002971796631657383, 'D_low': 13.25142220631392, 'k2': 1.6559474674046002e-05, 'D_high': 580966.5602369158, 'fire_exp': 1.161749421319469, 'P_half': 13.019246714361572, 'pre_dampen_half': 36.876350096202984, 'gpp_af': 1.1300566419249867, 'gpp_b': 0.0005392415140872105, 'gpp_d': 700.6693992445935, 'ign_k': 0.0013726318898045872, 'ign_c': 53.023869254073034, 'trop_agb_crit': 24.584290528289387, 'trop_k_veg': 0.5695379443977426, 'fuel_k': 1.312881567992459, 'fuel_half': 0.35019911407938}.
[I 2026-07-22 21:44:59,450] Trial 546 finished with values: [10.521083813143042, 10.521083813143042] and parameters: {'k1': 0.002968335334246999, 'D_low': 9.497440085397416, 'k2': 0.004373100990516265, 'D_high': 107013.64911724928, 'fire_exp': 2.3987174696212126, 'P_half': 220.3445560633069, 'pre_dampen_half': 502.5175192217655, 'gpp_af': 0.7539992074650282, 'gpp_b': 0.0032930655419269924, 'gpp_d': 0.3619181297408274, 'ign_k': 3.210808548911192, 'ign_c': 15.221840161091619, 'trop_agb_crit': 19.28597237496244, 'trop_k_veg': 1.4584243470991722, 'fuel_k': 1.312881567992459, 'fuel_half': 52.005817291141206}.
[I 2026-07-22 21:44:59,892] Trial 547 finished with values: [-0.748981337819857, 0.3741576753334158] and parameters: {'k1': 0.002968335334246999, 'D_low': 2.8627614274446977, 'k2': 0.017300724838654365, 'D_high': 107013.64911724928, 'fire_exp': 2.3987174696212126, 'P_half': 220.3445560633069, 'pre_dampen_half': 269.0845367054863, 'gpp_af': 0.4224904711663322, 'gpp_b': 0.0032930655419269924, 'gpp_d': 12.151631524283598, 'ign_k': 3.210808548911192, 'ign_c': 0.19678273362633986, 'trop_agb_crit': 19.28597237496244, 'trop_k_veg': 1.140286245977296, 'fuel_k': 4.680936683972859, 'fuel_half': 38.21129441691226}.
[I 2026-07-22 21:45:00,354] Trial 548 finished with values: [10.176539954340694, 10.176539954340694] and parameters: {'k1': 0.002971796631657383, 'D_low': 102.19595065529477, 'k2': 0.015109086063191909, 'D_high': 145242.37928628005, 'fire_exp': 1.9149519253972305, 'P_half': 10.226988730324324, 'pre_dampen_half': 347.79988160923324, 'gpp_af': 0.0025511964576171086, 'gpp_b': 0.00011277885258222645, 'gpp_d': 16.460426816350534, 'ign_k': 0.04732407125181112, 'ign_c': 4.1108484350212295, 'trop_agb_crit': 1.1195539271968775, 'trop_k_veg': 0.9369104721775232, 'fuel_k': 4.680936683972859, 'fuel_half': 16.371966573507315}.
[I 2026-07-22 21:45:00,809] Trial 549 finished with values: [-0.5658103070603746, 0.5702830560231498] and parameters: {'k1': 0.004312951023617458, 'D_low': 13.25142220631392, 'k2': 1.915468390724633e-05, 'D_high': 107013.64911724928, 'fire_exp': 1.0482996836046896, 'P_half': 1.4378290221680121, 'pre_dampen_half': 502.5175192217655, 'gpp_af': 0.003422824370263182, 'gpp_b': 7.402343469704414e-05, 'gpp_d': 6.91394869865762, 'ign_k': 0.018707420137660268, 'ign_c': 6.1609752947414345, 'trop_agb_crit': 19.28597237496244, 'trop_k_veg': 2.410360404052941, 'fuel_k': 0.08612665817296865, 'fuel_half': 15.298506868937444}.
[I 2026-07-22 21:45:01,244] Trial 550 finished with values: [10.37227305156701, 10.37227305156701] and parameters: {'k1': 0.002971796631657383, 'D_low': 163.4864778201543, 'k2': 0.015109086063191909, 'D_high': 1693415.5410667954, 'fire_exp': 1.0341837609578937, 'P_half': 10.226988730324324, 'pre_dampen_half': 36.876350096202984, 'gpp_af': 0.0025511964576171086, 'gpp_b': 0.00011277885258222645, 'gpp_d': 857.4284557962626, 'ign_k': 0.0026834162496848666, 'ign_c': 6.1609752947414345, 'trop_agb_crit': 24.584290528289387, 'trop_k_veg': 0.9793402026070162, 'fuel_k': 1.8731335591844647, 'fuel_half': 0.5884212538415389}.
[I 2026-07-22 21:45:01,679] Trial 551 finished with values: [11.956956917800674, 11.956956917800674] and parameters: {'k1': 0.002968335334246999, 'D_low': 102.19595065529477, 'k2': 2.1698375693549493e-05, 'D_high': 107013.64911724928, 'fire_exp': 2.4645237762603327, 'P_half': 4.961134450191397, 'pre_dampen_half': 269.0845367054863, 'gpp_af': 0.03924302839842014, 'gpp_b': 0.0032930655419269924, 'gpp_d': 0.3619181297408274, 'ign_k': 7.107346698112276, 'ign_c': 4.1108484350212295, 'trop_agb_crit': 19.28597237496244, 'trop_k_veg': 2.42764713875812, 'fuel_k': 4.680936683972859, 'fuel_half': 0.13249100882689224}.
[I 2026-07-22 21:45:02,110] Trial 552 finished with values: [-0.6325619812168765, 0.7095921083801795] and parameters: {'k1': 0.002971796631657383, 'D_low': 13.25142220631392, 'k2': 1.127217425995114e-05, 'D_high': 1488557.802851245, 'fire_exp': 1.0482996836046896, 'P_half': 38.82837025280678, 'pre_dampen_half': 347.79988160923324, 'gpp_af': 0.015769192447197523, 'gpp_b': 0.00012118589392553819, 'gpp_d': 4.576857873108685, 'ign_k': 0.006290644294586149, 'ign_c': 6.1609752947414345, 'trop_agb_crit': 6.1198430581046965, 'trop_k_veg': 1.140286245977296, 'fuel_k': 0.08612665817296865, 'fuel_half': 0.32476735706274484}.
[I 2026-07-22 21:45:02,541] Trial 553 finished with values: [10.685384600235507, 10.685384600235507] and parameters: {'k1': 0.00023352156626184448, 'D_low': 796.6615929194281, 'k2': 0.017300724838654365, 'D_high': 10377.055497115112, 'fire_exp': 2.0928431561529806, 'P_half': 13.019246714361572, 'pre_dampen_half': 502.5175192217655, 'gpp_af': 0.008983355849178878, 'gpp_b': 0.00012118589392553819, 'gpp_d': 4.576857873108685, 'ign_k': 0.006290644294586149, 'ign_c': 6.3906950920732175, 'trop_agb_crit': 6.49757528676979, 'trop_k_veg': 1.140286245977296, 'fuel_k': 0.08612665817296865, 'fuel_half': 15.298506868937444}.
[I 2026-07-22 21:45:02,972] Trial 554 finished with values: [-0.6150032629185636, 0.6312308876025553] and parameters: {'k1': 1.4915922954285195e-05, 'D_low': 102.19595065529477, 'k2': 0.015109086063191909, 'D_high': 145242.37928628005, 'fire_exp': 1.0341837609578937, 'P_half': 220.3445560633069, 'pre_dampen_half': 269.0845367054863, 'gpp_af': 0.7539992074650282, 'gpp_b': 0.00011277885258222645, 'gpp_d': 0.3619181297408274, 'ign_k': 0.0026834162496848666, 'ign_c': 4.1108484350212295, 'trop_agb_crit': 19.28597237496244, 'trop_k_veg': 2.42764713875812, 'fuel_k': 4.680936683972859, 'fuel_half': 0.13249100882689224}.
[I 2026-07-22 21:45:03,398] Trial 555 finished with values: [10.768297929171311, 10.768297929171311] and parameters: {'k1': 0.004312951023617458, 'D_low': 163.4864778201543, 'k2': 2.1698375693549493e-05, 'D_high': 1488557.802851245, 'fire_exp': 1.0482996836046896, 'P_half': 13.019246714361572, 'pre_dampen_half': 36.876350096202984, 'gpp_af': 0.0025511964576171086, 'gpp_b': 2.8457393813758034, 'gpp_d': 373.3014953695604, 'ign_k': 8.761971101023699, 'ign_c': 6.1609752947414345, 'trop_agb_crit': 6.1198430581046965, 'trop_k_veg': 0.9369104721775232, 'fuel_k': 4.680936683972859, 'fuel_half': 38.21129441691226}.
[I 2026-07-22 21:45:03,827] Trial 556 finished with values: [10.691471998690064, 10.691471998690064] and parameters: {'k1': 1.8595266457134027e-05, 'D_low': 1.6646452049870526, 'k2': 2.1698375693549493e-05, 'D_high': 580966.5602369158, 'fire_exp': 2.4645237762603327, 'P_half': 13.019246714361572, 'pre_dampen_half': 33.97904243111269, 'gpp_af': 0.03924302839842014, 'gpp_b': 0.0032930655419269924, 'gpp_d': 302.3127748796295, 'ign_k': 0.018707420137660268, 'ign_c': 4.1108484350212295, 'trop_agb_crit': 2.539877620672643, 'trop_k_veg': 0.9793402026070162, 'fuel_k': 4.680936683972859, 'fuel_half': 42.6871254378718}.
[I 2026-07-22 21:45:04,312] Trial 557 finished with values: [10.005507076242582, 10.005507076242582] and parameters: {'k1': 0.052334804885400876, 'D_low': 2.9612221068836555, 'k2': 0.0034207303670092245, 'D_high': 580966.5602369158, 'fire_exp': 1.161749421319469, 'P_half': 136.0956887810302, 'pre_dampen_half': 33.97904243111269, 'gpp_af': 0.008562341633595545, 'gpp_b': 0.0005392415140872105, 'gpp_d': 302.3127748796295, 'ign_k': 0.006039096247545781, 'ign_c': 0.11650681118986138, 'trop_agb_crit': 24.584290528289387, 'trop_k_veg': 1.6340262437673856, 'fuel_k': 1.312881567992459, 'fuel_half': 0.33988503110784557}.
[I 2026-07-22 21:45:04,759] Trial 558 finished with values: [10.142818118183133, 10.142818118183133] and parameters: {'k1': 0.002968335334246999, 'D_low': 102.19595065529477, 'k2': 1.127217425995114e-05, 'D_high': 887331.2884015184, 'fire_exp': 2.3987174696212126, 'P_half': 220.3445560633069, 'pre_dampen_half': 269.0845367054863, 'gpp_af': 0.049802479194577566, 'gpp_b': 0.0032930655419269924, 'gpp_d': 4.576857873108685, 'ign_k': 0.006290644294586149, 'ign_c': 6.1609752947414345, 'trop_agb_crit': 6.1198430581046965, 'trop_k_veg': 1.140286245977296, 'fuel_k': 4.680936683972859, 'fuel_half': 0.32476735706274484}.
