[I 2026-08-19 17:13:23,523] Trial 550 finished with value: 0.4500115393885509 and parameters: {'k1': 5.5064310762605936e-05, 'D_low': 10283.922861881247, 'k2': 0.00013883229810175314, 'D_high': 1958841.4551450035, 'fire_exp': 1.0024914331995654, 'P_half': 868.9193257202637, 'pre_dampen_half': 0.09713973857190975, 'gpp_af': 0.025141823103836346, 'gpp_b': 0.002798858626357728, 'gpp_d': 151.64428897277529, 'ign_k': 0.45889677300126247, 'ign_c': 0.28362240089382607, 'trop_agb_crit': 11.09766916474914, 'trop_k_veg': 4.6185467847202535, 'pop_amp': 11.110934116610675, 'pop_peak': 304.435553413582, 'pop_sig': 0.5128747131800567, 'fuel_k': 0.4276909773782567, 'fuel_half': 0.18555421168367736}. Best is trial 0 with value: -0.6094076133578652.
  trial  551/2500  best_overall=0.6094  (15.0 min)
[I 2026-08-19 17:13:25,221] Trial 551 finished with value: 0.555487806601622 and parameters: {'k1': 0.00125525905938119, 'D_low': 21986.152417788246, 'k2': 0.00043395595701015, 'D_high': 9631044.49147557, 'fire_exp': 1.4440124708822555, 'P_half': 983.3964644377182, 'pre_dampen_half': 15.874320539931166, 'gpp_af': 0.026540579992737123, 'gpp_b': 0.001360364864233875, 'gpp_d': 0.10861130999981694, 'ign_k': 0.44383417074429643, 'ign_c': 9.133198269270892, 'trop_agb_crit': 15.27614327663798, 'trop_k_veg': 3.1471284694692243, 'pop_amp': 0.002351173275002847, 'pop_peak': 2.6628552348207535, 'pop_sig': 1.0616445628037339, 'fuel_k': 1.3622944801908945, 'fuel_half': 4.230387529790149}. Best is trial 0 with value: -0.6094076133578652.
[I 2026-08-19 17:13:26,822] Trial 552 finished with value: 0.45680863729204746 and parameters: {'k1': 2.1022258508235776e-05, 'D_low': 607.5300658221696, 'k2': 0.0344351490577267, 'D_high': 460527.7129291765, 'fire_exp': 2.744511164657895, 'P_half': 3.7003217962136143, 'pre_dampen_half': 13.057834335115288, 'gpp_af': 0.2947786071844859, 'gpp_b': 2.8976764396306518e-05, 'gpp_d': 22.55891622599382, 'ign_k': 0.15740094510822766, 'ign_c': 16.087635286135363, 'trop_agb_crit': 12.629414220386627, 'trop_k_veg': 1.8849235844376484, 'pop_amp': 2.3899577098309632, 'pop_peak': 0.460651132138997, 'pop_sig': 0.38196719114965505, 'fuel_k': 0.0708438761648488, 'fuel_half': 12.369006665655329}. Best is trial 0 with value: -0.6094076133578652.
[I 2026-08-19 17:13:28,434] Trial 553 finished with value: -0.5694085466320734 and parameters: {'k1': 0.02224498855495705, 'D_low': 4.146161793179135, 'k2': 0.008312226507722748, 'D_high': 816327.2414095952, 'fire_exp': 1.4554274088115309, 'P_half': 3.083310192777762, 'pre_dampen_half': 0.13555608962166568, 'gpp_af': 0.06352807085525276, 'gpp_b': 7.40911394304655e-05, 'gpp_d': 1.5782353918477525, 'ign_k': 0.39485450468591904, 'ign_c': 0.306635076004838, 'trop_agb_crit': 1.4151838492190634, 'trop_k_veg': 2.8878310764960253, 'pop_amp': 0.4288531585398724, 'pop_peak': 1.1016569061133146, 'pop_sig': 1.7522183517642917, 'fuel_k': 0.014299542039820114, 'fuel_half': 0.5935346718337675}. Best is trial 0 with value: -0.6094076133578652.
[I 2026-08-19 17:13:30,018] Trial 554 finished with value: 0.47040754387527783 and parameters: {'k1': 0.00034635076246455887, 'D_low': 74.24373610308595, 'k2': 0.00038967465251475475, 'D_high': 1969244.0590045357, 'fire_exp': 1.9262423138565226, 'P_half': 13.45628660574766, 'pre_dampen_half': 0.6291821469253573, 'gpp_af': 0.003203923090411762, 'gpp_b': 0.00017008124475834403, 'gpp_d': 5.864104669506436, 'ign_k': 1.4068683395560742, 'ign_c': 0.11303218773508215, 'trop_agb_crit': 28.567417065873187, 'trop_k_veg': 4.566800427592671, 'pop_amp': 0.0012528825148091073, 'pop_peak': 3.980606881534621, 'pop_sig': 1.2723095452821316, 'fuel_k': 0.1331606189949585, 'fuel_half': 0.5191229341609271}. Best is trial 0 with value: -0.6094076133578652.
[I 2026-08-19 17:13:31,622] Trial 555 finished with value: 0.5016546606074447 and parameters: {'k1': 0.0007759519335029039, 'D_low': 75.44573285226369, 'k2': 0.02364629006318931, 'D_high': 94760.93988324916, 'fire_exp': 1.8860344444473516, 'P_half': 5.281976401575, 'pre_dampen_half': 0.5766120920269584, 'gpp_af': 7.53536913344779, 'gpp_b': 0.00014745910332581723, 'gpp_d': 85.27998047063723, 'ign_k': 0.08215619210931727, 'ign_c': 0.4354418384087471, 'trop_agb_crit': 8.510017915486277, 'trop_k_veg': 1.0489773505761413, 'pop_amp': 0.008844674785577529, 'pop_peak': 0.31198998097427455, 'pop_sig': 0.7316312067854526, 'fuel_k': 0.19661983177961764, 'fuel_half': 78.31528521793493}. Best is trial 0 with value: -0.6094076133578652.
[I 2026-08-19 17:13:33,263] Trial 556 finished with value: 0.47857048540611047 and parameters: {'k1': 0.0008285638716099092, 'D_low': 2.5933576386654567, 'k2': 0.028557716976755486, 'D_high': 1537885.409448502, 'fire_exp': 1.8396803713044334, 'P_half': 84.13969325001496, 'pre_dampen_half': 0.6060100961147016, 'gpp_af': 1.6338918233702464, 'gpp_b': 0.0009454920110522003, 'gpp_d': 547.8680121375536, 'ign_k': 0.09339008113763501, 'ign_c': 6.177713827764436, 'trop_agb_crit': 23.88375050813747, 'trop_k_veg': 1.3170772674191402, 'pop_amp': 0.03273108372250701, 'pop_peak': 1.8242958800579936, 'pop_sig': 1.155128281332915, 'fuel_k': 4.4184896842220756, 'fuel_half': 67.14869626167687}. Best is trial 0 with value: -0.6094076133578652.
[I 2026-08-19 17:13:34,906] Trial 557 finished with value: 0.5935964946897355 and parameters: {'k1': 0.0002024518980563917, 'D_low': 24846.892007325587, 'k2': 0.0008717057522084411, 'D_high': 13682.299703118684, 'fire_exp': 1.320349974257019, 'P_half': 132.37780483713735, 'pre_dampen_half': 9.0409310139789, 'gpp_af': 0.27110528605301865, 'gpp_b': 0.0825855012468942, 'gpp_d': 155.13368247935756, 'ign_k': 0.5400433670294422, 'ign_c': 9.832520515417452, 'trop_agb_crit': 27.10621955328466, 'trop_k_veg': 3.132514901893064, 'pop_amp': 0.2354578998241651, 'pop_peak': 177.98078017074062, 'pop_sig': 1.0031210677743971, 'fuel_k': 1.4083395521550428, 'fuel_half': 0.20129467798897596}. Best is trial 0 with value: -0.6094076133578652.
[I 2026-08-19 17:13:36,554] Trial 558 finished with value: 0.4585379421316349 and parameters: {'k1': 0.0016916958620098422, 'D_low': 13.396765690649293, 'k2': 0.03210343478599216, 'D_high': 30588.64210988875, 'fire_exp': 1.4302670567556799, 'P_half': 43.70836715482037, 'pre_dampen_half': 1.3854772369675603, 'gpp_af': 0.035973864156669595, 'gpp_b': 2.095441014302294e-05, 'gpp_d': 0.21642123560286627, 'ign_k': 0.16158047732586742, 'ign_c': 0.1722206479886958, 'trop_agb_crit': 1.8557862403511518, 'trop_k_veg': 2.6664054218746265, 'pop_amp': 1.096886937140958, 'pop_peak': 0.39665242427125297, 'pop_sig': 1.8164676993713942, 'fuel_k': 0.023377354045883498, 'fuel_half': 0.1933192067068063}. Best is trial 0 with value: -0.6094076133578652.
[I 2026-08-19 17:13:38,165] Trial 559 finished with value: 0.5001495704109317 and parameters: {'k1': 0.0004230420445777952, 'D_low': 45.68534149836864, 'k2': 0.07989730483278228, 'D_high': 3299554.5376645685, 'fire_exp': 1.4695043407104587, 'P_half': 431.60382756372803, 'pre_dampen_half': 0.3871365108280897, 'gpp_af': 0.43758724802670595, 'gpp_b': 1.4094084131221662e-05, 'gpp_d': 902.6436446743396, 'ign_k': 0.12972798562392096, 'ign_c': 6.875112149200911, 'trop_agb_crit': 16.337632908392344, 'trop_k_veg': 5.601806793127306, 'pop_amp': 0.15382395075221542, 'pop_peak': 2.0469285299605007, 'pop_sig': 1.2927361999114761, 'fuel_k': 0.21291898976645834, 'fuel_half': 35.13435537991601}. Best is trial 0 with value: -0.6094076133578652.
[I 2026-08-19 17:13:39,811] Trial 560 finished with value: -0.5385611099609516 and parameters: {'k1': 0.014040266441570217, 'D_low': 10.096497881988574, 'k2': 0.0011227073411182692, 'D_high': 316493.35596317484, 'fire_exp': 1.551579268504681, 'P_half': 16.081083570939104, 'pre_dampen_half': 0.3409279211268075, 'gpp_af': 0.12111151046109411, 'gpp_b': 1.2877022225526128e-05, 'gpp_d': 0.1441885881402743, 'ign_k': 1.3236258980042248, 'ign_c': 0.2209878935502356, 'trop_agb_crit': 2.649238682236761, 'trop_k_veg': 2.803084415423535, 'pop_amp': 0.08667753012529959, 'pop_peak': 1.0475487623185187, 'pop_sig': 1.7213657776731777, 'fuel_k': 0.02913234450951621, 'fuel_half': 6.464181392953058}. Best is trial 0 with value: -0.6094076133578652.
[I 2026-08-19 17:13:41,383] Trial 561 finished with value: 0.5714214133471804 and parameters: {'k1': 0.00023625324089498862, 'D_low': 179.26912342890483, 'k2': 0.0001226857152521661, 'D_high': 1411662.2810893876, 'fire_exp': 7.890118838801916, 'P_half': 6.518932681416536, 'pre_dampen_half': 0.7647032825939932, 'gpp_af': 0.005504029987643904, 'gpp_b': 9.552141410410492e-05, 'gpp_d': 0.09081280764509479, 'ign_k': 0.05943237190953595, 'ign_c': 0.36905615750452375, 'trop_agb_crit': 1.089531961978251, 'trop_k_veg': 0.6384838861286046, 'pop_amp': 7.703887519786161, 'pop_peak': 5.158944517711014, 'pop_sig': 2.3946168062734237, 'fuel_k': 0.027329937459737216, 'fuel_half': 83.73916054482028}. Best is trial 0 with value: -0.6094076133578652.
[I 2026-08-19 17:13:42,991] Trial 562 finished with value: -0.5635995367584512 and parameters: {'k1': 0.012042422636738622, 'D_low': 24.756655415645213, 'k2': 0.005080167707750758, 'D_high': 737045.5153794151, 'fire_exp': 1.0701190478554319, 'P_half': 3.482550454065605, 'pre_dampen_half': 0.1730553288258629, 'gpp_af': 0.16389636459761694, 'gpp_b': 9.950005509689815e-05, 'gpp_d': 49.879446455986425, 'ign_k': 0.12658050397919401, 'ign_c': 0.9186679764861404, 'trop_agb_crit': 1.487837465447385, 'trop_k_veg': 3.049389727769678, 'pop_amp': 0.05913456474456281, 'pop_peak': 0.7180374405226337, 'pop_sig': 1.9392425783868468, 'fuel_k': 0.033789476130081014, 'fuel_half': 0.21113642135963795}. Best is trial 0 with value: -0.6094076133578652.
[I 2026-08-19 17:13:44,601] Trial 563 finished with value: 0.5542584932231203 and parameters: {'k1': 0.0045704765456112155, 'D_low': 5.701647757613628, 'k2': 0.026188822438421144, 'D_high': 55224.08277493008, 'fire_exp': 1.3289293165849048, 'P_half': 1.0319653327546623, 'pre_dampen_half': 0.4196241056676864, 'gpp_af': 0.5097109003162008, 'gpp_b': 0.00036194376523477197, 'gpp_d': 0.10826674532852494, 'ign_k': 0.12294687141735479, 'ign_c': 0.13136474363159284, 'trop_agb_crit': 1.1042120834538258, 'trop_k_veg': 3.7051403469675543, 'pop_amp': 0.26216890754706323, 'pop_peak': 0.7512247762350016, 'pop_sig': 2.2237249638794645, 'fuel_k': 0.059150736845979525, 'fuel_half': 1.6862920677222573}. Best is trial 0 with value: -0.6094076133578652.
  trial  564/2500  best_overall=0.6094  (15.3 min)
[I 2026-08-19 17:13:46,342] Trial 564 finished with value: 0.4345226431035616 and parameters: {'k1': 0.00029917277951495356, 'D_low': 9.84047135182951, 'k2': 0.0329717937749601, 'D_high': 3938424.764866236, 'fire_exp': 4.571445429103507, 'P_half': 5.015748574362365, 'pre_dampen_half': 0.21974498011700364, 'gpp_af': 0.034793537526966595, 'gpp_b': 0.00017199081411272134, 'gpp_d': 363.2794361003387, 'ign_k': 0.1691042479620711, 'ign_c': 3.512102374359564, 'trop_agb_crit': 15.139831499410686, 'trop_k_veg': 6.6613528091677665, 'pop_amp': 3.2649551747415195, 'pop_peak': 5.091901394277506, 'pop_sig': 0.41632443580585654, 'fuel_k': 0.9395299856289325, 'fuel_half': 1.850395961205124}. Best is trial 0 with value: -0.6094076133578652.
[I 2026-08-19 17:13:47,940] Trial 565 finished with value: 0.5454888812894809 and parameters: {'k1': 0.04912029018631922, 'D_low': 91.32505814246699, 'k2': 0.0016474477765479215, 'D_high': 129373.57435678675, 'fire_exp': 1.6609357337979809, 'P_half': 6.895958228842696, 'pre_dampen_half': 0.21251875137606108, 'gpp_af': 0.44375844208016335, 'gpp_b': 3.855751187777462e-05, 'gpp_d': 526.1515118225027, 'ign_k': 0.3574711039793598, 'ign_c': 23.81269004402636, 'trop_agb_crit': 2.332979603395593, 'trop_k_veg': 2.345388694767528, 'pop_amp': 0.005217722246748425, 'pop_peak': 0.7251934062610941, 'pop_sig': 0.7018334388731222, 'fuel_k': 0.021414807195954868, 'fuel_half': 0.8472585688242807}. Best is trial 0 with value: -0.6094076133578652.
[I 2026-08-19 17:13:49,548] Trial 566 finished with value: 0.5040560343284926 and parameters: {'k1': 0.010660470900161595, 'D_low': 4.699632973228173, 'k2': 0.010846978381044134, 'D_high': 1621333.8717647928, 'fire_exp': 1.3833067276334088, 'P_half': 3.9175739356556014, 'pre_dampen_half': 0.20413267002108043, 'gpp_af': 0.006481930421792599, 'gpp_b': 0.00020139496227809835, 'gpp_d': 22.14584486727708, 'ign_k': 0.06806445235249432, 'ign_c': 3.322903783811937, 'trop_agb_crit': 3.5821337478733732, 'trop_k_veg': 4.481790814321743, 'pop_amp': 0.03540165791573528, 'pop_peak': 0.36963848944264616, 'pop_sig': 2.407137851165927, 'fuel_k': 0.032433232233957034, 'fuel_half': 0.604510421929293}. Best is trial 0 with value: -0.6094076133578652.
[I 2026-08-19 17:13:51,138] Trial 567 finished with value: -0.5682029224185523 and parameters: {'k1': 0.0033391899870747347, 'D_low': 1.1390981591758853, 'k2': 0.052560219299850434, 'D_high': 4372627.508002863, 'fire_exp': 1.8926752902051946, 'P_half': 2.032565351564243, 'pre_dampen_half': 0.3850159846611945, 'gpp_af': 0.1451896881776731, 'gpp_b': 2.0678464429697507e-05, 'gpp_d': 348.0209573243857, 'ign_k': 1.3575671200201989, 'ign_c': 1.0615978409908977, 'trop_agb_crit': 2.477496430922772, 'trop_k_veg': 1.9587189192076324, 'pop_amp': 0.05394098078466285, 'pop_peak': 17.846977400740794, 'pop_sig': 2.246947405804703, 'fuel_k': 0.04642509381068508, 'fuel_half': 0.12523556886139886}. Best is trial 0 with value: -0.6094076133578652.
[I 2026-08-19 17:13:52,764] Trial 568 finished with value: 0.5004809251444903 and parameters: {'k1': 0.0029730330531658835, 'D_low': 6.200124114016304, 'k2': 0.003633062102032521, 'D_high': 2267093.253181607, 'fire_exp': 1.833330140189101, 'P_half': 6.069642535676083, 'pre_dampen_half': 0.04892784621561425, 'gpp_af': 1.3870665907046849, 'gpp_b': 6.0339080169103485e-05, 'gpp_d': 31.47350147669114, 'ign_k': 0.0837554322480752, 'ign_c': 1.246702750609057, 'trop_agb_crit': 1.859312259195235, 'trop_k_veg': 1.6326547959884483, 'pop_amp': 0.019255050201313097, 'pop_peak': 0.18742247739482437, 'pop_sig': 2.2568995335041815, 'fuel_k': 0.0201623747319945, 'fuel_half': 0.13133694108796948}. Best is trial 0 with value: -0.6094076133578652.
[I 2026-08-19 17:13:54,436] Trial 569 finished with value: 0.43439889260054654 and parameters: {'k1': 0.001862401664772967, 'D_low': 8.06822471287208, 'k2': 0.07886256822986384, 'D_high': 2637326.8770104474, 'fire_exp': 2.4619246032654143, 'P_half': 5.791448416197196, 'pre_dampen_half': 7.312135187529489, 'gpp_af': 1.363228422180249, 'gpp_b': 0.000950702256164112, 'gpp_d': 37.172641909981984, 'ign_k': 0.2934216643987021, 'ign_c': 1.4742702204335387, 'trop_agb_crit': 4.137590736905912, 'trop_k_veg': 0.5599553387828294, 'pop_amp': 0.19976623481692182, 'pop_peak': 594.8633156884824, 'pop_sig': 1.66776528703516, 'fuel_k': 0.015152201884407518, 'fuel_half': 0.19137208553020313}. Best is trial 0 with value: -0.6094076133578652.
[I 2026-08-19 17:13:56,086] Trial 570 finished with value: 0.45997869093100197 and parameters: {'k1': 0.004285958268794326, 'D_low': 68.0350291256299, 'k2': 0.004360694128316322, 'D_high': 283701.0521210304, 'fire_exp': 1.1356747167520764, 'P_half': 1.4234421424784578, 'pre_dampen_half': 0.5220351859584256, 'gpp_af': 2.603256373795945, 'gpp_b': 0.000242518367285371, 'gpp_d': 595.0932447086518, 'ign_k': 0.550688922941562, 'ign_c': 0.20146763609180698, 'trop_agb_crit': 1.5963633026755963, 'trop_k_veg': 5.525782545689915, 'pop_amp': 0.7701544386282931, 'pop_peak': 22.066687140490945, 'pop_sig': 2.3592170082969015, 'fuel_k': 0.07388132636385443, 'fuel_half': 0.6198667832462147}. Best is trial 0 with value: -0.6094076133578652.
[I 2026-08-19 17:13:57,673] Trial 571 finished with value: 0.4511982020861709 and parameters: {'k1': 0.00397772844452946, 'D_low': 22603.930052237305, 'k2': 0.00012574695933634787, 'D_high': 4721038.847176821, 'fire_exp': 1.3081019567094128, 'P_half': 317.88257101411426, 'pre_dampen_half': 2.753553124112529, 'gpp_af': 0.03205301293867459, 'gpp_b': 0.010029372304813293, 'gpp_d': 708.7787637284415, 'ign_k': 1.9411540655485802, 'ign_c': 0.13595556567258968, 'trop_agb_crit': 27.276935472549194, 'trop_k_veg': 3.374220308061193, 'pop_amp': 2.195727615351895, 'pop_peak': 21.71241165401924, 'pop_sig': 0.48777968570565566, 'fuel_k': 2.237627235215945, 'fuel_half': 0.31837265345623045}. Best is trial 0 with value: -0.6094076133578652.
[I 2026-08-19 17:13:59,295] Trial 572 finished with value: 0.5013958306621533 and parameters: {'k1': 0.0007695338528978102, 'D_low': 11.258426743107588, 'k2': 0.010637837449643568, 'D_high': 264912.03057847853, 'fire_exp': 1.9015342201423848, 'P_half': 18.40900409379057, 'pre_dampen_half': 0.05674473586230809, 'gpp_af': 3.9387673871682285, 'gpp_b': 3.9553384412654736e-05, 'gpp_d': 193.5448272168506, 'ign_k': 7.788210196187358, 'ign_c': 0.7603257823416599, 'trop_agb_crit': 1.0052826806649167, 'trop_k_veg': 1.064618176319324, 'pop_amp': 0.0030352966794737362, 'pop_peak': 149.29399746883212, 'pop_sig': 2.2187937249306464, 'fuel_k': 0.19338031103249895, 'fuel_half': 0.28113623750096206}. Best is trial 0 with value: -0.6094076133578652.
[I 2026-08-19 17:14:00,887] Trial 573 finished with value: 0.42535538074165713 and parameters: {'k1': 0.04205704457596832, 'D_low': 5.2428502557814305, 'k2': 0.003943423706055937, 'D_high': 129700.78802245719, 'fire_exp': 1.3358667563357645, 'P_half': 3.800649099028273, 'pre_dampen_half': 0.47137301902484596, 'gpp_af': 0.08101528394336216, 'gpp_b': 8.013440594179074e-05, 'gpp_d': 1.015456404694196, 'ign_k': 1.6208270571057608, 'ign_c': 0.8290234367001394, 'trop_agb_crit': 1.9792373932022798, 'trop_k_veg': 6.128918559141923, 'pop_amp': 0.6213908353177505, 'pop_peak': 1.0037754653122886, 'pop_sig': 2.2485777560764846, 'fuel_k': 0.014640048144162612, 'fuel_half': 0.2220140516850664}. Best is trial 0 with value: -0.6094076133578652.
[I 2026-08-19 17:14:02,478] Trial 574 finished with value: 0.5659337687378652 and parameters: {'k1': 0.027895490574201442, 'D_low': 471.29964784249967, 'k2': 0.0006783873681307503, 'D_high': 27032.215066337634, 'fire_exp': 1.3771101555856398, 'P_half': 23.545060949990596, 'pre_dampen_half': 0.03153141945985864, 'gpp_af': 0.09009112622828305, 'gpp_b': 1.1236089121061493e-05, 'gpp_d': 816.5742314227228, 'ign_k': 0.11216339199031249, 'ign_c': 0.4311526502327093, 'trop_agb_crit': 1.0269041427591405, 'trop_k_veg': 3.2439808458956767, 'pop_amp': 0.11164516866635502, 'pop_peak': 0.07031766246217727, 'pop_sig': 1.7979215352532316, 'fuel_k': 0.016079533267759766, 'fuel_half': 0.10362620206795435}. Best is trial 0 with value: -0.6094076133578652.
[I 2026-08-19 17:14:04,049] Trial 575 finished with value: 0.6059836144418752 and parameters: {'k1': 7.272801495951026e-05, 'D_low': 27.688769293242355, 'k2': 0.033713202372304255, 'D_high': 6519725.96275673, 'fire_exp': 3.49833004986945, 'P_half': 1.2560637585512604, 'pre_dampen_half': 2.294319027356412, 'gpp_af': 0.06275732697770482, 'gpp_b': 1.6309142061280324e-05, 'gpp_d': 228.74040459991184, 'ign_k': 0.40183280814941885, 'ign_c': 46.176337345644264, 'trop_agb_crit': 10.752691069227819, 'trop_k_veg': 7.078277182791033, 'pop_amp': 17.841300719054836, 'pop_peak': 3.6918728243004653, 'pop_sig': 0.8020189062493458, 'fuel_k': 0.19250991008356566, 'fuel_half': 14.563342360696284}. Best is trial 0 with value: -0.6094076133578652.
[I 2026-08-19 17:14:05,690] Trial 576 finished with value: 0.47684332453154443 and parameters: {'k1': 0.001724030360646423, 'D_low': 96.9612307545426, 'k2': 0.0169519828524349, 'D_high': 428215.44974090776, 'fire_exp': 2.069491057708663, 'P_half': 7.8570102328502385, 'pre_dampen_half': 0.09188168001473004, 'gpp_af': 0.16929497258315454, 'gpp_b': 5.019495071761339e-05, 'gpp_d': 333.35545580194776, 'ign_k': 1.4202945897304016, 'ign_c': 0.9087488457022377, 'trop_agb_crit': 1.1344992759185162, 'trop_k_veg': 2.422191312430652, 'pop_amp': 0.03047825578154175, 'pop_peak': 1.36557236671827, 'pop_sig': 1.8755571584120883, 'fuel_k': 0.12746940333064694, 'fuel_half': 0.5622857792344759}. Best is trial 0 with value: -0.6094076133578652.
  trial  577/2500  best_overall=0.6094  (15.7 min)
[I 2026-08-19 17:14:07,447] Trial 577 finished with value: -0.5678276384438063 and parameters: {'k1': 0.014427488399027393, 'D_low': 1.1779590182746655, 'k2': 0.009169453368462494, 'D_high': 7859718.138945295, 'fire_exp': 5.041669527416268, 'P_half': 12.83857462571528, 'pre_dampen_half': 2.1344306500507253, 'gpp_af': 0.9078333648678614, 'gpp_b': 1.3216193847360795e-05, 'gpp_d': 57.33503769409612, 'ign_k': 5.44120559758018, 'ign_c': 3.852902455675794, 'trop_agb_crit': 1.5630888775575134, 'trop_k_veg': 2.7322459441018827, 'pop_amp': 0.04466268837968053, 'pop_peak': 521.4780132474174, 'pop_sig': 1.1205371343663388, 'fuel_k': 0.14613546090147192, 'fuel_half': 0.4321837591941616}. Best is trial 0 with value: -0.6094076133578652.
[I 2026-08-19 17:14:09,061] Trial 578 finished with value: 0.4359905741847312 and parameters: {'k1': 0.016364480563814378, 'D_low': 2.064344682884484, 'k2': 0.06511283662562113, 'D_high': 415621.67311914894, 'fire_exp': 1.7348529675059208, 'P_half': 2.2634534541765863, 'pre_dampen_half': 25.864371696915104, 'gpp_af': 0.9250047943259609, 'gpp_b': 0.00014831413381263467, 'gpp_d': 77.32845672480535, 'ign_k': 0.08854719174974697, 'ign_c': 9.1396416844859, 'trop_agb_crit': 3.348797556098932, 'trop_k_veg': 2.2577621566631163, 'pop_amp': 0.0781079719513348, 'pop_peak': 15.583464296323417, 'pop_sig': 1.6937085179626625, 'fuel_k': 0.042341803761995644, 'fuel_half': 0.19799359245039688}. Best is trial 0 with value: -0.6094076133578652.
