[I 2026-08-06 02:20:16,876] Trial 495 finished with values: [10.603084953515665, 10.603084953515665] and parameters: {'k1': 0.025383218374507292, 'D_low': 164.70698221724317, 'k2': 0.0004381141781653133, 'D_high': 75773.14388518519, 'fire_exp': 1.1044852285094786, 'P_half': 5949.270019168345, 'pre_dampen_half': 703.6426675556048, 'gpp_af': 22.766850248686247, 'gpp_b': 2.800940363375676e-05, 'gpp_d': 0.19476644406315288, 'ign_k': 0.01474275315991467, 'ign_c': 47.268615251255675}.
[I 2026-08-06 02:20:17,793] Trial 496 finished with values: [10.759920057975668, 10.759920057975668] and parameters: {'k1': 2.0937989739527727e-05, 'D_low': 7.068974950624602, 'k2': 0.02065142557895925, 'D_high': 75773.14388518519, 'fire_exp': 2.628617028154096, 'P_half': 958.8659498594012, 'pre_dampen_half': 14.689898077648792, 'gpp_af': 0.004339536161007625, 'gpp_b': 3.228689523591491e-05, 'gpp_d': 5.878566318396007, 'ign_k': 0.01474275315991467, 'ign_c': 19.19168994439752}.
[I 2026-08-06 02:20:18,727] Trial 497 finished with values: [10.581368342645751, 10.581368342645751] and parameters: {'k1': 0.03232155805617897, 'D_low': 9.330007965781027, 'k2': 0.08894151386481904, 'D_high': 322.951013956506, 'fire_exp': 1.0473002272689056, 'P_half': 63.585411411994926, 'pre_dampen_half': 14.689898077648792, 'gpp_af': 10.25616274847308, 'gpp_b': 1.5938003265859821, 'gpp_d': 368.30088529547436, 'ign_k': 3.7173717478250508, 'ign_c': 14.367095138664217}.
[I 2026-08-06 02:20:19,677] Trial 498 finished with values: [17.649327398466323, 17.649327398466323] and parameters: {'k1': 0.003581820276578069, 'D_low': 38.93835424674703, 'k2': 1.4378290221680118e-05, 'D_high': 322.951013956506, 'fire_exp': 1.1044852285094786, 'P_half': 2.157758652553991, 'pre_dampen_half': 703.6426675556048, 'gpp_af': 0.023500440978156005, 'gpp_b': 2.800940363375676e-05, 'gpp_d': 5.878566318396007, 'ign_k': 0.01474275315991467, 'ign_c': 0.6235377135673155}.
[I 2026-08-06 02:20:20,625] Trial 499 finished with values: [10.769230766403442, 10.769230766403442] and parameters: {'k1': 0.00488137519160367, 'D_low': 7.068974950624602, 'k2': 4.763991596630584e-05, 'D_high': 8182.111518618414, 'fire_exp': 1.010722707674549, 'P_half': 39.03214299767183, 'pre_dampen_half': 3.3594011166738142, 'gpp_af': 22.766850248686247, 'gpp_b': 3.228689523591491e-05, 'gpp_d': 107.84642153666701, 'ign_k': 0.019192001101561888, 'ign_c': 862.8009047476764}.
[I 2026-08-06 02:20:21,543] Trial 500 finished with values: [10.749328190683409, 10.749328190683409] and parameters: {'k1': 0.021368329072358756, 'D_low': 7.068974950624602, 'k2': 3.5917714215176105e-05, 'D_high': 75773.14388518519, 'fire_exp': 2.5664570832902065, 'P_half': 125.61043700013555, 'pre_dampen_half': 3.3594011166738142, 'gpp_af': 29.545818008001255, 'gpp_b': 3.228689523591491e-05, 'gpp_d': 0.04831624275180356, 'ign_k': 0.01474275315991467, 'ign_c': 3.0378658251922155}.
[I 2026-08-06 02:20:22,490] Trial 501 finished with values: [10.769121464770274, 10.769121464770274] and parameters: {'k1': 0.025383218374507292, 'D_low': 432.21095215763245, 'k2': 0.0499774937030317, 'D_high': 83.14160873549643, 'fire_exp': 1.0473002272689056, 'P_half': 608.3019192425825, 'pre_dampen_half': 121.93011993958949, 'gpp_af': 0.5970408652384318, 'gpp_b': 0.010483435442445016, 'gpp_d': 28.312234265202243, 'ign_k': 3.7173717478250508, 'ign_c': 14.367095138664217}.
[I 2026-08-06 02:20:23,438] Trial 502 finished with values: [-0.4902658570453225, 0.04827476063129188] and parameters: {'k1': 3.252245757497282e-05, 'D_low': 175.2878790340412, 'k2': 0.08894151386481904, 'D_high': 3660.150802571655, 'fire_exp': 1.633445707733642, 'P_half': 1.3035590385085063, 'pre_dampen_half': 59.66041614891413, 'gpp_af': 0.2343193755572473, 'gpp_b': 0.1676789742547917, 'gpp_d': 5.878566318396007, 'ign_k': 0.04563289369649656, 'ign_c': 0.1457050032975653}.
[I 2026-08-06 02:20:24,369] Trial 503 finished with values: [11.906355041256226, 11.906355041256226] and parameters: {'k1': 0.0026651167490553537, 'D_low': 18.522006003174383, 'k2': 0.08790311296857814, 'D_high': 4508.240502480678, 'fire_exp': 1.0743210440710231, 'P_half': 608.3019192425825, 'pre_dampen_half': 76.86605275420082, 'gpp_af': 2.8805537835688413, 'gpp_b': 0.1676789742547917, 'gpp_d': 39.827466658711515, 'ign_k': 3.7173717478250508, 'ign_c': 14.367095138664217}.
[I 2026-08-06 02:20:25,333] Trial 504 finished with values: [10.48982121040743, 10.48982121040743] and parameters: {'k1': 0.0016129739560722712, 'D_low': 18.522006003174383, 'k2': 3.5917714215176105e-05, 'D_high': 1687.3495104568947, 'fire_exp': 1.3614924220931135, 'P_half': 404.266078304289, 'pre_dampen_half': 5.542030950268268, 'gpp_af': 0.2343193755572473, 'gpp_b': 0.0004837646996135023, 'gpp_d': 0.6380717024176037, 'ign_k': 0.04563289369649656, 'ign_c': 0.1457050032975653}.
[I 2026-08-06 02:20:26,282] Trial 505 finished with values: [10.769136075627747, 10.769136075627747] and parameters: {'k1': 2.0937989739527727e-05, 'D_low': 29.792392084398863, 'k2': 0.02065142557895925, 'D_high': 267.3088310781672, 'fire_exp': 7.317424494789711, 'P_half': 63.585411411994926, 'pre_dampen_half': 703.6426675556048, 'gpp_af': 10.25616274847308, 'gpp_b': 2.800940363375676e-05, 'gpp_d': 0.19476644406315288, 'ign_k': 0.07813392238162735, 'ign_c': 0.6235377135673155}.
[I 2026-08-06 02:20:27,214] Trial 506 finished with values: [-0.5061221736189712, 0.029784945572913002] and parameters: {'k1': 0.021368329072358756, 'D_low': 7.068974950624602, 'k2': 0.0499774937030317, 'D_high': 949.9072859745386, 'fire_exp': 1.0473002272689056, 'P_half': 39.03214299767183, 'pre_dampen_half': 1.4445251022763053, 'gpp_af': 0.028585493941961918, 'gpp_b': 3.228689523591491e-05, 'gpp_d': 5.878566318396007, 'ign_k': 0.0037322156377670697, 'ign_c': 34.19108473554449}.
[I 2026-08-06 02:20:28,163] Trial 507 finished with values: [10.76922261543385, 10.76922261543385] and parameters: {'k1': 2.0937989739527727e-05, 'D_low': 7.068974950624602, 'k2': 4.860905111373887e-05, 'D_high': 75773.14388518519, 'fire_exp': 1.1044852285094786, 'P_half': 63.585411411994926, 'pre_dampen_half': 1.4445251022763053, 'gpp_af': 0.028585493941961918, 'gpp_b': 2.800940363375676e-05, 'gpp_d': 5.878566318396007, 'ign_k': 0.01474275315991467, 'ign_c': 746.0599239667742}.
[I 2026-08-06 02:20:29,112] Trial 508 finished with values: [-0.4749851373799433, 0.031159466669104963] and parameters: {'k1': 0.0004846497679219079, 'D_low': 7.068974950624602, 'k2': 4.860905111373887e-05, 'D_high': 75773.14388518519, 'fire_exp': 1.1044852285094786, 'P_half': 125.61043700013555, 'pre_dampen_half': 1.4445251022763053, 'gpp_af': 0.028585493941961918, 'gpp_b': 2.800940363375676e-05, 'gpp_d': 368.30088529547436, 'ign_k': 0.005522071973135812, 'ign_c': 0.6235377135673155}.
[I 2026-08-06 02:20:30,094] Trial 509 finished with values: [10.047540916744932, 10.047540916744932] and parameters: {'k1': 0.025383218374507292, 'D_low': 9.330007965781027, 'k2': 2.1698375693549493e-05, 'D_high': 6455.595882939566, 'fire_exp': 1.0473002272689056, 'P_half': 2981.897231705516, 'pre_dampen_half': 33.9790424311127, 'gpp_af': 0.004339536161007625, 'gpp_b': 0.0006082667040432242, 'gpp_d': 300.3420512048734, 'ign_k': 0.031134168041628628, 'ign_c': 3.0378658251922155}.
[I 2026-08-06 02:20:31,091] Trial 510 finished with values: [-0.5462831900985147, 0.021878066800176788] and parameters: {'k1': 0.08926311370835228, 'D_low': 18.522006003174383, 'k2': 3.5917714215176105e-05, 'D_high': 1687.3495104568947, 'fire_exp': 1.0473002272689056, 'P_half': 608.3019192425825, 'pre_dampen_half': 14.689898077648792, 'gpp_af': 0.2343193755572473, 'gpp_b': 0.10123867001105968, 'gpp_d': 39.827466658711515, 'ign_k': 3.7173717478250508, 'ign_c': 14.367095138664217}.
[I 2026-08-06 02:20:32,192] Trial 511 finished with values: [11.285051993093033, 11.285051993093033] and parameters: {'k1': 0.025383218374507292, 'D_low': 18.522006003174383, 'k2': 0.0499774937030317, 'D_high': 1687.3495104568947, 'fire_exp': 1.1044852285094786, 'P_half': 608.3019192425825, 'pre_dampen_half': 14.689898077648792, 'gpp_af': 22.766850248686247, 'gpp_b': 2.800940363375676e-05, 'gpp_d': 891.8036602897795, 'ign_k': 0.01474275315991467, 'ign_c': 0.7724824966785973}.
[I 2026-08-06 02:20:33,161] Trial 512 finished with values: [12.793691640577808, 12.793691640577808] and parameters: {'k1': 0.025383218374507292, 'D_low': 125.32726386250698, 'k2': 4.763991596630584e-05, 'D_high': 12775.77960461496, 'fire_exp': 1.010722707674549, 'P_half': 39.03214299767183, 'pre_dampen_half': 703.6426675556048, 'gpp_af': 22.766850248686247, 'gpp_b': 3.228689523591491e-05, 'gpp_d': 5.878566318396007, 'ign_k': 0.03141110271934876, 'ign_c': 34.19108473554449}.
[I 2026-08-06 02:20:34,125] Trial 513 finished with values: [10.062989535528247, 10.062989535528247] and parameters: {'k1': 2.0937989739527727e-05, 'D_low': 1212.5157220460183, 'k2': 0.0499774937030317, 'D_high': 949.9072859745386, 'fire_exp': 1.1044852285094786, 'P_half': 403.3495283157659, 'pre_dampen_half': 5.542030950268268, 'gpp_af': 0.028585493941961918, 'gpp_b': 0.0005995821881487623, 'gpp_d': 5.878566318396007, 'ign_k': 0.01474275315991467, 'ign_c': 0.7724824966785973}.
[I 2026-08-06 02:20:35,106] Trial 514 finished with values: [10.080126694982592, 10.080126694982592] and parameters: {'k1': 0.025383218374507292, 'D_low': 18.522006003174383, 'k2': 0.023940483242764706, 'D_high': 400.9149428326862, 'fire_exp': 1.2943117749495199, 'P_half': 608.3019192425825, 'pre_dampen_half': 14.689898077648792, 'gpp_af': 10.25616274847308, 'gpp_b': 0.10123867001105968, 'gpp_d': 63.84398027045259, 'ign_k': 0.0048255892187380085, 'ign_c': 14.367095138664217}.
[I 2026-08-06 02:20:36,295] Trial 515 finished with values: [10.089298812354732, 10.089298812354732] and parameters: {'k1': 0.025383218374507292, 'D_low': 9.330007965781027, 'k2': 0.003198020818004832, 'D_high': 33.4949636434409, 'fire_exp': 1.010722707674549, 'P_half': 63.585411411994926, 'pre_dampen_half': 3.3594011166738142, 'gpp_af': 22.766850248686247, 'gpp_b': 0.10123867001105968, 'gpp_d': 967.4365715402611, 'ign_k': 7.799059237255681, 'ign_c': 3.735862630812751}.
[I 2026-08-06 02:20:37,538] Trial 516 finished with values: [10.111623676941077, 10.111623676941077] and parameters: {'k1': 0.021368329072358756, 'D_low': 9.330007965781027, 'k2': 1.1184534120760473e-05, 'D_high': 830.8114652888394, 'fire_exp': 1.0473002272689056, 'P_half': 125.61043700013555, 'pre_dampen_half': 1.4445251022763053, 'gpp_af': 0.04339970334001348, 'gpp_b': 2.7719116797094715e-05, 'gpp_d': 8.144272585223819, 'ign_k': 0.0037322156377670697, 'ign_c': 0.1457050032975653}.
[I 2026-08-06 02:20:38,532] Trial 517 finished with values: [10.147569101831387, 10.147569101831387] and parameters: {'k1': 0.021368329072358756, 'D_low': 7.068974950624602, 'k2': 4.763991596630584e-05, 'D_high': 75773.14388518519, 'fire_exp': 1.1044852285094786, 'P_half': 125.61043700013555, 'pre_dampen_half': 1.4445251022763053, 'gpp_af': 0.0014542226259417863, 'gpp_b': 3.228689523591491e-05, 'gpp_d': 5.878566318396007, 'ign_k': 0.01474275315991467, 'ign_c': 34.19108473554449}.
[I 2026-08-06 02:20:39,512] Trial 518 finished with values: [15.545572682235683, 15.545572682235683] and parameters: {'k1': 0.025383218374507292, 'D_low': 9.330007965781027, 'k2': 4.763991596630584e-05, 'D_high': 48238.23303865264, 'fire_exp': 1.0473002272689056, 'P_half': 11.877073321543955, 'pre_dampen_half': 12.112995966431617, 'gpp_af': 22.766850248686247, 'gpp_b': 0.10123867001105968, 'gpp_d': 967.4365715402611, 'ign_k': 7.799059237255681, 'ign_c': 0.7724824966785973}.
[I 2026-08-06 02:20:40,427] Trial 519 finished with values: [10.644766246589759, 10.644766246589759] and parameters: {'k1': 0.021368329072358756, 'D_low': 18.522006003174383, 'k2': 1.1184534120760473e-05, 'D_high': 75773.14388518519, 'fire_exp': 1.0473002272689056, 'P_half': 608.3019192425825, 'pre_dampen_half': 14.689898077648792, 'gpp_af': 0.028585493941961918, 'gpp_b': 2.7719116797094715e-05, 'gpp_d': 8.144272585223819, 'ign_k': 1.5351441568398145, 'ign_c': 14.367095138664217}.
[I 2026-08-06 02:20:41,391] Trial 520 finished with values: [10.508357240769469, 10.508357240769469] and parameters: {'k1': 0.0008435083887782438, 'D_low': 1.2299210465793122, 'k2': 0.0499774937030317, 'D_high': 75773.14388518519, 'fire_exp': 1.1044852285094786, 'P_half': 11.877073321543955, 'pre_dampen_half': 3.3594011166738142, 'gpp_af': 0.028585493941961918, 'gpp_b': 2.800940363375676e-05, 'gpp_d': 300.3420512048734, 'ign_k': 0.01474275315991467, 'ign_c': 19.19168994439752}.
[I 2026-08-06 02:20:42,276] Trial 521 finished with values: [10.572467165674574, 10.572467165674574] and parameters: {'k1': 2.0937989739527727e-05, 'D_low': 7.068974950624602, 'k2': 4.763991596630584e-05, 'D_high': 75773.14388518519, 'fire_exp': 1.010722707674549, 'P_half': 664.2027816373393, 'pre_dampen_half': 14.689898077648792, 'gpp_af': 22.766850248686247, 'gpp_b': 1.5938003265859821, 'gpp_d': 5.878566318396007, 'ign_k': 3.7173717478250508, 'ign_c': 14.367095138664217}.
[I 2026-08-06 02:20:43,187] Trial 522 finished with values: [10.15735988034677, 10.15735988034677] and parameters: {'k1': 0.08926311370835228, 'D_low': 18.522006003174383, 'k2': 1.1184534120760473e-05, 'D_high': 1687.3495104568947, 'fire_exp': 1.0473002272689056, 'P_half': 125.61043700013555, 'pre_dampen_half': 1.4445251022763053, 'gpp_af': 0.028585493941961918, 'gpp_b': 2.7719116797094715e-05, 'gpp_d': 39.827466658711515, 'ign_k': 0.0029460000905108855, 'ign_c': 2.92043384718141}.
[I 2026-08-06 02:20:44,096] Trial 523 finished with values: [10.595794155951657, 10.595794155951657] and parameters: {'k1': 0.03232155805617897, 'D_low': 18.522006003174383, 'k2': 4.763991596630584e-05, 'D_high': 1687.3495104568947, 'fire_exp': 1.010722707674549, 'P_half': 608.3019192425825, 'pre_dampen_half': 14.689898077648792, 'gpp_af': 0.2343193755572473, 'gpp_b': 1.5938003265859821, 'gpp_d': 368.30088529547436, 'ign_k': 3.7173717478250508, 'ign_c': 14.367095138664217}.
[I 2026-08-06 02:20:44,976] Trial 524 finished with values: [10.636498101181099, 10.636498101181099] and parameters: {'k1': 0.021368329072358756, 'D_low': 7.068974950624602, 'k2': 1.1184534120760473e-05, 'D_high': 8182.111518618414, 'fire_exp': 1.1044852285094786, 'P_half': 338.23872019362165, 'pre_dampen_half': 1.4445251022763053, 'gpp_af': 0.028585493941961918, 'gpp_b': 2.7719116797094715e-05, 'gpp_d': 5.878566318396007, 'ign_k': 0.01474275315991467, 'ign_c': 111.18405953132105}.
[I 2026-08-06 02:20:45,909] Trial 525 finished with values: [10.176387098124875, 10.176387098124875] and parameters: {'k1': 0.021368329072358756, 'D_low': 7.068974950624602, 'k2': 0.0499774937030317, 'D_high': 75773.14388518519, 'fire_exp': 1.1044852285094786, 'P_half': 11.877073321543955, 'pre_dampen_half': 1.4445251022763053, 'gpp_af': 0.028585493941961918, 'gpp_b': 2.800940363375676e-05, 'gpp_d': 4.982605027348069, 'ign_k': 0.01474275315991467, 'ign_c': 2.41842279584716}.
[I 2026-08-06 02:20:46,821] Trial 526 finished with values: [10.470288125052281, 10.470288125052281] and parameters: {'k1': 2.0937989739527727e-05, 'D_low': 7.068974950624602, 'k2': 4.763991596630584e-05, 'D_high': 75773.14388518519, 'fire_exp': 1.1044852285094786, 'P_half': 664.2027816373393, 'pre_dampen_half': 1.4445251022763053, 'gpp_af': 0.028585493941961918, 'gpp_b': 2.800940363375676e-05, 'gpp_d': 5.878566318396007, 'ign_k': 0.01474275315991467, 'ign_c': 14.367095138664217}.
[I 2026-08-06 02:20:47,719] Trial 527 finished with values: [11.914350689551668, 11.914350689551668] and parameters: {'k1': 0.025383218374507292, 'D_low': 51.9967392387832, 'k2': 0.006138509947844854, 'D_high': 949.9072859745386, 'fire_exp': 1.1044852285094786, 'P_half': 11.877073321543955, 'pre_dampen_half': 14.689898077648792, 'gpp_af': 0.028585493941961918, 'gpp_b': 5.6378660494178646e-05, 'gpp_d': 4.982605027348069, 'ign_k': 0.01474275315991467, 'ign_c': 0.7724824966785973}.
[I 2026-08-06 02:20:48,621] Trial 528 finished with values: [10.768910683139982, 10.768910683139982] and parameters: {'k1': 0.021368329072358756, 'D_low': 616.4329525571076, 'k2': 1.1184534120760473e-05, 'D_high': 24939.838794891497, 'fire_exp': 1.1044852285094786, 'P_half': 552.4095129928629, 'pre_dampen_half': 1.4445251022763053, 'gpp_af': 0.028585493941961918, 'gpp_b': 1.5938003265859821, 'gpp_d': 300.3420512048734, 'ign_k': 0.01474275315991467, 'ign_c': 3.735862630812751}.
[I 2026-08-06 02:20:49,555] Trial 529 finished with values: [10.607257177510945, 10.607257177510945] and parameters: {'k1': 0.025383218374507292, 'D_low': 9.330007965781027, 'k2': 0.0005262881356087174, 'D_high': 24939.838794891497, 'fire_exp': 1.0473002272689056, 'P_half': 664.2027816373393, 'pre_dampen_half': 3.3594011166738142, 'gpp_af': 0.5107061330406066, 'gpp_b': 5.2308563179361105e-05, 'gpp_d': 967.4365715402611, 'ign_k': 7.799059237255681, 'ign_c': 3.735862630812751}.
[I 2026-08-06 02:20:50,473] Trial 530 finished with values: [10.011548515810551, 10.011548515810551] and parameters: {'k1': 0.014666151770108535, 'D_low': 9.330007965781027, 'k2': 0.003967633935744858, 'D_high': 24939.838794891497, 'fire_exp': 1.2680134752324452, 'P_half': 187.6006822030065, 'pre_dampen_half': 3.3594011166738142, 'gpp_af': 13.560863064135962, 'gpp_b': 0.000832333943844274, 'gpp_d': 5.878566318396007, 'ign_k': 0.0063401408602514545, 'ign_c': 34.19108473554449}.
[I 2026-08-06 02:20:51,409] Trial 531 finished with values: [10.682564713789207, 10.682564713789207] and parameters: {'k1': 0.003381093273170853, 'D_low': 9.330007965781027, 'k2': 4.763991596630584e-05, 'D_high': 400.9149428326862, 'fire_exp': 3.101662552922359, 'P_half': 11.877073321543955, 'pre_dampen_half': 14.689898077648792, 'gpp_af': 22.766850248686247, 'gpp_b': 0.10123867001105968, 'gpp_d': 39.827466658711515, 'ign_k': 7.799059237255681, 'ign_c': 0.7724824966785973}.
[I 2026-08-06 02:20:52,656] Trial 532 finished with values: [-0.48652500637241475, 0.051405581922803534] and parameters: {'k1': 1.8064907756357243e-05, 'D_low': 9.330007965781027, 'k2': 0.03071666851587867, 'D_high': 949.9072859745386, 'fire_exp': 1.1044852285094786, 'P_half': 63.585411411994926, 'pre_dampen_half': 3.3594011166738142, 'gpp_af': 0.8125629376969175, 'gpp_b': 2.800940363375676e-05, 'gpp_d': 368.30088529547436, 'ign_k': 0.01474275315991467, 'ign_c': 0.7724824966785973}.
[I 2026-08-06 02:20:53,777] Trial 533 finished with values: [10.151491029968861, 10.151491029968861] and parameters: {'k1': 0.00011911696453733046, 'D_low': 9.330007965781027, 'k2': 1.1184534120760473e-05, 'D_high': 75773.14388518519, 'fire_exp': 1.1044852285094786, 'P_half': 39.03214299767183, 'pre_dampen_half': 1.6130673726933187, 'gpp_af': 0.028585493941961918, 'gpp_b': 2.7719116797094715e-05, 'gpp_d': 5.878566318396007, 'ign_k': 0.01474275315991467, 'ign_c': 2.92043384718141}.
[I 2026-08-06 02:20:54,741] Trial 534 finished with values: [10.746384876367648, 10.746384876367648] and parameters: {'k1': 0.01549659926581634, 'D_low': 9.330007965781027, 'k2': 0.00017436039158218316, 'D_high': 6455.595882939566, 'fire_exp': 2.852463849219197, 'P_half': 664.2027816373393, 'pre_dampen_half': 1.6130673726933187, 'gpp_af': 0.028585493941961918, 'gpp_b': 3.228689523591491e-05, 'gpp_d': 368.30088529547436, 'ign_k': 3.7173717478250508, 'ign_c': 14.367095138664217}.
[I 2026-08-06 02:20:55,626] Trial 535 finished with values: [10.59029839029242, 10.59029839029242] and parameters: {'k1': 0.021368329072358756, 'D_low': 7.068974950624602, 'k2': 4.763991596630584e-05, 'D_high': 20.31481195045495, 'fire_exp': 1.2943117749495199, 'P_half': 63.585411411994926, 'pre_dampen_half': 1.4445251022763053, 'gpp_af': 0.028585493941961918, 'gpp_b': 3.228689523591491e-05, 'gpp_d': 5.878566318396007, 'ign_k': 0.03141110271934876, 'ign_c': 34.19108473554449}.
[I 2026-08-06 02:20:56,578] Trial 536 finished with values: [10.289064348046818, 10.289064348046818] and parameters: {'k1': 0.0016129739560722712, 'D_low': 334.62201030483817, 'k2': 0.0499774937030317, 'D_high': 3660.150802571655, 'fire_exp': 1.3614924220931135, 'P_half': 11.877073321543955, 'pre_dampen_half': 5.542030950268268, 'gpp_af': 0.5107061330406066, 'gpp_b': 5.2308563179361105e-05, 'gpp_d': 0.01143148628251203, 'ign_k': 0.04563289369649656, 'ign_c': 0.7724824966785973}.
[I 2026-08-06 02:20:57,491] Trial 537 finished with values: [10.437137514072473, 10.437137514072473] and parameters: {'k1': 1.9488910051308668e-05, 'D_low': 968.2012086882471, 'k2': 0.02065142557895925, 'D_high': 267.3088310781672, 'fire_exp': 1.2680134752324452, 'P_half': 187.6006822030065, 'pre_dampen_half': 3.3594011166738142, 'gpp_af': 13.560863064135962, 'gpp_b': 2.800940363375676e-05, 'gpp_d': 300.3420512048734, 'ign_k': 7.799059237255681, 'ign_c': 0.6235377135673155}.
[I 2026-08-06 02:20:58,424] Trial 538 finished with values: [10.587659211378886, 10.587659211378886] and parameters: {'k1': 0.08926311370835228, 'D_low': 18.522006003174383, 'k2': 3.5917714215176105e-05, 'D_high': 1687.3495104568947, 'fire_exp': 1.0473002272689056, 'P_half': 664.2027816373393, 'pre_dampen_half': 3.3594011166738142, 'gpp_af': 0.09172078901566363, 'gpp_b': 0.10123867001105968, 'gpp_d': 39.827466658711515, 'ign_k': 0.08312953263874531, 'ign_c': 14.367095138664217}.
[I 2026-08-06 02:20:59,341] Trial 539 finished with values: [10.466852784728896, 10.466852784728896] and parameters: {'k1': 2.0937989739527727e-05, 'D_low': 7.068974950624602, 'k2': 1.4378290221680118e-05, 'D_high': 75773.14388518519, 'fire_exp': 1.1044852285094786, 'P_half': 608.3019192425825, 'pre_dampen_half': 14.689898077648792, 'gpp_af': 0.028585493941961918, 'gpp_b': 0.03982202023586574, 'gpp_d': 0.3924302839842014, 'ign_k': 0.01474275315991467, 'ign_c': 2.92043384718141}.
