[I 2026-08-06 02:15:05,710] Trial 180 finished with values: [11.304059443838337, 11.304059443838337] and parameters: {'k1': 0.0016129739560722712, 'D_low': 7.068974950624602, 'k2': 1.1184534120760473e-05, 'D_high': 411.0848435021235, 'fire_exp': 1.3614924220931135, 'P_half': 125.61043700013555, 'pre_dampen_half': 59.66041614891413, 'gpp_af': 0.028585493941961918, 'gpp_b': 0.0004837646996135023, 'gpp_d': 5.878566318396007, 'ign_k': 0.3818468247973969, 'ign_c': 2.92043384718141}.
[I 2026-08-06 02:15:06,693] Trial 181 finished with values: [16.84906578713465, 16.84906578713465] and parameters: {'k1': 0.021368329072358756, 'D_low': 7.068974950624602, 'k2': 1.1184534120760473e-05, 'D_high': 75773.14388518519, 'fire_exp': 1.1044852285094786, 'P_half': 408.3047491580097, 'pre_dampen_half': 703.6426675556048, 'gpp_af': 0.028585493941961918, 'gpp_b': 3.228689523591491e-05, 'gpp_d': 0.19476644406315288, 'ign_k': 0.03141110271934876, 'ign_c': 2.92043384718141}.
[I 2026-08-06 02:15:07,723] Trial 182 finished with values: [10.762967921659829, 10.762967921659829] and parameters: {'k1': 0.025383218374507292, 'D_low': 6151.688122361408, 'k2': 4.763991596630584e-05, 'D_high': 10316.033434719713, 'fire_exp': 1.010722707674549, 'P_half': 8.968733598183245, 'pre_dampen_half': 0.031420056654638935, 'gpp_af': 22.766850248686247, 'gpp_b': 0.6637926838138378, 'gpp_d': 340.229467527258, 'ign_k': 3.7173717478250508, 'ign_c': 14.367095138664217}.
[I 2026-08-06 02:15:08,738] Trial 183 finished with values: [10.766351585623916, 10.766351585623916] and parameters: {'k1': 0.016973078532467004, 'D_low': 3840.3004190988563, 'k2': 0.0001870742013766025, 'D_high': 6366.1449945522045, 'fire_exp': 1.182396148413737, 'P_half': 1938.3858782150498, 'pre_dampen_half': 0.1643845340580847, 'gpp_af': 20.12115544906385, 'gpp_b': 1.1008110571039521e-05, 'gpp_d': 3.57879245350232, 'ign_k': 0.03141110271934876, 'ign_c': 0.773448215664679}.
[I 2026-08-06 02:15:09,737] Trial 184 finished with values: [10.651451956327048, 10.651451956327048] and parameters: {'k1': 0.00488137519160367, 'D_low': 1112.9571947046009, 'k2': 8.923807143379776e-05, 'D_high': 8182.111518618414, 'fire_exp': 1.14171776851287, 'P_half': 338.23872019362165, 'pre_dampen_half': 14.711215379121963, 'gpp_af': 0.47739011308437823, 'gpp_b': 0.0012749409641020352, 'gpp_d': 40.863415094409035, 'ign_k': 0.019192001101561888, 'ign_c': 111.18405953132105}.
[I 2026-08-06 02:15:10,755] Trial 185 finished with values: [10.769218175155686, 10.769218175155686] and parameters: {'k1': 3.252245757497282e-05, 'D_low': 2647.194625525941, 'k2': 8.923807143379776e-05, 'D_high': 8182.111518618414, 'fire_exp': 2.332293128354265, 'P_half': 338.23872019362165, 'pre_dampen_half': 304.7488318185732, 'gpp_af': 0.47739011308437823, 'gpp_b': 0.9578978255503134, 'gpp_d': 0.07271087249685712, 'ign_k': 0.005877005203443299, 'ign_c': 0.1457050032975653}.
[I 2026-08-06 02:15:11,741] Trial 186 finished with values: [10.768815101007991, 10.768815101007991] and parameters: {'k1': 3.8751982355100445e-05, 'D_low': 3840.3004190988563, 'k2': 0.00038791280730284417, 'D_high': 8182.111518618414, 'fire_exp': 1.6901885781909627, 'P_half': 338.23872019362165, 'pre_dampen_half': 0.16974173693738634, 'gpp_af': 0.006359264168909611, 'gpp_b': 0.0631546199357611, 'gpp_d': 150.14555442537656, 'ign_k': 0.4702627143647234, 'ign_c': 0.3277320296937064}.
[I 2026-08-06 02:15:12,753] Trial 187 finished with values: [10.705104806722307, 10.705104806722307] and parameters: {'k1': 0.03232155805617897, 'D_low': 98.57545621889057, 'k2': 0.006138509947844854, 'D_high': 6455.595882939566, 'fire_exp': 1.5201277403788451, 'P_half': 958.8659498594012, 'pre_dampen_half': 0.7549440440422736, 'gpp_af': 0.2343193755572473, 'gpp_b': 0.0035057749039614167, 'gpp_d': 0.6537496690081765, 'ign_k': 0.8826264591983531, 'ign_c': 14.810800730363484}.
[I 2026-08-06 02:15:13,744] Trial 188 finished with values: [10.706974106388564, 10.706974106388564] and parameters: {'k1': 3.252245757497282e-05, 'D_low': 4.051452710153359, 'k2': 3.5917714215176105e-05, 'D_high': 6366.1449945522045, 'fire_exp': 1.5201277403788451, 'P_half': 24.136213194527585, 'pre_dampen_half': 304.7488318185732, 'gpp_af': 0.010590622233713298, 'gpp_b': 0.10123867001105968, 'gpp_d': 857.4284557962634, 'ign_k': 0.014879588507790004, 'ign_c': 0.1457050032975653}.
[I 2026-08-06 02:15:14,747] Trial 189 finished with values: [10.768284009291952, 10.768284009291952] and parameters: {'k1': 0.016973078532467004, 'D_low': 175.2878790340412, 'k2': 0.03210808548911189, 'D_high': 411.0848435021235, 'fire_exp': 1.3614924220931135, 'P_half': 1.3035590385085063, 'pre_dampen_half': 303.1650219733388, 'gpp_af': 1.2634200269147204, 'gpp_b': 4.038332634638232, 'gpp_d': 0.11609694921678075, 'ign_k': 0.0035114452581286888, 'ign_c': 0.11433485956638717}.
[I 2026-08-06 02:15:15,751] Trial 190 finished with values: [10.701226353546978, 10.701226353546978] and parameters: {'k1': 0.0016129739560722712, 'D_low': 334.62201030483817, 'k2': 3.5917714215176105e-05, 'D_high': 411.0848435021235, 'fire_exp': 1.5201277403788451, 'P_half': 24.136213194527585, 'pre_dampen_half': 304.7488318185732, 'gpp_af': 0.2343193755572473, 'gpp_b': 0.10123867001105968, 'gpp_d': 0.07271087249685712, 'ign_k': 0.005877005203443299, 'ign_c': 0.1457050032975653}.
[I 2026-08-06 02:15:16,782] Trial 191 finished with values: [10.74275932452511, 10.74275932452511] and parameters: {'k1': 0.004579192310322934, 'D_low': 2.843767489444367, 'k2': 3.5917714215176105e-05, 'D_high': 32311.521854410956, 'fire_exp': 1.811096651915224, 'P_half': 436.4516946807792, 'pre_dampen_half': 0.7549440440422736, 'gpp_af': 0.5970408652384318, 'gpp_b': 0.015062722325200045, 'gpp_d': 39.827466658711515, 'ign_k': 0.005877005203443299, 'ign_c': 0.11272174259951144}.
[I 2026-08-06 02:15:17,808] Trial 192 finished with values: [10.76845198288774, 10.76845198288774] and parameters: {'k1': 0.00010436686039715205, 'D_low': 2.843767489444367, 'k2': 0.0499774937030317, 'D_high': 2412.9868904539244, 'fire_exp': 1.811096651915224, 'P_half': 436.4516946807792, 'pre_dampen_half': 0.5550617910625242, 'gpp_af': 0.5970408652384318, 'gpp_b': 0.015062722325200045, 'gpp_d': 0.1619054449471649, 'ign_k': 0.002357279455676982, 'ign_c': 388.02797007866826}.
[I 2026-08-06 02:15:18,874] Trial 193 finished with values: [10.768781159039513, 10.768781159039513] and parameters: {'k1': 0.003381093273170853, 'D_low': 175.2878790340412, 'k2': 0.003967633935744858, 'D_high': 411.0848435021235, 'fire_exp': 1.3614924220931135, 'P_half': 187.6006822030065, 'pre_dampen_half': 3.3594011166738142, 'gpp_af': 1.2634200269147204, 'gpp_b': 0.1676789742547917, 'gpp_d': 0.026763484380985716, 'ign_k': 0.0067849245190831405, 'ign_c': 0.11433485956638717}.
[I 2026-08-06 02:15:19,895] Trial 194 finished with values: [-0.45554969226935, 0.03263730255009156] and parameters: {'k1': 0.00488137519160367, 'D_low': 7.068974950624602, 'k2': 0.02065142557895925, 'D_high': 8182.111518618414, 'fire_exp': 1.1044852285094786, 'P_half': 338.23872019362165, 'pre_dampen_half': 14.711215379121963, 'gpp_af': 0.028585493941961918, 'gpp_b': 1.4427571100855582e-05, 'gpp_d': 5.878566318396007, 'ign_k': 0.019192001101561888, 'ign_c': 111.18405953132105}.
[I 2026-08-06 02:15:20,934] Trial 195 finished with values: [10.746598178639465, 10.746598178639465] and parameters: {'k1': 0.00023134781612225627, 'D_low': 2.843767489444367, 'k2': 0.02065142557895925, 'D_high': 267.3088310781672, 'fire_exp': 1.811096651915224, 'P_half': 436.4516946807792, 'pre_dampen_half': 121.93011993958949, 'gpp_af': 0.5970408652384318, 'gpp_b': 2.800940363375676e-05, 'gpp_d': 0.19476644406315288, 'ign_k': 0.0048255892187380085, 'ign_c': 388.02797007866826}.
[I 2026-08-06 02:15:21,988] Trial 196 finished with values: [10.701252773301738, 10.701252773301738] and parameters: {'k1': 0.00023134781612225627, 'D_low': 2.843767489444367, 'k2': 3.5917714215176105e-05, 'D_high': 39.323386421481615, 'fire_exp': 1.5201277403788451, 'P_half': 436.4516946807792, 'pre_dampen_half': 121.93011993958949, 'gpp_af': 22.766850248686247, 'gpp_b': 0.015062722325200045, 'gpp_d': 0.1619054449471649, 'ign_k': 0.002357279455676982, 'ign_c': 14.367095138664217}.
[I 2026-08-06 02:15:23,046] Trial 197 finished with values: [10.505737341556971, 10.505737341556971] and parameters: {'k1': 0.00488137519160367, 'D_low': 1112.9571947046009, 'k2': 8.923807143379776e-05, 'D_high': 8182.111518618414, 'fire_exp': 1.14171776851287, 'P_half': 5.317919272807934, 'pre_dampen_half': 8.226361776146092, 'gpp_af': 22.766850248686247, 'gpp_b': 0.0012749409641020352, 'gpp_d': 40.863415094409035, 'ign_k': 0.019192001101561888, 'ign_c': 111.18405953132105}.
[I 2026-08-06 02:15:24,059] Trial 198 finished with values: [10.763874456695175, 10.763874456695175] and parameters: {'k1': 0.00035868164986275477, 'D_low': 18.522006003174383, 'k2': 0.02065142557895925, 'D_high': 267.3088310781672, 'fire_exp': 1.1044852285094786, 'P_half': 45.55085098454082, 'pre_dampen_half': 4.350163152436989, 'gpp_af': 0.001339466259146302, 'gpp_b': 0.10123867001105968, 'gpp_d': 5.878566318396007, 'ign_k': 1.2273800987852967, 'ign_c': 14.367095138664217}.
[I 2026-08-06 02:15:25,057] Trial 199 finished with values: [10.76923076805719, 10.76923076805719] and parameters: {'k1': 0.021368329072358756, 'D_low': 48.495138318533286, 'k2': 0.006138509947844854, 'D_high': 6455.595882939566, 'fire_exp': 2.2881850891698634, 'P_half': 395.22208819061166, 'pre_dampen_half': 290.642121800538, 'gpp_af': 20.12115544906385, 'gpp_b': 0.000832333943844274, 'gpp_d': 368.30088529547436, 'ign_k': 0.0467351899956275, 'ign_c': 186.11194462546783}.
[I 2026-08-06 02:15:26,087] Trial 200 finished with values: [10.604671809303182, 10.604671809303182] and parameters: {'k1': 0.01783192664937594, 'D_low': 968.2012086882471, 'k2': 0.003967633935744858, 'D_high': 24939.838794891497, 'fire_exp': 2.196935728020977, 'P_half': 2.157758652553991, 'pre_dampen_half': 2.292633983096564, 'gpp_af': 4.095062894476692, 'gpp_b': 0.0004837646996135023, 'gpp_d': 0.013230608911548413, 'ign_k': 0.18170401889219123, 'ign_c': 0.5110256715654393}.
[I 2026-08-06 02:15:27,115] Trial 201 finished with values: [10.619136384678121, 10.619136384678121] and parameters: {'k1': 0.00010906709195141875, 'D_low': 9.330007965781027, 'k2': 0.00011939136672856547, 'D_high': 267.3088310781672, 'fire_exp': 1.0473002272689056, 'P_half': 19.4230157499841, 'pre_dampen_half': 0.7915202694013532, 'gpp_af': 10.25616274847308, 'gpp_b': 2.800940363375676e-05, 'gpp_d': 0.19476644406315288, 'ign_k': 0.0048255892187380085, 'ign_c': 0.6235377135673155}.
[I 2026-08-06 02:15:28,142] Trial 202 finished with values: [10.45066653520186, 10.45066653520186] and parameters: {'k1': 0.021368329072358756, 'D_low': 4.075267974954964, 'k2': 0.0001870742013766025, 'D_high': 27.55546207779663, 'fire_exp': 1.6901885781909627, 'P_half': 51.10120656497163, 'pre_dampen_half': 7.6110013825922485, 'gpp_af': 0.8942824595236101, 'gpp_b': 0.10123867001105968, 'gpp_d': 3.57879245350232, 'ign_k': 3.7173717478250508, 'ign_c': 0.773448215664679}.
[I 2026-08-06 02:15:29,140] Trial 203 finished with values: [10.756252341903494, 10.756252341903494] and parameters: {'k1': 0.002407354618388189, 'D_low': 175.2878790340412, 'k2': 2.5461628161276896e-05, 'D_high': 4508.240502480678, 'fire_exp': 1.5201277403788451, 'P_half': 1.3035590385085063, 'pre_dampen_half': 5.542030950268268, 'gpp_af': 0.2343193755572473, 'gpp_b': 0.1676789742547917, 'gpp_d': 0.13223503889537183, 'ign_k': 0.005877005203443299, 'ign_c': 0.11433485956638717}.
[I 2026-08-06 02:15:30,137] Trial 204 finished with values: [10.761448952290944, 10.761448952290944] and parameters: {'k1': 0.015602015889668856, 'D_low': 98.57545621889057, 'k2': 0.006138509947844854, 'D_high': 39.323386421481615, 'fire_exp': 1.5201277403788451, 'P_half': 45.55085098454082, 'pre_dampen_half': 0.7549440440422736, 'gpp_af': 22.766850248686247, 'gpp_b': 0.0035057749039614167, 'gpp_d': 39.827466658711515, 'ign_k': 0.8826264591983531, 'ign_c': 14.367095138664217}.
[I 2026-08-06 02:15:31,150] Trial 205 finished with values: [10.27700588944894, 10.27700588944894] and parameters: {'k1': 2.0937989739527727e-05, 'D_low': 125.32726386250698, 'k2': 0.0001870742013766025, 'D_high': 322.951013956506, 'fire_exp': 1.3614924220931135, 'P_half': 51.10120656497163, 'pre_dampen_half': 703.6426675556048, 'gpp_af': 10.25616274847308, 'gpp_b': 0.00040586522768905076, 'gpp_d': 3.57879245350232, 'ign_k': 0.0048255892187380085, 'ign_c': 0.6235377135673155}.
[I 2026-08-06 02:15:32,114] Trial 206 finished with values: [10.768922384348032, 10.768922384348032] and parameters: {'k1': 4.739584301027366e-05, 'D_low': 13.012518385211498, 'k2': 0.00022704877557909215, 'D_high': 233.52156626184438, 'fire_exp': 1.3201882743050743, 'P_half': 69.68111190775313, 'pre_dampen_half': 0.4742269251269962, 'gpp_af': 0.0662749342026412, 'gpp_b': 0.00011783328148730701, 'gpp_d': 13.205186500450395, 'ign_k': 0.03141110271934876, 'ign_c': 157.63098727399432}.
[I 2026-08-06 02:15:33,127] Trial 207 finished with values: [10.479998259026159, 10.479998259026159] and parameters: {'k1': 2.0937989739527727e-05, 'D_low': 125.32726386250698, 'k2': 0.02065142557895925, 'D_high': 267.3088310781672, 'fire_exp': 1.2943117749495199, 'P_half': 63.585411411994926, 'pre_dampen_half': 4.350163152436989, 'gpp_af': 0.1114444027132275, 'gpp_b': 2.800940363375676e-05, 'gpp_d': 5.878566318396007, 'ign_k': 1.2273800987852967, 'ign_c': 12.37061744238074}.
[I 2026-08-06 02:15:34,157] Trial 208 finished with values: [19.770108620900864, 19.770108620900864] and parameters: {'k1': 0.025383218374507292, 'D_low': 9.330007965781027, 'k2': 4.763991596630584e-05, 'D_high': 400.9149428326862, 'fire_exp': 1.010722707674549, 'P_half': 39.03214299767183, 'pre_dampen_half': 703.6426675556048, 'gpp_af': 22.766850248686247, 'gpp_b': 5.2308563179361105e-05, 'gpp_d': 891.8036602897795, 'ign_k': 0.03141110271934876, 'ign_c': 16.150602315370207}.
[I 2026-08-06 02:15:35,137] Trial 209 finished with values: [10.20050623782585, 10.20050623782585] and parameters: {'k1': 0.025383218374507292, 'D_low': 9.330007965781027, 'k2': 4.763991596630584e-05, 'D_high': 400.9149428326862, 'fire_exp': 1.0473002272689056, 'P_half': 608.3019192425825, 'pre_dampen_half': 1.6130673726933187, 'gpp_af': 0.04339970334001348, 'gpp_b': 5.2308563179361105e-05, 'gpp_d': 891.8036602897795, 'ign_k': 3.7173717478250508, 'ign_c': 0.7724824966785973}.
[I 2026-08-06 02:15:36,118] Trial 210 finished with values: [10.696194382531313, 10.696194382531313] and parameters: {'k1': 0.015602015889668856, 'D_low': 125.32726386250698, 'k2': 3.5917714215176105e-05, 'D_high': 3660.150802571655, 'fire_exp': 1.5201277403788451, 'P_half': 22.4895428439145, 'pre_dampen_half': 0.7549440440422736, 'gpp_af': 0.0025511964576171086, 'gpp_b': 3.228689523591491e-05, 'gpp_d': 0.19476644406315288, 'ign_k': 0.03141110271934876, 'ign_c': 14.810800730363484}.
[I 2026-08-06 02:15:37,113] Trial 211 finished with values: [11.790948427612689, 11.790948427612689] and parameters: {'k1': 0.03232155805617897, 'D_low': 51.9967392387832, 'k2': 0.0005552724374419548, 'D_high': 6455.595882939566, 'fire_exp': 1.264103030891254, 'P_half': 958.8659498594012, 'pre_dampen_half': 111.37963167994629, 'gpp_af': 0.004339536161007625, 'gpp_b': 0.000832333943844274, 'gpp_d': 300.3420512048734, 'ign_k': 0.11101191524846071, 'ign_c': 1.5061320080433496}.
[I 2026-08-06 02:15:38,093] Trial 212 finished with values: [10.560361334617655, 10.560361334617655] and parameters: {'k1': 2.0937989739527727e-05, 'D_low': 125.32726386250698, 'k2': 0.0010204225357677778, 'D_high': 411.0848435021235, 'fire_exp': 1.3614924220931135, 'P_half': 93.34064019986363, 'pre_dampen_half': 59.66041614891413, 'gpp_af': 4.095062894476692, 'gpp_b': 2.800940363375676e-05, 'gpp_d': 0.013230608911548413, 'ign_k': 0.0048255892187380085, 'ign_c': 0.6235377135673155}.
[I 2026-08-06 02:15:39,106] Trial 213 finished with values: [10.769229842701261, 10.769229842701261] and parameters: {'k1': 0.0016129739560722712, 'D_low': 334.62201030483817, 'k2': 0.0010204225357677778, 'D_high': 411.0848435021235, 'fire_exp': 8.880824892701195, 'P_half': 63.585411411994926, 'pre_dampen_half': 65.77017096798056, 'gpp_af': 4.095062894476692, 'gpp_b': 2.800940363375676e-05, 'gpp_d': 5.1715677287580455, 'ign_k': 0.3818468247973969, 'ign_c': 0.5110256715654393}.
[I 2026-08-06 02:15:40,088] Trial 214 finished with values: [10.602657477513171, 10.602657477513171] and parameters: {'k1': 3.634567200581791e-05, 'D_low': 1112.9571947046009, 'k2': 0.0001870742013766025, 'D_high': 8182.111518618414, 'fire_exp': 2.2881850891698634, 'P_half': 395.22208819061166, 'pre_dampen_half': 53.73093479067421, 'gpp_af': 21.995805943313187, 'gpp_b': 1.1008110571039521e-05, 'gpp_d': 150.14555442537656, 'ign_k': 0.019192001101561888, 'ign_c': 0.557280750002996}.
[I 2026-08-06 02:15:41,069] Trial 215 finished with values: [10.724561904672642, 10.724561904672642] and parameters: {'k1': 0.00023134781612225627, 'D_low': 2.5379946629058443, 'k2': 2.1698375693549493e-05, 'D_high': 6366.1449945522045, 'fire_exp': 1.811096651915224, 'P_half': 1938.3858782150498, 'pre_dampen_half': 33.9790424311127, 'gpp_af': 0.0025511964576171086, 'gpp_b': 3.228689523591491e-05, 'gpp_d': 857.4284557962634, 'ign_k': 0.03141110271934876, 'ign_c': 3.0378658251922155}.
[I 2026-08-06 02:15:42,066] Trial 216 finished with values: [16.697885521206224, 16.697885521206224] and parameters: {'k1': 0.0029707920514735983, 'D_low': 2.5379946629058443, 'k2': 0.02065142557895925, 'D_high': 75773.14388518519, 'fire_exp': 1.1044852285094786, 'P_half': 63.585411411994926, 'pre_dampen_half': 33.9790424311127, 'gpp_af': 0.028585493941961918, 'gpp_b': 2.800940363375676e-05, 'gpp_d': 2.736251365128462, 'ign_k': 0.01474275315991467, 'ign_c': 3.0378658251922155}.
[I 2026-08-06 02:15:43,108] Trial 217 finished with values: [10.725222040409282, 10.725222040409282] and parameters: {'k1': 0.03232155805617897, 'D_low': 918.4900818511542, 'k2': 0.006138509947844854, 'D_high': 6455.595882939566, 'fire_exp': 1.5201277403788451, 'P_half': 958.8659498594012, 'pre_dampen_half': 0.7549440440422736, 'gpp_af': 29.700320404259642, 'gpp_b': 0.0035057749039614167, 'gpp_d': 368.30088529547436, 'ign_k': 0.8826264591983531, 'ign_c': 10.140635645866492}.
[I 2026-08-06 02:15:44,093] Trial 218 finished with values: [10.769219401365943, 10.769219401365943] and parameters: {'k1': 0.0002656971546588439, 'D_low': 4.051452710153359, 'k2': 0.006138509947844854, 'D_high': 3660.150802571655, 'fire_exp': 1.5201277403788451, 'P_half': 958.8659498594012, 'pre_dampen_half': 0.7549440440422736, 'gpp_af': 0.004339536161007625, 'gpp_b': 0.6296968715955544, 'gpp_d': 39.827466658711515, 'ign_k': 0.005877005203443299, 'ign_c': 19.19168994439752}.
[I 2026-08-06 02:15:45,104] Trial 219 finished with values: [10.7324882213066, 10.7324882213066] and parameters: {'k1': 0.015602015889668856, 'D_low': 50.217376233895635, 'k2': 3.5917714215176105e-05, 'D_high': 3660.150802571655, 'fire_exp': 1.5201277403788451, 'P_half': 22.4895428439145, 'pre_dampen_half': 0.7549440440422736, 'gpp_af': 0.2343193755572473, 'gpp_b': 0.10123867001105968, 'gpp_d': 39.827466658711515, 'ign_k': 0.005877005203443299, 'ign_c': 14.810800730363484}.
[I 2026-08-06 02:15:46,080] Trial 220 finished with values: [10.539133988270112, 10.539133988270112] and parameters: {'k1': 0.02714257255218683, 'D_low': 51.9967392387832, 'k2': 4.763991596630584e-05, 'D_high': 1687.3495104568947, 'fire_exp': 1.2680134752324452, 'P_half': 125.61043700013555, 'pre_dampen_half': 1.4445251022763053, 'gpp_af': 0.14765842992482675, 'gpp_b': 0.0024605285374226047, 'gpp_d': 0.19476644406315288, 'ign_k': 0.34703605955441524, 'ign_c': 0.11049703024154134}.
[I 2026-08-06 02:15:47,078] Trial 221 finished with values: [10.940168121076791, 10.940168121076791] and parameters: {'k1': 0.0016129739560722712, 'D_low': 334.62201030483817, 'k2': 3.5917714215176105e-05, 'D_high': 267.3088310781672, 'fire_exp': 1.2943117749495199, 'P_half': 63.585411411994926, 'pre_dampen_half': 304.7488318185732, 'gpp_af': 0.2343193755572473, 'gpp_b': 2.800940363375676e-05, 'gpp_d': 0.07271087249685712, 'ign_k': 0.005877005203443299, 'ign_c': 0.1457050032975653}.
[I 2026-08-06 02:15:48,142] Trial 222 finished with values: [10.740785840885371, 10.740785840885371] and parameters: {'k1': 0.0026651167490553537, 'D_low': 1.0883991813938128, 'k2': 2.5461628161276896e-05, 'D_high': 949.9072859745386, 'fire_exp': 1.0473002272689056, 'P_half': 19.4230157499841, 'pre_dampen_half': 1.6130673726933187, 'gpp_af': 2.8805537835688413, 'gpp_b': 0.08161454372835547, 'gpp_d': 0.03848886303127135, 'ign_k': 0.0037322156377670697, 'ign_c': 0.8891936446296247}.
[I 2026-08-06 02:15:49,200] Trial 223 finished with values: [-0.5427229895507815, 0.034795678321402956] and parameters: {'k1': 0.003381093273170853, 'D_low': 1.2299210465793122, 'k2': 0.0499774937030317, 'D_high': 949.9072859745386, 'fire_exp': 1.2680134752324452, 'P_half': 11.877073321543955, 'pre_dampen_half': 3.3594011166738142, 'gpp_af': 0.5107061330406066, 'gpp_b': 5.2308563179361105e-05, 'gpp_d': 300.3420512048734, 'ign_k': 7.799059237255681, 'ign_c': 0.7724824966785973}.
[I 2026-08-06 02:15:50,203] Trial 224 finished with values: [-0.5153617754763715, 0.03819536439483884] and parameters: {'k1': 0.021368329072358756, 'D_low': 7.068974950624602, 'k2': 4.763991596630584e-05, 'D_high': 75773.14388518519, 'fire_exp': 1.010722707674549, 'P_half': 39.03214299767183, 'pre_dampen_half': 1.4445251022763053, 'gpp_af': 0.028585493941961918, 'gpp_b': 3.228689523591491e-05, 'gpp_d': 5.878566318396007, 'ign_k': 0.03141110271934876, 'ign_c': 34.19108473554449}.
