[I 2026-06-10 22:37:49,135] Trial 635 finished with values: [10.750305900386307, 10.750305900386307] and parameters: {'k1': 0.00026539376439360527, 'D_low': 2267.735223551285, 'k2': 0.02065142557895925, 'D_high': 44974.07193749848, 'fire_exp': 1.111738490499784, 'P_half': 118.94665366442581, 'pre_dampen_half': 0.26568345471341914, 'gpp_af': 0.09885838682552685, 'gpp_b': 0.00031478066835753096, 'gpp_d': 0.7698760608299932, 'ign_k': 0.002357279455676982, 'ign_c': 0.10435856341129002, 'trop_agb_crit': 2.0527418919564324, 'trop_k_veg': 0.6108091740265464, 'fire_amp': 1.734275426324203}.
[I 2026-06-10 22:37:50,733] Trial 636 finished with values: [-0.42692926017959504, 0.24353331430348824] and parameters: {'k1': 0.0014452451441203328, 'D_low': 43.2326421037033, 'k2': 4.933751600448335e-05, 'D_high': 949.9072859745386, 'fire_exp': 1.0601964743503993, 'P_half': 157.3644610977214, 'pre_dampen_half': 958.6709783968975, 'gpp_af': 0.09885838682552685, 'gpp_b': 0.00047819318414852577, 'gpp_d': 0.4742269251269962, 'ign_k': 0.037151317999473285, 'ign_c': 0.6235377135673155, 'trop_agb_crit': 2.0527418919564324, 'trop_k_veg': 1.6003641872536711, 'fire_amp': 1.2393473789150806}.
[I 2026-06-10 22:37:53,287] Trial 637 finished with values: [10.82087221984316, 10.82087221984316] and parameters: {'k1': 0.0032360993995751053, 'D_low': 12.105387404469584, 'k2': 0.003767022142229395, 'D_high': 29.126651668813768, 'fire_exp': 1.9095652801045373, 'P_half': 118.94665366442581, 'pre_dampen_half': 189.36639872354493, 'gpp_af': 3.298293484806585, 'gpp_b': 0.00013164432569139702, 'gpp_d': 0.030844007727232167, 'ign_k': 1.6270983114897255, 'ign_c': 0.4177928311636542, 'trop_agb_crit': 1.0693376406863295, 'trop_k_veg': 2.1406449943451844, 'fire_amp': 2.6192385880432525}.
[I 2026-06-10 22:37:55,432] Trial 638 finished with values: [12.182133750935767, 12.182133750935767] and parameters: {'k1': 0.0001887567630782227, 'D_low': 1.4002277211577039, 'k2': 0.0007731571570012607, 'D_high': 42210.21267871043, 'fire_exp': 1.1633452995374232, 'P_half': 1.4551749476072258, 'pre_dampen_half': 103.54508504947606, 'gpp_af': 37.28155624293858, 'gpp_b': 0.004411400434514031, 'gpp_d': 7.631016235941559, 'ign_k': 0.17320535908244444, 'ign_c': 7.832259769732471, 'trop_agb_crit': 12.647327018493208, 'trop_k_veg': 4.0068236274914755, 'fire_amp': 1.4475279918261055}.
[I 2026-06-10 22:37:57,625] Trial 639 finished with values: [10.783377963926675, 10.783377963926675] and parameters: {'k1': 0.0001887567630782227, 'D_low': 12.105387404469584, 'k2': 0.003767022142229395, 'D_high': 431.45617043093523, 'fire_exp': 1.9136159174067866, 'P_half': 1.4551749476072258, 'pre_dampen_half': 21.593412825402957, 'gpp_af': 1.3954498518315706, 'gpp_b': 1.4540386644083135e-05, 'gpp_d': 47.35384181058586, 'ign_k': 0.09256855841989636, 'ign_c': 14.343168707118846, 'trop_agb_crit': 1.8285200278523417, 'trop_k_veg': 1.6648666152166967, 'fire_amp': 1.746805197047088}.
[I 2026-06-10 22:37:59,796] Trial 640 finished with values: [10.521638897467463, 10.521638897467463] and parameters: {'k1': 0.0001887567630782227, 'D_low': 276.27089412392087, 'k2': 0.003767022142229395, 'D_high': 29.126651668813768, 'fire_exp': 1.0601964743503993, 'P_half': 1.4551749476072258, 'pre_dampen_half': 9.044346216330972, 'gpp_af': 3.8084948364657136, 'gpp_b': 1.4540386644083135e-05, 'gpp_d': 47.35384181058586, 'ign_k': 0.17320535908244444, 'ign_c': 7.832259769732471, 'trop_agb_crit': 1.8285200278523417, 'trop_k_veg': 3.1055119128084763, 'fire_amp': 4.19233232783727}.
[I 2026-06-10 22:38:01,690] Trial 641 finished with values: [10.04243144591649, 10.04243144591649] and parameters: {'k1': 0.006079905434073396, 'D_low': 171.2446447678494, 'k2': 0.0004976087827261435, 'D_high': 949.9072859745386, 'fire_exp': 1.2732983562135975, 'P_half': 277.00025557434554, 'pre_dampen_half': 269.0845367054866, 'gpp_af': 0.8057329182285734, 'gpp_b': 0.00043225896016820903, 'gpp_d': 0.03927259340973166, 'ign_k': 0.13500744867919376, 'ign_c': 0.17036120617148395, 'trop_agb_crit': 12.647327018493208, 'trop_k_veg': 4.796046723963646, 'fire_amp': 4.19233232783727}.
[I 2026-06-10 22:38:03,533] Trial 642 finished with values: [-0.6658958512602452, 0.3687303542038841] and parameters: {'k1': 0.006079905434073396, 'D_low': 171.2446447678494, 'k2': 0.00024195799118138832, 'D_high': 451.02062878998754, 'fire_exp': 1.3807440352456883, 'P_half': 4.213183643253957, 'pre_dampen_half': 20.84599542460349, 'gpp_af': 0.41874665092828456, 'gpp_b': 1.4540386644083135e-05, 'gpp_d': 47.35384181058586, 'ign_k': 7.544827057709847, 'ign_c': 23.422386257929038, 'trop_agb_crit': 1.513702538071769, 'trop_k_veg': 0.8262197191676174, 'fire_amp': 5.3557573266024745}.
[I 2026-06-10 22:38:05,882] Trial 643 finished with values: [10.074750776599755, 10.074750776599755] and parameters: {'k1': 0.0020639617012599225, 'D_low': 347.03605955441515, 'k2': 0.0010726091927327822, 'D_high': 18701.140647651915, 'fire_exp': 1.811096651915224, 'P_half': 277.00025557434554, 'pre_dampen_half': 269.0845367054866, 'gpp_af': 2.5444227489578917, 'gpp_b': 0.049565458633074926, 'gpp_d': 47.35384181058586, 'ign_k': 0.371259104528773, 'ign_c': 0.1276571787395169, 'trop_agb_crit': 21.380932890222198, 'trop_k_veg': 5.022956259243681, 'fire_amp': 1.8357623383234334}.
[I 2026-06-10 22:38:07,766] Trial 644 finished with values: [10.776685265315999, 10.776685265315999] and parameters: {'k1': 0.006079905434073396, 'D_low': 3266.346436894069, 'k2': 1.1417577140741129e-05, 'D_high': 27.55546207779663, 'fire_exp': 1.111738490499784, 'P_half': 882.2833027501578, 'pre_dampen_half': 20.84599542460349, 'gpp_af': 0.41874665092828456, 'gpp_b': 0.00265975681233728, 'gpp_d': 0.4316838564848064, 'ign_k': 0.005318061933708109, 'ign_c': 0.5232779509048977, 'trop_agb_crit': 1.8285200278523417, 'trop_k_veg': 3.1055119128084763, 'fire_amp': 1.5719333351012774}.
[I 2026-06-10 22:38:09,573] Trial 645 finished with values: [10.59456202279734, 10.59456202279734] and parameters: {'k1': 0.001260821293027586, 'D_low': 1.4002277211577039, 'k2': 4.933751600448335e-05, 'D_high': 949.9072859745386, 'fire_exp': 1.2732983562135975, 'P_half': 1265.0580856641704, 'pre_dampen_half': 35.09387368811639, 'gpp_af': 0.8057329182285734, 'gpp_b': 1.4540386644083135e-05, 'gpp_d': 47.35384181058586, 'ign_k': 1.6270983114897255, 'ign_c': 0.17036120617148395, 'trop_agb_crit': 1.0189592979395135, 'trop_k_veg': 4.796046723963646, 'fire_amp': 1.1202509284327942}.
[I 2026-06-10 22:38:11,497] Trial 646 finished with values: [10.687847486899026, 10.687847486899026] and parameters: {'k1': 0.00026539376439360527, 'D_low': 43.2326421037033, 'k2': 0.003767022142229395, 'D_high': 949.9072859745386, 'fire_exp': 1.2732983562135975, 'P_half': 51.10120656497163, 'pre_dampen_half': 98.05638874011484, 'gpp_af': 1.3954498518315706, 'gpp_b': 0.16285506249643175, 'gpp_d': 0.47379914349407487, 'ign_k': 0.002676132993402929, 'ign_c': 0.10435856341129002, 'trop_agb_crit': 1.0693376406863295, 'trop_k_veg': 1.600928934389327, 'fire_amp': 4.1162797330133705}.
[I 2026-06-10 22:38:13,605] Trial 647 finished with values: [10.28038169409904, 10.28038169409904] and parameters: {'k1': 0.0869690639641868, 'D_low': 146.24004590125713, 'k2': 0.0018588694009815867, 'D_high': 42210.21267871043, 'fire_exp': 1.0601964743503993, 'P_half': 1265.0580856641704, 'pre_dampen_half': 9.044346216330972, 'gpp_af': 0.8057329182285734, 'gpp_b': 2.176805640408474e-05, 'gpp_d': 0.03927259340973166, 'ign_k': 0.8945150807271531, 'ign_c': 0.17036120617148395, 'trop_agb_crit': 12.647327018493208, 'trop_k_veg': 4.796046723963646, 'fire_amp': 1.5835969292419834}.
[I 2026-06-10 22:38:15,421] Trial 648 finished with values: [11.943381328918099, 11.943381328918099] and parameters: {'k1': 0.0001887567630782227, 'D_low': 2396.0796124300746, 'k2': 0.003767022142229395, 'D_high': 8440.303958079088, 'fire_exp': 1.0601964743503993, 'P_half': 1.4551749476072258, 'pre_dampen_half': 30.456909077772018, 'gpp_af': 1.3954498518315706, 'gpp_b': 0.00012118589392553798, 'gpp_d': 47.35384181058586, 'ign_k': 1.636529060071807, 'ign_c': 7.832259769732471, 'trop_agb_crit': 1.8023542850487386, 'trop_k_veg': 6.172643383211297, 'fire_amp': 2.042193818779288}.
[I 2026-06-10 22:38:17,219] Trial 649 finished with values: [10.833333333148357, 10.833333333148357] and parameters: {'k1': 0.00026539376439360527, 'D_low': 15.0613200804335, 'k2': 0.019383858782150494, 'D_high': 42210.21267871043, 'fire_exp': 1.0601964743503993, 'P_half': 61.6097529474144, 'pre_dampen_half': 9.044346216330972, 'gpp_af': 0.8057329182285734, 'gpp_b': 2.176805640408474e-05, 'gpp_d': 0.7698760608299932, 'ign_k': 1.6270983114897255, 'ign_c': 710.7346698112268, 'trop_agb_crit': 12.647327018493208, 'trop_k_veg': 1.9108076884826826, 'fire_amp': 1.5719333351012774}.
[I 2026-06-10 22:38:19,016] Trial 650 finished with values: [16.283659063895513, 16.283659063895513] and parameters: {'k1': 0.0001887567630782227, 'D_low': 171.2446447678494, 'k2': 0.0004976087827261435, 'D_high': 42210.21267871043, 'fire_exp': 1.0601964743503993, 'P_half': 157.80309954142965, 'pre_dampen_half': 269.0845367054866, 'gpp_af': 0.8057329182285734, 'gpp_b': 1.4540386644083135e-05, 'gpp_d': 0.03927259340973166, 'ign_k': 1.6748279468858231, 'ign_c': 0.17036120617148395, 'trop_agb_crit': 1.8285200278523417, 'trop_k_veg': 2.298840177048904, 'fire_amp': 4.19233232783727}.
[I 2026-06-10 22:38:20,795] Trial 651 finished with values: [10.82267632915256, 10.82267632915256] and parameters: {'k1': 0.0001887567630782227, 'D_low': 1.4002277211577039, 'k2': 3.152468275632564e-05, 'D_high': 27.55546207779663, 'fire_exp': 1.0601964743503993, 'P_half': 1265.0580856641704, 'pre_dampen_half': 0.01648400221743738, 'gpp_af': 2.5184956910855436, 'gpp_b': 2.1309331861011757e-05, 'gpp_d': 0.7698760608299932, 'ign_k': 0.17320535908244444, 'ign_c': 7.081721844034206, 'trop_agb_crit': 8.614723729015276, 'trop_k_veg': 0.6618107836658104, 'fire_amp': 1.1202509284327942}.
[I 2026-06-10 22:38:22,570] Trial 652 finished with values: [10.505554149431877, 10.505554149431877] and parameters: {'k1': 0.00031134168041628584, 'D_low': 43.2326421037033, 'k2': 0.0007731571570012607, 'D_high': 949.9072859745386, 'fire_exp': 1.2732983562135975, 'P_half': 157.3644610977214, 'pre_dampen_half': 189.36639872354493, 'gpp_af': 1.3954498518315706, 'gpp_b': 0.16285506249643175, 'gpp_d': 7.631016235941559, 'ign_k': 0.17320535908244444, 'ign_c': 0.7619822175388142, 'trop_agb_crit': 25.429516249301212, 'trop_k_veg': 2.6508357486965424, 'fire_amp': 1.4475279918261055}.
[I 2026-06-10 22:38:24,374] Trial 653 finished with values: [10.17030545903227, 10.17030545903227] and parameters: {'k1': 0.016973078532467004, 'D_low': 1.7551403048208316, 'k2': 0.019383858782150494, 'D_high': 20103.283734409175, 'fire_exp': 1.14171776851287, 'P_half': 1265.0580856641704, 'pre_dampen_half': 269.0845367054866, 'gpp_af': 0.8057329182285734, 'gpp_b': 0.00031478066835753096, 'gpp_d': 0.47379914349407487, 'ign_k': 0.9419612235978201, 'ign_c': 7.081721844034206, 'trop_agb_crit': 1.5033346993841157, 'trop_k_veg': 0.7808079158649266, 'fire_amp': 1.5719333351012774}.
[I 2026-06-10 22:38:26,715] Trial 654 finished with values: [16.955413391247827, 16.955413391247827] and parameters: {'k1': 0.00026539376439360527, 'D_low': 146.28013120517718, 'k2': 1.1417577140741129e-05, 'D_high': 44974.07193749848, 'fire_exp': 1.111738490499784, 'P_half': 1.4551749476072258, 'pre_dampen_half': 189.36639872354493, 'gpp_af': 0.09885838682552685, 'gpp_b': 2.1309331861011757e-05, 'gpp_d': 12.151631524283598, 'ign_k': 0.09256855841989636, 'ign_c': 0.10435856341129002, 'trop_agb_crit': 8.188098178380693, 'trop_k_veg': 0.6488368931910606, 'fire_amp': 4.1162797330133705}.
[I 2026-06-10 22:38:28,711] Trial 655 finished with values: [10.540357458581479, 10.540357458581479] and parameters: {'k1': 0.0020639617012599225, 'D_low': 171.2446447678494, 'k2': 0.00024195799118138832, 'D_high': 18701.140647651915, 'fire_exp': 1.811096651915224, 'P_half': 277.00025557434554, 'pre_dampen_half': 124.72235343584714, 'gpp_af': 1.9654778690222015, 'gpp_b': 0.049565458633074926, 'gpp_d': 47.35384181058586, 'ign_k': 7.544827057709847, 'ign_c': 23.422386257929038, 'trop_agb_crit': 21.380932890222198, 'trop_k_veg': 4.796046723963646, 'fire_amp': 1.8357623383234334}.
[I 2026-06-10 22:38:30,562] Trial 656 finished with values: [10.2577231822587, 10.2577231822587] and parameters: {'k1': 0.016973078532467004, 'D_low': 4006.89033223865, 'k2': 3.152468275632564e-05, 'D_high': 29.126651668813768, 'fire_exp': 1.14171776851287, 'P_half': 157.80309954142965, 'pre_dampen_half': 9.044346216330972, 'gpp_af': 26.365275679433186, 'gpp_b': 1.1008110571039521e-05, 'gpp_d': 594.7389794988394, 'ign_k': 0.8945150807271531, 'ign_c': 0.6235377135673155, 'trop_agb_crit': 4.902399583903479, 'trop_k_veg': 2.1406449943451844, 'fire_amp': 2.042193818779288}.
[I 2026-06-10 22:38:32,386] Trial 657 finished with values: [10.25488424263397, 10.25488424263397] and parameters: {'k1': 0.0001887567630782227, 'D_low': 171.2446447678494, 'k2': 0.0007731571570012607, 'D_high': 42210.21267871043, 'fire_exp': 1.1633452995374232, 'P_half': 277.00025557434554, 'pre_dampen_half': 269.0845367054866, 'gpp_af': 0.013816526035853764, 'gpp_b': 0.004411400434514031, 'gpp_d': 7.631016235941559, 'ign_k': 0.13500744867919376, 'ign_c': 0.17036120617148395, 'trop_agb_crit': 12.647327018493208, 'trop_k_veg': 4.0068236274914755, 'fire_amp': 1.1202509284327942}.
[I 2026-06-10 22:38:34,473] Trial 658 finished with values: [-0.39173297769342225, 0.6703492919713041] and parameters: {'k1': 0.0869690639641868, 'D_low': 2267.735223551285, 'k2': 0.02065142557895925, 'D_high': 48235.58283024493, 'fire_exp': 1.9095652801045373, 'P_half': 118.94665366442581, 'pre_dampen_half': 9.044346216330972, 'gpp_af': 10.25616274847308, 'gpp_b': 2.800940363375676e-05, 'gpp_d': 0.7698760608299932, 'ign_k': 1.6270983114897255, 'ign_c': 0.6235377135673155, 'trop_agb_crit': 1.0189592979395135, 'trop_k_veg': 2.520089655463604, 'fire_amp': 2.6192385880432525}.
[I 2026-06-10 22:38:36,432] Trial 659 finished with values: [10.558553949208132, 10.558553949208132] and parameters: {'k1': 0.00026539376439360527, 'D_low': 6010.742028864748, 'k2': 0.0007731571570012607, 'D_high': 29.126651668813768, 'fire_exp': 1.111738490499784, 'P_half': 1.4551749476072258, 'pre_dampen_half': 189.36639872354493, 'gpp_af': 3.298293484806585, 'gpp_b': 0.00013164432569139702, 'gpp_d': 7.631016235941559, 'ign_k': 0.17320535908244444, 'ign_c': 7.832259769732471, 'trop_agb_crit': 4.902399583903479, 'trop_k_veg': 2.1406449943451844, 'fire_amp': 2.042193818779288}.
[I 2026-06-10 22:38:38,454] Trial 660 finished with values: [10.385795902417133, 10.385795902417133] and parameters: {'k1': 0.0869690639641868, 'D_low': 171.2446447678494, 'k2': 0.00024195799118138832, 'D_high': 949.9072859745386, 'fire_exp': 1.2732983562135975, 'P_half': 4.213183643253957, 'pre_dampen_half': 123.04779330083686, 'gpp_af': 0.09885838682552685, 'gpp_b': 0.00047819318414852577, 'gpp_d': 7.631016235941559, 'ign_k': 7.544827057709847, 'ign_c': 23.422386257929038, 'trop_agb_crit': 1.8566494291193822, 'trop_k_veg': 4.0068236274914755, 'fire_amp': 1.4621871311312478}.
[I 2026-06-10 22:38:40,440] Trial 661 finished with values: [10.804901783700338, 10.804901783700338] and parameters: {'k1': 0.0027792265849300047, 'D_low': 43.2326421037033, 'k2': 0.0007731571570012607, 'D_high': 949.9072859745386, 'fire_exp': 1.2732983562135975, 'P_half': 157.3644610977214, 'pre_dampen_half': 1.1353829000087716, 'gpp_af': 1.7775411110039254, 'gpp_b': 2.176805640408474e-05, 'gpp_d': 0.03927259340973166, 'ign_k': 0.17320535908244444, 'ign_c': 23.422386257929038, 'trop_agb_crit': 1.8566494291193822, 'trop_k_veg': 6.825463866194253, 'fire_amp': 1.4475279918261055}.
[I 2026-06-10 22:38:42,452] Trial 662 finished with values: [10.654772942062532, 10.654772942062532] and parameters: {'k1': 0.0001887567630782227, 'D_low': 50.32059347286801, 'k2': 1.1417577140741129e-05, 'D_high': 431.45617043093523, 'fire_exp': 1.9136159174067866, 'P_half': 118.94665366442581, 'pre_dampen_half': 9.044346216330972, 'gpp_af': 1.3954498518315706, 'gpp_b': 0.0008861657881839811, 'gpp_d': 0.4742269251269962, 'ign_k': 0.09256855841989636, 'ign_c': 7.832259769732471, 'trop_agb_crit': 21.380932890222198, 'trop_k_veg': 5.022956259243681, 'fire_amp': 4.19233232783727}.
[I 2026-06-10 22:38:44,359] Trial 663 finished with values: [10.833333333148357, 10.833333333148357] and parameters: {'k1': 0.006079905434073396, 'D_low': 146.24004590125713, 'k2': 0.0007731571570012607, 'D_high': 949.9072859745386, 'fire_exp': 1.0601964743503993, 'P_half': 157.3644610977214, 'pre_dampen_half': 37.40930273158252, 'gpp_af': 0.09885838682552685, 'gpp_b': 0.00047819318414852577, 'gpp_d': 7.631016235941559, 'ign_k': 0.8945150807271531, 'ign_c': 228.79430573173593, 'trop_agb_crit': 1.8566494291193822, 'trop_k_veg': 6.825463866194253, 'fire_amp': 2.6192385880432525}.
[I 2026-06-10 22:38:46,266] Trial 664 finished with values: [11.451477414371423, 11.451477414371423] and parameters: {'k1': 0.00026539376439360527, 'D_low': 669.7348618512094, 'k2': 1.1417577140741129e-05, 'D_high': 1266.9536563782303, 'fire_exp': 1.111738490499784, 'P_half': 61.6097529474144, 'pre_dampen_half': 121.93011993958949, 'gpp_af': 2.5184956910855436, 'gpp_b': 0.00031478066835753096, 'gpp_d': 0.7698760608299932, 'ign_k': 0.002357279455676982, 'ign_c': 7.081721844034206, 'trop_agb_crit': 2.0527418919564324, 'trop_k_veg': 2.1406449943451844, 'fire_amp': 5.015960627273085}.
[I 2026-06-10 22:38:48,696] Trial 665 finished with values: [-0.5671415450989205, 0.28031767107239525] and parameters: {'k1': 0.006079905434073396, 'D_low': 146.24004590125713, 'k2': 0.00025923015361558547, 'D_high': 48235.58283024493, 'fire_exp': 1.2732983562135975, 'P_half': 1265.0580856641704, 'pre_dampen_half': 37.40930273158252, 'gpp_af': 0.41874665092828456, 'gpp_b': 0.0002637687576667052, 'gpp_d': 0.4742269251269962, 'ign_k': 1.6270983114897255, 'ign_c': 16.497426799845446, 'trop_agb_crit': 1.0189592979395135, 'trop_k_veg': 4.796046723963646, 'fire_amp': 2.6192385880432525}.
[I 2026-06-10 22:38:50,734] Trial 666 finished with values: [10.833333333148357, 10.833333333148357] and parameters: {'k1': 0.0001887567630782227, 'D_low': 171.2446447678494, 'k2': 0.003767022142229395, 'D_high': 42210.21267871043, 'fire_exp': 1.2918065501148304, 'P_half': 4.213183643253957, 'pre_dampen_half': 269.0845367054866, 'gpp_af': 1.3954498518315706, 'gpp_b': 1.0828092646426677e-05, 'gpp_d': 0.03927259340973166, 'ign_k': 1.636529060071807, 'ign_c': 132.46527974321125, 'trop_agb_crit': 1.8285200278523417, 'trop_k_veg': 0.6673124511410327, 'fire_amp': 1.1202509284327942}.
[I 2026-06-10 22:38:52,854] Trial 667 finished with values: [-0.4587671855558326, 0.6219919115386345] and parameters: {'k1': 0.00026539376439360527, 'D_low': 1.4002277211577039, 'k2': 0.02065142557895925, 'D_high': 48235.58283024493, 'fire_exp': 1.9095652801045373, 'P_half': 118.94665366442581, 'pre_dampen_half': 9.044346216330972, 'gpp_af': 2.5184956910855436, 'gpp_b': 2.800940363375676e-05, 'gpp_d': 0.7698760608299932, 'ign_k': 1.6270983114897255, 'ign_c': 0.6235377135673155, 'trop_agb_crit': 2.0527418919564324, 'trop_k_veg': 0.6618107836658104, 'fire_amp': 2.6192385880432525}.
[I 2026-06-10 22:38:54,876] Trial 668 finished with values: [10.186660200638013, 10.186660200638013] and parameters: {'k1': 0.00026539376439360527, 'D_low': 1.4002277211577039, 'k2': 3.152468275632564e-05, 'D_high': 27.55546207779663, 'fire_exp': 1.111738490499784, 'P_half': 61.6097529474144, 'pre_dampen_half': 189.36639872354493, 'gpp_af': 2.5184956910855436, 'gpp_b': 2.1309331861011757e-05, 'gpp_d': 46.010874324515754, 'ign_k': 0.012566783761977915, 'ign_c': 0.4177928311636542, 'trop_agb_crit': 2.0527418919564324, 'trop_k_veg': 0.6618107836658104, 'fire_amp': 1.5719333351012774}.
[I 2026-06-10 22:38:56,799] Trial 669 finished with values: [10.824708664157871, 10.824708664157871] and parameters: {'k1': 0.019518986965599543, 'D_low': 6010.742028864748, 'k2': 4.933751600448335e-05, 'D_high': 949.9072859745386, 'fire_exp': 1.111738490499784, 'P_half': 157.3644610977214, 'pre_dampen_half': 189.36639872354493, 'gpp_af': 0.09885838682552685, 'gpp_b': 0.16285506249643175, 'gpp_d': 0.4742269251269962, 'ign_k': 1.6270983114897255, 'ign_c': 16.497426799845446, 'trop_agb_crit': 8.188098178380693, 'trop_k_veg': 0.6488368931910606, 'fire_amp': 4.1162797330133705}.
[I 2026-06-10 22:38:58,488] Trial 670 finished with values: [10.288811341682296, 10.288811341682296] and parameters: {'k1': 0.00026539376439360527, 'D_low': 49.539659199197295, 'k2': 0.004679501568332817, 'D_high': 431.45617043093523, 'fire_exp': 1.1633452995374232, 'P_half': 51.10120656497163, 'pre_dampen_half': 189.36639872354493, 'gpp_af': 0.07118041471054574, 'gpp_b': 0.004411400434514031, 'gpp_d': 0.12878367369717508, 'ign_k': 0.00840038491455979, 'ign_c': 0.7619822175388142, 'trop_agb_crit': 4.902399583903479, 'trop_k_veg': 0.6673124511410327, 'fire_amp': 4.19233232783727}.
[I 2026-06-10 22:39:00,314] Trial 671 finished with values: [10.246202000865148, 10.246202000865148] and parameters: {'k1': 0.0869690639641868, 'D_low': 1.4002277211577039, 'k2': 0.0012030178871154666, 'D_high': 27.55546207779663, 'fire_exp': 1.1633452995374232, 'P_half': 2.4106893837852787, 'pre_dampen_half': 13.161234383542856, 'gpp_af': 0.41874665092828456, 'gpp_b': 0.00047819318414852577, 'gpp_d': 1.8148402127631733, 'ign_k': 0.09256855841989636, 'ign_c': 0.4177928311636542, 'trop_agb_crit': 1.0693376406863295, 'trop_k_veg': 5.636143940068465, 'fire_amp': 2.6192385880432525}.
