[I 2026-08-20 00:54:32,090] Trial 1376 finished with value: 0.6214863461332077 and parameters: {'k1': 0.00395375824782541, 'D_low': 124.42918233616561, 'k2': 0.00027582732787583095, 'D_high': 145805.5077667054, 'fire_exp': 3.506901326535279, 'P_half': 204.60837688384515, 'pre_dampen_half': 13.75318632660863, 'gpp_af': 14.393025744562648, 'gpp_b': 0.0003544973780248456, 'gpp_d': 0.9873580728014827, 'ign_k': 0.0684422969705983, 'ign_c': 54.058428940895446, 'trop_agb_crit': 8.89989402551798, 'trop_k_veg': 6.973590347140066, 'pop_amp': 19.281032449138298, 'pop_peak': 16.73373053624658, 'pop_sig': 0.44358465759953103}. Best is trial 1128 with value: -0.620386984093161.
[I 2026-08-20 00:54:34,162] Trial 1377 finished with value: 0.5634542221362506 and parameters: {'k1': 0.013033795184027341, 'D_low': 4.576437819458297, 'k2': 0.00015729133012163713, 'D_high': 438375.749976981, 'fire_exp': 3.0659971718821013, 'P_half': 339.39972444964525, 'pre_dampen_half': 1.852199628776056, 'gpp_af': 0.04031499861891389, 'gpp_b': 0.014652987317620493, 'gpp_d': 218.53915342481133, 'ign_k': 7.752471584816821, 'ign_c': 1.136544526938915, 'trop_agb_crit': 28.05691777367176, 'trop_k_veg': 3.7923632005583, 'pop_amp': 0.001444387266580759, 'pop_peak': 450.01416745666745, 'pop_sig': 1.2757305277925435}. Best is trial 1128 with value: -0.620386984093161.
[I 2026-08-20 00:54:36,172] Trial 1378 finished with value: 0.5979518234222853 and parameters: {'k1': 0.0020706268907368184, 'D_low': 255.60512488445616, 'k2': 0.00037956956111667164, 'D_high': 4898364.636556489, 'fire_exp': 6.003344187280282, 'P_half': 10.85402659983738, 'pre_dampen_half': 30.651715168375173, 'gpp_af': 23.31057913717774, 'gpp_b': 1.1320421473925408e-05, 'gpp_d': 7.244311065772919, 'ign_k': 0.5781213775828917, 'ign_c': 1.782049791794241, 'trop_agb_crit': 3.883482965111165, 'trop_k_veg': 6.4675022948730465, 'pop_amp': 3.7091808267879167, 'pop_peak': 0.3215781109930995, 'pop_sig': 0.8969333873814388}. Best is trial 1128 with value: -0.620386984093161.
[I 2026-08-20 00:54:38,213] Trial 1379 finished with value: 0.5769665162131304 and parameters: {'k1': 2.552855898411693e-05, 'D_low': 7.9958455668277395, 'k2': 0.07070181037796207, 'D_high': 368063.4484902791, 'fire_exp': 1.1496528571937557, 'P_half': 4.7770785622850305, 'pre_dampen_half': 0.06481960356562945, 'gpp_af': 0.1150957281162335, 'gpp_b': 0.12243455610928365, 'gpp_d': 2.7662399382578338, 'ign_k': 0.0029484936367894727, 'ign_c': 0.360796608286057, 'trop_agb_crit': 3.0117343000316046, 'trop_k_veg': 1.6313944403397964, 'pop_amp': 0.8363502047829492, 'pop_peak': 0.45411656677894663, 'pop_sig': 1.8876366238544866}. Best is trial 1128 with value: -0.620386984093161.
[I 2026-08-20 00:54:40,264] Trial 1380 finished with value: 0.5393393424481779 and parameters: {'k1': 0.0001452075322804164, 'D_low': 63.8732419450943, 'k2': 0.0015370287352362028, 'D_high': 531260.2604050066, 'fire_exp': 1.811480036758333, 'P_half': 875.3022660739564, 'pre_dampen_half': 1.358745603956034, 'gpp_af': 1.1620585686954046, 'gpp_b': 1.7314931057608355e-05, 'gpp_d': 18.94167642635206, 'ign_k': 3.141460890913751, 'ign_c': 2.015752651668072, 'trop_agb_crit': 10.517239989521983, 'trop_k_veg': 2.386321723985298, 'pop_amp': 0.001237901416072011, 'pop_peak': 18.24472874259998, 'pop_sig': 1.1167871187579597}. Best is trial 1128 with value: -0.620386984093161.
[I 2026-08-20 00:54:42,294] Trial 1381 finished with value: 0.5677716883441721 and parameters: {'k1': 0.0002315261548972032, 'D_low': 1150.375898462727, 'k2': 0.0063761142153108885, 'D_high': 1250560.629872091, 'fire_exp': 6.060709040726422, 'P_half': 220.24176322150086, 'pre_dampen_half': 0.05566861191288387, 'gpp_af': 0.4258747516662892, 'gpp_b': 0.000577575166639734, 'gpp_d': 360.84016145431576, 'ign_k': 0.21372827177281872, 'ign_c': 0.565373051276487, 'trop_agb_crit': 4.219868025112788, 'trop_k_veg': 4.117655956869126, 'pop_amp': 1.211031090424416, 'pop_peak': 1.1586677740197062, 'pop_sig': 1.6544792959022576}. Best is trial 1128 with value: -0.620386984093161.
[I 2026-08-20 00:54:44,791] Trial 1382 finished with value: 0.5267291126683383 and parameters: {'k1': 0.012741147839726174, 'D_low': 2039.0617787641518, 'k2': 0.0013136978170492312, 'D_high': 7358477.61414035, 'fire_exp': 4.11852704186582, 'P_half': 7.055087616098474, 'pre_dampen_half': 25.269284897965388, 'gpp_af': 8.7694480909855, 'gpp_b': 0.07249305673160635, 'gpp_d': 300.15280735185445, 'ign_k': 4.4720256906892, 'ign_c': 0.31315900093198995, 'trop_agb_crit': 12.322316576031309, 'trop_k_veg': 1.936035803051331, 'pop_amp': 1.6631124192309752, 'pop_peak': 4.227138031899129, 'pop_sig': 1.3729158453671015}. Best is trial 1128 with value: -0.620386984093161.
[I 2026-08-20 00:54:46,854] Trial 1383 finished with value: 0.5704092245124216 and parameters: {'k1': 4.03725824500617e-05, 'D_low': 200.2893388990537, 'k2': 0.0014359165674200363, 'D_high': 4379838.732462639, 'fire_exp': 3.851808280330781, 'P_half': 649.3042705290852, 'pre_dampen_half': 10.966784595181014, 'gpp_af': 0.5815401979574564, 'gpp_b': 1.2656606045236374e-05, 'gpp_d': 73.1513577344894, 'ign_k': 0.12725676076632922, 'ign_c': 2.3409182836923206, 'trop_agb_crit': 5.582802784175518, 'trop_k_veg': 5.579031537711911, 'pop_amp': 0.9657717046107739, 'pop_peak': 0.37406722712192525, 'pop_sig': 0.8150659235914063}. Best is trial 1128 with value: -0.620386984093161.
[I 2026-08-20 00:54:48,933] Trial 1384 finished with value: 0.44064328001779285 and parameters: {'k1': 0.0008705049927722139, 'D_low': 820.612601184137, 'k2': 0.043929864527343036, 'D_high': 140435.83374571675, 'fire_exp': 1.618707939543697, 'P_half': 1.0232816243156715, 'pre_dampen_half': 1.0497955501668308, 'gpp_af': 0.12211468398836668, 'gpp_b': 4.7894588000488956e-05, 'gpp_d': 55.42793595181134, 'ign_k': 0.0023737556013065787, 'ign_c': 0.6053166633151954, 'trop_agb_crit': 2.9214782876714582, 'trop_k_veg': 0.6978398687773766, 'pop_amp': 2.7237374919475257, 'pop_peak': 84.17629657672738, 'pop_sig': 2.156534729178088}. Best is trial 1128 with value: -0.620386984093161.
[I 2026-08-20 00:54:50,881] Trial 1385 finished with value: 0.4534791355033665 and parameters: {'k1': 0.0008021728637028245, 'D_low': 4.05918233098523, 'k2': 0.01837958969569957, 'D_high': 1143337.5184837969, 'fire_exp': 2.616018111374763, 'P_half': 35.849952746827974, 'pre_dampen_half': 40.549872050467584, 'gpp_af': 0.4020578059362127, 'gpp_b': 1.2064035476955028e-05, 'gpp_d': 29.025314798020766, 'ign_k': 1.4663763075076497, 'ign_c': 3.9546496781936793, 'trop_agb_crit': 7.13601944673879, 'trop_k_veg': 3.1908105285680515, 'pop_amp': 0.03455126832913812, 'pop_peak': 13.995468251628603, 'pop_sig': 0.9198945649839123}. Best is trial 1128 with value: -0.620386984093161.
[I 2026-08-20 00:54:52,869] Trial 1386 finished with value: 0.5572698223726699 and parameters: {'k1': 0.0012461567387700128, 'D_low': 26.250566196408975, 'k2': 0.0010226183897069523, 'D_high': 9104040.998092629, 'fire_exp': 3.874259341597091, 'P_half': 31.58427326880115, 'pre_dampen_half': 41.571442687534244, 'gpp_af': 0.6670742316614384, 'gpp_b': 3.356094125606857e-05, 'gpp_d': 3.3479923329175607, 'ign_k': 0.042251751553117466, 'ign_c': 23.949929086711574, 'trop_agb_crit': 16.576714304365595, 'trop_k_veg': 2.2974111743283565, 'pop_amp': 6.974425441990921, 'pop_peak': 0.07366285471212192, 'pop_sig': 0.48929713516923795}. Best is trial 1128 with value: -0.620386984093161.
[I 2026-08-20 00:54:54,948] Trial 1387 finished with value: 0.5161049493288833 and parameters: {'k1': 0.00029783880235378896, 'D_low': 2.1707220529843383, 'k2': 0.015998950384797726, 'D_high': 781771.5913916698, 'fire_exp': 1.0553959101276158, 'P_half': 1.9870499887259987, 'pre_dampen_half': 0.22205553543394585, 'gpp_af': 0.19384793635351374, 'gpp_b': 0.0010164607486030633, 'gpp_d': 38.2258092011512, 'ign_k': 0.002819784696947031, 'ign_c': 0.13013833153151805, 'trop_agb_crit': 3.0429160922876832, 'trop_k_veg': 1.5110348657987904, 'pop_amp': 0.03960617573201468, 'pop_peak': 0.5850675661377108, 'pop_sig': 1.326895567092185}. Best is trial 1128 with value: -0.620386984093161.
[I 2026-08-20 00:54:56,975] Trial 1388 finished with value: 0.6066473094008958 and parameters: {'k1': 0.00030027673336874603, 'D_low': 47.08048233375915, 'k2': 0.013926900226616894, 'D_high': 9176798.535979073, 'fire_exp': 1.0505019695304751, 'P_half': 2.9155013604935607, 'pre_dampen_half': 2.5085508061703075, 'gpp_af': 0.11223281124127245, 'gpp_b': 0.013392059284099431, 'gpp_d': 0.29525518392407424, 'ign_k': 0.002808137799104095, 'ign_c': 0.1913995640267734, 'trop_agb_crit': 1.4785067261962905, 'trop_k_veg': 4.056843074072144, 'pop_amp': 13.13314416305713, 'pop_peak': 14.637754708336825, 'pop_sig': 2.099869560016983}. Best is trial 1128 with value: -0.620386984093161.
[I 2026-08-20 00:54:58,950] Trial 1389 finished with value: 0.5570060518095707 and parameters: {'k1': 0.0072831917076035734, 'D_low': 50.3224374196706, 'k2': 0.026013462993269322, 'D_high': 234201.01114384292, 'fire_exp': 1.0037215301582574, 'P_half': 396.7413544662195, 'pre_dampen_half': 0.09423380314449563, 'gpp_af': 0.022119210067792435, 'gpp_b': 0.09812737591050452, 'gpp_d': 17.429221661390986, 'ign_k': 0.0020626902918683783, 'ign_c': 3.1152875728002996, 'trop_agb_crit': 3.001428341163949, 'trop_k_veg': 1.6215381302041854, 'pop_amp': 10.48997124706572, 'pop_peak': 38.90638361799719, 'pop_sig': 0.6576772673559649}. Best is trial 1128 with value: -0.620386984093161.
[I 2026-08-20 00:55:00,980] Trial 1390 finished with value: 0.45836346653493487 and parameters: {'k1': 0.01648668836010792, 'D_low': 20409.961302606996, 'k2': 0.002514828447099111, 'D_high': 472275.14200680057, 'fire_exp': 1.3222838284353204, 'P_half': 382.1521328538554, 'pre_dampen_half': 756.8155188753504, 'gpp_af': 0.007560031425999787, 'gpp_b': 0.00018017761660423163, 'gpp_d': 44.95024357722679, 'ign_k': 2.237248438108506, 'ign_c': 11.314777744680656, 'trop_agb_crit': 21.815899309460097, 'trop_k_veg': 2.5203348350146544, 'pop_amp': 0.0011008429571205526, 'pop_peak': 7.046284605663796, 'pop_sig': 0.8937144365890202}. Best is trial 1128 with value: -0.620386984093161.
[I 2026-08-20 00:55:03,027] Trial 1391 finished with value: 0.5834206305064947 and parameters: {'k1': 0.004404909668217584, 'D_low': 16.721746904721112, 'k2': 0.0003738499102546033, 'D_high': 5443162.976270271, 'fire_exp': 1.2733869779674554, 'P_half': 109.57833429448873, 'pre_dampen_half': 1.3317177474917639, 'gpp_af': 0.001794787652015435, 'gpp_b': 2.3686648342586788e-05, 'gpp_d': 0.1311717835539621, 'ign_k': 0.3299701276368121, 'ign_c': 37.92553813687401, 'trop_agb_crit': 7.170707247537314, 'trop_k_veg': 6.801275662908059, 'pop_amp': 6.8617511736809, 'pop_peak': 43.45205193847647, 'pop_sig': 0.8672714657288628}. Best is trial 1128 with value: -0.620386984093161.
[I 2026-08-20 00:55:05,641] Trial 1392 finished with value: 0.4764277098749463 and parameters: {'k1': 0.004882807280855649, 'D_low': 28.79355374925104, 'k2': 0.010471426307251288, 'D_high': 2769781.304177135, 'fire_exp': 1.3521352758983436, 'P_half': 1.407992353284878, 'pre_dampen_half': 0.07683690018924652, 'gpp_af': 0.06362399772477172, 'gpp_b': 0.010929114795867908, 'gpp_d': 12.058438666016395, 'ign_k': 0.004451946590653807, 'ign_c': 0.10231600468755132, 'trop_agb_crit': 2.8690546828525516, 'trop_k_veg': 2.1038926356794545, 'pop_amp': 8.037998640031507, 'pop_peak': 302.57992088620796, 'pop_sig': 0.822768743641792}. Best is trial 1128 with value: -0.620386984093161.
[I 2026-08-20 00:55:07,945] Trial 1393 finished with value: 0.5869673838688845 and parameters: {'k1': 0.00047154134309903076, 'D_low': 2571.1683460517725, 'k2': 0.00027513115344667336, 'D_high': 2859902.48520508, 'fire_exp': 6.342434409633492, 'P_half': 2448.995530490341, 'pre_dampen_half': 30.784759514715894, 'gpp_af': 0.1733641986052666, 'gpp_b': 2.2435021255327896e-05, 'gpp_d': 13.51926407067129, 'ign_k': 0.1159409993110053, 'ign_c': 0.9713559880663785, 'trop_agb_crit': 10.368892684548102, 'trop_k_veg': 4.716948420903447, 'pop_amp': 2.7734071097696162, 'pop_peak': 9.06314942003195, 'pop_sig': 1.0531136796380638}. Best is trial 1128 with value: -0.620386984093161.
[I 2026-08-20 00:55:10,321] Trial 1394 finished with value: -0.5568262437139213 and parameters: {'k1': 0.00014671983386339583, 'D_low': 3298.3933644628305, 'k2': 0.02409016410698678, 'D_high': 3117654.120647181, 'fire_exp': 3.1513778021943026, 'P_half': 20.490322193795024, 'pre_dampen_half': 3.098434246904041, 'gpp_af': 0.23125939761954248, 'gpp_b': 0.00013144245840500385, 'gpp_d': 194.13174470924034, 'ign_k': 2.5560920333746906, 'ign_c': 6.52715964442946, 'trop_agb_crit': 5.665897876534388, 'trop_k_veg': 3.682776657291029, 'pop_amp': 0.0019322826267096427, 'pop_peak': 138.4951341438067, 'pop_sig': 1.1827783558810259}. Best is trial 1128 with value: -0.620386984093161.
[I 2026-08-20 00:55:12,560] Trial 1395 finished with value: 0.40836111863674573 and parameters: {'k1': 0.0015739460213226766, 'D_low': 17.019257686859028, 'k2': 0.013844132197551918, 'D_high': 528280.1840434882, 'fire_exp': 1.8685191477603416, 'P_half': 35.96349293668518, 'pre_dampen_half': 2.9227560642679333, 'gpp_af': 0.22438934828891605, 'gpp_b': 0.00015065717263034337, 'gpp_d': 305.56583468544864, 'ign_k': 0.9074091383182691, 'ign_c': 3.2730181299594023, 'trop_agb_crit': 17.727704913919112, 'trop_k_veg': 1.5922841081741095, 'pop_amp': 0.004086830754189692, 'pop_peak': 2.22256141080165, 'pop_sig': 1.3232202126858343}. Best is trial 1128 with value: -0.620386984093161.
[I 2026-08-20 00:55:14,719] Trial 1396 finished with value: 0.456042333742255 and parameters: {'k1': 0.0002272354310322606, 'D_low': 1154.506766150215, 'k2': 0.003922714632848028, 'D_high': 5687551.767813376, 'fire_exp': 3.8045119113441577, 'P_half': 30.0803079729709, 'pre_dampen_half': 1.9940575326548307, 'gpp_af': 0.20698497525377652, 'gpp_b': 3.2543828455853544e-05, 'gpp_d': 1.032066290441082, 'ign_k': 0.07012907892681274, 'ign_c': 5.5667242243946635, 'trop_agb_crit': 5.484293964751237, 'trop_k_veg': 4.806540680551037, 'pop_amp': 3.330387317555886, 'pop_peak': 3.398658677634645, 'pop_sig': 0.5250153769991831}. Best is trial 1128 with value: -0.620386984093161.
[I 2026-08-20 00:55:16,915] Trial 1397 finished with value: 0.5772727747234652 and parameters: {'k1': 0.0024399333733939855, 'D_low': 2176.383008313836, 'k2': 6.470891233710374e-05, 'D_high': 5306035.498250283, 'fire_exp': 2.970843319767359, 'P_half': 878.760866774769, 'pre_dampen_half': 1.9890834059347329, 'gpp_af': 0.028642018577851265, 'gpp_b': 2.8454573611410733e-05, 'gpp_d': 55.79982856263584, 'ign_k': 0.030882348020340837, 'ign_c': 5.025466875885466, 'trop_agb_crit': 4.842892162489837, 'trop_k_veg': 2.506771928972135, 'pop_amp': 2.9092337094445293, 'pop_peak': 0.7793646593171856, 'pop_sig': 0.5968476576414659}. Best is trial 1128 with value: -0.620386984093161.
[I 2026-08-20 00:55:19,170] Trial 1398 finished with value: 0.5402609738819939 and parameters: {'k1': 0.0009853659847452521, 'D_low': 363.1609731360506, 'k2': 0.0033050601151287224, 'D_high': 6434893.267939805, 'fire_exp': 6.30968116625682, 'P_half': 447.9354271965732, 'pre_dampen_half': 2.3971795850138435, 'gpp_af': 2.152635306092244, 'gpp_b': 0.00022545662201712443, 'gpp_d': 15.73553915832283, 'ign_k': 0.4037430655157532, 'ign_c': 1.4392607626120717, 'trop_agb_crit': 12.77726161014311, 'trop_k_veg': 2.7296341578384147, 'pop_amp': 12.223685777453229, 'pop_peak': 0.3890466563285291, 'pop_sig': 0.8037432107985641}. Best is trial 1128 with value: -0.620386984093161.
[I 2026-08-20 00:55:21,338] Trial 1399 finished with value: 0.5840707657982841 and parameters: {'k1': 0.00030578620468250305, 'D_low': 21.828215550127016, 'k2': 0.007787381172608361, 'D_high': 7222774.352932666, 'fire_exp': 3.875158503848158, 'P_half': 4.950938569489529, 'pre_dampen_half': 0.028978385676793478, 'gpp_af': 0.13095031957767717, 'gpp_b': 0.059222867036994135, 'gpp_d': 0.23597115647301656, 'ign_k': 0.0019063618123300024, 'ign_c': 0.19203219227426188, 'trop_agb_crit': 1.1487246358445133, 'trop_k_veg': 1.4850526487504354, 'pop_amp': 0.09340360988424071, 'pop_peak': 1.0436397451857575, 'pop_sig': 0.6314730276878001}. Best is trial 1128 with value: -0.620386984093161.
[I 2026-08-20 00:55:23,486] Trial 1400 finished with value: 0.5019467729051688 and parameters: {'k1': 1.7510228311470756e-05, 'D_low': 343.3769198775851, 'k2': 0.009216337460003228, 'D_high': 447536.86192142055, 'fire_exp': 2.2295458839703324, 'P_half': 1632.5767409869654, 'pre_dampen_half': 2.460131061841101, 'gpp_af': 0.002098536114875471, 'gpp_b': 0.0006368634698876827, 'gpp_d': 0.6702572477279191, 'ign_k': 9.028450452825222, 'ign_c': 0.24697952699054448, 'trop_agb_crit': 4.27048061531769, 'trop_k_veg': 4.805554957238972, 'pop_amp': 18.4378345304563, 'pop_peak': 14.413294352068059, 'pop_sig': 1.5616636637531314}. Best is trial 1128 with value: -0.620386984093161.
[I 2026-08-20 00:55:26,394] Trial 1401 finished with value: 0.5601697041038541 and parameters: {'k1': 0.00032820135345104596, 'D_low': 7539.02748162007, 'k2': 0.00470471271208662, 'D_high': 8006650.505944419, 'fire_exp': 8.399427000316898, 'P_half': 318.89631679310946, 'pre_dampen_half': 2.775169092478494, 'gpp_af': 1.0289708540679743, 'gpp_b': 0.0025208515644501456, 'gpp_d': 478.9952066292448, 'ign_k': 0.5962866834495043, 'ign_c': 0.10733500766104813, 'trop_agb_crit': 4.350418867556327, 'trop_k_veg': 3.0766280155006696, 'pop_amp': 8.02767889395167, 'pop_peak': 1.2901667488546578, 'pop_sig': 0.7242260011350524}. Best is trial 1128 with value: -0.620386984093161.
[I 2026-08-20 00:55:28,608] Trial 1402 finished with value: -0.561670964135266 and parameters: {'k1': 0.00035981619486026193, 'D_low': 6762.842319704562, 'k2': 0.01595894635379069, 'D_high': 2030140.6000273102, 'fire_exp': 5.108814233215481, 'P_half': 10.5277025648489, 'pre_dampen_half': 158.1349410376947, 'gpp_af': 0.018603241244757682, 'gpp_b': 0.0008467430488475636, 'gpp_d': 0.41832926298189904, 'ign_k': 0.5583383253955947, 'ign_c': 0.4131547647367449, 'trop_agb_crit': 10.07979425439025, 'trop_k_veg': 7.383468012109859, 'pop_amp': 0.25152543575599484, 'pop_peak': 1.1734411066887815, 'pop_sig': 0.8088830677172894}. Best is trial 1128 with value: -0.620386984093161.
[I 2026-08-20 00:55:30,713] Trial 1403 finished with value: 0.6410105905819478 and parameters: {'k1': 0.0001806821526514395, 'D_low': 482135.3026645011, 'k2': 0.017169203588629802, 'D_high': 4663047.190448434, 'fire_exp': 1.3421785120628877, 'P_half': 1.1758519812503405, 'pre_dampen_half': 4.346941117086384, 'gpp_af': 0.17375071062241268, 'gpp_b': 0.0005471623344465916, 'gpp_d': 0.477084187654, 'ign_k': 5.820590377781479, 'ign_c': 0.5119659375735759, 'trop_agb_crit': 1.5223713937643697, 'trop_k_veg': 3.336264785278881, 'pop_amp': 0.3534908769330064, 'pop_peak': 0.12974300440277792, 'pop_sig': 0.8870782385063973}. Best is trial 1128 with value: -0.620386984093161.
[I 2026-08-20 00:55:32,954] Trial 1404 finished with value: 0.5613430748131857 and parameters: {'k1': 0.00012443179197342932, 'D_low': 18.336235101459884, 'k2': 0.05853499032634127, 'D_high': 1491192.6340685214, 'fire_exp': 1.2017743550367548, 'P_half': 5.670995409250849, 'pre_dampen_half': 0.015628238806694394, 'gpp_af': 0.02789562950938716, 'gpp_b': 0.00028695510131509334, 'gpp_d': 1.0333161545307326, 'ign_k': 0.0011210063447919542, 'ign_c': 2.210568132768783, 'trop_agb_crit': 4.126684275328639, 'trop_k_veg': 0.5974766693505057, 'pop_amp': 0.28250283050532393, 'pop_peak': 18.593358223629803, 'pop_sig': 1.8282796262347327}. Best is trial 1128 with value: -0.620386984093161.
[I 2026-08-20 00:55:35,127] Trial 1405 finished with value: 0.5821962908705949 and parameters: {'k1': 0.0002679186010090405, 'D_low': 3.2471385143901585, 'k2': 0.02107743767135801, 'D_high': 4263507.649334968, 'fire_exp': 1.5817830597560631, 'P_half': 17.47668623600686, 'pre_dampen_half': 0.15203864998184666, 'gpp_af': 0.004157990828406924, 'gpp_b': 0.009861771691847054, 'gpp_d': 0.10428465973247923, 'ign_k': 0.0010063304505857533, 'ign_c': 0.24752604332130373, 'trop_agb_crit': 1.504648591045003, 'trop_k_veg': 1.3713556798399353, 'pop_amp': 3.5755618381045764, 'pop_peak': 13.20129343053954, 'pop_sig': 0.6387938931585263}. Best is trial 1128 with value: -0.620386984093161.
[I 2026-08-20 00:55:37,316] Trial 1406 finished with value: 0.6188579938766117 and parameters: {'k1': 7.735957892412423e-05, 'D_low': 230897.81041417617, 'k2': 0.003352660270813758, 'D_high': 7962168.2600095235, 'fire_exp': 2.5298101066597423, 'P_half': 769.097575569012, 'pre_dampen_half': 18.05067468097773, 'gpp_af': 0.40047970090306884, 'gpp_b': 0.00010859303208895506, 'gpp_d': 46.99223249922236, 'ign_k': 0.15884252003798227, 'ign_c': 2.6478937163223333, 'trop_agb_crit': 2.986954170681664, 'trop_k_veg': 5.329435499862407, 'pop_amp': 6.175811534909393, 'pop_peak': 161.11184642858595, 'pop_sig': 0.4351985534488519}. Best is trial 1128 with value: -0.620386984093161.
[I 2026-08-20 00:55:39,623] Trial 1407 finished with value: 0.5009025935827901 and parameters: {'k1': 0.06274186529805456, 'D_low': 20151.552945316842, 'k2': 0.023146356667516427, 'D_high': 262687.4500018631, 'fire_exp': 5.934231964870913, 'P_half': 101.53107346157188, 'pre_dampen_half': 65.27387814391264, 'gpp_af': 47.67305815578756, 'gpp_b': 0.0004144633082970512, 'gpp_d': 513.3469626100649, 'ign_k': 1.9615477358748743, 'ign_c': 6.818610424540974, 'trop_agb_crit': 12.2901805963385, 'trop_k_veg': 1.7719836958007182, 'pop_amp': 1.0397806195772616, 'pop_peak': 0.15068505765189463, 'pop_sig': 0.43547955800477006}. Best is trial 1128 with value: -0.620386984093161.
