[I 2026-08-20 00:47:47,265] Trial 1465 finished with value: 0.6441277086161188 and parameters: {'k1': 6.826300057395476e-05, 'D_low': 355.6361323476399, 'k2': 2.398671908537721e-05, 'D_high': 12.066728824252346, 'fire_exp': 4.773790560996423, 'P_half': 8635.559302043514, 'pre_dampen_half': 2.3724859638970246, 'gpp_af': 0.2130503868734808, 'gpp_b': 0.00010688569873127311, 'gpp_d': 0.24003043884971298, 'ign_k': 0.2533582953553135, 'ign_c': 0.6338270927387633, 'trop_agb_crit': 14.386359238904369, 'trop_k_veg': 1.2366320999422789}. Best is trial 1285 with value: -0.6015874360929447.
[I 2026-08-20 00:47:49,001] Trial 1466 finished with value: 0.6445374145881376 and parameters: {'k1': 0.0005649623187863794, 'D_low': 32.07191835587094, 'k2': 0.00015385580935974163, 'D_high': 426.85550181980125, 'fire_exp': 5.360044871781085, 'P_half': 416.40452432919903, 'pre_dampen_half': 40.42119764936351, 'gpp_af': 0.01322755132981669, 'gpp_b': 0.2940603640710953, 'gpp_d': 1.8081054560337104, 'ign_k': 6.489589929369511, 'ign_c': 499.1323885699762, 'trop_agb_crit': 1.5432120644619252, 'trop_k_veg': 2.877097827213244}. Best is trial 1285 with value: -0.6015874360929447.
[I 2026-08-20 00:47:50,399] Trial 1467 finished with value: 0.497330520548221 and parameters: {'k1': 3.286411218851668e-05, 'D_low': 280.3961892971151, 'k2': 0.0003933982149684054, 'D_high': 7387501.396278561, 'fire_exp': 2.146077412835218, 'P_half': 59.378395795465714, 'pre_dampen_half': 1.4222005226638992, 'gpp_af': 4.604792081714755, 'gpp_b': 0.017946054666690216, 'gpp_d': 381.0217763707675, 'ign_k': 1.0059690812935627, 'ign_c': 3.4965898578397105, 'trop_agb_crit': 25.815479078595395, 'trop_k_veg': 2.973049463896044}. Best is trial 1285 with value: -0.6015874360929447.
[I 2026-08-20 00:47:51,930] Trial 1468 finished with value: 0.6445374145881376 and parameters: {'k1': 0.00020994293470378794, 'D_low': 10439.173556070158, 'k2': 0.004344389934759264, 'D_high': 13.079823866294293, 'fire_exp': 4.898705900583993, 'P_half': 119.20234143572618, 'pre_dampen_half': 112.54347725040361, 'gpp_af': 53.50567638690258, 'gpp_b': 0.0013098158606215532, 'gpp_d': 0.2268673923632271, 'ign_k': 0.09866948838775474, 'ign_c': 73.4057349134642, 'trop_agb_crit': 4.238025967794381, 'trop_k_veg': 0.9521468287077653}. Best is trial 1285 with value: -0.6015874360929447.
[I 2026-08-20 00:47:53,388] Trial 1469 finished with value: 0.6401224466252982 and parameters: {'k1': 9.726753114836583e-05, 'D_low': 600.7099092694589, 'k2': 3.658393967380615e-05, 'D_high': 93.20135154974909, 'fire_exp': 1.5868900580694252, 'P_half': 374.02545003637516, 'pre_dampen_half': 0.643596100117486, 'gpp_af': 8.595260017138799, 'gpp_b': 1.0291701452581906e-05, 'gpp_d': 0.020733965806109866, 'ign_k': 3.95945933962308, 'ign_c': 1.0261989699843577, 'trop_agb_crit': 1.2669243039644242, 'trop_k_veg': 1.2475672837529108}. Best is trial 1285 with value: -0.6015874360929447.
[I 2026-08-20 00:47:54,889] Trial 1470 finished with value: 0.6315683156513733 and parameters: {'k1': 0.00014535795181777836, 'D_low': 526.876047468832, 'k2': 0.013890977922653881, 'D_high': 1922561.2660626122, 'fire_exp': 1.4461076877099512, 'P_half': 4489.3831232661305, 'pre_dampen_half': 0.4925992176249909, 'gpp_af': 19.094729757839918, 'gpp_b': 0.0012656652609763781, 'gpp_d': 0.22854009036841913, 'ign_k': 0.0016118072341206725, 'ign_c': 0.13613464085512703, 'trop_agb_crit': 7.8859147744567535, 'trop_k_veg': 5.6817810710354095}. Best is trial 1285 with value: -0.6015874360929447.
[I 2026-08-20 00:47:56,306] Trial 1471 finished with value: 0.4869888920218456 and parameters: {'k1': 0.0029473445809863525, 'D_low': 4752.511161482434, 'k2': 0.00041130941361519147, 'D_high': 198983.56713351983, 'fire_exp': 2.305960144015103, 'P_half': 80.9660118438626, 'pre_dampen_half': 0.8750543408878964, 'gpp_af': 0.9909408412158172, 'gpp_b': 0.0009592964016063057, 'gpp_d': 63.34946510148586, 'ign_k': 0.6951303586261472, 'ign_c': 5.335115141948969, 'trop_agb_crit': 19.687663830940853, 'trop_k_veg': 5.054864170635874}. Best is trial 1285 with value: -0.6015874360929447.
[I 2026-08-20 00:47:57,766] Trial 1472 finished with value: -0.4858098518393984 and parameters: {'k1': 0.00022870331679813023, 'D_low': 1474.4062848178387, 'k2': 0.04683885665854245, 'D_high': 30879.14250769683, 'fire_exp': 1.643871284687298, 'P_half': 2.419082802431546, 'pre_dampen_half': 20.862556174330482, 'gpp_af': 3.0923612839629793, 'gpp_b': 0.08752344085112422, 'gpp_d': 60.08418363754588, 'ign_k': 0.034722149538026534, 'ign_c': 0.2680216834748518, 'trop_agb_crit': 5.4686084422644825, 'trop_k_veg': 1.76047393737944}. Best is trial 1285 with value: -0.6015874360929447.
[I 2026-08-20 00:47:59,160] Trial 1473 finished with value: 0.5791194870907779 and parameters: {'k1': 0.005850123143135497, 'D_low': 4.014921172289374, 'k2': 1.3833305687290972e-05, 'D_high': 2719414.0729171317, 'fire_exp': 5.315706095999989, 'P_half': 3.7245051598868764, 'pre_dampen_half': 4.897753264238685, 'gpp_af': 11.323267101959868, 'gpp_b': 4.176341190066304e-05, 'gpp_d': 20.900396026575788, 'ign_k': 0.03053350256783964, 'ign_c': 4.079060762668314, 'trop_agb_crit': 25.0713379319293, 'trop_k_veg': 1.8477637196862182}. Best is trial 1285 with value: -0.6015874360929447.
[I 2026-08-20 00:48:00,593] Trial 1474 finished with value: 0.6376911104071448 and parameters: {'k1': 2.8420780213376903e-05, 'D_low': 62.54221393916801, 'k2': 0.001307772447395111, 'D_high': 94.63324686729665, 'fire_exp': 2.201294339606003, 'P_half': 1554.7911353281752, 'pre_dampen_half': 975.5182706401213, 'gpp_af': 0.01871062244512384, 'gpp_b': 0.010409094799412206, 'gpp_d': 0.11300811943164019, 'ign_k': 0.24592236677599785, 'ign_c': 0.25133410750213114, 'trop_agb_crit': 5.042095877216796, 'trop_k_veg': 1.3709463952731555}. Best is trial 1285 with value: -0.6015874360929447.
[I 2026-08-20 00:48:02,000] Trial 1475 finished with value: 0.602154948028589 and parameters: {'k1': 0.03719958367277373, 'D_low': 1.2809467862853012, 'k2': 0.0001060316194650354, 'D_high': 207.67250251602084, 'fire_exp': 4.190694563937618, 'P_half': 1.7721382986433278, 'pre_dampen_half': 2.2249586020875127, 'gpp_af': 0.033014742796932034, 'gpp_b': 0.0007784066740365991, 'gpp_d': 79.06274114181237, 'ign_k': 1.8995990149334672, 'ign_c': 4.045284175894391, 'trop_agb_crit': 4.134621222345036, 'trop_k_veg': 4.686161367261882}. Best is trial 1285 with value: -0.6015874360929447.
[I 2026-08-20 00:48:03,491] Trial 1476 finished with value: 0.4736830654179711 and parameters: {'k1': 8.172255660265931e-05, 'D_low': 300.5282721531379, 'k2': 0.0019575415803354383, 'D_high': 1053791.4538287122, 'fire_exp': 7.340886121872741, 'P_half': 1.1149720101346938, 'pre_dampen_half': 965.9156140565397, 'gpp_af': 1.6845570650536148, 'gpp_b': 0.044402479723364766, 'gpp_d': 27.480644759992767, 'ign_k': 3.3382618234773687, 'ign_c': 5.462597142955477, 'trop_agb_crit': 10.255497925057671, 'trop_k_veg': 3.0548767405413773}. Best is trial 1285 with value: -0.6015874360929447.
[I 2026-08-20 00:48:04,881] Trial 1477 finished with value: 0.5955960394755064 and parameters: {'k1': 0.0003858240168934473, 'D_low': 4.92479789167187, 'k2': 0.02467514315705699, 'D_high': 14129.763158381658, 'fire_exp': 1.1059727573641964, 'P_half': 29.486747311064395, 'pre_dampen_half': 0.046552592140189794, 'gpp_af': 0.005208828508381596, 'gpp_b': 0.02648265139291515, 'gpp_d': 739.3708932116862, 'ign_k': 0.005544358165887058, 'ign_c': 1.4114208129046055, 'trop_agb_crit': 13.392504209092506, 'trop_k_veg': 1.1903348475251834}. Best is trial 1285 with value: -0.6015874360929447.
[I 2026-08-20 00:48:06,335] Trial 1478 finished with value: 0.6445374145881376 and parameters: {'k1': 0.009607624281758641, 'D_low': 322.3405807042832, 'k2': 0.0004646551629172925, 'D_high': 4695017.386793517, 'fire_exp': 1.4695514042288658, 'P_half': 266.7318579617848, 'pre_dampen_half': 1.7324482500003728, 'gpp_af': 12.1411962196663, 'gpp_b': 0.038328381482784744, 'gpp_d': 496.5325245775201, 'ign_k': 0.6204325961650111, 'ign_c': 81.11336126481096, 'trop_agb_crit': 22.228451368925732, 'trop_k_veg': 2.389379029335467}. Best is trial 1285 with value: -0.6015874360929447.
[I 2026-08-20 00:48:07,746] Trial 1479 finished with value: 0.6445374145881376 and parameters: {'k1': 2.4914405635264526e-05, 'D_low': 696.0159516101702, 'k2': 0.001950629415261685, 'D_high': 17293.38583896407, 'fire_exp': 9.505697942260126, 'P_half': 4374.4796061836405, 'pre_dampen_half': 46.146223304398035, 'gpp_af': 0.003494020121055763, 'gpp_b': 0.010842090790826873, 'gpp_d': 0.980706064263622, 'ign_k': 0.002659265919953794, 'ign_c': 123.72856365386616, 'trop_agb_crit': 11.083907142665407, 'trop_k_veg': 2.0454982027962667}. Best is trial 1285 with value: -0.6015874360929447.
[I 2026-08-20 00:48:09,543] Trial 1480 finished with value: 0.6440597636211339 and parameters: {'k1': 0.0012552752013697713, 'D_low': 95.77901254306293, 'k2': 0.00682359184989724, 'D_high': 86.25971083629946, 'fire_exp': 1.5550081676652063, 'P_half': 9.352285679539662, 'pre_dampen_half': 0.023651127952518006, 'gpp_af': 0.020858523506147402, 'gpp_b': 1.263858718526497, 'gpp_d': 0.014583552009974875, 'ign_k': 0.9721349699020313, 'ign_c': 0.17424646672275612, 'trop_agb_crit': 20.111397028104943, 'trop_k_veg': 3.3323913851488385}. Best is trial 1285 with value: -0.6015874360929447.
[I 2026-08-20 00:48:10,914] Trial 1481 finished with value: 0.4908389368478192 and parameters: {'k1': 0.00020302980559200144, 'D_low': 576.1441182706288, 'k2': 0.010541349837172736, 'D_high': 2705597.7676161514, 'fire_exp': 2.0585816437494806, 'P_half': 28.84586579901627, 'pre_dampen_half': 2.182377112638122, 'gpp_af': 0.06047006433282809, 'gpp_b': 0.0012961784454728585, 'gpp_d': 265.61897835628434, 'ign_k': 0.0656528304362592, 'ign_c': 0.10871368694918174, 'trop_agb_crit': 23.771501926198606, 'trop_k_veg': 3.425327260732451}. Best is trial 1285 with value: -0.6015874360929447.
[I 2026-08-20 00:48:12,326] Trial 1482 finished with value: 0.6448497368072413 and parameters: {'k1': 0.0026520436778113333, 'D_low': 1721.5740996372065, 'k2': 0.00039976481540441623, 'D_high': 754120.079598015, 'fire_exp': 1.0311634728107888, 'P_half': 276.4963359613828, 'pre_dampen_half': 0.23375828214238048, 'gpp_af': 0.6056039383973844, 'gpp_b': 2.4353415372124587e-05, 'gpp_d': 0.3296993413252949, 'ign_k': 8.772266976788401, 'ign_c': 37.81377025264843, 'trop_agb_crit': 24.47284941575292, 'trop_k_veg': 3.7571527113897325}. Best is trial 1285 with value: -0.6015874360929447.
[I 2026-08-20 00:48:13,772] Trial 1483 finished with value: 0.5921854101117231 and parameters: {'k1': 0.083681933731195, 'D_low': 18.054846012855304, 'k2': 8.608636231625674e-05, 'D_high': 1759977.194254666, 'fire_exp': 7.714986478266022, 'P_half': 4.85096771901849, 'pre_dampen_half': 59.78834473900051, 'gpp_af': 2.125679723338228, 'gpp_b': 0.002489273266452451, 'gpp_d': 631.958341787364, 'ign_k': 0.03279516602991725, 'ign_c': 30.438480586440008, 'trop_agb_crit': 24.016096468576723, 'trop_k_veg': 1.5939344829954216}. Best is trial 1285 with value: -0.6015874360929447.
[I 2026-08-20 00:48:15,179] Trial 1484 finished with value: 0.4611246684550464 and parameters: {'k1': 0.0002935949102510894, 'D_low': 6417.683642376327, 'k2': 0.0005811152666785478, 'D_high': 2543109.46960198, 'fire_exp': 7.539451332123766, 'P_half': 1.15493323181993, 'pre_dampen_half': 12.329025570909586, 'gpp_af': 0.020480840432179993, 'gpp_b': 5.604326905486602e-05, 'gpp_d': 0.5196645070088294, 'ign_k': 0.8462880515474555, 'ign_c': 0.48769775377840074, 'trop_agb_crit': 22.621652560972393, 'trop_k_veg': 7.784205324363165}. Best is trial 1285 with value: -0.6015874360929447.
[I 2026-08-20 00:48:16,578] Trial 1485 finished with value: 0.4270598949289244 and parameters: {'k1': 6.604281950492333e-05, 'D_low': 2120.119389042344, 'k2': 0.08409388768566683, 'D_high': 512112.8168350885, 'fire_exp': 1.9932898549391806, 'P_half': 36.66960467940393, 'pre_dampen_half': 427.018582710633, 'gpp_af': 0.17654454363666686, 'gpp_b': 0.0006940561302820836, 'gpp_d': 22.845819511747738, 'ign_k': 0.5230513614958011, 'ign_c': 9.70243221797509, 'trop_agb_crit': 20.851883374277914, 'trop_k_veg': 0.7671482784381963}. Best is trial 1285 with value: -0.6015874360929447.
[I 2026-08-20 00:48:17,987] Trial 1486 finished with value: 0.43887891871382423 and parameters: {'k1': 0.01084224658491797, 'D_low': 60.21114641049845, 'k2': 3.7503987133537166e-05, 'D_high': 3869212.706406516, 'fire_exp': 3.2242930569476136, 'P_half': 18.660095213089573, 'pre_dampen_half': 28.70858462682447, 'gpp_af': 3.876646923435995, 'gpp_b': 0.00013723576411545806, 'gpp_d': 863.2151120117188, 'ign_k': 0.2636622385540115, 'ign_c': 3.5703078041970784, 'trop_agb_crit': 21.640058338568124, 'trop_k_veg': 3.55553642401122}. Best is trial 1285 with value: -0.6015874360929447.
[I 2026-08-20 00:48:19,488] Trial 1487 finished with value: 0.5564271744130972 and parameters: {'k1': 0.004638663304569409, 'D_low': 7.627074735931106, 'k2': 3.367706663743386e-05, 'D_high': 489587.8381227203, 'fire_exp': 3.1671392927051225, 'P_half': 8.585941549329064, 'pre_dampen_half': 202.27465958070462, 'gpp_af': 23.983982556223857, 'gpp_b': 0.00707386147663725, 'gpp_d': 1.1794277787066312, 'ign_k': 0.8978700039479816, 'ign_c': 24.53793882453609, 'trop_agb_crit': 4.268396579978688, 'trop_k_veg': 1.7983110156375737}. Best is trial 1285 with value: -0.6015874360929447.
[I 2026-08-20 00:48:20,935] Trial 1488 finished with value: 0.6445374145881376 and parameters: {'k1': 0.0004486956941254296, 'D_low': 11612.776832010542, 'k2': 0.02154934147500554, 'D_high': 271.7776876085607, 'fire_exp': 7.487433954072765, 'P_half': 22.453539917914167, 'pre_dampen_half': 27.60387650924229, 'gpp_af': 57.822491178394685, 'gpp_b': 1.6508274598336248, 'gpp_d': 8.08302815230641, 'ign_k': 0.024127501606558917, 'ign_c': 2.725369223890391, 'trop_agb_crit': 6.58740306768853, 'trop_k_veg': 7.4766362719947335}. Best is trial 1285 with value: -0.6015874360929447.
[I 2026-08-20 00:48:22,371] Trial 1489 finished with value: 0.6445374145881376 and parameters: {'k1': 0.00043999677771423585, 'D_low': 7112.588132988363, 'k2': 3.033492678209147e-05, 'D_high': 1228.1996940569702, 'fire_exp': 6.242264494671824, 'P_half': 915.8169509892637, 'pre_dampen_half': 61.67391399188131, 'gpp_af': 0.024009068899513077, 'gpp_b': 0.3330429692477087, 'gpp_d': 13.223011280586025, 'ign_k': 0.8936898311643771, 'ign_c': 0.12178824013230845, 'trop_agb_crit': 10.448796192728883, 'trop_k_veg': 0.9018757708791931}. Best is trial 1285 with value: -0.6015874360929447.
[I 2026-08-20 00:48:23,792] Trial 1490 finished with value: 0.5377863632609822 and parameters: {'k1': 4.919629102516495e-05, 'D_low': 212.33101033557259, 'k2': 0.014493941051197832, 'D_high': 168605.4092689024, 'fire_exp': 2.8412217201991146, 'P_half': 15.097350720002252, 'pre_dampen_half': 6.291538462368731, 'gpp_af': 0.013919016815385809, 'gpp_b': 0.002049100165594694, 'gpp_d': 6.872455116824406, 'ign_k': 5.25069097421597, 'ign_c': 3.819138230266678, 'trop_agb_crit': 28.189463431754714, 'trop_k_veg': 1.1210081251525819}. Best is trial 1285 with value: -0.6015874360929447.
[I 2026-08-20 00:48:25,244] Trial 1491 finished with value: 0.43870876513409773 and parameters: {'k1': 0.008618699903860754, 'D_low': 579.1381784689103, 'k2': 7.696093696425395e-05, 'D_high': 3513886.7932744953, 'fire_exp': 1.992633194063802, 'P_half': 22.43952900970106, 'pre_dampen_half': 14.667726189479053, 'gpp_af': 0.07785071357608263, 'gpp_b': 6.578466031766583e-05, 'gpp_d': 7.0553246631614215, 'ign_k': 0.5161576230670902, 'ign_c': 1.558362095034677, 'trop_agb_crit': 20.14690178250322, 'trop_k_veg': 4.483974793468677}. Best is trial 1285 with value: -0.6015874360929447.
[I 2026-08-20 00:48:26,694] Trial 1492 finished with value: 0.6445374145881376 and parameters: {'k1': 0.003639528263559539, 'D_low': 77.19889665238618, 'k2': 0.0020103335665460735, 'D_high': 3166.4748143583065, 'fire_exp': 9.346184932692323, 'P_half': 2545.2389518034856, 'pre_dampen_half': 0.01998831532343498, 'gpp_af': 1.2293253046946504, 'gpp_b': 0.03889071750892841, 'gpp_d': 0.24354643379978502, 'ign_k': 0.6679955434208761, 'ign_c': 71.61685658764483, 'trop_agb_crit': 2.023260157713539, 'trop_k_veg': 4.7418752814180305}. Best is trial 1285 with value: -0.6015874360929447.
[I 2026-08-20 00:48:28,082] Trial 1493 finished with value: 0.5895228063761316 and parameters: {'k1': 0.00020186385299615598, 'D_low': 2730.5077215222427, 'k2': 0.00014266121387088808, 'D_high': 14607.789735254932, 'fire_exp': 2.4356698293252124, 'P_half': 1.689387325724976, 'pre_dampen_half': 126.02247542606071, 'gpp_af': 7.022282442988159, 'gpp_b': 0.632936030570454, 'gpp_d': 298.6622163467651, 'ign_k': 0.02536436820101475, 'ign_c': 14.621600227947253, 'trop_agb_crit': 6.757532569773373, 'trop_k_veg': 2.8079315517183403}. Best is trial 1285 with value: -0.6015874360929447.
[I 2026-08-20 00:48:29,517] Trial 1494 finished with value: 0.5121046298943712 and parameters: {'k1': 0.005105600061204855, 'D_low': 330.3321180373338, 'k2': 0.0006147448076599012, 'D_high': 2689942.146627969, 'fire_exp': 3.181246583880474, 'P_half': 70.03485122419511, 'pre_dampen_half': 3.551821041872668, 'gpp_af': 0.398240810740002, 'gpp_b': 0.10367658515521384, 'gpp_d': 387.3477294700228, 'ign_k': 1.4398652033253294, 'ign_c': 3.380510210051044, 'trop_agb_crit': 10.231081477749006, 'trop_k_veg': 4.33761188763063}. Best is trial 1285 with value: -0.6015874360929447.
[I 2026-08-20 00:48:31,285] Trial 1495 finished with value: -0.5654065613013156 and parameters: {'k1': 0.03216531936102417, 'D_low': 1559.6668245787102, 'k2': 0.00035225381230899927, 'D_high': 1165102.7791820387, 'fire_exp': 3.3895133069628662, 'P_half': 112.78395357254807, 'pre_dampen_half': 792.3845103609634, 'gpp_af': 2.669772328095703, 'gpp_b': 0.07657762376364262, 'gpp_d': 76.17058154452404, 'ign_k': 1.6108202876105968, 'ign_c': 4.72976728883779, 'trop_agb_crit': 19.458041101604667, 'trop_k_veg': 0.8476285910795687}. Best is trial 1285 with value: -0.6015874360929447.
[I 2026-08-20 00:48:32,748] Trial 1496 finished with value: 0.6445374145881376 and parameters: {'k1': 1.4707792631671991e-05, 'D_low': 17115.160488623886, 'k2': 0.0008566829133736938, 'D_high': 3016.9366042355655, 'fire_exp': 1.7933044006440868, 'P_half': 128.67221729440442, 'pre_dampen_half': 0.013439119715341027, 'gpp_af': 68.93290148295961, 'gpp_b': 0.001607508431258072, 'gpp_d': 31.937123232106384, 'ign_k': 3.5038045968263396, 'ign_c': 438.6995846276085, 'trop_agb_crit': 2.160535923945519, 'trop_k_veg': 2.7847793626068675}. Best is trial 1285 with value: -0.6015874360929447.
[I 2026-08-20 00:48:34,130] Trial 1497 finished with value: 0.5596217798626897 and parameters: {'k1': 0.000242621615154139, 'D_low': 188.86204446660153, 'k2': 0.00015998463953820064, 'D_high': 691133.134045894, 'fire_exp': 2.479740803929907, 'P_half': 2.042899231810889, 'pre_dampen_half': 2.525522511414107, 'gpp_af': 2.7826675634781353, 'gpp_b': 1.711336938688025, 'gpp_d': 72.10264226867623, 'ign_k': 0.49832511049733863, 'ign_c': 2.788053624992212, 'trop_agb_crit': 20.765304276083377, 'trop_k_veg': 5.75095082895544}. Best is trial 1285 with value: -0.6015874360929447.
[I 2026-08-20 00:48:35,546] Trial 1498 finished with value: 0.6445374145881376 and parameters: {'k1': 5.2463031739049976e-05, 'D_low': 2.1535251948928824, 'k2': 0.0347554196050157, 'D_high': 1789556.5705446142, 'fire_exp': 1.5780789027252227, 'P_half': 2607.567871787038, 'pre_dampen_half': 867.7941602816389, 'gpp_af': 0.0012510120148689881, 'gpp_b': 0.11018212811108366, 'gpp_d': 0.07137661404304432, 'ign_k': 0.24400969085978044, 'ign_c': 157.7988036734944, 'trop_agb_crit': 11.988416328148531, 'trop_k_veg': 6.707085963280142}. Best is trial 1285 with value: -0.6015874360929447.
[I 2026-08-20 00:48:36,928] Trial 1499 finished with value: 0.5577667739857852 and parameters: {'k1': 0.03899968670269656, 'D_low': 1.0097821906340811, 'k2': 2.9686960391848527e-05, 'D_high': 7459395.8722425895, 'fire_exp': 3.89095787513379, 'P_half': 73.12087765723088, 'pre_dampen_half': 3.033615354010799, 'gpp_af': 54.92843582858575, 'gpp_b': 0.00031856637421938925, 'gpp_d': 317.5855343970166, 'ign_k': 0.10269410607246679, 'ign_c': 17.088058102054838, 'trop_agb_crit': 21.66304450553917, 'trop_k_veg': 1.0798592512468488}. Best is trial 1285 with value: -0.6015874360929447.
[I 2026-08-20 00:48:38,366] Trial 1500 finished with value: 0.6402333369410087 and parameters: {'k1': 2.3539690072400663e-05, 'D_low': 356.61348735277306, 'k2': 0.0009625339180864422, 'D_high': 1114.831169494376, 'fire_exp': 1.8875902723469622, 'P_half': 1.4567135672858496, 'pre_dampen_half': 3.019549446919194, 'gpp_af': 1.451457384422789, 'gpp_b': 0.000422629010539936, 'gpp_d': 0.15593663930154017, 'ign_k': 0.0022575509511080292, 'ign_c': 0.6161281323854803, 'trop_agb_crit': 2.068202810833343, 'trop_k_veg': 1.910353178535544}. Best is trial 1285 with value: -0.6015874360929447.
[I 2026-08-20 00:48:39,759] Trial 1501 finished with value: 0.5949062426953456 and parameters: {'k1': 0.01725761592662995, 'D_low': 181.73560612329317, 'k2': 9.315326713491839e-05, 'D_high': 4502895.679034431, 'fire_exp': 2.7848716284118633, 'P_half': 608.7958974924753, 'pre_dampen_half': 210.50613030139328, 'gpp_af': 0.0408536004261672, 'gpp_b': 0.03930743275136693, 'gpp_d': 58.64995370216697, 'ign_k': 4.02075037053193, 'ign_c': 0.45233630976565486, 'trop_agb_crit': 12.585904338491838, 'trop_k_veg': 1.5242699409796026}. Best is trial 1285 with value: -0.6015874360929447.
