[I 2026-07-22 22:04:45,583] Trial 180 finished with values: [11.265859207409978, 11.265859207409978] and parameters: {'k1': 6.693990428538841e-05, 'D_low': 163.4864778201543, 'k2': 0.002342238625792905, 'D_high': 887331.2884015184, 'fire_exp': 1.0341837609578937, 'P_half': 10.226988730324324, 'pre_dampen_half': 10.059683154936915, 'gpp_af': 29.925002022877816, 'gpp_b': 0.002022832315155261, 'gpp_d': 25.017068255320467, 'ign_k': 0.04732407125181112, 'ign_c': 3.4084279109230433, 'trop_agb_crit': 6.1198430581046965, 'trop_k_veg': 0.9793402026070162, 'fuel_k': 0.028970790717327534, 'fuel_half': 16.371966573507315}.
[I 2026-07-22 22:04:46,024] Trial 181 finished with values: [10.322138581703383, 10.322138581703383] and parameters: {'k1': 0.00023352156626184448, 'D_low': 1.1640589436768796, 'k2': 1.6559474674046002e-05, 'D_high': 2512533.442757688, 'fire_exp': 2.2271826002669806, 'P_half': 38.82837025280678, 'pre_dampen_half': 10.059683154936915, 'gpp_af': 2.114381609520638, 'gpp_b': 0.002022832315155261, 'gpp_d': 25.017068255320467, 'ign_k': 0.04732407125181112, 'ign_c': 2.4423775964038934, 'trop_agb_crit': 12.285102065067687, 'trop_k_veg': 1.7518409078083697, 'fuel_k': 0.09252659617259135, 'fuel_half': 2.276766792290519}.
[I 2026-07-22 22:04:46,469] Trial 182 finished with values: [-0.29445362804265257, 0.4130701374255844] and parameters: {'k1': 0.002968335334246999, 'D_low': 11697.604007727205, 'k2': 2.8459703343413838e-05, 'D_high': 8433503.858791472, 'fire_exp': 2.3750840427797026, 'P_half': 1.4378290221680121, 'pre_dampen_half': 33.71909132517388, 'gpp_af': 42.29037995744429, 'gpp_b': 0.024796579879439486, 'gpp_d': 6.378078463802852, 'ign_k': 4.59148521674054, 'ign_c': 4.1108484350212295, 'trop_agb_crit': 10.719494362768906, 'trop_k_veg': 3.107373729897127, 'fuel_k': 1.2528108647479208, 'fuel_half': 7.259866824755671}.
[I 2026-07-22 22:04:46,909] Trial 183 finished with values: [12.211897485786062, 12.211897485786062] and parameters: {'k1': 0.002971796631657383, 'D_low': 163.4864778201543, 'k2': 0.001566517163094646, 'D_high': 16392.60991832772, 'fire_exp': 1.0341837609578937, 'P_half': 7.890004262668578, 'pre_dampen_half': 36.876350096202984, 'gpp_af': 0.12243451886824051, 'gpp_b': 0.011750724729953272, 'gpp_d': 4.576857873108685, 'ign_k': 0.011698039424426817, 'ign_c': 0.11650681118986138, 'trop_agb_crit': 6.1198430581046965, 'trop_k_veg': 0.9793402026070162, 'fuel_k': 0.018207179480706392, 'fuel_half': 43.240425516201206}.
  trial  184/1500  pareto_size=1  best_taylor=0.6719  best_ilamb=0.4613  (1.4 min)
[I 2026-07-22 22:04:47,410] Trial 184 finished with values: [10.147305338643235, 10.147305338643235] and parameters: {'k1': 6.693990428538841e-05, 'D_low': 1.1640589436768796, 'k2': 3.5281132746849994e-05, 'D_high': 305369.47947832284, 'fire_exp': 2.2271826002669806, 'P_half': 10.226988730324324, 'pre_dampen_half': 36.876350096202984, 'gpp_af': 2.114381609520638, 'gpp_b': 0.002022832315155261, 'gpp_d': 4.576857873108685, 'ign_k': 0.0026834162496848666, 'ign_c': 6.1609752947414345, 'trop_agb_crit': 6.1198430581046965, 'trop_k_veg': 0.9793402026070162, 'fuel_k': 0.028970790717327534, 'fuel_half': 16.371966573507315}.
[I 2026-07-22 22:04:47,867] Trial 185 finished with values: [10.750258099204567, 10.750258099204567] and parameters: {'k1': 0.0010204225357677778, 'D_low': 118.5778850288792, 'k2': 1.854837679096716e-05, 'D_high': 6978.624673182437, 'fire_exp': 2.076479834926162, 'P_half': 3910.3637457741784, 'pre_dampen_half': 19.600139992927424, 'gpp_af': 0.008983355849178878, 'gpp_b': 1.6569065206637924e-05, 'gpp_d': 2.2926339830965645, 'ign_k': 0.005105542986365654, 'ign_c': 0.22636544662054536, 'trop_agb_crit': 18.047304706421063, 'trop_k_veg': 1.7570501127699656, 'fuel_k': 0.28630931797361614, 'fuel_half': 2.1003334103218068}.
[I 2026-07-22 22:04:48,313] Trial 186 finished with values: [10.598042270845346, 10.598042270845346] and parameters: {'k1': 0.00029589152820953097, 'D_low': 6220.638781359816, 'k2': 1.6559474674046002e-05, 'D_high': 1026.0852623190942, 'fire_exp': 1.0862503061991866, 'P_half': 2193.8654178115053, 'pre_dampen_half': 0.4016986062226068, 'gpp_af': 0.008562341633595545, 'gpp_b': 1.7565109007473816e-05, 'gpp_d': 9.00460602264307, 'ign_k': 0.5131654955148324, 'ign_c': 0.11650681118986138, 'trop_agb_crit': 5.707205898008383, 'trop_k_veg': 0.9369104721775232, 'fuel_k': 0.6199941538390381, 'fuel_half': 0.3335026483569958}.
[I 2026-07-22 22:04:48,756] Trial 187 finished with values: [10.768397147317582, 10.768397147317582] and parameters: {'k1': 0.052334804885400876, 'D_low': 70586.60227368641, 'k2': 2.8459703343413838e-05, 'D_high': 107013.64911724928, 'fire_exp': 2.213762680468843, 'P_half': 2193.8654178115053, 'pre_dampen_half': 36.876350096202984, 'gpp_af': 18.235072804314193, 'gpp_b': 1.7565109007473816e-05, 'gpp_d': 9.00460602264307, 'ign_k': 0.0026834162496848666, 'ign_c': 6.1609752947414345, 'trop_agb_crit': 5.707205898008383, 'trop_k_veg': 0.5415365826598848, 'fuel_k': 0.9288369623462727, 'fuel_half': 7.259866824755671}.
[I 2026-07-22 22:04:49,184] Trial 188 finished with values: [10.711731886449549, 10.711731886449549] and parameters: {'k1': 1.8205657658407255e-05, 'D_low': 4158.269729781509, 'k2': 0.02228708726011015, 'D_high': 2283.4228779494524, 'fire_exp': 1.8947494928972934, 'P_half': 334.62201030483817, 'pre_dampen_half': 25.15960733455045, 'gpp_af': 0.15876781526923997, 'gpp_b': 5.397956855996442e-05, 'gpp_d': 2.4002253099641138, 'ign_k': 0.0013726318898045872, 'ign_c': 558.880500599197, 'trop_agb_crit': 2.598572417333811, 'trop_k_veg': 0.907369149674874, 'fuel_k': 0.0734480915638841, 'fuel_half': 3.632486956676605}.
[I 2026-07-22 22:04:49,622] Trial 189 finished with values: [10.678669475327322, 10.678669475327322] and parameters: {'k1': 0.002968335334246999, 'D_low': 19389.89852278267, 'k2': 0.0006579066240690734, 'D_high': 58257.048833920686, 'fire_exp': 2.264545306066772, 'P_half': 894.5150807271528, 'pre_dampen_half': 12.389588752305043, 'gpp_af': 0.3259758793317361, 'gpp_b': 0.0032930655419269924, 'gpp_d': 2.901272149738622, 'ign_k': 0.06647020392311619, 'ign_c': 4.1108484350212295, 'trop_agb_crit': 2.598572417333811, 'trop_k_veg': 0.6898193780989617, 'fuel_k': 0.194188856108826, 'fuel_half': 0.13249100882689224}.
[I 2026-07-22 22:04:50,067] Trial 190 finished with values: [10.766367699702108, 10.766367699702108] and parameters: {'k1': 5.3397427849512415e-05, 'D_low': 118.5778850288792, 'k2': 0.038650368562597265, 'D_high': 6978.624673182437, 'fire_exp': 1.8435203341118644, 'P_half': 1025.3368317956683, 'pre_dampen_half': 0.09150505661171647, 'gpp_af': 2.114381609520638, 'gpp_b': 0.002022832315155261, 'gpp_d': 25.017068255320467, 'ign_k': 0.04732407125181112, 'ign_c': 3.4084279109230433, 'trop_agb_crit': 1.5072795582679794, 'trop_k_veg': 0.5695379443977426, 'fuel_k': 0.028970790717327534, 'fuel_half': 16.371966573507315}.
[I 2026-07-22 22:04:50,511] Trial 191 finished with values: [11.783575758447421, 11.783575758447421] and parameters: {'k1': 0.002971796631657383, 'D_low': 163.4864778201543, 'k2': 2.8459703343413838e-05, 'D_high': 107013.64911724928, 'fire_exp': 1.0341837609578937, 'P_half': 10.226988730324324, 'pre_dampen_half': 36.876350096202984, 'gpp_af': 18.235072804314193, 'gpp_b': 1.7565109007473816e-05, 'gpp_d': 9.00460602264307, 'ign_k': 0.5131654955148324, 'ign_c': 6.1609752947414345, 'trop_agb_crit': 6.1198430581046965, 'trop_k_veg': 0.9793402026070162, 'fuel_k': 0.6199941538390381, 'fuel_half': 7.259866824755671}.
[I 2026-07-22 22:04:50,953] Trial 192 finished with values: [10.76634874356469, 10.76634874356469] and parameters: {'k1': 0.0032930213963426706, 'D_low': 367.4904945305323, 'k2': 1.263794633808287e-05, 'D_high': 44.39648242927527, 'fire_exp': 1.0292169511970342, 'P_half': 351.2704726270846, 'pre_dampen_half': 0.06209055280340042, 'gpp_af': 25.371947027764822, 'gpp_b': 2.7886810374231183, 'gpp_d': 2.901272149738622, 'ign_k': 0.06647020392311619, 'ign_c': 30.236421525614126, 'trop_agb_crit': 2.598572417333811, 'trop_k_veg': 0.5348713617837559, 'fuel_k': 0.194188856108826, 'fuel_half': 0.30455368715396786}.
[I 2026-07-22 22:04:51,394] Trial 193 finished with values: [10.15731351621471, 10.15731351621471] and parameters: {'k1': 0.002968335334246999, 'D_low': 140.92119204434155, 'k2': 0.07799059237255677, 'D_high': 107013.64911724928, 'fire_exp': 1.2386878293405026, 'P_half': 2193.8654178115053, 'pre_dampen_half': 228.6744476401009, 'gpp_af': 0.11022143612695977, 'gpp_b': 0.0005392415140872105, 'gpp_d': 9.00460602264307, 'ign_k': 0.006039096247545781, 'ign_c': 4.1108484350212295, 'trop_agb_crit': 3.5522713231614182, 'trop_k_veg': 0.5415365826598848, 'fuel_k': 0.6199941538390381, 'fuel_half': 0.33988503110784557}.
[I 2026-07-22 22:04:51,831] Trial 194 finished with values: [10.05139441854693, 10.05139441854693] and parameters: {'k1': 0.00011502956321912731, 'D_low': 6220.638781359816, 'k2': 0.07799059237255677, 'D_high': 16392.60991832772, 'fire_exp': 1.0862503061991866, 'P_half': 7.890004262668578, 'pre_dampen_half': 94.20121790275627, 'gpp_af': 0.12243451886824051, 'gpp_b': 0.02893498807797731, 'gpp_d': 9.00460602264307, 'ign_k': 0.0013091491622098177, 'ign_c': 77.59048401667629, 'trop_agb_crit': 2.598572417333811, 'trop_k_veg': 2.417028380770307, 'fuel_k': 0.018207179480706392, 'fuel_half': 0.33988503110784557}.
[I 2026-07-22 22:04:52,270] Trial 195 finished with values: [10.769230768877819, 10.769230768877819] and parameters: {'k1': 6.693990428538841e-05, 'D_low': 1.1640589436768796, 'k2': 3.5281132746849994e-05, 'D_high': 2512533.442757688, 'fire_exp': 2.264545306066772, 'P_half': 334.62201030483817, 'pre_dampen_half': 94.20121790275627, 'gpp_af': 0.11022143612695977, 'gpp_b': 0.002022832315155261, 'gpp_d': 8.057329182285729, 'ign_k': 0.04732407125181112, 'ign_c': 201.0328373440913, 'trop_agb_crit': 3.5522713231614182, 'trop_k_veg': 0.5695379443977426, 'fuel_k': 0.08612665817296865, 'fuel_half': 0.33988503110784557}.
[I 2026-07-22 22:04:52,717] Trial 196 finished with values: [10.27534531974363, 10.27534531974363] and parameters: {'k1': 2.27847364377152e-05, 'D_low': 6220.638781359816, 'k2': 0.001566517163094646, 'D_high': 30235.506416287044, 'fire_exp': 1.0862503061991866, 'P_half': 3.6138942712165267, 'pre_dampen_half': 0.4016986062226068, 'gpp_af': 0.06789053271698488, 'gpp_b': 1.7565109007473816e-05, 'gpp_d': 9.00460602264307, 'ign_k': 0.006290644294586149, 'ign_c': 11.40086370112731, 'trop_agb_crit': 9.362115196011851, 'trop_k_veg': 0.5687244174086067, 'fuel_k': 0.018207179480706392, 'fuel_half': 0.3335026483569958}.
[I 2026-07-22 22:04:53,158] Trial 197 finished with values: [10.400342303669252, 10.400342303669252] and parameters: {'k1': 3.277022851928565e-05, 'D_low': 140.92119204434155, 'k2': 2.8459703343413838e-05, 'D_high': 107013.64911724928, 'fire_exp': 1.2386878293405026, 'P_half': 21.901578520649217, 'pre_dampen_half': 36.876350096202984, 'gpp_af': 29.925002022877816, 'gpp_b': 0.011750724729953272, 'gpp_d': 4.576857873108685, 'ign_k': 0.0026834162496848666, 'ign_c': 94.19612235978188, 'trop_agb_crit': 6.1198430581046965, 'trop_k_veg': 0.7808079158649266, 'fuel_k': 0.05597555634027867, 'fuel_half': 1.3547291924247347}.
[I 2026-07-22 22:04:53,599] Trial 198 finished with values: [10.435177738601572, 10.435177738601572] and parameters: {'k1': 0.0187011406476519, 'D_low': 140.92119204434155, 'k2': 0.0034167643418329683, 'D_high': 1693415.5410667954, 'fire_exp': 1.2386878293405026, 'P_half': 4221.021267871046, 'pre_dampen_half': 3.9885726374014694, 'gpp_af': 0.49740621749684094, 'gpp_b': 0.6992636148959314, 'gpp_d': 144.76743839390986, 'ign_k': 0.5131654955148324, 'ign_c': 4.1108484350212295, 'trop_agb_crit': 5.707205898008383, 'trop_k_veg': 0.5415365826598848, 'fuel_k': 4.517981047227404, 'fuel_half': 7.259866824755671}.
[I 2026-07-22 22:04:54,033] Trial 199 finished with values: [11.099019131885639, 11.099019131885639] and parameters: {'k1': 0.0058043147174140705, 'D_low': 11.437258028094242, 'k2': 0.05583672722754823, 'D_high': 1022307.2030625104, 'fire_exp': 1.6108357183810933, 'P_half': 126.69536563782302, 'pre_dampen_half': 868.1843415114095, 'gpp_af': 1.4498445474033743, 'gpp_b': 1.2892705405728861e-05, 'gpp_d': 372.8155624293852, 'ign_k': 0.00515399351160314, 'ign_c': 4.1108484350212295, 'trop_agb_crit': 1.5774541406529003, 'trop_k_veg': 0.977663002683211, 'fuel_k': 0.6452742971240902, 'fuel_half': 97.86395331218435}.
[I 2026-07-22 22:04:54,476] Trial 200 finished with values: [-0.4269904131536497, 0.11038674514426494] and parameters: {'k1': 0.0004688858519834985, 'D_low': 1108.6804835269193, 'k2': 0.07799059237255677, 'D_high': 6978.624673182437, 'fire_exp': 1.3219590610242518, 'P_half': 4.889669266916749, 'pre_dampen_half': 233.2883871089529, 'gpp_af': 0.3259758793317361, 'gpp_b': 0.02893498807797731, 'gpp_d': 2.901272149738622, 'ign_k': 0.0075985864315887865, 'ign_c': 98.40989343758308, 'trop_agb_crit': 12.285102065067687, 'trop_k_veg': 3.324264218444254, 'fuel_k': 0.03743055596010634, 'fuel_half': 2.84163933350535}.
[I 2026-07-22 22:04:54,941] Trial 201 finished with values: [10.433770805930733, 10.433770805930733] and parameters: {'k1': 1.0605801312906204e-05, 'D_low': 4956.545863307493, 'k2': 0.000140654144219877, 'D_high': 305369.47947832284, 'fire_exp': 1.0341837609578937, 'P_half': 10.226988730324324, 'pre_dampen_half': 0.09150505661171647, 'gpp_af': 0.0016008221370480654, 'gpp_b': 2.325239859823921e-05, 'gpp_d': 0.24714492403026278, 'ign_k': 0.005105542986365654, 'ign_c': 6.1609752947414345, 'trop_agb_crit': 1.5072795582679794, 'trop_k_veg': 0.9793402026070162, 'fuel_k': 0.03743055596010634, 'fuel_half': 1.3547291924247347}.
[I 2026-07-22 22:04:55,388] Trial 202 finished with values: [10.216624145518919, 10.216624145518919] and parameters: {'k1': 0.00029589152820953097, 'D_low': 6220.638781359816, 'k2': 0.07799059237255677, 'D_high': 16392.60991832772, 'fire_exp': 1.0862503061991866, 'P_half': 334.62201030483817, 'pre_dampen_half': 0.4016986062226068, 'gpp_af': 0.3259758793317361, 'gpp_b': 1.7565109007473816e-05, 'gpp_d': 12.151631524283598, 'ign_k': 0.5131654955148324, 'ign_c': 0.11650681118986138, 'trop_agb_crit': 5.707205898008383, 'trop_k_veg': 3.024803048559367, 'fuel_k': 0.6211831489538813, 'fuel_half': 0.33988503110784557}.
[I 2026-07-22 22:04:55,825] Trial 203 finished with values: [10.321779044262438, 10.321779044262438] and parameters: {'k1': 0.052334804885400876, 'D_low': 163.4864778201543, 'k2': 3.609310926766545e-05, 'D_high': 305369.47947832284, 'fire_exp': 2.4572720237054373, 'P_half': 10.226988730324324, 'pre_dampen_half': 36.876350096202984, 'gpp_af': 18.235072804314193, 'gpp_b': 1.2892705405728861e-05, 'gpp_d': 4.576857873108685, 'ign_k': 0.018707420137660268, 'ign_c': 4.1108484350212295, 'trop_agb_crit': 1.5774541406529003, 'trop_k_veg': 2.3241642204298145, 'fuel_k': 0.05597555634027867, 'fuel_half': 38.21129441691226}.
[I 2026-07-22 22:04:56,264] Trial 204 finished with values: [10.681590613987735, 10.681590613987735] and parameters: {'k1': 0.0003199177539819797, 'D_low': 3.169598846855015, 'k2': 0.07799059237255677, 'D_high': 66.8537333582894, 'fire_exp': 1.3668597238529023, 'P_half': 334.62201030483817, 'pre_dampen_half': 94.20121790275627, 'gpp_af': 24.361092841799906, 'gpp_b': 1.1698276136056565e-05, 'gpp_d': 19.948958651882567, 'ign_k': 0.006039096247545781, 'ign_c': 16.626592254031866, 'trop_agb_crit': 1.4914219038863046, 'trop_k_veg': 0.977663002683211, 'fuel_k': 0.01814068034742312, 'fuel_half': 7.860326410149302}.
[I 2026-07-22 22:04:56,705] Trial 205 finished with values: [10.757380303389679, 10.757380303389679] and parameters: {'k1': 0.002968335334246999, 'D_low': 140.92119204434155, 'k2': 0.038650368562597265, 'D_high': 6978.624673182437, 'fire_exp': 1.8435203341118644, 'P_half': 2193.8654178115053, 'pre_dampen_half': 3.9885726374014694, 'gpp_af': 18.235072804314193, 'gpp_b': 1.7565109007473816e-05, 'gpp_d': 9.00460602264307, 'ign_k': 0.5131654955148324, 'ign_c': 4.1108484350212295, 'trop_agb_crit': 1.5072795582679794, 'trop_k_veg': 1.793919400078986, 'fuel_k': 0.6199941538390381, 'fuel_half': 7.259866824755671}.
[I 2026-07-22 22:04:57,147] Trial 206 finished with values: [10.013827878537912, 10.013827878537912] and parameters: {'k1': 0.011966626407443505, 'D_low': 29.10300676616922, 'k2': 0.07799059237255677, 'D_high': 58257.048833920686, 'fire_exp': 2.264545306066772, 'P_half': 334.62201030483817, 'pre_dampen_half': 94.20121790275627, 'gpp_af': 0.3259758793317361, 'gpp_b': 0.0005392415140872105, 'gpp_d': 8.057329182285729, 'ign_k': 0.06647020392311619, 'ign_c': 4.1108484350212295, 'trop_agb_crit': 2.419699259862185, 'trop_k_veg': 0.5348713617837559, 'fuel_k': 0.194188856108826, 'fuel_half': 0.13249100882689224}.
[I 2026-07-22 22:04:57,588] Trial 207 finished with values: [10.68215633918397, 10.68215633918397] and parameters: {'k1': 6.693990428538841e-05, 'D_low': 1.1640589436768796, 'k2': 0.038650368562597265, 'D_high': 2512533.442757688, 'fire_exp': 2.2271826002669806, 'P_half': 343.5759946100352, 'pre_dampen_half': 233.2883871089529, 'gpp_af': 2.114381609520638, 'gpp_b': 0.002022832315155261, 'gpp_d': 0.24714492403026278, 'ign_k': 0.04732407125181112, 'ign_c': 14.452451441203314, 'trop_agb_crit': 1.5072795582679794, 'trop_k_veg': 1.793919400078986, 'fuel_k': 0.028970790717327534, 'fuel_half': 16.371966573507315}.
[I 2026-07-22 22:04:58,026] Trial 208 finished with values: [10.756994770384948, 10.756994770384948] and parameters: {'k1': 0.0131638092522722, 'D_low': 247.75146043208053, 'k2': 0.07799059237255677, 'D_high': 2283.4228779494524, 'fire_exp': 1.3219590610242518, 'P_half': 2.1095259085905753, 'pre_dampen_half': 0.03426913908389042, 'gpp_af': 0.09791370130598968, 'gpp_b': 0.016763844265536048, 'gpp_d': 2.9914693021302137, 'ign_k': 0.0075985864315887865, 'ign_c': 77.59048401667629, 'trop_agb_crit': 12.285102065067687, 'trop_k_veg': 3.1385303007850824, 'fuel_k': 0.04207132303652083, 'fuel_half': 3.632486956676605}.
[I 2026-07-22 22:04:58,456] Trial 209 finished with values: [10.204438173332777, 10.204438173332777] and parameters: {'k1': 0.0004688858519834985, 'D_low': 247.75146043208053, 'k2': 1.6559474674046002e-05, 'D_high': 2512533.442757688, 'fire_exp': 1.3219590610242518, 'P_half': 1106.908213475539, 'pre_dampen_half': 10.059683154936915, 'gpp_af': 0.09791370130598968, 'gpp_b': 0.002022832315155261, 'gpp_d': 2.9914693021302137, 'ign_k': 0.04732407125181112, 'ign_c': 2.4423775964038934, 'trop_agb_crit': 12.285102065067687, 'trop_k_veg': 1.7518409078083697, 'fuel_k': 0.09252659617259135, 'fuel_half': 2.276766792290519}.
[I 2026-07-22 22:04:58,896] Trial 210 finished with values: [10.202638702023043, 10.202638702023043] and parameters: {'k1': 0.0004688858519834985, 'D_low': 1768.4772284586304, 'k2': 1.6559474674046002e-05, 'D_high': 1026.0852623190942, 'fire_exp': 1.6108357183810933, 'P_half': 48.464976792190825, 'pre_dampen_half': 26.373339933815235, 'gpp_af': 0.09791370130598968, 'gpp_b': 0.016763844265536048, 'gpp_d': 2.9914693021302137, 'ign_k': 0.024287565087611766, 'ign_c': 4.1108484350212295, 'trop_agb_crit': 12.285102065067687, 'trop_k_veg': 2.3241642204298145, 'fuel_k': 0.6452742971240902, 'fuel_half': 3.632486956676605}.
[I 2026-07-22 22:04:59,363] Trial 211 finished with values: [10.708960277707586, 10.708960277707586] and parameters: {'k1': 0.00029589152820953097, 'D_low': 2.0349553327469425, 'k2': 0.0009670857606743155, 'D_high': 16392.60991832772, 'fire_exp': 1.0862503061991866, 'P_half': 2193.8654178115053, 'pre_dampen_half': 0.03411860497758073, 'gpp_af': 0.008562341633595545, 'gpp_b': 1.7565109007473816e-05, 'gpp_d': 3.0023172465753087, 'ign_k': 0.5670346335627292, 'ign_c': 5.48667649881606, 'trop_agb_crit': 2.3118820898020997, 'trop_k_veg': 4.844706510617516, 'fuel_k': 0.6199941538390381, 'fuel_half': 12.136386887218588}.
[I 2026-07-22 22:04:59,808] Trial 212 finished with values: [10.51180625816752, 10.51180625816752] and parameters: {'k1': 0.0003199177539819797, 'D_low': 3.169598846855015, 'k2': 0.07799059237255677, 'D_high': 24.063018320720932, 'fire_exp': 1.2098353172192753, 'P_half': 334.62201030483817, 'pre_dampen_half': 94.20121790275627, 'gpp_af': 0.8226361776146098, 'gpp_b': 2.1051180519608694, 'gpp_d': 700.6693992445935, 'ign_k': 0.003008686821445843, 'ign_c': 2.329535895346768, 'trop_agb_crit': 1.4914219038863046, 'trop_k_veg': 2.3703642788018935, 'fuel_k': 1.3863198285285168, 'fuel_half': 3.0296104428212485}.
[I 2026-07-22 22:05:00,249] Trial 213 finished with values: [10.743013667322792, 10.743013667322792] and parameters: {'k1': 0.002968335334246999, 'D_low': 140.92119204434155, 'k2': 2.8459703343413838e-05, 'D_high': 107013.64911724928, 'fire_exp': 2.41664604728687, 'P_half': 1228.2126524008484, 'pre_dampen_half': 3.9885726374014694, 'gpp_af': 18.235072804314193, 'gpp_b': 1.7565109007473816e-05, 'gpp_d': 6.378078463802852, 'ign_k': 0.5131654955148324, 'ign_c': 4.1108484350212295, 'trop_agb_crit': 5.707205898008383, 'trop_k_veg': 0.5415365826598848, 'fuel_k': 0.6199941538390381, 'fuel_half': 7.259866824755671}.
[I 2026-07-22 22:05:00,683] Trial 214 finished with values: [10.764986524800971, 10.764986524800971] and parameters: {'k1': 0.0023179376139410863, 'D_low': 1.1640589436768796, 'k2': 1.6559474674046002e-05, 'D_high': 1026.0852623190942, 'fire_exp': 2.2271826002669806, 'P_half': 245.27450543222417, 'pre_dampen_half': 3.659675301686168, 'gpp_af': 2.114381609520638, 'gpp_b': 0.016763844265536048, 'gpp_d': 0.5121071390703817, 'ign_k': 0.04732407125181112, 'ign_c': 14.074279366401672, 'trop_agb_crit': 7.359282739093333, 'trop_k_veg': 0.5695379443977426, 'fuel_k': 0.028970790717327534, 'fuel_half': 16.371966573507315}.
