[I 2026-06-11 12:40:23,306] Trial 595 finished with values: [10.206283014843756, 10.206283014843756] and parameters: {'k1': 0.004312951023617458, 'D_low': 4.484744524732794, 'k2': 0.03865036856259725, 'D_high': 1390.2686711035008, 'fire_exp': 2.2703704516008885, 'P_half': 10.226988730324324, 'pre_dampen_half': 502.5175192217655, 'gpp_af': 0.008562341633595545, 'gpp_b': 2.711380409817698e-05, 'gpp_d': 0.23485690470339216, 'ign_k': 4.591485216740537, 'ign_c': 0.11650681118986138, 'trop_agb_crit': 1.310122900330372, 'trop_k_veg': 1.4584243470991722, 'fuel_k': 0.05597555634027867, 'fuel_half': 81.8794158253808}.
[I 2026-06-11 12:40:24,224] Trial 596 finished with values: [10.636429724986042, 10.636429724986042] and parameters: {'k1': 0.004312951023617458, 'D_low': 5.59983195169599, 'k2': 0.0027431991397796683, 'D_high': 9996.359851911324, 'fire_exp': 1.1258453832483524, 'P_half': 13.019246714361572, 'pre_dampen_half': 347.79988160923324, 'gpp_af': 0.14765842992482675, 'gpp_b': 7.402343469704428e-05, 'gpp_d': 2.8006820077310213, 'ign_k': 0.5131654955148326, 'ign_c': 0.9294394155644988, 'trop_agb_crit': 19.189415375617013, 'trop_k_veg': 0.9369104721775232, 'fuel_k': 3.6992394681929337, 'fuel_half': 81.8794158253808}.
[I 2026-06-11 12:40:25,142] Trial 597 finished with values: [-0.7168696482750898, 0.5796692995856431] and parameters: {'k1': 0.004312951023617458, 'D_low': 4.484744524732794, 'k2': 0.0027431991397796683, 'D_high': 9996.359851911324, 'fire_exp': 2.3976499639906934, 'P_half': 2.2010656610055808, 'pre_dampen_half': 347.79988160923324, 'gpp_af': 0.015769192447197523, 'gpp_b': 0.00012118589392553798, 'gpp_d': 16.460426816350523, 'ign_k': 0.050667002161528835, 'ign_c': 0.9294394155644988, 'trop_agb_crit': 19.189415375617013, 'trop_k_veg': 4.1309639246402785, 'fuel_k': 3.6992394681929337, 'fuel_half': 1.630876087364482}.
[I 2026-06-11 12:40:26,154] Trial 598 finished with values: [-0.643707916499171, 0.402255212608545] and parameters: {'k1': 0.004312951023617458, 'D_low': 5.59983195169599, 'k2': 0.0027431991397796683, 'D_high': 1919.1689944397538, 'fire_exp': 1.2310899049053081, 'P_half': 10.226988730324324, 'pre_dampen_half': 502.5175192217655, 'gpp_af': 0.07961191926812566, 'gpp_b': 0.00012118589392553798, 'gpp_d': 9.004606022643067, 'ign_k': 0.050667002161528835, 'ign_c': 0.11650681118986138, 'trop_agb_crit': 26.402883285404346, 'trop_k_veg': 1.4584243470991722, 'fuel_k': 0.030315034760496778, 'fuel_half': 81.8794158253808}.
[I 2026-06-11 12:40:27,089] Trial 599 finished with values: [10.10037577694967, 10.10037577694967] and parameters: {'k1': 0.00013783578294796384, 'D_low': 98.98117700885537, 'k2': 0.0027431991397796683, 'D_high': 89263.11370835223, 'fire_exp': 1.0629462657398439, 'P_half': 220.3445560633069, 'pre_dampen_half': 502.5175192217655, 'gpp_af': 42.29037995744429, 'gpp_b': 0.00010318352929732131, 'gpp_d': 12.324765692041675, 'ign_k': 0.6454459531371669, 'ign_c': 15.221840161091626, 'trop_agb_crit': 24.584290528289387, 'trop_k_veg': 1.4584243470991722, 'fuel_k': 4.680936683972861, 'fuel_half': 42.6871254378718}.
[I 2026-06-11 12:40:28,026] Trial 600 finished with values: [-0.6510920607858277, 0.9226662871332403] and parameters: {'k1': 0.0377366634500546, 'D_low': 338.23872019362165, 'k2': 0.0034207303670092245, 'D_high': 15000.328053766281, 'fire_exp': 1.2310899049053081, 'P_half': 5.854223502085963, 'pre_dampen_half': 294.75617712568373, 'gpp_af': 0.008562341633595545, 'gpp_b': 1.7565109007473816e-05, 'gpp_d': 9.004606022643067, 'ign_k': 0.5131654955148326, 'ign_c': 0.11650681118986138, 'trop_agb_crit': 5.707205898008383, 'trop_k_veg': 0.9369104721775232, 'fuel_k': 1.3128815679924584, 'fuel_half': 42.6871254378718}.
[I 2026-06-11 12:40:28,929] Trial 601 finished with values: [10.009038080987507, 10.009038080987507] and parameters: {'k1': 0.003242143344038315, 'D_low': 5.59983195169599, 'k2': 0.030699709531122967, 'D_high': 89263.11370835223, 'fire_exp': 1.1258453832483524, 'P_half': 136.0956887810302, 'pre_dampen_half': 294.75617712568373, 'gpp_af': 0.008562341633595545, 'gpp_b': 0.00010318352929732131, 'gpp_d': 9.004606022643067, 'ign_k': 0.5131654955148326, 'ign_c': 0.11650681118986138, 'trop_agb_crit': 19.189415375617013, 'trop_k_veg': 0.9369104721775232, 'fuel_k': 3.6992394681929337, 'fuel_half': 81.8794158253808}.
[I 2026-06-11 12:40:29,816] Trial 602 finished with values: [10.742390373700456, 10.742390373700456] and parameters: {'k1': 5.232779509048979e-05, 'D_low': 338.23872019362165, 'k2': 0.0027431991397796683, 'D_high': 1390.2686711035008, 'fire_exp': 1.2310899049053081, 'P_half': 13.019246714361572, 'pre_dampen_half': 0.4138641521695059, 'gpp_af': 42.29037995744429, 'gpp_b': 0.00010318352929732131, 'gpp_d': 6.913948698657619, 'ign_k': 0.008065394391537665, 'ign_c': 3.0378658251922155, 'trop_agb_crit': 12.324775650896964, 'trop_k_veg': 1.4584243470991722, 'fuel_k': 4.680936683972861, 'fuel_half': 42.6871254378718}.
[I 2026-06-11 12:40:30,704] Trial 603 finished with values: [10.036788486409447, 10.036788486409447] and parameters: {'k1': 0.004312951023617458, 'D_low': 5.59983195169599, 'k2': 0.0027431991397796683, 'D_high': 1919.1689944397538, 'fire_exp': 1.1258453832483524, 'P_half': 13.019246714361572, 'pre_dampen_half': 502.5175192217655, 'gpp_af': 0.7539992074650279, 'gpp_b': 0.0021331409710300844, 'gpp_d': 16.460426816350523, 'ign_k': 0.050667002161528835, 'ign_c': 15.221840161091626, 'trop_agb_crit': 26.402883285404346, 'trop_k_veg': 0.5772603928610088, 'fuel_k': 0.09687984402504125, 'fuel_half': 42.6871254378718}.
[I 2026-06-11 12:40:31,633] Trial 604 finished with values: [10.034228439459849, 10.034228439459849] and parameters: {'k1': 0.004312951023617458, 'D_low': 5.59983195169599, 'k2': 0.006051580666890612, 'D_high': 9996.359851911324, 'fire_exp': 1.1258453832483524, 'P_half': 10.226988730324324, 'pre_dampen_half': 502.5175192217655, 'gpp_af': 0.0876577878178163, 'gpp_b': 0.004922228103935987, 'gpp_d': 9.004606022643067, 'ign_k': 0.5131654955148326, 'ign_c': 0.11650681118986138, 'trop_agb_crit': 19.189415375617013, 'trop_k_veg': 0.9369104721775232, 'fuel_k': 0.030315034760496778, 'fuel_half': 81.8794158253808}.
[I 2026-06-11 12:40:32,538] Trial 605 finished with values: [10.12330104277003, 10.12330104277003] and parameters: {'k1': 0.003242143344038315, 'D_low': 5.59983195169599, 'k2': 1.895375973243287e-05, 'D_high': 1390.2686711035008, 'fire_exp': 1.1258453832483524, 'P_half': 136.0956887810302, 'pre_dampen_half': 347.79988160923324, 'gpp_af': 0.015769192447197523, 'gpp_b': 0.00010318352929732131, 'gpp_d': 9.004606022643067, 'ign_k': 4.591485216740537, 'ign_c': 15.221840161091626, 'trop_agb_crit': 19.189415375617013, 'trop_k_veg': 2.1085323608231485, 'fuel_k': 1.3128815679924584, 'fuel_half': 81.8794158253808}.
[I 2026-06-11 12:40:33,473] Trial 606 finished with values: [-0.6465869923525871, 0.7108401859587167] and parameters: {'k1': 0.00013783578294796384, 'D_low': 98.3519252750597, 'k2': 0.0027431991397796683, 'D_high': 15000.328053766281, 'fire_exp': 1.1258453832483524, 'P_half': 10.226988730324324, 'pre_dampen_half': 294.75617712568373, 'gpp_af': 0.008562341633595545, 'gpp_b': 0.00010318352929732131, 'gpp_d': 2.8006820077310213, 'ign_k': 0.5131654955148326, 'ign_c': 0.9294394155644988, 'trop_agb_crit': 12.324775650896964, 'trop_k_veg': 1.4584243470991722, 'fuel_k': 1.3128815679924584, 'fuel_half': 15.29850686893745}.
[I 2026-06-11 12:40:34,378] Trial 607 finished with values: [-0.6980537406489189, 0.2363511245968949] and parameters: {'k1': 0.003242143344038315, 'D_low': 5.59983195169599, 'k2': 0.005259118659251229, 'D_high': 1390.2686711035008, 'fire_exp': 1.1684565396540232, 'P_half': 136.0956887810302, 'pre_dampen_half': 294.75617712568373, 'gpp_af': 0.008562341633595545, 'gpp_b': 0.00010318352929732131, 'gpp_d': 2.8006820077310213, 'ign_k': 0.5131654955148326, 'ign_c': 0.11650681118986138, 'trop_agb_crit': 19.189415375617013, 'trop_k_veg': 0.9369104721775232, 'fuel_k': 1.3128815679924584, 'fuel_half': 81.8794158253808}.
[I 2026-06-11 12:40:35,279] Trial 608 finished with values: [10.198146577147442, 10.198146577147442] and parameters: {'k1': 0.004312951023617458, 'D_low': 98.98117700885537, 'k2': 0.0027431991397796683, 'D_high': 3712.591045287726, 'fire_exp': 2.2703704516008885, 'P_half': 220.3445560633069, 'pre_dampen_half': 347.79988160923324, 'gpp_af': 0.06789053271698488, 'gpp_b': 0.00012118589392553798, 'gpp_d': 2.8006820077310213, 'ign_k': 0.5131654955148326, 'ign_c': 0.9294394155644988, 'trop_agb_crit': 24.584290528289387, 'trop_k_veg': 4.599337386928772, 'fuel_k': 4.680936683972861, 'fuel_half': 42.6871254378718}.
[I 2026-06-11 12:40:36,182] Trial 609 finished with values: [10.128456005860468, 10.128456005860468] and parameters: {'k1': 0.00013783578294796384, 'D_low': 844.0303958079087, 'k2': 0.01567230746060024, 'D_high': 1390.2686711035008, 'fire_exp': 1.1258453832483524, 'P_half': 220.3445560633069, 'pre_dampen_half': 502.5175192217655, 'gpp_af': 42.29037995744429, 'gpp_b': 0.0021331409710300844, 'gpp_d': 302.3127748796293, 'ign_k': 0.5131654955148326, 'ign_c': 15.221840161091626, 'trop_agb_crit': 12.324775650896964, 'trop_k_veg': 1.4584243470991722, 'fuel_k': 4.680936683972861, 'fuel_half': 42.6871254378718}.
[I 2026-06-11 12:40:37,084] Trial 610 finished with values: [10.115907526182927, 10.115907526182927] and parameters: {'k1': 0.00013783578294796384, 'D_low': 290.70516815839375, 'k2': 0.0007081721844034209, 'D_high': 89263.11370835223, 'fire_exp': 1.182396148413737, 'P_half': 13.019246714361572, 'pre_dampen_half': 518.2609891091987, 'gpp_af': 42.29037995744429, 'gpp_b': 2.3382984208508275, 'gpp_d': 314.6826989726468, 'ign_k': 0.1550134937334847, 'ign_c': 0.9294394155644988, 'trop_agb_crit': 2.419699259862185, 'trop_k_veg': 4.1309639246402785, 'fuel_k': 0.03743055596010634, 'fuel_half': 42.6871254378718}.
[I 2026-06-11 12:40:37,974] Trial 611 finished with values: [-0.608112002082154, 0.36629722736930526] and parameters: {'k1': 0.00013649087666416944, 'D_low': 4.484744524732794, 'k2': 0.0027431991397796683, 'D_high': 1853.8092461931485, 'fire_exp': 1.1258453832483524, 'P_half': 8.606931125089957, 'pre_dampen_half': 502.5175192217655, 'gpp_af': 0.14765842992482675, 'gpp_b': 0.00012118589392553798, 'gpp_d': 16.460426816350523, 'ign_k': 0.050667002161528835, 'ign_c': 0.9294394155644988, 'trop_agb_crit': 24.584290528289387, 'trop_k_veg': 1.4584243470991722, 'fuel_k': 0.487361804838494, 'fuel_half': 0.32476735706274484}.
[I 2026-06-11 12:40:38,892] Trial 612 finished with values: [-0.5790104940229306, 0.6649482345551111] and parameters: {'k1': 0.004312951023617458, 'D_low': 5.59983195169599, 'k2': 7.67074891445376e-05, 'D_high': 89263.11370835223, 'fire_exp': 1.0629462657398439, 'P_half': 136.0956887810302, 'pre_dampen_half': 502.5175192217655, 'gpp_af': 0.015350904103515228, 'gpp_b': 0.00012118589392553798, 'gpp_d': 2.8006820077310213, 'ign_k': 0.02847858516856297, 'ign_c': 0.11650681118986138, 'trop_agb_crit': 19.28597237496244, 'trop_k_veg': 0.5772603928610088, 'fuel_k': 1.3128815679924584, 'fuel_half': 81.8794158253808}.
[I 2026-06-11 12:40:39,812] Trial 613 finished with values: [-0.6425473723708064, 0.7510624955863479] and parameters: {'k1': 5.232779509048979e-05, 'D_low': 338.23872019362165, 'k2': 0.03865036856259725, 'D_high': 89263.11370835223, 'fire_exp': 1.0629462657398439, 'P_half': 13.019246714361572, 'pre_dampen_half': 347.79988160923324, 'gpp_af': 0.015769192447197523, 'gpp_b': 0.00012118589392553798, 'gpp_d': 6.913948698657619, 'ign_k': 4.591485216740537, 'ign_c': 15.221840161091626, 'trop_agb_crit': 21.401581507853507, 'trop_k_veg': 1.4584243470991722, 'fuel_k': 0.487361804838494, 'fuel_half': 52.00581729114123}.
[I 2026-06-11 12:40:40,730] Trial 614 finished with values: [10.458811739790043, 10.458811739790043] and parameters: {'k1': 5.232779509048979e-05, 'D_low': 20.32977847090263, 'k2': 1.915468390724633e-05, 'D_high': 1445.5983984872983, 'fire_exp': 1.2310899049053081, 'P_half': 16.051347487097576, 'pre_dampen_half': 502.5175192217655, 'gpp_af': 25.14174619025931, 'gpp_b': 0.00010318352929732131, 'gpp_d': 8.057329182285729, 'ign_k': 4.591485216740537, 'ign_c': 0.11650681118986138, 'trop_agb_crit': 5.707205898008383, 'trop_k_veg': 0.5772603928610088, 'fuel_k': 0.6430367245299113, 'fuel_half': 81.8794158253808}.
[I 2026-06-11 12:40:41,867] Trial 615 finished with values: [10.170430088744023, 10.170430088744023] and parameters: {'k1': 0.00013783578294796384, 'D_low': 844.0303958079087, 'k2': 0.0027431991397796683, 'D_high': 1354.6626168109253, 'fire_exp': 1.1258453832483524, 'P_half': 2.0915073038472545, 'pre_dampen_half': 347.79988160923324, 'gpp_af': 0.06789053271698488, 'gpp_b': 0.0007040113316769033, 'gpp_d': 314.6826989726468, 'ign_k': 0.1550134937334847, 'ign_c': 0.9294394155644988, 'trop_agb_crit': 3.575594457014808, 'trop_k_veg': 4.1309639246402785, 'fuel_k': 0.04572914063536324, 'fuel_half': 42.6871254378718}.
[I 2026-06-11 12:40:42,753] Trial 616 finished with values: [-0.684502882745814, 0.8306958025132783] and parameters: {'k1': 0.004312951023617458, 'D_low': 98.3519252750597, 'k2': 0.0027431991397796683, 'D_high': 15000.328053766281, 'fire_exp': 2.2703704516008885, 'P_half': 13.019246714361572, 'pre_dampen_half': 347.79988160923324, 'gpp_af': 0.008562341633595545, 'gpp_b': 2.711380409817698e-05, 'gpp_d': 2.8006820077310213, 'ign_k': 0.5131654955148326, 'ign_c': 0.9294394155644988, 'trop_agb_crit': 5.707205898008383, 'trop_k_veg': 4.1309639246402785, 'fuel_k': 3.6992394681929337, 'fuel_half': 15.29850686893745}.
[I 2026-06-11 12:40:43,672] Trial 617 finished with values: [10.038558306431218, 10.038558306431218] and parameters: {'k1': 0.00013783578294796384, 'D_low': 844.0303958079087, 'k2': 0.0027431991397796683, 'D_high': 3712.591045287726, 'fire_exp': 1.1258453832483524, 'P_half': 136.0956887810302, 'pre_dampen_half': 347.79988160923324, 'gpp_af': 42.29037995744429, 'gpp_b': 1.7565109007473816e-05, 'gpp_d': 314.6826989726468, 'ign_k': 0.5131654955148326, 'ign_c': 0.13670484737132343, 'trop_agb_crit': 2.419699259862185, 'trop_k_veg': 4.1309639246402785, 'fuel_k': 0.04572914063536324, 'fuel_half': 38.211294416912246}.
[I 2026-06-11 12:40:44,599] Trial 618 finished with values: [10.541303303343055, 10.541303303343055] and parameters: {'k1': 0.004312951023617458, 'D_low': 338.23872019362165, 'k2': 0.01567230746060024, 'D_high': 3712.591045287726, 'fire_exp': 1.0629462657398439, 'P_half': 220.3445560633069, 'pre_dampen_half': 347.79988160923324, 'gpp_af': 42.29037995744429, 'gpp_b': 0.0008830850218581542, 'gpp_d': 0.46239120540552414, 'ign_k': 4.591485216740537, 'ign_c': 15.221840161091626, 'trop_agb_crit': 21.401581507853507, 'trop_k_veg': 2.8224577471047865, 'fuel_k': 4.680936683972861, 'fuel_half': 0.32476735706274484}.
[I 2026-06-11 12:40:45,490] Trial 619 finished with values: [-0.6331834645779638, 0.7435421156347617] and parameters: {'k1': 0.00013783578294796384, 'D_low': 20.32977847090263, 'k2': 0.0027431991397796683, 'D_high': 15000.328053766281, 'fire_exp': 1.2310899049053081, 'P_half': 13.019246714361572, 'pre_dampen_half': 347.79988160923324, 'gpp_af': 0.003422824370263182, 'gpp_b': 1.7565109007473816e-05, 'gpp_d': 2.8006820077310213, 'ign_k': 0.476373748459372, 'ign_c': 0.11650681118986138, 'trop_agb_crit': 5.707205898008383, 'trop_k_veg': 2.410360404052941, 'fuel_k': 0.7156083490235491, 'fuel_half': 42.6871254378718}.
[I 2026-06-11 12:40:46,393] Trial 620 finished with values: [-0.5693797628467505, 0.35585095826391944] and parameters: {'k1': 0.00013783578294796384, 'D_low': 844.0303958079087, 'k2': 0.0027431991397796683, 'D_high': 1390.2686711035008, 'fire_exp': 1.0629462657398439, 'P_half': 10.226988730324324, 'pre_dampen_half': 502.5175192217655, 'gpp_af': 42.29037995744429, 'gpp_b': 0.00010318352929732131, 'gpp_d': 302.3127748796293, 'ign_k': 0.5131654955148326, 'ign_c': 3.0378658251922155, 'trop_agb_crit': 12.324775650896964, 'trop_k_veg': 1.4584243470991722, 'fuel_k': 4.680936683972861, 'fuel_half': 42.6871254378718}.
[I 2026-06-11 12:40:47,277] Trial 621 finished with values: [10.038116133077292, 10.038116133077292] and parameters: {'k1': 0.004312951023617458, 'D_low': 4.484744524732794, 'k2': 0.03865036856259725, 'D_high': 3712.591045287726, 'fire_exp': 1.1258453832483524, 'P_half': 220.3445560633069, 'pre_dampen_half': 502.5175192217655, 'gpp_af': 42.29037995744429, 'gpp_b': 0.0021331409710300844, 'gpp_d': 302.3127748796293, 'ign_k': 0.5131654955148326, 'ign_c': 3.0378658251922155, 'trop_agb_crit': 21.401581507853507, 'trop_k_veg': 7.871057313180179, 'fuel_k': 0.04572914063536324, 'fuel_half': 42.6871254378718}.
[I 2026-06-11 12:40:48,166] Trial 622 finished with values: [10.24951369417781, 10.24951369417781] and parameters: {'k1': 0.004312951023617458, 'D_low': 4.484744524732794, 'k2': 0.030699709531122967, 'D_high': 3712.591045287726, 'fire_exp': 1.2310899049053081, 'P_half': 16.051347487097576, 'pre_dampen_half': 502.5175192217655, 'gpp_af': 0.7539992074650279, 'gpp_b': 0.0007040113316769033, 'gpp_d': 16.460426816350523, 'ign_k': 0.5131654955148326, 'ign_c': 0.1867876836333246, 'trop_agb_crit': 9.497662537022913, 'trop_k_veg': 4.1309639246402785, 'fuel_k': 0.04572914063536324, 'fuel_half': 52.00581729114123}.
[I 2026-06-11 12:40:49,100] Trial 623 finished with values: [10.507216788558436, 10.507216788558436] and parameters: {'k1': 0.00013783578294796384, 'D_low': 170.2682488483631, 'k2': 0.0027431991397796683, 'D_high': 1390.2686711035008, 'fire_exp': 1.2310899049053081, 'P_half': 836.7621766169207, 'pre_dampen_half': 502.5175192217655, 'gpp_af': 0.7539992074650279, 'gpp_b': 0.00010318352929732131, 'gpp_d': 302.3127748796293, 'ign_k': 4.591485216740537, 'ign_c': 3.0378658251922155, 'trop_agb_crit': 1.2440687631821843, 'trop_k_veg': 0.5772603928610088, 'fuel_k': 4.680936683972861, 'fuel_half': 52.00581729114123}.
[I 2026-06-11 12:40:50,008] Trial 624 finished with values: [10.139047530560166, 10.139047530560166] and parameters: {'k1': 5.232779509048979e-05, 'D_low': 5.59983195169599, 'k2': 0.03865036856259725, 'D_high': 725.8091671308689, 'fire_exp': 1.2310899049053081, 'P_half': 13.019246714361572, 'pre_dampen_half': 502.5175192217655, 'gpp_af': 0.015769192447197523, 'gpp_b': 0.00010318352929732131, 'gpp_d': 9.004606022643067, 'ign_k': 4.591485216740537, 'ign_c': 0.11650681118986138, 'trop_agb_crit': 26.402883285404346, 'trop_k_veg': 0.5907294205065723, 'fuel_k': 0.030315034760496778, 'fuel_half': 81.8794158253808}.
[I 2026-06-11 12:40:50,903] Trial 625 finished with values: [10.404028131070937, 10.404028131070937] and parameters: {'k1': 0.003242143344038315, 'D_low': 5.59983195169599, 'k2': 0.01567230746060024, 'D_high': 1390.2686711035008, 'fire_exp': 1.1258453832483524, 'P_half': 136.0956887810302, 'pre_dampen_half': 294.75617712568373, 'gpp_af': 0.015769192447197523, 'gpp_b': 1.7565109007473816e-05, 'gpp_d': 309.13825046274377, 'ign_k': 0.5131654955148326, 'ign_c': 15.221840161091626, 'trop_agb_crit': 19.189415375617013, 'trop_k_veg': 4.1309639246402785, 'fuel_k': 1.3128815679924584, 'fuel_half': 0.5375846873770783}.
[I 2026-06-11 12:40:51,804] Trial 626 finished with values: [-0.5865805632323637, 0.465285820469591] and parameters: {'k1': 0.00013783578294796384, 'D_low': 177.4954658911452, 'k2': 0.01567230746060024, 'D_high': 1853.8092461931485, 'fire_exp': 1.1258453832483524, 'P_half': 10.226988730324324, 'pre_dampen_half': 502.5175192217655, 'gpp_af': 0.0876577878178163, 'gpp_b': 1.7565109007473816e-05, 'gpp_d': 9.004606022643067, 'ign_k': 0.5131654955148326, 'ign_c': 0.11650681118986138, 'trop_agb_crit': 26.402883285404346, 'trop_k_veg': 4.1309639246402785, 'fuel_k': 0.030315034760496778, 'fuel_half': 81.8794158253808}.
[I 2026-06-11 12:40:52,690] Trial 627 finished with values: [10.306189493045359, 10.306189493045359] and parameters: {'k1': 0.004312951023617458, 'D_low': 1.4045842344024697, 'k2': 0.006051580666890612, 'D_high': 67686.35665648848, 'fire_exp': 1.2310899049053081, 'P_half': 10.226988730324324, 'pre_dampen_half': 502.5175192217655, 'gpp_af': 0.0876577878178163, 'gpp_b': 1.7565109007473816e-05, 'gpp_d': 0.07525142212697536, 'ign_k': 0.5131654955148326, 'ign_c': 0.11650681118986138, 'trop_agb_crit': 26.402883285404346, 'trop_k_veg': 4.1309639246402785, 'fuel_k': 0.04572914063536324, 'fuel_half': 81.8794158253808}.
[I 2026-06-11 12:40:53,596] Trial 628 finished with values: [10.388072632477579, 10.388072632477579] and parameters: {'k1': 0.00013783578294796384, 'D_low': 575.4658592592074, 'k2': 6.364067167735477e-05, 'D_high': 1853.8092461931485, 'fire_exp': 1.2310899049053081, 'P_half': 38.82837025280678, 'pre_dampen_half': 502.5175192217655, 'gpp_af': 0.005618069878716736, 'gpp_b': 0.00012118589392553798, 'gpp_d': 4.776815004752158, 'ign_k': 0.5131654955148326, 'ign_c': 15.221840161091626, 'trop_agb_crit': 24.584290528289387, 'trop_k_veg': 1.140286245977296, 'fuel_k': 0.0561571708805531, 'fuel_half': 0.5375846873770783}.
[I 2026-06-11 12:40:54,514] Trial 629 finished with values: [-0.7124885712642921, 0.39424869412007857] and parameters: {'k1': 0.004312951023617458, 'D_low': 4.484744524732794, 'k2': 0.01567230746060024, 'D_high': 3712.591045287726, 'fire_exp': 1.2310899049053081, 'P_half': 220.3445560633069, 'pre_dampen_half': 347.79988160923324, 'gpp_af': 0.06789053271698488, 'gpp_b': 0.00010318352929732131, 'gpp_d': 9.004606022643067, 'ign_k': 4.591485216740537, 'ign_c': 15.221840161091626, 'trop_agb_crit': 1.2440687631821843, 'trop_k_veg': 1.4584243470991722, 'fuel_k': 0.487361804838494, 'fuel_half': 52.00581729114123}.
