[I 2026-08-19 17:40:09,498] Trial 1478 finished with value: 0.5891167395924971 and parameters: {'k1': 0.02172869925766725, 'D_low': 39.739839186293445, 'k2': 0.001023666811119108, 'D_high': 5423091.823283341, 'fire_exp': 5.054636593316953, 'P_half': 95.7243415148236, 'pre_dampen_half': 12.716698468926912, 'gpp_af': 0.3096935785308933, 'gpp_b': 0.0063016231272433965, 'gpp_d': 0.8201088410026444, 'ign_k': 0.07563729705490474, 'ign_c': 28.952187626272345, 'trop_agb_crit': 4.841666881637005, 'trop_k_veg': 5.145874038284451, 'pop_amp': 0.0032347255477711725, 'pop_peak': 0.5034329041527247, 'pop_sig': 0.8687925371837946, 'fuel_k': 0.15294076373005347, 'fuel_half': 1.3888690620292485}. Best is trial 0 with value: -0.6094076133578652.
  trial 1479/2500  best_overall=0.6094  (41.8 min)
[I 2026-08-19 17:40:11,754] Trial 1479 finished with value: 0.4522704295430048 and parameters: {'k1': 0.05267349773374527, 'D_low': 2866.0784275950564, 'k2': 0.00020110321511943504, 'D_high': 9017348.28191016, 'fire_exp': 3.642719907892005, 'P_half': 20.16757111083852, 'pre_dampen_half': 2.4091152489663865, 'gpp_af': 0.04968625248766317, 'gpp_b': 0.0006469403501274119, 'gpp_d': 152.45084457729803, 'ign_k': 0.30823141944450533, 'ign_c': 0.11352760461178175, 'trop_agb_crit': 3.610353799358345, 'trop_k_veg': 1.0587250350145443, 'pop_amp': 0.23489794876711154, 'pop_peak': 0.47069150628547607, 'pop_sig': 1.1110975136773908, 'fuel_k': 0.1934066537257282, 'fuel_half': 0.29229155307868593}. Best is trial 0 with value: -0.6094076133578652.
[I 2026-08-19 17:40:13,676] Trial 1480 finished with value: 0.44777231436243325 and parameters: {'k1': 0.001619144469920797, 'D_low': 429.5080003555215, 'k2': 0.0027987448377826017, 'D_high': 208852.80016429437, 'fire_exp': 3.119639496311408, 'P_half': 30.35717254076917, 'pre_dampen_half': 0.2372632838509684, 'gpp_af': 0.8373023660391515, 'gpp_b': 0.00017451798143856156, 'gpp_d': 2.099121258719395, 'ign_k': 0.9762264734776951, 'ign_c': 0.17835122869025147, 'trop_agb_crit': 5.213901953235006, 'trop_k_veg': 2.6882022466416613, 'pop_amp': 1.9003235896391004, 'pop_peak': 59.47581437398197, 'pop_sig': 1.0099687923150353, 'fuel_k': 0.03747854653516364, 'fuel_half': 0.1500901477648974}. Best is trial 0 with value: -0.6094076133578652.
[I 2026-08-19 17:40:15,808] Trial 1481 finished with value: 0.544444616990571 and parameters: {'k1': 0.010529871334892846, 'D_low': 31229.00543990879, 'k2': 0.04168350802287531, 'D_high': 3952224.3301144713, 'fire_exp': 2.138267591394917, 'P_half': 117.87117560881985, 'pre_dampen_half': 0.1818560388253645, 'gpp_af': 0.4234485270469037, 'gpp_b': 2.4154519330108864e-05, 'gpp_d': 202.66456175895007, 'ign_k': 0.7638535458015512, 'ign_c': 2.0016179228427915, 'trop_agb_crit': 19.887731090463074, 'trop_k_veg': 3.308119002789329, 'pop_amp': 0.6525830841207214, 'pop_peak': 19.005104654669747, 'pop_sig': 0.3724688299652018, 'fuel_k': 0.028390925029562288, 'fuel_half': 1.1800623931466863}. Best is trial 0 with value: -0.6094076133578652.
[I 2026-08-19 17:40:17,843] Trial 1482 finished with value: 0.6110525171319452 and parameters: {'k1': 0.07050870415253437, 'D_low': 1.549777232223577, 'k2': 1.4202765211353492e-05, 'D_high': 639724.2727027753, 'fire_exp': 5.570934144376975, 'P_half': 3.3754882801232062, 'pre_dampen_half': 4.6348167254499835, 'gpp_af': 0.005641471855778275, 'gpp_b': 0.06462236496417391, 'gpp_d': 10.592619448489977, 'ign_k': 0.7990031885591539, 'ign_c': 1.6232639245633724, 'trop_agb_crit': 10.716631664740547, 'trop_k_veg': 3.9005956457933744, 'pop_amp': 0.0015875159857860878, 'pop_peak': 0.5265665179018285, 'pop_sig': 0.34870776359413924, 'fuel_k': 2.526015330531603, 'fuel_half': 0.49308506689121784}. Best is trial 0 with value: -0.6094076133578652.
[I 2026-08-19 17:40:19,875] Trial 1483 finished with value: 0.43922666789623 and parameters: {'k1': 0.098987522856608, 'D_low': 274.51966741964316, 'k2': 0.018583215659979675, 'D_high': 2022834.2415479028, 'fire_exp': 1.7290620204817286, 'P_half': 2.3663043403233943, 'pre_dampen_half': 2.8218877465346908, 'gpp_af': 0.018610672377350826, 'gpp_b': 2.874709556155037e-05, 'gpp_d': 0.17642981924600132, 'ign_k': 0.06802996301392172, 'ign_c': 0.25626959015825396, 'trop_agb_crit': 2.6228017739498095, 'trop_k_veg': 4.665276755246163, 'pop_amp': 2.3278723040442464, 'pop_peak': 1.1747553773140096, 'pop_sig': 0.6449583674524612, 'fuel_k': 0.03941803594426363, 'fuel_half': 3.3052379148091418}. Best is trial 0 with value: -0.6094076133578652.
[I 2026-08-19 17:40:21,880] Trial 1484 finished with value: 0.6027229398240834 and parameters: {'k1': 0.001016312953632214, 'D_low': 23.891346547712182, 'k2': 0.0001152523912741964, 'D_high': 2634834.7616250766, 'fire_exp': 3.685618277648945, 'P_half': 289.0401038576909, 'pre_dampen_half': 4.665682366920123, 'gpp_af': 0.002461046639814647, 'gpp_b': 0.0873429156914687, 'gpp_d': 10.393400423853237, 'ign_k': 0.09739249663351097, 'ign_c': 3.090058672078823, 'trop_agb_crit': 2.2081950841001974, 'trop_k_veg': 1.9163127184455493, 'pop_amp': 19.520196862512684, 'pop_peak': 1.4810902609144196, 'pop_sig': 1.1930991723868434, 'fuel_k': 0.10196819438015303, 'fuel_half': 0.5930581440172005}. Best is trial 0 with value: -0.6094076133578652.
[I 2026-08-19 17:40:23,964] Trial 1485 finished with value: -0.5824611639776708 and parameters: {'k1': 0.0042466437185503, 'D_low': 2.377829229671665, 'k2': 0.0023792600702371913, 'D_high': 3964206.0303454185, 'fire_exp': 7.587360935919592, 'P_half': 7.0321193539868165, 'pre_dampen_half': 127.09025988441586, 'gpp_af': 0.06997873143088638, 'gpp_b': 0.0014217779683260421, 'gpp_d': 3.2120036077735126, 'ign_k': 0.5043365666196841, 'ign_c': 15.693504124532343, 'trop_agb_crit': 2.3878413783313235, 'trop_k_veg': 2.5308357296421558, 'pop_amp': 0.004588864682481801, 'pop_peak': 572.9180357793908, 'pop_sig': 2.214791755335246, 'fuel_k': 0.17972650930988768, 'fuel_half': 1.9604339974542073}. Best is trial 0 with value: -0.6094076133578652.
[I 2026-08-19 17:40:26,128] Trial 1486 finished with value: 0.5796485438382414 and parameters: {'k1': 0.001722196567353003, 'D_low': 30.196796414205934, 'k2': 0.0003111612062363975, 'D_high': 544239.8782146187, 'fire_exp': 1.7033145487656318, 'P_half': 9.199555981422998, 'pre_dampen_half': 5.975476212984004, 'gpp_af': 0.03487016059396933, 'gpp_b': 0.07376373964331619, 'gpp_d': 86.0233295978569, 'ign_k': 0.06862379746986225, 'ign_c': 0.10309044414552966, 'trop_agb_crit': 28.928389197499214, 'trop_k_veg': 0.5876029240930453, 'pop_amp': 0.0168647280435791, 'pop_peak': 0.6961633355384884, 'pop_sig': 0.34865210444563466, 'fuel_k': 0.18916911544965404, 'fuel_half': 0.11778778087513037}. Best is trial 0 with value: -0.6094076133578652.
[I 2026-08-19 17:40:28,159] Trial 1487 finished with value: 0.48337788152156713 and parameters: {'k1': 0.0006952125791840306, 'D_low': 265.72808696863535, 'k2': 0.0021032015748031047, 'D_high': 46881.54614590517, 'fire_exp': 2.219660636585003, 'P_half': 26.276263157665095, 'pre_dampen_half': 0.46572582754058023, 'gpp_af': 0.029412631697104907, 'gpp_b': 0.00023508246790456723, 'gpp_d': 383.22721345752876, 'ign_k': 0.7905517132882158, 'ign_c': 0.30825788534684967, 'trop_agb_crit': 10.23329708332402, 'trop_k_veg': 3.2503609352077514, 'pop_amp': 0.6015642845559601, 'pop_peak': 8.45712960972092, 'pop_sig': 0.4898335335646193, 'fuel_k': 0.04356568375842741, 'fuel_half': 0.1205572015161787}. Best is trial 0 with value: -0.6094076133578652.
[I 2026-08-19 17:40:30,241] Trial 1488 finished with value: 0.4296288565386607 and parameters: {'k1': 0.00683111942347576, 'D_low': 9666.762921986188, 'k2': 0.006296536091240455, 'D_high': 896393.7344623615, 'fire_exp': 2.00461968726429, 'P_half': 9.458330035579182, 'pre_dampen_half': 4.079016584080494, 'gpp_af': 0.31226894432199204, 'gpp_b': 0.0007858946332108329, 'gpp_d': 39.97499375109819, 'ign_k': 0.9134764160611557, 'ign_c': 0.1579609087586272, 'trop_agb_crit': 14.014470537314637, 'trop_k_veg': 3.924262110139514, 'pop_amp': 0.6508326019337884, 'pop_peak': 5.4662115465671555, 'pop_sig': 0.3224520766998129, 'fuel_k': 0.11385668139217336, 'fuel_half': 0.28370709813226996}. Best is trial 0 with value: -0.6094076133578652.
  trial 1489/2500  best_overall=0.6094  (42.1 min)
[I 2026-08-19 17:40:32,817] Trial 1489 finished with value: 0.595496027486399 and parameters: {'k1': 0.0021458950088932734, 'D_low': 3.87606503405602, 'k2': 0.097553081306446, 'D_high': 1749103.68825654, 'fire_exp': 2.8925820038439922, 'P_half': 57.66087656844522, 'pre_dampen_half': 89.16760918273789, 'gpp_af': 0.5558148487354877, 'gpp_b': 0.00011533316331220175, 'gpp_d': 40.65656995007303, 'ign_k': 1.8686038865381651, 'ign_c': 30.609238094735865, 'trop_agb_crit': 10.913883562694403, 'trop_k_veg': 2.0858409369854534, 'pop_amp': 0.1464602847293608, 'pop_peak': 485.28475771166876, 'pop_sig': 1.5134544277625415, 'fuel_k': 0.04540107636770674, 'fuel_half': 0.3168917363347051}. Best is trial 0 with value: -0.6094076133578652.
[I 2026-08-19 17:40:34,988] Trial 1490 finished with value: 0.5556645926193116 and parameters: {'k1': 0.021703493806051605, 'D_low': 31327.551773147192, 'k2': 0.006130958238223799, 'D_high': 214524.9134552489, 'fire_exp': 2.775954803557795, 'P_half': 27.957691324473142, 'pre_dampen_half': 1.325211838867716, 'gpp_af': 0.09678460410209871, 'gpp_b': 0.0001898913053585239, 'gpp_d': 98.09247382717633, 'ign_k': 7.2266319705261965, 'ign_c': 0.3401706030845356, 'trop_agb_crit': 22.97178264049025, 'trop_k_veg': 2.5503022285797092, 'pop_amp': 0.2098151933696628, 'pop_peak': 0.08865968745203912, 'pop_sig': 0.6733941791150782, 'fuel_k': 0.06848789943854144, 'fuel_half': 0.2294590375139913}. Best is trial 0 with value: -0.6094076133578652.
[I 2026-08-19 17:40:37,089] Trial 1491 finished with value: 0.6445374145881376 and parameters: {'k1': 0.0063516021181857256, 'D_low': 2.8113859480297565, 'k2': 0.0019168208420286205, 'D_high': 3325398.912599375, 'fire_exp': 2.3553183357589704, 'P_half': 275.9098596816366, 'pre_dampen_half': 8.097540130912675, 'gpp_af': 0.010320034475071344, 'gpp_b': 0.0006832212049815286, 'gpp_d': 28.394444694103953, 'ign_k': 8.89896624818886, 'ign_c': 45.09219472279771, 'trop_agb_crit': 13.753438570197533, 'trop_k_veg': 1.1353728805507066, 'pop_amp': 6.608891450756736, 'pop_peak': 25.54764443609584, 'pop_sig': 0.38670260782486987, 'fuel_k': 0.15461686566268956, 'fuel_half': 0.43947267984725114}. Best is trial 0 with value: -0.6094076133578652.
[I 2026-08-19 17:40:39,110] Trial 1492 finished with value: 0.5917101956843455 and parameters: {'k1': 0.01655570595531264, 'D_low': 201.98396639137664, 'k2': 0.00048194776533255453, 'D_high': 138829.40252997645, 'fire_exp': 2.1683318853230316, 'P_half': 19.011474258941064, 'pre_dampen_half': 48.77157687906756, 'gpp_af': 0.15844178188526456, 'gpp_b': 0.0005269396113570654, 'gpp_d': 51.385121731124116, 'ign_k': 0.07393021847195397, 'ign_c': 0.9140582392227216, 'trop_agb_crit': 3.1334297195301217, 'trop_k_veg': 0.9189028638700637, 'pop_amp': 0.7823224183640054, 'pop_peak': 1.3835500515879784, 'pop_sig': 1.0150180590855173, 'fuel_k': 2.46537887308699, 'fuel_half': 0.1988505718448053}. Best is trial 0 with value: -0.6094076133578652.
[I 2026-08-19 17:40:41,181] Trial 1493 finished with value: 0.5013788400513485 and parameters: {'k1': 0.004661265703958395, 'D_low': 2.292351378405725, 'k2': 0.011803454092258876, 'D_high': 1246469.573621624, 'fire_exp': 4.540830116536104, 'P_half': 28.713664216030423, 'pre_dampen_half': 30.531741309095544, 'gpp_af': 0.022154683756711424, 'gpp_b': 1.0401964980544833e-05, 'gpp_d': 122.12477981496502, 'ign_k': 1.028891253865885, 'ign_c': 11.947959098368903, 'trop_agb_crit': 4.96690774598265, 'trop_k_veg': 3.472632794061468, 'pop_amp': 0.019026397764063233, 'pop_peak': 883.1404820701913, 'pop_sig': 0.7711073390959238, 'fuel_k': 2.2675144317203118, 'fuel_half': 0.3461140408745695}. Best is trial 0 with value: -0.6094076133578652.
[I 2026-08-19 17:40:43,129] Trial 1494 finished with value: 0.5815532656447233 and parameters: {'k1': 3.4003692214412105e-05, 'D_low': 25919.964454081935, 'k2': 0.00012793410689626982, 'D_high': 135262.20515763797, 'fire_exp': 5.126877793526574, 'P_half': 142.1745061763839, 'pre_dampen_half': 3.333733732605189, 'gpp_af': 0.03459658901316445, 'gpp_b': 5.0909206057761386e-05, 'gpp_d': 177.20755995796677, 'ign_k': 1.1683410226289022, 'ign_c': 0.3380715997112908, 'trop_agb_crit': 5.841726881674278, 'trop_k_veg': 4.806076848988546, 'pop_amp': 2.784576360667648, 'pop_peak': 9.43911851343843, 'pop_sig': 0.34712434541610443, 'fuel_k': 0.13876864346428755, 'fuel_half': 0.19576811343446626}. Best is trial 0 with value: -0.6094076133578652.
[I 2026-08-19 17:40:45,118] Trial 1495 finished with value: 0.6378730099752548 and parameters: {'k1': 3.8604367977564406e-05, 'D_low': 96.68267815639973, 'k2': 0.010298121357215244, 'D_high': 714.329577865235, 'fire_exp': 4.456859346005666, 'P_half': 2984.1797923108447, 'pre_dampen_half': 329.7587325034119, 'gpp_af': 76.50528828357866, 'gpp_b': 0.00010101401033709029, 'gpp_d': 3.007522545679015, 'ign_k': 1.8332572209276763, 'ign_c': 4.3836268577998485, 'trop_agb_crit': 1.4632012392640266, 'trop_k_veg': 3.531132840394366, 'pop_amp': 3.9342171517506563, 'pop_peak': 0.18131123390273401, 'pop_sig': 1.2865757713659731, 'fuel_k': 0.7964575685374702, 'fuel_half': 0.5736575985523573}. Best is trial 0 with value: -0.6094076133578652.
[I 2026-08-19 17:40:47,121] Trial 1496 finished with value: 0.47148576156656197 and parameters: {'k1': 0.0011276913020458455, 'D_low': 12608.767581522756, 'k2': 0.004151478491035888, 'D_high': 761814.9002449375, 'fire_exp': 2.577370065577438, 'P_half': 65.22114155285213, 'pre_dampen_half': 2.2166887349453344, 'gpp_af': 0.053933095441986934, 'gpp_b': 2.4947487892585362e-05, 'gpp_d': 142.35160482759758, 'ign_k': 0.40509226229097234, 'ign_c': 0.18185811155911047, 'trop_agb_crit': 18.69115553207291, 'trop_k_veg': 3.4210399246300387, 'pop_amp': 0.043717668963718405, 'pop_peak': 15.17590660274631, 'pop_sig': 0.33855968984110213, 'fuel_k': 0.028548017533926422, 'fuel_half': 0.26328768903450817}. Best is trial 0 with value: -0.6094076133578652.
[I 2026-08-19 17:40:49,142] Trial 1497 finished with value: 0.43295093211110525 and parameters: {'k1': 0.0016059117819183966, 'D_low': 804.3825499428598, 'k2': 0.0036478148204668087, 'D_high': 5417638.473526384, 'fire_exp': 6.254952176819647, 'P_half': 4.292135462893289, 'pre_dampen_half': 3.283603542851496, 'gpp_af': 0.07615009952655569, 'gpp_b': 0.00012841603423943798, 'gpp_d': 440.8096086205814, 'ign_k': 0.6540548673323389, 'ign_c': 0.2911944131977965, 'trop_agb_crit': 23.34302899196338, 'trop_k_veg': 2.40359316991463, 'pop_amp': 0.003883050523077842, 'pop_peak': 0.08267032487576252, 'pop_sig': 0.676425167626089, 'fuel_k': 3.223560200622059, 'fuel_half': 0.3152927764556429}. Best is trial 0 with value: -0.6094076133578652.
[I 2026-08-19 17:40:51,181] Trial 1498 finished with value: 0.43317781618696594 and parameters: {'k1': 0.00031126385383601723, 'D_low': 3377.4605406263786, 'k2': 0.03370954626899666, 'D_high': 5725169.325976419, 'fire_exp': 1.0657749484603316, 'P_half': 48.192420329741694, 'pre_dampen_half': 1.3012906817607401, 'gpp_af': 0.1129590804695543, 'gpp_b': 6.64614725312774e-05, 'gpp_d': 18.557831451332962, 'ign_k': 0.04123899579789285, 'ign_c': 0.5929473774209443, 'trop_agb_crit': 8.30737776902688, 'trop_k_veg': 1.8425521971282914, 'pop_amp': 0.07748300244561607, 'pop_peak': 0.08371870382187499, 'pop_sig': 1.8627957713539267, 'fuel_k': 0.016690830356152847, 'fuel_half': 71.22204575849605}. Best is trial 0 with value: -0.6094076133578652.
  trial 1499/2500  best_overall=0.6094  (42.5 min)
[I 2026-08-19 17:40:53,718] Trial 1499 finished with value: 0.5415020330359707 and parameters: {'k1': 0.0033864645485828346, 'D_low': 17875.646659844755, 'k2': 0.001003505418872351, 'D_high': 289720.3133864081, 'fire_exp': 3.4217182440512093, 'P_half': 179.40656076284372, 'pre_dampen_half': 2.6128369487522494, 'gpp_af': 0.21359213789440165, 'gpp_b': 0.00013244852715704392, 'gpp_d': 61.46819313404623, 'ign_k': 0.3527475957091232, 'ign_c': 0.27132452636550564, 'trop_agb_crit': 13.392683986681922, 'trop_k_veg': 5.244017510650086, 'pop_amp': 1.3674657914827586, 'pop_peak': 0.32181252725471066, 'pop_sig': 0.4768583976441927, 'fuel_k': 0.027648374817655613, 'fuel_half': 2.8267471359323815}. Best is trial 0 with value: -0.6094076133578652.
[I 2026-08-19 17:40:55,934] Trial 1500 finished with value: 0.5351114916024062 and parameters: {'k1': 0.0004055194791527427, 'D_low': 5.096349852373975, 'k2': 0.020882326042273976, 'D_high': 238383.6064207613, 'fire_exp': 3.3114302011513, 'P_half': 7.037563209136995, 'pre_dampen_half': 0.45016774251029745, 'gpp_af': 0.00882512819884683, 'gpp_b': 0.0002956821120284853, 'gpp_d': 414.5305681915565, 'ign_k': 0.09057370355913899, 'ign_c': 10.26074082665557, 'trop_agb_crit': 12.172753555161117, 'trop_k_veg': 1.32767351790512, 'pop_amp': 0.8004258558120628, 'pop_peak': 0.2812712275203307, 'pop_sig': 0.7836739117659252, 'fuel_k': 0.8972881311427289, 'fuel_half': 0.2408669188619735}. Best is trial 0 with value: -0.6094076133578652.
[I 2026-08-19 17:40:58,019] Trial 1501 finished with value: 0.5878936013261499 and parameters: {'k1': 0.0013892483463098795, 'D_low': 676.8837054308749, 'k2': 0.04400789435647027, 'D_high': 124553.02522223159, 'fire_exp': 1.6562605161989759, 'P_half': 442.4352587364163, 'pre_dampen_half': 1.2362710279562532, 'gpp_af': 0.004473882986447028, 'gpp_b': 0.00647571138041633, 'gpp_d': 0.06848124412991446, 'ign_k': 0.06722825624104892, 'ign_c': 0.1990440101772024, 'trop_agb_crit': 21.85619874342043, 'trop_k_veg': 0.8880891252642317, 'pop_amp': 0.05664458303316113, 'pop_peak': 1.130470523588295, 'pop_sig': 1.3659593406422579, 'fuel_k': 0.06546747953234151, 'fuel_half': 8.547320939558844}. Best is trial 0 with value: -0.6094076133578652.
[I 2026-08-19 17:41:00,068] Trial 1502 finished with value: 0.5202944712226316 and parameters: {'k1': 0.0019274887859229669, 'D_low': 10681.04943721024, 'k2': 0.00300806669333013, 'D_high': 675872.9670942219, 'fire_exp': 3.4511088972153043, 'P_half': 59.28696112070842, 'pre_dampen_half': 10.565306159441404, 'gpp_af': 0.0683014840698851, 'gpp_b': 0.00019424777444476443, 'gpp_d': 664.8452776001658, 'ign_k': 0.08883202029957002, 'ign_c': 0.1879612040482128, 'trop_agb_crit': 15.681746670928549, 'trop_k_veg': 5.683270134161549, 'pop_amp': 7.692431818522362, 'pop_peak': 18.39675314086091, 'pop_sig': 0.4400587293935536, 'fuel_k': 0.026273441456971455, 'fuel_half': 0.307228437278642}. Best is trial 0 with value: -0.6094076133578652.
[I 2026-08-19 17:41:02,200] Trial 1503 finished with value: 0.45729202662568447 and parameters: {'k1': 0.0007398252470075574, 'D_low': 31.999362570830527, 'k2': 2.8513314855631645e-05, 'D_high': 218582.44054673522, 'fire_exp': 2.446120880930739, 'P_half': 151.0983063091886, 'pre_dampen_half': 0.6018247406157006, 'gpp_af': 1.689038049511494, 'gpp_b': 0.0226633948744231, 'gpp_d': 27.507611881221727, 'ign_k': 0.00962171836160764, 'ign_c': 0.13195019722172738, 'trop_agb_crit': 10.431325970552658, 'trop_k_veg': 0.8118052654830835, 'pop_amp': 7.6277893960675485, 'pop_peak': 4.932765013412079, 'pop_sig': 0.43395948824521835, 'fuel_k': 2.627730888655405, 'fuel_half': 0.998821837024278}. Best is trial 0 with value: -0.6094076133578652.
[I 2026-08-19 17:41:04,322] Trial 1504 finished with value: -0.5716549670560845 and parameters: {'k1': 0.009735718666972292, 'D_low': 7.985507289728343, 'k2': 0.009523391989556623, 'D_high': 538733.9052101952, 'fire_exp': 3.333924399841493, 'P_half': 8.621674416024556, 'pre_dampen_half': 6.2348266946782385, 'gpp_af': 0.008707016637951379, 'gpp_b': 0.0007407466570560476, 'gpp_d': 27.88918921801067, 'ign_k': 0.12350703625227673, 'ign_c': 0.2164449503549397, 'trop_agb_crit': 3.673644983924588, 'trop_k_veg': 1.0021789935262473, 'pop_amp': 0.5437979434030131, 'pop_peak': 1.2733989861199868, 'pop_sig': 1.092863340600606, 'fuel_k': 0.3138946388867722, 'fuel_half': 0.34581158178206217}. Best is trial 0 with value: -0.6094076133578652.
[I 2026-08-19 17:41:06,470] Trial 1505 finished with value: 0.4464981742023435 and parameters: {'k1': 0.0003623857502395173, 'D_low': 4.18208173758966, 'k2': 0.009908416345869715, 'D_high': 718399.1336936695, 'fire_exp': 1.6776166426001502, 'P_half': 1.0964879440186692, 'pre_dampen_half': 0.04483805488860833, 'gpp_af': 0.006421467629516179, 'gpp_b': 1.2317098032600301e-05, 'gpp_d': 3.5700613604084985, 'ign_k': 0.09755419470218153, 'ign_c': 0.2836220412613774, 'trop_agb_crit': 4.675495302392856, 'trop_k_veg': 5.319928625007246, 'pop_amp': 1.1732432230361869, 'pop_peak': 9.32483864645138, 'pop_sig': 1.0406381195613106, 'fuel_k': 0.012757580684709122, 'fuel_half': 10.78791392144382}. Best is trial 0 with value: -0.6094076133578652.
[I 2026-08-19 17:41:08,611] Trial 1506 finished with value: 0.5405230408454849 and parameters: {'k1': 0.010155391486052573, 'D_low': 62.0076830831303, 'k2': 0.003160446807792098, 'D_high': 1700830.495420071, 'fire_exp': 1.3981807209887933, 'P_half': 17.26800645151749, 'pre_dampen_half': 44.50341342879949, 'gpp_af': 0.3160292948710271, 'gpp_b': 2.498597438966168, 'gpp_d': 570.580726015205, 'ign_k': 0.2555200284067158, 'ign_c': 0.8623657450150557, 'trop_agb_crit': 22.407556864084636, 'trop_k_veg': 3.8981353686257663, 'pop_amp': 0.267387005510916, 'pop_peak': 0.10693658145037882, 'pop_sig': 0.4344864257363617, 'fuel_k': 3.915967165583738, 'fuel_half': 1.794694759228082}. Best is trial 0 with value: -0.6094076133578652.
