[I 2026-08-20 00:30:52,525] Trial 640 finished with value: 0.49667701848020285 and parameters: {'k1': 0.001427420984624143, 'D_low': 315.4565605673879, 'k2': 0.0012105459878335742, 'D_high': 97069.02461393819, 'fire_exp': 1.4912423719638455, 'P_half': 8.636750786824933, 'pre_dampen_half': 87.21532971360783, 'gpp_af': 0.007866671268499372, 'gpp_b': 6.386462902060514e-05, 'gpp_d': 633.7646483614153, 'ign_k': 5.425056561417816, 'ign_c': 1.5948047581479288, 'trop_agb_crit': 4.211948441711588, 'trop_k_veg': 0.921559508839495, 'pop_amp': 0.1765535634085723, 'pop_peak': 5.554959171474324, 'pop_sig': 1.0334685195335875}. Best is trial 274 with value: -0.604910391627968.
[I 2026-08-20 00:30:54,322] Trial 641 finished with value: 0.5154292551094293 and parameters: {'k1': 0.03719744375896544, 'D_low': 21.479823458799576, 'k2': 0.06068819424335776, 'D_high': 8087171.560167262, 'fire_exp': 1.8644118782401846, 'P_half': 86.79594435006739, 'pre_dampen_half': 0.2060073236166773, 'gpp_af': 0.00156109552527096, 'gpp_b': 2.449372892037337e-05, 'gpp_d': 9.17760263103951, 'ign_k': 3.3651912049793657, 'ign_c': 7.85398931278179, 'trop_agb_crit': 2.2542097101446785, 'trop_k_veg': 0.9097187256266719, 'pop_amp': 0.023507508826219763, 'pop_peak': 227.6355430059709, 'pop_sig': 0.6312017088719832}. Best is trial 274 with value: -0.604910391627968.
[I 2026-08-20 00:30:56,100] Trial 642 finished with value: 0.6445374145881376 and parameters: {'k1': 0.0005178791652388983, 'D_low': 102.82218734919971, 'k2': 0.032746305703081666, 'D_high': 1120199.043001922, 'fire_exp': 1.1820682444726789, 'P_half': 22.943960567823385, 'pre_dampen_half': 102.85044942012102, 'gpp_af': 0.06049010614258126, 'gpp_b': 0.00027335782657948054, 'gpp_d': 1.5340462585349766, 'ign_k': 6.542977436750319, 'ign_c': 59.737599997651024, 'trop_agb_crit': 18.654113636454266, 'trop_k_veg': 7.138832498860082, 'pop_amp': 0.025214294157682157, 'pop_peak': 3.2981923607701833, 'pop_sig': 1.009820650063847}. Best is trial 274 with value: -0.604910391627968.
[I 2026-08-20 00:30:57,997] Trial 643 finished with value: 0.5930201399825087 and parameters: {'k1': 1.297579908095544e-05, 'D_low': 640803.8343359237, 'k2': 0.06176311836016518, 'D_high': 439208.09904141695, 'fire_exp': 1.1285469429617763, 'P_half': 82.59215617244081, 'pre_dampen_half': 60.26412578113153, 'gpp_af': 0.09160807963675661, 'gpp_b': 0.0018950310172308798, 'gpp_d': 0.18357180347421787, 'ign_k': 0.24954621229323568, 'ign_c': 3.2542183021869255, 'trop_agb_crit': 6.132240270379376, 'trop_k_veg': 4.626527928027343, 'pop_amp': 0.01750463709935711, 'pop_peak': 1.7572955996138027, 'pop_sig': 0.7730174859402991}. Best is trial 274 with value: -0.604910391627968.
[I 2026-08-20 00:30:59,792] Trial 644 finished with value: 0.5528474851387427 and parameters: {'k1': 0.003965251800031312, 'D_low': 8983.081717841234, 'k2': 0.0008062573947344428, 'D_high': 2912003.773227426, 'fire_exp': 1.3184246654754193, 'P_half': 1067.4296796374326, 'pre_dampen_half': 811.3518068603269, 'gpp_af': 0.05776703736176764, 'gpp_b': 0.024437638846936376, 'gpp_d': 74.7628672429284, 'ign_k': 2.5753138834449714, 'ign_c': 10.769458074402102, 'trop_agb_crit': 25.494917702946292, 'trop_k_veg': 2.686851500945084, 'pop_amp': 0.003987625900293546, 'pop_peak': 5.256159813853194, 'pop_sig': 0.5749303199916318}. Best is trial 274 with value: -0.604910391627968.
[I 2026-08-20 00:31:01,534] Trial 645 finished with value: 0.4520452395165637 and parameters: {'k1': 0.0004501602764182343, 'D_low': 5266.783047507368, 'k2': 0.00012857253611756647, 'D_high': 2366536.4149286305, 'fire_exp': 1.5922715459441519, 'P_half': 9.715030540520402, 'pre_dampen_half': 11.625325238363569, 'gpp_af': 0.09478708741490764, 'gpp_b': 1.5036917485944413e-05, 'gpp_d': 0.7694865947364368, 'ign_k': 0.7527076949999393, 'ign_c': 5.838416250936204, 'trop_agb_crit': 28.251907544197866, 'trop_k_veg': 2.5143721378792856, 'pop_amp': 0.006171512513207347, 'pop_peak': 161.5877305405298, 'pop_sig': 1.9234215891377227}. Best is trial 274 with value: -0.604910391627968.
[I 2026-08-20 00:31:03,396] Trial 646 finished with value: -0.5774313131898873 and parameters: {'k1': 0.006207056673034894, 'D_low': 4754.193273926577, 'k2': 0.0009933559771413416, 'D_high': 227240.88460022767, 'fire_exp': 1.3417757453500139, 'P_half': 5.2740390278623535, 'pre_dampen_half': 3.9993567203295366, 'gpp_af': 0.0016853613156873398, 'gpp_b': 2.507744956844882e-05, 'gpp_d': 99.26780109795375, 'ign_k': 4.660619980847512, 'ign_c': 0.14509561712561592, 'trop_agb_crit': 6.516715263112796, 'trop_k_veg': 1.5211060208187808, 'pop_amp': 0.014661084351592382, 'pop_peak': 0.5818950117202016, 'pop_sig': 0.790444854823214}. Best is trial 274 with value: -0.604910391627968.
[I 2026-08-20 00:31:05,160] Trial 647 finished with value: -0.5847847021776926 and parameters: {'k1': 0.000631387595892339, 'D_low': 1813.9513284931688, 'k2': 0.08469130470522483, 'D_high': 4694789.422458176, 'fire_exp': 1.855144911392323, 'P_half': 38.377530445991844, 'pre_dampen_half': 3.8083579367424427, 'gpp_af': 0.005913388646218434, 'gpp_b': 8.63726854379291e-05, 'gpp_d': 0.5592426687022183, 'ign_k': 2.6943302274843406, 'ign_c': 1.9190802258414073, 'trop_agb_crit': 2.2897991930120103, 'trop_k_veg': 6.175246448195587, 'pop_amp': 0.14243742762627326, 'pop_peak': 0.286611369435947, 'pop_sig': 0.615876984489686}. Best is trial 274 with value: -0.604910391627968.
[I 2026-08-20 00:31:07,017] Trial 648 finished with value: 0.428045708028291 and parameters: {'k1': 1.9218634733669706e-05, 'D_low': 1210.3792516465019, 'k2': 0.07558284539805302, 'D_high': 6817767.072523851, 'fire_exp': 1.7718513468060566, 'P_half': 92.8493338425298, 'pre_dampen_half': 61.47847317528597, 'gpp_af': 0.025847134983530213, 'gpp_b': 2.0589967977297373e-05, 'gpp_d': 10.69218078359014, 'ign_k': 1.856524245762229, 'ign_c': 0.10256818876504989, 'trop_agb_crit': 1.9169651072121343, 'trop_k_veg': 6.967855688892503, 'pop_amp': 0.27504312356493454, 'pop_peak': 0.8753247772696678, 'pop_sig': 0.4783075596877025}. Best is trial 274 with value: -0.604910391627968.
[I 2026-08-20 00:31:08,828] Trial 649 finished with value: -0.5818694548174669 and parameters: {'k1': 0.00028528738954202793, 'D_low': 9389.996886660527, 'k2': 0.07108279813232057, 'D_high': 1094098.9199082442, 'fire_exp': 1.3914922747895913, 'P_half': 1.598354498735809, 'pre_dampen_half': 49.272953358169914, 'gpp_af': 0.0016064662488443349, 'gpp_b': 0.00011691790382488888, 'gpp_d': 0.37440872528025554, 'ign_k': 1.0772370769375206, 'ign_c': 13.100543635412151, 'trop_agb_crit': 3.9258844911341018, 'trop_k_veg': 3.759629045983208, 'pop_amp': 0.15363384423389204, 'pop_peak': 1.3846448057154082, 'pop_sig': 1.2840659773481813}. Best is trial 274 with value: -0.604910391627968.
[I 2026-08-20 00:31:10,575] Trial 650 finished with value: 0.5350940771641358 and parameters: {'k1': 0.001194462159353244, 'D_low': 1384.1899025358857, 'k2': 0.09615866544951482, 'D_high': 2462894.0539731095, 'fire_exp': 2.9338351312740443, 'P_half': 8.594302570985878, 'pre_dampen_half': 1.461603923371158, 'gpp_af': 0.0505107733159542, 'gpp_b': 0.0081412370573614, 'gpp_d': 0.30947151232094855, 'ign_k': 2.8064256709835704, 'ign_c': 0.17323806835003164, 'trop_agb_crit': 2.2775579418640177, 'trop_k_veg': 4.383207685973469, 'pop_amp': 0.03274546704884235, 'pop_peak': 0.6054265543973735, 'pop_sig': 0.3424668998957757}. Best is trial 274 with value: -0.604910391627968.
[I 2026-08-20 00:31:12,373] Trial 651 finished with value: 0.5041797484938956 and parameters: {'k1': 0.09034086924997009, 'D_low': 1857.574282855806, 'k2': 0.0014366853666100724, 'D_high': 506622.61055264325, 'fire_exp': 1.9966219769854348, 'P_half': 16.92871499130801, 'pre_dampen_half': 0.8312308391075879, 'gpp_af': 0.0014194355819324726, 'gpp_b': 0.00026982462145784227, 'gpp_d': 139.61146537412208, 'ign_k': 2.484924813081365, 'ign_c': 0.14134737190970076, 'trop_agb_crit': 7.176692124870178, 'trop_k_veg': 2.1348480091413378, 'pop_amp': 0.0010667564392857053, 'pop_peak': 0.5381540057896117, 'pop_sig': 0.6093946838281656}. Best is trial 274 with value: -0.604910391627968.
[I 2026-08-20 00:31:14,373] Trial 652 finished with value: -0.5325454909637675 and parameters: {'k1': 0.0025406833793646315, 'D_low': 2422.052859904859, 'k2': 8.448401250680203e-05, 'D_high': 38885.686137141005, 'fire_exp': 1.8067585257445482, 'P_half': 8.170680197993942, 'pre_dampen_half': 13.48226418508415, 'gpp_af': 0.00385409630351314, 'gpp_b': 2.712464074076939e-05, 'gpp_d': 13.504739638733977, 'ign_k': 5.397266721518428, 'ign_c': 0.12794916637678372, 'trop_agb_crit': 4.0051730681440425, 'trop_k_veg': 1.680485715994664, 'pop_amp': 0.03624097407445032, 'pop_peak': 0.5073831423373736, 'pop_sig': 0.7040985314148043}. Best is trial 274 with value: -0.604910391627968.
[I 2026-08-20 00:31:16,160] Trial 653 finished with value: 0.43091923429537415 and parameters: {'k1': 0.03723369335049654, 'D_low': 4337.308756190788, 'k2': 0.005693127984451789, 'D_high': 1537890.9537738066, 'fire_exp': 1.4278678627511188, 'P_half': 17.213531657516054, 'pre_dampen_half': 2.8374983923597674, 'gpp_af': 0.059783027693389786, 'gpp_b': 4.6572911099459916e-05, 'gpp_d': 138.37783486523497, 'ign_k': 6.6195355039321, 'ign_c': 0.19234965909948873, 'trop_agb_crit': 11.027668656198205, 'trop_k_veg': 0.678083592646486, 'pop_amp': 0.025056965839222456, 'pop_peak': 1.6373586372243316, 'pop_sig': 0.7005893603179724}. Best is trial 274 with value: -0.604910391627968.
[I 2026-08-20 00:31:17,965] Trial 654 finished with value: 0.5818441972635071 and parameters: {'k1': 0.0026934905639664514, 'D_low': 51068.354155196976, 'k2': 0.03796588420805512, 'D_high': 4378187.013598081, 'fire_exp': 1.1274409980105342, 'P_half': 1.469702105149436, 'pre_dampen_half': 18.33735849275621, 'gpp_af': 0.006486329559869572, 'gpp_b': 0.0017817485642774938, 'gpp_d': 1.3383056051247015, 'ign_k': 0.4214067104559047, 'ign_c': 10.216432125614599, 'trop_agb_crit': 3.0685742253829016, 'trop_k_veg': 4.150744814893903, 'pop_amp': 0.14219258680785452, 'pop_peak': 0.5236408069618769, 'pop_sig': 1.73198994585514}. Best is trial 274 with value: -0.604910391627968.
[I 2026-08-20 00:31:19,716] Trial 655 finished with value: 0.4230801349611054 and parameters: {'k1': 0.0007336179579796451, 'D_low': 7738.98709848637, 'k2': 0.022187488189536895, 'D_high': 2421563.1520345598, 'fire_exp': 1.0882634176664416, 'P_half': 43.77365383591124, 'pre_dampen_half': 4.630656992221844, 'gpp_af': 0.03401343216958426, 'gpp_b': 0.00028545354800095214, 'gpp_d': 0.21706600543312327, 'ign_k': 0.8617205164767027, 'ign_c': 1.288983210497325, 'trop_agb_crit': 6.009473325237615, 'trop_k_veg': 5.760241384263567, 'pop_amp': 0.9848350953557692, 'pop_peak': 0.5279996706628799, 'pop_sig': 0.34600207784305287}. Best is trial 274 with value: -0.604910391627968.
[I 2026-08-20 00:31:21,589] Trial 656 finished with value: 0.5848631297007904 and parameters: {'k1': 5.9463837529994335e-05, 'D_low': 2722.647209649222, 'k2': 0.0626111545725583, 'D_high': 15820.856093822698, 'fire_exp': 3.4867107297499786, 'P_half': 1.2765324215273324, 'pre_dampen_half': 0.7757769730072696, 'gpp_af': 0.015698794920259725, 'gpp_b': 1.4579592702956214e-05, 'gpp_d': 4.885876913201405, 'ign_k': 9.053240585696715, 'ign_c': 0.829487620903039, 'trop_agb_crit': 2.653451909979021, 'trop_k_veg': 4.862471592134295, 'pop_amp': 0.062121277735590806, 'pop_peak': 0.32389876809276474, 'pop_sig': 1.2535653681069203}. Best is trial 274 with value: -0.604910391627968.
[I 2026-08-20 00:31:23,410] Trial 657 finished with value: 0.5764015366988137 and parameters: {'k1': 0.00913784814361186, 'D_low': 66.39087900933296, 'k2': 0.004967809304331548, 'D_high': 3789014.901171296, 'fire_exp': 3.9677025805078365, 'P_half': 1186.8764317424527, 'pre_dampen_half': 6.435564411202866, 'gpp_af': 0.015388407241865751, 'gpp_b': 0.0007026227498587971, 'gpp_d': 1.156752219979396, 'ign_k': 0.6189963408408734, 'ign_c': 0.972256032781744, 'trop_agb_crit': 24.17205024378081, 'trop_k_veg': 1.036502655716001, 'pop_amp': 0.025305234960828874, 'pop_peak': 0.7007094947437051, 'pop_sig': 0.6319198976382433}. Best is trial 274 with value: -0.604910391627968.
[I 2026-08-20 00:31:25,173] Trial 658 finished with value: 0.523388904992715 and parameters: {'k1': 0.00011279007578776259, 'D_low': 27443.784446373764, 'k2': 0.0017472721061265373, 'D_high': 8898256.366188072, 'fire_exp': 2.1030004853435336, 'P_half': 194.15452570709465, 'pre_dampen_half': 3.1858516174039666, 'gpp_af': 0.05320504448332139, 'gpp_b': 5.395642007640413e-05, 'gpp_d': 5.894231628597021, 'ign_k': 0.9977160538820339, 'ign_c': 17.795419403867307, 'trop_agb_crit': 2.435626447017891, 'trop_k_veg': 6.0349427234254875, 'pop_amp': 0.02713572556206928, 'pop_peak': 0.7263181773021279, 'pop_sig': 0.6259066751815532}. Best is trial 274 with value: -0.604910391627968.
[I 2026-08-20 00:31:27,041] Trial 659 finished with value: 0.46780998492896175 and parameters: {'k1': 0.0003783129811454733, 'D_low': 14.616078731517941, 'k2': 0.007869754783627345, 'D_high': 499067.07020956, 'fire_exp': 2.0273121829163046, 'P_half': 69.58469336861879, 'pre_dampen_half': 1.4781363999935815, 'gpp_af': 0.011594926401441238, 'gpp_b': 9.656152252316296e-05, 'gpp_d': 2.7519227779716275, 'ign_k': 0.1546239364966855, 'ign_c': 8.75737401820058, 'trop_agb_crit': 2.4052679029695616, 'trop_k_veg': 4.9383093677646475, 'pop_amp': 0.24713975646790076, 'pop_peak': 0.06482245111620537, 'pop_sig': 0.49052027625340217}. Best is trial 274 with value: -0.604910391627968.
[I 2026-08-20 00:31:29,024] Trial 660 finished with value: 0.6471963637067806 and parameters: {'k1': 0.0017743206611686593, 'D_low': 2471.718773547394, 'k2': 0.0015190322582781168, 'D_high': 4516975.041554356, 'fire_exp': 2.01151215713947, 'P_half': 80.15138016559008, 'pre_dampen_half': 1.050089534948712, 'gpp_af': 0.009832019729841523, 'gpp_b': 2.269840330733514e-05, 'gpp_d': 572.8480976383677, 'ign_k': 1.0816751555207134, 'ign_c': 43.22120452555452, 'trop_agb_crit': 7.478595312729315, 'trop_k_veg': 2.952778709689858, 'pop_amp': 0.009314502046762693, 'pop_peak': 2.0446870793607856, 'pop_sig': 2.1587169557731287}. Best is trial 274 with value: -0.604910391627968.
[I 2026-08-20 00:31:31,125] Trial 661 finished with value: 0.6344533450432571 and parameters: {'k1': 0.0018942986857490474, 'D_low': 155185.6502577476, 'k2': 0.004042849475553458, 'D_high': 411165.3398046399, 'fire_exp': 3.9077038190318776, 'P_half': 86.23482033971801, 'pre_dampen_half': 15.634793134005287, 'gpp_af': 0.018853762572678068, 'gpp_b': 0.0007991185143790867, 'gpp_d': 137.55128210045916, 'ign_k': 9.889445643487747, 'ign_c': 0.1785270012786923, 'trop_agb_crit': 3.8013714894747106, 'trop_k_veg': 4.712063017061093, 'pop_amp': 0.12034667451286084, 'pop_peak': 2.942098705343351, 'pop_sig': 1.7130437652252513}. Best is trial 274 with value: -0.604910391627968.
[I 2026-08-20 00:31:33,015] Trial 662 finished with value: 0.40813095111600317 and parameters: {'k1': 0.001642845550366493, 'D_low': 225.09913975523165, 'k2': 0.022933930283308743, 'D_high': 1889078.5751061214, 'fire_exp': 1.025663536729303, 'P_half': 717.8977048036718, 'pre_dampen_half': 0.6891328856234136, 'gpp_af': 0.04505855248604557, 'gpp_b': 5.469914231620459e-05, 'gpp_d': 3.209811944531938, 'ign_k': 1.4311866256614985, 'ign_c': 0.2673418906567979, 'trop_agb_crit': 26.217885651227917, 'trop_k_veg': 1.824744577316131, 'pop_amp': 0.6816466331418405, 'pop_peak': 2.4182175538949604, 'pop_sig': 1.9393530544749296}. Best is trial 274 with value: -0.604910391627968.
[I 2026-08-20 00:31:35,329] Trial 663 finished with value: 0.43901011476828233 and parameters: {'k1': 0.05645814450210123, 'D_low': 1.0042427336286002, 'k2': 4.341153926294357e-05, 'D_high': 1645583.619528393, 'fire_exp': 2.1971678143616167, 'P_half': 249.68262461551527, 'pre_dampen_half': 0.5431240797135719, 'gpp_af': 9.337505526331784, 'gpp_b': 0.001330488145357504, 'gpp_d': 54.129515208544284, 'ign_k': 0.3967846361146751, 'ign_c': 2.4040179802953423, 'trop_agb_crit': 7.637226808356215, 'trop_k_veg': 1.1111617951223307, 'pop_amp': 1.0145294220421446, 'pop_peak': 35.01280244886487, 'pop_sig': 1.5366233958077409}. Best is trial 274 with value: -0.604910391627968.
[I 2026-08-20 00:31:37,222] Trial 664 finished with value: 0.5209138525985514 and parameters: {'k1': 0.0001447858573072028, 'D_low': 304.49714850866394, 'k2': 0.024811510232474396, 'D_high': 31782.133513341592, 'fire_exp': 2.4989527855981253, 'P_half': 1.4490792761513458, 'pre_dampen_half': 216.384588402273, 'gpp_af': 0.009585922852223473, 'gpp_b': 0.00013868008509829085, 'gpp_d': 0.021784915819035834, 'ign_k': 0.6345907750069599, 'ign_c': 2.1485665762783035, 'trop_agb_crit': 1.7737870463064376, 'trop_k_veg': 2.0431756353862984, 'pop_amp': 0.00592186071483379, 'pop_peak': 0.14319375862079967, 'pop_sig': 0.3954597850960333}. Best is trial 274 with value: -0.604910391627968.
[I 2026-08-20 00:31:39,071] Trial 665 finished with value: 0.6555394006848703 and parameters: {'k1': 0.048996650955325405, 'D_low': 195.7902127337847, 'k2': 0.021760527683524523, 'D_high': 450235.29674074874, 'fire_exp': 2.567869438739601, 'P_half': 2.7515863010611414, 'pre_dampen_half': 4.281658987897507, 'gpp_af': 0.00632285351499583, 'gpp_b': 1.6446127376717116e-05, 'gpp_d': 748.4445074646248, 'ign_k': 8.80745462277778, 'ign_c': 34.046046047401475, 'trop_agb_crit': 4.254502023254895, 'trop_k_veg': 1.027154866284349, 'pop_amp': 0.002678796675558243, 'pop_peak': 57.138086368578676, 'pop_sig': 0.6050107721129224}. Best is trial 274 with value: -0.604910391627968.
[I 2026-08-20 00:31:40,881] Trial 666 finished with value: 0.6452976293852716 and parameters: {'k1': 0.000554074665106136, 'D_low': 2610.1184056182888, 'k2': 0.06926037659017063, 'D_high': 59172.548665297014, 'fire_exp': 1.9486444214089735, 'P_half': 2.598198404462388, 'pre_dampen_half': 23.178350703271693, 'gpp_af': 0.003458082620194295, 'gpp_b': 2.084982133920024e-05, 'gpp_d': 7.785926903824116, 'ign_k': 5.64006441252748, 'ign_c': 36.738155145829296, 'trop_agb_crit': 2.662060995946479, 'trop_k_veg': 4.065745285488203, 'pop_amp': 0.1546831043658296, 'pop_peak': 0.053892310330067715, 'pop_sig': 0.623985430057564}. Best is trial 274 with value: -0.604910391627968.
[I 2026-08-20 00:31:42,613] Trial 667 finished with value: 0.47694862866168 and parameters: {'k1': 9.243281559938601e-05, 'D_low': 1391.1582966107367, 'k2': 0.08338974667732138, 'D_high': 491486.2899375619, 'fire_exp': 1.6469117857340105, 'P_half': 2.496696034910679, 'pre_dampen_half': 273.4556871698688, 'gpp_af': 0.06492692079872542, 'gpp_b': 0.0005654465671355302, 'gpp_d': 0.05896063412736186, 'ign_k': 2.43367791351164, 'ign_c': 27.428169525693306, 'trop_agb_crit': 3.4866942354051007, 'trop_k_veg': 5.890761228400091, 'pop_amp': 0.5984084779793266, 'pop_peak': 0.7341424126191571, 'pop_sig': 2.1870048588568647}. Best is trial 274 with value: -0.604910391627968.
[I 2026-08-20 00:31:44,458] Trial 668 finished with value: 0.43189512122536444 and parameters: {'k1': 0.0007283149042714104, 'D_low': 156.57934782227287, 'k2': 0.019391258950939218, 'D_high': 90899.67079976315, 'fire_exp': 1.3813339481031242, 'P_half': 11.643528164232494, 'pre_dampen_half': 6.043969378316485, 'gpp_af': 0.0027631310475146648, 'gpp_b': 3.743006505762846e-05, 'gpp_d': 0.09735154182976857, 'ign_k': 0.18851381603289097, 'ign_c': 0.8012986899090302, 'trop_agb_crit': 1.2036627835571243, 'trop_k_veg': 5.963752324204862, 'pop_amp': 0.08902658161975377, 'pop_peak': 0.1740550908387358, 'pop_sig': 1.2919946951377024}. Best is trial 274 with value: -0.604910391627968.
[I 2026-08-20 00:31:46,440] Trial 669 finished with value: 0.45337202237881113 and parameters: {'k1': 0.0001265373111673758, 'D_low': 16060.562501184768, 'k2': 0.0162763306888292, 'D_high': 115262.22856110467, 'fire_exp': 1.4892721675114517, 'P_half': 4.479311132369297, 'pre_dampen_half': 39.2782872416588, 'gpp_af': 0.0033453938453514636, 'gpp_b': 8.306213699217245e-05, 'gpp_d': 0.13426247690555287, 'ign_k': 0.7040193542408963, 'ign_c': 22.893231288313338, 'trop_agb_crit': 6.175880502496722, 'trop_k_veg': 2.3252749028019344, 'pop_amp': 0.19234833167417345, 'pop_peak': 9.969082959407924, 'pop_sig': 1.4498438774335765}. Best is trial 274 with value: -0.604910391627968.
[I 2026-08-20 00:31:48,359] Trial 670 finished with value: 0.49246478828623963 and parameters: {'k1': 0.0020887829754678007, 'D_low': 71.58602261051108, 'k2': 0.002993493424518613, 'D_high': 321797.5392866632, 'fire_exp': 2.5790202211568483, 'P_half': 375.04465365242265, 'pre_dampen_half': 4.835569978670553, 'gpp_af': 0.0038506077089307147, 'gpp_b': 4.409568172498911e-05, 'gpp_d': 117.62017021792315, 'ign_k': 2.892588030743817, 'ign_c': 4.4248398096208135, 'trop_agb_crit': 5.240878973486416, 'trop_k_veg': 4.002789150846229, 'pop_amp': 0.018612820533981757, 'pop_peak': 3.8805243588527842, 'pop_sig': 0.8445744743792644}. Best is trial 274 with value: -0.604910391627968.
[I 2026-08-20 00:31:50,507] Trial 671 finished with value: 0.6445374145881376 and parameters: {'k1': 0.01670755492444268, 'D_low': 135705.90174178456, 'k2': 0.003421501587156263, 'D_high': 123451.86321583026, 'fire_exp': 1.5488542932297842, 'P_half': 1.5327901692681243, 'pre_dampen_half': 1.4177974754398723, 'gpp_af': 0.003542401799923936, 'gpp_b': 3.3221640409874097e-05, 'gpp_d': 28.81797366434489, 'ign_k': 8.996219235476534, 'ign_c': 0.12032504728035898, 'trop_agb_crit': 9.360379493820316, 'trop_k_veg': 1.4843914478313014, 'pop_amp': 0.005058801504332545, 'pop_peak': 0.9951330419971338, 'pop_sig': 1.1159017179525943}. Best is trial 274 with value: -0.604910391627968.
