[I 2026-07-24 02:11:17,972] Trial 704 finished with value: 0.5875652551174315 and parameters: {'k1': 0.001753228354289031, 'D_low': 23.819685525386472, 'k2': 0.02775577125240977, 'D_high': 84451.80962921468, 'fire_exp': 2.6943162535255083, 'P_half': 3.1788189680711247, 'pre_dampen_half': 7.51147613792154, 'gpp_af': 0.006749760771959186, 'gpp_b': 1.8409831998302226e-05, 'gpp_d': 87.90393724564561, 'ign_k': 0.04509229820501248, 'ign_c': 79.78809862158796, 'trop_agb_crit': 1.5129479010654578, 'trop_k_veg': 0.9779917047720469, 'gdp_gamma': 1.492563134985447, 'fuel_k': 0.04822659626065674, 'fuel_half': 4.202396993629027}. Best is trial 335 with value: -0.6233152110406992.
[I 2026-07-24 02:11:18,428] Trial 705 finished with value: 0.6254333223519278 and parameters: {'k1': 0.0060009604474767575, 'D_low': 58486.083092887704, 'k2': 0.01909292054872939, 'D_high': 217465.29680704, 'fire_exp': 1.9338989122586419, 'P_half': 4.136176763069281, 'pre_dampen_half': 7.4042391902055105, 'gpp_af': 0.9748192165049526, 'gpp_b': 0.023839052434492913, 'gpp_d': 0.2712618357411919, 'ign_k': 0.0016523892777971282, 'ign_c': 16.105230139217156, 'trop_agb_crit': 1.926327377887606, 'trop_k_veg': 0.5272546116459568, 'gdp_gamma': 0.07294773417830987, 'fuel_k': 0.6245514962963518, 'fuel_half': 9.60943977398716}. Best is trial 335 with value: -0.6233152110406992.
[I 2026-07-24 02:11:18,880] Trial 706 finished with value: 0.40456587730451676 and parameters: {'k1': 0.00017830553147369548, 'D_low': 16.837024381539923, 'k2': 0.02709618649911596, 'D_high': 2786939.820255622, 'fire_exp': 2.2015462939061883, 'P_half': 3.518672634249957, 'pre_dampen_half': 23.40548175909295, 'gpp_af': 0.05966704221148738, 'gpp_b': 0.000593999217915323, 'gpp_d': 5.401610429628618, 'ign_k': 0.0025436824599283448, 'ign_c': 1.8572916589738289, 'trop_agb_crit': 2.446772737024985, 'trop_k_veg': 2.054289866091093, 'gdp_gamma': 1.4725064697696713, 'fuel_k': 0.0836296204270039, 'fuel_half': 59.32697711206554}. Best is trial 335 with value: -0.6233152110406992.
[I 2026-07-24 02:11:19,338] Trial 707 finished with value: 0.43358502162863855 and parameters: {'k1': 0.0009002770235494957, 'D_low': 1732.433472110391, 'k2': 0.022087664899764388, 'D_high': 724025.3669894678, 'fire_exp': 1.5314951748239005, 'P_half': 8.993039172742046, 'pre_dampen_half': 0.716350609548393, 'gpp_af': 0.27393323898535293, 'gpp_b': 4.837156746299475e-05, 'gpp_d': 155.25481448912868, 'ign_k': 0.0026789029929868047, 'ign_c': 0.9577529483454252, 'trop_agb_crit': 27.257812603072882, 'trop_k_veg': 0.5976698489790685, 'gdp_gamma': 1.5773095143570515, 'fuel_k': 0.27481841931864304, 'fuel_half': 93.13135762559543}. Best is trial 335 with value: -0.6233152110406992.
[I 2026-07-24 02:11:19,792] Trial 708 finished with value: -0.5946526919410686 and parameters: {'k1': 0.018176185093162975, 'D_low': 1770.2768455587504, 'k2': 0.0641898294847367, 'D_high': 1102353.8782273906, 'fire_exp': 1.8199360661168134, 'P_half': 115.40012243352942, 'pre_dampen_half': 0.7167039251619168, 'gpp_af': 3.8014127237132134, 'gpp_b': 7.116795218198635e-05, 'gpp_d': 385.3471072541377, 'ign_k': 0.017696085095417646, 'ign_c': 0.20562379331115443, 'trop_agb_crit': 11.085500661209098, 'trop_k_veg': 2.4156080333173975, 'gdp_gamma': 0.7231702568855928, 'fuel_k': 0.07640058012897386, 'fuel_half': 4.114635735465441}. Best is trial 335 with value: -0.6233152110406992.
[I 2026-07-24 02:11:20,244] Trial 709 finished with value: 0.5939914159445683 and parameters: {'k1': 0.015678365906597647, 'D_low': 15067.058851536583, 'k2': 0.011185898430052639, 'D_high': 9308812.424821448, 'fire_exp': 2.20362418369571, 'P_half': 10.826533643955537, 'pre_dampen_half': 3.484034141660317, 'gpp_af': 31.2625410912583, 'gpp_b': 0.002070949343943458, 'gpp_d': 669.2696874346985, 'ign_k': 0.10723816841410408, 'ign_c': 0.8730720692670326, 'trop_agb_crit': 9.343548420369395, 'trop_k_veg': 4.4338345149939515, 'gdp_gamma': 1.9142280104458131, 'fuel_k': 0.036764582908014556, 'fuel_half': 4.786459623906938}. Best is trial 335 with value: -0.6233152110406992.
[I 2026-07-24 02:11:20,692] Trial 710 finished with value: 0.5423530918147443 and parameters: {'k1': 0.08728428458079251, 'D_low': 10469.289112397895, 'k2': 0.0269043878712515, 'D_high': 151624.07865169225, 'fire_exp': 1.3131545741489086, 'P_half': 84.2346045930726, 'pre_dampen_half': 0.10296466629896636, 'gpp_af': 14.85326826134929, 'gpp_b': 0.0008021774728265523, 'gpp_d': 138.09321368231218, 'ign_k': 0.05430789795324143, 'ign_c': 1.3936355397409126, 'trop_agb_crit': 27.453095980072103, 'trop_k_veg': 7.909094028572061, 'gdp_gamma': 0.1133314884883796, 'fuel_k': 0.09400618000771684, 'fuel_half': 9.307353816300894}. Best is trial 335 with value: -0.6233152110406992.
[I 2026-07-24 02:11:21,151] Trial 711 finished with value: -0.5837468266150261 and parameters: {'k1': 0.00018872724593378928, 'D_low': 181.16551683478116, 'k2': 0.03947153857012486, 'D_high': 4728550.527877335, 'fire_exp': 1.1417068719194785, 'P_half': 7.569909979571336, 'pre_dampen_half': 0.30272200046016146, 'gpp_af': 0.20778222109284286, 'gpp_b': 0.00022011461867898116, 'gpp_d': 0.7111045343691619, 'ign_k': 0.0100391081482007, 'ign_c': 3.1649033361906556, 'trop_agb_crit': 19.251103284077292, 'trop_k_veg': 0.5417472300513926, 'gdp_gamma': 0.6934277266378692, 'fuel_k': 0.06119050378191257, 'fuel_half': 73.71941726602611}. Best is trial 335 with value: -0.6233152110406992.
[I 2026-07-24 02:11:21,605] Trial 712 finished with value: 0.5396145118344797 and parameters: {'k1': 0.0914218144382772, 'D_low': 1741.549404675614, 'k2': 0.007139925289980126, 'D_high': 2577984.5150312777, 'fire_exp': 1.792812703711876, 'P_half': 133.10203902311815, 'pre_dampen_half': 4.684535450790697, 'gpp_af': 0.3299696098392056, 'gpp_b': 7.152156573877985e-05, 'gpp_d': 230.12659521585067, 'ign_k': 2.0772115220841787, 'ign_c': 0.31958814440641026, 'trop_agb_crit': 13.251491096629293, 'trop_k_veg': 1.7554513133811336, 'gdp_gamma': 0.5401870335333084, 'fuel_k': 0.2999441359437356, 'fuel_half': 0.8373409165065192}. Best is trial 335 with value: -0.6233152110406992.
[I 2026-07-24 02:11:22,054] Trial 713 finished with value: 0.5309758341221594 and parameters: {'k1': 0.014977624227036992, 'D_low': 5389.885415686373, 'k2': 0.08693249763481513, 'D_high': 228556.88242671228, 'fire_exp': 1.5536228831581864, 'P_half': 1491.6022085553002, 'pre_dampen_half': 1.36507082710067, 'gpp_af': 9.570164074399358, 'gpp_b': 2.148649826611071e-05, 'gpp_d': 969.5157209518943, 'ign_k': 0.009895871934992256, 'ign_c': 0.10017479521690334, 'trop_agb_crit': 14.650344494121187, 'trop_k_veg': 1.3227728432307162, 'gdp_gamma': 0.6824259469034807, 'fuel_k': 0.11410889429542617, 'fuel_half': 2.2383187510629194}. Best is trial 335 with value: -0.6233152110406992.
[I 2026-07-24 02:11:22,507] Trial 714 finished with value: 0.5654343711805214 and parameters: {'k1': 0.02787203461539289, 'D_low': 585.2560219451971, 'k2': 0.057279222734124904, 'D_high': 4830262.293475815, 'fire_exp': 1.6963318404159258, 'P_half': 58.72995356776235, 'pre_dampen_half': 0.07863020536107898, 'gpp_af': 18.823073566425077, 'gpp_b': 0.004209202758478978, 'gpp_d': 45.5375549346421, 'ign_k': 0.00272238411877636, 'ign_c': 0.13499938204040146, 'trop_agb_crit': 16.757869990038376, 'trop_k_veg': 2.1091232801728146, 'gdp_gamma': 0.03569939027652988, 'fuel_k': 0.13342833197627962, 'fuel_half': 4.230246969354979}. Best is trial 335 with value: -0.6233152110406992.
[I 2026-07-24 02:11:22,979] Trial 715 finished with value: 0.5913367195637906 and parameters: {'k1': 4.949723579288218e-05, 'D_low': 11.779869431464153, 'k2': 0.00011346115274270923, 'D_high': 25869.041247604102, 'fire_exp': 1.0025731107190141, 'P_half': 12.086996108124136, 'pre_dampen_half': 5.1175038215080235, 'gpp_af': 0.0024079582043348203, 'gpp_b': 0.008921030293018738, 'gpp_d': 18.42138738911239, 'ign_k': 0.0025960515761105454, 'ign_c': 10.11870084214259, 'trop_agb_crit': 9.143780683737301, 'trop_k_veg': 0.9692600690694072, 'gdp_gamma': 0.20577329359338006, 'fuel_k': 0.14033141172865893, 'fuel_half': 72.08412952458738}. Best is trial 335 with value: -0.6233152110406992.
[I 2026-07-24 02:11:23,432] Trial 716 finished with value: 0.40072622579847206 and parameters: {'k1': 0.0001804620836697659, 'D_low': 4001.622328022499, 'k2': 0.01007555128889309, 'D_high': 1142232.8217006144, 'fire_exp': 3.4793939955034032, 'P_half': 226.12855965792764, 'pre_dampen_half': 128.21516223325082, 'gpp_af': 0.10877103269168778, 'gpp_b': 0.004033578801917364, 'gpp_d': 185.29566783269934, 'ign_k': 0.04770751096994266, 'ign_c': 0.7103137443515626, 'trop_agb_crit': 23.524573148887992, 'trop_k_veg': 3.885774201575709, 'gdp_gamma': 1.3583753013619244, 'fuel_k': 0.031193884365089002, 'fuel_half': 63.148874140023906}. Best is trial 335 with value: -0.6233152110406992.
[I 2026-07-24 02:11:23,888] Trial 717 finished with value: 0.6202879330729447 and parameters: {'k1': 0.00013893105467041605, 'D_low': 663.6695419233068, 'k2': 0.0024350365938440375, 'D_high': 80274.4717951087, 'fire_exp': 4.7885976601274916, 'P_half': 16.838379372252778, 'pre_dampen_half': 612.3932198702971, 'gpp_af': 0.4630582592734181, 'gpp_b': 0.2055461779379026, 'gpp_d': 36.97324667455939, 'ign_k': 0.017208450435719506, 'ign_c': 0.1338163900925661, 'trop_agb_crit': 13.795651540266539, 'trop_k_veg': 3.3726152130024762, 'gdp_gamma': 0.3250424539189146, 'fuel_k': 0.026573222683377383, 'fuel_half': 83.06812449726363}. Best is trial 335 with value: -0.6233152110406992.
[I 2026-07-24 02:11:24,347] Trial 718 finished with value: 0.4005323515495932 and parameters: {'k1': 0.000617338990806183, 'D_low': 5.981409663815876, 'k2': 0.009482058959158922, 'D_high': 49282.73510125858, 'fire_exp': 1.3123592432681155, 'P_half': 22.768379785908323, 'pre_dampen_half': 1.6015254259668945, 'gpp_af': 0.005517125751520248, 'gpp_b': 4.255010579447342e-05, 'gpp_d': 0.7987552063377872, 'ign_k': 0.13776237388513424, 'ign_c': 4.606908153127837, 'trop_agb_crit': 5.79927683210012, 'trop_k_veg': 2.0062427619852743, 'gdp_gamma': 0.3146854957131992, 'fuel_k': 0.17329241182273228, 'fuel_half': 19.66413794075481}. Best is trial 335 with value: -0.6233152110406992.
[I 2026-07-24 02:11:24,804] Trial 719 finished with value: 0.5237669195557779 and parameters: {'k1': 0.00011852874556570859, 'D_low': 82.30419279380634, 'k2': 0.00021891463763784236, 'D_high': 216844.9004094061, 'fire_exp': 1.0094554101065414, 'P_half': 21.400710786431514, 'pre_dampen_half': 28.050881660305368, 'gpp_af': 0.008143026675790175, 'gpp_b': 0.004167193717967716, 'gpp_d': 0.47033497417285497, 'ign_k': 0.0015989872845188944, 'ign_c': 704.127502987072, 'trop_agb_crit': 5.316073057848241, 'trop_k_veg': 1.2622972100261303, 'gdp_gamma': 0.21712034867866112, 'fuel_k': 0.03320183919266562, 'fuel_half': 82.88289931962653}. Best is trial 335 with value: -0.6233152110406992.
[I 2026-07-24 02:11:25,257] Trial 720 finished with value: 0.5806784993254391 and parameters: {'k1': 0.0014043724648703881, 'D_low': 5684.5490673437425, 'k2': 0.0470156903099683, 'D_high': 62439.96937374941, 'fire_exp': 3.134277188866537, 'P_half': 183.20778095218176, 'pre_dampen_half': 0.083045829502358, 'gpp_af': 0.20195700674204325, 'gpp_b': 0.00010482088553951066, 'gpp_d': 932.6755676260912, 'ign_k': 0.002659948538592327, 'ign_c': 0.3515308982787324, 'trop_agb_crit': 25.327910729898996, 'trop_k_veg': 1.792732883852063, 'gdp_gamma': 1.7269777953762129, 'fuel_k': 0.26114141209727953, 'fuel_half': 20.94029658681338}. Best is trial 335 with value: -0.6233152110406992.
[I 2026-07-24 02:11:25,730] Trial 721 finished with value: -0.582958692099236 and parameters: {'k1': 0.003883683680719087, 'D_low': 516.1245955307518, 'k2': 0.09617315835327127, 'D_high': 8491348.674835829, 'fire_exp': 2.198907241173382, 'P_half': 520.4026438516499, 'pre_dampen_half': 525.9146705301065, 'gpp_af': 0.7061151828324825, 'gpp_b': 0.0008248914858728826, 'gpp_d': 27.435981948277384, 'ign_k': 0.018608785688058155, 'ign_c': 0.3479988570876206, 'trop_agb_crit': 5.997930757474899, 'trop_k_veg': 5.80449961314159, 'gdp_gamma': 0.47564626057446413, 'fuel_k': 0.018002808489695103, 'fuel_half': 65.17583613008296}. Best is trial 335 with value: -0.6233152110406992.
[I 2026-07-24 02:11:26,230] Trial 722 finished with value: 0.5118104088036773 and parameters: {'k1': 9.40243097499767e-05, 'D_low': 3078.2656740108673, 'k2': 0.009279817850737676, 'D_high': 1242405.1338000076, 'fire_exp': 1.1744338108665795, 'P_half': 44.379523958556746, 'pre_dampen_half': 14.061174677127992, 'gpp_af': 0.011895945957082765, 'gpp_b': 0.00012028543326355267, 'gpp_d': 0.6716785477969772, 'ign_k': 0.7933343218226099, 'ign_c': 12.478335255560408, 'trop_agb_crit': 15.795083779437144, 'trop_k_veg': 0.5231189097801353, 'gdp_gamma': 0.46150935265834747, 'fuel_k': 0.9061120608734924, 'fuel_half': 83.68115696565302}. Best is trial 335 with value: -0.6233152110406992.
[I 2026-07-24 02:11:26,705] Trial 723 finished with value: -0.46775579358675456 and parameters: {'k1': 0.0005027526045389611, 'D_low': 17416.607830388413, 'k2': 0.03700228999161117, 'D_high': 2589295.1770639196, 'fire_exp': 2.2419285388239345, 'P_half': 144.17030273440278, 'pre_dampen_half': 250.90274984868606, 'gpp_af': 5.701489847890807, 'gpp_b': 0.8696449818296096, 'gpp_d': 215.82935435040554, 'ign_k': 0.12405808656336441, 'ign_c': 0.5806220277944151, 'trop_agb_crit': 21.245748488027402, 'trop_k_veg': 4.8997735617736184, 'gdp_gamma': 1.591755244663677, 'fuel_k': 0.04039544078351499, 'fuel_half': 74.16053099253149}. Best is trial 335 with value: -0.6233152110406992.
[I 2026-07-24 02:11:27,161] Trial 724 finished with value: 0.5612770152903597 and parameters: {'k1': 0.0001875118662257955, 'D_low': 256.28169151489755, 'k2': 1.8545998539422564e-05, 'D_high': 56333.99573805026, 'fire_exp': 1.266425813026173, 'P_half': 2.334355932726878, 'pre_dampen_half': 0.4193939005353458, 'gpp_af': 0.0015444822041727044, 'gpp_b': 3.1706572174608065e-05, 'gpp_d': 0.42439690911951, 'ign_k': 0.006183362859246788, 'ign_c': 89.61768272335425, 'trop_agb_crit': 3.283629461574084, 'trop_k_veg': 2.6604666809508735, 'gdp_gamma': 0.30112221060195904, 'fuel_k': 0.010473766484849238, 'fuel_half': 25.64286689035645}. Best is trial 335 with value: -0.6233152110406992.
[I 2026-07-24 02:11:27,610] Trial 725 finished with value: -0.5966260003742866 and parameters: {'k1': 1.5850959501203285e-05, 'D_low': 4.0312855964982, 'k2': 0.00028921845921361326, 'D_high': 1768341.1473277153, 'fire_exp': 1.6651257790414535, 'P_half': 1.8722375692990803, 'pre_dampen_half': 70.16350672748287, 'gpp_af': 0.0026253653180419636, 'gpp_b': 6.589042018642742e-05, 'gpp_d': 8.733906411853189, 'ign_k': 0.0011383879070710166, 'ign_c': 34.31931888955189, 'trop_agb_crit': 2.9988486280610687, 'trop_k_veg': 2.5453522765555427, 'gdp_gamma': 0.5217992714644519, 'fuel_k': 0.6338590561724433, 'fuel_half': 3.7099225829337468}. Best is trial 335 with value: -0.6233152110406992.
[I 2026-07-24 02:11:28,063] Trial 726 finished with value: 0.44539647966497875 and parameters: {'k1': 0.0002898071330247861, 'D_low': 3.7380168170086634, 'k2': 0.08357626528810573, 'D_high': 852221.6526731827, 'fire_exp': 2.6151220564703066, 'P_half': 1.9060600232948899, 'pre_dampen_half': 11.916883148499473, 'gpp_af': 0.045887471093506924, 'gpp_b': 0.0004743057296768233, 'gpp_d': 525.3033249325094, 'ign_k': 0.064467350174186, 'ign_c': 0.6241149607697875, 'trop_agb_crit': 1.705424587120376, 'trop_k_veg': 0.5238553779946963, 'gdp_gamma': 1.7818805720743653, 'fuel_k': 0.011367183522821081, 'fuel_half': 29.811455846580063}. Best is trial 335 with value: -0.6233152110406992.
[I 2026-07-24 02:11:28,521] Trial 727 finished with value: 0.48997342759818363 and parameters: {'k1': 1.662917625525974e-05, 'D_low': 8.215027822085904, 'k2': 0.0030615418872022185, 'D_high': 1727333.071874644, 'fire_exp': 1.9056793141616604, 'P_half': 27.37868893936001, 'pre_dampen_half': 1.424064996947232, 'gpp_af': 0.0017498068208189135, 'gpp_b': 2.1513458149813252e-05, 'gpp_d': 0.02513492128480807, 'ign_k': 0.0028841570477912324, 'ign_c': 33.19385833302658, 'trop_agb_crit': 1.6466854439261338, 'trop_k_veg': 1.629375185802276, 'gdp_gamma': 1.1559688589898764, 'fuel_k': 0.012865987984750539, 'fuel_half': 32.472289800609126}. Best is trial 335 with value: -0.6233152110406992.
[I 2026-07-24 02:11:28,969] Trial 728 finished with value: 0.4773279860664853 and parameters: {'k1': 0.07898448021847872, 'D_low': 178.3568701330573, 'k2': 0.03652096879744112, 'D_high': 1535413.169941925, 'fire_exp': 1.9092146433007176, 'P_half': 444.1844707155001, 'pre_dampen_half': 0.5860186274044896, 'gpp_af': 0.969609893154321, 'gpp_b': 0.00034861849347106997, 'gpp_d': 94.68549658383132, 'ign_k': 0.04300123634168197, 'ign_c': 0.8341188425810677, 'trop_agb_crit': 10.013641444182818, 'trop_k_veg': 3.5624092970248125, 'gdp_gamma': 0.4153833063505374, 'fuel_k': 0.060882672218540296, 'fuel_half': 47.47965901732459}. Best is trial 335 with value: -0.6233152110406992.
[I 2026-07-24 02:11:29,429] Trial 729 finished with value: 0.4516348120299598 and parameters: {'k1': 0.00010515664271204009, 'D_low': 7.395295512268069, 'k2': 0.0023685086232311794, 'D_high': 3640089.155729033, 'fire_exp': 1.6230589554352302, 'P_half': 1.6840110166067763, 'pre_dampen_half': 107.06128310436594, 'gpp_af': 0.13634687340054152, 'gpp_b': 0.0005686851020744252, 'gpp_d': 6.453472891943015, 'ign_k': 0.0011661294466809432, 'ign_c': 8.785862972702747, 'trop_agb_crit': 1.2050540431381183, 'trop_k_veg': 2.426759538569704, 'gdp_gamma': 0.49625002230454396, 'fuel_k': 0.6901972201563866, 'fuel_half': 1.4898303343229358}. Best is trial 335 with value: -0.6233152110406992.
[I 2026-07-24 02:11:29,941] Trial 730 finished with value: 0.6011804294751955 and parameters: {'k1': 0.0001719939230620451, 'D_low': 583.348282273888, 'k2': 0.000658990311750059, 'D_high': 421877.8819929972, 'fire_exp': 3.138980090811762, 'P_half': 693.01540481479, 'pre_dampen_half': 714.95994703334, 'gpp_af': 2.0519968543761404, 'gpp_b': 0.00022331950538623154, 'gpp_d': 158.2788038513289, 'ign_k': 0.0016021162324474914, 'ign_c': 0.11221285307680727, 'trop_agb_crit': 1.9991312934718135, 'trop_k_veg': 4.577266162025704, 'gdp_gamma': 0.13218201942895275, 'fuel_k': 0.014271914473840009, 'fuel_half': 75.04511590870081}. Best is trial 335 with value: -0.6233152110406992.
[I 2026-07-24 02:11:30,392] Trial 731 finished with value: -0.4672755534460012 and parameters: {'k1': 1.3954679906897712e-05, 'D_low': 9.739829339015783, 'k2': 4.329688372124149e-05, 'D_high': 3387906.497141568, 'fire_exp': 1.9418294039655881, 'P_half': 3.729821834577275, 'pre_dampen_half': 469.45523271852727, 'gpp_af': 0.034658597082203424, 'gpp_b': 4.494658085979979e-05, 'gpp_d': 2.530136602457169, 'ign_k': 0.0010554137285035423, 'ign_c': 98.7924029178692, 'trop_agb_crit': 2.596571846253166, 'trop_k_veg': 2.9513076935460307, 'gdp_gamma': 0.10123070405456722, 'fuel_k': 0.46046839416552804, 'fuel_half': 3.5820855577666526}. Best is trial 335 with value: -0.6233152110406992.
[I 2026-07-24 02:11:30,843] Trial 732 finished with value: 0.4949662376342949 and parameters: {'k1': 0.0002577405128265333, 'D_low': 535.2513090856276, 'k2': 0.00022699085207891, 'D_high': 39880.93978812337, 'fire_exp': 1.1310117320901731, 'P_half': 2.7371614961665087, 'pre_dampen_half': 0.5966915662138054, 'gpp_af': 0.06679367241650623, 'gpp_b': 0.0035600933060534984, 'gpp_d': 0.09821985366546619, 'ign_k': 0.0010479873560881282, 'ign_c': 407.463883308003, 'trop_agb_crit': 9.356945974411651, 'trop_k_veg': 1.1745577644155187, 'gdp_gamma': 0.895694726444878, 'fuel_k': 0.14587174007525047, 'fuel_half': 47.01284246140307}. Best is trial 335 with value: -0.6233152110406992.
[I 2026-07-24 02:11:31,299] Trial 733 finished with value: 0.4404050354996243 and parameters: {'k1': 0.00015989185033584493, 'D_low': 32.518056826093684, 'k2': 4.468529681925196e-05, 'D_high': 32139.06355953631, 'fire_exp': 1.0199563439214112, 'P_half': 2.587710002211354, 'pre_dampen_half': 54.75144122515999, 'gpp_af': 0.002663674446267649, 'gpp_b': 0.0002622877044404641, 'gpp_d': 8.679521758536952, 'ign_k': 0.00285156960682625, 'ign_c': 4.17519653075662, 'trop_agb_crit': 4.243446386193657, 'trop_k_veg': 1.3024742753839718, 'gdp_gamma': 0.34160223183008565, 'fuel_k': 2.3604863828328284, 'fuel_half': 4.713575441202931}. Best is trial 335 with value: -0.6233152110406992.
[I 2026-07-24 02:11:31,752] Trial 734 finished with value: 0.5784169884006736 and parameters: {'k1': 1.7988445683928556e-05, 'D_low': 4.776102415713129, 'k2': 0.002372967212696581, 'D_high': 2050340.559300054, 'fire_exp': 2.073891293264645, 'P_half': 7.638061818040744, 'pre_dampen_half': 12.194907755264909, 'gpp_af': 0.0013245972938721615, 'gpp_b': 2.52377564505305e-05, 'gpp_d': 33.21272376274626, 'ign_k': 0.058973229321089504, 'ign_c': 138.0291863814419, 'trop_agb_crit': 1.9986740833497263, 'trop_k_veg': 1.299021854915111, 'gdp_gamma': 0.04288382362559021, 'fuel_k': 0.5472221858376699, 'fuel_half': 0.9989275693460694}. Best is trial 335 with value: -0.6233152110406992.
[I 2026-07-24 02:11:32,204] Trial 735 finished with value: 0.5505023271911603 and parameters: {'k1': 5.642438102671616e-05, 'D_low': 2720.1043002740985, 'k2': 0.0011214095920574008, 'D_high': 1713476.5234740116, 'fire_exp': 1.6034417111520725, 'P_half': 42.06547786810876, 'pre_dampen_half': 1.435298897525206, 'gpp_af': 0.16266760060858335, 'gpp_b': 0.0012172759205632455, 'gpp_d': 0.09016912578828909, 'ign_k': 0.007505166519487026, 'ign_c': 30.412748231376106, 'trop_agb_crit': 8.130763312995247, 'trop_k_veg': 1.9023575521128346, 'gdp_gamma': 0.3959539767696864, 'fuel_k': 0.08885973421335637, 'fuel_half': 51.22320189816302}. Best is trial 335 with value: -0.6233152110406992.
