[I 2026-06-11 12:44:10,676] Trial 840 finished with values: [-0.7125194224256137, 0.3714708544874802] and parameters: {'k1': 0.003242143344038315, 'D_low': 5.59983195169599, 'k2': 0.005259118659251229, 'D_high': 1390.2686711035008, 'fire_exp': 1.2310899049053081, 'P_half': 38.82837025280678, 'pre_dampen_half': 347.79988160923324, 'gpp_af': 0.02114619056336667, 'gpp_b': 2.711380409817698e-05, 'gpp_d': 2.8006820077310213, 'ign_k': 0.476373748459372, 'ign_c': 0.11650681118986138, 'trop_agb_crit': 19.189415375617013, 'trop_k_veg': 1.4584243470991722, 'fuel_k': 1.3128815679924584, 'fuel_half': 81.8794158253808}.
[I 2026-06-11 12:44:11,578] Trial 841 finished with values: [10.653097931941822, 10.653097931941822] and parameters: {'k1': 0.00013649087666416944, 'D_low': 5.59983195169599, 'k2': 0.01567230746060024, 'D_high': 12.127739059991452, 'fire_exp': 1.2310899049053081, 'P_half': 136.0956887810302, 'pre_dampen_half': 502.5175192217655, 'gpp_af': 0.0025386125063826667, 'gpp_b': 0.00012118589392553798, 'gpp_d': 16.460426816350523, 'ign_k': 0.34703605955441524, 'ign_c': 0.11650681118986138, 'trop_agb_crit': 1.3224446882783567, 'trop_k_veg': 1.4584243470991722, 'fuel_k': 1.3128815679924584, 'fuel_half': 0.32476735706274484}.
[I 2026-06-11 12:44:12,480] Trial 842 finished with values: [10.597549328696283, 10.597549328696283] and parameters: {'k1': 0.003242143344038315, 'D_low': 5.59983195169599, 'k2': 0.01567230746060024, 'D_high': 1390.2686711035008, 'fire_exp': 1.1258453832483524, 'P_half': 7437.725385707937, 'pre_dampen_half': 502.5175192217655, 'gpp_af': 0.008562341633595545, 'gpp_b': 0.00010318352929732131, 'gpp_d': 16.460426816350523, 'ign_k': 0.34703605955441524, 'ign_c': 0.11650681118986138, 'trop_agb_crit': 19.189415375617013, 'trop_k_veg': 1.4584243470991722, 'fuel_k': 1.3128815679924584, 'fuel_half': 2.6795038667664257}.
[I 2026-06-11 12:44:13,364] Trial 843 finished with values: [-0.55408643436176, 0.2966145701184827] and parameters: {'k1': 0.00013783578294796384, 'D_low': 5.59983195169599, 'k2': 0.03865036856259725, 'D_high': 1390.2686711035008, 'fire_exp': 1.2310899049053081, 'P_half': 38.82837025280678, 'pre_dampen_half': 347.79988160923324, 'gpp_af': 0.030007090451279302, 'gpp_b': 1.7565109007473816e-05, 'gpp_d': 2.8006820077310213, 'ign_k': 0.476373748459372, 'ign_c': 0.11650681118986138, 'trop_agb_crit': 24.584290528289387, 'trop_k_veg': 0.6778062263834121, 'fuel_k': 3.2005985636351713, 'fuel_half': 42.6871254378718}.
[I 2026-06-11 12:44:14,295] Trial 844 finished with values: [-0.7392480409037072, 0.41758022251212057] and parameters: {'k1': 0.004312951023617458, 'D_low': 4.484744524732794, 'k2': 0.03865036856259725, 'D_high': 1390.2686711035008, 'fire_exp': 1.2310899049053081, 'P_half': 10.226988730324324, 'pre_dampen_half': 347.79988160923324, 'gpp_af': 0.015769192447197523, 'gpp_b': 2.711380409817698e-05, 'gpp_d': 2.8006820077310213, 'ign_k': 0.476373748459372, 'ign_c': 0.11650681118986138, 'trop_agb_crit': 24.584290528289387, 'trop_k_veg': 1.4584243470991722, 'fuel_k': 0.05597555634027867, 'fuel_half': 42.6871254378718}.
[I 2026-06-11 12:44:15,198] Trial 845 finished with values: [10.004571702062366, 10.004571702062366] and parameters: {'k1': 0.003242143344038315, 'D_low': 4.484744524732794, 'k2': 0.006051580666890612, 'D_high': 11936.92846763647, 'fire_exp': 1.1684565396540232, 'P_half': 136.0956887810302, 'pre_dampen_half': 502.5175192217655, 'gpp_af': 0.008562341633595545, 'gpp_b': 0.00010318352929732131, 'gpp_d': 9.004606022643067, 'ign_k': 0.5131654955148326, 'ign_c': 0.11650681118986138, 'trop_agb_crit': 17.66923689636204, 'trop_k_veg': 0.9369104721775232, 'fuel_k': 1.3128815679924584, 'fuel_half': 81.8794158253808}.
[I 2026-06-11 12:44:16,104] Trial 846 finished with values: [10.075482908644497, 10.075482908644497] and parameters: {'k1': 0.004312951023617458, 'D_low': 4.484744524732794, 'k2': 0.01567230746060024, 'D_high': 897.3555394394089, 'fire_exp': 1.1684565396540232, 'P_half': 220.3445560633069, 'pre_dampen_half': 347.79988160923324, 'gpp_af': 1.328366284837284, 'gpp_b': 0.00010318352929732131, 'gpp_d': 6.913948698657619, 'ign_k': 0.34703605955441524, 'ign_c': 15.221840161091626, 'trop_agb_crit': 24.584290528289387, 'trop_k_veg': 0.9369104721775232, 'fuel_k': 1.3128815679924584, 'fuel_half': 81.8794158253808}.
[I 2026-06-11 12:44:16,992] Trial 847 finished with values: [10.012113306646862, 10.012113306646862] and parameters: {'k1': 0.003242143344038315, 'D_low': 33.70998494872883, 'k2': 0.005259118659251229, 'D_high': 9996.359851911324, 'fire_exp': 1.2310899049053081, 'P_half': 38.82837025280678, 'pre_dampen_half': 294.75617712568373, 'gpp_af': 0.008562341633595545, 'gpp_b': 7.402343469704428e-05, 'gpp_d': 2.8006820077310213, 'ign_k': 0.476373748459372, 'ign_c': 0.11650681118986138, 'trop_agb_crit': 19.189415375617013, 'trop_k_veg': 0.9369104721775232, 'fuel_k': 1.3128815679924584, 'fuel_half': 81.8794158253808}.
[I 2026-06-11 12:44:17,881] Trial 848 finished with values: [-0.7113941961063182, 0.3469350907921399] and parameters: {'k1': 0.004312951023617458, 'D_low': 17.588580735887383, 'k2': 0.01567230746060024, 'D_high': 3712.591045287726, 'fire_exp': 1.1258453832483524, 'P_half': 220.3445560633069, 'pre_dampen_half': 502.5175192217655, 'gpp_af': 0.008562341633595545, 'gpp_b': 0.0007040113316769033, 'gpp_d': 16.460426816350523, 'ign_k': 0.34703605955441524, 'ign_c': 0.9294394155644988, 'trop_agb_crit': 24.584290528289387, 'trop_k_veg': 4.1309639246402785, 'fuel_k': 0.04572914063536324, 'fuel_half': 81.8794158253808}.
[I 2026-06-11 12:44:18,792] Trial 849 finished with values: [10.479806482360354, 10.479806482360354] and parameters: {'k1': 0.003242143344038315, 'D_low': 5.59983195169599, 'k2': 0.01567230746060024, 'D_high': 3712.591045287726, 'fire_exp': 1.6057845024697524, 'P_half': 136.0956887810302, 'pre_dampen_half': 347.79988160923324, 'gpp_af': 0.008562341633595545, 'gpp_b': 0.00012118589392553798, 'gpp_d': 12.324765692041675, 'ign_k': 0.0030587619047039204, 'ign_c': 15.221840161091626, 'trop_agb_crit': 24.584290528289387, 'trop_k_veg': 0.9369104721775232, 'fuel_k': 1.3128815679924584, 'fuel_half': 42.6871254378718}.
[I 2026-06-11 12:44:19,710] Trial 850 finished with values: [-0.729785556618507, 0.27546700932285895] and parameters: {'k1': 0.004312951023617458, 'D_low': 4.484744524732794, 'k2': 0.0027431991397796683, 'D_high': 1390.2686711035008, 'fire_exp': 1.2310899049053081, 'P_half': 2.0915073038472545, 'pre_dampen_half': 347.79988160923324, 'gpp_af': 0.06789053271698488, 'gpp_b': 0.0007040113316769033, 'gpp_d': 314.6826989726468, 'ign_k': 0.5131654955148326, 'ign_c': 0.11650681118986138, 'trop_agb_crit': 5.707205898008383, 'trop_k_veg': 0.6903814430415869, 'fuel_k': 4.680936683972861, 'fuel_half': 81.8794158253808}.
[I 2026-06-11 12:44:20,616] Trial 851 finished with values: [10.475681171208596, 10.475681171208596] and parameters: {'k1': 0.00013783578294796384, 'D_low': 4.484744524732794, 'k2': 0.03865036856259725, 'D_high': 1390.2686711035008, 'fire_exp': 1.2310899049053081, 'P_half': 10.226988730324324, 'pre_dampen_half': 11.886796841435256, 'gpp_af': 0.008562341633595545, 'gpp_b': 1.7565109007473816e-05, 'gpp_d': 9.004606022643067, 'ign_k': 0.5131654955148326, 'ign_c': 0.11650681118986138, 'trop_agb_crit': 5.707205898008383, 'trop_k_veg': 1.4584243470991722, 'fuel_k': 4.680936683972861, 'fuel_half': 42.6871254378718}.
[I 2026-06-11 12:44:21,505] Trial 852 finished with values: [10.198845135788993, 10.198845135788993] and parameters: {'k1': 0.004312951023617458, 'D_low': 5.59983195169599, 'k2': 1.915468390724633e-05, 'D_high': 89263.11370835223, 'fire_exp': 2.2703704516008885, 'P_half': 38.82837025280678, 'pre_dampen_half': 502.5175192217655, 'gpp_af': 0.005618069878716736, 'gpp_b': 0.00010318352929732131, 'gpp_d': 2.8006820077310213, 'ign_k': 0.5131654955148326, 'ign_c': 15.221840161091626, 'trop_agb_crit': 26.402883285404346, 'trop_k_veg': 0.9369104721775232, 'fuel_k': 0.030315034760496778, 'fuel_half': 2.9236782115513154}.
[I 2026-06-11 12:44:22,393] Trial 853 finished with values: [10.227460083405836, 10.227460083405836] and parameters: {'k1': 0.004312951023617458, 'D_low': 5.59983195169599, 'k2': 0.005259118659251229, 'D_high': 1390.2686711035008, 'fire_exp': 1.1258453832483524, 'P_half': 1254.6862035691902, 'pre_dampen_half': 502.5175192217655, 'gpp_af': 0.008562341633595545, 'gpp_b': 7.402343469704428e-05, 'gpp_d': 2.8006820077310213, 'ign_k': 0.5131654955148326, 'ign_c': 0.11650681118986138, 'trop_agb_crit': 24.584290528289387, 'trop_k_veg': 0.9369104721775232, 'fuel_k': 1.3128815679924584, 'fuel_half': 52.00581729114123}.
[I 2026-06-11 12:44:23,304] Trial 854 finished with values: [-0.7687188902602916, 0.542431086400887] and parameters: {'k1': 0.004312951023617458, 'D_low': 4.484744524732794, 'k2': 0.0027431991397796683, 'D_high': 3712.591045287726, 'fire_exp': 1.1258453832483524, 'P_half': 2.0915073038472545, 'pre_dampen_half': 347.79988160923324, 'gpp_af': 0.06789053271698488, 'gpp_b': 0.0007040113316769033, 'gpp_d': 16.460426816350523, 'ign_k': 0.5131654955148326, 'ign_c': 0.9294394155644988, 'trop_agb_crit': 3.575594457014808, 'trop_k_veg': 4.1309639246402785, 'fuel_k': 0.04572914063536324, 'fuel_half': 42.6871254378718}.
[I 2026-06-11 12:44:24,240] Trial 855 finished with values: [10.677738537637484, 10.677738537637484] and parameters: {'k1': 0.003242143344038315, 'D_low': 5.59983195169599, 'k2': 0.005259118659251229, 'D_high': 1390.2686711035008, 'fire_exp': 1.0629462657398439, 'P_half': 136.0956887810302, 'pre_dampen_half': 294.75617712568373, 'gpp_af': 0.008562341633595545, 'gpp_b': 0.07301725821619504, 'gpp_d': 12.324765692041675, 'ign_k': 0.5131654955148326, 'ign_c': 0.11650681118986138, 'trop_agb_crit': 24.584290528289387, 'trop_k_veg': 0.9369104721775232, 'fuel_k': 1.3128815679924584, 'fuel_half': 81.8794158253808}.
[I 2026-06-11 12:44:25,132] Trial 856 finished with values: [10.42217876748796, 10.42217876748796] and parameters: {'k1': 0.004312951023617458, 'D_low': 4.484744524732794, 'k2': 0.0013219302264066773, 'D_high': 897.3555394394089, 'fire_exp': 1.2310899049053081, 'P_half': 220.3445560633069, 'pre_dampen_half': 347.79988160923324, 'gpp_af': 0.06789053271698488, 'gpp_b': 0.00010318352929732131, 'gpp_d': 16.460426816350523, 'ign_k': 0.0014716512163645843, 'ign_c': 15.221840161091626, 'trop_agb_crit': 24.584290528289387, 'trop_k_veg': 1.4584243470991722, 'fuel_k': 0.487361804838494, 'fuel_half': 0.32476735706274484}.
[I 2026-06-11 12:44:26,021] Trial 857 finished with values: [-0.7654964016099364, 0.40948908308368637] and parameters: {'k1': 0.004312951023617458, 'D_low': 4.484744524732794, 'k2': 0.01567230746060024, 'D_high': 3712.591045287726, 'fire_exp': 1.1258453832483524, 'P_half': 220.3445560633069, 'pre_dampen_half': 347.79988160923324, 'gpp_af': 0.06789053271698488, 'gpp_b': 0.0021331409710300844, 'gpp_d': 16.460426816350523, 'ign_k': 0.5131654955148326, 'ign_c': 0.11650681118986138, 'trop_agb_crit': 24.584290528289387, 'trop_k_veg': 1.4584243470991722, 'fuel_k': 0.33290041721916036, 'fuel_half': 0.32476735706274484}.
[I 2026-06-11 12:44:26,928] Trial 858 finished with values: [10.740727338631054, 10.740727338631054] and parameters: {'k1': 0.003242143344038315, 'D_low': 7480.921720804117, 'k2': 0.005259118659251229, 'D_high': 9996.359851911324, 'fire_exp': 1.1258453832483524, 'P_half': 136.0956887810302, 'pre_dampen_half': 294.75617712568373, 'gpp_af': 0.008562341633595545, 'gpp_b': 7.402343469704428e-05, 'gpp_d': 2.8006820077310213, 'ign_k': 0.5131654955148326, 'ign_c': 0.11650681118986138, 'trop_agb_crit': 19.189415375617013, 'trop_k_veg': 0.9369104721775232, 'fuel_k': 1.3128815679924584, 'fuel_half': 81.8794158253808}.
[I 2026-06-11 12:44:27,801] Trial 859 finished with values: [10.854090290639203, 10.854090290639203] and parameters: {'k1': 0.004312951023617458, 'D_low': 5.59983195169599, 'k2': 0.030699709531122967, 'D_high': 3712.591045287726, 'fire_exp': 1.1258453832483524, 'P_half': 220.3445560633069, 'pre_dampen_half': 502.5175192217655, 'gpp_af': 0.06789053271698488, 'gpp_b': 0.00010318352929732131, 'gpp_d': 16.460426816350523, 'ign_k': 0.34703605955441524, 'ign_c': 15.221840161091626, 'trop_agb_crit': 24.584290528289387, 'trop_k_veg': 4.1309639246402785, 'fuel_k': 1.3128815679924584, 'fuel_half': 0.32476735706274484}.
[I 2026-06-11 12:44:28,709] Trial 860 finished with values: [-0.56192511835857, 0.5046102035994074] and parameters: {'k1': 0.00013649087666416944, 'D_low': 5.59983195169599, 'k2': 0.005259118659251229, 'D_high': 15662.344297608726, 'fire_exp': 1.1684565396540232, 'P_half': 136.0956887810302, 'pre_dampen_half': 502.5175192217655, 'gpp_af': 0.008562341633595545, 'gpp_b': 0.00012118589392553798, 'gpp_d': 0.29114556807561554, 'ign_k': 0.34703605955441524, 'ign_c': 15.221840161091626, 'trop_agb_crit': 26.402883285404346, 'trop_k_veg': 0.9369104721775232, 'fuel_k': 0.487361804838494, 'fuel_half': 81.8794158253808}.
[I 2026-06-11 12:44:29,981] Trial 861 finished with values: [-0.7477412739894275, 0.2614258152075819] and parameters: {'k1': 0.004312951023617458, 'D_low': 5.59983195169599, 'k2': 0.01567230746060024, 'D_high': 1390.2686711035008, 'fire_exp': 1.2310899049053081, 'P_half': 136.0956887810302, 'pre_dampen_half': 794.0569418107997, 'gpp_af': 0.015769192447197523, 'gpp_b': 0.00010318352929732131, 'gpp_d': 9.004606022643067, 'ign_k': 4.591485216740537, 'ign_c': 15.221840161091626, 'trop_agb_crit': 26.402883285404346, 'trop_k_veg': 0.9369104721775232, 'fuel_k': 0.04618261343082179, 'fuel_half': 81.8794158253808}.
[I 2026-06-11 12:44:30,919] Trial 862 finished with values: [-0.7899231333983758, 0.23818960500703146] and parameters: {'k1': 0.004312951023617458, 'D_low': 4.484744524732794, 'k2': 0.0027431991397796683, 'D_high': 1853.8092461931485, 'fire_exp': 1.2310899049053081, 'P_half': 10.226988730324324, 'pre_dampen_half': 502.5175192217655, 'gpp_af': 0.10349059737742376, 'gpp_b': 0.0021331409710300844, 'gpp_d': 16.460426816350523, 'ign_k': 0.5131654955148326, 'ign_c': 15.221840161091626, 'trop_agb_crit': 5.707205898008383, 'trop_k_veg': 4.1309639246402785, 'fuel_k': 0.04572914063536324, 'fuel_half': 6.392117784388236}.
[I 2026-06-11 12:44:31,857] Trial 863 finished with values: [10.683567935684994, 10.683567935684994] and parameters: {'k1': 0.002136439666839362, 'D_low': 5.59983195169599, 'k2': 0.030699709531122967, 'D_high': 1390.2686711035008, 'fire_exp': 5.598519296411119, 'P_half': 38.82837025280678, 'pre_dampen_half': 294.75617712568373, 'gpp_af': 0.0025386125063826667, 'gpp_b': 2.711380409817698e-05, 'gpp_d': 2.8006820077310213, 'ign_k': 0.476373748459372, 'ign_c': 0.11650681118986138, 'trop_agb_crit': 19.189415375617013, 'trop_k_veg': 0.9369104721775232, 'fuel_k': 1.3128815679924584, 'fuel_half': 81.8794158253808}.
[I 2026-06-11 12:44:32,777] Trial 864 finished with values: [10.611166948140488, 10.611166948140488] and parameters: {'k1': 0.003242143344038315, 'D_low': 4.484744524732794, 'k2': 0.00352110299468884, 'D_high': 1390.2686711035008, 'fire_exp': 6.482906948913863, 'P_half': 10.226988730324324, 'pre_dampen_half': 347.79988160923324, 'gpp_af': 0.0025386125063826667, 'gpp_b': 2.711380409817698e-05, 'gpp_d': 2.8006820077310213, 'ign_k': 0.42258534248395396, 'ign_c': 0.11650681118986138, 'trop_agb_crit': 19.189415375617013, 'trop_k_veg': 1.4584243470991722, 'fuel_k': 1.3128815679924584, 'fuel_half': 0.24226308267532445}.
[I 2026-06-11 12:44:33,698] Trial 865 finished with values: [10.47284393418425, 10.47284393418425] and parameters: {'k1': 0.004312951023617458, 'D_low': 5.59983195169599, 'k2': 0.005259118659251229, 'D_high': 1390.2686711035008, 'fire_exp': 2.1790515574598546, 'P_half': 136.0956887810302, 'pre_dampen_half': 347.79988160923324, 'gpp_af': 0.008562341633595545, 'gpp_b': 0.0021331409710300844, 'gpp_d': 9.004606022643067, 'ign_k': 0.5131654955148326, 'ign_c': 0.11650681118986138, 'trop_agb_crit': 19.189415375617013, 'trop_k_veg': 0.9369104721775232, 'fuel_k': 0.05597555634027867, 'fuel_half': 81.8794158253808}.
[I 2026-06-11 12:44:34,589] Trial 866 finished with values: [-0.6790240929624092, 0.2846223050614014] and parameters: {'k1': 0.003242143344038315, 'D_low': 4.484744524732794, 'k2': 0.0027431991397796683, 'D_high': 1390.2686711035008, 'fire_exp': 1.2310899049053081, 'P_half': 220.3445560633069, 'pre_dampen_half': 502.5175192217655, 'gpp_af': 0.06789053271698488, 'gpp_b': 0.00010318352929732131, 'gpp_d': 16.460426816350523, 'ign_k': 0.476373748459372, 'ign_c': 15.221840161091626, 'trop_agb_crit': 24.584290528289387, 'trop_k_veg': 4.1309639246402785, 'fuel_k': 3.787535619707775, 'fuel_half': 42.6871254378718}.
[I 2026-06-11 12:44:35,511] Trial 867 finished with values: [-0.740917547949437, 0.36157143864152586] and parameters: {'k1': 0.004312951023617458, 'D_low': 4.484744524732794, 'k2': 0.03865036856259725, 'D_high': 1919.1689944397538, 'fire_exp': 1.2310899049053081, 'P_half': 136.0956887810302, 'pre_dampen_half': 502.5175192217655, 'gpp_af': 0.008562341633595545, 'gpp_b': 2.711380409817698e-05, 'gpp_d': 9.004606022643067, 'ign_k': 0.5131654955148326, 'ign_c': 0.11650681118986138, 'trop_agb_crit': 19.84604666505718, 'trop_k_veg': 1.4584243470991722, 'fuel_k': 0.05597555634027867, 'fuel_half': 81.8794158253808}.
[I 2026-06-11 12:44:36,399] Trial 868 finished with values: [10.535860031756325, 10.535860031756325] and parameters: {'k1': 0.004312951023617458, 'D_low': 5.59983195169599, 'k2': 0.005259118659251229, 'D_high': 79.15210103365506, 'fire_exp': 1.1258453832483524, 'P_half': 10.226988730324324, 'pre_dampen_half': 502.5175192217655, 'gpp_af': 0.008562341633595545, 'gpp_b': 0.004922228103935987, 'gpp_d': 9.004606022643067, 'ign_k': 0.5131654955148326, 'ign_c': 0.11650681118986138, 'trop_agb_crit': 26.402883285404346, 'trop_k_veg': 1.4584243470991722, 'fuel_k': 0.05597555634027867, 'fuel_half': 81.8794158253808}.
[I 2026-06-11 12:44:37,302] Trial 869 finished with values: [-0.7266367156934055, 0.285397545478672] and parameters: {'k1': 0.003242143344038315, 'D_low': 5.59983195169599, 'k2': 0.005259118659251229, 'D_high': 1390.2686711035008, 'fire_exp': 1.2310899049053081, 'P_half': 13.019246714361572, 'pre_dampen_half': 294.75617712568373, 'gpp_af': 0.008562341633595545, 'gpp_b': 0.00010318352929732131, 'gpp_d': 2.8006820077310213, 'ign_k': 0.5131654955148326, 'ign_c': 0.11650681118986138, 'trop_agb_crit': 19.189415375617013, 'trop_k_veg': 0.9369104721775232, 'fuel_k': 1.3128815679924584, 'fuel_half': 81.8794158253808}.
[I 2026-06-11 12:44:38,210] Trial 870 finished with values: [-0.7189806826328893, 0.2671453346770285] and parameters: {'k1': 0.003242143344038315, 'D_low': 5.59983195169599, 'k2': 0.0027431991397796683, 'D_high': 1390.2686711035008, 'fire_exp': 1.1258453832483524, 'P_half': 136.0956887810302, 'pre_dampen_half': 502.5175192217655, 'gpp_af': 0.015769192447197523, 'gpp_b': 0.00010318352929732131, 'gpp_d': 9.004606022643067, 'ign_k': 0.5131654955148326, 'ign_c': 3.080832558855941, 'trop_agb_crit': 17.66923689636204, 'trop_k_veg': 1.4584243470991722, 'fuel_k': 0.05597555634027867, 'fuel_half': 81.8794158253808}.
[I 2026-06-11 12:44:39,116] Trial 871 finished with values: [-0.765777373419997, 0.3522510103078622] and parameters: {'k1': 0.004312951023617458, 'D_low': 5.59983195169599, 'k2': 0.005259118659251229, 'D_high': 1390.2686711035008, 'fire_exp': 1.1684565396540232, 'P_half': 10.226988730324324, 'pre_dampen_half': 502.5175192217655, 'gpp_af': 0.008562341633595545, 'gpp_b': 7.402343469704428e-05, 'gpp_d': 2.8006820077310213, 'ign_k': 0.5131654955148326, 'ign_c': 0.11650681118986138, 'trop_agb_crit': 26.402883285404346, 'trop_k_veg': 0.9369104721775232, 'fuel_k': 0.04618261343082179, 'fuel_half': 52.00581729114123}.
[I 2026-06-11 12:44:40,047] Trial 872 finished with values: [10.558411357743788, 10.558411357743788] and parameters: {'k1': 0.003242143344038315, 'D_low': 5.59983195169599, 'k2': 0.006051580666890612, 'D_high': 1919.1689944397538, 'fire_exp': 1.2310899049053081, 'P_half': 13.019246714361572, 'pre_dampen_half': 294.75617712568373, 'gpp_af': 0.0025386125063826667, 'gpp_b': 0.004922228103935987, 'gpp_d': 757.4758210832017, 'ign_k': 0.5131654955148326, 'ign_c': 0.11650681118986138, 'trop_agb_crit': 4.347403467878529, 'trop_k_veg': 1.6906991445093917, 'fuel_k': 0.030315034760496778, 'fuel_half': 42.6871254378718}.
[I 2026-06-11 12:44:40,965] Trial 873 finished with values: [10.263631796555785, 10.263631796555785] and parameters: {'k1': 0.004312951023617458, 'D_low': 5.59983195169599, 'k2': 0.0034207303670092245, 'D_high': 89263.11370835223, 'fire_exp': 1.2310899049053081, 'P_half': 10.226988730324324, 'pre_dampen_half': 502.5175192217655, 'gpp_af': 0.008562341633595545, 'gpp_b': 0.00012118589392553798, 'gpp_d': 12.324765692041675, 'ign_k': 0.28298168613109503, 'ign_c': 0.11650681118986138, 'trop_agb_crit': 24.584290528289387, 'trop_k_veg': 0.9369104721775232, 'fuel_k': 0.05597555634027867, 'fuel_half': 81.8794158253808}.
[I 2026-06-11 12:44:41,865] Trial 874 finished with values: [10.167879644765787, 10.167879644765787] and parameters: {'k1': 0.004312951023617458, 'D_low': 4.484744524732794, 'k2': 0.0027431991397796683, 'D_high': 1853.8092461931485, 'fire_exp': 1.2310899049053081, 'P_half': 10.226988730324324, 'pre_dampen_half': 347.79988160923324, 'gpp_af': 0.015769192447197523, 'gpp_b': 2.711380409817698e-05, 'gpp_d': 9.004606022643067, 'ign_k': 0.5131654955148326, 'ign_c': 0.11650681118986138, 'trop_agb_crit': 5.707205898008383, 'trop_k_veg': 4.1309639246402785, 'fuel_k': 0.487361804838494, 'fuel_half': 0.32476735706274484}.
