[I 2026-07-24 02:21:16,466] Trial 781 finished with value: 0.5639749766589953 and parameters: {'k1': 0.00018674794261737044, 'D_low': 149.76986254799715, 'k2': 0.001608018467933164, 'D_high': 4230583.193804548, 'fire_exp': 9.84877846460625, 'P_half': 82.55534531145356, 'pre_dampen_half': 36.976864773482234, 'gpp_af': 0.1723434920901669, 'gpp_b': 9.858147745501477e-05, 'gpp_d': 188.2930312740096, 'ign_k': 0.09190578055924464, 'ign_c': 0.5636441867527584, 'trop_agb_crit': 18.822589306250727, 'trop_k_veg': 1.48019069819731, 'fuel_k': 0.35396388208015717, 'fuel_half': 0.17735460613287476}. Best is trial 0 with value: -0.6070628323553574.
[I 2026-07-24 02:21:16,880] Trial 782 finished with value: 0.5450492729564097 and parameters: {'k1': 0.012521775204832178, 'D_low': 791.2691816121896, 'k2': 1.1298929504024416e-05, 'D_high': 27955.137187231838, 'fire_exp': 1.0811209078575028, 'P_half': 4.4948710752413445, 'pre_dampen_half': 0.042413315432733405, 'gpp_af': 54.123518487164105, 'gpp_b': 2.8722019851501113e-05, 'gpp_d': 799.5288834344847, 'ign_k': 3.7926013332186996, 'ign_c': 3.864863182455222, 'trop_agb_crit': 1.3716836350319028, 'trop_k_veg': 1.6967598715475474, 'fuel_k': 2.2969690334779354, 'fuel_half': 4.552152100519035}. Best is trial 0 with value: -0.6070628323553574.
[I 2026-07-24 02:21:17,295] Trial 783 finished with value: -0.5688519835490402 and parameters: {'k1': 0.001740707206347981, 'D_low': 117.79507779599423, 'k2': 0.00015374452118544106, 'D_high': 5734391.055099407, 'fire_exp': 1.318835716834364, 'P_half': 1.8676481011841888, 'pre_dampen_half': 0.19462426331169794, 'gpp_af': 18.72280166880811, 'gpp_b': 0.002935601559770043, 'gpp_d': 213.03506175599216, 'ign_k': 0.09034060138339947, 'ign_c': 0.33093428637279704, 'trop_agb_crit': 11.799809476135982, 'trop_k_veg': 1.6747131901150865, 'fuel_k': 0.571993299239332, 'fuel_half': 0.1048842058309884}. Best is trial 0 with value: -0.6070628323553574.
[I 2026-07-24 02:21:17,710] Trial 784 finished with value: 0.502658729885574 and parameters: {'k1': 0.002860214509579871, 'D_low': 34.69077752345656, 'k2': 0.019620312290416872, 'D_high': 442234.1068706201, 'fire_exp': 2.855486495812922, 'P_half': 7.672429939576975, 'pre_dampen_half': 0.06468113538618614, 'gpp_af': 40.37131967876608, 'gpp_b': 0.010489448095171432, 'gpp_d': 905.5240168617321, 'ign_k': 2.807751473940613, 'ign_c': 2.565173396916924, 'trop_agb_crit': 5.361334365579751, 'trop_k_veg': 1.4602484507886537, 'fuel_k': 0.11610183318392475, 'fuel_half': 9.5225304178731}. Best is trial 0 with value: -0.6070628323553574.
[I 2026-07-24 02:21:18,125] Trial 785 finished with value: 0.5553245341344006 and parameters: {'k1': 0.0006348339456615829, 'D_low': 9.34663035042046, 'k2': 0.000493692394435011, 'D_high': 106035.42029863043, 'fire_exp': 8.102047642785168, 'P_half': 37.45459527465665, 'pre_dampen_half': 11.107922972600733, 'gpp_af': 0.05758749900325907, 'gpp_b': 1.0467997214463572e-05, 'gpp_d': 7.569877364901694, 'ign_k': 0.7250662059256305, 'ign_c': 22.170655693460148, 'trop_agb_crit': 27.059956408641074, 'trop_k_veg': 0.993935284483896, 'fuel_k': 0.4466042606117127, 'fuel_half': 0.9540862829243778}. Best is trial 0 with value: -0.6070628323553574.
[I 2026-07-24 02:21:18,541] Trial 786 finished with value: 0.6242950072159577 and parameters: {'k1': 0.0022127295573202907, 'D_low': 87521.3769954843, 'k2': 0.00019472883550620168, 'D_high': 5468976.956896313, 'fire_exp': 1.0235748991794844, 'P_half': 2.262493184061538, 'pre_dampen_half': 0.033206898233466446, 'gpp_af': 0.5182994092643707, 'gpp_b': 0.7951719580032025, 'gpp_d': 560.3672857028658, 'ign_k': 0.10024846401551195, 'ign_c': 15.40251431735582, 'trop_agb_crit': 7.117717039993799, 'trop_k_veg': 4.363351501282239, 'fuel_k': 0.4689530766269638, 'fuel_half': 0.25829908635939713}. Best is trial 0 with value: -0.6070628323553574.
[I 2026-07-24 02:21:19,010] Trial 787 finished with value: 0.6052840333751739 and parameters: {'k1': 4.69860010754792e-05, 'D_low': 1.9701654263780088, 'k2': 1.9031703588906024e-05, 'D_high': 1352216.5401832606, 'fire_exp': 1.063069470107055, 'P_half': 390.195441753296, 'pre_dampen_half': 0.05024206150164718, 'gpp_af': 55.78943690443579, 'gpp_b': 0.5989332150848123, 'gpp_d': 3.546006981718281, 'ign_k': 0.005334191933054129, 'ign_c': 0.3789123255405163, 'trop_agb_crit': 1.2067557089764562, 'trop_k_veg': 7.705091849080401, 'fuel_k': 0.8357778257403385, 'fuel_half': 0.3738047592595482}. Best is trial 0 with value: -0.6070628323553574.
[I 2026-07-24 02:21:19,426] Trial 788 finished with value: 0.594200934282803 and parameters: {'k1': 0.0008061521816621376, 'D_low': 667.5356877542902, 'k2': 0.00038058912359275335, 'D_high': 21276.85140409878, 'fire_exp': 9.833265095698016, 'P_half': 38.790240029354635, 'pre_dampen_half': 837.181256310789, 'gpp_af': 42.758000016869275, 'gpp_b': 0.07783840216051588, 'gpp_d': 108.71676421432554, 'ign_k': 0.47575261455273515, 'ign_c': 1.2477877204806527, 'trop_agb_crit': 8.63634940673595, 'trop_k_veg': 1.7901781172696976, 'fuel_k': 0.18337729279617793, 'fuel_half': 0.22358886099341005}. Best is trial 0 with value: -0.6070628323553574.
[I 2026-07-24 02:21:19,850] Trial 789 finished with value: 0.44782579918929355 and parameters: {'k1': 0.0006768882635848682, 'D_low': 2166.8541995056266, 'k2': 0.00033940682656270554, 'D_high': 35538.77226675679, 'fire_exp': 1.6166143042823766, 'P_half': 2.8363519734387705, 'pre_dampen_half': 1.2965640651594514, 'gpp_af': 1.5777030656700068, 'gpp_b': 0.37418808050185864, 'gpp_d': 910.2067690393566, 'ign_k': 0.18672182984053548, 'ign_c': 0.6036424534738233, 'trop_agb_crit': 7.440703569325911, 'trop_k_veg': 5.480008935375948, 'fuel_k': 1.36828322169097, 'fuel_half': 0.17919771493179548}. Best is trial 0 with value: -0.6070628323553574.
[I 2026-07-24 02:21:20,265] Trial 790 finished with value: 0.587847520900343 and parameters: {'k1': 0.011021689797097358, 'D_low': 293.67989826607453, 'k2': 1.4445010007299105e-05, 'D_high': 4061341.306175506, 'fire_exp': 1.4829678957353025, 'P_half': 1.0740062206702052, 'pre_dampen_half': 2.3261176160710124, 'gpp_af': 0.14575018202156967, 'gpp_b': 0.0036152248621165234, 'gpp_d': 410.49741945126493, 'ign_k': 5.6275597871171215, 'ign_c': 0.2462049480021867, 'trop_agb_crit': 4.602208499796122, 'trop_k_veg': 3.0260208982121357, 'fuel_k': 4.361233438692926, 'fuel_half': 0.1711935981985698}. Best is trial 0 with value: -0.6070628323553574.
[I 2026-07-24 02:21:20,682] Trial 791 finished with value: -0.5724044697851726 and parameters: {'k1': 0.000986877388197551, 'D_low': 10101.093562633225, 'k2': 5.1019864289513724e-05, 'D_high': 3556183.76323752, 'fire_exp': 1.512671421800791, 'P_half': 1.345412504088263, 'pre_dampen_half': 1.8253728075075237, 'gpp_af': 34.390726181419836, 'gpp_b': 0.01002821335427854, 'gpp_d': 283.74346554476085, 'ign_k': 0.016374969682334296, 'ign_c': 20.958779472347537, 'trop_agb_crit': 9.693296305600148, 'trop_k_veg': 5.924854790101746, 'fuel_k': 5.771557576404773, 'fuel_half': 0.27697458107053485}. Best is trial 0 with value: -0.6070628323553574.
[I 2026-07-24 02:21:21,100] Trial 792 finished with value: 0.48233454947600385 and parameters: {'k1': 0.0006483243562694791, 'D_low': 18146.200653133987, 'k2': 0.0002582884445533036, 'D_high': 431269.60590326565, 'fire_exp': 1.4318753021711963, 'P_half': 1.7794585532787224, 'pre_dampen_half': 3.9148355254460263, 'gpp_af': 1.7504942016854006, 'gpp_b': 0.0028624886843404552, 'gpp_d': 71.46992676714532, 'ign_k': 0.003012953171999975, 'ign_c': 2.659208974201915, 'trop_agb_crit': 6.1329668903941155, 'trop_k_veg': 5.561930126375606, 'fuel_k': 2.0436232987835727, 'fuel_half': 0.3666321259564064}. Best is trial 0 with value: -0.6070628323553574.
[I 2026-07-24 02:21:21,521] Trial 793 finished with value: 0.5582529663020955 and parameters: {'k1': 0.00026651061200711607, 'D_low': 70063.86617550094, 'k2': 9.390028513214841e-05, 'D_high': 5644030.130412723, 'fire_exp': 2.664031434890387, 'P_half': 4.719967884206024, 'pre_dampen_half': 84.91413206179594, 'gpp_af': 44.33629090276934, 'gpp_b': 0.007586630059113901, 'gpp_d': 125.05786383713185, 'ign_k': 0.036071833456442506, 'ign_c': 4.647659839115246, 'trop_agb_crit': 17.108585944117905, 'trop_k_veg': 3.38540354555828, 'fuel_k': 4.910325932510238, 'fuel_half': 0.891331447786541}. Best is trial 0 with value: -0.6070628323553574.
[I 2026-07-24 02:21:21,941] Trial 794 finished with value: 0.5000856760683708 and parameters: {'k1': 0.0007045135230679697, 'D_low': 854.9234136229692, 'k2': 0.002977583982113807, 'D_high': 986766.5049683145, 'fire_exp': 1.5503943557087705, 'P_half': 1.3896527255733135, 'pre_dampen_half': 0.1484843121691358, 'gpp_af': 49.057888723404595, 'gpp_b': 0.03765093158680041, 'gpp_d': 14.904952517703956, 'ign_k': 4.438401389425178, 'ign_c': 0.14713480363858736, 'trop_agb_crit': 8.213084186655921, 'trop_k_veg': 1.435204878666396, 'fuel_k': 0.8569605998738213, 'fuel_half': 0.11357599758166369}. Best is trial 0 with value: -0.6070628323553574.
[I 2026-07-24 02:21:22,361] Trial 795 finished with value: 0.6082485696316067 and parameters: {'k1': 0.019943611415654646, 'D_low': 2.8650397666188407, 'k2': 0.0004517011276382854, 'D_high': 133.2047791794095, 'fire_exp': 4.476382612658773, 'P_half': 1685.1428019385633, 'pre_dampen_half': 13.069364041404683, 'gpp_af': 2.4271647022107934, 'gpp_b': 0.4108987001307044, 'gpp_d': 9.636637555304727, 'ign_k': 0.33252982655432145, 'ign_c': 1.9419589661205012, 'trop_agb_crit': 7.061689773175127, 'trop_k_veg': 1.3241205692258193, 'fuel_k': 0.22685275852289694, 'fuel_half': 34.49014878090425}. Best is trial 0 with value: -0.6070628323553574.
[I 2026-07-24 02:21:22,786] Trial 796 finished with value: 0.6247417672120861 and parameters: {'k1': 0.0022974656428731938, 'D_low': 1342.2560268108534, 'k2': 1.9823188119007618e-05, 'D_high': 1512207.8520298938, 'fire_exp': 1.492736961313308, 'P_half': 1.2716530440308822, 'pre_dampen_half': 42.480902933736026, 'gpp_af': 22.993592965144973, 'gpp_b': 0.0005004689514947352, 'gpp_d': 73.17987073052197, 'ign_k': 0.14842537667588135, 'ign_c': 5.925312689220208, 'trop_agb_crit': 6.41287407291225, 'trop_k_veg': 5.848231553710863, 'fuel_k': 5.418654085604403, 'fuel_half': 0.6558530036348431}. Best is trial 0 with value: -0.6070628323553574.
[I 2026-07-24 02:21:23,204] Trial 797 finished with value: 0.5456451015173932 and parameters: {'k1': 0.0013068680828298282, 'D_low': 1.4922311111287276, 'k2': 2.2687870127608175e-05, 'D_high': 102811.66833657493, 'fire_exp': 2.374043883036176, 'P_half': 105.34466736095902, 'pre_dampen_half': 0.6458098578709448, 'gpp_af': 19.112031198647983, 'gpp_b': 0.00014928867048347665, 'gpp_d': 719.5223459859445, 'ign_k': 0.042232698817877175, 'ign_c': 0.8831369633147786, 'trop_agb_crit': 16.396012873081588, 'trop_k_veg': 5.687249968116265, 'fuel_k': 1.5715603644702882, 'fuel_half': 0.24767953614585975}. Best is trial 0 with value: -0.6070628323553574.
[I 2026-07-24 02:21:23,624] Trial 798 finished with value: 0.49579484863335277 and parameters: {'k1': 0.002388981912680603, 'D_low': 7.463438299085188, 'k2': 2.3660523364309743e-05, 'D_high': 4166540.91468868, 'fire_exp': 1.2127875268354122, 'P_half': 29.34821094239984, 'pre_dampen_half': 0.025104099744038804, 'gpp_af': 38.8166620689979, 'gpp_b': 0.003952442174562191, 'gpp_d': 326.61081283856856, 'ign_k': 0.03482629428383818, 'ign_c': 0.47104793424568636, 'trop_agb_crit': 15.750294384840977, 'trop_k_veg': 1.399290164825148, 'fuel_k': 1.8619163886844436, 'fuel_half': 0.3742495466946453}. Best is trial 0 with value: -0.6070628323553574.
[I 2026-07-24 02:21:24,053] Trial 799 finished with value: 0.6365067891087078 and parameters: {'k1': 0.00048660631355610696, 'D_low': 103901.05263390944, 'k2': 0.02786920265013635, 'D_high': 530984.1221469691, 'fire_exp': 8.841081730078777, 'P_half': 2.5252703221813078, 'pre_dampen_half': 54.85582478931538, 'gpp_af': 1.9051475364352204, 'gpp_b': 0.020415458688983517, 'gpp_d': 3.136678559565787, 'ign_k': 0.019218313442094685, 'ign_c': 0.14196925389660053, 'trop_agb_crit': 27.15675125591125, 'trop_k_veg': 1.697077795956574, 'fuel_k': 0.2642081696382518, 'fuel_half': 0.22690960118515924}. Best is trial 0 with value: -0.6070628323553574.
[I 2026-07-24 02:21:24,469] Trial 800 finished with value: 0.4235144285230438 and parameters: {'k1': 0.0006117555659627008, 'D_low': 20.98850741344201, 'k2': 8.926823995561832e-05, 'D_high': 3648351.691867963, 'fire_exp': 1.1338397115883383, 'P_half': 1.150926129578241, 'pre_dampen_half': 0.13605399223418974, 'gpp_af': 65.28441719839458, 'gpp_b': 8.834480510102611e-05, 'gpp_d': 209.06098799383244, 'ign_k': 0.2909387663255024, 'ign_c': 0.4670151051177244, 'trop_agb_crit': 11.143543250266827, 'trop_k_veg': 4.126614982212423, 'fuel_k': 2.430747373837064, 'fuel_half': 1.2353576829261146}. Best is trial 0 with value: -0.6070628323553574.
[I 2026-07-24 02:21:24,890] Trial 801 finished with value: 0.5785665631559946 and parameters: {'k1': 1.1587333125780571e-05, 'D_low': 2062.9414430310935, 'k2': 5.6827693462373614e-05, 'D_high': 3955008.0623643836, 'fire_exp': 3.0645978434256476, 'P_half': 1.1014241156882922, 'pre_dampen_half': 0.22512729962579006, 'gpp_af': 4.843691879468236, 'gpp_b': 0.006256214073842703, 'gpp_d': 452.38994101503863, 'ign_k': 0.015691385033273383, 'ign_c': 93.58799104236569, 'trop_agb_crit': 6.563173506875691, 'trop_k_veg': 7.4217335715225605, 'fuel_k': 3.842411233320569, 'fuel_half': 0.8361073041636676}. Best is trial 0 with value: -0.6070628323553574.
[I 2026-07-24 02:21:25,309] Trial 802 finished with value: 0.6205107080465905 and parameters: {'k1': 0.042478397482023415, 'D_low': 144420.65789936396, 'k2': 0.00035334642883018446, 'D_high': 8281391.158462212, 'fire_exp': 2.164273801722618, 'P_half': 1.4760685488571041, 'pre_dampen_half': 0.2010824190505123, 'gpp_af': 8.448134522446544, 'gpp_b': 0.010740689694578363, 'gpp_d': 62.23325194201153, 'ign_k': 0.20254135470323528, 'ign_c': 0.16256150071262046, 'trop_agb_crit': 9.135447159431006, 'trop_k_veg': 0.9196507856983425, 'fuel_k': 0.64997839178732, 'fuel_half': 0.1195730371867581}. Best is trial 0 with value: -0.6070628323553574.
[I 2026-07-24 02:21:25,726] Trial 803 finished with value: 0.5747805263790917 and parameters: {'k1': 0.0012945184900701563, 'D_low': 23414.898706412794, 'k2': 1.2797281944324427e-05, 'D_high': 595958.036654762, 'fire_exp': 1.771012422589409, 'P_half': 2.3342546020257915, 'pre_dampen_half': 0.717983123828221, 'gpp_af': 29.987077367580685, 'gpp_b': 0.04025418903676737, 'gpp_d': 127.30230826607377, 'ign_k': 0.04100839431018135, 'ign_c': 35.8919813183956, 'trop_agb_crit': 28.90739316597442, 'trop_k_veg': 7.944013821654124, 'fuel_k': 3.6995553873061127, 'fuel_half': 0.1874044363011984}. Best is trial 0 with value: -0.6070628323553574.
[I 2026-07-24 02:21:26,153] Trial 804 finished with value: 0.46684541805750024 and parameters: {'k1': 0.0001977473411511259, 'D_low': 476.920566965767, 'k2': 0.0035202070788547097, 'D_high': 86917.08408095416, 'fire_exp': 2.0684760452674222, 'P_half': 1.0171819963140898, 'pre_dampen_half': 6.744601716366416, 'gpp_af': 27.45843620727695, 'gpp_b': 0.010613227104719243, 'gpp_d': 32.00371909096627, 'ign_k': 0.24172577224621508, 'ign_c': 0.19635541426626313, 'trop_agb_crit': 15.295928498388358, 'trop_k_veg': 3.573674814911785, 'fuel_k': 3.024414279913874, 'fuel_half': 0.16197866148543863}. Best is trial 0 with value: -0.6070628323553574.
[I 2026-07-24 02:21:26,571] Trial 805 finished with value: 0.5323249005134583 and parameters: {'k1': 0.003892355017136516, 'D_low': 2.4875074786413056, 'k2': 2.4843320214993765e-05, 'D_high': 12449.035057643774, 'fire_exp': 1.2695764097855258, 'P_half': 3.5037225785134325, 'pre_dampen_half': 0.05984036350825544, 'gpp_af': 18.029578677711637, 'gpp_b': 0.003238002931555311, 'gpp_d': 191.24884423128648, 'ign_k': 0.12001973675454497, 'ign_c': 0.3411413083792027, 'trop_agb_crit': 29.29281916362166, 'trop_k_veg': 2.563048727420551, 'fuel_k': 2.9237230091629427, 'fuel_half': 0.27067676670017066}. Best is trial 0 with value: -0.6070628323553574.
[I 2026-07-24 02:21:26,988] Trial 806 finished with value: 0.6328833645902661 and parameters: {'k1': 0.0001954844316547018, 'D_low': 159638.1755915361, 'k2': 5.789494055436e-05, 'D_high': 557397.1187448773, 'fire_exp': 1.402306041293715, 'P_half': 9.932572408852014, 'pre_dampen_half': 1.3027383574402989, 'gpp_af': 4.7067153520237435, 'gpp_b': 0.0005060783348544915, 'gpp_d': 6.7624821228017336, 'ign_k': 0.052846779319367376, 'ign_c': 87.99465981679644, 'trop_agb_crit': 9.371659706499651, 'trop_k_veg': 6.676361307545919, 'fuel_k': 3.553177779773048, 'fuel_half': 0.3285666830281732}. Best is trial 0 with value: -0.6070628323553574.
[I 2026-07-24 02:21:27,409] Trial 807 finished with value: -0.5242885733937322 and parameters: {'k1': 0.00028469034929227825, 'D_low': 4636.29009161235, 'k2': 8.361066141473164e-05, 'D_high': 2774625.659610219, 'fire_exp': 1.0461512107784365, 'P_half': 7.450101671119431, 'pre_dampen_half': 1.078695055662577, 'gpp_af': 72.53015678792667, 'gpp_b': 0.15813459512439187, 'gpp_d': 345.55123215103885, 'ign_k': 0.003038525928764323, 'ign_c': 19.14612905903191, 'trop_agb_crit': 4.73215687140906, 'trop_k_veg': 5.722123014872285, 'fuel_k': 1.4316044964580736, 'fuel_half': 2.243997807451816}. Best is trial 0 with value: -0.6070628323553574.
[I 2026-07-24 02:21:27,829] Trial 808 finished with value: -0.5700535667194944 and parameters: {'k1': 0.03480328385482251, 'D_low': 54.28378379813068, 'k2': 0.00021237352906834807, 'D_high': 6132549.738053253, 'fire_exp': 2.4981387190757065, 'P_half': 10.091128779301718, 'pre_dampen_half': 0.07222245114376734, 'gpp_af': 28.09922055635849, 'gpp_b': 0.0197955560312666, 'gpp_d': 875.980512041513, 'ign_k': 1.0508920962761452, 'ign_c': 0.12934814208377668, 'trop_agb_crit': 24.812543652659706, 'trop_k_veg': 1.6636028353570087, 'fuel_k': 4.43581542070935, 'fuel_half': 0.14266935276722648}. Best is trial 0 with value: -0.6070628323553574.
[I 2026-07-24 02:21:28,244] Trial 809 finished with value: 0.4748138014677986 and parameters: {'k1': 0.0039983316499399985, 'D_low': 1569.3936504693131, 'k2': 9.515353525711228e-05, 'D_high': 7561254.0310766315, 'fire_exp': 1.2366028032697878, 'P_half': 1.1928174000524032, 'pre_dampen_half': 0.5288505316155667, 'gpp_af': 19.473950225226783, 'gpp_b': 0.17837077020147912, 'gpp_d': 192.43980281869347, 'ign_k': 0.010725775004425593, 'ign_c': 29.613344639622373, 'trop_agb_crit': 12.76198960496388, 'trop_k_veg': 4.606499128909604, 'fuel_k': 4.939343406192591, 'fuel_half': 2.6657561768507048}. Best is trial 0 with value: -0.6070628323553574.
[I 2026-07-24 02:21:28,658] Trial 810 finished with value: 0.5522801218089708 and parameters: {'k1': 0.003796278698218487, 'D_low': 5377.592994536587, 'k2': 0.004003667708090601, 'D_high': 6608791.003374208, 'fire_exp': 1.0811666981482397, 'P_half': 3.94575956015302, 'pre_dampen_half': 0.12889447422851436, 'gpp_af': 0.15958914674678942, 'gpp_b': 0.08470599837393097, 'gpp_d': 21.801371868966125, 'ign_k': 0.7204240549570752, 'ign_c': 0.57924465774007, 'trop_agb_crit': 23.05711522493622, 'trop_k_veg': 2.9405167463246253, 'fuel_k': 0.06816232052371457, 'fuel_half': 0.4301416147377152}. Best is trial 0 with value: -0.6070628323553574.
[I 2026-07-24 02:21:29,077] Trial 811 finished with value: 0.5639058508257802 and parameters: {'k1': 0.00015182142027618287, 'D_low': 438.91877137547965, 'k2': 6.135260406334664e-05, 'D_high': 82157.46960380854, 'fire_exp': 2.8270522793728747, 'P_half': 38.68569622976452, 'pre_dampen_half': 0.13642411719494615, 'gpp_af': 3.238626495925655, 'gpp_b': 9.080765432823176e-05, 'gpp_d': 218.77029687496238, 'ign_k': 0.03482340478890127, 'ign_c': 0.2994557604829799, 'trop_agb_crit': 10.191639703858836, 'trop_k_veg': 1.915314954679452, 'fuel_k': 2.898956720348908, 'fuel_half': 0.14580895579008266}. Best is trial 0 with value: -0.6070628323553574.
[I 2026-07-24 02:21:29,493] Trial 812 finished with value: 0.6445374145881376 and parameters: {'k1': 0.000388711575798392, 'D_low': 612464.2645909528, 'k2': 0.09752890100912853, 'D_high': 1532596.965750551, 'fire_exp': 3.442605913210165, 'P_half': 281.81542955721875, 'pre_dampen_half': 4.549921140641893, 'gpp_af': 0.0029314602331261433, 'gpp_b': 0.01317246442782379, 'gpp_d': 0.3713462953100579, 'ign_k': 0.022382138871685817, 'ign_c': 1.349179738518258, 'trop_agb_crit': 21.26606224246274, 'trop_k_veg': 1.480743107749468, 'fuel_k': 0.059525545102075264, 'fuel_half': 17.511273929144036}. Best is trial 0 with value: -0.6070628323553574.
[I 2026-07-24 02:21:29,918] Trial 813 finished with value: 0.5915235127532916 and parameters: {'k1': 0.0007931123304355782, 'D_low': 2.480020413102153, 'k2': 0.003307184432698413, 'D_high': 52820.49978135379, 'fire_exp': 7.330701580579698, 'P_half': 36.55359812147037, 'pre_dampen_half': 0.027145949149569647, 'gpp_af': 0.29492695996874724, 'gpp_b': 0.0006808238157712694, 'gpp_d': 248.9388288590009, 'ign_k': 1.3289692665438024, 'ign_c': 0.9193399680491862, 'trop_agb_crit': 2.3167998458763743, 'trop_k_veg': 1.1073109638000986, 'fuel_k': 0.3425080666471921, 'fuel_half': 0.24842549995440674}. Best is trial 0 with value: -0.6070628323553574.
[I 2026-07-24 02:21:30,339] Trial 814 finished with value: 0.48662228094793425 and parameters: {'k1': 0.001774143587541479, 'D_low': 29215.731344326963, 'k2': 0.0002888444472032243, 'D_high': 2665283.0234638965, 'fire_exp': 1.2104719766334242, 'P_half': 1.2236448145541539, 'pre_dampen_half': 1.5013913137562553, 'gpp_af': 1.600978943931431, 'gpp_b': 0.13143786781433045, 'gpp_d': 29.562685714028163, 'ign_k': 0.45097948793427245, 'ign_c': 0.7442188302801979, 'trop_agb_crit': 4.773292392810106, 'trop_k_veg': 1.0152243358950934, 'fuel_k': 1.6587051727155375, 'fuel_half': 0.22726292359458478}. Best is trial 0 with value: -0.6070628323553574.
