[I 2026-08-20 00:34:54,730] Trial 768 finished with value: 0.5722568681116604 and parameters: {'k1': 0.030759635024427683, 'D_low': 1725.4817522018443, 'k2': 0.00013680756475020048, 'D_high': 35071.96551590717, 'fire_exp': 1.6235764059774194, 'P_half': 1481.3773038827155, 'pre_dampen_half': 3.0185577328179978, 'gpp_af': 2.0329115358130125, 'gpp_b': 0.0009352362932436985, 'gpp_d': 311.66225379379625, 'ign_k': 0.15669973603533618, 'ign_c': 0.3566233680809855, 'trop_agb_crit': 7.655678343527079, 'trop_k_veg': 0.6622251290734062, 'pop_amp': 0.5670834934808565, 'pop_peak': 29.82452297915226, 'pop_sig': 0.7895201718052626}. Best is trial 274 with value: -0.604910391627968.
[I 2026-08-20 00:34:56,513] Trial 769 finished with value: -0.5521258206653137 and parameters: {'k1': 0.0015826668964950762, 'D_low': 38.41915578645399, 'k2': 0.002664370709843507, 'D_high': 101225.64669229169, 'fire_exp': 1.9167596624222454, 'P_half': 2.1652025475096366, 'pre_dampen_half': 3.3293831187162, 'gpp_af': 0.001185462827930053, 'gpp_b': 0.00012842916441726068, 'gpp_d': 83.54132820226137, 'ign_k': 1.316685357608254, 'ign_c': 0.8427817205140089, 'trop_agb_crit': 4.543913367922225, 'trop_k_veg': 1.2047389519293983, 'pop_amp': 0.02723363650736574, 'pop_peak': 0.4294045395026068, 'pop_sig': 0.8979902448948902}. Best is trial 274 with value: -0.604910391627968.
[I 2026-08-20 00:34:58,267] Trial 770 finished with value: 0.6015445363251138 and parameters: {'k1': 0.001296419342776838, 'D_low': 78.15467193870614, 'k2': 0.006677041168838637, 'D_high': 631735.9133861145, 'fire_exp': 3.3405122322426584, 'P_half': 17.76176451833406, 'pre_dampen_half': 33.184077888770574, 'gpp_af': 0.3398525035352239, 'gpp_b': 1.501740777886036e-05, 'gpp_d': 608.1650013926794, 'ign_k': 0.10387846270886139, 'ign_c': 112.39535807634256, 'trop_agb_crit': 15.630318604940765, 'trop_k_veg': 1.549800139981587, 'pop_amp': 0.016447560646801383, 'pop_peak': 3.8114147177592894, 'pop_sig': 0.991714529647312}. Best is trial 274 with value: -0.604910391627968.
[I 2026-08-20 00:35:00,105] Trial 771 finished with value: -0.5861526419955426 and parameters: {'k1': 0.0006118184452141754, 'D_low': 12.960813204694759, 'k2': 0.05120211091517346, 'D_high': 1865609.6894218994, 'fire_exp': 1.0319749794897122, 'P_half': 3.402403527686662, 'pre_dampen_half': 0.07791009047670897, 'gpp_af': 0.04080079942002025, 'gpp_b': 0.0003107174244635899, 'gpp_d': 2.3487638078803204, 'ign_k': 0.0058762800495832275, 'ign_c': 0.49566098251395524, 'trop_agb_crit': 6.319405519673142, 'trop_k_veg': 1.3269219318348975, 'pop_amp': 2.774710487708145, 'pop_peak': 28.714556771609647, 'pop_sig': 1.7319684335517815}. Best is trial 274 with value: -0.604910391627968.
[I 2026-08-20 00:35:01,918] Trial 772 finished with value: -0.579947902711484 and parameters: {'k1': 0.00019822345581561483, 'D_low': 789.6558140354339, 'k2': 0.06966987787216172, 'D_high': 1436987.0796943996, 'fire_exp': 2.1266826902224323, 'P_half': 20.941006041206954, 'pre_dampen_half': 2.049247614334769, 'gpp_af': 0.006840467423472204, 'gpp_b': 2.3676881175822327e-05, 'gpp_d': 0.6674314125224882, 'ign_k': 2.250625299985417, 'ign_c': 2.761800074123988, 'trop_agb_crit': 2.2270350913796744, 'trop_k_veg': 4.351771766115971, 'pop_amp': 1.9121088747716584, 'pop_peak': 0.17347741520463977, 'pop_sig': 0.5647919616761196}. Best is trial 274 with value: -0.604910391627968.
[I 2026-08-20 00:35:03,885] Trial 773 finished with value: 0.4731571721043606 and parameters: {'k1': 0.004692653003672991, 'D_low': 590.6188408026164, 'k2': 0.0007590028693461184, 'D_high': 1712690.3475678808, 'fire_exp': 1.4249150183101116, 'P_half': 47.2162245161539, 'pre_dampen_half': 0.4295104140733015, 'gpp_af': 0.0077279060260999856, 'gpp_b': 0.0008409073737240627, 'gpp_d': 7.218965015997558, 'ign_k': 3.053411567138774, 'ign_c': 0.14434464448330472, 'trop_agb_crit': 4.253315787457911, 'trop_k_veg': 3.664000751050347, 'pop_amp': 0.12017046157262046, 'pop_peak': 4.924513901989259, 'pop_sig': 0.7087030663411555}. Best is trial 274 with value: -0.604910391627968.
[I 2026-08-20 00:35:05,990] Trial 774 finished with value: 0.4485791414808096 and parameters: {'k1': 0.0003737540536647966, 'D_low': 36.929341980151726, 'k2': 0.0009662953351753318, 'D_high': 849708.0520911883, 'fire_exp': 1.8197755630712744, 'P_half': 1.503243248626084, 'pre_dampen_half': 15.159654923081096, 'gpp_af': 0.0012187647813672394, 'gpp_b': 0.0003416933127155148, 'gpp_d': 73.81488028021711, 'ign_k': 1.7980361213311133, 'ign_c': 0.14987746845937247, 'trop_agb_crit': 9.495891524396436, 'trop_k_veg': 0.8060661944054057, 'pop_amp': 0.004371568942219092, 'pop_peak': 0.07464800714000293, 'pop_sig': 1.2718741868100936}. Best is trial 274 with value: -0.604910391627968.
[I 2026-08-20 00:35:07,814] Trial 775 finished with value: 0.5785573192225493 and parameters: {'k1': 0.06566183745863302, 'D_low': 7004.7782896704275, 'k2': 0.0005059413929211402, 'D_high': 324974.41537856514, 'fire_exp': 4.177672943569562, 'P_half': 433.32336241132083, 'pre_dampen_half': 7.626505229914682, 'gpp_af': 0.01347832638974417, 'gpp_b': 0.0010975849661703483, 'gpp_d': 0.1726591052610852, 'ign_k': 4.427151350015263, 'ign_c': 0.19322253123375657, 'trop_agb_crit': 25.55604803088008, 'trop_k_veg': 2.9872408299467463, 'pop_amp': 0.05463828750356329, 'pop_peak': 21.92780950450361, 'pop_sig': 0.5659497302710473}. Best is trial 274 with value: -0.604910391627968.
[I 2026-08-20 00:35:09,596] Trial 776 finished with value: 0.49771664837657714 and parameters: {'k1': 0.0005620649751197354, 'D_low': 4748.867756697358, 'k2': 0.05602353879637366, 'D_high': 1602153.2380293286, 'fire_exp': 3.4385810374406414, 'P_half': 17.41738009043214, 'pre_dampen_half': 1.7720775396927018, 'gpp_af': 0.0018339164993794465, 'gpp_b': 0.00013243144068947338, 'gpp_d': 15.221988765295645, 'ign_k': 3.062005496945018, 'ign_c': 6.763630066202043, 'trop_agb_crit': 2.4883914330227963, 'trop_k_veg': 4.573043509099323, 'pop_amp': 3.171110372703905, 'pop_peak': 0.09761487274515644, 'pop_sig': 0.3234360695958599}. Best is trial 274 with value: -0.604910391627968.
[I 2026-08-20 00:35:11,590] Trial 777 finished with value: 0.56795104989668 and parameters: {'k1': 5.836701986946894e-05, 'D_low': 62.8957422851209, 'k2': 0.025980659507197183, 'D_high': 75221.10704749697, 'fire_exp': 2.95579175925869, 'P_half': 198.25376497507781, 'pre_dampen_half': 0.239843732642037, 'gpp_af': 0.05439232881490735, 'gpp_b': 5.5632860116716544e-05, 'gpp_d': 1.2223133469193217, 'ign_k': 0.7678655702877427, 'ign_c': 1.30669589526427, 'trop_agb_crit': 2.797413160082296, 'trop_k_veg': 2.4775290308879683, 'pop_amp': 1.0340300969746332, 'pop_peak': 0.5562676173893606, 'pop_sig': 1.0371286182957509}. Best is trial 274 with value: -0.604910391627968.
[I 2026-08-20 00:35:13,529] Trial 778 finished with value: 0.5117195705814777 and parameters: {'k1': 0.006458247804359429, 'D_low': 3004.4868282730768, 'k2': 0.0005838032628089783, 'D_high': 734219.0498437404, 'fire_exp': 1.109940500070552, 'P_half': 1.6962622178047775, 'pre_dampen_half': 82.78025980797833, 'gpp_af': 0.007644397482237547, 'gpp_b': 2.7182697067256085e-05, 'gpp_d': 126.33898168824442, 'ign_k': 1.9997754700978034, 'ign_c': 0.4086026881881756, 'trop_agb_crit': 8.199654946945902, 'trop_k_veg': 2.1184764801895493, 'pop_amp': 0.3099243035691241, 'pop_peak': 0.11530138341624395, 'pop_sig': 1.096597858834438}. Best is trial 274 with value: -0.604910391627968.
[I 2026-08-20 00:35:16,077] Trial 779 finished with value: 0.6445374145881376 and parameters: {'k1': 2.2776019212738493e-05, 'D_low': 335.3540557518553, 'k2': 0.048769043726343365, 'D_high': 258123.51203626403, 'fire_exp': 3.2805940637113977, 'P_half': 10.488388917213685, 'pre_dampen_half': 28.94287187595595, 'gpp_af': 0.08549369217498719, 'gpp_b': 0.0016389993500590938, 'gpp_d': 0.681440816202822, 'ign_k': 0.68678977194096, 'ign_c': 70.24878173889194, 'trop_agb_crit': 8.761963622255903, 'trop_k_veg': 7.354819228606708, 'pop_amp': 0.002042650235204126, 'pop_peak': 4.0254793286910004, 'pop_sig': 1.0883645497297108}. Best is trial 274 with value: -0.604910391627968.
[I 2026-08-20 00:35:18,234] Trial 780 finished with value: -0.5118754096132603 and parameters: {'k1': 8.87713118726145e-05, 'D_low': 2.6422381460420072, 'k2': 0.025910267880163616, 'D_high': 53787.510828854036, 'fire_exp': 1.5446390725380759, 'P_half': 90.96751551911146, 'pre_dampen_half': 0.5768301305812698, 'gpp_af': 0.8596388657492058, 'gpp_b': 0.0006075754104761327, 'gpp_d': 0.4109751431631783, 'ign_k': 0.01193621914419999, 'ign_c': 0.3102220424493299, 'trop_agb_crit': 5.108142309925543, 'trop_k_veg': 1.6681943122004048, 'pop_amp': 10.645026181292328, 'pop_peak': 215.15306663446407, 'pop_sig': 2.441870563229037}. Best is trial 274 with value: -0.604910391627968.
[I 2026-08-20 00:35:20,067] Trial 781 finished with value: -0.5738838571309304 and parameters: {'k1': 9.662301684651888e-05, 'D_low': 164.76780870188938, 'k2': 0.008437089864638914, 'D_high': 1438867.6423111157, 'fire_exp': 1.7497474320493358, 'P_half': 31.091693732477015, 'pre_dampen_half': 1.8038829882205578, 'gpp_af': 0.024711812556420007, 'gpp_b': 4.234695399672965e-05, 'gpp_d': 0.7987065943391745, 'ign_k': 6.794981069279648, 'ign_c': 1.0118448506639792, 'trop_agb_crit': 1.9126509572218997, 'trop_k_veg': 3.5915425027030397, 'pop_amp': 0.42273240111121185, 'pop_peak': 0.1049186781010292, 'pop_sig': 0.7002623122779859}. Best is trial 274 with value: -0.604910391627968.
[I 2026-08-20 00:35:22,202] Trial 782 finished with value: -0.5779900975973855 and parameters: {'k1': 0.001682485803361021, 'D_low': 10.505866560499825, 'k2': 0.07079650985776106, 'D_high': 2231799.5582524324, 'fire_exp': 1.0709342249457856, 'P_half': 7.945705747399345, 'pre_dampen_half': 0.11785912197895186, 'gpp_af': 0.03013570671901456, 'gpp_b': 2.9810576082074213e-05, 'gpp_d': 1.1546854794928039, 'ign_k': 0.0012297344492745573, 'ign_c': 1.0458553393832826, 'trop_agb_crit': 5.5360985805735465, 'trop_k_veg': 1.881132730871081, 'pop_amp': 2.1928826454514594, 'pop_peak': 5.987362017565466, 'pop_sig': 1.0866015142981913}. Best is trial 274 with value: -0.604910391627968.
[I 2026-08-20 00:35:24,418] Trial 783 finished with value: 0.4688909593067597 and parameters: {'k1': 0.0016084819052060468, 'D_low': 1.6155806439676852, 'k2': 0.011165547117460754, 'D_high': 204237.01145034246, 'fire_exp': 1.8078506713195597, 'P_half': 38.36781173212003, 'pre_dampen_half': 0.05589407129983323, 'gpp_af': 0.008300490501879145, 'gpp_b': 0.00112981626214684, 'gpp_d': 0.14188704550253886, 'ign_k': 0.0028151219606481243, 'ign_c': 0.2844107209117063, 'trop_agb_crit': 1.7122403620037876, 'trop_k_veg': 4.091304662358571, 'pop_amp': 10.170472031116322, 'pop_peak': 22.535884683659823, 'pop_sig': 1.2344534151463475}. Best is trial 274 with value: -0.604910391627968.
[I 2026-08-20 00:35:26,314] Trial 784 finished with value: 0.5696816732291456 and parameters: {'k1': 0.002633467054778454, 'D_low': 9159.938202936382, 'k2': 0.0003958004577379569, 'D_high': 869795.9838243597, 'fire_exp': 2.6023338191696657, 'P_half': 6.003873405230249, 'pre_dampen_half': 146.00526292974104, 'gpp_af': 0.0011428886757605095, 'gpp_b': 0.000927487892364598, 'gpp_d': 33.02128673073004, 'ign_k': 3.4298099345684525, 'ign_c': 0.375862865105675, 'trop_agb_crit': 2.929717944607748, 'trop_k_veg': 1.9375903788211808, 'pop_amp': 0.01436014236329516, 'pop_peak': 0.05186958897775167, 'pop_sig': 2.062488762532059}. Best is trial 274 with value: -0.604910391627968.
[I 2026-08-20 00:35:28,345] Trial 785 finished with value: 0.44355647238097407 and parameters: {'k1': 0.002813035145343292, 'D_low': 10.27158152594808, 'k2': 0.017780066455532605, 'D_high': 146508.39969947637, 'fire_exp': 1.0150874651755868, 'P_half': 1.0492058737808139, 'pre_dampen_half': 0.4940447499986366, 'gpp_af': 0.0019331354449481134, 'gpp_b': 0.00023175232268566543, 'gpp_d': 4.882932612183908, 'ign_k': 0.06113037441408934, 'ign_c': 0.9547298972593198, 'trop_agb_crit': 2.810331114638769, 'trop_k_veg': 0.9722201235853192, 'pop_amp': 3.1896359212433945, 'pop_peak': 23.614248175856716, 'pop_sig': 1.0336908834867853}. Best is trial 274 with value: -0.604910391627968.
[I 2026-08-20 00:35:30,151] Trial 786 finished with value: 0.5176987590213893 and parameters: {'k1': 0.005165460353607372, 'D_low': 12.353045914014007, 'k2': 0.06361865541232752, 'D_high': 2887900.341293176, 'fire_exp': 1.2973576001781837, 'P_half': 39.73462244814183, 'pre_dampen_half': 4.534866001297242, 'gpp_af': 0.28952447946195325, 'gpp_b': 0.0002804301831630051, 'gpp_d': 0.8596595049809441, 'ign_k': 0.002491616130533802, 'ign_c': 0.20485848507429402, 'trop_agb_crit': 6.862599211275946, 'trop_k_veg': 2.7488853248389624, 'pop_amp': 5.162851160441053, 'pop_peak': 10.15131137927953, 'pop_sig': 0.9265190900830325}. Best is trial 274 with value: -0.604910391627968.
[I 2026-08-20 00:35:32,049] Trial 787 finished with value: 0.5917190087726223 and parameters: {'k1': 3.829637705187457e-05, 'D_low': 499.68630480493573, 'k2': 0.017108754380009666, 'D_high': 8764372.41897917, 'fire_exp': 1.1948651865469277, 'P_half': 1.3683588477604627, 'pre_dampen_half': 7.984208676172252, 'gpp_af': 0.016208417199226315, 'gpp_b': 3.418932493524102e-05, 'gpp_d': 1.0126919470592137, 'ign_k': 5.165902479422613, 'ign_c': 2.9867145865358697, 'trop_agb_crit': 2.7414778219160105, 'trop_k_veg': 6.213985316530569, 'pop_amp': 5.705963340229881, 'pop_peak': 0.5513276434095827, 'pop_sig': 0.9121990779745198}. Best is trial 274 with value: -0.604910391627968.
[I 2026-08-20 00:35:34,075] Trial 788 finished with value: -0.5090720706487074 and parameters: {'k1': 0.0017692294618040377, 'D_low': 268.4052816847582, 'k2': 0.013568062279283224, 'D_high': 3342271.617741712, 'fire_exp': 1.0032990310374643, 'P_half': 15.118503573194344, 'pre_dampen_half': 0.5592074012682222, 'gpp_af': 0.4316512520628242, 'gpp_b': 2.746438906855059e-05, 'gpp_d': 0.31068744754725297, 'ign_k': 0.005667918569137455, 'ign_c': 9.646445797683668, 'trop_agb_crit': 4.3186403434387, 'trop_k_veg': 2.52215368349516, 'pop_amp': 0.24502647981131856, 'pop_peak': 0.14652760986435642, 'pop_sig': 1.3653022665288788}. Best is trial 274 with value: -0.604910391627968.
[I 2026-08-20 00:35:36,186] Trial 789 finished with value: 0.5455232018677141 and parameters: {'k1': 0.00012752732470162355, 'D_low': 32.83578403692845, 'k2': 0.009362963766148542, 'D_high': 2089361.6451800403, 'fire_exp': 2.3238696370797416, 'P_half': 1.5443404672894412, 'pre_dampen_half': 0.02606040761884681, 'gpp_af': 0.6427477370709445, 'gpp_b': 8.951311361085133e-05, 'gpp_d': 0.0664396145075853, 'ign_k': 0.0025745673293166814, 'ign_c': 1.6578770045991353, 'trop_agb_crit': 28.433838923970853, 'trop_k_veg': 1.1055179979858003, 'pop_amp': 4.485514683304442, 'pop_peak': 5.61560525342225, 'pop_sig': 2.443327252579689}. Best is trial 274 with value: -0.604910391627968.
[I 2026-08-20 00:35:38,047] Trial 790 finished with value: 0.504668405341088 and parameters: {'k1': 0.007337102133677205, 'D_low': 12.597358927434966, 'k2': 0.01167428304795148, 'D_high': 9153722.915131185, 'fire_exp': 1.02535710113595, 'P_half': 319.2979894671446, 'pre_dampen_half': 0.07040944653252212, 'gpp_af': 0.18094897708317967, 'gpp_b': 0.0018179557655709669, 'gpp_d': 1.9569314337143013, 'ign_k': 0.0013446959782594217, 'ign_c': 16.304594301156236, 'trop_agb_crit': 7.177201233212435, 'trop_k_veg': 2.181173265389019, 'pop_amp': 2.0708731323134946, 'pop_peak': 2.493773397797354, 'pop_sig': 0.8857062982876334}. Best is trial 274 with value: -0.604910391627968.
[I 2026-08-20 00:35:40,020] Trial 791 finished with value: 0.42036908177932186 and parameters: {'k1': 0.0004402648120670749, 'D_low': 4.146493002449985, 'k2': 0.06672119924357033, 'D_high': 288140.2188512455, 'fire_exp': 1.402295882033676, 'P_half': 1.0536557046077721, 'pre_dampen_half': 5.343369431515753, 'gpp_af': 0.08523794303228761, 'gpp_b': 0.0015659731281773956, 'gpp_d': 2.861896977557004, 'ign_k': 0.0020918552205153387, 'ign_c': 0.5505063168350529, 'trop_agb_crit': 9.755691011209063, 'trop_k_veg': 1.0245379672667287, 'pop_amp': 1.4234211474884013, 'pop_peak': 3.657272716692812, 'pop_sig': 1.1391952983832074}. Best is trial 274 with value: -0.604910391627968.
[I 2026-08-20 00:35:41,935] Trial 792 finished with value: -0.5455398103833324 and parameters: {'k1': 8.233042465633366e-05, 'D_low': 17.82211058278774, 'k2': 0.07413471055481263, 'D_high': 6961325.382856658, 'fire_exp': 1.0701910545847588, 'P_half': 54.61877513699223, 'pre_dampen_half': 0.13042957251972434, 'gpp_af': 0.1733218103520196, 'gpp_b': 1.4579658783093172e-05, 'gpp_d': 1.3716513780505155, 'ign_k': 0.020303766403915718, 'ign_c': 0.3568179922155171, 'trop_agb_crit': 4.844680797512249, 'trop_k_veg': 0.9411515986705455, 'pop_amp': 0.9649866802104654, 'pop_peak': 47.3206481480431, 'pop_sig': 1.3278480539325717}. Best is trial 274 with value: -0.604910391627968.
[I 2026-08-20 00:35:44,020] Trial 793 finished with value: 0.5246357446896834 and parameters: {'k1': 0.0024627041758109062, 'D_low': 1.3044703597482963, 'k2': 0.0392712240121429, 'D_high': 738772.7447988036, 'fire_exp': 1.4233751368153276, 'P_half': 1.5203889410065259, 'pre_dampen_half': 0.013666527739425473, 'gpp_af': 0.009680442347441861, 'gpp_b': 1.8761924774737418e-05, 'gpp_d': 0.8227882329770368, 'ign_k': 0.0016833778222171782, 'ign_c': 0.952065463462055, 'trop_agb_crit': 4.008810948778197, 'trop_k_veg': 2.087760296874265, 'pop_amp': 1.5789396750744953, 'pop_peak': 22.609874969435303, 'pop_sig': 0.9809548080641424}. Best is trial 274 with value: -0.604910391627968.
[I 2026-08-20 00:35:46,135] Trial 794 finished with value: 0.5593136222004432 and parameters: {'k1': 8.814907262620533e-05, 'D_low': 114.47654433498192, 'k2': 0.002748375069220854, 'D_high': 177057.36636952416, 'fire_exp': 1.9167965214662879, 'P_half': 223.5257846513268, 'pre_dampen_half': 0.13504357726416252, 'gpp_af': 0.007118590057539166, 'gpp_b': 0.00014716750478497575, 'gpp_d': 0.22892294489551643, 'ign_k': 2.348667723263529, 'ign_c': 0.32393737027090724, 'trop_agb_crit': 2.0149522432129143, 'trop_k_veg': 1.8758138226218888, 'pop_amp': 0.9845323460977853, 'pop_peak': 0.09346984935010356, 'pop_sig': 0.3492386631196685}. Best is trial 274 with value: -0.604910391627968.
[I 2026-08-20 00:35:48,114] Trial 795 finished with value: 0.4499616282002742 and parameters: {'k1': 0.0005741004758978717, 'D_low': 3.702454676524895, 'k2': 0.0020391104832273538, 'D_high': 7173830.6381948115, 'fire_exp': 1.2201740759279427, 'P_half': 1.0323417235641195, 'pre_dampen_half': 0.05850236811958777, 'gpp_af': 0.02066535328448871, 'gpp_b': 0.0012134483890127716, 'gpp_d': 3.185280025401886, 'ign_k': 0.04085915190419355, 'ign_c': 0.2568138778233351, 'trop_agb_crit': 5.5728135718221665, 'trop_k_veg': 1.691170591658603, 'pop_amp': 2.0707383641947614, 'pop_peak': 172.19534763812783, 'pop_sig': 2.190999099834716}. Best is trial 274 with value: -0.604910391627968.
[I 2026-08-20 00:35:50,046] Trial 796 finished with value: 0.45577357030589427 and parameters: {'k1': 0.00013603723041800755, 'D_low': 380.1006255585742, 'k2': 0.012536882633298978, 'D_high': 1259637.9735174594, 'fire_exp': 1.255147198775087, 'P_half': 2.561192449397348, 'pre_dampen_half': 0.2930812185767062, 'gpp_af': 0.00267801313153044, 'gpp_b': 2.3786761419801496e-05, 'gpp_d': 0.34307608860582633, 'ign_k': 0.24320492830273413, 'ign_c': 0.2892273335508689, 'trop_agb_crit': 26.57076857062249, 'trop_k_veg': 1.7910071921450208, 'pop_amp': 0.0029390586133495075, 'pop_peak': 6.387197300175763, 'pop_sig': 2.4290676035309353}. Best is trial 274 with value: -0.604910391627968.
[I 2026-08-20 00:35:51,833] Trial 797 finished with value: 0.4650980444523275 and parameters: {'k1': 0.003165047945137693, 'D_low': 65.02441265939198, 'k2': 0.050964141143987646, 'D_high': 3004862.770655489, 'fire_exp': 1.1247600873180184, 'P_half': 2.9618887235453895, 'pre_dampen_half': 0.11448853104315095, 'gpp_af': 0.09760956880847829, 'gpp_b': 0.00034727783065673627, 'gpp_d': 0.47269433625299734, 'ign_k': 0.007101823605609033, 'ign_c': 11.411363336616482, 'trop_agb_crit': 5.987126900615328, 'trop_k_veg': 1.386468960549163, 'pop_amp': 7.563483252886403, 'pop_peak': 1.253055928633423, 'pop_sig': 1.8873104850847382}. Best is trial 274 with value: -0.604910391627968.
[I 2026-08-20 00:35:53,818] Trial 798 finished with value: -0.5719082021980504 and parameters: {'k1': 0.0006135575826260337, 'D_low': 9552.873250006302, 'k2': 0.07148534297440158, 'D_high': 1420868.7150612948, 'fire_exp': 2.2826544301005307, 'P_half': 5.385916876579232, 'pre_dampen_half': 5.097230934791085, 'gpp_af': 0.004946398185602882, 'gpp_b': 2.7721161220506208e-05, 'gpp_d': 0.2982851556072738, 'ign_k': 1.474654824313066, 'ign_c': 0.805175797703064, 'trop_agb_crit': 2.2069362647878488, 'trop_k_veg': 4.1226479527558615, 'pop_amp': 0.8294362558590941, 'pop_peak': 0.06585987509449402, 'pop_sig': 1.1721122052116069}. Best is trial 274 with value: -0.604910391627968.
[I 2026-08-20 00:35:55,622] Trial 799 finished with value: 0.5589644151738244 and parameters: {'k1': 0.012339949861800703, 'D_low': 1153.2168012961556, 'k2': 0.04367762514451831, 'D_high': 1034828.8035122171, 'fire_exp': 1.8222700826953167, 'P_half': 14.698918668302083, 'pre_dampen_half': 0.01422330900451213, 'gpp_af': 0.02467544675806681, 'gpp_b': 0.00036075498951940887, 'gpp_d': 0.23035602357990553, 'ign_k': 0.005336630999821895, 'ign_c': 0.14821576924349097, 'trop_agb_crit': 10.215038462010153, 'trop_k_veg': 2.129960122392619, 'pop_amp': 1.6430007314996111, 'pop_peak': 33.31328742914758, 'pop_sig': 2.086516897152803}. Best is trial 274 with value: -0.604910391627968.
