[I 2026-08-19 14:55:44,155] Trial 550 finished with value: -0.5406923611334365 and parameters: {'k1': 0.035052921104904856, 'D_low': 18.70742532348632, 'k2': 1.9599946948658796e-05, 'D_high': 8678351.485862136, 'fire_exp': 1.3655084403976865, 'P_half': 16.255561104652134, 'pre_dampen_half': 0.11398883137251017, 'gpp_af': 0.3819012196717749, 'gpp_b': 4.938558050375768e-05, 'gpp_d': 1.2534371623783298, 'ign_k': 0.038867859437310075, 'ign_c': 16.342900045663256, 'trop_agb_crit': 7.747857262758891, 'trop_k_veg': 5.081548672520243, 'pop_amp': 0.19276524516428659, 'pop_peak': 0.6679543620166604, 'pop_sig': 1.2176495888292274, 'fuel_k': 2.5432866099059788, 'fuel_half': 0.1000603427722671}. Best is trial 421 with value: -0.6216386034937503.
[I 2026-08-19 14:55:46,683] Trial 551 finished with value: -0.4193669675260153 and parameters: {'k1': 0.0008921303230848917, 'D_low': 23824.778862642455, 'k2': 7.69748999764394e-05, 'D_high': 3639753.160178749, 'fire_exp': 6.061605579063223, 'P_half': 400.11462409222804, 'pre_dampen_half': 382.9947201780058, 'gpp_af': 0.0033206561972136677, 'gpp_b': 1.9149229183602552e-05, 'gpp_d': 2.9863560056756824, 'ign_k': 0.6742297242442552, 'ign_c': 3.3552695117673417, 'trop_agb_crit': 28.896913259892283, 'trop_k_veg': 2.1673672306338667, 'pop_amp': 0.3931447338162453, 'pop_peak': 2.1653080988800957, 'pop_sig': 0.8664560503660247, 'fuel_k': 0.013027492364337106, 'fuel_half': 1.0241781777013572}. Best is trial 421 with value: -0.6216386034937503.
[I 2026-08-19 14:55:49,097] Trial 552 finished with value: -0.5598066595697108 and parameters: {'k1': 0.00039292828161162596, 'D_low': 2.182549679670676, 'k2': 4.2103131966471645e-05, 'D_high': 1756576.9735266138, 'fire_exp': 2.110774357174336, 'P_half': 19.511947700789758, 'pre_dampen_half': 45.324746994456426, 'gpp_af': 0.0020572949371777498, 'gpp_b': 3.1766220928838314e-05, 'gpp_d': 1.7915170202497963, 'ign_k': 0.18865393045597567, 'ign_c': 7.630108680938143, 'trop_agb_crit': 2.403439350147415, 'trop_k_veg': 2.2025494265000156, 'pop_amp': 0.37793766066158296, 'pop_peak': 59.310600443826075, 'pop_sig': 1.3004778872922154, 'fuel_k': 0.2947756039776801, 'fuel_half': 18.336304781141827}. Best is trial 421 with value: -0.6216386034937503.
  trial  553/2500  best_overall=0.6216  (31.8 min)
[I 2026-08-19 14:55:51,827] Trial 553 finished with value: -0.4931728886551051 and parameters: {'k1': 0.0010256207178821223, 'D_low': 832.3255560647366, 'k2': 1.629142281489065e-05, 'D_high': 941769.9360900392, 'fire_exp': 1.0180213516446224, 'P_half': 656.8475170237084, 'pre_dampen_half': 0.11862984459626458, 'gpp_af': 0.011784049028618114, 'gpp_b': 1.988652946004711e-05, 'gpp_d': 17.611086939401076, 'ign_k': 0.857680705465422, 'ign_c': 13.821502742011635, 'trop_agb_crit': 25.028075946375207, 'trop_k_veg': 6.7043766288031605, 'pop_amp': 0.018862995133979498, 'pop_peak': 0.05079390959268088, 'pop_sig': 0.5744284372733423, 'fuel_k': 0.03930286778299203, 'fuel_half': 0.17900698187174366}. Best is trial 421 with value: -0.6216386034937503.
[I 2026-08-19 14:55:54,658] Trial 554 finished with value: -0.5345458485118216 and parameters: {'k1': 1.2609557544624305e-05, 'D_low': 126680.28138623935, 'k2': 2.2355282188191686e-05, 'D_high': 121062.77877518379, 'fire_exp': 2.2921744186997914, 'P_half': 101.58222454129758, 'pre_dampen_half': 13.73822246596599, 'gpp_af': 0.001442346514690253, 'gpp_b': 4.3279816253520616e-05, 'gpp_d': 25.550011545794984, 'ign_k': 8.198681508300655, 'ign_c': 6.457135412141349, 'trop_agb_crit': 21.54115003908271, 'trop_k_veg': 1.4870124100577773, 'pop_amp': 7.440533777384193, 'pop_peak': 9.814573861972491, 'pop_sig': 0.8115008651421419, 'fuel_k': 4.432050363964242, 'fuel_half': 0.5516669248254656}. Best is trial 421 with value: -0.6216386034937503.
[I 2026-08-19 14:55:57,237] Trial 555 finished with value: -0.41764415761061163 and parameters: {'k1': 0.012603746605097471, 'D_low': 21.237237864343452, 'k2': 0.06808644153198416, 'D_high': 70403.65707492836, 'fire_exp': 3.887758237075273, 'P_half': 3190.552302688032, 'pre_dampen_half': 0.5514779497916854, 'gpp_af': 0.026361468648072095, 'gpp_b': 0.00036907083582562143, 'gpp_d': 4.388610082216996, 'ign_k': 0.4194858615915451, 'ign_c': 0.6818302988257715, 'trop_agb_crit': 26.454662267047738, 'trop_k_veg': 3.2833295043409865, 'pop_amp': 0.05604491577586602, 'pop_peak': 197.38633606063829, 'pop_sig': 0.3338768456680434, 'fuel_k': 0.6421983112464921, 'fuel_half': 0.32560404362202766}. Best is trial 421 with value: -0.6216386034937503.
[I 2026-08-19 14:55:59,687] Trial 556 finished with value: -0.4882878189254714 and parameters: {'k1': 0.0010967789830537225, 'D_low': 5359.353418168568, 'k2': 2.3798526728541614e-05, 'D_high': 180763.13450392673, 'fire_exp': 1.9225625915708628, 'P_half': 212.56604161361645, 'pre_dampen_half': 0.25513034933282214, 'gpp_af': 0.1305636090502301, 'gpp_b': 0.013353817134759565, 'gpp_d': 2.9331146610939482, 'ign_k': 8.681876720850394, 'ign_c': 16.59367206331529, 'trop_agb_crit': 7.552845952714289, 'trop_k_veg': 7.815282172935074, 'pop_amp': 0.24228786687778756, 'pop_peak': 3.641048654649423, 'pop_sig': 0.49041996518847175, 'fuel_k': 1.405631742969268, 'fuel_half': 0.21840780477892546}. Best is trial 421 with value: -0.6216386034937503.
[I 2026-08-19 14:56:02,704] Trial 557 finished with value: -0.4191724395757815 and parameters: {'k1': 2.449874903685034e-05, 'D_low': 6643.794186672196, 'k2': 0.00014924357402613787, 'D_high': 499551.82855647255, 'fire_exp': 7.087376494675266, 'P_half': 957.8739847603738, 'pre_dampen_half': 26.417962496793777, 'gpp_af': 0.14151367741070625, 'gpp_b': 2.9763735655538134e-05, 'gpp_d': 9.918263452478229, 'ign_k': 1.9669456685109359, 'ign_c': 1.9373171389628743, 'trop_agb_crit': 6.9037323810473, 'trop_k_veg': 3.3881588855138487, 'pop_amp': 10.68525044881505, 'pop_peak': 56.335704236802336, 'pop_sig': 1.6238679842489596, 'fuel_k': 0.0451049341860452, 'fuel_half': 1.4340663022585218}. Best is trial 421 with value: -0.6216386034937503.
[I 2026-08-19 14:56:05,327] Trial 558 finished with value: -0.49548709264653984 and parameters: {'k1': 0.0026790307464757243, 'D_low': 2.307869825419744, 'k2': 1.5688483916002585e-05, 'D_high': 5440807.102552327, 'fire_exp': 7.253071519244034, 'P_half': 43.864980569993236, 'pre_dampen_half': 3.087896267196684, 'gpp_af': 0.06766344366224426, 'gpp_b': 5.250979504112589e-05, 'gpp_d': 0.5775080518882063, 'ign_k': 0.15153587532379217, 'ign_c': 4.3445095579299196, 'trop_agb_crit': 13.829260228457088, 'trop_k_veg': 1.3512565293655077, 'pop_amp': 0.7933860835815526, 'pop_peak': 0.5038211356856156, 'pop_sig': 1.1266558709382204, 'fuel_k': 0.020818410122355045, 'fuel_half': 0.14001904399886275}. Best is trial 421 with value: -0.6216386034937503.
[I 2026-08-19 14:56:08,047] Trial 559 finished with value: -0.4151561678034318 and parameters: {'k1': 0.03907929144723203, 'D_low': 2027.2834265619397, 'k2': 1.0394279291897094e-05, 'D_high': 653309.7386446332, 'fire_exp': 2.051051327971326, 'P_half': 454.0654363904301, 'pre_dampen_half': 0.09980872866341721, 'gpp_af': 0.0012564413593827996, 'gpp_b': 0.0014777754855173218, 'gpp_d': 0.041048886197912395, 'ign_k': 0.6797054618571227, 'ign_c': 4.168028827273866, 'trop_agb_crit': 11.845924454691422, 'trop_k_veg': 1.6801320063076872, 'pop_amp': 0.01253885543197693, 'pop_peak': 3.017021232355813, 'pop_sig': 2.1020327783985926, 'fuel_k': 0.10109410010966687, 'fuel_half': 1.1404644998236313}. Best is trial 421 with value: -0.6216386034937503.
[I 2026-08-19 14:56:10,997] Trial 560 finished with value: -0.520611081757028 and parameters: {'k1': 0.00035160316720628357, 'D_low': 6.591146489843383, 'k2': 6.768438492262272e-05, 'D_high': 4860233.587247021, 'fire_exp': 5.649317575226724, 'P_half': 134.20918610719716, 'pre_dampen_half': 7.5242928258575015, 'gpp_af': 0.02222223140106326, 'gpp_b': 1.0370143077884753e-05, 'gpp_d': 3.5691072219874873, 'ign_k': 0.3514951854541485, 'ign_c': 6.130559710392604, 'trop_agb_crit': 25.553253680112284, 'trop_k_veg': 2.705788181808332, 'pop_amp': 0.06715413842292887, 'pop_peak': 4.399204074506389, 'pop_sig': 0.930022997201044, 'fuel_k': 0.624175664265041, 'fuel_half': 0.554074027043344}. Best is trial 421 with value: -0.6216386034937503.
  trial  561/2500  best_overall=0.6216  (32.1 min)
[I 2026-08-19 14:56:14,481] Trial 561 finished with value: -0.5311183513045808 and parameters: {'k1': 8.401315058917626e-05, 'D_low': 22.929170986317022, 'k2': 1.1069213214118331e-05, 'D_high': 8163713.83849354, 'fire_exp': 1.3216904628795414, 'P_half': 169.1183238158474, 'pre_dampen_half': 0.5015727671988165, 'gpp_af': 17.913813870968045, 'gpp_b': 0.0006899339472229912, 'gpp_d': 45.28006260719354, 'ign_k': 0.20934409513351296, 'ign_c': 9.00208837116612, 'trop_agb_crit': 4.256529992625091, 'trop_k_veg': 6.826219945569792, 'pop_amp': 0.051267413795677, 'pop_peak': 27.28535521885717, 'pop_sig': 0.37794245832466744, 'fuel_k': 0.153346895312677, 'fuel_half': 6.658809164718152}. Best is trial 421 with value: -0.6216386034937503.
[I 2026-08-19 14:56:17,067] Trial 562 finished with value: -0.41141938731607297 and parameters: {'k1': 0.0038561691904877298, 'D_low': 22813.2759101944, 'k2': 0.0012360758576346516, 'D_high': 4008969.8754323893, 'fire_exp': 1.8748761593046652, 'P_half': 125.48519954741577, 'pre_dampen_half': 7.6602063843605555, 'gpp_af': 0.0058794117427083134, 'gpp_b': 4.9570299633871766e-05, 'gpp_d': 7.326569413767815, 'ign_k': 2.656369751578669, 'ign_c': 28.676531763421647, 'trop_agb_crit': 21.342170461441704, 'trop_k_veg': 1.739175905546113, 'pop_amp': 0.012550494955444268, 'pop_peak': 347.10066883724306, 'pop_sig': 0.8018672017051411, 'fuel_k': 2.0809149894877783, 'fuel_half': 1.2397118569241126}. Best is trial 421 with value: -0.6216386034937503.
[I 2026-08-19 14:56:19,337] Trial 563 finished with value: -0.5665573151314653 and parameters: {'k1': 2.267763057316137e-05, 'D_low': 2070.3917601744097, 'k2': 1.2519371641080796e-05, 'D_high': 6037003.336286317, 'fire_exp': 1.3771037073271295, 'P_half': 26.621434182376685, 'pre_dampen_half': 2.4298065455986015, 'gpp_af': 0.0014302319212329774, 'gpp_b': 2.785112547149201e-05, 'gpp_d': 0.8760091358373855, 'ign_k': 9.755535107036854, 'ign_c': 4.896340519858446, 'trop_agb_crit': 9.995947169396084, 'trop_k_veg': 2.4295255835763125, 'pop_amp': 0.017572965054021675, 'pop_peak': 0.21065765321133723, 'pop_sig': 1.5599243721457487, 'fuel_k': 0.48554268235885406, 'fuel_half': 0.8609370865179652}. Best is trial 421 with value: -0.6216386034937503.
[I 2026-08-19 14:56:21,799] Trial 564 finished with value: -0.5929005084672943 and parameters: {'k1': 6.879645464298957e-05, 'D_low': 409.19278931364653, 'k2': 2.3854201648419336e-05, 'D_high': 3597447.624666723, 'fire_exp': 1.2011296101497955, 'P_half': 1.853637459751361, 'pre_dampen_half': 1.500260912424529, 'gpp_af': 2.678191597291403, 'gpp_b': 0.0009486351026375412, 'gpp_d': 263.5417602129613, 'ign_k': 0.14142267207955286, 'ign_c': 1.193962993187897, 'trop_agb_crit': 28.135603527599752, 'trop_k_veg': 3.8231088186373534, 'pop_amp': 0.46846408587719257, 'pop_peak': 37.15202232389008, 'pop_sig': 0.25268529703225145, 'fuel_k': 1.4734026889009206, 'fuel_half': 1.004483531794174}. Best is trial 421 with value: -0.6216386034937503.
[I 2026-08-19 14:56:24,215] Trial 565 finished with value: -0.5751984490109842 and parameters: {'k1': 0.0002719243241643385, 'D_low': 3707.365063914898, 'k2': 0.00011746722149214733, 'D_high': 131267.858095182, 'fire_exp': 1.5549826060052323, 'P_half': 13.779203733649037, 'pre_dampen_half': 10.692226526241432, 'gpp_af': 0.0010716060574932505, 'gpp_b': 6.262248345108709e-05, 'gpp_d': 1.8015875120951221, 'ign_k': 5.375667985542433, 'ign_c': 1.3594964672416006, 'trop_agb_crit': 10.63818356793079, 'trop_k_veg': 2.7945592281522083, 'pop_amp': 0.0348320153585302, 'pop_peak': 16.743144243080447, 'pop_sig': 2.1520410173823885, 'fuel_k': 0.03842832774214461, 'fuel_half': 1.5468465913706404}. Best is trial 421 with value: -0.6216386034937503.
[I 2026-08-19 14:56:26,807] Trial 566 finished with value: -0.5272529558278747 and parameters: {'k1': 0.00035964487562684984, 'D_low': 62.28427432962689, 'k2': 2.6507769099688503e-05, 'D_high': 74315.53742278478, 'fire_exp': 3.898713635868349, 'P_half': 198.94422866839227, 'pre_dampen_half': 146.2255455210459, 'gpp_af': 0.015994826103146613, 'gpp_b': 1.066232556708874e-05, 'gpp_d': 1.799609968038039, 'ign_k': 0.6680916814681328, 'ign_c': 0.14774690884515126, 'trop_agb_crit': 25.36465087870944, 'trop_k_veg': 1.9331675963267412, 'pop_amp': 0.37088453734624177, 'pop_peak': 3.452222784216405, 'pop_sig': 2.1540226106888327, 'fuel_k': 2.767323194623285, 'fuel_half': 4.340975978568367}. Best is trial 421 with value: -0.6216386034937503.
[I 2026-08-19 14:56:29,442] Trial 567 finished with value: -0.6021372783013997 and parameters: {'k1': 0.000383935157996326, 'D_low': 37.22035383364311, 'k2': 0.0005080983385166725, 'D_high': 2160998.981764568, 'fire_exp': 1.270871590760663, 'P_half': 1.9703975857527036, 'pre_dampen_half': 0.5836291931250909, 'gpp_af': 2.5875222869514993, 'gpp_b': 0.00800594004251205, 'gpp_d': 116.57790488059965, 'ign_k': 0.17574440037523356, 'ign_c': 0.13712907646528938, 'trop_agb_crit': 22.802356809869607, 'trop_k_veg': 6.7489947883884716, 'pop_amp': 0.5248010803302474, 'pop_peak': 2.1193685786456444, 'pop_sig': 0.4069863035713042, 'fuel_k': 0.5251822677875347, 'fuel_half': 0.16955491099063777}. Best is trial 421 with value: -0.6216386034937503.
[I 2026-08-19 14:56:32,047] Trial 568 finished with value: -0.40998717545456714 and parameters: {'k1': 0.00022373929831740215, 'D_low': 34.39830884414882, 'k2': 1.504415425476855e-05, 'D_high': 85611.25651697845, 'fire_exp': 1.9364627967487347, 'P_half': 135.3999803291544, 'pre_dampen_half': 14.02445999702992, 'gpp_af': 0.11122331215835835, 'gpp_b': 0.0063311942558483365, 'gpp_d': 0.045267941193023624, 'ign_k': 7.890865301913036, 'ign_c': 1.382871142132171, 'trop_agb_crit': 5.569119424517062, 'trop_k_veg': 7.211696075826689, 'pop_amp': 0.026370953280650967, 'pop_peak': 19.341205285544056, 'pop_sig': 0.437075833972677, 'fuel_k': 0.5674066012380711, 'fuel_half': 0.6938838804483598}. Best is trial 421 with value: -0.6216386034937503.
  trial  569/2500  best_overall=0.6216  (32.5 min)
[I 2026-08-19 14:56:35,099] Trial 569 finished with value: -0.5805618265861374 and parameters: {'k1': 0.016780832294426323, 'D_low': 10.52654030317528, 'k2': 8.830294126910168e-05, 'D_high': 413485.43236685364, 'fire_exp': 1.6488470900611438, 'P_half': 379.91777088168027, 'pre_dampen_half': 0.05230889362450493, 'gpp_af': 0.015999103634578772, 'gpp_b': 0.0002289839014693319, 'gpp_d': 0.18294197352864106, 'ign_k': 2.713214518743313, 'ign_c': 15.121880424628802, 'trop_agb_crit': 15.267357383432163, 'trop_k_veg': 3.4186817021955047, 'pop_amp': 3.8807833584970486, 'pop_peak': 5.496022044516237, 'pop_sig': 2.1205886428103393, 'fuel_k': 0.08963499839989128, 'fuel_half': 0.29602520139015787}. Best is trial 421 with value: -0.6216386034937503.
[I 2026-08-19 14:56:38,014] Trial 570 finished with value: -0.4220344710831297 and parameters: {'k1': 0.0005224051753554402, 'D_low': 1099.0199753843583, 'k2': 6.402121675801418e-05, 'D_high': 175920.86819551585, 'fire_exp': 1.0416010615863949, 'P_half': 1.4153427658900801, 'pre_dampen_half': 0.7678292244337612, 'gpp_af': 31.45371418626143, 'gpp_b': 0.041323084390488325, 'gpp_d': 427.1399504419622, 'ign_k': 0.08279942452815653, 'ign_c': 0.12221643901836551, 'trop_agb_crit': 11.39124165544412, 'trop_k_veg': 7.9088531145077, 'pop_amp': 6.050298885343155, 'pop_peak': 2.7578293514349475, 'pop_sig': 0.7084158861692292, 'fuel_k': 0.7422092152314844, 'fuel_half': 0.7555428227212175}. Best is trial 421 with value: -0.6216386034937503.
[I 2026-08-19 14:56:40,850] Trial 571 finished with value: -0.38961388937107866 and parameters: {'k1': 0.0007787760083207037, 'D_low': 6.0697151418328215, 'k2': 0.00026756973932567983, 'D_high': 755045.9523378141, 'fire_exp': 1.0254081024502348, 'P_half': 1.2686223591420194, 'pre_dampen_half': 1.8150442500677206, 'gpp_af': 8.035823449735453, 'gpp_b': 0.11282078565609274, 'gpp_d': 31.96254347001696, 'ign_k': 1.5187699616427437, 'ign_c': 0.2955727782236807, 'trop_agb_crit': 5.783313047698075, 'trop_k_veg': 6.618511576551564, 'pop_amp': 12.935479763797652, 'pop_peak': 0.48295094910860586, 'pop_sig': 0.331884303840119, 'fuel_k': 3.802525492095554, 'fuel_half': 0.1469771712868598}. Best is trial 421 with value: -0.6216386034937503.
[I 2026-08-19 14:56:43,662] Trial 572 finished with value: -0.43967402897450325 and parameters: {'k1': 0.0013731781866762904, 'D_low': 67077.67197410137, 'k2': 1.0300815658795109e-05, 'D_high': 3213560.4521702034, 'fire_exp': 2.8019904580537345, 'P_half': 72.10449534765846, 'pre_dampen_half': 3.581306278916702, 'gpp_af': 0.02381585065927492, 'gpp_b': 0.0014391134808405337, 'gpp_d': 0.8684525372229749, 'ign_k': 0.8371855972264236, 'ign_c': 6.331627704548227, 'trop_agb_crit': 5.188063618893369, 'trop_k_veg': 7.981848804329909, 'pop_amp': 0.01784517483984901, 'pop_peak': 0.8317679780205066, 'pop_sig': 0.3482273587583703, 'fuel_k': 5.837586279289509, 'fuel_half': 0.21978246650070746}. Best is trial 421 with value: -0.6216386034937503.
[I 2026-08-19 14:56:46,278] Trial 573 finished with value: -0.4367967984650324 and parameters: {'k1': 0.008958745633783407, 'D_low': 799.3928665241964, 'k2': 1.1629206450062461e-05, 'D_high': 4454450.875463265, 'fire_exp': 1.8874915087060833, 'P_half': 206.50834848475222, 'pre_dampen_half': 1.0479378539586952, 'gpp_af': 0.009531076571377455, 'gpp_b': 0.0005457977879624841, 'gpp_d': 5.831220590079032, 'ign_k': 0.024876039685494417, 'ign_c': 22.192728552885104, 'trop_agb_crit': 10.058314674367264, 'trop_k_veg': 6.306381359524712, 'pop_amp': 0.008868278498292515, 'pop_peak': 0.18467149452236856, 'pop_sig': 0.508920232291968, 'fuel_k': 0.0814835727676874, 'fuel_half': 0.19939494113726344}. Best is trial 421 with value: -0.6216386034937503.
[I 2026-08-19 14:56:48,952] Trial 574 finished with value: -0.5464906930715292 and parameters: {'k1': 0.0002546610964931881, 'D_low': 2.9501879103307185, 'k2': 0.0007290292308951132, 'D_high': 1112539.9712651733, 'fire_exp': 1.2832421489922543, 'P_half': 14.650112466715045, 'pre_dampen_half': 0.10098117490087294, 'gpp_af': 1.3800224520688582, 'gpp_b': 0.02375073937801284, 'gpp_d': 0.3489819387230426, 'ign_k': 0.30717009436504106, 'ign_c': 0.36409613572297733, 'trop_agb_crit': 26.99296274295143, 'trop_k_veg': 7.570309008276276, 'pop_amp': 6.284897653899425, 'pop_peak': 26.622585389087234, 'pop_sig': 0.37496992514766375, 'fuel_k': 0.6555871407868361, 'fuel_half': 0.1764528528786292}. Best is trial 421 with value: -0.6216386034937503.
[I 2026-08-19 14:56:51,840] Trial 575 finished with value: -0.5803233240639847 and parameters: {'k1': 7.354107684494238e-05, 'D_low': 1363.6891151083964, 'k2': 0.00011496851819975324, 'D_high': 360088.8541123503, 'fire_exp': 5.196714396992883, 'P_half': 108.06375537277543, 'pre_dampen_half': 205.14946077425117, 'gpp_af': 0.014312759987697545, 'gpp_b': 1.652500676957664e-05, 'gpp_d': 71.42199855689904, 'ign_k': 3.014905278098604, 'ign_c': 0.13692434271278797, 'trop_agb_crit': 9.158686597610581, 'trop_k_veg': 5.753012885991166, 'pop_amp': 0.6388755126673169, 'pop_peak': 79.72179677206012, 'pop_sig': 2.007402970540955, 'fuel_k': 0.12909371711100545, 'fuel_half': 3.480717511489699}. Best is trial 421 with value: -0.6216386034937503.
[I 2026-08-19 14:56:54,677] Trial 576 finished with value: -0.5203615563629232 and parameters: {'k1': 2.343060313642466e-05, 'D_low': 9.874659454220303, 'k2': 3.724976142576915e-05, 'D_high': 996657.3262731599, 'fire_exp': 1.2211517705968642, 'P_half': 3.0815661827417875, 'pre_dampen_half': 0.3456476974735215, 'gpp_af': 0.8666333902685873, 'gpp_b': 0.00558774514133435, 'gpp_d': 4.369369281404924, 'ign_k': 0.18978528880982642, 'ign_c': 0.2871714796324793, 'trop_agb_crit': 7.53686998915898, 'trop_k_veg': 4.4183051690202255, 'pop_amp': 0.08049244529042687, 'pop_peak': 20.812146492217092, 'pop_sig': 0.39265319680685756, 'fuel_k': 0.048709223557205805, 'fuel_half': 1.4326869709134193}. Best is trial 421 with value: -0.6216386034937503.
  trial  577/2500  best_overall=0.6216  (32.8 min)
[I 2026-08-19 14:56:57,807] Trial 577 finished with value: -0.5618059466799046 and parameters: {'k1': 0.008282465474631984, 'D_low': 153.07566065147068, 'k2': 0.00015757181522727177, 'D_high': 2326114.764190881, 'fire_exp': 2.3247657956744936, 'P_half': 136.5789077822703, 'pre_dampen_half': 51.390351772906335, 'gpp_af': 2.9748782301009506, 'gpp_b': 0.0007554225198557615, 'gpp_d': 9.229287728783547, 'ign_k': 0.8553293913750541, 'ign_c': 1.217338460190831, 'trop_agb_crit': 15.217322460103668, 'trop_k_veg': 1.9946060013549993, 'pop_amp': 0.03409604240053339, 'pop_peak': 662.5269086977767, 'pop_sig': 0.5924852749023372, 'fuel_k': 0.23420433461616127, 'fuel_half': 2.545570319401425}. Best is trial 421 with value: -0.6216386034937503.
[I 2026-08-19 14:57:00,693] Trial 578 finished with value: -0.41186018961473997 and parameters: {'k1': 0.005070888499421589, 'D_low': 127.50411027970866, 'k2': 7.177239252863899e-05, 'D_high': 173803.99081693988, 'fire_exp': 1.5225662031846754, 'P_half': 20.766008131427483, 'pre_dampen_half': 1.9327187854405088, 'gpp_af': 0.0018422263138013206, 'gpp_b': 0.0006218756498774648, 'gpp_d': 2.1470183574716457, 'ign_k': 0.037473391090611013, 'ign_c': 95.5875408157125, 'trop_agb_crit': 14.169053651639015, 'trop_k_veg': 2.196160376197728, 'pop_amp': 1.1605098897358572, 'pop_peak': 1.5908600722198087, 'pop_sig': 1.353784553884304, 'fuel_k': 0.019607072857598985, 'fuel_half': 0.10818989953090143}. Best is trial 421 with value: -0.6216386034937503.
