[I 2026-08-06 08:54:47,689] Trial 431 finished with values: [10.317212564396028, 10.317212564396028] and parameters: {'k1': 0.01889771394135163, 'D_low': 70.18267183720735, 'k2': 5.52207197313581e-05, 'D_high': 9419.6122359782, 'fire_exp': 1.221575427404682, 'P_half': 4.213183643253957, 'pre_dampen_half': 107.40052367919465, 'gpp_af': 1.9706963379095486, 'gpp_b': 0.0054502936945582505, 'gpp_d': 2.944272359149677, 'ign_k': 2.9818972317055166, 'ign_c': 20.03995359361212, 'trop_agb_crit': 24.584290528289387, 'trop_k_veg': 2.520089655463604}.
[I 2026-08-06 08:54:49,829] Trial 432 finished with values: [10.030351089630525, 10.030351089630525] and parameters: {'k1': 0.03635503353478365, 'D_low': 5.59983195169599, 'k2': 0.03538758864779238, 'D_high': 2940.51756322311, 'fire_exp': 1.165368636520435, 'P_half': 12.808863354047988, 'pre_dampen_half': 107.40052367919465, 'gpp_af': 0.1476584299248268, 'gpp_b': 0.0005752434266899163, 'gpp_d': 660.9129108295722, 'ign_k': 8.708806168038567, 'ign_c': 20.03995359361212, 'trop_agb_crit': 3.5747129226002423, 'trop_k_veg': 0.6743482387129308}.
[I 2026-08-06 08:54:51,812] Trial 433 finished with values: [10.769230769178105, 10.769230769178105] and parameters: {'k1': 0.007828534228218626, 'D_low': 12.105387404469584, 'k2': 0.03538758864779238, 'D_high': 5670.3463356272905, 'fire_exp': 5.97856358842259, 'P_half': 5.076307782729897, 'pre_dampen_half': 552.4163637315892, 'gpp_af': 0.10409127568994281, 'gpp_b': 1.5385046399532158e-05, 'gpp_d': 2.944272359149677, 'ign_k': 2.1368329072358767, 'ign_c': 121.2515722046017, 'trop_agb_crit': 1.0903028125370984, 'trop_k_veg': 0.6743482387129308}.
[I 2026-08-06 08:54:53,689] Trial 434 finished with values: [10.292868065433213, 10.292868065433213] and parameters: {'k1': 0.01889771394135163, 'D_low': 40.12413353131991, 'k2': 0.019894080167856886, 'D_high': 61536.58035691648, 'fire_exp': 1.0601964743503993, 'P_half': 523.1053126909052, 'pre_dampen_half': 107.40052367919465, 'gpp_af': 16.746194867675783, 'gpp_b': 0.0012213924959062798, 'gpp_d': 2.944272359149677, 'ign_k': 8.708806168038567, 'ign_c': 8.40543912931368, 'trop_agb_crit': 7.500118950416987, 'trop_k_veg': 6.9782110227926815}.
[I 2026-08-06 08:54:55,615] Trial 435 finished with values: [10.571994231428944, 10.571994231428944] and parameters: {'k1': 3.23559867820537e-05, 'D_low': 2.143851363193517, 'k2': 0.03538758864779238, 'D_high': 5254.8834372681695, 'fire_exp': 1.0629462657398439, 'P_half': 1.605843632310088, 'pre_dampen_half': 63.6685916079943, 'gpp_af': 1.2389588752305056, 'gpp_b': 0.3682510091559943, 'gpp_d': 2.944272359149677, 'ign_k': 0.0680787482656459, 'ign_c': 0.70689749506246, 'trop_agb_crit': 10.965064494899984, 'trop_k_veg': 0.6743482387129308}.
[I 2026-08-06 08:54:57,531] Trial 436 finished with values: [10.35416192958511, 10.35416192958511] and parameters: {'k1': 0.008471801418819975, 'D_low': 12.105387404469584, 'k2': 8.923807143379776e-05, 'D_high': 3198.0208180048303, 'fire_exp': 1.1430983876313219, 'P_half': 4.213183643253957, 'pre_dampen_half': 502.5175192217655, 'gpp_af': 0.1476584299248268, 'gpp_b': 0.0005752434266899163, 'gpp_d': 418.77522137884927, 'ign_k': 0.0680787482656459, 'ign_c': 20.03995359361212, 'trop_agb_crit': 3.5747129226002423, 'trop_k_veg': 0.6673124511410327}.
[I 2026-08-06 08:54:59,400] Trial 437 finished with values: [10.232626094518455, 10.232626094518455] and parameters: {'k1': 0.002155595057104387, 'D_low': 3.525936800597896, 'k2': 0.0007047307383115598, 'D_high': 63233.81951066786, 'fire_exp': 1.1430983876313219, 'P_half': 4.213183643253957, 'pre_dampen_half': 552.4163637315892, 'gpp_af': 0.10409127568994281, 'gpp_b': 1.284284091405877e-05, 'gpp_d': 10.369565216756202, 'ign_k': 2.1368329072358767, 'ign_c': 0.70689749506246, 'trop_agb_crit': 1.14876138417489, 'trop_k_veg': 2.4336356947036335}.
[I 2026-08-06 08:55:01,279] Trial 438 finished with values: [10.126946601338531, 10.126946601338531] and parameters: {'k1': 0.008471801418819975, 'D_low': 3.34949636434409, 'k2': 0.032845299795769424, 'D_high': 8182.111518618414, 'fire_exp': 1.0629462657398439, 'P_half': 220.3445560633069, 'pre_dampen_half': 502.5175192217655, 'gpp_af': 1.1409619915696267, 'gpp_b': 1.284284091405877e-05, 'gpp_d': 16.460426816350523, 'ign_k': 0.0013492881864712073, 'ign_c': 4.439802552990464, 'trop_agb_crit': 1.14876138417489, 'trop_k_veg': 6.5801322358877785}.
[I 2026-08-06 08:55:03,140] Trial 439 finished with values: [10.39391442979866, 10.39391442979866] and parameters: {'k1': 0.01889771394135163, 'D_low': 355.00125258511594, 'k2': 1.1065812688893481e-05, 'D_high': 2940.51756322311, 'fire_exp': 1.0601964743503993, 'P_half': 5.076307782729897, 'pre_dampen_half': 107.40052367919465, 'gpp_af': 0.6403036652671171, 'gpp_b': 0.0054502936945582505, 'gpp_d': 5.1715677287580455, 'ign_k': 5.901020135452, 'ign_c': 0.24989960578908887, 'trop_agb_crit': 1.0903028125370984, 'trop_k_veg': 6.423641554321892}.
[I 2026-08-06 08:55:05,032] Trial 440 finished with values: [10.305103154940856, 10.305103154940856] and parameters: {'k1': 0.0029282035181080004, 'D_low': 3.525936800597896, 'k2': 8.923807143379776e-05, 'D_high': 645.2946500764235, 'fire_exp': 1.0629462657398439, 'P_half': 220.3445560633069, 'pre_dampen_half': 502.5175192217655, 'gpp_af': 1.1409619915696267, 'gpp_b': 1.284284091405877e-05, 'gpp_d': 16.460426816350523, 'ign_k': 0.07696703458159235, 'ign_c': 5.13055176058983, 'trop_agb_crit': 1.8157022975489, 'trop_k_veg': 0.5349971555643298}.
[I 2026-08-06 08:55:06,886] Trial 441 finished with values: [-0.5687759345388539, 0.7319909178785546] and parameters: {'k1': 0.04669327135003539, 'D_low': 2.143851363193517, 'k2': 0.0007047307383115598, 'D_high': 15351.441568398131, 'fire_exp': 1.423480109671474, 'P_half': 221.2683656611821, 'pre_dampen_half': 502.5175192217655, 'gpp_af': 0.25562996323356024, 'gpp_b': 1.284284091405877e-05, 'gpp_d': 150.14555442537656, 'ign_k': 5.351470428717437, 'ign_c': 0.70689749506246, 'trop_agb_crit': 1.14876138417489, 'trop_k_veg': 0.6673124511410327}.
[I 2026-08-06 08:55:08,711] Trial 442 finished with values: [10.30361226027234, 10.30361226027234] and parameters: {'k1': 0.004312951023617458, 'D_low': 2.946000090510885, 'k2': 1.915468390724633e-05, 'D_high': 3712.591045287726, 'fire_exp': 1.3340920378182823, 'P_half': 220.3445560633069, 'pre_dampen_half': 502.5175192217655, 'gpp_af': 0.7539992074650279, 'gpp_b': 0.0021331409710300844, 'gpp_d': 16.460426816350523, 'ign_k': 0.5524095129928631, 'ign_c': 15.221840161091626, 'trop_agb_crit': 24.584290528289387, 'trop_k_veg': 1.4584243470991722}.
[I 2026-08-06 08:55:10,755] Trial 443 finished with values: [-0.4750895107343817, 0.9292320720445832] and parameters: {'k1': 0.002155595057104387, 'D_low': 2.6786906100977124, 'k2': 0.0005262881356087174, 'D_high': 63233.81951066786, 'fire_exp': 1.5868092618912009, 'P_half': 4.213183643253957, 'pre_dampen_half': 502.5175192217655, 'gpp_af': 1.1409619915696267, 'gpp_b': 3.481277316673104e-05, 'gpp_d': 229.41380323183625, 'ign_k': 0.09255037589041182, 'ign_c': 18.219343937475102, 'trop_agb_crit': 1.14876138417489, 'trop_k_veg': 1.0594599158279707}.
[I 2026-08-06 08:55:12,724] Trial 444 finished with values: [10.755063905972122, 10.755063905972122] and parameters: {'k1': 0.03635503353478365, 'D_low': 70.18267183720735, 'k2': 0.012758211164590085, 'D_high': 18.064907756357265, 'fire_exp': 1.221575427404682, 'P_half': 12.808863354047988, 'pre_dampen_half': 107.40052367919465, 'gpp_af': 1.9706963379095486, 'gpp_b': 0.0054502936945582505, 'gpp_d': 2.944272359149677, 'ign_k': 8.708806168038567, 'ign_c': 20.03995359361212, 'trop_agb_crit': 24.584290528289387, 'trop_k_veg': 0.6743482387129308}.
[I 2026-08-06 08:55:14,532] Trial 445 finished with values: [10.043337368919987, 10.043337368919987] and parameters: {'k1': 3.23559867820537e-05, 'D_low': 2.143851363193517, 'k2': 0.03538758864779238, 'D_high': 3712.591045287726, 'fire_exp': 1.0629462657398439, 'P_half': 1.605843632310088, 'pre_dampen_half': 502.5175192217655, 'gpp_af': 0.6403036652671171, 'gpp_b': 1.3289448722869181e-05, 'gpp_d': 5.1715677287580455, 'ign_k': 0.0680787482656459, 'ign_c': 0.9580682294110432, 'trop_agb_crit': 2.9222815721218716, 'trop_k_veg': 4.030242248006271}.
[I 2026-08-06 08:55:16,469] Trial 446 finished with values: [10.222164246482178, 10.222164246482178] and parameters: {'k1': 0.011966626407443505, 'D_low': 34.459310919273356, 'k2': 0.0007047307383115598, 'D_high': 3712.591045287726, 'fire_exp': 1.1430983876313219, 'P_half': 220.3445560633069, 'pre_dampen_half': 63.6685916079943, 'gpp_af': 0.6403036652671171, 'gpp_b': 1.5385046399532158e-05, 'gpp_d': 2.944272359149677, 'ign_k': 2.1368329072358767, 'ign_c': 8.40543912931368, 'trop_agb_crit': 1.0903028125370984, 'trop_k_veg': 1.0345878666211452}.
[I 2026-08-06 08:55:18,327] Trial 447 finished with values: [10.142072938974449, 10.142072938974449] and parameters: {'k1': 3.23559867820537e-05, 'D_low': 12.105387404469584, 'k2': 0.032845299795769424, 'D_high': 61536.58035691648, 'fire_exp': 1.0629462657398439, 'P_half': 338.23872019362165, 'pre_dampen_half': 502.5175192217655, 'gpp_af': 0.7539992074650279, 'gpp_b': 0.0005752434266899163, 'gpp_d': 5.1715677287580455, 'ign_k': 8.708806168038567, 'ign_c': 21.275785720135406, 'trop_agb_crit': 10.965064494899984, 'trop_k_veg': 0.6673124511410327}.
[I 2026-08-06 08:55:20,185] Trial 448 finished with values: [10.345999891274023, 10.345999891274023] and parameters: {'k1': 0.01889771394135163, 'D_low': 70.18267183720735, 'k2': 0.0007047307383115598, 'D_high': 5670.3463356272905, 'fire_exp': 1.221575427404682, 'P_half': 4.213183643253957, 'pre_dampen_half': 39.827466658711515, 'gpp_af': 0.022129266663052607, 'gpp_b': 0.0054502936945582505, 'gpp_d': 84.31013932082456, 'ign_k': 2.1368329072358767, 'ign_c': 0.1254144753902608, 'trop_agb_crit': 7.500118950416987, 'trop_k_veg': 2.520089655463604}.
[I 2026-08-06 08:55:22,118] Trial 449 finished with values: [-0.5470401617045626, 0.7748869009562285] and parameters: {'k1': 0.01549659926581634, 'D_low': 2.143851363193517, 'k2': 0.004149969043497543, 'D_high': 8182.111518618414, 'fire_exp': 1.0629462657398439, 'P_half': 1.605843632310088, 'pre_dampen_half': 63.6685916079943, 'gpp_af': 0.7539992074650279, 'gpp_b': 1.284284091405877e-05, 'gpp_d': 2.944272359149677, 'ign_k': 0.0680787482656459, 'ign_c': 0.70689749506246, 'trop_agb_crit': 10.965064494899984, 'trop_k_veg': 4.345076509212382}.
[I 2026-08-06 08:55:23,957] Trial 450 finished with values: [10.158608973267265, 10.158608973267265] and parameters: {'k1': 0.002367935204022389, 'D_low': 64.39790863101601, 'k2': 0.0007047307383115598, 'D_high': 5254.8834372681695, 'fire_exp': 1.221575427404682, 'P_half': 12.498583886387651, 'pre_dampen_half': 552.4163637315892, 'gpp_af': 0.7539992074650279, 'gpp_b': 0.0007280676817361986, 'gpp_d': 16.460426816350523, 'ign_k': 0.010167079878196114, 'ign_c': 4.439802552990464, 'trop_agb_crit': 10.965064494899984, 'trop_k_veg': 1.7664838950757566}.
[I 2026-08-06 08:55:25,843] Trial 451 finished with values: [10.413253040703403, 10.413253040703403] and parameters: {'k1': 0.005272264723319183, 'D_low': 40.12413353131991, 'k2': 0.0007047307383115598, 'D_high': 61536.58035691648, 'fire_exp': 1.0271184723288342, 'P_half': 1.605843632310088, 'pre_dampen_half': 502.5175192217655, 'gpp_af': 1.2389588752305056, 'gpp_b': 1.3289448722869181e-05, 'gpp_d': 229.41380323183625, 'ign_k': 0.0680787482656459, 'ign_c': 0.9580682294110432, 'trop_agb_crit': 10.965064494899984, 'trop_k_veg': 1.4584243470991722}.
[I 2026-08-06 08:55:27,777] Trial 452 finished with values: [10.175496965372114, 10.175496965372114] and parameters: {'k1': 0.01889771394135163, 'D_low': 70.18267183720735, 'k2': 0.0007047307383115598, 'D_high': 3712.591045287726, 'fire_exp': 1.423480109671474, 'P_half': 175.2878790340412, 'pre_dampen_half': 502.5175192217655, 'gpp_af': 0.7539992074650279, 'gpp_b': 1.3289448722869181e-05, 'gpp_d': 5.1715677287580455, 'ign_k': 0.0680787482656459, 'ign_c': 0.70689749506246, 'trop_agb_crit': 10.965064494899984, 'trop_k_veg': 0.5772603928610088}.
[I 2026-08-06 08:55:29,818] Trial 453 finished with values: [10.096169872222337, 10.096169872222337] and parameters: {'k1': 0.00488137519160367, 'D_low': 12.105387404469584, 'k2': 1.1065812688893481e-05, 'D_high': 2940.51756322311, 'fire_exp': 1.1430983876313219, 'P_half': 4.213183643253957, 'pre_dampen_half': 107.40052367919465, 'gpp_af': 56.20900787064881, 'gpp_b': 0.0054502936945582505, 'gpp_d': 229.41380323183625, 'ign_k': 8.708806168038567, 'ign_c': 0.1948891005130867, 'trop_agb_crit': 3.799798565960999, 'trop_k_veg': 0.6673124511410327}.
[I 2026-08-06 08:55:32,117] Trial 454 finished with values: [10.13159041428612, 10.13159041428612] and parameters: {'k1': 0.002367935204022389, 'D_low': 40.12413353131991, 'k2': 0.019894080167856886, 'D_high': 3712.591045287726, 'fire_exp': 1.1430983876313219, 'P_half': 220.3445560633069, 'pre_dampen_half': 502.5175192217655, 'gpp_af': 1.1409619915696267, 'gpp_b': 0.0005752434266899163, 'gpp_d': 229.41380323183625, 'ign_k': 0.12329098365270515, 'ign_c': 18.219343937475102, 'trop_agb_crit': 10.965064494899984, 'trop_k_veg': 0.6673124511410327}.
[I 2026-08-06 08:55:34,030] Trial 455 finished with values: [10.176131327524875, 10.176131327524875] and parameters: {'k1': 0.004312951023617458, 'D_low': 64.39790863101601, 'k2': 1.915468390724633e-05, 'D_high': 8182.111518618414, 'fire_exp': 1.0629462657398439, 'P_half': 83.12953263874529, 'pre_dampen_half': 502.5175192217655, 'gpp_af': 0.7539992074650279, 'gpp_b': 1.284284091405877e-05, 'gpp_d': 16.460426816350523, 'ign_k': 0.0680787482656459, 'ign_c': 18.219343937475102, 'trop_agb_crit': 10.965064494899984, 'trop_k_veg': 0.83140195149031}.
[I 2026-08-06 08:55:35,961] Trial 456 finished with values: [10.592644311352878, 10.592644311352878] and parameters: {'k1': 3.23559867820537e-05, 'D_low': 12.105387404469584, 'k2': 0.0007047307383115598, 'D_high': 61536.58035691648, 'fire_exp': 1.221575427404682, 'P_half': 338.23872019362165, 'pre_dampen_half': 10.00236596950633, 'gpp_af': 0.7539992074650279, 'gpp_b': 0.0005623095666134974, 'gpp_d': 16.460426816350523, 'ign_k': 0.602459066467295, 'ign_c': 21.275785720135406, 'trop_agb_crit': 10.965064494899984, 'trop_k_veg': 0.6673124511410327}.
[I 2026-08-06 08:55:38,040] Trial 457 finished with values: [10.762605749494499, 10.762605749494499] and parameters: {'k1': 0.002367935204022389, 'D_low': 70.18267183720735, 'k2': 0.0007047307383115598, 'D_high': 2940.51756322311, 'fire_exp': 7.2464015659352805, 'P_half': 220.3445560633069, 'pre_dampen_half': 502.5175192217655, 'gpp_af': 0.1476584299248268, 'gpp_b': 1.284284091405877e-05, 'gpp_d': 79.2966690166476, 'ign_k': 8.708806168038567, 'ign_c': 18.219343937475102, 'trop_agb_crit': 1.8157022975489, 'trop_k_veg': 6.45312300188076}.
[I 2026-08-06 08:55:40,024] Trial 458 finished with values: [10.06923843356025, 10.06923843356025] and parameters: {'k1': 0.008471801418819975, 'D_low': 12.105387404469584, 'k2': 0.0005262881356087174, 'D_high': 63233.81951066786, 'fire_exp': 1.5868092618912009, 'P_half': 338.23872019362165, 'pre_dampen_half': 502.5175192217655, 'gpp_af': 1.1409619915696267, 'gpp_b': 3.481277316673104e-05, 'gpp_d': 229.41380323183625, 'ign_k': 0.09255037589041182, 'ign_c': 0.557280750002996, 'trop_agb_crit': 1.14876138417489, 'trop_k_veg': 0.6673124511410327}.
[I 2026-08-06 08:55:41,918] Trial 459 finished with values: [10.226850281464817, 10.226850281464817] and parameters: {'k1': 0.01889771394135163, 'D_low': 70.18267183720735, 'k2': 8.923807143379776e-05, 'D_high': 5254.8834372681695, 'fire_exp': 1.0629462657398439, 'P_half': 221.2683656611821, 'pre_dampen_half': 107.40052367919465, 'gpp_af': 0.7539992074650279, 'gpp_b': 1.284284091405877e-05, 'gpp_d': 418.77522137884927, 'ign_k': 8.708806168038567, 'ign_c': 20.03995359361212, 'trop_agb_crit': 1.14876138417489, 'trop_k_veg': 2.520089655463604}.
[I 2026-08-06 08:55:43,908] Trial 460 finished with values: [10.128130345677475, 10.128130345677475] and parameters: {'k1': 0.011966626407443505, 'D_low': 40.52505887227999, 'k2': 1.4403740929157842e-05, 'D_high': 61536.58035691648, 'fire_exp': 1.0629462657398439, 'P_half': 338.23872019362165, 'pre_dampen_half': 502.5175192217655, 'gpp_af': 0.7539992074650279, 'gpp_b': 0.0005752434266899163, 'gpp_d': 1.6983565276584263, 'ign_k': 8.708806168038567, 'ign_c': 21.275785720135406, 'trop_agb_crit': 10.965064494899984, 'trop_k_veg': 1.8914629029068306}.
[I 2026-08-06 08:55:45,855] Trial 461 finished with values: [10.330216254519225, 10.330216254519225] and parameters: {'k1': 0.037704815040649445, 'D_low': 40.12413353131991, 'k2': 0.0007047307383115598, 'D_high': 5254.8834372681695, 'fire_exp': 1.423480109671474, 'P_half': 220.3445560633069, 'pre_dampen_half': 502.5175192217655, 'gpp_af': 0.7539992074650279, 'gpp_b': 1.3289448722869181e-05, 'gpp_d': 418.77522137884927, 'ign_k': 0.0680787482656459, 'ign_c': 18.219343937475102, 'trop_agb_crit': 1.8157022975489, 'trop_k_veg': 0.6743482387129308}.
[I 2026-08-06 08:55:47,251] Trial 462 finished with values: [10.026567413960539, 10.026567413960539] and parameters: {'k1': 0.01889771394135163, 'D_low': 70.18267183720735, 'k2': 0.0007047307383115598, 'D_high': 25628.666000163565, 'fire_exp': 1.0629462657398439, 'P_half': 221.2683656611821, 'pre_dampen_half': 502.5175192217655, 'gpp_af': 1.1409619915696267, 'gpp_b': 3.481277316673104e-05, 'gpp_d': 229.41380323183625, 'ign_k': 8.708806168038567, 'ign_c': 4.439802552990464, 'trop_agb_crit': 2.9222815721218716, 'trop_k_veg': 2.520089655463604}.
[I 2026-08-06 08:55:48,423] Trial 463 finished with values: [10.544277309336955, 10.544277309336955] and parameters: {'k1': 0.008471801418819975, 'D_low': 12.105387404469584, 'k2': 0.032845299795769424, 'D_high': 2940.51756322311, 'fire_exp': 1.1430983876313219, 'P_half': 4.213183643253957, 'pre_dampen_half': 2.5265897869422167, 'gpp_af': 0.1476584299248268, 'gpp_b': 0.0005752434266899163, 'gpp_d': 1.493264336549928, 'ign_k': 8.708806168038567, 'ign_c': 20.03995359361212, 'trop_agb_crit': 3.5747129226002423, 'trop_k_veg': 0.6673124511410327}.
[I 2026-08-06 08:55:49,556] Trial 464 finished with values: [-0.5247485509454897, 0.5297293935885392] and parameters: {'k1': 2.6285770615112825e-05, 'D_low': 2.143851363193517, 'k2': 0.0007047307383115598, 'D_high': 5254.8834372681695, 'fire_exp': 1.0629462657398439, 'P_half': 1.605843632310088, 'pre_dampen_half': 502.5175192217655, 'gpp_af': 1.1409619915696267, 'gpp_b': 3.481277316673104e-05, 'gpp_d': 418.77522137884927, 'ign_k': 0.0680787482656459, 'ign_c': 0.9580682294110432, 'trop_agb_crit': 2.9222815721218716, 'trop_k_veg': 1.4584243470991722}.
[I 2026-08-06 08:55:50,705] Trial 465 finished with values: [10.39994166591756, 10.39994166591756] and parameters: {'k1': 0.002155595057104387, 'D_low': 40.12413353131991, 'k2': 0.0007047307383115598, 'D_high': 63233.81951066786, 'fire_exp': 1.5868092618912009, 'P_half': 221.2683656611821, 'pre_dampen_half': 502.5175192217655, 'gpp_af': 1.1409619915696267, 'gpp_b': 3.481277316673104e-05, 'gpp_d': 229.41380323183625, 'ign_k': 0.0018256829646330853, 'ign_c': 18.219343937475102, 'trop_agb_crit': 2.9222815721218716, 'trop_k_veg': 1.4584243470991722}.
[I 2026-08-06 08:55:52,012] Trial 466 finished with values: [10.108150893422595, 10.108150893422595] and parameters: {'k1': 0.01889771394135163, 'D_low': 40.12413353131991, 'k2': 0.0007047307383115598, 'D_high': 2940.51756322311, 'fire_exp': 1.0629462657398439, 'P_half': 221.2683656611821, 'pre_dampen_half': 107.40052367919465, 'gpp_af': 1.9706963379095486, 'gpp_b': 0.0054502936945582505, 'gpp_d': 229.41380323183625, 'ign_k': 8.708806168038567, 'ign_c': 0.9580682294110432, 'trop_agb_crit': 2.9222815721218716, 'trop_k_veg': 1.4584243470991722}.
[I 2026-08-06 08:55:53,186] Trial 467 finished with values: [10.03351315433397, 10.03351315433397] and parameters: {'k1': 0.01889771394135163, 'D_low': 70.18267183720735, 'k2': 0.0012040762895973265, 'D_high': 5254.8834372681695, 'fire_exp': 1.423480109671474, 'P_half': 221.2683656611821, 'pre_dampen_half': 107.40052367919465, 'gpp_af': 1.1409619915696267, 'gpp_b': 2.6738182964551835e-05, 'gpp_d': 418.77522137884927, 'ign_k': 8.708806168038567, 'ign_c': 0.70689749506246, 'trop_agb_crit': 6.119263728555865, 'trop_k_veg': 0.9781855536301391}.
[I 2026-08-06 08:55:54,330] Trial 468 finished with values: [10.15744843873884, 10.15744843873884] and parameters: {'k1': 0.01889771394135163, 'D_low': 4.513311251103462, 'k2': 1.1065812688893481e-05, 'D_high': 25628.666000163565, 'fire_exp': 1.0601964743503993, 'P_half': 221.2683656611821, 'pre_dampen_half': 107.40052367919465, 'gpp_af': 0.6403036652671171, 'gpp_b': 0.0005752434266899163, 'gpp_d': 2.944272359149677, 'ign_k': 8.708806168038567, 'ign_c': 8.40543912931368, 'trop_agb_crit': 3.5747129226002423, 'trop_k_veg': 6.9782110227926815}.
[I 2026-08-06 08:55:55,504] Trial 469 finished with values: [10.319310521593973, 10.319310521593973] and parameters: {'k1': 0.00488137519160367, 'D_low': 70.18267183720735, 'k2': 0.03538758864779238, 'D_high': 2940.51756322311, 'fire_exp': 1.695318866910499, 'P_half': 221.2683656611821, 'pre_dampen_half': 502.5175192217655, 'gpp_af': 0.6403036652671171, 'gpp_b': 0.0054502936945582505, 'gpp_d': 5.1715677287580455, 'ign_k': 5.351470428717437, 'ign_c': 0.24989960578908887, 'trop_agb_crit': 1.0903028125370984, 'trop_k_veg': 2.520089655463604}.
[I 2026-08-06 08:55:56,648] Trial 470 finished with values: [10.049505371280334, 10.049505371280334] and parameters: {'k1': 0.002367935204022389, 'D_low': 64.39790863101601, 'k2': 0.03538758864779238, 'D_high': 61536.58035691648, 'fire_exp': 1.0629462657398439, 'P_half': 220.3445560633069, 'pre_dampen_half': 502.5175192217655, 'gpp_af': 1.1409619915696267, 'gpp_b': 1.284284091405877e-05, 'gpp_d': 229.41380323183625, 'ign_k': 0.0020161527752598613, 'ign_c': 4.439802552990464, 'trop_agb_crit': 1.8157022975489, 'trop_k_veg': 6.5801322358877785}.
