[I 2026-08-20 01:01:01,238] Trial 1568 finished with value: 0.4837557356490162 and parameters: {'k1': 5.068453048535179e-05, 'D_low': 38890.907533981546, 'k2': 0.09202199997155876, 'D_high': 420686.9114266688, 'fire_exp': 3.178698693467705, 'P_half': 61.83627926310833, 'pre_dampen_half': 2.1100341229038864, 'gpp_af': 0.017258557169940444, 'gpp_b': 0.00018104065739045128, 'gpp_d': 128.44804446475715, 'ign_k': 0.12908768130770962, 'ign_c': 0.2762836678348598, 'trop_agb_crit': 4.3692717580173825, 'trop_k_veg': 1.4958093428446162, 'pop_amp': 3.584781339572821, 'pop_peak': 68.89126033958206, 'pop_sig': 1.5546924549981684}. Best is trial 1128 with value: -0.620386984093161.
[I 2026-08-20 01:01:03,119] Trial 1569 finished with value: 0.6036504851138249 and parameters: {'k1': 0.010180423750012872, 'D_low': 28.79140180525527, 'k2': 0.002565737768597893, 'D_high': 157892.33188243167, 'fire_exp': 1.171135944013894, 'P_half': 17.907984682780608, 'pre_dampen_half': 4.1290647036435955, 'gpp_af': 0.0011891839383494235, 'gpp_b': 0.00011972461323099949, 'gpp_d': 4.4396327946730585, 'ign_k': 0.2638692399299572, 'ign_c': 4.267193872670175, 'trop_agb_crit': 2.0408751002823537, 'trop_k_veg': 5.1087263682827855, 'pop_amp': 3.8386086066890983, 'pop_peak': 38.46116217704531, 'pop_sig': 0.9333624628361086}. Best is trial 1128 with value: -0.620386984093161.
[I 2026-08-20 01:01:04,906] Trial 1570 finished with value: 0.4544316512776866 and parameters: {'k1': 1.1931411191671078e-05, 'D_low': 41.42340465681305, 'k2': 0.0012978304545220151, 'D_high': 7533098.514186482, 'fire_exp': 2.351685202128289, 'P_half': 159.69121629551512, 'pre_dampen_half': 8.032875675949915, 'gpp_af': 0.0024894904328773516, 'gpp_b': 5.491957883710837e-05, 'gpp_d': 0.03295758839970039, 'ign_k': 0.3695472067908766, 'ign_c': 1.7104645803474239, 'trop_agb_crit': 8.1532213407334, 'trop_k_veg': 7.107937103929472, 'pop_amp': 9.806556784293251, 'pop_peak': 10.469822798931581, 'pop_sig': 1.5901311038129844}. Best is trial 1128 with value: -0.620386984093161.
[I 2026-08-20 01:01:06,808] Trial 1571 finished with value: 0.4942945627998727 and parameters: {'k1': 0.0014637841906788036, 'D_low': 580.6363569602341, 'k2': 0.014604703643573837, 'D_high': 1236329.324765906, 'fire_exp': 7.600577487041731, 'P_half': 19.780118577519804, 'pre_dampen_half': 120.56343118314524, 'gpp_af': 1.395309630115855, 'gpp_b': 0.014022886442375886, 'gpp_d': 206.5701413891409, 'ign_k': 5.821718933771743, 'ign_c': 27.215159902910102, 'trop_agb_crit': 21.576651017070684, 'trop_k_veg': 1.2380531108266215, 'pop_amp': 6.343927931767644, 'pop_peak': 0.6377879004913451, 'pop_sig': 0.6918801631524706}. Best is trial 1128 with value: -0.620386984093161.
[I 2026-08-20 01:01:08,629] Trial 1572 finished with value: 0.5952677052729646 and parameters: {'k1': 0.0013378489118062494, 'D_low': 12556.19023099085, 'k2': 0.00011197149515127841, 'D_high': 260199.36864345075, 'fire_exp': 4.558292081307068, 'P_half': 25.874812168786452, 'pre_dampen_half': 2.258530822758064, 'gpp_af': 12.665554325127598, 'gpp_b': 0.002782569906902487, 'gpp_d': 10.614798363766, 'ign_k': 0.032334804228052405, 'ign_c': 2.598980195401036, 'trop_agb_crit': 2.3728000725420033, 'trop_k_veg': 5.007666945601505, 'pop_amp': 1.4989189118266317, 'pop_peak': 3.5407281151024987, 'pop_sig': 0.3415894484494694}. Best is trial 1128 with value: -0.620386984093161.
[I 2026-08-20 01:01:10,871] Trial 1573 finished with value: 0.46409829891198806 and parameters: {'k1': 0.0017331900622184866, 'D_low': 4888.286834580629, 'k2': 0.0015874471230383385, 'D_high': 7254125.814064522, 'fire_exp': 4.345175040649427, 'P_half': 5.74363840811219, 'pre_dampen_half': 40.31413157804663, 'gpp_af': 2.1335989451063266, 'gpp_b': 0.0013066403894860818, 'gpp_d': 327.30288334489853, 'ign_k': 0.03554622637704427, 'ign_c': 1.1946805639254088, 'trop_agb_crit': 9.361226267050467, 'trop_k_veg': 7.01945295961133, 'pop_amp': 7.019166604443852, 'pop_peak': 45.95531466975401, 'pop_sig': 0.6300699405336491}. Best is trial 1128 with value: -0.620386984093161.
[I 2026-08-20 01:01:12,701] Trial 1574 finished with value: 0.4999442422223941 and parameters: {'k1': 0.00043387082661268427, 'D_low': 74.12243096411481, 'k2': 0.00013196430299198565, 'D_high': 1309932.32386775, 'fire_exp': 1.4819958564568005, 'P_half': 55.756473492197024, 'pre_dampen_half': 534.9907131043386, 'gpp_af': 0.03571242685454458, 'gpp_b': 8.411603792352908e-05, 'gpp_d': 1.898162703562042, 'ign_k': 0.20274032764879238, 'ign_c': 29.05589540236521, 'trop_agb_crit': 29.114002923076146, 'trop_k_veg': 2.9972886277952466, 'pop_amp': 0.0013124684187949317, 'pop_peak': 21.230922126679783, 'pop_sig': 0.7246112480451031}. Best is trial 1128 with value: -0.620386984093161.
[I 2026-08-20 01:01:14,525] Trial 1575 finished with value: 0.47672120448175714 and parameters: {'k1': 0.050587294138744014, 'D_low': 3774.63909455879, 'k2': 0.004083090500893481, 'D_high': 849288.7058540572, 'fire_exp': 2.3959793853513514, 'P_half': 31.360054461560395, 'pre_dampen_half': 9.115177536719532, 'gpp_af': 0.16144252427745956, 'gpp_b': 0.009198625220062621, 'gpp_d': 304.09037327042785, 'ign_k': 0.07908077148250961, 'ign_c': 1.549318149805495, 'trop_agb_crit': 1.8412860380628229, 'trop_k_veg': 3.8761161355603657, 'pop_amp': 0.014838748346247958, 'pop_peak': 40.067391197690846, 'pop_sig': 0.6367368804022265}. Best is trial 1128 with value: -0.620386984093161.
[I 2026-08-20 01:01:16,342] Trial 1576 finished with value: 0.6813391223967262 and parameters: {'k1': 0.000732787809674214, 'D_low': 389.1177950498685, 'k2': 0.00018591555506219316, 'D_high': 2865965.2557469816, 'fire_exp': 6.5598637366790555, 'P_half': 78.83262227659027, 'pre_dampen_half': 170.52948058106494, 'gpp_af': 6.353978330709985, 'gpp_b': 3.784905988288954e-05, 'gpp_d': 264.6464526113758, 'ign_k': 0.16746671308182728, 'ign_c': 0.17355698453120305, 'trop_agb_crit': 6.9319170689607965, 'trop_k_veg': 3.19183743126235, 'pop_amp': 9.368121695419664, 'pop_peak': 4.274549095674456, 'pop_sig': 1.2655291920493479}. Best is trial 1128 with value: -0.620386984093161.
[I 2026-08-20 01:01:18,161] Trial 1577 finished with value: 0.44021506997919924 and parameters: {'k1': 0.003952353035206619, 'D_low': 41.55226851914957, 'k2': 0.0024779800386491723, 'D_high': 901353.2752490162, 'fire_exp': 2.210940052138955, 'P_half': 2.4324980786874355, 'pre_dampen_half': 10.126295632522984, 'gpp_af': 5.857076709147854, 'gpp_b': 0.00012461130845096041, 'gpp_d': 74.48353450204938, 'ign_k': 0.002935129926386414, 'ign_c': 1.2876006232799402, 'trop_agb_crit': 6.6181218045336445, 'trop_k_veg': 3.997959032173778, 'pop_amp': 1.9476042295011569, 'pop_peak': 11.894835719687235, 'pop_sig': 0.6023774184425138}. Best is trial 1128 with value: -0.620386984093161.
[I 2026-08-20 01:01:20,014] Trial 1578 finished with value: 0.6429319571021295 and parameters: {'k1': 0.003052608401668595, 'D_low': 3056.98042922422, 'k2': 0.004702791008668915, 'D_high': 46493.651284301806, 'fire_exp': 9.405960711454876, 'P_half': 170.8059823974302, 'pre_dampen_half': 108.39932884392363, 'gpp_af': 1.6320171951748685, 'gpp_b': 0.0002073038918720065, 'gpp_d': 94.89650940499388, 'ign_k': 3.226506106683641, 'ign_c': 28.620960738589776, 'trop_agb_crit': 10.978480362428419, 'trop_k_veg': 1.2105345380622923, 'pop_amp': 0.16858722140501736, 'pop_peak': 2.296783206857912, 'pop_sig': 0.6262194230584911}. Best is trial 1128 with value: -0.620386984093161.
[I 2026-08-20 01:01:21,835] Trial 1579 finished with value: 0.6445374145881376 and parameters: {'k1': 0.08441823336423454, 'D_low': 62938.69532934835, 'k2': 0.001188146478146328, 'D_high': 24.81137693786645, 'fire_exp': 1.1237019826224857, 'P_half': 20.141551534885302, 'pre_dampen_half': 965.1216923902836, 'gpp_af': 1.7095591587873868, 'gpp_b': 0.012881981834218997, 'gpp_d': 39.187904648242636, 'ign_k': 0.33280060406261686, 'ign_c': 4.576433876057522, 'trop_agb_crit': 3.119248903411912, 'trop_k_veg': 3.630421488056789, 'pop_amp': 0.0010243106124060613, 'pop_peak': 62.037975398108145, 'pop_sig': 1.2121078085284656}. Best is trial 1128 with value: -0.620386984093161.
[I 2026-08-20 01:01:23,627] Trial 1580 finished with value: 0.5869789525066542 and parameters: {'k1': 0.0010207724774828695, 'D_low': 5.874559278471578, 'k2': 0.00038313577950534997, 'D_high': 134677.1415252243, 'fire_exp': 3.3213284607926514, 'P_half': 241.39886951722517, 'pre_dampen_half': 2.615076627515687, 'gpp_af': 3.1681351915642204, 'gpp_b': 1.5784081853347857e-05, 'gpp_d': 336.2203678861177, 'ign_k': 0.06852233740847974, 'ign_c': 112.43484124664482, 'trop_agb_crit': 3.4680220283861574, 'trop_k_veg': 2.880000204544129, 'pop_amp': 3.1491072626063246, 'pop_peak': 9.736344162223547, 'pop_sig': 0.8009960880394643}. Best is trial 1128 with value: -0.620386984093161.
[I 2026-08-20 01:01:25,430] Trial 1581 finished with value: 0.4507817520456624 and parameters: {'k1': 0.00010941507649879434, 'D_low': 5059.604510407822, 'k2': 0.004056418229359246, 'D_high': 124313.85959257068, 'fire_exp': 1.8991702277969176, 'P_half': 578.1550895013677, 'pre_dampen_half': 1.5221872365302287, 'gpp_af': 2.402466469557121, 'gpp_b': 0.0030503878754331005, 'gpp_d': 992.8898810274919, 'ign_k': 0.6468316454726728, 'ign_c': 0.5410916669551994, 'trop_agb_crit': 2.839909743325754, 'trop_k_veg': 2.1868685484271717, 'pop_amp': 3.2816001360662272, 'pop_peak': 247.59335694763996, 'pop_sig': 1.265819135534029}. Best is trial 1128 with value: -0.620386984093161.
[I 2026-08-20 01:01:27,238] Trial 1582 finished with value: 0.5397164492769342 and parameters: {'k1': 0.008342822903117483, 'D_low': 22832.934144996903, 'k2': 0.00018854326262754628, 'D_high': 3163560.85868664, 'fire_exp': 1.8367486602164718, 'P_half': 4.119405781587575, 'pre_dampen_half': 0.6602186274903403, 'gpp_af': 3.3596270224177203, 'gpp_b': 0.00020975689427727722, 'gpp_d': 67.82297037030936, 'ign_k': 0.007030120305219589, 'ign_c': 1.663160357344678, 'trop_agb_crit': 5.4603140540324, 'trop_k_veg': 5.131057422549841, 'pop_amp': 1.497729263444029, 'pop_peak': 188.98613343653736, 'pop_sig': 0.9291284745204991}. Best is trial 1128 with value: -0.620386984093161.
[I 2026-08-20 01:01:29,070] Trial 1583 finished with value: 0.5237883334892132 and parameters: {'k1': 0.0748161785581429, 'D_low': 9.093925738181058, 'k2': 0.0005569013804386973, 'D_high': 95011.57234018925, 'fire_exp': 2.8671771896414056, 'P_half': 47.58354530669209, 'pre_dampen_half': 0.18790181341976864, 'gpp_af': 0.62300789587746, 'gpp_b': 0.0004178702590569446, 'gpp_d': 389.2518710784432, 'ign_k': 1.7420607260739178, 'ign_c': 9.745452973538368, 'trop_agb_crit': 1.9412803726106425, 'trop_k_veg': 3.611968165909186, 'pop_amp': 0.002080320200956043, 'pop_peak': 11.89112802259322, 'pop_sig': 1.2075197966245055}. Best is trial 1128 with value: -0.620386984093161.
[I 2026-08-20 01:01:31,264] Trial 1584 finished with value: -0.5619545802295721 and parameters: {'k1': 5.599997360065877e-05, 'D_low': 391.80189302265615, 'k2': 0.00885927110372984, 'D_high': 1726640.035978298, 'fire_exp': 1.164189072256675, 'P_half': 4.66419306180961, 'pre_dampen_half': 0.2024921846844673, 'gpp_af': 0.09869315984871366, 'gpp_b': 6.109818901268684e-05, 'gpp_d': 7.193716539082208, 'ign_k': 0.4720791515118864, 'ign_c': 26.349941912246514, 'trop_agb_crit': 20.049330764710174, 'trop_k_veg': 0.887613447644536, 'pop_amp': 3.7680054563363212, 'pop_peak': 61.39145846846895, 'pop_sig': 1.1923516082370245}. Best is trial 1128 with value: -0.620386984093161.
[I 2026-08-20 01:01:33,109] Trial 1585 finished with value: -0.5220648935059711 and parameters: {'k1': 0.002296136538252675, 'D_low': 248.94250082617313, 'k2': 0.00028431196694811927, 'D_high': 3089714.8704233016, 'fire_exp': 4.2685865277648265, 'P_half': 2.861121396861403, 'pre_dampen_half': 99.28510174562771, 'gpp_af': 1.3232433404290802, 'gpp_b': 0.0007965149588848508, 'gpp_d': 53.32444305438655, 'ign_k': 0.01925015775866142, 'ign_c': 1.189424616195453, 'trop_agb_crit': 8.325890979294694, 'trop_k_veg': 1.8471750602252688, 'pop_amp': 2.1221090837265217, 'pop_peak': 3.598489106100096, 'pop_sig': 0.7420635008561738}. Best is trial 1128 with value: -0.620386984093161.
[I 2026-08-20 01:01:34,898] Trial 1586 finished with value: 0.6445374145881376 and parameters: {'k1': 0.002120394537467838, 'D_low': 40.18461990358729, 'k2': 0.0027226503785041825, 'D_high': 686744.0858218772, 'fire_exp': 1.593017314128896, 'P_half': 1302.74191965961, 'pre_dampen_half': 0.026175694812641623, 'gpp_af': 0.0032243194908636043, 'gpp_b': 6.404335218029875e-05, 'gpp_d': 0.1035788166587593, 'ign_k': 0.09317728839807743, 'ign_c': 478.44430986348925, 'trop_agb_crit': 2.3367181836707562, 'trop_k_veg': 6.238603980932222, 'pop_amp': 2.4347512315580198, 'pop_peak': 155.09939087423388, 'pop_sig': 0.5556499541073086}. Best is trial 1128 with value: -0.620386984093161.
[I 2026-08-20 01:01:36,739] Trial 1587 finished with value: 0.4398592711746424 and parameters: {'k1': 0.05785295289044141, 'D_low': 1586.7904169573958, 'k2': 0.0013526771651749068, 'D_high': 186378.27305899345, 'fire_exp': 2.7302826938463354, 'P_half': 4.573563147622337, 'pre_dampen_half': 10.41116989148298, 'gpp_af': 1.8974252324045826, 'gpp_b': 0.0012912117491978368, 'gpp_d': 843.6214106145732, 'ign_k': 1.788878060193885, 'ign_c': 1.0763422204184279, 'trop_agb_crit': 2.674550278825673, 'trop_k_veg': 4.72141248810169, 'pop_amp': 0.003051181200031634, 'pop_peak': 0.5246978858988975, 'pop_sig': 0.7157825069599402}. Best is trial 1128 with value: -0.620386984093161.
[I 2026-08-20 01:01:38,587] Trial 1588 finished with value: 0.5941375675448174 and parameters: {'k1': 0.000132869429210277, 'D_low': 85.3193224412015, 'k2': 0.000552769960462981, 'D_high': 1349850.9496876423, 'fire_exp': 5.03552975605489, 'P_half': 173.75805970088163, 'pre_dampen_half': 20.105648377392757, 'gpp_af': 4.715348507248006, 'gpp_b': 0.00221366639184555, 'gpp_d': 14.42364936008054, 'ign_k': 0.016760672755445474, 'ign_c': 1.3719897071414633, 'trop_agb_crit': 3.9701856118179957, 'trop_k_veg': 3.2405559535065884, 'pop_amp': 0.5222663449458164, 'pop_peak': 6.886459193143287, 'pop_sig': 0.8087685210708565}. Best is trial 1128 with value: -0.620386984093161.
[I 2026-08-20 01:01:40,398] Trial 1589 finished with value: -0.6053081657998303 and parameters: {'k1': 0.0027026765426933987, 'D_low': 2526.424909538066, 'k2': 0.0033555697288193257, 'D_high': 2218351.270499243, 'fire_exp': 5.113330232564537, 'P_half': 154.53492299291798, 'pre_dampen_half': 28.037224615706567, 'gpp_af': 0.5359092295252715, 'gpp_b': 0.0007471957429264378, 'gpp_d': 553.7561524641486, 'ign_k': 0.9211534142674384, 'ign_c': 1.20358954872457, 'trop_agb_crit': 10.720634339276002, 'trop_k_veg': 4.140309271333778, 'pop_amp': 1.2524939655716916, 'pop_peak': 1.7621158018616636, 'pop_sig': 0.9085678603773324}. Best is trial 1128 with value: -0.620386984093161.
[I 2026-08-20 01:01:42,203] Trial 1590 finished with value: -0.588146518681142 and parameters: {'k1': 0.001361569435282644, 'D_low': 2012.7037533234045, 'k2': 0.0010749482946634244, 'D_high': 156356.5483097119, 'fire_exp': 4.251752987872729, 'P_half': 275.2375929436566, 'pre_dampen_half': 456.75898913039214, 'gpp_af': 0.3708069673499837, 'gpp_b': 0.0056776068046541514, 'gpp_d': 276.81882041241334, 'ign_k': 0.8993943979744956, 'ign_c': 2.8199843332801606, 'trop_agb_crit': 17.082990653034287, 'trop_k_veg': 7.123127007042937, 'pop_amp': 1.1403029875800732, 'pop_peak': 6.186673858143717, 'pop_sig': 0.7641171665726144}. Best is trial 1128 with value: -0.620386984093161.
[I 2026-08-20 01:01:44,087] Trial 1591 finished with value: 0.64539111017122 and parameters: {'k1': 0.023327200667020032, 'D_low': 130610.94578874791, 'k2': 1.4264964754712857e-05, 'D_high': 8174973.697339744, 'fire_exp': 1.5052890024410566, 'P_half': 7897.306646047847, 'pre_dampen_half': 169.73694061511733, 'gpp_af': 0.0033164133695154836, 'gpp_b': 0.003101142326460658, 'gpp_d': 0.24054764789571656, 'ign_k': 3.5265818876935815, 'ign_c': 40.35381251964968, 'trop_agb_crit': 2.6828664187493914, 'trop_k_veg': 0.9573373489519927, 'pop_amp': 0.0017358152169889504, 'pop_peak': 0.7956445813852283, 'pop_sig': 0.7711590473395222}. Best is trial 1128 with value: -0.620386984093161.
[I 2026-08-20 01:01:45,919] Trial 1592 finished with value: 0.586383081068979 and parameters: {'k1': 0.0002552965701347967, 'D_low': 550.7373445850264, 'k2': 0.005462586720569244, 'D_high': 256999.77246261737, 'fire_exp': 6.507041168566903, 'P_half': 779.5137147023231, 'pre_dampen_half': 590.2315009495063, 'gpp_af': 0.2960177328798424, 'gpp_b': 0.0001741559423205057, 'gpp_d': 441.52774791283764, 'ign_k': 0.9263339160841468, 'ign_c': 0.493536097553698, 'trop_agb_crit': 21.204741525392375, 'trop_k_veg': 3.742326094382486, 'pop_amp': 0.4311762337125664, 'pop_peak': 40.35000258026783, 'pop_sig': 0.5030150465972915}. Best is trial 1128 with value: -0.620386984093161.
[I 2026-08-20 01:01:47,707] Trial 1593 finished with value: 0.5526174406619508 and parameters: {'k1': 0.004096687162835642, 'D_low': 1.2690603268908547, 'k2': 0.0013415146917213601, 'D_high': 5450978.70788148, 'fire_exp': 1.0605748806765571, 'P_half': 491.96510860826186, 'pre_dampen_half': 0.16007080423801795, 'gpp_af': 0.0020642385550148313, 'gpp_b': 0.00012209245731929612, 'gpp_d': 3.3772172624298427, 'ign_k': 0.052719886612844484, 'ign_c': 44.94189488237756, 'trop_agb_crit': 3.5677027301634405, 'trop_k_veg': 4.541616435578417, 'pop_amp': 2.5139259466254384, 'pop_peak': 928.0353826125714, 'pop_sig': 1.4507912556415932}. Best is trial 1128 with value: -0.620386984093161.
[I 2026-08-20 01:01:49,532] Trial 1594 finished with value: 0.4296394324443673 and parameters: {'k1': 0.0005763097083259321, 'D_low': 203.86215957752742, 'k2': 0.013362907267381036, 'D_high': 3541478.472943967, 'fire_exp': 1.0274753317776855, 'P_half': 164.5729915425771, 'pre_dampen_half': 0.3039039616758633, 'gpp_af': 0.005322484855328207, 'gpp_b': 0.0010042262212976477, 'gpp_d': 1.064593391061881, 'ign_k': 0.15880657034958284, 'ign_c': 4.618410342531075, 'trop_agb_crit': 1.0431116741088025, 'trop_k_veg': 6.4521597023893875, 'pop_amp': 3.166466182290673, 'pop_peak': 1.2970415961537274, 'pop_sig': 0.5369116187259955}. Best is trial 1128 with value: -0.620386984093161.
[I 2026-08-20 01:01:51,764] Trial 1595 finished with value: 0.5847114279154922 and parameters: {'k1': 0.014491183641213446, 'D_low': 1383.5507561014667, 'k2': 7.957498253254262e-05, 'D_high': 239400.79218358523, 'fire_exp': 4.636503015300788, 'P_half': 38.11373158350833, 'pre_dampen_half': 22.398289615635914, 'gpp_af': 1.9420893195037154, 'gpp_b': 0.005566799457291787, 'gpp_d': 235.7799551368523, 'ign_k': 0.007779550859483382, 'ign_c': 44.5989221602424, 'trop_agb_crit': 6.323500640399409, 'trop_k_veg': 3.706858242923267, 'pop_amp': 0.7125695355750912, 'pop_peak': 69.0861522582758, 'pop_sig': 0.7953188653257862}. Best is trial 1128 with value: -0.620386984093161.
[I 2026-08-20 01:01:53,588] Trial 1596 finished with value: 0.5904555984926894 and parameters: {'k1': 4.699031961857737e-05, 'D_low': 12721.89680804163, 'k2': 0.00017089021653363194, 'D_high': 27949.46708604123, 'fire_exp': 3.9037741177470404, 'P_half': 2217.812272885747, 'pre_dampen_half': 92.51288624713104, 'gpp_af': 0.9246554156547062, 'gpp_b': 0.001389847732908826, 'gpp_d': 118.37150339642797, 'ign_k': 1.6864513190303494, 'ign_c': 7.906824805580323, 'trop_agb_crit': 17.877207797304717, 'trop_k_veg': 5.641860070374669, 'pop_amp': 0.17858886364953608, 'pop_peak': 2.7795215784581018, 'pop_sig': 0.6989068898321521}. Best is trial 1128 with value: -0.620386984093161.
[I 2026-08-20 01:01:55,396] Trial 1597 finished with value: 0.5803614845396157 and parameters: {'k1': 0.0038757770771235905, 'D_low': 23237.165669012084, 'k2': 0.001809315242268486, 'D_high': 323493.4263258732, 'fire_exp': 2.7613043583169077, 'P_half': 397.92757000554195, 'pre_dampen_half': 374.8571516647422, 'gpp_af': 0.06852176965485887, 'gpp_b': 0.02314325005424888, 'gpp_d': 527.7304439618805, 'ign_k': 0.8888037902144288, 'ign_c': 0.8310955660154563, 'trop_agb_crit': 14.282842938333891, 'trop_k_veg': 7.383025703384843, 'pop_amp': 1.3217708705609232, 'pop_peak': 268.98907601456347, 'pop_sig': 0.917839747303832}. Best is trial 1128 with value: -0.620386984093161.
[I 2026-08-20 01:01:57,209] Trial 1598 finished with value: 0.5973690409326805 and parameters: {'k1': 0.008329804210932762, 'D_low': 2940.9652882812957, 'k2': 0.000698903421559606, 'D_high': 289677.2309465804, 'fire_exp': 4.210959663605456, 'P_half': 1779.8208376946513, 'pre_dampen_half': 193.47075154094836, 'gpp_af': 1.448108109751157, 'gpp_b': 0.003340527175103504, 'gpp_d': 475.4495715749646, 'ign_k': 0.012961075743018465, 'ign_c': 1.5348643982475283, 'trop_agb_crit': 17.53315657277338, 'trop_k_veg': 4.378576631912818, 'pop_amp': 0.306164416852786, 'pop_peak': 18.57154759985624, 'pop_sig': 1.1924607572516492}. Best is trial 1128 with value: -0.620386984093161.
[I 2026-08-20 01:01:59,020] Trial 1599 finished with value: 0.5362043996580474 and parameters: {'k1': 0.00032869121247601393, 'D_low': 1426.2143493610472, 'k2': 0.022433608545936977, 'D_high': 3135788.4175755447, 'fire_exp': 2.2845721928997764, 'P_half': 41.90010820779624, 'pre_dampen_half': 7.987573868608085, 'gpp_af': 1.8735951704372198, 'gpp_b': 0.00012179449009420283, 'gpp_d': 34.747210464393454, 'ign_k': 0.11089329657408371, 'ign_c': 0.18390984854263398, 'trop_agb_crit': 2.0646975073678093, 'trop_k_veg': 3.9498659812845145, 'pop_amp': 2.548009025525404, 'pop_peak': 15.80335114070546, 'pop_sig': 1.4420555240251498}. Best is trial 1128 with value: -0.620386984093161.
