[I 2026-07-22 20:40:36,214] Trial 699 finished with values: [10.574488691343788, 10.574488691343788] and parameters: {'k1': 0.028401063201780267, 'D_low': 16.00237013173313, 'k2': 0.0006863458703786212, 'D_high': 3714594.1935037985, 'fire_exp': 1.0770888543508004, 'P_half': 157.80309954142965, 'pre_dampen_half': 0.1261583527429052, 'gpp_af': 0.03522602097143089, 'gpp_b': 0.0011087183655158347, 'gpp_d': 450.59526947401275, 'ign_k': 2.7142572552186843, 'ign_c': 22.126836566118193, 'trop_agb_crit': 2.7395739167173065, 'trop_k_veg': 3.345591145807529, 'fuel_k': 0.019341658237934812, 'fuel_half': 1.953969069312433}.
[I 2026-07-22 20:40:36,636] Trial 700 finished with values: [10.76923076903347, 10.76923076903347] and parameters: {'k1': 0.0006533684593224971, 'D_low': 86076.25863264319, 'k2': 0.00033271381912662167, 'D_high': 29533.947738179515, 'fire_exp': 1.8719045352638064, 'P_half': 355.00125258511594, 'pre_dampen_half': 16.224010950061366, 'gpp_af': 3.470266988650414, 'gpp_b': 2.176805640408474e-05, 'gpp_d': 12.338826503601998, 'ign_k': 2.136832907235876, 'ign_c': 17.583640270008498, 'trop_agb_crit': 2.7395739167173065, 'trop_k_veg': 3.1470652177597604, 'fuel_k': 0.016620306147390372, 'fuel_half': 1.3323297901105766}.
[I 2026-07-22 20:40:37,056] Trial 701 finished with values: [11.442377148464349, 11.442377148464349] and parameters: {'k1': 0.012840669372724958, 'D_low': 3.86371393182755, 'k2': 3.38921165308947e-05, 'D_high': 693439.2750387826, 'fire_exp': 1.8719045352638064, 'P_half': 355.00125258511594, 'pre_dampen_half': 16.224010950061366, 'gpp_af': 0.2991469302130216, 'gpp_b': 2.852199954727099e-05, 'gpp_d': 36.831884165358964, 'ign_k': 2.7142572552186843, 'ign_c': 17.583640270008498, 'trop_agb_crit': 8.983402272488592, 'trop_k_veg': 3.1470652177597604, 'fuel_k': 2.4820276300384645, 'fuel_half': 0.3036855685244964}.
[I 2026-07-22 20:40:37,477] Trial 702 finished with values: [10.46626416881948, 10.46626416881948] and parameters: {'k1': 0.008471801418819975, 'D_low': 2240.9155921647994, 'k2': 0.015109086063191909, 'D_high': 2742371.6496047364, 'fire_exp': 2.3291743800049516, 'P_half': 355.00125258511594, 'pre_dampen_half': 13.472769577631588, 'gpp_af': 3.470266988650414, 'gpp_b': 0.004458440839692221, 'gpp_d': 274.48645214004335, 'ign_k': 0.0029519227433917453, 'ign_c': 0.2939463458625969, 'trop_agb_crit': 9.369518687683199, 'trop_k_veg': 1.9658897090912955, 'fuel_k': 5.9775400127657585, 'fuel_half': 3.75205585512428}.
[I 2026-07-22 20:40:37,894] Trial 703 finished with values: [-0.7042165430074234, 0.09473911141981717] and parameters: {'k1': 0.012840669372724958, 'D_low': 2240.9155921647994, 'k2': 0.014666151770108535, 'D_high': 693439.2750387826, 'fire_exp': 1.5625050303740562, 'P_half': 93.43302657318476, 'pre_dampen_half': 13.472769577631588, 'gpp_af': 0.053663001820106804, 'gpp_b': 0.004458440839692221, 'gpp_d': 12.338826503601998, 'ign_k': 3.965503094323014, 'ign_c': 0.2939463458625969, 'trop_agb_crit': 2.679156169946616, 'trop_k_veg': 2.1144348148283285, 'fuel_k': 0.025620781631399487, 'fuel_half': 1.3323297901105766}.
[I 2026-07-22 20:40:38,313] Trial 704 finished with values: [10.003071699845776, 10.003071699845776] and parameters: {'k1': 0.008471801418819975, 'D_low': 216.6574784061471, 'k2': 0.0009562822793888481, 'D_high': 29533.947738179515, 'fire_exp': 1.5191397119156032, 'P_half': 157.80309954142965, 'pre_dampen_half': 9.16302609334724, 'gpp_af': 3.470266988650414, 'gpp_b': 2.852199954727099e-05, 'gpp_d': 36.831884165358964, 'ign_k': 2.136832907235876, 'ign_c': 17.583640270008498, 'trop_agb_crit': 2.7395739167173065, 'trop_k_veg': 1.9658897090912955, 'fuel_k': 0.07002142869039267, 'fuel_half': 3.75205585512428}.
[I 2026-07-22 20:40:38,746] Trial 705 finished with values: [11.219280825763336, 11.219280825763336] and parameters: {'k1': 0.028401063201780267, 'D_low': 16.00237013173313, 'k2': 0.0006863458703786212, 'D_high': 693439.2750387826, 'fire_exp': 1.5704801393982246, 'P_half': 44.71679901231308, 'pre_dampen_half': 16.224010950061366, 'gpp_af': 0.015875524914818664, 'gpp_b': 2.852199954727099e-05, 'gpp_d': 36.831884165358964, 'ign_k': 0.008226074946221037, 'ign_c': 0.12510188850164433, 'trop_agb_crit': 8.983402272488592, 'trop_k_veg': 2.6851668766261834, 'fuel_k': 4.710433409437071, 'fuel_half': 4.1446115222565965}.
[I 2026-07-22 20:40:39,164] Trial 706 finished with values: [10.14445193403585, 10.14445193403585] and parameters: {'k1': 0.008471801418819975, 'D_low': 2240.9155921647994, 'k2': 0.00016536937182824412, 'D_high': 388024.1939505089, 'fire_exp': 1.8719045352638064, 'P_half': 93.43302657318476, 'pre_dampen_half': 13.472769577631588, 'gpp_af': 0.2991469302130216, 'gpp_b': 2.176805640408474e-05, 'gpp_d': 352.0481045526035, 'ign_k': 0.0029519227433917453, 'ign_c': 44.67752817973901, 'trop_agb_crit': 12.647327018493208, 'trop_k_veg': 2.1144348148283285, 'fuel_k': 0.07002142869039267, 'fuel_half': 1.3323297901105766}.
[I 2026-07-22 20:40:39,598] Trial 707 finished with values: [10.038316802847676, 10.038316802847676] and parameters: {'k1': 0.00022704877557909215, 'D_low': 216.6574784061471, 'k2': 0.0009562822793888481, 'D_high': 2413579.2291304003, 'fire_exp': 1.8719045352638064, 'P_half': 355.00125258511594, 'pre_dampen_half': 16.224010950061366, 'gpp_af': 43.152388554791955, 'gpp_b': 2.176805640408474e-05, 'gpp_d': 36.831884165358964, 'ign_k': 2.136832907235876, 'ign_c': 17.583640270008498, 'trop_agb_crit': 2.7395739167173065, 'trop_k_veg': 3.1470652177597604, 'fuel_k': 0.9853604572233567, 'fuel_half': 0.3036855685244964}.
[I 2026-07-22 20:40:40,036] Trial 708 finished with values: [10.297140447006111, 10.297140447006111] and parameters: {'k1': 0.008471801418819975, 'D_low': 3103.3332277537256, 'k2': 0.014666151770108535, 'D_high': 2742371.6496047364, 'fire_exp': 1.8719045352638064, 'P_half': 102.4585893986732, 'pre_dampen_half': 13.472769577631588, 'gpp_af': 0.2901272149738624, 'gpp_b': 0.0028993292583566945, 'gpp_d': 274.48645214004335, 'ign_k': 0.0029519227433917453, 'ign_c': 0.2939463458625969, 'trop_agb_crit': 1.3893217624909326, 'trop_k_veg': 0.8170196702261714, 'fuel_k': 4.710433409437071, 'fuel_half': 3.75205585512428}.
[I 2026-07-22 20:40:40,466] Trial 709 finished with values: [10.662741108691893, 10.662741108691893] and parameters: {'k1': 0.012840669372724958, 'D_low': 3103.3332277537256, 'k2': 0.00016536937182824412, 'D_high': 2742371.6496047364, 'fire_exp': 1.8719045352638064, 'P_half': 102.4585893986732, 'pre_dampen_half': 0.07485022950356932, 'gpp_af': 0.2991469302130216, 'gpp_b': 0.0028993292583566945, 'gpp_d': 206.05605824266914, 'ign_k': 0.0029519227433917453, 'ign_c': 10.239159443463295, 'trop_agb_crit': 2.679156169946616, 'trop_k_veg': 2.1144348148283285, 'fuel_k': 4.710433409437071, 'fuel_half': 1.3323297901105766}.
[I 2026-07-22 20:40:40,893] Trial 710 finished with values: [10.36157269485638, 10.36157269485638] and parameters: {'k1': 0.00022704877557909215, 'D_low': 216.6574784061471, 'k2': 0.0009562822793888481, 'D_high': 2413579.2291304003, 'fire_exp': 1.9025702662542903, 'P_half': 355.00125258511594, 'pre_dampen_half': 16.224010950061366, 'gpp_af': 3.470266988650414, 'gpp_b': 1.3289448722869181e-05, 'gpp_d': 36.831884165358964, 'ign_k': 0.0029519227433917453, 'ign_c': 17.583640270008498, 'trop_agb_crit': 2.7395739167173065, 'trop_k_veg': 2.1144348148283285, 'fuel_k': 0.07002142869039267, 'fuel_half': 0.3036855685244964}.
[I 2026-07-22 20:40:41,317] Trial 711 finished with values: [10.444368629719275, 10.444368629719275] and parameters: {'k1': 0.0009299619346742016, 'D_low': 2240.9155921647994, 'k2': 0.015109086063191909, 'D_high': 2742371.6496047364, 'fire_exp': 1.8719045352638064, 'P_half': 2.0598022365449626, 'pre_dampen_half': 0.7245868181143029, 'gpp_af': 0.05511595477601764, 'gpp_b': 2.176805640408474e-05, 'gpp_d': 274.48645214004335, 'ign_k': 1.104435084712469, 'ign_c': 5.199673923878318, 'trop_agb_crit': 10.584071370490857, 'trop_k_veg': 2.1144348148283285, 'fuel_k': 4.710433409437071, 'fuel_half': 1.0889347318773486}.
[I 2026-07-22 20:40:41,744] Trial 712 finished with values: [-0.6014791497797, 0.10085542699427597] and parameters: {'k1': 0.008471801418819975, 'D_low': 16.00237013173313, 'k2': 0.00039323495083117737, 'D_high': 2742371.6496047364, 'fire_exp': 1.5532616753672623, 'P_half': 355.00125258511594, 'pre_dampen_half': 9.16302609334724, 'gpp_af': 3.470266988650414, 'gpp_b': 0.0001605469768042801, 'gpp_d': 12.338826503601998, 'ign_k': 2.136832907235876, 'ign_c': 22.126836566118193, 'trop_agb_crit': 12.647327018493208, 'trop_k_veg': 2.724170387400844, 'fuel_k': 0.07002142869039267, 'fuel_half': 0.27486660384531114}.
[I 2026-07-22 20:40:42,176] Trial 713 finished with values: [11.047075572650959, 11.047075572650959] and parameters: {'k1': 0.012840669372724958, 'D_low': 3103.3332277537256, 'k2': 0.015109086063191909, 'D_high': 2742371.6496047364, 'fire_exp': 1.4004146688356125, 'P_half': 102.4585893986732, 'pre_dampen_half': 13.472769577631588, 'gpp_af': 0.2901272149738624, 'gpp_b': 0.0028993292583566945, 'gpp_d': 206.05605824266914, 'ign_k': 2.136832907235876, 'ign_c': 0.2939463458625969, 'trop_agb_crit': 2.679156169946616, 'trop_k_veg': 2.1144348148283285, 'fuel_k': 4.710433409437071, 'fuel_half': 3.75205585512428}.
  trial  714/2500  pareto_size=5  best_taylor=0.7785  best_ilamb=0.6078  (5.1 min)
[I 2026-07-22 20:40:42,716] Trial 714 finished with values: [-0.6520006937731629, 0.13455767663387996] and parameters: {'k1': 0.012840669372724958, 'D_low': 3103.3332277537256, 'k2': 0.014666151770108535, 'D_high': 2742371.6496047364, 'fire_exp': 1.8719045352638064, 'P_half': 60.759029110813756, 'pre_dampen_half': 13.472769577631588, 'gpp_af': 0.2991469302130216, 'gpp_b': 0.0004382884213732982, 'gpp_d': 352.0481045526035, 'ign_k': 0.0029519227433917453, 'ign_c': 0.2939463458625969, 'trop_agb_crit': 2.679156169946616, 'trop_k_veg': 2.1144348148283285, 'fuel_k': 4.710433409437071, 'fuel_half': 1.3323297901105766}.
[I 2026-07-22 20:40:43,134] Trial 715 finished with values: [-0.6618925312537625, 0.05899902850234595] and parameters: {'k1': 0.008471801418819975, 'D_low': 216.6574784061471, 'k2': 0.0006863458703786212, 'D_high': 693439.2750387826, 'fire_exp': 1.5532616753672623, 'P_half': 355.00125258511594, 'pre_dampen_half': 13.472769577631588, 'gpp_af': 0.00219210598059826, 'gpp_b': 1.4284710450172036e-05, 'gpp_d': 36.831884165358964, 'ign_k': 2.7142572552186843, 'ign_c': 17.583640270008498, 'trop_agb_crit': 2.7395739167173065, 'trop_k_veg': 0.8170196702261714, 'fuel_k': 0.057024351269772615, 'fuel_half': 3.75205585512428}.
[I 2026-07-22 20:40:43,554] Trial 716 finished with values: [-0.5660058744001215, 0.14553772790092967] and parameters: {'k1': 0.0007883068789768041, 'D_low': 216.6574784061471, 'k2': 3.472683124638336e-05, 'D_high': 2413579.2291304003, 'fire_exp': 1.6236231976277165, 'P_half': 102.4585893986732, 'pre_dampen_half': 0.9829324480069707, 'gpp_af': 0.2901272149738624, 'gpp_b': 0.0001484082099455773, 'gpp_d': 36.831884165358964, 'ign_k': 0.013276678836047658, 'ign_c': 17.583640270008498, 'trop_agb_crit': 2.7395739167173065, 'trop_k_veg': 3.1470652177597604, 'fuel_k': 4.0632364973692425, 'fuel_half': 0.3036855685244964}.
[I 2026-07-22 20:40:43,974] Trial 717 finished with values: [10.693161218118762, 10.693161218118762] and parameters: {'k1': 0.0009299619346742016, 'D_low': 35.437765484261625, 'k2': 0.0009562822793888481, 'D_high': 693439.2750387826, 'fire_exp': 1.5704801393982246, 'P_half': 7119.679541167407, 'pre_dampen_half': 9.16302609334724, 'gpp_af': 0.05468366589489105, 'gpp_b': 2.852199954727099e-05, 'gpp_d': 5.593036834117398, 'ign_k': 2.136832907235876, 'ign_c': 17.583640270008498, 'trop_agb_crit': 12.647327018493208, 'trop_k_veg': 4.050700716504253, 'fuel_k': 0.07002142869039267, 'fuel_half': 3.75205585512428}.
[I 2026-07-22 20:40:44,393] Trial 718 finished with values: [10.76923076903347, 10.76923076903347] and parameters: {'k1': 0.008471801418819975, 'D_low': 2240.9155921647994, 'k2': 0.015109086063191909, 'D_high': 2742371.6496047364, 'fire_exp': 1.9025702662542903, 'P_half': 355.00125258511594, 'pre_dampen_half': 13.472769577631588, 'gpp_af': 0.2901272149738624, 'gpp_b': 2.176805640408474e-05, 'gpp_d': 352.0481045526035, 'ign_k': 2.136832907235876, 'ign_c': 44.67752817973901, 'trop_agb_crit': 9.286923253577127, 'trop_k_veg': 0.8170196702261714, 'fuel_k': 0.025620781631399487, 'fuel_half': 3.75205585512428}.
[I 2026-07-22 20:40:44,817] Trial 719 finished with values: [-0.5804668441062607, 0.08543077649782382] and parameters: {'k1': 0.043264339974928574, 'D_low': 2240.9155921647994, 'k2': 0.00033271381912662167, 'D_high': 2742371.6496047364, 'fire_exp': 1.8719045352638064, 'P_half': 355.00125258511594, 'pre_dampen_half': 14.689407256107613, 'gpp_af': 0.2991469302130216, 'gpp_b': 2.852199954727099e-05, 'gpp_d': 206.05605824266914, 'ign_k': 0.00891606651464436, 'ign_c': 0.12510188850164433, 'trop_agb_crit': 12.647327018493208, 'trop_k_veg': 2.1144348148283285, 'fuel_k': 4.710433409437071, 'fuel_half': 1.3323297901105766}.
[I 2026-07-22 20:40:45,239] Trial 720 finished with values: [10.828791012068343, 10.828791012068343] and parameters: {'k1': 0.008471801418819975, 'D_low': 216.6574784061471, 'k2': 0.0006863458703786212, 'D_high': 693439.2750387826, 'fire_exp': 1.5704801393982246, 'P_half': 355.00125258511594, 'pre_dampen_half': 13.472769577631588, 'gpp_af': 3.470266988650414, 'gpp_b': 2.852199954727099e-05, 'gpp_d': 352.0481045526035, 'ign_k': 2.7142572552186843, 'ign_c': 0.26691447170887805, 'trop_agb_crit': 12.647327018493208, 'trop_k_veg': 3.1470652177597604, 'fuel_k': 0.057024351269772615, 'fuel_half': 3.75205585512428}.
[I 2026-07-22 20:40:45,653] Trial 721 finished with values: [10.13433599674816, 10.13433599674816] and parameters: {'k1': 0.008471801418819975, 'D_low': 2240.9155921647994, 'k2': 0.014666151770108535, 'D_high': 693439.2750387826, 'fire_exp': 1.5625050303740562, 'P_half': 355.00125258511594, 'pre_dampen_half': 13.472769577631588, 'gpp_af': 0.05468366589489105, 'gpp_b': 0.004458440839692221, 'gpp_d': 12.338826503601998, 'ign_k': 3.965503094323014, 'ign_c': 17.583640270008498, 'trop_agb_crit': 12.647327018493208, 'trop_k_veg': 2.1144348148283285, 'fuel_k': 0.07002142869039267, 'fuel_half': 3.75205585512428}.
[I 2026-07-22 20:40:46,074] Trial 722 finished with values: [-0.6844773813106733, 0.07954126983956056] and parameters: {'k1': 0.00022704877557909215, 'D_low': 16.00237013173313, 'k2': 0.00033271381912662167, 'D_high': 6525529.853354094, 'fire_exp': 1.3230624590942492, 'P_half': 355.00125258511594, 'pre_dampen_half': 8.259599205585763, 'gpp_af': 0.03522602097143089, 'gpp_b': 2.852199954727099e-05, 'gpp_d': 12.338826503601998, 'ign_k': 2.136832907235876, 'ign_c': 22.126836566118193, 'trop_agb_crit': 2.7395739167173065, 'trop_k_veg': 3.1470652177597604, 'fuel_k': 0.07002142869039267, 'fuel_half': 0.6603566884894324}.
[I 2026-07-22 20:40:46,496] Trial 723 finished with values: [10.769081574469677, 10.769081574469677] and parameters: {'k1': 0.028401063201780267, 'D_low': 216.6574784061471, 'k2': 0.0006863458703786212, 'D_high': 6525529.853354094, 'fire_exp': 1.5704801393982246, 'P_half': 157.80309954142965, 'pre_dampen_half': 8.259599205585763, 'gpp_af': 0.03522602097143089, 'gpp_b': 6.236385698315355, 'gpp_d': 36.831884165358964, 'ign_k': 2.7142572552186843, 'ign_c': 22.126836566118193, 'trop_agb_crit': 2.7395739167173065, 'trop_k_veg': 2.724170387400844, 'fuel_k': 0.057024351269772615, 'fuel_half': 0.3036855685244964}.
[I 2026-07-22 20:40:46,917] Trial 724 finished with values: [11.363998330141465, 11.363998330141465] and parameters: {'k1': 0.028401063201780267, 'D_low': 16.00237013173313, 'k2': 0.00033271381912662167, 'D_high': 2742371.6496047364, 'fire_exp': 1.5191397119156032, 'P_half': 157.80309954142965, 'pre_dampen_half': 13.472769577631588, 'gpp_af': 0.03522602097143089, 'gpp_b': 0.00012118589392553798, 'gpp_d': 12.338826503601998, 'ign_k': 3.965503094323014, 'ign_c': 0.2939463458625969, 'trop_agb_crit': 2.679156169946616, 'trop_k_veg': 2.724170387400844, 'fuel_k': 0.025620781631399487, 'fuel_half': 0.6603566884894324}.
[I 2026-07-22 20:40:47,337] Trial 725 finished with values: [-0.5896604311812377, 0.12047965699490826] and parameters: {'k1': 0.0005370213021724642, 'D_low': 2240.9155921647994, 'k2': 0.014666151770108535, 'D_high': 2007776.2367162877, 'fire_exp': 1.8719045352638064, 'P_half': 102.4585893986732, 'pre_dampen_half': 13.472769577631588, 'gpp_af': 0.2901272149738624, 'gpp_b': 0.0028993292583566945, 'gpp_d': 352.0481045526035, 'ign_k': 0.013276678836047658, 'ign_c': 0.12510188850164433, 'trop_agb_crit': 2.679156169946616, 'trop_k_veg': 0.8170196702261714, 'fuel_k': 4.710433409437071, 'fuel_half': 1.3323297901105766}.
[I 2026-07-22 20:40:47,755] Trial 726 finished with values: [10.72580185538084, 10.72580185538084] and parameters: {'k1': 0.028401063201780267, 'D_low': 16.00237013173313, 'k2': 0.00033271381912662167, 'D_high': 6525529.853354094, 'fire_exp': 1.9025702662542903, 'P_half': 157.80309954142965, 'pre_dampen_half': 13.472769577631588, 'gpp_af': 0.04897515106470033, 'gpp_b': 0.00012118589392553798, 'gpp_d': 12.338826503601998, 'ign_k': 0.0029519227433917453, 'ign_c': 22.126836566118193, 'trop_agb_crit': 5.526463318565575, 'trop_k_veg': 2.1144348148283285, 'fuel_k': 4.0632364973692425, 'fuel_half': 0.30817917005205625}.
[I 2026-07-22 20:40:48,170] Trial 727 finished with values: [10.274927979666899, 10.274927979666899] and parameters: {'k1': 0.0009299619346742016, 'D_low': 74.2842595080558, 'k2': 0.0009562822793888481, 'D_high': 2742371.6496047364, 'fire_exp': 1.5532616753672623, 'P_half': 2.0598022365449626, 'pre_dampen_half': 0.7245868181143029, 'gpp_af': 0.05511595477601764, 'gpp_b': 0.004458440839692221, 'gpp_d': 352.0481045526035, 'ign_k': 0.10581992548039146, 'ign_c': 5.199673923878318, 'trop_agb_crit': 10.584071370490857, 'trop_k_veg': 2.2447221162684823, 'fuel_k': 0.025620781631399487, 'fuel_half': 0.3036855685244964}.
[I 2026-07-22 20:40:48,594] Trial 728 finished with values: [12.602646602307555, 12.602646602307555] and parameters: {'k1': 0.028401063201780267, 'D_low': 35.437765484261625, 'k2': 0.0006863458703786212, 'D_high': 693439.2750387826, 'fire_exp': 1.5532616753672623, 'P_half': 44.71679901231308, 'pre_dampen_half': 16.224010950061366, 'gpp_af': 0.15760080924500036, 'gpp_b': 0.0001605469768042801, 'gpp_d': 12.338826503601998, 'ign_k': 2.136832907235876, 'ign_c': 0.12510188850164433, 'trop_agb_crit': 6.187033415477641, 'trop_k_veg': 4.050700716504253, 'fuel_k': 0.07002142869039267, 'fuel_half': 1.0889347318773486}.
[I 2026-07-22 20:40:49,011] Trial 729 finished with values: [10.187038202355783, 10.187038202355783] and parameters: {'k1': 0.012840669372724958, 'D_low': 2240.9155921647994, 'k2': 0.015109086063191909, 'D_high': 693439.2750387826, 'fire_exp': 1.5625050303740562, 'P_half': 93.43302657318476, 'pre_dampen_half': 13.472769577631588, 'gpp_af': 0.2901272149738624, 'gpp_b': 0.004458440839692221, 'gpp_d': 12.338826503601998, 'ign_k': 3.965503094323014, 'ign_c': 0.2939463458625969, 'trop_agb_crit': 2.679156169946616, 'trop_k_veg': 2.1144348148283285, 'fuel_k': 0.0196585949605869, 'fuel_half': 3.75205585512428}.
[I 2026-07-22 20:40:49,432] Trial 730 finished with values: [10.76779140767824, 10.76779140767824] and parameters: {'k1': 0.008471801418819975, 'D_low': 2.4063018320720926, 'k2': 0.0009562822793888481, 'D_high': 2413579.2291304003, 'fire_exp': 1.5532616753672623, 'P_half': 355.00125258511594, 'pre_dampen_half': 16.224010950061366, 'gpp_af': 3.470266988650414, 'gpp_b': 1.3289448722869181e-05, 'gpp_d': 12.151631524283598, 'ign_k': 2.136832907235876, 'ign_c': 36.585185277368105, 'trop_agb_crit': 12.647327018493208, 'trop_k_veg': 1.9658897090912955, 'fuel_k': 0.07002142869039267, 'fuel_half': 3.75205585512428}.
[I 2026-07-22 20:40:49,850] Trial 731 finished with values: [-0.701500501242101, 0.03800060148319573] and parameters: {'k1': 0.028401063201780267, 'D_low': 1.6752866684650682, 'k2': 0.00033271381912662167, 'D_high': 2413579.2291304003, 'fire_exp': 1.5191397119156032, 'P_half': 157.80309954142965, 'pre_dampen_half': 16.224010950061366, 'gpp_af': 0.03522602097143089, 'gpp_b': 0.004458440839692221, 'gpp_d': 12.338826503601998, 'ign_k': 2.136832907235876, 'ign_c': 22.126836566118193, 'trop_agb_crit': 13.050465147768051, 'trop_k_veg': 1.3987664054208562, 'fuel_k': 0.025620781631399487, 'fuel_half': 0.6603566884894324}.
[I 2026-07-22 20:40:50,276] Trial 732 finished with values: [10.341700966776578, 10.341700966776578] and parameters: {'k1': 0.028401063201780267, 'D_low': 2240.9155921647994, 'k2': 0.0009562822793888481, 'D_high': 2413579.2291304003, 'fire_exp': 1.5532616753672623, 'P_half': 355.00125258511594, 'pre_dampen_half': 13.472769577631588, 'gpp_af': 0.2901272149738624, 'gpp_b': 1.3289448722869181e-05, 'gpp_d': 352.0481045526035, 'ign_k': 2.136832907235876, 'ign_c': 0.26691447170887805, 'trop_agb_crit': 12.647327018493208, 'trop_k_veg': 3.1470652177597604, 'fuel_k': 0.10978148458640455, 'fuel_half': 0.3036855685244964}.
[I 2026-07-22 20:40:50,692] Trial 733 finished with values: [11.100467483102644, 11.100467483102644] and parameters: {'k1': 0.008471801418819975, 'D_low': 16.00237013173313, 'k2': 0.015109086063191909, 'D_high': 693439.2750387826, 'fire_exp': 1.5191397119156032, 'P_half': 157.80309954142965, 'pre_dampen_half': 8.259599205585763, 'gpp_af': 0.03522602097143089, 'gpp_b': 0.00012118589392553798, 'gpp_d': 274.48645214004335, 'ign_k': 2.136832907235876, 'ign_c': 0.26691447170887805, 'trop_agb_crit': 5.526463318565575, 'trop_k_veg': 2.724170387400844, 'fuel_k': 0.07002142869039267, 'fuel_half': 71.14476009343416}.
