[I 2026-08-20 00:08:02,878] Trial 188 finished with value: 0.6249599493823764 and parameters: {'k1': 0.027087090767098584, 'D_low': 429.9919940118653, 'k2': 0.047628889626283116, 'D_high': 1027948.1211047459, 'fire_exp': 3.493289173341171, 'P_half': 12.555299503859192, 'pre_dampen_half': 3.4927530851816746, 'gpp_af': 31.160947592397, 'gpp_b': 0.00036911927567034706, 'gpp_d': 1.4895154892283644, 'ign_k': 0.001975217223685557, 'ign_c': 0.45986388393946537, 'trop_agb_crit': 7.965875064743897, 'trop_k_veg': 7.6629547264824645}. Best is trial 0 with value: -0.5989088506199346.
[I 2026-08-20 00:08:05,311] Trial 189 finished with value: 0.458995910674324 and parameters: {'k1': 0.017032235697571032, 'D_low': 87.51703355738098, 'k2': 0.06181116092638463, 'D_high': 224006.08485170576, 'fire_exp': 1.0972514103946363, 'P_half': 2.5341184605642315, 'pre_dampen_half': 8.028517794298374, 'gpp_af': 47.552673473374114, 'gpp_b': 0.00011565394853338427, 'gpp_d': 250.9707163384584, 'ign_k': 0.0017642026826686552, 'ign_c': 0.2762516624249017, 'trop_agb_crit': 21.379701427992146, 'trop_k_veg': 5.099380144313247}. Best is trial 0 with value: -0.5989088506199346.
[I 2026-08-20 00:08:07,812] Trial 190 finished with value: 0.5376037835334014 and parameters: {'k1': 4.1966443133581334e-05, 'D_low': 103893.8324009979, 'k2': 0.005709467756740071, 'D_high': 505304.77665856894, 'fire_exp': 1.0370298225334282, 'P_half': 229.11274977782685, 'pre_dampen_half': 667.529214666288, 'gpp_af': 0.11333944621515504, 'gpp_b': 1.7778680923083423e-05, 'gpp_d': 192.86830963394144, 'ign_k': 0.018139104247107164, 'ign_c': 0.22108421029724679, 'trop_agb_crit': 15.472584466923237, 'trop_k_veg': 6.105292986543929}. Best is trial 0 with value: -0.5989088506199346.
[I 2026-08-20 00:08:10,310] Trial 191 finished with value: 0.6445374145881376 and parameters: {'k1': 9.25855843848546e-05, 'D_low': 4.50113990334932, 'k2': 0.007664910026218196, 'D_high': 494974.92923413834, 'fire_exp': 1.4842231060170716, 'P_half': 6.394381242258733, 'pre_dampen_half': 156.36231617747532, 'gpp_af': 0.003218770734446382, 'gpp_b': 1.2615563584568127e-05, 'gpp_d': 0.5996789126235901, 'ign_k': 1.4317992781940536, 'ign_c': 213.20019223484465, 'trop_agb_crit': 24.458156423578977, 'trop_k_veg': 4.577882704433462}. Best is trial 0 with value: -0.5989088506199346.
[I 2026-08-20 00:08:13,070] Trial 192 finished with value: 0.6410899658602152 and parameters: {'k1': 0.001629446925482683, 'D_low': 311605.9547209146, 'k2': 0.015739237762319367, 'D_high': 542764.6334574522, 'fire_exp': 1.5004626303348416, 'P_half': 155.81082022327038, 'pre_dampen_half': 605.1541092873263, 'gpp_af': 4.832940280764252, 'gpp_b': 0.011737762129406542, 'gpp_d': 12.76518980467948, 'ign_k': 0.008979208117040624, 'ign_c': 4.345861624149522, 'trop_agb_crit': 14.48089102112872, 'trop_k_veg': 2.290189237789337}. Best is trial 0 with value: -0.5989088506199346.
[I 2026-08-20 00:08:15,549] Trial 193 finished with value: 0.5531501641076775 and parameters: {'k1': 0.00018745661273324727, 'D_low': 9.091233094997945, 'k2': 0.0025215339582727965, 'D_high': 107519.23242172347, 'fire_exp': 7.103119836992542, 'P_half': 74.06994203187652, 'pre_dampen_half': 44.39634162972257, 'gpp_af': 0.010969312679298099, 'gpp_b': 1.8353351195883378e-05, 'gpp_d': 3.024533435137302, 'ign_k': 1.326789128577354, 'ign_c': 0.24612996315910818, 'trop_agb_crit': 6.117574955075922, 'trop_k_veg': 0.5745456013453404}. Best is trial 0 with value: -0.5989088506199346.
[I 2026-08-20 00:08:18,066] Trial 194 finished with value: -0.4801356490341777 and parameters: {'k1': 0.01751606437810954, 'D_low': 26467.794551111056, 'k2': 0.09990973494713952, 'D_high': 1425585.08885109, 'fire_exp': 1.1947132001372276, 'P_half': 19.015823627597243, 'pre_dampen_half': 22.525433274803884, 'gpp_af': 48.93020176512853, 'gpp_b': 5.44659825490771e-05, 'gpp_d': 36.235072571715136, 'ign_k': 0.001940171963455186, 'ign_c': 0.4739697986205834, 'trop_agb_crit': 16.66064116285165, 'trop_k_veg': 6.545924362262741}. Best is trial 0 with value: -0.5989088506199346.
[I 2026-08-20 00:08:20,527] Trial 195 finished with value: 0.6084643797265665 and parameters: {'k1': 0.005234474540918887, 'D_low': 262902.8929349843, 'k2': 0.02449977853170376, 'D_high': 3173952.27957966, 'fire_exp': 1.0679912073176885, 'P_half': 1.3414225637385477, 'pre_dampen_half': 548.8833879091331, 'gpp_af': 6.625047584549937, 'gpp_b': 0.0009994148344851835, 'gpp_d': 38.3591406263741, 'ign_k': 0.035014095409097216, 'ign_c': 2.1576619395238623, 'trop_agb_crit': 6.045152226368101, 'trop_k_veg': 6.863949122732459}. Best is trial 0 with value: -0.5989088506199346.
[I 2026-08-20 00:08:22,985] Trial 196 finished with value: -0.5178412760055393 and parameters: {'k1': 3.3813780975758804e-05, 'D_low': 2995.6301601250207, 'k2': 0.0020248032490350933, 'D_high': 380571.29034270474, 'fire_exp': 1.1714741527867423, 'P_half': 793.7916732987378, 'pre_dampen_half': 86.81908606369231, 'gpp_af': 2.2040385116234815, 'gpp_b': 0.0014292045482527337, 'gpp_d': 5.7003229406230576, 'ign_k': 0.0786018067820852, 'ign_c': 0.683979987134622, 'trop_agb_crit': 8.029871962067652, 'trop_k_veg': 3.895099136765042}. Best is trial 0 with value: -0.5989088506199346.
[I 2026-08-20 00:08:25,418] Trial 197 finished with value: 0.5658452860303471 and parameters: {'k1': 0.0001224108535675768, 'D_low': 2831.155023607694, 'k2': 0.004662421441113391, 'D_high': 221491.40125406403, 'fire_exp': 1.486589504369038, 'P_half': 557.9474627196903, 'pre_dampen_half': 111.51365379973721, 'gpp_af': 0.17058277003630978, 'gpp_b': 9.608914338389806e-05, 'gpp_d': 0.24966592152323258, 'ign_k': 0.014577389347066446, 'ign_c': 2.903141091014598, 'trop_agb_crit': 19.560007020063455, 'trop_k_veg': 6.104416343437896}. Best is trial 0 with value: -0.5989088506199346.
[I 2026-08-20 00:08:27,839] Trial 198 finished with value: 0.45530923244543475 and parameters: {'k1': 0.000599248983005356, 'D_low': 2369.703523608794, 'k2': 0.05939078198852004, 'D_high': 94238.91515830305, 'fire_exp': 1.0558405617955056, 'P_half': 20.704601303130882, 'pre_dampen_half': 917.011973333892, 'gpp_af': 0.005444191548272832, 'gpp_b': 0.0009322097676417507, 'gpp_d': 453.89433004721525, 'ign_k': 0.02708986196540721, 'ign_c': 3.0658498426500738, 'trop_agb_crit': 4.657240954597076, 'trop_k_veg': 5.835427684664258}. Best is trial 0 with value: -0.5989088506199346.
[I 2026-08-20 00:08:30,131] Trial 199 finished with value: 0.5264775696911994 and parameters: {'k1': 0.06055850480664615, 'D_low': 463.2585616294043, 'k2': 0.03801361312243434, 'D_high': 9344136.018393623, 'fire_exp': 1.387328406060673, 'P_half': 5.522828698984957, 'pre_dampen_half': 0.5435102455391286, 'gpp_af': 1.0137039293967038, 'gpp_b': 0.003974923596793162, 'gpp_d': 124.83063120587417, 'ign_k': 0.001094812268780327, 'ign_c': 0.20863853352735104, 'trop_agb_crit': 4.957610986192344, 'trop_k_veg': 5.022745962329887}. Best is trial 0 with value: -0.5989088506199346.
[I 2026-08-20 00:08:32,476] Trial 200 finished with value: 0.6000181552465603 and parameters: {'k1': 4.8361134325328895e-05, 'D_low': 92882.96891234815, 'k2': 4.665831556385116e-05, 'D_high': 805245.3013918652, 'fire_exp': 1.7330518153455028, 'P_half': 1134.232988655956, 'pre_dampen_half': 462.6611548317676, 'gpp_af': 6.879489735008002, 'gpp_b': 0.0017199831580642228, 'gpp_d': 10.171469156973608, 'ign_k': 0.03375657787502715, 'ign_c': 0.9875929360515425, 'trop_agb_crit': 4.936609013136644, 'trop_k_veg': 4.124886928402441}. Best is trial 0 with value: -0.5989088506199346.
[I 2026-08-20 00:08:35,942] Trial 201 finished with value: 0.5226874934598272 and parameters: {'k1': 0.0033481767907396205, 'D_low': 88910.9107193363, 'k2': 0.017872010729448103, 'D_high': 6055771.439339222, 'fire_exp': 1.689704501639243, 'P_half': 60.317406036534656, 'pre_dampen_half': 185.64024759275517, 'gpp_af': 8.110210859787703, 'gpp_b': 0.00031455787290845703, 'gpp_d': 207.84284121840957, 'ign_k': 0.09273272798675772, 'ign_c': 1.5630405754955332, 'trop_agb_crit': 6.211144059937297, 'trop_k_veg': 1.5810658884048565}. Best is trial 0 with value: -0.5989088506199346.
[I 2026-08-20 00:08:38,281] Trial 202 finished with value: -0.43108601230729676 and parameters: {'k1': 0.0021397126208800915, 'D_low': 14.3062759871406, 'k2': 0.0007673915734314015, 'D_high': 1059.570835224824, 'fire_exp': 1.310676437314764, 'P_half': 449.70376038365293, 'pre_dampen_half': 139.2047268295545, 'gpp_af': 0.015365052251578611, 'gpp_b': 0.0004349457027942396, 'gpp_d': 27.530018514382743, 'ign_k': 9.467189605843126, 'ign_c': 1.3156998068676233, 'trop_agb_crit': 25.40075496597764, 'trop_k_veg': 1.5554302776043154}. Best is trial 0 with value: -0.5989088506199346.
[I 2026-08-20 00:08:40,541] Trial 203 finished with value: 0.5663400136395519 and parameters: {'k1': 0.008508063187656598, 'D_low': 1301.1414171876527, 'k2': 0.015047469915828494, 'D_high': 5431560.590421877, 'fire_exp': 1.4323893895915005, 'P_half': 3.12913928250143, 'pre_dampen_half': 7.499580414850894, 'gpp_af': 35.79455050903991, 'gpp_b': 0.04048359930920135, 'gpp_d': 4.0731505339252605, 'ign_k': 0.001223817473908966, 'ign_c': 11.78878345881991, 'trop_agb_crit': 14.64318151600226, 'trop_k_veg': 7.884505120087365}. Best is trial 0 with value: -0.5989088506199346.
[I 2026-08-20 00:08:42,798] Trial 204 finished with value: 0.5758469738811746 and parameters: {'k1': 4.553882526059984e-05, 'D_low': 5275.184039867836, 'k2': 0.002293988449916515, 'D_high': 668287.9429984882, 'fire_exp': 1.2827107468815753, 'P_half': 1372.8933926588522, 'pre_dampen_half': 14.62033576924318, 'gpp_af': 16.327349991470534, 'gpp_b': 0.01492906717054664, 'gpp_d': 8.850776473194287, 'ign_k': 0.054770926854530444, 'ign_c': 0.48426264936603475, 'trop_agb_crit': 5.3141922504198895, 'trop_k_veg': 1.9500228051617765}. Best is trial 0 with value: -0.5989088506199346.
[I 2026-08-20 00:08:45,183] Trial 205 finished with value: 0.6211710181949872 and parameters: {'k1': 3.666752946717106e-05, 'D_low': 427.92416503338916, 'k2': 0.00017616497442636783, 'D_high': 488.57643618475055, 'fire_exp': 1.0507792517899517, 'P_half': 942.7194908312437, 'pre_dampen_half': 76.88601741654332, 'gpp_af': 0.754791951178122, 'gpp_b': 5.006805918718198e-05, 'gpp_d': 0.46897291917677975, 'ign_k': 0.041199104979664225, 'ign_c': 2.6443199480344095, 'trop_agb_crit': 5.644184266998104, 'trop_k_veg': 4.920188810405444}. Best is trial 0 with value: -0.5989088506199346.
[I 2026-08-20 00:08:47,379] Trial 206 finished with value: 0.45817046772608094 and parameters: {'k1': 0.0012796123354740518, 'D_low': 41.80042728281246, 'k2': 0.002248574183115107, 'D_high': 2680597.5856144694, 'fire_exp': 1.2818942940632962, 'P_half': 4.6137905390093525, 'pre_dampen_half': 45.884109927071876, 'gpp_af': 1.050610260990761, 'gpp_b': 0.0007803989881356867, 'gpp_d': 85.16061136847647, 'ign_k': 0.077816704786208, 'ign_c': 0.11455021555784561, 'trop_agb_crit': 21.55030923100649, 'trop_k_veg': 4.952641960636037}. Best is trial 0 with value: -0.5989088506199346.
[I 2026-08-20 00:08:49,519] Trial 207 finished with value: 0.5406123424744486 and parameters: {'k1': 0.0006668959224469579, 'D_low': 31809.061220491538, 'k2': 0.007611634624232878, 'D_high': 2466044.904163198, 'fire_exp': 1.1907414904859481, 'P_half': 90.05431126294671, 'pre_dampen_half': 3.1550553354531616, 'gpp_af': 0.11434241873447044, 'gpp_b': 0.00019090110024763384, 'gpp_d': 47.7813969665037, 'ign_k': 0.0356740081132978, 'ign_c': 15.467942226952102, 'trop_agb_crit': 22.658725967144225, 'trop_k_veg': 2.423252143009854}. Best is trial 0 with value: -0.5989088506199346.
[I 2026-08-20 00:08:51,809] Trial 208 finished with value: 0.5076852384568025 and parameters: {'k1': 8.196701282665335e-05, 'D_low': 32.378368408890196, 'k2': 0.049744456839971495, 'D_high': 1046628.2327782805, 'fire_exp': 2.092285831184925, 'P_half': 6.0331933618459335, 'pre_dampen_half': 3.048278914785646, 'gpp_af': 0.0016344428998660457, 'gpp_b': 0.0002569739774159888, 'gpp_d': 8.00084195057472, 'ign_k': 1.489968404561954, 'ign_c': 0.13647799390152715, 'trop_agb_crit': 2.339292587923334, 'trop_k_veg': 1.6300846276550465}. Best is trial 0 with value: -0.5989088506199346.
[I 2026-08-20 00:08:54,071] Trial 209 finished with value: 0.5450538424994473 and parameters: {'k1': 0.00020252006974126407, 'D_low': 72878.73876302116, 'k2': 4.442507115040516e-05, 'D_high': 249826.1873031918, 'fire_exp': 2.0190145093650087, 'P_half': 16.872196026713176, 'pre_dampen_half': 183.77183266803254, 'gpp_af': 0.8364680463466504, 'gpp_b': 0.00044604552357920604, 'gpp_d': 0.3549388069021971, 'ign_k': 0.5263698269223392, 'ign_c': 18.051923855482592, 'trop_agb_crit': 18.93082392176628, 'trop_k_veg': 0.6639714246452705}. Best is trial 0 with value: -0.5989088506199346.
[I 2026-08-20 00:08:56,267] Trial 210 finished with value: -0.5291614823445956 and parameters: {'k1': 0.007231487527267457, 'D_low': 328.68139852273197, 'k2': 0.01659490004783898, 'D_high': 3167185.9718402917, 'fire_exp': 1.8194002886499252, 'P_half': 84.42346397307998, 'pre_dampen_half': 580.0704239458775, 'gpp_af': 0.05661056171617366, 'gpp_b': 8.244196458257552e-05, 'gpp_d': 549.9760306147518, 'ign_k': 0.011870153594227103, 'ign_c': 9.547496245753788, 'trop_agb_crit': 1.689871552123873, 'trop_k_veg': 4.875913750072146}. Best is trial 0 with value: -0.5989088506199346.
[I 2026-08-20 00:08:59,318] Trial 211 finished with value: -0.5424895635742559 and parameters: {'k1': 0.016023729570796914, 'D_low': 2535.9282852021183, 'k2': 0.009359130994240293, 'D_high': 2191932.4934241753, 'fire_exp': 2.3115539254401547, 'P_half': 209.8491655969947, 'pre_dampen_half': 64.30102435930223, 'gpp_af': 0.39544740908355713, 'gpp_b': 0.00012014311067409415, 'gpp_d': 476.3130894216973, 'ign_k': 0.07312046085404164, 'ign_c': 5.833128909551755, 'trop_agb_crit': 1.0090605200098186, 'trop_k_veg': 6.454000550701618}. Best is trial 0 with value: -0.5989088506199346.
[I 2026-08-20 00:09:01,600] Trial 212 finished with value: 0.4514136843173292 and parameters: {'k1': 0.005043982564167793, 'D_low': 27.29564569595899, 'k2': 0.0013495437796899386, 'D_high': 128684.08565801455, 'fire_exp': 2.0148960888771463, 'P_half': 345.21794272282926, 'pre_dampen_half': 610.2463814694652, 'gpp_af': 3.6891186464751184, 'gpp_b': 9.405907446790069e-05, 'gpp_d': 325.1782698614679, 'ign_k': 0.12833674390168714, 'ign_c': 6.323844697414759, 'trop_agb_crit': 1.3473292985077157, 'trop_k_veg': 6.371507624088105}. Best is trial 0 with value: -0.5989088506199346.
[I 2026-08-20 00:09:03,926] Trial 213 finished with value: 0.5829736525296456 and parameters: {'k1': 0.020921079038197413, 'D_low': 2217.4602117056515, 'k2': 0.007649810002990472, 'D_high': 41830.8646925085, 'fire_exp': 4.176592672817036, 'P_half': 74.2443862609156, 'pre_dampen_half': 4.884649309730999, 'gpp_af': 0.7063609997152823, 'gpp_b': 0.00013965563536166468, 'gpp_d': 109.74343732993884, 'ign_k': 0.05730791005615169, 'ign_c': 3.472791348928438, 'trop_agb_crit': 1.325760241464086, 'trop_k_veg': 3.2117895600403896}. Best is trial 0 with value: -0.5989088506199346.
[I 2026-08-20 00:09:06,799] Trial 214 finished with value: 0.6446732439887845 and parameters: {'k1': 0.00012814397731415665, 'D_low': 5.273125402072614, 'k2': 0.0018742135718166435, 'D_high': 4990.263016118731, 'fire_exp': 1.8876802311785554, 'P_half': 245.89847382352832, 'pre_dampen_half': 108.0440633559057, 'gpp_af': 0.003061314947330778, 'gpp_b': 1.2511603147033417e-05, 'gpp_d': 1.6050764194162157, 'ign_k': 1.626593423629253, 'ign_c': 34.794795960601206, 'trop_agb_crit': 24.49096053147409, 'trop_k_veg': 2.8611857754237042}. Best is trial 0 with value: -0.5989088506199346.
[I 2026-08-20 00:09:09,023] Trial 215 finished with value: -0.5182696850155929 and parameters: {'k1': 0.07291696076615223, 'D_low': 1843.4272653127493, 'k2': 0.011820838339006932, 'D_high': 1009850.8004197688, 'fire_exp': 1.1438877595552486, 'P_half': 65.7240364131958, 'pre_dampen_half': 3.4946729640566336, 'gpp_af': 6.659414598433188, 'gpp_b': 0.0004394404989299415, 'gpp_d': 141.52598881392507, 'ign_k': 0.03559152492099183, 'ign_c': 30.71506277106975, 'trop_agb_crit': 1.8263030384535937, 'trop_k_veg': 7.9686413366009425}. Best is trial 0 with value: -0.5989088506199346.
[I 2026-08-20 00:09:11,444] Trial 216 finished with value: 0.49910223338104487 and parameters: {'k1': 0.01435859257368983, 'D_low': 152.3515904321608, 'k2': 0.034436552314685336, 'D_high': 266381.14872899867, 'fire_exp': 1.5523275762293203, 'P_half': 373.2045246940281, 'pre_dampen_half': 5.971642600279139, 'gpp_af': 47.62397981417434, 'gpp_b': 0.007512093493380026, 'gpp_d': 584.8175620681251, 'ign_k': 0.7544521507579358, 'ign_c': 24.056888089146923, 'trop_agb_crit': 1.449597886848065, 'trop_k_veg': 7.059799560337236}. Best is trial 0 with value: -0.5989088506199346.
[I 2026-08-20 00:09:13,771] Trial 217 finished with value: 0.5569158707676822 and parameters: {'k1': 0.007195274199981298, 'D_low': 1861.7957390134707, 'k2': 0.012435097913867656, 'D_high': 1333451.3344617032, 'fire_exp': 2.215366026048258, 'P_half': 259.54170234413573, 'pre_dampen_half': 259.0870453504359, 'gpp_af': 1.3816524466291669, 'gpp_b': 0.0003342940486655225, 'gpp_d': 36.015126267821664, 'ign_k': 0.0015230029601287778, 'ign_c': 4.597015672743963, 'trop_agb_crit': 4.688347383659066, 'trop_k_veg': 7.200134399510738}. Best is trial 0 with value: -0.5989088506199346.
[I 2026-08-20 00:09:16,063] Trial 218 finished with value: 0.44030280450824555 and parameters: {'k1': 0.002984913943943779, 'D_low': 7232.806908770448, 'k2': 0.004633318474781342, 'D_high': 1381771.0438856788, 'fire_exp': 2.7558621297810713, 'P_half': 74.64889516214066, 'pre_dampen_half': 49.530067213910264, 'gpp_af': 1.8695315364377438, 'gpp_b': 7.909573677401041e-05, 'gpp_d': 648.5726677468202, 'ign_k': 0.2619773675243911, 'ign_c': 0.8865390822476921, 'trop_agb_crit': 1.253788067809253, 'trop_k_veg': 6.135123169867439}. Best is trial 0 with value: -0.5989088506199346.
[I 2026-08-20 00:09:18,371] Trial 219 finished with value: 0.5602982336899875 and parameters: {'k1': 0.032512382710618994, 'D_low': 520.8838938454338, 'k2': 0.03971057814747341, 'D_high': 4841235.167390969, 'fire_exp': 1.1727125774993499, 'P_half': 52.115882490641596, 'pre_dampen_half': 0.8289279228776951, 'gpp_af': 0.6934491899926194, 'gpp_b': 5.655647321488615e-05, 'gpp_d': 51.94121843539984, 'ign_k': 0.1745178855201004, 'ign_c': 34.16616452666975, 'trop_agb_crit': 1.7197471008136842, 'trop_k_veg': 5.060038837279769}. Best is trial 0 with value: -0.5989088506199346.
[I 2026-08-20 00:09:21,186] Trial 220 finished with value: 0.5391983219378302 and parameters: {'k1': 0.027390371196500504, 'D_low': 11290.006783427176, 'k2': 0.008777956958127425, 'D_high': 8095744.220053266, 'fire_exp': 1.5126633541712555, 'P_half': 79.57145931145884, 'pre_dampen_half': 9.177148357541842, 'gpp_af': 0.10985266869760407, 'gpp_b': 0.0006871248078277579, 'gpp_d': 76.40494266136466, 'ign_k': 0.003434226014784759, 'ign_c': 38.17141822461169, 'trop_agb_crit': 1.1164170815885877, 'trop_k_veg': 4.099642724880384}. Best is trial 0 with value: -0.5989088506199346.
[I 2026-08-20 00:09:23,608] Trial 221 finished with value: 0.5754117164690284 and parameters: {'k1': 0.009960724269385055, 'D_low': 2256.033246675044, 'k2': 0.0034004164110884314, 'D_high': 4533773.408764405, 'fire_exp': 2.889067089589636, 'P_half': 142.80091074227448, 'pre_dampen_half': 28.148891332112647, 'gpp_af': 2.0155796753685666, 'gpp_b': 0.0005823713423592213, 'gpp_d': 599.2475362148602, 'ign_k': 0.01881053524130011, 'ign_c': 17.0465232818226, 'trop_agb_crit': 1.2151865899760295, 'trop_k_veg': 5.82444818154414}. Best is trial 0 with value: -0.5989088506199346.
[I 2026-08-20 00:09:26,013] Trial 222 finished with value: 0.5829087666445256 and parameters: {'k1': 0.003721590203156335, 'D_low': 2036.7273342447097, 'k2': 0.00189616461193361, 'D_high': 14792.78330620253, 'fire_exp': 1.1373915210881915, 'P_half': 1210.1896722402848, 'pre_dampen_half': 889.6513668833974, 'gpp_af': 0.2674423876180067, 'gpp_b': 1.4464239475018577e-05, 'gpp_d': 84.83768471400268, 'ign_k': 0.001672604871967151, 'ign_c': 23.36020667266899, 'trop_agb_crit': 1.066798414316899, 'trop_k_veg': 2.971957767762709}. Best is trial 0 with value: -0.5989088506199346.
[I 2026-08-20 00:09:28,368] Trial 223 finished with value: 0.4347645033117118 and parameters: {'k1': 0.009365677020476516, 'D_low': 168.20118433225153, 'k2': 0.06504468344709993, 'D_high': 4535514.768880946, 'fire_exp': 1.5248297153446615, 'P_half': 257.7928728060241, 'pre_dampen_half': 573.7564262836644, 'gpp_af': 0.004236669776469352, 'gpp_b': 2.7945367648370153e-05, 'gpp_d': 877.5504050185355, 'ign_k': 0.04888328673417607, 'ign_c': 0.9253669675838428, 'trop_agb_crit': 1.4456955322873541, 'trop_k_veg': 4.943902534926802}. Best is trial 0 with value: -0.5989088506199346.
[I 2026-08-20 00:09:30,741] Trial 224 finished with value: 0.5538454238587983 and parameters: {'k1': 0.00045540278159304483, 'D_low': 2027.5106438574464, 'k2': 0.0007546203639970253, 'D_high': 1075526.9808724106, 'fire_exp': 1.146482297387087, 'P_half': 4781.378460738822, 'pre_dampen_half': 240.56731078851777, 'gpp_af': 0.8252999869782385, 'gpp_b': 0.001624666654069333, 'gpp_d': 8.019168156043325, 'ign_k': 0.12410990257517146, 'ign_c': 3.5371698124204, 'trop_agb_crit': 6.348653891306229, 'trop_k_veg': 5.937499028127265}. Best is trial 0 with value: -0.5989088506199346.
[I 2026-08-20 00:09:33,098] Trial 225 finished with value: 0.5355423949665292 and parameters: {'k1': 0.004172958722273143, 'D_low': 2199.527079328638, 'k2': 0.018107006023257995, 'D_high': 1983358.2575752942, 'fire_exp': 2.0974596697497296, 'P_half': 224.2395417264186, 'pre_dampen_half': 434.13673997043384, 'gpp_af': 0.03529948402579106, 'gpp_b': 0.00014130162008505094, 'gpp_d': 905.9465170144648, 'ign_k': 0.0021967956661383746, 'ign_c': 3.080754282945338, 'trop_agb_crit': 2.8457701567500924, 'trop_k_veg': 2.772180138604117}. Best is trial 0 with value: -0.5989088506199346.
