[I 2026-06-09 12:02:41,866] Trial 117 finished with values: [10.892832273272806, 10.892832273272806] and parameters: {'k1': 0.018709365688887352, 'D_low': 2772.8241828010623, 'k2': 1.0661259689433896e-05, 'D_high': 1687.3495104568947, 'fire_exp': 2.6146345949334338, 'P_half': 608.3019192425825, 'pre_dampen_half': 7.084445284509009, 'gpp_af': 0.0487613652796118, 'gpp_b': 0.04898277215907763, 'gpp_d': 891.8036602897795, 'ign_k': 0.1188946976953047, 'ign_c': 11.83909783475769, 'trop_agb_crit': 19.76907790520487, 'trop_k_veg': 7.397964260767156}.
[I 2026-06-09 12:02:42,897] Trial 118 finished with values: [10.892855945899829, 10.892855945899829] and parameters: {'k1': 0.0003199177539819797, 'D_low': 485.6157707765674, 'k2': 0.012840669372724958, 'D_high': 12282.126524008485, 'fire_exp': 3.312558076145948, 'P_half': 2562.866600016356, 'pre_dampen_half': 0.03597389076048621, 'gpp_af': 0.6378078463802858, 'gpp_b': 1.1698276136056565e-05, 'gpp_d': 1.0409127568994274, 'ign_k': 0.003436061384470262, 'ign_c': 398.1755305338539, 'trop_agb_crit': 1.4914219038863046, 'trop_k_veg': 2.7918824618432367}.
[I 2026-06-09 12:02:43,921] Trial 119 finished with values: [10.892137077493711, 10.892137077493711] and parameters: {'k1': 0.0876197110102369, 'D_low': 9.29439415564499, 'k2': 0.00488137519160367, 'D_high': 401.2413353131992, 'fire_exp': 1.7283732813150752, 'P_half': 818.2111518618419, 'pre_dampen_half': 0.6901057779813305, 'gpp_af': 0.8533931648032835, 'gpp_b': 1.7512190196560324, 'gpp_d': 11.40961991569626, 'ign_k': 0.002296989871634209, 'ign_c': 219.38654178115047, 'trop_agb_crit': 2.9773579612263776, 'trop_k_veg': 2.3958419424586768}.
[I 2026-06-09 12:02:44,965] Trial 120 finished with values: [10.892843157430558, 10.892843157430558] and parameters: {'k1': 2.7703009300353648e-05, 'D_low': 5.110256715654394, 'k2': 3.23559867820537e-05, 'D_high': 388.28370252806803, 'fire_exp': 6.270401727457848, 'P_half': 3.978045163053008, 'pre_dampen_half': 0.14004157167233572, 'gpp_af': 43.811973159775704, 'gpp_b': 0.20903510132454275, 'gpp_d': 681.1991466118568, 'ign_k': 7.152863022216533, 'ign_c': 14.821691630007535, 'trop_agb_crit': 2.3547117006289287, 'trop_k_veg': 1.4543665408669184}.
[I 2026-06-09 12:02:46,514] Trial 121 finished with values: [10.892856426300245, 10.892856426300245] and parameters: {'k1': 0.0024527450543222412, 'D_low': 1.533916259116362, 'k2': 3.8751982355100445e-05, 'D_high': 48.094619675015736, 'fire_exp': 1.1615865989246452, 'P_half': 6245.139574743073, 'pre_dampen_half': 673.2248920775328, 'gpp_af': 1.0059683154936925, 'gpp_b': 0.00903043277479757, 'gpp_d': 0.44030949559517685, 'ign_k': 0.5456725485601477, 'ign_c': 45.72426132532171, 'trop_agb_crit': 1.5144860262751405, 'trop_k_veg': 0.7147540960400226}.
[I 2026-06-09 12:02:48,592] Trial 122 finished with values: [10.891173435320983, 10.891173435320983] and parameters: {'k1': 6.615437365561391e-05, 'D_low': 5.790964233881213, 'k2': 1.4002277211577026e-05, 'D_high': 34.487261314487384, 'fire_exp': 1.157110862187662, 'P_half': 9116.768553735348, 'pre_dampen_half': 0.4090432448301885, 'gpp_af': 11.20397753296041, 'gpp_b': 0.00011277885258222645, 'gpp_d': 1.5988721385117124, 'ign_k': 4.546192107824457, 'ign_c': 24.129868904539222, 'trop_agb_crit': 1.6955424480598023, 'trop_k_veg': 0.8280056526977017}.
[I 2026-06-09 12:02:49,906] Trial 123 finished with values: [10.816759026231368, 10.816759026231368] and parameters: {'k1': 0.0019339745640818936, 'D_low': 102.53722513378383, 'k2': 0.011966626407443505, 'D_high': 39655.03094323017, 'fire_exp': 2.10707132280748, 'P_half': 50.32059347286801, 'pre_dampen_half': 1.241231030920016, 'gpp_af': 1.3218737536384089, 'gpp_b': 4.886759303288982e-05, 'gpp_d': 500.2195003344709, 'ign_k': 0.014273228319112995, 'ign_c': 21.132597710340573, 'trop_agb_crit': 1.6904893834415775, 'trop_k_veg': 1.8981057964668895}.
[I 2026-06-09 12:02:51,198] Trial 124 finished with values: [10.550195707543145, 10.550195707543145] and parameters: {'k1': 1.263794633808287e-05, 'D_low': 12.115155843077673, 'k2': 0.0005700142105246941, 'D_high': 20.59802236544963, 'fire_exp': 1.060109541566103, 'P_half': 108.21382910613987, 'pre_dampen_half': 345.01054536130147, 'gpp_af': 0.017638479543546873, 'gpp_b': 0.0028426125329232715, 'gpp_d': 0.0735311909944862, 'ign_k': 0.008226074946221037, 'ign_c': 1.0022396791143333, 'trop_agb_crit': 2.679156169946616, 'trop_k_veg': 1.4464877575789599}.
[I 2026-06-09 12:02:52,341] Trial 125 finished with values: [10.892857142659844, 10.892857142659844] and parameters: {'k1': 0.00011502956321912731, 'D_low': 2.7012557725439073, 'k2': 1.3357240411974104e-05, 'D_high': 3512.7047262708465, 'fire_exp': 7.7991371065266675, 'P_half': 334.62201030483817, 'pre_dampen_half': 345.01054536130147, 'gpp_af': 0.325975879331736, 'gpp_b': 0.0028993292583566945, 'gpp_d': 59.94537656798816, 'ign_k': 0.008226074946221037, 'ign_c': 0.20319809838424974, 'trop_agb_crit': 2.598572417333811, 'trop_k_veg': 0.7818074020304813}.
[I 2026-06-09 12:02:53,433] Trial 126 finished with values: [11.195650339424953, 11.195650339424953] and parameters: {'k1': 5.105542986365652e-05, 'D_low': 5225.364338164351, 'k2': 0.02101249538925799, 'D_high': 72461.55384166948, 'fire_exp': 1.3313652691716857, 'P_half': 28.647019533509873, 'pre_dampen_half': 491.70235020413696, 'gpp_af': 0.3931773818605419, 'gpp_b': 2.5059800207366574e-05, 'gpp_d': 50.76954210131181, 'ign_k': 0.19856031481305692, 'ign_c': 0.21234210963705627, 'trop_agb_crit': 1.6086469813325157, 'trop_k_veg': 4.534895314822194}.
[I 2026-06-09 12:02:54,646] Trial 127 finished with values: [10.710603536044811, 10.710603536044811] and parameters: {'k1': 0.0030219760889797966, 'D_low': 136.0956887810302, 'k2': 1.5412172709801895e-05, 'D_high': 14268.845807630427, 'fire_exp': 1.4179955885299673, 'P_half': 17.655835392092534, 'pre_dampen_half': 673.2248920775328, 'gpp_af': 5.244830565633045, 'gpp_b': 0.0006724850206557243, 'gpp_d': 0.030786517836196188, 'ign_k': 0.004625231503129158, 'ign_c': 5.762487216478598, 'trop_agb_crit': 1.5144860262751405, 'trop_k_veg': 4.8737397608275925}.
[I 2026-06-09 12:02:55,876] Trial 128 finished with values: [10.892857142659844, 10.892857142659844] and parameters: {'k1': 0.07076022085822008, 'D_low': 636.6144994552209, 'k2': 1.9545735860656975e-05, 'D_high': 159.77662354833882, 'fire_exp': 1.9268171109476195, 'P_half': 2.1154127741888553, 'pre_dampen_half': 11.164047352793695, 'gpp_af': 0.32613327839065587, 'gpp_b': 0.2680412894840406, 'gpp_d': 0.713199016043363, 'ign_k': 4.295992790539128, 'ign_c': 615.1688122361401, 'trop_agb_crit': 28.605077487330046, 'trop_k_veg': 1.942360571179168}.
[I 2026-06-09 12:02:57,032] Trial 129 finished with values: [10.863849226084207, 10.863849226084207] and parameters: {'k1': 1.1281785190969807e-05, 'D_low': 4303.306161410612, 'k2': 5.153993511603138e-05, 'D_high': 69868.4759244566, 'fire_exp': 1.4081947723562425, 'P_half': 1.2768174677433957, 'pre_dampen_half': 0.02671457936585047, 'gpp_af': 96.4653310890222, 'gpp_b': 0.010307896803108956, 'gpp_d': 9.482548804624958, 'ign_k': 0.0018548376790967168, 'ign_c': 99.96359851911319, 'trop_agb_crit': 23.815062574705927, 'trop_k_veg': 2.3958419424586768}.
[I 2026-06-09 12:02:58,195] Trial 130 finished with values: [10.789358959252787, 10.789358959252787] and parameters: {'k1': 1.263794633808287e-05, 'D_low': 12.115155843077673, 'k2': 0.037633129263701104, 'D_high': 14268.845807630427, 'fire_exp': 1.060109541566103, 'P_half': 17.655835392092534, 'pre_dampen_half': 0.025941395778849383, 'gpp_af': 0.32613327839065587, 'gpp_b': 2.036444166653217e-05, 'gpp_d': 0.0735311909944862, 'ign_k': 1.1215915868662767, 'ign_c': 1.0022396791143333, 'trop_agb_crit': 7.779090083180921, 'trop_k_veg': 4.8737397608275925}.
[I 2026-06-09 12:02:59,394] Trial 131 finished with values: [10.892475035268406, 10.892475035268406] and parameters: {'k1': 6.615437365561391e-05, 'D_low': 9.580682294110435, 'k2': 1.5167330688076188e-05, 'D_high': 200.1342062287997, 'fire_exp': 2.447244097399011, 'P_half': 1.8316165443932733, 'pre_dampen_half': 75.44632385121258, 'gpp_af': 0.1846903369985044, 'gpp_b': 0.0004848496183873286, 'gpp_d': 0.8840525276573078, 'ign_k': 0.01488823059798356, 'ign_c': 161.72900811143117, 'trop_agb_crit': 9.848981136633483, 'trop_k_veg': 7.714366810951191}.
[I 2026-06-09 12:03:00,607] Trial 132 finished with values: [10.443315931428327, 10.443315931428327] and parameters: {'k1': 2.0937989739527727e-05, 'D_low': 125.32726386250698, 'k2': 8.488887549001697e-05, 'D_high': 39655.03094323017, 'fire_exp': 1.2943117749495199, 'P_half': 39.03214299767183, 'pre_dampen_half': 340.6909167027263, 'gpp_af': 21.258647437649888, 'gpp_b': 0.7987896438549947, 'gpp_d': 500.2195003344709, 'ign_k': 0.3242143344038317, 'ign_c': 2.1858605829601814, 'trop_agb_crit': 2.6695352180079177, 'trop_k_veg': 4.51930447316402}.
[I 2026-06-09 12:03:01,845] Trial 133 finished with values: [10.697504447819544, 10.697504447819544] and parameters: {'k1': 2.259279742015695e-05, 'D_low': 1.104970302415413, 'k2': 1.5167330688076188e-05, 'D_high': 200.1342062287997, 'fire_exp': 1.4179955885299673, 'P_half': 17.655835392092534, 'pre_dampen_half': 673.2248920775328, 'gpp_af': 5.244830565633045, 'gpp_b': 0.0006724850206557243, 'gpp_d': 8.942824595236095, 'ign_k': 0.004625231503129158, 'ign_c': 161.72900811143117, 'trop_agb_crit': 1.5144860262751405, 'trop_k_veg': 4.8737397608275925}.
[I 2026-06-09 12:03:03,016] Trial 134 finished with values: [10.888635114497044, 10.888635114497044] and parameters: {'k1': 0.0876197110102369, 'D_low': 26.466155867114797, 'k2': 0.00488137519160367, 'D_high': 401.2413353131992, 'fire_exp': 1.7283732813150752, 'P_half': 818.2111518618419, 'pre_dampen_half': 0.6901057779813305, 'gpp_af': 1.4505381415853764, 'gpp_b': 0.032054268581070196, 'gpp_d': 11.40961991569626, 'ign_k': 0.002296989871634209, 'ign_c': 219.38654178115047, 'trop_agb_crit': 2.9773579612263776, 'trop_k_veg': 5.901391357852366}.
[I 2026-06-09 12:03:04,154] Trial 135 finished with values: [10.756980647712501, 10.756980647712501] and parameters: {'k1': 0.0030219760889797966, 'D_low': 2.7012557725439073, 'k2': 1.3357240411974104e-05, 'D_high': 3512.7047262708465, 'fire_exp': 1.9268171109476195, 'P_half': 108.21382910613987, 'pre_dampen_half': 11.164047352793695, 'gpp_af': 0.017638479543546873, 'gpp_b': 2.036444166653217e-05, 'gpp_d': 7.070472286699648, 'ign_k': 1.1215915868662767, 'ign_c': 0.20319809838424974, 'trop_agb_crit': 1.6369193980425034, 'trop_k_veg': 0.7818074020304813}.
[I 2026-06-09 12:03:05,259] Trial 136 finished with values: [10.115997754992835, 10.115997754992835] and parameters: {'k1': 0.007519407491506672, 'D_low': 2.2636544662054536, 'k2': 1.3357240411974104e-05, 'D_high': 69868.4759244566, 'fire_exp': 1.608176525358426, 'P_half': 45.55085098454082, 'pre_dampen_half': 345.01054536130147, 'gpp_af': 0.5107061330406066, 'gpp_b': 0.002262927522655115, 'gpp_d': 99.3234953243749, 'ign_k': 0.0018548376790967168, 'ign_c': 0.20319809838424974, 'trop_agb_crit': 2.679156169946616, 'trop_k_veg': 2.8957014754094748}.
[I 2026-06-09 12:03:06,399] Trial 137 finished with values: [10.892857138686441, 10.892857138686441] and parameters: {'k1': 0.004373100990516265, 'D_low': 15.434297335162846, 'k2': 0.06598741607403362, 'D_high': 34.487261314487384, 'fire_exp': 3.583884892516702, 'P_half': 9116.768553735348, 'pre_dampen_half': 0.4090432448301885, 'gpp_af': 0.017324270154949112, 'gpp_b': 0.0013672126623075966, 'gpp_d': 61.550353610401785, 'ign_k': 0.0011417577140741143, 'ign_c': 0.29126651668813763, 'trop_agb_crit': 1.1693687409928537, 'trop_k_veg': 0.559773544096922}.
[I 2026-06-09 12:03:07,508] Trial 138 finished with values: [10.49891001302657, 10.49891001302657] and parameters: {'k1': 0.05832560268546887, 'D_low': 1.533916259116362, 'k2': 0.06994589881535453, 'D_high': 48.094619675015736, 'fire_exp': 1.4848387260494937, 'P_half': 64.52946500764233, 'pre_dampen_half': 673.2248920775328, 'gpp_af': 1.3218737536384089, 'gpp_b': 0.00977702299083608, 'gpp_d': 26.003623362924223, 'ign_k': 0.5456725485601477, 'ign_c': 5.762487216478598, 'trop_agb_crit': 1.6059119829430093, 'trop_k_veg': 4.51930447316402}.
[I 2026-06-09 12:03:08,758] Trial 139 finished with values: [10.892824302964364, 10.892824302964364] and parameters: {'k1': 6.615437365561391e-05, 'D_low': 102.53722513378383, 'k2': 1.4002277211577026e-05, 'D_high': 34.487261314487384, 'fire_exp': 2.10707132280748, 'P_half': 9116.768553735348, 'pre_dampen_half': 0.4090432448301885, 'gpp_af': 11.20397753296041, 'gpp_b': 4.886759303288982e-05, 'gpp_d': 1.5988721385117124, 'ign_k': 4.546192107824457, 'ign_c': 21.132597710340573, 'trop_agb_crit': 1.6955424480598023, 'trop_k_veg': 1.8981057964668895}.
[I 2026-06-09 12:03:09,992] Trial 140 finished with values: [10.721834042180769, 10.721834042180769] and parameters: {'k1': 5.105542986365652e-05, 'D_low': 102.53722513378383, 'k2': 0.011966626407443505, 'D_high': 39655.03094323017, 'fire_exp': 1.608176525358426, 'P_half': 28.647019533509873, 'pre_dampen_half': 1.241231030920016, 'gpp_af': 2.831223426520226, 'gpp_b': 1.7213644875359617e-05, 'gpp_d': 500.2195003344709, 'ign_k': 0.32478918389192313, 'ign_c': 18.43395662181926, 'trop_agb_crit': 1.6904893834415775, 'trop_k_veg': 6.424078855931784}.
[I 2026-06-09 12:03:11,112] Trial 141 finished with values: [10.890400919112047, 10.890400919112047] and parameters: {'k1': 0.014666151770108535, 'D_low': 80.20503059027808, 'k2': 0.06994589881535453, 'D_high': 41821.78526757458, 'fire_exp': 4.609684110598467, 'P_half': 157.80309954142965, 'pre_dampen_half': 0.03190729641440917, 'gpp_af': 27.448645214004376, 'gpp_b': 0.0012749409641020352, 'gpp_d': 26.003623362924223, 'ign_k': 0.0019264360371306567, 'ign_c': 1.887567630782227, 'trop_agb_crit': 17.700408094497767, 'trop_k_veg': 6.714681443762874}.
[I 2026-06-09 12:03:12,263] Trial 142 finished with values: [10.88790758438283, 10.88790758438283] and parameters: {'k1': 0.00234238498471129, 'D_low': 851.7034154701655, 'k2': 0.07537201787998425, 'D_high': 48.094619675015736, 'fire_exp': 1.1615865989246452, 'P_half': 818.2111518618419, 'pre_dampen_half': 673.2248920775328, 'gpp_af': 1.4505381415853764, 'gpp_b': 0.0006724850206557243, 'gpp_d': 0.1187686699420959, 'ign_k': 0.5456725485601477, 'ign_c': 5.762487216478598, 'trop_agb_crit': 25.175641106251092, 'trop_k_veg': 1.97343313857243}.
[I 2026-06-09 12:03:13,368] Trial 143 finished with values: [10.201497040312166, 10.201497040312166] and parameters: {'k1': 0.015161591075671724, 'D_low': 12.115155843077673, 'k2': 1.5167330688076188e-05, 'D_high': 200.1342062287997, 'fire_exp': 1.060109541566103, 'P_half': 33.019434616055364, 'pre_dampen_half': 340.6909167027263, 'gpp_af': 1.8075983730158514, 'gpp_b': 5.0279186721731925e-05, 'gpp_d': 0.0735311909944862, 'ign_k': 0.01488823059798356, 'ign_c': 0.13327004373604828, 'trop_agb_crit': 6.475515989686909, 'trop_k_veg': 3.6260119779455584}.
[I 2026-06-09 12:03:14,506] Trial 144 finished with values: [10.723186908314279, 10.723186908314279] and parameters: {'k1': 0.07076022085822008, 'D_low': 35.02761367842313, 'k2': 0.0009749762207436118, 'D_high': 111.95826952369916, 'fire_exp': 1.14171776851287, 'P_half': 1.4045842344024697, 'pre_dampen_half': 11.164047352793695, 'gpp_af': 0.32613327839065587, 'gpp_b': 2.036444166653217e-05, 'gpp_d': 0.2473046721099913, 'ign_k': 0.0037322156377670697, 'ign_c': 1.887567630782227, 'trop_agb_crit': 1.6369193980425034, 'trop_k_veg': 1.942360571179168}.
[I 2026-06-09 12:03:15,647] Trial 145 finished with values: [10.148700013073483, 10.148700013073483] and parameters: {'k1': 0.00234238498471129, 'D_low': 1.533916259116362, 'k2': 0.002148652800991412, 'D_high': 41821.78526757458, 'fire_exp': 1.14171776851287, 'P_half': 1.8942844905792813, 'pre_dampen_half': 673.2248920775328, 'gpp_af': 0.0012334147231672942, 'gpp_b': 0.0012749409641020352, 'gpp_d': 0.030786517836196188, 'ign_k': 0.5456725485601477, 'ign_c': 0.20319809838424974, 'trop_agb_crit': 1.5144860262751405, 'trop_k_veg': 0.6618107836658104}.
[I 2026-06-09 12:03:16,960] Trial 146 finished with values: [10.756645399030901, 10.756645399030901] and parameters: {'k1': 0.07076022085822008, 'D_low': 10.16551026641873, 'k2': 0.06994589881535453, 'D_high': 39655.03094323017, 'fire_exp': 2.4204227225778934, 'P_half': 149.35213816355395, 'pre_dampen_half': 11.164047352793695, 'gpp_af': 1.3218737536384089, 'gpp_b': 3.686869490609954e-05, 'gpp_d': 26.003623362924223, 'ign_k': 0.0019264360371306567, 'ign_c': 0.9083381663660584, 'trop_agb_crit': 1.6059119829430093, 'trop_k_veg': 4.51930447316402}.
[I 2026-06-09 12:03:18,174] Trial 147 finished with values: [10.892857142659844, 10.892857142659844] and parameters: {'k1': 5.105542986365652e-05, 'D_low': 2.2636544662054536, 'k2': 5.153993511603138e-05, 'D_high': 696.8111190775315, 'fire_exp': 1.608176525358426, 'P_half': 240.0555343262036, 'pre_dampen_half': 3.289170255990991, 'gpp_af': 96.4653310890222, 'gpp_b': 0.010307896803108956, 'gpp_d': 99.3234953243749, 'ign_k': 0.32478918389192313, 'ign_c': 99.96359851911319, 'trop_agb_crit': 2.0420012944047587, 'trop_k_veg': 6.424078855931784}.
[I 2026-06-09 12:03:19,502] Trial 148 finished with values: [10.752769844780143, 10.752769844780143] and parameters: {'k1': 0.015161591075671724, 'D_low': 24.423775964038946, 'k2': 0.0005700142105246941, 'D_high': 20.59802236544963, 'fire_exp': 1.060109541566103, 'P_half': 818.2111518618419, 'pre_dampen_half': 151.32148777056312, 'gpp_af': 0.0018077112775902943, 'gpp_b': 0.0028426125329232715, 'gpp_d': 1.2434469102435366, 'ign_k': 0.004224235973517089, 'ign_c': 1.0022396791143333, 'trop_agb_crit': 6.475515989686909, 'trop_k_veg': 5.06204715641377}.
[I 2026-06-09 12:03:20,654] Trial 149 finished with values: [10.88502672295095, 10.88502672295095] and parameters: {'k1': 0.05832560268546887, 'D_low': 1.6117368936336656, 'k2': 0.0002220327882582422, 'D_high': 34.487261314487384, 'fire_exp': 1.157110862187662, 'P_half': 9116.768553735348, 'pre_dampen_half': 0.4090432448301885, 'gpp_af': 11.20397753296041, 'gpp_b': 0.0003371661202649482, 'gpp_d': 26.003623362924223, 'ign_k': 0.34703605955441524, 'ign_c': 4.341568011961653, 'trop_agb_crit': 3.575594457014808, 'trop_k_veg': 4.51930447316402}.
[I 2026-06-09 12:03:21,903] Trial 150 finished with values: [10.892857142659844, 10.892857142659844] and parameters: {'k1': 1.1281785190969807e-05, 'D_low': 4.514646718778423, 'k2': 4.540076719227351e-05, 'D_high': 401.2413353131992, 'fire_exp': 4.625910443666736, 'P_half': 96.70857606743157, 'pre_dampen_half': 0.6225187269045142, 'gpp_af': 0.9643046135735254, 'gpp_b': 0.002262927522655115, 'gpp_d': 121.05903211961774, 'ign_k': 0.05708731724249576, 'ign_c': 99.96359851911319, 'trop_agb_crit': 23.815062574705927, 'trop_k_veg': 1.1530950955131591}.
[I 2026-06-09 12:03:23,426] Trial 151 finished with values: [10.888551084585737, 10.888551084585737] and parameters: {'k1': 0.014666151770108535, 'D_low': 9.29439415564499, 'k2': 0.00488137519160367, 'D_high': 949.9072859745386, 'fire_exp': 1.7283732813150752, 'P_half': 157.80309954142965, 'pre_dampen_half': 0.6901057779813305, 'gpp_af': 27.448645214004376, 'gpp_b': 0.0012749409641020352, 'gpp_d': 0.46905033889784825, 'ign_k': 0.0037322156377670697, 'ign_c': 219.38654178115047, 'trop_agb_crit': 2.9773579612263776, 'trop_k_veg': 0.8386112223118042}.
[I 2026-06-09 12:03:24,977] Trial 152 finished with values: [10.89285643154731, 10.89285643154731] and parameters: {'k1': 0.02641449645424223, 'D_low': 1.6117368936336656, 'k2': 0.0003179302199939536, 'D_high': 23.764449553865358, 'fire_exp': 3.7868677728134013, 'P_half': 9116.768553735348, 'pre_dampen_half': 2.1280904885895833, 'gpp_af': 11.20397753296041, 'gpp_b': 0.0005238989315858796, 'gpp_d': 12.00191344086031, 'ign_k': 1.2124080603355416, 'ign_c': 0.1410563867753527, 'trop_agb_crit': 3.575594457014808, 'trop_k_veg': 0.6719347333876377}.
[I 2026-06-09 12:03:26,460] Trial 153 finished with values: [10.880963967037276, 10.880963967037276] and parameters: {'k1': 5.105542986365652e-05, 'D_low': 1.533916259116362, 'k2': 3.0376902301221646e-05, 'D_high': 48.094619675015736, 'fire_exp': 1.1888793445436927, 'P_half': 6245.139574743073, 'pre_dampen_half': 673.2248920775328, 'gpp_af': 2.831223426520226, 'gpp_b': 1.7213644875359617e-05, 'gpp_d': 0.030786517836196188, 'ign_k': 0.8180032418045742, 'ign_c': 5.762487216478598, 'trop_agb_crit': 19.51558406059598, 'trop_k_veg': 6.424078855931784}.
[I 2026-06-09 12:03:27,849] Trial 154 finished with values: [10.702699565877992, 10.702699565877992] and parameters: {'k1': 0.014666151770108535, 'D_low': 95.93239010535945, 'k2': 2.316457903103837e-05, 'D_high': 949.9072859745386, 'fire_exp': 1.14171776851287, 'P_half': 1.4045842344024697, 'pre_dampen_half': 11.164047352793695, 'gpp_af': 27.448645214004376, 'gpp_b': 0.0012749409641020352, 'gpp_d': 0.2473046721099913, 'ign_k': 0.0037322156377670697, 'ign_c': 0.9083381663660584, 'trop_agb_crit': 1.6369193980425034, 'trop_k_veg': 0.6618107836658104}.
[I 2026-06-09 12:03:29,242] Trial 155 finished with values: [10.892391381617601, 10.892391381617601] and parameters: {'k1': 0.05832560268546887, 'D_low': 35.02761367842313, 'k2': 0.06994589881535453, 'D_high': 41821.78526757458, 'fire_exp': 1.569607751453048, 'P_half': 1.8942844905792813, 'pre_dampen_half': 0.03190729641440917, 'gpp_af': 0.0012334147231672942, 'gpp_b': 0.010307896803108956, 'gpp_d': 26.003623362924223, 'ign_k': 0.0019264360371306567, 'ign_c': 99.96359851911319, 'trop_agb_crit': 2.0420012944047587, 'trop_k_veg': 6.030247256556128}.
