[I 2026-06-09 12:10:29,863] Trial 468 finished with values: [13.208965055747928, 13.208965055747928] and parameters: {'k1': 0.0630731811849173, 'D_low': 1.533916259116362, 'k2': 0.0005700142105246941, 'D_high': 39655.03094323017, 'fire_exp': 1.14171776851287, 'P_half': 63.906950920732235, 'pre_dampen_half': 345.01054536130147, 'gpp_af': 4.874291611803563, 'gpp_b': 0.0012749409641020352, 'gpp_d': 26.003623362924223, 'ign_k': 0.5456725485601477, 'ign_c': 1.887567630782227, 'trop_agb_crit': 1.5144860262751405, 'trop_k_veg': 0.5482145162714964}.
[I 2026-06-09 12:10:31,013] Trial 469 finished with values: [10.588366180515402, 10.588366180515402] and parameters: {'k1': 1.263794633808287e-05, 'D_low': 1.533916259116362, 'k2': 0.0005700142105246941, 'D_high': 20.59802236544963, 'fire_exp': 1.14171776851287, 'P_half': 1.8942844905792813, 'pre_dampen_half': 340.6909167027263, 'gpp_af': 0.007619648413221235, 'gpp_b': 5.0279186721731925e-05, 'gpp_d': 0.0735311909944862, 'ign_k': 0.5456725485601477, 'ign_c': 21.132597710340573, 'trop_agb_crit': 1.6059119829430093, 'trop_k_veg': 6.030247256556128}.
[I 2026-06-09 12:10:32,214] Trial 470 finished with values: [10.343220587094828, 10.343220587094828] and parameters: {'k1': 0.015161591075671724, 'D_low': 12.115155843077673, 'k2': 0.0005700142105246941, 'D_high': 32697.906333916944, 'fire_exp': 1.060109541566103, 'P_half': 45.55085098454082, 'pre_dampen_half': 340.6909167027263, 'gpp_af': 0.9219336658511308, 'gpp_b': 5.0279186721731925e-05, 'gpp_d': 0.0735311909944862, 'ign_k': 0.008226074946221037, 'ign_c': 1.0022396791143333, 'trop_agb_crit': 6.475515989686909, 'trop_k_veg': 3.6260119779455584}.
[I 2026-06-09 12:10:33,365] Trial 471 finished with values: [10.129654203551159, 10.129654203551159] and parameters: {'k1': 0.0030219760889797966, 'D_low': 2.7012557725439073, 'k2': 0.037633129263701104, 'D_high': 3512.7047262708465, 'fire_exp': 1.060109541566103, 'P_half': 108.21382910613987, 'pre_dampen_half': 11.164047352793695, 'gpp_af': 0.32613327839065587, 'gpp_b': 2.036444166653217e-05, 'gpp_d': 0.2473046721099913, 'ign_k': 1.1215915868662767, 'ign_c': 0.9083381663660584, 'trop_agb_crit': 1.6369193980425034, 'trop_k_veg': 1.8981057964668895}.
[I 2026-06-09 12:10:34,661] Trial 472 finished with values: [10.464926833527656, 10.464926833527656] and parameters: {'k1': 0.0630731811849173, 'D_low': 1.533916259116362, 'k2': 0.0005700142105246941, 'D_high': 14268.845807630427, 'fire_exp': 1.14171776851287, 'P_half': 149.35213816355395, 'pre_dampen_half': 345.01054536130147, 'gpp_af': 0.32613327839065587, 'gpp_b': 2.036444166653217e-05, 'gpp_d': 0.030786517836196188, 'ign_k': 0.5456725485601477, 'ign_c': 0.20319809838424974, 'trop_agb_crit': 1.5144860262751405, 'trop_k_veg': 4.51930447316402}.
[I 2026-06-09 12:10:36,050] Trial 473 finished with values: [10.064118953508398, 10.064118953508398] and parameters: {'k1': 6.404854675916172e-05, 'D_low': 102.53722513378383, 'k2': 4.540076719227351e-05, 'D_high': 39655.03094323017, 'fire_exp': 1.608176525358426, 'P_half': 50.32059347286801, 'pre_dampen_half': 340.6909167027263, 'gpp_af': 1.3218737536384089, 'gpp_b': 0.002262927522655115, 'gpp_d': 99.3234953243749, 'ign_k': 0.3242143344038317, 'ign_c': 1.8836925134820866, 'trop_agb_crit': 1.3063813396521713, 'trop_k_veg': 4.51930447316402}.
[I 2026-06-09 12:10:37,262] Trial 474 finished with values: [10.296023619187242, 10.296023619187242] and parameters: {'k1': 6.615437365561391e-05, 'D_low': 1.8064907756357262, 'k2': 0.0009749762207436118, 'D_high': 18701.140647651915, 'fire_exp': 1.157110862187662, 'P_half': 1.4045842344024697, 'pre_dampen_half': 11.164047352793695, 'gpp_af': 0.09651979281656148, 'gpp_b': 0.002262927522655115, 'gpp_d': 99.3234953243749, 'ign_k': 0.21275785720135446, 'ign_c': 1.0022396791143333, 'trop_agb_crit': 1.6059119829430093, 'trop_k_veg': 0.7223966041809469}.
[I 2026-06-09 12:10:38,447] Trial 475 finished with values: [10.130067240570346, 10.130067240570346] and parameters: {'k1': 0.0030219760889797966, 'D_low': 10.16551026641873, 'k2': 0.037633129263701104, 'D_high': 14268.845807630427, 'fire_exp': 1.9268171109476195, 'P_half': 2.570626095678495, 'pre_dampen_half': 345.01054536130147, 'gpp_af': 0.5107061330406066, 'gpp_b': 0.0028993292583566945, 'gpp_d': 7.070472286699648, 'ign_k': 0.008226074946221037, 'ign_c': 18.62787834791214, 'trop_agb_crit': 1.6369193980425034, 'trop_k_veg': 4.8737397608275925}.
[I 2026-06-09 12:10:39,615] Trial 476 finished with values: [10.003324586445038, 10.003324586445038] and parameters: {'k1': 0.00234238498471129, 'D_low': 12.115155843077673, 'k2': 1.3357240411974104e-05, 'D_high': 18125.870836716233, 'fire_exp': 1.14171776851287, 'P_half': 1.8942844905792813, 'pre_dampen_half': 673.2248920775328, 'gpp_af': 1.8075983730158514, 'gpp_b': 5.0279186721731925e-05, 'gpp_d': 0.0735311909944862, 'ign_k': 0.32478918389192313, 'ign_c': 1.0022396791143333, 'trop_agb_crit': 10.433339999186385, 'trop_k_veg': 3.6260119779455584}.
[I 2026-06-09 12:10:41,005] Trial 477 finished with values: [-0.5165026632548246, 0.3122740228697952] and parameters: {'k1': 5.105542986365652e-05, 'D_low': 1593.4806585556198, 'k2': 0.06994589881535453, 'D_high': 14268.845807630427, 'fire_exp': 1.14171776851287, 'P_half': 1.8942844905792813, 'pre_dampen_half': 11.164047352793695, 'gpp_af': 0.13767835510755025, 'gpp_b': 1.7213644875359617e-05, 'gpp_d': 26.003623362924223, 'ign_k': 3.4288109438625263, 'ign_c': 1.887567630782227, 'trop_agb_crit': 1.6369193980425034, 'trop_k_veg': 1.0540721475196824}.
[I 2026-06-09 12:10:42,362] Trial 478 finished with values: [10.078248623418823, 10.078248623418823] and parameters: {'k1': 5.105542986365652e-05, 'D_low': 35.02761367842313, 'k2': 8.488887549001697e-05, 'D_high': 39655.03094323017, 'fire_exp': 1.608176525358426, 'P_half': 1.4045842344024697, 'pre_dampen_half': 673.2248920775328, 'gpp_af': 0.010017312476738942, 'gpp_b': 1.7213644875359617e-05, 'gpp_d': 26.003623362924223, 'ign_k': 0.0019264360371306567, 'ign_c': 1.887567630782227, 'trop_agb_crit': 1.6369193980425034, 'trop_k_veg': 1.0540721475196824}.
[I 2026-06-09 12:10:43,595] Trial 479 finished with values: [10.592859736610407, 10.592859736610407] and parameters: {'k1': 0.015161591075671724, 'D_low': 4.676601116802034, 'k2': 0.0005700142105246941, 'D_high': 3512.7047262708465, 'fire_exp': 1.4848387260494937, 'P_half': 818.2111518618419, 'pre_dampen_half': 151.32148777056312, 'gpp_af': 0.0018077112775902943, 'gpp_b': 0.002262927522655115, 'gpp_d': 1.2434469102435366, 'ign_k': 0.4303356629825978, 'ign_c': 1.0022396791143333, 'trop_agb_crit': 8.404607864475192, 'trop_k_veg': 4.51930447316402}.
[I 2026-06-09 12:10:44,779] Trial 480 finished with values: [-0.4618429657826725, 0.3441389545690392] and parameters: {'k1': 6.404854675916172e-05, 'D_low': 12.115155843077673, 'k2': 4.540076719227351e-05, 'D_high': 26.198194454351665, 'fire_exp': 1.060109541566103, 'P_half': 108.21382910613987, 'pre_dampen_half': 340.6909167027263, 'gpp_af': 1.3218737536384089, 'gpp_b': 2.036444166653217e-05, 'gpp_d': 1.5988721385117124, 'ign_k': 0.3242143344038317, 'ign_c': 0.21234210963705627, 'trop_agb_crit': 19.51558406059598, 'trop_k_veg': 4.51930447316402}.
[I 2026-06-09 12:10:45,966] Trial 481 finished with values: [10.084339212266496, 10.084339212266496] and parameters: {'k1': 9.969469187531805e-05, 'D_low': 1.2164034504723769, 'k2': 0.0035133466168692784, 'D_high': 14268.845807630427, 'fire_exp': 1.9268171109476195, 'P_half': 17.655835392092534, 'pre_dampen_half': 340.6909167027263, 'gpp_af': 5.244830565633045, 'gpp_b': 2.036444166653217e-05, 'gpp_d': 7.070472286699648, 'ign_k': 0.3242143344038317, 'ign_c': 1.0022396791143333, 'trop_agb_crit': 11.054785278893487, 'trop_k_veg': 3.6260119779455584}.
[I 2026-06-09 12:10:47,226] Trial 482 finished with values: [12.931039801596263, 12.931039801596263] and parameters: {'k1': 0.007519407491506672, 'D_low': 2.3244932709566686, 'k2': 1.5412172709801895e-05, 'D_high': 69868.4759244566, 'fire_exp': 1.060109541566103, 'P_half': 1.4045842344024697, 'pre_dampen_half': 673.2248920775328, 'gpp_af': 0.5107061330406066, 'gpp_b': 2.036444166653217e-05, 'gpp_d': 1.6983565276584263, 'ign_k': 0.3242143344038317, 'ign_c': 0.21234210963705627, 'trop_agb_crit': 1.6369193980425034, 'trop_k_veg': 1.1517712915946832}.
[I 2026-06-09 12:10:48,564] Trial 483 finished with values: [10.39039890676399, 10.39039890676399] and parameters: {'k1': 0.007519407491506672, 'D_low': 1.3376564232104105, 'k2': 1.3357240411974104e-05, 'D_high': 69868.4759244566, 'fire_exp': 1.14171776851287, 'P_half': 45.55085098454082, 'pre_dampen_half': 340.6909167027263, 'gpp_af': 0.5107061330406066, 'gpp_b': 0.0028993292583566945, 'gpp_d': 0.0735311909944862, 'ign_k': 0.008226074946221037, 'ign_c': 1.0022396791143333, 'trop_agb_crit': 2.679156169946616, 'trop_k_veg': 3.6260119779455584}.
[I 2026-06-09 12:10:49,941] Trial 484 finished with values: [10.881581551852747, 10.881581551852747] and parameters: {'k1': 0.007519407491506672, 'D_low': 2.3244932709566686, 'k2': 1.5412172709801895e-05, 'D_high': 69868.4759244566, 'fire_exp': 1.9268171109476195, 'P_half': 5557.109890966286, 'pre_dampen_half': 673.2248920775328, 'gpp_af': 5.244830565633045, 'gpp_b': 0.0028993292583566945, 'gpp_d': 1.6983565276584263, 'ign_k': 0.5456725485601477, 'ign_c': 0.20319809838424974, 'trop_agb_crit': 1.259515631748535, 'trop_k_veg': 1.1517712915946832}.
[I 2026-06-09 12:10:51,187] Trial 485 finished with values: [11.084660571975517, 11.084660571975517] and parameters: {'k1': 6.404854675916172e-05, 'D_low': 27.79045054796807, 'k2': 4.540076719227351e-05, 'D_high': 39655.03094323017, 'fire_exp': 1.127122926274177, 'P_half': 50.32059347286801, 'pre_dampen_half': 340.6909167027263, 'gpp_af': 1.3218737536384089, 'gpp_b': 0.002262927522655115, 'gpp_d': 99.3234953243749, 'ign_k': 0.3242143344038317, 'ign_c': 1.8836925134820866, 'trop_agb_crit': 2.6695352180079177, 'trop_k_veg': 1.8981057964668895}.
[I 2026-06-09 12:10:52,467] Trial 486 finished with values: [11.305686468642298, 11.305686468642298] and parameters: {'k1': 9.969469187531805e-05, 'D_low': 1.533916259116362, 'k2': 0.0021314828404757746, 'D_high': 18125.870836716233, 'fire_exp': 1.14171776851287, 'P_half': 1.8942844905792813, 'pre_dampen_half': 673.2248920775328, 'gpp_af': 5.244830565633045, 'gpp_b': 0.002262927522655115, 'gpp_d': 7.070472286699648, 'ign_k': 0.32478918389192313, 'ign_c': 0.831416087354964, 'trop_agb_crit': 2.0420012944047587, 'trop_k_veg': 3.6260119779455584}.
[I 2026-06-09 12:10:53,637] Trial 487 finished with values: [10.216363442005898, 10.216363442005898] and parameters: {'k1': 9.969469187531805e-05, 'D_low': 1.533916259116362, 'k2': 0.0021314828404757746, 'D_high': 14268.845807630427, 'fire_exp': 1.9268171109476195, 'P_half': 64.52946500764233, 'pre_dampen_half': 340.6909167027263, 'gpp_af': 1.3218737536384089, 'gpp_b': 0.002262927522655115, 'gpp_d': 99.3234953243749, 'ign_k': 0.3242143344038317, 'ign_c': 1.0022396791143333, 'trop_agb_crit': 19.51558406059598, 'trop_k_veg': 1.8981057964668895}.
[I 2026-06-09 12:10:54,851] Trial 488 finished with values: [10.67283371506202, 10.67283371506202] and parameters: {'k1': 0.015161591075671724, 'D_low': 12.115155843077673, 'k2': 1.3357240411974104e-05, 'D_high': 39655.03094323017, 'fire_exp': 1.060109541566103, 'P_half': 50.32059347286801, 'pre_dampen_half': 209.7931235999647, 'gpp_af': 1.8075983730158514, 'gpp_b': 0.017692044041548977, 'gpp_d': 0.0735311909944862, 'ign_k': 0.008226074946221037, 'ign_c': 1.0022396791143333, 'trop_agb_crit': 11.152400678242143, 'trop_k_veg': 5.593985425286908}.
[I 2026-06-09 12:10:56,210] Trial 489 finished with values: [10.032668996693783, 10.032668996693783] and parameters: {'k1': 0.007519407491506672, 'D_low': 12.115155843077673, 'k2': 0.06994589881535453, 'D_high': 69868.4759244566, 'fire_exp': 1.4848387260494937, 'P_half': 45.55085098454082, 'pre_dampen_half': 340.6909167027263, 'gpp_af': 1.3218737536384089, 'gpp_b': 5.0279186721731925e-05, 'gpp_d': 0.0735311909944862, 'ign_k': 0.008226074946221037, 'ign_c': 0.21234210963705627, 'trop_agb_crit': 19.51558406059598, 'trop_k_veg': 4.51930447316402}.
[I 2026-06-09 12:10:57,521] Trial 490 finished with values: [10.892857142659844, 10.892857142659844] and parameters: {'k1': 0.00234238498471129, 'D_low': 1.2164034504723769, 'k2': 0.002148652800991412, 'D_high': 39655.03094323017, 'fire_exp': 1.1615865989246452, 'P_half': 718.3692410204827, 'pre_dampen_half': 673.2248920775328, 'gpp_af': 0.0012334147231672942, 'gpp_b': 0.002262927522655115, 'gpp_d': 0.0735311909944862, 'ign_k': 0.5456725485601477, 'ign_c': 161.03205392189665, 'trop_agb_crit': 1.5144860262751405, 'trop_k_veg': 1.1984430479717227}.
[I 2026-06-09 12:10:58,737] Trial 491 finished with values: [10.455157561227752, 10.455157561227752] and parameters: {'k1': 0.05832560268546887, 'D_low': 35.02761367842313, 'k2': 0.0009749762207436118, 'D_high': 39655.03094323017, 'fire_exp': 2.1849937172938354, 'P_half': 1.4045842344024697, 'pre_dampen_half': 673.2248920775328, 'gpp_af': 5.244830565633045, 'gpp_b': 3.686869490609954e-05, 'gpp_d': 0.0735311909944862, 'ign_k': 0.0019264360371306567, 'ign_c': 55.24095129928624, 'trop_agb_crit': 1.6369193980425034, 'trop_k_veg': 3.6260119779455584}.
[I 2026-06-09 12:10:59,983] Trial 492 finished with values: [10.892594592589118, 10.892594592589118] and parameters: {'k1': 1.263794633808287e-05, 'D_low': 12.115155843077673, 'k2': 0.002148652800991412, 'D_high': 41821.78526757458, 'fire_exp': 6.528675961401551, 'P_half': 108.21382910613987, 'pre_dampen_half': 673.2248920775328, 'gpp_af': 21.258647437649888, 'gpp_b': 1.7213644875359617e-05, 'gpp_d': 0.025152098893118636, 'ign_k': 0.3242143344038317, 'ign_c': 18.43395662181926, 'trop_agb_crit': 19.51558406059598, 'trop_k_veg': 0.6618107836658104}.
[I 2026-06-09 12:11:01,421] Trial 493 finished with values: [10.351747953673717, 10.351747953673717] and parameters: {'k1': 6.404854675916172e-05, 'D_low': 1.2164034504723769, 'k2': 4.540076719227351e-05, 'D_high': 39655.03094323017, 'fire_exp': 1.1615865989246452, 'P_half': 17.655835392092534, 'pre_dampen_half': 340.6909167027263, 'gpp_af': 1.3218737536384089, 'gpp_b': 0.002262927522655115, 'gpp_d': 0.0735311909944862, 'ign_k': 3.7954792742512957, 'ign_c': 0.9083381663660584, 'trop_agb_crit': 19.51558406059598, 'trop_k_veg': 1.1984430479717227}.
[I 2026-06-09 12:11:02,751] Trial 494 finished with values: [10.112770461378373, 10.112770461378373] and parameters: {'k1': 0.05832560268546887, 'D_low': 35.02761367842313, 'k2': 0.0009749762207436118, 'D_high': 39655.03094323017, 'fire_exp': 1.14171776851287, 'P_half': 149.35213816355395, 'pre_dampen_half': 340.6909167027263, 'gpp_af': 0.5469679518926606, 'gpp_b': 0.80128427475829, 'gpp_d': 99.3234953243749, 'ign_k': 0.3242143344038317, 'ign_c': 1.887567630782227, 'trop_agb_crit': 19.51558406059598, 'trop_k_veg': 4.51930447316402}.
[I 2026-06-09 12:11:04,113] Trial 495 finished with values: [10.015494271709539, 10.015494271709539] and parameters: {'k1': 0.0630731811849173, 'D_low': 102.53722513378383, 'k2': 0.0005700142105246941, 'D_high': 39655.03094323017, 'fire_exp': 2.10707132280748, 'P_half': 50.32059347286801, 'pre_dampen_half': 340.6909167027263, 'gpp_af': 1.3218737536384089, 'gpp_b': 0.00977702299083608, 'gpp_d': 1.2434469102435366, 'ign_k': 3.1536006085184716, 'ign_c': 1.8836925134820866, 'trop_agb_crit': 2.6695352180079177, 'trop_k_veg': 1.8981057964668895}.
[I 2026-06-09 12:11:05,332] Trial 496 finished with values: [10.006793694047685, 10.006793694047685] and parameters: {'k1': 6.404854675916172e-05, 'D_low': 12.115155843077673, 'k2': 0.06994589881535453, 'D_high': 14268.845807630427, 'fire_exp': 1.4848387260494937, 'P_half': 108.21382910613987, 'pre_dampen_half': 340.6909167027263, 'gpp_af': 5.244830565633045, 'gpp_b': 2.036444166653217e-05, 'gpp_d': 1.5988721385117124, 'ign_k': 1.1215915868662767, 'ign_c': 1.0022396791143333, 'trop_agb_crit': 1.6369193980425034, 'trop_k_veg': 3.6260119779455584}.
[I 2026-06-09 12:11:06,585] Trial 497 finished with values: [10.704842781048905, 10.704842781048905] and parameters: {'k1': 2.0937989739527727e-05, 'D_low': 1.533916259116362, 'k2': 8.488887549001697e-05, 'D_high': 644.5745262301897, 'fire_exp': 1.2943117749495199, 'P_half': 1.8942844905792813, 'pre_dampen_half': 340.6909167027263, 'gpp_af': 5.244830565633045, 'gpp_b': 0.0012749409641020352, 'gpp_d': 0.0735311909944862, 'ign_k': 0.3242143344038317, 'ign_c': 1.0022396791143333, 'trop_agb_crit': 2.6695352180079177, 'trop_k_veg': 3.6260119779455584}.
[I 2026-06-09 12:11:07,813] Trial 498 finished with values: [10.143688034658659, 10.143688034658659] and parameters: {'k1': 0.00375241428659295, 'D_low': 2.2636544662054536, 'k2': 4.540076719227351e-05, 'D_high': 18125.870836716233, 'fire_exp': 1.9268171109476195, 'P_half': 17.655835392092534, 'pre_dampen_half': 340.6909167027263, 'gpp_af': 0.42856164925066187, 'gpp_b': 5.0279186721731925e-05, 'gpp_d': 0.0735311909944862, 'ign_k': 1.3163809252272205, 'ign_c': 1.0022396791143333, 'trop_agb_crit': 1.6059119829430093, 'trop_k_veg': 1.1984430479717227}.
[I 2026-06-09 12:11:09,017] Trial 499 finished with values: [10.614771270916474, 10.614771270916474] and parameters: {'k1': 0.05832560268546887, 'D_low': 35.02761367842313, 'k2': 0.0005700142105246941, 'D_high': 8440.303958079088, 'fire_exp': 1.060109541566103, 'P_half': 1.4045842344024697, 'pre_dampen_half': 151.32148777056312, 'gpp_af': 0.0018077112775902943, 'gpp_b': 3.686869490609954e-05, 'gpp_d': 26.003623362924223, 'ign_k': 0.004224235973517089, 'ign_c': 1.887567630782227, 'trop_agb_crit': 1.3200104868467202, 'trop_k_veg': 0.5910730452888154}.
[I 2026-06-09 12:11:10,317] Trial 500 finished with values: [10.24168237881182, 10.24168237881182] and parameters: {'k1': 9.736725715035878e-05, 'D_low': 12.115155843077673, 'k2': 4.540076719227351e-05, 'D_high': 18125.870836716233, 'fire_exp': 1.4848387260494937, 'P_half': 108.21382910613987, 'pre_dampen_half': 269.0845367054866, 'gpp_af': 0.00627658479734016, 'gpp_b': 0.002262927522655115, 'gpp_d': 228.5166416759209, 'ign_k': 0.4303356629825978, 'ign_c': 0.21234210963705627, 'trop_agb_crit': 19.51558406059598, 'trop_k_veg': 4.51930447316402}.
[I 2026-06-09 12:11:11,588] Trial 501 finished with values: [10.249259978031096, 10.249259978031096] and parameters: {'k1': 1.263794633808287e-05, 'D_low': 1.533916259116362, 'k2': 8.488887549001697e-05, 'D_high': 75.31057256501227, 'fire_exp': 1.14171776851287, 'P_half': 28.647019533509873, 'pre_dampen_half': 673.2248920775328, 'gpp_af': 21.258647437649888, 'gpp_b': 1.7213644875359617e-05, 'gpp_d': 500.2195003344709, 'ign_k': 8.006837661379569, 'ign_c': 1.0022396791143333, 'trop_agb_crit': 2.064341235744835, 'trop_k_veg': 0.6618107836658104}.
[I 2026-06-09 12:11:12,780] Trial 502 finished with values: [10.04311038226271, 10.04311038226271] and parameters: {'k1': 9.969469187531805e-05, 'D_low': 2.7012557725439073, 'k2': 0.0005700142105246941, 'D_high': 39655.03094323017, 'fire_exp': 1.060109541566103, 'P_half': 17.655835392092534, 'pre_dampen_half': 340.6909167027263, 'gpp_af': 5.244830565633045, 'gpp_b': 2.036444166653217e-05, 'gpp_d': 0.0735311909944862, 'ign_k': 0.004224235973517089, 'ign_c': 1.0022396791143333, 'trop_agb_crit': 8.404607864475192, 'trop_k_veg': 3.6260119779455584}.
[I 2026-06-09 12:11:13,994] Trial 503 finished with values: [10.031346205274021, 10.031346205274021] and parameters: {'k1': 6.615437365561391e-05, 'D_low': 12.115155843077673, 'k2': 0.0002226297338331264, 'D_high': 39655.03094323017, 'fire_exp': 1.060109541566103, 'P_half': 149.35213816355395, 'pre_dampen_half': 340.6909167027263, 'gpp_af': 1.3218737536384089, 'gpp_b': 0.050107402158164165, 'gpp_d': 26.003623362924223, 'ign_k': 0.008226074946221037, 'ign_c': 1.0022396791143333, 'trop_agb_crit': 1.6059119829430093, 'trop_k_veg': 3.6260119779455584}.
[I 2026-06-09 12:11:15,166] Trial 504 finished with values: [10.686759268956052, 10.686759268956052] and parameters: {'k1': 6.615437365561391e-05, 'D_low': 12.115155843077673, 'k2': 0.0009749762207436118, 'D_high': 18701.140647651915, 'fire_exp': 1.157110862187662, 'P_half': 1.4045842344024697, 'pre_dampen_half': 340.6909167027263, 'gpp_af': 1.3218737536384089, 'gpp_b': 0.002262927522655115, 'gpp_d': 1.5988721385117124, 'ign_k': 0.3242143344038317, 'ign_c': 0.21234210963705627, 'trop_agb_crit': 1.6059119829430093, 'trop_k_veg': 0.828441460847982}.
[I 2026-06-09 12:11:16,391] Trial 505 finished with values: [10.564943756848335, 10.564943756848335] and parameters: {'k1': 1.263794633808287e-05, 'D_low': 12.115155843077673, 'k2': 8.488887549001697e-05, 'D_high': 20.59802236544963, 'fire_exp': 1.14171776851287, 'P_half': 28.647019533509873, 'pre_dampen_half': 673.2248920775328, 'gpp_af': 21.258647437649888, 'gpp_b': 1.7213644875359617e-05, 'gpp_d': 0.2473046721099913, 'ign_k': 1.1215915868662767, 'ign_c': 0.9083381663660584, 'trop_agb_crit': 1.6369193980425034, 'trop_k_veg': 0.6984687829911091}.
[I 2026-06-09 12:11:17,715] Trial 506 finished with values: [10.240851936659581, 10.240851936659581] and parameters: {'k1': 6.404854675916172e-05, 'D_low': 12.115155843077673, 'k2': 0.06994589881535453, 'D_high': 39655.03094323017, 'fire_exp': 1.4848387260494937, 'P_half': 108.21382910613987, 'pre_dampen_half': 269.0845367054866, 'gpp_af': 8.881627111957807, 'gpp_b': 0.002262927522655115, 'gpp_d': 1.5988721385117124, 'ign_k': 0.5456725485601477, 'ign_c': 0.20319809838424974, 'trop_agb_crit': 1.5144860262751405, 'trop_k_veg': 0.6618107836658104}.
