[I 2026-06-10 21:18:59,930] Trial 175 finished with values: [10.733270377181013, 10.733270377181013] and parameters: {'k1': 0.0006579066240690734, 'D_low': 36.07301614542843, 'k2': 7.841214856323651e-05, 'D_high': 40237.59749324181, 'fire_exp': 1.1103154430776774, 'P_half': 8.318314747941244, 'pre_dampen_half': 0.040071391969561214, 'gpp_af': 0.24002253099641147, 'gpp_b': 0.014662453726154785, 'gpp_d': 483.22422323215085, 'ign_k': 0.012868405331151606, 'ign_c': 16.42166308203217, 'trop_agb_crit': 27.025726513675966, 'trop_k_veg': 1.0345878666211452, 'fuel_k': 0.45000412754978936, 'fuel_half': 0.17108183937377372}.
[I 2026-06-10 21:19:01,768] Trial 176 finished with values: [10.688235859318844, 10.688235859318844] and parameters: {'k1': 0.012840669372724958, 'D_low': 171.2446447678494, 'k2': 0.017300724838654365, 'D_high': 42210.21267871043, 'fire_exp': 1.2918065501148304, 'P_half': 93.43302657318476, 'pre_dampen_half': 0.011396414164620812, 'gpp_af': 0.2204465010099918, 'gpp_b': 2.176805640408474e-05, 'gpp_d': 0.03927259340973166, 'ign_k': 0.0029519227433917453, 'ign_c': 39.52220881906114, 'trop_agb_crit': 12.647327018493208, 'trop_k_veg': 2.520089655463604, 'fuel_k': 4.710433409437072, 'fuel_half': 1.3323297901105768}.
[I 2026-06-10 21:19:03,349] Trial 177 finished with values: [10.333476066843275, 10.333476066843275] and parameters: {'k1': 0.0009670857606743155, 'D_low': 40.12413353131991, 'k2': 0.0002172578929502367, 'D_high': 61536.58035691648, 'fire_exp': 1.2781983515972553, 'P_half': 221.2683656611821, 'pre_dampen_half': 3.3841016089580034, 'gpp_af': 0.3002317246575309, 'gpp_b': 1.284284091405877e-05, 'gpp_d': 229.41380323183625, 'ign_k': 5.351470428717437, 'ign_c': 18.219343937475102, 'trop_agb_crit': 9.286923253577127, 'trop_k_veg': 6.45312300188076, 'fuel_k': 0.9221804185592763, 'fuel_half': 0.28682508353628944}.
[I 2026-06-10 21:19:04,809] Trial 178 finished with values: [10.76497243305904, 10.76497243305904] and parameters: {'k1': 0.0009670857606743155, 'D_low': 248.10409748678117, 'k2': 4.207988669606632e-05, 'D_high': 12124.080603355414, 'fire_exp': 1.3806513288500464, 'P_half': 1.9977959434035766, 'pre_dampen_half': 10.129197956845726, 'gpp_af': 0.3002317246575309, 'gpp_b': 0.13502505988471453, 'gpp_d': 1.493264336549928, 'ign_k': 0.009674045662145934, 'ign_c': 188.97713941351608, 'trop_agb_crit': 1.8559980846490576, 'trop_k_veg': 3.431372819108535, 'fuel_k': 0.057024351269772615, 'fuel_half': 3.752055855124281}.
[I 2026-06-10 21:19:06,342] Trial 179 finished with values: [10.763985347656002, 10.763985347656002] and parameters: {'k1': 0.0005342937261279777, 'D_low': 2.4474057445796826, 'k2': 0.0015974581244256687, 'D_high': 22.281634177046417, 'fire_exp': 1.3806513288500464, 'P_half': 118.39097834757698, 'pre_dampen_half': 1.9069966103000422, 'gpp_af': 5.056419398267455, 'gpp_b': 2.852199954727099e-05, 'gpp_d': 0.04409594046630608, 'ign_k': 0.23423849847112907, 'ign_c': 0.4051452710153359, 'trop_agb_crit': 28.4191188830683, 'trop_k_veg': 4.7254560805090735, 'fuel_k': 0.03201034713747641, 'fuel_half': 1.0889347318773483}.
[I 2026-06-10 21:19:07,853] Trial 180 finished with values: [10.768761228209964, 10.768761228209964] and parameters: {'k1': 0.00021066486017042195, 'D_low': 2186.356344942016, 'k2': 0.0004976087827261435, 'D_high': 1266.9536563782303, 'fire_exp': 1.4848387260494937, 'P_half': 355.00125258511594, 'pre_dampen_half': 0.012358147737023888, 'gpp_af': 37.28155624293858, 'gpp_b': 0.40704318060211087, 'gpp_d': 1.226969905882515, 'ign_k': 0.012480180965117606, 'ign_c': 17.583640270008505, 'trop_agb_crit': 12.647327018493208, 'trop_k_veg': 1.9658897090912955, 'fuel_k': 0.13637815306751003, 'fuel_half': 1.9170041589170652}.
[I 2026-06-10 21:19:09,488] Trial 181 finished with values: [10.732965880497158, 10.732965880497158] and parameters: {'k1': 0.0009299619346742016, 'D_low': 30.956657914928517, 'k2': 0.0006863458703786212, 'D_high': 1869.7387216131533, 'fire_exp': 1.3806513288500464, 'P_half': 118.39097834757698, 'pre_dampen_half': 10.129197956845726, 'gpp_af': 3.4702669886504163, 'gpp_b': 0.00036184510553922684, 'gpp_d': 0.04409594046630608, 'ign_k': 4.591485216740537, 'ign_c': 18.219343937475102, 'trop_agb_crit': 1.8559980846490576, 'trop_k_veg': 2.9556982260250573, 'fuel_k': 0.03201034713747641, 'fuel_half': 0.28682508353628944}.
[I 2026-06-10 21:19:11,153] Trial 182 finished with values: [10.768973830751065, 10.768973830751065] and parameters: {'k1': 0.012840669372724958, 'D_low': 171.2446447678494, 'k2': 0.0004976087827261435, 'D_high': 42210.21267871043, 'fire_exp': 1.3806513288500464, 'P_half': 93.43302657318476, 'pre_dampen_half': 13.472769577631583, 'gpp_af': 0.2204465010099918, 'gpp_b': 2.176805640408474e-05, 'gpp_d': 32.54021513867688, 'ign_k': 0.782853422821863, 'ign_c': 39.52220881906114, 'trop_agb_crit': 12.647327018493208, 'trop_k_veg': 4.7254560805090735, 'fuel_k': 0.014999101825504624, 'fuel_half': 3.0734574518379394}.
[I 2026-06-10 21:19:12,683] Trial 183 finished with values: [10.275275701926594, 10.275275701926594] and parameters: {'k1': 0.03865036856259725, 'D_low': 1.3670484737132342, 'k2': 0.004679839449773939, 'D_high': 3512.7047262708465, 'fire_exp': 1.5570014564238306, 'P_half': 108.21382910613987, 'pre_dampen_half': 243.70551632385417, 'gpp_af': 0.024714492403026287, 'gpp_b': 0.00011536203425923768, 'gpp_d': 59.94537656798816, 'ign_k': 0.02741350741975827, 'ign_c': 1.4940577239079738, 'trop_agb_crit': 2.679156169946616, 'trop_k_veg': 0.7818074020304813, 'fuel_k': 0.2503625235956924, 'fuel_half': 11.781063202742125}.
[I 2026-06-10 21:19:14,225] Trial 184 finished with values: [10.594368329538598, 10.594368329538598] and parameters: {'k1': 0.012840669372724958, 'D_low': 323.7668055684038, 'k2': 0.002884223471687844, 'D_high': 40237.59749324181, 'fire_exp': 1.2051641823721246, 'P_half': 93.43302657318476, 'pre_dampen_half': 0.1261583527429052, 'gpp_af': 5.056419398267455, 'gpp_b': 2.176805640408474e-05, 'gpp_d': 32.54021513867688, 'ign_k': 0.012868405331151606, 'ign_c': 0.5655677524618509, 'trop_agb_crit': 10.215415653610627, 'trop_k_veg': 4.7254560805090735, 'fuel_k': 4.710433409437072, 'fuel_half': 1.3323297901105768}.
[I 2026-06-10 21:19:15,766] Trial 185 finished with values: [10.76674080777167, 10.76674080777167] and parameters: {'k1': 1.3243445838637965e-05, 'D_low': 1.4105638677535268, 'k2': 1.2519965329664594e-05, 'D_high': 2427.054417940131, 'fire_exp': 1.3398633649925373, 'P_half': 122.73630375458193, 'pre_dampen_half': 70.78932406899747, 'gpp_af': 0.011997897226934482, 'gpp_b': 0.05461888811739216, 'gpp_d': 0.026713901787135636, 'ign_k': 0.001609633064821938, 'ign_c': 13.34807155996068, 'trop_agb_crit': 6.289029460848807, 'trop_k_veg': 2.9276023444448636, 'fuel_k': 1.040378926396937, 'fuel_half': 84.6362160256194}.
[I 2026-06-10 21:19:17,437] Trial 186 finished with values: [10.60692247084949, 10.60692247084949] and parameters: {'k1': 0.0010495653625093638, 'D_low': 1022.1111307208341, 'k2': 0.0006863458703786212, 'D_high': 83201.33621840179, 'fire_exp': 1.1916010013283533, 'P_half': 20.654107883022302, 'pre_dampen_half': 0.01939964577577238, 'gpp_af': 0.015875524914818664, 'gpp_b': 1.284284091405877e-05, 'gpp_d': 0.04409594046630608, 'ign_k': 6.344955605329754, 'ign_c': 0.2939463458625969, 'trop_agb_crit': 1.6034837661963206, 'trop_k_veg': 2.9556982260250573, 'fuel_k': 2.316229308100196, 'fuel_half': 0.28682508353628944}.
[I 2026-06-10 21:19:19,100] Trial 187 finished with values: [10.749451794436325, 10.749451794436325] and parameters: {'k1': 0.008471801418819975, 'D_low': 2.4474057445796826, 'k2': 0.0009562822793888481, 'D_high': 78.90004262668583, 'fire_exp': 3.024033356500894, 'P_half': 8.89193644629625, 'pre_dampen_half': 9.16302609334724, 'gpp_af': 3.4702669886504163, 'gpp_b': 1.3289448722869181e-05, 'gpp_d': 32.54021513867688, 'ign_k': 2.1368329072358767, 'ign_c': 1.4940577239079738, 'trop_agb_crit': 1.3752099014456878, 'trop_k_veg': 4.7254560805090735, 'fuel_k': 0.07002142869039264, 'fuel_half': 3.752055855124281}.
[I 2026-06-10 21:19:20,663] Trial 188 finished with values: [10.490557687450595, 10.490557687450595] and parameters: {'k1': 0.028401063201780267, 'D_low': 1.7956984225677628, 'k2': 0.0001906331412032436, 'D_high': 38202.59936390114, 'fire_exp': 2.450200807937923, 'P_half': 355.00125258511594, 'pre_dampen_half': 132.86323715350125, 'gpp_af': 0.0028604435659156367, 'gpp_b': 0.00012118589392553798, 'gpp_d': 562.7426550259207, 'ign_k': 6.344955605329754, 'ign_c': 22.126836566118193, 'trop_agb_crit': 8.576304173303555, 'trop_k_veg': 2.724170387400844, 'fuel_k': 0.06525050422102326, 'fuel_half': 71.14476009343416}.
[I 2026-06-10 21:19:22,149] Trial 189 finished with values: [10.572585379677124, 10.572585379677124] and parameters: {'k1': 0.0006579066240690734, 'D_low': 323.7668055684038, 'k2': 0.002173988526401145, 'D_high': 40237.59749324181, 'fire_exp': 1.1103154430776774, 'P_half': 24.617096698415132, 'pre_dampen_half': 565.0116730717873, 'gpp_af': 0.03522602097143089, 'gpp_b': 0.00012118589392553798, 'gpp_d': 12.338826503601998, 'ign_k': 0.009674045662145934, 'ign_c': 188.97713941351608, 'trop_agb_crit': 4.84104109932157, 'trop_k_veg': 2.724170387400844, 'fuel_k': 0.10978148458640455, 'fuel_half': 71.14476009343416}.
[I 2026-06-10 21:19:23,617] Trial 190 finished with values: [10.680378498540929, 10.680378498540929] and parameters: {'k1': 0.028401063201780267, 'D_low': 1.7956984225677628, 'k2': 0.0002656971546588439, 'D_high': 88320.39346746863, 'fire_exp': 1.5191397119156032, 'P_half': 355.00125258511594, 'pre_dampen_half': 8.259599205585761, 'gpp_af': 0.3106068252464493, 'gpp_b': 3.3229341002487806e-05, 'gpp_d': 0.06359264168909612, 'ign_k': 0.005575298138639647, 'ign_c': 22.126836566118193, 'trop_agb_crit': 5.526463318565575, 'trop_k_veg': 2.724170387400844, 'fuel_k': 0.016707115724617874, 'fuel_half': 1.2281372083392914}.
[I 2026-06-10 21:19:25,224] Trial 191 finished with values: [10.759701296065533, 10.759701296065533] and parameters: {'k1': 0.002155595057104387, 'D_low': 37.35862630812753, 'k2': 0.03699867920489089, 'D_high': 3346.220103048382, 'fire_exp': 6.234638880169447, 'P_half': 102.4585893986732, 'pre_dampen_half': 24.551654436784773, 'gpp_af': 0.6739998811889462, 'gpp_b': 0.0001484082099455773, 'gpp_d': 30.190550386581368, 'ign_k': 0.043232642103703305, 'ign_c': 0.49337516004483395, 'trop_agb_crit': 10.691477813613638, 'trop_k_veg': 6.45312300188076, 'fuel_k': 0.3356098860138198, 'fuel_half': 72.7420826493834}.
[I 2026-06-10 21:19:26,785] Trial 192 finished with values: [10.52426065217578, 10.52426065217578] and parameters: {'k1': 0.001906534551939351, 'D_low': 2.4474057445796826, 'k2': 0.08661811390647982, 'D_high': 91246.32886689917, 'fire_exp': 1.1017756999772779, 'P_half': 93.43302657318476, 'pre_dampen_half': 0.21634225433779958, 'gpp_af': 28.269551568161315, 'gpp_b': 5.0875243087016374e-05, 'gpp_d': 32.54021513867688, 'ign_k': 0.012868405331151606, 'ign_c': 1.4940577239079738, 'trop_agb_crit': 4.84104109932157, 'trop_k_veg': 7.732256834860708, 'fuel_k': 2.563645943471902, 'fuel_half': 0.107891563325261}.
[I 2026-06-10 21:19:28,317] Trial 193 finished with values: [10.720033345563353, 10.720033345563353] and parameters: {'k1': 0.001906534551939351, 'D_low': 2.2784736437715205, 'k2': 0.002884223471687844, 'D_high': 468.0832528336203, 'fire_exp': 1.3398633649925373, 'P_half': 157.80309954142965, 'pre_dampen_half': 243.70551632385417, 'gpp_af': 0.03522602097143089, 'gpp_b': 0.15208782389892764, 'gpp_d': 12.338826503601998, 'ign_k': 3.2697906333916915, 'ign_c': 1.4940577239079738, 'trop_agb_crit': 15.68644624233575, 'trop_k_veg': 2.724170387400844, 'fuel_k': 0.10978148458640455, 'fuel_half': 54.91887821601532}.
[I 2026-06-10 21:19:29,802] Trial 194 finished with values: [10.769230769178105, 10.769230769178105] and parameters: {'k1': 0.0010495653625093638, 'D_low': 1022.1111307208341, 'k2': 0.0006863458703786212, 'D_high': 83201.33621840179, 'fire_exp': 1.0283820194309468, 'P_half': 56.22114524476698, 'pre_dampen_half': 331.7366635899375, 'gpp_af': 28.55719640738185, 'gpp_b': 1.284284091405877e-05, 'gpp_d': 922.1975850381748, 'ign_k': 6.344955605329754, 'ign_c': 154.77616670938286, 'trop_agb_crit': 27.025726513675966, 'trop_k_veg': 2.9556982260250573, 'fuel_k': 0.5604857991960507, 'fuel_half': 60.22306787169707}.
[I 2026-06-10 21:19:31,433] Trial 195 finished with values: [10.713227446868279, 10.713227446868279] and parameters: {'k1': 0.0009670857606743155, 'D_low': 2.2784736437715205, 'k2': 0.00033271381912662167, 'D_high': 275.90690254397856, 'fire_exp': 1.3398633649925373, 'P_half': 122.73630375458193, 'pre_dampen_half': 14.689407256107613, 'gpp_af': 1.1409619915696267, 'gpp_b': 2.852199954727099e-05, 'gpp_d': 12.338826503601998, 'ign_k': 0.013276678836047658, 'ign_c': 18.219343937475102, 'trop_agb_crit': 1.6034837661963206, 'trop_k_veg': 1.331829048405031, 'fuel_k': 0.10978148458640455, 'fuel_half': 43.386530548835104}.
[I 2026-06-10 21:19:33,108] Trial 196 finished with values: [10.760168370245287, 10.760168370245287] and parameters: {'k1': 0.0043033566298259765, 'D_low': 323.7668055684038, 'k2': 0.002173988526401145, 'D_high': 40237.59749324181, 'fire_exp': 1.1103154430776774, 'P_half': 2525.3810447657925, 'pre_dampen_half': 0.011396414164620812, 'gpp_af': 0.2204465010099918, 'gpp_b': 2.176805640408474e-05, 'gpp_d': 0.03927259340973166, 'ign_k': 0.0029519227433917453, 'ign_c': 294.56205692027385, 'trop_agb_crit': 12.647327018493208, 'trop_k_veg': 3.563887772561028, 'fuel_k': 4.710433409437072, 'fuel_half': 1.3323297901105768}.
[I 2026-06-10 21:19:34,766] Trial 197 finished with values: [10.458795127422407, 10.458795127422407] and parameters: {'k1': 0.02228708726011016, 'D_low': 7.857247967427123, 'k2': 0.0004976087827261435, 'D_high': 42210.21267871043, 'fire_exp': 1.2918065501148304, 'P_half': 118.39097834757698, 'pre_dampen_half': 0.011396414164620812, 'gpp_af': 0.22965432344634354, 'gpp_b': 2.176805640408474e-05, 'gpp_d': 30.715480126452004, 'ign_k': 1.1044350847124695, 'ign_c': 1.4940577239079738, 'trop_agb_crit': 12.647327018493208, 'trop_k_veg': 4.7254560805090735, 'fuel_k': 4.710433409437072, 'fuel_half': 1.9170041589170652}.
[I 2026-06-10 21:19:36,290] Trial 198 finished with values: [10.676466663144248, 10.676466663144248] and parameters: {'k1': 0.07799059237255677, 'D_low': 37.35862630812753, 'k2': 0.00033271381912662167, 'D_high': 275.90690254397856, 'fire_exp': 1.1103154430776774, 'P_half': 122.73630375458193, 'pre_dampen_half': 3.3841016089580034, 'gpp_af': 0.03522602097143089, 'gpp_b': 0.0001484082099455773, 'gpp_d': 229.41380323183625, 'ign_k': 0.003296550135838091, 'ign_c': 18.219343937475102, 'trop_agb_crit': 10.691477813613638, 'trop_k_veg': 5.876643247346733, 'fuel_k': 1.040378926396937, 'fuel_half': 72.7420826493834}.
[I 2026-06-10 21:19:37,877] Trial 199 finished with values: [-0.36153439284918215, 0.8948695051510821] and parameters: {'k1': 0.0009670857606743155, 'D_low': 525.4883437268169, 'k2': 0.0002172578929502367, 'D_high': 42210.21267871043, 'fire_exp': 1.2781983515972553, 'P_half': 93.43302657318476, 'pre_dampen_half': 13.472769577631583, 'gpp_af': 0.3002317246575309, 'gpp_b': 1.284284091405877e-05, 'gpp_d': 229.41380323183625, 'ign_k': 5.351470428717437, 'ign_c': 1.4940577239079738, 'trop_agb_crit': 9.286923253577127, 'trop_k_veg': 6.45312300188076, 'fuel_k': 4.710433409437072, 'fuel_half': 1.3323297901105768}.
[I 2026-06-10 21:19:39,400] Trial 200 finished with values: [11.224764049625659, 11.224764049625659] and parameters: {'k1': 0.002981573452453104, 'D_low': 171.2446447678494, 'k2': 0.010253368317956682, 'D_high': 40237.59749324181, 'fire_exp': 1.1103154430776774, 'P_half': 13.30003421978439, 'pre_dampen_half': 243.70551632385417, 'gpp_af': 5.056419398267455, 'gpp_b': 2.176805640408474e-05, 'gpp_d': 32.54021513867688, 'ign_k': 0.0029519227433917453, 'ign_c': 0.5655677524618509, 'trop_agb_crit': 12.647327018493208, 'trop_k_veg': 1.331829048405031, 'fuel_k': 4.710433409437072, 'fuel_half': 0.17108183937377372}.
[I 2026-06-10 21:19:41,147] Trial 201 finished with values: [10.69785490776411, 10.69785490776411] and parameters: {'k1': 0.028401063201780267, 'D_low': 16.00237013173313, 'k2': 0.0004976087827261435, 'D_high': 2427.054417940131, 'fire_exp': 1.9594972058679163, 'P_half': 118.39097834757698, 'pre_dampen_half': 8.259599205585761, 'gpp_af': 0.22965432344634354, 'gpp_b': 0.00012118589392553798, 'gpp_d': 0.06209055280340042, 'ign_k': 3.965503094323014, 'ign_c': 22.126836566118193, 'trop_agb_crit': 7.896186801026689, 'trop_k_veg': 4.7254560805090735, 'fuel_k': 4.710433409437072, 'fuel_half': 1.9170041589170652}.
[I 2026-06-10 21:19:42,757] Trial 202 finished with values: [10.76913953872456, 10.76913953872456] and parameters: {'k1': 0.004898620823554844, 'D_low': 40.12413353131991, 'k2': 7.841214856323651e-05, 'D_high': 61536.58035691648, 'fire_exp': 7.601000466715835, 'P_half': 221.2683656611821, 'pre_dampen_half': 3.3841016089580034, 'gpp_af': 28.55719640738185, 'gpp_b': 0.014662453726154785, 'gpp_d': 229.41380323183625, 'ign_k': 0.001973268844408891, 'ign_c': 30.785541778315018, 'trop_agb_crit': 27.025726513675966, 'trop_k_veg': 2.132271839889451, 'fuel_k': 0.9221804185592763, 'fuel_half': 60.22306787169707}.
[I 2026-06-10 21:19:44,288] Trial 203 finished with values: [10.70205484522834, 10.70205484522834] and parameters: {'k1': 0.001566517163094646, 'D_low': 1.7956984225677628, 'k2': 8.598664501707758e-05, 'D_high': 40237.59749324181, 'fire_exp': 1.1103154430776774, 'P_half': 8.89193644629625, 'pre_dampen_half': 0.011396414164620812, 'gpp_af': 5.056419398267455, 'gpp_b': 0.15208782389892764, 'gpp_d': 32.54021513867688, 'ign_k': 0.42702329684055446, 'ign_c': 0.5655677524618509, 'trop_agb_crit': 12.647327018493208, 'trop_k_veg': 1.331829048405031, 'fuel_k': 2.563645943471902, 'fuel_half': 41.2601291684027}.
[I 2026-06-10 21:19:45,815] Trial 204 finished with values: [10.465910778319914, 10.465910778319914] and parameters: {'k1': 0.0006579066240690734, 'D_low': 323.7668055684038, 'k2': 0.002173988526401145, 'D_high': 2289.1315306837046, 'fire_exp': 1.1103154430776774, 'P_half': 13.30003421978439, 'pre_dampen_half': 565.0116730717873, 'gpp_af': 28.269551568161315, 'gpp_b': 0.005419266601560437, 'gpp_d': 12.6084874067596, 'ign_k': 0.012868405331151606, 'ign_c': 0.5655677524618509, 'trop_agb_crit': 2.7395739167173065, 'trop_k_veg': 4.129715873342728, 'fuel_k': 0.4182971994460706, 'fuel_half': 0.17108183937377372}.
[I 2026-06-10 21:19:47,339] Trial 205 finished with values: [10.721118851044821, 10.721118851044821] and parameters: {'k1': 0.00021066486017042195, 'D_low': 1.7956984225677628, 'k2': 0.0007047307383115598, 'D_high': 14403.650379563867, 'fire_exp': 1.142464401405714, 'P_half': 221.2683656611821, 'pre_dampen_half': 0.011396414164620812, 'gpp_af': 0.03940055743445144, 'gpp_b': 1.284284091405877e-05, 'gpp_d': 36.831884165358986, 'ign_k': 0.001609633064821938, 'ign_c': 13.34807155996068, 'trop_agb_crit': 1.104591719941618, 'trop_k_veg': 6.825463866194253, 'fuel_k': 0.03201034713747641, 'fuel_half': 1.0889347318773483}.
[I 2026-06-10 21:19:48,910] Trial 206 finished with values: [10.729369226183268, 10.729369226183268] and parameters: {'k1': 0.0010495653625093638, 'D_low': 2022.2268128429641, 'k2': 0.002884223471687844, 'D_high': 38202.59936390114, 'fire_exp': 1.2336901664320323, 'P_half': 2010.3283734409151, 'pre_dampen_half': 13.472769577631583, 'gpp_af': 0.5592994749372486, 'gpp_b': 0.004458440839692221, 'gpp_d': 32.54021513867688, 'ign_k': 6.344955605329754, 'ign_c': 0.3277022851928568, 'trop_agb_crit': 12.647327018493208, 'trop_k_veg': 4.7254560805090735, 'fuel_k': 0.06525050422102326, 'fuel_half': 0.9682636678036001}.
[I 2026-06-10 21:19:50,619] Trial 207 finished with values: [10.043532846291155, 10.043532846291155] and parameters: {'k1': 0.00021901578520649233, 'D_low': 40.12413353131991, 'k2': 0.0002172578929502367, 'D_high': 61536.58035691648, 'fire_exp': 1.2781983515972553, 'P_half': 221.2683656611821, 'pre_dampen_half': 52.18447053446689, 'gpp_af': 0.2204465010099918, 'gpp_b': 2.176805640408474e-05, 'gpp_d': 36.831884165358986, 'ign_k': 5.351470428717437, 'ign_c': 18.219343937475102, 'trop_agb_crit': 12.647327018493208, 'trop_k_veg': 1.9658897090912955, 'fuel_k': 0.9221804185592763, 'fuel_half': 1.9170041589170652}.
[I 2026-06-10 21:19:52,391] Trial 208 finished with values: [10.60520266925629, 10.60520266925629] and parameters: {'k1': 0.0006579066240690734, 'D_low': 323.7668055684038, 'k2': 0.002884223471687844, 'D_high': 40237.59749324181, 'fire_exp': 1.1103154430776774, 'P_half': 4.395816797119711, 'pre_dampen_half': 0.1261583527429052, 'gpp_af': 28.269551568161315, 'gpp_b': 2.176805640408474e-05, 'gpp_d': 12.6084874067596, 'ign_k': 0.012868405331151606, 'ign_c': 0.5655677524618509, 'trop_agb_crit': 4.84104109932157, 'trop_k_veg': 4.7254560805090735, 'fuel_k': 4.710433409437072, 'fuel_half': 1.3323297901105768}.
[I 2026-06-10 21:19:53,983] Trial 209 finished with values: [10.496205433793312, 10.496205433793312] and parameters: {'k1': 0.0009670857606743155, 'D_low': 1870.1140647651896, 'k2': 0.0002172578929502367, 'D_high': 61536.58035691648, 'fire_exp': 1.3806513288500464, 'P_half': 221.2683656611821, 'pre_dampen_half': 3.3841016089580034, 'gpp_af': 0.3002317246575309, 'gpp_b': 1.284284091405877e-05, 'gpp_d': 229.41380323183625, 'ign_k': 5.351470428717437, 'ign_c': 1.4940577239079738, 'trop_agb_crit': 9.286923253577127, 'trop_k_veg': 4.7254560805090735, 'fuel_k': 2.563645943471902, 'fuel_half': 0.28682508353628944}.
