[I 2026-06-10 22:29:15,604] Trial 302 finished with values: [10.784169546232759, 10.784169546232759] and parameters: {'k1': 0.0006390695092073222, 'D_low': 50.32059347286801, 'k2': 0.0010726091927327822, 'D_high': 42.242359735170886, 'fire_exp': 1.7792742686803427, 'P_half': 157.3644610977214, 'pre_dampen_half': 269.0845367054866, 'gpp_af': 0.8057329182285734, 'gpp_b': 0.049565458633074926, 'gpp_d': 594.7389794988394, 'ign_k': 0.8945150807271531, 'ign_c': 16.497426799845446, 'trop_agb_crit': 3.1419938725278875, 'trop_k_veg': 4.0068236274914755, 'fire_amp': 1.1202509284327942}.
[I 2026-06-10 22:29:17,339] Trial 303 finished with values: [10.580905359934619, 10.580905359934619] and parameters: {'k1': 0.00026539376439360527, 'D_low': 171.2446447678494, 'k2': 0.0004976087827261435, 'D_high': 42210.21267871043, 'fire_exp': 1.2918065501148304, 'P_half': 277.00025557434554, 'pre_dampen_half': 269.0845367054866, 'gpp_af': 0.8057329182285734, 'gpp_b': 0.006999112505425414, 'gpp_d': 0.03927259340973166, 'ign_k': 0.09256855841989636, 'ign_c': 7.832259769732471, 'trop_agb_crit': 12.647327018493208, 'trop_k_veg': 1.6648666152166967, 'fire_amp': 1.1202509284327942}.
[I 2026-06-10 22:29:19,127] Trial 304 finished with values: [10.69813017619154, 10.69813017619154] and parameters: {'k1': 0.016973078532467004, 'D_low': 12.105387404469584, 'k2': 0.003767022142229395, 'D_high': 2427.054417940131, 'fire_exp': 1.0601964743503993, 'P_half': 8.318314747941244, 'pre_dampen_half': 0.011396414164620812, 'gpp_af': 1.9706963379095486, 'gpp_b': 1.1008110571039521e-05, 'gpp_d': 46.010874324515754, 'ign_k': 0.00840038491455979, 'ign_c': 48.704711413416454, 'trop_agb_crit': 1.5033346993841157, 'trop_k_veg': 0.6673124511410327, 'fire_amp': 4.19233232783727}.
[I 2026-06-10 22:29:20,637] Trial 305 finished with values: [10.67790989203247, 10.67790989203247] and parameters: {'k1': 0.00026539376439360527, 'D_low': 2396.0796124300746, 'k2': 0.003767022142229395, 'D_high': 431.45617043093523, 'fire_exp': 1.0601964743503993, 'P_half': 4.213183643253957, 'pre_dampen_half': 189.36639872354493, 'gpp_af': 3.298293484806585, 'gpp_b': 1.4540386644083135e-05, 'gpp_d': 0.030844007727232167, 'ign_k': 0.09256855841989636, 'ign_c': 1.3431925993528124, 'trop_agb_crit': 1.8023542850487386, 'trop_k_veg': 0.6363741063482814, 'fire_amp': 2.042193818779288}.
[I 2026-06-10 22:29:22,378] Trial 306 finished with values: [10.64729801746191, 10.64729801746191] and parameters: {'k1': 0.00023134781612225627, 'D_low': 6010.742028864748, 'k2': 0.0011135501184757278, 'D_high': 42210.21267871043, 'fire_exp': 1.111738490499784, 'P_half': 1.4551749476072258, 'pre_dampen_half': 189.36639872354493, 'gpp_af': 27.78052183438328, 'gpp_b': 0.00013164432569139702, 'gpp_d': 0.7698760608299932, 'ign_k': 0.002357279455676982, 'ign_c': 7.832259769732471, 'trop_agb_crit': 4.902399583903479, 'trop_k_veg': 2.1406449943451844, 'fire_amp': 2.042193818779288}.
[I 2026-06-10 22:29:25,044] Trial 307 finished with values: [10.54973475764051, 10.54973475764051] and parameters: {'k1': 5.7909642338812115e-05, 'D_low': 450.9719064153485, 'k2': 0.0001016707987819611, 'D_high': 69868.4759244566, 'fire_exp': 1.5191397119156032, 'P_half': 118.94665366442581, 'pre_dampen_half': 8.259599205585761, 'gpp_af': 0.0065783822580709386, 'gpp_b': 2.800940363375676e-05, 'gpp_d': 94.19931479490882, 'ign_k': 0.0018548376790967168, 'ign_c': 0.6235377135673155, 'trop_agb_crit': 2.0420012944047587, 'trop_k_veg': 6.030247256556128, 'fire_amp': 2.6192385880432525}.
[I 2026-06-10 22:29:27,405] Trial 308 finished with values: [10.833333333148357, 10.833333333148357] and parameters: {'k1': 0.0001887567630782227, 'D_low': 2396.0796124300746, 'k2': 0.0004976087827261435, 'D_high': 27.55546207779663, 'fire_exp': 1.2918065501148304, 'P_half': 277.00025557434554, 'pre_dampen_half': 269.0845367054866, 'gpp_af': 0.8057329182285734, 'gpp_b': 2.176805640408474e-05, 'gpp_d': 0.03927259340973166, 'ign_k': 1.636529060071807, 'ign_c': 59.52904331761843, 'trop_agb_crit': 12.647327018493208, 'trop_k_veg': 1.2749676887479542, 'fire_amp': 5.416595007374148}.
[I 2026-06-10 22:29:29,460] Trial 309 finished with values: [10.662466769211013, 10.662466769211013] and parameters: {'k1': 0.0001887567630782227, 'D_low': 43.2326421037033, 'k2': 0.0004976087827261435, 'D_high': 29.126651668813768, 'fire_exp': 1.111738490499784, 'P_half': 277.00025557434554, 'pre_dampen_half': 903.3231300044874, 'gpp_af': 0.8057329182285734, 'gpp_b': 0.00012118589392553798, 'gpp_d': 0.030844007727232167, 'ign_k': 0.8945150807271531, 'ign_c': 0.17036120617148395, 'trop_agb_crit': 1.8023542850487386, 'trop_k_veg': 6.172643383211297, 'fire_amp': 1.1202509284327942}.
[I 2026-06-10 22:29:31,544] Trial 310 finished with values: [10.832316838227612, 10.832316838227612] and parameters: {'k1': 0.006079905434073396, 'D_low': 450.9719064153485, 'k2': 7.639737756882014e-05, 'D_high': 21.356209987689077, 'fire_exp': 1.7792742686803427, 'P_half': 45.55085098454082, 'pre_dampen_half': 8.259599205585761, 'gpp_af': 0.10098504976210308, 'gpp_b': 0.12105864607844925, 'gpp_d': 0.39400557434451433, 'ign_k': 0.8945150807271531, 'ign_c': 22.126836566118193, 'trop_agb_crit': 2.0420012944047587, 'trop_k_veg': 6.030247256556128, 'fire_amp': 1.5587346124822492}.
[I 2026-06-10 22:29:33,589] Trial 311 finished with values: [10.259557283269826, 10.259557283269826] and parameters: {'k1': 0.00026539376439360527, 'D_low': 2396.0796124300746, 'k2': 0.003767022142229395, 'D_high': 44974.07193749848, 'fire_exp': 3.2459542834651627, 'P_half': 101.40635645866499, 'pre_dampen_half': 189.36639872354493, 'gpp_af': 1.8730788990929563, 'gpp_b': 0.0004360709560327289, 'gpp_d': 95.2715755007094, 'ign_k': 0.09256855841989636, 'ign_c': 1.3431925993528124, 'trop_agb_crit': 3.5874145253515306, 'trop_k_veg': 1.6648666152166967, 'fire_amp': 2.042193818779288}.
[I 2026-06-10 22:29:35,412] Trial 312 finished with values: [10.318201999271462, 10.318201999271462] and parameters: {'k1': 0.00023134781612225627, 'D_low': 347.03605955441515, 'k2': 1.5178052094448868e-05, 'D_high': 315.101491238403, 'fire_exp': 1.811096651915224, 'P_half': 102.93072560417136, 'pre_dampen_half': 121.93011993958949, 'gpp_af': 1.9654778690222015, 'gpp_b': 9.497440085397415e-05, 'gpp_d': 0.1619054449471649, 'ign_k': 0.371259104528773, 'ign_c': 0.1276571787395169, 'trop_agb_crit': 21.380932890222198, 'trop_k_veg': 6.778288138489648, 'fire_amp': 1.8357623383234334}.
[I 2026-06-10 22:29:37,289] Trial 313 finished with values: [10.833333333148357, 10.833333333148357] and parameters: {'k1': 0.006079905434073396, 'D_low': 2396.0796124300746, 'k2': 0.003767022142229395, 'D_high': 570.8731724249576, 'fire_exp': 8.930248873821906, 'P_half': 4.213183643253957, 'pre_dampen_half': 903.3231300044874, 'gpp_af': 42.29037995744429, 'gpp_b': 1.4540386644083135e-05, 'gpp_d': 545.0253444559129, 'ign_k': 0.004020051040432127, 'ign_c': 1.3431925993528124, 'trop_agb_crit': 1.5033346993841157, 'trop_k_veg': 1.2749676887479542, 'fire_amp': 5.416595007374148}.
[I 2026-06-10 22:29:39,120] Trial 314 finished with values: [10.702924672257756, 10.702924672257756] and parameters: {'k1': 0.00026539376439360527, 'D_low': 347.03605955441515, 'k2': 1.5178052094448868e-05, 'D_high': 315.101491238403, 'fire_exp': 1.811096651915224, 'P_half': 102.93072560417136, 'pre_dampen_half': 121.93011993958949, 'gpp_af': 1.9654778690222015, 'gpp_b': 0.006999112505425414, 'gpp_d': 0.1619054449471649, 'ign_k': 0.09256855841989636, 'ign_c': 7.832259769732471, 'trop_agb_crit': 21.380932890222198, 'trop_k_veg': 1.6648666152166967, 'fire_amp': 1.8357623383234334}.
[I 2026-06-10 22:29:41,994] Trial 315 finished with values: [10.26154371840331, 10.26154371840331] and parameters: {'k1': 0.00026539376439360527, 'D_low': 3840.3004190988563, 'k2': 3.152468275632564e-05, 'D_high': 20103.283734409175, 'fire_exp': 1.111738490499784, 'P_half': 12.262543158860007, 'pre_dampen_half': 1.4510220269654117, 'gpp_af': 52.24919465719593, 'gpp_b': 1.1008110571039521e-05, 'gpp_d': 0.47379914349407487, 'ign_k': 0.09256855841989636, 'ign_c': 0.10435856341129002, 'trop_agb_crit': 1.5033346993841157, 'trop_k_veg': 1.600928934389327, 'fire_amp': 3.139567065154707}.
[I 2026-06-10 22:29:44,188] Trial 316 finished with values: [10.200085780729463, 10.200085780729463] and parameters: {'k1': 0.006079905434073396, 'D_low': 43.2326421037033, 'k2': 4.933751600448335e-05, 'D_high': 42.242359735170886, 'fire_exp': 1.7792742686803427, 'P_half': 38.93835424674703, 'pre_dampen_half': 37.40930273158252, 'gpp_af': 1.9998014714101113, 'gpp_b': 0.00047819318414852577, 'gpp_d': 594.7389794988394, 'ign_k': 0.8945150807271531, 'ign_c': 16.497426799845446, 'trop_agb_crit': 8.0091368834625, 'trop_k_veg': 1.6003641872536711, 'fire_amp': 1.5587346124822492}.
[I 2026-06-10 22:29:46,277] Trial 317 finished with values: [10.948796999557155, 10.948796999557155] and parameters: {'k1': 0.0001887567630782227, 'D_low': 3840.3004190988563, 'k2': 0.0004976087827261435, 'D_high': 20103.283734409175, 'fire_exp': 1.2918065501148304, 'P_half': 277.00025557434554, 'pre_dampen_half': 9.044346216330972, 'gpp_af': 0.8057329182285734, 'gpp_b': 1.1008110571039521e-05, 'gpp_d': 0.47379914349407487, 'ign_k': 0.9419612235978201, 'ign_c': 0.10435856341129002, 'trop_agb_crit': 1.5033346993841157, 'trop_k_veg': 0.7808079158649266, 'fire_amp': 5.416595007374148}.
[I 2026-06-10 22:29:48,638] Trial 318 finished with values: [10.677900577260889, 10.677900577260889] and parameters: {'k1': 0.012840669372724958, 'D_low': 1739.6167422846984, 'k2': 0.0011135501184757278, 'D_high': 44974.07193749848, 'fire_exp': 1.2918065501148304, 'P_half': 101.40635645866499, 'pre_dampen_half': 4.603480758878793, 'gpp_af': 0.07302012718529301, 'gpp_b': 0.00036184510553922684, 'gpp_d': 0.7698760608299932, 'ign_k': 0.0029519227433917453, 'ign_c': 2.2489542843914485, 'trop_agb_crit': 3.5874145253515306, 'trop_k_veg': 2.520089655463604, 'fire_amp': 1.2393473789150806}.
[I 2026-06-10 22:29:51,659] Trial 319 finished with values: [10.775225770833309, 10.775225770833309] and parameters: {'k1': 0.0869690639641868, 'D_low': 2396.0796124300746, 'k2': 0.00012498583886387654, 'D_high': 431.45617043093523, 'fire_exp': 1.9095652801045373, 'P_half': 118.94665366442581, 'pre_dampen_half': 9.044346216330972, 'gpp_af': 3.298293484806585, 'gpp_b': 0.006999112505425414, 'gpp_d': 47.35384181058586, 'ign_k': 8.628009047476775, 'ign_c': 0.6235377135673155, 'trop_agb_crit': 1.8023542850487386, 'trop_k_veg': 1.6648666152166967, 'fire_amp': 2.0822063607840695}.
[I 2026-06-10 22:29:53,990] Trial 320 finished with values: [10.186816598335277, 10.186816598335277] and parameters: {'k1': 0.006079905434073396, 'D_low': 43.2326421037033, 'k2': 0.003767022142229395, 'D_high': 1817.0401889219124, 'fire_exp': 1.0601964743503993, 'P_half': 1265.0580856641704, 'pre_dampen_half': 9.044346216330972, 'gpp_af': 0.41874665092828456, 'gpp_b': 0.00047819318414852577, 'gpp_d': 594.7389794988394, 'ign_k': 0.8945150807271531, 'ign_c': 0.6235377135673155, 'trop_agb_crit': 8.0091368834625, 'trop_k_veg': 4.796046723963646, 'fire_amp': 2.6192385880432525}.
[I 2026-06-10 22:29:56,272] Trial 321 finished with values: [10.786532348417252, 10.786532348417252] and parameters: {'k1': 0.006079905434073396, 'D_low': 43.2326421037033, 'k2': 0.02939607009739149, 'D_high': 44974.07193749848, 'fire_exp': 3.2459542834651627, 'P_half': 101.40635645866499, 'pre_dampen_half': 9.044346216330972, 'gpp_af': 0.41874665092828456, 'gpp_b': 0.16285506249643175, 'gpp_d': 594.7389794988394, 'ign_k': 3.6309591863459096, 'ign_c': 0.6235377135673155, 'trop_agb_crit': 3.5874145253515306, 'trop_k_veg': 4.796046723963646, 'fire_amp': 2.6192385880432525}.
[I 2026-06-10 22:29:58,744] Trial 322 finished with values: [10.58215527547617, 10.58215527547617] and parameters: {'k1': 0.037704815040649445, 'D_low': 2267.735223551285, 'k2': 0.02065142557895925, 'D_high': 6682.9607218310075, 'fire_exp': 1.9095652801045373, 'P_half': 118.94665366442581, 'pre_dampen_half': 4.847666216751353, 'gpp_af': 10.25616274847308, 'gpp_b': 0.001674375583895437, 'gpp_d': 0.4742269251269962, 'ign_k': 1.6270983114897255, 'ign_c': 1.364908766641693, 'trop_agb_crit': 12.9667438075127, 'trop_k_veg': 2.99731137426955, 'fire_amp': 2.7806853670293616}.
[I 2026-06-10 22:30:00,956] Trial 323 finished with values: [10.578157214461633, 10.578157214461633] and parameters: {'k1': 0.0001887567630782227, 'D_low': 171.2446447678494, 'k2': 0.0004976087827261435, 'D_high': 83.14160873549643, 'fire_exp': 1.2918065501148304, 'P_half': 4.213183643253957, 'pre_dampen_half': 269.0845367054866, 'gpp_af': 1.3954498518315706, 'gpp_b': 1.4540386644083135e-05, 'gpp_d': 47.35384181058586, 'ign_k': 0.001229921046579313, 'ign_c': 99.96359851911319, 'trop_agb_crit': 12.647327018493208, 'trop_k_veg': 4.0068236274914755, 'fire_amp': 1.1202509284327942}.
[I 2026-06-10 22:30:03,771] Trial 324 finished with values: [10.666908206874364, 10.666908206874364] and parameters: {'k1': 0.00026539376439360527, 'D_low': 1074.940539517341, 'k2': 1.1417577140741129e-05, 'D_high': 29.126651668813768, 'fire_exp': 1.633445707733642, 'P_half': 12.262543158860007, 'pre_dampen_half': 189.36639872354493, 'gpp_af': 3.298293484806585, 'gpp_b': 0.006999112505425414, 'gpp_d': 0.030844007727232167, 'ign_k': 0.09256855841989636, 'ign_c': 7.832259769732471, 'trop_agb_crit': 1.8023542850487386, 'trop_k_veg': 0.5450786550840475, 'fire_amp': 2.042193818779288}.
[I 2026-06-10 22:30:06,617] Trial 325 finished with values: [10.776212362050037, 10.776212362050037] and parameters: {'k1': 0.0869690639641868, 'D_low': 2267.735223551285, 'k2': 0.0007731571570012607, 'D_high': 949.9072859745386, 'fire_exp': 1.14171776851287, 'P_half': 118.94665366442581, 'pre_dampen_half': 18.127341934230078, 'gpp_af': 94.30595410350193, 'gpp_b': 2.1309331861011757e-05, 'gpp_d': 0.4742269251269962, 'ign_k': 1.6270983114897255, 'ign_c': 0.4177928311636542, 'trop_agb_crit': 8.188098178380693, 'trop_k_veg': 0.8097682578073301, 'fire_amp': 2.6192385880432525}.
[I 2026-06-10 22:30:08,529] Trial 326 finished with values: [10.74875015272086, 10.74875015272086] and parameters: {'k1': 0.00026539376439360527, 'D_low': 1074.940539517341, 'k2': 1.1417577140741129e-05, 'D_high': 29.126651668813768, 'fire_exp': 1.111738490499784, 'P_half': 1.4551749476072258, 'pre_dampen_half': 0.6960360257735198, 'gpp_af': 3.298293484806585, 'gpp_b': 0.006999112505425414, 'gpp_d': 0.030844007727232167, 'ign_k': 0.09256855841989636, 'ign_c': 7.832259769732471, 'trop_agb_crit': 1.8023542850487386, 'trop_k_veg': 1.6648666152166967, 'fire_amp': 2.042193818779288}.
[I 2026-06-10 22:30:10,632] Trial 327 finished with values: [10.544005524546783, 10.544005524546783] and parameters: {'k1': 5.7909642338812115e-05, 'D_low': 450.9719064153485, 'k2': 0.0001016707987819611, 'D_high': 69868.4759244566, 'fire_exp': 1.5191397119156032, 'P_half': 45.55085098454082, 'pre_dampen_half': 8.259599205585761, 'gpp_af': 0.10098504976210308, 'gpp_b': 0.004411400434514031, 'gpp_d': 0.39400557434451433, 'ign_k': 0.0018548376790967168, 'ign_c': 22.126836566118193, 'trop_agb_crit': 2.0420012944047587, 'trop_k_veg': 6.030247256556128, 'fire_amp': 5.44779717154213}.
[I 2026-06-10 22:30:12,925] Trial 328 finished with values: [10.528294372414539, 10.528294372414539] and parameters: {'k1': 0.00026539376439360527, 'D_low': 347.03605955441515, 'k2': 0.028670350305540694, 'D_high': 315.101491238403, 'fire_exp': 1.111738490499784, 'P_half': 78.13392238162733, 'pre_dampen_half': 121.93011993958949, 'gpp_af': 52.24919465719593, 'gpp_b': 1.1008110571039521e-05, 'gpp_d': 0.1619054449471649, 'ign_k': 0.371259104528773, 'ign_c': 0.1276571787395169, 'trop_agb_crit': 21.380932890222198, 'trop_k_veg': 6.778288138489648, 'fire_amp': 5.667622640988655}.
[I 2026-06-10 22:30:15,111] Trial 329 finished with values: [10.630690010264619, 10.630690010264619] and parameters: {'k1': 0.0008362695993649681, 'D_low': 2186.356344942016, 'k2': 0.003767022142229395, 'D_high': 55.22071973135807, 'fire_exp': 1.0601964743503993, 'P_half': 1265.0580856641704, 'pre_dampen_half': 220.35141300841897, 'gpp_af': 1.7775411110039254, 'gpp_b': 1.4540386644083135e-05, 'gpp_d': 76.38081075786287, 'ign_k': 0.17320535908244444, 'ign_c': 0.6235377135673155, 'trop_agb_crit': 1.0693376406863295, 'trop_k_veg': 4.796046723963646, 'fire_amp': 5.831305332032283}.
[I 2026-06-10 22:30:17,058] Trial 330 finished with values: [10.333691939168757, 10.333691939168757] and parameters: {'k1': 0.00026539376439360527, 'D_low': 3840.3004190988563, 'k2': 1.5178052094448868e-05, 'D_high': 20103.283734409175, 'fire_exp': 1.111738490499784, 'P_half': 102.93072560417136, 'pre_dampen_half': 121.93011993958949, 'gpp_af': 1.9654778690222015, 'gpp_b': 1.1008110571039521e-05, 'gpp_d': 0.47379914349407487, 'ign_k': 0.09256855841989636, 'ign_c': 0.10435856341129002, 'trop_agb_crit': 21.380932890222198, 'trop_k_veg': 1.600928934389327, 'fire_amp': 1.8357623383234334}.
[I 2026-06-10 22:30:19,557] Trial 331 finished with values: [10.833333333148357, 10.833333333148357] and parameters: {'k1': 0.01212515722046018, 'D_low': 43.2326421037033, 'k2': 4.933751600448335e-05, 'D_high': 42.242359735170886, 'fire_exp': 1.7792742686803427, 'P_half': 70.91190338709636, 'pre_dampen_half': 37.40930273158252, 'gpp_af': 3.298293484806585, 'gpp_b': 0.00012118589392553798, 'gpp_d': 167.46194867675757, 'ign_k': 0.8945150807271531, 'ign_c': 110.68683358440691, 'trop_agb_crit': 1.8023542850487386, 'trop_k_veg': 1.6003641872536711, 'fire_amp': 1.032981306188127}.
[I 2026-06-10 22:30:21,999] Trial 332 finished with values: [10.622978828517203, 10.622978828517203] and parameters: {'k1': 0.0008362695993649681, 'D_low': 2186.356344942016, 'k2': 0.003767022142229395, 'D_high': 1817.0401889219124, 'fire_exp': 1.0601964743503993, 'P_half': 1265.0580856641704, 'pre_dampen_half': 189.36639872354493, 'gpp_af': 1.7775411110039254, 'gpp_b': 0.05719024141066792, 'gpp_d': 7.631016235941559, 'ign_k': 0.17320535908244444, 'ign_c': 23.422386257929038, 'trop_agb_crit': 1.0693376406863295, 'trop_k_veg': 5.636143940068465, 'fire_amp': 5.831305332032283}.
[I 2026-06-10 22:30:24,234] Trial 333 finished with values: [13.65327857349396, 13.65327857349396] and parameters: {'k1': 0.0008362695993649681, 'D_low': 236.79352040223893, 'k2': 0.019383858782150494, 'D_high': 6682.9607218310075, 'fire_exp': 1.0601964743503993, 'P_half': 2.226799690893868, 'pre_dampen_half': 189.36639872354493, 'gpp_af': 0.060029341913968644, 'gpp_b': 0.001674375583895437, 'gpp_d': 1.4397852866783676, 'ign_k': 0.0032383308053152635, 'ign_c': 23.422386257929038, 'trop_agb_crit': 1.0693376406863295, 'trop_k_veg': 2.99731137426955, 'fire_amp': 5.831305332032283}.
[I 2026-06-10 22:30:26,632] Trial 334 finished with values: [10.83310297526011, 10.83310297526011] and parameters: {'k1': 0.017276056747028225, 'D_low': 2396.0796124300746, 'k2': 0.02939607009739149, 'D_high': 48235.58283024493, 'fire_exp': 1.9365919987098117, 'P_half': 101.40635645866499, 'pre_dampen_half': 98.05638874011484, 'gpp_af': 0.004531316405029204, 'gpp_b': 0.16285506249643175, 'gpp_d': 12.151631524283598, 'ign_k': 1.636529060071807, 'ign_c': 0.6235377135673155, 'trop_agb_crit': 1.0189592979395135, 'trop_k_veg': 0.5471865667052176, 'fire_amp': 5.416595007374148}.
[I 2026-06-10 22:30:28,934] Trial 335 finished with values: [11.058014433378892, 11.058014433378892] and parameters: {'k1': 0.0869690639641868, 'D_low': 12.105387404469584, 'k2': 0.02065142557895925, 'D_high': 431.45617043093523, 'fire_exp': 1.0601964743503993, 'P_half': 118.94665366442581, 'pre_dampen_half': 121.93011993958949, 'gpp_af': 0.07118041471054574, 'gpp_b': 2.800940363375676e-05, 'gpp_d': 0.12878367369717508, 'ign_k': 1.6270983114897255, 'ign_c': 0.7619822175388142, 'trop_agb_crit': 1.0189592979395135, 'trop_k_veg': 4.796046723963646, 'fire_amp': 4.19233232783727}.
[I 2026-06-10 22:30:31,373] Trial 336 finished with values: [10.402602346562697, 10.402602346562697] and parameters: {'k1': 0.0032360993995751053, 'D_low': 2267.735223551285, 'k2': 0.0007731571570012607, 'D_high': 1817.0401889219124, 'fire_exp': 1.1633452995374232, 'P_half': 118.94665366442581, 'pre_dampen_half': 435.2726865811943, 'gpp_af': 0.41874665092828456, 'gpp_b': 1.4540386644083135e-05, 'gpp_d': 1.0088237648985734, 'ign_k': 0.17320535908244444, 'ign_c': 0.4177928311636542, 'trop_agb_crit': 1.0693376406863295, 'trop_k_veg': 5.636143940068465, 'fire_amp': 2.6192385880432525}.
[I 2026-06-10 22:30:33,466] Trial 337 finished with values: [10.804151405282862, 10.804151405282862] and parameters: {'k1': 0.00023134781612225627, 'D_low': 1.7551403048208316, 'k2': 0.0011135501184757278, 'D_high': 29.126651668813768, 'fire_exp': 1.111738490499784, 'P_half': 5.4712187293420325, 'pre_dampen_half': 121.93011993958949, 'gpp_af': 27.78052183438328, 'gpp_b': 0.00031478066835753096, 'gpp_d': 0.12878367369717508, 'ign_k': 0.002357279455676982, 'ign_c': 482.3823303865253, 'trop_agb_crit': 1.0693376406863295, 'trop_k_veg': 2.7637004570645405, 'fire_amp': 1.5719333351012774}.
[I 2026-06-10 22:30:35,442] Trial 338 finished with values: [10.567986933976346, 10.567986933976346] and parameters: {'k1': 0.0014452451441203328, 'D_low': 1.4002277211577039, 'k2': 0.0007731571570012607, 'D_high': 431.45617043093523, 'fire_exp': 1.111738490499784, 'P_half': 61.6097529474144, 'pre_dampen_half': 3.4461856429915305, 'gpp_af': 3.298293484806585, 'gpp_b': 0.006999112505425414, 'gpp_d': 1.0088237648985734, 'ign_k': 0.002357279455676982, 'ign_c': 1.9423015749984096, 'trop_agb_crit': 24.199763404822136, 'trop_k_veg': 0.5089315327929785, 'fire_amp': 5.44779717154213}.
