[I 2026-08-05 23:24:03,449] Trial 720 finished with values: [10.24176459270448, 10.24176459270448] and parameters: {'k1': 0.025383218374507292, 'D_low': 5.29551022369202, 'k2': 4.763991596630584e-05, 'D_high': 9769.756791866093, 'fire_exp': 1.010722707674549, 'P_half': 13.019246714361572, 'pre_dampen_half': 246.93224594675561, 'gpp_af': 5.511863475708366, 'gpp_b': 0.6637926838138378, 'gpp_d': 368.30088529547436, 'ign_k': 0.04135816738916687, 'ign_c': 8.671454322584175}.
[I 2026-08-05 23:24:04,715] Trial 721 finished with values: [10.665796403001817, 10.665796403001817] and parameters: {'k1': 0.002407354618388189, 'D_low': 2.1234210963705626, 'k2': 0.031211489608802344, 'D_high': 203.29778470902625, 'fire_exp': 1.1044852285094786, 'P_half': 13.019246714361572, 'pre_dampen_half': 347.79988160923324, 'gpp_af': 0.001339466259146302, 'gpp_b': 7.402343469704428e-05, 'gpp_d': 368.30088529547436, 'ign_k': 0.04563289369649656, 'ign_c': 46.813761934505536}.
[I 2026-08-05 23:24:05,984] Trial 722 finished with values: [10.767159070603311, 10.767159070603311] and parameters: {'k1': 0.008956420301712053, 'D_low': 2.1234210963705626, 'k2': 0.031211489608802344, 'D_high': 9769.756791866093, 'fire_exp': 1.010722707674549, 'P_half': 13.019246714361572, 'pre_dampen_half': 304.7488318185732, 'gpp_af': 0.001339466259146302, 'gpp_b': 0.6637926838138378, 'gpp_d': 368.30088529547436, 'ign_k': 0.03141110271934876, 'ign_c': 0.3528113274684997}.
[I 2026-08-05 23:24:08,388] Trial 723 finished with values: [10.756295994752373, 10.756295994752373] and parameters: {'k1': 0.002407354618388189, 'D_low': 2.1234210963705626, 'k2': 0.031211489608802344, 'D_high': 26666.09148594752, 'fire_exp': 1.1044852285094786, 'P_half': 13.019246714361572, 'pre_dampen_half': 109.45351414473369, 'gpp_af': 0.001339466259146302, 'gpp_b': 7.402343469704428e-05, 'gpp_d': 368.30088529547436, 'ign_k': 0.04563289369649656, 'ign_c': 111.98001958256879}.
[I 2026-08-05 23:24:12,686] Trial 724 finished with values: [10.348915441724785, 10.348915441724785] and parameters: {'k1': 0.008956420301712053, 'D_low': 2.1234210963705626, 'k2': 0.031211489608802344, 'D_high': 9769.756791866093, 'fire_exp': 1.1044852285094786, 'P_half': 1553.2973289514223, 'pre_dampen_half': 703.6426675556048, 'gpp_af': 0.001339466259146302, 'gpp_b': 3.139005000572696e-05, 'gpp_d': 368.30088529547436, 'ign_k': 0.03141110271934876, 'ign_c': 0.3528113274684997}.
[I 2026-08-05 23:24:14,146] Trial 725 finished with values: [10.482910233890216, 10.482910233890216] and parameters: {'k1': 0.0005525012427854533, 'D_low': 1.4045842344024697, 'k2': 0.08894151386481904, 'D_high': 75773.14388518519, 'fire_exp': 1.1258453832483524, 'P_half': 1867.8279278246268, 'pre_dampen_half': 304.7488318185732, 'gpp_af': 0.001339466259146302, 'gpp_b': 7.402343469704428e-05, 'gpp_d': 5.878566318396007, 'ign_k': 0.13054148118849407, 'ign_c': 8.671454322584175}.
[I 2026-08-05 23:24:15,365] Trial 726 finished with values: [-0.5954002041859641, 0.5580415797659818] and parameters: {'k1': 0.0029707920514735983, 'D_low': 1.1065812688893482, 'k2': 0.03071666851587867, 'D_high': 7744.80118512745, 'fire_exp': 1.0881360604103363, 'P_half': 13.019246714361572, 'pre_dampen_half': 304.7488318185732, 'gpp_af': 0.0021836613912815635, 'gpp_b': 3.481277316673104e-05, 'gpp_d': 857.4284557962634, 'ign_k': 8.761971101023693, 'ign_c': 1.5061320080433496}.
[I 2026-08-05 23:24:16,602] Trial 727 finished with values: [-0.6026665805306277, 0.5557929942644892] and parameters: {'k1': 0.008956420301712053, 'D_low': 125.32726386250698, 'k2': 0.0007081721844034209, 'D_high': 9769.756791866093, 'fire_exp': 1.1044852285094786, 'P_half': 13.019246714361572, 'pre_dampen_half': 304.7488318185732, 'gpp_af': 0.001339466259146302, 'gpp_b': 3.139005000572696e-05, 'gpp_d': 368.30088529547436, 'ign_k': 8.761971101023693, 'ign_c': 1.5061320080433496}.
[I 2026-08-05 23:24:17,832] Trial 728 finished with values: [-0.4720498655812241, 0.8090213471480598] and parameters: {'k1': 0.0029707920514735983, 'D_low': 29.89885508829526, 'k2': 8.200096539027468e-05, 'D_high': 9769.756791866093, 'fire_exp': 1.3188914576304807, 'P_half': 51.10120656497163, 'pre_dampen_half': 958.6709783968975, 'gpp_af': 5.511863475708366, 'gpp_b': 3.481277316673104e-05, 'gpp_d': 150.14555442537656, 'ign_k': 8.761971101023693, 'ign_c': 0.773448215664679}.
[I 2026-08-05 23:24:19,293] Trial 729 finished with values: [-0.5826822362821339, 0.5543366618395313] and parameters: {'k1': 0.008956420301712053, 'D_low': 2.1234210963705626, 'k2': 0.00011939136672856547, 'D_high': 9769.756791866093, 'fire_exp': 1.010722707674549, 'P_half': 13.019246714361572, 'pre_dampen_half': 247.25776073156666, 'gpp_af': 0.5107061330406066, 'gpp_b': 0.011750724729953272, 'gpp_d': 5.277709597877513, 'ign_k': 5.9736167866478125, 'ign_c': 0.3528113274684997}.
[I 2026-08-05 23:24:20,451] Trial 730 finished with values: [-0.5872424091989793, 0.6260413681559354] and parameters: {'k1': 0.002407354618388189, 'D_low': 1.4045842344024697, 'k2': 0.03071666851587867, 'D_high': 75773.14388518519, 'fire_exp': 1.1044852285094786, 'P_half': 13.019246714361572, 'pre_dampen_half': 304.7488318185732, 'gpp_af': 0.001339466259146302, 'gpp_b': 7.402343469704428e-05, 'gpp_d': 150.14555442537656, 'ign_k': 0.4702627143647234, 'ign_c': 0.9294394155644988}.
[I 2026-08-05 23:24:21,639] Trial 731 finished with values: [10.545448134788437, 10.545448134788437] and parameters: {'k1': 0.0029707920514735983, 'D_low': 9.882278532808778, 'k2': 0.0027431991397796683, 'D_high': 9769.756791866093, 'fire_exp': 1.0133481068971741, 'P_half': 51.10120656497163, 'pre_dampen_half': 703.6426675556048, 'gpp_af': 0.0021836613912815635, 'gpp_b': 0.011750724729953272, 'gpp_d': 891.8036602897795, 'ign_k': 8.761971101023693, 'ign_c': 0.773448215664679}.
[I 2026-08-05 23:24:22,833] Trial 732 finished with values: [10.054130280051002, 10.054130280051002] and parameters: {'k1': 0.008956420301712053, 'D_low': 2.1234210963705626, 'k2': 0.031211489608802344, 'D_high': 26666.09148594752, 'fire_exp': 1.1044852285094786, 'P_half': 13.019246714361572, 'pre_dampen_half': 703.6426675556048, 'gpp_af': 0.04196905103888626, 'gpp_b': 3.139005000572696e-05, 'gpp_d': 368.30088529547436, 'ign_k': 0.04563289369649656, 'ign_c': 8.671454322584175}.
[I 2026-08-05 23:24:24,040] Trial 733 finished with values: [-0.579742191072768, 0.6683774936323141] and parameters: {'k1': 0.0029707920514735983, 'D_low': 125.32726386250698, 'k2': 0.08894151386481904, 'D_high': 75773.14388518519, 'fire_exp': 1.1258453832483524, 'P_half': 10.753522341516506, 'pre_dampen_half': 304.7488318185732, 'gpp_af': 0.0021836613912815635, 'gpp_b': 7.402343469704428e-05, 'gpp_d': 0.679684982462508, 'ign_k': 8.761971101023693, 'ign_c': 3.843180360935464}.
[I 2026-08-05 23:24:25,228] Trial 734 finished with values: [-0.5805870304393563, 0.6121692193655236] and parameters: {'k1': 0.002407354618388189, 'D_low': 18.89739291279832, 'k2': 0.0036014695835220327, 'D_high': 75773.14388518519, 'fire_exp': 1.1044852285094786, 'P_half': 12.808863354047988, 'pre_dampen_half': 347.79988160923324, 'gpp_af': 0.001339466259146302, 'gpp_b': 7.402343469704428e-05, 'gpp_d': 368.30088529547436, 'ign_k': 0.13054148118849407, 'ign_c': 0.9294394155644988}.
[I 2026-08-05 23:24:26,394] Trial 735 finished with values: [10.16231968038833, 10.16231968038833] and parameters: {'k1': 0.002407354618388189, 'D_low': 18.89739291279832, 'k2': 0.08894151386481904, 'D_high': 75773.14388518519, 'fire_exp': 1.182396148413737, 'P_half': 605.1580666890613, 'pre_dampen_half': 347.79988160923324, 'gpp_af': 0.001339466259146302, 'gpp_b': 7.402343469704428e-05, 'gpp_d': 5.878566318396007, 'ign_k': 0.13054148118849407, 'ign_c': 2.4287565087611744}.
[I 2026-08-05 23:24:27,580] Trial 736 finished with values: [10.115186197284283, 10.115186197284283] and parameters: {'k1': 0.0029707920514735983, 'D_low': 125.32726386250698, 'k2': 0.03071666851587867, 'D_high': 2969.087094484682, 'fire_exp': 2.446572564266435, 'P_half': 13.019246714361572, 'pre_dampen_half': 304.7488318185732, 'gpp_af': 0.5107061330406066, 'gpp_b': 3.481277316673104e-05, 'gpp_d': 368.30088529547436, 'ign_k': 8.761971101023693, 'ign_c': 1.5061320080433496}.
[I 2026-08-05 23:24:28,800] Trial 737 finished with values: [-0.5945136868131868, 0.5070557436636928] and parameters: {'k1': 0.00324789183891923, 'D_low': 4.051452710153359, 'k2': 0.0036014695835220327, 'D_high': 9769.756791866093, 'fire_exp': 1.1044852285094786, 'P_half': 13.019246714361572, 'pre_dampen_half': 304.7488318185732, 'gpp_af': 0.0021836613912815635, 'gpp_b': 0.00012797528816608022, 'gpp_d': 368.30088529547436, 'ign_k': 0.4702627143647234, 'ign_c': 0.3528113274684997}.
[I 2026-08-05 23:24:29,986] Trial 738 finished with values: [10.171934270854514, 10.171934270854514] and parameters: {'k1': 0.0029707920514735983, 'D_low': 9.330007965781027, 'k2': 0.03071666851587867, 'D_high': 7744.80118512745, 'fire_exp': 1.1258453832483524, 'P_half': 13.019246714361572, 'pre_dampen_half': 304.7488318185732, 'gpp_af': 1.2003722333832936, 'gpp_b': 3.481277316673104e-05, 'gpp_d': 857.4284557962634, 'ign_k': 8.761971101023693, 'ign_c': 3.0378658251922155}.
[I 2026-08-05 23:24:31,152] Trial 739 finished with values: [-0.573889976323059, 0.5808666206402505] and parameters: {'k1': 0.002407354618388189, 'D_low': 1.4045842344024697, 'k2': 0.08894151386481904, 'D_high': 75773.14388518519, 'fire_exp': 1.1044852285094786, 'P_half': 12.808863354047988, 'pre_dampen_half': 347.79988160923324, 'gpp_af': 0.001339466259146302, 'gpp_b': 7.402343469704428e-05, 'gpp_d': 5.878566318396007, 'ign_k': 0.13054148118849407, 'ign_c': 8.671454322584175}.
[I 2026-08-05 23:24:32,336] Trial 740 finished with values: [10.71031014485382, 10.71031014485382] and parameters: {'k1': 0.025383218374507292, 'D_low': 1.4045842344024697, 'k2': 4.763991596630584e-05, 'D_high': 75773.14388518519, 'fire_exp': 1.1044852285094786, 'P_half': 13.019246714361572, 'pre_dampen_half': 304.7488318185732, 'gpp_af': 0.17517338132112292, 'gpp_b': 0.6637926838138378, 'gpp_d': 0.1540709123740619, 'ign_k': 2.615413574494962, 'ign_c': 8.671454322584175}.
[I 2026-08-05 23:24:33,529] Trial 741 finished with values: [-0.5930116860560638, 0.6109386634995482] and parameters: {'k1': 0.00324789183891923, 'D_low': 4.051452710153359, 'k2': 0.0007081721844034209, 'D_high': 75773.14388518519, 'fire_exp': 1.151006986743773, 'P_half': 12.808863354047988, 'pre_dampen_half': 304.7488318185732, 'gpp_af': 0.001339466259146302, 'gpp_b': 7.402343469704428e-05, 'gpp_d': 368.30088529547436, 'ign_k': 8.761971101023693, 'ign_c': 0.9294394155644988}.
[I 2026-08-05 23:24:34,662] Trial 742 finished with values: [10.454437848723648, 10.454437848723648] and parameters: {'k1': 5.3514523498433285e-05, 'D_low': 31.117676855667376, 'k2': 0.00011939136672856547, 'D_high': 9769.756791866093, 'fire_exp': 1.010722707674549, 'P_half': 13.019246714361572, 'pre_dampen_half': 247.25776073156666, 'gpp_af': 0.5107061330406066, 'gpp_b': 0.6637926838138378, 'gpp_d': 857.4284557962634, 'ign_k': 0.34703605955441524, 'ign_c': 8.671454322584175}.
[I 2026-08-05 23:24:35,862] Trial 743 finished with values: [10.755141010760152, 10.755141010760152] and parameters: {'k1': 0.025383218374507292, 'D_low': 2.1234210963705626, 'k2': 0.08894151386481904, 'D_high': 9769.756791866093, 'fire_exp': 1.1044852285094786, 'P_half': 10.226988730324324, 'pre_dampen_half': 304.7488318185732, 'gpp_af': 0.013688256550323697, 'gpp_b': 0.6637926838138378, 'gpp_d': 891.8036602897795, 'ign_k': 0.03141110271934876, 'ign_c': 8.671454322584175}.
[I 2026-08-05 23:24:37,044] Trial 744 finished with values: [10.287119265153537, 10.287119265153537] and parameters: {'k1': 1.962382648116833e-05, 'D_low': 1.2299210465793122, 'k2': 0.0027431991397796683, 'D_high': 2592.951380378534, 'fire_exp': 1.1258453832483524, 'P_half': 470.815979325019, 'pre_dampen_half': 107.40052367919465, 'gpp_af': 0.5107061330406066, 'gpp_b': 3.139005000572696e-05, 'gpp_d': 857.4284557962634, 'ign_k': 0.30058090246151414, 'ign_c': 3.0378658251922155}.
[I 2026-08-05 23:24:38,212] Trial 745 finished with values: [10.566032595166158, 10.566032595166158] and parameters: {'k1': 0.025383218374507292, 'D_low': 125.32726386250698, 'k2': 0.03071666851587867, 'D_high': 2969.087094484682, 'fire_exp': 1.010722707674549, 'P_half': 13.019246714361572, 'pre_dampen_half': 2.077161282926345, 'gpp_af': 0.5107061330406066, 'gpp_b': 0.011750724729953272, 'gpp_d': 0.7923715993309053, 'ign_k': 5.9736167866478125, 'ign_c': 1.5061320080433496}.
[I 2026-08-05 23:24:39,695] Trial 746 finished with values: [-0.6113882293263768, 0.47523727809872807] and parameters: {'k1': 0.025383218374507292, 'D_low': 1.1065812688893482, 'k2': 0.0007081721844034209, 'D_high': 9769.756791866093, 'fire_exp': 1.0881360604103363, 'P_half': 10.226988730324324, 'pre_dampen_half': 703.6426675556048, 'gpp_af': 5.511863475708366, 'gpp_b': 0.6637926838138378, 'gpp_d': 891.8036602897795, 'ign_k': 0.34703605955441524, 'ign_c': 8.671454322584175}.
[I 2026-08-05 23:24:40,860] Trial 747 finished with values: [-0.5166050244422211, 0.7934914329415378] and parameters: {'k1': 0.00013783578294796384, 'D_low': 125.32726386250698, 'k2': 0.0027431991397796683, 'D_high': 9769.756791866093, 'fire_exp': 1.1258453832483524, 'P_half': 13.019246714361572, 'pre_dampen_half': 304.7488318185732, 'gpp_af': 5.511863475708366, 'gpp_b': 3.139005000572696e-05, 'gpp_d': 207.33291221114672, 'ign_k': 8.761971101023693, 'ign_c': 8.671454322584175}.
[I 2026-08-05 23:24:42,035] Trial 748 finished with values: [-0.5319831787444853, 0.50291772063106] and parameters: {'k1': 0.002407354618388189, 'D_low': 1.1065812688893482, 'k2': 0.031211489608802344, 'D_high': 26666.09148594752, 'fire_exp': 1.1044852285094786, 'P_half': 119.21396716829831, 'pre_dampen_half': 703.6426675556048, 'gpp_af': 0.001339466259146302, 'gpp_b': 3.139005000572696e-05, 'gpp_d': 368.30088529547436, 'ign_k': 0.04563289369649656, 'ign_c': 8.671454322584175}.
[I 2026-08-05 23:24:43,221] Trial 749 finished with values: [10.477677126052505, 10.477677126052505] and parameters: {'k1': 0.0029707920514735983, 'D_low': 9.882278532808778, 'k2': 0.0008255198309657572, 'D_high': 12.663923057989628, 'fire_exp': 1.010722707674549, 'P_half': 13.019246714361572, 'pre_dampen_half': 247.25776073156666, 'gpp_af': 0.0021836613912815635, 'gpp_b': 7.402343469704428e-05, 'gpp_d': 2.893272120738162, 'ign_k': 0.023173482832991366, 'ign_c': 8.671454322584175}.
[I 2026-08-05 23:24:44,411] Trial 750 finished with values: [10.767888936522215, 10.767888936522215] and parameters: {'k1': 0.008956420301712053, 'D_low': 33.17282633684987, 'k2': 4.763991596630584e-05, 'D_high': 9769.756791866093, 'fire_exp': 1.010722707674549, 'P_half': 10.226988730324324, 'pre_dampen_half': 703.6426675556048, 'gpp_af': 0.001339466259146302, 'gpp_b': 0.6637926838138378, 'gpp_d': 368.30088529547436, 'ign_k': 0.050667002161528835, 'ign_c': 8.671454322584175}.
[I 2026-08-05 23:24:45,585] Trial 751 finished with values: [10.092065592716438, 10.092065592716438] and parameters: {'k1': 0.002407354618388189, 'D_low': 18.89739291279832, 'k2': 0.03071666851587867, 'D_high': 7744.80118512745, 'fire_exp': 1.1258453832483524, 'P_half': 13.019246714361572, 'pre_dampen_half': 304.7488318185732, 'gpp_af': 0.5107061330406066, 'gpp_b': 0.00012797528816608022, 'gpp_d': 368.30088529547436, 'ign_k': 5.9736167866478125, 'ign_c': 8.671454322584175}.
[I 2026-08-05 23:24:46,755] Trial 752 finished with values: [10.766903006347542, 10.766903006347542] and parameters: {'k1': 0.025383218374507292, 'D_low': 2.1234210963705626, 'k2': 0.0003938139750079106, 'D_high': 7744.80118512745, 'fire_exp': 1.182396148413737, 'P_half': 10.226988730324324, 'pre_dampen_half': 304.7488318185732, 'gpp_af': 0.0025511964576171086, 'gpp_b': 0.6637926838138378, 'gpp_d': 857.4284557962634, 'ign_k': 0.34703605955441524, 'ign_c': 3.0378658251922155}.
[I 2026-08-05 23:24:47,925] Trial 753 finished with values: [-0.548824734223958, 0.642487600675202] and parameters: {'k1': 0.0029707920514735983, 'D_low': 18.89739291279832, 'k2': 0.03071666851587867, 'D_high': 7744.80118512745, 'fire_exp': 1.1258453832483524, 'P_half': 209.26156883786703, 'pre_dampen_half': 304.7488318185732, 'gpp_af': 0.4655997448361927, 'gpp_b': 0.00012797528816608022, 'gpp_d': 368.30088529547436, 'ign_k': 0.4702627143647234, 'ign_c': 8.671454322584175}.
[I 2026-08-05 23:24:49,099] Trial 754 finished with values: [-0.5372214172113382, 0.4629994413052112] and parameters: {'k1': 0.0027015957920129437, 'D_low': 1.1065812688893482, 'k2': 0.011469197890812934, 'D_high': 9769.756791866093, 'fire_exp': 1.0881360604103363, 'P_half': 13.019246714361572, 'pre_dampen_half': 703.6426675556048, 'gpp_af': 0.001339466259146302, 'gpp_b': 3.139005000572696e-05, 'gpp_d': 857.4284557962634, 'ign_k': 0.03141110271934876, 'ign_c': 8.671454322584175}.
[I 2026-08-05 23:24:50,374] Trial 755 finished with values: [10.200821586135316, 10.200821586135316] and parameters: {'k1': 0.002407354618388189, 'D_low': 1.2299210465793122, 'k2': 0.0007081721844034209, 'D_high': 1665.1532285161688, 'fire_exp': 1.010722707674549, 'P_half': 11.877073321543955, 'pre_dampen_half': 107.40052367919465, 'gpp_af': 0.001339466259146302, 'gpp_b': 3.228689523591491e-05, 'gpp_d': 891.8036602897795, 'ign_k': 0.13054148118849407, 'ign_c': 8.671454322584175}.
[I 2026-08-05 23:24:51,602] Trial 756 finished with values: [10.027126689841365, 10.027126689841365] and parameters: {'k1': 0.025383218374507292, 'D_low': 125.32726386250698, 'k2': 0.03071666851587867, 'D_high': 830.8114652888394, 'fire_exp': 1.010722707674549, 'P_half': 10.226988730324324, 'pre_dampen_half': 304.7488318185732, 'gpp_af': 5.511863475708366, 'gpp_b': 3.481277316673104e-05, 'gpp_d': 150.14555442537656, 'ign_k': 1.786252932834922, 'ign_c': 1.5061320080433496}.
[I 2026-08-05 23:24:52,803] Trial 757 finished with values: [-0.5715611481497014, 0.7269750249523721] and parameters: {'k1': 0.002407354618388189, 'D_low': 1.4045842344024697, 'k2': 0.08894151386481904, 'D_high': 75773.14388518519, 'fire_exp': 1.010722707674549, 'P_half': 13.019246714361572, 'pre_dampen_half': 304.7488318185732, 'gpp_af': 0.5107061330406066, 'gpp_b': 0.011750724729953272, 'gpp_d': 2.893272120738162, 'ign_k': 5.9736167866478125, 'ign_c': 0.9294394155644988}.
[I 2026-08-05 23:24:54,037] Trial 758 finished with values: [-0.5691746747360131, 0.5749260002298935] and parameters: {'k1': 0.0029707920514735983, 'D_low': 2.1234210963705626, 'k2': 0.00375241428659295, 'D_high': 2969.087094484682, 'fire_exp': 1.1258453832483524, 'P_half': 13.019246714361572, 'pre_dampen_half': 304.7488318185732, 'gpp_af': 5.511863475708366, 'gpp_b': 3.481277316673104e-05, 'gpp_d': 150.14555442537656, 'ign_k': 8.761971101023693, 'ign_c': 1.5061320080433496}.
[I 2026-08-05 23:24:55,259] Trial 759 finished with values: [-0.5743839547683188, 0.625991009446361] and parameters: {'k1': 0.025383218374507292, 'D_low': 18.89739291279832, 'k2': 4.763991596630584e-05, 'D_high': 7744.80118512745, 'fire_exp': 1.010722707674549, 'P_half': 13.019246714361572, 'pre_dampen_half': 304.7488318185732, 'gpp_af': 5.511863475708366, 'gpp_b': 0.05693092741736214, 'gpp_d': 368.30088529547436, 'ign_k': 4.006890332238651, 'ign_c': 0.3528113274684997}.
[I 2026-08-05 23:24:56,461] Trial 760 finished with values: [10.686693507076942, 10.686693507076942] and parameters: {'k1': 0.025383218374507292, 'D_low': 745.5766613295633, 'k2': 0.03071666851587867, 'D_high': 9769.756791866093, 'fire_exp': 1.010722707674549, 'P_half': 6638.879466825747, 'pre_dampen_half': 304.7488318185732, 'gpp_af': 5.511863475708366, 'gpp_b': 0.00012797528816608022, 'gpp_d': 891.8036602897795, 'ign_k': 0.4702627143647234, 'ign_c': 8.671454322584175}.
[I 2026-08-05 23:24:57,685] Trial 761 finished with values: [10.257227626608405, 10.257227626608405] and parameters: {'k1': 0.0029707920514735983, 'D_low': 18.89739291279832, 'k2': 0.0007081721844034209, 'D_high': 9769.756791866093, 'fire_exp': 1.0428757830297122, 'P_half': 13.019246714361572, 'pre_dampen_half': 304.7488318185732, 'gpp_af': 0.009525547092124444, 'gpp_b': 0.011750724729953272, 'gpp_d': 857.4284557962634, 'ign_k': 8.761971101023693, 'ign_c': 0.10721400017185365}.
[I 2026-08-05 23:24:58,887] Trial 762 finished with values: [-0.5882359901032421, 0.6796629659220753] and parameters: {'k1': 0.0029707920514735983, 'D_low': 18.89739291279832, 'k2': 0.08894151386481904, 'D_high': 75773.14388518519, 'fire_exp': 1.182396148413737, 'P_half': 13.019246714361572, 'pre_dampen_half': 304.7488318185732, 'gpp_af': 0.0025511964576171086, 'gpp_b': 7.402343469704428e-05, 'gpp_d': 857.4284557962634, 'ign_k': 8.761971101023693, 'ign_c': 3.0378658251922155}.
[I 2026-08-05 23:25:00,432] Trial 763 finished with values: [-0.5764214622787647, 0.6383117763582205] and parameters: {'k1': 0.003889545503367576, 'D_low': 18.89739291279832, 'k2': 0.03071666851587867, 'D_high': 39095.08806930525, 'fire_exp': 1.1044852285094786, 'P_half': 215.55950571043874, 'pre_dampen_half': 304.7488318185732, 'gpp_af': 5.511863475708366, 'gpp_b': 0.05693092741736214, 'gpp_d': 368.30088529547436, 'ign_k': 4.006890332238651, 'ign_c': 0.3528113274684997}.
[I 2026-08-05 23:25:01,665] Trial 764 finished with values: [10.159659864366434, 10.159659864366434] and parameters: {'k1': 0.025383218374507292, 'D_low': 125.32726386250698, 'k2': 4.763991596630584e-05, 'D_high': 9769.756791866093, 'fire_exp': 1.010722707674549, 'P_half': 10.226988730324324, 'pre_dampen_half': 703.6426675556048, 'gpp_af': 5.511863475708366, 'gpp_b': 0.6637926838138378, 'gpp_d': 891.8036602897795, 'ign_k': 0.34703605955441524, 'ign_c': 2.4287565087611744}.
