[I 2026-06-10 18:25:20,167] Trial 2499 finished with values: [10.892597794683494, 10.892597794683494] and parameters: {'k1': 0.016973078532467004, 'D_low': 3644.50095928623, 'k2': 0.0001016707987819611, 'D_high': 8161.260265732991, 'fire_exp': 1.4572158037266703, 'P_half': 157.80309954142965, 'pre_dampen_half': 5.593036834117395, 'gpp_af': 0.03522602097143089, 'gpp_b': 0.31613078570161846, 'gpp_d': 713.4815170163289, 'ign_k': 3.965503094323014, 'ign_c': 22.126836566118193, 'trop_agb_crit': 6.128416443551616, 'trop_k_veg': 2.724170387400844, 'fire_amp': 5.44779717154213}.
[setup] CRUJRA climate from data/crujra/, GPP from global_baseline_modelC_inputs_1997-2016.nc ...
[setup] loading GFED5 reference from burntArea.nc ...
[setup] land cells (GFED5 burnable): 13916 / 64800 (21.5%)
[setup] GFED5 land-mean monthly frac: 0.005068
[opt] warm-start from params.seasonal.k1.json
[warm] Overall=0.6034  bias=0.6739 rmse=0.3799 seas=0.8212 spatial=0.7622
[opt] sampler=NSGAIISampler seed=42
[opt] running 2500 trials against GFED5 ...
  trial   11/2500  pareto_size=1  best_taylor=0.7533  best_ilamb=0.6034  (0.3 min)
  trial   22/2500  pareto_size=1  best_taylor=0.7533  best_ilamb=0.6034  (0.7 min)
  trial   33/2500  pareto_size=1  best_taylor=0.7533  best_ilamb=0.6034  (1.1 min)
  trial   45/2500  pareto_size=1  best_taylor=0.7533  best_ilamb=0.6034  (1.4 min)
  trial   56/2500  pareto_size=1  best_taylor=0.7533  best_ilamb=0.6034  (1.8 min)
  trial   67/2500  pareto_size=1  best_taylor=0.7533  best_ilamb=0.6034  (2.1 min)
  trial   75/2500  pareto_size=1  best_taylor=0.7533  best_ilamb=0.6034  (2.5 min)
  trial   85/2500  pareto_size=1  best_taylor=0.7533  best_ilamb=0.6034  (2.8 min)
  trial   99/2500  pareto_size=1  best_taylor=0.7533  best_ilamb=0.6034  (3.2 min)
  trial  112/2500  pareto_size=1  best_taylor=0.7533  best_ilamb=0.6034  (3.5 min)
  trial  125/2500  pareto_size=1  best_taylor=0.7533  best_ilamb=0.6034  (3.8 min)
  trial  137/2500  pareto_size=1  best_taylor=0.7533  best_ilamb=0.6034  (4.2 min)
  trial  149/2500  pareto_size=1  best_taylor=0.7533  best_ilamb=0.6034  (4.6 min)
  trial  162/2500  pareto_size=1  best_taylor=0.7533  best_ilamb=0.6034  (4.9 min)
  trial  175/2500  pareto_size=1  best_taylor=0.7533  best_ilamb=0.6034  (5.3 min)
  trial  188/2500  pareto_size=1  best_taylor=0.7533  best_ilamb=0.6034  (5.6 min)
  trial  200/2500  pareto_size=1  best_taylor=0.7533  best_ilamb=0.6034  (6.0 min)
  trial  213/2500  pareto_size=1  best_taylor=0.7533  best_ilamb=0.6034  (6.3 min)
  trial  226/2500  pareto_size=1  best_taylor=0.7533  best_ilamb=0.6034  (6.7 min)
  trial  239/2500  pareto_size=1  best_taylor=0.7533  best_ilamb=0.6034  (7.0 min)
  trial  252/2500  pareto_size=1  best_taylor=0.7533  best_ilamb=0.6034  (7.4 min)
  trial  265/2500  pareto_size=1  best_taylor=0.7533  best_ilamb=0.6034  (7.8 min)
  trial  277/2500  pareto_size=1  best_taylor=0.7533  best_ilamb=0.6034  (8.1 min)
  trial  289/2500  pareto_size=1  best_taylor=0.7533  best_ilamb=0.6034  (8.4 min)
  trial  302/2500  pareto_size=1  best_taylor=0.7533  best_ilamb=0.6034  (8.8 min)
  trial  315/2500  pareto_size=1  best_taylor=0.7533  best_ilamb=0.6034  (9.2 min)
  trial  327/2500  pareto_size=1  best_taylor=0.7533  best_ilamb=0.6034  (9.5 min)
  trial  340/2500  pareto_size=1  best_taylor=0.7533  best_ilamb=0.6034  (9.8 min)
  trial  353/2500  pareto_size=1  best_taylor=0.7533  best_ilamb=0.6034  (10.2 min)
  trial  366/2500  pareto_size=1  best_taylor=0.7533  best_ilamb=0.6034  (10.5 min)
  trial  379/2500  pareto_size=1  best_taylor=0.7533  best_ilamb=0.6034  (10.9 min)
  trial  392/2500  pareto_size=1  best_taylor=0.7533  best_ilamb=0.6034  (11.2 min)
  trial  405/2500  pareto_size=1  best_taylor=0.7533  best_ilamb=0.6034  (11.6 min)
  trial  418/2500  pareto_size=1  best_taylor=0.7533  best_ilamb=0.6034  (11.9 min)
  trial  431/2500  pareto_size=1  best_taylor=0.7533  best_ilamb=0.6034  (12.3 min)
  trial  444/2500  pareto_size=1  best_taylor=0.7533  best_ilamb=0.6034  (12.6 min)
  trial  457/2500  pareto_size=1  best_taylor=0.7533  best_ilamb=0.6034  (13.0 min)
  trial  471/2500  pareto_size=1  best_taylor=0.7533  best_ilamb=0.6034  (13.4 min)
  trial  486/2500  pareto_size=1  best_taylor=0.7533  best_ilamb=0.6034  (13.7 min)
  trial  501/2500  pareto_size=1  best_taylor=0.7533  best_ilamb=0.6034  (14.1 min)
  trial  515/2500  pareto_size=1  best_taylor=0.7533  best_ilamb=0.6034  (14.4 min)
  trial  530/2500  pareto_size=1  best_taylor=0.7533  best_ilamb=0.6034  (14.8 min)
  trial  544/2500  pareto_size=1  best_taylor=0.7533  best_ilamb=0.6034  (15.1 min)
  trial  559/2500  pareto_size=1  best_taylor=0.7533  best_ilamb=0.6034  (15.5 min)
  trial  573/2500  pareto_size=1  best_taylor=0.7533  best_ilamb=0.6034  (15.8 min)
  trial  587/2500  pareto_size=1  best_taylor=0.7533  best_ilamb=0.6034  (16.2 min)
  trial  601/2500  pareto_size=1  best_taylor=0.7596  best_ilamb=0.6067  (16.5 min)
  trial  615/2500  pareto_size=1  best_taylor=0.7596  best_ilamb=0.6067  (16.9 min)
  trial  629/2500  pareto_size=1  best_taylor=0.7596  best_ilamb=0.6067  (17.2 min)
  trial  643/2500  pareto_size=1  best_taylor=0.7596  best_ilamb=0.6067  (17.5 min)
  trial  657/2500  pareto_size=1  best_taylor=0.7596  best_ilamb=0.6067  (17.9 min)
  trial  666/2500  pareto_size=1  best_taylor=0.7596  best_ilamb=0.6067  (18.2 min)
  trial  675/2500  pareto_size=1  best_taylor=0.7596  best_ilamb=0.6067  (18.6 min)
  trial  684/2500  pareto_size=1  best_taylor=0.7596  best_ilamb=0.6067  (18.9 min)
  trial  694/2500  pareto_size=1  best_taylor=0.7596  best_ilamb=0.6067  (19.3 min)
  trial  703/2500  pareto_size=1  best_taylor=0.7596  best_ilamb=0.6067  (19.7 min)
  trial  714/2500  pareto_size=1  best_taylor=0.7596  best_ilamb=0.6067  (20.0 min)
  trial  728/2500  pareto_size=1  best_taylor=0.7596  best_ilamb=0.6067  (20.4 min)
  trial  742/2500  pareto_size=1  best_taylor=0.7596  best_ilamb=0.6067  (20.7 min)
  trial  755/2500  pareto_size=1  best_taylor=0.7596  best_ilamb=0.6067  (21.1 min)
  trial  768/2500  pareto_size=1  best_taylor=0.7596  best_ilamb=0.6067  (21.4 min)
  trial  783/2500  pareto_size=1  best_taylor=0.7596  best_ilamb=0.6067  (21.8 min)
  trial  798/2500  pareto_size=1  best_taylor=0.7596  best_ilamb=0.6067  (22.2 min)
  trial  812/2500  pareto_size=1  best_taylor=0.7596  best_ilamb=0.6067  (22.5 min)
  trial  827/2500  pareto_size=1  best_taylor=0.7596  best_ilamb=0.6067  (22.9 min)
  trial  841/2500  pareto_size=1  best_taylor=0.7596  best_ilamb=0.6067  (23.2 min)
  trial  856/2500  pareto_size=1  best_taylor=0.7596  best_ilamb=0.6067  (23.6 min)
  trial  871/2500  pareto_size=1  best_taylor=0.7596  best_ilamb=0.6067  (23.9 min)
  trial  886/2500  pareto_size=1  best_taylor=0.7596  best_ilamb=0.6067  (24.3 min)
  trial  900/2500  pareto_size=1  best_taylor=0.7596  best_ilamb=0.6067  (24.6 min)
  trial  915/2500  pareto_size=1  best_taylor=0.7596  best_ilamb=0.6067  (25.0 min)
  trial  929/2500  pareto_size=1  best_taylor=0.7596  best_ilamb=0.6067  (25.3 min)
  trial  943/2500  pareto_size=1  best_taylor=0.7596  best_ilamb=0.6067  (25.7 min)
  trial  957/2500  pareto_size=1  best_taylor=0.7596  best_ilamb=0.6067  (26.0 min)
  trial  971/2500  pareto_size=1  best_taylor=0.7596  best_ilamb=0.6067  (26.4 min)
  trial  985/2500  pareto_size=1  best_taylor=0.7596  best_ilamb=0.6067  (26.7 min)
  trial  999/2500  pareto_size=1  best_taylor=0.7596  best_ilamb=0.6067  (27.1 min)
  trial 1014/2500  pareto_size=1  best_taylor=0.7596  best_ilamb=0.6067  (27.4 min)
  trial 1028/2500  pareto_size=1  best_taylor=0.7596  best_ilamb=0.6067  (27.8 min)
  trial 1042/2500  pareto_size=2  best_taylor=0.7596  best_ilamb=0.6067  (28.1 min)
  trial 1057/2500  pareto_size=2  best_taylor=0.7596  best_ilamb=0.6067  (28.5 min)
  trial 1072/2500  pareto_size=2  best_taylor=0.7596  best_ilamb=0.6067  (28.8 min)
  trial 1087/2500  pareto_size=2  best_taylor=0.7596  best_ilamb=0.6067  (29.2 min)
  trial 1101/2500  pareto_size=2  best_taylor=0.7596  best_ilamb=0.6067  (29.6 min)
  trial 1115/2500  pareto_size=3  best_taylor=0.7596  best_ilamb=0.6067  (29.9 min)
  trial 1129/2500  pareto_size=3  best_taylor=0.7596  best_ilamb=0.6067  (30.2 min)
  trial 1144/2500  pareto_size=3  best_taylor=0.7596  best_ilamb=0.6067  (30.6 min)
  trial 1158/2500  pareto_size=3  best_taylor=0.7596  best_ilamb=0.6067  (31.0 min)
  trial 1172/2500  pareto_size=3  best_taylor=0.7596  best_ilamb=0.6067  (31.3 min)
  trial 1186/2500  pareto_size=3  best_taylor=0.7596  best_ilamb=0.6067  (31.7 min)
  trial 1200/2500  pareto_size=3  best_taylor=0.7596  best_ilamb=0.6067  (32.0 min)
  trial 1214/2500  pareto_size=3  best_taylor=0.7596  best_ilamb=0.6067  (32.4 min)
  trial 1228/2500  pareto_size=3  best_taylor=0.7596  best_ilamb=0.6067  (32.7 min)
  trial 1242/2500  pareto_size=3  best_taylor=0.7596  best_ilamb=0.6067  (33.1 min)
  trial 1256/2500  pareto_size=3  best_taylor=0.7596  best_ilamb=0.6067  (33.4 min)
  trial 1270/2500  pareto_size=3  best_taylor=0.7596  best_ilamb=0.6067  (33.8 min)
  trial 1280/2500  pareto_size=3  best_taylor=0.7596  best_ilamb=0.6067  (34.1 min)
  trial 1295/2500  pareto_size=3  best_taylor=0.7596  best_ilamb=0.6067  (34.5 min)
  trial 1310/2500  pareto_size=3  best_taylor=0.7596  best_ilamb=0.6067  (34.8 min)
  trial 1324/2500  pareto_size=2  best_taylor=0.7598  best_ilamb=0.5986  (35.2 min)
  trial 1338/2500  pareto_size=2  best_taylor=0.7598  best_ilamb=0.5986  (35.5 min)
  trial 1352/2500  pareto_size=2  best_taylor=0.7598  best_ilamb=0.5986  (35.9 min)
  trial 1367/2500  pareto_size=2  best_taylor=0.7598  best_ilamb=0.5986  (36.2 min)
  trial 1381/2500  pareto_size=2  best_taylor=0.7598  best_ilamb=0.5986  (36.6 min)
  trial 1396/2500  pareto_size=2  best_taylor=0.7598  best_ilamb=0.5986  (37.0 min)
  trial 1411/2500  pareto_size=3  best_taylor=0.7598  best_ilamb=0.5986  (37.3 min)
  trial 1425/2500  pareto_size=3  best_taylor=0.7598  best_ilamb=0.5986  (37.7 min)
  trial 1439/2500  pareto_size=3  best_taylor=0.7598  best_ilamb=0.5986  (38.1 min)
  trial 1453/2500  pareto_size=3  best_taylor=0.7598  best_ilamb=0.5986  (38.4 min)
  trial 1467/2500  pareto_size=3  best_taylor=0.7598  best_ilamb=0.5986  (38.8 min)
  trial 1481/2500  pareto_size=3  best_taylor=0.7598  best_ilamb=0.5986  (39.1 min)
  trial 1495/2500  pareto_size=3  best_taylor=0.7598  best_ilamb=0.5986  (39.5 min)
  trial 1509/2500  pareto_size=4  best_taylor=0.7610  best_ilamb=0.6069  (39.9 min)
  trial 1523/2500  pareto_size=5  best_taylor=0.7610  best_ilamb=0.6069  (40.2 min)
  trial 1537/2500  pareto_size=5  best_taylor=0.7610  best_ilamb=0.6069  (40.6 min)
  trial 1551/2500  pareto_size=5  best_taylor=0.7610  best_ilamb=0.6069  (41.0 min)
  trial 1566/2500  pareto_size=5  best_taylor=0.7610  best_ilamb=0.6069  (41.3 min)
  trial 1581/2500  pareto_size=7  best_taylor=0.7610  best_ilamb=0.6069  (41.7 min)
  trial 1596/2500  pareto_size=7  best_taylor=0.7610  best_ilamb=0.6069  (42.1 min)
  trial 1611/2500  pareto_size=7  best_taylor=0.7610  best_ilamb=0.6069  (42.4 min)
  trial 1626/2500  pareto_size=4  best_taylor=0.7610  best_ilamb=0.6069  (42.8 min)
  trial 1641/2500  pareto_size=4  best_taylor=0.7610  best_ilamb=0.6069  (43.2 min)
  trial 1656/2500  pareto_size=4  best_taylor=0.7610  best_ilamb=0.6069  (43.5 min)
  trial 1671/2500  pareto_size=4  best_taylor=0.7610  best_ilamb=0.6069  (43.9 min)
  trial 1685/2500  pareto_size=4  best_taylor=0.7610  best_ilamb=0.6069  (44.3 min)
  trial 1699/2500  pareto_size=4  best_taylor=0.7610  best_ilamb=0.6069  (44.6 min)
  trial 1713/2500  pareto_size=4  best_taylor=0.7610  best_ilamb=0.6069  (45.0 min)
  trial 1727/2500  pareto_size=4  best_taylor=0.7610  best_ilamb=0.6069  (45.3 min)
  trial 1741/2500  pareto_size=4  best_taylor=0.7610  best_ilamb=0.6069  (45.7 min)
  trial 1756/2500  pareto_size=4  best_taylor=0.7610  best_ilamb=0.6069  (46.0 min)
  trial 1771/2500  pareto_size=4  best_taylor=0.7610  best_ilamb=0.6069  (46.4 min)
  trial 1786/2500  pareto_size=4  best_taylor=0.7610  best_ilamb=0.6069  (46.8 min)
  trial 1800/2500  pareto_size=4  best_taylor=0.7610  best_ilamb=0.6069  (47.1 min)
  trial 1814/2500  pareto_size=4  best_taylor=0.7610  best_ilamb=0.6069  (47.5 min)
  trial 1828/2500  pareto_size=5  best_taylor=0.7610  best_ilamb=0.6069  (47.8 min)
  trial 1842/2500  pareto_size=6  best_taylor=0.7619  best_ilamb=0.6069  (48.2 min)
  trial 1856/2500  pareto_size=6  best_taylor=0.7619  best_ilamb=0.6069  (48.6 min)
  trial 1870/2500  pareto_size=6  best_taylor=0.7619  best_ilamb=0.6069  (48.9 min)
  trial 1884/2500  pareto_size=7  best_taylor=0.7619  best_ilamb=0.6069  (49.3 min)
  trial 1898/2500  pareto_size=9  best_taylor=0.7686  best_ilamb=0.6136  (49.6 min)
  trial 1912/2500  pareto_size=9  best_taylor=0.7686  best_ilamb=0.6136  (50.0 min)
  trial 1926/2500  pareto_size=9  best_taylor=0.7686  best_ilamb=0.6136  (50.4 min)
  trial 1940/2500  pareto_size=9  best_taylor=0.7686  best_ilamb=0.6136  (50.7 min)
  trial 1953/2500  pareto_size=6  best_taylor=0.7686  best_ilamb=0.6136  (51.1 min)
  trial 1967/2500  pareto_size=6  best_taylor=0.7686  best_ilamb=0.6136  (51.4 min)
  trial 1981/2500  pareto_size=6  best_taylor=0.7686  best_ilamb=0.6136  (51.8 min)
  trial 1995/2500  pareto_size=6  best_taylor=0.7686  best_ilamb=0.6136  (52.2 min)
  trial 2009/2500  pareto_size=6  best_taylor=0.7686  best_ilamb=0.6136  (52.5 min)
  trial 2023/2500  pareto_size=6  best_taylor=0.7686  best_ilamb=0.6136  (52.9 min)
  trial 2037/2500  pareto_size=6  best_taylor=0.7686  best_ilamb=0.6136  (53.3 min)
  trial 2051/2500  pareto_size=6  best_taylor=0.7686  best_ilamb=0.6136  (53.6 min)
  trial 2065/2500  pareto_size=8  best_taylor=0.7686  best_ilamb=0.6136  (54.0 min)
  trial 2079/2500  pareto_size=8  best_taylor=0.7686  best_ilamb=0.6136  (54.3 min)
  trial 2093/2500  pareto_size=6  best_taylor=0.7686  best_ilamb=0.6136  (54.7 min)
  trial 2107/2500  pareto_size=6  best_taylor=0.7686  best_ilamb=0.6136  (55.1 min)
  trial 2120/2500  pareto_size=7  best_taylor=0.7686  best_ilamb=0.6136  (55.4 min)
  trial 2134/2500  pareto_size=7  best_taylor=0.7686  best_ilamb=0.6136  (55.8 min)
  trial 2148/2500  pareto_size=7  best_taylor=0.7686  best_ilamb=0.6136  (56.2 min)
  trial 2162/2500  pareto_size=7  best_taylor=0.7686  best_ilamb=0.6136  (56.5 min)
  trial 2176/2500  pareto_size=3  best_taylor=0.7686  best_ilamb=0.6136  (56.9 min)
  trial 2190/2500  pareto_size=3  best_taylor=0.7686  best_ilamb=0.6136  (57.3 min)
  trial 2203/2500  pareto_size=3  best_taylor=0.7686  best_ilamb=0.6136  (57.6 min)
  trial 2217/2500  pareto_size=3  best_taylor=0.7686  best_ilamb=0.6136  (58.0 min)
  trial 2231/2500  pareto_size=3  best_taylor=0.7686  best_ilamb=0.6136  (58.3 min)
  trial 2245/2500  pareto_size=3  best_taylor=0.7686  best_ilamb=0.6136  (58.7 min)
  trial 2259/2500  pareto_size=3  best_taylor=0.7686  best_ilamb=0.6136  (59.1 min)
  trial 2273/2500  pareto_size=3  best_taylor=0.7686  best_ilamb=0.6136  (59.4 min)
  trial 2287/2500  pareto_size=2  best_taylor=0.7704  best_ilamb=0.6093  (59.8 min)
  trial 2301/2500  pareto_size=2  best_taylor=0.7704  best_ilamb=0.6093  (60.2 min)
  trial 2315/2500  pareto_size=2  best_taylor=0.7768  best_ilamb=0.6084  (60.5 min)
  trial 2329/2500  pareto_size=2  best_taylor=0.7768  best_ilamb=0.6084  (60.9 min)
  trial 2343/2500  pareto_size=3  best_taylor=0.7768  best_ilamb=0.6084  (61.3 min)
  trial 2356/2500  pareto_size=3  best_taylor=0.7768  best_ilamb=0.6084  (61.6 min)
  trial 2370/2500  pareto_size=3  best_taylor=0.7768  best_ilamb=0.6084  (62.0 min)
  trial 2384/2500  pareto_size=3  best_taylor=0.7768  best_ilamb=0.6084  (62.3 min)
  trial 2398/2500  pareto_size=3  best_taylor=0.7768  best_ilamb=0.6084  (62.7 min)
  trial 2412/2500  pareto_size=3  best_taylor=0.7768  best_ilamb=0.6084  (63.1 min)
  trial 2425/2500  pareto_size=3  best_taylor=0.7768  best_ilamb=0.6084  (63.4 min)
  trial 2439/2500  pareto_size=4  best_taylor=0.7768  best_ilamb=0.6084  (63.8 min)
  trial 2453/2500  pareto_size=5  best_taylor=0.7768  best_ilamb=0.6084  (64.2 min)
  trial 2467/2500  pareto_size=5  best_taylor=0.7768  best_ilamb=0.6084  (64.6 min)
  trial 2481/2500  pareto_size=6  best_taylor=0.7768  best_ilamb=0.6084  (64.9 min)
  trial 2495/2500  pareto_size=6  best_taylor=0.7768  best_ilamb=0.6084  (65.3 min)

[done] 2500 trials in 65.4 min
[pareto] 6 non-dominated trials, 6 with fp_score >= 0.85
[chosen] trial 2305: ILAMB=0.6084  fp_score=0.9695  ratio=0.94
[best] Bias=0.6696  RMSE=0.3818  Seas=0.8232  Spatial=0.7854  Overall=0.6084
[diag] raw rate land-mean (yr^-1): 0.06013  (target ~ 0.06082)
[write] D:\FIRE_OFFLINE\models\C\params.spatial.json
[write] D:\FIRE_OFFLINE\ilamb\MODELS\ED-ModelC-final\burntArea.spatial.nc  (8.1 MB)

[FIX2] dumping top-6 Pareto candidates -> D:\FIRE_OFFLINE\ilamb\MODELS_TOPK_spatial
  k1: trial 2305  internal_overall=0.6084  taylor=0.7768  sigma=1.020  fp=0.970  ratio=0.94  amp=5.45
  k2: trial 2425  internal_overall=0.6025  taylor=0.7687  sigma=1.035  fp=0.970  ratio=1.09  amp=5.45
  k3: trial 2170  internal_overall=0.5908  taylor=0.7675  sigma=0.953  fp=0.976  ratio=1.11  amp=1.12
  k4: trial 2450  internal_overall=0.5849  taylor=0.7488  sigma=0.911  fp=0.977  ratio=0.96  amp=1.12
  k5: trial 2472  internal_overall=0.5835  taylor=0.7365  sigma=0.879  fp=0.980  ratio=0.93  amp=1.12
  k6: trial 2329  internal_overall=0.5766  taylor=0.7096  sigma=1.360  fp=0.985  ratio=1.11  amp=5.45
[FIX2] manifest -> D:\FIRE_OFFLINE\models\C\topk.spatial.json
[FIX2] re-score all candidates with official ILAMB (CLAUDE.md recipe; clean ._* first), e.g. --model_root "$PWD/ilamb/MODELS_TOPK_spatial"
[FIX2] promote the candidate with the best OFFICIAL Overall, NOT the internal one.
AB_REFIT_EXIT=0
