[I 2026-08-19 17:06:22,835] Trial 289 finished with value: 0.5065789700477856 and parameters: {'k1': 0.036257549672751195, 'D_low': 2562.149770844184, 'k2': 0.0012515565837460604, 'D_high': 54632.28181006113, 'fire_exp': 1.2302056935068022, 'P_half': 14.329654175801455, 'pre_dampen_half': 0.4213179922312726, 'gpp_af': 0.09943029883739156, 'gpp_b': 0.01493827438665404, 'gpp_d': 140.39108297588663, 'ign_k': 0.7032493794877828, 'ign_c': 0.7355786073272987, 'trop_agb_crit': 9.590005549041724, 'trop_k_veg': 1.4530518361219245, 'pop_amp': 0.19722509455182763, 'pop_peak': 0.26354747937095474, 'pop_sig': 1.0042908284438936, 'fuel_k': 0.027711661573683263, 'fuel_half': 3.5233167695328995}. Best is trial 0 with value: -0.6094076133578652.
[I 2026-08-19 17:06:24,424] Trial 290 finished with value: -0.4964688724305991 and parameters: {'k1': 0.004318927818328929, 'D_low': 2588.9705214233527, 'k2': 0.03628836118667356, 'D_high': 453964.3819608565, 'fire_exp': 1.7945094764507148, 'P_half': 3.0424189818318945, 'pre_dampen_half': 2.201578226909539, 'gpp_af': 8.4525400640226, 'gpp_b': 8.099661888392976e-05, 'gpp_d': 1.7388353266929204, 'ign_k': 0.0742365507384062, 'ign_c': 0.37584724901528815, 'trop_agb_crit': 11.115901658214007, 'trop_k_veg': 1.4375075745980352, 'pop_amp': 0.18072798703834517, 'pop_peak': 0.21457237488540354, 'pop_sig': 1.8771219912514994, 'fuel_k': 0.18596691261398937, 'fuel_half': 99.60393611535383}. Best is trial 0 with value: -0.6094076133578652.
[I 2026-08-19 17:06:26,034] Trial 291 finished with value: 0.6025173573115054 and parameters: {'k1': 0.0020779688363668355, 'D_low': 497.09927768083594, 'k2': 0.0004282277202603111, 'D_high': 14927.815109772186, 'fire_exp': 2.5021257599809497, 'P_half': 2.598309849824092, 'pre_dampen_half': 126.47592185129564, 'gpp_af': 0.002069561510181634, 'gpp_b': 0.00283537026079882, 'gpp_d': 1.726289564206648, 'ign_k': 0.0906239898522745, 'ign_c': 0.23630024627884494, 'trop_agb_crit': 1.1036740107411773, 'trop_k_veg': 0.5457472908470072, 'pop_amp': 0.32174509032535287, 'pop_peak': 0.1159680732058135, 'pop_sig': 1.148986938904829, 'fuel_k': 0.02335589985155977, 'fuel_half': 19.21604246137164}. Best is trial 0 with value: -0.6094076133578652.
[I 2026-08-19 17:06:27,701] Trial 292 finished with value: 0.5644528513612722 and parameters: {'k1': 0.08019103167533786, 'D_low': 106.61334551884609, 'k2': 0.0002085433400048008, 'D_high': 2919570.611364441, 'fire_exp': 1.2735693701572717, 'P_half': 14.023648867547452, 'pre_dampen_half': 0.07470197477955946, 'gpp_af': 1.97973712649807, 'gpp_b': 0.0005468220292421405, 'gpp_d': 0.041902515625215554, 'ign_k': 0.34756761673716025, 'ign_c': 0.41123028963086444, 'trop_agb_crit': 4.421791170338589, 'trop_k_veg': 3.24914218664161, 'pop_amp': 6.580360552013785, 'pop_peak': 1.711529173343835, 'pop_sig': 1.6284875376116703, 'fuel_k': 0.022684709211879865, 'fuel_half': 13.080463916658065}. Best is trial 0 with value: -0.6094076133578652.
  trial  293/2500  best_overall=0.6094  (8.1 min)
[I 2026-08-19 17:06:29,526] Trial 293 finished with value: -0.5538625350989838 and parameters: {'k1': 0.023201688803209598, 'D_low': 165.38196850737657, 'k2': 0.0003941470054729192, 'D_high': 668524.3953227318, 'fire_exp': 3.585650346145487, 'P_half': 1.0570090987698857, 'pre_dampen_half': 5.276414285816137, 'gpp_af': 0.002580712349249521, 'gpp_b': 0.00010950463505342001, 'gpp_d': 1.4264940127005954, 'ign_k': 0.8265928662657729, 'ign_c': 1.2092424798834085, 'trop_agb_crit': 1.9771577983344433, 'trop_k_veg': 1.0061369036762764, 'pop_amp': 0.1605653220706858, 'pop_peak': 1.3338193502880813, 'pop_sig': 1.8640955255556841, 'fuel_k': 0.017374862879094396, 'fuel_half': 1.9027196470860337}. Best is trial 0 with value: -0.6094076133578652.
[I 2026-08-19 17:06:31,268] Trial 294 finished with value: 0.4218356778160869 and parameters: {'k1': 0.0012146203314139562, 'D_low': 1.6279660128707631, 'k2': 3.4441285805528954e-05, 'D_high': 264421.76769872016, 'fire_exp': 1.1626415316689362, 'P_half': 2.9669657235597375, 'pre_dampen_half': 1.1602903032017018, 'gpp_af': 0.0013887518458871925, 'gpp_b': 0.0003343513494169511, 'gpp_d': 2.1196972463629353, 'ign_k': 0.024314695407551455, 'ign_c': 0.6435260991827778, 'trop_agb_crit': 5.146032426461891, 'trop_k_veg': 0.8319296109286145, 'pop_amp': 3.088843794503958, 'pop_peak': 0.26829004025756586, 'pop_sig': 1.400860866535804, 'fuel_k': 0.03226048543641614, 'fuel_half': 11.811950636124504}. Best is trial 0 with value: -0.6094076133578652.
[I 2026-08-19 17:06:33,055] Trial 295 finished with value: 0.4877918922343778 and parameters: {'k1': 0.02169426340317075, 'D_low': 957.2307639662481, 'k2': 0.0120757313374281, 'D_high': 85100.48698777094, 'fire_exp': 1.0366902015047328, 'P_half': 31.01989363712407, 'pre_dampen_half': 30.257390817035255, 'gpp_af': 0.34866660004421657, 'gpp_b': 0.00015456678521108216, 'gpp_d': 100.34315007275049, 'ign_k': 7.539066080310998, 'ign_c': 5.031587903439845, 'trop_agb_crit': 15.478045921675971, 'trop_k_veg': 1.5725629415456845, 'pop_amp': 0.18738748204258768, 'pop_peak': 0.7721560457256996, 'pop_sig': 0.8872556562920988, 'fuel_k': 0.01771167359521595, 'fuel_half': 82.0162076333737}. Best is trial 0 with value: -0.6094076133578652.
[I 2026-08-19 17:06:34,864] Trial 296 finished with value: 0.6225832093508418 and parameters: {'k1': 0.0045432425707457105, 'D_low': 97.36222226051787, 'k2': 0.0019259364523616326, 'D_high': 631033.4231097472, 'fire_exp': 3.6785230868186765, 'P_half': 121.33649962463564, 'pre_dampen_half': 66.95553206709586, 'gpp_af': 0.015176291963618943, 'gpp_b': 0.10488394451808493, 'gpp_d': 419.13413331246727, 'ign_k': 3.81081549043582, 'ign_c': 1.0857634753908152, 'trop_agb_crit': 23.26353419699727, 'trop_k_veg': 1.4533410031328182, 'pop_amp': 0.007877760662694177, 'pop_peak': 0.09855777649573531, 'pop_sig': 0.8734800238366783, 'fuel_k': 0.010822693724047535, 'fuel_half': 8.496212527100454}. Best is trial 0 with value: -0.6094076133578652.
[I 2026-08-19 17:06:36,638] Trial 297 finished with value: 0.4419544624693177 and parameters: {'k1': 0.09580569178148492, 'D_low': 5.700422753287762, 'k2': 0.00034337829713437963, 'D_high': 2329469.5448515047, 'fire_exp': 1.0698945164624374, 'P_half': 5.80482160817862, 'pre_dampen_half': 0.4698001550568632, 'gpp_af': 0.2842110269431968, 'gpp_b': 0.00020495888542765872, 'gpp_d': 0.36316095876815085, 'ign_k': 0.019639977045012594, 'ign_c': 0.14735809110271955, 'trop_agb_crit': 1.9042287229591544, 'trop_k_veg': 0.7920592393661906, 'pop_amp': 1.343881757631648, 'pop_peak': 0.4849644751380296, 'pop_sig': 2.4369465794101344, 'fuel_k': 0.04808267844426976, 'fuel_half': 2.7534246579180928}. Best is trial 0 with value: -0.6094076133578652.
[I 2026-08-19 17:06:38,473] Trial 298 finished with value: 0.6131366691628247 and parameters: {'k1': 0.00590001855612133, 'D_low': 260.053800694729, 'k2': 0.00023548287314245774, 'D_high': 1124779.4705651854, 'fire_exp': 3.6228357916475042, 'P_half': 2.156267097507877, 'pre_dampen_half': 19.436941685625435, 'gpp_af': 0.0021335559626062834, 'gpp_b': 0.013373175065940547, 'gpp_d': 20.589499663614124, 'ign_k': 1.2272782455202018, 'ign_c': 0.24364845540329538, 'trop_agb_crit': 3.4100943501006333, 'trop_k_veg': 0.8963952731869925, 'pop_amp': 0.261526144466205, 'pop_peak': 8.981159750252562, 'pop_sig': 1.479674078547586, 'fuel_k': 0.030259039752206736, 'fuel_half': 1.3307743225178905}. Best is trial 0 with value: -0.6094076133578652.
[I 2026-08-19 17:06:40,318] Trial 299 finished with value: 0.5248747838102623 and parameters: {'k1': 0.0010047921978555722, 'D_low': 7.60905387477319, 'k2': 0.0005101676229794365, 'D_high': 303335.44568975404, 'fire_exp': 2.1251409445112506, 'P_half': 11.028748024262882, 'pre_dampen_half': 0.3348311218616785, 'gpp_af': 0.004378455808218579, 'gpp_b': 5.686661552874238e-05, 'gpp_d': 1.2093089003792188, 'ign_k': 0.1288057982682629, 'ign_c': 0.21086472827495606, 'trop_agb_crit': 1.0659645146001446, 'trop_k_veg': 0.7737213488717518, 'pop_amp': 0.04971227202242467, 'pop_peak': 0.11152960890515011, 'pop_sig': 1.276434575988007, 'fuel_k': 0.012351937286284122, 'fuel_half': 13.86810233659682}. Best is trial 0 with value: -0.6094076133578652.
[I 2026-08-19 17:06:42,065] Trial 300 finished with value: 0.55032787711276 and parameters: {'k1': 0.03634554064420303, 'D_low': 2530.7190070914226, 'k2': 0.0023220272252782326, 'D_high': 7256136.077226611, 'fire_exp': 1.1534677137538676, 'P_half': 216.02572845283353, 'pre_dampen_half': 76.41310906786543, 'gpp_af': 0.9335692553236775, 'gpp_b': 1.1963946850007217e-05, 'gpp_d': 0.05100341488604308, 'ign_k': 9.378467991850234, 'ign_c': 0.15110974087787177, 'trop_agb_crit': 8.231663632890799, 'trop_k_veg': 0.7622524840147509, 'pop_amp': 0.9552996093109688, 'pop_peak': 0.12036845669820662, 'pop_sig': 1.58747469100556, 'fuel_k': 0.03636816996446927, 'fuel_half': 1.658137606129827}. Best is trial 0 with value: -0.6094076133578652.
[I 2026-08-19 17:06:43,678] Trial 301 finished with value: 0.5768654031478598 and parameters: {'k1': 4.107535530332107e-05, 'D_low': 252188.7464369891, 'k2': 0.021718609769245802, 'D_high': 1487643.8886139358, 'fire_exp': 1.8551909900530845, 'P_half': 34.04455927246817, 'pre_dampen_half': 0.5127043643517392, 'gpp_af': 0.09721183737536507, 'gpp_b': 4.651417127357536e-05, 'gpp_d': 0.5836909787647191, 'ign_k': 0.171745542960277, 'ign_c': 2.2491176066249325, 'trop_agb_crit': 18.405037074124294, 'trop_k_veg': 2.181300069367247, 'pop_amp': 0.005842260679207461, 'pop_peak': 0.1396494699697876, 'pop_sig': 0.9596524133253002, 'fuel_k': 0.22962353537973268, 'fuel_half': 27.615183014235672}. Best is trial 0 with value: -0.6094076133578652.
[I 2026-08-19 17:06:45,290] Trial 302 finished with value: -0.5629620570061659 and parameters: {'k1': 0.001681148680637558, 'D_low': 577.794839818861, 'k2': 9.7603063279864e-05, 'D_high': 5669672.108993099, 'fire_exp': 6.628544053505172, 'P_half': 1.7548135357402819, 'pre_dampen_half': 0.6394663395146247, 'gpp_af': 0.004386418726185395, 'gpp_b': 1.0898590397841575e-05, 'gpp_d': 0.1620237396689529, 'ign_k': 0.10524138099741899, 'ign_c': 0.12023539075579348, 'trop_agb_crit': 2.8100789292925916, 'trop_k_veg': 0.8436601749764081, 'pop_amp': 7.946004075092896, 'pop_peak': 6.7193442761362325, 'pop_sig': 1.6335749947665503, 'fuel_k': 0.016092043912514207, 'fuel_half': 1.8174583624548575}. Best is trial 0 with value: -0.6094076133578652.
[I 2026-08-19 17:06:46,901] Trial 303 finished with value: 0.5866592086036071 and parameters: {'k1': 0.004512242588035541, 'D_low': 3001.8309816671285, 'k2': 0.0004251900425532659, 'D_high': 1584371.4345449808, 'fire_exp': 4.479320473306198, 'P_half': 5.562860338806078, 'pre_dampen_half': 0.450414325525992, 'gpp_af': 0.004644254710503217, 'gpp_b': 0.001133788098094514, 'gpp_d': 0.04932293321538286, 'ign_k': 0.004548515511638111, 'ign_c': 0.15981026180119784, 'trop_agb_crit': 2.8832859056203097, 'trop_k_veg': 1.2269164057884532, 'pop_amp': 1.8212033088657567, 'pop_peak': 0.8813879071410761, 'pop_sig': 1.0240673165537522, 'fuel_k': 0.010399363895563967, 'fuel_half': 0.31924937355304855}. Best is trial 0 with value: -0.6094076133578652.
[I 2026-08-19 17:06:48,515] Trial 304 finished with value: 0.5276706236805823 and parameters: {'k1': 0.033407204645817035, 'D_low': 77.89313687204958, 'k2': 0.00015472363934549528, 'D_high': 130536.12468731143, 'fire_exp': 3.627784259374401, 'P_half': 10.3019540490895, 'pre_dampen_half': 0.04948255398864642, 'gpp_af': 0.004383833502305118, 'gpp_b': 0.00010900726066189908, 'gpp_d': 1.1324864612492953, 'ign_k': 3.6386647439010944, 'ign_c': 0.2409653218754153, 'trop_agb_crit': 1.1823100686078467, 'trop_k_veg': 1.2601831039603235, 'pop_amp': 2.338935561380856, 'pop_peak': 0.3039840682922472, 'pop_sig': 1.116119439751817, 'fuel_k': 0.015981093075976963, 'fuel_half': 1.5593832678976136}. Best is trial 0 with value: -0.6094076133578652.
  trial  305/2500  best_overall=0.6094  (8.4 min)
[I 2026-08-19 17:06:50,171] Trial 305 finished with value: 0.578527535976112 and parameters: {'k1': 0.014620174058842384, 'D_low': 73.35468595986234, 'k2': 0.0012996769965609785, 'D_high': 602846.9777951483, 'fire_exp': 7.741746799507818, 'P_half': 2.1864194551436427, 'pre_dampen_half': 9.698595682061674, 'gpp_af': 0.0017161837196058387, 'gpp_b': 2.2346932656106326e-05, 'gpp_d': 0.35676562919051846, 'ign_k': 0.026344363004550196, 'ign_c': 0.6376397199675798, 'trop_agb_crit': 2.5315936270249146, 'trop_k_veg': 1.9577395311175103, 'pop_amp': 0.7510738187886782, 'pop_peak': 3.4191800937019794, 'pop_sig': 1.1150942388392013, 'fuel_k': 0.03881216172143814, 'fuel_half': 9.056914264271256}. Best is trial 0 with value: -0.6094076133578652.
[I 2026-08-19 17:06:51,831] Trial 306 finished with value: 0.5694845232880327 and parameters: {'k1': 0.0931070537388536, 'D_low': 7042.081178121617, 'k2': 2.3395133474986684e-05, 'D_high': 34292.310707566045, 'fire_exp': 3.4950769662782544, 'P_half': 1.0566343958265652, 'pre_dampen_half': 0.9756675484786023, 'gpp_af': 2.1631066301599136, 'gpp_b': 1.6293129157973424e-05, 'gpp_d': 6.171942779145114, 'ign_k': 5.745125659596772, 'ign_c': 1.260829228603, 'trop_agb_crit': 2.32996623242888, 'trop_k_veg': 0.752533606616522, 'pop_amp': 5.617677103024461, 'pop_peak': 4.1429443793466305, 'pop_sig': 0.9365585218344995, 'fuel_k': 0.19634505386784176, 'fuel_half': 26.4060820451362}. Best is trial 0 with value: -0.6094076133578652.
[I 2026-08-19 17:06:53,471] Trial 307 finished with value: 0.5279975884371362 and parameters: {'k1': 0.004245299468199129, 'D_low': 1045.726327375101, 'k2': 6.912529840435163e-05, 'D_high': 2507881.929447892, 'fire_exp': 8.75468235767247, 'P_half': 3.4596745014801544, 'pre_dampen_half': 14.645505184308563, 'gpp_af': 0.005114629650921673, 'gpp_b': 0.00024466998295746226, 'gpp_d': 0.4240957466553042, 'ign_k': 0.38001754164216456, 'ign_c': 0.4536286267706061, 'trop_agb_crit': 1.070009666202593, 'trop_k_veg': 0.5724498550727685, 'pop_amp': 11.686615758884376, 'pop_peak': 99.05371123755084, 'pop_sig': 2.4952307930157, 'fuel_k': 0.0152461214880575, 'fuel_half': 1.0732530740101587}. Best is trial 0 with value: -0.6094076133578652.
[I 2026-08-19 17:06:55,063] Trial 308 finished with value: 0.5932852445217904 and parameters: {'k1': 0.015136467939379504, 'D_low': 1081.2165711277428, 'k2': 1.5986862804152084e-05, 'D_high': 48761.60278066337, 'fire_exp': 4.783846783137451, 'P_half': 98.5047678801286, 'pre_dampen_half': 9.852394672748582, 'gpp_af': 1.236620343220762, 'gpp_b': 0.001785469744368499, 'gpp_d': 100.73055942195013, 'ign_k': 2.4462093457361487, 'ign_c': 0.1483066660929123, 'trop_agb_crit': 1.1784474998802643, 'trop_k_veg': 0.5119130617477212, 'pop_amp': 1.8874943856305835, 'pop_peak': 3.8115689867372167, 'pop_sig': 1.0574176054763156, 'fuel_k': 0.25270574323618883, 'fuel_half': 2.654441787072384}. Best is trial 0 with value: -0.6094076133578652.
[I 2026-08-19 17:06:56,686] Trial 309 finished with value: 0.5517163229978124 and parameters: {'k1': 0.046871488171227514, 'D_low': 504.7982419717763, 'k2': 0.00013896807100417552, 'D_high': 132546.5407665091, 'fire_exp': 5.894364771764346, 'P_half': 1.3786129947296413, 'pre_dampen_half': 0.09624442017277901, 'gpp_af': 0.0737512473652579, 'gpp_b': 0.00025671268745054113, 'gpp_d': 46.236296500245665, 'ign_k': 3.232456353699952, 'ign_c': 0.20613408675815514, 'trop_agb_crit': 1.1090627099719512, 'trop_k_veg': 0.6784769140911464, 'pop_amp': 0.9105339120197635, 'pop_peak': 3.4119739998043723, 'pop_sig': 1.087443716640544, 'fuel_k': 0.07582840927918456, 'fuel_half': 18.123721743545573}. Best is trial 0 with value: -0.6094076133578652.
[I 2026-08-19 17:06:58,362] Trial 310 finished with value: 0.5947251832755703 and parameters: {'k1': 5.7594536040433556e-05, 'D_low': 7098.039451572826, 'k2': 0.0009301772453870063, 'D_high': 58430.28627279491, 'fire_exp': 2.2798944845653746, 'P_half': 2733.6130670012817, 'pre_dampen_half': 0.33136322895250747, 'gpp_af': 0.0016526469057388706, 'gpp_b': 0.000561918907138995, 'gpp_d': 0.02528040019334375, 'ign_k': 2.5461179749900698, 'ign_c': 23.42374295933414, 'trop_agb_crit': 18.442159435706483, 'trop_k_veg': 3.4008218472441905, 'pop_amp': 0.0017208296411851509, 'pop_peak': 172.4915460556058, 'pop_sig': 2.4189766095290075, 'fuel_k': 1.658911359043865, 'fuel_half': 0.25113260070463683}. Best is trial 0 with value: -0.6094076133578652.
[I 2026-08-19 17:07:00,122] Trial 311 finished with value: 0.5809052639128129 and parameters: {'k1': 0.006146168164208645, 'D_low': 160.05009314736986, 'k2': 0.0012200931729620863, 'D_high': 3295252.2051151, 'fire_exp': 1.3497156616436947, 'P_half': 3.4491371901539427, 'pre_dampen_half': 0.020575525081057075, 'gpp_af': 0.0012473642845645997, 'gpp_b': 0.003499024194085693, 'gpp_d': 131.6744636160053, 'ign_k': 0.016036418159145943, 'ign_c': 0.1632680413348162, 'trop_agb_crit': 1.6042987154740966, 'trop_k_veg': 1.1822393375257558, 'pop_amp': 2.713747057667653, 'pop_peak': 0.9769315171799722, 'pop_sig': 1.4511586726272891, 'fuel_k': 0.03163140163530168, 'fuel_half': 23.86392440146793}. Best is trial 0 with value: -0.6094076133578652.
[I 2026-08-19 17:07:01,922] Trial 312 finished with value: 0.5707361016133883 and parameters: {'k1': 0.00047952473369860583, 'D_low': 4.313327416681328, 'k2': 5.889740037929443e-05, 'D_high': 454476.5627856131, 'fire_exp': 7.031112895586092, 'P_half': 3.4061032857644253, 'pre_dampen_half': 0.07191135704159261, 'gpp_af': 0.019351027929012166, 'gpp_b': 4.563596052375499e-05, 'gpp_d': 0.10615032431093643, 'ign_k': 0.053244524408046556, 'ign_c': 0.6479556682923193, 'trop_agb_crit': 4.598921584973641, 'trop_k_veg': 0.5862980226158302, 'pop_amp': 3.4428338450052167, 'pop_peak': 51.81993443812979, 'pop_sig': 2.0430015513193753, 'fuel_k': 0.01101159117498271, 'fuel_half': 1.241467030379267}. Best is trial 0 with value: -0.6094076133578652.
[I 2026-08-19 17:07:03,599] Trial 313 finished with value: 0.4703824701242608 and parameters: {'k1': 0.008656642044789185, 'D_low': 28.14280761692942, 'k2': 0.0025042711010349232, 'D_high': 580944.2627708835, 'fire_exp': 4.663329843702848, 'P_half': 1.0355417420659216, 'pre_dampen_half': 161.72048277763975, 'gpp_af': 0.003165833113038678, 'gpp_b': 2.8517553108008594e-05, 'gpp_d': 3.1062631507227527, 'ign_k': 0.36948562771794385, 'ign_c': 0.7836717243570895, 'trop_agb_crit': 2.2869160610258534, 'trop_k_veg': 1.0111873452220017, 'pop_amp': 0.08254340557699374, 'pop_peak': 1.8698688791168592, 'pop_sig': 1.8170267360051944, 'fuel_k': 0.014241162970888921, 'fuel_half': 3.552223547624526}. Best is trial 0 with value: -0.6094076133578652.
[I 2026-08-19 17:07:05,219] Trial 314 finished with value: 0.4527555166521178 and parameters: {'k1': 0.026948168991655624, 'D_low': 1454.4087782763995, 'k2': 0.008759819359007154, 'D_high': 416485.9853835577, 'fire_exp': 1.0635734485220272, 'P_half': 5.9229528021722775, 'pre_dampen_half': 0.09832407017100646, 'gpp_af': 0.07454171233551972, 'gpp_b': 0.00038211184277232613, 'gpp_d': 0.49114547199580827, 'ign_k': 0.0911664245122066, 'ign_c': 0.2848010858626083, 'trop_agb_crit': 3.67282134410419, 'trop_k_veg': 1.7852283489261531, 'pop_amp': 3.240295882226059, 'pop_peak': 4.0800988132991245, 'pop_sig': 2.2804691626524827, 'fuel_k': 0.016354276673773753, 'fuel_half': 1.051451517612347}. Best is trial 0 with value: -0.6094076133578652.
[I 2026-08-19 17:07:06,911] Trial 315 finished with value: 0.5321676663708763 and parameters: {'k1': 0.0034764962117078604, 'D_low': 40273.088343533294, 'k2': 1.2630298449432742e-05, 'D_high': 4416630.48210956, 'fire_exp': 6.958210639874368, 'P_half': 1.3760554487319525, 'pre_dampen_half': 12.309734986059103, 'gpp_af': 0.00996366213210849, 'gpp_b': 1.533000251602618e-05, 'gpp_d': 0.011824247625740542, 'ign_k': 0.14953883187812558, 'ign_c': 0.2057282294369172, 'trop_agb_crit': 5.1030420115891095, 'trop_k_veg': 1.362711763541945, 'pop_amp': 0.9014015329542253, 'pop_peak': 29.568225294358292, 'pop_sig': 1.2878574027127496, 'fuel_k': 0.013093518725277984, 'fuel_half': 6.42282581620867}. Best is trial 0 with value: -0.6094076133578652.
[I 2026-08-19 17:07:08,547] Trial 316 finished with value: 0.5613957179403247 and parameters: {'k1': 0.0032307918245589864, 'D_low': 158.61571719569937, 'k2': 0.00044016242617224736, 'D_high': 238511.23031226682, 'fire_exp': 3.750745302860603, 'P_half': 2.776838341852673, 'pre_dampen_half': 0.4567417649720135, 'gpp_af': 0.0017502960658720673, 'gpp_b': 0.0004651989050373379, 'gpp_d': 1.7422543516238327, 'ign_k': 0.2408237060722201, 'ign_c': 2.5651974242100977, 'trop_agb_crit': 2.386950907208099, 'trop_k_veg': 0.9841372461873383, 'pop_amp': 0.12041553373501043, 'pop_peak': 3.0976151969524466, 'pop_sig': 1.7950598965444826, 'fuel_k': 0.021567062999328153, 'fuel_half': 56.313817515767106}. Best is trial 0 with value: -0.6094076133578652.
[I 2026-08-19 17:07:10,186] Trial 317 finished with value: 0.4661100530923059 and parameters: {'k1': 0.0028032503647060837, 'D_low': 14.097781082648533, 'k2': 0.00021660170460120344, 'D_high': 170245.67997794622, 'fire_exp': 4.805172441506909, 'P_half': 1.0196052903440442, 'pre_dampen_half': 7.479747021717058, 'gpp_af': 0.0861699232087865, 'gpp_b': 2.2986001889131534e-05, 'gpp_d': 236.21313756917343, 'ign_k': 1.6915296865947145, 'ign_c': 2.675399375884977, 'trop_agb_crit': 3.9206545804998774, 'trop_k_veg': 2.184241586098891, 'pop_amp': 2.3431598973129173, 'pop_peak': 0.12390849804827408, 'pop_sig': 0.6218196415249595, 'fuel_k': 0.07358175994335242, 'fuel_half': 1.5046984065885225}. Best is trial 0 with value: -0.6094076133578652.
  trial  318/2500  best_overall=0.6094  (8.8 min)
