[I 2026-06-11 00:49:27,918] Trial 105 finished with values: [10.769230769178105, 10.769230769178105] and parameters: {'k1': 9.969469187531805e-05, 'D_low': 90.71933427331369, 'k2': 7.67074891445376e-05, 'D_high': 89263.11370835223, 'fire_exp': 8.26634592587193, 'P_half': 3.525936800597896, 'pre_dampen_half': 563.8801013171912, 'gpp_af': 42.29037995744429, 'gpp_b': 4.600919967107135e-05, 'gpp_d': 6.913948698657619, 'ign_k': 3.1030112026960985, 'ign_c': 84.89840783024046, 'trop_agb_crit': 10.719494362768906, 'trop_k_veg': 1.140286245977296, 'fuel_k': 0.8380096183572122, 'fuel_half': 35.2847426865637}.
[I 2026-06-11 00:49:29,203] Trial 106 finished with values: [10.769230769178105, 10.769230769178105] and parameters: {'k1': 6.069662445477729e-05, 'D_low': 1.8942844905792813, 'k2': 2.5299503921303695e-05, 'D_high': 11.827346017839092, 'fire_exp': 2.26267489175816, 'P_half': 539.5442811888478, 'pre_dampen_half': 0.022695682239207024, 'gpp_af': 0.03934396739328546, 'gpp_b': 1.1728753685919104, 'gpp_d': 0.01307253094873642, 'ign_k': 1.8108143621079664, 'ign_c': 1.3409701145872435, 'trop_agb_crit': 1.4946647023314867, 'trop_k_veg': 3.4508425771776365, 'fuel_k': 0.5588539902953054, 'fuel_half': 42.89592532297351}.
[I 2026-06-11 00:49:30,543] Trial 107 finished with values: [10.767125801331995, 10.767125801331995] and parameters: {'k1': 0.003242143344038315, 'D_low': 21.85860582960182, 'k2': 1.915468390724633e-05, 'D_high': 140.91459170104753, 'fire_exp': 4.169392260794133, 'P_half': 220.3445560633069, 'pre_dampen_half': 294.75617712568373, 'gpp_af': 8.769726637617666, 'gpp_b': 8.129227514069975e-05, 'gpp_d': 16.460426816350523, 'ign_k': 0.0680787482656459, 'ign_c': 15.221840161091626, 'trop_agb_crit': 1.1208086449693282, 'trop_k_veg': 1.4584243470991722, 'fuel_k': 1.3128815679924584, 'fuel_half': 42.6871254378718}.
[I 2026-06-11 00:49:32,048] Trial 108 finished with values: [10.76523440163542, 10.76523440163542] and parameters: {'k1': 0.0029707920514735983, 'D_low': 5.59983195169599, 'k2': 2.1698375693549493e-05, 'D_high': 6366.1449945522045, 'fire_exp': 3.2181803496180783, 'P_half': 9.324787201197319, 'pre_dampen_half': 0.03751320096826995, 'gpp_af': 1.1300566419249864, 'gpp_b': 0.0005995821881487623, 'gpp_d': 857.4284557962634, 'ign_k': 0.03141110271934876, 'ign_c': 8.40543912931368, 'trop_agb_crit': 15.870971677383487, 'trop_k_veg': 6.911478238001162, 'fuel_k': 0.08612665817296865, 'fuel_half': 18.202647368248826}.
[I 2026-06-11 00:49:33,719] Trial 109 finished with values: [10.768374828156146, 10.768374828156146] and parameters: {'k1': 0.0023179376139410863, 'D_low': 39.446712559035305, 'k2': 1.6559474674046002e-05, 'D_high': 1919.1689944397538, 'fire_exp': 2.2703704516008885, 'P_half': 1.0435856341129002, 'pre_dampen_half': 10.687450020671582, 'gpp_af': 0.015350904103515228, 'gpp_b': 0.016763844265536048, 'gpp_d': 0.0581159974343924, 'ign_k': 0.024287565087611766, 'ign_c': 0.43926387967502156, 'trop_agb_crit': 1.886175574962432, 'trop_k_veg': 1.1021959069423406, 'fuel_k': 0.04207132303652083, 'fuel_half': 2.276766792290519}.
[I 2026-06-11 00:49:35,074] Trial 110 finished with values: [10.760448524464142, 10.760448524464142] and parameters: {'k1': 0.002968335334246999, 'D_low': 27.08013793478254, 'k2': 2.8459703343413838e-05, 'D_high': 4856.157707765675, 'fire_exp': 1.7124099831271415, 'P_half': 2193.8654178115053, 'pre_dampen_half': 3.9885726374014685, 'gpp_af': 18.23507280431421, 'gpp_b': 1.7565109007473816e-05, 'gpp_d': 9.004606022643067, 'ign_k': 0.5131654955148326, 'ign_c': 4.110848435021229, 'trop_agb_crit': 5.707205898008383, 'trop_k_veg': 0.5415365826598848, 'fuel_k': 0.6199941538390382, 'fuel_half': 7.259866824755668}.
[I 2026-06-11 00:49:36,429] Trial 111 finished with values: [10.769230768366256, 10.769230768366256] and parameters: {'k1': 0.011966626407443505, 'D_low': 9.461469059966106, 'k2': 0.0001971137615017176, 'D_high': 503.20593472868046, 'fire_exp': 7.7991371065266675, 'P_half': 334.62201030483817, 'pre_dampen_half': 0.03751320096826995, 'gpp_af': 1.1300566419249864, 'gpp_b': 0.02893498807797731, 'gpp_d': 8.057329182285729, 'ign_k': 0.006039096247545781, 'ign_c': 77.59048401667629, 'trop_agb_crit': 6.119263728555865, 'trop_k_veg': 0.5772603928610088, 'fuel_k': 0.6211831489538812, 'fuel_half': 0.33988503110784557}.
[I 2026-06-11 00:49:37,683] Trial 112 finished with values: [10.7448348970899, 10.7448348970899] and parameters: {'k1': 0.00013649087666416944, 'D_low': 1927.6545985682426, 'k2': 0.0038341488164556755, 'D_high': 1919.1689944397538, 'fire_exp': 2.2703704516008885, 'P_half': 38.82837025280678, 'pre_dampen_half': 96.93415502195788, 'gpp_af': 0.005618069878716736, 'gpp_b': 0.0002374151186079093, 'gpp_d': 0.0581159974343924, 'ign_k': 0.009634538433595985, 'ign_c': 0.43926387967502156, 'trop_agb_crit': 10.593659188108404, 'trop_k_veg': 1.1021959069423406, 'fuel_k': 0.030315034760496778, 'fuel_half': 1.0891507139853283}.
[I 2026-06-11 00:49:38,981] Trial 113 finished with values: [10.765216037359883, 10.765216037359883] and parameters: {'k1': 0.0029707920514735983, 'D_low': 2.5379946629058443, 'k2': 0.0009299619346742016, 'D_high': 107.88909575795405, 'fire_exp': 1.182396148413737, 'P_half': 8320.133621840185, 'pre_dampen_half': 2.9046276683520458, 'gpp_af': 0.04403094955951772, 'gpp_b': 3.228689523591491e-05, 'gpp_d': 857.4284557962634, 'ign_k': 0.002011190979341457, 'ign_c': 0.3277320296937064, 'trop_agb_crit': 15.870971677383487, 'trop_k_veg': 6.911478238001162, 'fuel_k': 0.024304286905830974, 'fuel_half': 8.36804938192389}.
[I 2026-06-11 00:49:40,682] Trial 114 finished with values: [10.769230769178105, 10.769230769178105] and parameters: {'k1': 0.0024005553432620355, 'D_low': 1.4735767429060445, 'k2': 0.0009670857606743155, 'D_high': 17123.375973163988, 'fire_exp': 2.0165721691808587, 'P_half': 2.458603276328005, 'pre_dampen_half': 26.373339933815235, 'gpp_af': 0.15876781526924, 'gpp_b': 5.397956855996442e-05, 'gpp_d': 0.012284844784580964, 'ign_k': 0.567034633562729, 'ign_c': 433.7920697490936, 'trop_agb_crit': 2.411289811529197, 'trop_k_veg': 3.138530300785082, 'fuel_k': 1.6630228777630973, 'fuel_half': 3.632486956676605}.
[I 2026-06-11 00:49:42,185] Trial 115 finished with values: [10.769230769178105, 10.769230769178105] and parameters: {'k1': 0.0058043147174140705, 'D_low': 6542.056762893129, 'k2': 0.055836727227548205, 'D_high': 302.4369161272648, 'fire_exp': 1.0362310858538248, 'P_half': 5167.425813322413, 'pre_dampen_half': 868.1843415114087, 'gpp_af': 68.11991466118579, 'gpp_b': 6.049505313715197, 'gpp_d': 19.94895865188256, 'ign_k': 0.015058980408366392, 'ign_c': 16.62659225403186, 'trop_agb_crit': 6.058402553512053, 'trop_k_veg': 0.977663002683211, 'fuel_k': 0.02957171323932571, 'fuel_half': 4.681702225035901}.
[I 2026-06-11 00:49:43,595] Trial 116 finished with values: [10.769230769178105, 10.769230769178105] and parameters: {'k1': 0.02939607009739149, 'D_low': 4497.407193749843, 'k2': 0.0011101191524846067, 'D_high': 1014.06356458665, 'fire_exp': 6.284853792838699, 'P_half': 397.9749374103113, 'pre_dampen_half': 32.34702813589568, 'gpp_af': 9.527157550070955, 'gpp_b': 2.1879230865774306, 'gpp_d': 0.48975151064700323, 'ign_k': 0.03179302199939539, 'ign_c': 0.23764449553865358, 'trop_agb_crit': 4.284230099058087, 'trop_k_veg': 0.5523938241293617, 'fuel_k': 0.19656297483673957, 'fuel_half': 4.2455494542549035}.
[I 2026-06-11 00:49:44,923] Trial 117 finished with values: [10.769226577150137, 10.769226577150137] and parameters: {'k1': 6.693990428538841e-05, 'D_low': 1.1065812688893482, 'k2': 3.5281132746849994e-05, 'D_high': 39817.5530533854, 'fire_exp': 7.479801584594695, 'P_half': 245.27450543222417, 'pre_dampen_half': 10.059683154936918, 'gpp_af': 2.1143816095206374, 'gpp_b': 0.002022832315155261, 'gpp_d': 25.017068255320467, 'ign_k': 0.04732407125181112, 'ign_c': 3.4084279109230433, 'trop_agb_crit': 5.841230872704112, 'trop_k_veg': 0.5695379443977426, 'fuel_k': 0.028970790717327534, 'fuel_half': 16.371966573507315}.
[I 2026-06-11 00:49:46,212] Trial 118 finished with values: [10.769230769178105, 10.769230769178105] and parameters: {'k1': 8.400384914559786e-05, 'D_low': 487.0471141341649, 'k2': 1.1990634114955788e-05, 'D_high': 26.087612080291528, 'fire_exp': 1.317848138124919, 'P_half': 5.178197947282869, 'pre_dampen_half': 518.2609891091987, 'gpp_af': 0.04130614451133169, 'gpp_b': 0.012964140540905063, 'gpp_d': 32.741215209888836, 'ign_k': 0.7745825831079145, 'ign_c': 264.7194625525936, 'trop_agb_crit': 26.402883285404346, 'trop_k_veg': 1.0049538030148353, 'fuel_k': 0.7178629801075029, 'fuel_half': 0.41205281577215547}.
[I 2026-06-11 00:49:47,725] Trial 119 finished with values: [10.769230769178105, 10.769230769178105] and parameters: {'k1': 0.0067445742055710165, 'D_low': 721.7448452444781, 'k2': 0.004373100990516265, 'D_high': 2672.1460136202413, 'fire_exp': 9.012915111444606, 'P_half': 894.5150807271528, 'pre_dampen_half': 469.71569713904756, 'gpp_af': 42.44656636175248, 'gpp_b': 0.0032930655419269924, 'gpp_d': 0.173242701549491, 'ign_k': 0.026539376439360548, 'ign_c': 107.49405395173389, 'trop_agb_crit': 1.5280652380617874, 'trop_k_veg': 6.423535314325734, 'fuel_k': 0.013421538374693755, 'fuel_half': 0.13249100882689224}.
[I 2026-06-11 00:49:49,372] Trial 120 finished with values: [10.769230769178105, 10.769230769178105] and parameters: {'k1': 0.00023352156626184448, 'D_low': 258.5880420753997, 'k2': 9.580682294110428e-05, 'D_high': 24311.355106292434, 'fire_exp': 1.9439887028475722, 'P_half': 38.82837025280678, 'pre_dampen_half': 96.93415502195788, 'gpp_af': 0.005618069878716736, 'gpp_b': 0.02502809770894037, 'gpp_d': 2.400225309964113, 'ign_k': 0.7588328899786275, 'ign_c': 558.8805005991976, 'trop_agb_crit': 10.593659188108404, 'trop_k_veg': 0.907369149674874, 'fuel_k': 0.0500651901928747, 'fuel_half': 1.0891507139853283}.
[I 2026-06-11 00:49:50,810] Trial 121 finished with values: [10.769230769178105, 10.769230769178105] and parameters: {'k1': 1.0477226564098276e-05, 'D_low': 4.397766894483963, 'k2': 0.0009670857606743155, 'D_high': 2439.8964530167727, 'fire_exp': 4.487053621524983, 'P_half': 1212.4080603355412, 'pre_dampen_half': 0.03411860497758073, 'gpp_af': 0.0023751383317256927, 'gpp_b': 0.23395511097933275, 'gpp_d': 3.0023172465753074, 'ign_k': 0.39676339357448603, 'ign_c': 0.7464754881442118, 'trop_agb_crit': 2.3118820898020997, 'trop_k_veg': 2.417028380770307, 'fuel_k': 1.6630228777630973, 'fuel_half': 12.136386887218588}.
[I 2026-06-11 00:49:52,142] Trial 122 finished with values: [10.769230769178105, 10.769230769178105] and parameters: {'k1': 0.0024005553432620355, 'D_low': 1707.9750342958232, 'k2': 0.0034167643418329683, 'D_high': 30608.522106722474, 'fire_exp': 2.1589564941849333, 'P_half': 1212.4080603355412, 'pre_dampen_half': 0.03411860497758073, 'gpp_af': 0.0023751383317256927, 'gpp_b': 0.6992636148959319, 'gpp_d': 302.3127748796293, 'ign_k': 0.018707420137660268, 'ign_c': 5.486676498816058, 'trop_agb_crit': 2.3118820898020997, 'trop_k_veg': 4.844706510617515, 'fuel_k': 1.8731335591844642, 'fuel_half': 12.136386887218588}.
[I 2026-06-11 00:49:53,589] Trial 123 finished with values: [10.769230769178105, 10.769230769178105] and parameters: {'k1': 9.969469187531805e-05, 'D_low': 125.32726386250698, 'k2': 0.0630731811849173, 'D_high': 89263.11370835223, 'fire_exp': 1.2943117749495199, 'P_half': 39.03214299767183, 'pre_dampen_half': 703.6426675556048, 'gpp_af': 21.258647437649888, 'gpp_b': 0.7987896438549947, 'gpp_d': 0.19476644406315288, 'ign_k': 1.3975908789482223, 'ign_c': 47.268615251255675, 'trop_agb_crit': 23.59397023337466, 'trop_k_veg': 2.3408809609838257, 'fuel_k': 3.6992394681929337, 'fuel_half': 0.6917310667555202}.
[I 2026-06-11 00:49:55,005] Trial 124 finished with values: [10.769230769178105, 10.769230769178105] and parameters: {'k1': 0.0012329098365270509, 'D_low': 51.30551760589834, 'k2': 0.07799059237255677, 'D_high': 373.58626308127526, 'fire_exp': 7.7991371065266675, 'P_half': 351.2704726270846, 'pre_dampen_half': 94.20121790275627, 'gpp_af': 0.325975879331736, 'gpp_b': 0.02893498807797731, 'gpp_d': 0.17638479543546878, 'ign_k': 0.006039096247545781, 'ign_c': 105.24574681335613, 'trop_agb_crit': 2.598572417333811, 'trop_k_veg': 0.6189606672462583, 'fuel_k': 0.06382243375381637, 'fuel_half': 0.30455368715396786}.
[I 2026-06-11 00:49:56,540] Trial 125 finished with values: [10.690974055488425, 10.690974055488425] and parameters: {'k1': 2.27847364377152e-05, 'D_low': 338.23872019362165, 'k2': 0.0005708731724249573, 'D_high': 1390.2686711035008, 'fire_exp': 1.2310899049053081, 'P_half': 16.051347487097576, 'pre_dampen_half': 0.4016986062226067, 'gpp_af': 0.12243451886824051, 'gpp_b': 1.7565109007473816e-05, 'gpp_d': 9.004606022643067, 'ign_k': 3.284529979576944, 'ign_c': 0.11650681118986138, 'trop_agb_crit': 21.825752290961518, 'trop_k_veg': 2.8224577471047865, 'fuel_k': 0.021123235354472927, 'fuel_half': 0.3335026483569958}.
[I 2026-06-11 00:49:57,986] Trial 126 finished with values: [10.769230769178105, 10.769230769178105] and parameters: {'k1': 6.069662445477729e-05, 'D_low': 31.585104499227995, 'k2': 0.00013894673469237192, 'D_high': 29812.370697208862, 'fire_exp': 1.6733848721157607, 'P_half': 7126.727573532312, 'pre_dampen_half': 0.022695682239207024, 'gpp_af': 70.695884676536, 'gpp_b': 1.815346247026201e-05, 'gpp_d': 0.01307253094873642, 'ign_k': 0.12906379659404604, 'ign_c': 937.2580613581177, 'trop_agb_crit': 1.4946647023314867, 'trop_k_veg': 2.3220791324604515, 'fuel_k': 0.5588539902953054, 'fuel_half': 42.89592532297351}.
[I 2026-06-11 00:49:59,282] Trial 127 finished with values: [10.765880633846242, 10.765880633846242] and parameters: {'k1': 0.00023352156626184448, 'D_low': 39.446712559035305, 'k2': 1.6559474674046002e-05, 'D_high': 219.1739661157601, 'fire_exp': 1.3411849220480432, 'P_half': 38.82837025280678, 'pre_dampen_half': 0.46504594134732663, 'gpp_af': 0.005618069878716736, 'gpp_b': 0.016763844265536048, 'gpp_d': 397.4459556835019, 'ign_k': 0.7588328899786275, 'ign_c': 2.442377596403893, 'trop_agb_crit': 12.285102065067687, 'trop_k_veg': 1.7518409078083697, 'fuel_k': 0.0500651901928747, 'fuel_half': 2.276766792290519}.
[I 2026-06-11 00:50:00,666] Trial 128 finished with values: [10.768961928130812, 10.768961928130812] and parameters: {'k1': 0.02641449645424223, 'D_low': 652.5765108342365, 'k2': 0.0007883068789768041, 'D_high': 24.622754931226588, 'fire_exp': 1.075051292556307, 'P_half': 78.32259769732477, 'pre_dampen_half': 0.37306104754535907, 'gpp_af': 0.34902252478382495, 'gpp_b': 2.788681037423117, 'gpp_d': 12.00191344086031, 'ign_k': 0.34703605955441524, 'ign_c': 0.15178052094448868, 'trop_agb_crit': 2.1775224101934065, 'trop_k_veg': 0.6189606672462583, 'fuel_k': 0.24991287225033346, 'fuel_half': 0.30455368715396786}.
[I 2026-06-11 00:50:01,958] Trial 129 finished with values: [10.765816045141504, 10.765816045141504] and parameters: {'k1': 0.002968335334246999, 'D_low': 3848.9589040216215, 'k2': 1.127217425995114e-05, 'D_high': 4856.157707765675, 'fire_exp': 1.6139358000526771, 'P_half': 2193.8654178115053, 'pre_dampen_half': 3.9885726374014685, 'gpp_af': 18.23507280431421, 'gpp_b': 1.7565109007473816e-05, 'gpp_d': 290.642121800538, 'ign_k': 0.5131654955148326, 'ign_c': 2.329535895346768, 'trop_agb_crit': 24.85900548334648, 'trop_k_veg': 0.5415365826598848, 'fuel_k': 0.43644410574317105, 'fuel_half': 7.259866824755668}.
[I 2026-06-11 00:50:03,508] Trial 130 finished with values: [10.76103303323439, 10.76103303323439] and parameters: {'k1': 2.5852079056761296e-05, 'D_low': 338.23872019362165, 'k2': 0.0007406380926311093, 'D_high': 1390.2686711035008, 'fire_exp': 1.2310899049053081, 'P_half': 3820.259936390117, 'pre_dampen_half': 0.4016986062226067, 'gpp_af': 0.0011328913410639256, 'gpp_b': 1.6569065206637924e-05, 'gpp_d': 9.004606022643067, 'ign_k': 0.18170401889219123, 'ign_c': 0.11650681118986138, 'trop_agb_crit': 21.825752290961518, 'trop_k_veg': 2.8224577471047865, 'fuel_k': 0.28630931797361614, 'fuel_half': 2.6463217726266444}.
[I 2026-06-11 00:50:05,077] Trial 131 finished with values: [10.769228959765824, 10.769228959765824] and parameters: {'k1': 0.0058043147174140705, 'D_low': 35.23233163198312, 'k2': 0.055836727227548205, 'D_high': 35.48818403010949, 'fire_exp': 4.105928564731521, 'P_half': 13.019246714361572, 'pre_dampen_half': 0.06841789850667167, 'gpp_af': 0.8226361776146098, 'gpp_b': 7.402343469704428e-05, 'gpp_d': 2.8006820077310213, 'ign_k': 8.761971101023693, 'ign_c': 16.62659225403186, 'trop_agb_crit': 6.058402553512053, 'trop_k_veg': 7.806492615881168, 'fuel_k': 0.01814068034742312, 'fuel_half': 0.6370755274604819}.
[I 2026-06-11 00:50:06,402] Trial 132 finished with values: [10.769230597683197, 10.769230597683197] and parameters: {'k1': 0.05667112411430849, 'D_low': 5.308016505637286, 'k2': 1.844951990812239e-05, 'D_high': 9214.72963173396, 'fire_exp': 3.7538171417440687, 'P_half': 2329.781042267055, 'pre_dampen_half': 0.04998755363568286, 'gpp_af': 9.469707381426526, 'gpp_b': 0.00016209287312965247, 'gpp_d': 0.0658081548870927, 'ign_k': 0.004540076719227353, 'ign_c': 181.25870836716192, 'trop_agb_crit': 9.606760268887676, 'trop_k_veg': 2.132080187829235, 'fuel_k': 0.04401685680909188, 'fuel_half': 42.81555938400684}.
[I 2026-06-11 00:50:07,703] Trial 133 finished with values: [10.732756649579713, 10.732756649579713] and parameters: {'k1': 9.969469187531805e-05, 'D_low': 652.5765108342365, 'k2': 7.67074891445376e-05, 'D_high': 89263.11370835223, 'fire_exp': 8.791426299948917, 'P_half': 1.4378290221680121, 'pre_dampen_half': 33.71909132517384, 'gpp_af': 0.14765842992482675, 'gpp_b': 1.6569065206637924e-05, 'gpp_d': 2.292633983096564, 'ign_k': 0.18170401889219123, 'ign_c': 0.15178052094448868, 'trop_agb_crit': 13.98132484257899, 'trop_k_veg': 1.140286245977296, 'fuel_k': 3.6992394681929337, 'fuel_half': 2.100333410321807}.
[I 2026-06-11 00:50:08,983] Trial 134 finished with values: [10.553189436505486, 10.553189436505486] and parameters: {'k1': 0.05233480488540085, 'D_low': 19.4230157499841, 'k2': 1.915468390724633e-05, 'D_high': 204.16881527138202, 'fire_exp': 1.3175349115759807, 'P_half': 5.575453980775371, 'pre_dampen_half': 502.5175192217655, 'gpp_af': 51.72004221341863, 'gpp_b': 0.011750724729953272, 'gpp_d': 16.460426816350523, 'ign_k': 0.0026834162496848666, 'ign_c': 6.160975294741436, 'trop_agb_crit': 7.359282739093333, 'trop_k_veg': 3.94974057158301, 'fuel_k': 0.15820328899546293, 'fuel_half': 52.00581729114123}.
[I 2026-06-11 00:50:10,347] Trial 135 finished with values: [10.701629753864587, 10.701629753864587] and parameters: {'k1': 0.00014879588507789985, 'D_low': 2.5379946629058443, 'k2': 2.1698375693549493e-05, 'D_high': 30608.522106722474, 'fire_exp': 1.182396148413737, 'P_half': 1938.3858782150498, 'pre_dampen_half': 33.9790424311127, 'gpp_af': 0.8226361776146098, 'gpp_b': 3.228689523591491e-05, 'gpp_d': 290.642121800538, 'ign_k': 0.018707420137660268, 'ign_c': 3.0378658251922155, 'trop_agb_crit': 1.4946647023314867, 'trop_k_veg': 3.0284647013370933, 'fuel_k': 0.5588539902953054, 'fuel_half': 0.6370755274604819}.
[I 2026-06-11 00:50:12,064] Trial 136 finished with values: [10.768552401734045, 10.768552401734045] and parameters: {'k1': 0.0003713474360443033, 'D_low': 19.4230157499841, 'k2': 0.0005708731724249573, 'D_high': 321.9420593085824, 'fire_exp': 2.901882247501255, 'P_half': 269.74113434525447, 'pre_dampen_half': 3.659675301686169, 'gpp_af': 0.326288637536534, 'gpp_b': 0.00024732964314480056, 'gpp_d': 314.6826989726468, 'ign_k': 0.034321391362415854, 'ign_c': 14.074279366401672, 'trop_agb_crit': 7.359282739093333, 'trop_k_veg': 3.94974057158301, 'fuel_k': 0.021123235354472927, 'fuel_half': 65.99277195883643}.
[I 2026-06-11 00:50:13,712] Trial 137 finished with values: [10.766532250694176, 10.766532250694176] and parameters: {'k1': 0.00013649087666416944, 'D_low': 28.3353894176247, 'k2': 0.0034207303670092245, 'D_high': 1390.2686711035008, 'fire_exp': 1.0889492364376547, 'P_half': 19.986340778528874, 'pre_dampen_half': 518.2609891091987, 'gpp_af': 0.015350904103515228, 'gpp_b': 2.105118051960871, 'gpp_d': 0.0581159974343924, 'ign_k': 0.5131654955148326, 'ign_c': 0.11650681118986138, 'trop_agb_crit': 26.402883285404346, 'trop_k_veg': 0.9478162145499819, 'fuel_k': 0.030315034760496778, 'fuel_half': 49.011305842597814}.
[I 2026-06-11 00:50:15,127] Trial 138 finished with values: [10.688183643050351, 10.688183643050351] and parameters: {'k1': 0.0010204225357677778, 'D_low': 5.08290658294838, 'k2': 1.854837679096716e-05, 'D_high': 76.19822175388143, 'fire_exp': 1.2310899049053081, 'P_half': 3910.3637457741784, 'pre_dampen_half': 294.75617712568373, 'gpp_af': 0.008983355849178878, 'gpp_b': 1.7565109007473816e-05, 'gpp_d': 2.292633983096564, 'ign_k': 0.18170401889219123, 'ign_c': 0.11650681118986138, 'trop_agb_crit': 5.707205898008383, 'trop_k_veg': 1.7570501127699654, 'fuel_k': 0.28630931797361614, 'fuel_half': 0.3625056554880307}.
[I 2026-06-11 00:50:16,552] Trial 139 finished with values: [10.725619471126263, 10.725619471126263] and parameters: {'k1': 2.27847364377152e-05, 'D_low': 338.23872019362165, 'k2': 0.0005708731724249573, 'D_high': 1390.2686711035008, 'fire_exp': 1.2310899049053081, 'P_half': 10.226988730324324, 'pre_dampen_half': 0.4016986062226067, 'gpp_af': 29.925002022877802, 'gpp_b': 0.011750724729953272, 'gpp_d': 9.004606022643067, 'ign_k': 3.284529979576944, 'ign_c': 0.11650681118986138, 'trop_agb_crit': 21.825752290961518, 'trop_k_veg': 4.341934294871134, 'fuel_k': 0.05597555634027867, 'fuel_half': 1.3547291924247344}.
