[I 2026-08-06 10:35:46,578] Trial 1250 finished with values: [-0.545329734817904, 0.036910062867854254] and parameters: {'k1': 0.008912611835817005, 'D_low': 1112.9571947046009, 'k2': 0.014344484793173472, 'D_high': 8182.111518618414, 'fire_exp': 1.221575427404682, 'P_half': 5.076307782729897, 'pre_dampen_half': 502.5175192217655, 'gpp_af': 0.6403036652671171, 'gpp_b': 0.0021331409710300844, 'gpp_d': 4.25060659305504, 'ign_k': 0.3508854952536169, 'ign_c': 11.400863701127316, 'trop_agb_crit': 24.199164431661277, 'trop_k_veg': 2.194427136482602}.
[I 2026-08-06 10:35:47,682] Trial 1251 finished with values: [-0.582273274068958, 0.05822365078871983] and parameters: {'k1': 0.008912611835817005, 'D_low': 355.00125258511594, 'k2': 0.03538758864779238, 'D_high': 11832.967057468773, 'fire_exp': 1.1263716762638152, 'P_half': 140.74279366401683, 'pre_dampen_half': 502.5175192217655, 'gpp_af': 4.4416173741744, 'gpp_b': 0.0021331409710300844, 'gpp_d': 2.944272359149677, 'ign_k': 0.21006485619596416, 'ign_c': 15.221840161091626, 'trop_agb_crit': 1.0903028125370984, 'trop_k_veg': 3.1473758868965476}.
[I 2026-08-06 10:35:48,879] Trial 1252 finished with values: [10.615298605270045, 10.615298605270045] and parameters: {'k1': 0.008912611835817005, 'D_low': 1112.9571947046009, 'k2': 8.923807143379776e-05, 'D_high': 16.181974674385906, 'fire_exp': 1.0629462657398439, 'P_half': 5.076307782729897, 'pre_dampen_half': 552.4163637315892, 'gpp_af': 24.725776073156705, 'gpp_b': 0.14577755664212386, 'gpp_d': 2.944272359149677, 'ign_k': 2.9818972317055166, 'ign_c': 15.221840161091626, 'trop_agb_crit': 4.155358641775949, 'trop_k_veg': 0.6673124511410327}.
[I 2026-08-06 10:35:51,183] Trial 1253 finished with values: [-0.5569987671609601, 0.04244878734651758] and parameters: {'k1': 0.008912611835817005, 'D_low': 4.484744524732794, 'k2': 0.014344484793173472, 'D_high': 3712.591045287726, 'fire_exp': 1.0629462657398439, 'P_half': 220.3445560633069, 'pre_dampen_half': 552.4163637315892, 'gpp_af': 1.9706963379095486, 'gpp_b': 0.0325181766809307, 'gpp_d': 4.25060659305504, 'ign_k': 2.9818972317055166, 'ign_c': 15.221840161091626, 'trop_agb_crit': 1.0903028125370984, 'trop_k_veg': 4.167664671344212}.
[I 2026-08-06 10:35:52,528] Trial 1254 finished with values: [10.745720657049583, 10.745720657049583] and parameters: {'k1': 0.008912611835817005, 'D_low': 355.00125258511594, 'k2': 0.0008941619307827924, 'D_high': 21.947742689197344, 'fire_exp': 1.8203621253975995, 'P_half': 140.74279366401683, 'pre_dampen_half': 552.4163637315892, 'gpp_af': 24.725776073156705, 'gpp_b': 0.0021331409710300844, 'gpp_d': 4.25060659305504, 'ign_k': 2.9818972317055166, 'ign_c': 15.221840161091626, 'trop_agb_crit': 7.861566638880103, 'trop_k_veg': 0.983473833513531}.
[I 2026-08-06 10:35:53,680] Trial 1255 finished with values: [10.701540296219354, 10.701540296219354] and parameters: {'k1': 0.008912611835817005, 'D_low': 355.00125258511594, 'k2': 0.008380768799422988, 'D_high': 11832.967057468773, 'fire_exp': 1.0629462657398439, 'P_half': 8417.601502819636, 'pre_dampen_half': 552.4163637315892, 'gpp_af': 0.6403036652671171, 'gpp_b': 0.006906522645653115, 'gpp_d': 16.460426816350523, 'ign_k': 3.589155871450839, 'ign_c': 15.221840161091626, 'trop_agb_crit': 19.3289574092866, 'trop_k_veg': 2.194427136482602}.
[I 2026-08-06 10:35:54,846] Trial 1256 finished with values: [-0.5915806897166828, 0.12237429382301934] and parameters: {'k1': 0.008912611835817005, 'D_low': 355.00125258511594, 'k2': 0.03538758864779238, 'D_high': 37954.79274251299, 'fire_exp': 1.1263716762638152, 'P_half': 220.3445560633069, 'pre_dampen_half': 63.6685916079943, 'gpp_af': 24.725776073156705, 'gpp_b': 0.0021331409710300844, 'gpp_d': 16.460426816350523, 'ign_k': 2.9818972317055166, 'ign_c': 5.13055176058983, 'trop_agb_crit': 24.584290528289387, 'trop_k_veg': 0.983473833513531}.
[I 2026-08-06 10:35:55,980] Trial 1257 finished with values: [10.05164938777182, 10.05164938777182] and parameters: {'k1': 0.008912611835817005, 'D_low': 520.4862686958022, 'k2': 0.03538758864779238, 'D_high': 11832.967057468773, 'fire_exp': 1.0629462657398439, 'P_half': 220.3445560633069, 'pre_dampen_half': 502.5175192217655, 'gpp_af': 0.6403036652671171, 'gpp_b': 4.377856668016338e-05, 'gpp_d': 4.25060659305504, 'ign_k': 0.21006485619596416, 'ign_c': 18.588694009815857, 'trop_agb_crit': 1.0911298587990423, 'trop_k_veg': 4.375785248100498}.
[I 2026-08-06 10:35:57,136] Trial 1258 finished with values: [10.734671580970094, 10.734671580970094] and parameters: {'k1': 0.008912611835817005, 'D_low': 118.47646505012496, 'k2': 3.987273288095245e-05, 'D_high': 21.947742689197344, 'fire_exp': 1.8052196925255906, 'P_half': 220.3445560633069, 'pre_dampen_half': 502.5175192217655, 'gpp_af': 1.8658340200400265, 'gpp_b': 0.006906522645653115, 'gpp_d': 0.09783362909802892, 'ign_k': 0.21006485619596416, 'ign_c': 11.400863701127316, 'trop_agb_crit': 24.584290528289387, 'trop_k_veg': 4.375785248100498}.
[I 2026-08-06 10:35:58,257] Trial 1259 finished with values: [-0.5472198829291011, 0.0889138454787618] and parameters: {'k1': 0.0018252443731979215, 'D_low': 355.00125258511594, 'k2': 5.52207197313581e-05, 'D_high': 717.3480907515084, 'fire_exp': 1.3170256885255098, 'P_half': 5.076307782729897, 'pre_dampen_half': 724.4804125761929, 'gpp_af': 0.6403036652671171, 'gpp_b': 0.006906522645653115, 'gpp_d': 2.944272359149677, 'ign_k': 0.21006485619596416, 'ign_c': 4.2425976091860935, 'trop_agb_crit': 1.0911298587990423, 'trop_k_veg': 4.375785248100498}.
[I 2026-08-06 10:35:59,394] Trial 1260 finished with values: [10.69324585112237, 10.69324585112237] and parameters: {'k1': 0.0027171216991457438, 'D_low': 25.004921089927873, 'k2': 0.0003432139136241583, 'D_high': 3712.591045287726, 'fire_exp': 1.1174086754605184, 'P_half': 220.3445560633069, 'pre_dampen_half': 502.5175192217655, 'gpp_af': 0.6403036652671171, 'gpp_b': 0.0021331409710300844, 'gpp_d': 2.944272359149677, 'ign_k': 0.002860112654741167, 'ign_c': 0.40270527176466925, 'trop_agb_crit': 1.0903028125370984, 'trop_k_veg': 2.194427136482602}.
[I 2026-08-06 10:36:00,531] Trial 1261 finished with values: [10.769230768838547, 10.769230768838547] and parameters: {'k1': 0.004312951023617458, 'D_low': 7.966502922679663, 'k2': 0.014344484793173472, 'D_high': 3712.591045287726, 'fire_exp': 1.3170256885255098, 'P_half': 10.089430320527375, 'pre_dampen_half': 63.6685916079943, 'gpp_af': 0.6403036652671171, 'gpp_b': 0.006906522645653115, 'gpp_d': 4.25060659305504, 'ign_k': 0.0680787482656459, 'ign_c': 252.61796445828017, 'trop_agb_crit': 1.0903028125370984, 'trop_k_veg': 4.375785248100498}.
[I 2026-08-06 10:36:01,672] Trial 1262 finished with values: [-0.5719274944075838, 0.05391795786880349] and parameters: {'k1': 0.008912611835817005, 'D_low': 4.484744524732794, 'k2': 0.0003432139136241583, 'D_high': 15351.441568398131, 'fire_exp': 1.1174086754605184, 'P_half': 220.3445560633069, 'pre_dampen_half': 502.5175192217655, 'gpp_af': 1.9706963379095486, 'gpp_b': 0.0021331409710300844, 'gpp_d': 4.25060659305504, 'ign_k': 2.9818972317055166, 'ign_c': 15.221840161091626, 'trop_agb_crit': 1.0903028125370984, 'trop_k_veg': 2.194427136482602}.
[I 2026-08-06 10:36:02,796] Trial 1263 finished with values: [-0.5842127668259076, 0.07005341013448074] and parameters: {'k1': 0.008912611835817005, 'D_low': 355.00125258511594, 'k2': 0.03538758864779238, 'D_high': 11832.967057468773, 'fire_exp': 1.0629462657398439, 'P_half': 220.3445560633069, 'pre_dampen_half': 552.4163637315892, 'gpp_af': 1.9706963379095486, 'gpp_b': 0.006906522645653115, 'gpp_d': 2.944272359149677, 'ign_k': 0.0680787482656459, 'ign_c': 15.221840161091626, 'trop_agb_crit': 1.0911298587990423, 'trop_k_veg': 2.7863130345574474}.
[I 2026-08-06 10:36:03,903] Trial 1264 finished with values: [10.143505485850698, 10.143505485850698] and parameters: {'k1': 0.008912611835817005, 'D_low': 1112.9571947046009, 'k2': 0.0003432139136241583, 'D_high': 8182.111518618414, 'fire_exp': 1.3170256885255098, 'P_half': 5.076307782729897, 'pre_dampen_half': 63.6685916079943, 'gpp_af': 0.7539992074650279, 'gpp_b': 0.0021331409710300844, 'gpp_d': 2.944272359149677, 'ign_k': 0.21006485619596416, 'ign_c': 4.2425976091860935, 'trop_agb_crit': 1.0455434848969813, 'trop_k_veg': 4.375785248100498}.
[I 2026-08-06 10:36:05,025] Trial 1265 finished with values: [11.755041882541374, 11.755041882541374] and parameters: {'k1': 0.008912611835817005, 'D_low': 350.5173009089482, 'k2': 0.03538758864779238, 'D_high': 11832.967057468773, 'fire_exp': 1.1174086754605184, 'P_half': 5.076307782729897, 'pre_dampen_half': 84.7731049939918, 'gpp_af': 0.6403036652671171, 'gpp_b': 5.128816316792448e-05, 'gpp_d': 16.460426816350523, 'ign_k': 0.21006485619596416, 'ign_c': 0.5125250278169615, 'trop_agb_crit': 1.0455434848969813, 'trop_k_veg': 0.7621249294873298}.
[I 2026-08-06 10:36:06,134] Trial 1266 finished with values: [10.36224114927748, 10.36224114927748] and parameters: {'k1': 0.008912611835817005, 'D_low': 520.4862686958022, 'k2': 0.03538758864779238, 'D_high': 11832.967057468773, 'fire_exp': 1.0629462657398439, 'P_half': 140.74279366401683, 'pre_dampen_half': 6.399026982042284, 'gpp_af': 4.4416173741744, 'gpp_b': 0.0021331409710300844, 'gpp_d': 16.460426816350523, 'ign_k': 0.011486447007152062, 'ign_c': 15.221840161091626, 'trop_agb_crit': 24.584290528289387, 'trop_k_veg': 0.983473833513531}.
[I 2026-08-06 10:36:07,729] Trial 1267 finished with values: [10.754186570927732, 10.754186570927732] and parameters: {'k1': 0.008912611835817005, 'D_low': 355.00125258511594, 'k2': 0.0008941619307827924, 'D_high': 11832.967057468773, 'fire_exp': 1.0629462657398439, 'P_half': 5.076307782729897, 'pre_dampen_half': 4.139563575389112, 'gpp_af': 0.7539992074650279, 'gpp_b': 0.0325181766809307, 'gpp_d': 0.0374838645053865, 'ign_k': 0.21006485619596416, 'ign_c': 15.221840161091626, 'trop_agb_crit': 24.584290528289387, 'trop_k_veg': 3.1473758868965476}.
[I 2026-08-06 10:36:08,868] Trial 1268 finished with values: [10.733633045373494, 10.733633045373494] and parameters: {'k1': 0.008912611835817005, 'D_low': 520.4862686958022, 'k2': 0.0003432139136241583, 'D_high': 3712.591045287726, 'fire_exp': 7.246690166006479, 'P_half': 5.076307782729897, 'pre_dampen_half': 552.4163637315892, 'gpp_af': 0.6403036652671171, 'gpp_b': 0.006906522645653115, 'gpp_d': 4.25060659305504, 'ign_k': 3.589155871450839, 'ign_c': 2.8335389417624683, 'trop_agb_crit': 1.0903028125370984, 'trop_k_veg': 3.7095834948926205}.
[I 2026-08-06 10:36:09,959] Trial 1269 finished with values: [-0.5440457933051999, 0.03505487722958445] and parameters: {'k1': 0.008912611835817005, 'D_low': 4.484744524732794, 'k2': 0.03538758864779238, 'D_high': 3712.591045287726, 'fire_exp': 1.3170256885255098, 'P_half': 5.076307782729897, 'pre_dampen_half': 63.6685916079943, 'gpp_af': 0.7539992074650279, 'gpp_b': 0.006906522645653115, 'gpp_d': 2.944272359149677, 'ign_k': 2.9818972317055166, 'ign_c': 15.221840161091626, 'trop_agb_crit': 24.584290528289387, 'trop_k_veg': 4.375785248100498}.
[I 2026-08-06 10:36:11,068] Trial 1270 finished with values: [10.570276108620963, 10.570276108620963] and parameters: {'k1': 0.008912611835817005, 'D_low': 421.35422275955125, 'k2': 0.03538758864779238, 'D_high': 8182.111518618414, 'fire_exp': 1.1174086754605184, 'P_half': 220.3445560633069, 'pre_dampen_half': 63.6685916079943, 'gpp_af': 0.6403036652671171, 'gpp_b': 0.006906522645653115, 'gpp_d': 0.021794244035991568, 'ign_k': 0.21006485619596416, 'ign_c': 0.5125250278169615, 'trop_agb_crit': 6.383676143682316, 'trop_k_veg': 3.1473758868965476}.
[I 2026-08-06 10:36:12,191] Trial 1271 finished with values: [10.322505634357404, 10.322505634357404] and parameters: {'k1': 0.008912611835817005, 'D_low': 355.00125258511594, 'k2': 0.03538758864779238, 'D_high': 11832.967057468773, 'fire_exp': 1.1430983876313219, 'P_half': 5.076307782729897, 'pre_dampen_half': 34.607919041513284, 'gpp_af': 8.915632969317377, 'gpp_b': 0.006906522645653115, 'gpp_d': 2.944272359149677, 'ign_k': 2.9818972317055166, 'ign_c': 14.933199578396206, 'trop_agb_crit': 19.3289574092866, 'trop_k_veg': 0.6271582307017308}.
[I 2026-08-06 10:36:13,282] Trial 1272 finished with values: [10.682677582101338, 10.682677582101338] and parameters: {'k1': 0.008912611835817005, 'D_low': 355.00125258511594, 'k2': 0.03538758864779238, 'D_high': 8182.111518618414, 'fire_exp': 1.0629462657398439, 'P_half': 140.74279366401683, 'pre_dampen_half': 1.9566052191164998, 'gpp_af': 0.6403036652671171, 'gpp_b': 0.0021331409710300844, 'gpp_d': 2.944272359149677, 'ign_k': 0.0680787482656459, 'ign_c': 15.221840161091626, 'trop_agb_crit': 1.0455434848969813, 'trop_k_veg': 3.1473758868965476}.
[I 2026-08-06 10:36:14,389] Trial 1273 finished with values: [10.350082754678187, 10.350082754678187] and parameters: {'k1': 0.008912611835817005, 'D_low': 671.5971856456824, 'k2': 0.03538758864779238, 'D_high': 11832.967057468773, 'fire_exp': 1.0629462657398439, 'P_half': 140.74279366401683, 'pre_dampen_half': 63.6685916079943, 'gpp_af': 0.7539992074650279, 'gpp_b': 0.14577755664212386, 'gpp_d': 2.944272359149677, 'ign_k': 2.9818972317055166, 'ign_c': 5.13055176058983, 'trop_agb_crit': 24.584290528289387, 'trop_k_veg': 3.1473758868965476}.
[I 2026-08-06 10:36:15,510] Trial 1274 finished with values: [10.073938151796932, 10.073938151796932] and parameters: {'k1': 0.008912611835817005, 'D_low': 355.00125258511594, 'k2': 0.03538758864779238, 'D_high': 11832.967057468773, 'fire_exp': 1.0629462657398439, 'P_half': 140.74279366401683, 'pre_dampen_half': 552.4163637315892, 'gpp_af': 1.9706963379095486, 'gpp_b': 0.0325181766809307, 'gpp_d': 2.944272359149677, 'ign_k': 2.9818972317055166, 'ign_c': 15.221840161091626, 'trop_agb_crit': 1.0903028125370984, 'trop_k_veg': 3.1473758868965476}.
[I 2026-08-06 10:36:16,616] Trial 1275 finished with values: [10.173440102398766, 10.173440102398766] and parameters: {'k1': 0.008912611835817005, 'D_low': 355.00125258511594, 'k2': 0.03538758864779238, 'D_high': 15351.441568398131, 'fire_exp': 1.1174086754605184, 'P_half': 86.8530648875492, 'pre_dampen_half': 502.5175192217655, 'gpp_af': 0.6403036652671171, 'gpp_b': 0.0021331409710300844, 'gpp_d': 0.06743303409035127, 'ign_k': 0.0680787482656459, 'ign_c': 15.221840161091626, 'trop_agb_crit': 1.0903028125370984, 'trop_k_veg': 2.194427136482602}.
[I 2026-08-06 10:36:17,725] Trial 1276 finished with values: [10.532901041552478, 10.532901041552478] and parameters: {'k1': 0.008912611835817005, 'D_low': 355.00125258511594, 'k2': 0.0008941619307827924, 'D_high': 11832.967057468773, 'fire_exp': 1.0629462657398439, 'P_half': 5.076307782729897, 'pre_dampen_half': 552.4163637315892, 'gpp_af': 1.9706963379095486, 'gpp_b': 4.7226839410180865, 'gpp_d': 2.944272359149677, 'ign_k': 0.21006485619596416, 'ign_c': 5.13055176058983, 'trop_agb_crit': 19.3289574092866, 'trop_k_veg': 2.7863130345574474}.
[I 2026-08-06 10:36:18,815] Trial 1277 finished with values: [10.417645025096949, 10.417645025096949] and parameters: {'k1': 0.008912611835817005, 'D_low': 350.5173009089482, 'k2': 0.03538758864779238, 'D_high': 11832.967057468773, 'fire_exp': 1.1430983876313219, 'P_half': 5.076307782729897, 'pre_dampen_half': 177.77752569573363, 'gpp_af': 0.7539992074650279, 'gpp_b': 5.128816316792448e-05, 'gpp_d': 16.460426816350523, 'ign_k': 0.0680787482656459, 'ign_c': 47.43395631897002, 'trop_agb_crit': 1.0903028125370984, 'trop_k_veg': 3.1473758868965476}.
[I 2026-08-06 10:36:19,922] Trial 1278 finished with values: [10.435824937583622, 10.435824937583622] and parameters: {'k1': 0.0007066140101361139, 'D_low': 4.484744524732794, 'k2': 0.0003432139136241583, 'D_high': 3712.591045287726, 'fire_exp': 1.0629462657398439, 'P_half': 140.74279366401683, 'pre_dampen_half': 552.4163637315892, 'gpp_af': 1.9706963379095486, 'gpp_b': 0.0325181766809307, 'gpp_d': 1.145058586925208, 'ign_k': 2.9818972317055166, 'ign_c': 15.221840161091626, 'trop_agb_crit': 7.861566638880103, 'trop_k_veg': 4.167664671344212}.
[I 2026-08-06 10:36:21,060] Trial 1279 finished with values: [10.769230768838547, 10.769230768838547] and parameters: {'k1': 0.008912611835817005, 'D_low': 118.47646505012496, 'k2': 3.987273288095245e-05, 'D_high': 11832.967057468773, 'fire_exp': 1.0629462657398439, 'P_half': 140.74279366401683, 'pre_dampen_half': 502.5175192217655, 'gpp_af': 1.9706963379095486, 'gpp_b': 0.0021331409710300844, 'gpp_d': 2.944272359149677, 'ign_k': 2.9818972317055166, 'ign_c': 40.169263458490356, 'trop_agb_crit': 1.0903028125370984, 'trop_k_veg': 2.2684824173464007}.
[I 2026-08-06 10:36:22,212] Trial 1280 finished with values: [10.043081096643872, 10.043081096643872] and parameters: {'k1': 0.008912611835817005, 'D_low': 355.00125258511594, 'k2': 0.03538758864779238, 'D_high': 11832.967057468773, 'fire_exp': 1.154178834478323, 'P_half': 5.076307782729897, 'pre_dampen_half': 63.6685916079943, 'gpp_af': 0.6403036652671171, 'gpp_b': 0.011885457204193806, 'gpp_d': 107.6510043884001, 'ign_k': 0.21006485619596416, 'ign_c': 15.221840161091626, 'trop_agb_crit': 24.584290528289387, 'trop_k_veg': 3.1473758868965476}.
[I 2026-08-06 10:36:23,353] Trial 1281 finished with values: [10.468337551321818, 10.468337551321818] and parameters: {'k1': 0.010127455512700306, 'D_low': 355.00125258511594, 'k2': 0.03538758864779238, 'D_high': 687.0043870753433, 'fire_exp': 1.3170256885255098, 'P_half': 5.076307782729897, 'pre_dampen_half': 502.5175192217655, 'gpp_af': 1.9265300225503064, 'gpp_b': 0.0021331409710300844, 'gpp_d': 2.944272359149677, 'ign_k': 0.0680787482656459, 'ign_c': 15.221840161091626, 'trop_agb_crit': 1.0903028125370984, 'trop_k_veg': 4.375785248100498}.
[I 2026-08-06 10:36:24,458] Trial 1282 finished with values: [-0.5542696194811776, 0.04867051346589124] and parameters: {'k1': 0.008912611835817005, 'D_low': 520.4862686958022, 'k2': 0.0008941619307827924, 'D_high': 3712.591045287726, 'fire_exp': 1.127084760238533, 'P_half': 140.74279366401683, 'pre_dampen_half': 552.4163637315892, 'gpp_af': 1.9706963379095486, 'gpp_b': 0.0325181766809307, 'gpp_d': 4.25060659305504, 'ign_k': 1.3967310812223455, 'ign_c': 2.8335389417624683, 'trop_agb_crit': 1.0903028125370984, 'trop_k_veg': 4.167664671344212}.
[I 2026-08-06 10:36:25,596] Trial 1283 finished with values: [10.265744875399642, 10.265744875399642] and parameters: {'k1': 6.389327191882587e-05, 'D_low': 520.4862686958022, 'k2': 0.03538758864779238, 'D_high': 3712.591045287726, 'fire_exp': 1.8139313005096012, 'P_half': 220.3445560633069, 'pre_dampen_half': 502.5175192217655, 'gpp_af': 0.6403036652671171, 'gpp_b': 0.0021331409710300844, 'gpp_d': 2.944272359149677, 'ign_k': 0.0680787482656459, 'ign_c': 2.8335389417624683, 'trop_agb_crit': 1.0903028125370984, 'trop_k_veg': 0.983473833513531}.
[I 2026-08-06 10:36:26,717] Trial 1284 finished with values: [-0.511693254225093, 0.03982519228883097] and parameters: {'k1': 0.008912611835817005, 'D_low': 520.4862686958022, 'k2': 0.03538758864779238, 'D_high': 11832.967057468773, 'fire_exp': 1.0629462657398439, 'P_half': 5.076307782729897, 'pre_dampen_half': 552.4163637315892, 'gpp_af': 1.9706963379095486, 'gpp_b': 0.14577755664212386, 'gpp_d': 2.944272359149677, 'ign_k': 0.00455853626071256, 'ign_c': 5.13055176058983, 'trop_agb_crit': 24.584290528289387, 'trop_k_veg': 3.1473758868965476}.
[I 2026-08-06 10:36:28,284] Trial 1285 finished with values: [-0.5865746141855038, 0.04098123150467703] and parameters: {'k1': 0.008912611835817005, 'D_low': 355.00125258511594, 'k2': 0.03538758864779238, 'D_high': 11832.967057468773, 'fire_exp': 1.0629462657398439, 'P_half': 5.076307782729897, 'pre_dampen_half': 502.5175192217655, 'gpp_af': 4.4416173741744, 'gpp_b': 0.0325181766809307, 'gpp_d': 2.944272359149677, 'ign_k': 0.21006485619596416, 'ign_c': 15.221840161091626, 'trop_agb_crit': 24.584290528289387, 'trop_k_veg': 3.1473758868965476}.
[I 2026-08-06 10:36:29,408] Trial 1286 finished with values: [10.397780341069055, 10.397780341069055] and parameters: {'k1': 0.008912611835817005, 'D_low': 20.934387533543713, 'k2': 0.03538758864779238, 'D_high': 8182.111518618414, 'fire_exp': 1.0629462657398439, 'P_half': 5.076307782729897, 'pre_dampen_half': 552.4163637315892, 'gpp_af': 0.6403036652671171, 'gpp_b': 0.006906522645653115, 'gpp_d': 2.944272359149677, 'ign_k': 1.0641577757607397, 'ign_c': 15.221840161091626, 'trop_agb_crit': 1.0911298587990423, 'trop_k_veg': 3.1473758868965476}.
[I 2026-08-06 10:36:30,514] Trial 1287 finished with values: [-0.5374819159406242, 0.04910585017951097] and parameters: {'k1': 0.004312951023617458, 'D_low': 520.4862686958022, 'k2': 0.0003432139136241583, 'D_high': 8182.111518618414, 'fire_exp': 1.3170256885255098, 'P_half': 140.74279366401683, 'pre_dampen_half': 63.6685916079943, 'gpp_af': 0.6403036652671171, 'gpp_b': 0.006906522645653115, 'gpp_d': 4.25060659305504, 'ign_k': 0.21006485619596416, 'ign_c': 0.5125250278169615, 'trop_agb_crit': 1.0903028125370984, 'trop_k_veg': 4.167664671344212}.
[I 2026-08-06 10:36:31,652] Trial 1288 finished with values: [-0.5792272121821691, 0.041211600725181485] and parameters: {'k1': 0.03974965675011386, 'D_low': 4.484744524732794, 'k2': 0.03538758864779238, 'D_high': 11832.967057468773, 'fire_exp': 1.0629462657398439, 'P_half': 220.3445560633069, 'pre_dampen_half': 552.4163637315892, 'gpp_af': 4.4416173741744, 'gpp_b': 0.0021331409710300844, 'gpp_d': 2.944272359149677, 'ign_k': 8.103949702339497, 'ign_c': 15.221840161091626, 'trop_agb_crit': 1.0903028125370984, 'trop_k_veg': 3.1473758868965476}.
