[I 2026-07-24 02:12:16,436] Trial 832 finished with value: 0.5944619951739697 and parameters: {'k1': 4.61070969764504e-05, 'D_low': 547.6810253382475, 'k2': 4.222222343610268e-05, 'D_high': 1255483.2344645378, 'fire_exp': 1.797299210750987, 'P_half': 2883.2409896152576, 'pre_dampen_half': 454.19785559828597, 'gpp_af': 0.002783555310029088, 'gpp_b': 2.869801004792744e-05, 'gpp_d': 8.664707222832215, 'ign_k': 0.002143504528828803, 'ign_c': 241.4302131043032, 'trop_agb_crit': 5.899272541140661, 'trop_k_veg': 0.6308101740247922, 'gdp_gamma': 0.34458120557043864, 'fuel_k': 0.03571252508657366, 'fuel_half': 28.20266720488028}. Best is trial 335 with value: -0.6233152110406992.
[I 2026-07-24 02:12:16,885] Trial 833 finished with value: 0.5705872208295852 and parameters: {'k1': 0.0023241021030444967, 'D_low': 9.60372889754183, 'k2': 0.004703728017428617, 'D_high': 7955.678534310683, 'fire_exp': 1.264935798178465, 'P_half': 1042.3754140628735, 'pre_dampen_half': 0.1606234166788097, 'gpp_af': 0.1156184943672477, 'gpp_b': 9.432734719985435e-05, 'gpp_d': 175.38737543809862, 'ign_k': 0.022747489161632464, 'ign_c': 0.2022248441539956, 'trop_agb_crit': 26.662396096896916, 'trop_k_veg': 2.6898385117000267, 'gdp_gamma': 1.5147809839103599, 'fuel_k': 0.01919558383863227, 'fuel_half': 3.0239236994016916}. Best is trial 335 with value: -0.6233152110406992.
[I 2026-07-24 02:12:17,345] Trial 834 finished with value: 0.609326556736341 and parameters: {'k1': 0.00047219508346157285, 'D_low': 60621.481583627, 'k2': 0.012904472838727192, 'D_high': 639902.656852358, 'fire_exp': 3.335242523486508, 'P_half': 44.189421352096204, 'pre_dampen_half': 5.651871899330914, 'gpp_af': 0.07065017530701387, 'gpp_b': 0.0009627136511176021, 'gpp_d': 0.08891455476432786, 'ign_k': 0.007732040771504211, 'ign_c': 15.114999123771376, 'trop_agb_crit': 15.455439091407248, 'trop_k_veg': 1.2055559257892188, 'gdp_gamma': 0.7564409971343018, 'fuel_k': 0.06188958260250034, 'fuel_half': 74.35751355026076}. Best is trial 335 with value: -0.6233152110406992.
[I 2026-07-24 02:12:17,797] Trial 835 finished with value: 0.5967347188578707 and parameters: {'k1': 0.00024414877940682475, 'D_low': 31.739086618937776, 'k2': 0.0011316498355442256, 'D_high': 10495.868331540301, 'fire_exp': 1.3507936056949799, 'P_half': 4.315283588722054, 'pre_dampen_half': 45.86805143647556, 'gpp_af': 0.0018404409594805625, 'gpp_b': 9.762932155648623e-05, 'gpp_d': 205.27330453049026, 'ign_k': 0.05681040893871025, 'ign_c': 362.2506449343933, 'trop_agb_crit': 5.545058294935791, 'trop_k_veg': 0.8794673403277559, 'gdp_gamma': 1.0638588650072391, 'fuel_k': 0.19898595473606565, 'fuel_half': 51.72076725149274}. Best is trial 335 with value: -0.6233152110406992.
[I 2026-07-24 02:12:18,245] Trial 836 finished with value: 0.5638875819293689 and parameters: {'k1': 0.004468962867879382, 'D_low': 15.40523729111372, 'k2': 0.0007712594387993533, 'D_high': 132658.73702368827, 'fire_exp': 1.5806374294623275, 'P_half': 888.8960043873738, 'pre_dampen_half': 1.4144688253343145, 'gpp_af': 0.142012102442504, 'gpp_b': 0.0004709385446110484, 'gpp_d': 963.6025014408831, 'ign_k': 0.0012727766993187826, 'ign_c': 0.14355005683583028, 'trop_agb_crit': 19.3046740171679, 'trop_k_veg': 3.877638016233947, 'gdp_gamma': 0.11862538947364651, 'fuel_k': 0.023264775862563973, 'fuel_half': 0.4509441523336414}. Best is trial 335 with value: -0.6233152110406992.
[I 2026-07-24 02:12:18,701] Trial 837 finished with value: 0.541349862578007 and parameters: {'k1': 0.008171650238557513, 'D_low': 274.8883052075713, 'k2': 0.010508543494223447, 'D_high': 224072.74380539072, 'fire_exp': 2.2449936342294303, 'P_half': 1.066889608265103, 'pre_dampen_half': 83.43089995520384, 'gpp_af': 0.0011588741155934158, 'gpp_b': 0.0005605204524540291, 'gpp_d': 1.633397167405421, 'ign_k': 0.01270899968201893, 'ign_c': 31.846424776634745, 'trop_agb_crit': 8.340696139366347, 'trop_k_veg': 3.001467453041588, 'gdp_gamma': 0.31279806280739186, 'fuel_k': 0.28685076749074456, 'fuel_half': 12.904078960315585}. Best is trial 335 with value: -0.6233152110406992.
[I 2026-07-24 02:12:19,152] Trial 838 finished with value: 0.5377332705391279 and parameters: {'k1': 0.00035410126781026415, 'D_low': 2.727380312012161, 'k2': 0.012051091382481465, 'D_high': 6606691.267705855, 'fire_exp': 1.174896888065418, 'P_half': 20.368258643893483, 'pre_dampen_half': 28.295298986781255, 'gpp_af': 0.012806536696828411, 'gpp_b': 0.00042997992841121334, 'gpp_d': 57.540463630223336, 'ign_k': 0.01644127523273189, 'ign_c': 0.44692937478569894, 'trop_agb_crit': 1.6539742889730957, 'trop_k_veg': 0.5603991157354672, 'gdp_gamma': 1.3539748140462322, 'fuel_k': 0.02878278219543228, 'fuel_half': 96.65597702799626}. Best is trial 335 with value: -0.6233152110406992.
[I 2026-07-24 02:12:19,601] Trial 839 finished with value: 0.5054634881350952 and parameters: {'k1': 0.000568911227316096, 'D_low': 6.785386518843428, 'k2': 0.001098871734006494, 'D_high': 1097761.9131479082, 'fire_exp': 1.6344940444642633, 'P_half': 139.5523536205974, 'pre_dampen_half': 3.9508924297760606, 'gpp_af': 0.020397192401094444, 'gpp_b': 5.8539396445790424e-05, 'gpp_d': 0.8148631429574076, 'ign_k': 0.09194630880065692, 'ign_c': 6.09436285838252, 'trop_agb_crit': 13.39497789217101, 'trop_k_veg': 0.8437657073110472, 'gdp_gamma': 0.930990739676666, 'fuel_k': 0.34960010859944207, 'fuel_half': 13.152293620868427}. Best is trial 335 with value: -0.6233152110406992.
[I 2026-07-24 02:12:20,060] Trial 840 finished with value: 0.4101564311948044 and parameters: {'k1': 0.0038332254226434498, 'D_low': 1.782844542905218, 'k2': 0.0006856021510972918, 'D_high': 2877645.7005021255, 'fire_exp': 1.1592126146753068, 'P_half': 27.339356132993434, 'pre_dampen_half': 0.3776524857541886, 'gpp_af': 0.5981173588551416, 'gpp_b': 2.014081944146325e-05, 'gpp_d': 525.6436343164719, 'ign_k': 0.006176210336996687, 'ign_c': 8.221367467985928, 'trop_agb_crit': 15.80868050801174, 'trop_k_veg': 2.5589171265900057, 'gdp_gamma': 0.5299462101892997, 'fuel_k': 0.010362296070391918, 'fuel_half': 19.39105099953795}. Best is trial 335 with value: -0.6233152110406992.
[I 2026-07-24 02:12:20,513] Trial 841 finished with value: 0.6004964461027664 and parameters: {'k1': 0.07658387194249962, 'D_low': 61854.361411792335, 'k2': 0.03126496846974122, 'D_high': 1042170.3471634679, 'fire_exp': 1.9907127913205287, 'P_half': 133.1157638327969, 'pre_dampen_half': 607.124988133571, 'gpp_af': 0.04317262801221413, 'gpp_b': 0.00013671357276988987, 'gpp_d': 425.4156941685683, 'ign_k': 0.007558229298656155, 'ign_c': 7.039620430164948, 'trop_agb_crit': 12.5200111840417, 'trop_k_veg': 1.4454817742466854, 'gdp_gamma': 0.05790697374091285, 'fuel_k': 0.015882116013960286, 'fuel_half': 61.90264594837494}. Best is trial 335 with value: -0.6233152110406992.
[I 2026-07-24 02:12:20,972] Trial 842 finished with value: 0.5426986475065854 and parameters: {'k1': 0.00017079616647157868, 'D_low': 15.945636411358793, 'k2': 0.01555569081756743, 'D_high': 4951593.18191959, 'fire_exp': 2.5703772399688445, 'P_half': 755.0585014193108, 'pre_dampen_half': 28.79442630033105, 'gpp_af': 0.020844371727790724, 'gpp_b': 1.770385317365231e-05, 'gpp_d': 15.522329713284579, 'ign_k': 0.002160855331939533, 'ign_c': 32.01459104831185, 'trop_agb_crit': 7.035712347342474, 'trop_k_veg': 0.8863916232747134, 'gdp_gamma': 1.8355197132168395, 'fuel_k': 0.01848883775899685, 'fuel_half': 72.24015416429988}. Best is trial 335 with value: -0.6233152110406992.
[I 2026-07-24 02:12:21,429] Trial 843 finished with value: 0.4643201864175579 and parameters: {'k1': 0.0016243854422609875, 'D_low': 580.241681771956, 'k2': 0.00755413898552939, 'D_high': 90548.21403154988, 'fire_exp': 1.5033061410737583, 'P_half': 1.6525091362332123, 'pre_dampen_half': 14.121150431583676, 'gpp_af': 0.0012384184387324204, 'gpp_b': 0.0004509250480727022, 'gpp_d': 387.2629399397577, 'ign_k': 0.013158119546038093, 'ign_c': 3.2057497835057642, 'trop_agb_crit': 11.363088030049589, 'trop_k_veg': 1.666707580180532, 'gdp_gamma': 1.2867704000021845, 'fuel_k': 1.7868560270684601, 'fuel_half': 64.93074754299988}. Best is trial 335 with value: -0.6233152110406992.
[I 2026-07-24 02:12:21,888] Trial 844 finished with value: 0.46920052004491875 and parameters: {'k1': 0.009055583639926515, 'D_low': 20.762799440386374, 'k2': 0.00047714788146722276, 'D_high': 4016289.7074171007, 'fire_exp': 1.7511807291270314, 'P_half': 5.981876615908648, 'pre_dampen_half': 0.4909070994014586, 'gpp_af': 0.2772133848552254, 'gpp_b': 3.560800013979706e-05, 'gpp_d': 156.4006736127637, 'ign_k': 0.026519358137457327, 'ign_c': 1.0902166035247771, 'trop_agb_crit': 20.892404359652506, 'trop_k_veg': 1.9532568894397988, 'gdp_gamma': 1.8095720287280233, 'fuel_k': 0.09149085750495962, 'fuel_half': 1.6180178690670304}. Best is trial 335 with value: -0.6233152110406992.
[I 2026-07-24 02:12:22,338] Trial 845 finished with value: 0.5618370263412336 and parameters: {'k1': 0.009545140581073915, 'D_low': 5.609644147877903, 'k2': 0.002631600564872862, 'D_high': 579014.7139876276, 'fire_exp': 1.7305077401953814, 'P_half': 2370.56171661858, 'pre_dampen_half': 0.598957307124998, 'gpp_af': 7.3384005821690454, 'gpp_b': 4.860139739401118e-05, 'gpp_d': 532.4951746796366, 'ign_k': 0.0031059630189700714, 'ign_c': 0.6132283658708126, 'trop_agb_crit': 19.51372503832237, 'trop_k_veg': 0.8842517766982081, 'gdp_gamma': 0.9259398005474088, 'fuel_k': 0.016324886791693232, 'fuel_half': 4.462266311254138}. Best is trial 335 with value: -0.6233152110406992.
[I 2026-07-24 02:12:22,792] Trial 846 finished with value: 0.5937933996235828 and parameters: {'k1': 0.02066648674570684, 'D_low': 9802.391643862566, 'k2': 0.033658967605659645, 'D_high': 83932.08434014456, 'fire_exp': 3.1126808920077047, 'P_half': 288.2694407720415, 'pre_dampen_half': 3.44096694376129, 'gpp_af': 0.009608669328725408, 'gpp_b': 8.772742409637862e-05, 'gpp_d': 504.3992195079963, 'ign_k': 0.004316483984236023, 'ign_c': 3.0038338048931745, 'trop_agb_crit': 17.32732187802475, 'trop_k_veg': 3.4624233496146055, 'gdp_gamma': 0.07691519428398065, 'fuel_k': 0.01075002283738344, 'fuel_half': 41.62141057159465}. Best is trial 335 with value: -0.6233152110406992.
[I 2026-07-24 02:12:23,244] Trial 847 finished with value: 0.4946914523742614 and parameters: {'k1': 0.0019304516774321715, 'D_low': 51.41606518680686, 'k2': 0.0013488920402496688, 'D_high': 238601.67130309888, 'fire_exp': 1.9576084388354618, 'P_half': 220.20361588827112, 'pre_dampen_half': 0.4419377262233225, 'gpp_af': 0.3447171671932682, 'gpp_b': 4.5427973664518264e-05, 'gpp_d': 83.42607771900765, 'ign_k': 0.005256484625904023, 'ign_c': 83.96406565424972, 'trop_agb_crit': 15.21859886782652, 'trop_k_veg': 1.247091974160484, 'gdp_gamma': 1.564195204212692, 'fuel_k': 0.9049877876656177, 'fuel_half': 69.03338273547746}. Best is trial 335 with value: -0.6233152110406992.
[I 2026-07-24 02:12:23,698] Trial 848 finished with value: 0.45504278087612304 and parameters: {'k1': 0.008706038509731184, 'D_low': 17.585095930782572, 'k2': 0.0028532725203949927, 'D_high': 312272.57650299626, 'fire_exp': 2.4957795254255735, 'P_half': 60.6637780782962, 'pre_dampen_half': 71.71046991150745, 'gpp_af': 0.12328136129332079, 'gpp_b': 0.00019017536523338585, 'gpp_d': 120.86681588851638, 'ign_k': 0.008966715018031066, 'ign_c': 1.6710295515408167, 'trop_agb_crit': 19.887682599846784, 'trop_k_veg': 1.8383855449677946, 'gdp_gamma': 1.740012233423567, 'fuel_k': 0.017671786081572445, 'fuel_half': 0.9126918180850985}. Best is trial 335 with value: -0.6233152110406992.
[I 2026-07-24 02:12:24,149] Trial 849 finished with value: 0.5691569690260344 and parameters: {'k1': 0.012041019816044687, 'D_low': 621.9359844320961, 'k2': 0.034528994321538484, 'D_high': 1274967.1444283547, 'fire_exp': 2.3842342429178163, 'P_half': 82.0472980871356, 'pre_dampen_half': 0.30213890651139264, 'gpp_af': 0.7811052149656048, 'gpp_b': 4.21024012813716e-05, 'gpp_d': 0.5527068729339268, 'ign_k': 0.0021047432280215093, 'ign_c': 0.1540837802742432, 'trop_agb_crit': 29.149339961250373, 'trop_k_veg': 3.367930770863725, 'gdp_gamma': 0.33463378551490724, 'fuel_k': 0.035214116134532486, 'fuel_half': 0.7087137089054711}. Best is trial 335 with value: -0.6233152110406992.
[I 2026-07-24 02:12:24,602] Trial 850 finished with value: 0.5697145624708881 and parameters: {'k1': 4.9946691216772546e-05, 'D_low': 175.76040028314074, 'k2': 0.028150765819323596, 'D_high': 2076493.6178163183, 'fire_exp': 1.5166223223622093, 'P_half': 172.07411819756646, 'pre_dampen_half': 3.229440864525598, 'gpp_af': 0.003912692125513621, 'gpp_b': 0.004257481245887155, 'gpp_d': 0.3607816337605087, 'ign_k': 0.007143641007071713, 'ign_c': 56.339937866104286, 'trop_agb_crit': 1.0008561053708769, 'trop_k_veg': 0.732498313317661, 'gdp_gamma': 0.9714673679087551, 'fuel_k': 0.012228831616934301, 'fuel_half': 36.925751498700414}. Best is trial 335 with value: -0.6233152110406992.
[I 2026-07-24 02:12:25,051] Trial 851 finished with value: 0.41738678176279564 and parameters: {'k1': 1.3945399311768904e-05, 'D_low': 12.149154757956218, 'k2': 0.0005607190798372873, 'D_high': 257552.93894960324, 'fire_exp': 1.0865206778319212, 'P_half': 9.202716479563545, 'pre_dampen_half': 0.5653560707050922, 'gpp_af': 0.01709997588405585, 'gpp_b': 0.00028266091470831805, 'gpp_d': 1.3986337631701284, 'ign_k': 0.002444156584330183, 'ign_c': 267.39811081946766, 'trop_agb_crit': 1.8862761977216356, 'trop_k_veg': 3.114623723032125, 'gdp_gamma': 0.9024211567298203, 'fuel_k': 0.019527157439288012, 'fuel_half': 21.023583564835658}. Best is trial 335 with value: -0.6233152110406992.
[I 2026-07-24 02:12:25,502] Trial 852 finished with value: 0.5984606230428648 and parameters: {'k1': 1.1351716363005645e-05, 'D_low': 7.919409972370575, 'k2': 0.0020048186731223524, 'D_high': 43545.750582825545, 'fire_exp': 3.6962982350117195, 'P_half': 15.90531198498901, 'pre_dampen_half': 142.4307806134808, 'gpp_af': 0.004755233801272257, 'gpp_b': 0.0006029441838052283, 'gpp_d': 3.329597103237305, 'ign_k': 0.001127093139357792, 'ign_c': 440.2191123119687, 'trop_agb_crit': 1.5659734551008022, 'trop_k_veg': 1.9511391379913392, 'gdp_gamma': 0.536361851340794, 'fuel_k': 0.33259568035299886, 'fuel_half': 0.2961551354779794}. Best is trial 335 with value: -0.6233152110406992.
[I 2026-07-24 02:12:25,956] Trial 853 finished with value: 0.5051607523083891 and parameters: {'k1': 0.00014624142430412075, 'D_low': 8250.192454588552, 'k2': 0.008208060880274015, 'D_high': 2606092.9915757137, 'fire_exp': 1.3606479130013496, 'P_half': 279.0201337406049, 'pre_dampen_half': 0.667356250443894, 'gpp_af': 0.058860076108907755, 'gpp_b': 2.1998488933555886e-05, 'gpp_d': 0.2754499455298441, 'ign_k': 0.0030294829898940873, 'ign_c': 309.9281312566491, 'trop_agb_crit': 12.158637581761813, 'trop_k_veg': 1.0217026895690262, 'gdp_gamma': 0.7488069940109066, 'fuel_k': 0.13616561608419966, 'fuel_half': 6.203252482338408}. Best is trial 335 with value: -0.6233152110406992.
[I 2026-07-24 02:12:26,412] Trial 854 finished with value: 0.42682840618064133 and parameters: {'k1': 0.000819815912834418, 'D_low': 1147.9155082879008, 'k2': 0.025777887486011147, 'D_high': 3458680.528489128, 'fire_exp': 2.0122041029504505, 'P_half': 302.6546350296217, 'pre_dampen_half': 1.6675170351583448, 'gpp_af': 0.04613395460732224, 'gpp_b': 8.514829599240554e-05, 'gpp_d': 1.5010374880547706, 'ign_k': 0.3257056413542954, 'ign_c': 2.688889496384936, 'trop_agb_crit': 4.220878895551993, 'trop_k_veg': 0.6475582819253327, 'gdp_gamma': 1.1868423891120141, 'fuel_k': 0.920086875008483, 'fuel_half': 20.584180653255245}. Best is trial 335 with value: -0.6233152110406992.
[I 2026-07-24 02:12:26,864] Trial 855 finished with value: 0.5420001880421265 and parameters: {'k1': 0.026923320782661995, 'D_low': 313.20579486298715, 'k2': 0.0036855203805962653, 'D_high': 9107694.168083018, 'fire_exp': 2.053148808894312, 'P_half': 621.8689137245049, 'pre_dampen_half': 0.47481437523574643, 'gpp_af': 0.008351593738220099, 'gpp_b': 3.186346688054927e-05, 'gpp_d': 0.1988839857855235, 'ign_k': 0.03614340992577535, 'ign_c': 24.73251393968609, 'trop_agb_crit': 19.095334808819977, 'trop_k_veg': 1.7039737577422815, 'gdp_gamma': 0.719323357063499, 'fuel_k': 0.2743947132651928, 'fuel_half': 48.75431546503623}. Best is trial 335 with value: -0.6233152110406992.
[I 2026-07-24 02:12:27,336] Trial 856 finished with value: 0.5745503839389171 and parameters: {'k1': 0.07516088705166592, 'D_low': 1.4426213805328836, 'k2': 0.0014934824610910778, 'D_high': 7503959.316865577, 'fire_exp': 3.509631832786834, 'P_half': 615.271693864979, 'pre_dampen_half': 1.3437947357205502, 'gpp_af': 0.022174633395487958, 'gpp_b': 2.2234627860537003e-05, 'gpp_d': 216.0044070038608, 'ign_k': 0.001589512810516776, 'ign_c': 0.5046483861653416, 'trop_agb_crit': 12.325485992617324, 'trop_k_veg': 3.3142018734461787, 'gdp_gamma': 1.2923747404526464, 'fuel_k': 0.09229419365507455, 'fuel_half': 24.374757887280474}. Best is trial 335 with value: -0.6233152110406992.
[I 2026-07-24 02:12:27,830] Trial 857 finished with value: 0.4906371410046304 and parameters: {'k1': 0.002229077026390969, 'D_low': 1.3477519857981672, 'k2': 0.07334315883068608, 'D_high': 886351.332889187, 'fire_exp': 2.261938038080293, 'P_half': 135.52748460572357, 'pre_dampen_half': 7.668798405048637, 'gpp_af': 41.53791851151186, 'gpp_b': 1.0537782454108527e-05, 'gpp_d': 768.9057642890447, 'ign_k': 0.0013310944877744284, 'ign_c': 0.1104027868073082, 'trop_agb_crit': 5.414875343825941, 'trop_k_veg': 3.573059601737567, 'gdp_gamma': 0.3685980307683925, 'fuel_k': 0.011237770001140488, 'fuel_half': 0.5540684518132403}. Best is trial 335 with value: -0.6233152110406992.
[I 2026-07-24 02:12:28,306] Trial 858 finished with value: -0.507618011536741 and parameters: {'k1': 6.786286495845375e-05, 'D_low': 41.92726268165932, 'k2': 3.4291490170050065e-05, 'D_high': 2450464.2910635765, 'fire_exp': 1.1241933007618892, 'P_half': 1.444084957807308, 'pre_dampen_half': 7.043536601626946, 'gpp_af': 0.009069812821267323, 'gpp_b': 0.0004626517276666493, 'gpp_d': 0.07834413363682145, 'ign_k': 0.001230170111457562, 'ign_c': 231.0424514369142, 'trop_agb_crit': 10.754596078442548, 'trop_k_veg': 1.0055272039852958, 'gdp_gamma': 0.061402623616548226, 'fuel_k': 0.1489998048393045, 'fuel_half': 3.5076871264464757}. Best is trial 335 with value: -0.6233152110406992.
[I 2026-07-24 02:12:28,766] Trial 859 finished with value: 0.5466736930306257 and parameters: {'k1': 1.6635330646189118e-05, 'D_low': 3701.580056754073, 'k2': 0.0016199903359632563, 'D_high': 3611846.0551487147, 'fire_exp': 2.6198828719649034, 'P_half': 17.816795257008664, 'pre_dampen_half': 655.0811285817437, 'gpp_af': 0.2294072430525553, 'gpp_b': 3.753953617214715e-05, 'gpp_d': 0.028849733344964042, 'ign_k': 0.009153719364610218, 'ign_c': 2.7415475019927307, 'trop_agb_crit': 21.701910737918695, 'trop_k_veg': 0.8178477828974251, 'gdp_gamma': 0.5282444009417545, 'fuel_k': 0.10774340725379074, 'fuel_half': 13.478951992130426}. Best is trial 335 with value: -0.6233152110406992.
[I 2026-07-24 02:12:29,223] Trial 860 finished with value: 0.3892222610003059 and parameters: {'k1': 0.009832556635173904, 'D_low': 16.817785143928518, 'k2': 0.004291487682146254, 'D_high': 1971786.3870325333, 'fire_exp': 2.158993693345256, 'P_half': 222.34365887678607, 'pre_dampen_half': 4.575586575484806, 'gpp_af': 1.4093748882654111, 'gpp_b': 0.00016935538802500549, 'gpp_d': 525.0084916773051, 'ign_k': 0.19817599846736145, 'ign_c': 0.39842801825596724, 'trop_agb_crit': 25.28536800761639, 'trop_k_veg': 1.7877154475507027, 'gdp_gamma': 0.13260025330774586, 'fuel_k': 0.012038761390941653, 'fuel_half': 0.9965197262545702}. Best is trial 335 with value: -0.6233152110406992.
[I 2026-07-24 02:12:29,674] Trial 861 finished with value: 0.5774839442639714 and parameters: {'k1': 0.0026383631327996405, 'D_low': 21.88369538683502, 'k2': 0.0009990324835047924, 'D_high': 1469809.4213326985, 'fire_exp': 3.708839769455566, 'P_half': 15.44684231939293, 'pre_dampen_half': 0.69676794112874, 'gpp_af': 0.03128299237475896, 'gpp_b': 1.0800777680237375e-05, 'gpp_d': 161.30314103491688, 'ign_k': 0.004844591857457488, 'ign_c': 0.3423596358309336, 'trop_agb_crit': 15.863119598653562, 'trop_k_veg': 1.7247193100672298, 'gdp_gamma': 0.020199344325071585, 'fuel_k': 0.03647015447260437, 'fuel_half': 3.974602897488037}. Best is trial 335 with value: -0.6233152110406992.
[I 2026-07-24 02:12:30,129] Trial 862 finished with value: 0.5497619342224467 and parameters: {'k1': 0.0029129452876709185, 'D_low': 656.9005975793282, 'k2': 0.022007373853178854, 'D_high': 67552.57634247138, 'fire_exp': 1.7623811990886198, 'P_half': 671.9837028080457, 'pre_dampen_half': 13.11477771697566, 'gpp_af': 0.05805530264235236, 'gpp_b': 7.018612223304059e-05, 'gpp_d': 395.78079048378737, 'ign_k': 0.004217919131425907, 'ign_c': 0.7469675218764255, 'trop_agb_crit': 17.05877856916735, 'trop_k_veg': 1.4698339159378508, 'gdp_gamma': 0.17977552283698767, 'fuel_k': 0.01669380789959963, 'fuel_half': 30.523420617478926}. Best is trial 335 with value: -0.6233152110406992.
[I 2026-07-24 02:12:30,643] Trial 863 finished with value: 0.5479545466670528 and parameters: {'k1': 1.2794557430625584e-05, 'D_low': 1010.2502274121825, 'k2': 0.04946766016958253, 'D_high': 54240.95005551743, 'fire_exp': 1.3150462119056816, 'P_half': 1261.435956107275, 'pre_dampen_half': 0.2535882378575532, 'gpp_af': 1.335876751679984, 'gpp_b': 2.5995758160372222e-05, 'gpp_d': 2.164828031503969, 'ign_k': 0.418811316602021, 'ign_c': 14.296388545206177, 'trop_agb_crit': 26.620520561866776, 'trop_k_veg': 0.6302616274586264, 'gdp_gamma': 0.876002917587553, 'fuel_k': 0.04188246334218708, 'fuel_half': 46.15594574808126}. Best is trial 335 with value: -0.6233152110406992.
