[I 2026-08-05 23:51:36,456] Trial 735 finished with values: [10.379494346668029, 10.379494346668029] and parameters: {'k1': 0.002971796631657383, 'D_low': 4.051452710153359, 'k2': 4.763991596630584e-05, 'D_high': 1687.3495104568947, 'fire_exp': 1.0881360604103363, 'P_half': 605.1580666890613, 'pre_dampen_half': 14.689898077648792, 'gpp_af': 29.925002022877802, 'gpp_b': 0.011750724729953272, 'gpp_d': 891.8036602897795, 'ign_k': 0.0026834162496848666, 'ign_c': 6.160975294741436}.
[I 2026-08-05 23:51:37,604] Trial 736 finished with values: [10.489591889041215, 10.489591889041215] and parameters: {'k1': 0.005643426708406567, 'D_low': 2.458603276328005, 'k2': 0.0007081721844034209, 'D_high': 85018.70149611714, 'fire_exp': 2.446572564266435, 'P_half': 12.808863354047988, 'pre_dampen_half': 703.6426675556048, 'gpp_af': 35.20481045526041, 'gpp_b': 0.7987896438549947, 'gpp_d': 4.25060659305504, 'ign_k': 5.9736167866478125, 'ign_c': 0.11433485956638717}.
[I 2026-08-05 23:51:38,715] Trial 737 finished with values: [-0.578353503175071, 0.09020989959667503] and parameters: {'k1': 0.016973078532467004, 'D_low': 2.458603276328005, 'k2': 0.0007081721844034209, 'D_high': 85018.70149611714, 'fire_exp': 1.151006986743773, 'P_half': 12.808863354047988, 'pre_dampen_half': 703.6426675556048, 'gpp_af': 35.20481045526041, 'gpp_b': 0.7987896438549947, 'gpp_d': 4.5768578731086835, 'ign_k': 5.9736167866478125, 'ign_c': 0.11433485956638717}.
[I 2026-08-05 23:51:39,852] Trial 738 finished with values: [10.022444866863058, 10.022444866863058] and parameters: {'k1': 0.021368329072358756, 'D_low': 4.051452710153359, 'k2': 1.1184534120760473e-05, 'D_high': 85018.70149611714, 'fire_exp': 1.1044852285094786, 'P_half': 125.61043700013555, 'pre_dampen_half': 36.876350096203005, 'gpp_af': 29.925002022877802, 'gpp_b': 0.03841303420847976, 'gpp_d': 34.37107943937136, 'ign_k': 0.4702627143647234, 'ign_c': 0.17036120617148395}.
[I 2026-08-05 23:51:41,051] Trial 739 finished with values: [-0.47358355429345184, 0.08438207918580942] and parameters: {'k1': 0.016973078532467004, 'D_low': 29.89885508829526, 'k2': 0.0007081721844034209, 'D_high': 85018.70149611714, 'fire_exp': 1.2943117749495199, 'P_half': 39.03214299767183, 'pre_dampen_half': 303.1650219733388, 'gpp_af': 29.925002022877802, 'gpp_b': 0.7987896438549947, 'gpp_d': 4.5768578731086835, 'ign_k': 0.0026834162496848666, 'ign_c': 0.11433485956638717}.
[I 2026-08-05 23:51:42,444] Trial 740 finished with values: [10.14172779913548, 10.14172779913548] and parameters: {'k1': 0.008956420301712053, 'D_low': 2.458603276328005, 'k2': 2.5461628161276896e-05, 'D_high': 85018.70149611714, 'fire_exp': 1.2943117749495199, 'P_half': 408.3047491580097, 'pre_dampen_half': 703.6426675556048, 'gpp_af': 0.17517338132112292, 'gpp_b': 3.228689523591491e-05, 'gpp_d': 0.1540709123740619, 'ign_k': 0.11101191524846071, 'ign_c': 2.4287565087611744}.
[I 2026-08-05 23:51:43,757] Trial 741 finished with values: [11.605914446990337, 11.605914446990337] and parameters: {'k1': 0.016973078532467004, 'D_low': 2.458603276328005, 'k2': 0.0007081721844034209, 'D_high': 85018.70149611714, 'fire_exp': 1.151006986743773, 'P_half': 39.03214299767183, 'pre_dampen_half': 703.6426675556048, 'gpp_af': 29.925002022877802, 'gpp_b': 0.7987896438549947, 'gpp_d': 34.37107943937136, 'ign_k': 5.9736167866478125, 'ign_c': 0.17036120617148395}.
[I 2026-08-05 23:51:44,941] Trial 742 finished with values: [-0.563583190205301, 0.09061350620432684] and parameters: {'k1': 0.005643426708406567, 'D_low': 31.117676855667376, 'k2': 0.0499774937030317, 'D_high': 85018.70149611714, 'fire_exp': 1.151006986743773, 'P_half': 12.808863354047988, 'pre_dampen_half': 111.37963167994629, 'gpp_af': 11.234842109991876, 'gpp_b': 0.7987896438549947, 'gpp_d': 4.5768578731086835, 'ign_k': 5.9736167866478125, 'ign_c': 0.11433485956638717}.
[I 2026-08-05 23:51:46,092] Trial 743 finished with values: [10.755043988541699, 10.755043988541699] and parameters: {'k1': 0.021368329072358756, 'D_low': 2.458603276328005, 'k2': 0.0007081721844034209, 'D_high': 75773.14388518519, 'fire_exp': 1.151006986743773, 'P_half': 10.226988730324324, 'pre_dampen_half': 111.37963167994629, 'gpp_af': 0.013688256550323697, 'gpp_b': 1.5938003265859821, 'gpp_d': 4.5768578731086835, 'ign_k': 5.9736167866478125, 'ign_c': 10.140635645866492}.
[I 2026-08-05 23:51:47,341] Trial 744 finished with values: [10.339253654232252, 10.339253654232252] and parameters: {'k1': 1.962382648116833e-05, 'D_low': 4.051452710153359, 'k2': 0.0005262881356087174, 'D_high': 2592.951380378534, 'fire_exp': 1.151006986743773, 'P_half': 470.815979325019, 'pre_dampen_half': 703.6426675556048, 'gpp_af': 35.20481045526041, 'gpp_b': 0.011750724729953272, 'gpp_d': 4.5768578731086835, 'ign_k': 0.30058090246151414, 'ign_c': 0.11433485956638717}.
[I 2026-08-05 23:51:48,573] Trial 745 finished with values: [10.752856079977676, 10.752856079977676] and parameters: {'k1': 0.03232155805617897, 'D_low': 4.051452710153359, 'k2': 0.0007081721844034209, 'D_high': 85018.70149611714, 'fire_exp': 1.5201277403788451, 'P_half': 39.03214299767183, 'pre_dampen_half': 2.077161282926345, 'gpp_af': 11.234842109991876, 'gpp_b': 0.10123867001105968, 'gpp_d': 0.7923715993309053, 'ign_k': 0.4702627143647234, 'ign_c': 0.17036120617148395}.
[I 2026-08-05 23:51:49,924] Trial 746 finished with values: [-0.5455404458869604, 0.0731351108113456] and parameters: {'k1': 0.03232155805617897, 'D_low': 2.458603276328005, 'k2': 0.0007081721844034209, 'D_high': 6455.595882939566, 'fire_exp': 1.1044852285094786, 'P_half': 39.03214299767183, 'pre_dampen_half': 36.876350096203005, 'gpp_af': 11.234842109991876, 'gpp_b': 0.10123867001105968, 'gpp_d': 368.30088529547436, 'ign_k': 0.4702627143647234, 'ign_c': 14.810800730363484}.
[I 2026-08-05 23:51:51,279] Trial 747 finished with values: [10.527286008376635, 10.527286008376635] and parameters: {'k1': 0.016973078532467004, 'D_low': 2.458603276328005, 'k2': 0.0005262881356087174, 'D_high': 85018.70149611714, 'fire_exp': 1.151006986743773, 'P_half': 12.808863354047988, 'pre_dampen_half': 14.689898077648792, 'gpp_af': 35.20481045526041, 'gpp_b': 0.011750724729953272, 'gpp_d': 207.33291221114672, 'ign_k': 5.9736167866478125, 'ign_c': 0.11433485956638717}.
[I 2026-08-05 23:51:52,765] Trial 748 finished with values: [10.199970918481366, 10.199970918481366] and parameters: {'k1': 0.016973078532467004, 'D_low': 18.522006003174383, 'k2': 0.0001870742013766025, 'D_high': 411.0848435021235, 'fire_exp': 1.010722707674549, 'P_half': 119.21396716829831, 'pre_dampen_half': 59.66041614891413, 'gpp_af': 22.766850248686247, 'gpp_b': 0.6637926838138378, 'gpp_d': 891.8036602897795, 'ign_k': 3.7173717478250508, 'ign_c': 0.11433485956638717}.
[I 2026-08-05 23:51:54,220] Trial 749 finished with values: [10.197714277997685, 10.197714277997685] and parameters: {'k1': 0.016973078532467004, 'D_low': 2.458603276328005, 'k2': 0.0008255198309657572, 'D_high': 12.663923057989628, 'fire_exp': 1.182396148413737, 'P_half': 39.03214299767183, 'pre_dampen_half': 33.9790424311127, 'gpp_af': 35.20481045526041, 'gpp_b': 0.7987896438549947, 'gpp_d': 857.4284557962634, 'ign_k': 0.023173482832991366, 'ign_c': 6.160975294741436}.
[I 2026-08-05 23:51:56,151] Trial 750 finished with values: [10.107257169100608, 10.107257169100608] and parameters: {'k1': 0.016973078532467004, 'D_low': 33.17282633684987, 'k2': 1.1184534120760473e-05, 'D_high': 85018.70149611714, 'fire_exp': 1.1044852285094786, 'P_half': 12.808863354047988, 'pre_dampen_half': 703.6426675556048, 'gpp_af': 35.20481045526041, 'gpp_b': 0.10123867001105968, 'gpp_d': 4.5768578731086835, 'ign_k': 5.9736167866478125, 'ign_c': 0.11433485956638717}.
[I 2026-08-05 23:51:57,608] Trial 751 finished with values: [-0.5231493735538955, 0.11185580795427608] and parameters: {'k1': 0.03232155805617897, 'D_low': 2.458603276328005, 'k2': 0.0499774937030317, 'D_high': 6455.595882939566, 'fire_exp': 1.811096651915224, 'P_half': 39.03214299767183, 'pre_dampen_half': 36.876350096203005, 'gpp_af': 29.925002022877802, 'gpp_b': 0.03841303420847976, 'gpp_d': 368.30088529547436, 'ign_k': 0.03141110271934876, 'ign_c': 3.0378658251922155}.
[I 2026-08-05 23:51:59,001] Trial 752 finished with values: [-0.5336397976957936, 0.10095105339635646] and parameters: {'k1': 0.00324789183891923, 'D_low': 2.458603276328005, 'k2': 0.0003938139750079106, 'D_high': 85018.70149611714, 'fire_exp': 1.151006986743773, 'P_half': 12.808863354047988, 'pre_dampen_half': 111.37963167994629, 'gpp_af': 11.234842109991876, 'gpp_b': 0.7987896438549947, 'gpp_d': 4.5768578731086835, 'ign_k': 0.03033111747878116, 'ign_c': 0.11433485956638717}.
[I 2026-08-05 23:52:00,301] Trial 753 finished with values: [10.443354754749153, 10.443354754749153] and parameters: {'k1': 0.03232155805617897, 'D_low': 2.458603276328005, 'k2': 0.0499774937030317, 'D_high': 6455.595882939566, 'fire_exp': 1.811096651915224, 'P_half': 209.26156883786703, 'pre_dampen_half': 36.876350096203005, 'gpp_af': 0.4655997448361927, 'gpp_b': 0.03841303420847976, 'gpp_d': 368.30088529547436, 'ign_k': 0.01474275315991467, 'ign_c': 0.11433485956638717}.
[I 2026-08-05 23:52:01,598] Trial 754 finished with values: [10.08276391649275, 10.08276391649275] and parameters: {'k1': 0.0027015957920129437, 'D_low': 2.458603276328005, 'k2': 0.011469197890812934, 'D_high': 85018.70149611714, 'fire_exp': 1.151006986743773, 'P_half': 12.808863354047988, 'pre_dampen_half': 36.876350096203005, 'gpp_af': 35.20481045526041, 'gpp_b': 0.03841303420847976, 'gpp_d': 4.5768578731086835, 'ign_k': 0.01474275315991467, 'ign_c': 1.0939944910100017}.
[I 2026-08-05 23:52:02,992] Trial 755 finished with values: [10.023491304186944, 10.023491304186944] and parameters: {'k1': 0.016973078532467004, 'D_low': 29.89885508829526, 'k2': 0.0499774937030317, 'D_high': 6455.595882939566, 'fire_exp': 1.151006986743773, 'P_half': 12.808863354047988, 'pre_dampen_half': 111.37963167994629, 'gpp_af': 11.234842109991876, 'gpp_b': 0.7987896438549947, 'gpp_d': 4.5768578731086835, 'ign_k': 0.030956657914928524, 'ign_c': 14.810800730363484}.
[I 2026-08-05 23:52:04,399] Trial 756 finished with values: [-0.5711898664941747, 0.06870577983634796] and parameters: {'k1': 0.016973078532467004, 'D_low': 2.458603276328005, 'k2': 0.0007081721844034209, 'D_high': 85018.70149611714, 'fire_exp': 1.2943117749495199, 'P_half': 39.03214299767183, 'pre_dampen_half': 703.6426675556048, 'gpp_af': 35.20481045526041, 'gpp_b': 0.7987896438549947, 'gpp_d': 4.5768578731086835, 'ign_k': 1.786252932834922, 'ign_c': 0.11433485956638717}.
[I 2026-08-05 23:52:05,772] Trial 757 finished with values: [10.06487648998437, 10.06487648998437] and parameters: {'k1': 0.0002514786015817364, 'D_low': 4.051452710153359, 'k2': 0.0007081721844034209, 'D_high': 85018.70149611714, 'fire_exp': 1.151006986743773, 'P_half': 12.808863354047988, 'pre_dampen_half': 703.6426675556048, 'gpp_af': 35.20481045526041, 'gpp_b': 0.7987896438549947, 'gpp_d': 4.5768578731086835, 'ign_k': 5.9736167866478125, 'ign_c': 0.17036120617148395}.
[I 2026-08-05 23:52:07,037] Trial 758 finished with values: [-0.5569097345910753, 0.1652367762163578] and parameters: {'k1': 0.0005486676498816061, 'D_low': 7.068974950624602, 'k2': 2.678690610097712e-05, 'D_high': 75773.14388518519, 'fire_exp': 1.151006986743773, 'P_half': 12.808863354047988, 'pre_dampen_half': 703.6426675556048, 'gpp_af': 35.20481045526041, 'gpp_b': 0.7987896438549947, 'gpp_d': 19.65797948502804, 'ign_k': 0.01474275315991467, 'ign_c': 6.160975294741436}.
[I 2026-08-05 23:52:08,270] Trial 759 finished with values: [-0.5230753900594612, 0.12901814027786973] and parameters: {'k1': 0.008956420301712053, 'D_low': 74.92772870670282, 'k2': 2.5461628161276896e-05, 'D_high': 75773.14388518519, 'fire_exp': 1.182396148413737, 'P_half': 408.3047491580097, 'pre_dampen_half': 748.1106041623153, 'gpp_af': 35.20481045526041, 'gpp_b': 0.011750724729953272, 'gpp_d': 5.1715677287580455, 'ign_k': 0.017654048052495083, 'ign_c': 6.160975294741436}.
[I 2026-08-05 23:52:09,551] Trial 760 finished with values: [10.763180774997837, 10.763180774997837] and parameters: {'k1': 0.03232155805617897, 'D_low': 745.5766613295633, 'k2': 0.0499774937030317, 'D_high': 6455.595882939566, 'fire_exp': 1.5201277403788451, 'P_half': 6638.879466825747, 'pre_dampen_half': 36.876350096203005, 'gpp_af': 11.234842109991876, 'gpp_b': 0.03841303420847976, 'gpp_d': 368.30088529547436, 'ign_k': 0.01474275315991467, 'ign_c': 14.810800730363484}.
[I 2026-08-05 23:52:10,735] Trial 761 finished with values: [10.30988766613294, 10.30988766613294] and parameters: {'k1': 0.002971796631657383, 'D_low': 7.068974950624602, 'k2': 0.0007081721844034209, 'D_high': 75773.14388518519, 'fire_exp': 1.0428757830297122, 'P_half': 95.65499215943822, 'pre_dampen_half': 703.6426675556048, 'gpp_af': 0.009525547092124444, 'gpp_b': 0.03841303420847976, 'gpp_d': 5.1715677287580455, 'ign_k': 0.0026834162496848666, 'ign_c': 0.10721400017185365}.
[I 2026-08-05 23:52:11,969] Trial 762 finished with values: [-0.5406278167112273, 0.07970998917930161] and parameters: {'k1': 0.03232155805617897, 'D_low': 29.89885508829526, 'k2': 0.0499774937030317, 'D_high': 85018.70149611714, 'fire_exp': 1.151006986743773, 'P_half': 12.808863354047988, 'pre_dampen_half': 111.37963167994629, 'gpp_af': 11.234842109991876, 'gpp_b': 1.5938003265859821, 'gpp_d': 4.5768578731086835, 'ign_k': 5.9736167866478125, 'ign_c': 0.11433485956638717}.
[I 2026-08-05 23:52:13,267] Trial 763 finished with values: [-0.5635204617680447, 0.10905703407635547] and parameters: {'k1': 0.003889545503367576, 'D_low': 4.020051040432125, 'k2': 0.0007081721844034209, 'D_high': 39095.08806930525, 'fire_exp': 1.151006986743773, 'P_half': 12.808863354047988, 'pre_dampen_half': 703.6426675556048, 'gpp_af': 35.20481045526041, 'gpp_b': 0.7987896438549947, 'gpp_d': 4.5768578731086835, 'ign_k': 0.05362153030688613, 'ign_c': 0.11433485956638717}.
[I 2026-08-05 23:52:14,547] Trial 764 finished with values: [10.092733758048984, 10.092733758048984] and parameters: {'k1': 0.00012105387404469581, 'D_low': 9.330007965781027, 'k2': 1.1184534120760473e-05, 'D_high': 6455.595882939566, 'fire_exp': 1.1044852285094786, 'P_half': 10.226988730324324, 'pre_dampen_half': 36.876350096203005, 'gpp_af': 35.20481045526041, 'gpp_b': 0.10123867001105968, 'gpp_d': 39.827466658711515, 'ign_k': 0.01474275315991467, 'ign_c': 6.160975294741436}.
[I 2026-08-05 23:52:15,874] Trial 765 finished with values: [10.769230768838547, 10.769230768838547] and parameters: {'k1': 0.016973078532467004, 'D_low': 1.2834648227562822, 'k2': 0.0005262881356087174, 'D_high': 85018.70149611714, 'fire_exp': 1.151006986743773, 'P_half': 4.397766894483963, 'pre_dampen_half': 703.6426675556048, 'gpp_af': 0.0025511964576171086, 'gpp_b': 0.00028899729610231095, 'gpp_d': 0.13223503889537183, 'ign_k': 5.9736167866478125, 'ign_c': 510.6674528526552}.
[I 2026-08-05 23:52:18,281] Trial 766 finished with values: [10.671909302031253, 10.671909302031253] and parameters: {'k1': 0.03232155805617897, 'D_low': 29.89885508829526, 'k2': 0.0499774937030317, 'D_high': 17.420858817889425, 'fire_exp': 1.5201277403788451, 'P_half': 39.03214299767183, 'pre_dampen_half': 703.6426675556048, 'gpp_af': 29.925002022877802, 'gpp_b': 0.10123867001105968, 'gpp_d': 368.30088529547436, 'ign_k': 0.4702627143647234, 'ign_c': 0.17036120617148395}.
[I 2026-08-05 23:52:19,883] Trial 767 finished with values: [-0.5926080910094429, 0.08550861975533275] and parameters: {'k1': 0.015602015889668856, 'D_low': 4.051452710153359, 'k2': 0.00038791280730284417, 'D_high': 54669.374787660905, 'fire_exp': 1.5201277403788451, 'P_half': 39.03214299767183, 'pre_dampen_half': 53.73093479067421, 'gpp_af': 35.20481045526041, 'gpp_b': 0.10123867001105968, 'gpp_d': 34.37107943937136, 'ign_k': 0.4702627143647234, 'ign_c': 6.160975294741436}.
[I 2026-08-05 23:52:21,066] Trial 768 finished with values: [10.440676410632571, 10.440676410632571] and parameters: {'k1': 0.03232155805617897, 'D_low': 4.051452710153359, 'k2': 0.0007081721844034209, 'D_high': 85018.70149611714, 'fire_exp': 1.5201277403788451, 'P_half': 25.49709775062068, 'pre_dampen_half': 703.6426675556048, 'gpp_af': 29.925002022877802, 'gpp_b': 0.7987896438549947, 'gpp_d': 34.37107943937136, 'ign_k': 0.01474275315991467, 'ign_c': 0.17036120617148395}.
[I 2026-08-05 23:52:22,395] Trial 769 finished with values: [11.305513747174137, 11.305513747174137] and parameters: {'k1': 0.04897760278488444, 'D_low': 2.5449737887285035, 'k2': 0.0007081721844034209, 'D_high': 85018.70149611714, 'fire_exp': 1.2943117749495199, 'P_half': 12.808863354047988, 'pre_dampen_half': 703.6426675556048, 'gpp_af': 35.20481045526041, 'gpp_b': 0.008226792720717493, 'gpp_d': 4.5768578731086835, 'ign_k': 5.9736167866478125, 'ign_c': 0.11433485956638717}.
[I 2026-08-05 23:52:23,901] Trial 770 finished with values: [10.54529384993332, 10.54529384993332] and parameters: {'k1': 0.016973078532467004, 'D_low': 7.068974950624602, 'k2': 2.678690610097712e-05, 'D_high': 106.44034434867002, 'fire_exp': 1.9269608977575319, 'P_half': 39.03214299767183, 'pre_dampen_half': 703.6426675556048, 'gpp_af': 29.925002022877802, 'gpp_b': 0.10123867001105968, 'gpp_d': 4.5768578731086835, 'ign_k': 0.0026834162496848666, 'ign_c': 0.11433485956638717}.
[I 2026-08-05 23:52:25,311] Trial 771 finished with values: [10.283791902646263, 10.283791902646263] and parameters: {'k1': 0.03232155805617897, 'D_low': 29.89885508829526, 'k2': 0.0499774937030317, 'D_high': 85018.70149611714, 'fire_exp': 1.3614924220931135, 'P_half': 5.342106255632175, 'pre_dampen_half': 111.37963167994629, 'gpp_af': 11.234842109991876, 'gpp_b': 1.5938003265859821, 'gpp_d': 368.30088529547436, 'ign_k': 0.0035114452581286888, 'ign_c': 0.11433485956638717}.
[I 2026-08-05 23:52:26,719] Trial 772 finished with values: [10.090983922077767, 10.090983922077767] and parameters: {'k1': 0.016973078532467004, 'D_low': 29.89885508829526, 'k2': 0.0499774937030317, 'D_high': 85018.70149611714, 'fire_exp': 2.029036992298765, 'P_half': 39.03214299767183, 'pre_dampen_half': 111.37963167994629, 'gpp_af': 35.20481045526041, 'gpp_b': 0.10123867001105968, 'gpp_d': 4.5768578731086835, 'ign_k': 5.9736167866478125, 'ign_c': 0.11433485956638717}.
[I 2026-08-05 23:52:28,033] Trial 773 finished with values: [10.769227347405623, 10.769227347405623] and parameters: {'k1': 0.0029707920514735983, 'D_low': 125.32726386250698, 'k2': 2.5461628161276896e-05, 'D_high': 233.52156626184438, 'fire_exp': 6.353688190122706, 'P_half': 24.136213194527585, 'pre_dampen_half': 4.963709806241684, 'gpp_af': 35.20481045526041, 'gpp_b': 0.10123867001105968, 'gpp_d': 857.4284557962634, 'ign_k': 4.006890332238651, 'ign_c': 3.0378658251922155}.
[I 2026-08-05 23:52:29,313] Trial 774 finished with values: [10.10344774051994, 10.10344774051994] and parameters: {'k1': 0.0001758858073588738, 'D_low': 2.458603276328005, 'k2': 0.0007081721844034209, 'D_high': 85018.70149611714, 'fire_exp': 1.151006986743773, 'P_half': 12.808863354047988, 'pre_dampen_half': 111.37963167994629, 'gpp_af': 11.234842109991876, 'gpp_b': 0.7987896438549947, 'gpp_d': 4.5768578731086835, 'ign_k': 5.9736167866478125, 'ign_c': 0.11433485956638717}.
[I 2026-08-05 23:52:30,678] Trial 775 finished with values: [-0.578353503175071, 0.09020989959667503] and parameters: {'k1': 0.016973078532467004, 'D_low': 2.458603276328005, 'k2': 0.0007081721844034209, 'D_high': 85018.70149611714, 'fire_exp': 1.151006986743773, 'P_half': 12.808863354047988, 'pre_dampen_half': 703.6426675556048, 'gpp_af': 35.20481045526041, 'gpp_b': 0.7987896438549947, 'gpp_d': 4.5768578731086835, 'ign_k': 5.9736167866478125, 'ign_c': 0.11433485956638717}.
[I 2026-08-05 23:52:32,019] Trial 776 finished with values: [10.20824983900638, 10.20824983900638] and parameters: {'k1': 0.015602015889668856, 'D_low': 4.051452710153359, 'k2': 0.00038791280730284417, 'D_high': 54669.374787660905, 'fire_exp': 1.5201277403788451, 'P_half': 276.27089412392087, 'pre_dampen_half': 53.73093479067421, 'gpp_af': 35.20481045526041, 'gpp_b': 0.10123867001105968, 'gpp_d': 34.37107943937136, 'ign_k': 0.4702627143647234, 'ign_c': 6.160975294741436}.
[I 2026-08-05 23:52:33,345] Trial 777 finished with values: [10.65077089208926, 10.65077089208926] and parameters: {'k1': 0.016973078532467004, 'D_low': 29.89885508829526, 'k2': 0.007321544340709295, 'D_high': 85018.70149611714, 'fire_exp': 1.2943117749495199, 'P_half': 12.316746498627493, 'pre_dampen_half': 303.1650219733388, 'gpp_af': 29.925002022877802, 'gpp_b': 0.7987896438549947, 'gpp_d': 34.37107943937136, 'ign_k': 0.0026834162496848666, 'ign_c': 0.17036120617148395}.
[I 2026-08-05 23:52:34,658] Trial 778 finished with values: [11.813664530198666, 11.813664530198666] and parameters: {'k1': 0.00324789183891923, 'D_low': 4.051452710153359, 'k2': 0.00038791280730284417, 'D_high': 85018.70149611714, 'fire_exp': 1.151006986743773, 'P_half': 39.03214299767183, 'pre_dampen_half': 703.6426675556048, 'gpp_af': 35.20481045526041, 'gpp_b': 0.10123867001105968, 'gpp_d': 149.50343942182866, 'ign_k': 0.03033111747878116, 'ign_c': 14.810800730363484}.
[I 2026-08-05 23:52:36,018] Trial 779 finished with values: [-0.49811034252070235, 0.08234007507923136] and parameters: {'k1': 0.03232155805617897, 'D_low': 29.89885508829526, 'k2': 0.0499774937030317, 'D_high': 75773.14388518519, 'fire_exp': 1.1670151053031461, 'P_half': 12.808863354047988, 'pre_dampen_half': 703.6426675556048, 'gpp_af': 35.20481045526041, 'gpp_b': 1.5938003265859821, 'gpp_d': 4.5768578731086835, 'ign_k': 0.01474275315991467, 'ign_c': 0.11433485956638717}.
