[I 2026-08-06 10:57:40,306] Trial 722 finished with values: [10.227737482034621, 10.227737482034621] and parameters: {'k1': 0.008912611835817005, 'D_low': 12.105387404469584, 'k2': 1.1065812688893481e-05, 'D_high': 42210.21267871043, 'fire_exp': 1.3170256885255098, 'P_half': 712.8188058401365, 'pre_dampen_half': 38.00678588560607, 'gpp_af': 1.6059727222314273, 'gpp_b': 2.176805640408474e-05, 'gpp_d': 229.41380323183625, 'ign_k': 0.01364908766641695, 'ign_c': 1.9580595319750387, 'trop_agb_crit': 8.997007571451054, 'trop_k_veg': 2.4336356947036335}.
[I 2026-08-06 10:57:41,500] Trial 723 finished with values: [10.705442712522412, 10.705442712522412] and parameters: {'k1': 0.008912611835817005, 'D_low': 355.00125258511594, 'k2': 0.0002228500345352386, 'D_high': 11469.197890812939, 'fire_exp': 1.3170256885255098, 'P_half': 140.74279366401683, 'pre_dampen_half': 331.7366635899375, 'gpp_af': 5.335773317316405, 'gpp_b': 2.176805640408474e-05, 'gpp_d': 116.12579322936493, 'ign_k': 0.060759029110813774, 'ign_c': 74.55766613295631, 'trop_agb_crit': 25.78839779198599, 'trop_k_veg': 2.5878603012249104}.
[I 2026-08-06 10:57:42,759] Trial 724 finished with values: [-0.6074755905983498, 0.02839665409174963] and parameters: {'k1': 0.01889771394135163, 'D_low': 7.299348683062307, 'k2': 0.019894080167856886, 'D_high': 1236.6924205139144, 'fire_exp': 1.7329145403564932, 'P_half': 712.8188058401365, 'pre_dampen_half': 63.6685916079943, 'gpp_af': 1.6059727222314273, 'gpp_b': 2.176805640408474e-05, 'gpp_d': 84.31013932082456, 'ign_k': 0.12329098365270515, 'ign_c': 1.9580595319750387, 'trop_agb_crit': 6.119263728555865, 'trop_k_veg': 2.4336356947036335}.
[I 2026-08-06 10:57:43,937] Trial 725 finished with values: [10.460928975490623, 10.460928975490623] and parameters: {'k1': 0.00488137519160367, 'D_low': 12.105387404469584, 'k2': 0.019894080167856886, 'D_high': 1236.6924205139144, 'fire_exp': 1.221575427404682, 'P_half': 4.213183643253957, 'pre_dampen_half': 63.6685916079943, 'gpp_af': 0.6403036652671171, 'gpp_b': 0.0012213924959062798, 'gpp_d': 350.88322284755304, 'ign_k': 0.010939944910100021, 'ign_c': 11.400863701127316, 'trop_agb_crit': 8.997007571451054, 'trop_k_veg': 7.936472946233041}.
[I 2026-08-06 10:57:45,130] Trial 726 finished with values: [10.466546360751094, 10.466546360751094] and parameters: {'k1': 0.00488137519160367, 'D_low': 40.52505887227999, 'k2': 1.1065812688893481e-05, 'D_high': 8182.111518618414, 'fire_exp': 1.2611826901294014, 'P_half': 523.1053126909052, 'pre_dampen_half': 63.6685916079943, 'gpp_af': 0.6403036652671171, 'gpp_b': 0.22727308251068193, 'gpp_d': 2.944272359149677, 'ign_k': 0.010939944910100021, 'ign_c': 1.9580595319750387, 'trop_agb_crit': 7.500118950416987, 'trop_k_veg': 2.4336356947036335}.
[I 2026-08-06 10:57:46,320] Trial 727 finished with values: [-0.590589151367983, 0.0900376711359735] and parameters: {'k1': 0.05778755734457457, 'D_low': 38.82837025280678, 'k2': 0.014344484793173472, 'D_high': 42210.21267871043, 'fire_exp': 1.2611826901294014, 'P_half': 523.1053126909052, 'pre_dampen_half': 38.00678588560607, 'gpp_af': 0.6403036652671171, 'gpp_b': 0.0012213924959062798, 'gpp_d': 350.88322284755304, 'ign_k': 0.010939944910100021, 'ign_c': 2.4936660834465174, 'trop_agb_crit': 6.119263728555865, 'trop_k_veg': 2.520089655463604}.
[I 2026-08-06 10:57:47,519] Trial 728 finished with values: [10.051518292844793, 10.051518292844793] and parameters: {'k1': 0.05778755734457457, 'D_low': 6.96063331852638, 'k2': 0.0154776166709383, 'D_high': 42210.21267871043, 'fire_exp': 1.7329145403564932, 'P_half': 712.8188058401365, 'pre_dampen_half': 38.00678588560607, 'gpp_af': 1.6059727222314273, 'gpp_b': 2.176805640408474e-05, 'gpp_d': 229.41380323183625, 'ign_k': 0.6161423618045312, 'ign_c': 1.9580595319750387, 'trop_agb_crit': 8.997007571451054, 'trop_k_veg': 2.520089655463604}.
[I 2026-08-06 10:57:48,682] Trial 729 finished with values: [10.016418939966385, 10.016418939966385] and parameters: {'k1': 0.01889771394135163, 'D_low': 38.82837025280678, 'k2': 0.0154776166709383, 'D_high': 61536.58035691648, 'fire_exp': 1.0601964743503993, 'P_half': 221.2683656611821, 'pre_dampen_half': 3.3841016089580034, 'gpp_af': 0.6403036652671171, 'gpp_b': 0.0005739662837359252, 'gpp_d': 84.31013932082456, 'ign_k': 0.6161423618045312, 'ign_c': 1.1994950112756755, 'trop_agb_crit': 8.997007571451054, 'trop_k_veg': 7.936472946233041}.
[I 2026-08-06 10:57:49,845] Trial 730 finished with values: [-0.5790213379748985, 0.05639799176215177] and parameters: {'k1': 0.008912611835817005, 'D_low': 1.1828517880366913, 'k2': 0.031536006085184705, 'D_high': 5670.3463356272905, 'fire_exp': 1.0601964743503993, 'P_half': 221.2683656611821, 'pre_dampen_half': 3.3841016089580034, 'gpp_af': 0.0049748543504537545, 'gpp_b': 0.0005739662837359252, 'gpp_d': 0.5363092465892282, 'ign_k': 0.21006485619596416, 'ign_c': 5.13055176058983, 'trop_agb_crit': 10.691477813613638, 'trop_k_veg': 3.1473758868965476}.
[I 2026-08-06 10:57:51,007] Trial 731 finished with values: [10.012535625184569, 10.012535625184569] and parameters: {'k1': 0.008912611835817005, 'D_low': 40.52505887227999, 'k2': 0.031536006085184705, 'D_high': 5670.3463356272905, 'fire_exp': 1.0601964743503993, 'P_half': 221.2683656611821, 'pre_dampen_half': 3.3841016089580034, 'gpp_af': 0.0049748543504537545, 'gpp_b': 0.0005739662837359252, 'gpp_d': 14.792055086678463, 'ign_k': 0.07091190338709638, 'ign_c': 5.13055176058983, 'trop_agb_crit': 8.997007571451054, 'trop_k_veg': 5.492385920002873}.
[I 2026-08-06 10:57:52,172] Trial 732 finished with values: [-0.5861375217974014, 0.10021168302339489] and parameters: {'k1': 0.00488137519160367, 'D_low': 355.00125258511594, 'k2': 8.923807143379776e-05, 'D_high': 78.57247967427125, 'fire_exp': 1.221575427404682, 'P_half': 140.74279366401683, 'pre_dampen_half': 331.7366635899375, 'gpp_af': 5.335773317316405, 'gpp_b': 0.01666658176842624, 'gpp_d': 82.84476373292449, 'ign_k': 0.019192001101561888, 'ign_c': 5.13055176058983, 'trop_agb_crit': 7.628718523810018, 'trop_k_veg': 2.5878603012249104}.
[I 2026-08-06 10:57:53,363] Trial 733 finished with values: [10.216848364957723, 10.216848364957723] and parameters: {'k1': 0.002155595057104387, 'D_low': 436.4516946807792, 'k2': 0.019894080167856886, 'D_high': 42210.21267871043, 'fire_exp': 1.7329145403564932, 'P_half': 523.1053126909052, 'pre_dampen_half': 63.6685916079943, 'gpp_af': 1.6059727222314273, 'gpp_b': 0.00014950919877749144, 'gpp_d': 229.41380323183625, 'ign_k': 0.060759029110813774, 'ign_c': 2.4936660834465174, 'trop_agb_crit': 3.799798565960999, 'trop_k_veg': 7.936472946233041}.
[I 2026-08-06 10:57:54,541] Trial 734 finished with values: [-0.5701034756264967, 0.08249561069146738] and parameters: {'k1': 0.01889771394135163, 'D_low': 1.0721400017185365, 'k2': 0.0154776166709383, 'D_high': 61536.58035691648, 'fire_exp': 1.0601964743503993, 'P_half': 712.8188058401365, 'pre_dampen_half': 3.3841016089580034, 'gpp_af': 1.6059727222314273, 'gpp_b': 0.0005739662837359252, 'gpp_d': 84.31013932082456, 'ign_k': 0.6161423618045312, 'ign_c': 1.9580595319750387, 'trop_agb_crit': 8.997007571451054, 'trop_k_veg': 2.4336356947036335}.
[I 2026-08-06 10:57:55,717] Trial 735 finished with values: [10.84752929178768, 10.84752929178768] and parameters: {'k1': 0.008912611835817005, 'D_low': 7.299348683062307, 'k2': 0.003889545503367576, 'D_high': 61536.58035691648, 'fire_exp': 1.7329145403564932, 'P_half': 712.8188058401365, 'pre_dampen_half': 234.12640025944248, 'gpp_af': 1.6059727222314273, 'gpp_b': 0.08128322984179755, 'gpp_d': 757.2868182332339, 'ign_k': 0.6161423618045312, 'ign_c': 5.13055176058983, 'trop_agb_crit': 8.997007571451054, 'trop_k_veg': 5.492385920002873}.
[I 2026-08-06 10:57:56,879] Trial 736 finished with values: [10.62123099218128, 10.62123099218128] and parameters: {'k1': 0.012021930484915042, 'D_low': 520.4862686958022, 'k2': 0.0154776166709383, 'D_high': 8182.111518618414, 'fire_exp': 1.221575427404682, 'P_half': 102.4585893986732, 'pre_dampen_half': 63.6685916079943, 'gpp_af': 0.0049748543504537545, 'gpp_b': 2.176805640408474e-05, 'gpp_d': 19.600139992927435, 'ign_k': 2.5253810447657927, 'ign_c': 3.470490935437501, 'trop_agb_crit': 8.997007571451054, 'trop_k_veg': 1.9799513595694562}.
[I 2026-08-06 10:57:58,058] Trial 737 finished with values: [10.118900662337916, 10.118900662337916] and parameters: {'k1': 0.00488137519160367, 'D_low': 38.82837025280678, 'k2': 0.019894080167856886, 'D_high': 1236.6924205139144, 'fire_exp': 1.221575427404682, 'P_half': 221.2683656611821, 'pre_dampen_half': 38.00678588560607, 'gpp_af': 0.6403036652671171, 'gpp_b': 0.0012213924959062798, 'gpp_d': 350.88322284755304, 'ign_k': 0.010939944910100021, 'ign_c': 1.1994950112756755, 'trop_agb_crit': 21.20801447986448, 'trop_k_veg': 7.936472946233041}.
[I 2026-08-06 10:57:59,475] Trial 738 finished with values: [-0.5789074206952584, 0.04944540163322042] and parameters: {'k1': 0.00488137519160367, 'D_low': 97.43142535650219, 'k2': 0.0154776166709383, 'D_high': 8182.111518618414, 'fire_exp': 1.2611826901294014, 'P_half': 523.1053126909052, 'pre_dampen_half': 63.6685916079943, 'gpp_af': 0.6403036652671171, 'gpp_b': 0.22727308251068193, 'gpp_d': 350.88322284755304, 'ign_k': 0.010939944910100021, 'ign_c': 1.9580595319750387, 'trop_agb_crit': 6.119263728555865, 'trop_k_veg': 2.4336356947036335}.
[I 2026-08-06 10:58:00,652] Trial 739 finished with values: [-0.5866286729903919, 0.03849748153149157] and parameters: {'k1': 0.05778755734457457, 'D_low': 38.82837025280678, 'k2': 0.019894080167856886, 'D_high': 1236.6924205139144, 'fire_exp': 1.2611826901294014, 'P_half': 523.1053126909052, 'pre_dampen_half': 38.00678588560607, 'gpp_af': 0.6403036652671171, 'gpp_b': 0.0012213924959062798, 'gpp_d': 350.88322284755304, 'ign_k': 0.010939944910100021, 'ign_c': 2.4936660834465174, 'trop_agb_crit': 6.119263728555865, 'trop_k_veg': 2.520089655463604}.
[I 2026-08-06 10:58:01,798] Trial 740 finished with values: [16.572730372507895, 16.572730372507895] and parameters: {'k1': 0.00488137519160367, 'D_low': 7.299348683062307, 'k2': 0.0154776166709383, 'D_high': 8182.111518618414, 'fire_exp': 1.0271184723288342, 'P_half': 9.417360296511943, 'pre_dampen_half': 331.7366635899375, 'gpp_af': 1.6059727222314273, 'gpp_b': 2.176805640408474e-05, 'gpp_d': 82.84476373292449, 'ign_k': 2.5253810447657927, 'ign_c': 1.9580595319750387, 'trop_agb_crit': 8.997007571451054, 'trop_k_veg': 2.4336356947036335}.
[I 2026-08-06 10:58:02,927] Trial 741 finished with values: [-0.5823144027645271, 0.09962431263847293] and parameters: {'k1': 0.005272264723319183, 'D_low': 355.00125258511594, 'k2': 8.923807143379776e-05, 'D_high': 8182.111518618414, 'fire_exp': 1.221575427404682, 'P_half': 221.2683656611821, 'pre_dampen_half': 63.6685916079943, 'gpp_af': 1.9706963379095486, 'gpp_b': 0.012132126638791128, 'gpp_d': 431.69073113052116, 'ign_k': 0.019192001101561888, 'ign_c': 1.9580595319750387, 'trop_agb_crit': 8.997007571451054, 'trop_k_veg': 1.140286245977296}.
[I 2026-08-06 10:58:04,088] Trial 742 finished with values: [-0.575618299656481, 0.08204628045131401] and parameters: {'k1': 0.012021930484915042, 'D_low': 355.00125258511594, 'k2': 8.923807143379776e-05, 'D_high': 60107.420288647554, 'fire_exp': 1.1488607445926913, 'P_half': 140.74279366401683, 'pre_dampen_half': 63.6685916079943, 'gpp_af': 0.6403036652671171, 'gpp_b': 0.2859164396628517, 'gpp_d': 1.493264336549928, 'ign_k': 5.466937478766086, 'ign_c': 5.034696988263485, 'trop_agb_crit': 7.500118950416987, 'trop_k_veg': 2.5878603012249104}.
[I 2026-08-06 10:58:05,266] Trial 743 finished with values: [10.762648848827109, 10.762648848827109] and parameters: {'k1': 0.008912611835817005, 'D_low': 12.105387404469584, 'k2': 1.1065812688893481e-05, 'D_high': 3346.220103048382, 'fire_exp': 1.3170256885255098, 'P_half': 712.8188058401365, 'pre_dampen_half': 38.00678588560607, 'gpp_af': 0.0049748543504537545, 'gpp_b': 0.13713885091300912, 'gpp_d': 84.31013932082456, 'ign_k': 0.6161423618045312, 'ign_c': 5.13055176058983, 'trop_agb_crit': 1.0903028125370984, 'trop_k_veg': 3.1473758868965476}.
[I 2026-08-06 10:58:06,426] Trial 744 finished with values: [10.498820505811354, 10.498820505811354] and parameters: {'k1': 0.012021930484915042, 'D_low': 38.82837025280678, 'k2': 0.014344484793173472, 'D_high': 774.2116473996249, 'fire_exp': 2.2471014875823556, 'P_half': 140.74279366401683, 'pre_dampen_half': 38.00678588560607, 'gpp_af': 1.6059727222314273, 'gpp_b': 0.01666658176842624, 'gpp_d': 229.41380323183625, 'ign_k': 0.010939944910100021, 'ign_c': 3.470490935437501, 'trop_agb_crit': 7.628718523810018, 'trop_k_veg': 2.520089655463604}.
[I 2026-08-06 10:58:07,588] Trial 745 finished with values: [12.13767026127017, 12.13767026127017] and parameters: {'k1': 0.002155595057104387, 'D_low': 7.299348683062307, 'k2': 0.0154776166709383, 'D_high': 1236.6924205139144, 'fire_exp': 1.0601964743503993, 'P_half': 2.5449737887285035, 'pre_dampen_half': 331.7366635899375, 'gpp_af': 1.2389588752305056, 'gpp_b': 0.008226792720717493, 'gpp_d': 757.2868182332339, 'ign_k': 0.019192001101561888, 'ign_c': 5.13055176058983, 'trop_agb_crit': 8.997007571451054, 'trop_k_veg': 2.4336356947036335}.
[I 2026-08-06 10:58:08,716] Trial 746 finished with values: [10.55400842654705, 10.55400842654705] and parameters: {'k1': 0.01889771394135163, 'D_low': 7.299348683062307, 'k2': 0.0154776166709383, 'D_high': 42210.21267871043, 'fire_exp': 1.221575427404682, 'P_half': 712.8188058401365, 'pre_dampen_half': 38.00678588560607, 'gpp_af': 1.6059727222314273, 'gpp_b': 2.176805640408474e-05, 'gpp_d': 84.31013932082456, 'ign_k': 0.6161423618045312, 'ign_c': 1.1994950112756755, 'trop_agb_crit': 2.3949151201661625, 'trop_k_veg': 2.4336356947036335}.
[I 2026-08-06 10:58:09,909] Trial 747 finished with values: [-0.5690646894972031, 0.14479275814728287] and parameters: {'k1': 0.00013787693098630266, 'D_low': 40.52505887227999, 'k2': 0.031536006085184705, 'D_high': 5670.3463356272905, 'fire_exp': 1.7329145403564932, 'P_half': 4.213183643253957, 'pre_dampen_half': 38.00678588560607, 'gpp_af': 1.6059727222314273, 'gpp_b': 2.176805640408474e-05, 'gpp_d': 229.41380323183625, 'ign_k': 0.07091190338709638, 'ign_c': 5.13055176058983, 'trop_agb_crit': 8.997007571451054, 'trop_k_veg': 5.492385920002873}.
[I 2026-08-06 10:58:11,076] Trial 748 finished with values: [10.237088727423062, 10.237088727423062] and parameters: {'k1': 0.005952904331761848, 'D_low': 38.82837025280678, 'k2': 0.019894080167856886, 'D_high': 1236.6924205139144, 'fire_exp': 1.7329145403564932, 'P_half': 221.2683656611821, 'pre_dampen_half': 38.00678588560607, 'gpp_af': 1.6059727222314273, 'gpp_b': 0.0006978141787680361, 'gpp_d': 350.88322284755304, 'ign_k': 0.010939944910100021, 'ign_c': 3.470490935437501, 'trop_agb_crit': 8.997007571451054, 'trop_k_veg': 4.633503917129022}.
[I 2026-08-06 10:58:12,216] Trial 749 finished with values: [10.693660125852936, 10.693660125852936] and parameters: {'k1': 0.05778755734457457, 'D_low': 7.299348683062307, 'k2': 0.0154776166709383, 'D_high': 61536.58035691648, 'fire_exp': 3.4606786740074256, 'P_half': 4.213183643253957, 'pre_dampen_half': 0.3601956766557959, 'gpp_af': 0.6403036652671171, 'gpp_b': 0.22727308251068193, 'gpp_d': 84.31013932082456, 'ign_k': 0.6161423618045312, 'ign_c': 1.9580595319750387, 'trop_agb_crit': 8.997007571451054, 'trop_k_veg': 4.989748894578724}.
[I 2026-08-06 10:58:13,405] Trial 750 finished with values: [10.105958953674921, 10.105958953674921] and parameters: {'k1': 0.008912611835817005, 'D_low': 355.00125258511594, 'k2': 0.0002228500345352386, 'D_high': 78.57247967427125, 'fire_exp': 1.221575427404682, 'P_half': 140.74279366401683, 'pre_dampen_half': 331.7366635899375, 'gpp_af': 5.335773317316405, 'gpp_b': 0.01666658176842624, 'gpp_d': 82.84476373292449, 'ign_k': 0.019192001101561888, 'ign_c': 5.13055176058983, 'trop_agb_crit': 7.628718523810018, 'trop_k_veg': 2.5878603012249104}.
[I 2026-08-06 10:58:14,583] Trial 751 finished with values: [10.445729017498937, 10.445729017498937] and parameters: {'k1': 0.05778755734457457, 'D_low': 520.4862686958022, 'k2': 0.019894080167856886, 'D_high': 8182.111518618414, 'fire_exp': 1.0271184723288342, 'P_half': 523.1053126909052, 'pre_dampen_half': 38.00678588560607, 'gpp_af': 0.6403036652671171, 'gpp_b': 0.3682510091559943, 'gpp_d': 350.88322284755304, 'ign_k': 0.010939944910100021, 'ign_c': 2.4936660834465174, 'trop_agb_crit': 6.119263728555865, 'trop_k_veg': 2.520089655463604}.
[I 2026-08-06 10:58:15,732] Trial 752 finished with values: [-0.6072562300444848, 0.0905013998428571] and parameters: {'k1': 0.00488137519160367, 'D_low': 12.105387404469584, 'k2': 1.1065812688893481e-05, 'D_high': 8182.111518618414, 'fire_exp': 1.3170256885255098, 'P_half': 276.27089412392087, 'pre_dampen_half': 63.6685916079943, 'gpp_af': 1.9706963379095486, 'gpp_b': 0.13713885091300912, 'gpp_d': 19.600139992927435, 'ign_k': 2.5253810447657927, 'ign_c': 1.9580595319750387, 'trop_agb_crit': 8.997007571451054, 'trop_k_veg': 2.4336356947036335}.
[I 2026-08-06 10:58:16,908] Trial 753 finished with values: [10.584735129372078, 10.584735129372078] and parameters: {'k1': 0.05778755734457457, 'D_low': 7.299348683062307, 'k2': 0.014344484793173472, 'D_high': 7321.544340709298, 'fire_exp': 1.7329145403564932, 'P_half': 102.4585893986732, 'pre_dampen_half': 38.00678588560607, 'gpp_af': 1.6059727222314273, 'gpp_b': 2.176805640408474e-05, 'gpp_d': 0.23073846740741236, 'ign_k': 0.01364908766641695, 'ign_c': 5.13055176058983, 'trop_agb_crit': 1.0903028125370984, 'trop_k_veg': 3.1473758868965476}.
[I 2026-08-06 10:58:18,091] Trial 754 finished with values: [-0.5783021373254598, 0.08003761083009997] and parameters: {'k1': 0.005952904331761848, 'D_low': 38.82837025280678, 'k2': 8.923807143379776e-05, 'D_high': 42210.21267871043, 'fire_exp': 1.7329145403564932, 'P_half': 221.2683656611821, 'pre_dampen_half': 38.00678588560607, 'gpp_af': 1.6059727222314273, 'gpp_b': 2.176805640408474e-05, 'gpp_d': 229.41380323183625, 'ign_k': 0.01364908766641695, 'ign_c': 1.2431017136067033, 'trop_agb_crit': 8.997007571451054, 'trop_k_veg': 7.936472946233041}.
[I 2026-08-06 10:58:19,267] Trial 755 finished with values: [10.039333616535659, 10.039333616535659] and parameters: {'k1': 0.05778755734457457, 'D_low': 38.82837025280678, 'k2': 8.923807143379776e-05, 'D_high': 42210.21267871043, 'fire_exp': 1.7329145403564932, 'P_half': 221.2683656611821, 'pre_dampen_half': 38.00678588560607, 'gpp_af': 1.6059727222314273, 'gpp_b': 2.176805640408474e-05, 'gpp_d': 229.41380323183625, 'ign_k': 0.060759029110813774, 'ign_c': 0.1948891005130867, 'trop_agb_crit': 4.0818981835727985, 'trop_k_veg': 2.520089655463604}.
[I 2026-08-06 10:58:20,746] Trial 756 finished with values: [-0.5585998886625004, 0.08013836073409741] and parameters: {'k1': 0.05778755734457457, 'D_low': 38.82837025280678, 'k2': 0.014344484793173472, 'D_high': 42210.21267871043, 'fire_exp': 1.7329145403564932, 'P_half': 221.2683656611821, 'pre_dampen_half': 38.00678588560607, 'gpp_af': 1.6059727222314273, 'gpp_b': 2.176805640408474e-05, 'gpp_d': 229.41380323183625, 'ign_k': 0.0030728713149666426, 'ign_c': 3.470490935437501, 'trop_agb_crit': 8.997007571451054, 'trop_k_veg': 2.520089655463604}.
[I 2026-08-06 10:58:21,921] Trial 757 finished with values: [10.704282576654338, 10.704282576654338] and parameters: {'k1': 0.008912611835817005, 'D_low': 40.52505887227999, 'k2': 0.014344484793173472, 'D_high': 5670.3463356272905, 'fire_exp': 1.7329145403564932, 'P_half': 4.213183643253957, 'pre_dampen_half': 0.08049089337224259, 'gpp_af': 1.6059727222314273, 'gpp_b': 2.176805640408474e-05, 'gpp_d': 25.4442274895789, 'ign_k': 0.010939944910100021, 'ign_c': 5.13055176058983, 'trop_agb_crit': 8.997007571451054, 'trop_k_veg': 4.030242248006271}.
[I 2026-08-06 10:58:23,075] Trial 758 finished with values: [-0.5903918101781194, 0.08881991824120505] and parameters: {'k1': 0.05778755734457457, 'D_low': 12.105387404469584, 'k2': 0.019894080167856886, 'D_high': 42210.21267871043, 'fire_exp': 1.2611826901294014, 'P_half': 523.1053126909052, 'pre_dampen_half': 38.00678588560607, 'gpp_af': 0.6403036652671171, 'gpp_b': 3.481277316673104e-05, 'gpp_d': 1.493264336549928, 'ign_k': 0.010939944910100021, 'ign_c': 0.557280750002996, 'trop_agb_crit': 8.997007571451054, 'trop_k_veg': 7.936472946233041}.
[I 2026-08-06 10:58:24,272] Trial 759 finished with values: [10.380376474142134, 10.380376474142134] and parameters: {'k1': 0.01889771394135163, 'D_low': 38.82837025280678, 'k2': 0.019894080167856886, 'D_high': 61536.58035691648, 'fire_exp': 1.7329145403564932, 'P_half': 712.8188058401365, 'pre_dampen_half': 38.00678588560607, 'gpp_af': 0.008075914984851893, 'gpp_b': 0.0012213924959062798, 'gpp_d': 350.88322284755304, 'ign_k': 0.010939944910100021, 'ign_c': 1.9580595319750387, 'trop_agb_crit': 8.997007571451054, 'trop_k_veg': 2.144518162606203}.
[I 2026-08-06 10:58:25,438] Trial 760 finished with values: [10.076584754997384, 10.076584754997384] and parameters: {'k1': 2.316457903103837e-05, 'D_low': 40.52505887227999, 'k2': 1.1065812688893481e-05, 'D_high': 60107.420288647554, 'fire_exp': 1.221575427404682, 'P_half': 712.8188058401365, 'pre_dampen_half': 63.6685916079943, 'gpp_af': 1.9706963379095486, 'gpp_b': 0.22727308251068193, 'gpp_d': 19.600139992927435, 'ign_k': 0.21006485619596416, 'ign_c': 1.9580595319750387, 'trop_agb_crit': 7.500118950416987, 'trop_k_veg': 2.4336356947036335}.
[I 2026-08-06 10:58:26,618] Trial 761 finished with values: [10.555185144294084, 10.555185144294084] and parameters: {'k1': 0.01889771394135163, 'D_low': 355.00125258511594, 'k2': 8.923807143379776e-05, 'D_high': 42210.21267871043, 'fire_exp': 1.7329145403564932, 'P_half': 712.8188058401365, 'pre_dampen_half': 38.00678588560607, 'gpp_af': 1.6059727222314273, 'gpp_b': 3.481277316673104e-05, 'gpp_d': 84.31013932082456, 'ign_k': 0.002803357452303278, 'ign_c': 1.9580595319750387, 'trop_agb_crit': 8.997007571451054, 'trop_k_veg': 2.4336356947036335}.
