[I 2026-07-22 21:45:53,948] Trial 664 finished with values: [10.761186950788087, 10.761186950788087] and parameters: {'k1': 0.0029707920514735983, 'D_low': 2.8627614274446977, 'k2': 1.6559474674046002e-05, 'D_high': 680.9980431188127, 'fire_exp': 2.3987174696212126, 'P_half': 220.3445560633069, 'pre_dampen_half': 0.9658453324337261, 'gpp_af': 0.4224904711663322, 'gpp_b': 0.0032930655419269924, 'gpp_d': 12.151631524283598, 'ign_k': 0.024287565087611766, 'ign_c': 8.405439129313676, 'trop_agb_crit': 19.28597237496244, 'trop_k_veg': 1.140286245977296, 'fuel_k': 0.08612665817296865, 'fuel_half': 52.005817291141206}.
[I 2026-07-22 21:45:54,406] Trial 665 finished with values: [10.336779117032602, 10.336779117032602] and parameters: {'k1': 0.007895056976009628, 'D_low': 9.497440085397416, 'k2': 0.017300724838654365, 'D_high': 1488557.802851245, 'fire_exp': 1.024589524149873, 'P_half': 220.3445560633069, 'pre_dampen_half': 269.0845367054863, 'gpp_af': 1.1300566419249867, 'gpp_b': 0.029533947738179488, 'gpp_d': 12.151631524283598, 'ign_k': 3.210808548911192, 'ign_c': 4.1108484350212295, 'trop_agb_crit': 4.576910054440526, 'trop_k_veg': 1.6340262437673856, 'fuel_k': 4.680936683972859, 'fuel_half': 38.21129441691226}.
[I 2026-07-22 21:45:54,882] Trial 666 finished with values: [10.48566075008706, 10.48566075008706] and parameters: {'k1': 0.006587536748686894, 'D_low': 102.19595065529477, 'k2': 1.915468390724633e-05, 'D_high': 71534.52030884045, 'fire_exp': 1.7338060506640582, 'P_half': 220.3445560633069, 'pre_dampen_half': 33.71909132517388, 'gpp_af': 0.7539992074650282, 'gpp_b': 0.0032930655419269924, 'gpp_d': 302.3127748796295, 'ign_k': 0.06807874826564587, 'ign_c': 15.221840161091619, 'trop_agb_crit': 9.836162684900028, 'trop_k_veg': 7.359706248396126, 'fuel_k': 1.8731335591844647, 'fuel_half': 27.47623461877469}.
[I 2026-07-22 21:45:55,389] Trial 667 finished with values: [-0.6994372662258894, 0.4184086507511805] and parameters: {'k1': 0.002971796631657383, 'D_low': 102.19595065529477, 'k2': 2.1698375693549493e-05, 'D_high': 1693415.5410667954, 'fire_exp': 2.4645237762603327, 'P_half': 13.019246714361572, 'pre_dampen_half': 269.0845367054863, 'gpp_af': 0.03924302839842014, 'gpp_b': 0.0032930655419269924, 'gpp_d': 0.3619181297408274, 'ign_k': 8.761971101023699, 'ign_c': 4.1108484350212295, 'trop_agb_crit': 2.539877620672643, 'trop_k_veg': 0.9793402026070162, 'fuel_k': 4.680936683972859, 'fuel_half': 16.371966573507315}.
[I 2026-07-22 21:45:55,892] Trial 668 finished with values: [10.602800915898467, 10.602800915898467] and parameters: {'k1': 0.0003938139750079109, 'D_low': 13.25142220631392, 'k2': 2.1698375693549493e-05, 'D_high': 15907.988939621297, 'fire_exp': 2.346722471160988, 'P_half': 13.019246714361572, 'pre_dampen_half': 502.5175192217655, 'gpp_af': 0.09791370130598968, 'gpp_b': 0.012418712303684949, 'gpp_d': 857.4284557962626, 'ign_k': 4.759571911239685, 'ign_c': 6.1609752947414345, 'trop_agb_crit': 6.1198430581046965, 'trop_k_veg': 0.9793402026070162, 'fuel_k': 4.680936683972859, 'fuel_half': 52.005817291141206}.
[I 2026-07-22 21:45:56,332] Trial 669 finished with values: [-0.3791396866855503, 0.6257209554202106] and parameters: {'k1': 1.8595266457134027e-05, 'D_low': 1.6646452049870526, 'k2': 1.6559474674046002e-05, 'D_high': 1488557.802851245, 'fire_exp': 1.0341837609578937, 'P_half': 48.464976792190825, 'pre_dampen_half': 347.79988160923324, 'gpp_af': 0.09791370130598968, 'gpp_b': 0.0005995821881487623, 'gpp_d': 857.4284557962626, 'ign_k': 0.006290644294586149, 'ign_c': 8.405439129313676, 'trop_agb_crit': 19.84604666505718, 'trop_k_veg': 1.140286245977296, 'fuel_k': 0.08612665817296865, 'fuel_half': 0.32476735706274484}.
[I 2026-07-22 21:45:56,766] Trial 670 finished with values: [10.261146014496367, 10.261146014496367] and parameters: {'k1': 0.002968335334246999, 'D_low': 2.8627614274446977, 'k2': 0.0009724201099820953, 'D_high': 10377.055497115112, 'fire_exp': 2.3987174696212126, 'P_half': 13.019246714361572, 'pre_dampen_half': 502.5175192217655, 'gpp_af': 0.008983355849178878, 'gpp_b': 0.0032930655419269924, 'gpp_d': 857.4284557962626, 'ign_k': 8.761971101023699, 'ign_c': 6.3906950920732175, 'trop_agb_crit': 9.836162684900028, 'trop_k_veg': 1.140286245977296, 'fuel_k': 4.680936683972859, 'fuel_half': 15.298506868937444}.
[I 2026-07-22 21:45:57,212] Trial 671 finished with values: [10.530623228870107, 10.530623228870107] and parameters: {'k1': 0.004312951023617458, 'D_low': 102.19595065529477, 'k2': 0.015109086063191909, 'D_high': 1488557.802851245, 'fire_exp': 2.346722471160988, 'P_half': 220.3445560633069, 'pre_dampen_half': 36.876350096202984, 'gpp_af': 0.7539992074650282, 'gpp_b': 0.00011277885258222645, 'gpp_d': 0.3619181297408274, 'ign_k': 0.0026834162496848666, 'ign_c': 4.1108484350212295, 'trop_agb_crit': 6.1198430581046965, 'trop_k_veg': 2.42764713875812, 'fuel_k': 4.680936683972859, 'fuel_half': 0.13249100882689224}.
  trial  672/1500  pareto_size=4  best_taylor=0.7888  best_ilamb=0.5645  (5.1 min)
[I 2026-07-22 21:45:57,791] Trial 672 finished with values: [10.588962832733266, 10.588962832733266] and parameters: {'k1': 0.002971796631657383, 'D_low': 91.66403471455098, 'k2': 0.0001971137615017176, 'D_high': 305369.47947832284, 'fire_exp': 2.4645237762603327, 'P_half': 13.019246714361572, 'pre_dampen_half': 36.876350096202984, 'gpp_af': 0.03924302839842014, 'gpp_b': 0.0032930655419269924, 'gpp_d': 0.3619181297408274, 'ign_k': 0.0026834162496848666, 'ign_c': 4.1108484350212295, 'trop_agb_crit': 10.719494362768906, 'trop_k_veg': 0.9793402026070162, 'fuel_k': 0.7156083490235493, 'fuel_half': 1.3547291924247347}.
[I 2026-07-22 21:45:58,288] Trial 673 finished with values: [10.663193352603004, 10.663193352603004] and parameters: {'k1': 0.003129228656360861, 'D_low': 163.4864778201543, 'k2': 2.1698375693549493e-05, 'D_high': 580966.5602369158, 'fire_exp': 1.2120759485719061, 'P_half': 10.226988730324324, 'pre_dampen_half': 502.5175192217655, 'gpp_af': 0.7539992074650282, 'gpp_b': 8.973215315767922, 'gpp_d': 316.31196273374786, 'ign_k': 5.985024829384178, 'ign_c': 2.5923015361558552, 'trop_agb_crit': 9.836162684900028, 'trop_k_veg': 1.4584243470991722, 'fuel_k': 4.680936683972859, 'fuel_half': 16.371966573507315}.
[I 2026-07-22 21:45:58,766] Trial 674 finished with values: [10.740606033168485, 10.740606033168485] and parameters: {'k1': 0.004312951023617458, 'D_low': 128395.48332743198, 'k2': 1.915468390724633e-05, 'D_high': 71534.52030884045, 'fire_exp': 1.024589524149873, 'P_half': 10.226988730324324, 'pre_dampen_half': 502.5175192217655, 'gpp_af': 0.7539992074650282, 'gpp_b': 0.00017826376967587887, 'gpp_d': 12.151631524283598, 'ign_k': 0.018707420137660268, 'ign_c': 4.1108484350212295, 'trop_agb_crit': 1.1195539271968775, 'trop_k_veg': 0.9369104721775232, 'fuel_k': 0.031056242489259013, 'fuel_half': 16.371966573507315}.
[I 2026-07-22 21:45:59,226] Trial 675 finished with values: [-0.7256703906560471, 0.38348208970102804] and parameters: {'k1': 0.002968335334246999, 'D_low': 2.8627614274446977, 'k2': 0.017300724838654365, 'D_high': 145242.37928628005, 'fire_exp': 2.3987174696212126, 'P_half': 220.3445560633069, 'pre_dampen_half': 269.0845367054863, 'gpp_af': 1.1300566419249867, 'gpp_b': 0.0054502936945582505, 'gpp_d': 12.151631524283598, 'ign_k': 3.210808548911192, 'ign_c': 0.19678273362633986, 'trop_agb_crit': 1.7813653882411722, 'trop_k_veg': 1.6340262437673856, 'fuel_k': 4.680936683972859, 'fuel_half': 18.202647368248815}.
[I 2026-07-22 21:45:59,705] Trial 676 finished with values: [10.707649753182668, 10.707649753182668] and parameters: {'k1': 0.002968335334246999, 'D_low': 247.75146043208053, 'k2': 1.127217425995114e-05, 'D_high': 145242.37928628005, 'fire_exp': 2.3987174696212126, 'P_half': 220.3445560633069, 'pre_dampen_half': 347.79988160923324, 'gpp_af': 1.1300566419249867, 'gpp_b': 0.0021331409710300844, 'gpp_d': 302.3127748796295, 'ign_k': 3.210808548911192, 'ign_c': 6.1609752947414345, 'trop_agb_crit': 24.584290528289387, 'trop_k_veg': 1.6340262437673856, 'fuel_k': 3.8488790096189733, 'fuel_half': 0.32476735706274484}.
[I 2026-07-22 21:46:00,170] Trial 677 finished with values: [-0.6998091436164617, 0.42303450317726166] and parameters: {'k1': 0.002968335334246999, 'D_low': 102.19595065529477, 'k2': 2.1698375693549493e-05, 'D_high': 1693415.5410667954, 'fire_exp': 2.4645237762603327, 'P_half': 13.019246714361572, 'pre_dampen_half': 269.0845367054863, 'gpp_af': 0.03924302839842014, 'gpp_b': 0.0032930655419269924, 'gpp_d': 0.3619181297408274, 'ign_k': 3.210808548911192, 'ign_c': 0.19678273362633986, 'trop_agb_crit': 6.1198430581046965, 'trop_k_veg': 0.6903814430415869, 'fuel_k': 4.680936683972859, 'fuel_half': 16.371966573507315}.
[I 2026-07-22 21:46:00,634] Trial 678 finished with values: [-0.6912792862896927, 0.4196436319313449] and parameters: {'k1': 0.052334804885400876, 'D_low': 163.4864778201543, 'k2': 0.0034207303670092245, 'D_high': 71534.52030884045, 'fire_exp': 1.2120759485719061, 'P_half': 10.226988730324324, 'pre_dampen_half': 33.97904243111269, 'gpp_af': 0.03924302839842014, 'gpp_b': 0.0032930655419269924, 'gpp_d': 316.31196273374786, 'ign_k': 0.006039096247545781, 'ign_c': 2.5923015361558552, 'trop_agb_crit': 9.836162684900028, 'trop_k_veg': 1.7570501127699656, 'fuel_k': 1.312881567992459, 'fuel_half': 0.33988503110784557}.
[I 2026-07-22 21:46:01,127] Trial 679 finished with values: [10.553404212502246, 10.553404212502246] and parameters: {'k1': 0.002971796631657383, 'D_low': 13.25142220631392, 'k2': 0.017300724838654365, 'D_high': 802968.0238356842, 'fire_exp': 2.3987174696212126, 'P_half': 48.464976792190825, 'pre_dampen_half': 269.0845367054863, 'gpp_af': 0.4224904711663322, 'gpp_b': 0.0007040113316769033, 'gpp_d': 12.151631524283598, 'ign_k': 3.210808548911192, 'ign_c': 3.330375276964646, 'trop_agb_crit': 19.28597237496244, 'trop_k_veg': 0.9793402026070162, 'fuel_k': 1.8731335591844647, 'fuel_half': 38.21129441691226}.
[I 2026-07-22 21:46:01,629] Trial 680 finished with values: [-0.3279085256225966, 0.810699058232583] and parameters: {'k1': 0.00013783578294796384, 'D_low': 247.75146043208053, 'k2': 1.127217425995114e-05, 'D_high': 10377.055497115112, 'fire_exp': 1.024589524149873, 'P_half': 10.226988730324324, 'pre_dampen_half': 347.79988160923324, 'gpp_af': 29.925002022877816, 'gpp_b': 0.00012118589392553819, 'gpp_d': 373.3014953695604, 'ign_k': 5.985024829384178, 'ign_c': 6.1609752947414345, 'trop_agb_crit': 6.1198430581046965, 'trop_k_veg': 1.7570501127699656, 'fuel_k': 4.680936683972859, 'fuel_half': 42.6871254378718}.
[I 2026-07-22 21:46:02,110] Trial 681 finished with values: [-0.6893387713868848, 0.3783141648165099] and parameters: {'k1': 0.004312951023617458, 'D_low': 1.6646452049870526, 'k2': 2.1698375693549493e-05, 'D_high': 580966.5602369158, 'fire_exp': 2.2355331213137215, 'P_half': 13.019246714361572, 'pre_dampen_half': 33.97904243111269, 'gpp_af': 0.0025511964576171086, 'gpp_b': 7.402343469704414e-05, 'gpp_d': 302.3127748796295, 'ign_k': 0.018707420137660268, 'ign_c': 6.1609752947414345, 'trop_agb_crit': 9.836162684900028, 'trop_k_veg': 0.9793402026070162, 'fuel_k': 4.680936683972859, 'fuel_half': 1.3547291924247347}.
[I 2026-07-22 21:46:02,567] Trial 682 finished with values: [-0.7254073378623854, 0.7297218719722355] and parameters: {'k1': 0.002971796631657383, 'D_low': 102.19595065529477, 'k2': 0.0001971137615017176, 'D_high': 145242.37928628005, 'fire_exp': 1.0341837609578937, 'P_half': 10.226988730324324, 'pre_dampen_half': 269.0845367054863, 'gpp_af': 0.0025511964576171086, 'gpp_b': 3.228689523591491e-05, 'gpp_d': 4.576857873108685, 'ign_k': 0.04732407125181112, 'ign_c': 4.1108484350212295, 'trop_agb_crit': 2.082468072533112, 'trop_k_veg': 0.9369104721775232, 'fuel_k': 0.7156083490235493, 'fuel_half': 16.371966573507315}.
[I 2026-07-22 21:46:03,014] Trial 683 finished with values: [10.522762596032717, 10.522762596032717] and parameters: {'k1': 0.002968335334246999, 'D_low': 2.8627614274446977, 'k2': 1.915468390724633e-05, 'D_high': 107013.64911724928, 'fire_exp': 2.3987174696212126, 'P_half': 220.3445560633069, 'pre_dampen_half': 502.5175192217655, 'gpp_af': 0.4224904711663322, 'gpp_b': 0.0021331409710300844, 'gpp_d': 12.151631524283598, 'ign_k': 0.06807874826564587, 'ign_c': 15.221840161091619, 'trop_agb_crit': 19.28597237496244, 'trop_k_veg': 1.4584243470991722, 'fuel_k': 4.680936683972859, 'fuel_half': 38.21129441691226}.
[I 2026-07-22 21:46:03,482] Trial 684 finished with values: [-0.6735410807471095, 0.3173090338614448] and parameters: {'k1': 0.003129228656360861, 'D_low': 9.497440085397416, 'k2': 0.011469197890812934, 'D_high': 71534.52030884045, 'fire_exp': 1.024589524149873, 'P_half': 10.226988730324324, 'pre_dampen_half': 36.876350096202984, 'gpp_af': 0.015769192447197523, 'gpp_b': 0.005135775987795958, 'gpp_d': 302.3127748796295, 'ign_k': 2.9663798365255736, 'ign_c': 6.3906950920732175, 'trop_agb_crit': 1.1195539271968775, 'trop_k_veg': 1.4584243470991722, 'fuel_k': 1.8731335591844647, 'fuel_half': 42.6871254378718}.
[I 2026-07-22 21:46:03,922] Trial 685 finished with values: [10.309927366560506, 10.309927366560506] and parameters: {'k1': 0.002971796631657383, 'D_low': 13.25142220631392, 'k2': 1.127217425995114e-05, 'D_high': 1488557.802851245, 'fire_exp': 2.092714390386472, 'P_half': 38.82837025280678, 'pre_dampen_half': 89.15632969317363, 'gpp_af': 0.033373034352042676, 'gpp_b': 0.00012118589392553819, 'gpp_d': 4.576857873108685, 'ign_k': 0.006290644294586149, 'ign_c': 6.1609752947414345, 'trop_agb_crit': 6.1198430581046965, 'trop_k_veg': 1.140286245977296, 'fuel_k': 0.08612665817296865, 'fuel_half': 0.32476735706274484}.
[I 2026-07-22 21:46:04,367] Trial 686 finished with values: [-0.5964650211913204, 0.6274324849417947] and parameters: {'k1': 0.002971796631657383, 'D_low': 102.19595065529477, 'k2': 0.011469197890812934, 'D_high': 145242.37928628005, 'fire_exp': 1.024589524149873, 'P_half': 38.82837025280678, 'pre_dampen_half': 36.876350096202984, 'gpp_af': 0.0025386125063826667, 'gpp_b': 3.228689523591491e-05, 'gpp_d': 16.460426816350534, 'ign_k': 0.018707420137660268, 'ign_c': 6.1609752947414345, 'trop_agb_crit': 15.870971677383487, 'trop_k_veg': 0.9793402026070162, 'fuel_k': 0.7156083490235493, 'fuel_half': 27.47623461877469}.
[I 2026-07-22 21:46:04,825] Trial 687 finished with values: [10.582433212269306, 10.582433212269306] and parameters: {'k1': 0.004312951023617458, 'D_low': 9.497440085397416, 'k2': 2.1698375693549493e-05, 'D_high': 71534.52030884045, 'fire_exp': 2.346722471160988, 'P_half': 13.019246714361572, 'pre_dampen_half': 36.876350096202984, 'gpp_af': 0.10349059737742376, 'gpp_b': 7.402343469704414e-05, 'gpp_d': 857.4284557962626, 'ign_k': 0.018707420137660268, 'ign_c': 6.1609752947414345, 'trop_agb_crit': 6.1198430581046965, 'trop_k_veg': 0.9793402026070162, 'fuel_k': 1.8731335591844647, 'fuel_half': 27.47623461877469}.
[I 2026-07-22 21:46:05,335] Trial 688 finished with values: [11.145112626323282, 11.145112626323282] and parameters: {'k1': 0.002971796631657383, 'D_low': 13.25142220631392, 'k2': 1.6559474674046002e-05, 'D_high': 887331.2884015184, 'fire_exp': 1.0341837609578937, 'P_half': 48.464976792190825, 'pre_dampen_half': 347.79988160923324, 'gpp_af': 0.015769192447197523, 'gpp_b': 3.228689523591491e-05, 'gpp_d': 4.576857873108685, 'ign_k': 0.0026834162496848666, 'ign_c': 6.1609752947414345, 'trop_agb_crit': 19.84604666505718, 'trop_k_veg': 0.9793402026070162, 'fuel_k': 1.8731335591844647, 'fuel_half': 0.32476735706274484}.
[I 2026-07-22 21:46:05,784] Trial 689 finished with values: [10.769230769178105, 10.769230769178105] and parameters: {'k1': 4.944223106753944e-05, 'D_low': 2.8627614274446977, 'k2': 0.002342238625792905, 'D_high': 107013.64911724928, 'fire_exp': 2.3987174696212126, 'P_half': 602.2882014304706, 'pre_dampen_half': 269.0845367054863, 'gpp_af': 0.05376487404131282, 'gpp_b': 0.0032930655419269924, 'gpp_d': 12.151631524283598, 'ign_k': 3.210808548911192, 'ign_c': 798.8050530300033, 'trop_agb_crit': 19.28597237496244, 'trop_k_veg': 1.6340262437673856, 'fuel_k': 4.680936683972859, 'fuel_half': 16.371966573507315}.
[I 2026-07-22 21:46:06,234] Trial 690 finished with values: [-0.749340110480546, 0.37482824691335304] and parameters: {'k1': 0.003663433473924883, 'D_low': 2.8627614274446977, 'k2': 0.017300724838654365, 'D_high': 107013.64911724928, 'fire_exp': 2.3987174696212126, 'P_half': 220.3445560633069, 'pre_dampen_half': 269.0845367054863, 'gpp_af': 0.4224904711663322, 'gpp_b': 0.0032930655419269924, 'gpp_d': 12.151631524283598, 'ign_k': 0.47637374845937214, 'ign_c': 0.19678273362633986, 'trop_agb_crit': 19.28597237496244, 'trop_k_veg': 1.140286245977296, 'fuel_k': 4.680936683972859, 'fuel_half': 38.21129441691226}.
[I 2026-07-22 21:46:06,673] Trial 691 finished with values: [-0.3488679306072078, 0.5451720269596503] and parameters: {'k1': 0.00013783578294796384, 'D_low': 73.7642948170377, 'k2': 1.127217425995114e-05, 'D_high': 10377.055497115112, 'fire_exp': 1.0482996836046896, 'P_half': 220.3445560633069, 'pre_dampen_half': 36.876350096202984, 'gpp_af': 0.7539992074650282, 'gpp_b': 7.402343469704414e-05, 'gpp_d': 857.4284557962626, 'ign_k': 8.761971101023699, 'ign_c': 6.3906950920732175, 'trop_agb_crit': 6.1198430581046965, 'trop_k_veg': 2.7157207393584746, 'fuel_k': 4.680936683972859, 'fuel_half': 15.298506868937444}.
[I 2026-07-22 21:46:07,133] Trial 692 finished with values: [10.645826683560326, 10.645826683560326] and parameters: {'k1': 0.002968335334246999, 'D_low': 13.25142220631392, 'k2': 1.6559474674046002e-05, 'D_high': 1488557.802851245, 'fire_exp': 2.3987174696212126, 'P_half': 220.3445560633069, 'pre_dampen_half': 36.876350096202984, 'gpp_af': 29.925002022877816, 'gpp_b': 2.8457393813758034, 'gpp_d': 373.3014953695604, 'ign_k': 0.018707420137660268, 'ign_c': 15.221840161091619, 'trop_agb_crit': 6.1198430581046965, 'trop_k_veg': 0.9369104721775232, 'fuel_k': 4.680936683972859, 'fuel_half': 16.371966573507315}.
[I 2026-07-22 21:46:07,682] Trial 693 finished with values: [10.679135166335238, 10.679135166335238] and parameters: {'k1': 0.002968335334246999, 'D_low': 86076.25863264319, 'k2': 1.127217425995114e-05, 'D_high': 580966.5602369158, 'fire_exp': 1.024589524149873, 'P_half': 10.226988730324324, 'pre_dampen_half': 219.13475969641993, 'gpp_af': 29.925002022877816, 'gpp_b': 2.8457393813758034, 'gpp_d': 373.3014953695604, 'ign_k': 0.018707420137660268, 'ign_c': 0.19678273362633986, 'trop_agb_crit': 1.7813653882411722, 'trop_k_veg': 1.140286245977296, 'fuel_k': 4.680936683972859, 'fuel_half': 42.6871254378718}.
[I 2026-07-22 21:46:08,150] Trial 694 finished with values: [10.766940265434041, 10.766940265434041] and parameters: {'k1': 0.002971796631657383, 'D_low': 102.19595065529477, 'k2': 1.6559474674046002e-05, 'D_high': 1488557.802851245, 'fire_exp': 1.0482996836046896, 'P_half': 10.226988730324324, 'pre_dampen_half': 269.0845367054863, 'gpp_af': 0.004598575950307868, 'gpp_b': 1.4862329780204049, 'gpp_d': 373.3014953695604, 'ign_k': 0.018707420137660268, 'ign_c': 4.1108484350212295, 'trop_agb_crit': 2.539877620672643, 'trop_k_veg': 0.9369104721775232, 'fuel_k': 4.680936683972859, 'fuel_half': 16.371966573507315}.
[I 2026-07-22 21:46:08,650] Trial 695 finished with values: [10.769230769178105, 10.769230769178105] and parameters: {'k1': 0.004312951023617458, 'D_low': 102.19595065529477, 'k2': 0.002342238625792905, 'D_high': 145242.37928628005, 'fire_exp': 2.3987174696212126, 'P_half': 1.4378290221680121, 'pre_dampen_half': 269.0845367054863, 'gpp_af': 0.003422824370263182, 'gpp_b': 0.0054502936945582505, 'gpp_d': 12.151631524283598, 'ign_k': 3.210808548911192, 'ign_c': 490.9403886223242, 'trop_agb_crit': 6.1198430581046965, 'trop_k_veg': 1.9295275931941318, 'fuel_k': 4.680936683972859, 'fuel_half': 15.298506868937444}.
[I 2026-07-22 21:46:09,183] Trial 696 finished with values: [10.324869281185565, 10.324869281185565] and parameters: {'k1': 0.0026607970538371477, 'D_low': 102.19595065529477, 'k2': 0.002342238625792905, 'D_high': 388024.1939505089, 'fire_exp': 2.3987174696212126, 'P_half': 220.3445560633069, 'pre_dampen_half': 269.0845367054863, 'gpp_af': 1.1300566419249867, 'gpp_b': 0.00011195197602511399, 'gpp_d': 4.576857873108685, 'ign_k': 0.03141110271934876, 'ign_c': 4.1108484350212295, 'trop_agb_crit': 15.870971677383487, 'trop_k_veg': 1.6340262437673856, 'fuel_k': 4.680936683972859, 'fuel_half': 16.371966573507315}.
[I 2026-07-22 21:46:09,645] Trial 697 finished with values: [10.14327451027835, 10.14327451027835] and parameters: {'k1': 0.004312951023617458, 'D_low': 9.497440085397416, 'k2': 1.915468390724633e-05, 'D_high': 10360.875587906949, 'fire_exp': 1.024589524149873, 'P_half': 220.3445560633069, 'pre_dampen_half': 502.5175192217655, 'gpp_af': 0.7539992074650282, 'gpp_b': 0.0021331409710300844, 'gpp_d': 12.151631524283598, 'ign_k': 0.06807874826564587, 'ign_c': 3.9323495083117734, 'trop_agb_crit': 24.584290528289387, 'trop_k_veg': 1.6340262437673856, 'fuel_k': 0.025506395489012103, 'fuel_half': 1.2664943797139754}.
[I 2026-07-22 21:46:10,108] Trial 698 finished with values: [-0.5233745477934496, 0.5924458844416555] and parameters: {'k1': 0.003129228656360861, 'D_low': 2.8627614274446977, 'k2': 1.127217425995114e-05, 'D_high': 107013.64911724928, 'fire_exp': 1.024589524149873, 'P_half': 10.226988730324324, 'pre_dampen_half': 502.5175192217655, 'gpp_af': 0.4224904711663322, 'gpp_b': 0.0032930655419269924, 'gpp_d': 12.151631524283598, 'ign_k': 0.018707420137660268, 'ign_c': 0.19678273362633986, 'trop_agb_crit': 1.1195539271968775, 'trop_k_veg': 1.4584243470991722, 'fuel_k': 4.680936683972859, 'fuel_half': 38.21129441691226}.
