[I 2026-08-20 00:55:04,040] Trial 1761 finished with value: 0.649500918573143 and parameters: {'k1': 1.4680507801521691e-05, 'D_low': 2.2212586515637325, 'k2': 0.0006973546685832202, 'D_high': 584717.0932128072, 'fire_exp': 4.922586098632684, 'P_half': 89.90547849478129, 'pre_dampen_half': 14.840573659618512, 'gpp_af': 0.8557535726403425, 'gpp_b': 0.00015423461414965748, 'gpp_d': 1.569299366866422, 'ign_k': 2.9394624789396917, 'ign_c': 35.22020918934407, 'trop_agb_crit': 2.205414885707949, 'trop_k_veg': 1.045711083662472}. Best is trial 1285 with value: -0.6015874360929447.
[I 2026-08-20 00:55:05,843] Trial 1762 finished with value: 0.6445374145881376 and parameters: {'k1': 0.00032030931203801713, 'D_low': 1.5755646100264558, 'k2': 0.00024370674939359536, 'D_high': 1106351.407842592, 'fire_exp': 3.63021093333644, 'P_half': 51.24470465043463, 'pre_dampen_half': 42.74151760206114, 'gpp_af': 0.17700424554330182, 'gpp_b': 3.4716901832416956e-05, 'gpp_d': 11.074670728119212, 'ign_k': 5.305075305987474, 'ign_c': 66.62444942594601, 'trop_agb_crit': 7.270980849684521, 'trop_k_veg': 1.9108845840427375}. Best is trial 1285 with value: -0.6015874360929447.
[I 2026-08-20 00:55:07,711] Trial 1763 finished with value: 0.5512036591883037 and parameters: {'k1': 0.06961396637542193, 'D_low': 99.79265313032563, 'k2': 0.0007641419845761779, 'D_high': 132392.550573369, 'fire_exp': 2.612221438258938, 'P_half': 836.2150030555397, 'pre_dampen_half': 2.759899986164178, 'gpp_af': 3.826275629937295, 'gpp_b': 0.0025364652893038603, 'gpp_d': 771.8511176182647, 'ign_k': 0.2971217729419518, 'ign_c': 3.388669267922858, 'trop_agb_crit': 6.104599359726895, 'trop_k_veg': 3.731604416748562}. Best is trial 1285 with value: -0.6015874360929447.
[I 2026-08-20 00:55:09,579] Trial 1764 finished with value: 0.6439477330772144 and parameters: {'k1': 0.0002155922787947432, 'D_low': 554416.9428673149, 'k2': 1.0110297044348284e-05, 'D_high': 6038.254100753276, 'fire_exp': 1.1713862260236563, 'P_half': 56.806050297933744, 'pre_dampen_half': 0.08470297950618556, 'gpp_af': 13.698884855561795, 'gpp_b': 0.8462710726019216, 'gpp_d': 0.09595534658630346, 'ign_k': 0.8392971570544909, 'ign_c': 0.20766334703078557, 'trop_agb_crit': 5.913765982622064, 'trop_k_veg': 1.0993749436098952}. Best is trial 1285 with value: -0.6015874360929447.
[I 2026-08-20 00:55:11,403] Trial 1765 finished with value: 0.6445374145881376 and parameters: {'k1': 0.00017725221273234468, 'D_low': 35066.193753336935, 'k2': 0.020085022680641666, 'D_high': 363.85464945684265, 'fire_exp': 2.4024822647384414, 'P_half': 87.97878951342801, 'pre_dampen_half': 0.2829232137724108, 'gpp_af': 0.019591865848744026, 'gpp_b': 1.153988943905125, 'gpp_d': 0.023076871478202674, 'ign_k': 0.042583222136456794, 'ign_c': 63.619416633557364, 'trop_agb_crit': 1.6635749797789496, 'trop_k_veg': 3.008051195833261}. Best is trial 1285 with value: -0.6015874360929447.
[I 2026-08-20 00:55:13,120] Trial 1766 finished with value: 0.6445374145881376 and parameters: {'k1': 0.00011900135500564701, 'D_low': 97159.31756819201, 'k2': 0.050862645153826574, 'D_high': 17981.20553892256, 'fire_exp': 1.514581970976133, 'P_half': 10.955651366278296, 'pre_dampen_half': 675.2212156601655, 'gpp_af': 0.00665601807580218, 'gpp_b': 0.020224945959507266, 'gpp_d': 0.09851554124258849, 'ign_k': 0.12248526373349718, 'ign_c': 161.32186934599352, 'trop_agb_crit': 26.473669564079295, 'trop_k_veg': 2.1169261461803774}. Best is trial 1285 with value: -0.6015874360929447.
[I 2026-08-20 00:55:14,740] Trial 1767 finished with value: 0.5136774367330239 and parameters: {'k1': 0.0008105743899017803, 'D_low': 2.1423347110351147, 'k2': 0.00015735210223677596, 'D_high': 729885.9079270907, 'fire_exp': 7.236025585440097, 'P_half': 129.4428022181807, 'pre_dampen_half': 82.51387242710926, 'gpp_af': 8.298791603074733, 'gpp_b': 1.6780139080548028e-05, 'gpp_d': 696.0712701662784, 'ign_k': 0.11307267611239818, 'ign_c': 2.29985386968377, 'trop_agb_crit': 21.386019199503647, 'trop_k_veg': 3.2686253504076888}. Best is trial 1285 with value: -0.6015874360929447.
[I 2026-08-20 00:55:16,523] Trial 1768 finished with value: 0.6445374145881376 and parameters: {'k1': 3.9032106124786234e-05, 'D_low': 1452.9964851492505, 'k2': 7.43286409993763e-05, 'D_high': 25091.67574095117, 'fire_exp': 8.593304074732314, 'P_half': 4235.62394578563, 'pre_dampen_half': 6.352954715220256, 'gpp_af': 0.006459940170211309, 'gpp_b': 0.01637537198939913, 'gpp_d': 21.939969522990967, 'ign_k': 2.603330343296362, 'ign_c': 107.63264564469554, 'trop_agb_crit': 13.57954578605861, 'trop_k_veg': 7.434667543802598}. Best is trial 1285 with value: -0.6015874360929447.
[I 2026-08-20 00:55:18,115] Trial 1769 finished with value: 0.4904234218456923 and parameters: {'k1': 0.00029589164390083484, 'D_low': 16.813927745568016, 'k2': 5.494553739510849e-05, 'D_high': 776015.084287375, 'fire_exp': 8.535936327582181, 'P_half': 8.268016084110172, 'pre_dampen_half': 6.405649466411442, 'gpp_af': 0.023609501339345983, 'gpp_b': 0.00022918123254464385, 'gpp_d': 38.40256499098203, 'ign_k': 4.612404910815255, 'ign_c': 1.4429637449100745, 'trop_agb_crit': 4.916721298833037, 'trop_k_veg': 1.7260182027088056}. Best is trial 1285 with value: -0.6015874360929447.
[I 2026-08-20 00:55:19,885] Trial 1770 finished with value: 0.6445374145881376 and parameters: {'k1': 2.302194149748344e-05, 'D_low': 79.31383344231037, 'k2': 0.00010655891749827995, 'D_high': 7132551.112933781, 'fire_exp': 4.693175657608385, 'P_half': 1.29592131766091, 'pre_dampen_half': 210.49445461438034, 'gpp_af': 0.47542746265979224, 'gpp_b': 0.0005794338512825573, 'gpp_d': 31.217341522061318, 'ign_k': 9.315090192064247, 'ign_c': 100.32380011660513, 'trop_agb_crit': 8.571057979279908, 'trop_k_veg': 2.5857206414159277}. Best is trial 1285 with value: -0.6015874360929447.
[I 2026-08-20 00:55:22,024] Trial 1771 finished with value: 0.46465509380813985 and parameters: {'k1': 2.429850661639558e-05, 'D_low': 2.0435317024646498, 'k2': 0.0003180140448300231, 'D_high': 609040.0139485577, 'fire_exp': 3.025227731344107, 'P_half': 1.2430148263310388, 'pre_dampen_half': 6.846200889345131, 'gpp_af': 0.16246791409107145, 'gpp_b': 0.0002119707792719017, 'gpp_d': 41.29384651227935, 'ign_k': 8.219611477718688, 'ign_c': 11.602625827287953, 'trop_agb_crit': 8.449613796631091, 'trop_k_veg': 1.9604310483488334}. Best is trial 1285 with value: -0.6015874360929447.
[I 2026-08-20 00:55:23,667] Trial 1772 finished with value: 0.6128523730451788 and parameters: {'k1': 3.258486631991273e-05, 'D_low': 1.6548993277445097, 'k2': 0.000407511096789234, 'D_high': 28776.684379947677, 'fire_exp': 5.506848114801216, 'P_half': 1.250816192637357, 'pre_dampen_half': 13.176422618993383, 'gpp_af': 0.021814231072209905, 'gpp_b': 0.06263330949105354, 'gpp_d': 34.076263795204625, 'ign_k': 0.24437778608285216, 'ign_c': 5.182092156297062, 'trop_agb_crit': 11.820162568471968, 'trop_k_veg': 4.373236746694364}. Best is trial 1285 with value: -0.6015874360929447.
[I 2026-08-20 00:55:25,497] Trial 1773 finished with value: 0.6445374145881376 and parameters: {'k1': 0.07296080757731149, 'D_low': 27051.744532084726, 'k2': 0.07188706063654496, 'D_high': 5359347.31262104, 'fire_exp': 5.75199137675076, 'P_half': 38.98995895855601, 'pre_dampen_half': 427.9126145133379, 'gpp_af': 0.021171330268029982, 'gpp_b': 0.49850402349345513, 'gpp_d': 0.20782312246750667, 'ign_k': 0.018497295032380085, 'ign_c': 52.90496346962864, 'trop_agb_crit': 3.276833795867893, 'trop_k_veg': 0.7202595147567096}. Best is trial 1285 with value: -0.6015874360929447.
[I 2026-08-20 00:55:27,391] Trial 1774 finished with value: 0.6406422645244793 and parameters: {'k1': 2.0565824211155076e-05, 'D_low': 23532.884120482737, 'k2': 0.0006068162190965752, 'D_high': 2773786.525508594, 'fire_exp': 3.4709697778786324, 'P_half': 15.504694612798309, 'pre_dampen_half': 0.026844811059151697, 'gpp_af': 0.08892913266394344, 'gpp_b': 2.9472320066980986, 'gpp_d': 0.6060568076168111, 'ign_k': 0.14475994163365377, 'ign_c': 2.826463542500561, 'trop_agb_crit': 3.022882679007229, 'trop_k_veg': 5.635118274831675}. Best is trial 1285 with value: -0.6015874360929447.
[I 2026-08-20 00:55:29,104] Trial 1775 finished with value: 0.6445374145881376 and parameters: {'k1': 1.3383010001556834e-05, 'D_low': 220076.33192922935, 'k2': 0.012488245072165859, 'D_high': 54.305519785641636, 'fire_exp': 9.512002819837194, 'P_half': 20.567398652359095, 'pre_dampen_half': 6.06980501120195, 'gpp_af': 0.11480551755002792, 'gpp_b': 0.2916377531499703, 'gpp_d': 0.10483241756541145, 'ign_k': 0.002535361057472035, 'ign_c': 19.76206027726668, 'trop_agb_crit': 20.560952787224963, 'trop_k_veg': 2.015022780245988}. Best is trial 1285 with value: -0.6015874360929447.
[I 2026-08-20 00:55:30,713] Trial 1776 finished with value: -0.4970157968084254 and parameters: {'k1': 4.701697497423606e-05, 'D_low': 17.548109784653587, 'k2': 0.0009149917567780242, 'D_high': 71763.19649626773, 'fire_exp': 2.594088368604631, 'P_half': 2.736098921035634, 'pre_dampen_half': 15.541750844182044, 'gpp_af': 0.3242880177515815, 'gpp_b': 1.106716639465163e-05, 'gpp_d': 1.679986645786508, 'ign_k': 0.34669579517293364, 'ign_c': 1.4693679952859036, 'trop_agb_crit': 25.236148635739426, 'trop_k_veg': 4.1998161088477906}. Best is trial 1285 with value: -0.6015874360929447.
[I 2026-08-20 00:55:32,541] Trial 1777 finished with value: 0.6445374145881376 and parameters: {'k1': 0.000253330430950349, 'D_low': 28949.02561521306, 'k2': 0.0010259894046845395, 'D_high': 5099.811549771942, 'fire_exp': 5.318907370039507, 'P_half': 31.34925617883719, 'pre_dampen_half': 0.07391147971277051, 'gpp_af': 0.007481896095902075, 'gpp_b': 4.710405827828006, 'gpp_d': 1.822788510995026, 'ign_k': 0.0026965820898514816, 'ign_c': 0.4131813415498218, 'trop_agb_crit': 1.444633671998558, 'trop_k_veg': 1.1229750406717676}. Best is trial 1285 with value: -0.6015874360929447.
[I 2026-08-20 00:55:34,195] Trial 1778 finished with value: 0.5801212206155377 and parameters: {'k1': 0.0004897786857535683, 'D_low': 41.02171013235409, 'k2': 0.0011145036033980975, 'D_high': 1138069.8464789751, 'fire_exp': 5.4753616564623755, 'P_half': 384.06183857133817, 'pre_dampen_half': 0.8566481679427288, 'gpp_af': 0.07859117699149694, 'gpp_b': 2.5099115224786748e-05, 'gpp_d': 56.82726266358602, 'ign_k': 0.6777045209497858, 'ign_c': 8.602617839125246, 'trop_agb_crit': 1.151032127880759, 'trop_k_veg': 2.149038708142507}. Best is trial 1285 with value: -0.6015874360929447.
[I 2026-08-20 00:55:35,823] Trial 1779 finished with value: 0.5913989246823925 and parameters: {'k1': 1.633973180814088e-05, 'D_low': 684.5274368004548, 'k2': 3.564957630314696e-05, 'D_high': 8627519.87072871, 'fire_exp': 1.3965179044213474, 'P_half': 97.51717402048249, 'pre_dampen_half': 0.397171249150134, 'gpp_af': 0.783745037489645, 'gpp_b': 4.999845943129617, 'gpp_d': 0.1258140617437419, 'ign_k': 0.0027387723551918672, 'ign_c': 1.4259516758693138, 'trop_agb_crit': 7.149000404945095, 'trop_k_veg': 2.1560763585194804}. Best is trial 1285 with value: -0.6015874360929447.
[I 2026-08-20 00:55:37,609] Trial 1780 finished with value: 0.41427554855106286 and parameters: {'k1': 0.0005476610815634284, 'D_low': 1.0821161514037745, 'k2': 0.00032675524570975053, 'D_high': 9583670.184690973, 'fire_exp': 3.9790757882629726, 'P_half': 19.674824630563105, 'pre_dampen_half': 14.779643214987834, 'gpp_af': 0.34485629936614076, 'gpp_b': 0.002132170120618148, 'gpp_d': 217.56853208907853, 'ign_k': 1.8879585976737503, 'ign_c': 18.14006011483637, 'trop_agb_crit': 2.814841781655697, 'trop_k_veg': 1.9007340096860539}. Best is trial 1285 with value: -0.6015874360929447.
[I 2026-08-20 00:55:39,449] Trial 1781 finished with value: 0.6445374145881376 and parameters: {'k1': 0.059528307149660536, 'D_low': 2282.3708305809055, 'k2': 1.4014728752297836e-05, 'D_high': 82.079852531666, 'fire_exp': 8.70416084130396, 'P_half': 3.665070845432202, 'pre_dampen_half': 107.25919569669365, 'gpp_af': 0.003671007005731582, 'gpp_b': 0.4154964907820302, 'gpp_d': 668.7097182993418, 'ign_k': 0.20942623521446502, 'ign_c': 17.3664298727813, 'trop_agb_crit': 5.31808959743666, 'trop_k_veg': 0.9154041780611845}. Best is trial 1285 with value: -0.6015874360929447.
[I 2026-08-20 00:55:41,243] Trial 1782 finished with value: 0.6445374145881376 and parameters: {'k1': 0.021717477653134313, 'D_low': 393390.1812881815, 'k2': 0.008898554731767585, 'D_high': 20817.14336556959, 'fire_exp': 5.667345310112035, 'P_half': 597.1718408145209, 'pre_dampen_half': 14.778538375805551, 'gpp_af': 49.09903244312759, 'gpp_b': 6.692852702263583e-05, 'gpp_d': 0.3840068209864535, 'ign_k': 0.1968883154557211, 'ign_c': 8.207506702944178, 'trop_agb_crit': 6.069362990480073, 'trop_k_veg': 5.830977502135304}. Best is trial 1285 with value: -0.6015874360929447.
[I 2026-08-20 00:55:44,034] Trial 1783 finished with value: 0.5880620524389302 and parameters: {'k1': 0.00018203088535403823, 'D_low': 20.951999544045556, 'k2': 0.0021570142815847296, 'D_high': 1540080.8906494041, 'fire_exp': 2.8437555895930364, 'P_half': 1.8815427427186096, 'pre_dampen_half': 1.8365972915400854, 'gpp_af': 0.05658664907786797, 'gpp_b': 0.07350401161847167, 'gpp_d': 94.98241048986947, 'ign_k': 4.971434754554332, 'ign_c': 3.330238216630925, 'trop_agb_crit': 13.514944973141528, 'trop_k_veg': 1.4950237844048566}. Best is trial 1285 with value: -0.6015874360929447.
[I 2026-08-20 00:55:45,861] Trial 1784 finished with value: 0.4554264022772583 and parameters: {'k1': 0.01748152148737536, 'D_low': 1.2195344426740495, 'k2': 0.0002670557798308626, 'D_high': 1740369.9179439796, 'fire_exp': 7.464972352537318, 'P_half': 6.436684797872472, 'pre_dampen_half': 63.04500695664768, 'gpp_af': 0.01641194548048019, 'gpp_b': 2.0278912284108867e-05, 'gpp_d': 426.6596055198153, 'ign_k': 1.840505670555805, 'ign_c': 2.8671383144959033, 'trop_agb_crit': 1.696989026139667, 'trop_k_veg': 2.374903558897022}. Best is trial 1285 with value: -0.6015874360929447.
[I 2026-08-20 00:55:47,981] Trial 1785 finished with value: 0.6445374145881376 and parameters: {'k1': 1.9295014641168585e-05, 'D_low': 52.758347852593666, 'k2': 0.0004683984425780439, 'D_high': 1087930.011166, 'fire_exp': 7.225002206451161, 'P_half': 2.888190751285092, 'pre_dampen_half': 1.9620449261693647, 'gpp_af': 0.31401191056343797, 'gpp_b': 5.0625552666996434e-05, 'gpp_d': 160.64440332271587, 'ign_k': 5.95361304335764, 'ign_c': 172.9136064177454, 'trop_agb_crit': 5.775275969520099, 'trop_k_veg': 2.5623226813822213}. Best is trial 1285 with value: -0.6015874360929447.
[I 2026-08-20 00:55:49,943] Trial 1786 finished with value: -0.5121049289324338 and parameters: {'k1': 0.0014130766522076974, 'D_low': 4.1982806625550655, 'k2': 8.720372227441793e-05, 'D_high': 1015692.7104912683, 'fire_exp': 3.6168585107491795, 'P_half': 2.7204773258859403, 'pre_dampen_half': 5.5789416351619225, 'gpp_af': 83.61028483453808, 'gpp_b': 0.02931799857446207, 'gpp_d': 45.34147492397548, 'ign_k': 3.308377601084691, 'ign_c': 9.916138096931682, 'trop_agb_crit': 2.5765993746403306, 'trop_k_veg': 0.9719337058020985}. Best is trial 1285 with value: -0.6015874360929447.
[I 2026-08-20 00:55:51,756] Trial 1787 finished with value: 0.6445374145881376 and parameters: {'k1': 0.0021594562045733133, 'D_low': 7.340176747745339, 'k2': 0.00040831075888268363, 'D_high': 286313.3107043317, 'fire_exp': 5.533017285108097, 'P_half': 303.6100230982323, 'pre_dampen_half': 52.26933659964417, 'gpp_af': 0.03644661698765252, 'gpp_b': 0.00015436689615620612, 'gpp_d': 0.6483854122272412, 'ign_k': 3.698458924179292, 'ign_c': 41.9789850139009, 'trop_agb_crit': 2.7508089168813528, 'trop_k_veg': 2.4067329031962235}. Best is trial 1285 with value: -0.6015874360929447.
[I 2026-08-20 00:55:53,730] Trial 1788 finished with value: 0.6445374145881376 and parameters: {'k1': 0.0003740420560678339, 'D_low': 2.7793110662323017, 'k2': 8.183752097568465e-05, 'D_high': 5546854.40145946, 'fire_exp': 9.867971597168049, 'P_half': 10.434668073647293, 'pre_dampen_half': 148.01868015303785, 'gpp_af': 0.011802321135894701, 'gpp_b': 2.3436824824905487e-05, 'gpp_d': 30.894722392730706, 'ign_k': 0.2701810837332064, 'ign_c': 163.35317621555862, 'trop_agb_crit': 1.8682163998697787, 'trop_k_veg': 2.3289032267193153}. Best is trial 1285 with value: -0.6015874360929447.
[I 2026-08-20 00:55:55,540] Trial 1789 finished with value: -0.5403621873041609 and parameters: {'k1': 0.033194035815952525, 'D_low': 220.5932210066791, 'k2': 0.003970815407698897, 'D_high': 2002199.730811075, 'fire_exp': 1.4916767849560102, 'P_half': 962.360389017462, 'pre_dampen_half': 137.70632665848254, 'gpp_af': 55.430720635712795, 'gpp_b': 0.2608779894088296, 'gpp_d': 945.5937438450856, 'ign_k': 0.07583735668077697, 'ign_c': 3.9705318538556664, 'trop_agb_crit': 13.758566701038802, 'trop_k_veg': 4.544927237283457}. Best is trial 1285 with value: -0.6015874360929447.
[I 2026-08-20 00:55:57,519] Trial 1790 finished with value: 0.6279757104535559 and parameters: {'k1': 0.015612996597144633, 'D_low': 29015.14296470843, 'k2': 0.00013827949911259484, 'D_high': 26919.85684939774, 'fire_exp': 4.295653010251796, 'P_half': 134.19209926950742, 'pre_dampen_half': 0.03540735043101322, 'gpp_af': 0.0016428421826619724, 'gpp_b': 0.00022479456430947613, 'gpp_d': 0.13283381814339648, 'ign_k': 0.002596463198783452, 'ign_c': 0.1724597688780773, 'trop_agb_crit': 1.7481638922840101, 'trop_k_veg': 4.116090535113485}. Best is trial 1285 with value: -0.6015874360929447.
[I 2026-08-20 00:55:59,473] Trial 1791 finished with value: 0.6445374123197539 and parameters: {'k1': 0.0011765153752931027, 'D_low': 2911.742827383222, 'k2': 0.01572887342677785, 'D_high': 1217.3958814725784, 'fire_exp': 1.360625746635574, 'P_half': 2313.8375563329087, 'pre_dampen_half': 0.7297937406301503, 'gpp_af': 60.793555373865644, 'gpp_b': 1.184860853198475, 'gpp_d': 0.012778431551319993, 'ign_k': 0.017917235611373095, 'ign_c': 20.473727956447902, 'trop_agb_crit': 22.37183848530707, 'trop_k_veg': 3.7795692587360565}. Best is trial 1285 with value: -0.6015874360929447.
[I 2026-08-20 00:56:01,432] Trial 1792 finished with value: 0.6261831867560295 and parameters: {'k1': 4.125830900506579e-05, 'D_low': 4.445866226875802, 'k2': 1.4404387184164472e-05, 'D_high': 8812892.602713022, 'fire_exp': 1.6115424112722652, 'P_half': 970.2392184145552, 'pre_dampen_half': 2.127152385069232, 'gpp_af': 0.0015393235094102648, 'gpp_b': 0.007656682113648141, 'gpp_d': 152.32586035012727, 'ign_k': 6.373520302851465, 'ign_c': 27.63659267361758, 'trop_agb_crit': 8.872743827912608, 'trop_k_veg': 1.2550618944085719}. Best is trial 1285 with value: -0.6015874360929447.
[I 2026-08-20 00:56:03,390] Trial 1793 finished with value: 0.6445374145881376 and parameters: {'k1': 0.0006339773806895565, 'D_low': 30398.089069899775, 'k2': 0.026236743373951068, 'D_high': 3183.701770624995, 'fire_exp': 7.067206734761602, 'P_half': 777.4953664790879, 'pre_dampen_half': 2.3222340716707617, 'gpp_af': 0.002091226351447763, 'gpp_b': 1.0460757179786302, 'gpp_d': 84.74872406780689, 'ign_k': 0.19269601080723198, 'ign_c': 16.528552503248807, 'trop_agb_crit': 2.2689869109591823, 'trop_k_veg': 0.7636446704202188}. Best is trial 1285 with value: -0.6015874360929447.
[I 2026-08-20 00:56:05,816] Trial 1794 finished with value: -0.5784574335309701 and parameters: {'k1': 0.003634446254866333, 'D_low': 4.969305917160905, 'k2': 3.472506144119544e-05, 'D_high': 4217676.656762074, 'fire_exp': 2.676563893632264, 'P_half': 24.669052967329538, 'pre_dampen_half': 1.9741792804544385, 'gpp_af': 13.741857041162623, 'gpp_b': 0.004556475551497332, 'gpp_d': 986.9097866906719, 'ign_k': 4.695627970586517, 'ign_c': 0.8708888619067905, 'trop_agb_crit': 8.391609820878008, 'trop_k_veg': 1.328181947489296}. Best is trial 1285 with value: -0.6015874360929447.
[I 2026-08-20 00:56:07,613] Trial 1795 finished with value: 0.6445374145881376 and parameters: {'k1': 0.00024677599315179146, 'D_low': 3023.1961375029073, 'k2': 0.008567338968266525, 'D_high': 3385.612001183771, 'fire_exp': 5.784986061798466, 'P_half': 2851.467565290319, 'pre_dampen_half': 3.729374059394188, 'gpp_af': 4.227130318321503, 'gpp_b': 0.006007515754984634, 'gpp_d': 0.013272643961720324, 'ign_k': 0.13619360137447795, 'ign_c': 612.7756295553208, 'trop_agb_crit': 1.340180439026397, 'trop_k_veg': 0.6236082974046608}. Best is trial 1285 with value: -0.6015874360929447.
[I 2026-08-20 00:56:09,462] Trial 1796 finished with value: -0.5770453387092903 and parameters: {'k1': 0.0179696846363282, 'D_low': 3.1346805000348, 'k2': 2.675695754995615e-05, 'D_high': 241407.97511756612, 'fire_exp': 5.463199387981696, 'P_half': 40.40827228255656, 'pre_dampen_half': 35.606920920290094, 'gpp_af': 1.5917272770936037, 'gpp_b': 1.2770803933008922e-05, 'gpp_d': 876.5611106670237, 'ign_k': 0.34590340356456595, 'ign_c': 15.853698906150733, 'trop_agb_crit': 17.175739837425144, 'trop_k_veg': 2.0794376753745136}. Best is trial 1285 with value: -0.6015874360929447.
[I 2026-08-20 00:56:11,303] Trial 1797 finished with value: 0.5566746586877961 and parameters: {'k1': 0.0006369816355394441, 'D_low': 1991.1428165816624, 'k2': 0.01628914945732221, 'D_high': 43708.14913422269, 'fire_exp': 1.5803229857634806, 'P_half': 22.782603671042114, 'pre_dampen_half': 0.07676853219170447, 'gpp_af': 0.2872893001037987, 'gpp_b': 0.02706871051733666, 'gpp_d': 5.546681926559637, 'ign_k': 0.5149927461927823, 'ign_c': 1.9705162633632602, 'trop_agb_crit': 14.449919969871825, 'trop_k_veg': 5.523860411693968}. Best is trial 1285 with value: -0.6015874360929447.
