[I 2026-06-09 12:14:28,658] Trial 663 finished with values: [10.01737745179338, 10.01737745179338] and parameters: {'k1': 0.00515305301141249, 'D_low': 1.533916259116362, 'k2': 0.06994589881535453, 'D_high': 18125.870836716233, 'fire_exp': 1.4848387260494937, 'P_half': 1.8942844905792813, 'pre_dampen_half': 340.6909167027263, 'gpp_af': 5.244830565633045, 'gpp_b': 1.0706311760886018e-05, 'gpp_d': 0.0735311909944862, 'ign_k': 0.0019264360371306567, 'ign_c': 0.21234210963705627, 'trop_agb_crit': 19.51558406059598, 'trop_k_veg': 4.51930447316402}.
[I 2026-06-09 12:14:29,971] Trial 664 finished with values: [10.27969658687223, 10.27969658687223] and parameters: {'k1': 5.105542986365652e-05, 'D_low': 125.32726386250698, 'k2': 0.0009749762207436118, 'D_high': 39655.03094323017, 'fire_exp': 1.14171776851287, 'P_half': 28.647019533509873, 'pre_dampen_half': 11.164047352793695, 'gpp_af': 0.13767835510755025, 'gpp_b': 1.7213644875359617e-05, 'gpp_d': 500.2195003344709, 'ign_k': 0.3242143344038317, 'ign_c': 18.43395662181926, 'trop_agb_crit': 1.6369193980425034, 'trop_k_veg': 4.51930447316402}.
[I 2026-06-09 12:14:31,079] Trial 665 finished with values: [-0.45204344307272193, 0.5249681235738539] and parameters: {'k1': 5.105542986365652e-05, 'D_low': 35.02761367842313, 'k2': 0.0009749762207436118, 'D_high': 39655.03094323017, 'fire_exp': 1.3340920378182823, 'P_half': 1.8942844905792813, 'pre_dampen_half': 673.2248920775328, 'gpp_af': 5.244830565633045, 'gpp_b': 1.7213644875359617e-05, 'gpp_d': 0.0735311909944862, 'ign_k': 3.4288109438625263, 'ign_c': 1.887567630782227, 'trop_agb_crit': 1.6369193980425034, 'trop_k_veg': 1.0540721475196824}.
[I 2026-06-09 12:14:32,182] Trial 666 finished with values: [12.964180548082519, 12.964180548082519] and parameters: {'k1': 0.0030219760889797966, 'D_low': 7.289548160413632, 'k2': 0.06994589881535453, 'D_high': 39655.03094323017, 'fire_exp': 1.1615865989246452, 'P_half': 17.655835392092534, 'pre_dampen_half': 340.6909167027263, 'gpp_af': 5.244830565633045, 'gpp_b': 0.002262927522655115, 'gpp_d': 19.698236672987143, 'ign_k': 0.3242143344038317, 'ign_c': 0.9083381663660584, 'trop_agb_crit': 6.475515989686909, 'trop_k_veg': 1.1984430479717227}.
[I 2026-06-09 12:14:33,269] Trial 667 finished with values: [10.158693299357239, 10.158693299357239] and parameters: {'k1': 9.969469187531805e-05, 'D_low': 1.2164034504723769, 'k2': 8.488887549001697e-05, 'D_high': 39655.03094323017, 'fire_exp': 1.4408046627835394, 'P_half': 28.647019533509873, 'pre_dampen_half': 673.2248920775328, 'gpp_af': 21.258647437649888, 'gpp_b': 0.0023077376416744504, 'gpp_d': 500.2195003344709, 'ign_k': 0.4026538983819272, 'ign_c': 18.43395662181926, 'trop_agb_crit': 1.5144860262751405, 'trop_k_veg': 3.6260119779455584}.
[I 2026-06-09 12:14:34,423] Trial 668 finished with values: [10.342026696820373, 10.342026696820373] and parameters: {'k1': 6.404854675916172e-05, 'D_low': 2.6691447170887805, 'k2': 4.540076719227351e-05, 'D_high': 18125.870836716233, 'fire_exp': 1.4848387260494937, 'P_half': 108.21382910613987, 'pre_dampen_half': 269.0845367054866, 'gpp_af': 1.3218737536384089, 'gpp_b': 0.002262927522655115, 'gpp_d': 1.5988721385117124, 'ign_k': 0.4303356629825978, 'ign_c': 0.21234210963705627, 'trop_agb_crit': 19.51558406059598, 'trop_k_veg': 4.51930447316402}.
[I 2026-06-09 12:14:35,591] Trial 669 finished with values: [-0.49959561097108435, 0.23783829924573396] and parameters: {'k1': 6.615437365561391e-05, 'D_low': 12.115155843077673, 'k2': 0.0005700142105246941, 'D_high': 18125.870836716233, 'fire_exp': 2.10707132280748, 'P_half': 50.32059347286801, 'pre_dampen_half': 269.0845367054866, 'gpp_af': 1.946375023772638, 'gpp_b': 0.00977702299083608, 'gpp_d': 467.0625946819548, 'ign_k': 0.4303356629825978, 'ign_c': 0.21234210963705627, 'trop_agb_crit': 19.51558406059598, 'trop_k_veg': 7.987006584710702}.
[I 2026-06-09 12:14:36,746] Trial 670 finished with values: [10.624357597238289, 10.624357597238289] and parameters: {'k1': 0.007519407491506672, 'D_low': 1.5590073239763045, 'k2': 0.0021314828404757746, 'D_high': 39655.03094323017, 'fire_exp': 2.4902446681314054, 'P_half': 1.4045842344024697, 'pre_dampen_half': 673.2248920775328, 'gpp_af': 76.89018770462671, 'gpp_b': 3.686869490609954e-05, 'gpp_d': 1.6983565276584263, 'ign_k': 0.3242143344038317, 'ign_c': 0.20319809838424974, 'trop_agb_crit': 1.259515631748535, 'trop_k_veg': 3.6260119779455584}.
[I 2026-06-09 12:14:37,887] Trial 671 finished with values: [10.332615783311779, 10.332615783311779] and parameters: {'k1': 0.007519407491506672, 'D_low': 2.3244932709566686, 'k2': 0.06994589881535453, 'D_high': 424.25976091860974, 'fire_exp': 1.14171776851287, 'P_half': 1.8942844905792813, 'pre_dampen_half': 11.164047352793695, 'gpp_af': 0.5107061330406066, 'gpp_b': 1.7213644875359617e-05, 'gpp_d': 26.003623362924223, 'ign_k': 3.4288109438625263, 'ign_c': 1.887567630782227, 'trop_agb_crit': 1.6369193980425034, 'trop_k_veg': 1.1517712915946832}.
[I 2026-06-09 12:14:39,018] Trial 672 finished with values: [10.862736755377219, 10.862736755377219] and parameters: {'k1': 0.007519407491506672, 'D_low': 2.3244932709566686, 'k2': 1.5412172709801895e-05, 'D_high': 39655.03094323017, 'fire_exp': 2.4902446681314054, 'P_half': 50.32059347286801, 'pre_dampen_half': 340.6909167027263, 'gpp_af': 1.3218737536384089, 'gpp_b': 1.6769522710907272, 'gpp_d': 26.003623362924223, 'ign_k': 3.1536006085184716, 'ign_c': 21.132597710340573, 'trop_agb_crit': 2.6695352180079177, 'trop_k_veg': 1.8981057964668895}.
[I 2026-06-09 12:14:40,154] Trial 673 finished with values: [10.235514337473333, 10.235514337473333] and parameters: {'k1': 9.969469187531805e-05, 'D_low': 35.02761367842313, 'k2': 0.0009749762207436118, 'D_high': 69868.4759244566, 'fire_exp': 1.4408046627835394, 'P_half': 1.4045842344024697, 'pre_dampen_half': 340.6909167027263, 'gpp_af': 1.8075983730158514, 'gpp_b': 3.686869490609954e-05, 'gpp_d': 7.070472286699648, 'ign_k': 0.008226074946221037, 'ign_c': 1.0022396791143333, 'trop_agb_crit': 2.679156169946616, 'trop_k_veg': 3.6260119779455584}.
[I 2026-06-09 12:14:41,355] Trial 674 finished with values: [-0.48713479104540436, 0.2775894730365671] and parameters: {'k1': 6.615437365561391e-05, 'D_low': 12.115155843077673, 'k2': 0.013475408399574632, 'D_high': 18125.870836716233, 'fire_exp': 1.157110862187662, 'P_half': 108.21382910613987, 'pre_dampen_half': 269.0845367054866, 'gpp_af': 1.3218737536384089, 'gpp_b': 0.050107402158164165, 'gpp_d': 26.003623362924223, 'ign_k': 0.0019264360371306567, 'ign_c': 0.21234210963705627, 'trop_agb_crit': 1.6059119829430093, 'trop_k_veg': 4.51930447316402}.
[I 2026-06-09 12:14:42,606] Trial 675 finished with values: [10.613153574996364, 10.613153574996364] and parameters: {'k1': 0.05832560268546887, 'D_low': 1.533916259116362, 'k2': 1.5412172709801895e-05, 'D_high': 69868.4759244566, 'fire_exp': 2.4902446681314054, 'P_half': 64.52946500764233, 'pre_dampen_half': 673.2248920775328, 'gpp_af': 0.5107061330406066, 'gpp_b': 0.0028993292583566945, 'gpp_d': 6.84039695411256, 'ign_k': 0.0018548376790967168, 'ign_c': 0.20319809838424974, 'trop_agb_crit': 1.259515631748535, 'trop_k_veg': 3.873927184873252}.
[I 2026-06-09 12:14:43,713] Trial 676 finished with values: [10.892857142659844, 10.892857142659844] and parameters: {'k1': 1.263794633808287e-05, 'D_low': 12.115155843077673, 'k2': 8.488887549001697e-05, 'D_high': 14268.845807630427, 'fire_exp': 1.060109541566103, 'P_half': 28.647019533509873, 'pre_dampen_half': 673.2248920775328, 'gpp_af': 0.32613327839065587, 'gpp_b': 2.036444166653217e-05, 'gpp_d': 0.2473046721099913, 'ign_k': 0.3242143344038317, 'ign_c': 326.6346436894065, 'trop_agb_crit': 1.6369193980425034, 'trop_k_veg': 4.51930447316402}.
[I 2026-06-09 12:14:44,802] Trial 677 finished with values: [10.07084903979911, 10.07084903979911] and parameters: {'k1': 6.404854675916172e-05, 'D_low': 12.115155843077673, 'k2': 0.0004135816738916685, 'D_high': 14268.845807630427, 'fire_exp': 1.0227532009936005, 'P_half': 50.32059347286801, 'pre_dampen_half': 340.6909167027263, 'gpp_af': 1.3218737536384089, 'gpp_b': 0.002262927522655115, 'gpp_d': 0.42885111268165765, 'ign_k': 1.1215915868662767, 'ign_c': 1.8836925134820866, 'trop_agb_crit': 3.0413586284254714, 'trop_k_veg': 4.51930447316402}.
[I 2026-06-09 12:14:45,902] Trial 678 finished with values: [10.628154349931389, 10.628154349931389] and parameters: {'k1': 6.404854675916172e-05, 'D_low': 1.8064907756357262, 'k2': 0.0009749762207436118, 'D_high': 26.198194454351665, 'fire_exp': 1.060109541566103, 'P_half': 1.4045842344024697, 'pre_dampen_half': 11.164047352793695, 'gpp_af': 1.3218737536384089, 'gpp_b': 0.10128854052229927, 'gpp_d': 99.3234953243749, 'ign_k': 0.3242143344038317, 'ign_c': 0.21234210963705627, 'trop_agb_crit': 19.51558406059598, 'trop_k_veg': 4.51930447316402}.
[I 2026-06-09 12:14:47,061] Trial 679 finished with values: [10.407865614007896, 10.407865614007896] and parameters: {'k1': 6.404854675916172e-05, 'D_low': 2.3244932709566686, 'k2': 0.01703663299029594, 'D_high': 18125.870836716233, 'fire_exp': 2.4902446681314054, 'P_half': 1.4045842344024697, 'pre_dampen_half': 340.6909167027263, 'gpp_af': 1.3218737536384089, 'gpp_b': 0.0028993292583566945, 'gpp_d': 1.6983565276584263, 'ign_k': 0.5456725485601477, 'ign_c': 0.20319809838424974, 'trop_agb_crit': 19.51558406059598, 'trop_k_veg': 4.51930447316402}.
[I 2026-06-09 12:14:48,358] Trial 680 finished with values: [10.652434029836341, 10.652434029836341] and parameters: {'k1': 5.105542986365652e-05, 'D_low': 1.533916259116362, 'k2': 0.06994589881535453, 'D_high': 14268.845807630427, 'fire_exp': 1.14171776851287, 'P_half': 1.8942844905792813, 'pre_dampen_half': 340.6909167027263, 'gpp_af': 5.244830565633045, 'gpp_b': 1.7213644875359617e-05, 'gpp_d': 1.5988721385117124, 'ign_k': 0.3242143344038317, 'ign_c': 1.0022396791143333, 'trop_agb_crit': 1.6369193980425034, 'trop_k_veg': 3.6260119779455584}.
[I 2026-06-09 12:14:49,622] Trial 681 finished with values: [10.09410145113014, 10.09410145113014] and parameters: {'k1': 1.263794633808287e-05, 'D_low': 1593.4806585556198, 'k2': 0.06994589881535453, 'D_high': 39655.03094323017, 'fire_exp': 1.608176525358426, 'P_half': 1.8942844905792813, 'pre_dampen_half': 673.2248920775328, 'gpp_af': 21.258647437649888, 'gpp_b': 1.7213644875359617e-05, 'gpp_d': 26.003623362924223, 'ign_k': 0.3242143344038317, 'ign_c': 18.43395662181926, 'trop_agb_crit': 2.064341235744835, 'trop_k_veg': 1.0540721475196824}.
[I 2026-06-09 12:14:50,953] Trial 682 finished with values: [10.638274966477528, 10.638274966477528] and parameters: {'k1': 0.01549659926581634, 'D_low': 12.115155843077673, 'k2': 1.3357240411974104e-05, 'D_high': 69868.4759244566, 'fire_exp': 2.10707132280748, 'P_half': 1.4045842344024697, 'pre_dampen_half': 566.2858823465564, 'gpp_af': 1.8075983730158514, 'gpp_b': 5.0279186721731925e-05, 'gpp_d': 0.0735311909944862, 'ign_k': 0.008226074946221037, 'ign_c': 21.132597710340573, 'trop_agb_crit': 19.51558406059598, 'trop_k_veg': 4.51930447316402}.
[I 2026-06-09 12:14:52,090] Trial 683 finished with values: [10.892857142659844, 10.892857142659844] and parameters: {'k1': 0.05832560268546887, 'D_low': 35.02761367842313, 'k2': 0.0009749762207436118, 'D_high': 39655.03094323017, 'fire_exp': 5.784757193037464, 'P_half': 1.4045842344024697, 'pre_dampen_half': 673.2248920775328, 'gpp_af': 5.244830565633045, 'gpp_b': 3.686869490609954e-05, 'gpp_d': 0.0735311909944862, 'ign_k': 1.5532973289514227, 'ign_c': 55.24095129928624, 'trop_agb_crit': 1.6369193980425034, 'trop_k_veg': 3.6260119779455584}.
[I 2026-06-09 12:14:53,214] Trial 684 finished with values: [10.053061755386278, 10.053061755386278] and parameters: {'k1': 6.404854675916172e-05, 'D_low': 12.115155843077673, 'k2': 0.06994589881535453, 'D_high': 18125.870836716233, 'fire_exp': 1.4848387260494937, 'P_half': 108.21382910613987, 'pre_dampen_half': 340.6909167027263, 'gpp_af': 1.3218737536384089, 'gpp_b': 0.002262927522655115, 'gpp_d': 1.5988721385117124, 'ign_k': 0.3242143344038317, 'ign_c': 5.52501242785453, 'trop_agb_crit': 16.145083800484247, 'trop_k_veg': 0.6977761641879398}.
[I 2026-06-09 12:14:54,348] Trial 685 finished with values: [10.253258418929011, 10.253258418929011] and parameters: {'k1': 0.0015064557931192917, 'D_low': 12.115155843077673, 'k2': 1.5412172709801895e-05, 'D_high': 69868.4759244566, 'fire_exp': 2.4902446681314054, 'P_half': 1.4045842344024697, 'pre_dampen_half': 673.2248920775328, 'gpp_af': 0.5107061330406066, 'gpp_b': 0.0028993292583566945, 'gpp_d': 1.6983565276584263, 'ign_k': 0.5456725485601477, 'ign_c': 1.8836925134820866, 'trop_agb_crit': 1.0197794118421077, 'trop_k_veg': 1.1517712915946832}.
[I 2026-06-09 12:14:55,596] Trial 686 finished with values: [10.365497274024484, 10.365497274024484] and parameters: {'k1': 0.00234238498471129, 'D_low': 1.254144753902608, 'k2': 0.06994589881535453, 'D_high': 20.59802236544963, 'fire_exp': 1.14171776851287, 'P_half': 28.647019533509873, 'pre_dampen_half': 673.2248920775328, 'gpp_af': 0.0012900833126964447, 'gpp_b': 1.7213644875359617e-05, 'gpp_d': 27.50607428241511, 'ign_k': 0.5456725485601477, 'ign_c': 0.9083381663660584, 'trop_agb_crit': 2.064341235744835, 'trop_k_veg': 4.8737397608275925}.
[I 2026-06-09 12:14:56,811] Trial 687 finished with values: [-0.4704766485034937, 0.36669588286217425] and parameters: {'k1': 0.007519407491506672, 'D_low': 1.533916259116362, 'k2': 1.3357240411974104e-05, 'D_high': 41821.78526757458, 'fire_exp': 1.060109541566103, 'P_half': 45.55085098454082, 'pre_dampen_half': 340.6909167027263, 'gpp_af': 1.8075983730158514, 'gpp_b': 0.0006724850206557243, 'gpp_d': 0.0735311909944862, 'ign_k': 0.5456725485601477, 'ign_c': 1.0022396791143333, 'trop_agb_crit': 2.679156169946616, 'trop_k_veg': 3.6260119779455584}.
[I 2026-06-09 12:14:57,959] Trial 688 finished with values: [10.656425131364077, 10.656425131364077] and parameters: {'k1': 6.404854675916172e-05, 'D_low': 102.53722513378383, 'k2': 0.06994589881535453, 'D_high': 3512.7047262708465, 'fire_exp': 2.111474446641426, 'P_half': 1.8942844905792813, 'pre_dampen_half': 340.6909167027263, 'gpp_af': 1.3218737536384089, 'gpp_b': 2.036444166653217e-05, 'gpp_d': 1.2434469102435366, 'ign_k': 0.004224235973517089, 'ign_c': 0.21234210963705627, 'trop_agb_crit': 8.404607864475192, 'trop_k_veg': 1.3811271458665881}.
[I 2026-06-09 12:14:59,176] Trial 689 finished with values: [10.892820304776144, 10.892820304776144] and parameters: {'k1': 0.0004846497679219079, 'D_low': 38.43180360935465, 'k2': 8.488887549001697e-05, 'D_high': 18125.870836716233, 'fire_exp': 1.14171776851287, 'P_half': 28.647019533509873, 'pre_dampen_half': 673.2248920775328, 'gpp_af': 21.258647437649888, 'gpp_b': 3.686869490609954e-05, 'gpp_d': 0.0735311909944862, 'ign_k': 0.3242143344038317, 'ign_c': 55.24095129928624, 'trop_agb_crit': 1.5144860262751405, 'trop_k_veg': 4.8737397608275925}.
[I 2026-06-09 12:15:00,312] Trial 690 finished with values: [-0.5579834148578697, 0.19742442692662066] and parameters: {'k1': 0.007519407491506672, 'D_low': 35.02761367842313, 'k2': 0.0009749762207436118, 'D_high': 39655.03094323017, 'fire_exp': 1.4408046627835394, 'P_half': 1.4045842344024697, 'pre_dampen_half': 17.849597677210657, 'gpp_af': 0.13767835510755025, 'gpp_b': 0.0028993292583566945, 'gpp_d': 1.6983565276584263, 'ign_k': 0.3242143344038317, 'ign_c': 0.20319809838424974, 'trop_agb_crit': 1.259515631748535, 'trop_k_veg': 1.1517712915946832}.
[I 2026-06-09 12:15:01,499] Trial 691 finished with values: [10.377783917511197, 10.377783917511197] and parameters: {'k1': 0.00515305301141249, 'D_low': 2.7012557725439073, 'k2': 1.5412172709801895e-05, 'D_high': 3512.7047262708465, 'fire_exp': 1.060109541566103, 'P_half': 17.655835392092534, 'pre_dampen_half': 151.32148777056312, 'gpp_af': 0.0018077112775902943, 'gpp_b': 0.0006724850206557243, 'gpp_d': 1.2434469102435366, 'ign_k': 0.004224235973517089, 'ign_c': 0.20319809838424974, 'trop_agb_crit': 1.5144860262751405, 'trop_k_veg': 3.6260119779455584}.
[I 2026-06-09 12:15:02,765] Trial 692 finished with values: [-0.49953516524968594, 0.2049321278126498] and parameters: {'k1': 0.015161591075671724, 'D_low': 2.7012557725439073, 'k2': 0.0005700142105246941, 'D_high': 3512.7047262708465, 'fire_exp': 1.060109541566103, 'P_half': 818.2111518618419, 'pre_dampen_half': 151.32148777056312, 'gpp_af': 0.0018077112775902943, 'gpp_b': 2.036444166653217e-05, 'gpp_d': 1.2434469102435366, 'ign_k': 0.004224235973517089, 'ign_c': 1.0022396791143333, 'trop_agb_crit': 8.404607864475192, 'trop_k_veg': 5.06204715641377}.
[I 2026-06-09 12:15:03,940] Trial 693 finished with values: [10.679748916940023, 10.679748916940023] and parameters: {'k1': 0.01549659926581634, 'D_low': 35.02761367842313, 'k2': 0.037633129263701104, 'D_high': 6051.580666890615, 'fire_exp': 1.1615865989246452, 'P_half': 1.4045842344024697, 'pre_dampen_half': 673.2248920775328, 'gpp_af': 5.244830565633045, 'gpp_b': 0.0006724850206557243, 'gpp_d': 0.8765778781781631, 'ign_k': 0.5456725485601477, 'ign_c': 6.234110422257375, 'trop_agb_crit': 1.5144860262751405, 'trop_k_veg': 4.51930447316402}.
[I 2026-06-09 12:15:05,047] Trial 694 finished with values: [-0.4925069150742033, 0.27136221930471094] and parameters: {'k1': 8.916132699546889e-05, 'D_low': 125.32726386250698, 'k2': 8.488887549001697e-05, 'D_high': 39655.03094323017, 'fire_exp': 2.361847168342505, 'P_half': 17.655835392092534, 'pre_dampen_half': 673.2248920775328, 'gpp_af': 0.013688256550323697, 'gpp_b': 1.7213644875359617e-05, 'gpp_d': 500.2195003344709, 'ign_k': 0.3242143344038317, 'ign_c': 0.9083381663660584, 'trop_agb_crit': 2.064341235744835, 'trop_k_veg': 1.1984430479717227}.
[I 2026-06-09 12:15:06,152] Trial 695 finished with values: [10.792656168031158, 10.792656168031158] and parameters: {'k1': 5.105542986365652e-05, 'D_low': 1593.4806585556198, 'k2': 0.06994589881535453, 'D_high': 18125.870836716233, 'fire_exp': 1.14171776851287, 'P_half': 108.21382910613987, 'pre_dampen_half': 0.023226277943865486, 'gpp_af': 1.3218737536384089, 'gpp_b': 1.7213644875359617e-05, 'gpp_d': 1.5988721385117124, 'ign_k': 0.4303356629825978, 'ign_c': 0.21234210963705627, 'trop_agb_crit': 19.51558406059598, 'trop_k_veg': 4.51930447316402}.
[I 2026-06-09 12:15:07,319] Trial 696 finished with values: [10.719549199665227, 10.719549199665227] and parameters: {'k1': 6.615437365561391e-05, 'D_low': 259.29513803785335, 'k2': 0.0005700142105246941, 'D_high': 39655.03094323017, 'fire_exp': 2.10707132280748, 'P_half': 50.32059347286801, 'pre_dampen_half': 17.849597677210657, 'gpp_af': 0.13767835510755025, 'gpp_b': 0.00977702299083608, 'gpp_d': 467.0625946819548, 'ign_k': 0.3242143344038317, 'ign_c': 1.8836925134820866, 'trop_agb_crit': 9.705799765882318, 'trop_k_veg': 4.51930447316402}.
[I 2026-06-09 12:15:08,548] Trial 697 finished with values: [10.892776440485498, 10.892776440485498] and parameters: {'k1': 0.05832560268546887, 'D_low': 12.115155843077673, 'k2': 4.540076719227351e-05, 'D_high': 39655.03094323017, 'fire_exp': 1.060109541566103, 'P_half': 300.58090246151403, 'pre_dampen_half': 673.2248920775328, 'gpp_af': 5.244830565633045, 'gpp_b': 3.686869490609954e-05, 'gpp_d': 0.0735311909944862, 'ign_k': 0.3242143344038317, 'ign_c': 55.24095129928624, 'trop_agb_crit': 1.6369193980425034, 'trop_k_veg': 3.6260119779455584}.
[I 2026-06-09 12:15:09,844] Trial 698 finished with values: [11.190779125449598, 11.190779125449598] and parameters: {'k1': 0.00234238498471129, 'D_low': 2.3244932709566686, 'k2': 1.5412172709801895e-05, 'D_high': 69868.4759244566, 'fire_exp': 1.14171776851287, 'P_half': 1.4045842344024697, 'pre_dampen_half': 673.2248920775328, 'gpp_af': 0.5107061330406066, 'gpp_b': 0.0028993292583566945, 'gpp_d': 1.6983565276584263, 'ign_k': 3.4288109438625263, 'ign_c': 0.9083381663660584, 'trop_agb_crit': 1.259515631748535, 'trop_k_veg': 1.1517712915946832}.
[I 2026-06-09 12:15:11,302] Trial 699 finished with values: [-0.48716155598526223, 0.2754687167658302] and parameters: {'k1': 0.00515305301141249, 'D_low': 12.115155843077673, 'k2': 1.5412172709801895e-05, 'D_high': 41821.78526757458, 'fire_exp': 1.608176525358426, 'P_half': 71.44571308652827, 'pre_dampen_half': 673.2248920775328, 'gpp_af': 1.3218737536384089, 'gpp_b': 0.0006724850206557243, 'gpp_d': 0.7923715993309053, 'ign_k': 0.4235909356730625, 'ign_c': 0.20319809838424974, 'trop_agb_crit': 1.3063813396521713, 'trop_k_veg': 5.476805317861599}.
[I 2026-06-09 12:15:12,445] Trial 700 finished with values: [10.060642190053708, 10.060642190053708] and parameters: {'k1': 6.404854675916172e-05, 'D_low': 12.115155843077673, 'k2': 0.0005700142105246941, 'D_high': 39655.03094323017, 'fire_exp': 2.10707132280748, 'P_half': 108.21382910613987, 'pre_dampen_half': 340.6909167027263, 'gpp_af': 1.3218737536384089, 'gpp_b': 2.036444166653217e-05, 'gpp_d': 467.0625946819548, 'ign_k': 0.3242143344038317, 'ign_c': 1.8836925134820866, 'trop_agb_crit': 19.51558406059598, 'trop_k_veg': 1.8981057964668895}.
[I 2026-06-09 12:15:13,592] Trial 701 finished with values: [-0.45762424762225, 0.31895354630410466] and parameters: {'k1': 6.404854675916172e-05, 'D_low': 12.115155843077673, 'k2': 4.540076719227351e-05, 'D_high': 26.198194454351665, 'fire_exp': 1.060109541566103, 'P_half': 149.35213816355395, 'pre_dampen_half': 340.6909167027263, 'gpp_af': 1.3218737536384089, 'gpp_b': 2.036444166653217e-05, 'gpp_d': 1.5988721385117124, 'ign_k': 0.3242143344038317, 'ign_c': 0.21234210963705627, 'trop_agb_crit': 19.51558406059598, 'trop_k_veg': 4.51930447316402}.
