[I 2026-08-06 09:07:37,306] Trial 1069 finished with values: [10.016314042551954, 10.016314042551954] and parameters: {'k1': 0.008471801418819975, 'D_low': 5.59983195169599, 'k2': 0.032845299795769424, 'D_high': 2940.51756322311, 'fire_exp': 1.165368636520435, 'P_half': 4.213183643253957, 'pre_dampen_half': 107.40052367919465, 'gpp_af': 0.0014188461251885575, 'gpp_b': 1.284284091405877e-05, 'gpp_d': 1.493264336549928, 'ign_k': 8.708806168038567, 'ign_c': 20.03995359361212, 'trop_agb_crit': 7.500118950416987, 'trop_k_veg': 1.9938441068366917}.
[I 2026-08-06 09:07:38,459] Trial 1070 finished with values: [-0.6394105890663546, 0.41854142903196667] and parameters: {'k1': 0.016748279468858224, 'D_low': 4.484744524732794, 'k2': 0.032845299795769424, 'D_high': 2940.51756322311, 'fire_exp': 1.0629462657398439, 'P_half': 12.808863354047988, 'pre_dampen_half': 502.5175192217655, 'gpp_af': 0.1476584299248268, 'gpp_b': 0.0005752434266899163, 'gpp_d': 431.69073113052116, 'ign_k': 8.708806168038567, 'ign_c': 1.391961287132517, 'trop_agb_crit': 7.500118950416987, 'trop_k_veg': 1.4584243470991722}.
[I 2026-08-06 09:07:39,626] Trial 1071 finished with values: [10.6865449657803, 10.6865449657803] and parameters: {'k1': 0.01889771394135163, 'D_low': 1835.641027683099, 'k2': 0.012758211164590085, 'D_high': 2940.51756322311, 'fire_exp': 1.0629462657398439, 'P_half': 12.808863354047988, 'pre_dampen_half': 552.4163637315892, 'gpp_af': 0.1476584299248268, 'gpp_b': 0.0005752434266899163, 'gpp_d': 202.69824187860777, 'ign_k': 8.708806168038567, 'ign_c': 20.03995359361212, 'trop_agb_crit': 7.500118950416987, 'trop_k_veg': 1.4584243470991722}.
[I 2026-08-06 09:07:40,733] Trial 1072 finished with values: [-0.6366875196811914, 0.31573847213246764] and parameters: {'k1': 0.01889771394135163, 'D_low': 12.105387404469584, 'k2': 0.032845299795769424, 'D_high': 2940.51756322311, 'fire_exp': 1.0629462657398439, 'P_half': 12.808863354047988, 'pre_dampen_half': 502.5175192217655, 'gpp_af': 0.1476584299248268, 'gpp_b': 0.0005752434266899163, 'gpp_d': 150.14555442537656, 'ign_k': 8.708806168038567, 'ign_c': 20.03995359361212, 'trop_agb_crit': 7.500118950416987, 'trop_k_veg': 1.9358464828856796}.
[I 2026-08-06 09:07:41,822] Trial 1073 finished with values: [-0.6232779507345297, 0.22277484894961197] and parameters: {'k1': 0.016748279468858224, 'D_low': 5.59983195169599, 'k2': 0.032845299795769424, 'D_high': 1537.4098204111451, 'fire_exp': 1.0629462657398439, 'P_half': 4.213183643253957, 'pre_dampen_half': 107.40052367919465, 'gpp_af': 0.0014188461251885575, 'gpp_b': 1.284284091405877e-05, 'gpp_d': 84.31013932082456, 'ign_k': 8.708806168038567, 'ign_c': 8.40543912931368, 'trop_agb_crit': 7.500118950416987, 'trop_k_veg': 2.4855199240230106}.
[I 2026-08-06 09:07:43,360] Trial 1074 finished with values: [10.76922387319514, 10.76922387319514] and parameters: {'k1': 0.01889771394135163, 'D_low': 4.484744524732794, 'k2': 0.012758211164590085, 'D_high': 2940.51756322311, 'fire_exp': 7.022865300833442, 'P_half': 4739.211978755633, 'pre_dampen_half': 107.40052367919465, 'gpp_af': 0.00515795696727661, 'gpp_b': 0.0005752434266899163, 'gpp_d': 150.14555442537656, 'ign_k': 8.708806168038567, 'ign_c': 12.129193069150809, 'trop_agb_crit': 7.500118950416987, 'trop_k_veg': 2.520089655463604}.
[I 2026-08-06 09:07:44,490] Trial 1075 finished with values: [-0.624969375024566, 0.2593474667090625] and parameters: {'k1': 0.01889771394135163, 'D_low': 5.59983195169599, 'k2': 0.005082220961627801, 'D_high': 1588.2035726402378, 'fire_exp': 1.0629462657398439, 'P_half': 12.808863354047988, 'pre_dampen_half': 107.40052367919465, 'gpp_af': 0.1476584299248268, 'gpp_b': 0.0005752434266899163, 'gpp_d': 84.31013932082456, 'ign_k': 8.708806168038567, 'ign_c': 0.557280750002996, 'trop_agb_crit': 7.500118950416987, 'trop_k_veg': 2.520089655463604}.
[I 2026-08-06 09:07:45,602] Trial 1076 finished with values: [-0.6242295679135335, 0.19762273861243584] and parameters: {'k1': 0.016748279468858224, 'D_low': 5.59983195169599, 'k2': 0.032845299795769424, 'D_high': 1537.4098204111451, 'fire_exp': 1.0629462657398439, 'P_half': 97.0660675687761, 'pre_dampen_half': 552.4163637315892, 'gpp_af': 0.1476584299248268, 'gpp_b': 0.004821867175721073, 'gpp_d': 229.41380323183625, 'ign_k': 5.351470428717437, 'ign_c': 0.557280750002996, 'trop_agb_crit': 7.500118950416987, 'trop_k_veg': 1.4584243470991722}.
[I 2026-08-06 09:07:46,712] Trial 1077 finished with values: [10.670005111200464, 10.670005111200464] and parameters: {'k1': 0.01889771394135163, 'D_low': 12.105387404469584, 'k2': 0.006027551301719578, 'D_high': 1177.190025324204, 'fire_exp': 1.0629462657398439, 'P_half': 97.0660675687761, 'pre_dampen_half': 0.18247572627389955, 'gpp_af': 0.1476584299248268, 'gpp_b': 0.004821867175721073, 'gpp_d': 229.41380323183625, 'ign_k': 5.351470428717437, 'ign_c': 0.557280750002996, 'trop_agb_crit': 7.500118950416987, 'trop_k_veg': 0.6673124511410327}.
[I 2026-08-06 09:07:47,845] Trial 1078 finished with values: [-0.6143832145201615, 0.2766107490616361] and parameters: {'k1': 0.01889771394135163, 'D_low': 12.105387404469584, 'k2': 0.032845299795769424, 'D_high': 2940.51756322311, 'fire_exp': 1.0629462657398439, 'P_half': 4.213183643253957, 'pre_dampen_half': 107.40052367919465, 'gpp_af': 0.00515795696727661, 'gpp_b': 0.0001605469768042801, 'gpp_d': 1.493264336549928, 'ign_k': 8.708806168038567, 'ign_c': 0.9580682294110432, 'trop_agb_crit': 10.965064494899984, 'trop_k_veg': 0.808936329875387}.
[I 2026-08-06 09:07:48,960] Trial 1079 finished with values: [-0.6093022986271172, 0.2312457667036909] and parameters: {'k1': 0.010475330041760883, 'D_low': 12.105387404469584, 'k2': 0.005082220961627801, 'D_high': 1177.190025324204, 'fire_exp': 1.1430983876313219, 'P_half': 12.808863354047988, 'pre_dampen_half': 552.4163637315892, 'gpp_af': 0.1476584299248268, 'gpp_b': 0.0005752434266899163, 'gpp_d': 229.41380323183625, 'ign_k': 8.708806168038567, 'ign_c': 0.557280750002996, 'trop_agb_crit': 4.789307037039607, 'trop_k_veg': 0.6673124511410327}.
[I 2026-08-06 09:07:50,113] Trial 1080 finished with values: [10.731552502081296, 10.731552502081296] and parameters: {'k1': 0.01889771394135163, 'D_low': 2333.4269612839603, 'k2': 0.012758211164590085, 'D_high': 2940.51756322311, 'fire_exp': 1.0629462657398439, 'P_half': 12.808863354047988, 'pre_dampen_half': 107.40052367919465, 'gpp_af': 0.1476584299248268, 'gpp_b': 0.0005752434266899163, 'gpp_d': 84.31013932082456, 'ign_k': 8.708806168038567, 'ign_c': 0.557280750002996, 'trop_agb_crit': 7.500118950416987, 'trop_k_veg': 1.4584243470991722}.
[I 2026-08-06 09:07:51,236] Trial 1081 finished with values: [-0.6378219591214007, 0.31711442512987487] and parameters: {'k1': 0.01889771394135163, 'D_low': 4.484744524732794, 'k2': 0.032845299795769424, 'D_high': 2940.51756322311, 'fire_exp': 1.0629462657398439, 'P_half': 12.808863354047988, 'pre_dampen_half': 502.5175192217655, 'gpp_af': 0.1476584299248268, 'gpp_b': 0.0005752434266899163, 'gpp_d': 431.69073113052116, 'ign_k': 8.708806168038567, 'ign_c': 20.03995359361212, 'trop_agb_crit': 7.500118950416987, 'trop_k_veg': 1.9358464828856796}.
[I 2026-08-06 09:07:52,336] Trial 1082 finished with values: [10.49242641124046, 10.49242641124046] and parameters: {'k1': 0.01889771394135163, 'D_low': 820.2811066259796, 'k2': 0.032845299795769424, 'D_high': 2940.51756322311, 'fire_exp': 1.0629462657398439, 'P_half': 12.808863354047988, 'pre_dampen_half': 502.5175192217655, 'gpp_af': 0.0014188461251885575, 'gpp_b': 1.284284091405877e-05, 'gpp_d': 84.31013932082456, 'ign_k': 8.708806168038567, 'ign_c': 0.557280750002996, 'trop_agb_crit': 7.500118950416987, 'trop_k_veg': 4.304333272300736}.
[I 2026-08-06 09:07:53,444] Trial 1083 finished with values: [-0.61688777269992, 0.3968105349267882] and parameters: {'k1': 0.03635503353478365, 'D_low': 1.9623826481168343, 'k2': 0.03538758864779238, 'D_high': 2940.51756322311, 'fire_exp': 1.0629462657398439, 'P_half': 12.808863354047988, 'pre_dampen_half': 107.40052367919465, 'gpp_af': 0.18069041761817034, 'gpp_b': 0.0005752434266899163, 'gpp_d': 150.14555442537656, 'ign_k': 8.708806168038567, 'ign_c': 8.40543912931368, 'trop_agb_crit': 10.965064494899984, 'trop_k_veg': 0.6743482387129308}.
[I 2026-08-06 09:07:54,583] Trial 1084 finished with values: [10.465286154284426, 10.465286154284426] and parameters: {'k1': 0.01889771394135163, 'D_low': 421.35422275955125, 'k2': 0.03538758864779238, 'D_high': 1588.2035726402378, 'fire_exp': 1.0629462657398439, 'P_half': 4.213183643253957, 'pre_dampen_half': 552.4163637315892, 'gpp_af': 0.00515795696727661, 'gpp_b': 0.0005752434266899163, 'gpp_d': 229.41380323183625, 'ign_k': 5.351470428717437, 'ign_c': 0.5125250278169615, 'trop_agb_crit': 6.383676143682316, 'trop_k_veg': 1.4584243470991722}.
[I 2026-08-06 09:07:55,689] Trial 1085 finished with values: [-0.6246178549352861, 0.3111193382620622] and parameters: {'k1': 0.008471801418819975, 'D_low': 4.484744524732794, 'k2': 0.03538758864779238, 'D_high': 2940.51756322311, 'fire_exp': 1.0629462657398439, 'P_half': 12.808863354047988, 'pre_dampen_half': 552.4163637315892, 'gpp_af': 0.1476584299248268, 'gpp_b': 0.0005752434266899163, 'gpp_d': 229.41380323183625, 'ign_k': 8.708806168038567, 'ign_c': 20.03995359361212, 'trop_agb_crit': 7.500118950416987, 'trop_k_veg': 1.9938441068366917}.
[I 2026-08-06 09:07:56,785] Trial 1086 finished with values: [10.009546092211556, 10.009546092211556] and parameters: {'k1': 0.01889771394135163, 'D_low': 12.105387404469584, 'k2': 0.004013372552381595, 'D_high': 2940.51756322311, 'fire_exp': 1.0629462657398439, 'P_half': 12.808863354047988, 'pre_dampen_half': 107.40052367919465, 'gpp_af': 83.82020094010382, 'gpp_b': 0.0005752434266899163, 'gpp_d': 84.31013932082456, 'ign_k': 8.708806168038567, 'ign_c': 0.8916132699546893, 'trop_agb_crit': 7.500118950416987, 'trop_k_veg': 6.725083898154698}.
[I 2026-08-06 09:07:57,892] Trial 1087 finished with values: [10.623447069794716, 10.623447069794716] and parameters: {'k1': 0.01889771394135163, 'D_low': 4.484744524732794, 'k2': 0.012758211164590085, 'D_high': 14.883152891273634, 'fire_exp': 1.1430983876313219, 'P_half': 97.0660675687761, 'pre_dampen_half': 552.4163637315892, 'gpp_af': 0.1476584299248268, 'gpp_b': 0.0005752434266899163, 'gpp_d': 229.41380323183625, 'ign_k': 5.351470428717437, 'ign_c': 0.557280750002996, 'trop_agb_crit': 7.861566638880103, 'trop_k_veg': 4.167664671344212}.
[I 2026-08-06 09:07:58,984] Trial 1088 finished with values: [10.698279958915709, 10.698279958915709] and parameters: {'k1': 0.004312951023617458, 'D_low': 12.105387404469584, 'k2': 0.012758211164590085, 'D_high': 1177.190025324204, 'fire_exp': 1.0629462657398439, 'P_half': 97.0660675687761, 'pre_dampen_half': 0.06669205177379639, 'gpp_af': 0.1476584299248268, 'gpp_b': 0.004821867175721073, 'gpp_d': 84.31013932082456, 'ign_k': 8.708806168038567, 'ign_c': 0.557280750002996, 'trop_agb_crit': 25.382873076016292, 'trop_k_veg': 6.092557528471241}.
[I 2026-08-06 09:08:00,157] Trial 1089 finished with values: [10.769230769178105, 10.769230769178105] and parameters: {'k1': 0.01889771394135163, 'D_low': 5.59983195169599, 'k2': 0.032845299795769424, 'D_high': 33.64457865463594, 'fire_exp': 1.0629462657398439, 'P_half': 12.808863354047988, 'pre_dampen_half': 552.4163637315892, 'gpp_af': 0.1476584299248268, 'gpp_b': 0.0005752434266899163, 'gpp_d': 229.41380323183625, 'ign_k': 8.708806168038567, 'ign_c': 80.15297379101396, 'trop_agb_crit': 1.14876138417489, 'trop_k_veg': 4.827048490046812}.
[I 2026-08-06 09:08:01,277] Trial 1090 finished with values: [10.769230769178105, 10.769230769178105] and parameters: {'k1': 7.145711288893928e-05, 'D_low': 12.105387404469584, 'k2': 0.012758211164590085, 'D_high': 1588.2035726402378, 'fire_exp': 1.0629462657398439, 'P_half': 4.213183643253957, 'pre_dampen_half': 107.40052367919465, 'gpp_af': 0.33826998546858356, 'gpp_b': 0.0005752434266899163, 'gpp_d': 84.31013932082456, 'ign_k': 9.226223582279749, 'ign_c': 230.5749441128578, 'trop_agb_crit': 7.500118950416987, 'trop_k_veg': 2.520089655463604}.
[I 2026-08-06 09:08:02,404] Trial 1091 finished with values: [-0.6260306899986872, 0.3173823037620509] and parameters: {'k1': 0.008471801418819975, 'D_low': 4.484744524732794, 'k2': 0.008535052150482593, 'D_high': 2940.51756322311, 'fire_exp': 1.0629462657398439, 'P_half': 4.213183643253957, 'pre_dampen_half': 552.4163637315892, 'gpp_af': 0.1476584299248268, 'gpp_b': 0.0005752434266899163, 'gpp_d': 229.41380323183625, 'ign_k': 8.708806168038567, 'ign_c': 20.03995359361212, 'trop_agb_crit': 7.500118950416987, 'trop_k_veg': 1.9938441068366917}.
[I 2026-08-06 09:08:03,892] Trial 1092 finished with values: [10.525844614554249, 10.525844614554249] and parameters: {'k1': 0.008471801418819975, 'D_low': 12.105387404469584, 'k2': 0.032845299795769424, 'D_high': 2940.51756322311, 'fire_exp': 1.0629462657398439, 'P_half': 4.213183643253957, 'pre_dampen_half': 5.1426388628909985, 'gpp_af': 0.00515795696727661, 'gpp_b': 0.0005752434266899163, 'gpp_d': 229.41380323183625, 'ign_k': 8.708806168038567, 'ign_c': 20.03995359361212, 'trop_agb_crit': 10.965064494899984, 'trop_k_veg': 2.5693274401176227}.
[I 2026-08-06 09:08:05,032] Trial 1093 finished with values: [-0.6185887068625607, 0.2934521546962552] and parameters: {'k1': 0.01889771394135163, 'D_low': 70.18267183720735, 'k2': 0.012758211164590085, 'D_high': 1537.4098204111451, 'fire_exp': 1.0629462657398439, 'P_half': 12.808863354047988, 'pre_dampen_half': 552.4163637315892, 'gpp_af': 0.1476584299248268, 'gpp_b': 0.0005752434266899163, 'gpp_d': 150.14555442537656, 'ign_k': 8.708806168038567, 'ign_c': 0.557280750002996, 'trop_agb_crit': 25.382873076016292, 'trop_k_veg': 0.6673124511410327}.
[I 2026-08-06 09:08:06,119] Trial 1094 finished with values: [-0.637065560002414, 0.3156272222958617] and parameters: {'k1': 0.016748279468858224, 'D_low': 4.484744524732794, 'k2': 0.03538758864779238, 'D_high': 2940.51756322311, 'fire_exp': 1.0629462657398439, 'P_half': 12.808863354047988, 'pre_dampen_half': 502.5175192217655, 'gpp_af': 0.1476584299248268, 'gpp_b': 0.0005752434266899163, 'gpp_d': 431.69073113052116, 'ign_k': 8.708806168038567, 'ign_c': 20.03995359361212, 'trop_agb_crit': 7.500118950416987, 'trop_k_veg': 1.9938441068366917}.
[I 2026-08-06 09:08:07,226] Trial 1095 finished with values: [-0.6306100350533859, 0.37618992403303586] and parameters: {'k1': 0.01889771394135163, 'D_low': 1.9623826481168343, 'k2': 0.012758211164590085, 'D_high': 2940.51756322311, 'fire_exp': 1.0629462657398439, 'P_half': 4.213183643253957, 'pre_dampen_half': 552.4163637315892, 'gpp_af': 0.0014188461251885575, 'gpp_b': 1.284284091405877e-05, 'gpp_d': 84.31013932082456, 'ign_k': 0.10800458379640943, 'ign_c': 0.557280750002996, 'trop_agb_crit': 7.500118950416987, 'trop_k_veg': 2.520089655463604}.
[I 2026-08-06 09:08:08,332] Trial 1096 finished with values: [-0.6253278395932497, 0.2222045391133134] and parameters: {'k1': 0.01889771394135163, 'D_low': 12.105387404469584, 'k2': 0.032845299795769424, 'D_high': 1177.190025324204, 'fire_exp': 1.1430983876313219, 'P_half': 1.1069424888528068, 'pre_dampen_half': 552.4163637315892, 'gpp_af': 0.030742717663402135, 'gpp_b': 0.0005752434266899163, 'gpp_d': 150.14555442537656, 'ign_k': 0.18200694976756818, 'ign_c': 0.557280750002996, 'trop_agb_crit': 10.965064494899984, 'trop_k_veg': 3.376529607942905}.
[I 2026-08-06 09:08:09,439] Trial 1097 finished with values: [-0.6233621762403354, 0.24360443210934024] and parameters: {'k1': 0.016748279468858224, 'D_low': 5.59983195169599, 'k2': 0.012758211164590085, 'D_high': 1588.2035726402378, 'fire_exp': 1.0629462657398439, 'P_half': 12.808863354047988, 'pre_dampen_half': 552.4163637315892, 'gpp_af': 0.1476584299248268, 'gpp_b': 0.0005752434266899163, 'gpp_d': 232.60260771259067, 'ign_k': 8.708806168038567, 'ign_c': 0.557280750002996, 'trop_agb_crit': 1.14876138417489, 'trop_k_veg': 1.4584243470991722}.
[I 2026-08-06 09:08:10,617] Trial 1098 finished with values: [10.05329195498252, 10.05329195498252] and parameters: {'k1': 0.01889771394135163, 'D_low': 5.59983195169599, 'k2': 0.012758211164590085, 'D_high': 1177.190025324204, 'fire_exp': 1.1430983876313219, 'P_half': 4.213183643253957, 'pre_dampen_half': 107.40052367919465, 'gpp_af': 0.1476584299248268, 'gpp_b': 0.0005752434266899163, 'gpp_d': 431.69073113052116, 'ign_k': 5.351470428717437, 'ign_c': 20.03995359361212, 'trop_agb_crit': 25.382873076016292, 'trop_k_veg': 0.6673124511410327}.
[I 2026-08-06 09:08:11,720] Trial 1099 finished with values: [-0.6097631865322157, 0.31318014159211227] and parameters: {'k1': 0.01889771394135163, 'D_low': 12.105387404469584, 'k2': 0.012758211164590085, 'D_high': 2940.51756322311, 'fire_exp': 1.0629462657398439, 'P_half': 12.808863354047988, 'pre_dampen_half': 552.4163637315892, 'gpp_af': 0.1476584299248268, 'gpp_b': 0.0005752434266899163, 'gpp_d': 84.31013932082456, 'ign_k': 0.3508854952536169, 'ign_c': 20.03995359361212, 'trop_agb_crit': 7.500118950416987, 'trop_k_veg': 2.520089655463604}.
[I 2026-08-06 09:08:12,826] Trial 1100 finished with values: [10.010060468002811, 10.010060468002811] and parameters: {'k1': 0.01889771394135163, 'D_low': 12.105387404469584, 'k2': 0.011078632295006514, 'D_high': 2940.51756322311, 'fire_exp': 1.0629462657398439, 'P_half': 12.808863354047988, 'pre_dampen_half': 552.4163637315892, 'gpp_af': 0.18069041761817034, 'gpp_b': 0.0005752434266899163, 'gpp_d': 84.31013932082456, 'ign_k': 0.00436803932697466, 'ign_c': 0.8916132699546893, 'trop_agb_crit': 7.500118950416987, 'trop_k_veg': 2.520089655463604}.
[I 2026-08-06 09:08:13,917] Trial 1101 finished with values: [10.535437974688866, 10.535437974688866] and parameters: {'k1': 0.008471801418819975, 'D_low': 4.484744524732794, 'k2': 0.03538758864779238, 'D_high': 1537.4098204111451, 'fire_exp': 1.0629462657398439, 'P_half': 12.808863354047988, 'pre_dampen_half': 2.031362225012909, 'gpp_af': 0.1476584299248268, 'gpp_b': 0.0005752434266899163, 'gpp_d': 8.571213555597648, 'ign_k': 8.708806168038567, 'ign_c': 20.03995359361212, 'trop_agb_crit': 10.965064494899984, 'trop_k_veg': 2.4855199240230106}.
[I 2026-08-06 09:08:15,037] Trial 1102 finished with values: [10.226752753826775, 10.226752753826775] and parameters: {'k1': 0.016748279468858224, 'D_low': 5.59983195169599, 'k2': 0.005082220961627801, 'D_high': 972.4201099820957, 'fire_exp': 1.0629462657398439, 'P_half': 4.213183643253957, 'pre_dampen_half': 552.4163637315892, 'gpp_af': 0.0011134176439329534, 'gpp_b': 0.0005752434266899163, 'gpp_d': 431.69073113052116, 'ign_k': 8.708806168038567, 'ign_c': 20.03995359361212, 'trop_agb_crit': 7.500118950416987, 'trop_k_veg': 1.4584243470991722}.
[I 2026-08-06 09:08:16,177] Trial 1103 finished with values: [-0.6344612045544957, 0.19602818838524694] and parameters: {'k1': 0.01889771394135163, 'D_low': 5.59983195169599, 'k2': 0.012758211164590085, 'D_high': 2940.51756322311, 'fire_exp': 1.0629462657398439, 'P_half': 4.213183643253957, 'pre_dampen_half': 502.5175192217655, 'gpp_af': 0.017115686479965763, 'gpp_b': 0.0005752434266899163, 'gpp_d': 229.41380323183625, 'ign_k': 8.708806168038567, 'ign_c': 20.03995359361212, 'trop_agb_crit': 7.861566638880103, 'trop_k_veg': 4.167664671344212}.
[I 2026-08-06 09:08:17,263] Trial 1104 finished with values: [-0.6203073326074664, 0.2651726228225826] and parameters: {'k1': 0.01889771394135163, 'D_low': 5.59983195169599, 'k2': 0.012758211164590085, 'D_high': 1588.2035726402378, 'fire_exp': 1.353841071397002, 'P_half': 12.808863354047988, 'pre_dampen_half': 552.4163637315892, 'gpp_af': 0.1476584299248268, 'gpp_b': 0.0005752434266899163, 'gpp_d': 84.31013932082456, 'ign_k': 8.708806168038567, 'ign_c': 0.557280750002996, 'trop_agb_crit': 7.500118950416987, 'trop_k_veg': 0.6673124511410327}.
[I 2026-08-06 09:08:18,404] Trial 1105 finished with values: [-0.6244027643876279, 0.17231176135795234] and parameters: {'k1': 0.01889771394135163, 'D_low': 5.59983195169599, 'k2': 0.032845299795769424, 'D_high': 1177.190025324204, 'fire_exp': 1.1430983876313219, 'P_half': 12.808863354047988, 'pre_dampen_half': 552.4163637315892, 'gpp_af': 0.1476584299248268, 'gpp_b': 0.0005752434266899163, 'gpp_d': 431.69073113052116, 'ign_k': 8.708806168038567, 'ign_c': 20.03995359361212, 'trop_agb_crit': 7.500118950416987, 'trop_k_veg': 1.9938441068366917}.
[I 2026-08-06 09:08:19,519] Trial 1106 finished with values: [10.769230769178105, 10.769230769178105] and parameters: {'k1': 0.008471801418819975, 'D_low': 12.105387404469584, 'k2': 0.005082220961627801, 'D_high': 2940.51756322311, 'fire_exp': 1.0629462657398439, 'P_half': 12.808863354047988, 'pre_dampen_half': 107.40052367919465, 'gpp_af': 0.00515795696727661, 'gpp_b': 0.0005752434266899163, 'gpp_d': 84.31013932082456, 'ign_k': 8.708806168038567, 'ign_c': 80.50945012618057, 'trop_agb_crit': 7.500118950416987, 'trop_k_veg': 1.9938441068366917}.
[I 2026-08-06 09:08:20,643] Trial 1107 finished with values: [10.769093794566828, 10.769093794566828] and parameters: {'k1': 0.004312951023617458, 'D_low': 70.18267183720735, 'k2': 0.005082220961627801, 'D_high': 1537.4098204111451, 'fire_exp': 9.813184209754047, 'P_half': 1.4246408590160289, 'pre_dampen_half': 552.4163637315892, 'gpp_af': 0.1476584299248268, 'gpp_b': 0.0005752434266899163, 'gpp_d': 229.41380323183625, 'ign_k': 0.002492943285150885, 'ign_c': 20.03995359361212, 'trop_agb_crit': 25.382873076016292, 'trop_k_veg': 2.520089655463604}.
[I 2026-08-06 09:08:21,740] Trial 1108 finished with values: [-0.629439389417529, 0.28668910840862727] and parameters: {'k1': 0.016748279468858224, 'D_low': 40.36242615331332, 'k2': 0.032845299795769424, 'D_high': 1537.4098204111451, 'fire_exp': 1.0629462657398439, 'P_half': 4.213183643253957, 'pre_dampen_half': 552.4163637315892, 'gpp_af': 0.1476584299248268, 'gpp_b': 0.0005752434266899163, 'gpp_d': 431.69073113052116, 'ign_k': 8.708806168038567, 'ign_c': 8.40543912931368, 'trop_agb_crit': 7.500118950416987, 'trop_k_veg': 1.4584243470991722}.
