[I 2026-06-10 21:30:42,836] Trial 703 finished with values: [10.72863873110264, 10.72863873110264] and parameters: {'k1': 0.012840669372724958, 'D_low': 408.3047491580097, 'k2': 8.968733598183248e-05, 'D_high': 29.126651668813768, 'fire_exp': 1.633445707733642, 'P_half': 9.580682294110435, 'pre_dampen_half': 189.88136301569827, 'gpp_af': 3.298293484806585, 'gpp_b': 0.00014164588046678954, 'gpp_d': 21.899070557043984, 'ign_k': 0.00660597889201953, 'ign_c': 1.4879588507789996, 'trop_agb_crit': 3.5874145253515306, 'trop_k_veg': 0.5183533149347164, 'fire_amp': 1.1655705619308396}.
[I 2026-06-10 21:30:44,859] Trial 704 finished with values: [10.830037764279055, 10.830037764279055] and parameters: {'k1': 0.0001887567630782227, 'D_low': 19.655597419418832, 'k2': 5.153993511603138e-05, 'D_high': 42210.21267871043, 'fire_exp': 3.2459542834651627, 'P_half': 45.55085098454082, 'pre_dampen_half': 0.1359195760156183, 'gpp_af': 0.07118041471054574, 'gpp_b': 0.0013488940375755271, 'gpp_d': 0.7698760608299932, 'ign_k': 0.02779045054796808, 'ign_c': 1.1698039424426816, 'trop_agb_crit': 2.0527418919564324, 'trop_k_veg': 6.030247256556128, 'fire_amp': 1.5719333351012774}.
[I 2026-06-10 21:30:46,634] Trial 705 finished with values: [10.532426154495829, 10.532426154495829] and parameters: {'k1': 0.00026539376439360527, 'D_low': 1074.940539517341, 'k2': 1.1417577140741129e-05, 'D_high': 29.126651668813768, 'fire_exp': 1.9783727454920947, 'P_half': 277.00025557434554, 'pre_dampen_half': 30.456909077772018, 'gpp_af': 0.5970408652384318, 'gpp_b': 9.497440085397415e-05, 'gpp_d': 0.1619054449471649, 'ign_k': 0.09256855841989636, 'ign_c': 0.13577269394141456, 'trop_agb_crit': 1.3063813396521713, 'trop_k_veg': 1.6648666152166967, 'fire_amp': 2.804180410489304}.
[I 2026-06-10 21:30:48,420] Trial 706 finished with values: [-0.4955608067772852, 0.014291447704741445] and parameters: {'k1': 0.016973078532467004, 'D_low': 24.28756508761176, 'k2': 2.091507303847255e-05, 'D_high': 8912.611835817017, 'fire_exp': 1.6901885781909627, 'P_half': 101.40635645866499, 'pre_dampen_half': 1.8469033699850426, 'gpp_af': 1.7775411110039254, 'gpp_b': 0.015062722325200045, 'gpp_d': 20.81401325574021, 'ign_k': 0.17320535908244444, 'ign_c': 1.1698039424426816, 'trop_agb_crit': 24.199763404822136, 'trop_k_veg': 5.453348988480011, 'fire_amp': 5.416595007374148}.
[I 2026-06-10 21:30:50,544] Trial 707 finished with values: [11.981921571103397, 11.981921571103397] and parameters: {'k1': 0.012840669372724958, 'D_low': 171.2446447678494, 'k2': 8.968733598183248e-05, 'D_high': 42210.21267871043, 'fire_exp': 1.2918065501148304, 'P_half': 61.6097529474144, 'pre_dampen_half': 189.88136301569827, 'gpp_af': 14.161176080022173, 'gpp_b': 0.015382154459808445, 'gpp_d': 0.7698760608299932, 'ign_k': 0.00660597889201953, 'ign_c': 1.4879588507789996, 'trop_agb_crit': 21.086120736447015, 'trop_k_veg': 0.6061284103410196, 'fire_amp': 1.1655705619308396}.
[I 2026-06-10 21:30:53,430] Trial 708 finished with values: [10.620167533706532, 10.620167533706532] and parameters: {'k1': 0.016973078532467004, 'D_low': 37.13474360443033, 'k2': 4.933751600448335e-05, 'D_high': 42.242359735170886, 'fire_exp': 1.7792742686803427, 'P_half': 119.18981992518337, 'pre_dampen_half': 37.40930273158252, 'gpp_af': 1.9654778690222015, 'gpp_b': 0.00047819318414852577, 'gpp_d': 0.021780247871356784, 'ign_k': 0.002357279455676982, 'ign_c': 0.17036120617148395, 'trop_agb_crit': 24.199763404822136, 'trop_k_veg': 0.6363741063482814, 'fire_amp': 1.5587346124822492}.
[I 2026-06-10 21:30:56,305] Trial 709 finished with values: [10.303791992018821, 10.303791992018821] and parameters: {'k1': 0.012840669372724958, 'D_low': 408.3047491580097, 'k2': 0.0011135501184757278, 'D_high': 42210.21267871043, 'fire_exp': 1.2918065501148304, 'P_half': 9.580682294110435, 'pre_dampen_half': 189.36639872354493, 'gpp_af': 0.016306190741524337, 'gpp_b': 0.002416023630607169, 'gpp_d': 0.7698760608299932, 'ign_k': 0.00660597889201953, 'ign_c': 159.0105835124059, 'trop_agb_crit': 2.1989086830950257, 'trop_k_veg': 1.6648666152166967, 'fire_amp': 1.2393473789150806}.
[I 2026-06-10 21:30:58,143] Trial 710 finished with values: [13.20011139341456, 13.20011139341456] and parameters: {'k1': 0.0008779848797373387, 'D_low': 1074.940539517341, 'k2': 1.1417577140741129e-05, 'D_high': 29.126651668813768, 'fire_exp': 1.2918065501148304, 'P_half': 1.4551749476072258, 'pre_dampen_half': 30.456909077772018, 'gpp_af': 0.016306190741524337, 'gpp_b': 0.0004125336560355494, 'gpp_d': 47.35384181058586, 'ign_k': 0.09256855841989636, 'ign_c': 7.832259769732471, 'trop_agb_crit': 21.086120736447015, 'trop_k_veg': 2.520089655463604, 'fire_amp': 4.2446263054164195}.
[I 2026-06-10 21:31:00,179] Trial 711 finished with values: [11.56764844863492, 11.56764844863492] and parameters: {'k1': 8.60693112508996e-05, 'D_low': 171.2446447678494, 'k2': 0.0002442377596403892, 'D_high': 8912.611835817017, 'fire_exp': 1.7505406131449859, 'P_half': 51.10120656497163, 'pre_dampen_half': 189.88136301569827, 'gpp_af': 0.016306190741524337, 'gpp_b': 0.0004125336560355494, 'gpp_d': 0.7698760608299932, 'ign_k': 0.00660597889201953, 'ign_c': 1.4879588507789996, 'trop_agb_crit': 24.199763404822136, 'trop_k_veg': 5.453348988480011, 'fire_amp': 1.2393473789150806}.
[I 2026-06-10 21:31:02,101] Trial 712 finished with values: [10.833305562263769, 10.833305562263769] and parameters: {'k1': 0.017276056747028225, 'D_low': 144.5598398487298, 'k2': 0.01567230746060024, 'D_high': 29.126651668813768, 'fire_exp': 3.2459542834651627, 'P_half': 101.40635645866499, 'pre_dampen_half': 189.36639872354493, 'gpp_af': 1.7775411110039254, 'gpp_b': 0.16285506249643175, 'gpp_d': 0.7698760608299932, 'ign_k': 3.6309591863459096, 'ign_c': 7.832259769732471, 'trop_agb_crit': 19.951866308719378, 'trop_k_veg': 1.6648666152166967, 'fire_amp': 2.818314238665462}.
[I 2026-06-10 21:31:03,885] Trial 713 finished with values: [10.69917861890211, 10.69917861890211] and parameters: {'k1': 0.017276056747028225, 'D_low': 1739.6167422846984, 'k2': 0.01567230746060024, 'D_high': 44974.07193749848, 'fire_exp': 3.2459542834651627, 'P_half': 401.33725523815957, 'pre_dampen_half': 98.05638874011484, 'gpp_af': 1.7775411110039254, 'gpp_b': 0.16285506249643175, 'gpp_d': 95.2715755007094, 'ign_k': 3.6309591863459096, 'ign_c': 13.546626168109242, 'trop_agb_crit': 3.5874145253515306, 'trop_k_veg': 0.6488368931910606, 'fire_amp': 2.818314238665462}.
[I 2026-06-10 21:31:05,572] Trial 714 finished with values: [10.510005134416913, 10.510005134416913] and parameters: {'k1': 0.0001887567630782227, 'D_low': 1079.0778643024298, 'k2': 0.0011135501184757278, 'D_high': 198.3056154955596, 'fire_exp': 1.9136159174067866, 'P_half': 101.40635645866499, 'pre_dampen_half': 98.05638874011484, 'gpp_af': 0.016306190741524337, 'gpp_b': 0.0004125336560355494, 'gpp_d': 47.35384181058586, 'ign_k': 0.00660597889201953, 'ign_c': 2.226297338331262, 'trop_agb_crit': 8.0091368834625, 'trop_k_veg': 1.6003641872536711, 'fire_amp': 1.2393473789150806}.
[I 2026-06-10 21:31:07,389] Trial 715 finished with values: [10.821365866347609, 10.821365866347609] and parameters: {'k1': 5.7909642338812115e-05, 'D_low': 408.3047491580097, 'k2': 5.153993511603138e-05, 'D_high': 29.126651668813768, 'fire_exp': 3.2459542834651627, 'P_half': 9.580682294110435, 'pre_dampen_half': 189.36639872354493, 'gpp_af': 0.07118041471054574, 'gpp_b': 0.004411400434514031, 'gpp_d': 0.030844007727232167, 'ign_k': 0.004105873950290761, 'ign_c': 1.1698039424426816, 'trop_agb_crit': 21.086120736447015, 'trop_k_veg': 1.056284487623406, 'fire_amp': 5.44779717154213}.
[I 2026-06-10 21:31:09,195] Trial 716 finished with values: [10.83333142093521, 10.83333142093521] and parameters: {'k1': 0.016973078532467004, 'D_low': 37.13474360443033, 'k2': 0.02939607009739149, 'D_high': 42.242359735170886, 'fire_exp': 3.2459542834651627, 'P_half': 101.40635645866499, 'pre_dampen_half': 1.8469033699850426, 'gpp_af': 0.046239120540552445, 'gpp_b': 0.16285506249643175, 'gpp_d': 95.2715755007094, 'ign_k': 0.002357279455676982, 'ign_c': 0.17036120617148395, 'trop_agb_crit': 21.086120736447015, 'trop_k_veg': 0.6488368931910606, 'fire_amp': 2.818314238665462}.
[I 2026-06-10 21:31:10,876] Trial 717 finished with values: [10.262233943941075, 10.262233943941075] and parameters: {'k1': 0.016973078532467004, 'D_low': 476.3737484593719, 'k2': 2.091507303847255e-05, 'D_high': 8912.611835817017, 'fire_exp': 1.6901885781909627, 'P_half': 101.40635645866499, 'pre_dampen_half': 1.8469033699850426, 'gpp_af': 1.7775411110039254, 'gpp_b': 0.015062722325200045, 'gpp_d': 95.2715755007094, 'ign_k': 0.17320535908244444, 'ign_c': 1.1698039424426816, 'trop_agb_crit': 24.199763404822136, 'trop_k_veg': 0.6488368931910606, 'fire_amp': 5.416595007374148}.
[I 2026-06-10 21:31:12,664] Trial 718 finished with values: [10.020223627936582, 10.020223627936582] and parameters: {'k1': 0.012840669372724958, 'D_low': 171.2446447678494, 'k2': 2.316457903103837e-05, 'D_high': 42210.21267871043, 'fire_exp': 1.2918065501148304, 'P_half': 61.6097529474144, 'pre_dampen_half': 4.603480758878793, 'gpp_af': 0.016306190741524337, 'gpp_b': 0.0004125336560355494, 'gpp_d': 0.7698760608299932, 'ign_k': 0.02779045054796808, 'ign_c': 1.9423015749984096, 'trop_agb_crit': 2.0527418919564324, 'trop_k_veg': 2.520089655463604, 'fire_amp': 1.2393473789150806}.
[I 2026-06-10 21:31:14,591] Trial 719 finished with values: [10.828117743098792, 10.828117743098792] and parameters: {'k1': 9.293516267059069e-05, 'D_low': 171.2446447678494, 'k2': 0.00037358626308127543, 'D_high': 8912.611835817017, 'fire_exp': 1.6901885781909627, 'P_half': 9474.524974021555, 'pre_dampen_half': 857.6556763881457, 'gpp_af': 20.12115544906385, 'gpp_b': 0.015062722325200045, 'gpp_d': 0.09467055845337147, 'ign_k': 0.17320535908244444, 'ign_c': 14.709699119495124, 'trop_agb_crit': 24.199763404822136, 'trop_k_veg': 5.453348988480011, 'fire_amp': 5.606809127618709}.
[I 2026-06-10 21:31:16,753] Trial 720 finished with values: [10.0286575642921, 10.0286575642921] and parameters: {'k1': 0.004439732043401208, 'D_low': 1739.6167422846984, 'k2': 4.933751600448335e-05, 'D_high': 44974.07193749848, 'fire_exp': 3.2459542834651627, 'P_half': 157.3644610977214, 'pre_dampen_half': 37.40930273158252, 'gpp_af': 1.7775411110039254, 'gpp_b': 0.00047819318414852577, 'gpp_d': 29.9035514860849, 'ign_k': 3.6309591863459096, 'ign_c': 2.2489542843914485, 'trop_agb_crit': 6.666743425826005, 'trop_k_veg': 3.7910619738560545, 'fire_amp': 2.818314238665462}.
[I 2026-06-10 21:31:18,332] Trial 721 finished with values: [10.824737950423183, 10.824737950423183] and parameters: {'k1': 0.017276056747028225, 'D_low': 408.3047491580097, 'k2': 8.968733598183248e-05, 'D_high': 29.126651668813768, 'fire_exp': 2.918808567018439, 'P_half': 101.40635645866499, 'pre_dampen_half': 98.05638874011484, 'gpp_af': 3.298293484806585, 'gpp_b': 0.16285506249643175, 'gpp_d': 0.7698760608299932, 'ign_k': 0.0017400806211046388, 'ign_c': 7.832259769732471, 'trop_agb_crit': 1.850652607502099, 'trop_k_veg': 0.6488368931910606, 'fire_amp': 2.818314238665462}.
[I 2026-06-10 21:31:19,977] Trial 722 finished with values: [10.586775137091177, 10.586775137091177] and parameters: {'k1': 0.012840669372724958, 'D_low': 427.93836042014675, 'k2': 1.1417577140741129e-05, 'D_high': 69868.4759244566, 'fire_exp': 3.2459542834651627, 'P_half': 1.4551749476072258, 'pre_dampen_half': 30.456909077772018, 'gpp_af': 0.07118041471054574, 'gpp_b': 0.0004125336560355494, 'gpp_d': 47.35384181058586, 'ign_k': 0.004105873950290761, 'ign_c': 2.2489542843914485, 'trop_agb_crit': 2.0527418919564324, 'trop_k_veg': 2.520089655463604, 'fire_amp': 2.818314238665462}.
[I 2026-06-10 21:31:21,797] Trial 723 finished with values: [10.2095248070135, 10.2095248070135] and parameters: {'k1': 0.08006837661379566, 'D_low': 235.39834531862078, 'k2': 2.316457903103837e-05, 'D_high': 42210.21267871043, 'fire_exp': 1.2918065501148304, 'P_half': 61.6097529474144, 'pre_dampen_half': 4.603480758878793, 'gpp_af': 27.448645214004376, 'gpp_b': 0.0004125336560355494, 'gpp_d': 0.7698760608299932, 'ign_k': 0.02779045054796808, 'ign_c': 17.74954658911451, 'trop_agb_crit': 2.0527418919564324, 'trop_k_veg': 7.11321188263873, 'fire_amp': 1.2393473789150806}.
[I 2026-06-10 21:31:23,575] Trial 724 finished with values: [10.341491627342329, 10.341491627342329] and parameters: {'k1': 5.025876001070713e-05, 'D_low': 427.93836042014675, 'k2': 1.1417577140741129e-05, 'D_high': 69868.4759244566, 'fire_exp': 1.9783727454920947, 'P_half': 61.6097529474144, 'pre_dampen_half': 30.456909077772018, 'gpp_af': 0.07118041471054574, 'gpp_b': 0.006999112505425414, 'gpp_d': 0.7698760608299932, 'ign_k': 0.0029519227433917453, 'ign_c': 2.2489542843914485, 'trop_agb_crit': 5.588032458772675, 'trop_k_veg': 2.520089655463604, 'fire_amp': 2.818314238665462}.
[I 2026-06-10 21:31:25,209] Trial 725 finished with values: [10.579013148928123, 10.579013148928123] and parameters: {'k1': 0.005754658592592073, 'D_low': 1074.940539517341, 'k2': 8.968733598183248e-05, 'D_high': 29.126651668813768, 'fire_exp': 1.7505406131449859, 'P_half': 1.4551749476072258, 'pre_dampen_half': 4.603480758878793, 'gpp_af': 0.016306190741524337, 'gpp_b': 0.0004125336560355494, 'gpp_d': 21.899070557043984, 'ign_k': 0.09256855841989636, 'ign_c': 7.832259769732471, 'trop_agb_crit': 1.8023542850487386, 'trop_k_veg': 1.6648666152166967, 'fire_amp': 4.2446263054164195}.
[I 2026-06-10 21:31:26,801] Trial 726 finished with values: [-0.30183061490020396, 0.03788974465295614] and parameters: {'k1': 0.00026539376439360527, 'D_low': 1074.940539517341, 'k2': 1.1417577140741129e-05, 'D_high': 29.126651668813768, 'fire_exp': 1.9783727454920947, 'P_half': 1.4551749476072258, 'pre_dampen_half': 30.456909077772018, 'gpp_af': 1.3954498518315706, 'gpp_b': 0.006999112505425414, 'gpp_d': 47.35384181058586, 'ign_k': 0.00636406716773548, 'ign_c': 7.832259769732471, 'trop_agb_crit': 1.8023542850487386, 'trop_k_veg': 1.6648666152166967, 'fire_amp': 4.2446263054164195}.
[I 2026-06-10 21:31:28,407] Trial 727 finished with values: [10.458568520935216, 10.458568520935216] and parameters: {'k1': 0.016973078532467004, 'D_low': 50.32059347286801, 'k2': 8.968733598183248e-05, 'D_high': 2427.054417940131, 'fire_exp': 3.150954985759691, 'P_half': 139.09474988024093, 'pre_dampen_half': 189.88136301569827, 'gpp_af': 0.8594202650742228, 'gpp_b': 1.1008110571039521e-05, 'gpp_d': 1.4397852866783676, 'ign_k': 0.13500744867919376, 'ign_c': 0.24361599465623282, 'trop_agb_crit': 1.5033346993841157, 'trop_k_veg': 3.4439936249445045, 'fire_amp': 1.1655705619308396}.
[I 2026-06-10 21:31:30,218] Trial 728 finished with values: [10.55288983281433, 10.55288983281433] and parameters: {'k1': 0.016973078532467004, 'D_low': 50.32059347286801, 'k2': 1.1417577140741129e-05, 'D_high': 29.126651668813768, 'fire_exp': 3.150954985759691, 'P_half': 1.4551749476072258, 'pre_dampen_half': 1.785889900578207, 'gpp_af': 0.8594202650742228, 'gpp_b': 1.1008110571039521e-05, 'gpp_d': 60.369370109848475, 'ign_k': 0.13500744867919376, 'ign_c': 0.1611736893633666, 'trop_agb_crit': 1.5033346993841157, 'trop_k_veg': 3.4439936249445045, 'fire_amp': 4.2446263054164195}.
[I 2026-06-10 21:31:31,979] Trial 729 finished with values: [11.032342418437734, 11.032342418437734] and parameters: {'k1': 0.012840669372724958, 'D_low': 2.843767489444367, 'k2': 2.316457903103837e-05, 'D_high': 42210.21267871043, 'fire_exp': 1.6901885781909627, 'P_half': 61.6097529474144, 'pre_dampen_half': 123.04779330083686, 'gpp_af': 20.12115544906385, 'gpp_b': 0.00047819318414852577, 'gpp_d': 0.7698760608299932, 'ign_k': 0.02779045054796808, 'ign_c': 1.9423015749984096, 'trop_agb_crit': 2.0527418919564324, 'trop_k_veg': 1.31065329020191, 'fire_amp': 1.2393473789150806}.
[I 2026-06-10 21:31:33,696] Trial 730 finished with values: [10.703505822734119, 10.703505822734119] and parameters: {'k1': 0.006079905434073396, 'D_low': 1074.940539517341, 'k2': 4.933751600448335e-05, 'D_high': 4567.167062335235, 'fire_exp': 1.9783727454920947, 'P_half': 157.3644610977214, 'pre_dampen_half': 30.456909077772018, 'gpp_af': 1.3954498518315706, 'gpp_b': 0.006999112505425414, 'gpp_d': 47.35384181058586, 'ign_k': 0.09256855841989636, 'ign_c': 16.497426799845446, 'trop_agb_crit': 8.0091368834625, 'trop_k_veg': 1.6648666152166967, 'fire_amp': 1.5587346124822492}.
[I 2026-06-10 21:31:35,427] Trial 731 finished with values: [-0.09033413197078823, 0.05667094658118643] and parameters: {'k1': 5.178197947282869e-05, 'D_low': 408.3047491580097, 'k2': 8.968733598183248e-05, 'D_high': 24.9899605789089, 'fire_exp': 1.7505406131449859, 'P_half': 9.580682294110435, 'pre_dampen_half': 189.88136301569827, 'gpp_af': 9.489641456368314, 'gpp_b': 0.015382154459808445, 'gpp_d': 21.899070557043984, 'ign_k': 0.00660597889201953, 'ign_c': 1.4879588507789996, 'trop_agb_crit': 21.086120736447015, 'trop_k_veg': 0.5183533149347164, 'fire_amp': 1.1655705619308396}.
[I 2026-06-10 21:31:37,620] Trial 732 finished with values: [10.330054634736653, 10.330054634736653] and parameters: {'k1': 0.012840669372724958, 'D_low': 171.2446447678494, 'k2': 0.0011135501184757278, 'D_high': 29.126651668813768, 'fire_exp': 1.2918065501148304, 'P_half': 61.6097529474144, 'pre_dampen_half': 189.36639872354493, 'gpp_af': 43.24033972449845, 'gpp_b': 0.0004125336560355494, 'gpp_d': 0.7698760608299932, 'ign_k': 0.00660597889201953, 'ign_c': 1.9423015749984096, 'trop_agb_crit': 2.0527418919564324, 'trop_k_veg': 0.5450786550840475, 'fire_amp': 1.2393473789150806}.
[I 2026-06-10 21:31:39,386] Trial 733 finished with values: [10.54448735373969, 10.54448735373969] and parameters: {'k1': 5.178197947282869e-05, 'D_low': 171.2446447678494, 'k2': 8.968733598183248e-05, 'D_high': 86.80971440148622, 'fire_exp': 1.2918065501148304, 'P_half': 61.6097529474144, 'pre_dampen_half': 4.603480758878793, 'gpp_af': 0.016306190741524337, 'gpp_b': 0.0004125336560355494, 'gpp_d': 0.7698760608299932, 'ign_k': 0.0029519227433917453, 'ign_c': 1.9423015749984096, 'trop_agb_crit': 2.0527418919564324, 'trop_k_veg': 1.5128444555847316, 'fire_amp': 1.1655705619308396}.
[I 2026-06-10 21:31:40,983] Trial 734 finished with values: [10.466116946574267, 10.466116946574267] and parameters: {'k1': 5.7909642338812115e-05, 'D_low': 1739.6167422846984, 'k2': 5.153993511603138e-05, 'D_high': 69868.4759244566, 'fire_exp': 1.111738490499784, 'P_half': 45.55085098454082, 'pre_dampen_half': 269.0845367054866, 'gpp_af': 3.298293484806585, 'gpp_b': 0.002416023630607169, 'gpp_d': 0.030844007727232167, 'ign_k': 0.004105873950290761, 'ign_c': 1.1698039424426816, 'trop_agb_crit': 5.588032458772675, 'trop_k_veg': 1.056284487623406, 'fire_amp': 1.1655705619308396}.
[I 2026-06-10 21:31:42,577] Trial 735 finished with values: [10.803964011685455, 10.803964011685455] and parameters: {'k1': 0.012840669372724958, 'D_low': 171.2446447678494, 'k2': 0.0011135501184757278, 'D_high': 44974.07193749848, 'fire_exp': 3.2459542834651627, 'P_half': 101.40635645866499, 'pre_dampen_half': 0.057820263517959394, 'gpp_af': 1.7775411110039254, 'gpp_b': 0.16285506249643175, 'gpp_d': 95.2715755007094, 'ign_k': 3.6309591863459096, 'ign_c': 1.9423015749984096, 'trop_agb_crit': 3.5874145253515306, 'trop_k_veg': 7.835003985864704, 'fire_amp': 1.2393473789150806}.
[I 2026-06-10 21:31:44,140] Trial 736 finished with values: [14.914660505155616, 14.914660505155616] and parameters: {'k1': 0.012840669372724958, 'D_low': 408.3047491580097, 'k2': 1.1417577140741129e-05, 'D_high': 29.126651668813768, 'fire_exp': 1.633445707733642, 'P_half': 9.580682294110435, 'pre_dampen_half': 189.36639872354493, 'gpp_af': 1.7775411110039254, 'gpp_b': 0.002416023630607169, 'gpp_d': 0.7698760608299932, 'ign_k': 3.6309591863459096, 'ign_c': 2.2489542843914485, 'trop_agb_crit': 3.5874145253515306, 'trop_k_veg': 1.6648666152166967, 'fire_amp': 2.818314238665462}.
[I 2026-06-10 21:31:46,011] Trial 737 finished with values: [10.833333196977728, 10.833333196977728] and parameters: {'k1': 0.016973078532467004, 'D_low': 24.28756508761176, 'k2': 0.0002442377596403892, 'D_high': 24.9899605789089, 'fire_exp': 8.452807290590647, 'P_half': 9.580682294110435, 'pre_dampen_half': 1.8469033699850426, 'gpp_af': 14.161176080022173, 'gpp_b': 0.015062722325200045, 'gpp_d': 21.899070557043984, 'ign_k': 0.00660597889201953, 'ign_c': 14.709699119495124, 'trop_agb_crit': 24.199763404822136, 'trop_k_veg': 5.453348988480011, 'fire_amp': 1.1655705619308396}.
[I 2026-06-10 21:31:47,729] Trial 738 finished with values: [12.04478721978808, 12.04478721978808] and parameters: {'k1': 0.05705198955850472, 'D_low': 171.2446447678494, 'k2': 0.01567230746060024, 'D_high': 1444.8691591610498, 'fire_exp': 3.2459542834651627, 'P_half': 61.6097529474144, 'pre_dampen_half': 98.05638874011484, 'gpp_af': 1.7775411110039254, 'gpp_b': 0.0004125336560355494, 'gpp_d': 29.9035514860849, 'ign_k': 3.6309591863459096, 'ign_c': 2.2489542843914485, 'trop_agb_crit': 3.5874145253515306, 'trop_k_veg': 2.520089655463604, 'fire_amp': 1.2393473789150806}.
[I 2026-06-10 21:31:49,380] Trial 739 finished with values: [12.465574451168877, 12.465574451168877] and parameters: {'k1': 0.012840669372724958, 'D_low': 43.2326421037033, 'k2': 0.0499774937030317, 'D_high': 23341.737328466752, 'fire_exp': 1.6901885781909627, 'P_half': 157.3644610977214, 'pre_dampen_half': 37.40930273158252, 'gpp_af': 1.9998014714101113, 'gpp_b': 0.00047819318414852577, 'gpp_d': 0.7698760608299932, 'ign_k': 0.8945150807271531, 'ign_c': 16.497426799845446, 'trop_agb_crit': 24.199763404822136, 'trop_k_veg': 2.520089655463604, 'fire_amp': 2.5432210024239192}.
