[I 2026-06-10 19:35:34,526] Trial 666 finished with values: [10.83333333328067, 10.83333333328067] and parameters: {'k1': 0.00026539376439360527, 'D_low': 669.7348618512094, 'k2': 0.02065142557895925, 'D_high': 6682.9607218310075, 'fire_exp': 1.2060040899560858, 'P_half': 157.3644610977214, 'pre_dampen_half': 9.044346216330972, 'gpp_af': 1.9998014714101113, 'gpp_b': 0.0008861657881839811, 'gpp_d': 14.427333163005196, 'ign_k': 0.8945150807271531, 'ign_c': 132.46527974321125, 'trop_agb_crit': 8.0091368834625, 'trop_k_veg': 1.6003641872536711, 'fire_amp': 3.890668402773863}.
[I 2026-06-10 19:35:35,718] Trial 667 finished with values: [10.51566306027364, 10.51566306027364] and parameters: {'k1': 0.0007916322947490366, 'D_low': 236.79352040223893, 'k2': 0.02065142557895925, 'D_high': 1817.0401889219124, 'fire_exp': 1.2060040899560858, 'P_half': 2.226799690893868, 'pre_dampen_half': 189.36639872354493, 'gpp_af': 1.9998014714101113, 'gpp_b': 0.001674375583895437, 'gpp_d': 76.38081075786287, 'ign_k': 0.09256855841989636, 'ign_c': 2.2882309479728957, 'trop_agb_crit': 8.0091368834625, 'trop_k_veg': 5.453348988480011, 'fire_amp': 2.6192385880432525}.
[I 2026-06-10 19:35:36,882] Trial 668 finished with values: [10.461457435939538, 10.461457435939538] and parameters: {'k1': 0.0007916322947490366, 'D_low': 236.79352040223893, 'k2': 0.005204862686958021, 'D_high': 1817.0401889219124, 'fire_exp': 1.2060040899560858, 'P_half': 157.3644610977214, 'pre_dampen_half': 189.36639872354493, 'gpp_af': 1.9998014714101113, 'gpp_b': 0.001674375583895437, 'gpp_d': 1.0088237648985734, 'ign_k': 0.012566783761977915, 'ign_c': 7.832259769732471, 'trop_agb_crit': 8.0091368834625, 'trop_k_veg': 5.453348988480011, 'fire_amp': 2.6192385880432525}.
[I 2026-06-10 19:35:38,082] Trial 669 finished with values: [10.673991230023379, 10.673991230023379] and parameters: {'k1': 0.019518986965599543, 'D_low': 236.79352040223893, 'k2': 1.1417577140741129e-05, 'D_high': 431.45617043093523, 'fire_exp': 1.2060040899560858, 'P_half': 2.226799690893868, 'pre_dampen_half': 9.044346216330972, 'gpp_af': 0.035629505481532577, 'gpp_b': 0.001674375583895437, 'gpp_d': 1.0088237648985734, 'ign_k': 0.00840038491455979, 'ign_c': 48.704711413416454, 'trop_agb_crit': 1.8023542850487386, 'trop_k_veg': 2.99731137426955, 'fire_amp': 2.6192385880432525}.
[I 2026-06-10 19:35:39,314] Trial 670 finished with values: [-0.42753559103719996, 0.6957094480646899] and parameters: {'k1': 0.0869690639641868, 'D_low': 49.539659199197295, 'k2': 0.004679501568332817, 'D_high': 1817.0401889219124, 'fire_exp': 1.2060040899560858, 'P_half': 2.226799690893868, 'pre_dampen_half': 9.044346216330972, 'gpp_af': 56.62858823465573, 'gpp_b': 0.001674375583895437, 'gpp_d': 7.631016235941559, 'ign_k': 0.8945150807271531, 'ign_c': 2.2882309479728957, 'trop_agb_crit': 1.0189592979395135, 'trop_k_veg': 5.453348988480011, 'fire_amp': 4.19233232783727}.
[I 2026-06-10 19:35:40,568] Trial 671 finished with values: [10.521024741786343, 10.521024741786343] and parameters: {'k1': 0.0869690639641868, 'D_low': 171.2446447678494, 'k2': 0.003767022142229395, 'D_high': 48235.58283024493, 'fire_exp': 1.111738490499784, 'P_half': 2.4106893837852787, 'pre_dampen_half': 13.161234383542856, 'gpp_af': 0.8594202650742228, 'gpp_b': 0.001674375583895437, 'gpp_d': 1.8148402127631733, 'ign_k': 0.09256855841989636, 'ign_c': 2.2882309479728957, 'trop_agb_crit': 21.086120736447015, 'trop_k_veg': 5.453348988480011, 'fire_amp': 2.6192385880432525}.
[I 2026-06-10 19:35:41,815] Trial 672 finished with values: [10.82887750994387, 10.82887750994387] and parameters: {'k1': 0.012840669372724958, 'D_low': 133.4807155996069, 'k2': 0.02065142557895925, 'D_high': 267.3088310781672, 'fire_exp': 1.811096651915224, 'P_half': 5.4712187293420325, 'pre_dampen_half': 121.93011993958949, 'gpp_af': 1.9998014714101113, 'gpp_b': 0.5903603324157484, 'gpp_d': 0.47379914349407487, 'ign_k': 0.9419612235978201, 'ign_c': 16.497426799845446, 'trop_agb_crit': 8.0091368834625, 'trop_k_veg': 1.6003641872536711, 'fire_amp': 4.472176921013167}.
[I 2026-06-10 19:35:43,006] Trial 673 finished with values: [-0.44266127316775655, 0.8847974490798486] and parameters: {'k1': 0.0007916322947490366, 'D_low': 236.79352040223893, 'k2': 1.1417577140741129e-05, 'D_high': 1817.0401889219124, 'fire_exp': 1.111738490499784, 'P_half': 12.262543158860007, 'pre_dampen_half': 189.36639872354493, 'gpp_af': 0.8571213555597653, 'gpp_b': 0.001674375583895437, 'gpp_d': 7.631016235941559, 'ign_k': 0.09256855841989636, 'ign_c': 16.497426799845446, 'trop_agb_crit': 8.0091368834625, 'trop_k_veg': 1.6648666152166967, 'fire_amp': 2.6192385880432525}.
[I 2026-06-10 19:35:44,195] Trial 674 finished with values: [10.104882262833847, 10.104882262833847] and parameters: {'k1': 0.0869690639641868, 'D_low': 50.32059347286801, 'k2': 0.0001280886335404798, 'D_high': 431.45617043093523, 'fire_exp': 1.264103030891254, 'P_half': 1.9678273362633985, 'pre_dampen_half': 189.36639872354493, 'gpp_af': 3.298293484806585, 'gpp_b': 0.00013164432569139702, 'gpp_d': 0.26636419343091605, 'ign_k': 0.00660597889201953, 'ign_c': 0.773448215664679, 'trop_agb_crit': 1.8023542850487386, 'trop_k_veg': 2.1406449943451844, 'fire_amp': 5.615047466686494}.
[I 2026-06-10 19:35:45,372] Trial 675 finished with values: [10.976667659403109, 10.976667659403109] and parameters: {'k1': 5.7909642338812115e-05, 'D_low': 2.5449737887285035, 'k2': 0.0004976087827261435, 'D_high': 42210.21267871043, 'fire_exp': 1.4572158037266703, 'P_half': 2.226799690893868, 'pre_dampen_half': 189.36639872354493, 'gpp_af': 0.09885838682552685, 'gpp_b': 1.1008110571039521e-05, 'gpp_d': 1.0088237648985734, 'ign_k': 0.09256855841989636, 'ign_c': 2.2882309479728957, 'trop_agb_crit': 12.647327018493208, 'trop_k_veg': 2.99731137426955, 'fire_amp': 2.6192385880432525}.
[I 2026-06-10 19:35:46,570] Trial 676 finished with values: [-0.4427897849176568, 0.9182515315810581] and parameters: {'k1': 0.03820259936390116, 'D_low': 1.605843632310088, 'k2': 4.69955602109909e-05, 'D_high': 48235.58283024493, 'fire_exp': 1.9095652801045373, 'P_half': 96.70857606743157, 'pre_dampen_half': 9.044346216330972, 'gpp_af': 21.635028947225102, 'gpp_b': 2.800940363375676e-05, 'gpp_d': 14.427333163005196, 'ign_k': 0.8861249804463233, 'ign_c': 1.488823059798356, 'trop_agb_crit': 1.0189592979395135, 'trop_k_veg': 4.796046723963646, 'fire_amp': 2.6192385880432525}.
[I 2026-06-10 19:35:47,888] Trial 677 finished with values: [10.790506374943336, 10.790506374943336] and parameters: {'k1': 0.012840669372724958, 'D_low': 16.480446427978972, 'k2': 0.0001280886335404798, 'D_high': 48235.58283024493, 'fire_exp': 7.2911675360216615, 'P_half': 5.4712187293420325, 'pre_dampen_half': 121.93011993958949, 'gpp_af': 0.004409093791567215, 'gpp_b': 0.0015782327810795573, 'gpp_d': 0.47379914349407487, 'ign_k': 0.06219881174029358, 'ign_c': 1.488823059798356, 'trop_agb_crit': 2.090022519022788, 'trop_k_veg': 6.825463866194253, 'fire_amp': 2.6192385880432525}.
[I 2026-06-10 19:35:49,380] Trial 678 finished with values: [-0.37627887909390584, 0.9868609898541304] and parameters: {'k1': 5.7909642338812115e-05, 'D_low': 2.414672422128219, 'k2': 1.2432381951316053e-05, 'D_high': 1817.0401889219124, 'fire_exp': 1.1490848108902036, 'P_half': 61.6097529474144, 'pre_dampen_half': 189.36639872354493, 'gpp_af': 56.62858823465573, 'gpp_b': 0.002416023630607169, 'gpp_d': 7.631016235941559, 'ign_k': 0.8945150807271531, 'ign_c': 2.2882309479728957, 'trop_agb_crit': 21.086120736447015, 'trop_k_veg': 5.453348988480011, 'fire_amp': 4.19233232783727}.
[I 2026-06-10 19:35:50,534] Trial 679 finished with values: [10.112096348677978, 10.112096348677978] and parameters: {'k1': 0.00026539376439360527, 'D_low': 1074.940539517341, 'k2': 0.02065142557895925, 'D_high': 42210.21267871043, 'fire_exp': 1.0601964743503993, 'P_half': 369.7311160925241, 'pre_dampen_half': 189.36639872354493, 'gpp_af': 0.07118041471054574, 'gpp_b': 1.4008921101492135e-05, 'gpp_d': 1.0088237648985734, 'ign_k': 0.00840038491455979, 'ign_c': 2.2882309479728957, 'trop_agb_crit': 8.0091368834625, 'trop_k_veg': 5.453348988480011, 'fire_amp': 1.5719333351012774}.
[I 2026-06-10 19:35:51,752] Trial 680 finished with values: [10.328393651866891, 10.328393651866891] and parameters: {'k1': 0.0869690639641868, 'D_low': 1.605843632310088, 'k2': 0.02065142557895925, 'D_high': 6682.9607218310075, 'fire_exp': 1.9095652801045373, 'P_half': 96.70857606743157, 'pre_dampen_half': 9.044346216330972, 'gpp_af': 21.635028947225102, 'gpp_b': 0.001674375583895437, 'gpp_d': 1.4397852866783676, 'ign_k': 1.6270983114897255, 'ign_c': 1.364908766641693, 'trop_agb_crit': 1.0189592979395135, 'trop_k_veg': 2.6914360459288678, 'fire_amp': 2.6192385880432525}.
[I 2026-06-10 19:35:52,944] Trial 681 finished with values: [10.310639601604493, 10.310639601604493] and parameters: {'k1': 0.00026539376439360527, 'D_low': 153.74098204111448, 'k2': 0.02065142557895925, 'D_high': 48235.58283024493, 'fire_exp': 1.111738490499784, 'P_half': 2.6691447170887805, 'pre_dampen_half': 0.14445596525544369, 'gpp_af': 3.030008727251782, 'gpp_b': 1.2864576564815137e-05, 'gpp_d': 7.631016235941559, 'ign_k': 0.09256855841989636, 'ign_c': 2.2882309479728957, 'trop_agb_crit': 1.0189592979395135, 'trop_k_veg': 5.453348988480011, 'fire_amp': 2.042193818779288}.
[I 2026-06-10 19:35:54,209] Trial 682 finished with values: [11.233864820228982, 11.233864820228982] and parameters: {'k1': 0.03820259936390116, 'D_low': 24.28756508761176, 'k2': 1.1417577140741129e-05, 'D_high': 6682.9607218310075, 'fire_exp': 1.2060040899560858, 'P_half': 5.4712187293420325, 'pre_dampen_half': 189.36639872354493, 'gpp_af': 0.0900595929114129, 'gpp_b': 0.00013164432569139702, 'gpp_d': 0.26636419343091605, 'ign_k': 0.09256855841989636, 'ign_c': 0.773448215664679, 'trop_agb_crit': 6.351751286408562, 'trop_k_veg': 2.520089655463604, 'fire_amp': 3.890668402773863}.
[I 2026-06-10 19:35:55,504] Trial 683 finished with values: [10.380112733379567, 10.380112733379567] and parameters: {'k1': 0.028401063201780267, 'D_low': 1074.940539517341, 'k2': 0.02065142557895925, 'D_high': 48235.58283024493, 'fire_exp': 1.0601964743503993, 'P_half': 12.262543158860007, 'pre_dampen_half': 9.044346216330972, 'gpp_af': 56.62858823465573, 'gpp_b': 1.4008921101492135e-05, 'gpp_d': 0.1619054449471649, 'ign_k': 0.00840038491455979, 'ign_c': 1.488823059798356, 'trop_agb_crit': 1.0189592979395135, 'trop_k_veg': 6.825463866194253, 'fire_amp': 2.901299101737137}.
[I 2026-06-10 19:35:56,682] Trial 684 finished with values: [10.825654951132536, 10.825654951132536] and parameters: {'k1': 5.7909642338812115e-05, 'D_low': 171.2446447678494, 'k2': 0.005204862686958021, 'D_high': 970.6606756877612, 'fire_exp': 1.7505406131449859, 'P_half': 2.226799690893868, 'pre_dampen_half': 38.00678588560607, 'gpp_af': 0.8594202650742228, 'gpp_b': 0.0004360709560327289, 'gpp_d': 21.899070557043984, 'ign_k': 0.09256855841989636, 'ign_c': 48.704711413416454, 'trop_agb_crit': 1.0189592979395135, 'trop_k_veg': 2.520089655463604, 'fire_amp': 2.6192385880432525}.
[I 2026-06-10 19:35:57,887] Trial 685 finished with values: [10.83333333328067, 10.83333333328067] and parameters: {'k1': 0.00026539376439360527, 'D_low': 133.4807155996069, 'k2': 0.02065142557895925, 'D_high': 267.3088310781672, 'fire_exp': 1.4572158037266703, 'P_half': 157.80309954142965, 'pre_dampen_half': 189.36639872354493, 'gpp_af': 0.09885838682552685, 'gpp_b': 0.5903603324157484, 'gpp_d': 0.03927259340973166, 'ign_k': 0.8945150807271531, 'ign_c': 39.52220881906114, 'trop_agb_crit': 28.779217872092953, 'trop_k_veg': 2.99731137426955, 'fire_amp': 4.472176921013167}.
[I 2026-06-10 19:35:59,054] Trial 686 finished with values: [-0.46968147335172167, 0.9174979654648949] and parameters: {'k1': 0.012840669372724958, 'D_low': 236.79352040223893, 'k2': 7.531057256501231e-05, 'D_high': 35.136541394511, 'fire_exp': 1.2060040899560858, 'P_half': 114.62237838612074, 'pre_dampen_half': 189.36639872354493, 'gpp_af': 3.298293484806585, 'gpp_b': 0.00013164432569139702, 'gpp_d': 1.0088237648985734, 'ign_k': 0.09256855841989636, 'ign_c': 7.832259769732471, 'trop_agb_crit': 1.8023542850487386, 'trop_k_veg': 2.1406449943451844, 'fire_amp': 4.19233232783727}.
[I 2026-06-10 19:36:00,253] Trial 687 finished with values: [10.886051303195247, 10.886051303195247] and parameters: {'k1': 5.7909642338812115e-05, 'D_low': 24.28756508761176, 'k2': 1.1417577140741129e-05, 'D_high': 1817.0401889219124, 'fire_exp': 1.2060040899560858, 'P_half': 12.262543158860007, 'pre_dampen_half': 189.36639872354493, 'gpp_af': 3.298293484806585, 'gpp_b': 0.002416023630607169, 'gpp_d': 29.9035514860849, 'ign_k': 0.09256855841989636, 'ign_c': 0.773448215664679, 'trop_agb_crit': 6.351751286408562, 'trop_k_veg': 1.6648666152166967, 'fire_amp': 5.44779717154213}.
[I 2026-06-10 19:36:01,461] Trial 688 finished with values: [10.237354822790035, 10.237354822790035] and parameters: {'k1': 5.7909642338812115e-05, 'D_low': 236.79352040223893, 'k2': 0.028670350305540694, 'D_high': 6682.9607218310075, 'fire_exp': 1.111738490499784, 'P_half': 2.226799690893868, 'pre_dampen_half': 9.044346216330972, 'gpp_af': 0.8594202650742228, 'gpp_b': 0.002416023630607169, 'gpp_d': 1.4397852866783676, 'ign_k': 1.6270983114897255, 'ign_c': 4.142619760188259, 'trop_agb_crit': 1.0189592979395135, 'trop_k_veg': 2.99731137426955, 'fire_amp': 5.667622640988655}.
[I 2026-06-10 19:36:02,702] Trial 689 finished with values: [10.833219802785356, 10.833219802785356] and parameters: {'k1': 0.03820259936390116, 'D_low': 2186.356344942016, 'k2': 0.005204862686958021, 'D_high': 1266.9536563782303, 'fire_exp': 1.2060040899560858, 'P_half': 12.262543158860007, 'pre_dampen_half': 189.36639872354493, 'gpp_af': 3.030008727251782, 'gpp_b': 0.0008861657881839811, 'gpp_d': 7.631016235941559, 'ign_k': 0.09256855841989636, 'ign_c': 1.364908766641693, 'trop_agb_crit': 1.0189592979395135, 'trop_k_veg': 1.6648666152166967, 'fire_amp': 2.042193818779288}.
[I 2026-06-10 19:36:03,912] Trial 690 finished with values: [11.490344509769294, 11.490344509769294] and parameters: {'k1': 0.012840669372724958, 'D_low': 51.61767747867285, 'k2': 0.02065142557895925, 'D_high': 41833.85682146036, 'fire_exp': 1.264103030891254, 'P_half': 1.9678273362633985, 'pre_dampen_half': 189.36639872354493, 'gpp_af': 3.298293484806585, 'gpp_b': 0.015382154459808445, 'gpp_d': 14.427333163005196, 'ign_k': 0.03845635122720663, 'ign_c': 7.832259769732471, 'trop_agb_crit': 1.2489332852689512, 'trop_k_veg': 4.796046723963646, 'fire_amp': 3.617425524369146}.
[I 2026-06-10 19:36:05,184] Trial 691 finished with values: [-0.39651044106055144, 0.9683364604431148] and parameters: {'k1': 0.0869690639641868, 'D_low': 43.2326421037033, 'k2': 2.316457903103837e-05, 'D_high': 431.45617043093523, 'fire_exp': 1.1490848108902036, 'P_half': 1.9678273362633985, 'pre_dampen_half': 9.044346216330972, 'gpp_af': 3.298293484806585, 'gpp_b': 0.00013164432569139702, 'gpp_d': 1.4397852866783676, 'ign_k': 0.00660597889201953, 'ign_c': 7.832259769732471, 'trop_agb_crit': 21.086120736447015, 'trop_k_veg': 4.796046723963646, 'fire_amp': 5.615047466686494}.
[I 2026-06-10 19:36:06,401] Trial 692 finished with values: [10.286158247343982, 10.286158247343982] and parameters: {'k1': 0.00026539376439360527, 'D_low': 50.32059347286801, 'k2': 0.02065142557895925, 'D_high': 1266.9536563782303, 'fire_exp': 1.111738490499784, 'P_half': 5.4712187293420325, 'pre_dampen_half': 189.36639872354493, 'gpp_af': 3.030008727251782, 'gpp_b': 0.00013164432569139702, 'gpp_d': 0.26636419343091605, 'ign_k': 0.09256855841989636, 'ign_c': 0.773448215664679, 'trop_agb_crit': 1.8023542850487386, 'trop_k_veg': 6.825463866194253, 'fire_amp': 3.457960730172751}.
[I 2026-06-10 19:36:07,592] Trial 693 finished with values: [10.687844136992522, 10.687844136992522] and parameters: {'k1': 0.012840669372724958, 'D_low': 16.480446427978972, 'k2': 0.0001280886335404798, 'D_high': 267.3088310781672, 'fire_exp': 1.811096651915224, 'P_half': 157.3644610977214, 'pre_dampen_half': 189.36639872354493, 'gpp_af': 90.42322003557416, 'gpp_b': 0.0015782327810795573, 'gpp_d': 0.47379914349407487, 'ign_k': 0.8945150807271531, 'ign_c': 0.32627001117104587, 'trop_agb_crit': 8.0091368834625, 'trop_k_veg': 1.6003641872536711, 'fire_amp': 3.8500040010232275}.
[I 2026-06-10 19:36:08,952] Trial 694 finished with values: [10.182372937628038, 10.182372937628038] and parameters: {'k1': 5.7909642338812115e-05, 'D_low': 24.28756508761176, 'k2': 2.6087868551829077e-05, 'D_high': 1266.9536563782303, 'fire_exp': 1.111738490499784, 'P_half': 78.13392238162733, 'pre_dampen_half': 9.044346216330972, 'gpp_af': 56.62858823465573, 'gpp_b': 5.0875243087016374e-05, 'gpp_d': 7.631016235941559, 'ign_k': 0.09256855841989636, 'ign_c': 7.832259769732471, 'trop_agb_crit': 1.8023542850487386, 'trop_k_veg': 1.6648666152166967, 'fire_amp': 5.667622640988655}.
[I 2026-06-10 19:36:10,535] Trial 695 finished with values: [10.0509391673739, 10.0509391673739] and parameters: {'k1': 5.7909642338812115e-05, 'D_low': 2186.356344942016, 'k2': 0.005204862686958021, 'D_high': 1817.0401889219124, 'fire_exp': 1.2060040899560858, 'P_half': 157.3644610977214, 'pre_dampen_half': 189.36639872354493, 'gpp_af': 0.8594202650742228, 'gpp_b': 0.001674375583895437, 'gpp_d': 1.0088237648985734, 'ign_k': 0.7895056976009632, 'ign_c': 2.2882309479728957, 'trop_agb_crit': 8.0091368834625, 'trop_k_veg': 5.453348988480011, 'fire_amp': 2.6192385880432525}.
[I 2026-06-10 19:36:11,732] Trial 696 finished with values: [10.302417674926337, 10.302417674926337] and parameters: {'k1': 0.0869690639641868, 'D_low': 236.79352040223893, 'k2': 0.005204862686958021, 'D_high': 2058.484816788601, 'fire_exp': 1.2060040899560858, 'P_half': 114.62237838612074, 'pre_dampen_half': 9.044346216330972, 'gpp_af': 3.298293484806585, 'gpp_b': 0.001674375583895437, 'gpp_d': 1.0088237648985734, 'ign_k': 1.6270983114897255, 'ign_c': 16.497426799845446, 'trop_agb_crit': 8.0091368834625, 'trop_k_veg': 5.453348988480011, 'fire_amp': 2.6192385880432525}.
[I 2026-06-10 19:36:12,947] Trial 697 finished with values: [10.334961839783146, 10.334961839783146] and parameters: {'k1': 0.0869690639641868, 'D_low': 236.79352040223893, 'k2': 0.0007731571570012607, 'D_high': 1817.0401889219124, 'fire_exp': 1.2060040899560858, 'P_half': 1.4551749476072258, 'pre_dampen_half': 0.23485690470339216, 'gpp_af': 3.298293484806585, 'gpp_b': 0.001674375583895437, 'gpp_d': 1.0088237648985734, 'ign_k': 1.6270983114897255, 'ign_c': 7.832259769732471, 'trop_agb_crit': 1.0189592979395135, 'trop_k_veg': 5.453348988480011, 'fire_amp': 5.44779717154213}.
[I 2026-06-10 19:36:14,154] Trial 698 finished with values: [-0.645065059343875, 0.3120674830615189] and parameters: {'k1': 0.00026539376439360527, 'D_low': 43.2326421037033, 'k2': 0.0008255198309657572, 'D_high': 1266.9536563782303, 'fire_exp': 1.7505406131449859, 'P_half': 12.262543158860007, 'pre_dampen_half': 189.36639872354493, 'gpp_af': 3.030008727251782, 'gpp_b': 0.002416023630607169, 'gpp_d': 525.1661172395181, 'ign_k': 0.8945150807271531, 'ign_c': 7.832259769732471, 'trop_agb_crit': 3.1920112940578624, 'trop_k_veg': 1.6003641872536711, 'fire_amp': 4.472176921013167}.
[I 2026-06-10 19:36:15,394] Trial 699 finished with values: [10.830880184146931, 10.830880184146931] and parameters: {'k1': 0.012840669372724958, 'D_low': 16.480446427978972, 'k2': 0.02065142557895925, 'D_high': 20.78152796466981, 'fire_exp': 1.7505406131449859, 'P_half': 2.2010656610055808, 'pre_dampen_half': 121.93011993958949, 'gpp_af': 56.62858823465573, 'gpp_b': 0.0015782327810795573, 'gpp_d': 0.47379914349407487, 'ign_k': 0.8945150807271531, 'ign_c': 7.832259769732471, 'trop_agb_crit': 2.100813292597435, 'trop_k_veg': 6.825463866194253, 'fire_amp': 3.8500040010232275}.
[I 2026-06-10 19:36:16,675] Trial 700 finished with values: [-0.4484713852018358, 0.8826430990580207] and parameters: {'k1': 0.03820259936390116, 'D_low': 669.7348618512094, 'k2': 0.005204862686958021, 'D_high': 6682.9607218310075, 'fire_exp': 1.2060040899560858, 'P_half': 18.93453091519153, 'pre_dampen_half': 9.044346216330972, 'gpp_af': 0.8594202650742228, 'gpp_b': 0.0008861657881839811, 'gpp_d': 14.427333163005196, 'ign_k': 1.6270983114897255, 'ign_c': 1.364908766641693, 'trop_agb_crit': 1.0189592979395135, 'trop_k_veg': 2.99731137426955, 'fire_amp': 3.890668402773863}.
[I 2026-06-10 19:36:17,953] Trial 701 finished with values: [-0.6219270642107453, 0.7373289821262009] and parameters: {'k1': 5.7909642338812115e-05, 'D_low': 236.79352040223893, 'k2': 0.005204862686958021, 'D_high': 6682.9607218310075, 'fire_exp': 1.2060040899560858, 'P_half': 2.226799690893868, 'pre_dampen_half': 189.36639872354493, 'gpp_af': 0.8594202650742228, 'gpp_b': 0.001674375583895437, 'gpp_d': 1.0088237648985734, 'ign_k': 0.09256855841989636, 'ign_c': 1.364908766641693, 'trop_agb_crit': 1.0189592979395135, 'trop_k_veg': 2.99731137426955, 'fire_amp': 2.6192385880432525}.
[I 2026-06-10 19:36:19,131] Trial 702 finished with values: [10.83191703276727, 10.83191703276727] and parameters: {'k1': 0.00026539376439360527, 'D_low': 50.32059347286801, 'k2': 0.003767022142229395, 'D_high': 48235.58283024493, 'fire_exp': 7.837740398103447, 'P_half': 18.93453091519153, 'pre_dampen_half': 38.00678588560607, 'gpp_af': 1.8730788990929563, 'gpp_b': 0.0004360709560327289, 'gpp_d': 7.631016235941559, 'ign_k': 0.0029519227433917453, 'ign_c': 2.2882309479728957, 'trop_agb_crit': 1.8023542850487386, 'trop_k_veg': 2.520089655463604, 'fire_amp': 4.19233232783727}.
