[I 2026-08-19 13:10:03,279] Trial 480 finished with values: [-0.4001648363596625, 0.0067745876109931435] and parameters: {'k1': 2.9693357731296325e-05, 'D_low': 1.6569065206637925, 'k2': 0.0002001342062287998, 'D_high': 6543576.946931886, 'fire_exp': 1.3796609641485171, 'P_half': 10.436686039715203, 'pre_dampen_half': 30.11226646948154, 'gpp_af': 0.18737227240512885, 'gpp_b': 0.05825704883392061, 'gpp_d': 0.021780247871356784, 'ign_k': 0.04439802552990466, 'ign_c': 12.366924205139131, 'trop_agb_crit': 3.544180417534903, 'trop_k_veg': 6.972354563243685, 'pop_amp': 0.008683934086503814, 'pop_peak': 0.05281056279423359, 'pop_sig': 1.804482856986987, 'fuel_k': 4.04437775870989, 'fuel_half': 17.890117928710357}.
[I 2026-08-19 13:10:06,353] Trial 481 finished with values: [-0.3554625854118624, 0.0] and parameters: {'k1': 0.028670350305540694, 'D_low': 16402.29067110099, 'k2': 0.015763894361785387, 'D_high': 577.4987726789047, 'fire_exp': 1.8713074096420792, 'P_half': 1590.1058351240622, 'pre_dampen_half': 0.6380717024176037, 'gpp_af': 0.0028701881471957036, 'gpp_b': 0.00025250645889020453, 'gpp_d': 0.04831624275180356, 'ign_k': 0.0023181776112903506, 'ign_c': 6.0816733722841345, 'trop_agb_crit': 1.8769978887909808, 'trop_k_veg': 4.541505658710469, 'pop_amp': 0.0034369873301918173, 'pop_peak': 0.08738617022933418, 'pop_sig': 1.6014049129068106, 'fuel_k': 0.6763941362086655, 'fuel_half': 99.80516566417303}.
[I 2026-08-19 13:10:09,328] Trial 482 finished with values: [-0.4178856350853647, 9.406685430590755e-10] and parameters: {'k1': 1.844951990812239e-05, 'D_low': 1.6569065206637925, 'k2': 0.0014455983984872978, 'D_high': 1907543.828944448, 'fire_exp': 4.4758690202162805, 'P_half': 8894.151386481904, 'pre_dampen_half': 0.2571419084734534, 'gpp_af': 0.18737227240512885, 'gpp_b': 0.0004837646996135023, 'gpp_d': 0.16294786031575217, 'ign_k': 0.04439802552990466, 'ign_c': 12.366924205139131, 'trop_agb_crit': 3.544180417534903, 'trop_k_veg': 6.972354563243685, 'pop_amp': 0.029228481237926353, 'pop_peak': 0.17274196344453516, 'pop_sig': 1.804482856986987, 'fuel_k': 2.8606142106392465, 'fuel_half': 17.890117928710357}.
[I 2026-08-19 13:10:12,477] Trial 483 finished with values: [-0.3806931117817395, 2.949165791577002e-07] and parameters: {'k1': 4.0873003903057456e-05, 'D_low': 2.400213216646464, 'k2': 0.09116768553735347, 'D_high': 9355.38060645217, 'fire_exp': 6.454675979546216, 'P_half': 4.937355303501834, 'pre_dampen_half': 30.11226646948154, 'gpp_af': 0.18737227240512885, 'gpp_b': 1.624829724391053, 'gpp_d': 8.347790852520644, 'ign_k': 0.04439802552990466, 'ign_c': 0.13492881864712067, 'trop_agb_crit': 23.606263788786194, 'trop_k_veg': 3.754644404143055, 'pop_amp': 5.27924855752961, 'pop_peak': 10.679600530994481, 'pop_sig': 1.0424917012813995, 'fuel_k': 4.04437775870989, 'fuel_half': 0.3497028715561063}.
[I 2026-08-19 13:10:16,115] Trial 484 finished with values: [-0.4325093642592977, 0.01858115024792195] and parameters: {'k1': 9.67404566214593e-05, 'D_low': 1.6569065206637925, 'k2': 0.0002001342062287998, 'D_high': 1661855.441285105, 'fire_exp': 2.5321117364280843, 'P_half': 229.5739821454948, 'pre_dampen_half': 0.10189118197357125, 'gpp_af': 0.11134482360128048, 'gpp_b': 1.788789091682049e-05, 'gpp_d': 0.050654860639753524, 'ign_k': 0.17320535908244444, 'ign_c': 0.5110256715654393, 'trop_agb_crit': 1.050713312531254, 'trop_k_veg': 5.691473319778836, 'pop_amp': 0.0021433490423168255, 'pop_peak': 9.800256233246529, 'pop_sig': 1.804482856986987, 'fuel_k': 3.250046746707412, 'fuel_half': 1.7895437790635824}.
  trial  485/2500  pareto_size=30  best_ilamb=0.6094  (24.6 min)
[I 2026-08-19 13:10:19,483] Trial 485 finished with values: [-0.5185277617181638, 0.06572670516383738] and parameters: {'k1': 0.09372580613581186, 'D_low': 1368.9795993592197, 'k2': 0.09116768553735347, 'D_high': 1661855.441285105, 'fire_exp': 2.5321117364280843, 'P_half': 229.5739821454948, 'pre_dampen_half': 30.11226646948154, 'gpp_af': 0.41874665092828456, 'gpp_b': 0.004411400434514031, 'gpp_d': 1.0088237648985734, 'ign_k': 9.162638829638215, 'ign_c': 0.13492881864712067, 'trop_agb_crit': 1.050713312531254, 'trop_k_veg': 5.691473319778836, 'pop_amp': 0.0021433490423168255, 'pop_peak': 1.884221947092994, 'pop_sig': 1.804482856986987, 'fuel_k': 3.250046746707412, 'fuel_half': 17.890117928710357}.
[I 2026-08-19 13:10:22,353] Trial 486 finished with values: [-0.3918930141887349, 4.196643033083092e-14] and parameters: {'k1': 0.005456725485601475, 'D_low': 286.06841726052676, 'k2': 0.0021608491389795734, 'D_high': 1661855.441285105, 'fire_exp': 3.7695400350033266, 'P_half': 6220.327170121322, 'pre_dampen_half': 0.2571419084734534, 'gpp_af': 0.005018406982902927, 'gpp_b': 0.620439464939785, 'gpp_d': 117.2128156438701, 'ign_k': 0.019830561549555963, 'ign_c': 0.15590073239763044, 'trop_agb_crit': 1.257433437731036, 'trop_k_veg': 2.819496004876631, 'pop_amp': 10.985330528057915, 'pop_peak': 352.89806695809773, 'pop_sig': 0.9904669476016459, 'fuel_k': 0.27631890369709744, 'fuel_half': 0.18427970406864538}.
[I 2026-08-19 13:10:25,698] Trial 487 finished with values: [-0.3554625854118624, 0.0] and parameters: {'k1': 4.929552311643645e-05, 'D_low': 50340.563942871704, 'k2': 6.340140860251457e-05, 'D_high': 4137.7016715719255, 'fire_exp': 5.433392060430592, 'P_half': 229.5739821454948, 'pre_dampen_half': 0.2571419084734534, 'gpp_af': 0.0028701881471957036, 'gpp_b': 0.262066851092946, 'gpp_d': 118.26972885708257, 'ign_k': 0.0023181776112903506, 'ign_c': 12.366924205139131, 'trop_agb_crit': 1.4383685371489123, 'trop_k_veg': 3.754644404143055, 'pop_amp': 0.029228481237926353, 'pop_peak': 1.884221947092994, 'pop_sig': 0.9904669476016459, 'fuel_k': 0.022805907608636752, 'fuel_half': 17.890117928710357}.
[I 2026-08-19 13:10:28,665] Trial 488 finished with values: [-0.49226671391084514, 0.020944393347839818] and parameters: {'k1': 0.0029070516815839368, 'D_low': 1.6569065206637925, 'k2': 0.0002191739661157602, 'D_high': 24493.271671328574, 'fire_exp': 1.1633452995374232, 'P_half': 6281.776703992854, 'pre_dampen_half': 0.10189118197357125, 'gpp_af': 0.41874665092828456, 'gpp_b': 0.008968044580295738, 'gpp_d': 118.26972885708257, 'ign_k': 0.17320535908244444, 'ign_c': 0.5110256715654393, 'trop_agb_crit': 3.3887235042490564, 'trop_k_veg': 1.2587638501261758, 'pop_amp': 11.72926995754655, 'pop_peak': 2.016436598480055, 'pop_sig': 2.4100357112052566, 'fuel_k': 1.3626356448811705, 'fuel_half': 1.683458881839943}.
[I 2026-08-19 13:10:31,836] Trial 489 finished with values: [-0.37231338201917896, 1.616604605736427e-08] and parameters: {'k1': 0.0029070516815839368, 'D_low': 82151.19893998209, 'k2': 0.0067445742055710165, 'D_high': 1124534.1807254362, 'fire_exp': 6.464773756830049, 'P_half': 267.2146013620241, 'pre_dampen_half': 0.6380717024176037, 'gpp_af': 0.0028701881471957036, 'gpp_b': 0.0004837646996135023, 'gpp_d': 118.26972885708257, 'ign_k': 0.002879700348528891, 'ign_c': 6.0816733722841345, 'trop_agb_crit': 2.6689615974393592, 'trop_k_veg': 5.691473319778836, 'pop_amp': 0.0034369873301918173, 'pop_peak': 70.5165740192732, 'pop_sig': 1.804482856986987, 'fuel_k': 0.7243292473033053, 'fuel_half': 17.890117928710357}.
[I 2026-08-19 13:10:35,365] Trial 490 finished with values: [-0.42097867725284405, 2.856018864128007e-05] and parameters: {'k1': 4.929552311643645e-05, 'D_low': 50340.563942871704, 'k2': 0.09474524974021553, 'D_high': 1840060.4093141211, 'fire_exp': 5.433392060430592, 'P_half': 229.5739821454948, 'pre_dampen_half': 0.2571419084734534, 'gpp_af': 0.0028701881471957036, 'gpp_b': 9.67374839440457e-05, 'gpp_d': 118.26972885708257, 'ign_k': 9.162638829638215, 'ign_c': 12.366924205139131, 'trop_agb_crit': 9.497662537022913, 'trop_k_veg': 2.968382718115938, 'pop_amp': 0.25063586053692166, 'pop_peak': 1.884221947092994, 'pop_sig': 1.804482856986987, 'fuel_k': 0.022805907608636752, 'fuel_half': 17.890117928710357}.
[I 2026-08-19 13:10:38,976] Trial 491 finished with values: [-0.4103316440206827, 3.0240521198265924e-10] and parameters: {'k1': 0.0029070516815839368, 'D_low': 1.6569065206637925, 'k2': 0.0003856302813879373, 'D_high': 6543576.946931886, 'fire_exp': 6.464773756830049, 'P_half': 8894.151386481904, 'pre_dampen_half': 0.10189118197357125, 'gpp_af': 0.18737227240512885, 'gpp_b': 0.0004837646996135023, 'gpp_d': 1.0088237648985734, 'ign_k': 0.04439802552990466, 'ign_c': 12.366924205139131, 'trop_agb_crit': 3.3887235042490564, 'trop_k_veg': 6.972354563243685, 'pop_amp': 11.72926995754655, 'pop_peak': 4.557885026195722, 'pop_sig': 1.804482856986987, 'fuel_k': 2.8606142106392465, 'fuel_half': 17.890117928710357}.
  trial  492/2500  pareto_size=30  best_ilamb=0.6094  (25.0 min)
[I 2026-08-19 13:10:41,988] Trial 492 finished with values: [-0.42795630316313343, 0.06368896450918515] and parameters: {'k1': 4.042960692360327e-05, 'D_low': 1.6569065206637925, 'k2': 9.861808369679773e-05, 'D_high': 290855.8180038407, 'fire_exp': 1.8678802571070678, 'P_half': 836.7621766169207, 'pre_dampen_half': 65.77017096798056, 'gpp_af': 0.0025186552636979184, 'gpp_b': 1.788789091682049e-05, 'gpp_d': 650.4921701204659, 'ign_k': 0.0027703009300353663, 'ign_c': 89.12611835816996, 'trop_agb_crit': 27.05166881899929, 'trop_k_veg': 4.288672925586801, 'pop_amp': 0.004708042915737182, 'pop_peak': 0.05281056279423359, 'pop_sig': 0.42382971672762476, 'fuel_k': 0.9199338799678547, 'fuel_half': 1.7895437790635824}.
[I 2026-08-19 13:10:44,943] Trial 493 finished with values: [-0.4127162940932999, 5.5248584596157e-09] and parameters: {'k1': 1.844951990812239e-05, 'D_low': 618.349015551643, 'k2': 6.340140860251457e-05, 'D_high': 1124534.1807254362, 'fire_exp': 1.8713074096420792, 'P_half': 1636.5290600718067, 'pre_dampen_half': 0.2571419084734534, 'gpp_af': 0.0028701881471957036, 'gpp_b': 3.1906667956153174, 'gpp_d': 108.18665579547857, 'ign_k': 9.162638829638215, 'ign_c': 6.0816733722841345, 'trop_agb_crit': 3.544180417534903, 'trop_k_veg': 2.246382792334124, 'pop_amp': 5.682850415992685, 'pop_peak': 0.09070767260433737, 'pop_sig': 1.804482856986987, 'fuel_k': 3.250046746707412, 'fuel_half': 17.890117928710357}.
[I 2026-08-19 13:10:47,921] Trial 494 finished with values: [-0.4388738810371495, 0.006780406114215265] and parameters: {'k1': 0.00020329778470902634, 'D_low': 1.6569065206637925, 'k2': 0.0021608491389795734, 'D_high': 24493.271671328574, 'fire_exp': 1.1633452995374232, 'P_half': 6281.776703992854, 'pre_dampen_half': 0.10189118197357125, 'gpp_af': 0.41874665092828456, 'gpp_b': 0.004411400434514031, 'gpp_d': 1.0088237648985734, 'ign_k': 0.3818468247973969, 'ign_c': 0.5110256715654393, 'trop_agb_crit': 3.3887235042490564, 'trop_k_veg': 5.691473319778836, 'pop_amp': 11.72926995754655, 'pop_peak': 13.10465149744836, 'pop_sig': 0.4663206866626952, 'fuel_k': 1.3626356448811705, 'fuel_half': 1.683458881839943}.
[I 2026-08-19 13:10:50,818] Trial 495 finished with values: [-0.4146170117639435, 9.13755848763742e-10] and parameters: {'k1': 4.0873003903057456e-05, 'D_low': 1.6569065206637925, 'k2': 4.392638796750218e-05, 'D_high': 6543576.946931886, 'fire_exp': 6.464773756830049, 'P_half': 8894.151386481904, 'pre_dampen_half': 0.2571419084734534, 'gpp_af': 0.18737227240512885, 'gpp_b': 0.0004837646996135023, 'gpp_d': 3.9841905944346854, 'ign_k': 0.3699359899959751, 'ign_c': 12.366924205139131, 'trop_agb_crit': 2.6689615974393592, 'trop_k_veg': 3.754644404143055, 'pop_amp': 0.029228481237926353, 'pop_peak': 657.2719182917455, 'pop_sig': 1.804482856986987, 'fuel_k': 3.640039183945803, 'fuel_half': 0.10355826161899183}.
[I 2026-08-19 13:10:53,555] Trial 496 finished with values: [-0.38574998559334156, 0.0] and parameters: {'k1': 0.08924795116437424, 'D_low': 1368.9795993592197, 'k2': 1.2748758606816134e-05, 'D_high': 1840060.4093141211, 'fire_exp': 7.856097010829145, 'P_half': 267.2146013620241, 'pre_dampen_half': 0.2571419084734534, 'gpp_af': 0.9346598275601615, 'gpp_b': 4.038332634638232, 'gpp_d': 108.18665579547857, 'ign_k': 0.009935023909063692, 'ign_c': 225.58738962142354, 'trop_agb_crit': 9.561362341798622, 'trop_k_veg': 0.8084202024508578, 'pop_amp': 0.004708042915737182, 'pop_peak': 1.421337820414783, 'pop_sig': 0.5314193463179775, 'fuel_k': 0.9666195090843235, 'fuel_half': 17.890117928710357}.
[I 2026-08-19 13:10:56,077] Trial 497 finished with values: [-0.45118289705880954, 0.02958524733823642] and parameters: {'k1': 0.0007158031739371039, 'D_low': 27972.024228472703, 'k2': 0.0021608491389795734, 'D_high': 1840060.4093141211, 'fire_exp': 1.0501937052663004, 'P_half': 267.2146013620241, 'pre_dampen_half': 0.2571419084734534, 'gpp_af': 0.0077125451401819246, 'gpp_b': 9.67374839440457e-05, 'gpp_d': 117.2128156438701, 'ign_k': 9.162638829638215, 'ign_c': 0.19678273362633986, 'trop_agb_crit': 28.49245476864681, 'trop_k_veg': 4.30392173391187, 'pop_amp': 0.0021433490423168255, 'pop_peak': 0.17274196344453516, 'pop_sig': 1.804482856986987, 'fuel_k': 0.27631890369709744, 'fuel_half': 1.7918446176734728}.
[I 2026-08-19 13:10:58,874] Trial 498 finished with values: [-0.43106911907683176, 0.001764269809739205] and parameters: {'k1': 5.025876001070713e-05, 'D_low': 1368.9795993592197, 'k2': 0.0021608491389795734, 'D_high': 1661855.441285105, 'fire_exp': 1.1633452995374232, 'P_half': 6281.776703992854, 'pre_dampen_half': 0.10189118197357125, 'gpp_af': 0.41874665092828456, 'gpp_b': 0.004411400434514031, 'gpp_d': 118.26972885708257, 'ign_k': 0.3818468247973969, 'ign_c': 12.366924205139131, 'trop_agb_crit': 28.49245476864681, 'trop_k_veg': 5.691473319778836, 'pop_amp': 0.029228481237926353, 'pop_peak': 2.016436598480055, 'pop_sig': 0.4663206866626952, 'fuel_k': 1.3626356448811705, 'fuel_half': 1.683458881839943}.
[I 2026-08-19 13:11:02,228] Trial 499 finished with values: [-0.45031959237528857, 0.05656846442954466] and parameters: {'k1': 1.844951990812239e-05, 'D_low': 27972.024228472703, 'k2': 6.340140860251457e-05, 'D_high': 1840060.4093141211, 'fire_exp': 1.3796609641485171, 'P_half': 1636.5290600718067, 'pre_dampen_half': 28.18541632262783, 'gpp_af': 0.0028701881471957036, 'gpp_b': 9.67374839440457e-05, 'gpp_d': 118.26972885708257, 'ign_k': 9.162638829638215, 'ign_c': 6.0816733722841345, 'trop_agb_crit': 3.544180417534903, 'trop_k_veg': 2.246382792334124, 'pop_amp': 0.04874366481145617, 'pop_peak': 0.17274196344453516, 'pop_sig': 1.804482856986987, 'fuel_k': 0.15552861105540366, 'fuel_half': 17.890117928710357}.
  trial  500/2500  pareto_size=31  best_ilamb=0.6094  (25.4 min)
[I 2026-08-19 13:11:07,501] Trial 500 finished with values: [-0.41493161531244704, 4.6881490911587775e-09] and parameters: {'k1': 9.67404566214593e-05, 'D_low': 15150.361381456718, 'k2': 6.340140860251457e-05, 'D_high': 1124534.1807254362, 'fire_exp': 1.8713074096420792, 'P_half': 1517.2922775770444, 'pre_dampen_half': 0.2571419084734534, 'gpp_af': 0.0028701881471957036, 'gpp_b': 1.624829724391053, 'gpp_d': 108.18665579547857, 'ign_k': 9.162638829638215, 'ign_c': 6.0816733722841345, 'trop_agb_crit': 1.4383685371489123, 'trop_k_veg': 5.691473319778836, 'pop_amp': 5.682850415992685, 'pop_peak': 1.884221947092994, 'pop_sig': 0.9904669476016459, 'fuel_k': 0.6763941362086655, 'fuel_half': 11.935199796901877}.
[I 2026-08-19 13:11:11,694] Trial 501 finished with values: [-0.4243956287114755, 7.803926743710221e-07] and parameters: {'k1': 4.929552311643645e-05, 'D_low': 286.06841726052676, 'k2': 0.0019856031481305684, 'D_high': 1840060.4093141211, 'fire_exp': 3.7695400350033266, 'P_half': 6281.776703992854, 'pre_dampen_half': 0.7465571739720183, 'gpp_af': 0.0077125451401819246, 'gpp_b': 0.0001605469768042801, 'gpp_d': 118.26972885708257, 'ign_k': 0.43129510236174595, 'ign_c': 13.909474988024083, 'trop_agb_crit': 3.544180417534903, 'trop_k_veg': 2.968382718115938, 'pop_amp': 0.0013002472438361158, 'pop_peak': 503.7153440645595, 'pop_sig': 1.804482856986987, 'fuel_k': 0.11148299766359336, 'fuel_half': 17.890117928710357}.
[I 2026-08-19 13:11:14,999] Trial 502 finished with values: [-0.4205743078761602, 0.0021410063973554827] and parameters: {'k1': 1.844951990812239e-05, 'D_low': 27972.024228472703, 'k2': 0.0019856031481305684, 'D_high': 24493.271671328574, 'fire_exp': 1.3796609641485171, 'P_half': 1636.5290600718067, 'pre_dampen_half': 0.2571419084734534, 'gpp_af': 0.0077125451401819246, 'gpp_b': 9.67374839440457e-05, 'gpp_d': 118.26972885708257, 'ign_k': 9.946147674311604, 'ign_c': 12.366924205139131, 'trop_agb_crit': 3.544180417534903, 'trop_k_veg': 2.819496004876631, 'pop_amp': 2.1219303004144856, 'pop_peak': 0.13025017459950522, 'pop_sig': 1.804482856986987, 'fuel_k': 0.11148299766359336, 'fuel_half': 1.683458881839943}.
[I 2026-08-19 13:11:18,295] Trial 503 finished with values: [-0.5269289753549374, 0.1656013375860782] and parameters: {'k1': 1.844951990812239e-05, 'D_low': 1.6569065206637925, 'k2': 0.0002191739661157602, 'D_high': 9355.38060645217, 'fire_exp': 1.3796609641485171, 'P_half': 7.361379380357789, 'pre_dampen_half': 0.19674328025306115, 'gpp_af': 0.00301004353953023, 'gpp_b': 0.0007417652034871827, 'gpp_d': 118.26972885708257, 'ign_k': 0.1537592023548176, 'ign_c': 6.331166646948953, 'trop_agb_crit': 17.69486533706496, 'trop_k_veg': 5.453348988480011, 'pop_amp': 10.985330528057915, 'pop_peak': 2.016436598480055, 'pop_sig': 1.804482856986987, 'fuel_k': 3.640039183945803, 'fuel_half': 0.18427970406864538}.
[I 2026-08-19 13:11:22,470] Trial 504 finished with values: [-0.38352812726017554, 7.612688257552236e-12] and parameters: {'k1': 0.08924795116437424, 'D_low': 30595.410256046172, 'k2': 1.2748758606816134e-05, 'D_high': 4137.7016715719255, 'fire_exp': 3.7695400350033266, 'P_half': 6281.776703992854, 'pre_dampen_half': 0.10189118197357125, 'gpp_af': 0.9346598275601615, 'gpp_b': 0.010442814210473004, 'gpp_d': 0.19553384550454228, 'ign_k': 0.0023181776112903506, 'ign_c': 225.58738962142354, 'trop_agb_crit': 2.082468072533112, 'trop_k_veg': 0.8084202024508578, 'pop_amp': 0.004708042915737182, 'pop_peak': 10.679600530994481, 'pop_sig': 0.7020782687730053, 'fuel_k': 0.9666195090843235, 'fuel_half': 9.562955396652193}.
[I 2026-08-19 13:11:26,951] Trial 505 finished with values: [-0.41100847185550016, 5.933023492499245e-06] and parameters: {'k1': 2.9693357731296325e-05, 'D_low': 82151.19893998209, 'k2': 0.015763894361785387, 'D_high': 147291.8866762514, 'fire_exp': 1.8713074096420792, 'P_half': 229.5739821454948, 'pre_dampen_half': 0.6380717024176037, 'gpp_af': 0.18737227240512885, 'gpp_b': 0.34433405211547635, 'gpp_d': 0.04831624275180356, 'ign_k': 0.02456326518827606, 'ign_c': 12.366924205139131, 'trop_agb_crit': 3.544180417534903, 'trop_k_veg': 2.246382792334124, 'pop_amp': 6.746076139939917, 'pop_peak': 70.5165740192732, 'pop_sig': 1.6014049129068106, 'fuel_k': 0.6763941362086655, 'fuel_half': 11.935199796901877}.
  trial  506/2500  pareto_size=29  best_ilamb=0.6094  (25.8 min)
[I 2026-08-19 13:11:31,016] Trial 506 finished with values: [-0.4361903294507279, 0.00567499224757706] and parameters: {'k1': 0.0029070516815839368, 'D_low': 1.6569065206637925, 'k2': 0.0019856031481305684, 'D_high': 24493.271671328574, 'fire_exp': 1.3796609641485171, 'P_half': 456.7167062335233, 'pre_dampen_half': 0.2571419084734534, 'gpp_af': 0.0077125451401819246, 'gpp_b': 0.0004837646996135023, 'gpp_d': 0.16294786031575217, 'ign_k': 9.162638829638215, 'ign_c': 12.366924205139131, 'trop_agb_crit': 2.6689615974393592, 'trop_k_veg': 4.30392173391187, 'pop_amp': 0.029228481237926353, 'pop_peak': 0.17274196344453516, 'pop_sig': 1.804482856986987, 'fuel_k': 0.15552861105540366, 'fuel_half': 17.890117928710357}.
[I 2026-08-19 13:11:34,316] Trial 507 finished with values: [-0.3690400215582993, 5.498268507153625e-12] and parameters: {'k1': 2.9693357731296325e-05, 'D_low': 15150.361381456718, 'k2': 0.0032792262899971644, 'D_high': 1840060.4093141211, 'fire_exp': 5.433392060430592, 'P_half': 1636.5290600718067, 'pre_dampen_half': 94.89641456368317, 'gpp_af': 0.0077125451401819246, 'gpp_b': 0.3189249600851242, 'gpp_d': 108.18665579547857, 'ign_k': 0.43129510236174595, 'ign_c': 4.4716799012313055, 'trop_agb_crit': 3.544180417534903, 'trop_k_veg': 2.968382718115938, 'pop_amp': 0.029228481237926353, 'pop_peak': 486.1716353196154, 'pop_sig': 1.804482856986987, 'fuel_k': 0.15552861105540366, 'fuel_half': 17.890117928710357}.
[I 2026-08-19 13:11:38,059] Trial 508 finished with values: [-0.45106123255105574, 0.0253404763784697] and parameters: {'k1': 1.844951990812239e-05, 'D_low': 1.6569065206637925, 'k2': 0.0019856031481305684, 'D_high': 1661855.441285105, 'fire_exp': 1.3796609641485171, 'P_half': 1636.5290600718067, 'pre_dampen_half': 1.8469033699850426, 'gpp_af': 0.41874665092828456, 'gpp_b': 9.67374839440457e-05, 'gpp_d': 118.26972885708257, 'ign_k': 0.17320535908244444, 'ign_c': 12.366924205139131, 'trop_agb_crit': 3.544180417534903, 'trop_k_veg': 5.691473319778836, 'pop_amp': 0.04874366481145617, 'pop_peak': 0.17274196344453516, 'pop_sig': 2.4100357112052566, 'fuel_k': 1.3626356448811705, 'fuel_half': 17.890117928710357}.
[I 2026-08-19 13:11:42,224] Trial 509 finished with values: [-0.41132206786549724, 5.953968916083685e-05] and parameters: {'k1': 0.09372580613581186, 'D_low': 1.6569065206637925, 'k2': 0.0019856031481305684, 'D_high': 6543576.946931886, 'fire_exp': 5.433392060430592, 'P_half': 10.436686039715203, 'pre_dampen_half': 0.7465571739720183, 'gpp_af': 0.18737227240512885, 'gpp_b': 0.05825704883392061, 'gpp_d': 118.26972885708257, 'ign_k': 0.0023181776112903506, 'ign_c': 12.366924205139131, 'trop_agb_crit': 3.544180417534903, 'trop_k_veg': 0.8084202024508578, 'pop_amp': 0.008683934086503814, 'pop_peak': 503.7153440645595, 'pop_sig': 0.4663206866626952, 'fuel_k': 0.022805907608636752, 'fuel_half': 1.7895437790635824}.
