[I 2026-08-06 00:12:50,510] Trial 390 finished with values: [10.76784865513256, 10.76784865513256] and parameters: {'k1': 0.00012105387404469581, 'D_low': 1.54121727098019, 'k2': 1.1184534120760473e-05, 'D_high': 3660.150802571655, 'fire_exp': 3.8026487174187142, 'P_half': 125.61043700013555, 'pre_dampen_half': 36.876350096203005, 'gpp_af': 0.0025511964576171086, 'gpp_b': 3.228689523591491e-05, 'gpp_d': 39.827466658711515, 'ign_k': 0.019192001101561888, 'ign_c': 2.92043384718141}.
[I 2026-08-06 00:12:51,467] Trial 391 finished with values: [10.764730804166934, 10.764730804166934] and parameters: {'k1': 2.3224552232891533e-05, 'D_low': 3234.7703263192993, 'k2': 0.0007081721844034209, 'D_high': 3660.150802571655, 'fire_exp': 1.5201277403788451, 'P_half': 958.8659498594012, 'pre_dampen_half': 0.21281400894533783, 'gpp_af': 29.925002022877802, 'gpp_b': 0.0024194895091734425, 'gpp_d': 39.827466658711515, 'ign_k': 0.017654048052495083, 'ign_c': 19.19168994439752}.
[I 2026-08-06 00:12:52,437] Trial 392 finished with values: [10.880874366887507, 10.880874366887507] and parameters: {'k1': 0.00012105387404469581, 'D_low': 4.051452710153359, 'k2': 3.5917714215176105e-05, 'D_high': 75773.14388518519, 'fire_exp': 1.2943117749495199, 'P_half': 63.585411411994926, 'pre_dampen_half': 703.6426675556048, 'gpp_af': 10.25616274847308, 'gpp_b': 8.539677611488478e-05, 'gpp_d': 39.827466658711515, 'ign_k': 0.017654048052495083, 'ign_c': 14.810800730363484}.
[I 2026-08-06 00:12:53,437] Trial 393 finished with values: [10.769230716418145, 10.769230716418145] and parameters: {'k1': 0.0029707920514735983, 'D_low': 125.32726386250698, 'k2': 0.0004381141781653133, 'D_high': 32.96550135838091, 'fire_exp': 7.7401268792356985, 'P_half': 39.03214299767183, 'pre_dampen_half': 703.6426675556048, 'gpp_af': 0.0025511964576171086, 'gpp_b': 3.228689523591491e-05, 'gpp_d': 0.19476644406315288, 'ign_k': 0.03141110271934876, 'ign_c': 47.268615251255675}.
[I 2026-08-06 00:12:54,389] Trial 394 finished with values: [10.517565557004566, 10.517565557004566] and parameters: {'k1': 2.0937989739527727e-05, 'D_low': 125.32726386250698, 'k2': 0.0004381141781653133, 'D_high': 233.52156626184438, 'fire_exp': 1.182396148413737, 'P_half': 6646.698709242519, 'pre_dampen_half': 703.6426675556048, 'gpp_af': 0.0025511964576171086, 'gpp_b': 3.228689523591491e-05, 'gpp_d': 0.19476644406315288, 'ign_k': 0.002357279455676982, 'ign_c': 2.92043384718141}.
[I 2026-08-06 00:12:55,358] Trial 395 finished with values: [10.396344942627731, 10.396344942627731] and parameters: {'k1': 0.00324789183891923, 'D_low': 1112.9571947046009, 'k2': 0.006138509947844854, 'D_high': 6455.595882939566, 'fire_exp': 1.151006986743773, 'P_half': 958.8659498594012, 'pre_dampen_half': 111.37963167994629, 'gpp_af': 1.2003722333832936, 'gpp_b': 3.481277316673104e-05, 'gpp_d': 150.14555442537656, 'ign_k': 0.031134168041628628, 'ign_c': 19.19168994439752}.
[I 2026-08-06 00:12:56,311] Trial 396 finished with values: [10.211236550736402, 10.211236550736402] and parameters: {'k1': 3.252245757497282e-05, 'D_low': 1112.9571947046009, 'k2': 0.08790311296857814, 'D_high': 3660.150802571655, 'fire_exp': 1.5201277403788451, 'P_half': 2.157758652553991, 'pre_dampen_half': 76.86605275420082, 'gpp_af': 20.44739969013527, 'gpp_b': 3.481277316673104e-05, 'gpp_d': 34.37107943937136, 'ign_k': 0.017654048052495083, 'ign_c': 9.34330265731847}.
[I 2026-08-06 00:12:57,267] Trial 397 finished with values: [-0.4955202116665597, 0.261560615287615] and parameters: {'k1': 3.252245757497282e-05, 'D_low': 1112.9571947046009, 'k2': 3.5917714215176105e-05, 'D_high': 17300.724838654387, 'fire_exp': 1.5201277403788451, 'P_half': 24.136213194527585, 'pre_dampen_half': 304.7488318185732, 'gpp_af': 0.47739011308437823, 'gpp_b': 3.481277316673104e-05, 'gpp_d': 150.14555442537656, 'ign_k': 0.019192001101561888, 'ign_c': 9.34330265731847}.
[I 2026-08-06 00:12:58,265] Trial 398 finished with values: [10.111642393872037, 10.111642393872037] and parameters: {'k1': 0.002971796631657383, 'D_low': 4.051452710153359, 'k2': 0.0007081721844034209, 'D_high': 3660.150802571655, 'fire_exp': 1.0881360604103363, 'P_half': 22.4895428439145, 'pre_dampen_half': 5.542030950268268, 'gpp_af': 1.6595781802652418, 'gpp_b': 8.539677611488478e-05, 'gpp_d': 4.5768578731086835, 'ign_k': 0.017654048052495083, 'ign_c': 14.810800730363484}.
[I 2026-08-06 00:12:59,243] Trial 399 finished with values: [13.999857945941805, 13.999857945941805] and parameters: {'k1': 0.0029707920514735983, 'D_low': 125.32726386250698, 'k2': 0.0010204225357677778, 'D_high': 75773.14388518519, 'fire_exp': 1.2943117749495199, 'P_half': 22.4895428439145, 'pre_dampen_half': 703.6426675556048, 'gpp_af': 0.0025511964576171086, 'gpp_b': 2.800940363375676e-05, 'gpp_d': 0.19476644406315288, 'ign_k': 0.03141110271934876, 'ign_c': 0.6235377135673155}.
[I 2026-08-06 00:13:00,356] Trial 400 finished with values: [11.43992437389529, 11.43992437389529] and parameters: {'k1': 0.03232155805617897, 'D_low': 7.068974950624602, 'k2': 0.006138509947844854, 'D_high': 233.52156626184438, 'fire_exp': 1.1044852285094786, 'P_half': 417.79950639915216, 'pre_dampen_half': 703.6426675556048, 'gpp_af': 0.028585493941961918, 'gpp_b': 3.228689523591491e-05, 'gpp_d': 368.30088529547436, 'ign_k': 0.03141110271934876, 'ign_c': 10.140635645866492}.
[I 2026-08-06 00:13:01,327] Trial 401 finished with values: [10.70817133583985, 10.70817133583985] and parameters: {'k1': 0.025383218374507292, 'D_low': 18.522006003174383, 'k2': 0.006138509947844854, 'D_high': 1687.3495104568947, 'fire_exp': 1.151006986743773, 'P_half': 958.8659498594012, 'pre_dampen_half': 14.689898077648792, 'gpp_af': 22.766850248686247, 'gpp_b': 0.6637926838138378, 'gpp_d': 5.679195944606101, 'ign_k': 0.031134168041628628, 'ign_c': 14.367095138664217}.
[I 2026-08-06 00:13:02,314] Trial 402 finished with values: [10.374399563969265, 10.374399563969265] and parameters: {'k1': 0.03232155805617897, 'D_low': 98.57545621889057, 'k2': 1.1184534120760473e-05, 'D_high': 6455.595882939566, 'fire_exp': 1.1044852285094786, 'P_half': 1627.0983114897251, 'pre_dampen_half': 59.66041614891413, 'gpp_af': 0.028585493941961918, 'gpp_b': 0.011750724729953272, 'gpp_d': 149.50343942182866, 'ign_k': 0.0026834162496848666, 'ign_c': 2.92043384718141}.
[I 2026-08-06 00:13:03,315] Trial 403 finished with values: [12.336426408396537, 12.336426408396537] and parameters: {'k1': 0.002971796631657383, 'D_low': 74.92772870670282, 'k2': 1.1184534120760473e-05, 'D_high': 9769.756791866093, 'fire_exp': 1.0881360604103363, 'P_half': 2.2281634177046414, 'pre_dampen_half': 304.7488318185732, 'gpp_af': 0.08235550625917108, 'gpp_b': 0.011750724729953272, 'gpp_d': 5.878566318396007, 'ign_k': 0.11903394335305037, 'ign_c': 6.160975294741436}.
[I 2026-08-06 00:13:04,285] Trial 404 finished with values: [10.765277607723121, 10.765277607723121] and parameters: {'k1': 0.025383218374507292, 'D_low': 7.068974950624602, 'k2': 4.763991596630584e-05, 'D_high': 75773.14388518519, 'fire_exp': 1.182396148413737, 'P_half': 408.3047491580097, 'pre_dampen_half': 36.876350096203005, 'gpp_af': 0.0025511964576171086, 'gpp_b': 0.6637926838138378, 'gpp_d': 891.8036602897795, 'ign_k': 0.0026834162496848666, 'ign_c': 14.367095138664217}.
[I 2026-08-06 00:13:05,274] Trial 405 finished with values: [10.514493329458608, 10.514493329458608] and parameters: {'k1': 0.00324789183891923, 'D_low': 4.051452710153359, 'k2': 3.5917714215176105e-05, 'D_high': 3660.150802571655, 'fire_exp': 1.8713074096420792, 'P_half': 958.8659498594012, 'pre_dampen_half': 304.7488318185732, 'gpp_af': 0.47739011308437823, 'gpp_b': 3.481277316673104e-05, 'gpp_d': 150.14555442537656, 'ign_k': 0.031134168041628628, 'ign_c': 14.810800730363484}.
[I 2026-08-06 00:13:06,283] Trial 406 finished with values: [10.848314738755601, 10.848314738755601] and parameters: {'k1': 0.00324789183891923, 'D_low': 43.03411264066069, 'k2': 0.006138509947844854, 'D_high': 6455.595882939566, 'fire_exp': 1.8713074096420792, 'P_half': 39.03214299767183, 'pre_dampen_half': 703.6426675556048, 'gpp_af': 0.0025511964576171086, 'gpp_b': 3.228689523591491e-05, 'gpp_d': 0.19476644406315288, 'ign_k': 0.03141110271934876, 'ign_c': 19.19168994439752}.
[I 2026-08-06 00:13:07,275] Trial 407 finished with values: [10.794829156277913, 10.794829156277913] and parameters: {'k1': 3.252245757497282e-05, 'D_low': 125.32726386250698, 'k2': 0.0499774937030317, 'D_high': 8182.111518618414, 'fire_exp': 1.811096651915224, 'P_half': 1.4061463985176637, 'pre_dampen_half': 304.7488318185732, 'gpp_af': 0.47739011308437823, 'gpp_b': 2.800940363375676e-05, 'gpp_d': 150.14555442537656, 'ign_k': 0.030956657914928524, 'ign_c': 1.0939944910100017}.
[I 2026-08-06 00:13:08,227] Trial 408 finished with values: [10.650433907424459, 10.650433907424459] and parameters: {'k1': 0.002971796631657383, 'D_low': 29.89885508829526, 'k2': 0.0007081721844034209, 'D_high': 7828.534228218629, 'fire_exp': 3.1323893237815805, 'P_half': 12.808863354047988, 'pre_dampen_half': 36.876350096203005, 'gpp_af': 0.5970408652384318, 'gpp_b': 0.011750724729953272, 'gpp_d': 4.5768578731086835, 'ign_k': 0.002109525908590576, 'ign_c': 8.671454322584175}.
[I 2026-08-06 00:13:09,254] Trial 409 finished with values: [10.668827750803013, 10.668827750803013] and parameters: {'k1': 0.00012105387404469581, 'D_low': 74.92772870670282, 'k2': 0.0007081721844034209, 'D_high': 3660.150802571655, 'fire_exp': 1.0881360604103363, 'P_half': 22.4895428439145, 'pre_dampen_half': 304.7488318185732, 'gpp_af': 29.925002022877802, 'gpp_b': 8.539677611488478e-05, 'gpp_d': 0.1261583527429052, 'ign_k': 0.017654048052495083, 'ign_c': 14.810800730363484}.
[I 2026-08-06 00:13:10,248] Trial 410 finished with values: [11.267899004728184, 11.267899004728184] and parameters: {'k1': 0.0017320535908244437, 'D_low': 125.32726386250698, 'k2': 0.0004381141781653133, 'D_high': 8182.111518618414, 'fire_exp': 1.1044852285094786, 'P_half': 24.136213194527585, 'pre_dampen_half': 304.7488318185732, 'gpp_af': 0.028585493941961918, 'gpp_b': 0.011750724729953272, 'gpp_d': 0.19476644406315288, 'ign_k': 0.019192001101561888, 'ign_c': 14.810800730363484}.
[I 2026-08-06 00:13:11,237] Trial 411 finished with values: [10.106854495617114, 10.106854495617114] and parameters: {'k1': 0.002971796631657383, 'D_low': 2.1234210963705626, 'k2': 1.1184534120760473e-05, 'D_high': 8182.111518618414, 'fire_exp': 1.4665043946307825, 'P_half': 12.808863354047988, 'pre_dampen_half': 304.7488318185732, 'gpp_af': 0.028585493941961918, 'gpp_b': 3.481277316673104e-05, 'gpp_d': 5.878566318396007, 'ign_k': 0.002357279455676982, 'ign_c': 2.92043384718141}.
[I 2026-08-06 00:13:12,212] Trial 412 finished with values: [-0.5169642086895614, 0.269442888326727] and parameters: {'k1': 6.615437365561391e-05, 'D_low': 4.051452710153359, 'k2': 2.1698375693549493e-05, 'D_high': 3660.150802571655, 'fire_exp': 1.3614924220931135, 'P_half': 22.4895428439145, 'pre_dampen_half': 304.7488318185732, 'gpp_af': 1.6595781802652418, 'gpp_b': 3.228689523591491e-05, 'gpp_d': 26.07917317941345, 'ign_k': 0.017654048052495083, 'ign_c': 0.11049703024154134}.
[I 2026-08-06 00:13:13,227] Trial 413 finished with values: [10.611928637144455, 10.611928637144455] and parameters: {'k1': 0.025383218374507292, 'D_low': 125.32726386250698, 'k2': 0.0004381141781653133, 'D_high': 20.161527752598612, 'fire_exp': 1.010722707674549, 'P_half': 63.585411411994926, 'pre_dampen_half': 703.6426675556048, 'gpp_af': 10.25616274847308, 'gpp_b': 3.228689523591491e-05, 'gpp_d': 0.19476644406315288, 'ign_k': 0.03141110271934876, 'ign_c': 0.6235377135673155}.
[I 2026-08-06 00:13:14,237] Trial 414 finished with values: [10.582643189858478, 10.582643189858478] and parameters: {'k1': 0.002971796631657383, 'D_low': 2.1234210963705626, 'k2': 0.006138509947844854, 'D_high': 6455.595882939566, 'fire_exp': 1.8713074096420792, 'P_half': 2539.9645554516837, 'pre_dampen_half': 76.86605275420082, 'gpp_af': 0.29904230741455073, 'gpp_b': 3.481277316673104e-05, 'gpp_d': 39.827466658711515, 'ign_k': 0.031134168041628628, 'ign_c': 8.362695993649677}.
[I 2026-08-06 00:13:15,236] Trial 415 finished with values: [10.748486714383588, 10.748486714383588] and parameters: {'k1': 0.0002656971546588439, 'D_low': 7.068974950624602, 'k2': 2.1698375693549493e-05, 'D_high': 10316.033434719713, 'fire_exp': 1.182396148413737, 'P_half': 147.09699119495133, 'pre_dampen_half': 76.86605275420082, 'gpp_af': 0.0025511964576171086, 'gpp_b': 0.10123867001105968, 'gpp_d': 857.4284557962634, 'ign_k': 0.0026834162496848666, 'ign_c': 23.422386257929038}.
[I 2026-08-06 00:13:16,262] Trial 416 finished with values: [10.764936331528205, 10.764936331528205] and parameters: {'k1': 0.002971796631657383, 'D_low': 74.92772870670282, 'k2': 0.08790311296857814, 'D_high': 3660.150802571655, 'fire_exp': 6.678531303406035, 'P_half': 2.157758652553991, 'pre_dampen_half': 5.542030950268268, 'gpp_af': 1.6595781802652418, 'gpp_b': 3.481277316673104e-05, 'gpp_d': 34.37107943937136, 'ign_k': 0.017654048052495083, 'ign_c': 6.160975294741436}.
[I 2026-08-06 00:13:17,243] Trial 417 finished with values: [11.91933138159511, 11.91933138159511] and parameters: {'k1': 0.021368329072358756, 'D_low': 2.1234210963705626, 'k2': 1.1184534120760473e-05, 'D_high': 8182.111518618414, 'fire_exp': 1.1044852285094786, 'P_half': 12.808863354047988, 'pre_dampen_half': 304.7488318185732, 'gpp_af': 0.028585493941961918, 'gpp_b': 3.481277316673104e-05, 'gpp_d': 150.14555442537656, 'ign_k': 0.002357279455676982, 'ign_c': 2.92043384718141}.
[I 2026-08-06 00:13:18,275] Trial 418 finished with values: [-0.5626927787241592, 0.1497177880836359] and parameters: {'k1': 0.00012105387404469581, 'D_low': 74.92772870670282, 'k2': 3.5917714215176105e-05, 'D_high': 3660.150802571655, 'fire_exp': 1.5201277403788451, 'P_half': 22.4895428439145, 'pre_dampen_half': 304.7488318185732, 'gpp_af': 1.6595781802652418, 'gpp_b': 8.539677611488478e-05, 'gpp_d': 4.5768578731086835, 'ign_k': 0.11903394335305037, 'ign_c': 6.160975294741436}.
[I 2026-08-06 00:13:19,290] Trial 419 finished with values: [-0.5555085100506525, 0.20761001647060628] and parameters: {'k1': 0.021368329072358756, 'D_low': 7.068974950624602, 'k2': 1.1184534120760473e-05, 'D_high': 75773.14388518519, 'fire_exp': 1.5201277403788451, 'P_half': 408.3047491580097, 'pre_dampen_half': 304.7488318185732, 'gpp_af': 1.6595781802652418, 'gpp_b': 0.011750724729953272, 'gpp_d': 39.827466658711515, 'ign_k': 0.0026834162496848666, 'ign_c': 14.810800730363484}.
[I 2026-08-06 00:13:20,299] Trial 420 finished with values: [10.56276001262054, 10.56276001262054] and parameters: {'k1': 0.03232155805617897, 'D_low': 4.051452710153359, 'k2': 3.5917714215176105e-05, 'D_high': 246.17096698415128, 'fire_exp': 1.5201277403788451, 'P_half': 14.94057723907974, 'pre_dampen_half': 1.6130673726933187, 'gpp_af': 0.47739011308437823, 'gpp_b': 8.539677611488478e-05, 'gpp_d': 24.551654436784773, 'ign_k': 0.11101191524846071, 'ign_c': 10.140635645866492}.
[I 2026-08-06 00:13:21,450] Trial 421 finished with values: [10.658424234274985, 10.658424234274985] and parameters: {'k1': 6.615437365561391e-05, 'D_low': 532.1216007763549, 'k2': 2.1698375693549493e-05, 'D_high': 57.90964233881214, 'fire_exp': 1.1044852285094786, 'P_half': 4.397766894483963, 'pre_dampen_half': 33.9790424311127, 'gpp_af': 0.0025511964576171086, 'gpp_b': 0.024796579879439486, 'gpp_d': 668.5510162938966, 'ign_k': 0.03141110271934876, 'ign_c': 2.92043384718141}.
[I 2026-08-06 00:13:22,479] Trial 422 finished with values: [10.577325637983742, 10.577325637983742] and parameters: {'k1': 0.00011698039424426811, 'D_low': 29.89885508829526, 'k2': 0.0007081721844034209, 'D_high': 10316.033434719713, 'fire_exp': 1.811096651915224, 'P_half': 12.808863354047988, 'pre_dampen_half': 76.86605275420082, 'gpp_af': 35.20481045526041, 'gpp_b': 0.10123867001105968, 'gpp_d': 4.5768578731086835, 'ign_k': 0.4702627143647234, 'ign_c': 8.671454322584175}.
[I 2026-08-06 00:13:23,506] Trial 423 finished with values: [-0.5498481529074166, 0.25114652492021305] and parameters: {'k1': 0.021368329072358756, 'D_low': 7.068974950624602, 'k2': 0.0004381141781653133, 'D_high': 75773.14388518519, 'fire_exp': 1.1044852285094786, 'P_half': 1938.3858782150498, 'pre_dampen_half': 247.25776073156666, 'gpp_af': 0.0025511964576171086, 'gpp_b': 3.228689523591491e-05, 'gpp_d': 150.14555442537656, 'ign_k': 0.03141110271934876, 'ign_c': 47.268615251255675}.
[I 2026-08-06 00:13:24,551] Trial 424 finished with values: [-0.49964339910301037, 0.16377302418315032] and parameters: {'k1': 3.252245757497282e-05, 'D_low': 1112.9571947046009, 'k2': 3.5917714215176105e-05, 'D_high': 57.90964233881214, 'fire_exp': 1.182396148413737, 'P_half': 24.136213194527585, 'pre_dampen_half': 33.9790424311127, 'gpp_af': 0.0025511964576171086, 'gpp_b': 3.481277316673104e-05, 'gpp_d': 150.14555442537656, 'ign_k': 0.03141110271934876, 'ign_c': 0.8891936446296247}.
[I 2026-08-06 00:13:25,579] Trial 425 finished with values: [10.620586045142574, 10.620586045142574] and parameters: {'k1': 6.615437365561391e-05, 'D_low': 532.1216007763549, 'k2': 0.006138509947844854, 'D_high': 1123.9682517242118, 'fire_exp': 2.2881850891698634, 'P_half': 8.369109437186466, 'pre_dampen_half': 33.9790424311127, 'gpp_af': 0.0025511964576171086, 'gpp_b': 0.0035057749039614167, 'gpp_d': 0.11136446029400991, 'ign_k': 0.8826264591983531, 'ign_c': 8.671454322584175}.
[I 2026-08-06 00:13:26,573] Trial 426 finished with values: [10.727561468775818, 10.727561468775818] and parameters: {'k1': 0.0002656971546588439, 'D_low': 125.32726386250698, 'k2': 0.0004381141781653133, 'D_high': 233.52156626184438, 'fire_exp': 1.5201277403788451, 'P_half': 22.4895428439145, 'pre_dampen_half': 703.6426675556048, 'gpp_af': 0.0025511964576171086, 'gpp_b': 0.028780534359197463, 'gpp_d': 0.19476644406315288, 'ign_k': 0.005877005203443299, 'ign_c': 47.268615251255675}.
[I 2026-08-06 00:13:27,583] Trial 427 finished with values: [10.675087182815986, 10.675087182815986] and parameters: {'k1': 0.025383218374507292, 'D_low': 1547.7616670938303, 'k2': 0.0043033566298259765, 'D_high': 6455.595882939566, 'fire_exp': 1.010722707674549, 'P_half': 2525.3810447657925, 'pre_dampen_half': 304.7488318185732, 'gpp_af': 0.47739011308437823, 'gpp_b': 3.481277316673104e-05, 'gpp_d': 150.14555442537656, 'ign_k': 0.031134168041628628, 'ign_c': 47.268615251255675}.
[I 2026-08-06 00:13:28,602] Trial 428 finished with values: [-0.5445325980415818, 0.22420833081214686] and parameters: {'k1': 0.0017320535908244437, 'D_low': 1112.9571947046009, 'k2': 0.0010204225357677778, 'D_high': 29456.2056920274, 'fire_exp': 1.5201277403788451, 'P_half': 2.157758652553991, 'pre_dampen_half': 76.86605275420082, 'gpp_af': 0.0025511964576171086, 'gpp_b': 8.539677611488478e-05, 'gpp_d': 668.5510162938966, 'ign_k': 0.09071933427331372, 'ign_c': 9.34330265731847}.
[I 2026-08-06 00:13:29,625] Trial 429 finished with values: [10.766737459677186, 10.766737459677186] and parameters: {'k1': 6.615437365561391e-05, 'D_low': 532.1216007763549, 'k2': 1.1184534120760473e-05, 'D_high': 20.31481195045495, 'fire_exp': 5.10931850633792, 'P_half': 2.157758652553991, 'pre_dampen_half': 36.876350096203005, 'gpp_af': 0.028585493941961918, 'gpp_b': 3.481277316673104e-05, 'gpp_d': 4.5768578731086835, 'ign_k': 2.2287087260110168, 'ign_c': 2.2882309479728957}.
[I 2026-08-06 00:13:30,653] Trial 430 finished with values: [10.695955222972998, 10.695955222972998] and parameters: {'k1': 0.0029707920514735983, 'D_low': 616.4329525571076, 'k2': 0.0010204225357677778, 'D_high': 6366.1449945522045, 'fire_exp': 1.182396148413737, 'P_half': 63.585411411994926, 'pre_dampen_half': 25.15960733455044, 'gpp_af': 10.25616274847308, 'gpp_b': 2.800940363375676e-05, 'gpp_d': 0.19476644406315288, 'ign_k': 0.03141110271934876, 'ign_c': 47.268615251255675}.
[I 2026-08-06 00:13:31,635] Trial 431 finished with values: [-0.4980890511718984, 0.24789712848773804] and parameters: {'k1': 0.0005486676498816061, 'D_low': 98.57545621889057, 'k2': 2.1698375693549493e-05, 'D_high': 75773.14388518519, 'fire_exp': 1.0473002272689056, 'P_half': 408.3047491580097, 'pre_dampen_half': 76.86605275420082, 'gpp_af': 0.004344117003966495, 'gpp_b': 0.003510201564752293, 'gpp_d': 150.14555442537656, 'ign_k': 0.0026834162496848666, 'ign_c': 29.815734524531024}.
[I 2026-08-06 00:13:32,608] Trial 432 finished with values: [10.575446189606064, 10.575446189606064] and parameters: {'k1': 0.010253368317956682, 'D_low': 4.051452710153359, 'k2': 4.30943585950406e-05, 'D_high': 33379.746704222074, 'fire_exp': 1.3614924220931135, 'P_half': 147.09699119495133, 'pre_dampen_half': 76.86605275420082, 'gpp_af': 13.560863064135962, 'gpp_b': 0.10123867001105968, 'gpp_d': 668.5510162938966, 'ign_k': 0.03141110271934876, 'ign_c': 14.810800730363484}.
[I 2026-08-06 00:13:33,645] Trial 433 finished with values: [10.296201025929001, 10.296201025929001] and parameters: {'k1': 0.03232155805617897, 'D_low': 1112.9571947046009, 'k2': 0.03071666851587867, 'D_high': 3660.150802571655, 'fire_exp': 1.5201277403788451, 'P_half': 2.157758652553991, 'pre_dampen_half': 76.86605275420082, 'gpp_af': 1.6595781802652418, 'gpp_b': 3.481277316673104e-05, 'gpp_d': 34.37107943937136, 'ign_k': 0.017654048052495083, 'ign_c': 9.34330265731847}.
[I 2026-08-06 00:13:34,642] Trial 434 finished with values: [-0.5155925005684956, 0.11409280067209449] and parameters: {'k1': 0.025383218374507292, 'D_low': 7.068974950624602, 'k2': 1.1184534120760473e-05, 'D_high': 9769.756791866093, 'fire_exp': 1.010722707674549, 'P_half': 125.61043700013555, 'pre_dampen_half': 14.689898077648792, 'gpp_af': 0.028585493941961918, 'gpp_b': 0.011750724729953272, 'gpp_d': 5.878566318396007, 'ign_k': 0.0026834162496848666, 'ign_c': 2.92043384718141}.
