[I 2026-08-06 03:27:03,071] Trial 1470 finished with values: [11.821113212884875, 11.821113212884875] and parameters: {'k1': 0.0008018119368890578, 'D_low': 3.7322156377670694, 'k2': 0.0007081721844034209, 'D_high': 2970.7920514735997, 'fire_exp': 1.0881360604103363, 'P_half': 25.255166452944085, 'pre_dampen_half': 140.27275420663435, 'gpp_af': 0.8571213555597653, 'gpp_b': 0.02052499618703749, 'gpp_d': 33.9790424311127, 'ign_k': 2.7728241828010627, 'ign_c': 6.807874826564585, 'gdp_gamma': 1.8068697350278546}.
[I 2026-08-06 03:27:04,278] Trial 1471 finished with values: [10.720619568514667, 10.720619568514667] and parameters: {'k1': 0.07579633113316123, 'D_low': 376.7022142229396, 'k2': 4.484744524732793e-05, 'D_high': 21863.563449420166, 'fire_exp': 1.5191397119156032, 'P_half': 4.933751600448339, 'pre_dampen_half': 0.2556265696336188, 'gpp_af': 0.09145768948268033, 'gpp_b': 0.004215504256370331, 'gpp_d': 48.69745226446181, 'ign_k': 2.7728241828010627, 'ign_c': 22.126836566118193, 'gdp_gamma': 0.4782736120512339}.
[I 2026-08-06 03:27:05,416] Trial 1472 finished with values: [10.23683332391143, 10.23683332391143] and parameters: {'k1': 0.07579633113316123, 'D_low': 29.89885508829526, 'k2': 0.07119679541167405, 'D_high': 2842.140588732084, 'fire_exp': 1.5191397119156032, 'P_half': 4.933751600448339, 'pre_dampen_half': 231.08363891248436, 'gpp_af': 0.09145768948268033, 'gpp_b': 0.004597283814159352, 'gpp_d': 48.69745226446181, 'ign_k': 0.37424230019851973, 'ign_c': 22.126836566118193, 'gdp_gamma': 0.7366679513906507}.
[I 2026-08-06 03:27:07,094] Trial 1473 finished with values: [10.001608213608016, 10.001608213608016] and parameters: {'k1': 0.0030285741098956273, 'D_low': 30.956657914928517, 'k2': 0.0007081721844034209, 'D_high': 28.204704997155783, 'fire_exp': 1.0881360604103363, 'P_half': 35.828811741825064, 'pre_dampen_half': 8.904067307938409, 'gpp_af': 3.2993613857278796, 'gpp_b': 0.004597283814159352, 'gpp_d': 25.184822598549903, 'ign_k': 2.7728241828010627, 'ign_c': 11.77190025324203, 'gdp_gamma': 1.8068697350278546}.
[I 2026-08-06 03:27:08,329] Trial 1474 finished with values: [10.302909099206458, 10.302909099206458] and parameters: {'k1': 0.0030285741098956273, 'D_low': 148.10800730363493, 'k2': 0.00014001191914113747, 'D_high': 2970.7920514735997, 'fire_exp': 1.0881360604103363, 'P_half': 35.828811741825064, 'pre_dampen_half': 5.05233783934116, 'gpp_af': 0.09145768948268033, 'gpp_b': 0.004597283814159352, 'gpp_d': 1.24155680709321, 'ign_k': 2.7728241828010627, 'ign_c': 11.77190025324203, 'gdp_gamma': 0.559652086128564}.
[I 2026-08-06 03:27:09,530] Trial 1475 finished with values: [-0.5459324351798035, 0.11196737874789786] and parameters: {'k1': 0.0030285741098956273, 'D_low': 376.7022142229396, 'k2': 0.0014282597314566822, 'D_high': 2970.7920514735997, 'fire_exp': 1.0881360604103363, 'P_half': 10.226988730324324, 'pre_dampen_half': 36.876350096203005, 'gpp_af': 0.09145768948268033, 'gpp_b': 0.004597283814159352, 'gpp_d': 33.9790424311127, 'ign_k': 0.002432976313222931, 'ign_c': 22.126836566118193, 'gdp_gamma': 0.4782736120512339}.
[I 2026-08-06 03:27:10,723] Trial 1476 finished with values: [-0.627671864507128, 0.0677147019819041] and parameters: {'k1': 0.07928164425547335, 'D_low': 30.956657914928517, 'k2': 0.0007081721844034209, 'D_high': 2855.843069859749, 'fire_exp': 1.0881360604103363, 'P_half': 35.828811741825064, 'pre_dampen_half': 5.593036834117395, 'gpp_af': 0.09145768948268033, 'gpp_b': 0.004597283814159352, 'gpp_d': 25.184822598549903, 'ign_k': 0.37424230019851973, 'ign_c': 11.77190025324203, 'gdp_gamma': 1.8068697350278546}.
[I 2026-08-06 03:27:11,887] Trial 1477 finished with values: [10.39434239195835, 10.39434239195835] and parameters: {'k1': 1.847600887728415e-05, 'D_low': 9.280584151196868, 'k2': 0.00014001191914113747, 'D_high': 2970.7920514735997, 'fire_exp': 1.0881360604103363, 'P_half': 10.226988730324324, 'pre_dampen_half': 8.904067307938409, 'gpp_af': 0.09145768948268033, 'gpp_b': 0.02052499618703749, 'gpp_d': 331.7366635899375, 'ign_k': 0.37424230019851973, 'ign_c': 22.126836566118193, 'gdp_gamma': 1.8068697350278546}.
[I 2026-08-06 03:27:13,093] Trial 1478 finished with values: [-0.5808557567029183, 0.16271345644680124] and parameters: {'k1': 0.03313724129972938, 'D_low': 376.7022142229396, 'k2': 1.1210271868333097e-05, 'D_high': 1744.8677828212058, 'fire_exp': 1.0881360604103363, 'P_half': 10.226988730324324, 'pre_dampen_half': 36.876350096203005, 'gpp_af': 0.09145768948268033, 'gpp_b': 0.00223436535646235, 'gpp_d': 33.9790424311127, 'ign_k': 0.37424230019851973, 'ign_c': 11.77190025324203, 'gdp_gamma': 1.8068697350278546}.
[I 2026-08-06 03:27:14,322] Trial 1479 finished with values: [10.444724080412186, 10.444724080412186] and parameters: {'k1': 0.0007500183031262562, 'D_low': 29.89885508829526, 'k2': 0.07119679541167405, 'D_high': 160.3470753559825, 'fire_exp': 1.0881360604103363, 'P_half': 4.933751600448339, 'pre_dampen_half': 9.812675145175568, 'gpp_af': 0.09145768948268033, 'gpp_b': 0.004597283814159352, 'gpp_d': 331.7366635899375, 'ign_k': 0.015450809246964731, 'ign_c': 22.126836566118193, 'gdp_gamma': 1.8068697350278546}.
[I 2026-08-06 03:27:15,490] Trial 1480 finished with values: [-0.5958656286604038, 0.0654694965436774] and parameters: {'k1': 0.0030285741098956273, 'D_low': 148.10800730363493, 'k2': 0.0007081721844034209, 'D_high': 2970.7920514735997, 'fire_exp': 1.0881360604103363, 'P_half': 4.933751600448339, 'pre_dampen_half': 5.593036834117395, 'gpp_af': 0.09145768948268033, 'gpp_b': 0.02052499618703749, 'gpp_d': 33.9790424311127, 'ign_k': 2.7728241828010627, 'ign_c': 0.6615437365561385, 'gdp_gamma': 1.8068697350278546}.
[I 2026-08-06 03:27:16,662] Trial 1481 finished with values: [-0.631641955846751, 0.10296440120551631] and parameters: {'k1': 0.03313724129972938, 'D_low': 30.956657914928517, 'k2': 0.0001583712870038519, 'D_high': 2855.843069859749, 'fire_exp': 1.0881360604103363, 'P_half': 35.828811741825064, 'pre_dampen_half': 8.904067307938409, 'gpp_af': 0.09145768948268033, 'gpp_b': 0.0030742893625766146, 'gpp_d': 10.931606102061748, 'ign_k': 0.37424230019851973, 'ign_c': 11.77190025324203, 'gdp_gamma': 1.8068697350278546}.
[I 2026-08-06 03:27:17,867] Trial 1482 finished with values: [-0.6226562656981145, 0.10675869257538506] and parameters: {'k1': 0.07928164425547335, 'D_low': 148.10800730363493, 'k2': 0.00014001191914113747, 'D_high': 35.11445258128688, 'fire_exp': 1.0881360604103363, 'P_half': 1.2765717873951687, 'pre_dampen_half': 51.99552811430953, 'gpp_af': 0.05391752791214327, 'gpp_b': 0.004597283814159352, 'gpp_d': 0.9383857256655214, 'ign_k': 0.37424230019851973, 'ign_c': 11.77190025324203, 'gdp_gamma': 1.8068697350278546}.
[I 2026-08-06 03:27:19,115] Trial 1483 finished with values: [10.624135234504063, 10.624135234504063] and parameters: {'k1': 0.07928164425547335, 'D_low': 376.7022142229396, 'k2': 0.07119679541167405, 'D_high': 21863.563449420166, 'fire_exp': 1.5191397119156032, 'P_half': 4.933751600448339, 'pre_dampen_half': 0.017406609236636988, 'gpp_af': 3.253305539860196, 'gpp_b': 0.0030742893625766146, 'gpp_d': 331.7366635899375, 'ign_k': 2.7728241828010627, 'ign_c': 22.126836566118193, 'gdp_gamma': 1.8068697350278546}.
[I 2026-08-06 03:27:20,319] Trial 1484 finished with values: [-0.5789325784222912, 0.0913268463652428] and parameters: {'k1': 0.07928164425547335, 'D_low': 376.7022142229396, 'k2': 0.0007081721844034209, 'D_high': 18356.41027683101, 'fire_exp': 1.0881360604103363, 'P_half': 10.226988730324324, 'pre_dampen_half': 36.876350096203005, 'gpp_af': 0.09145768948268033, 'gpp_b': 0.004215504256370331, 'gpp_d': 33.9790424311127, 'ign_k': 4.08865042796305, 'ign_c': 22.126836566118193, 'gdp_gamma': 1.8068697350278546}.
[I 2026-08-06 03:27:21,505] Trial 1485 finished with values: [10.293714151853264, 10.293714151853264] and parameters: {'k1': 0.03313724129972938, 'D_low': 30.956657914928517, 'k2': 0.07119679541167405, 'D_high': 2855.843069859749, 'fire_exp': 1.0881360604103363, 'P_half': 35.828811741825064, 'pre_dampen_half': 36.876350096203005, 'gpp_af': 0.09145768948268033, 'gpp_b': 0.004597283814159352, 'gpp_d': 25.184822598549903, 'ign_k': 0.37424230019851973, 'ign_c': 22.126836566118193, 'gdp_gamma': 1.8068697350278546}.
[I 2026-08-06 03:27:22,786] Trial 1486 finished with values: [-0.6337738149180951, 0.07437286636604046] and parameters: {'k1': 0.025648117673977434, 'D_low': 148.10800730363493, 'k2': 0.0007081721844034209, 'D_high': 2970.7920514735997, 'fire_exp': 1.0881360604103363, 'P_half': 35.828811741825064, 'pre_dampen_half': 8.904067307938409, 'gpp_af': 0.09145768948268033, 'gpp_b': 0.0030742893625766146, 'gpp_d': 25.184822598549903, 'ign_k': 2.7728241828010627, 'ign_c': 11.77190025324203, 'gdp_gamma': 1.8068697350278546}.
[I 2026-08-06 03:27:24,151] Trial 1487 finished with values: [10.09107827215824, 10.09107827215824] and parameters: {'k1': 0.0030285741098956273, 'D_low': 376.7022142229396, 'k2': 0.0011724011230137628, 'D_high': 2970.7920514735997, 'fire_exp': 2.066761381010117, 'P_half': 10.226988730324324, 'pre_dampen_half': 55.00040622572184, 'gpp_af': 0.09145768948268033, 'gpp_b': 0.004597283814159352, 'gpp_d': 33.9790424311127, 'ign_k': 0.22982155660045736, 'ign_c': 6.807874826564585, 'gdp_gamma': 1.8068697350278546}.
[I 2026-08-06 03:27:25,404] Trial 1488 finished with values: [10.1840432319652, 10.1840432319652] and parameters: {'k1': 0.0030285741098956273, 'D_low': 376.7022142229396, 'k2': 0.0007081721844034209, 'D_high': 2855.843069859749, 'fire_exp': 1.0881360604103363, 'P_half': 35.828811741825064, 'pre_dampen_half': 36.876350096203005, 'gpp_af': 0.09145768948268033, 'gpp_b': 0.004597283814159352, 'gpp_d': 10.931606102061748, 'ign_k': 0.37424230019851973, 'ign_c': 11.77190025324203, 'gdp_gamma': 1.8068697350278546}.
[I 2026-08-06 03:27:26,606] Trial 1489 finished with values: [10.420470411408045, 10.420470411408045] and parameters: {'k1': 0.07928164425547335, 'D_low': 469.0495600045605, 'k2': 0.00014001191914113747, 'D_high': 2359.860225260568, 'fire_exp': 1.0881360604103363, 'P_half': 25.255166452944085, 'pre_dampen_half': 289.4093052576261, 'gpp_af': 0.09145768948268033, 'gpp_b': 0.004215504256370331, 'gpp_d': 10.931606102061748, 'ign_k': 0.005512146075158483, 'ign_c': 11.77190025324203, 'gdp_gamma': 0.0018225505098723757}.
[I 2026-08-06 03:27:28,295] Trial 1490 finished with values: [10.003549832757496, 10.003549832757496] and parameters: {'k1': 0.03313724129972938, 'D_low': 30.956657914928517, 'k2': 0.0007081721844034209, 'D_high': 2855.843069859749, 'fire_exp': 1.0881360604103363, 'P_half': 35.828811741825064, 'pre_dampen_half': 8.904067307938409, 'gpp_af': 0.09145768948268033, 'gpp_b': 0.0030742893625766146, 'gpp_d': 25.184822598549903, 'ign_k': 2.7728241828010627, 'ign_c': 11.77190025324203, 'gdp_gamma': 1.8068697350278546}.
[I 2026-08-06 03:27:29,611] Trial 1491 finished with values: [10.763445315948744, 10.763445315948744] and parameters: {'k1': 0.03313724129972938, 'D_low': 9.079055681923553, 'k2': 4.484744524732793e-05, 'D_high': 2970.7920514735997, 'fire_exp': 1.5191397119156032, 'P_half': 1507.6936815785057, 'pre_dampen_half': 8.904067307938409, 'gpp_af': 0.05391752791214327, 'gpp_b': 0.02052499618703749, 'gpp_d': 0.014905664219408324, 'ign_k': 1.833717796770998, 'ign_c': 21.440126347074457, 'gdp_gamma': 1.8068697350278546}.
[I 2026-08-06 03:27:30,856] Trial 1492 finished with values: [10.01715896832786, 10.01715896832786] and parameters: {'k1': 0.03313724129972938, 'D_low': 148.10800730363493, 'k2': 0.0007081721844034209, 'D_high': 21863.563449420166, 'fire_exp': 1.0881360604103363, 'P_half': 35.828811741825064, 'pre_dampen_half': 8.904067307938409, 'gpp_af': 94.88281937396148, 'gpp_b': 1.3619982922216376, 'gpp_d': 331.7366635899375, 'ign_k': 1.833717796770998, 'ign_c': 11.77190025324203, 'gdp_gamma': 1.8068697350278546}.
[I 2026-08-06 03:27:32,042] Trial 1493 finished with values: [-0.6162493697228071, 0.1100157582023018] and parameters: {'k1': 0.0030285741098956273, 'D_low': 3.7322156377670694, 'k2': 0.0007081721844034209, 'D_high': 2855.843069859749, 'fire_exp': 1.0881360604103363, 'P_half': 35.828811741825064, 'pre_dampen_half': 8.904067307938409, 'gpp_af': 0.09145768948268033, 'gpp_b': 0.013448508885878443, 'gpp_d': 331.7366635899375, 'ign_k': 0.37424230019851973, 'ign_c': 0.1797064384627563, 'gdp_gamma': 1.8068697350278546}.
[I 2026-08-06 03:27:33,228] Trial 1494 finished with values: [10.054378145630785, 10.054378145630785] and parameters: {'k1': 0.03313724129972938, 'D_low': 30.956657914928517, 'k2': 0.03096855930632394, 'D_high': 2970.7920514735997, 'fire_exp': 1.0881360604103363, 'P_half': 35.828811741825064, 'pre_dampen_half': 36.876350096203005, 'gpp_af': 0.09145768948268033, 'gpp_b': 0.02052499618703749, 'gpp_d': 33.9790424311127, 'ign_k': 2.7728241828010627, 'ign_c': 22.126836566118193, 'gdp_gamma': 1.8068697350278546}.
[I 2026-08-06 03:27:34,495] Trial 1495 finished with values: [-0.5873705857615876, 0.0982498119348576] and parameters: {'k1': 0.0008018119368890578, 'D_low': 3.7322156377670694, 'k2': 0.0007081721844034209, 'D_high': 22879.430573173642, 'fire_exp': 1.0881360604103363, 'P_half': 25.004921089927873, 'pre_dampen_half': 8.904067307938409, 'gpp_af': 0.09145768948268033, 'gpp_b': 0.02052499618703749, 'gpp_d': 33.9790424311127, 'ign_k': 2.7728241828010627, 'ign_c': 6.807874826564585, 'gdp_gamma': 0.559652086128564}.
[I 2026-08-06 03:27:36,108] Trial 1496 finished with values: [-0.6270066239787677, 0.07051492726548825] and parameters: {'k1': 0.03313724129972938, 'D_low': 30.956657914928517, 'k2': 0.0007081721844034209, 'D_high': 2855.843069859749, 'fire_exp': 1.0881360604103363, 'P_half': 35.828811741825064, 'pre_dampen_half': 5.593036834117395, 'gpp_af': 0.09145768948268033, 'gpp_b': 0.004597283814159352, 'gpp_d': 25.184822598549903, 'ign_k': 2.1158947332271523, 'ign_c': 11.77190025324203, 'gdp_gamma': 1.8068697350278546}.
[I 2026-08-06 03:27:37,327] Trial 1497 finished with values: [-0.5178618389753595, 0.18573835651571646] and parameters: {'k1': 0.0030285741098956273, 'D_low': 148.10800730363493, 'k2': 0.00014001191914113747, 'D_high': 1123.6188401673814, 'fire_exp': 1.0881360604103363, 'P_half': 10.226988730324324, 'pre_dampen_half': 36.876350096203005, 'gpp_af': 0.8571213555597653, 'gpp_b': 0.00223436535646235, 'gpp_d': 33.9790424311127, 'ign_k': 0.37424230019851973, 'ign_c': 6.807874826564585, 'gdp_gamma': 0.09489558823961802}.
[I 2026-08-06 03:27:38,529] Trial 1498 finished with values: [10.613067185337771, 10.613067185337771] and parameters: {'k1': 0.03313724129972938, 'D_low': 376.7022142229396, 'k2': 0.0007081721844034209, 'D_high': 35.11445258128688, 'fire_exp': 1.3029657414268245, 'P_half': 2.373718088631049, 'pre_dampen_half': 36.876350096203005, 'gpp_af': 0.05391752791214327, 'gpp_b': 0.004597283814159352, 'gpp_d': 33.9790424311127, 'ign_k': 4.350180504412808, 'ign_c': 22.126836566118193, 'gdp_gamma': 0.4782736120512339}.
