[I 2026-07-25 00:35:26,485] Trial 786 finished with value: -0.5518182452746168 and parameters: {'k1': 2.11879075956189e-05, 'D_low': 161.69147586660569, 'k2': 1.650204648477016e-05, 'D_high': 5218686.7735716235, 'fire_exp': 2.2839377032972, 'P_half': 1.457141869917852, 'pre_dampen_half': 2.501518662412753, 'gpp_af': 0.007826528941418161, 'gpp_b': 0.0030462037454442327, 'gpp_d': 81.85473412513336, 'ign_k': 0.10405713078427055, 'ign_c': 15.85871948398326, 'trop_agb_crit': 2.8014653842033637, 'trop_k_veg': 0.6102801274424382, 'gdp_gamma': 0.07226976818956284, 'cure_k': 0.5019634813477922, 'cure_p_min': 361.2113657361791, 'cure_gpp_ref': 0.10184355975606355, 'cure_agb_crit': 1.454352061126573, 'fuel_k': 0.04528776104249858, 'fuel_half': 48.855099985822285}. Best is trial 577 with value: -0.629883323094065.
[I 2026-07-25 00:35:26,941] Trial 787 finished with value: 0.5143766810534928 and parameters: {'k1': 0.011641467479436387, 'D_low': 1055.5282588695343, 'k2': 0.00026945258033538033, 'D_high': 3033691.32668591, 'fire_exp': 1.5079902233789424, 'P_half': 65.28692723445985, 'pre_dampen_half': 0.05208682497605894, 'gpp_af': 0.007689992937551431, 'gpp_b': 0.027840333824273252, 'gpp_d': 345.7455478207359, 'ign_k': 0.6864610770040116, 'ign_c': 0.20176055313413402, 'trop_agb_crit': 3.51319267866932, 'trop_k_veg': 0.9711188433992639, 'gdp_gamma': 0.5405004845262298, 'cure_k': 0.09032772796333015, 'cure_p_min': 328.0077395262577, 'cure_gpp_ref': 0.11463825825418844, 'cure_agb_crit': 1.245527661336723, 'fuel_k': 0.10483485132356712, 'fuel_half': 42.429070702500965}. Best is trial 577 with value: -0.629883323094065.
[I 2026-07-25 00:35:27,404] Trial 788 finished with value: 0.44312577115013096 and parameters: {'k1': 0.053992931495828615, 'D_low': 343.73201338713454, 'k2': 0.04779072763171868, 'D_high': 2914970.1893372983, 'fire_exp': 1.673925929716972, 'P_half': 4412.484383897112, 'pre_dampen_half': 347.81942568133894, 'gpp_af': 4.740291269138421, 'gpp_b': 1.6697811637857488e-05, 'gpp_d': 886.5861130758694, 'ign_k': 0.06178509459663893, 'ign_c': 3.258152529594437, 'trop_agb_crit': 22.11348530181026, 'trop_k_veg': 0.6793690453144755, 'gdp_gamma': 1.0173792891083167, 'cure_k': 0.013845350161185273, 'cure_p_min': 167.20546790101204, 'cure_gpp_ref': 1.3144849170465023, 'cure_agb_crit': 2.835004361318925, 'fuel_k': 0.2767552139533218, 'fuel_half': 5.021049781107991}. Best is trial 577 with value: -0.629883323094065.
[I 2026-07-25 00:35:27,866] Trial 789 finished with value: 0.4219730518150622 and parameters: {'k1': 0.00030134597048797705, 'D_low': 39.12707930162387, 'k2': 4.6437514029164194e-05, 'D_high': 997986.0393385423, 'fire_exp': 1.2018169175654516, 'P_half': 69.25666545810584, 'pre_dampen_half': 4.431960560718149, 'gpp_af': 0.49381614412690694, 'gpp_b': 1.229389738401617e-05, 'gpp_d': 2.9691023522942976, 'ign_k': 0.004101660695666252, 'ign_c': 5.388410064167183, 'trop_agb_crit': 29.785867447752885, 'trop_k_veg': 0.7915874051155363, 'gdp_gamma': 0.48687861399174376, 'cure_k': 0.0038012733034931104, 'cure_p_min': 349.0766708978862, 'cure_gpp_ref': 1.3287417898255418, 'cure_agb_crit': 3.165529377599573, 'fuel_k': 0.13910654821607057, 'fuel_half': 17.412725343938167}. Best is trial 577 with value: -0.629883323094065.
[I 2026-07-25 00:35:28,326] Trial 790 finished with value: 0.5254601251657727 and parameters: {'k1': 1.2706705252861588e-05, 'D_low': 34.092547651923475, 'k2': 8.672675173819856e-05, 'D_high': 971848.1843474546, 'fire_exp': 1.2191675507875745, 'P_half': 15.243427745618433, 'pre_dampen_half': 8.2738506588099, 'gpp_af': 0.003774366783467563, 'gpp_b': 0.0002967054744412543, 'gpp_d': 15.623164730488567, 'ign_k': 0.13990721508663523, 'ign_c': 0.6078170133994717, 'trop_agb_crit': 3.1869369086330823, 'trop_k_veg': 1.8865476948447608, 'gdp_gamma': 1.740267495802396, 'cure_k': 0.008225059420142233, 'cure_p_min': 284.44195616771805, 'cure_gpp_ref': 0.07284937806177691, 'cure_agb_crit': 1.1847331963608194, 'fuel_k': 0.014560811989255674, 'fuel_half': 11.266987266873125}. Best is trial 577 with value: -0.629883323094065.
[I 2026-07-25 00:35:28,793] Trial 791 finished with value: 0.4977776879933862 and parameters: {'k1': 0.017505561087593838, 'D_low': 2108.9062342198313, 'k2': 0.00018010144153253786, 'D_high': 321804.91199406213, 'fire_exp': 1.037826230653513, 'P_half': 1.5078587401835473, 'pre_dampen_half': 7.053551065510879, 'gpp_af': 0.010541417962133596, 'gpp_b': 0.1113686762936402, 'gpp_d': 127.51004441179485, 'ign_k': 1.8976251403048519, 'ign_c': 1.5401927163952471, 'trop_agb_crit': 7.259036510777149, 'trop_k_veg': 1.88259162771716, 'gdp_gamma': 0.7145454906859005, 'cure_k': 0.05128053143259475, 'cure_p_min': 376.8986644557618, 'cure_gpp_ref': 0.06955847002272822, 'cure_agb_crit': 1.0684538948748445, 'fuel_k': 0.18219249316095001, 'fuel_half': 7.05556927252033}. Best is trial 577 with value: -0.629883323094065.
[I 2026-07-25 00:35:29,297] Trial 792 finished with value: 0.5844088086669623 and parameters: {'k1': 0.00015490245755299677, 'D_low': 395.78075833094096, 'k2': 0.004486484814471178, 'D_high': 866546.8872777233, 'fire_exp': 3.1563361563019052, 'P_half': 1948.8509806887496, 'pre_dampen_half': 0.0696103639854074, 'gpp_af': 59.21416356426732, 'gpp_b': 4.7683458882602283e-05, 'gpp_d': 448.70218172278277, 'ign_k': 0.4060496782988383, 'ign_c': 2.089364571751724, 'trop_agb_crit': 23.916188480568543, 'trop_k_veg': 4.518793577369574, 'gdp_gamma': 0.07796852853976952, 'cure_k': 0.010288058425704537, 'cure_p_min': 278.55515260721927, 'cure_gpp_ref': 1.6342758971505291, 'cure_agb_crit': 4.6794359994716785, 'fuel_k': 0.09375026917882859, 'fuel_half': 0.1339510564900619}. Best is trial 577 with value: -0.629883323094065.
[I 2026-07-25 00:35:29,758] Trial 793 finished with value: 0.4111126878063037 and parameters: {'k1': 5.2193233936091466e-05, 'D_low': 3608.791924569746, 'k2': 8.458713192259222e-05, 'D_high': 2289741.888085333, 'fire_exp': 1.519592778665934, 'P_half': 3.5161328827987295, 'pre_dampen_half': 0.0921764215259358, 'gpp_af': 0.0021178089965530065, 'gpp_b': 2.9215715005456762e-05, 'gpp_d': 24.872264930623246, 'ign_k': 0.081602451002063, 'ign_c': 0.7820539089822796, 'trop_agb_crit': 2.390738410058961, 'trop_k_veg': 0.5488383455335033, 'gdp_gamma': 0.614367820812167, 'cure_k': 0.0945968627500592, 'cure_p_min': 397.50809920992236, 'cure_gpp_ref': 0.05455047117891226, 'cure_agb_crit': 1.3441378452139665, 'fuel_k': 0.03754824606288639, 'fuel_half': 7.271951971387438}. Best is trial 577 with value: -0.629883323094065.
[I 2026-07-25 00:35:30,210] Trial 794 finished with value: 0.5795848717180496 and parameters: {'k1': 0.0018559707840470252, 'D_low': 39.7836948272345, 'k2': 7.781921874295517e-05, 'D_high': 1659187.3974928374, 'fire_exp': 1.0839581072672704, 'P_half': 1.1312772733705698, 'pre_dampen_half': 0.031335231140698215, 'gpp_af': 0.0034128864435575288, 'gpp_b': 0.08654177564311584, 'gpp_d': 29.164239780350712, 'ign_k': 0.09855288019503312, 'ign_c': 0.10031591794973643, 'trop_agb_crit': 6.2456800028678865, 'trop_k_veg': 2.3164986012883686, 'gdp_gamma': 1.288083231861702, 'cure_k': 0.007172084798078658, 'cure_p_min': 280.2939859616582, 'cure_gpp_ref': 0.16238219593667982, 'cure_agb_crit': 3.354924322608307, 'fuel_k': 0.04087335498157039, 'fuel_half': 8.37166050433736}. Best is trial 577 with value: -0.629883323094065.
[I 2026-07-25 00:35:30,667] Trial 795 finished with value: 0.5369825124015353 and parameters: {'k1': 0.004160585406345987, 'D_low': 140071.20639574536, 'k2': 0.00010622427318281073, 'D_high': 1927687.670672585, 'fire_exp': 1.239489891896465, 'P_half': 168.12076598063592, 'pre_dampen_half': 2.3199421075672717, 'gpp_af': 0.3932074301034582, 'gpp_b': 0.006662919410893265, 'gpp_d': 4.467779787318964, 'ign_k': 0.0013440925688391905, 'ign_c': 1.1242890070453035, 'trop_agb_crit': 19.596781789992825, 'trop_k_veg': 1.4692887051821348, 'gdp_gamma': 0.6835205051683749, 'cure_k': 0.022040764613885995, 'cure_p_min': 312.7522567824914, 'cure_gpp_ref': 1.7242926140243808, 'cure_agb_crit': 2.738792645516262, 'fuel_k': 0.06898781101866577, 'fuel_half': 0.5760702057407496}. Best is trial 577 with value: -0.629883323094065.
[I 2026-07-25 00:35:31,124] Trial 796 finished with value: 0.5982447625200578 and parameters: {'k1': 0.015388622925886788, 'D_low': 13524.1376834238, 'k2': 0.05762443249777701, 'D_high': 6779048.843655746, 'fire_exp': 3.566606288387453, 'P_half': 2346.977265313826, 'pre_dampen_half': 130.09991224808044, 'gpp_af': 0.14912099932511638, 'gpp_b': 5.204241483169697e-05, 'gpp_d': 321.2323556858359, 'ign_k': 0.0015947036805480427, 'ign_c': 14.029569534067258, 'trop_agb_crit': 19.49017195116767, 'trop_k_veg': 0.8681165598086356, 'gdp_gamma': 0.33225570839705254, 'cure_k': 0.0016195464129847312, 'cure_p_min': 198.74446924771257, 'cure_gpp_ref': 0.1092795213397331, 'cure_agb_crit': 2.1711601854161087, 'fuel_k': 0.02731552006137735, 'fuel_half': 25.5381505986181}. Best is trial 577 with value: -0.629883323094065.
[I 2026-07-25 00:35:31,580] Trial 797 finished with value: 0.6873502682814354 and parameters: {'k1': 0.005702855296279425, 'D_low': 60.90981979860257, 'k2': 0.07602823867170697, 'D_high': 1919886.809648714, 'fire_exp': 2.028862921241122, 'P_half': 44.46532656444572, 'pre_dampen_half': 161.51661336203694, 'gpp_af': 0.3747534435989739, 'gpp_b': 4.471810004351807e-05, 'gpp_d': 479.6209233887214, 'ign_k': 1.0066470896431154, 'ign_c': 3.173499635010413, 'trop_agb_crit': 24.677707514035387, 'trop_k_veg': 1.0311041740919797, 'gdp_gamma': 0.7142244195445432, 'cure_k': 0.0022153113830464923, 'cure_p_min': 81.35617385195549, 'cure_gpp_ref': 1.0385955739172434, 'cure_agb_crit': 5.32666271131396, 'fuel_k': 0.09265673441276628, 'fuel_half': 10.572641404908987}. Best is trial 577 with value: -0.629883323094065.
[I 2026-07-25 00:35:32,037] Trial 798 finished with value: 0.5839113043164578 and parameters: {'k1': 0.00016648632728714983, 'D_low': 370.08382237726465, 'k2': 0.021706206230224307, 'D_high': 686577.3124345718, 'fire_exp': 4.584788196461387, 'P_half': 6.638028526039977, 'pre_dampen_half': 13.716902590685331, 'gpp_af': 0.0779922410235551, 'gpp_b': 0.05985177280023857, 'gpp_d': 1.664754759452304, 'ign_k': 7.161106689429016, 'ign_c': 25.586880628159673, 'trop_agb_crit': 13.591120541459059, 'trop_k_veg': 2.1464045194486387, 'gdp_gamma': 1.8907106499865243, 'cure_k': 0.0062162323185619575, 'cure_p_min': 151.78998011880358, 'cure_gpp_ref': 0.08113953194401105, 'cure_agb_crit': 1.1861153786564802, 'fuel_k': 1.3416659175376369, 'fuel_half': 25.00896283491274}. Best is trial 577 with value: -0.629883323094065.
[I 2026-07-25 00:35:32,492] Trial 799 finished with value: 0.6049911863385475 and parameters: {'k1': 0.06662003000355124, 'D_low': 5.287713698004451, 'k2': 0.08547993242998572, 'D_high': 3346498.3348459797, 'fire_exp': 1.393451243020867, 'P_half': 1749.056064102284, 'pre_dampen_half': 695.6938459535692, 'gpp_af': 0.05187073960692015, 'gpp_b': 3.162491189011991e-05, 'gpp_d': 36.116739359081194, 'ign_k': 0.09518761487078403, 'ign_c': 212.9403272097484, 'trop_agb_crit': 26.763655656696823, 'trop_k_veg': 1.4574008690639504, 'gdp_gamma': 1.5167926485888124, 'cure_k': 0.001392054946025215, 'cure_p_min': 95.23219165315706, 'cure_gpp_ref': 0.7836326977203311, 'cure_agb_crit': 6.3313711892676805, 'fuel_k': 0.034783567292539064, 'fuel_half': 11.57605463252388}. Best is trial 577 with value: -0.629883323094065.
[I 2026-07-25 00:35:32,951] Trial 800 finished with value: 0.5820019767533415 and parameters: {'k1': 0.0004380670011539321, 'D_low': 2326.2230335940076, 'k2': 0.0044159249691257145, 'D_high': 1548298.4199317566, 'fire_exp': 2.287465700123266, 'P_half': 35.62374494599103, 'pre_dampen_half': 1.4204941490847038, 'gpp_af': 10.687975094353781, 'gpp_b': 1.6354868386347957e-05, 'gpp_d': 226.57668468259638, 'ign_k': 0.7124808882952891, 'ign_c': 0.7885594197400594, 'trop_agb_crit': 12.78995140323269, 'trop_k_veg': 2.4283236401624255, 'gdp_gamma': 1.2387970825858183, 'cure_k': 0.007386162674339405, 'cure_p_min': 310.21236997244193, 'cure_gpp_ref': 0.8699091648872319, 'cure_agb_crit': 2.7291486215782275, 'fuel_k': 0.5064232423426395, 'fuel_half': 0.12185816442691848}. Best is trial 577 with value: -0.629883323094065.
[I 2026-07-25 00:35:33,413] Trial 801 finished with value: 0.5923458478488264 and parameters: {'k1': 7.359742893246784e-05, 'D_low': 20909.4930702867, 'k2': 7.133550678850116e-05, 'D_high': 2243567.3580954294, 'fire_exp': 2.62577466284257, 'P_half': 1.3767898852725413, 'pre_dampen_half': 28.5816623487778, 'gpp_af': 0.016799934157237677, 'gpp_b': 0.10361336580916025, 'gpp_d': 2.0081570823003174, 'ign_k': 1.647433021886998, 'ign_c': 9.766852647981976, 'trop_agb_crit': 1.6972425127671105, 'trop_k_veg': 0.7282325553276412, 'gdp_gamma': 0.7757850838356843, 'cure_k': 0.026108028091057972, 'cure_p_min': 220.18926346440972, 'cure_gpp_ref': 0.09188446260623305, 'cure_agb_crit': 2.8354889452590486, 'fuel_k': 0.029819038585673766, 'fuel_half': 48.25135853083407}. Best is trial 577 with value: -0.629883323094065.
[I 2026-07-25 00:35:33,869] Trial 802 finished with value: 0.5626845614042726 and parameters: {'k1': 0.010196815417863832, 'D_low': 94.30257513440523, 'k2': 7.744822053262251e-05, 'D_high': 5795645.275973533, 'fire_exp': 2.1511886776509437, 'P_half': 91.60783287649289, 'pre_dampen_half': 0.2242674277155104, 'gpp_af': 3.660441982342898, 'gpp_b': 6.644575323537569e-05, 'gpp_d': 22.478345383061374, 'ign_k': 0.006403590639758591, 'ign_c': 3.0787428586903722, 'trop_agb_crit': 7.178222211564482, 'trop_k_veg': 1.2317591650287307, 'gdp_gamma': 0.12857106525409134, 'cure_k': 0.0015791676541849068, 'cure_p_min': 280.3866190390908, 'cure_gpp_ref': 0.3960818805275816, 'cure_agb_crit': 2.7142630812097184, 'fuel_k': 0.018739193554461527, 'fuel_half': 22.364277183763114}. Best is trial 577 with value: -0.629883323094065.
[I 2026-07-25 00:35:34,333] Trial 803 finished with value: 0.42784403454655995 and parameters: {'k1': 0.0001066038408970317, 'D_low': 415.0606773688675, 'k2': 0.0003939844928359605, 'D_high': 662154.0562970903, 'fire_exp': 1.3217353871407875, 'P_half': 2.15539795903244, 'pre_dampen_half': 43.32816473513369, 'gpp_af': 0.01090356431322604, 'gpp_b': 0.00020607175292157415, 'gpp_d': 6.2980089085011715, 'ign_k': 0.34594484235731365, 'ign_c': 9.58960694833334, 'trop_agb_crit': 2.5191910302806724, 'trop_k_veg': 0.8265098877677809, 'gdp_gamma': 0.08707129710545748, 'cure_k': 0.15890092832406763, 'cure_p_min': 258.6629096607471, 'cure_gpp_ref': 0.05933067261159974, 'cure_agb_crit': 2.843221748052506, 'fuel_k': 0.49058916795956964, 'fuel_half': 61.16335496963654}. Best is trial 577 with value: -0.629883323094065.
[I 2026-07-25 00:35:34,861] Trial 804 finished with value: 0.4877059757358809 and parameters: {'k1': 0.0002589983885635726, 'D_low': 10303.494314067088, 'k2': 0.09904113383109078, 'D_high': 8891782.966600968, 'fire_exp': 1.2286088695793487, 'P_half': 57.22282269693272, 'pre_dampen_half': 0.23271879356606054, 'gpp_af': 0.23547617793894587, 'gpp_b': 0.04216815982743572, 'gpp_d': 62.83679015422989, 'ign_k': 0.006260703102303621, 'ign_c': 0.27302790546651645, 'trop_agb_crit': 1.0221953650465068, 'trop_k_veg': 4.110539801201348, 'gdp_gamma': 0.845027299121605, 'cure_k': 0.27237705133565315, 'cure_p_min': 362.2114119488499, 'cure_gpp_ref': 0.47889453057559794, 'cure_agb_crit': 1.6191765218010448, 'fuel_k': 0.028134570922889724, 'fuel_half': 28.632207903917845}. Best is trial 577 with value: -0.629883323094065.
[I 2026-07-25 00:35:35,315] Trial 805 finished with value: 0.5829241267430748 and parameters: {'k1': 1.8395093574679275e-05, 'D_low': 2169.0254726206285, 'k2': 0.005048422430689593, 'D_high': 538291.9207547479, 'fire_exp': 2.17823419269492, 'P_half': 5.051232633101164, 'pre_dampen_half': 56.63685227826949, 'gpp_af': 0.4535724713432539, 'gpp_b': 3.131709891293228e-05, 'gpp_d': 310.5292619985159, 'ign_k': 0.09046051826166811, 'ign_c': 4.225853057571724, 'trop_agb_crit': 28.595606467836603, 'trop_k_veg': 6.503778031752735, 'gdp_gamma': 1.6801738447441996, 'cure_k': 0.007302953352377604, 'cure_p_min': 243.99295702737038, 'cure_gpp_ref': 1.139513819766608, 'cure_agb_crit': 4.890820155589677, 'fuel_k': 0.06617718042884008, 'fuel_half': 0.12838213796798562}. Best is trial 577 with value: -0.629883323094065.
[I 2026-07-25 00:35:35,771] Trial 806 finished with value: 0.3887746964226524 and parameters: {'k1': 2.7849379992533943e-05, 'D_low': 104.74549896304761, 'k2': 1.918293139942727e-05, 'D_high': 5291859.977281687, 'fire_exp': 1.0612379081510115, 'P_half': 6.720142693492216, 'pre_dampen_half': 9.927793303666856, 'gpp_af': 0.001201639025729941, 'gpp_b': 0.0007250009920406015, 'gpp_d': 3.5226105729050112, 'ign_k': 0.02046959233005844, 'ign_c': 26.45199926137323, 'trop_agb_crit': 1.1044880727333048, 'trop_k_veg': 0.9027985786226211, 'gdp_gamma': 1.57303449445543, 'cure_k': 0.04169526070249489, 'cure_p_min': 256.38697190660764, 'cure_gpp_ref': 0.11470583068913778, 'cure_agb_crit': 2.9973291902820325, 'fuel_k': 0.07212513960312981, 'fuel_half': 22.812702424499765}. Best is trial 577 with value: -0.629883323094065.
[I 2026-07-25 00:35:36,226] Trial 807 finished with value: 0.4832827274743353 and parameters: {'k1': 0.001854215317847521, 'D_low': 10278.748572179828, 'k2': 0.048786998845511936, 'D_high': 190998.02773323687, 'fire_exp': 1.1152554633125187, 'P_half': 55.31688289185389, 'pre_dampen_half': 1.270771400062237, 'gpp_af': 0.7931940196205833, 'gpp_b': 0.0012860410972187165, 'gpp_d': 234.82307613972165, 'ign_k': 0.013525434925629165, 'ign_c': 0.4565062936735745, 'trop_agb_crit': 3.5373354069054876, 'trop_k_veg': 4.899689331692717, 'gdp_gamma': 0.27368656876668274, 'cure_k': 0.484152325361773, 'cure_p_min': 263.89837620047166, 'cure_gpp_ref': 0.8967381601831779, 'cure_agb_crit': 6.914469875848206, 'fuel_k': 0.7810251599662988, 'fuel_half': 25.230769834545516}. Best is trial 577 with value: -0.629883323094065.
[I 2026-07-25 00:35:36,681] Trial 808 finished with value: 0.5906932545132076 and parameters: {'k1': 0.03738831811531425, 'D_low': 68922.68345273682, 'k2': 0.0011548093688254035, 'D_high': 62436.65367437508, 'fire_exp': 2.4257582007223317, 'P_half': 26.365262022248256, 'pre_dampen_half': 0.3229619097088162, 'gpp_af': 0.5487457143122958, 'gpp_b': 0.24927182586092797, 'gpp_d': 0.04950799457871452, 'ign_k': 0.005327959361541353, 'ign_c': 1.2737679701564448, 'trop_agb_crit': 25.534380679319653, 'trop_k_veg': 3.1893628196458, 'gdp_gamma': 1.0918372011330018, 'cure_k': 0.013447502353201789, 'cure_p_min': 386.95961350596076, 'cure_gpp_ref': 1.5973049827148007, 'cure_agb_crit': 3.392060737825674, 'fuel_k': 0.24324148309019783, 'fuel_half': 0.331381895557256}. Best is trial 577 with value: -0.629883323094065.
[I 2026-07-25 00:35:37,135] Trial 809 finished with value: 0.43519554676847083 and parameters: {'k1': 0.006830714417114926, 'D_low': 88.39197841999678, 'k2': 0.00385353189194526, 'D_high': 119543.50766807274, 'fire_exp': 1.9536972128650127, 'P_half': 111.92222459664828, 'pre_dampen_half': 369.09039238889966, 'gpp_af': 0.02049191544359882, 'gpp_b': 0.0006509757783737075, 'gpp_d': 396.79971605682977, 'ign_k': 0.011335720366439407, 'ign_c': 17.853941433998266, 'trop_agb_crit': 20.29492875448282, 'trop_k_veg': 0.988665819353894, 'gdp_gamma': 0.5933944101420295, 'cure_k': 0.003491584028229789, 'cure_p_min': 105.50621734992042, 'cure_gpp_ref': 0.10172832544726375, 'cure_agb_crit': 1.0757735069568541, 'fuel_k': 0.04340863817836121, 'fuel_half': 93.1618161246905}. Best is trial 577 with value: -0.629883323094065.
[I 2026-07-25 00:35:37,590] Trial 810 finished with value: 0.4656179038734265 and parameters: {'k1': 3.3840647925343255e-05, 'D_low': 646.0496400335539, 'k2': 0.01764829613539148, 'D_high': 70219.87756294526, 'fire_exp': 2.478381374092793, 'P_half': 2.8342034428689153, 'pre_dampen_half': 11.173301508026645, 'gpp_af': 16.1247995813368, 'gpp_b': 0.00015794925608493437, 'gpp_d': 326.51318079702355, 'ign_k': 1.3693199665299212, 'ign_c': 0.4362465395239718, 'trop_agb_crit': 16.20094254528522, 'trop_k_veg': 4.622138531102656, 'gdp_gamma': 0.016691113921055604, 'cure_k': 0.012142830985172121, 'cure_p_min': 248.57207950130615, 'cure_gpp_ref': 1.361852867619529, 'cure_agb_crit': 5.366574641137394, 'fuel_k': 1.3397837773695713, 'fuel_half': 0.5757045317499869}. Best is trial 577 with value: -0.629883323094065.
[I 2026-07-25 00:35:38,044] Trial 811 finished with value: 0.5828460552628003 and parameters: {'k1': 0.00016011522351523427, 'D_low': 8893.68821059606, 'k2': 0.08071822288695019, 'D_high': 19237.414252467566, 'fire_exp': 3.839385272635929, 'P_half': 6.323321433122807, 'pre_dampen_half': 0.4210949689686399, 'gpp_af': 0.16018709683183377, 'gpp_b': 0.00029733701481762857, 'gpp_d': 133.224429351274, 'ign_k': 6.922957591926826, 'ign_c': 15.623680769287992, 'trop_agb_crit': 26.23636213609765, 'trop_k_veg': 1.2360268828446408, 'gdp_gamma': 0.5675814360815644, 'cure_k': 0.0022218671816166204, 'cure_p_min': 120.28646051392545, 'cure_gpp_ref': 0.13406153285627748, 'cure_agb_crit': 1.753320525495526, 'fuel_k': 0.25854000405661204, 'fuel_half': 18.012875494219912}. Best is trial 577 with value: -0.629883323094065.
