[I 2026-08-06 10:56:14,854] Trial 682 finished with values: [11.915724878131323, 11.915724878131323] and parameters: {'k1': 0.05778755734457457, 'D_low': 38.82837025280678, 'k2': 0.014344484793173472, 'D_high': 42210.21267871043, 'fire_exp': 1.1174086754605184, 'P_half': 221.2683656611821, 'pre_dampen_half': 38.00678588560607, 'gpp_af': 1.6059727222314273, 'gpp_b': 2.176805640408474e-05, 'gpp_d': 229.41380323183625, 'ign_k': 8.103949702339497, 'ign_c': 0.1948891005130867, 'trop_agb_crit': 3.799798565960999, 'trop_k_veg': 2.520089655463604}.
[I 2026-08-06 10:56:17,048] Trial 683 finished with values: [-0.5967315451129235, 0.07551572983705368] and parameters: {'k1': 0.005272264723319183, 'D_low': 520.4862686958022, 'k2': 0.004149969043497543, 'D_high': 8182.111518618414, 'fire_exp': 1.221575427404682, 'P_half': 712.8188058401365, 'pre_dampen_half': 63.6685916079943, 'gpp_af': 1.9706963379095486, 'gpp_b': 0.22727308251068193, 'gpp_d': 19.600139992927435, 'ign_k': 2.5253810447657927, 'ign_c': 4.2425976091860935, 'trop_agb_crit': 19.3289574092866, 'trop_k_veg': 4.375785248100498}.
[I 2026-08-06 10:56:19,218] Trial 684 finished with values: [-0.5701321501589156, 0.1774399935983786] and parameters: {'k1': 0.0018538092461931478, 'D_low': 12.105387404469584, 'k2': 1.1065812688893481e-05, 'D_high': 5670.3463356272905, 'fire_exp': 1.3170256885255098, 'P_half': 4.213183643253957, 'pre_dampen_half': 234.12640025944248, 'gpp_af': 0.6403036652671171, 'gpp_b': 0.0325181766809307, 'gpp_d': 0.6960360257735198, 'ign_k': 0.21006485619596416, 'ign_c': 0.557280750002996, 'trop_agb_crit': 12.324775650896964, 'trop_k_veg': 5.492385920002873}.
[I 2026-08-06 10:56:21,344] Trial 685 finished with values: [-0.5452961510255346, 0.17968883582274542] and parameters: {'k1': 0.005952904331761848, 'D_low': 38.82837025280678, 'k2': 0.014344484793173472, 'D_high': 5670.3463356272905, 'fire_exp': 1.3170256885255098, 'P_half': 4.213183643253957, 'pre_dampen_half': 234.12640025944248, 'gpp_af': 1.6059727222314273, 'gpp_b': 0.08128322984179755, 'gpp_d': 0.6960360257735198, 'ign_k': 0.21006485619596416, 'ign_c': 3.470490935437501, 'trop_agb_crit': 6.275146677376727, 'trop_k_veg': 5.492385920002873}.
[I 2026-08-06 10:56:23,531] Trial 686 finished with values: [-0.6225539104176179, 0.11924515736242325] and parameters: {'k1': 0.00488137519160367, 'D_low': 38.82837025280678, 'k2': 0.0154776166709383, 'D_high': 42210.21267871043, 'fire_exp': 1.221575427404682, 'P_half': 712.8188058401365, 'pre_dampen_half': 63.6685916079943, 'gpp_af': 1.9706963379095486, 'gpp_b': 2.176805640408474e-05, 'gpp_d': 19.600139992927435, 'ign_k': 0.01364908766641695, 'ign_c': 1.9580595319750387, 'trop_agb_crit': 8.997007571451054, 'trop_k_veg': 2.520089655463604}.
[I 2026-08-06 10:56:25,687] Trial 687 finished with values: [10.769210143989122, 10.769210143989122] and parameters: {'k1': 0.00488137519160367, 'D_low': 355.00125258511594, 'k2': 8.923807143379776e-05, 'D_high': 8182.111518618414, 'fire_exp': 7.559891478674904, 'P_half': 221.2683656611821, 'pre_dampen_half': 481.9793830934018, 'gpp_af': 1.6059727222314273, 'gpp_b': 3.481277316673104e-05, 'gpp_d': 19.600139992927435, 'ign_k': 0.0049611344501914005, 'ign_c': 30.785541778315018, 'trop_agb_crit': 3.848553322122042, 'trop_k_veg': 1.5332163484880694}.
[I 2026-08-06 10:56:27,847] Trial 688 finished with values: [10.056155437896336, 10.056155437896336] and parameters: {'k1': 2.316457903103837e-05, 'D_low': 20.32977847090263, 'k2': 8.923807143379776e-05, 'D_high': 8182.111518618414, 'fire_exp': 1.1263716762638152, 'P_half': 4.213183643253957, 'pre_dampen_half': 63.6685916079943, 'gpp_af': 1.6059727222314273, 'gpp_b': 0.3682510091559943, 'gpp_d': 2.944272359149677, 'ign_k': 0.060759029110813774, 'ign_c': 1.9580595319750387, 'trop_agb_crit': 8.997007571451054, 'trop_k_veg': 4.030242248006271}.
[I 2026-08-06 10:56:30,082] Trial 689 finished with values: [10.070080217642268, 10.070080217642268] and parameters: {'k1': 0.05778755734457457, 'D_low': 12.105387404469584, 'k2': 8.923807143379776e-05, 'D_high': 8182.111518618414, 'fire_exp': 1.221575427404682, 'P_half': 140.74279366401683, 'pre_dampen_half': 63.6685916079943, 'gpp_af': 5.335773317316405, 'gpp_b': 0.0012213924959062798, 'gpp_d': 350.88322284755304, 'ign_k': 0.0049611344501914005, 'ign_c': 2.4936660834465174, 'trop_agb_crit': 6.119263728555865, 'trop_k_veg': 2.520089655463604}.
[I 2026-08-06 10:56:32,259] Trial 690 finished with values: [11.039392475149036, 11.039392475149036] and parameters: {'k1': 0.012021930484915042, 'D_low': 355.00125258511594, 'k2': 0.031536006085184705, 'D_high': 11832.967057468773, 'fire_exp': 1.221575427404682, 'P_half': 4.213183643253957, 'pre_dampen_half': 331.7366635899375, 'gpp_af': 0.6403036652671171, 'gpp_b': 0.00431329787498825, 'gpp_d': 82.84476373292449, 'ign_k': 0.019192001101561888, 'ign_c': 1.9580595319750387, 'trop_agb_crit': 8.997007571451054, 'trop_k_veg': 0.6743482387129308}.
[I 2026-08-06 10:56:34,585] Trial 691 finished with values: [-0.5607874477992691, 0.08115107293333002] and parameters: {'k1': 0.012021930484915042, 'D_low': 7.46475488144212, 'k2': 0.003101429427212743, 'D_high': 42210.21267871043, 'fire_exp': 1.5185721648966928, 'P_half': 102.4585893986732, 'pre_dampen_half': 5.048653998722947, 'gpp_af': 0.0049748543504537545, 'gpp_b': 2.176805640408474e-05, 'gpp_d': 757.2868182332339, 'ign_k': 0.07091190338709638, 'ign_c': 3.470490935437501, 'trop_agb_crit': 10.691477813613638, 'trop_k_veg': 1.9799513595694562}.
[I 2026-08-06 10:56:37,050] Trial 692 finished with values: [10.748900089765275, 10.748900089765275] and parameters: {'k1': 0.00488137519160367, 'D_low': 520.4862686958022, 'k2': 8.923807143379776e-05, 'D_high': 4681.376193450557, 'fire_exp': 1.7329145403564932, 'P_half': 712.8188058401365, 'pre_dampen_half': 38.00678588560607, 'gpp_af': 1.6059727222314273, 'gpp_b': 2.176805640408474e-05, 'gpp_d': 109.45351414473369, 'ign_k': 0.010939944910100021, 'ign_c': 111.98001958256879, 'trop_agb_crit': 8.997007571451054, 'trop_k_veg': 2.4336356947036335}.
[I 2026-08-06 10:56:39,369] Trial 693 finished with values: [10.67044367298177, 10.67044367298177] and parameters: {'k1': 0.01553297328951422, 'D_low': 38.82837025280678, 'k2': 0.003101429427212743, 'D_high': 42210.21267871043, 'fire_exp': 2.726360712292888, 'P_half': 221.2683656611821, 'pre_dampen_half': 38.00678588560607, 'gpp_af': 12.279228494238078, 'gpp_b': 2.176805640408474e-05, 'gpp_d': 14.792055086678463, 'ign_k': 0.01364908766641695, 'ign_c': 3.470490935437501, 'trop_agb_crit': 26.643872076082868, 'trop_k_veg': 2.520089655463604}.
[I 2026-08-06 10:56:41,797] Trial 694 finished with values: [10.74697359323197, 10.74697359323197] and parameters: {'k1': 0.05778755734457457, 'D_low': 38.82837025280678, 'k2': 0.014344484793173472, 'D_high': 42210.21267871043, 'fire_exp': 1.7329145403564932, 'P_half': 523.1053126909052, 'pre_dampen_half': 0.0399066504395798, 'gpp_af': 0.6403036652671171, 'gpp_b': 2.176805640408474e-05, 'gpp_d': 350.88322284755304, 'ign_k': 0.010939944910100021, 'ign_c': 2.4936660834465174, 'trop_agb_crit': 6.119263728555865, 'trop_k_veg': 2.520089655463604}.
[I 2026-08-06 10:56:44,175] Trial 695 finished with values: [10.377827982520456, 10.377827982520456] and parameters: {'k1': 0.008912611835817005, 'D_low': 150.6455793119292, 'k2': 1.1065812688893481e-05, 'D_high': 5670.3463356272905, 'fire_exp': 1.3170256885255098, 'P_half': 4.213183643253957, 'pre_dampen_half': 481.9793830934018, 'gpp_af': 1.6059727222314273, 'gpp_b': 0.0325181766809307, 'gpp_d': 0.6960360257735198, 'ign_k': 0.019192001101561888, 'ign_c': 5.13055176058983, 'trop_agb_crit': 1.0197794118421077, 'trop_k_veg': 4.030242248006271}.
[I 2026-08-06 10:56:46,719] Trial 696 finished with values: [10.965590239829888, 10.965590239829888] and parameters: {'k1': 0.05778755734457457, 'D_low': 12.105387404469584, 'k2': 1.1065812688893481e-05, 'D_high': 42210.21267871043, 'fire_exp': 1.3170256885255098, 'P_half': 19.876655910112248, 'pre_dampen_half': 38.00678588560607, 'gpp_af': 1.6059727222314273, 'gpp_b': 2.176805640408474e-05, 'gpp_d': 229.41380323183625, 'ign_k': 0.12329098365270515, 'ign_c': 0.1948891005130867, 'trop_agb_crit': 7.500118950416987, 'trop_k_veg': 2.520089655463604}.
[I 2026-08-06 10:56:48,851] Trial 697 finished with values: [10.538721259720258, 10.538721259720258] and parameters: {'k1': 0.005952904331761848, 'D_low': 40.52505887227999, 'k2': 0.0007047307383115598, 'D_high': 4520.829315376817, 'fire_exp': 1.7329145403564932, 'P_half': 523.1053126909052, 'pre_dampen_half': 38.00678588560607, 'gpp_af': 0.6403036652671171, 'gpp_b': 0.0012213924959062798, 'gpp_d': 2.944272359149677, 'ign_k': 0.01364908766641695, 'ign_c': 3.470490935437501, 'trop_agb_crit': 1.0903028125370984, 'trop_k_veg': 4.989748894578724}.
[I 2026-08-06 10:56:51,323] Trial 698 finished with values: [10.142623477033197, 10.142623477033197] and parameters: {'k1': 0.05778755734457457, 'D_low': 12.105387404469584, 'k2': 0.014344484793173472, 'D_high': 42210.21267871043, 'fire_exp': 1.221575427404682, 'P_half': 29.23116601611836, 'pre_dampen_half': 38.00678588560607, 'gpp_af': 5.335773317316405, 'gpp_b': 2.176805640408474e-05, 'gpp_d': 0.9568931772917477, 'ign_k': 0.0049611344501914005, 'ign_c': 3.470490935437501, 'trop_agb_crit': 7.628718523810018, 'trop_k_veg': 3.4387132748252047}.
[I 2026-08-06 10:56:53,382] Trial 699 finished with values: [10.82533561268451, 10.82533561268451] and parameters: {'k1': 2.316457903103837e-05, 'D_low': 40.52505887227999, 'k2': 8.923807143379776e-05, 'D_high': 42210.21267871043, 'fire_exp': 1.221575427404682, 'P_half': 3.313942437345199, 'pre_dampen_half': 63.6685916079943, 'gpp_af': 5.335773317316405, 'gpp_b': 0.22727308251068193, 'gpp_d': 82.84476373292449, 'ign_k': 0.21006485619596416, 'ign_c': 1.1994950112756755, 'trop_agb_crit': 3.2954785755570537, 'trop_k_veg': 7.936472946233041}.
[I 2026-08-06 10:56:55,572] Trial 700 finished with values: [10.405267391370003, 10.405267391370003] and parameters: {'k1': 0.012021930484915042, 'D_low': 7.299348683062307, 'k2': 0.003101429427212743, 'D_high': 11832.967057468773, 'fire_exp': 1.221575427404682, 'P_half': 140.74279366401683, 'pre_dampen_half': 331.7366635899375, 'gpp_af': 0.6403036652671171, 'gpp_b': 0.01666658176842624, 'gpp_d': 8.057329182285729, 'ign_k': 0.019192001101561888, 'ign_c': 54.079797238871784, 'trop_agb_crit': 6.119263728555865, 'trop_k_veg': 0.6673124511410327}.
[I 2026-08-06 10:56:58,103] Trial 701 finished with values: [10.222105904732452, 10.222105904732452] and parameters: {'k1': 0.008912611835817005, 'D_low': 38.82837025280678, 'k2': 0.019894080167856886, 'D_high': 1236.6924205139144, 'fire_exp': 1.3170256885255098, 'P_half': 523.1053126909052, 'pre_dampen_half': 234.12640025944248, 'gpp_af': 0.6403036652671171, 'gpp_b': 0.0012213924959062798, 'gpp_d': 0.6960360257735198, 'ign_k': 0.010939944910100021, 'ign_c': 3.5828811741825057, 'trop_agb_crit': 6.275146677376727, 'trop_k_veg': 2.520089655463604}.
[I 2026-08-06 10:57:00,242] Trial 702 finished with values: [10.753634162909497, 10.753634162909497] and parameters: {'k1': 0.00488137519160367, 'D_low': 7.299348683062307, 'k2': 8.923807143379776e-05, 'D_high': 623.411042225738, 'fire_exp': 3.3801590342525687, 'P_half': 712.8188058401365, 'pre_dampen_half': 63.6685916079943, 'gpp_af': 5.335773317316405, 'gpp_b': 0.00431329787498825, 'gpp_d': 82.84476373292449, 'ign_k': 2.5253810447657927, 'ign_c': 1.9580595319750387, 'trop_agb_crit': 8.997007571451054, 'trop_k_veg': 0.6743482387129308}.
[I 2026-08-06 10:57:02,328] Trial 703 finished with values: [10.349169688443514, 10.349169688443514] and parameters: {'k1': 0.05778755734457457, 'D_low': 40.52505887227999, 'k2': 0.014344484793173472, 'D_high': 60107.420288647554, 'fire_exp': 1.1263716762638152, 'P_half': 221.2683656611821, 'pre_dampen_half': 38.00678588560607, 'gpp_af': 1.6059727222314273, 'gpp_b': 0.22727308251068193, 'gpp_d': 2.944272359149677, 'ign_k': 0.21006485619596416, 'ign_c': 1.9580595319750387, 'trop_agb_crit': 8.997007571451054, 'trop_k_veg': 2.520089655463604}.
[I 2026-08-06 10:57:04,454] Trial 704 finished with values: [-0.608306551110966, 0.05727988927574257] and parameters: {'k1': 0.00488137519160367, 'D_low': 520.4862686958022, 'k2': 0.019894080167856886, 'D_high': 1236.6924205139144, 'fire_exp': 1.221575427404682, 'P_half': 523.1053126909052, 'pre_dampen_half': 719.4083432823455, 'gpp_af': 5.335773317316405, 'gpp_b': 0.01666658176842624, 'gpp_d': 350.88322284755304, 'ign_k': 2.5253810447657927, 'ign_c': 0.8916132699546893, 'trop_agb_crit': 6.119263728555865, 'trop_k_veg': 2.520089655463604}.
[I 2026-08-06 10:57:06,501] Trial 705 finished with values: [10.43991760951345, 10.43991760951345] and parameters: {'k1': 0.00488137519160367, 'D_low': 355.00125258511594, 'k2': 8.923807143379776e-05, 'D_high': 311.17676855667384, 'fire_exp': 1.221575427404682, 'P_half': 140.74279366401683, 'pre_dampen_half': 331.7366635899375, 'gpp_af': 0.013688256550323697, 'gpp_b': 0.01666658176842624, 'gpp_d': 1.493264336549928, 'ign_k': 0.019192001101561888, 'ign_c': 5.13055176058983, 'trop_agb_crit': 8.997007571451054, 'trop_k_veg': 2.520089655463604}.
[I 2026-08-06 10:57:08,557] Trial 706 finished with values: [-0.5972291451365832, 0.06085743818243783] and parameters: {'k1': 0.008912611835817005, 'D_low': 12.105387404469584, 'k2': 1.1065812688893481e-05, 'D_high': 61536.58035691648, 'fire_exp': 1.3170256885255098, 'P_half': 712.8188058401365, 'pre_dampen_half': 38.00678588560607, 'gpp_af': 1.6059727222314273, 'gpp_b': 0.13713885091300912, 'gpp_d': 84.31013932082456, 'ign_k': 0.6161423618045312, 'ign_c': 1.9580595319750387, 'trop_agb_crit': 8.997007571451054, 'trop_k_veg': 2.4336356947036335}.
[I 2026-08-06 10:57:10,572] Trial 707 finished with values: [10.880326016739767, 10.880326016739767] and parameters: {'k1': 0.05778755734457457, 'D_low': 1.9623826481168343, 'k2': 0.0154776166709383, 'D_high': 42210.21267871043, 'fire_exp': 1.2611826901294014, 'P_half': 712.8188058401365, 'pre_dampen_half': 38.00678588560607, 'gpp_af': 1.6059727222314273, 'gpp_b': 2.176805640408474e-05, 'gpp_d': 350.88322284755304, 'ign_k': 0.6161423618045312, 'ign_c': 1.9580595319750387, 'trop_agb_crit': 6.119263728555865, 'trop_k_veg': 2.520089655463604}.
[I 2026-08-06 10:57:12,641] Trial 708 finished with values: [10.15321134339919, 10.15321134339919] and parameters: {'k1': 0.00488137519160367, 'D_low': 7.299348683062307, 'k2': 0.0154776166709383, 'D_high': 2592.951380378534, 'fire_exp': 1.0601964743503993, 'P_half': 712.8188058401365, 'pre_dampen_half': 38.00678588560607, 'gpp_af': 0.6403036652671171, 'gpp_b': 0.0005739662837359252, 'gpp_d': 1.493264336549928, 'ign_k': 0.6161423618045312, 'ign_c': 1.2431017136067033, 'trop_agb_crit': 8.997007571451054, 'trop_k_veg': 7.936472946233041}.
[I 2026-08-06 10:57:14,701] Trial 709 finished with values: [-0.6159101763456553, 0.10982857486036057] and parameters: {'k1': 0.004708159793250189, 'D_low': 38.82837025280678, 'k2': 8.923807143379776e-05, 'D_high': 3005.809024615141, 'fire_exp': 1.221575427404682, 'P_half': 712.8188058401365, 'pre_dampen_half': 481.9793830934018, 'gpp_af': 1.9706963379095486, 'gpp_b': 2.176805640408474e-05, 'gpp_d': 82.84476373292449, 'ign_k': 0.019192001101561888, 'ign_c': 1.9580595319750387, 'trop_agb_crit': 8.997007571451054, 'trop_k_veg': 2.520089655463604}.
[I 2026-08-06 10:57:16,610] Trial 710 finished with values: [10.575887678431533, 10.575887678431533] and parameters: {'k1': 0.05778755734457457, 'D_low': 6.96063331852638, 'k2': 0.014344484793173472, 'D_high': 42210.21267871043, 'fire_exp': 2.907328086166187, 'P_half': 310.3604223881657, 'pre_dampen_half': 38.00678588560607, 'gpp_af': 1.6059727222314273, 'gpp_b': 2.176805640408474e-05, 'gpp_d': 229.41380323183625, 'ign_k': 0.010939944910100021, 'ign_c': 3.470490935437501, 'trop_agb_crit': 8.997007571451054, 'trop_k_veg': 2.520089655463604}.
[I 2026-08-06 10:57:19,010] Trial 711 finished with values: [10.168503436127025, 10.168503436127025] and parameters: {'k1': 0.05778755734457457, 'D_low': 33.04784314771566, 'k2': 0.014344484793173472, 'D_high': 42210.21267871043, 'fire_exp': 1.7329145403564932, 'P_half': 310.3604223881657, 'pre_dampen_half': 207.33291221114672, 'gpp_af': 0.3939208112794227, 'gpp_b': 2.176805640408474e-05, 'gpp_d': 229.41380323183625, 'ign_k': 0.010939944910100021, 'ign_c': 3.470490935437501, 'trop_agb_crit': 8.997007571451054, 'trop_k_veg': 2.520089655463604}.
[I 2026-08-06 10:57:21,099] Trial 712 finished with values: [10.595094654817279, 10.595094654817279] and parameters: {'k1': 0.05778755734457457, 'D_low': 38.82837025280678, 'k2': 8.923807143379776e-05, 'D_high': 78.57247967427125, 'fire_exp': 1.2611826901294014, 'P_half': 140.74279366401683, 'pre_dampen_half': 2.488338093530606, 'gpp_af': 0.6403036652671171, 'gpp_b': 0.01666658176842624, 'gpp_d': 82.84476373292449, 'ign_k': 0.010939944910100021, 'ign_c': 5.13055176058983, 'trop_agb_crit': 6.119263728555865, 'trop_k_veg': 2.5878603012249104}.
[I 2026-08-06 10:57:23,121] Trial 713 finished with values: [10.187394893394169, 10.187394893394169] and parameters: {'k1': 0.00488137519160367, 'D_low': 191.61918406231337, 'k2': 0.003101429427212743, 'D_high': 61536.58035691648, 'fire_exp': 1.7329145403564932, 'P_half': 221.2683656611821, 'pre_dampen_half': 38.00678588560607, 'gpp_af': 0.0014188461251885575, 'gpp_b': 0.0005739662837359252, 'gpp_d': 1.493264336549928, 'ign_k': 3.589155871450839, 'ign_c': 1.2431017136067033, 'trop_agb_crit': 1.0911298587990423, 'trop_k_veg': 1.9799513595694562}.
[I 2026-08-06 10:57:25,193] Trial 714 finished with values: [10.30044981545577, 10.30044981545577] and parameters: {'k1': 0.012021930484915042, 'D_low': 520.4862686958022, 'k2': 0.003101429427212743, 'D_high': 8182.111518618414, 'fire_exp': 1.5185721648966928, 'P_half': 102.4585893986732, 'pre_dampen_half': 63.6685916079943, 'gpp_af': 0.00515795696727661, 'gpp_b': 2.176805640408474e-05, 'gpp_d': 14.792055086678463, 'ign_k': 2.5253810447657927, 'ign_c': 2.4936660834465174, 'trop_agb_crit': 10.691477813613638, 'trop_k_veg': 1.9938441068366917}.
[I 2026-08-06 10:57:27,199] Trial 715 finished with values: [-0.5701991388668421, 0.08179687554229409] and parameters: {'k1': 0.01889771394135163, 'D_low': 7.299348683062307, 'k2': 0.0154776166709383, 'D_high': 61536.58035691648, 'fire_exp': 1.0601964743503993, 'P_half': 712.8188058401365, 'pre_dampen_half': 3.3841016089580034, 'gpp_af': 1.2389588752305056, 'gpp_b': 0.0005739662837359252, 'gpp_d': 84.31013932082456, 'ign_k': 0.6161423618045312, 'ign_c': 1.9580595319750387, 'trop_agb_crit': 8.997007571451054, 'trop_k_veg': 2.4336356947036335}.
[I 2026-08-06 10:57:29,185] Trial 716 finished with values: [10.766220455400303, 10.766220455400303] and parameters: {'k1': 0.005272264723319183, 'D_low': 520.4862686958022, 'k2': 0.004149969043497543, 'D_high': 231.73482832991365, 'fire_exp': 2.399913666074607, 'P_half': 102.4585893986732, 'pre_dampen_half': 63.6685916079943, 'gpp_af': 0.6403036652671171, 'gpp_b': 0.22727308251068193, 'gpp_d': 19.600139992927435, 'ign_k': 0.07091190338709638, 'ign_c': 1.9580595319750387, 'trop_agb_crit': 10.691477813613638, 'trop_k_veg': 4.989748894578724}.
[I 2026-08-06 10:57:31,117] Trial 717 finished with values: [10.51349157052596, 10.51349157052596] and parameters: {'k1': 0.00488137519160367, 'D_low': 520.4862686958022, 'k2': 1.1065812688893481e-05, 'D_high': 8182.111518618414, 'fire_exp': 1.0271184723288342, 'P_half': 712.8188058401365, 'pre_dampen_half': 63.6685916079943, 'gpp_af': 0.6403036652671171, 'gpp_b': 0.3682510091559943, 'gpp_d': 0.986538195779616, 'ign_k': 2.5253810447657927, 'ign_c': 1.9580595319750387, 'trop_agb_crit': 7.500118950416987, 'trop_k_veg': 2.4978545597116653}.
[I 2026-08-06 10:57:33,191] Trial 718 finished with values: [10.165251785709216, 10.165251785709216] and parameters: {'k1': 0.012021930484915042, 'D_low': 7.299348683062307, 'k2': 0.003101429427212743, 'D_high': 60107.420288647554, 'fire_exp': 1.3170256885255098, 'P_half': 4.213183643253957, 'pre_dampen_half': 63.6685916079943, 'gpp_af': 0.6403036652671171, 'gpp_b': 0.2859164396628517, 'gpp_d': 1.493264336549928, 'ign_k': 0.12329098365270515, 'ign_c': 5.13055176058983, 'trop_agb_crit': 7.500118950416987, 'trop_k_veg': 3.49157152291552}.
[I 2026-08-06 10:57:35,291] Trial 719 finished with values: [10.531094356888861, 10.531094356888861] and parameters: {'k1': 0.00488137519160367, 'D_low': 191.61918406231337, 'k2': 0.001362731161143793, 'D_high': 61536.58035691648, 'fire_exp': 1.221575427404682, 'P_half': 221.2683656611821, 'pre_dampen_half': 38.00678588560607, 'gpp_af': 0.6403036652671171, 'gpp_b': 0.0012213924959062798, 'gpp_d': 1.493264336549928, 'ign_k': 3.589155871450839, 'ign_c': 1.1994950112756755, 'trop_agb_crit': 8.997007571451054, 'trop_k_veg': 7.936472946233041}.
[I 2026-08-06 10:57:37,558] Trial 720 finished with values: [-0.5854677454433906, 0.09636281162492255] and parameters: {'k1': 2.316457903103837e-05, 'D_low': 40.52505887227999, 'k2': 1.1065812688893481e-05, 'D_high': 60107.420288647554, 'fire_exp': 1.1263716762638152, 'P_half': 3.313942437345199, 'pre_dampen_half': 63.6685916079943, 'gpp_af': 0.6403036652671171, 'gpp_b': 0.22727308251068193, 'gpp_d': 2.944272359149677, 'ign_k': 0.21006485619596416, 'ign_c': 1.9580595319750387, 'trop_agb_crit': 7.500118950416987, 'trop_k_veg': 4.989748894578724}.
[I 2026-08-06 10:57:39,085] Trial 721 finished with values: [10.087839139259357, 10.087839139259357] and parameters: {'k1': 0.05778755734457457, 'D_low': 7.299348683062307, 'k2': 0.0027015957920129437, 'D_high': 61536.58035691648, 'fire_exp': 1.2611826901294014, 'P_half': 523.1053126909052, 'pre_dampen_half': 38.00678588560607, 'gpp_af': 1.6059727222314273, 'gpp_b': 2.176805640408474e-05, 'gpp_d': 350.88322284755304, 'ign_k': 0.010939944910100021, 'ign_c': 2.4936660834465174, 'trop_agb_crit': 8.997007571451054, 'trop_k_veg': 2.520089655463604}.
