[I 2026-06-08 12:15:42,580] Trial 352 finished with values: [10.59315138531937, 10.59315138531937] and parameters: {'k1': 3.23559867820537e-05, 'D_low': 4.484744524732794, 'k2': 1.915468390724633e-05, 'D_high': 3712.591045287726, 'fire_exp': 1.3170256885255098, 'P_half': 220.3445560633069, 'pre_dampen_half': 552.4163637315892, 'gpp_af': 0.7539992074650279, 'gpp_b': 0.14577755664212386, 'gpp_d': 5.1715677287580455, 'ign_k': 8.708806168038567, 'ign_c': 20.03995359361212, 'trop_agb_crit': 24.584290528289387, 'trop_k_veg': 6.2065960186008615}.
[I 2026-06-08 12:15:43,720] Trial 353 finished with values: [11.739303205419525, 11.739303205419525] and parameters: {'k1': 0.004312951023617458, 'D_low': 4.484744524732794, 'k2': 0.0012040762895973265, 'D_high': 8182.111518618414, 'fire_exp': 1.0629462657398439, 'P_half': 220.3445560633069, 'pre_dampen_half': 502.5175192217655, 'gpp_af': 0.7539992074650279, 'gpp_b': 3.481277316673104e-05, 'gpp_d': 10.369565216756202, 'ign_k': 0.0680787482656459, 'ign_c': 0.70689749506246, 'trop_agb_crit': 10.965064494899984, 'trop_k_veg': 4.030242248006271}.
[I 2026-06-08 12:15:44,874] Trial 354 finished with values: [10.892856169957053, 10.892856169957053] and parameters: {'k1': 0.004312951023617458, 'D_low': 1112.9571947046009, 'k2': 4.30943585950406e-05, 'D_high': 8182.111518618414, 'fire_exp': 7.601000466715835, 'P_half': 220.3445560633069, 'pre_dampen_half': 502.5175192217655, 'gpp_af': 22.867444764010127, 'gpp_b': 3.481277316673104e-05, 'gpp_d': 5.1715677287580455, 'ign_k': 0.010167079878196114, 'ign_c': 30.28574109895626, 'trop_agb_crit': 3.5747129226002423, 'trop_k_veg': 1.4584243470991722}.
[I 2026-06-08 12:15:45,999] Trial 355 finished with values: [10.954720992566706, 10.954720992566706] and parameters: {'k1': 0.008287522363768155, 'D_low': 4.484744524732794, 'k2': 0.0012040762895973265, 'D_high': 42210.21267871043, 'fire_exp': 1.3170256885255098, 'P_half': 1.309149162209817, 'pre_dampen_half': 502.5175192217655, 'gpp_af': 0.2204465010099918, 'gpp_b': 0.0021331409710300844, 'gpp_d': 2.944272359149677, 'ign_k': 0.0680787482656459, 'ign_c': 5.13055176058983, 'trop_agb_crit': 1.14876138417489, 'trop_k_veg': 1.4584243470991722}.
[I 2026-06-08 12:15:47,168] Trial 356 finished with values: [10.443492472372334, 10.443492472372334] and parameters: {'k1': 0.06598741607403362, 'D_low': 38.82837025280678, 'k2': 7.914423612155373e-05, 'D_high': 4316.517111160399, 'fire_exp': 1.0629462657398439, 'P_half': 4.213183643253957, 'pre_dampen_half': 241.69519319206728, 'gpp_af': 6.155035361040188, 'gpp_b': 1.4540386644083135e-05, 'gpp_d': 134.6119925566483, 'ign_k': 0.0032770228519285686, 'ign_c': 0.14551749476072262, 'trop_agb_crit': 1.0455434848969813, 'trop_k_veg': 3.517697529584014}.
[I 2026-06-08 12:15:48,326] Trial 357 finished with values: [11.750916654583836, 11.750916654583836] and parameters: {'k1': 0.06598741607403362, 'D_low': 2.143851363193517, 'k2': 0.012758211164590085, 'D_high': 4316.517111160399, 'fire_exp': 1.0601964743503993, 'P_half': 56.22114524476698, 'pre_dampen_half': 107.40052367919465, 'gpp_af': 0.1476584299248268, 'gpp_b': 1.4540386644083135e-05, 'gpp_d': 16.460426816350523, 'ign_k': 8.708806168038567, 'ign_c': 0.14551749476072262, 'trop_agb_crit': 1.0903028125370984, 'trop_k_veg': 0.83140195149031}.
[I 2026-06-08 12:15:49,532] Trial 358 finished with values: [10.883754509920408, 10.883754509920408] and parameters: {'k1': 0.004312951023617458, 'D_low': 77.31571570012609, 'k2': 0.00021901578520649233, 'D_high': 9419.6122359782, 'fire_exp': 1.0601964743503993, 'P_half': 220.3445560633069, 'pre_dampen_half': 502.5175192217655, 'gpp_af': 1.200191344086032, 'gpp_b': 1.319554058182653e-05, 'gpp_d': 84.31013932082456, 'ign_k': 0.0315101491238403, 'ign_c': 7.4063809263110905, 'trop_agb_crit': 7.500118950416987, 'trop_k_veg': 6.9782110227926815}.
[I 2026-06-08 12:15:50,730] Trial 359 finished with values: [10.027441808722918, 10.027441808722918] and parameters: {'k1': 0.00031134168041628584, 'D_low': 4.484744524732794, 'k2': 1.1065812688893481e-05, 'D_high': 2940.51756322311, 'fire_exp': 1.0601964743503993, 'P_half': 220.3445560633069, 'pre_dampen_half': 502.5175192217655, 'gpp_af': 1.9706963379095486, 'gpp_b': 0.0021331409710300844, 'gpp_d': 84.31013932082456, 'ign_k': 0.0043958167971197126, 'ign_c': 15.221840161091626, 'trop_agb_crit': 24.584290528289387, 'trop_k_veg': 1.4584243470991722}.
[I 2026-06-08 12:15:51,831] Trial 360 finished with values: [10.889079035334419, 10.889079035334419] and parameters: {'k1': 0.012840669372724958, 'D_low': 1.54121727098019, 'k2': 1.6991629902581918e-05, 'D_high': 1578.0309954142967, 'fire_exp': 6.576079034416172, 'P_half': 221.2683656611821, 'pre_dampen_half': 502.5175192217655, 'gpp_af': 0.2204465010099918, 'gpp_b': 2.176805640408474e-05, 'gpp_d': 16.460426816350523, 'ign_k': 5.351470428717437, 'ign_c': 0.9580682294110432, 'trop_agb_crit': 1.14876138417489, 'trop_k_veg': 3.869465953383845}.
[I 2026-06-08 12:15:52,985] Trial 361 finished with values: [10.135157254633016, 10.135157254633016] and parameters: {'k1': 3.23559867820537e-05, 'D_low': 4.484744524732794, 'k2': 1.915468390724633e-05, 'D_high': 3712.591045287726, 'fire_exp': 1.0629462657398439, 'P_half': 4.213183643253957, 'pre_dampen_half': 107.40052367919465, 'gpp_af': 14.476743839391009, 'gpp_b': 0.0054502936945582505, 'gpp_d': 16.460426816350523, 'ign_k': 0.0680787482656459, 'ign_c': 0.8547476176667198, 'trop_agb_crit': 24.584290528289387, 'trop_k_veg': 0.5349971555643298}.
[I 2026-06-08 12:15:54,112] Trial 362 finished with values: [10.529924080885543, 10.529924080885543] and parameters: {'k1': 0.008471801418819975, 'D_low': 12.105387404469584, 'k2': 0.0003432139136241583, 'D_high': 1493.5213816355397, 'fire_exp': 1.0601964743503993, 'P_half': 107.12009151798692, 'pre_dampen_half': 10.129197956845726, 'gpp_af': 1.6059727222314273, 'gpp_b': 0.0054502936945582505, 'gpp_d': 1.493264336549928, 'ign_k': 2.1368329072358767, 'ign_c': 0.10605801312906209, 'trop_agb_crit': 7.500118950416987, 'trop_k_veg': 0.6673124511410327}.
[I 2026-06-08 12:15:55,237] Trial 363 finished with values: [10.885961532009492, 10.885961532009492] and parameters: {'k1': 0.008912611835817005, 'D_low': 4.484744524732794, 'k2': 0.000140654144219877, 'D_high': 3712.591045287726, 'fire_exp': 4.13930014199088, 'P_half': 93.43302657318476, 'pre_dampen_half': 8.594202650742222, 'gpp_af': 0.7539992074650279, 'gpp_b': 0.01777482313117792, 'gpp_d': 229.41380323183625, 'ign_k': 0.0680787482656459, 'ign_c': 5.13055176058983, 'trop_agb_crit': 24.584290528289387, 'trop_k_veg': 1.4584243470991722}.
[I 2026-06-08 12:15:56,560] Trial 364 finished with values: [10.01528950360699, 10.01528950360699] and parameters: {'k1': 0.004312951023617458, 'D_low': 4.484744524732794, 'k2': 0.015763894361785387, 'D_high': 3712.591045287726, 'fire_exp': 1.3170256885255098, 'P_half': 220.3445560633069, 'pre_dampen_half': 552.4163637315892, 'gpp_af': 0.7539992074650279, 'gpp_b': 0.14577755664212386, 'gpp_d': 29.749683811098393, 'ign_k': 0.010167079878196114, 'ign_c': 15.221840161091626, 'trop_agb_crit': 24.584290528289387, 'trop_k_veg': 1.4584243470991722}.
[I 2026-06-08 12:15:57,828] Trial 365 finished with values: [10.472230842844148, 10.472230842844148] and parameters: {'k1': 0.008912611835817005, 'D_low': 4.484744524732794, 'k2': 0.015763894361785387, 'D_high': 84090.06963311543, 'fire_exp': 1.7329145403564932, 'P_half': 336.708521740818, 'pre_dampen_half': 502.5175192217655, 'gpp_af': 0.7539992074650279, 'gpp_b': 0.14577755664212386, 'gpp_d': 5.1715677287580455, 'ign_k': 0.010167079878196114, 'ign_c': 5.13055176058983, 'trop_agb_crit': 24.584290528289387, 'trop_k_veg': 3.1473758868965476}.
[I 2026-06-08 12:15:58,952] Trial 366 finished with values: [10.334580236033322, 10.334580236033322] and parameters: {'k1': 0.004312951023617458, 'D_low': 4.484744524732794, 'k2': 1.915468390724633e-05, 'D_high': 3712.591045287726, 'fire_exp': 1.4665043946307825, 'P_half': 93.43302657318476, 'pre_dampen_half': 502.5175192217655, 'gpp_af': 0.2204465010099918, 'gpp_b': 0.0021331409710300844, 'gpp_d': 16.460426816350523, 'ign_k': 0.0680787482656459, 'ign_c': 15.221840161091626, 'trop_agb_crit': 24.584290528289387, 'trop_k_veg': 1.4584243470991722}.
[I 2026-06-08 12:16:00,060] Trial 367 finished with values: [10.38869916651435, 10.38869916651435] and parameters: {'k1': 0.004312951023617458, 'D_low': 1.9977959434035766, 'k2': 0.0007047307383115598, 'D_high': 42.070539502879384, 'fire_exp': 1.3170256885255098, 'P_half': 323.6099399575106, 'pre_dampen_half': 502.5175192217655, 'gpp_af': 3.4702669886504163, 'gpp_b': 0.01777482313117792, 'gpp_d': 10.369565216756202, 'ign_k': 8.926311370835233, 'ign_c': 0.70689749506246, 'trop_agb_crit': 24.80219492452611, 'trop_k_veg': 0.83140195149031}.
[I 2026-06-08 12:16:01,216] Trial 368 finished with values: [10.361113832844563, 10.361113832844563] and parameters: {'k1': 0.002155595057104387, 'D_low': 355.00125258511594, 'k2': 0.0007047307383115598, 'D_high': 61536.58035691648, 'fire_exp': 1.3170256885255098, 'P_half': 5.076307782729897, 'pre_dampen_half': 63.6685916079943, 'gpp_af': 3.4702669886504163, 'gpp_b': 0.01777482313117792, 'gpp_d': 229.41380323183625, 'ign_k': 8.926311370835233, 'ign_c': 5.13055176058983, 'trop_agb_crit': 24.80219492452611, 'trop_k_veg': 0.83140195149031}.
[I 2026-06-08 12:16:02,370] Trial 369 finished with values: [10.66201399536376, 10.66201399536376] and parameters: {'k1': 0.004312951023617458, 'D_low': 1112.9571947046009, 'k2': 1.915468390724633e-05, 'D_high': 109.44963667961977, 'fire_exp': 1.4665043946307825, 'P_half': 220.3445560633069, 'pre_dampen_half': 502.5175192217655, 'gpp_af': 1.200191344086032, 'gpp_b': 1.319554058182653e-05, 'gpp_d': 84.31013932082456, 'ign_k': 0.0315101491238403, 'ign_c': 0.9580682294110432, 'trop_agb_crit': 1.14876138417489, 'trop_k_veg': 1.4584243470991722}.
[I 2026-06-08 12:16:03,548] Trial 370 finished with values: [10.568329649971327, 10.568329649971327] and parameters: {'k1': 0.008471801418819975, 'D_low': 12.105387404469584, 'k2': 1.1065812688893481e-05, 'D_high': 5670.3463356272905, 'fire_exp': 1.1430983876313219, 'P_half': 323.6099399575106, 'pre_dampen_half': 10.129197956845726, 'gpp_af': 3.4702669886504163, 'gpp_b': 1.3289448722869181e-05, 'gpp_d': 1.493264336549928, 'ign_k': 2.1368329072358767, 'ign_c': 0.70689749506246, 'trop_agb_crit': 18.785197416433792, 'trop_k_veg': 0.83140195149031}.
[I 2026-06-08 12:16:04,729] Trial 371 finished with values: [-0.5288365007449778, 0.184686151249854] and parameters: {'k1': 0.008287522363768155, 'D_low': 355.00125258511594, 'k2': 0.0012040762895973265, 'D_high': 42210.21267871043, 'fire_exp': 1.3170256885255098, 'P_half': 4.213183643253957, 'pre_dampen_half': 63.6685916079943, 'gpp_af': 0.2204465010099918, 'gpp_b': 0.0021331409710300844, 'gpp_d': 14.792055086678463, 'ign_k': 0.0680787482656459, 'ign_c': 5.13055176058983, 'trop_agb_crit': 24.584290528289387, 'trop_k_veg': 2.520089655463604}.
[I 2026-06-08 12:16:05,899] Trial 372 finished with values: [10.308659913535084, 10.308659913535084] and parameters: {'k1': 0.008912611835817005, 'D_low': 355.00125258511594, 'k2': 0.03538758864779238, 'D_high': 3712.591045287726, 'fire_exp': 1.1430983876313219, 'P_half': 523.1053126909052, 'pre_dampen_half': 63.6685916079943, 'gpp_af': 0.05511595477601767, 'gpp_b': 0.0005739662837359252, 'gpp_d': 2.944272359149677, 'ign_k': 0.21006485619596416, 'ign_c': 0.70689749506246, 'trop_agb_crit': 18.785197416433792, 'trop_k_veg': 0.5349971555643298}.
[I 2026-06-08 12:16:07,070] Trial 373 finished with values: [-0.4804580903269374, 0.22564225565283857] and parameters: {'k1': 0.004312951023617458, 'D_low': 4.484744524732794, 'k2': 0.015763894361785387, 'D_high': 3712.591045287726, 'fire_exp': 1.7329145403564932, 'P_half': 5.076307782729897, 'pre_dampen_half': 502.5175192217655, 'gpp_af': 0.7539992074650279, 'gpp_b': 0.0021331409710300844, 'gpp_d': 5.1715677287580455, 'ign_k': 0.010167079878196114, 'ign_c': 15.221840161091626, 'trop_agb_crit': 24.584290528289387, 'trop_k_veg': 3.1473758868965476}.
[I 2026-06-08 12:16:08,226] Trial 374 finished with values: [10.104843993519227, 10.104843993519227] and parameters: {'k1': 0.012840669372724958, 'D_low': 4.484744524732794, 'k2': 1.915468390724633e-05, 'D_high': 645.2946500764235, 'fire_exp': 1.4665043946307825, 'P_half': 93.43302657318476, 'pre_dampen_half': 502.5175192217655, 'gpp_af': 0.2204465010099918, 'gpp_b': 2.176805640408474e-05, 'gpp_d': 5.1715677287580455, 'ign_k': 0.0680787482656459, 'ign_c': 15.221840161091626, 'trop_agb_crit': 24.584290528289387, 'trop_k_veg': 3.1473758868965476}.
[I 2026-06-08 12:16:09,320] Trial 375 finished with values: [10.52881323877098, 10.52881323877098] and parameters: {'k1': 0.008912611835817005, 'D_low': 4.484744524732794, 'k2': 1.915468390724633e-05, 'D_high': 645.2946500764235, 'fire_exp': 1.0629462657398439, 'P_half': 25.14786015817362, 'pre_dampen_half': 502.5175192217655, 'gpp_af': 0.7539992074650279, 'gpp_b': 0.0021331409710300844, 'gpp_d': 16.460426816350523, 'ign_k': 0.0680787482656459, 'ign_c': 5.13055176058983, 'trop_agb_crit': 6.275146677376727, 'trop_k_veg': 4.345076509212382}.
[I 2026-06-08 12:16:10,487] Trial 376 finished with values: [11.264368739557398, 11.264368739557398] and parameters: {'k1': 0.012021930484915042, 'D_low': 2.6786906100977124, 'k2': 0.015763894361785387, 'D_high': 783.2259769732478, 'fire_exp': 1.0629462657398439, 'P_half': 54.37591736923918, 'pre_dampen_half': 502.5175192217655, 'gpp_af': 0.7539992074650279, 'gpp_b': 0.0021331409710300844, 'gpp_d': 29.749683811098393, 'ign_k': 0.0680787482656459, 'ign_c': 1.9580595319750387, 'trop_agb_crit': 20.824968728078442, 'trop_k_veg': 1.4584243470991722}.
[I 2026-06-08 12:16:11,706] Trial 377 finished with values: [10.095939921418026, 10.095939921418026] and parameters: {'k1': 0.06598741607403362, 'D_low': 4.484744524732794, 'k2': 7.914423612155373e-05, 'D_high': 11069.082134755383, 'fire_exp': 1.3170256885255098, 'P_half': 4.213183643253957, 'pre_dampen_half': 241.69519319206728, 'gpp_af': 6.155035361040188, 'gpp_b': 0.0021331409710300844, 'gpp_d': 16.460426816350523, 'ign_k': 0.010167079878196114, 'ign_c': 0.14551749476072262, 'trop_agb_crit': 1.0903028125370984, 'trop_k_veg': 3.1473758868965476}.
[I 2026-06-08 12:16:12,962] Trial 378 finished with values: [-0.5002741462980096, 0.2596164834362268] and parameters: {'k1': 0.008912611835817005, 'D_low': 4.484744524732794, 'k2': 0.001462400459012571, 'D_high': 3712.591045287726, 'fire_exp': 1.1430983876313219, 'P_half': 523.1053126909052, 'pre_dampen_half': 502.5175192217655, 'gpp_af': 0.05511595477601767, 'gpp_b': 0.0021331409710300844, 'gpp_d': 10.369565216756202, 'ign_k': 0.010167079878196114, 'ign_c': 15.221840161091626, 'trop_agb_crit': 18.785197416433792, 'trop_k_veg': 0.5349971555643298}.
[I 2026-06-08 12:16:14,094] Trial 379 finished with values: [10.008662317175945, 10.008662317175945] and parameters: {'k1': 0.004312951023617458, 'D_low': 4.484744524732794, 'k2': 8.923807143379776e-05, 'D_high': 3712.591045287726, 'fire_exp': 1.3170256885255098, 'P_half': 220.3445560633069, 'pre_dampen_half': 552.4163637315892, 'gpp_af': 0.7539992074650279, 'gpp_b': 3.481277316673104e-05, 'gpp_d': 5.1715677287580455, 'ign_k': 0.0680787482656459, 'ign_c': 0.70689749506246, 'trop_agb_crit': 24.584290528289387, 'trop_k_veg': 1.4584243470991722}.
[I 2026-06-08 12:16:15,233] Trial 380 finished with values: [10.731085965452813, 10.731085965452813] and parameters: {'k1': 0.07111611367121734, 'D_low': 1397.5908789482219, 'k2': 1.6991629902581918e-05, 'D_high': 233.07122788234065, 'fire_exp': 1.423480109671474, 'P_half': 220.3445560633069, 'pre_dampen_half': 502.5175192217655, 'gpp_af': 1.9706963379095486, 'gpp_b': 0.0021331409710300844, 'gpp_d': 229.41380323183625, 'ign_k': 5.351470428717437, 'ign_c': 20.03995359361212, 'trop_agb_crit': 7.500118950416987, 'trop_k_veg': 1.4584243470991722}.
[I 2026-06-08 12:16:16,372] Trial 381 finished with values: [10.892769254883614, 10.892769254883614] and parameters: {'k1': 0.003392247823857357, 'D_low': 2.143851363193517, 'k2': 0.012758211164590085, 'D_high': 3712.591045287726, 'fire_exp': 8.551220505983894, 'P_half': 220.3445560633069, 'pre_dampen_half': 502.5175192217655, 'gpp_af': 0.003254982364882647, 'gpp_b': 0.0021331409710300844, 'gpp_d': 10.369565216756202, 'ign_k': 0.0680787482656459, 'ign_c': 15.221840161091626, 'trop_agb_crit': 24.584290528289387, 'trop_k_veg': 0.83140195149031}.
[I 2026-06-08 12:16:17,637] Trial 382 finished with values: [10.878030414939145, 10.878030414939145] and parameters: {'k1': 0.00031134168041628584, 'D_low': 1.54121727098019, 'k2': 1.915468390724633e-05, 'D_high': 56093.68210693188, 'fire_exp': 4.87400221596597, 'P_half': 4.213183643253957, 'pre_dampen_half': 502.5175192217655, 'gpp_af': 0.1476584299248268, 'gpp_b': 2.176805640408474e-05, 'gpp_d': 5.1715677287580455, 'ign_k': 0.0680787482656459, 'ign_c': 15.221840161091626, 'trop_agb_crit': 7.500118950416987, 'trop_k_veg': 0.6673124511410327}.
[I 2026-06-08 12:16:18,840] Trial 383 finished with values: [10.195820280456607, 10.195820280456607] and parameters: {'k1': 0.008912611835817005, 'D_low': 355.00125258511594, 'k2': 0.0007047307383115598, 'D_high': 61536.58035691648, 'fire_exp': 1.3170256885255098, 'P_half': 5.076307782729897, 'pre_dampen_half': 63.6685916079943, 'gpp_af': 3.4702669886504163, 'gpp_b': 0.01777482313117792, 'gpp_d': 229.41380323183625, 'ign_k': 8.926311370835233, 'ign_c': 5.13055176058983, 'trop_agb_crit': 24.80219492452611, 'trop_k_veg': 0.83140195149031}.
[I 2026-06-08 12:16:20,072] Trial 384 finished with values: [10.85783481982338, 10.85783481982338] and parameters: {'k1': 0.008912611835817005, 'D_low': 355.00125258511594, 'k2': 1.915468390724633e-05, 'D_high': 3712.591045287726, 'fire_exp': 1.0629462657398439, 'P_half': 220.3445560633069, 'pre_dampen_half': 63.6685916079943, 'gpp_af': 0.7539992074650279, 'gpp_b': 0.01777482313117792, 'gpp_d': 0.02183661391281564, 'ign_k': 0.015990213696558658, 'ign_c': 5.13055176058983, 'trop_agb_crit': 24.584290528289387, 'trop_k_veg': 0.83140195149031}.
[I 2026-06-08 12:16:21,183] Trial 385 finished with values: [10.875461651700679, 10.875461651700679] and parameters: {'k1': 0.03635503353478365, 'D_low': 680.2810205786727, 'k2': 0.0012040762895973265, 'D_high': 3712.591045287726, 'fire_exp': 1.695318866910499, 'P_half': 220.3445560633069, 'pre_dampen_half': 107.40052367919465, 'gpp_af': 0.002171465868062627, 'gpp_b': 0.0021331409710300844, 'gpp_d': 229.41380323183625, 'ign_k': 0.01364908766641695, 'ign_c': 30.28574109895626, 'trop_agb_crit': 24.584290528289387, 'trop_k_veg': 1.4584243470991722}.
[I 2026-06-08 12:16:22,339] Trial 386 finished with values: [10.66837808656881, 10.66837808656881] and parameters: {'k1': 0.004312951023617458, 'D_low': 77.31571570012609, 'k2': 8.923807143379776e-05, 'D_high': 783.2259769732478, 'fire_exp': 1.0629462657398439, 'P_half': 220.3445560633069, 'pre_dampen_half': 8.144272585223819, 'gpp_af': 1.200191344086032, 'gpp_b': 1.319554058182653e-05, 'gpp_d': 0.5363092465892282, 'ign_k': 0.0315101491238403, 'ign_c': 7.4063809263110905, 'trop_agb_crit': 1.14876138417489, 'trop_k_veg': 1.4584243470991722}.
[I 2026-06-08 12:16:23,492] Trial 387 finished with values: [10.008046579697696, 10.008046579697696] and parameters: {'k1': 0.06598741607403362, 'D_low': 38.82837025280678, 'k2': 7.914423612155373e-05, 'D_high': 3712.591045287726, 'fire_exp': 1.165368636520435, 'P_half': 4.213183643253957, 'pre_dampen_half': 241.69519319206728, 'gpp_af': 0.2204465010099918, 'gpp_b': 0.0005752434266899163, 'gpp_d': 229.41380323183625, 'ign_k': 0.010167079878196114, 'ign_c': 30.45524314144142, 'trop_agb_crit': 1.0903028125370984, 'trop_k_veg': 3.1473758868965476}.
[I 2026-06-08 12:16:24,617] Trial 388 finished with values: [11.192748636083715, 11.192748636083715] and parameters: {'k1': 0.008471801418819975, 'D_low': 4.484744524732794, 'k2': 0.015763894361785387, 'D_high': 61536.58035691648, 'fire_exp': 1.1430983876313219, 'P_half': 5.076307782729897, 'pre_dampen_half': 502.5175192217655, 'gpp_af': 3.4702669886504163, 'gpp_b': 0.0012213924959062798, 'gpp_d': 5.1715677287580455, 'ign_k': 0.010167079878196114, 'ign_c': 0.557280750002996, 'trop_agb_crit': 24.584290528289387, 'trop_k_veg': 1.3602724017812755}.
[I 2026-06-08 12:16:25,836] Trial 389 finished with values: [10.892857142659844, 10.892857142659844] and parameters: {'k1': 0.008471801418819975, 'D_low': 159.7458124425669, 'k2': 1.915468390724633e-05, 'D_high': 22.281634177046417, 'fire_exp': 1.1430983876313219, 'P_half': 56.22114524476698, 'pre_dampen_half': 0.01693207443721426, 'gpp_af': 3.4702669886504163, 'gpp_b': 1.3289448722869181e-05, 'gpp_d': 10.369565216756202, 'ign_k': 0.0680787482656459, 'ign_c': 306.3001606653075, 'trop_agb_crit': 24.80219492452611, 'trop_k_veg': 7.433058058371263}.
[I 2026-06-08 12:16:27,084] Trial 390 finished with values: [10.676643061322052, 10.676643061322052] and parameters: {'k1': 0.004312951023617458, 'D_low': 40.12413353131991, 'k2': 0.07507777979297806, 'D_high': 2940.51756322311, 'fire_exp': 1.3170256885255098, 'P_half': 56.22114524476698, 'pre_dampen_half': 10.129197956845726, 'gpp_af': 0.7539992074650279, 'gpp_b': 1.3289448722869181e-05, 'gpp_d': 4.25060659305504, 'ign_k': 0.010167079878196114, 'ign_c': 99.67983879709281, 'trop_agb_crit': 3.5747129226002423, 'trop_k_veg': 1.4584243470991722}.
[I 2026-06-08 12:16:28,291] Trial 391 finished with values: [10.061046776959557, 10.061046776959557] and parameters: {'k1': 0.008471801418819975, 'D_low': 1.54121727098019, 'k2': 0.012758211164590085, 'D_high': 2940.51756322311, 'fire_exp': 1.4665043946307825, 'P_half': 3.313942437345199, 'pre_dampen_half': 107.40052367919465, 'gpp_af': 0.1476584299248268, 'gpp_b': 2.176805640408474e-05, 'gpp_d': 16.460426816350523, 'ign_k': 0.0680787482656459, 'ign_c': 15.221840161091626, 'trop_agb_crit': 3.5747129226002423, 'trop_k_veg': 3.869465953383845}.
