[I 2026-08-20 01:00:02,164] Trial 1536 finished with value: 0.4541840873941786 and parameters: {'k1': 0.016657060207857996, 'D_low': 26.336347850953896, 'k2': 4.045842910167239e-05, 'D_high': 5034063.744001791, 'fire_exp': 2.7847189819689424, 'P_half': 46.072626468894306, 'pre_dampen_half': 1.3458137504304488, 'gpp_af': 0.16253836536082378, 'gpp_b': 0.0006262914789852057, 'gpp_d': 411.33616409787186, 'ign_k': 8.046522903326014, 'ign_c': 18.54790669222481, 'trop_agb_crit': 4.264179171147437, 'trop_k_veg': 4.468783024268351, 'pop_amp': 0.015734467823404714, 'pop_peak': 1.6234972933522045, 'pop_sig': 0.6733363032895443}. Best is trial 1128 with value: -0.620386984093161.
[I 2026-08-20 01:00:03,975] Trial 1537 finished with value: 0.6321183037123497 and parameters: {'k1': 0.0005839665324074355, 'D_low': 843.687930358305, 'k2': 0.0008658764047359876, 'D_high': 18.53345902483708, 'fire_exp': 3.4054620582362434, 'P_half': 278.28715055006745, 'pre_dampen_half': 130.25592174779243, 'gpp_af': 0.047510678513162145, 'gpp_b': 8.634372035356002, 'gpp_d': 1.0808623926553462, 'ign_k': 0.0014728741052185247, 'ign_c': 0.1760000755093368, 'trop_agb_crit': 1.739107500190713, 'trop_k_veg': 2.585615458210128, 'pop_amp': 0.38133846631904067, 'pop_peak': 42.04162322412494, 'pop_sig': 0.699370503154603}. Best is trial 1128 with value: -0.620386984093161.
[I 2026-08-20 01:00:06,209] Trial 1538 finished with value: -0.5694194768307724 and parameters: {'k1': 6.219429201611972e-05, 'D_low': 1154.61622394988, 'k2': 0.01821186504543113, 'D_high': 1762575.3425113952, 'fire_exp': 3.670196447339484, 'P_half': 15.759850733871978, 'pre_dampen_half': 21.303352418559495, 'gpp_af': 0.32523543876746924, 'gpp_b': 0.00023750336185423448, 'gpp_d': 40.59443532770237, 'ign_k': 0.1095069262104347, 'ign_c': 1.2723711941683906, 'trop_agb_crit': 2.2539073341220366, 'trop_k_veg': 1.8403958083323335, 'pop_amp': 0.3414420928190701, 'pop_peak': 14.388458801230293, 'pop_sig': 1.5155495611625687}. Best is trial 1128 with value: -0.620386984093161.
[I 2026-08-20 01:00:08,016] Trial 1539 finished with value: -0.5579268917494739 and parameters: {'k1': 0.025245138063556858, 'D_low': 2.9599663168459576, 'k2': 0.00013593954589926783, 'D_high': 263965.18940229557, 'fire_exp': 1.325117814548814, 'P_half': 3.0051808044680106, 'pre_dampen_half': 0.3038936482898068, 'gpp_af': 0.0012644797854496662, 'gpp_b': 1.0602822848602333e-05, 'gpp_d': 204.3193866746238, 'ign_k': 7.77483207519276, 'ign_c': 4.354809884177768, 'trop_agb_crit': 5.03232738497805, 'trop_k_veg': 4.5057532367698245, 'pop_amp': 0.030967017681858635, 'pop_peak': 0.1879069368099581, 'pop_sig': 0.7004573885502077}. Best is trial 1128 with value: -0.620386984093161.
[I 2026-08-20 01:00:09,805] Trial 1540 finished with value: 0.42240057422280264 and parameters: {'k1': 0.01929602788967746, 'D_low': 810.9206538460123, 'k2': 6.151459088468883e-05, 'D_high': 1496622.6993670568, 'fire_exp': 2.122616352485952, 'P_half': 3.7226152687627305, 'pre_dampen_half': 10.75481908694716, 'gpp_af': 0.023301178176725126, 'gpp_b': 2.29740558433916e-05, 'gpp_d': 9.843716438870516, 'ign_k': 0.11202464060520281, 'ign_c': 2.9930166409514327, 'trop_agb_crit': 1.0173488007832687, 'trop_k_veg': 5.3469833489213725, 'pop_amp': 0.007620252100821762, 'pop_peak': 18.129936937412214, 'pop_sig': 0.66778260497881}. Best is trial 1128 with value: -0.620386984093161.
[I 2026-08-20 01:00:11,632] Trial 1541 finished with value: 0.4145458960049553 and parameters: {'k1': 0.0004657029030619771, 'D_low': 2444.4021737155867, 'k2': 0.009810601604812008, 'D_high': 933926.6227455684, 'fire_exp': 1.4094800144823014, 'P_half': 901.7307895264499, 'pre_dampen_half': 2.0506116521193167, 'gpp_af': 0.07525198635672915, 'gpp_b': 0.00010177986287029838, 'gpp_d': 145.98099952758108, 'ign_k': 0.009353840777861248, 'ign_c': 1.019923664590733, 'trop_agb_crit': 3.284264447531757, 'trop_k_veg': 2.95843404079481, 'pop_amp': 11.527008727148422, 'pop_peak': 186.07257136834787, 'pop_sig': 1.225615618292024}. Best is trial 1128 with value: -0.620386984093161.
[I 2026-08-20 01:00:13,425] Trial 1542 finished with value: 0.41237896082552794 and parameters: {'k1': 0.0024036919751605295, 'D_low': 10.028559624907286, 'k2': 0.00010816071078411529, 'D_high': 504301.12855621194, 'fire_exp': 3.017335594469329, 'P_half': 6.59375146317392, 'pre_dampen_half': 5.254523503690505, 'gpp_af': 0.003470138914614341, 'gpp_b': 3.69400202015184e-05, 'gpp_d': 179.9479410167071, 'ign_k': 0.6801932252134278, 'ign_c': 17.277402513489545, 'trop_agb_crit': 4.281152495305577, 'trop_k_veg': 4.801173851590826, 'pop_amp': 0.002196791821751543, 'pop_peak': 3.36096727118597, 'pop_sig': 1.5572402433851316}. Best is trial 1128 with value: -0.620386984093161.
[I 2026-08-20 01:00:15,219] Trial 1543 finished with value: 0.5898675932027457 and parameters: {'k1': 0.004126874256520602, 'D_low': 88.30745138957836, 'k2': 0.010368742831696746, 'D_high': 440406.6393095595, 'fire_exp': 1.3793001311818156, 'P_half': 57.193915415678326, 'pre_dampen_half': 0.35407103045392835, 'gpp_af': 0.0025333580568108593, 'gpp_b': 0.19246771751112943, 'gpp_d': 2.162877251259215, 'ign_k': 3.2328480040461813, 'ign_c': 0.10426694714199802, 'trop_agb_crit': 1.1678109744350844, 'trop_k_veg': 2.112535309780326, 'pop_amp': 2.8665529796346743, 'pop_peak': 0.05345490864147029, 'pop_sig': 0.5124237657466554}. Best is trial 1128 with value: -0.620386984093161.
[I 2026-08-20 01:00:17,018] Trial 1544 finished with value: 0.6445374145881376 and parameters: {'k1': 0.05721958894750364, 'D_low': 2.1753049317408335, 'k2': 0.0005773257106474885, 'D_high': 485834.37281963753, 'fire_exp': 1.3927981497548896, 'P_half': 110.4914446773209, 'pre_dampen_half': 3.1007919167357447, 'gpp_af': 0.003598838788756698, 'gpp_b': 3.772092109676513e-05, 'gpp_d': 531.1472067286634, 'ign_k': 9.283993166220679, 'ign_c': 88.13716838351564, 'trop_agb_crit': 8.605609363071354, 'trop_k_veg': 3.846310472251021, 'pop_amp': 0.0010089422155008072, 'pop_peak': 1.4078937857187486, 'pop_sig': 1.0755112757819014}. Best is trial 1128 with value: -0.620386984093161.
[I 2026-08-20 01:00:18,828] Trial 1545 finished with value: 0.5403064020184206 and parameters: {'k1': 0.00011446298809368821, 'D_low': 21.76353236703643, 'k2': 0.002515739936812877, 'D_high': 3658456.641392917, 'fire_exp': 3.450734946543719, 'P_half': 842.5389371550074, 'pre_dampen_half': 5.155303225891637, 'gpp_af': 0.09925085434703891, 'gpp_b': 0.00015669806891223988, 'gpp_d': 41.465560159096114, 'ign_k': 0.27569290288060794, 'ign_c': 0.6085523641383436, 'trop_agb_crit': 2.561591028170998, 'trop_k_veg': 1.985391151895416, 'pop_amp': 3.353247211680072, 'pop_peak': 10.25339312906909, 'pop_sig': 0.485904908674206}. Best is trial 1128 with value: -0.620386984093161.
[I 2026-08-20 01:00:20,612] Trial 1546 finished with value: -0.5776368488177815 and parameters: {'k1': 0.0008237048085258759, 'D_low': 6777.013953956438, 'k2': 0.0024432042224363784, 'D_high': 712852.942808688, 'fire_exp': 3.1912146571229543, 'P_half': 44.42793940734305, 'pre_dampen_half': 200.8054506480108, 'gpp_af': 0.1289083278819193, 'gpp_b': 0.0008110694801239329, 'gpp_d': 8.030610158509765, 'ign_k': 0.07081448932536898, 'ign_c': 0.2663813746604677, 'trop_agb_crit': 7.680148975543931, 'trop_k_veg': 3.0280812245815523, 'pop_amp': 0.8045863255289266, 'pop_peak': 0.8630479307831008, 'pop_sig': 0.7857170388879082}. Best is trial 1128 with value: -0.620386984093161.
[I 2026-08-20 01:00:22,401] Trial 1547 finished with value: 0.46663927757623724 and parameters: {'k1': 0.0028151627586064393, 'D_low': 16.091918493243114, 'k2': 0.005422059303524368, 'D_high': 1224203.091209046, 'fire_exp': 1.205941374108895, 'P_half': 1.3430280103118186, 'pre_dampen_half': 0.04498342031752129, 'gpp_af': 0.5899578333441079, 'gpp_b': 0.0007136927649347448, 'gpp_d': 1.447271379658254, 'ign_k': 0.0010429611492952932, 'ign_c': 0.11901471671180905, 'trop_agb_crit': 2.2010060933166575, 'trop_k_veg': 2.100096471558424, 'pop_amp': 2.615499717735255, 'pop_peak': 0.20137732132039976, 'pop_sig': 2.008331185203041}. Best is trial 1128 with value: -0.620386984093161.
[I 2026-08-20 01:00:24,212] Trial 1548 finished with value: -0.5640311505164147 and parameters: {'k1': 0.08004082177625124, 'D_low': 24.272336729332807, 'k2': 0.0010040633265593147, 'D_high': 539770.4785735903, 'fire_exp': 2.6558815619894087, 'P_half': 1.8219900174664634, 'pre_dampen_half': 0.9565747132725216, 'gpp_af': 0.4675290652203749, 'gpp_b': 0.0009110620421333321, 'gpp_d': 9.502980238863517, 'ign_k': 0.4793937796413178, 'ign_c': 2.2236654851223254, 'trop_agb_crit': 1.5534588966816645, 'trop_k_veg': 2.7003392796729635, 'pop_amp': 0.015642655166068015, 'pop_peak': 8.318987828949332, 'pop_sig': 0.7093516185669461}. Best is trial 1128 with value: -0.620386984093161.
[I 2026-08-20 01:00:26,015] Trial 1549 finished with value: -0.5903246864403008 and parameters: {'k1': 0.0018281330838465135, 'D_low': 899.0595760602956, 'k2': 0.0003078590202002767, 'D_high': 9316283.244808968, 'fire_exp': 4.41312164911475, 'P_half': 18.16185076102792, 'pre_dampen_half': 14.133283678109095, 'gpp_af': 6.446788957664265, 'gpp_b': 0.0009935151998124927, 'gpp_d': 220.39984806101478, 'ign_k': 0.029985878881511406, 'ign_c': 1.5634994932119135, 'trop_agb_crit': 6.861311931301829, 'trop_k_veg': 4.687753352818099, 'pop_amp': 6.137821887391572, 'pop_peak': 12.68010588468513, 'pop_sig': 0.6717589931871456}. Best is trial 1128 with value: -0.620386984093161.
[I 2026-08-20 01:00:28,224] Trial 1550 finished with value: 0.511504810499722 and parameters: {'k1': 0.00027041358750295086, 'D_low': 140.2334503744162, 'k2': 0.011246589800656574, 'D_high': 1327769.2682390863, 'fire_exp': 1.3862470273946441, 'P_half': 2.64970138299915, 'pre_dampen_half': 0.9729847768795284, 'gpp_af': 0.1938837666253086, 'gpp_b': 0.023566582727557895, 'gpp_d': 0.2830576084523635, 'ign_k': 0.8007128645433642, 'ign_c': 0.7102900444976028, 'trop_agb_crit': 1.9984158644762944, 'trop_k_veg': 4.605977506150232, 'pop_amp': 0.09619119994678535, 'pop_peak': 0.05786619893638689, 'pop_sig': 0.9650157093400078}. Best is trial 1128 with value: -0.620386984093161.
[I 2026-08-20 01:00:30,046] Trial 1551 finished with value: 0.554240804778386 and parameters: {'k1': 0.04314517829755183, 'D_low': 579.0354250239288, 'k2': 2.581830469992365e-05, 'D_high': 117244.16135908123, 'fire_exp': 3.1145314329030596, 'P_half': 28.552908545942397, 'pre_dampen_half': 12.447224109050637, 'gpp_af': 0.009180352616698856, 'gpp_b': 0.004825427637190397, 'gpp_d': 9.671870870894498, 'ign_k': 0.8816468449825308, 'ign_c': 6.89571021171004, 'trop_agb_crit': 1.505264597695997, 'trop_k_veg': 7.632346856976006, 'pop_amp': 0.0011136509609601427, 'pop_peak': 1.0993144248565063, 'pop_sig': 0.4153793404486262}. Best is trial 1128 with value: -0.620386984093161.
[I 2026-08-20 01:00:31,815] Trial 1552 finished with value: 0.5937017763984694 and parameters: {'k1': 2.0373596477023497e-05, 'D_low': 5.86028656553684, 'k2': 0.0007190112571033369, 'D_high': 8072210.737558478, 'fire_exp': 2.1151693393133617, 'P_half': 34.26084146532128, 'pre_dampen_half': 2.1530336508149235, 'gpp_af': 0.005922980760255346, 'gpp_b': 0.9118188972585672, 'gpp_d': 0.9378857615866352, 'ign_k': 0.4605241058472392, 'ign_c': 0.4525392106171659, 'trop_agb_crit': 2.0877948632043433, 'trop_k_veg': 3.2023529336938177, 'pop_amp': 1.103591274712791, 'pop_peak': 15.576666935453906, 'pop_sig': 1.545389475976855}. Best is trial 1128 with value: -0.620386984093161.
[I 2026-08-20 01:00:33,619] Trial 1553 finished with value: 0.6746013211940507 and parameters: {'k1': 0.007323122061455753, 'D_low': 999.7029581670367, 'k2': 2.719656638399273e-05, 'D_high': 5329946.821650894, 'fire_exp': 4.261594029623348, 'P_half': 2.0153758931700465, 'pre_dampen_half': 136.54530765750903, 'gpp_af': 86.9011730247362, 'gpp_b': 0.0001484373262112748, 'gpp_d': 435.3274566318869, 'ign_k': 0.17968325695124476, 'ign_c': 0.779225905324207, 'trop_agb_crit': 4.832173994851348, 'trop_k_veg': 7.8479427948572065, 'pop_amp': 6.449372681541248, 'pop_peak': 12.385821895114153, 'pop_sig': 0.5073181163053891}. Best is trial 1128 with value: -0.620386984093161.
[I 2026-08-20 01:00:35,428] Trial 1554 finished with value: 0.47440709959493843 and parameters: {'k1': 0.00015793240615641512, 'D_low': 40.86648504601187, 'k2': 0.0007436668104245907, 'D_high': 1133455.94259286, 'fire_exp': 3.796842410040845, 'P_half': 2.654588798106799, 'pre_dampen_half': 276.3905193216012, 'gpp_af': 7.698953037271711, 'gpp_b': 0.00623742141068854, 'gpp_d': 251.41753051115074, 'ign_k': 0.005722300141541404, 'ign_c': 1.916420558681518, 'trop_agb_crit': 6.410579979283757, 'trop_k_veg': 7.6497304022035575, 'pop_amp': 15.8446563532942, 'pop_peak': 15.219370076278308, 'pop_sig': 0.4449770272670431}. Best is trial 1128 with value: -0.620386984093161.
[I 2026-08-20 01:00:37,254] Trial 1555 finished with value: 0.4675363762531638 and parameters: {'k1': 0.041233952676973766, 'D_low': 44.71494518492671, 'k2': 0.0003539473061373869, 'D_high': 90082.29597733248, 'fire_exp': 2.695533877086883, 'P_half': 13.955886529745385, 'pre_dampen_half': 1.7047329232836488, 'gpp_af': 0.006680894534719272, 'gpp_b': 4.716405544761924e-05, 'gpp_d': 157.91779152715253, 'ign_k': 5.104917894907978, 'ign_c': 17.493223303010648, 'trop_agb_crit': 1.7984041742282366, 'trop_k_veg': 4.359550413201968, 'pop_amp': 0.0037560657473932695, 'pop_peak': 13.694799809492428, 'pop_sig': 0.29612087746529164}. Best is trial 1128 with value: -0.620386984093161.
[I 2026-08-20 01:00:39,022] Trial 1556 finished with value: 0.5318573972958001 and parameters: {'k1': 3.6952134936469375e-05, 'D_low': 99406.83625421532, 'k2': 0.0017930905961334978, 'D_high': 2853655.277732628, 'fire_exp': 1.567420507889808, 'P_half': 16.185654511703895, 'pre_dampen_half': 0.7512676228086002, 'gpp_af': 0.10989630479241065, 'gpp_b': 0.00019610147148828836, 'gpp_d': 18.77923878723119, 'ign_k': 0.26502945167427683, 'ign_c': 0.16897309137518807, 'trop_agb_crit': 1.2283095900017358, 'trop_k_veg': 5.051615356898823, 'pop_amp': 0.49990540209386863, 'pop_peak': 37.36455500186498, 'pop_sig': 2.1438946035962543}. Best is trial 1128 with value: -0.620386984093161.
[I 2026-08-20 01:00:40,866] Trial 1557 finished with value: 0.641969238658606 and parameters: {'k1': 0.0008488700239509066, 'D_low': 355556.5151286153, 'k2': 0.0028155205214895427, 'D_high': 685997.415509651, 'fire_exp': 4.481006396463006, 'P_half': 1106.8966773297698, 'pre_dampen_half': 2.224603623119671, 'gpp_af': 0.17372953197662816, 'gpp_b': 4.1132975484080175e-05, 'gpp_d': 119.53117298937227, 'ign_k': 0.7049682298691351, 'ign_c': 0.5335760480534402, 'trop_agb_crit': 8.188761148989405, 'trop_k_veg': 5.0034517731660735, 'pop_amp': 2.063940595654159, 'pop_peak': 0.07184505226328013, 'pop_sig': 1.9837618953848253}. Best is trial 1128 with value: -0.620386984093161.
[I 2026-08-20 01:00:42,666] Trial 1558 finished with value: 0.48620740421214514 and parameters: {'k1': 0.0026903155936216926, 'D_low': 214.86125406427138, 'k2': 0.001920892618051566, 'D_high': 128284.14360146206, 'fire_exp': 2.585797289764296, 'P_half': 421.1103301245313, 'pre_dampen_half': 18.832503144466227, 'gpp_af': 0.028619163756352886, 'gpp_b': 0.0004505884844956835, 'gpp_d': 13.29225122675858, 'ign_k': 0.12385563372672026, 'ign_c': 3.5168119813699956, 'trop_agb_crit': 15.620553199790583, 'trop_k_veg': 1.787073667073333, 'pop_amp': 0.31621256525405284, 'pop_peak': 0.34013744252484307, 'pop_sig': 0.5205067285517031}. Best is trial 1128 with value: -0.620386984093161.
[I 2026-08-20 01:00:44,484] Trial 1559 finished with value: 0.5566950396386487 and parameters: {'k1': 0.00021087745352621525, 'D_low': 24594.575802072097, 'k2': 9.407850119638794e-05, 'D_high': 8133356.248126341, 'fire_exp': 7.321252347506075, 'P_half': 13.090073562339255, 'pre_dampen_half': 3.330993676962649, 'gpp_af': 1.7315474776620765, 'gpp_b': 0.14183976855260214, 'gpp_d': 453.7145649928732, 'ign_k': 1.030684952384792, 'ign_c': 0.17593971208103973, 'trop_agb_crit': 11.31969232462413, 'trop_k_veg': 6.808675554322844, 'pop_amp': 1.831741723570118, 'pop_peak': 31.957982509129383, 'pop_sig': 0.9057422428820705}. Best is trial 1128 with value: -0.620386984093161.
[I 2026-08-20 01:00:46,324] Trial 1560 finished with value: 0.49237061680599403 and parameters: {'k1': 0.013840123476345558, 'D_low': 8.04583019129797, 'k2': 8.977149719384154e-05, 'D_high': 8637267.910315935, 'fire_exp': 1.8132163512372628, 'P_half': 75.1287955948998, 'pre_dampen_half': 273.45426326408267, 'gpp_af': 0.007359949707453404, 'gpp_b': 2.5612363766344397e-05, 'gpp_d': 291.1098291419991, 'ign_k': 8.294476096218952, 'ign_c': 1.2521617258680986, 'trop_agb_crit': 9.005182674799382, 'trop_k_veg': 4.079980441161416, 'pop_amp': 0.038023453951988834, 'pop_peak': 1.2229466436342993, 'pop_sig': 0.678789100385606}. Best is trial 1128 with value: -0.620386984093161.
[I 2026-08-20 01:00:48,153] Trial 1561 finished with value: 0.4621147025249651 and parameters: {'k1': 0.0009312526744492484, 'D_low': 7231.607442075684, 'k2': 0.03234420666490081, 'D_high': 423223.4467796694, 'fire_exp': 3.0149717494872115, 'P_half': 62.71470876689281, 'pre_dampen_half': 2.13047304932657, 'gpp_af': 0.5215801351601859, 'gpp_b': 0.0011767451450480455, 'gpp_d': 99.10806069467914, 'ign_k': 0.12460008728536681, 'ign_c': 0.16706001380370267, 'trop_agb_crit': 2.309651036151974, 'trop_k_veg': 1.0802913855080554, 'pop_amp': 0.49125038881637434, 'pop_peak': 4.017122345769739, 'pop_sig': 2.395774665402658}. Best is trial 1128 with value: -0.620386984093161.
[I 2026-08-20 01:00:50,356] Trial 1562 finished with value: 0.5767457808577594 and parameters: {'k1': 0.00020622359889433282, 'D_low': 5249.01402538167, 'k2': 0.0020661573656308597, 'D_high': 1254644.5069743637, 'fire_exp': 4.633428269510685, 'P_half': 202.69283618199222, 'pre_dampen_half': 208.92885781784284, 'gpp_af': 1.026249963247141, 'gpp_b': 2.6923356331434085e-05, 'gpp_d': 23.40193165249494, 'ign_k': 0.02354726393812134, 'ign_c': 5.128755095396495, 'trop_agb_crit': 9.884608792504789, 'trop_k_veg': 5.067930607052331, 'pop_amp': 7.778993908400311, 'pop_peak': 1.0664566472599901, 'pop_sig': 0.4490703210645711}. Best is trial 1128 with value: -0.620386984093161.
[I 2026-08-20 01:00:52,180] Trial 1563 finished with value: 0.5321089191839279 and parameters: {'k1': 0.0015606841589624993, 'D_low': 269.2699072117257, 'k2': 0.0024034107435134257, 'D_high': 135053.51753999625, 'fire_exp': 3.868260402986498, 'P_half': 7.972790316761651, 'pre_dampen_half': 0.43828571236001385, 'gpp_af': 0.05997350066437599, 'gpp_b': 0.002853344869829933, 'gpp_d': 60.66977204149087, 'ign_k': 0.13709582750413207, 'ign_c': 0.7067156583291031, 'trop_agb_crit': 9.71404118739358, 'trop_k_veg': 1.4353362331719164, 'pop_amp': 0.36971677373758577, 'pop_peak': 0.9398740169486327, 'pop_sig': 0.7143787445180568}. Best is trial 1128 with value: -0.620386984093161.
[I 2026-08-20 01:00:53,974] Trial 1564 finished with value: 0.5782152212125584 and parameters: {'k1': 4.210775877602316e-05, 'D_low': 188.01671341769108, 'k2': 0.00012538435192355863, 'D_high': 3959519.4135957547, 'fire_exp': 6.010674412904098, 'P_half': 282.5200134338368, 'pre_dampen_half': 0.45532281688939336, 'gpp_af': 0.14552804591831098, 'gpp_b': 0.0026312621159592085, 'gpp_d': 6.088417731284203, 'ign_k': 0.07781365892950266, 'ign_c': 14.733187140594914, 'trop_agb_crit': 7.275027666215491, 'trop_k_veg': 6.460756823508792, 'pop_amp': 0.8521123839310901, 'pop_peak': 1.4877259735844977, 'pop_sig': 0.6510959452104601}. Best is trial 1128 with value: -0.620386984093161.
[I 2026-08-20 01:00:55,769] Trial 1565 finished with value: 0.4692177751916017 and parameters: {'k1': 0.0014923238600162206, 'D_low': 2494.5138598580065, 'k2': 0.0008586184457992953, 'D_high': 1739374.000497163, 'fire_exp': 3.468722538000449, 'P_half': 29.537438499794934, 'pre_dampen_half': 0.6906154458824892, 'gpp_af': 4.127744660738556, 'gpp_b': 0.00018501009125693706, 'gpp_d': 605.5502685933852, 'ign_k': 0.04809859051629798, 'ign_c': 4.520065097270556, 'trop_agb_crit': 19.76201644088182, 'trop_k_veg': 1.8801705555757413, 'pop_amp': 11.503298284674727, 'pop_peak': 14.18954371915231, 'pop_sig': 0.6693989980587184}. Best is trial 1128 with value: -0.620386984093161.
[I 2026-08-20 01:00:57,592] Trial 1566 finished with value: 0.5813679424874552 and parameters: {'k1': 0.0009760984364090251, 'D_low': 24.225925402173967, 'k2': 0.0010207413266046846, 'D_high': 6489887.93471058, 'fire_exp': 6.283164274990719, 'P_half': 53.754384664176044, 'pre_dampen_half': 31.82105444232309, 'gpp_af': 74.20338892774127, 'gpp_b': 0.00025225736086422265, 'gpp_d': 640.8470845231733, 'ign_k': 0.04022774605244713, 'ign_c': 10.17475114059265, 'trop_agb_crit': 7.374799862069706, 'trop_k_veg': 1.3484686425411883, 'pop_amp': 0.8563519779323133, 'pop_peak': 2.451559919404774, 'pop_sig': 1.1588529697009344}. Best is trial 1128 with value: -0.620386984093161.
[I 2026-08-20 01:00:59,423] Trial 1567 finished with value: 0.5534160052350015 and parameters: {'k1': 0.005116760801463326, 'D_low': 1031.66046794732, 'k2': 0.00039799332425323084, 'D_high': 1893777.0126670955, 'fire_exp': 5.263705062773892, 'P_half': 244.70700248237725, 'pre_dampen_half': 6.203888407453595, 'gpp_af': 2.6451760964860402, 'gpp_b': 0.015839814561818426, 'gpp_d': 398.08786804219403, 'ign_k': 0.0260455197924299, 'ign_c': 1.4571548647532842, 'trop_agb_crit': 9.180645818493327, 'trop_k_veg': 4.214183881574906, 'pop_amp': 12.201052814622239, 'pop_peak': 2.400800630301927, 'pop_sig': 0.681424502027554}. Best is trial 1128 with value: -0.620386984093161.
