[I 2026-08-06 10:20:51,859] Trial 507 finished with values: [10.106636245340237, 10.106636245340237] and parameters: {'k1': 0.012840669372724958, 'D_low': 70.18267183720735, 'k2': 0.003767022142229395, 'D_high': 431.45617043093523, 'fire_exp': 1.0601964743503993, 'P_half': 2.0314811950454943, 'pre_dampen_half': 107.40052367919465, 'gpp_af': 6.184662139590329, 'gpp_b': 0.1500112079985056, 'gpp_d': 84.31013932082456, 'ign_k': 0.00840038491455979, 'ign_c': 2.8335389417624683, 'trop_agb_crit': 24.584290528289387, 'trop_k_veg': 3.8009448355772393}.
[I 2026-08-06 10:20:53,004] Trial 508 finished with values: [10.243191838264087, 10.243191838264087] and parameters: {'k1': 0.00031134168041628584, 'D_low': 2.4622754931226587, 'k2': 0.003767022142229395, 'D_high': 84090.06963311543, 'fire_exp': 1.1263716762638152, 'P_half': 336.708521740818, 'pre_dampen_half': 38.00678588560607, 'gpp_af': 1.200191344086032, 'gpp_b': 1.4540386644083135e-05, 'gpp_d': 757.2868182332339, 'ign_k': 0.00840038491455979, 'ign_c': 0.21208987108343724, 'trop_agb_crit': 1.0693376406863295, 'trop_k_veg': 0.6673124511410327}.
[I 2026-08-06 10:20:54,141] Trial 509 finished with values: [-0.5161570820950546, 0.18607737558447457] and parameters: {'k1': 2.316457903103837e-05, 'D_low': 1397.5908789482219, 'k2': 0.014344484793173472, 'D_high': 1578.0309954142967, 'fire_exp': 1.1490848108902036, 'P_half': 314.0161493033586, 'pre_dampen_half': 234.12640025944248, 'gpp_af': 5.335773317316405, 'gpp_b': 0.14577755664212386, 'gpp_d': 84.31013932082456, 'ign_k': 0.00840038491455979, 'ign_c': 1.9580595319750387, 'trop_agb_crit': 7.628718523810018, 'trop_k_veg': 2.194427136482602}.
[I 2026-08-06 10:20:55,344] Trial 510 finished with values: [10.67729869383136, 10.67729869383136] and parameters: {'k1': 0.004312951023617458, 'D_low': 64.39790863101601, 'k2': 1.915468390724633e-05, 'D_high': 3712.591045287726, 'fire_exp': 1.0629462657398439, 'P_half': 220.3445560633069, 'pre_dampen_half': 502.5175192217655, 'gpp_af': 0.017199513788543352, 'gpp_b': 0.14577755664212386, 'gpp_d': 16.460426816350523, 'ign_k': 0.010167079878196114, 'ign_c': 2.957080941494347, 'trop_agb_crit': 1.0455434848969813, 'trop_k_veg': 0.983473833513531}.
[I 2026-08-06 10:20:56,504] Trial 511 finished with values: [10.044480449733353, 10.044480449733353] and parameters: {'k1': 0.008912611835817005, 'D_low': 355.00125258511594, 'k2': 0.03538758864779238, 'D_high': 11832.967057468773, 'fire_exp': 1.3170256885255098, 'P_half': 4.346890702031289, 'pre_dampen_half': 552.4163637315892, 'gpp_af': 22.851664167592126, 'gpp_b': 0.14577755664212386, 'gpp_d': 16.460426816350523, 'ign_k': 0.010167079878196114, 'ign_c': 5.13055176058983, 'trop_agb_crit': 24.584290528289387, 'trop_k_veg': 3.1473758868965476}.
[I 2026-08-06 10:20:57,705] Trial 512 finished with values: [10.769211930321195, 10.769211930321195] and parameters: {'k1': 0.012840669372724958, 'D_low': 70.18267183720735, 'k2': 0.003767022142229395, 'D_high': 8182.111518618414, 'fire_exp': 1.0601964743503993, 'P_half': 4.087300390305745, 'pre_dampen_half': 0.12475844033340494, 'gpp_af': 1.9706963379095486, 'gpp_b': 0.14577755664212386, 'gpp_d': 84.31013932082456, 'ign_k': 0.00840038491455979, 'ign_c': 800.6837661379559, 'trop_agb_crit': 1.6878075072665546, 'trop_k_veg': 0.6673124511410327}.
[I 2026-08-06 10:20:58,848] Trial 513 finished with values: [10.444037684413784, 10.444037684413784] and parameters: {'k1': 0.004312951023617458, 'D_low': 4.484744524732794, 'k2': 1.915468390724633e-05, 'D_high': 3712.591045287726, 'fire_exp': 1.0629462657398439, 'P_half': 220.3445560633069, 'pre_dampen_half': 693.3733406812293, 'gpp_af': 0.7539992074650279, 'gpp_b': 0.0021331409710300844, 'gpp_d': 16.460426816350523, 'ign_k': 0.010167079878196114, 'ign_c': 15.221840161091626, 'trop_agb_crit': 24.584290528289387, 'trop_k_veg': 1.4584243470991722}.
[I 2026-08-06 10:21:00,462] Trial 514 finished with values: [10.69963096425012, 10.69963096425012] and parameters: {'k1': 0.004312951023617458, 'D_low': 1.3577269394141454, 'k2': 0.03538758864779238, 'D_high': 11832.967057468773, 'fire_exp': 1.1430983876313219, 'P_half': 5.076307782729897, 'pre_dampen_half': 0.48359183418131724, 'gpp_af': 0.6403036652671171, 'gpp_b': 3.481277316673104e-05, 'gpp_d': 2.944272359149677, 'ign_k': 0.0680787482656459, 'ign_c': 5.13055176058983, 'trop_agb_crit': 1.0903028125370984, 'trop_k_veg': 1.4584243470991722}.
[I 2026-08-06 10:21:01,871] Trial 515 finished with values: [-0.5279657032659206, 0.17904390333648057] and parameters: {'k1': 3.23559867820537e-05, 'D_low': 520.4862686958022, 'k2': 0.014344484793173472, 'D_high': 3712.591045287726, 'fire_exp': 1.221575427404682, 'P_half': 220.3445560633069, 'pre_dampen_half': 63.6685916079943, 'gpp_af': 0.6403036652671171, 'gpp_b': 0.00012379625135997558, 'gpp_d': 16.460426816350523, 'ign_k': 0.0680787482656459, 'ign_c': 2.8335389417624683, 'trop_agb_crit': 1.0455434848969813, 'trop_k_veg': 2.573214588078609}.
[I 2026-08-06 10:21:03,168] Trial 516 finished with values: [10.25823856148752, 10.25823856148752] and parameters: {'k1': 0.012021930484915042, 'D_low': 4.484744524732794, 'k2': 1.4403740929157842e-05, 'D_high': 985.7545621889059, 'fire_exp': 1.0629462657398439, 'P_half': 140.74279366401683, 'pre_dampen_half': 552.4163637315892, 'gpp_af': 1.9706963379095486, 'gpp_b': 0.14577755664212386, 'gpp_d': 16.460426816350523, 'ign_k': 0.010167079878196114, 'ign_c': 144.1431566333022, 'trop_agb_crit': 24.584290528289387, 'trop_k_veg': 1.4584243470991722}.
[I 2026-08-06 10:21:04,420] Trial 517 finished with values: [-0.5302290252073032, 0.12889142710793833] and parameters: {'k1': 0.004312951023617458, 'D_low': 4.484744524732794, 'k2': 1.915468390724633e-05, 'D_high': 15351.441568398131, 'fire_exp': 1.1263716762638152, 'P_half': 220.3445560633069, 'pre_dampen_half': 502.5175192217655, 'gpp_af': 1.965797948502807, 'gpp_b': 0.0021331409710300844, 'gpp_d': 10.369565216756202, 'ign_k': 0.0680787482656459, 'ign_c': 15.221840161091626, 'trop_agb_crit': 2.1861040860339416, 'trop_k_veg': 2.194427136482602}.
[I 2026-08-06 10:21:05,862] Trial 518 finished with values: [-0.5240049176801972, 0.11203478709582826] and parameters: {'k1': 0.012021930484915042, 'D_low': 7.299348683062307, 'k2': 0.0154776166709383, 'D_high': 1493.5213816355397, 'fire_exp': 1.1263716762638152, 'P_half': 98.3519252750597, 'pre_dampen_half': 63.6685916079943, 'gpp_af': 1.9706963379095486, 'gpp_b': 0.14577755664212386, 'gpp_d': 19.600139992927435, 'ign_k': 2.9818972317055166, 'ign_c': 11.400863701127316, 'trop_agb_crit': 7.628718523810018, 'trop_k_veg': 0.6673124511410327}.
[I 2026-08-06 10:21:07,314] Trial 519 finished with values: [10.312909708346684, 10.312909708346684] and parameters: {'k1': 0.004312951023617458, 'D_low': 1112.9571947046009, 'k2': 0.0003432139136241583, 'D_high': 21.947742689197344, 'fire_exp': 1.0629462657398439, 'P_half': 220.3445560633069, 'pre_dampen_half': 502.5175192217655, 'gpp_af': 0.5981605330890939, 'gpp_b': 3.481277316673104e-05, 'gpp_d': 16.460426816350523, 'ign_k': 0.0680787482656459, 'ign_c': 0.70689749506246, 'trop_agb_crit': 1.14876138417489, 'trop_k_veg': 2.194427136482602}.
[I 2026-08-06 10:21:08,501] Trial 520 finished with values: [10.266331126100013, 10.266331126100013] and parameters: {'k1': 0.008912611835817005, 'D_low': 4.484744524732794, 'k2': 1.915468390724633e-05, 'D_high': 21.947742689197344, 'fire_exp': 1.1263716762638152, 'P_half': 220.3445560633069, 'pre_dampen_half': 693.3733406812293, 'gpp_af': 24.725776073156705, 'gpp_b': 0.0021331409710300844, 'gpp_d': 16.460426816350523, 'ign_k': 0.010167079878196114, 'ign_c': 0.70689749506246, 'trop_agb_crit': 24.584290528289387, 'trop_k_veg': 2.194427136482602}.
[I 2026-08-06 10:21:09,662] Trial 521 finished with values: [-0.49801933245387486, 0.11364285326032919] and parameters: {'k1': 0.007530210437963516, 'D_low': 4.484744524732794, 'k2': 8.923807143379776e-05, 'D_high': 3712.591045287726, 'fire_exp': 1.0629462657398439, 'P_half': 220.3445560633069, 'pre_dampen_half': 502.5175192217655, 'gpp_af': 0.7539992074650279, 'gpp_b': 0.14577755664212386, 'gpp_d': 16.460426816350523, 'ign_k': 0.0680787482656459, 'ign_c': 15.221840161091626, 'trop_agb_crit': 24.584290528289387, 'trop_k_veg': 1.4584243470991722}.
[I 2026-08-06 10:21:10,872] Trial 522 finished with values: [10.014395162208885, 10.014395162208885] and parameters: {'k1': 0.004312951023617458, 'D_low': 4.484744524732794, 'k2': 1.8205657658407255e-05, 'D_high': 8182.111518618414, 'fire_exp': 1.1263716762638152, 'P_half': 220.3445560633069, 'pre_dampen_half': 502.5175192217655, 'gpp_af': 0.7539992074650279, 'gpp_b': 3.481277316673104e-05, 'gpp_d': 84.31013932082456, 'ign_k': 0.0680787482656459, 'ign_c': 15.221840161091626, 'trop_agb_crit': 8.997007571451054, 'trop_k_veg': 0.983473833513531}.
[I 2026-08-06 10:21:12,023] Trial 523 finished with values: [10.098269729379075, 10.098269729379075] and parameters: {'k1': 0.008912611835817005, 'D_low': 7.299348683062307, 'k2': 0.0003432139136241583, 'D_high': 1493.5213816355397, 'fire_exp': 1.1263716762638152, 'P_half': 220.3445560633069, 'pre_dampen_half': 552.4163637315892, 'gpp_af': 0.6403036652671171, 'gpp_b': 0.14577755664212386, 'gpp_d': 16.460426816350523, 'ign_k': 0.21006485619596416, 'ign_c': 0.70689749506246, 'trop_agb_crit': 1.0903028125370984, 'trop_k_veg': 2.194427136482602}.
[I 2026-08-06 10:21:13,189] Trial 524 finished with values: [10.769230768838547, 10.769230768838547] and parameters: {'k1': 0.004312951023617458, 'D_low': 2.4622754931226587, 'k2': 8.923807143379776e-05, 'D_high': 8182.111518618414, 'fire_exp': 1.0629462657398439, 'P_half': 54.37591736923918, 'pre_dampen_half': 502.5175192217655, 'gpp_af': 0.7539992074650279, 'gpp_b': 0.00023481641213549971, 'gpp_d': 16.460426816350523, 'ign_k': 0.0680787482656459, 'ign_c': 966.7978239320698, 'trop_agb_crit': 1.14876138417489, 'trop_k_veg': 1.4584243470991722}.
[I 2026-08-06 10:21:14,391] Trial 525 finished with values: [-0.5062366640168922, 0.12254550086305926] and parameters: {'k1': 0.004312951023617458, 'D_low': 34.459310919273356, 'k2': 1.8205657658407255e-05, 'D_high': 3712.591045287726, 'fire_exp': 1.1430983876313219, 'P_half': 523.1053126909052, 'pre_dampen_half': 502.5175192217655, 'gpp_af': 0.7539992074650279, 'gpp_b': 0.0021331409710300844, 'gpp_d': 16.460426816350523, 'ign_k': 0.0680787482656459, 'ign_c': 2.8335389417624683, 'trop_agb_crit': 1.0903028125370984, 'trop_k_veg': 0.983473833513531}.
[I 2026-08-06 10:21:15,581] Trial 526 finished with values: [10.97148404582321, 10.97148404582321] and parameters: {'k1': 0.00031134168041628584, 'D_low': 1397.5908789482219, 'k2': 0.003767022142229395, 'D_high': 84090.06963311543, 'fire_exp': 1.1263716762638152, 'P_half': 336.708521740818, 'pre_dampen_half': 748.1106041623153, 'gpp_af': 1.200191344086032, 'gpp_b': 1.4540386644083135e-05, 'gpp_d': 757.2868182332339, 'ign_k': 0.00840038491455979, 'ign_c': 1.9580595319750387, 'trop_agb_crit': 1.0693376406863295, 'trop_k_veg': 0.6673124511410327}.
[I 2026-08-06 10:21:16,791] Trial 527 finished with values: [10.169280352143229, 10.169280352143229] and parameters: {'k1': 3.23559867820537e-05, 'D_low': 4.484744524732794, 'k2': 1.915468390724633e-05, 'D_high': 3712.591045287726, 'fire_exp': 1.0629462657398439, 'P_half': 220.3445560633069, 'pre_dampen_half': 693.3733406812293, 'gpp_af': 0.7539992074650279, 'gpp_b': 0.14577755664212386, 'gpp_d': 16.460426816350523, 'ign_k': 0.010167079878196114, 'ign_c': 15.221840161091626, 'trop_agb_crit': 24.584290528289387, 'trop_k_veg': 1.4584243470991722}.
[I 2026-08-06 10:21:17,956] Trial 528 finished with values: [10.376478171176464, 10.376478171176464] and parameters: {'k1': 0.008912611835817005, 'D_low': 355.00125258511594, 'k2': 1.915468390724633e-05, 'D_high': 11832.967057468773, 'fire_exp': 1.3170256885255098, 'P_half': 220.3445560633069, 'pre_dampen_half': 63.6685916079943, 'gpp_af': 0.7539992074650279, 'gpp_b': 0.006906522645653115, 'gpp_d': 16.460426816350523, 'ign_k': 0.3993031584056687, 'ign_c': 5.13055176058983, 'trop_agb_crit': 6.275146677376727, 'trop_k_veg': 3.1473758868965476}.
[I 2026-08-06 10:21:19,071] Trial 529 finished with values: [-0.47936459073876936, 0.1332343062725847] and parameters: {'k1': 2.316457903103837e-05, 'D_low': 6.28303969797272, 'k2': 0.014344484793173472, 'D_high': 42210.21267871043, 'fire_exp': 1.0601964743503993, 'P_half': 2.0314811950454943, 'pre_dampen_half': 17.707795393478506, 'gpp_af': 6.184662139590329, 'gpp_b': 0.1500112079985056, 'gpp_d': 84.31013932082456, 'ign_k': 0.00840038491455979, 'ign_c': 2.8335389417624683, 'trop_agb_crit': 24.584290528289387, 'trop_k_veg': 4.030242248006271}.
[I 2026-08-06 10:21:20,195] Trial 530 finished with values: [10.610881480583023, 10.610881480583023] and parameters: {'k1': 0.004312951023617458, 'D_low': 4.484744524732794, 'k2': 1.915468390724633e-05, 'D_high': 37954.79274251299, 'fire_exp': 1.0601964743503993, 'P_half': 525.911865925123, 'pre_dampen_half': 107.40052367919465, 'gpp_af': 0.0022961065892443786, 'gpp_b': 0.0021331409710300844, 'gpp_d': 16.460426816350523, 'ign_k': 0.1550134937334847, 'ign_c': 20.03995359361212, 'trop_agb_crit': 1.6878075072665546, 'trop_k_veg': 1.4584243470991722}.
[I 2026-08-06 10:21:21,369] Trial 531 finished with values: [10.247251410644882, 10.247251410644882] and parameters: {'k1': 3.23559867820537e-05, 'D_low': 70.18267183720735, 'k2': 8.923807143379776e-05, 'D_high': 5670.3463356272905, 'fire_exp': 1.3170256885255098, 'P_half': 2.0314811950454943, 'pre_dampen_half': 17.707795393478506, 'gpp_af': 6.184662139590329, 'gpp_b': 0.0005739662837359252, 'gpp_d': 150.14555442537656, 'ign_k': 0.00840038491455979, 'ign_c': 2.8335389417624683, 'trop_agb_crit': 7.500118950416987, 'trop_k_veg': 0.5443513380244235}.
[I 2026-08-06 10:21:22,524] Trial 532 finished with values: [10.122375154969529, 10.122375154969529] and parameters: {'k1': 0.004312951023617458, 'D_low': 4.484744524732794, 'k2': 1.915468390724633e-05, 'D_high': 3712.591045287726, 'fire_exp': 1.8100179779646608, 'P_half': 2.0314811950454943, 'pre_dampen_half': 552.4163637315892, 'gpp_af': 6.184662139590329, 'gpp_b': 0.14577755664212386, 'gpp_d': 84.31013932082456, 'ign_k': 0.07087479683081002, 'ign_c': 2.8335389417624683, 'trop_agb_crit': 24.584290528289387, 'trop_k_veg': 6.2065960186008615}.
[I 2026-08-06 10:21:23,642] Trial 533 finished with values: [-0.5299029005214166, 0.08740862820090467] and parameters: {'k1': 0.012021930484915042, 'D_low': 2.4622754931226587, 'k2': 1.4403740929157842e-05, 'D_high': 985.7545621889059, 'fire_exp': 1.3170256885255098, 'P_half': 5.076307782729897, 'pre_dampen_half': 63.6685916079943, 'gpp_af': 0.6403036652671171, 'gpp_b': 0.006906522645653115, 'gpp_d': 2.944272359149677, 'ign_k': 0.21006485619596416, 'ign_c': 5.13055176058983, 'trop_agb_crit': 1.0903028125370984, 'trop_k_veg': 3.1473758868965476}.
[I 2026-08-06 10:21:24,753] Trial 534 finished with values: [10.581121123353348, 10.581121123353348] and parameters: {'k1': 0.004312951023617458, 'D_low': 4.484744524732794, 'k2': 1.915468390724633e-05, 'D_high': 3712.591045287726, 'fire_exp': 1.1430983876313219, 'P_half': 220.3445560633069, 'pre_dampen_half': 502.5175192217655, 'gpp_af': 0.7539992074650279, 'gpp_b': 1.6204477512064799, 'gpp_d': 16.460426816350523, 'ign_k': 0.0680787482656459, 'ign_c': 15.221840161091626, 'trop_agb_crit': 2.1861040860339416, 'trop_k_veg': 1.4584243470991722}.
[I 2026-08-06 10:21:25,909] Trial 535 finished with values: [10.201563624882988, 10.201563624882988] and parameters: {'k1': 0.00810356796771759, 'D_low': 4.484744524732794, 'k2': 1.915468390724633e-05, 'D_high': 3712.591045287726, 'fire_exp': 1.0629462657398439, 'P_half': 220.3445560633069, 'pre_dampen_half': 502.5175192217655, 'gpp_af': 0.7539992074650279, 'gpp_b': 0.14577755664212386, 'gpp_d': 16.460426816350523, 'ign_k': 2.9818972317055166, 'ign_c': 15.221840161091626, 'trop_agb_crit': 1.0903028125370984, 'trop_k_veg': 4.345076509212382}.
[I 2026-08-06 10:21:27,130] Trial 536 finished with values: [10.32828926914534, 10.32828926914534] and parameters: {'k1': 0.004312951023617458, 'D_low': 520.4862686958022, 'k2': 0.014344484793173472, 'D_high': 42210.21267871043, 'fire_exp': 1.221575427404682, 'P_half': 140.74279366401683, 'pre_dampen_half': 502.5175192217655, 'gpp_af': 0.7539992074650279, 'gpp_b': 0.2859164396628517, 'gpp_d': 4.25060659305504, 'ign_k': 0.01364908766641695, 'ign_c': 5.034696988263485, 'trop_agb_crit': 8.997007571451054, 'trop_k_veg': 0.983473833513531}.
[I 2026-08-06 10:21:28,428] Trial 537 finished with values: [-0.5110691762590333, 0.054399798116612996] and parameters: {'k1': 0.008912611835817005, 'D_low': 4.484744524732794, 'k2': 0.0003432139136241583, 'D_high': 3712.591045287726, 'fire_exp': 1.0629462657398439, 'P_half': 220.3445560633069, 'pre_dampen_half': 552.4163637315892, 'gpp_af': 0.7539992074650279, 'gpp_b': 0.14577755664212386, 'gpp_d': 16.460426816350523, 'ign_k': 3.589155871450839, 'ign_c': 15.221840161091626, 'trop_agb_crit': 1.0455434848969813, 'trop_k_veg': 2.194427136482602}.
[I 2026-08-06 10:21:29,707] Trial 538 finished with values: [-0.5391130041652361, 0.15002117254667413] and parameters: {'k1': 0.008912611835817005, 'D_low': 4.484744524732794, 'k2': 8.923807143379776e-05, 'D_high': 985.7545621889059, 'fire_exp': 1.0629462657398439, 'P_half': 220.3445560633069, 'pre_dampen_half': 552.4163637315892, 'gpp_af': 1.9706963379095486, 'gpp_b': 0.14577755664212386, 'gpp_d': 4.25060659305504, 'ign_k': 2.9818972317055166, 'ign_c': 0.557280750002996, 'trop_agb_crit': 1.0455434848969813, 'trop_k_veg': 1.4584243470991722}.
[I 2026-08-06 10:21:31,094] Trial 539 finished with values: [10.033600343925345, 10.033600343925345] and parameters: {'k1': 0.012021930484915042, 'D_low': 7.299348683062307, 'k2': 8.923807143379776e-05, 'D_high': 1493.5213816355397, 'fire_exp': 1.1263716762638152, 'P_half': 2.0314811950454943, 'pre_dampen_half': 107.40052367919465, 'gpp_af': 0.053663001820106804, 'gpp_b': 0.001683575425554734, 'gpp_d': 0.6960360257735198, 'ign_k': 0.010167079878196114, 'ign_c': 20.03995359361212, 'trop_agb_crit': 7.599113148200974, 'trop_k_veg': 5.492385920002873}.
[I 2026-08-06 10:21:32,464] Trial 540 finished with values: [10.589953546070417, 10.589953546070417] and parameters: {'k1': 0.008912611835817005, 'D_low': 4.484744524732794, 'k2': 0.08924795116437424, 'D_high': 21.947742689197344, 'fire_exp': 1.1263716762638152, 'P_half': 220.3445560633069, 'pre_dampen_half': 502.5175192217655, 'gpp_af': 0.7539992074650279, 'gpp_b': 0.0021331409710300844, 'gpp_d': 16.460426816350523, 'ign_k': 0.0680787482656459, 'ign_c': 15.221840161091626, 'trop_agb_crit': 6.275146677376727, 'trop_k_veg': 4.345076509212382}.
[I 2026-08-06 10:21:33,587] Trial 541 finished with values: [10.138420325702949, 10.138420325702949] and parameters: {'k1': 3.23559867820537e-05, 'D_low': 70.18267183720735, 'k2': 0.003767022142229395, 'D_high': 14.468941663899356, 'fire_exp': 1.221575427404682, 'P_half': 4.213183643253957, 'pre_dampen_half': 107.40052367919465, 'gpp_af': 1.9706963379095486, 'gpp_b': 7.210246166617508e-05, 'gpp_d': 150.14555442537656, 'ign_k': 0.00840038491455979, 'ign_c': 2.8335389417624683, 'trop_agb_crit': 8.997007571451054, 'trop_k_veg': 0.6673124511410327}.
[I 2026-08-06 10:21:34,728] Trial 542 finished with values: [10.012020201296943, 10.012020201296943] and parameters: {'k1': 3.23559867820537e-05, 'D_low': 4.484744524732794, 'k2': 0.0003432139136241583, 'D_high': 3712.591045287726, 'fire_exp': 1.1430983876313219, 'P_half': 220.3445560633069, 'pre_dampen_half': 502.5175192217655, 'gpp_af': 0.25562996323356024, 'gpp_b': 0.0021331409710300844, 'gpp_d': 10.369565216756202, 'ign_k': 0.010167079878196114, 'ign_c': 15.221840161091626, 'trop_agb_crit': 1.0455434848969813, 'trop_k_veg': 1.4584243470991722}.
[I 2026-08-06 10:21:35,862] Trial 543 finished with values: [-0.48840987390246776, 0.1532108475593602] and parameters: {'k1': 2.316457903103837e-05, 'D_low': 34.459310919273356, 'k2': 0.014344484793173472, 'D_high': 645.2946500764235, 'fire_exp': 1.3170256885255098, 'P_half': 220.3445560633069, 'pre_dampen_half': 63.6685916079943, 'gpp_af': 0.7539992074650279, 'gpp_b': 3.481277316673104e-05, 'gpp_d': 150.14555442537656, 'ign_k': 0.01364908766641695, 'ign_c': 2.8335389417624683, 'trop_agb_crit': 24.584290528289387, 'trop_k_veg': 1.6081790145072552}.
[I 2026-08-06 10:21:36,982] Trial 544 finished with values: [-0.5219422148527555, 0.13189179458923317] and parameters: {'k1': 0.029385019583898195, 'D_low': 4.484744524732794, 'k2': 1.915468390724633e-05, 'D_high': 21.947742689197344, 'fire_exp': 1.1263716762638152, 'P_half': 220.3445560633069, 'pre_dampen_half': 552.4163637315892, 'gpp_af': 24.725776073156705, 'gpp_b': 0.14577755664212386, 'gpp_d': 16.460426816350523, 'ign_k': 0.010167079878196114, 'ign_c': 0.70689749506246, 'trop_agb_crit': 24.584290528289387, 'trop_k_veg': 2.194427136482602}.
[I 2026-08-06 10:21:38,093] Trial 545 finished with values: [10.58539216201447, 10.58539216201447] and parameters: {'k1': 0.008912611835817005, 'D_low': 7.299348683062307, 'k2': 8.923807143379776e-05, 'D_high': 1493.5213816355397, 'fire_exp': 1.1430983876313219, 'P_half': 5.076307782729897, 'pre_dampen_half': 502.5175192217655, 'gpp_af': 0.7539992074650279, 'gpp_b': 0.14577755664212386, 'gpp_d': 757.2868182332339, 'ign_k': 0.21006485619596416, 'ign_c': 0.557280750002996, 'trop_agb_crit': 1.0903028125370984, 'trop_k_veg': 1.4584243470991722}.
