[I 2026-08-20 00:38:53,782] Trial 896 finished with value: 0.6445374145881376 and parameters: {'k1': 2.0820184781167605e-05, 'D_low': 156.1092822035178, 'k2': 0.0055265617361071875, 'D_high': 172520.96769801565, 'fire_exp': 1.0898514060820086, 'P_half': 424.7554448458838, 'pre_dampen_half': 18.743525000111543, 'gpp_af': 7.405865138257899, 'gpp_b': 0.0020720121603278845, 'gpp_d': 0.6126626820734568, 'ign_k': 4.892641620154112, 'ign_c': 55.395312451793224, 'trop_agb_crit': 1.6963285864411102, 'trop_k_veg': 3.245157099497514, 'pop_amp': 0.13301690564553792, 'pop_peak': 0.11361755722430389, 'pop_sig': 0.2856919345771059}. Best is trial 274 with value: -0.604910391627968.
[I 2026-08-20 00:38:55,759] Trial 897 finished with value: 0.6641913344892802 and parameters: {'k1': 0.0011594907405110021, 'D_low': 38.46238357394874, 'k2': 0.053314431817189985, 'D_high': 5077556.635288616, 'fire_exp': 1.6675084849621327, 'P_half': 52.57134900748957, 'pre_dampen_half': 9.75743174616214, 'gpp_af': 0.050804906360085104, 'gpp_b': 1.3007231555004022e-05, 'gpp_d': 0.33645980587164454, 'ign_k': 1.0914715551410537, 'ign_c': 11.67391646332311, 'trop_agb_crit': 3.724407049046515, 'trop_k_veg': 1.8766811138229544, 'pop_amp': 9.909570159039694, 'pop_peak': 3.878782351446399, 'pop_sig': 0.7155487668944278}. Best is trial 274 with value: -0.604910391627968.
[I 2026-08-20 00:38:57,652] Trial 898 finished with value: 0.47875310891048595 and parameters: {'k1': 0.003815089875495434, 'D_low': 537.586217459148, 'k2': 0.0039949117586237995, 'D_high': 6600909.155421035, 'fire_exp': 3.0044990210615836, 'P_half': 925.3691748566773, 'pre_dampen_half': 172.0326926889277, 'gpp_af': 0.00540067065600859, 'gpp_b': 0.002878151849756146, 'gpp_d': 248.44011965394685, 'ign_k': 3.622991028994417, 'ign_c': 0.38341672309091757, 'trop_agb_crit': 20.484394222611517, 'trop_k_veg': 2.2673770877153805, 'pop_amp': 6.201485151532525, 'pop_peak': 1.3988922720357766, 'pop_sig': 0.7990726978744337}. Best is trial 274 with value: -0.604910391627968.
[I 2026-08-20 00:38:59,461] Trial 899 finished with value: 0.45228221606837415 and parameters: {'k1': 0.00747751623269398, 'D_low': 965.4469238934852, 'k2': 0.0024045103542493563, 'D_high': 1737037.9226257293, 'fire_exp': 6.221595796753293, 'P_half': 97.63451001872878, 'pre_dampen_half': 10.99199398090971, 'gpp_af': 0.7632154333262374, 'gpp_b': 0.19239344365586397, 'gpp_d': 225.22996045133877, 'ign_k': 0.3184717560363739, 'ign_c': 0.5919706923379993, 'trop_agb_crit': 7.396153381872488, 'trop_k_veg': 1.2211120022547801, 'pop_amp': 5.697146918063725, 'pop_peak': 1.0638021466246355, 'pop_sig': 0.747363545199919}. Best is trial 274 with value: -0.604910391627968.
[I 2026-08-20 00:39:01,279] Trial 900 finished with value: 0.410158691267694 and parameters: {'k1': 0.0019149560698376847, 'D_low': 85.57334075352068, 'k2': 0.09258808421028264, 'D_high': 6385860.4531987235, 'fire_exp': 1.3365044912161927, 'P_half': 1.2920191208114584, 'pre_dampen_half': 1.2702527909141768, 'gpp_af': 0.00896466184912784, 'gpp_b': 0.00040363298153801733, 'gpp_d': 613.4321038692343, 'ign_k': 0.022500204997912526, 'ign_c': 0.13506564451446004, 'trop_agb_crit': 2.2586023038019496, 'trop_k_veg': 1.2856925579806866, 'pop_amp': 1.7519878933744486, 'pop_peak': 15.250515265214643, 'pop_sig': 2.398461738330251}. Best is trial 274 with value: -0.604910391627968.
[I 2026-08-20 00:39:03,196] Trial 901 finished with value: 0.5539045680646609 and parameters: {'k1': 7.075349962958586e-05, 'D_low': 8.527595258806693, 'k2': 0.02124230474478763, 'D_high': 2410224.4219962456, 'fire_exp': 1.1183510137145933, 'P_half': 2045.5306950423294, 'pre_dampen_half': 1.0491938924413677, 'gpp_af': 0.013540844269963223, 'gpp_b': 0.002350521800890255, 'gpp_d': 1.5820947927582454, 'ign_k': 3.587420650207457, 'ign_c': 4.6865235091287465, 'trop_agb_crit': 9.492413896617643, 'trop_k_veg': 1.9450714029000589, 'pop_amp': 0.39252832274671146, 'pop_peak': 0.4012951359452615, 'pop_sig': 0.5829357038938078}. Best is trial 274 with value: -0.604910391627968.
[I 2026-08-20 00:39:04,986] Trial 902 finished with value: 0.4597647981980083 and parameters: {'k1': 5.7511224320396004e-05, 'D_low': 3578.0554459966734, 'k2': 0.002428236191363667, 'D_high': 9582188.038152767, 'fire_exp': 5.108284786611145, 'P_half': 10.58624993122854, 'pre_dampen_half': 84.1133490971429, 'gpp_af': 0.025466301130329883, 'gpp_b': 0.0020303102057005426, 'gpp_d': 6.858240392495337, 'ign_k': 0.7779910676807441, 'ign_c': 3.0657019261353042, 'trop_agb_crit': 8.343942911422076, 'trop_k_veg': 3.675530485541461, 'pop_amp': 1.1759666195937533, 'pop_peak': 23.02764980520958, 'pop_sig': 0.6117952461082393}. Best is trial 274 with value: -0.604910391627968.
[I 2026-08-20 00:39:06,822] Trial 903 finished with value: 0.5674553457103866 and parameters: {'k1': 0.06614104499022767, 'D_low': 1108.4701911212403, 'k2': 0.0723016512853462, 'D_high': 5391748.326990568, 'fire_exp': 5.649602829715839, 'P_half': 40.03951148695961, 'pre_dampen_half': 15.990275123258618, 'gpp_af': 0.013374132002211875, 'gpp_b': 0.000506195680025509, 'gpp_d': 851.2154764367439, 'ign_k': 0.015276841291687288, 'ign_c': 1.6249647934000981, 'trop_agb_crit': 10.350583931382536, 'trop_k_veg': 1.412601320384931, 'pop_amp': 11.946518495602007, 'pop_peak': 0.3965211269546637, 'pop_sig': 0.7006647204232842}. Best is trial 274 with value: -0.604910391627968.
[I 2026-08-20 00:39:08,635] Trial 904 finished with value: -0.4604459697535093 and parameters: {'k1': 0.00022954136234034804, 'D_low': 5.795326279388081, 'k2': 0.02005274687764984, 'D_high': 19809.207933604488, 'fire_exp': 1.366741240110147, 'P_half': 5.869578950940323, 'pre_dampen_half': 5.4997701194638715, 'gpp_af': 0.10065981823352603, 'gpp_b': 3.370306333264589e-05, 'gpp_d': 35.250245271953474, 'ign_k': 0.0021800524663116725, 'ign_c': 11.48128662725728, 'trop_agb_crit': 4.352323605604764, 'trop_k_veg': 2.0478414381256376, 'pop_amp': 0.3280894024523797, 'pop_peak': 38.33857326467975, 'pop_sig': 1.6576199780484993}. Best is trial 274 with value: -0.604910391627968.
[I 2026-08-20 00:39:10,447] Trial 905 finished with value: -0.5430869098278598 and parameters: {'k1': 0.00013585351556831096, 'D_low': 154.7164501843265, 'k2': 0.0011325945378453533, 'D_high': 126610.3029345812, 'fire_exp': 1.3370940428083748, 'P_half': 30.352974486604094, 'pre_dampen_half': 1.6354607208365115, 'gpp_af': 0.07770956738291386, 'gpp_b': 6.687822187879747e-05, 'gpp_d': 0.17998326984478108, 'ign_k': 1.6635750664473987, 'ign_c': 1.0908104788141137, 'trop_agb_crit': 1.210758248835644, 'trop_k_veg': 4.496454771975993, 'pop_amp': 0.1987190557598111, 'pop_peak': 0.13358940821216922, 'pop_sig': 0.6600038893821002}. Best is trial 274 with value: -0.604910391627968.
[I 2026-08-20 00:39:12,292] Trial 906 finished with value: 0.6094968674907669 and parameters: {'k1': 1.6748863824028688e-05, 'D_low': 1828.460616127429, 'k2': 0.0009887246834795144, 'D_high': 9464086.048044913, 'fire_exp': 1.6240186747903569, 'P_half': 74.14271842003161, 'pre_dampen_half': 18.840288726533895, 'gpp_af': 0.10503374813333378, 'gpp_b': 0.001663718180839105, 'gpp_d': 23.91623951082678, 'ign_k': 0.4962042973570588, 'ign_c': 44.58314355859925, 'trop_agb_crit': 6.672498774144873, 'trop_k_veg': 2.9502517861116506, 'pop_amp': 12.330585774786119, 'pop_peak': 0.7471091022723166, 'pop_sig': 1.2286837593847424}. Best is trial 274 with value: -0.604910391627968.
[I 2026-08-20 00:39:14,121] Trial 907 finished with value: -0.5909089025382593 and parameters: {'k1': 0.002257593161216786, 'D_low': 1276.4217324576687, 'k2': 0.0012147351937867904, 'D_high': 328131.56936210813, 'fire_exp': 3.0424709302342445, 'P_half': 114.15201774761344, 'pre_dampen_half': 11.553408202723718, 'gpp_af': 0.07976093500282368, 'gpp_b': 0.001003426352423055, 'gpp_d': 205.70988387802424, 'ign_k': 0.24162989878396154, 'ign_c': 0.4658279557674907, 'trop_agb_crit': 12.916569785070962, 'trop_k_veg': 2.626264323113267, 'pop_amp': 0.31327371535388215, 'pop_peak': 1.5587750613708908, 'pop_sig': 0.7299547435832167}. Best is trial 274 with value: -0.604910391627968.
[I 2026-08-20 00:39:16,205] Trial 908 finished with value: 0.4313820573384316 and parameters: {'k1': 0.00020890569197112965, 'D_low': 278.77857360988816, 'k2': 0.016400390202610294, 'D_high': 85931.55800837596, 'fire_exp': 1.3224008346142355, 'P_half': 1.198813520714465, 'pre_dampen_half': 0.20442417703788168, 'gpp_af': 0.043095418299076364, 'gpp_b': 0.0002048252382092882, 'gpp_d': 719.9488207476229, 'ign_k': 0.0037744069533408096, 'ign_c': 2.5594938698354044, 'trop_agb_crit': 2.519344341398986, 'trop_k_veg': 2.225030942647724, 'pop_amp': 6.277134634194322, 'pop_peak': 0.9585110319649108, 'pop_sig': 2.2616181154766486}. Best is trial 274 with value: -0.604910391627968.
[I 2026-08-20 00:39:18,041] Trial 909 finished with value: 0.6445374145881376 and parameters: {'k1': 0.00023893970800186078, 'D_low': 42489.98701181057, 'k2': 0.0012302951661837603, 'D_high': 6892.690251050666, 'fire_exp': 3.9798500702602557, 'P_half': 201.35502378474882, 'pre_dampen_half': 25.077850934022592, 'gpp_af': 0.07765334003748936, 'gpp_b': 4.672392422198009e-05, 'gpp_d': 286.69350167234114, 'ign_k': 0.15567802753752544, 'ign_c': 17.21586913950262, 'trop_agb_crit': 17.727212425147545, 'trop_k_veg': 1.6846958071360978, 'pop_amp': 0.1561914367401137, 'pop_peak': 0.5721468492072576, 'pop_sig': 0.46558972131206205}. Best is trial 274 with value: -0.604910391627968.
[I 2026-08-20 00:39:19,838] Trial 910 finished with value: 0.43891501081443196 and parameters: {'k1': 0.008776392201777313, 'D_low': 2668.331183039258, 'k2': 0.0023394168737266925, 'D_high': 2347450.8909351784, 'fire_exp': 2.0062329855302425, 'P_half': 196.29855404786133, 'pre_dampen_half': 379.01478356234435, 'gpp_af': 0.10887052110709082, 'gpp_b': 0.004338000892609058, 'gpp_d': 323.53969260215416, 'ign_k': 0.04427459269996895, 'ign_c': 0.13014059035734496, 'trop_agb_crit': 4.774915159184125, 'trop_k_veg': 2.156215747491877, 'pop_amp': 2.1795507405185695, 'pop_peak': 1.937587481991871, 'pop_sig': 0.8665309824619584}. Best is trial 274 with value: -0.604910391627968.
[I 2026-08-20 00:39:21,635] Trial 911 finished with value: 0.487965855450485 and parameters: {'k1': 0.0010324650676058287, 'D_low': 11.900959805451707, 'k2': 0.0029550320480553533, 'D_high': 31799.2458679069, 'fire_exp': 1.5017865219243245, 'P_half': 3.503253163704296, 'pre_dampen_half': 1.0539792464281121, 'gpp_af': 0.013586514368923898, 'gpp_b': 0.00015085736933622025, 'gpp_d': 0.24295656866755708, 'ign_k': 2.2439884438933904, 'ign_c': 1.733535237479567, 'trop_agb_crit': 3.1496284148263394, 'trop_k_veg': 5.410933064691685, 'pop_amp': 0.19919929093185978, 'pop_peak': 0.381844697800582, 'pop_sig': 0.2639620195566935}. Best is trial 274 with value: -0.604910391627968.
[I 2026-08-20 00:39:23,431] Trial 912 finished with value: 0.42073871541856145 and parameters: {'k1': 0.004085521306235456, 'D_low': 1074.1031296923477, 'k2': 0.01194483664551772, 'D_high': 3111043.9968481977, 'fire_exp': 3.3507087628779075, 'P_half': 29.208421667421906, 'pre_dampen_half': 67.73767741518904, 'gpp_af': 0.8295583348555182, 'gpp_b': 0.0003914034738624109, 'gpp_d': 64.61594808213208, 'ign_k': 0.04692947823465165, 'ign_c': 0.11519583627948078, 'trop_agb_crit': 21.702820745838814, 'trop_k_veg': 1.2372588512452696, 'pop_amp': 0.6893561103420747, 'pop_peak': 2.667891295280989, 'pop_sig': 0.6304690772073884}. Best is trial 274 with value: -0.604910391627968.
[I 2026-08-20 00:39:25,268] Trial 913 finished with value: -0.5142562934872333 and parameters: {'k1': 0.003978807184021925, 'D_low': 12012.064154090092, 'k2': 0.010581212255752589, 'D_high': 1330473.9755755924, 'fire_exp': 3.196663239977787, 'P_half': 14.343714102600398, 'pre_dampen_half': 2.2671223733579557, 'gpp_af': 0.051937804913497275, 'gpp_b': 0.00427039379263637, 'gpp_d': 324.1532821413411, 'ign_k': 0.8574801879899399, 'ign_c': 2.042031970826738, 'trop_agb_crit': 11.751455023708132, 'trop_k_veg': 1.9508586038623603, 'pop_amp': 16.173539089386228, 'pop_peak': 1.768571973545184, 'pop_sig': 0.6154955203213742}. Best is trial 274 with value: -0.604910391627968.
[I 2026-08-20 00:39:27,117] Trial 914 finished with value: 0.5122865260995835 and parameters: {'k1': 0.00026059179561069594, 'D_low': 186.6071020800638, 'k2': 0.04834311063991572, 'D_high': 3002057.252699143, 'fire_exp': 2.0848230339775564, 'P_half': 2.1158852882944115, 'pre_dampen_half': 0.1901406516254543, 'gpp_af': 0.06900045717101887, 'gpp_b': 0.0003471506954851806, 'gpp_d': 3.519480863284284, 'ign_k': 0.00128850032732304, 'ign_c': 0.4745501511517852, 'trop_agb_crit': 6.067522209956298, 'trop_k_veg': 5.4102871928372105, 'pop_amp': 2.685258955201479, 'pop_peak': 55.255617394917635, 'pop_sig': 1.5414252148550913}. Best is trial 274 with value: -0.604910391627968.
[I 2026-08-20 00:39:28,919] Trial 915 finished with value: 0.5800038145922055 and parameters: {'k1': 0.0008405203039882414, 'D_low': 1040.010051423473, 'k2': 0.00032939067241750226, 'D_high': 277756.3765718432, 'fire_exp': 3.97196720452003, 'P_half': 201.19348650297505, 'pre_dampen_half': 0.6194277875047864, 'gpp_af': 0.01646535401524631, 'gpp_b': 0.0004985060136882044, 'gpp_d': 8.911310950736665, 'ign_k': 0.018484240718452227, 'ign_c': 0.20922765308996474, 'trop_agb_crit': 11.937897035786442, 'trop_k_veg': 1.8284451560114516, 'pop_amp': 0.5817451182138563, 'pop_peak': 4.478462061092377, 'pop_sig': 0.35514802109520355}. Best is trial 274 with value: -0.604910391627968.
[I 2026-08-20 00:39:30,713] Trial 916 finished with value: 0.5594138553776996 and parameters: {'k1': 0.0012631201631267627, 'D_low': 14009.350217163294, 'k2': 0.006206550966512252, 'D_high': 295490.3744708522, 'fire_exp': 4.128966484121967, 'P_half': 625.407814804499, 'pre_dampen_half': 6.7064064499147555, 'gpp_af': 0.32554076392224596, 'gpp_b': 0.00226885081168052, 'gpp_d': 486.0296504042492, 'ign_k': 2.0410062010745538, 'ign_c': 0.8308629817773099, 'trop_agb_crit': 3.0766475639416084, 'trop_k_veg': 1.6787120758154033, 'pop_amp': 2.5936012243392086, 'pop_peak': 5.564548699459435, 'pop_sig': 1.2600137057111154}. Best is trial 274 with value: -0.604910391627968.
[I 2026-08-20 00:39:32,524] Trial 917 finished with value: 0.6271910730886716 and parameters: {'k1': 0.003337890003707094, 'D_low': 38434.04960952231, 'k2': 0.0020450818979592567, 'D_high': 35047.394077560515, 'fire_exp': 3.374837525300265, 'P_half': 30.512838808459062, 'pre_dampen_half': 22.869019258628345, 'gpp_af': 0.319032200595546, 'gpp_b': 0.0057370854194316225, 'gpp_d': 60.04609259732273, 'ign_k': 0.04754762406098547, 'ign_c': 0.18426699338256633, 'trop_agb_crit': 5.722036833379462, 'trop_k_veg': 1.6946012972513589, 'pop_amp': 0.053450916704050375, 'pop_peak': 0.06897009659271336, 'pop_sig': 0.5402238229702069}. Best is trial 274 with value: -0.604910391627968.
[I 2026-08-20 00:39:34,331] Trial 918 finished with value: 0.4716361105503719 and parameters: {'k1': 0.004880448449752014, 'D_low': 580.752425505772, 'k2': 0.020001016058363214, 'D_high': 3430337.991795648, 'fire_exp': 4.440628751223602, 'P_half': 65.89018194577352, 'pre_dampen_half': 85.9951077508622, 'gpp_af': 0.12248176039881585, 'gpp_b': 0.033716854398299315, 'gpp_d': 136.63870602018548, 'ign_k': 0.15733161114740374, 'ign_c': 0.18327866634260642, 'trop_agb_crit': 15.92457837026158, 'trop_k_veg': 3.328448373501612, 'pop_amp': 0.1192381639374908, 'pop_peak': 0.5592378734164485, 'pop_sig': 0.7270401142523716}. Best is trial 274 with value: -0.604910391627968.
[I 2026-08-20 00:39:36,138] Trial 919 finished with value: 0.5991838338060238 and parameters: {'k1': 0.0006251503855535155, 'D_low': 20999.931723378984, 'k2': 0.008212037651844013, 'D_high': 2824570.7285122164, 'fire_exp': 7.150549968920045, 'P_half': 56.96957398938431, 'pre_dampen_half': 5.305517081703425, 'gpp_af': 0.005568913935463731, 'gpp_b': 0.0011508971406492792, 'gpp_d': 269.92436184037064, 'ign_k': 0.05837885157610899, 'ign_c': 0.5434079282225316, 'trop_agb_crit': 7.395504101611048, 'trop_k_veg': 4.161785445088907, 'pop_amp': 2.560344508078853, 'pop_peak': 2.510077341516998, 'pop_sig': 0.9646454959362427}. Best is trial 274 with value: -0.604910391627968.
[I 2026-08-20 00:39:38,194] Trial 920 finished with value: -0.587692230052532 and parameters: {'k1': 0.0013604779486860675, 'D_low': 4900.601203824253, 'k2': 0.009012227703031348, 'D_high': 896814.5956919088, 'fire_exp': 5.41511012144794, 'P_half': 29.40547145405248, 'pre_dampen_half': 39.76480310256473, 'gpp_af': 0.31302729311947464, 'gpp_b': 0.0008813590173802559, 'gpp_d': 312.188271307612, 'ign_k': 3.6397162550997937, 'ign_c': 6.358683929437867, 'trop_agb_crit': 13.378296983469653, 'trop_k_veg': 1.4760785851822815, 'pop_amp': 0.3122519054471276, 'pop_peak': 0.3693477165030882, 'pop_sig': 0.7381392828980441}. Best is trial 274 with value: -0.604910391627968.
[I 2026-08-20 00:39:39,992] Trial 921 finished with value: 0.6102991842453152 and parameters: {'k1': 0.006150907951672939, 'D_low': 26686.781705994177, 'k2': 0.0028343913077305753, 'D_high': 66348.72896313838, 'fire_exp': 6.29387565870186, 'P_half': 1692.0306850476352, 'pre_dampen_half': 3.187827393589232, 'gpp_af': 3.3823878605552924, 'gpp_b': 0.0014033024235490265, 'gpp_d': 31.156343903777433, 'ign_k': 0.2719579728528775, 'ign_c': 2.070821875970669, 'trop_agb_crit': 13.159056551398516, 'trop_k_veg': 3.3799671103826205, 'pop_amp': 0.07792256182293619, 'pop_peak': 0.4219741373582407, 'pop_sig': 0.7935007697777622}. Best is trial 274 with value: -0.604910391627968.
[I 2026-08-20 00:39:41,797] Trial 922 finished with value: 0.511332080751092 and parameters: {'k1': 0.02420539666166156, 'D_low': 12012.269151451414, 'k2': 0.09605075086473963, 'D_high': 9033298.726600986, 'fire_exp': 2.7136490116493084, 'P_half': 82.48552702855788, 'pre_dampen_half': 80.43539171376602, 'gpp_af': 0.17183269737535128, 'gpp_b': 0.00016146660993235568, 'gpp_d': 163.57397010042482, 'ign_k': 7.884088546950418, 'ign_c': 2.0577890778012278, 'trop_agb_crit': 21.701446275561555, 'trop_k_veg': 0.7670050392033031, 'pop_amp': 2.9474433560151967, 'pop_peak': 0.12061830781159846, 'pop_sig': 0.8750047839770051}. Best is trial 274 with value: -0.604910391627968.
[I 2026-08-20 00:39:43,581] Trial 923 finished with value: 0.6120231806825202 and parameters: {'k1': 0.00016230023971570965, 'D_low': 76073.65791674219, 'k2': 0.02213516830775181, 'D_high': 6794306.522621488, 'fire_exp': 2.0897012697631663, 'P_half': 8.859267524566343, 'pre_dampen_half': 31.87930100727726, 'gpp_af': 0.019363424123956467, 'gpp_b': 0.006937937453557547, 'gpp_d': 23.956327673928055, 'ign_k': 0.36852638094170365, 'ign_c': 1.2842865516022122, 'trop_agb_crit': 4.573545866505182, 'trop_k_veg': 3.488062512182124, 'pop_amp': 0.968398317173302, 'pop_peak': 0.10702855226362566, 'pop_sig': 0.8102619168690822}. Best is trial 274 with value: -0.604910391627968.
[I 2026-08-20 00:39:45,387] Trial 924 finished with value: 0.44127322740973063 and parameters: {'k1': 0.00017071014971670442, 'D_low': 1546.5768868273526, 'k2': 0.010467469048041989, 'D_high': 666702.1794887568, 'fire_exp': 3.9941108555076807, 'P_half': 4.504928683252057, 'pre_dampen_half': 6.3788368927940216, 'gpp_af': 0.5878260066007032, 'gpp_b': 0.010843513810686841, 'gpp_d': 32.06718636744174, 'ign_k': 2.236183216023881, 'ign_c': 10.109974274948518, 'trop_agb_crit': 16.372369828920743, 'trop_k_veg': 1.5567163753062594, 'pop_amp': 1.8652884342772238, 'pop_peak': 0.10122435616108011, 'pop_sig': 0.555028764825198}. Best is trial 274 with value: -0.604910391627968.
[I 2026-08-20 00:39:47,209] Trial 925 finished with value: 0.5143987815427904 and parameters: {'k1': 0.00014033428520189277, 'D_low': 368.6888490360076, 'k2': 0.027542266985083785, 'D_high': 284714.8349334447, 'fire_exp': 3.6592129313542032, 'P_half': 422.2074530834864, 'pre_dampen_half': 65.03290177070053, 'gpp_af': 0.022606243541662692, 'gpp_b': 0.0006148057146075657, 'gpp_d': 139.54722069021096, 'ign_k': 2.2651278028443462, 'ign_c': 4.624029049955035, 'trop_agb_crit': 10.762670667477453, 'trop_k_veg': 1.523744147515328, 'pop_amp': 0.5455557747846322, 'pop_peak': 0.2412831969204153, 'pop_sig': 1.4992139024495494}. Best is trial 274 with value: -0.604910391627968.
[I 2026-08-20 00:39:48,996] Trial 926 finished with value: -0.5173480891019412 and parameters: {'k1': 0.005523439741023838, 'D_low': 20827.56252414226, 'k2': 0.0002754596010575051, 'D_high': 148307.10076750466, 'fire_exp': 1.8707011480238747, 'P_half': 67.67410098680976, 'pre_dampen_half': 42.81172602871908, 'gpp_af': 0.06735640841903695, 'gpp_b': 0.0022967919469764004, 'gpp_d': 25.252973871160524, 'ign_k': 0.24590926198680124, 'ign_c': 1.1431723874585367, 'trop_agb_crit': 20.37468132544122, 'trop_k_veg': 2.1756578110196996, 'pop_amp': 1.609392605944166, 'pop_peak': 11.670815391845334, 'pop_sig': 0.757185694534273}. Best is trial 274 with value: -0.604910391627968.
[I 2026-08-20 00:39:50,832] Trial 927 finished with value: 0.5658468651794938 and parameters: {'k1': 0.0016921462679100009, 'D_low': 40635.89533931153, 'k2': 0.06177984324502102, 'D_high': 967184.810996364, 'fire_exp': 1.7280867560803388, 'P_half': 123.19811564021357, 'pre_dampen_half': 4.798059830179084, 'gpp_af': 0.00252573110023081, 'gpp_b': 0.00010439636666116406, 'gpp_d': 0.22407423214348407, 'ign_k': 6.6300609204572645, 'ign_c': 2.9856834760802515, 'trop_agb_crit': 10.322007555722198, 'trop_k_veg': 7.805975098418828, 'pop_amp': 0.08949079938928577, 'pop_peak': 0.21104466300418795, 'pop_sig': 1.140603469853622}. Best is trial 274 with value: -0.604910391627968.
