[I 2026-07-22 18:51:08,893] Trial 1294 finished with values: [10.738224698785917, 10.738224698785917] and parameters: {'k1': 0.006033623633620595, 'D_low': 1.7887890916820506, 'k2': 0.002342238625792905, 'D_high': 282.72419068756955, 'fire_exp': 1.2242398136753672, 'P_half': 1.12102718683331, 'pre_dampen_half': 0.46504594134732663, 'gpp_af': 0.015350904103515228, 'gpp_b': 3.936122422430193e-05, 'gpp_d': 9.00460602264307, 'ign_k': 3.245789213111114, 'ign_c': 14.452451441203314, 'trop_agb_crit': 10.719494362768906, 'trop_k_veg': 0.6921865222804094, 'fuel_k': 0.08612665817296865, 'fuel_half': 0.3335026483569958}.
[I 2026-07-22 18:51:09,321] Trial 1295 finished with values: [10.305148234056393, 10.305148234056393] and parameters: {'k1': 0.0003199177539819797, 'D_low': 8454.098152188677, 'k2': 1.895375973243287e-05, 'D_high': 316055.11434645456, 'fire_exp': 1.1258453832483524, 'P_half': 7.890004262668578, 'pre_dampen_half': 0.4016986062226068, 'gpp_af': 0.25562996323356013, 'gpp_b': 0.0054502936945582505, 'gpp_d': 700.6693992445935, 'ign_k': 3.284529979576942, 'ign_c': 11.40086370112731, 'trop_agb_crit': 20.205002815711154, 'trop_k_veg': 0.6921865222804094, 'fuel_k': 0.08612665817296865, 'fuel_half': 1.3843950013804345}.
[I 2026-07-22 18:51:09,752] Trial 1296 finished with values: [11.32608866714175, 11.32608866714175] and parameters: {'k1': 0.052334804885400876, 'D_low': 864.0717009254879, 'k2': 2.8459703343413838e-05, 'D_high': 708572.1663941594, 'fire_exp': 2.942848910553919, 'P_half': 2.843767489444367, 'pre_dampen_half': 3.9885726374014694, 'gpp_af': 0.015350904103515228, 'gpp_b': 1.1698276136056565e-05, 'gpp_d': 9.00460602264307, 'ign_k': 0.5131654955148324, 'ign_c': 11.40086370112731, 'trop_agb_crit': 9.362115196011851, 'trop_k_veg': 1.1527351200776284, 'fuel_k': 3.6992394681929355, 'fuel_half': 0.3335026483569958}.
[I 2026-07-22 18:51:10,182] Trial 1297 finished with values: [11.200199910303109, 11.200199910303109] and parameters: {'k1': 0.002474172281858601, 'D_low': 1.7887890916820506, 'k2': 0.0007081721844034209, 'D_high': 316055.11434645456, 'fire_exp': 8.791426299948917, 'P_half': 7.890004262668578, 'pre_dampen_half': 33.71909132517388, 'gpp_af': 0.015350904103515228, 'gpp_b': 1.7565109007473816e-05, 'gpp_d': 6.91394869865762, 'ign_k': 3.284529979576942, 'ign_c': 11.40086370112731, 'trop_agb_crit': 10.719494362768906, 'trop_k_veg': 1.1399347374493585, 'fuel_k': 3.6992394681929355, 'fuel_half': 0.79388452151199}.
[I 2026-07-22 18:51:10,617] Trial 1298 finished with values: [10.76923076903347, 10.76923076903347] and parameters: {'k1': 0.0003199177539819797, 'D_low': 126.11058927054879, 'k2': 0.0007081721844034209, 'D_high': 580966.5602369158, 'fire_exp': 8.791426299948917, 'P_half': 9.324787201197319, 'pre_dampen_half': 0.4016986062226068, 'gpp_af': 0.015350904103515228, 'gpp_b': 0.0054502936945582505, 'gpp_d': 700.6693992445935, 'ign_k': 0.8015297379101401, 'ign_c': 93.92318144191765, 'trop_agb_crit': 9.362115196011851, 'trop_k_veg': 0.6921865222804094, 'fuel_k': 0.08612665817296865, 'fuel_half': 81.87941582538087}.
[I 2026-07-22 18:51:11,052] Trial 1299 finished with values: [10.100763145476925, 10.100763145476925] and parameters: {'k1': 0.0003199177539819797, 'D_low': 8454.098152188677, 'k2': 1.5580139572252566e-05, 'D_high': 708572.1663941594, 'fire_exp': 2.0165721691808587, 'P_half': 7.890004262668578, 'pre_dampen_half': 3.9885726374014694, 'gpp_af': 0.25562996323356013, 'gpp_b': 1.1698276136056565e-05, 'gpp_d': 326.9452077146969, 'ign_k': 0.03141110271934876, 'ign_c': 14.452451441203314, 'trop_agb_crit': 20.205002815711154, 'trop_k_veg': 2.3408809609838257, 'fuel_k': 1.1820218758583807, 'fuel_half': 0.3335026483569958}.
[I 2026-07-22 18:51:11,487] Trial 1300 finished with values: [-0.7526555324242946, 0.1305570606777431] and parameters: {'k1': 0.052334804885400876, 'D_low': 8454.098152188677, 'k2': 0.0007081721844034209, 'D_high': 887331.2884015184, 'fire_exp': 1.1258453832483524, 'P_half': 2.843767489444367, 'pre_dampen_half': 3.9885726374014694, 'gpp_af': 0.25562996323356013, 'gpp_b': 0.0054502936945582505, 'gpp_d': 1.050978521342778, 'ign_k': 0.5131654955148324, 'ign_c': 14.452451441203314, 'trop_agb_crit': 18.150854837099246, 'trop_k_veg': 0.6921865222804094, 'fuel_k': 1.1820218758583807, 'fuel_half': 0.3335026483569958}.
[I 2026-07-22 18:51:11,928] Trial 1301 finished with values: [13.636466656807851, 13.636466656807851] and parameters: {'k1': 0.052334804885400876, 'D_low': 1.7887890916820506, 'k2': 0.001566517163094646, 'D_high': 316055.11434645456, 'fire_exp': 3.2181803496180783, 'P_half': 7.890004262668578, 'pre_dampen_half': 21.828476026538585, 'gpp_af': 0.9249278374104923, 'gpp_b': 0.01736771891291939, 'gpp_d': 700.6693992445935, 'ign_k': 0.5131654955148324, 'ign_c': 11.40086370112731, 'trop_agb_crit': 10.719494362768906, 'trop_k_veg': 1.7428926895756522, 'fuel_k': 3.6992394681929355, 'fuel_half': 0.32476735706274484}.
[I 2026-07-22 18:51:12,383] Trial 1302 finished with values: [10.703148302739004, 10.703148302739004] and parameters: {'k1': 0.052334804885400876, 'D_low': 195.72118561834387, 'k2': 0.001566517163094646, 'D_high': 708572.1663941594, 'fire_exp': 3.9865235442286613, 'P_half': 2.843767489444367, 'pre_dampen_half': 33.97904243111269, 'gpp_af': 0.0025511964576171086, 'gpp_b': 0.0054502936945582505, 'gpp_d': 700.6693992445935, 'ign_k': 0.5131654955148324, 'ign_c': 11.40086370112731, 'trop_agb_crit': 9.362115196011851, 'trop_k_veg': 7.26254292602904, 'fuel_k': 3.6992394681929355, 'fuel_half': 81.87941582538087}.
[I 2026-07-22 18:51:12,813] Trial 1303 finished with values: [-0.625530035979669, 0.12984230312858802] and parameters: {'k1': 0.0003199177539819797, 'D_low': 14618.52117171286, 'k2': 0.001566517163094646, 'D_high': 316055.11434645456, 'fire_exp': 1.2242398136753672, 'P_half': 7.890004262668578, 'pre_dampen_half': 3.6582532384424273, 'gpp_af': 0.25562996323356013, 'gpp_b': 0.0054502936945582505, 'gpp_d': 9.00460602264307, 'ign_k': 3.284529979576942, 'ign_c': 6.1609752947414345, 'trop_agb_crit': 2.8247556751182876, 'trop_k_veg': 2.417028380770307, 'fuel_k': 0.0500651901928747, 'fuel_half': 0.3335026483569958}.
[I 2026-07-22 18:51:13,248] Trial 1304 finished with values: [12.012517309069695, 12.012517309069695] and parameters: {'k1': 0.052334804885400876, 'D_low': 126.11058927054879, 'k2': 0.001566517163094646, 'D_high': 316055.11434645456, 'fire_exp': 1.1258453832483524, 'P_half': 7.890004262668578, 'pre_dampen_half': 3.9885726374014694, 'gpp_af': 0.25562996323356013, 'gpp_b': 3.936122422430193e-05, 'gpp_d': 700.6693992445935, 'ign_k': 3.284529979576942, 'ign_c': 11.40086370112731, 'trop_agb_crit': 9.362115196011851, 'trop_k_veg': 1.7428926895756522, 'fuel_k': 0.48736180483849406, 'fuel_half': 0.3335026483569958}.
[I 2026-07-22 18:51:13,684] Trial 1305 finished with values: [-0.5681905666667696, 0.33128471515509694] and parameters: {'k1': 0.0003199177539819797, 'D_low': 1.7887890916820506, 'k2': 0.0009562822793888481, 'D_high': 8433503.858791472, 'fire_exp': 8.791426299948917, 'P_half': 7.890004262668578, 'pre_dampen_half': 33.71909132517388, 'gpp_af': 0.12243451886824051, 'gpp_b': 1.1698276136056565e-05, 'gpp_d': 6.91394869865762, 'ign_k': 4.59148521674054, 'ign_c': 8.405439129313676, 'trop_agb_crit': 12.324775650896964, 'trop_k_veg': 0.5415365826598848, 'fuel_k': 1.2528108647479208, 'fuel_half': 81.87941582538087}.
[I 2026-07-22 18:51:14,120] Trial 1306 finished with values: [14.621998096890092, 14.621998096890092] and parameters: {'k1': 0.006033623633620595, 'D_low': 1.7887890916820506, 'k2': 0.001566517163094646, 'D_high': 316055.11434645456, 'fire_exp': 1.2242398136753672, 'P_half': 7.890004262668578, 'pre_dampen_half': 33.71909132517388, 'gpp_af': 0.12243451886824051, 'gpp_b': 3.228689523591491e-05, 'gpp_d': 700.6693992445935, 'ign_k': 3.284529979576942, 'ign_c': 11.40086370112731, 'trop_agb_crit': 12.324775650896964, 'trop_k_veg': 7.26254292602904, 'fuel_k': 0.4748757752313696, 'fuel_half': 0.3335026483569958}.
[I 2026-07-22 18:51:14,555] Trial 1307 finished with values: [10.752949937883198, 10.752949937883198] and parameters: {'k1': 0.0003199177539819797, 'D_low': 225847.34466633384, 'k2': 0.0007081721844034209, 'D_high': 316055.11434645456, 'fire_exp': 1.3411849220480432, 'P_half': 7.890004262668578, 'pre_dampen_half': 33.71909132517388, 'gpp_af': 0.0025511964576171086, 'gpp_b': 0.00012941394527265856, 'gpp_d': 6.91394869865762, 'ign_k': 3.284529979576942, 'ign_c': 11.40086370112731, 'trop_agb_crit': 12.324775650896964, 'trop_k_veg': 7.26254292602904, 'fuel_k': 3.6992394681929355, 'fuel_half': 0.3335026483569958}.
[I 2026-07-22 18:51:14,999] Trial 1308 finished with values: [10.267475255236219, 10.267475255236219] and parameters: {'k1': 9.969469187531805e-05, 'D_low': 1.7887890916820506, 'k2': 0.0009562822793888481, 'D_high': 1681956.433827372, 'fire_exp': 1.2242398136753672, 'P_half': 7.890004262668578, 'pre_dampen_half': 0.46504594134732663, 'gpp_af': 0.015350904103515228, 'gpp_b': 0.002407352334224724, 'gpp_d': 6.91394869865762, 'ign_k': 0.5131654955148324, 'ign_c': 8.405439129313676, 'trop_agb_crit': 12.324775650896964, 'trop_k_veg': 0.5415365826598848, 'fuel_k': 0.4748757752313696, 'fuel_half': 0.3625056554880307}.
[I 2026-07-22 18:51:15,427] Trial 1309 finished with values: [10.625170475002966, 10.625170475002966] and parameters: {'k1': 2.06955345682877e-05, 'D_low': 1.7887890916820506, 'k2': 0.0007081721844034209, 'D_high': 316055.11434645456, 'fire_exp': 8.791426299948917, 'P_half': 7.890004262668578, 'pre_dampen_half': 33.71909132517388, 'gpp_af': 0.015350904103515228, 'gpp_b': 3.936122422430193e-05, 'gpp_d': 6.91394869865762, 'ign_k': 3.284529979576942, 'ign_c': 6.1609752947414345, 'trop_agb_crit': 10.719494362768906, 'trop_k_veg': 1.7428926895756522, 'fuel_k': 3.6992394681929355, 'fuel_half': 81.87941582538087}.
[I 2026-07-22 18:51:15,851] Trial 1310 finished with values: [10.282960510681201, 10.282960510681201] and parameters: {'k1': 0.0003199177539819797, 'D_low': 1.7887890916820506, 'k2': 0.0007081721844034209, 'D_high': 708572.1663941594, 'fire_exp': 1.1258453832483524, 'P_half': 7.890004262668578, 'pre_dampen_half': 3.9885726374014694, 'gpp_af': 0.015350904103515228, 'gpp_b': 0.00027356530653803473, 'gpp_d': 1.050978521342778, 'ign_k': 3.284529979576942, 'ign_c': 14.452451441203314, 'trop_agb_crit': 5.707205898008383, 'trop_k_veg': 2.1085323608231485, 'fuel_k': 1.1820218758583807, 'fuel_half': 81.87941582538087}.
[I 2026-07-22 18:51:16,278] Trial 1311 finished with values: [10.537439051945023, 10.537439051945023] and parameters: {'k1': 0.015076936815785055, 'D_low': 864.0717009254879, 'k2': 0.001566517163094646, 'D_high': 316055.11434645456, 'fire_exp': 3.2181803496180783, 'P_half': 7.890004262668578, 'pre_dampen_half': 0.4016986062226068, 'gpp_af': 0.12243451886824051, 'gpp_b': 0.01736771891291939, 'gpp_d': 700.6693992445935, 'ign_k': 0.5131654955148324, 'ign_c': 11.40086370112731, 'trop_agb_crit': 12.324775650896964, 'trop_k_veg': 1.7428926895756522, 'fuel_k': 0.5400268568058665, 'fuel_half': 0.3335026483569958}.
[I 2026-07-22 18:51:16,712] Trial 1312 finished with values: [10.431298229485998, 10.431298229485998] and parameters: {'k1': 0.052334804885400876, 'D_low': 8454.098152188677, 'k2': 1.895375973243287e-05, 'D_high': 316055.11434645456, 'fire_exp': 7.089507362101403, 'P_half': 7.890004262668578, 'pre_dampen_half': 3.9885726374014694, 'gpp_af': 0.25562996323356013, 'gpp_b': 3.936122422430193e-05, 'gpp_d': 6.91394869865762, 'ign_k': 3.284529979576942, 'ign_c': 14.452451441203314, 'trop_agb_crit': 1.1251545684671, 'trop_k_veg': 0.6921865222804094, 'fuel_k': 0.03625926890059622, 'fuel_half': 0.3335026483569958}.
[I 2026-07-22 18:51:17,144] Trial 1313 finished with values: [10.565951322430445, 10.565951322430445] and parameters: {'k1': 0.052334804885400876, 'D_low': 13120.886542273083, 'k2': 1.895375973243287e-05, 'D_high': 708572.1663941594, 'fire_exp': 3.826545089026532, 'P_half': 7.890004262668578, 'pre_dampen_half': 3.9885726374014694, 'gpp_af': 0.015350904103515228, 'gpp_b': 0.00011201820858026725, 'gpp_d': 6.91394869865762, 'ign_k': 0.03141110271934876, 'ign_c': 6.1609752947414345, 'trop_agb_crit': 2.8338296020180445, 'trop_k_veg': 2.1085323608231485, 'fuel_k': 3.6992394681929355, 'fuel_half': 0.3335026483569958}.
  trial 1314/2500  pareto_size=2  best_taylor=0.7527  best_ilamb=0.6040  (9.5 min)
[I 2026-07-22 18:51:17,798] Trial 1314 finished with values: [-0.595304474878348, 0.11095608897662479] and parameters: {'k1': 0.006033623633620595, 'D_low': 1.7887890916820506, 'k2': 0.0958848658035659, 'D_high': 582349.8764421467, 'fire_exp': 1.2242398136753672, 'P_half': 7.890004262668578, 'pre_dampen_half': 0.4016986062226068, 'gpp_af': 0.015350904103515228, 'gpp_b': 0.00016954603776126232, 'gpp_d': 9.00460602264307, 'ign_k': 3.284529979576942, 'ign_c': 11.40086370112731, 'trop_agb_crit': 9.362115196011851, 'trop_k_veg': 2.1085323608231485, 'fuel_k': 0.08612665817296865, 'fuel_half': 0.3335026483569958}.
[I 2026-07-22 18:51:18,224] Trial 1315 finished with values: [-0.636929011006897, 0.08663313305649267] and parameters: {'k1': 0.0029282035181080004, 'D_low': 126.11058927054879, 'k2': 0.001566517163094646, 'D_high': 580966.5602369158, 'fire_exp': 1.1258453832483524, 'P_half': 7.890004262668578, 'pre_dampen_half': 0.4016986062226068, 'gpp_af': 0.12243451886824051, 'gpp_b': 0.0054502936945582505, 'gpp_d': 700.6693992445935, 'ign_k': 3.284529979576942, 'ign_c': 11.40086370112731, 'trop_agb_crit': 17.530135633155123, 'trop_k_veg': 0.6921865222804094, 'fuel_k': 0.48736180483849406, 'fuel_half': 0.32476735706274484}.
[I 2026-07-22 18:51:18,673] Trial 1316 finished with values: [13.927407100836003, 13.927407100836003] and parameters: {'k1': 0.052334804885400876, 'D_low': 1.7887890916820506, 'k2': 1.895375973243287e-05, 'D_high': 708572.1663941594, 'fire_exp': 1.1258453832483524, 'P_half': 7.890004262668578, 'pre_dampen_half': 3.9885726374014694, 'gpp_af': 0.015350904103515228, 'gpp_b': 1.1698276136056565e-05, 'gpp_d': 1.050978521342778, 'ign_k': 0.03141110271934876, 'ign_c': 14.452451441203314, 'trop_agb_crit': 10.719494362768906, 'trop_k_veg': 2.1085323608231485, 'fuel_k': 3.6992394681929355, 'fuel_half': 0.3335026483569958}.
[I 2026-07-22 18:51:19,105] Trial 1317 finished with values: [10.449056959126507, 10.449056959126507] and parameters: {'k1': 0.026471855002844505, 'D_low': 1.7887890916820506, 'k2': 0.002342238625792905, 'D_high': 580966.5602369158, 'fire_exp': 8.791426299948917, 'P_half': 7.890004262668578, 'pre_dampen_half': 3.9885726374014694, 'gpp_af': 0.015350904103515228, 'gpp_b': 3.936122422430193e-05, 'gpp_d': 9.00460602264307, 'ign_k': 0.8015297379101401, 'ign_c': 12.183799855127113, 'trop_agb_crit': 10.719494362768906, 'trop_k_veg': 0.5964874284448891, 'fuel_k': 3.6992394681929355, 'fuel_half': 81.87941582538087}.
[I 2026-07-22 18:51:19,530] Trial 1318 finished with values: [10.604194382386023, 10.604194382386023] and parameters: {'k1': 0.0003199177539819797, 'D_low': 8454.098152188677, 'k2': 1.895375973243287e-05, 'D_high': 316055.11434645456, 'fire_exp': 8.791426299948917, 'P_half': 7.890004262668578, 'pre_dampen_half': 33.71909132517388, 'gpp_af': 0.015350904103515228, 'gpp_b': 0.0054502936945582505, 'gpp_d': 6.91394869865762, 'ign_k': 3.284529979576942, 'ign_c': 6.1609752947414345, 'trop_agb_crit': 10.719494362768906, 'trop_k_veg': 5.012373971104113, 'fuel_k': 3.6992394681929355, 'fuel_half': 1.3843950013804345}.
[I 2026-07-22 18:51:19,959] Trial 1319 finished with values: [-0.6042718519730245, 0.25328169005486756] and parameters: {'k1': 0.0003199177539819797, 'D_low': 13120.886542273083, 'k2': 1.895375973243287e-05, 'D_high': 708572.1663941594, 'fire_exp': 1.173927153460853, 'P_half': 7.890004262668578, 'pre_dampen_half': 9.883085235126424, 'gpp_af': 0.015350904103515228, 'gpp_b': 1.7565109007473816e-05, 'gpp_d': 6.91394869865762, 'ign_k': 0.03141110271934876, 'ign_c': 11.40086370112731, 'trop_agb_crit': 9.362115196011851, 'trop_k_veg': 2.1085323608231485, 'fuel_k': 0.08612665817296865, 'fuel_half': 81.87941582538087}.
[I 2026-07-22 18:51:20,394] Trial 1320 finished with values: [-0.7299195859668706, 0.09972112583840265] and parameters: {'k1': 0.0003199177539819797, 'D_low': 1.7887890916820506, 'k2': 0.001566517163094646, 'D_high': 708572.1663941594, 'fire_exp': 8.824663358577489, 'P_half': 2.843767489444367, 'pre_dampen_half': 3.9885726374014694, 'gpp_af': 0.015350904103515228, 'gpp_b': 3.936122422430193e-05, 'gpp_d': 9.00460602264307, 'ign_k': 4.59148521674054, 'ign_c': 11.40086370112731, 'trop_agb_crit': 9.362115196011851, 'trop_k_veg': 1.7428926895756522, 'fuel_k': 3.7875356197077763, 'fuel_half': 0.22120706380461633}.
[I 2026-07-22 18:51:20,826] Trial 1321 finished with values: [-0.6899826061882448, 0.14195426561776137] and parameters: {'k1': 0.0003199177539819797, 'D_low': 1.7887890916820506, 'k2': 0.0007081721844034209, 'D_high': 4264115.018815137, 'fire_exp': 8.791426299948917, 'P_half': 7.890004262668578, 'pre_dampen_half': 33.71909132517388, 'gpp_af': 0.015350904103515228, 'gpp_b': 3.228689523591491e-05, 'gpp_d': 6.91394869865762, 'ign_k': 0.8015297379101401, 'ign_c': 6.1609752947414345, 'trop_agb_crit': 10.719494362768906, 'trop_k_veg': 6.172050274215953, 'fuel_k': 3.6992394681929355, 'fuel_half': 81.87941582538087}.
[I 2026-07-22 18:51:21,252] Trial 1322 finished with values: [-0.26164601310919294, 0.26647657616656006] and parameters: {'k1': 0.0029282035181080004, 'D_low': 102.62384545413329, 'k2': 7.966502922679658e-05, 'D_high': 316055.11434645456, 'fire_exp': 1.1258453832483524, 'P_half': 7.890004262668578, 'pre_dampen_half': 0.4016986062226068, 'gpp_af': 0.25562996323356013, 'gpp_b': 3.228689523591491e-05, 'gpp_d': 6.91394869865762, 'ign_k': 0.0023737180886310503, 'ign_c': 11.40086370112731, 'trop_agb_crit': 10.719494362768906, 'trop_k_veg': 1.7428926895756522, 'fuel_k': 0.08612665817296865, 'fuel_half': 81.87941582538087}.
[I 2026-07-22 18:51:21,673] Trial 1323 finished with values: [10.894312281498058, 10.894312281498058] and parameters: {'k1': 0.0003199177539819797, 'D_low': 864.0717009254879, 'k2': 0.001566517163094646, 'D_high': 316055.11434645456, 'fire_exp': 1.2242398136753672, 'P_half': 38.82837025280678, 'pre_dampen_half': 33.71909132517388, 'gpp_af': 0.015350904103515228, 'gpp_b': 0.00011201820858026725, 'gpp_d': 6.91394869865762, 'ign_k': 0.03141110271934876, 'ign_c': 6.1609752947414345, 'trop_agb_crit': 10.719494362768906, 'trop_k_veg': 7.26254292602904, 'fuel_k': 0.4748757752313696, 'fuel_half': 81.87941582538087}.
[I 2026-07-22 18:51:22,097] Trial 1324 finished with values: [-0.5131581743504096, 0.3953652349936302] and parameters: {'k1': 0.003454058352359339, 'D_low': 195.72118561834387, 'k2': 0.0009562822793888481, 'D_high': 1681956.433827372, 'fire_exp': 1.3411849220480432, 'P_half': 7.890004262668578, 'pre_dampen_half': 0.4016986062226068, 'gpp_af': 35.329223905872624, 'gpp_b': 1.7565109007473816e-05, 'gpp_d': 9.00460602264307, 'ign_k': 3.284529979576942, 'ign_c': 11.40086370112731, 'trop_agb_crit': 15.35205868174982, 'trop_k_veg': 2.1085323608231485, 'fuel_k': 1.2528108647479208, 'fuel_half': 0.3335026483569958}.
[I 2026-07-22 18:51:22,535] Trial 1325 finished with values: [10.769123900104788, 10.769123900104788] and parameters: {'k1': 0.0003199177539819797, 'D_low': 10356.22739065962, 'k2': 0.0007081721844034209, 'D_high': 316055.11434645456, 'fire_exp': 8.791426299948917, 'P_half': 2075.616895868802, 'pre_dampen_half': 33.71909132517388, 'gpp_af': 0.015350904103515228, 'gpp_b': 1.7565109007473816e-05, 'gpp_d': 248.25299771576, 'ign_k': 3.284529979576942, 'ign_c': 11.40086370112731, 'trop_agb_crit': 6.991608377443414, 'trop_k_veg': 1.7428926895756522, 'fuel_k': 3.6992394681929355, 'fuel_half': 81.87941582538087}.
[I 2026-07-22 18:51:22,962] Trial 1326 finished with values: [11.517496607075415, 11.517496607075415] and parameters: {'k1': 0.0003199177539819797, 'D_low': 1.7887890916820506, 'k2': 0.0007081721844034209, 'D_high': 887331.2884015184, 'fire_exp': 2.0165721691808587, 'P_half': 7.890004262668578, 'pre_dampen_half': 33.71909132517388, 'gpp_af': 0.015350904103515228, 'gpp_b': 1.7565109007473816e-05, 'gpp_d': 700.6693992445935, 'ign_k': 0.11743171596126066, 'ign_c': 11.40086370112731, 'trop_agb_crit': 10.719494362768906, 'trop_k_veg': 2.3408809609838257, 'fuel_k': 1.1820218758583807, 'fuel_half': 0.3335026483569958}.
[I 2026-07-22 18:51:23,395] Trial 1327 finished with values: [10.311552915192882, 10.311552915192882] and parameters: {'k1': 0.0003199177539819797, 'D_low': 1.7887890916820506, 'k2': 0.0007081721844034209, 'D_high': 316055.11434645456, 'fire_exp': 8.791426299948917, 'P_half': 7.890004262668578, 'pre_dampen_half': 33.71909132517388, 'gpp_af': 0.015350904103515228, 'gpp_b': 1.7565109007473816e-05, 'gpp_d': 6.91394869865762, 'ign_k': 3.284529979576942, 'ign_c': 6.1609752947414345, 'trop_agb_crit': 10.719494362768906, 'trop_k_veg': 1.7428926895756522, 'fuel_k': 3.6992394681929355, 'fuel_half': 1.95560991716028}.
[I 2026-07-22 18:51:23,830] Trial 1328 finished with values: [10.615643342221707, 10.615643342221707] and parameters: {'k1': 0.0003199177539819797, 'D_low': 864.0717009254879, 'k2': 0.0007081721844034209, 'D_high': 1681956.433827372, 'fire_exp': 2.0165721691808587, 'P_half': 7.890004262668578, 'pre_dampen_half': 26.373339933815235, 'gpp_af': 0.015350904103515228, 'gpp_b': 0.002407352334224724, 'gpp_d': 9.00460602264307, 'ign_k': 3.284529979576942, 'ign_c': 11.40086370112731, 'trop_agb_crit': 20.205002815711154, 'trop_k_veg': 0.5415365826598848, 'fuel_k': 1.1820218758583807, 'fuel_half': 0.3335026483569958}.
