[I 2026-08-20 00:52:27,678] Trial 1312 finished with value: 0.6422757952343777 and parameters: {'k1': 0.0014594093756843424, 'D_low': 266271.4938280741, 'k2': 0.006372794080122096, 'D_high': 750535.2291282804, 'fire_exp': 1.1075144840378315, 'P_half': 831.5228965306989, 'pre_dampen_half': 684.9706339636389, 'gpp_af': 0.049186991803387224, 'gpp_b': 0.004239626079080392, 'gpp_d': 7.562693377241837, 'ign_k': 0.08973849030639433, 'ign_c': 335.52654012793374, 'trop_agb_crit': 22.69235273987939, 'trop_k_veg': 7.835667929844948, 'pop_amp': 0.0042306328611955634, 'pop_peak': 15.15002529796509, 'pop_sig': 1.3881909803346604}. Best is trial 1128 with value: -0.620386984093161.
[I 2026-08-20 00:52:29,527] Trial 1313 finished with value: 0.46041192855882274 and parameters: {'k1': 0.0014836784747153076, 'D_low': 1.5824879485332537, 'k2': 0.029985893579798237, 'D_high': 558566.1383576762, 'fire_exp': 1.02221288335462, 'P_half': 16.631072804992478, 'pre_dampen_half': 0.08959070157126701, 'gpp_af': 0.0013144936891369922, 'gpp_b': 0.0023337021795943142, 'gpp_d': 8.074065760990589, 'ign_k': 0.0023757866338423223, 'ign_c': 0.11895822727030991, 'trop_agb_crit': 2.2943439125121325, 'trop_k_veg': 1.7011508726872442, 'pop_amp': 9.242545548127126, 'pop_peak': 10.96012447779329, 'pop_sig': 1.5696767883772356}. Best is trial 1128 with value: -0.620386984093161.
[I 2026-08-20 00:52:31,432] Trial 1314 finished with value: 0.6445374145881376 and parameters: {'k1': 8.273188306385466e-05, 'D_low': 55.81442253063756, 'k2': 0.06707808221540049, 'D_high': 20.13337848320586, 'fire_exp': 2.2783256815732313, 'P_half': 4041.176634900485, 'pre_dampen_half': 273.72179039635427, 'gpp_af': 0.12725761897746932, 'gpp_b': 0.011666060161730602, 'gpp_d': 0.15759780763910325, 'ign_k': 0.1022145110270849, 'ign_c': 255.50706499290072, 'trop_agb_crit': 2.792283538297714, 'trop_k_veg': 0.6744367906745461, 'pop_amp': 0.21613688074813184, 'pop_peak': 0.8272572903228076, 'pop_sig': 1.584707577284159}. Best is trial 1128 with value: -0.620386984093161.
[I 2026-08-20 00:52:33,289] Trial 1315 finished with value: 0.6445374145881376 and parameters: {'k1': 0.0006726205941528202, 'D_low': 12222.18087831323, 'k2': 0.002513331045306445, 'D_high': 1186233.9710501677, 'fire_exp': 5.4449761571316255, 'P_half': 71.44908702749042, 'pre_dampen_half': 56.45757518666272, 'gpp_af': 0.14125591715949007, 'gpp_b': 0.0007837096348484901, 'gpp_d': 852.8241746623569, 'ign_k': 0.2916225615621661, 'ign_c': 141.40620354024037, 'trop_agb_crit': 14.64871747192487, 'trop_k_veg': 0.9009153693132054, 'pop_amp': 0.29071608106668984, 'pop_peak': 0.44272985417363364, 'pop_sig': 0.8805508288164228}. Best is trial 1128 with value: -0.620386984093161.
[I 2026-08-20 00:52:35,122] Trial 1316 finished with value: 0.5600825066695301 and parameters: {'k1': 0.0009522166198782592, 'D_low': 50.43647793456008, 'k2': 0.0045683810770588305, 'D_high': 8327305.237120723, 'fire_exp': 1.330103191653736, 'P_half': 1.4902439968774739, 'pre_dampen_half': 0.05879505984923487, 'gpp_af': 0.009395793211901171, 'gpp_b': 0.0024689202568080075, 'gpp_d': 0.7682965004000305, 'ign_k': 0.024499926619037046, 'ign_c': 0.7426761176766021, 'trop_agb_crit': 16.226960022335334, 'trop_k_veg': 0.556183623995926, 'pop_amp': 0.37709624312200174, 'pop_peak': 10.483256962619565, 'pop_sig': 1.6436857548657313}. Best is trial 1128 with value: -0.620386984093161.
[I 2026-08-20 00:52:36,976] Trial 1317 finished with value: 0.48147333334204867 and parameters: {'k1': 0.0009549521252281867, 'D_low': 1.2997836586188445, 'k2': 0.0435647344973179, 'D_high': 23966.022329044008, 'fire_exp': 1.0781751626847054, 'P_half': 2.117309712735672, 'pre_dampen_half': 0.5945999207732877, 'gpp_af': 0.17321510262044987, 'gpp_b': 0.01602454590173266, 'gpp_d': 2.940300562118078, 'ign_k': 0.004802461900830101, 'ign_c': 0.15913875219324009, 'trop_agb_crit': 1.3141639801317395, 'trop_k_veg': 1.4273740156717973, 'pop_amp': 7.899402885640127, 'pop_peak': 16.213633623835044, 'pop_sig': 1.3252782406103742}. Best is trial 1128 with value: -0.620386984093161.
[I 2026-08-20 00:52:39,164] Trial 1318 finished with value: 0.6445374145881376 and parameters: {'k1': 0.003244760572737035, 'D_low': 10917.837085023873, 'k2': 0.004366268330437096, 'D_high': 19.9690526914214, 'fire_exp': 7.445930222564734, 'P_half': 7.916197506302266, 'pre_dampen_half': 647.0403907072905, 'gpp_af': 8.682296800160941, 'gpp_b': 0.004194436369613182, 'gpp_d': 345.9337974012938, 'ign_k': 0.030107271361388677, 'ign_c': 3.535325949638425, 'trop_agb_crit': 2.3625775899883235, 'trop_k_veg': 4.231949186145635, 'pop_amp': 10.820811139677689, 'pop_peak': 3.775624216014661, 'pop_sig': 0.35253789877819786}. Best is trial 1128 with value: -0.620386984093161.
[I 2026-08-20 00:52:40,973] Trial 1319 finished with value: -0.6022248353037002 and parameters: {'k1': 0.001280964505549819, 'D_low': 1598.6389110327855, 'k2': 0.002063123788504763, 'D_high': 7951284.644529308, 'fire_exp': 4.332696315527125, 'P_half': 189.98389916711866, 'pre_dampen_half': 4.31322278188551, 'gpp_af': 2.1401356141778396, 'gpp_b': 0.0015210724587116984, 'gpp_d': 42.06723993711306, 'ign_k': 0.6475127318291538, 'ign_c': 0.5951969542352714, 'trop_agb_crit': 5.341668387357127, 'trop_k_veg': 2.7736016968282744, 'pop_amp': 2.7468482488022437, 'pop_peak': 1.1692697936139218, 'pop_sig': 1.2200014062267375}. Best is trial 1128 with value: -0.620386984093161.
[I 2026-08-20 00:52:42,804] Trial 1320 finished with value: 0.5970156477368656 and parameters: {'k1': 0.0021664813618767014, 'D_low': 11.040807512661477, 'k2': 0.008972527951453734, 'D_high': 4439.0032147014645, 'fire_exp': 2.827047136966711, 'P_half': 191.82029314941363, 'pre_dampen_half': 0.8932140310697336, 'gpp_af': 0.08474523645973199, 'gpp_b': 3.3786422579593725e-05, 'gpp_d': 4.939161329985862, 'ign_k': 0.15537316878097146, 'ign_c': 3.3374107556940498, 'trop_agb_crit': 7.507584200632182, 'trop_k_veg': 1.7425117454615633, 'pop_amp': 0.0034168675048616578, 'pop_peak': 3.1704552104913897, 'pop_sig': 1.0971452412249971}. Best is trial 1128 with value: -0.620386984093161.
[I 2026-08-20 00:52:44,616] Trial 1321 finished with value: 0.574784344122015 and parameters: {'k1': 0.0008050172057266037, 'D_low': 17825.602680428343, 'k2': 0.003944717390394542, 'D_high': 2256086.8581090798, 'fire_exp': 3.6944866826801377, 'P_half': 254.31175016202917, 'pre_dampen_half': 35.861475759955106, 'gpp_af': 10.415067924758667, 'gpp_b': 0.002083640775212175, 'gpp_d': 1.9625796020657174, 'ign_k': 1.3889089831153554, 'ign_c': 0.790570093486632, 'trop_agb_crit': 4.755504787091636, 'trop_k_veg': 2.110805519802538, 'pop_amp': 2.317294515590458, 'pop_peak': 0.15614716245297744, 'pop_sig': 0.7392380122707969}. Best is trial 1128 with value: -0.620386984093161.
[I 2026-08-20 00:52:46,487] Trial 1322 finished with value: 0.5914319148379681 and parameters: {'k1': 0.005778967658150201, 'D_low': 8331.121242130943, 'k2': 0.0178894146093248, 'D_high': 6791006.107561307, 'fire_exp': 6.804610981204148, 'P_half': 156.5044339142931, 'pre_dampen_half': 43.26672070642602, 'gpp_af': 3.6575936342533195, 'gpp_b': 0.005290437906870244, 'gpp_d': 114.06851090045917, 'ign_k': 0.03629820394025116, 'ign_c': 1.782171844029406, 'trop_agb_crit': 5.900005883260283, 'trop_k_veg': 3.7691098457121925, 'pop_amp': 0.8470303647303689, 'pop_peak': 1.4415916571595002, 'pop_sig': 1.1545764839066042}. Best is trial 1128 with value: -0.620386984093161.
[I 2026-08-20 00:52:48,311] Trial 1323 finished with value: 0.5633938362074435 and parameters: {'k1': 0.0003833521697181415, 'D_low': 20.649437180432507, 'k2': 0.04251600379253849, 'D_high': 129598.5857987465, 'fire_exp': 3.828556534446044, 'P_half': 320.1896850102249, 'pre_dampen_half': 87.43562063463823, 'gpp_af': 2.352564815458979, 'gpp_b': 0.03802955754486754, 'gpp_d': 488.1581986711618, 'ign_k': 0.03115101736805569, 'ign_c': 0.3129774667129177, 'trop_agb_crit': 14.390801178969813, 'trop_k_veg': 2.7263285699812916, 'pop_amp': 2.0787337346508132, 'pop_peak': 0.11882906081435896, 'pop_sig': 1.0197193136720337}. Best is trial 1128 with value: -0.620386984093161.
[I 2026-08-20 00:52:50,160] Trial 1324 finished with value: 0.6497483834908201 and parameters: {'k1': 0.06696937429652625, 'D_low': 757.8823989115947, 'k2': 0.0005766426542012661, 'D_high': 5115751.161746729, 'fire_exp': 2.1741457131388344, 'P_half': 359.79705074558956, 'pre_dampen_half': 85.98592335606678, 'gpp_af': 0.04676155219674417, 'gpp_b': 0.00046399406846649914, 'gpp_d': 10.58508553731345, 'ign_k': 6.782177587342296, 'ign_c': 31.399530446237055, 'trop_agb_crit': 20.709550600062013, 'trop_k_veg': 2.144239073128857, 'pop_amp': 0.004640519788599779, 'pop_peak': 1.9932291713018753, 'pop_sig': 0.6077939792771745}. Best is trial 1128 with value: -0.620386984093161.
[I 2026-08-20 00:52:51,974] Trial 1325 finished with value: 0.6190150664764296 and parameters: {'k1': 0.0005310025579261255, 'D_low': 1058.720264255637, 'k2': 0.0001985974143066823, 'D_high': 3754381.92373284, 'fire_exp': 4.392134427169408, 'P_half': 16.339236533268043, 'pre_dampen_half': 4.382686565396342, 'gpp_af': 6.315613054782652, 'gpp_b': 0.001085763601187753, 'gpp_d': 19.859378533085927, 'ign_k': 4.036784055455481, 'ign_c': 0.44368969922269075, 'trop_agb_crit': 1.8683961760861234, 'trop_k_veg': 1.1956270337329067, 'pop_amp': 12.762148262129918, 'pop_peak': 6.286854422655347, 'pop_sig': 1.8146525536574758}. Best is trial 1128 with value: -0.620386984093161.
[I 2026-08-20 00:52:53,790] Trial 1326 finished with value: 0.5959551752236726 and parameters: {'k1': 5.148452908022941e-05, 'D_low': 69417.30273596161, 'k2': 1.0981231359183138e-05, 'D_high': 12.927110216236665, 'fire_exp': 3.1904669404689776, 'P_half': 500.3601820403485, 'pre_dampen_half': 17.170310662059162, 'gpp_af': 0.004940796804306369, 'gpp_b': 6.712976458123754e-05, 'gpp_d': 43.63445905749007, 'ign_k': 0.011029068106129443, 'ign_c': 0.10696083526693355, 'trop_agb_crit': 4.952103463557838, 'trop_k_veg': 4.921324295582132, 'pop_amp': 0.3241356560939387, 'pop_peak': 0.43867356582569106, 'pop_sig': 1.1522920954725513}. Best is trial 1128 with value: -0.620386984093161.
[I 2026-08-20 00:52:55,604] Trial 1327 finished with value: 0.4361111103537626 and parameters: {'k1': 0.0009561749884806683, 'D_low': 24.94723861425425, 'k2': 0.002884431960607964, 'D_high': 6832743.370602893, 'fire_exp': 1.101846000011802, 'P_half': 2.4382185772967055, 'pre_dampen_half': 0.7347019678378857, 'gpp_af': 0.24963815941688655, 'gpp_b': 4.265492595077474e-05, 'gpp_d': 805.6100880734555, 'ign_k': 0.002253498853341922, 'ign_c': 3.224991271749052, 'trop_agb_crit': 4.143807967400474, 'trop_k_veg': 1.814015248177746, 'pop_amp': 0.7093803016782445, 'pop_peak': 24.100995577128643, 'pop_sig': 2.4998247971844183}. Best is trial 1128 with value: -0.620386984093161.
[I 2026-08-20 00:52:57,440] Trial 1328 finished with value: 0.4924029500030417 and parameters: {'k1': 0.00020120855911122116, 'D_low': 19628.6367806273, 'k2': 0.021335075591498706, 'D_high': 124704.09403310218, 'fire_exp': 5.345411800540702, 'P_half': 10.369295137902498, 'pre_dampen_half': 143.99054400098407, 'gpp_af': 1.7731203358433398, 'gpp_b': 0.00035868707916032245, 'gpp_d': 666.8049085175302, 'ign_k': 0.9042829483065112, 'ign_c': 10.787952619357362, 'trop_agb_crit': 20.86514397181399, 'trop_k_veg': 1.6075050757746818, 'pop_amp': 2.0591491942413627, 'pop_peak': 0.06570471352799132, 'pop_sig': 1.3807462217521704}. Best is trial 1128 with value: -0.620386984093161.
[I 2026-08-20 00:52:59,637] Trial 1329 finished with value: -0.5528469066245969 and parameters: {'k1': 0.08116124727523294, 'D_low': 871.7988409223323, 'k2': 0.05145423742211709, 'D_high': 45908.67316831526, 'fire_exp': 1.9476955031594843, 'P_half': 725.8036429639694, 'pre_dampen_half': 355.1164524787568, 'gpp_af': 0.13534991597318907, 'gpp_b': 0.0009033377964096434, 'gpp_d': 142.7494320524818, 'ign_k': 3.1247229311755174, 'ign_c': 0.9031783218517543, 'trop_agb_crit': 5.922582173195457, 'trop_k_veg': 4.29757314376236, 'pop_amp': 0.4495578239156051, 'pop_peak': 1.4013392584420308, 'pop_sig': 0.8718454452074299}. Best is trial 1128 with value: -0.620386984093161.
[I 2026-08-20 00:53:01,494] Trial 1330 finished with value: 0.5341006715432828 and parameters: {'k1': 0.0006622666555732334, 'D_low': 1297.0530928348032, 'k2': 0.0006489555690527982, 'D_high': 141068.52755767058, 'fire_exp': 7.054521838922153, 'P_half': 7.2275485046693335, 'pre_dampen_half': 419.9447819421877, 'gpp_af': 0.0014099096037421706, 'gpp_b': 1.1818828433917802e-05, 'gpp_d': 628.9257476360899, 'ign_k': 1.1814708283339073, 'ign_c': 26.180857763941187, 'trop_agb_crit': 6.468618179422152, 'trop_k_veg': 5.477360543173129, 'pop_amp': 0.01504272152727877, 'pop_peak': 0.1701137393057441, 'pop_sig': 0.9994005463367466}. Best is trial 1128 with value: -0.620386984093161.
[I 2026-08-20 00:53:03,310] Trial 1331 finished with value: 0.5817845739824891 and parameters: {'k1': 0.0031774390207725627, 'D_low': 8773.5129026024, 'k2': 0.002103320018545115, 'D_high': 1187967.618830959, 'fire_exp': 2.188024717581044, 'P_half': 1498.8781551483096, 'pre_dampen_half': 0.1682007421265108, 'gpp_af': 0.5493889041796427, 'gpp_b': 0.0015422421396257284, 'gpp_d': 124.33268812970523, 'ign_k': 0.15187695136849486, 'ign_c': 0.26764083421826984, 'trop_agb_crit': 6.604597103477736, 'trop_k_veg': 2.8351472906351844, 'pop_amp': 0.27497792807867755, 'pop_peak': 5.865198915047536, 'pop_sig': 1.721640647638969}. Best is trial 1128 with value: -0.620386984093161.
[I 2026-08-20 00:53:05,139] Trial 1332 finished with value: 0.46781884189910805 and parameters: {'k1': 0.0030963699847791344, 'D_low': 356.0236045422278, 'k2': 0.00028883110773754434, 'D_high': 2744751.256216406, 'fire_exp': 5.619255010559644, 'P_half': 162.7835282231056, 'pre_dampen_half': 31.633838740157433, 'gpp_af': 4.097171042378018, 'gpp_b': 0.006050802773397224, 'gpp_d': 2.0187495672865885, 'ign_k': 0.20561995332941624, 'ign_c': 3.4571519555830825, 'trop_agb_crit': 3.879239852797734, 'trop_k_veg': 2.292108260311606, 'pop_amp': 6.3266754945324255, 'pop_peak': 2.2318308302948644, 'pop_sig': 1.7592835324228602}. Best is trial 1128 with value: -0.620386984093161.
[I 2026-08-20 00:53:06,971] Trial 1333 finished with value: 0.6445374145881376 and parameters: {'k1': 0.0048320656315461, 'D_low': 399.49075651438704, 'k2': 0.00027367726861970943, 'D_high': 5848309.144609978, 'fire_exp': 1.6255555933800723, 'P_half': 108.78727537205862, 'pre_dampen_half': 70.60798304932236, 'gpp_af': 0.02527273297188364, 'gpp_b': 0.000140783999307099, 'gpp_d': 0.08646086782042703, 'ign_k': 5.7577362902752, 'ign_c': 527.0112340106917, 'trop_agb_crit': 1.2648628316353034, 'trop_k_veg': 5.243880817928748, 'pop_amp': 0.20518807921384338, 'pop_peak': 0.29211769720222397, 'pop_sig': 0.27207662890164935}. Best is trial 1128 with value: -0.620386984093161.
[I 2026-08-20 00:53:08,808] Trial 1334 finished with value: 0.6143557546986984 and parameters: {'k1': 0.0001830982720649575, 'D_low': 3349.063218568259, 'k2': 0.0009410898663912697, 'D_high': 2738211.8416681346, 'fire_exp': 6.753707281432006, 'P_half': 160.114656872904, 'pre_dampen_half': 1.1086797430750037, 'gpp_af': 27.629515716387207, 'gpp_b': 0.00017976927307704162, 'gpp_d': 1.0860903611053339, 'ign_k': 3.7384479233136285, 'ign_c': 0.8463613353915233, 'trop_agb_crit': 9.411526975840793, 'trop_k_veg': 3.2587826906315382, 'pop_amp': 0.21312919542631864, 'pop_peak': 43.409611923156305, 'pop_sig': 0.9239671234686722}. Best is trial 1128 with value: -0.620386984093161.
[I 2026-08-20 00:53:10,623] Trial 1335 finished with value: -0.606712964591767 and parameters: {'k1': 0.00042812488325638746, 'D_low': 748.0140758153742, 'k2': 0.00042325658183397374, 'D_high': 5214151.621002175, 'fire_exp': 4.532222090393565, 'P_half': 142.32607636888088, 'pre_dampen_half': 15.930133507221738, 'gpp_af': 0.37710131181507306, 'gpp_b': 0.00016340293008171053, 'gpp_d': 12.262763717365408, 'ign_k': 0.11436390503587271, 'ign_c': 4.082355205350373, 'trop_agb_crit': 6.186989325264788, 'trop_k_veg': 3.874754214565601, 'pop_amp': 5.288604280581787, 'pop_peak': 2.1907462279813057, 'pop_sig': 0.6140614158801669}. Best is trial 1128 with value: -0.620386984093161.
[I 2026-08-20 00:53:12,443] Trial 1336 finished with value: 0.5823849900681668 and parameters: {'k1': 0.0009428439101578201, 'D_low': 441.23696633156067, 'k2': 0.042594466184091094, 'D_high': 9752515.31547331, 'fire_exp': 2.8824166793842956, 'P_half': 11.307012152236538, 'pre_dampen_half': 2.3856492202932857, 'gpp_af': 0.003108222850375511, 'gpp_b': 0.003868690144399703, 'gpp_d': 0.533039631633833, 'ign_k': 5.714859898178372, 'ign_c': 3.081994344041956, 'trop_agb_crit': 5.962148397044437, 'trop_k_veg': 6.053091699281199, 'pop_amp': 0.08524275997751068, 'pop_peak': 7.47641090179582, 'pop_sig': 0.8028355305336323}. Best is trial 1128 with value: -0.620386984093161.
[I 2026-08-20 00:53:14,283] Trial 1337 finished with value: 0.47994334700822905 and parameters: {'k1': 0.0011871491255585431, 'D_low': 4034.6751857648746, 'k2': 5.343802055707383e-05, 'D_high': 595944.5142477719, 'fire_exp': 4.421765349800124, 'P_half': 144.32554014931955, 'pre_dampen_half': 0.39190858081379454, 'gpp_af': 0.5358441116289823, 'gpp_b': 0.005602887781905583, 'gpp_d': 16.341506608987473, 'ign_k': 0.3749642118821485, 'ign_c': 0.5105993180546392, 'trop_agb_crit': 5.7595201407363446, 'trop_k_veg': 1.5698362635502672, 'pop_amp': 2.9092255377405327, 'pop_peak': 1.6939037694945989, 'pop_sig': 1.0715635353133162}. Best is trial 1128 with value: -0.620386984093161.
[I 2026-08-20 00:53:16,126] Trial 1338 finished with value: 0.48458710877807554 and parameters: {'k1': 0.005751277501122873, 'D_low': 1.5604951154214235, 'k2': 0.0051989087530875675, 'D_high': 24835.717174214333, 'fire_exp': 1.0105056385214708, 'P_half': 489.03001133348806, 'pre_dampen_half': 0.8753124035045308, 'gpp_af': 0.026363885108952222, 'gpp_b': 2.882755903293495e-05, 'gpp_d': 5.387679723572433, 'ign_k': 1.0170659864451288, 'ign_c': 17.268360981034526, 'trop_agb_crit': 5.743700566261127, 'trop_k_veg': 3.791513122155161, 'pop_amp': 8.118527864599296, 'pop_peak': 22.58862894461349, 'pop_sig': 0.5363555457356399}. Best is trial 1128 with value: -0.620386984093161.
[I 2026-08-20 00:53:17,972] Trial 1339 finished with value: 0.531448293084919 and parameters: {'k1': 0.0005908471291371593, 'D_low': 159421.31027997375, 'k2': 0.0001211198135524858, 'D_high': 919007.8059367213, 'fire_exp': 5.88025604400606, 'P_half': 29.67464559139594, 'pre_dampen_half': 13.779762813828162, 'gpp_af': 1.1318155458941839, 'gpp_b': 2.753068814634465e-05, 'gpp_d': 27.715431678998314, 'ign_k': 0.9133254761302693, 'ign_c': 2.8895247461571723, 'trop_agb_crit': 3.135375983173629, 'trop_k_veg': 4.102121184167118, 'pop_amp': 5.8112826376930915, 'pop_peak': 8.66336806912094, 'pop_sig': 0.6797913117717695}. Best is trial 1128 with value: -0.620386984093161.
[I 2026-08-20 00:53:20,196] Trial 1340 finished with value: 0.522074388053173 and parameters: {'k1': 0.0008546426821918817, 'D_low': 15697.24378470268, 'k2': 0.0013698425276507328, 'D_high': 786304.9937428103, 'fire_exp': 8.442012831089606, 'P_half': 333.64379226211935, 'pre_dampen_half': 34.972343192137025, 'gpp_af': 9.248090565898348, 'gpp_b': 0.0012903090375953239, 'gpp_d': 118.84626715727757, 'ign_k': 0.7451332506078807, 'ign_c': 4.822620993095747, 'trop_agb_crit': 3.831725291192761, 'trop_k_veg': 1.7792698238105171, 'pop_amp': 11.264797142178779, 'pop_peak': 0.5789915595397492, 'pop_sig': 1.220995495776926}. Best is trial 1128 with value: -0.620386984093161.
[I 2026-08-20 00:53:22,016] Trial 1341 finished with value: 0.5852310815937369 and parameters: {'k1': 0.0060930055598785405, 'D_low': 734.949878532135, 'k2': 0.0003653618562814205, 'D_high': 1488852.6090546916, 'fire_exp': 8.837768522609817, 'P_half': 1005.1101977541379, 'pre_dampen_half': 3.29813322570344, 'gpp_af': 1.3786550827878605, 'gpp_b': 0.06948381209717984, 'gpp_d': 7.427886647015966, 'ign_k': 2.7848118004553717, 'ign_c': 0.14444682650680654, 'trop_agb_crit': 5.820379879628026, 'trop_k_veg': 2.5230228940278114, 'pop_amp': 0.13122999628713813, 'pop_peak': 0.287145525326709, 'pop_sig': 1.8236326717498326}. Best is trial 1128 with value: -0.620386984093161.
[I 2026-08-20 00:53:23,833] Trial 1342 finished with value: 0.5779158609236299 and parameters: {'k1': 0.00245436398118097, 'D_low': 15.688862923704319, 'k2': 0.0019805314849096396, 'D_high': 68493.172013631, 'fire_exp': 1.189423528837484, 'P_half': 36.247236952234594, 'pre_dampen_half': 0.02617129721654611, 'gpp_af': 0.0021948325041181607, 'gpp_b': 6.587523876839316e-05, 'gpp_d': 0.22768820180306157, 'ign_k': 0.10071453265384345, 'ign_c': 35.249302743826526, 'trop_agb_crit': 1.5508715249627083, 'trop_k_veg': 6.944333830113127, 'pop_amp': 0.21766659464832855, 'pop_peak': 41.707503046289816, 'pop_sig': 0.8713308961696239}. Best is trial 1128 with value: -0.620386984093161.
[I 2026-08-20 00:53:25,679] Trial 1343 finished with value: 0.5704646416453363 and parameters: {'k1': 0.00015521003840110497, 'D_low': 26.40447959030701, 'k2': 0.00022643316290633472, 'D_high': 670295.5083647835, 'fire_exp': 2.886485090475987, 'P_half': 3657.6516656707786, 'pre_dampen_half': 45.716271737631054, 'gpp_af': 0.03830603201580557, 'gpp_b': 0.0016922783330678877, 'gpp_d': 3.983761755515316, 'ign_k': 0.20650525599550265, 'ign_c': 16.251325308526912, 'trop_agb_crit': 23.491585337091205, 'trop_k_veg': 5.991925099985665, 'pop_amp': 15.96076031910281, 'pop_peak': 5.769984071129038, 'pop_sig': 0.46928679766417447}. Best is trial 1128 with value: -0.620386984093161.
