[I 2026-07-24 02:17:58,122] Trial 305 finished with value: 0.5721783670666761 and parameters: {'k1': 0.05525650612646672, 'D_low': 748.6032087335993, 'k2': 2.3552354505729606e-05, 'D_high': 2684.3285135726883, 'fire_exp': 2.095861510563038, 'P_half': 1.2903966856419395, 'pre_dampen_half': 0.2804291195895311, 'gpp_af': 10.263637976110642, 'gpp_b': 0.00016966251592700173, 'gpp_d': 210.067190583384, 'ign_k': 0.9537099446834805, 'ign_c': 0.5995413324438754, 'trop_agb_crit': 2.6840912538370265, 'trop_k_veg': 1.0996371123464057, 'fuel_k': 3.766149940404517, 'fuel_half': 0.7251716971776732}. Best is trial 0 with value: -0.6070628323553574.
[I 2026-07-24 02:17:58,540] Trial 306 finished with value: 0.5289907686201604 and parameters: {'k1': 3.541619355083215e-05, 'D_low': 901.2919211853227, 'k2': 0.0012118416770264808, 'D_high': 8570730.143235853, 'fire_exp': 5.756053332625257, 'P_half': 4.880748057009029, 'pre_dampen_half': 40.76215799019742, 'gpp_af': 0.17219624690820534, 'gpp_b': 0.00249699685151994, 'gpp_d': 171.59192781505976, 'ign_k': 0.3481597369438474, 'ign_c': 0.3437165311895953, 'trop_agb_crit': 3.4048308190391534, 'trop_k_veg': 0.9381543281288381, 'fuel_k': 0.25386209358587575, 'fuel_half': 0.5945885955906552}. Best is trial 0 with value: -0.6070628323553574.
[I 2026-07-24 02:17:58,954] Trial 307 finished with value: 0.5122580329888016 and parameters: {'k1': 0.0007881866439590573, 'D_low': 1.1456662367834736, 'k2': 0.00028327362914265346, 'D_high': 570732.976339887, 'fire_exp': 5.295471385849947, 'P_half': 409.96840659408866, 'pre_dampen_half': 309.2766310144999, 'gpp_af': 0.006009385581644915, 'gpp_b': 6.525643907241249e-05, 'gpp_d': 125.45911622480872, 'ign_k': 2.1298815883399613, 'ign_c': 7.805470842328883, 'trop_agb_crit': 20.60688427066023, 'trop_k_veg': 1.0792853591225, 'fuel_k': 0.2837146703421587, 'fuel_half': 0.43838941615470683}. Best is trial 0 with value: -0.6070628323553574.
[I 2026-07-24 02:17:59,363] Trial 308 finished with value: 0.5236856276694074 and parameters: {'k1': 0.0024349969681608467, 'D_low': 5.311222605587897, 'k2': 3.3495410837565144e-05, 'D_high': 4953484.112473405, 'fire_exp': 1.169985075844682, 'P_half': 1.6092397424516993, 'pre_dampen_half': 12.159699815756012, 'gpp_af': 0.25667463305269034, 'gpp_b': 0.00011318300763870217, 'gpp_d': 41.47901905513356, 'ign_k': 0.22620594639331196, 'ign_c': 0.5522546396767515, 'trop_agb_crit': 1.178268976025667, 'trop_k_veg': 1.0684355598638386, 'fuel_k': 5.084495655745308, 'fuel_half': 3.1829206192460817}. Best is trial 0 with value: -0.6070628323553574.
[I 2026-07-24 02:17:59,765] Trial 309 finished with value: -0.5578533291080041 and parameters: {'k1': 0.0169889642047158, 'D_low': 67.8447807601747, 'k2': 1.2875766185357436e-05, 'D_high': 3175487.539544521, 'fire_exp': 1.1924087036141664, 'P_half': 2.9760058891504046, 'pre_dampen_half': 2.1844417033446444, 'gpp_af': 1.1580991185711533, 'gpp_b': 0.04408109667604258, 'gpp_d': 49.177892377721925, 'ign_k': 0.01051178168210921, 'ign_c': 104.12154671039131, 'trop_agb_crit': 2.5051261985092084, 'trop_k_veg': 1.9729116355235872, 'fuel_k': 3.946002468739151, 'fuel_half': 0.6174984382410528}. Best is trial 0 with value: -0.6070628323553574.
[I 2026-07-24 02:18:00,173] Trial 310 finished with value: 0.5925453351936292 and parameters: {'k1': 0.01175199913808549, 'D_low': 259.3466476943652, 'k2': 2.8396770494609145e-05, 'D_high': 411846.24504170683, 'fire_exp': 5.187909655031212, 'P_half': 166.15279869687302, 'pre_dampen_half': 281.19853863366063, 'gpp_af': 6.619673737409896, 'gpp_b': 0.005219018051755414, 'gpp_d': 4.61371704943179, 'ign_k': 0.07512023095318392, 'ign_c': 0.6944348620406228, 'trop_agb_crit': 14.487774834838193, 'trop_k_veg': 5.248920663289279, 'fuel_k': 2.9287658109125725, 'fuel_half': 5.080446389297587}. Best is trial 0 with value: -0.6070628323553574.
[I 2026-07-24 02:18:00,575] Trial 311 finished with value: 0.6564090701737716 and parameters: {'k1': 0.0007319517301897564, 'D_low': 214.77937711165868, 'k2': 0.0022245354958711026, 'D_high': 156980.3157698009, 'fire_exp': 2.2604731816295285, 'P_half': 1.1150792001449403, 'pre_dampen_half': 1.395139060256056, 'gpp_af': 2.5592923740803712, 'gpp_b': 0.0149621665007633, 'gpp_d': 96.85559608492584, 'ign_k': 4.306903482097038, 'ign_c': 32.786975883316614, 'trop_agb_crit': 3.3024676844428655, 'trop_k_veg': 1.0801512295748386, 'fuel_k': 0.4008455946803563, 'fuel_half': 1.5549636006719538}. Best is trial 0 with value: -0.6070628323553574.
[I 2026-07-24 02:18:00,979] Trial 312 finished with value: 0.5614989056830564 and parameters: {'k1': 0.03977898082917615, 'D_low': 7.73223076464559, 'k2': 2.6731733647273112e-05, 'D_high': 260981.97470117736, 'fire_exp': 2.493265905565851, 'P_half': 16.244080489973555, 'pre_dampen_half': 0.02841584867635893, 'gpp_af': 0.14420008255522668, 'gpp_b': 0.006189450937700295, 'gpp_d': 518.8070533602933, 'ign_k': 0.006426760269938059, 'ign_c': 2.5079492707465563, 'trop_agb_crit': 3.064332373624327, 'trop_k_veg': 3.2371214575039655, 'fuel_k': 5.405461188388056, 'fuel_half': 0.24034060457425616}. Best is trial 0 with value: -0.6070628323553574.
[I 2026-07-24 02:18:01,383] Trial 313 finished with value: 0.5703130345042946 and parameters: {'k1': 0.06781555662296189, 'D_low': 7.201253915999676, 'k2': 0.00016965761194410333, 'D_high': 8265025.801222689, 'fire_exp': 1.4941169251945972, 'P_half': 11.47169408725574, 'pre_dampen_half': 0.18905455361251033, 'gpp_af': 45.92609424968634, 'gpp_b': 0.06813421703979707, 'gpp_d': 16.971985839817332, 'ign_k': 0.0019446074132471302, 'ign_c': 38.15042276238638, 'trop_agb_crit': 3.245920549612247, 'trop_k_veg': 2.09769443594796, 'fuel_k': 2.912986311672093, 'fuel_half': 1.187009833451451}. Best is trial 0 with value: -0.6070628323553574.
[I 2026-07-24 02:18:01,795] Trial 314 finished with value: 0.6445374145881376 and parameters: {'k1': 0.00856926376773577, 'D_low': 21.135138543436895, 'k2': 5.3435409138802494e-05, 'D_high': 7405927.972729533, 'fire_exp': 1.641793954674118, 'P_half': 1.1983880653338865, 'pre_dampen_half': 2.411342710609999, 'gpp_af': 5.407298432526398, 'gpp_b': 0.1836194242371406, 'gpp_d': 4.931294951523726, 'ign_k': 0.04653857111838448, 'ign_c': 227.99103274290397, 'trop_agb_crit': 3.036667549550701, 'trop_k_veg': 2.6976505912789013, 'fuel_k': 1.4239549479453102, 'fuel_half': 2.701894149000015}. Best is trial 0 with value: -0.6070628323553574.
[I 2026-07-24 02:18:02,210] Trial 315 finished with value: 0.6318568576728022 and parameters: {'k1': 0.023403711831259652, 'D_low': 4968.44226153831, 'k2': 1.8911968670796267e-05, 'D_high': 1476356.77208245, 'fire_exp': 1.0142643655515418, 'P_half': 35.12795752952258, 'pre_dampen_half': 816.7911959965937, 'gpp_af': 1.1713900754978337, 'gpp_b': 5.396658819979135, 'gpp_d': 56.33245872409857, 'ign_k': 0.003076088205887565, 'ign_c': 810.3156570151597, 'trop_agb_crit': 1.8260305643898342, 'trop_k_veg': 5.316340871796058, 'fuel_k': 1.205168405094611, 'fuel_half': 2.7026579697629676}. Best is trial 0 with value: -0.6070628323553574.
[I 2026-07-24 02:18:02,616] Trial 316 finished with value: 0.4426132483301496 and parameters: {'k1': 0.0001076479443770671, 'D_low': 8.671772266726059, 'k2': 1.556743720999041e-05, 'D_high': 1175358.825651534, 'fire_exp': 1.1297273297491082, 'P_half': 7.429128807184824, 'pre_dampen_half': 0.6357790854967488, 'gpp_af': 43.44040256961993, 'gpp_b': 0.004574476401863356, 'gpp_d': 77.26334353132485, 'ign_k': 0.0015223934571927248, 'ign_c': 0.4431386485689818, 'trop_agb_crit': 1.3280854951545509, 'trop_k_veg': 1.8061309791635665, 'fuel_k': 2.8233193283951965, 'fuel_half': 0.11414838277359375}. Best is trial 0 with value: -0.6070628323553574.
[I 2026-07-24 02:18:03,022] Trial 317 finished with value: 0.5042441037765346 and parameters: {'k1': 0.009067182996659758, 'D_low': 663.9998394535372, 'k2': 1.1972457073439239e-05, 'D_high': 772911.7338102097, 'fire_exp': 1.0952399058020108, 'P_half': 2.7522089563210415, 'pre_dampen_half': 0.14241831235277524, 'gpp_af': 6.446762579233925, 'gpp_b': 0.10958867203568738, 'gpp_d': 743.8236965257116, 'ign_k': 0.00599429585361656, 'ign_c': 105.63723970467188, 'trop_agb_crit': 1.3208579735647445, 'trop_k_veg': 2.7946690167617216, 'fuel_k': 2.609334323400242, 'fuel_half': 0.47026453504252136}. Best is trial 0 with value: -0.6070628323553574.
[I 2026-07-24 02:18:03,444] Trial 318 finished with value: 0.5570885641341453 and parameters: {'k1': 0.00580732428101559, 'D_low': 6.935047279931943, 'k2': 1.0754049181498362e-05, 'D_high': 3810546.6198368752, 'fire_exp': 1.771205016735388, 'P_half': 17.88650273496077, 'pre_dampen_half': 0.13604077924289884, 'gpp_af': 13.566717528398403, 'gpp_b': 0.0002696570758225921, 'gpp_d': 327.9729865773401, 'ign_k': 0.17139931471590103, 'ign_c': 26.45429139325309, 'trop_agb_crit': 1.9718550806979622, 'trop_k_veg': 0.6530697162107341, 'fuel_k': 2.4927492631620183, 'fuel_half': 18.33134657055671}. Best is trial 0 with value: -0.6070628323553574.
[I 2026-07-24 02:18:03,849] Trial 319 finished with value: 0.5029424155976441 and parameters: {'k1': 0.00431000429273834, 'D_low': 116.23276295637318, 'k2': 8.541496976777158e-05, 'D_high': 912974.9727807615, 'fire_exp': 1.6670132965601188, 'P_half': 1.3621362488086741, 'pre_dampen_half': 0.01442005200985307, 'gpp_af': 3.9728252430540185, 'gpp_b': 1.4538468821097717e-05, 'gpp_d': 214.35804427967832, 'ign_k': 0.8150104926207771, 'ign_c': 21.76648345026702, 'trop_agb_crit': 1.0410165463415284, 'trop_k_veg': 1.0353591842066139, 'fuel_k': 2.3003550439565568, 'fuel_half': 0.4962741027307449}. Best is trial 0 with value: -0.6070628323553574.
[I 2026-07-24 02:18:04,256] Trial 320 finished with value: -0.46970313246502504 and parameters: {'k1': 0.03255139700815943, 'D_low': 453.72541307666944, 'k2': 2.511116116623163e-05, 'D_high': 3078198.3752568304, 'fire_exp': 1.2412349982428978, 'P_half': 1.4355498319084965, 'pre_dampen_half': 1.9637867968511111, 'gpp_af': 9.962719000536094, 'gpp_b': 0.0027943183134324758, 'gpp_d': 1.9662085960658906, 'ign_k': 0.003804712524034084, 'ign_c': 109.43794465941875, 'trop_agb_crit': 1.6478827897485993, 'trop_k_veg': 1.141449557812551, 'fuel_k': 3.604826095891174, 'fuel_half': 0.13175177006330957}. Best is trial 0 with value: -0.6070628323553574.
[I 2026-07-24 02:18:04,667] Trial 321 finished with value: 0.585010514321692 and parameters: {'k1': 0.0068263529117722046, 'D_low': 275.48113606402444, 'k2': 1.0279513389182838e-05, 'D_high': 1331451.073177669, 'fire_exp': 1.3130194164750095, 'P_half': 1.0389882114025062, 'pre_dampen_half': 3.234449505922574, 'gpp_af': 9.082339738666782, 'gpp_b': 0.003663124809863574, 'gpp_d': 351.0966338340386, 'ign_k': 0.020644909007636037, 'ign_c': 285.7227884281119, 'trop_agb_crit': 1.7535936512167574, 'trop_k_veg': 0.8468369312397221, 'fuel_k': 2.4906672471535183, 'fuel_half': 0.5321914740895365}. Best is trial 0 with value: -0.6070628323553574.
[I 2026-07-24 02:18:05,076] Trial 322 finished with value: -0.5576949799386988 and parameters: {'k1': 0.03762796158679955, 'D_low': 3268.15564601199, 'k2': 7.766608821042819e-05, 'D_high': 1153211.3492649335, 'fire_exp': 1.613953570341192, 'P_half': 28.8552382390115, 'pre_dampen_half': 2.735863733157809, 'gpp_af': 6.72320815524028, 'gpp_b': 0.00017033965677462534, 'gpp_d': 174.4817531547209, 'ign_k': 0.040669709485629285, 'ign_c': 0.43217765323547297, 'trop_agb_crit': 2.1885158883003837, 'trop_k_veg': 0.5493845494452265, 'fuel_k': 2.9493523089850293, 'fuel_half': 1.526569770149089}. Best is trial 0 with value: -0.6070628323553574.
[I 2026-07-24 02:18:05,506] Trial 323 finished with value: 0.47937802675204566 and parameters: {'k1': 0.015009300722839174, 'D_low': 12.35239047048387, 'k2': 1.0515073625152855e-05, 'D_high': 369760.6051469112, 'fire_exp': 1.429322448417521, 'P_half': 245.6105813497284, 'pre_dampen_half': 0.10806527970953961, 'gpp_af': 0.39413975831029063, 'gpp_b': 6.571278674479314e-05, 'gpp_d': 615.0687602181657, 'ign_k': 0.04011438446603501, 'ign_c': 0.8814473104910657, 'trop_agb_crit': 1.273500345474723, 'trop_k_veg': 1.9421490751257735, 'fuel_k': 2.6140541896810867, 'fuel_half': 0.13788022737569144}. Best is trial 0 with value: -0.6070628323553574.
[I 2026-07-24 02:18:05,914] Trial 324 finished with value: 0.6049687260844878 and parameters: {'k1': 0.01691126113998877, 'D_low': 159.07407334091258, 'k2': 0.0016056057359342204, 'D_high': 942.0711531904725, 'fire_exp': 2.104172377410667, 'P_half': 1.8776172430475235, 'pre_dampen_half': 0.7165951045882355, 'gpp_af': 2.528372429512044, 'gpp_b': 7.292204061209746e-05, 'gpp_d': 492.8035760455589, 'ign_k': 0.3139748176606303, 'ign_c': 1.1598911128505072, 'trop_agb_crit': 4.370434988421662, 'trop_k_veg': 2.7040089148159137, 'fuel_k': 2.869408733874337, 'fuel_half': 0.4699079949924378}. Best is trial 0 with value: -0.6070628323553574.
[I 2026-07-24 02:18:06,320] Trial 325 finished with value: 0.5353140450100944 and parameters: {'k1': 0.04583940408425389, 'D_low': 38530.7014262198, 'k2': 0.0002712671962927224, 'D_high': 4313079.6097783195, 'fire_exp': 1.375317130237534, 'P_half': 52.97989115951136, 'pre_dampen_half': 2.0255471943860823, 'gpp_af': 15.787261433242945, 'gpp_b': 4.2213905427772705e-05, 'gpp_d': 879.8633947943699, 'ign_k': 0.03719975564298295, 'ign_c': 1.247170477980436, 'trop_agb_crit': 2.7318649949739426, 'trop_k_veg': 0.8284928859545189, 'fuel_k': 1.966006433250743, 'fuel_half': 9.560965569784466}. Best is trial 0 with value: -0.6070628323553574.
[I 2026-07-24 02:18:06,727] Trial 326 finished with value: 0.5138053953229162 and parameters: {'k1': 0.06977785086795281, 'D_low': 134.7149285517946, 'k2': 8.792231582210663e-05, 'D_high': 8498011.520693375, 'fire_exp': 1.1466147606608, 'P_half': 1.1186825951933683, 'pre_dampen_half': 0.04556561473279026, 'gpp_af': 1.122768651280999, 'gpp_b': 3.217461584006111e-05, 'gpp_d': 104.21355557702128, 'ign_k': 0.018948953228835795, 'ign_c': 0.68278832681133, 'trop_agb_crit': 1.2746377996579705, 'trop_k_veg': 0.7987905345124104, 'fuel_k': 1.7994271998200915, 'fuel_half': 3.2110787186965313}. Best is trial 0 with value: -0.6070628323553574.
[I 2026-07-24 02:18:07,136] Trial 327 finished with value: 0.5554157298081912 and parameters: {'k1': 0.04564851133435685, 'D_low': 113.388940128289, 'k2': 4.624058552087774e-05, 'D_high': 164851.14215099576, 'fire_exp': 1.2656004330585942, 'P_half': 30.219856943447148, 'pre_dampen_half': 650.2884011447244, 'gpp_af': 84.67699952903857, 'gpp_b': 9.49564165877636, 'gpp_d': 114.62566756004226, 'ign_k': 0.011680563390046889, 'ign_c': 163.22403660623786, 'trop_agb_crit': 1.271834136651574, 'trop_k_veg': 5.272650355683546, 'fuel_k': 3.8959962738900655, 'fuel_half': 0.36619765533621773}. Best is trial 0 with value: -0.6070628323553574.
[I 2026-07-24 02:18:07,550] Trial 328 finished with value: 0.48913631184620987 and parameters: {'k1': 0.022605916825237857, 'D_low': 11231.508571833692, 'k2': 0.000844852023183081, 'D_high': 269812.1447553422, 'fire_exp': 1.7738046660555242, 'P_half': 5.364085115787413, 'pre_dampen_half': 7.9559778008108415, 'gpp_af': 8.127522347896294, 'gpp_b': 0.0036700932523235598, 'gpp_d': 398.4950669214153, 'ign_k': 0.01114012038444088, 'ign_c': 0.41527327572000605, 'trop_agb_crit': 1.4677602108895718, 'trop_k_veg': 0.9532720364421536, 'fuel_k': 3.9724568558142943, 'fuel_half': 1.7330032702902742}. Best is trial 0 with value: -0.6070628323553574.
[I 2026-07-24 02:18:07,957] Trial 329 finished with value: 0.5190245076396409 and parameters: {'k1': 0.005070920569058743, 'D_low': 815.6589993461206, 'k2': 0.001171382116610898, 'D_high': 4363769.277416588, 'fire_exp': 2.0476398007576564, 'P_half': 1.0873473442398842, 'pre_dampen_half': 33.46667117741264, 'gpp_af': 3.846445478586834, 'gpp_b': 0.0004118267098688607, 'gpp_d': 2.8932109805791963, 'ign_k': 1.5325948695039469, 'ign_c': 4.460021213088251, 'trop_agb_crit': 6.942619526438985, 'trop_k_veg': 1.2085641792875437, 'fuel_k': 0.756820803318239, 'fuel_half': 10.362093903196818}. Best is trial 0 with value: -0.6070628323553574.
[I 2026-07-24 02:18:08,359] Trial 330 finished with value: 0.4879328384554922 and parameters: {'k1': 0.0026823080787328674, 'D_low': 6082.976983318876, 'k2': 2.7062226235972972e-05, 'D_high': 9332988.303233985, 'fire_exp': 1.0901873906140915, 'P_half': 4.722577983015942, 'pre_dampen_half': 3.094536072341666, 'gpp_af': 0.3429491048749625, 'gpp_b': 0.07780682580509256, 'gpp_d': 10.552334985420273, 'ign_k': 0.002199646092007304, 'ign_c': 50.509421540885015, 'trop_agb_crit': 3.462583891158935, 'trop_k_veg': 3.2124364566039305, 'fuel_k': 2.3122471476654716, 'fuel_half': 1.5262825038930217}. Best is trial 0 with value: -0.6070628323553574.
[I 2026-07-24 02:18:08,774] Trial 331 finished with value: 0.4361030014691888 and parameters: {'k1': 0.003152652822248205, 'D_low': 3231.2688529566876, 'k2': 1.9640311431890484e-05, 'D_high': 240426.84938824116, 'fire_exp': 1.312365527545481, 'P_half': 7.656491428952643, 'pre_dampen_half': 0.17349697644605022, 'gpp_af': 2.3479529252587783, 'gpp_b': 0.0009758142889170733, 'gpp_d': 431.34257087226536, 'ign_k': 0.1840601384012046, 'ign_c': 1.1270083299327525, 'trop_agb_crit': 1.2503797372409373, 'trop_k_veg': 4.1643540500513305, 'fuel_k': 5.4185965807563115, 'fuel_half': 0.4389081415911318}. Best is trial 0 with value: -0.6070628323553574.
[I 2026-07-24 02:18:09,185] Trial 332 finished with value: 0.5107471344392934 and parameters: {'k1': 0.02325515138338527, 'D_low': 780.8514387515727, 'k2': 0.010578739210632444, 'D_high': 1793796.4642319095, 'fire_exp': 2.180233323806727, 'P_half': 2.3797354470299976, 'pre_dampen_half': 6.2964237737870405, 'gpp_af': 0.23402878963485116, 'gpp_b': 0.14283360356844124, 'gpp_d': 306.35071136028546, 'ign_k': 8.57037868109027, 'ign_c': 1.129624336765557, 'trop_agb_crit': 5.083385053757731, 'trop_k_veg': 1.7921774992855493, 'fuel_k': 0.3883394645773284, 'fuel_half': 5.016251195221166}. Best is trial 0 with value: -0.6070628323553574.
[I 2026-07-24 02:18:09,592] Trial 333 finished with value: -0.5892379748700197 and parameters: {'k1': 0.0031711086253847502, 'D_low': 310.840690224847, 'k2': 0.0013142518789884697, 'D_high': 3038904.956759569, 'fire_exp': 1.8089640645864768, 'P_half': 1.9939969401376225, 'pre_dampen_half': 1.1948758414604685, 'gpp_af': 2.649008003923264, 'gpp_b': 0.045983565705872066, 'gpp_d': 9.365824901043267, 'ign_k': 0.4966589209539466, 'ign_c': 1.0181564671210357, 'trop_agb_crit': 10.580645647155436, 'trop_k_veg': 0.975244432970774, 'fuel_k': 1.3839957803687124, 'fuel_half': 0.45523985800676586}. Best is trial 0 with value: -0.6070628323553574.
[I 2026-07-24 02:18:09,996] Trial 334 finished with value: -0.5237450978565652 and parameters: {'k1': 0.023547509242884176, 'D_low': 694.381457491551, 'k2': 0.00012277979117139231, 'D_high': 4815843.358370968, 'fire_exp': 1.6831820440554444, 'P_half': 5.277860688505352, 'pre_dampen_half': 9.386690556166727, 'gpp_af': 1.9796735036276256, 'gpp_b': 0.0038900193118542917, 'gpp_d': 209.67557606308432, 'ign_k': 0.0015591572928524793, 'ign_c': 16.49633274737448, 'trop_agb_crit': 4.741226300904777, 'trop_k_veg': 1.4417411988361626, 'fuel_k': 0.18879875945801217, 'fuel_half': 0.23998360419569909}. Best is trial 0 with value: -0.6070628323553574.
[I 2026-07-24 02:18:10,401] Trial 335 finished with value: 0.4799316106474685 and parameters: {'k1': 0.0025258179573610087, 'D_low': 45.39358286880581, 'k2': 0.0001869326918844423, 'D_high': 108040.56255348312, 'fire_exp': 1.6377129302011835, 'P_half': 4.800955828004875, 'pre_dampen_half': 34.33942822256526, 'gpp_af': 2.390717609082035, 'gpp_b': 0.5392278611180843, 'gpp_d': 14.844519511968004, 'ign_k': 0.9704932956792535, 'ign_c': 1.0655810473855953, 'trop_agb_crit': 9.25096367583761, 'trop_k_veg': 0.9413360965754181, 'fuel_k': 0.8985422075180308, 'fuel_half': 0.11657032804566671}. Best is trial 0 with value: -0.6070628323553574.
[I 2026-07-24 02:18:10,808] Trial 336 finished with value: 0.5600205606560864 and parameters: {'k1': 0.0017456389832094326, 'D_low': 1455.762180322325, 'k2': 2.365837630281549e-05, 'D_high': 4011.7130523796973, 'fire_exp': 1.2995488019509487, 'P_half': 8.390201478314875, 'pre_dampen_half': 0.04593534433482464, 'gpp_af': 23.280975276096893, 'gpp_b': 1.5241683097093481e-05, 'gpp_d': 441.1607408493076, 'ign_k': 1.9209484737937772, 'ign_c': 19.108761968943277, 'trop_agb_crit': 3.7192031129887675, 'trop_k_veg': 0.7322900832007234, 'fuel_k': 4.022942441738317, 'fuel_half': 0.4813141270942617}. Best is trial 0 with value: -0.6070628323553574.
[I 2026-07-24 02:18:11,214] Trial 337 finished with value: 0.5762194511492622 and parameters: {'k1': 0.01945980412929619, 'D_low': 1174.1087556807702, 'k2': 3.611465601650035e-05, 'D_high': 610859.992146251, 'fire_exp': 2.4172813252111336, 'P_half': 12.463363532324863, 'pre_dampen_half': 0.13911447215466566, 'gpp_af': 32.59636971548019, 'gpp_b': 0.003996310344445822, 'gpp_d': 68.91684449624063, 'ign_k': 0.0032651960113878405, 'ign_c': 0.6117071670763522, 'trop_agb_crit': 2.186013348901068, 'trop_k_veg': 0.5659576199028904, 'fuel_k': 1.78038204063975, 'fuel_half': 0.5847382374673671}. Best is trial 0 with value: -0.6070628323553574.
[I 2026-07-24 02:18:11,628] Trial 338 finished with value: 0.5679840434424717 and parameters: {'k1': 0.005483288578816697, 'D_low': 47.64471979432533, 'k2': 3.819274492810492e-05, 'D_high': 973548.4237093538, 'fire_exp': 1.5073601238355114, 'P_half': 10.448575512082874, 'pre_dampen_half': 0.08386941630372949, 'gpp_af': 1.515816142445344, 'gpp_b': 0.16409695154796558, 'gpp_d': 3.131026139019308, 'ign_k': 0.0026449095074866243, 'ign_c': 275.010662708166, 'trop_agb_crit': 6.542517594739162, 'trop_k_veg': 2.2095123012748776, 'fuel_k': 2.590232970348688, 'fuel_half': 0.2352222196824092}. Best is trial 0 with value: -0.6070628323553574.
