[I 2026-06-10 21:52:06,763] Trial 1155 finished with values: [10.217275400690752, 10.217275400690752] and parameters: {'k1': 0.0868318308250935, 'D_low': 40.12413353131991, 'k2': 9.019549482887357e-05, 'D_high': 1384.332853353327, 'fire_exp': 1.2781983515972553, 'P_half': 221.2683656611821, 'pre_dampen_half': 857.6556763881457, 'gpp_af': 0.1803834632715615, 'gpp_b': 3.0928016934506246e-05, 'gpp_d': 6.478643450593011, 'ign_k': 5.351470428717437, 'ign_c': 0.6004682478324445, 'trop_agb_crit': 2.679156169946616, 'trop_k_veg': 0.5856939449129789, 'fuel_k': 0.4182971994460706, 'fuel_half': 11.781063202742125}.
[I 2026-06-10 21:52:08,466] Trial 1156 finished with values: [-0.8100702469331451, 0.11065523656419096] and parameters: {'k1': 0.05466937478766084, 'D_low': 5.351452349843333, 'k2': 0.002884223471687844, 'D_high': 2289.1315306837046, 'fire_exp': 1.4126958348191876, 'P_half': 221.2683656611821, 'pre_dampen_half': 857.6556763881457, 'gpp_af': 0.3002317246575309, 'gpp_b': 0.005419266601560437, 'gpp_d': 6.478643450593011, 'ign_k': 1.1044350847124695, 'ign_c': 22.126836566118193, 'trop_agb_crit': 10.215415653610627, 'trop_k_veg': 4.7254560805090735, 'fuel_k': 5.450674461711213, 'fuel_half': 11.781063202742125}.
[I 2026-06-10 21:52:10,474] Trial 1157 finished with values: [-0.8013467093046766, 0.14301228472696192] and parameters: {'k1': 0.012840669372724958, 'D_low': 5.351452349843333, 'k2': 0.002884223471687844, 'D_high': 2289.1315306837046, 'fire_exp': 1.2781983515972553, 'P_half': 221.2683656611821, 'pre_dampen_half': 857.6556763881457, 'gpp_af': 0.3002317246575309, 'gpp_b': 0.005419266601560437, 'gpp_d': 229.41380323183625, 'ign_k': 5.351470428717437, 'ign_c': 22.126836566118193, 'trop_agb_crit': 10.215415653610627, 'trop_k_veg': 3.376529607942905, 'fuel_k': 4.710433409437072, 'fuel_half': 11.781063202742125}.
[I 2026-06-10 21:52:12,351] Trial 1158 finished with values: [-0.8025651393143697, 0.2743977819187885] and parameters: {'k1': 0.012840669372724958, 'D_low': 5.351452349843333, 'k2': 0.002884223471687844, 'D_high': 2289.1315306837046, 'fire_exp': 1.2781983515972553, 'P_half': 221.2683656611821, 'pre_dampen_half': 857.6556763881457, 'gpp_af': 0.3002317246575309, 'gpp_b': 1.284284091405877e-05, 'gpp_d': 6.478643450593011, 'ign_k': 5.351470428717437, 'ign_c': 22.126836566118193, 'trop_agb_crit': 2.679156169946616, 'trop_k_veg': 6.45312300188076, 'fuel_k': 4.710433409437072, 'fuel_half': 11.781063202742125}.
[I 2026-06-10 21:52:14,063] Trial 1159 finished with values: [-0.8094345798847532, 0.1250730557520513] and parameters: {'k1': 0.012840669372724958, 'D_low': 5.351452349843333, 'k2': 0.002884223471687844, 'D_high': 2289.1315306837046, 'fire_exp': 1.2781983515972553, 'P_half': 221.2683656611821, 'pre_dampen_half': 857.6556763881457, 'gpp_af': 0.3002317246575309, 'gpp_b': 0.005419266601560437, 'gpp_d': 229.41380323183625, 'ign_k': 1.1044350847124695, 'ign_c': 22.126836566118193, 'trop_agb_crit': 10.215415653610627, 'trop_k_veg': 4.6587922535200255, 'fuel_k': 4.710433409437072, 'fuel_half': 11.781063202742125}.
[I 2026-06-10 21:52:15,730] Trial 1160 finished with values: [10.151412207659472, 10.151412207659472] and parameters: {'k1': 0.012840669372724958, 'D_low': 5.351452349843333, 'k2': 0.002884223471687844, 'D_high': 3512.7047262708465, 'fire_exp': 1.2781983515972553, 'P_half': 1224.75692929812, 'pre_dampen_half': 857.6556763881457, 'gpp_af': 0.3002317246575309, 'gpp_b': 1.4554742532635854e-05, 'gpp_d': 229.41380323183625, 'ign_k': 1.1044350847124695, 'ign_c': 22.126836566118193, 'trop_agb_crit': 10.215415653610627, 'trop_k_veg': 4.6587922535200255, 'fuel_k': 2.6581325685307915, 'fuel_half': 11.781063202742125}.
[I 2026-06-10 21:52:17,528] Trial 1161 finished with values: [-0.7171275445389903, 0.2507287632799493] and parameters: {'k1': 0.0984895256018711, 'D_low': 40.12413353131991, 'k2': 0.002884223471687844, 'D_high': 3512.7047262708465, 'fire_exp': 1.2781983515972553, 'P_half': 221.2683656611821, 'pre_dampen_half': 565.0116730717873, 'gpp_af': 0.3002317246575309, 'gpp_b': 0.0009153552948098625, 'gpp_d': 229.41380323183625, 'ign_k': 5.400740686445295, 'ign_c': 22.126836566118193, 'trop_agb_crit': 10.215415653610627, 'trop_k_veg': 0.755525419933344, 'fuel_k': 0.28328975157735103, 'fuel_half': 11.781063202742125}.
[I 2026-06-10 21:52:19,292] Trial 1162 finished with values: [-0.678632253793492, 0.16864571597328248] and parameters: {'k1': 0.012840669372724958, 'D_low': 40.12413353131991, 'k2': 0.002884223471687844, 'D_high': 1384.332853353327, 'fire_exp': 1.2781983515972553, 'P_half': 221.2683656611821, 'pre_dampen_half': 857.6556763881457, 'gpp_af': 0.3002317246575309, 'gpp_b': 2.176805640408474e-05, 'gpp_d': 229.41380323183625, 'ign_k': 1.1044350847124695, 'ign_c': 22.126836566118193, 'trop_agb_crit': 10.215415653610627, 'trop_k_veg': 6.45312300188076, 'fuel_k': 0.28328975157735103, 'fuel_half': 11.781063202742125}.
[I 2026-06-10 21:52:20,812] Trial 1163 finished with values: [10.079498370806235, 10.079498370806235] and parameters: {'k1': 0.05466937478766084, 'D_low': 97.43142535650219, 'k2': 0.002884223471687844, 'D_high': 2289.1315306837046, 'fire_exp': 1.4126958348191876, 'P_half': 221.2683656611821, 'pre_dampen_half': 857.6556763881457, 'gpp_af': 0.3002317246575309, 'gpp_b': 0.0001484082099455773, 'gpp_d': 6.478643450593011, 'ign_k': 1.0127455512700312, 'ign_c': 22.126836566118193, 'trop_agb_crit': 2.679156169946616, 'trop_k_veg': 0.5990790820095065, 'fuel_k': 4.710433409437072, 'fuel_half': 11.781063202742125}.
[I 2026-06-10 21:52:23,238] Trial 1164 finished with values: [10.220810088250888, 10.220810088250888] and parameters: {'k1': 0.012840669372724958, 'D_low': 5.351452349843333, 'k2': 0.002884223471687844, 'D_high': 717.3407578159458, 'fire_exp': 1.4126958348191876, 'P_half': 221.2683656611821, 'pre_dampen_half': 565.0116730717873, 'gpp_af': 0.3002317246575309, 'gpp_b': 0.030192753723920055, 'gpp_d': 229.41380323183625, 'ign_k': 5.351470428717437, 'ign_c': 0.4944223106753942, 'trop_agb_crit': 10.215415653610627, 'trop_k_veg': 6.45312300188076, 'fuel_k': 0.28328975157735103, 'fuel_half': 11.781063202742125}.
[I 2026-06-10 21:52:25,115] Trial 1165 finished with values: [-0.7225677441330756, 0.3500508805233442] and parameters: {'k1': 0.04333919331865372, 'D_low': 97.43142535650219, 'k2': 0.015109086063191909, 'D_high': 3512.7047262708465, 'fire_exp': 1.2781983515972553, 'P_half': 221.2683656611821, 'pre_dampen_half': 565.0116730717873, 'gpp_af': 0.3002317246575309, 'gpp_b': 4.5542534088169265e-05, 'gpp_d': 6.478643450593011, 'ign_k': 5.351470428717437, 'ign_c': 22.126836566118193, 'trop_agb_crit': 10.691477813613638, 'trop_k_veg': 6.45312300188076, 'fuel_k': 0.9221804185592763, 'fuel_half': 11.781063202742125}.
[I 2026-06-10 21:52:26,896] Trial 1166 finished with values: [-0.7922265992080398, 0.17866589120832133] and parameters: {'k1': 0.05466937478766084, 'D_low': 97.43142535650219, 'k2': 0.002173988526401145, 'D_high': 2289.1315306837046, 'fire_exp': 1.4126958348191876, 'P_half': 221.2683656611821, 'pre_dampen_half': 32.53305539860191, 'gpp_af': 0.22965432344634354, 'gpp_b': 1.284284091405877e-05, 'gpp_d': 59.94537656798816, 'ign_k': 5.351470428717437, 'ign_c': 22.126836566118193, 'trop_agb_crit': 2.679156169946616, 'trop_k_veg': 4.129715873342728, 'fuel_k': 4.710433409437072, 'fuel_half': 1.3323297901105768}.
[I 2026-06-10 21:52:28,704] Trial 1167 finished with values: [-0.8238705451530057, 0.2405184126660762] and parameters: {'k1': 0.05466937478766084, 'D_low': 5.351452349843333, 'k2': 0.002884223471687844, 'D_high': 2289.1315306837046, 'fire_exp': 1.3806513288500464, 'P_half': 221.2683656611821, 'pre_dampen_half': 857.6556763881457, 'gpp_af': 0.3002317246575309, 'gpp_b': 0.0001484082099455773, 'gpp_d': 6.478643450593011, 'ign_k': 5.351470428717437, 'ign_c': 22.126836566118193, 'trop_agb_crit': 10.215415653610627, 'trop_k_veg': 4.7254560805090735, 'fuel_k': 4.710433409437072, 'fuel_half': 11.781063202742125}.
[I 2026-06-10 21:52:30,646] Trial 1168 finished with values: [10.024846397405916, 10.024846397405916] and parameters: {'k1': 0.0014282597314566822, 'D_low': 5.351452349843333, 'k2': 0.002884223471687844, 'D_high': 2289.1315306837046, 'fire_exp': 1.2781983515972553, 'P_half': 221.2683656611821, 'pre_dampen_half': 857.6556763881457, 'gpp_af': 0.3002317246575309, 'gpp_b': 0.005419266601560437, 'gpp_d': 3.0836319738217948, 'ign_k': 1.1044350847124695, 'ign_c': 0.6004682478324445, 'trop_agb_crit': 10.215415653610627, 'trop_k_veg': 4.6587922535200255, 'fuel_k': 0.32361703768826966, 'fuel_half': 11.781063202742125}.
[I 2026-06-10 21:52:32,749] Trial 1169 finished with values: [10.76923053459326, 10.76923053459326] and parameters: {'k1': 0.05466937478766084, 'D_low': 97.43142535650219, 'k2': 0.002173988526401145, 'D_high': 2289.1315306837046, 'fire_exp': 1.2748928925302399, 'P_half': 221.2683656611821, 'pre_dampen_half': 857.6556763881457, 'gpp_af': 0.22965432344634354, 'gpp_b': 0.0001484082099455773, 'gpp_d': 14.423399576193098, 'ign_k': 1.1044350847124695, 'ign_c': 42.37604478368555, 'trop_agb_crit': 10.215415653610627, 'trop_k_veg': 4.129715873342728, 'fuel_k': 4.710433409437072, 'fuel_half': 11.781063202742125}.
[I 2026-06-10 21:52:34,620] Trial 1170 finished with values: [-0.8108665760083518, 0.11976350028551996] and parameters: {'k1': 0.012840669372724958, 'D_low': 97.43142535650219, 'k2': 0.019427308755001847, 'D_high': 2289.1315306837046, 'fire_exp': 1.2781983515972553, 'P_half': 221.2683656611821, 'pre_dampen_half': 857.6556763881457, 'gpp_af': 0.3002317246575309, 'gpp_b': 0.005419266601560437, 'gpp_d': 229.41380323183625, 'ign_k': 1.1044350847124695, 'ign_c': 22.126836566118193, 'trop_agb_crit': 10.215415653610627, 'trop_k_veg': 4.6587922535200255, 'fuel_k': 4.710433409437072, 'fuel_half': 11.781063202742125}.
[I 2026-06-10 21:52:36,424] Trial 1171 finished with values: [10.426717797135973, 10.426717797135973] and parameters: {'k1': 0.05466937478766084, 'D_low': 37.35862630812753, 'k2': 0.002173988526401145, 'D_high': 3512.7047262708465, 'fire_exp': 2.40115395975586, 'P_half': 221.2683656611821, 'pre_dampen_half': 565.0116730717873, 'gpp_af': 0.22965432344634354, 'gpp_b': 0.030192753723920055, 'gpp_d': 6.478643450593011, 'ign_k': 1.1044350847124695, 'ign_c': 22.126836566118193, 'trop_agb_crit': 2.679156169946616, 'trop_k_veg': 4.129715873342728, 'fuel_k': 4.710433409437072, 'fuel_half': 11.781063202742125}.
[I 2026-06-10 21:52:38,271] Trial 1172 finished with values: [10.621284990624478, 10.621284990624478] and parameters: {'k1': 0.05466937478766084, 'D_low': 1266.0399313541811, 'k2': 0.015109086063191909, 'D_high': 3512.7047262708465, 'fire_exp': 1.2781983515972553, 'P_half': 221.2683656611821, 'pre_dampen_half': 565.0116730717873, 'gpp_af': 0.009783362909802898, 'gpp_b': 4.5542534088169265e-05, 'gpp_d': 6.478643450593011, 'ign_k': 1.1044350847124695, 'ign_c': 22.126836566118193, 'trop_agb_crit': 10.691477813613638, 'trop_k_veg': 6.45312300188076, 'fuel_k': 0.9221804185592763, 'fuel_half': 11.781063202742125}.
[I 2026-06-10 21:52:40,178] Trial 1173 finished with values: [-0.7837684304228869, 0.24904786733319884] and parameters: {'k1': 0.05466937478766084, 'D_low': 37.35862630812753, 'k2': 0.002884223471687844, 'D_high': 2289.1315306837046, 'fire_exp': 1.4126958348191876, 'P_half': 221.2683656611821, 'pre_dampen_half': 565.0116730717873, 'gpp_af': 0.22965432344634354, 'gpp_b': 1.284284091405877e-05, 'gpp_d': 6.478643450593011, 'ign_k': 5.351470428717437, 'ign_c': 22.126836566118193, 'trop_agb_crit': 2.679156169946616, 'trop_k_veg': 4.7254560805090735, 'fuel_k': 4.710433409437072, 'fuel_half': 11.781063202742125}.
[I 2026-06-10 21:52:42,033] Trial 1174 finished with values: [10.702662344082642, 10.702662344082642] and parameters: {'k1': 0.05466937478766084, 'D_low': 97.43142535650219, 'k2': 0.002173988526401145, 'D_high': 2289.1315306837046, 'fire_exp': 1.1103154430776774, 'P_half': 7209.524393416554, 'pre_dampen_half': 32.53305539860191, 'gpp_af': 0.22965432344634354, 'gpp_b': 0.00012118589392553798, 'gpp_d': 229.41380323183625, 'ign_k': 0.6059999467262209, 'ign_c': 22.126836566118193, 'trop_agb_crit': 10.215415653610627, 'trop_k_veg': 3.376529607942905, 'fuel_k': 0.28328975157735103, 'fuel_half': 1.3323297901105768}.
[I 2026-06-10 21:52:44,796] Trial 1175 finished with values: [-0.7287923408123953, 0.21979537001468208] and parameters: {'k1': 0.05466937478766084, 'D_low': 37.35862630812753, 'k2': 0.002884223471687844, 'D_high': 2289.1315306837046, 'fire_exp': 1.4126958348191876, 'P_half': 221.2683656611821, 'pre_dampen_half': 565.0116730717873, 'gpp_af': 0.3002317246575309, 'gpp_b': 0.00012118589392553798, 'gpp_d': 6.478643450593011, 'ign_k': 5.351470428717437, 'ign_c': 22.126836566118193, 'trop_agb_crit': 10.215415653610627, 'trop_k_veg': 4.7254560805090735, 'fuel_k': 0.8524702596592678, 'fuel_half': 11.781063202742125}.
[I 2026-06-10 21:52:46,896] Trial 1176 finished with values: [10.276041285380904, 10.276041285380904] and parameters: {'k1': 0.05466937478766084, 'D_low': 40.12413353131991, 'k2': 0.004708159793250189, 'D_high': 3512.7047262708465, 'fire_exp': 1.2781983515972553, 'P_half': 221.2683656611821, 'pre_dampen_half': 857.6556763881457, 'gpp_af': 0.3002317246575309, 'gpp_b': 0.005419266601560437, 'gpp_d': 229.41380323183625, 'ign_k': 0.0065322957093546285, 'ign_c': 22.126836566118193, 'trop_agb_crit': 10.215415653610627, 'trop_k_veg': 4.7254560805090735, 'fuel_k': 0.4182971994460706, 'fuel_half': 11.781063202742125}.
[I 2026-06-10 21:52:49,008] Trial 1177 finished with values: [-0.707292990571456, 0.13594985717740615] and parameters: {'k1': 0.012840669372724958, 'D_low': 5.351452349843333, 'k2': 0.0012397054908843052, 'D_high': 2289.1315306837046, 'fire_exp': 1.2781983515972553, 'P_half': 221.2683656611821, 'pre_dampen_half': 857.6556763881457, 'gpp_af': 0.22965432344634354, 'gpp_b': 0.005419266601560437, 'gpp_d': 229.41380323183625, 'ign_k': 6.344955605329754, 'ign_c': 22.126836566118193, 'trop_agb_crit': 15.68644624233575, 'trop_k_veg': 4.7254560805090735, 'fuel_k': 0.06276429822427229, 'fuel_half': 11.781063202742125}.
[I 2026-06-10 21:52:51,027] Trial 1178 finished with values: [10.363115548433084, 10.363115548433084] and parameters: {'k1': 0.05466937478766084, 'D_low': 37.35862630812753, 'k2': 0.002884223471687844, 'D_high': 2289.1315306837046, 'fire_exp': 1.4126958348191876, 'P_half': 1483.944560279247, 'pre_dampen_half': 857.6556763881457, 'gpp_af': 0.3002317246575309, 'gpp_b': 0.0001484082099455773, 'gpp_d': 6.478643450593011, 'ign_k': 1.0127455512700312, 'ign_c': 22.126836566118193, 'trop_agb_crit': 9.341194710265947, 'trop_k_veg': 4.7254560805090735, 'fuel_k': 4.710433409437072, 'fuel_half': 11.781063202742125}.
[I 2026-06-10 21:52:53,075] Trial 1179 finished with values: [10.276067934278174, 10.276067934278174] and parameters: {'k1': 0.002155595057104387, 'D_low': 204.34944546648717, 'k2': 0.002173988526401145, 'D_high': 3512.7047262708465, 'fire_exp': 1.1103154430776774, 'P_half': 221.2683656611821, 'pre_dampen_half': 32.53305539860191, 'gpp_af': 0.22965432344634354, 'gpp_b': 1.284284091405877e-05, 'gpp_d': 59.94537656798816, 'ign_k': 0.6059999467262209, 'ign_c': 22.126836566118193, 'trop_agb_crit': 8.656756004052184, 'trop_k_veg': 4.129715873342728, 'fuel_k': 4.710433409437072, 'fuel_half': 11.781063202742125}.
[I 2026-06-10 21:52:55,069] Trial 1180 finished with values: [10.274808492411282, 10.274808492411282] and parameters: {'k1': 0.012840669372724958, 'D_low': 5.351452349843333, 'k2': 0.002884223471687844, 'D_high': 2289.1315306837046, 'fire_exp': 6.279342323385408, 'P_half': 10.893991584851534, 'pre_dampen_half': 857.6556763881457, 'gpp_af': 0.3002317246575309, 'gpp_b': 0.0001484082099455773, 'gpp_d': 229.41380323183625, 'ign_k': 1.1044350847124695, 'ign_c': 22.126836566118193, 'trop_agb_crit': 8.703844173724528, 'trop_k_veg': 6.45312300188076, 'fuel_k': 0.1561894197708092, 'fuel_half': 11.781063202742125}.
[I 2026-06-10 21:52:57,098] Trial 1181 finished with values: [10.103000194367777, 10.103000194367777] and parameters: {'k1': 0.012840669372724958, 'D_low': 40.12413353131991, 'k2': 0.004708159793250189, 'D_high': 3512.7047262708465, 'fire_exp': 1.2781983515972553, 'P_half': 221.2683656611821, 'pre_dampen_half': 857.6556763881457, 'gpp_af': 0.22965432344634354, 'gpp_b': 0.005419266601560437, 'gpp_d': 5.492846275210879, 'ign_k': 5.351470428717437, 'ign_c': 3.8360290787481075, 'trop_agb_crit': 10.215415653610627, 'trop_k_veg': 5.277671246299089, 'fuel_k': 4.710433409437072, 'fuel_half': 11.781063202742125}.
[I 2026-06-10 21:52:59,019] Trial 1182 finished with values: [-0.7460377327470267, 0.7614104179587193] and parameters: {'k1': 0.012840669372724958, 'D_low': 97.43142535650219, 'k2': 0.002884223471687844, 'D_high': 45746.752932774834, 'fire_exp': 1.4126958348191876, 'P_half': 221.2683656611821, 'pre_dampen_half': 857.6556763881457, 'gpp_af': 0.3002317246575309, 'gpp_b': 0.0001484082099455773, 'gpp_d': 6.478643450593011, 'ign_k': 1.0127455512700312, 'ign_c': 22.126836566118193, 'trop_agb_crit': 10.215415653610627, 'trop_k_veg': 3.376529607942905, 'fuel_k': 4.710433409437072, 'fuel_half': 11.781063202742125}.
[I 2026-06-10 21:53:00,843] Trial 1183 finished with values: [10.548347598472807, 10.548347598472807] and parameters: {'k1': 0.012840669372724958, 'D_low': 40.12413353131991, 'k2': 0.004708159793250189, 'D_high': 3512.7047262708465, 'fire_exp': 1.2781983515972553, 'P_half': 221.2683656611821, 'pre_dampen_half': 4.625347176305278, 'gpp_af': 0.22965432344634354, 'gpp_b': 0.005419266601560437, 'gpp_d': 5.492846275210879, 'ign_k': 1.1044350847124695, 'ign_c': 22.126836566118193, 'trop_agb_crit': 6.751197593534963, 'trop_k_veg': 4.7254560805090735, 'fuel_k': 4.710433409437072, 'fuel_half': 11.781063202742125}.
[I 2026-06-10 21:53:02,802] Trial 1184 finished with values: [10.574442870702713, 10.574442870702713] and parameters: {'k1': 0.03865036856259725, 'D_low': 4.283702397101485, 'k2': 0.015109086063191909, 'D_high': 3512.7047262708465, 'fire_exp': 4.964769819128179, 'P_half': 102.4585893986732, 'pre_dampen_half': 32.53305539860191, 'gpp_af': 0.053663001820106804, 'gpp_b': 0.00012118589392553798, 'gpp_d': 59.94537656798816, 'ign_k': 5.351470428717437, 'ign_c': 22.126836566118193, 'trop_agb_crit': 10.691477813613638, 'trop_k_veg': 6.45312300188076, 'fuel_k': 0.9221804185592763, 'fuel_half': 11.781063202742125}.
[I 2026-06-10 21:53:05,576] Trial 1185 finished with values: [10.555927632363728, 10.555927632363728] and parameters: {'k1': 0.05466937478766084, 'D_low': 97.43142535650219, 'k2': 0.002884223471687844, 'D_high': 2289.1315306837046, 'fire_exp': 1.2781983515972553, 'P_half': 221.2683656611821, 'pre_dampen_half': 857.6556763881457, 'gpp_af': 0.3002317246575309, 'gpp_b': 0.5748679580293362, 'gpp_d': 6.478643450593011, 'ign_k': 6.0644663134385235, 'ign_c': 22.126836566118193, 'trop_agb_crit': 10.691477813613638, 'trop_k_veg': 4.7254560805090735, 'fuel_k': 4.710433409437072, 'fuel_half': 11.781063202742125}.
[I 2026-06-10 21:53:07,340] Trial 1186 finished with values: [10.089384021474451, 10.089384021474451] and parameters: {'k1': 0.012840669372724958, 'D_low': 97.43142535650219, 'k2': 0.002884223471687844, 'D_high': 2289.1315306837046, 'fire_exp': 1.2781983515972553, 'P_half': 221.2683656611821, 'pre_dampen_half': 857.6556763881457, 'gpp_af': 0.3002317246575309, 'gpp_b': 3.0928016934506246e-05, 'gpp_d': 0.38353798771897596, 'ign_k': 5.351470428717437, 'ign_c': 22.126836566118193, 'trop_agb_crit': 2.679156169946616, 'trop_k_veg': 3.376529607942905, 'fuel_k': 4.710433409437072, 'fuel_half': 11.781063202742125}.
[I 2026-06-10 21:53:08,947] Trial 1187 finished with values: [-0.8193188114129448, 0.27035329761071647] and parameters: {'k1': 0.012840669372724958, 'D_low': 37.35862630812753, 'k2': 0.002173988526401145, 'D_high': 2289.1315306837046, 'fire_exp': 1.2781983515972553, 'P_half': 221.2683656611821, 'pre_dampen_half': 565.0116730717873, 'gpp_af': 0.22965432344634354, 'gpp_b': 1.284284091405877e-05, 'gpp_d': 229.41380323183625, 'ign_k': 5.351470428717437, 'ign_c': 22.126836566118193, 'trop_agb_crit': 10.215415653610627, 'trop_k_veg': 4.7254560805090735, 'fuel_k': 4.710433409437072, 'fuel_half': 11.781063202742125}.
[I 2026-06-10 21:53:10,592] Trial 1188 finished with values: [-0.8143222548642933, 0.19210942901207895] and parameters: {'k1': 0.05466937478766084, 'D_low': 5.351452349843333, 'k2': 0.002884223471687844, 'D_high': 2289.1315306837046, 'fire_exp': 1.2781983515972553, 'P_half': 221.2683656611821, 'pre_dampen_half': 565.0116730717873, 'gpp_af': 0.3002317246575309, 'gpp_b': 0.0009153552948098625, 'gpp_d': 229.41380323183625, 'ign_k': 5.351470428717437, 'ign_c': 22.126836566118193, 'trop_agb_crit': 10.215415653610627, 'trop_k_veg': 4.6587922535200255, 'fuel_k': 4.710433409437072, 'fuel_half': 11.781063202742125}.
[I 2026-06-10 21:53:12,376] Trial 1189 finished with values: [10.031268148675359, 10.031268148675359] and parameters: {'k1': 0.012840669372724958, 'D_low': 5.351452349843333, 'k2': 0.002884223471687844, 'D_high': 2289.1315306837046, 'fire_exp': 1.4126958348191876, 'P_half': 13.30003421978439, 'pre_dampen_half': 565.0116730717873, 'gpp_af': 19.31506993674435, 'gpp_b': 0.030192753723920055, 'gpp_d': 229.41380323183625, 'ign_k': 5.351470428717437, 'ign_c': 0.4944223106753942, 'trop_agb_crit': 10.215415653610627, 'trop_k_veg': 0.755525419933344, 'fuel_k': 0.8524702596592678, 'fuel_half': 11.781063202742125}.
