[I 2026-07-25 00:36:27,137] Trial 916 finished with value: -0.6216221627442514 and parameters: {'k1': 0.0009190983060873936, 'D_low': 1051.7909241970656, 'k2': 0.00013633271795832216, 'D_high': 137959.34421871434, 'fire_exp': 1.2724193970666333, 'P_half': 151.68518043173785, 'pre_dampen_half': 1.0826837194943295, 'gpp_af': 2.290745653559416, 'gpp_b': 0.09852285686743945, 'gpp_d': 18.088722749555362, 'ign_k': 0.10243933500789772, 'ign_c': 21.12326343621421, 'trop_agb_crit': 26.928672818331492, 'trop_k_veg': 1.612928775201161, 'gdp_gamma': 0.6395824128779013, 'cure_k': 0.004906542696680813, 'cure_p_min': 340.19753827981356, 'cure_gpp_ref': 0.9519255902112824, 'cure_agb_crit': 3.3947920137755894, 'fuel_k': 0.06619944301027206, 'fuel_half': 0.6301121530407554}. Best is trial 577 with value: -0.629883323094065.
[I 2026-07-25 00:36:27,600] Trial 917 finished with value: 0.5823837978352135 and parameters: {'k1': 0.0005746029632465625, 'D_low': 8.286587096738872, 'k2': 0.07959436277377584, 'D_high': 2498.4208911776877, 'fire_exp': 1.890928287003133, 'P_half': 25.091917409663452, 'pre_dampen_half': 3.154773557896186, 'gpp_af': 0.646846502652175, 'gpp_b': 0.01110652326263673, 'gpp_d': 169.6322269688802, 'ign_k': 0.002670622078481536, 'ign_c': 0.5490493577522098, 'trop_agb_crit': 16.039923689284826, 'trop_k_veg': 0.6757655786323222, 'gdp_gamma': 0.4650428086954105, 'cure_k': 0.04226131912528302, 'cure_p_min': 100.72541822709614, 'cure_gpp_ref': 0.16077537306317335, 'cure_agb_crit': 1.9400883539414897, 'fuel_k': 0.47461898735862335, 'fuel_half': 63.936720087746856}. Best is trial 577 with value: -0.629883323094065.
[I 2026-07-25 00:36:28,056] Trial 918 finished with value: 0.6028695124623495 and parameters: {'k1': 0.0038426873989529957, 'D_low': 3140.1818210955626, 'k2': 0.0004320968746301904, 'D_high': 1521383.5057424728, 'fire_exp': 1.9332983102098111, 'P_half': 129.52061757696023, 'pre_dampen_half': 10.234460695595628, 'gpp_af': 2.8291405396028604, 'gpp_b': 0.022871659056189517, 'gpp_d': 0.4892104494045996, 'ign_k': 2.2316892901064205, 'ign_c': 465.6865277828074, 'trop_agb_crit': 19.96660063669133, 'trop_k_veg': 1.1536154955814464, 'gdp_gamma': 0.7013672800788745, 'cure_k': 0.005917769142598101, 'cure_p_min': 399.44814585636817, 'cure_gpp_ref': 0.5272687911404116, 'cure_agb_crit': 2.0918650496599813, 'fuel_k': 0.07338928644568292, 'fuel_half': 2.815567180831173}. Best is trial 577 with value: -0.629883323094065.
[I 2026-07-25 00:36:28,515] Trial 919 finished with value: 0.5235774640844639 and parameters: {'k1': 0.0005260508117534181, 'D_low': 242.6648721454337, 'k2': 0.0004436624859327816, 'D_high': 1266294.9847379604, 'fire_exp': 1.282630496755407, 'P_half': 17.660107309646865, 'pre_dampen_half': 12.825368209836729, 'gpp_af': 0.3790661237502031, 'gpp_b': 1.368727741692586, 'gpp_d': 57.31737937286769, 'ign_k': 0.012715674495715808, 'ign_c': 30.587314443683024, 'trop_agb_crit': 15.344718588444419, 'trop_k_veg': 1.2157170735097411, 'gdp_gamma': 0.7099900249127803, 'cure_k': 0.0023901839950052073, 'cure_p_min': 352.4555139936172, 'cure_gpp_ref': 0.7673470402836589, 'cure_agb_crit': 4.5555326487514956, 'fuel_k': 0.063358988607898, 'fuel_half': 0.2888673006480194}. Best is trial 577 with value: -0.629883323094065.
[I 2026-07-25 00:36:28,970] Trial 920 finished with value: 0.4032132010831042 and parameters: {'k1': 0.0002359383756648435, 'D_low': 119.31134469049849, 'k2': 0.03493950507947336, 'D_high': 1296349.896197996, 'fire_exp': 1.0629020463437022, 'P_half': 1.7414249626597413, 'pre_dampen_half': 10.508937742221107, 'gpp_af': 0.010845533597357248, 'gpp_b': 0.012394907218051351, 'gpp_d': 98.95880622535262, 'ign_k': 0.02904166798114412, 'ign_c': 2.5575543388282655, 'trop_agb_crit': 9.280173768098978, 'trop_k_veg': 1.2396061177095279, 'gdp_gamma': 0.3790619656658546, 'cure_k': 0.12888823344146036, 'cure_p_min': 91.8073706549658, 'cure_gpp_ref': 0.17355367856440432, 'cure_agb_crit': 1.2846452718534536, 'fuel_k': 0.12490753458967353, 'fuel_half': 7.260356822855681}. Best is trial 577 with value: -0.629883323094065.
[I 2026-07-25 00:36:29,427] Trial 921 finished with value: 0.4839317314008018 and parameters: {'k1': 0.0015726353347678102, 'D_low': 252.77632861480276, 'k2': 0.00017199728744638404, 'D_high': 14760.507913204112, 'fire_exp': 1.8622298183138233, 'P_half': 260.80812892920136, 'pre_dampen_half': 1.993312140646372, 'gpp_af': 4.208839705578218, 'gpp_b': 1.2839229156165477, 'gpp_d': 11.1070034499125, 'ign_k': 0.13687363083888593, 'ign_c': 426.34375175097546, 'trop_agb_crit': 23.64307053708353, 'trop_k_veg': 1.706438345095643, 'gdp_gamma': 0.8243091759493173, 'cure_k': 0.06028251076741536, 'cure_p_min': 297.26623853561705, 'cure_gpp_ref': 1.6684023571071556, 'cure_agb_crit': 3.745750453838105, 'fuel_k': 0.133798580368351, 'fuel_half': 1.020760860667082}. Best is trial 577 with value: -0.629883323094065.
[I 2026-07-25 00:36:29,884] Trial 922 finished with value: -0.582875428328526 and parameters: {'k1': 0.0005225355430948204, 'D_low': 969.175392131684, 'k2': 0.007723987009375696, 'D_high': 3101853.5635315045, 'fire_exp': 1.1775154938201229, 'P_half': 1.0521232886505858, 'pre_dampen_half': 2.3223173626316878, 'gpp_af': 0.009451612265860844, 'gpp_b': 0.000427244605423801, 'gpp_d': 11.587589498218588, 'ign_k': 0.005491690130876869, 'ign_c': 1.7932142385558758, 'trop_agb_crit': 11.66824870299779, 'trop_k_veg': 0.7902547092617153, 'gdp_gamma': 0.274388549874926, 'cure_k': 0.03266078546016914, 'cure_p_min': 109.04243550099848, 'cure_gpp_ref': 0.05436072570368931, 'cure_agb_crit': 1.3807477765190908, 'fuel_k': 0.04433631459754069, 'fuel_half': 26.66317341467017}. Best is trial 577 with value: -0.629883323094065.
[I 2026-07-25 00:36:30,346] Trial 923 finished with value: 0.48991357367453037 and parameters: {'k1': 0.0028947749035156656, 'D_low': 1979.4133448654181, 'k2': 2.9725171758737605e-05, 'D_high': 339142.4041508311, 'fire_exp': 1.8350890130933881, 'P_half': 212.09954630088825, 'pre_dampen_half': 1.0722773608630136, 'gpp_af': 5.213991816605662, 'gpp_b': 1.0504471485111033, 'gpp_d': 236.47104957787948, 'ign_k': 0.24586623752711584, 'ign_c': 7.376381316557966, 'trop_agb_crit': 20.574995040974866, 'trop_k_veg': 0.8762475146342371, 'gdp_gamma': 0.21296628286664043, 'cure_k': 0.0025084334866448095, 'cure_p_min': 288.948574765879, 'cure_gpp_ref': 1.472656693915233, 'cure_agb_crit': 3.150700319131688, 'fuel_k': 0.016782085391453067, 'fuel_half': 1.9674634963683635}. Best is trial 577 with value: -0.629883323094065.
[I 2026-07-25 00:36:30,805] Trial 924 finished with value: 0.5104341307944107 and parameters: {'k1': 1.857997121519228e-05, 'D_low': 3058.3468333455626, 'k2': 9.3190779449324e-05, 'D_high': 1493756.058958483, 'fire_exp': 2.5811823885700647, 'P_half': 3.332710585830686, 'pre_dampen_half': 0.6224394223977985, 'gpp_af': 0.004825771308210188, 'gpp_b': 0.023067083493171457, 'gpp_d': 0.21850663848034127, 'ign_k': 0.4553131289966297, 'ign_c': 6.228793787145012, 'trop_agb_crit': 1.2494911985095785, 'trop_k_veg': 0.6625012921919412, 'gdp_gamma': 1.138047250834202, 'cure_k': 0.07269226892530535, 'cure_p_min': 357.6131606458298, 'cure_gpp_ref': 0.06533724083113852, 'cure_agb_crit': 1.5753762136982457, 'fuel_k': 0.06807048223246699, 'fuel_half': 95.98402851214007}. Best is trial 577 with value: -0.629883323094065.
[I 2026-07-25 00:36:31,261] Trial 925 finished with value: 0.4364345564727785 and parameters: {'k1': 0.0011182224808791463, 'D_low': 818.8446496615129, 'k2': 0.011117109295650747, 'D_high': 2736760.914903087, 'fire_exp': 1.1871932659479612, 'P_half': 10.544017970339887, 'pre_dampen_half': 20.18799327754985, 'gpp_af': 0.029637959449281177, 'gpp_b': 0.02814497175613678, 'gpp_d': 0.5050541341077508, 'ign_k': 0.010937668295485006, 'ign_c': 0.3069188334742717, 'trop_agb_crit': 8.947658288162751, 'trop_k_veg': 1.1449821990642466, 'gdp_gamma': 1.9694694044175776, 'cure_k': 0.019443623737403527, 'cure_p_min': 115.75080275991154, 'cure_gpp_ref': 0.1544845948449782, 'cure_agb_crit': 1.2711268470973331, 'fuel_k': 0.01685764226451134, 'fuel_half': 52.65121553736674}. Best is trial 577 with value: -0.629883323094065.
[I 2026-07-25 00:36:31,719] Trial 926 finished with value: -0.6071688298445895 and parameters: {'k1': 2.0040612888859595e-05, 'D_low': 5475.975404354116, 'k2': 0.00035760197164082626, 'D_high': 3970184.254693465, 'fire_exp': 1.0517386434051597, 'P_half': 302.7821171558084, 'pre_dampen_half': 0.25788269045386436, 'gpp_af': 1.496149761665942, 'gpp_b': 0.0011007073642785498, 'gpp_d': 43.984042211983855, 'ign_k': 0.0021780415030936413, 'ign_c': 29.400275069964433, 'trop_agb_crit': 29.47891647494668, 'trop_k_veg': 0.505428205560364, 'gdp_gamma': 1.7786983521818016, 'cure_k': 0.009064720860703574, 'cure_p_min': 103.76577885501509, 'cure_gpp_ref': 0.07182021836632119, 'cure_agb_crit': 1.4151591709726161, 'fuel_k': 0.5676032795682255, 'fuel_half': 54.46324044604853}. Best is trial 577 with value: -0.629883323094065.
[I 2026-07-25 00:36:32,176] Trial 927 finished with value: -0.5930034846039106 and parameters: {'k1': 0.009713784103664188, 'D_low': 14.377198145931489, 'k2': 0.0006893769005926408, 'D_high': 2856598.138451905, 'fire_exp': 1.0666179657495738, 'P_half': 369.0846293358584, 'pre_dampen_half': 23.84926179368064, 'gpp_af': 0.0020137286829516655, 'gpp_b': 0.0006658516269345481, 'gpp_d': 346.1444749942341, 'ign_k': 0.025286850858250512, 'ign_c': 76.36140512155062, 'trop_agb_crit': 15.849422524137639, 'trop_k_veg': 1.0116805440032544, 'gdp_gamma': 0.9585823760678359, 'cure_k': 0.003092865100477161, 'cure_p_min': 167.56236163344644, 'cure_gpp_ref': 0.0552001867865544, 'cure_agb_crit': 3.8948865992160178, 'fuel_k': 0.023044448627208575, 'fuel_half': 52.38252291150301}. Best is trial 577 with value: -0.629883323094065.
[I 2026-07-25 00:36:32,633] Trial 928 finished with value: 0.5459075318848142 and parameters: {'k1': 4.675087589933849e-05, 'D_low': 390.25473564193663, 'k2': 0.0007744748613399341, 'D_high': 7577378.596262767, 'fire_exp': 1.3103007854549267, 'P_half': 1472.7955458109518, 'pre_dampen_half': 0.02414820426979507, 'gpp_af': 2.690068377067869, 'gpp_b': 0.001327846243706717, 'gpp_d': 10.037210435101391, 'ign_k': 0.009145572385170529, 'ign_c': 1.3413667018090214, 'trop_agb_crit': 20.78051468792647, 'trop_k_veg': 0.6147423052943893, 'gdp_gamma': 1.3168252554699267, 'cure_k': 0.0019194754564968188, 'cure_p_min': 163.21771692755777, 'cure_gpp_ref': 0.06450908151584886, 'cure_agb_crit': 1.788037672696654, 'fuel_k': 0.23289316384839165, 'fuel_half': 74.86104727798846}. Best is trial 577 with value: -0.629883323094065.
[I 2026-07-25 00:36:33,099] Trial 929 finished with value: 0.4493147968612312 and parameters: {'k1': 0.040252893596779485, 'D_low': 356.3680523712806, 'k2': 0.00010519593003579807, 'D_high': 1691220.5124934474, 'fire_exp': 1.6844307484438312, 'P_half': 901.9700384531444, 'pre_dampen_half': 205.28667242804244, 'gpp_af': 0.1295145156048181, 'gpp_b': 6.944260268470762e-05, 'gpp_d': 910.4498030541691, 'ign_k': 0.1465315651399436, 'ign_c': 15.222616854574945, 'trop_agb_crit': 19.374896512431498, 'trop_k_veg': 0.5915842555878699, 'gdp_gamma': 0.5860502540318301, 'cure_k': 0.014719272800521896, 'cure_p_min': 193.98598875202362, 'cure_gpp_ref': 0.052344158553260425, 'cure_agb_crit': 5.623334939396633, 'fuel_k': 0.03209860386570211, 'fuel_half': 11.199496636791945}. Best is trial 577 with value: -0.629883323094065.
[I 2026-07-25 00:36:33,560] Trial 930 finished with value: 0.6041945412095298 and parameters: {'k1': 0.00719666709457596, 'D_low': 41.12443577584234, 'k2': 0.00016076423764076618, 'D_high': 2510341.186470906, 'fire_exp': 1.999289992030637, 'P_half': 74.18971838178445, 'pre_dampen_half': 266.5038450478971, 'gpp_af': 0.03769867188996975, 'gpp_b': 0.005870045220795583, 'gpp_d': 343.68031243411355, 'ign_k': 0.06845068227018722, 'ign_c': 316.6727483361492, 'trop_agb_crit': 10.806893375712848, 'trop_k_veg': 0.8107240123173206, 'gdp_gamma': 0.6407249408452047, 'cure_k': 0.004614509362065673, 'cure_p_min': 152.1355090670794, 'cure_gpp_ref': 0.14246629938448538, 'cure_agb_crit': 2.9159330373993417, 'fuel_k': 0.020928775869604732, 'fuel_half': 45.32717845439388}. Best is trial 577 with value: -0.629883323094065.
[I 2026-07-25 00:36:34,046] Trial 931 finished with value: -0.5312838014535444 and parameters: {'k1': 3.5098129204199506e-05, 'D_low': 410.6221074936217, 'k2': 0.0107653935812936, 'D_high': 105626.70117518071, 'fire_exp': 1.173452395141994, 'P_half': 24.578605759685026, 'pre_dampen_half': 1.8516775176506168, 'gpp_af': 27.677410329409266, 'gpp_b': 5.900468438064645e-05, 'gpp_d': 204.53472460854576, 'ign_k': 0.0011740960632259882, 'ign_c': 82.50022799054356, 'trop_agb_crit': 14.103601414290656, 'trop_k_veg': 0.5534725472141804, 'gdp_gamma': 0.35145329774471107, 'cure_k': 0.004670742351861322, 'cure_p_min': 95.81033393078842, 'cure_gpp_ref': 0.09482725781357204, 'cure_agb_crit': 1.704299589617017, 'fuel_k': 1.2426619424165044, 'fuel_half': 3.811573614718984}. Best is trial 577 with value: -0.629883323094065.
[I 2026-07-25 00:36:34,528] Trial 932 finished with value: 0.4374422641080181 and parameters: {'k1': 5.5495985537292356e-05, 'D_low': 1426.3250206859072, 'k2': 0.0004891591764087898, 'D_high': 7851247.961876711, 'fire_exp': 1.0650025301993702, 'P_half': 2859.297459647059, 'pre_dampen_half': 1.816325581097711, 'gpp_af': 0.19542095688562205, 'gpp_b': 0.0008513685803894509, 'gpp_d': 144.93003270662376, 'ign_k': 0.0010505835785042078, 'ign_c': 27.505214176882976, 'trop_agb_crit': 22.58119679376299, 'trop_k_veg': 1.0251526613756923, 'gdp_gamma': 1.042669886656687, 'cure_k': 0.019051098271814382, 'cure_p_min': 82.34984548447348, 'cure_gpp_ref': 0.0788307021551769, 'cure_agb_crit': 1.0829223185118535, 'fuel_k': 0.7875146353786927, 'fuel_half': 84.7532983165231}. Best is trial 577 with value: -0.629883323094065.
[I 2026-07-25 00:36:34,990] Trial 933 finished with value: 0.47340254341420374 and parameters: {'k1': 0.0021337425825995395, 'D_low': 4.097376996449871, 'k2': 0.0103512174034567, 'D_high': 2136432.863653612, 'fire_exp': 2.353155488038971, 'P_half': 325.1444649797058, 'pre_dampen_half': 2.965337833233429, 'gpp_af': 0.07970894428536102, 'gpp_b': 0.000451391729806146, 'gpp_d': 131.78208785097365, 'ign_k': 0.2540141311922372, 'ign_c': 2.6074114379010083, 'trop_agb_crit': 23.71534890562417, 'trop_k_veg': 0.5427640563314308, 'gdp_gamma': 0.1471534935713636, 'cure_k': 0.7640509373785511, 'cure_p_min': 135.9463919596493, 'cure_gpp_ref': 0.15517983287306636, 'cure_agb_crit': 1.4607667332469865, 'fuel_k': 0.15305446433362285, 'fuel_half': 1.1219139730928258}. Best is trial 577 with value: -0.629883323094065.
[I 2026-07-25 00:36:35,447] Trial 934 finished with value: 0.5285026897623261 and parameters: {'k1': 3.4520213486313095e-05, 'D_low': 9109.619126682686, 'k2': 1.824172142526241e-05, 'D_high': 964769.3392541531, 'fire_exp': 1.3683695874109996, 'P_half': 2149.9668196647153, 'pre_dampen_half': 2.289525312403982, 'gpp_af': 16.275848848943262, 'gpp_b': 0.011397847435059739, 'gpp_d': 31.818975606447534, 'ign_k': 0.002500244143012955, 'ign_c': 91.05459888512583, 'trop_agb_crit': 10.07761724371105, 'trop_k_veg': 0.6035357679670689, 'gdp_gamma': 1.1121922842134564, 'cure_k': 0.014184679840778366, 'cure_p_min': 103.88227615470477, 'cure_gpp_ref': 0.07377055283327048, 'cure_agb_crit': 1.9646632926968277, 'fuel_k': 0.7025543719054202, 'fuel_half': 54.91315066781156}. Best is trial 577 with value: -0.629883323094065.
[I 2026-07-25 00:36:36,005] Trial 935 finished with value: 0.5729423276420895 and parameters: {'k1': 0.028091717303823534, 'D_low': 487.4505838617365, 'k2': 0.007628228662231555, 'D_high': 3108797.9216220384, 'fire_exp': 2.5439814232958997, 'P_half': 1724.4603210423581, 'pre_dampen_half': 103.39284703931058, 'gpp_af': 0.049803671864145964, 'gpp_b': 7.24635840297544e-05, 'gpp_d': 250.6412254261507, 'ign_k': 0.008500349365688734, 'ign_c': 51.61960468928454, 'trop_agb_crit': 13.286312073851423, 'trop_k_veg': 0.5689084324310328, 'gdp_gamma': 1.134682683578072, 'cure_k': 0.006130069522669018, 'cure_p_min': 210.3726671536786, 'cure_gpp_ref': 0.3271129829270754, 'cure_agb_crit': 3.954208526581649, 'fuel_k': 0.07777666737428242, 'fuel_half': 0.6212386498471454}. Best is trial 577 with value: -0.629883323094065.
[I 2026-07-25 00:36:36,462] Trial 936 finished with value: 0.5920346856649055 and parameters: {'k1': 0.006406071427684707, 'D_low': 4.336053823568146, 'k2': 0.0005221215856264541, 'D_high': 5223780.057107088, 'fire_exp': 1.229099263785008, 'P_half': 493.15043244043966, 'pre_dampen_half': 170.16617804585078, 'gpp_af': 0.0016934252118724145, 'gpp_b': 0.00013348775340687893, 'gpp_d': 111.96738312535486, 'ign_k': 0.2847008518525873, 'ign_c': 272.6027376763807, 'trop_agb_crit': 20.702848523680338, 'trop_k_veg': 0.7843180958831871, 'gdp_gamma': 1.3110729932716039, 'cure_k': 0.019039379604291997, 'cure_p_min': 189.55579676497166, 'cure_gpp_ref': 0.07016656042976807, 'cure_agb_crit': 6.25402193403669, 'fuel_k': 0.10187873361407757, 'fuel_half': 93.17296274191844}. Best is trial 577 with value: -0.629883323094065.
[I 2026-07-25 00:36:36,918] Trial 937 finished with value: 0.5409741274503003 and parameters: {'k1': 0.0007821832555242243, 'D_low': 14.243926782529247, 'k2': 0.0015223116160201972, 'D_high': 395146.28781243716, 'fire_exp': 1.0599811733582714, 'P_half': 96.76395968495267, 'pre_dampen_half': 11.605381067428103, 'gpp_af': 0.025334953262452258, 'gpp_b': 0.0006904058480511169, 'gpp_d': 816.5806045746283, 'ign_k': 0.007442279990613916, 'ign_c': 4.971363405718033, 'trop_agb_crit': 19.646542979101678, 'trop_k_veg': 0.8304449924313417, 'gdp_gamma': 0.9928565688924456, 'cure_k': 0.01390143938974876, 'cure_p_min': 144.6223245784613, 'cure_gpp_ref': 0.05184458464666548, 'cure_agb_crit': 5.320245270769193, 'fuel_k': 0.04875945339629905, 'fuel_half': 58.00911539480814}. Best is trial 577 with value: -0.629883323094065.
[I 2026-07-25 00:36:37,376] Trial 938 finished with value: 0.5193024051116081 and parameters: {'k1': 0.00015232177016986925, 'D_low': 5200.037763796351, 'k2': 3.835867529354129e-05, 'D_high': 188456.23550591926, 'fire_exp': 1.1067640384673763, 'P_half': 151.17805281823948, 'pre_dampen_half': 1.0354395468491908, 'gpp_af': 2.685750453156896, 'gpp_b': 4.5551322340821845e-05, 'gpp_d': 5.036037032206793, 'ign_k': 0.030186329748100194, 'ign_c': 67.67435243739813, 'trop_agb_crit': 17.95925064733626, 'trop_k_veg': 0.614219627868038, 'gdp_gamma': 0.4365610069879527, 'cure_k': 0.027568649252886813, 'cure_p_min': 138.3725280963257, 'cure_gpp_ref': 0.09490157215575389, 'cure_agb_crit': 1.3323177019146561, 'fuel_k': 0.49672336090210634, 'fuel_half': 24.466882186393384}. Best is trial 577 with value: -0.629883323094065.
[I 2026-07-25 00:36:37,833] Trial 939 finished with value: 0.5932525947127243 and parameters: {'k1': 0.00025487010342855335, 'D_low': 813915.3496957785, 'k2': 0.0015457099878655241, 'D_high': 911567.7925871693, 'fire_exp': 1.1203209855370262, 'P_half': 207.21633398287258, 'pre_dampen_half': 0.015290700398151131, 'gpp_af': 0.2838659818551277, 'gpp_b': 0.008427179269355916, 'gpp_d': 259.2116540429185, 'ign_k': 0.0025710750433963953, 'ign_c': 27.230078115498717, 'trop_agb_crit': 20.34002306787806, 'trop_k_veg': 0.54188741820987, 'gdp_gamma': 0.5047361171303834, 'cure_k': 0.026015466421780285, 'cure_p_min': 93.84968789115405, 'cure_gpp_ref': 0.16696142814948461, 'cure_agb_crit': 1.2789161580799886, 'fuel_k': 0.3543724689565415, 'fuel_half': 41.36000796158294}. Best is trial 577 with value: -0.629883323094065.
[I 2026-07-25 00:36:38,289] Trial 940 finished with value: 0.5899117541246595 and parameters: {'k1': 0.00833517622564252, 'D_low': 155.13981102526168, 'k2': 0.0005415897848721658, 'D_high': 6853455.492089749, 'fire_exp': 1.388780617187179, 'P_half': 585.2659679017975, 'pre_dampen_half': 1.617591042344012, 'gpp_af': 0.001197963780329871, 'gpp_b': 0.0753332543831101, 'gpp_d': 122.7975806261428, 'ign_k': 0.014499297613409375, 'ign_c': 213.95130313028397, 'trop_agb_crit': 10.167794516500805, 'trop_k_veg': 0.9730247300440491, 'gdp_gamma': 0.1745564085910965, 'cure_k': 0.03602465585920737, 'cure_p_min': 190.991125742859, 'cure_gpp_ref': 0.1309928838244445, 'cure_agb_crit': 2.804621674668282, 'fuel_k': 0.011215273492490822, 'fuel_half': 31.481576863851064}. Best is trial 577 with value: -0.629883323094065.
[I 2026-07-25 00:36:38,752] Trial 941 finished with value: 0.5995184016782897 and parameters: {'k1': 0.07417009268588681, 'D_low': 40.14395955752741, 'k2': 0.0003176688358603966, 'D_high': 23245.542777838054, 'fire_exp': 1.036628762595437, 'P_half': 516.3350445362213, 'pre_dampen_half': 0.15204987423981758, 'gpp_af': 57.44719119993517, 'gpp_b': 9.410782689161657e-05, 'gpp_d': 452.3220442229808, 'ign_k': 2.7201883823504196, 'ign_c': 44.676465494216295, 'trop_agb_crit': 8.136412972634675, 'trop_k_veg': 1.404458822885019, 'gdp_gamma': 1.2033312221655161, 'cure_k': 0.0074937402276849295, 'cure_p_min': 304.3914970381889, 'cure_gpp_ref': 0.648184699650866, 'cure_agb_crit': 6.866385298997757, 'fuel_k': 0.0381222706609946, 'fuel_half': 0.2742978526860864}. Best is trial 577 with value: -0.629883323094065.
