[I 2026-08-06 02:33:09,010] Trial 1260 finished with values: [10.51250564456203, 10.51250564456203] and parameters: {'k1': 0.03232155805617897, 'D_low': 18.522006003174383, 'k2': 0.0004381141781653133, 'D_high': 21222.091110076937, 'fire_exp': 1.0473002272689056, 'P_half': 608.3019192425825, 'pre_dampen_half': 14.689898077648792, 'gpp_af': 2.9865936975455876, 'gpp_b': 0.6637926838138378, 'gpp_d': 300.3420512048734, 'ign_k': 3.7173717478250508, 'ign_c': 14.367095138664217}.
[I 2026-08-06 02:33:09,992] Trial 1261 finished with values: [-0.5564500229836743, 0.018722000124519522] and parameters: {'k1': 0.03232155805617897, 'D_low': 9.330007965781027, 'k2': 4.763991596630584e-05, 'D_high': 1578.0404945802954, 'fire_exp': 1.0473002272689056, 'P_half': 664.2027816373393, 'pre_dampen_half': 14.689898077648792, 'gpp_af': 22.766850248686247, 'gpp_b': 1.5938003265859821, 'gpp_d': 107.84642153666701, 'ign_k': 3.7173717478250508, 'ign_c': 14.367095138664217}.
[I 2026-08-06 02:33:10,942] Trial 1262 finished with values: [10.472518993731091, 10.472518993731091] and parameters: {'k1': 0.021368329072358756, 'D_low': 18.522006003174383, 'k2': 0.006138509947844854, 'D_high': 6455.595882939566, 'fire_exp': 1.0473002272689056, 'P_half': 608.3019192425825, 'pre_dampen_half': 14.689898077648792, 'gpp_af': 4.582731702170249, 'gpp_b': 0.35446974723746, 'gpp_d': 39.827466658711515, 'ign_k': 3.7173717478250508, 'ign_c': 14.367095138664217}.
[I 2026-08-06 02:33:11,859] Trial 1263 finished with values: [-0.5632167517941664, 0.020898650888600878] and parameters: {'k1': 0.025383218374507292, 'D_low': 18.522006003174383, 'k2': 3.5917714215176105e-05, 'D_high': 6455.595882939566, 'fire_exp': 1.0473002272689056, 'P_half': 608.3019192425825, 'pre_dampen_half': 14.689898077648792, 'gpp_af': 4.582731702170249, 'gpp_b': 0.6637926838138378, 'gpp_d': 39.827466658711515, 'ign_k': 3.7173717478250508, 'ign_c': 14.367095138664217}.
[I 2026-08-06 02:33:12,791] Trial 1264 finished with values: [10.641296870757742, 10.641296870757742] and parameters: {'k1': 0.021368329072358756, 'D_low': 12.367537614338005, 'k2': 0.006138509947844854, 'D_high': 6455.595882939566, 'fire_exp': 1.0473002272689056, 'P_half': 608.3019192425825, 'pre_dampen_half': 3.8939810275168565, 'gpp_af': 0.0311621825915585, 'gpp_b': 0.10123867001105968, 'gpp_d': 39.827466658711515, 'ign_k': 3.7173717478250508, 'ign_c': 19.19168994439752}.
[I 2026-08-06 02:33:13,693] Trial 1265 finished with values: [10.569378624479148, 10.569378624479148] and parameters: {'k1': 0.025383218374507292, 'D_low': 9.330007965781027, 'k2': 0.05790512193308814, 'D_high': 400.9149428326862, 'fire_exp': 1.0473002272689056, 'P_half': 664.2027816373393, 'pre_dampen_half': 14.689898077648792, 'gpp_af': 0.01979173167138072, 'gpp_b': 0.1676789742547917, 'gpp_d': 39.827466658711515, 'ign_k': 3.7173717478250508, 'ign_c': 14.367095138664217}.
[I 2026-08-06 02:33:14,626] Trial 1266 finished with values: [-0.5650544945496331, 0.022046890053835755] and parameters: {'k1': 0.025383218374507292, 'D_low': 18.522006003174383, 'k2': 7.915210103365496e-05, 'D_high': 400.9149428326862, 'fire_exp': 1.0473002272689056, 'P_half': 664.2027816373393, 'pre_dampen_half': 14.689898077648792, 'gpp_af': 22.766850248686247, 'gpp_b': 1.5938003265859821, 'gpp_d': 891.8036602897795, 'ign_k': 1.193692846763647, 'ign_c': 14.367095138664217}.
[I 2026-08-06 02:33:15,544] Trial 1267 finished with values: [10.629943774915798, 10.629943774915798] and parameters: {'k1': 0.08926311370835228, 'D_low': 51.9967392387832, 'k2': 0.006138509947844854, 'D_high': 2969.087094484682, 'fire_exp': 1.0473002272689056, 'P_half': 608.3019192425825, 'pre_dampen_half': 14.689898077648792, 'gpp_af': 0.004339536161007625, 'gpp_b': 0.05538281390858372, 'gpp_d': 39.827466658711515, 'ign_k': 7.799059237255681, 'ign_c': 14.367095138664217}.
[I 2026-08-06 02:33:16,444] Trial 1268 finished with values: [-0.5629810983981276, 0.02794972892801928] and parameters: {'k1': 0.03232155805617897, 'D_low': 18.522006003174383, 'k2': 0.0005231512302572119, 'D_high': 1578.0404945802954, 'fire_exp': 1.0473002272689056, 'P_half': 608.3019192425825, 'pre_dampen_half': 14.689898077648792, 'gpp_af': 4.582731702170249, 'gpp_b': 1.5938003265859821, 'gpp_d': 891.8036602897795, 'ign_k': 3.7173717478250508, 'ign_c': 14.367095138664217}.
[I 2026-08-06 02:33:17,377] Trial 1269 finished with values: [10.618709686271167, 10.618709686271167] and parameters: {'k1': 0.021368329072358756, 'D_low': 3096.8559306323946, 'k2': 4.763991596630584e-05, 'D_high': 24939.838794891497, 'fire_exp': 1.0473002272689056, 'P_half': 664.2027816373393, 'pre_dampen_half': 25.15960733455044, 'gpp_af': 16.205701454358664, 'gpp_b': 1.5938003265859821, 'gpp_d': 368.30088529547436, 'ign_k': 3.7173717478250508, 'ign_c': 3.735862630812751}.
[I 2026-08-06 02:33:18,294] Trial 1270 finished with values: [11.494704364415961, 11.494704364415961] and parameters: {'k1': 0.021368329072358756, 'D_low': 9.330007965781027, 'k2': 4.763991596630584e-05, 'D_high': 24939.838794891497, 'fire_exp': 1.0473002272689056, 'P_half': 664.2027816373393, 'pre_dampen_half': 14.689898077648792, 'gpp_af': 11.234842109991876, 'gpp_b': 0.00013080022982604522, 'gpp_d': 300.3420512048734, 'ign_k': 0.0037322156377670697, 'ign_c': 3.735862630812751}.
[I 2026-08-06 02:33:19,217] Trial 1271 finished with values: [-0.5614204553018929, 0.024831664203445403] and parameters: {'k1': 0.08926311370835228, 'D_low': 31.117676855667376, 'k2': 0.0499774937030317, 'D_high': 1578.0404945802954, 'fire_exp': 1.2680134752324452, 'P_half': 608.3019192425825, 'pre_dampen_half': 14.689898077648792, 'gpp_af': 22.766850248686247, 'gpp_b': 0.1676789742547917, 'gpp_d': 300.3420512048734, 'ign_k': 3.7173717478250508, 'ign_c': 14.367095138664217}.
[I 2026-08-06 02:33:20,150] Trial 1272 finished with values: [-0.49354782007800174, 0.012936408174739289] and parameters: {'k1': 0.025383218374507292, 'D_low': 616.4329525571076, 'k2': 4.763991596630584e-05, 'D_high': 400.9149428326862, 'fire_exp': 1.0473002272689056, 'P_half': 39.03214299767183, 'pre_dampen_half': 25.15960733455044, 'gpp_af': 22.766850248686247, 'gpp_b': 1.5938003265859821, 'gpp_d': 300.3420512048734, 'ign_k': 0.0037322156377670697, 'ign_c': 14.367095138664217}.
[I 2026-08-06 02:33:21,058] Trial 1273 finished with values: [10.389862153977235, 10.389862153977235] and parameters: {'k1': 0.025383218374507292, 'D_low': 18.522006003174383, 'k2': 4.763991596630584e-05, 'D_high': 6455.595882939566, 'fire_exp': 1.0473002272689056, 'P_half': 3113.806805121377, 'pre_dampen_half': 14.689898077648792, 'gpp_af': 22.766850248686247, 'gpp_b': 0.6637926838138378, 'gpp_d': 107.84642153666701, 'ign_k': 3.7173717478250508, 'ign_c': 14.367095138664217}.
[I 2026-08-06 02:33:21,960] Trial 1274 finished with values: [10.05373729685863, 10.05373729685863] and parameters: {'k1': 0.021368329072358756, 'D_low': 18.522006003174383, 'k2': 4.763991596630584e-05, 'D_high': 6455.595882939566, 'fire_exp': 1.010722707674549, 'P_half': 276.27089412392087, 'pre_dampen_half': 14.689898077648792, 'gpp_af': 22.766850248686247, 'gpp_b': 0.1676789742547917, 'gpp_d': 39.827466658711515, 'ign_k': 3.7173717478250508, 'ign_c': 14.367095138664217}.
[I 2026-08-06 02:33:23,385] Trial 1275 finished with values: [10.033481531084234, 10.033481531084234] and parameters: {'k1': 0.025383218374507292, 'D_low': 18.522006003174383, 'k2': 2.1835747526693533e-05, 'D_high': 400.9149428326862, 'fire_exp': 1.0473002272689056, 'P_half': 608.3019192425825, 'pre_dampen_half': 14.689898077648792, 'gpp_af': 10.30900022204182, 'gpp_b': 0.005612047270186369, 'gpp_d': 107.84642153666701, 'ign_k': 3.7173717478250508, 'ign_c': 14.367095138664217}.
[I 2026-08-06 02:33:24,493] Trial 1276 finished with values: [-0.5682260821957044, 0.027037206241379175] and parameters: {'k1': 0.021368329072358756, 'D_low': 18.522006003174383, 'k2': 4.763991596630584e-05, 'D_high': 6455.595882939566, 'fire_exp': 1.0473002272689056, 'P_half': 664.2027816373393, 'pre_dampen_half': 14.689898077648792, 'gpp_af': 4.582731702170249, 'gpp_b': 0.10123867001105968, 'gpp_d': 107.84642153666701, 'ign_k': 3.7173717478250508, 'ign_c': 14.367095138664217}.
[I 2026-08-06 02:33:25,936] Trial 1277 finished with values: [10.681851362129027, 10.681851362129027] and parameters: {'k1': 0.025383218374507292, 'D_low': 51.9967392387832, 'k2': 0.006138509947844854, 'D_high': 6455.595882939566, 'fire_exp': 1.0473002272689056, 'P_half': 958.8659498594012, 'pre_dampen_half': 14.689898077648792, 'gpp_af': 4.582731702170249, 'gpp_b': 0.000832333943844274, 'gpp_d': 891.8036602897795, 'ign_k': 0.6454459531371669, 'ign_c': 14.367095138664217}.
[I 2026-08-06 02:33:27,202] Trial 1278 finished with values: [10.696394526472575, 10.696394526472575] and parameters: {'k1': 0.025383218374507292, 'D_low': 18.522006003174383, 'k2': 2.1835747526693533e-05, 'D_high': 400.9149428326862, 'fire_exp': 3.0406670790494736, 'P_half': 177.4954658911452, 'pre_dampen_half': 14.689898077648792, 'gpp_af': 22.766850248686247, 'gpp_b': 1.5938003265859821, 'gpp_d': 368.30088529547436, 'ign_k': 3.7173717478250508, 'ign_c': 0.34191636650729956}.
[I 2026-08-06 02:33:28,230] Trial 1279 finished with values: [10.069638290656773, 10.069638290656773] and parameters: {'k1': 0.025383218374507292, 'D_low': 2.3548462628715368, 'k2': 4.763991596630584e-05, 'D_high': 400.9149428326862, 'fire_exp': 1.2039307685751104, 'P_half': 608.3019192425825, 'pre_dampen_half': 14.689898077648792, 'gpp_af': 4.582731702170249, 'gpp_b': 0.10123867001105968, 'gpp_d': 39.827466658711515, 'ign_k': 3.7173717478250508, 'ign_c': 14.367095138664217}.
[I 2026-08-06 02:33:29,147] Trial 1280 finished with values: [10.597766254159518, 10.597766254159518] and parameters: {'k1': 0.025383218374507292, 'D_low': 18.522006003174383, 'k2': 4.763991596630584e-05, 'D_high': 6455.595882939566, 'fire_exp': 1.0473002272689056, 'P_half': 664.2027816373393, 'pre_dampen_half': 43.62109214721796, 'gpp_af': 4.582731702170249, 'gpp_b': 0.6637926838138378, 'gpp_d': 891.8036602897795, 'ign_k': 3.7173717478250508, 'ign_c': 14.367095138664217}.
[I 2026-08-06 02:33:30,063] Trial 1281 finished with values: [10.351053545630139, 10.351053545630139] and parameters: {'k1': 0.0009679314683873938, 'D_low': 9.330007965781027, 'k2': 0.006138509947844854, 'D_high': 6455.595882939566, 'fire_exp': 1.0473002272689056, 'P_half': 664.2027816373393, 'pre_dampen_half': 14.689898077648792, 'gpp_af': 4.582731702170249, 'gpp_b': 0.052183838897628114, 'gpp_d': 107.84642153666701, 'ign_k': 0.055898841912785116, 'ign_c': 14.367095138664217}.
[I 2026-08-06 02:33:31,013] Trial 1282 finished with values: [-0.5414417911248939, 0.027677522721411663] and parameters: {'k1': 0.021368329072358756, 'D_low': 18.522006003174383, 'k2': 4.763991596630584e-05, 'D_high': 24939.838794891497, 'fire_exp': 1.3239942327296237, 'P_half': 664.2027816373393, 'pre_dampen_half': 14.689898077648792, 'gpp_af': 4.4416173741744, 'gpp_b': 1.5938003265859821, 'gpp_d': 300.3420512048734, 'ign_k': 3.7173717478250508, 'ign_c': 3.735862630812751}.
[I 2026-08-06 02:33:31,935] Trial 1283 finished with values: [-0.5685383754209807, 0.021924581206661298] and parameters: {'k1': 0.021368329072358756, 'D_low': 18.522006003174383, 'k2': 0.01153590300936118, 'D_high': 6455.595882939566, 'fire_exp': 1.0473002272689056, 'P_half': 608.3019192425825, 'pre_dampen_half': 14.689898077648792, 'gpp_af': 22.766850248686247, 'gpp_b': 1.5938003265859821, 'gpp_d': 39.827466658711515, 'ign_k': 3.7173717478250508, 'ign_c': 14.367095138664217}.
[I 2026-08-06 02:33:32,846] Trial 1284 finished with values: [10.075727136616834, 10.075727136616834] and parameters: {'k1': 0.08926311370835228, 'D_low': 31.117676855667376, 'k2': 4.3214816246375446e-05, 'D_high': 6455.595882939566, 'fire_exp': 1.0473002272689056, 'P_half': 608.3019192425825, 'pre_dampen_half': 14.689898077648792, 'gpp_af': 22.766850248686247, 'gpp_b': 1.5938003265859821, 'gpp_d': 39.827466658711515, 'ign_k': 3.7173717478250508, 'ign_c': 14.367095138664217}.
[I 2026-08-06 02:33:33,838] Trial 1285 finished with values: [-0.5507725037148736, 0.015313597689334046] and parameters: {'k1': 0.021368329072358756, 'D_low': 9.330007965781027, 'k2': 0.0499774937030317, 'D_high': 2759.9460825796928, 'fire_exp': 1.7164931785633317, 'P_half': 3.4786948088723384, 'pre_dampen_half': 14.689898077648792, 'gpp_af': 22.766850248686247, 'gpp_b': 0.1676789742547917, 'gpp_d': 39.827466658711515, 'ign_k': 3.7173717478250508, 'ign_c': 14.367095138664217}.
[I 2026-08-06 02:33:34,806] Trial 1286 finished with values: [10.647516459530163, 10.647516459530163] and parameters: {'k1': 0.025383218374507292, 'D_low': 18.522006003174383, 'k2': 0.006138509947844854, 'D_high': 6455.595882939566, 'fire_exp': 1.0473002272689056, 'P_half': 608.3019192425825, 'pre_dampen_half': 14.689898077648792, 'gpp_af': 4.582731702170249, 'gpp_b': 0.10123867001105968, 'gpp_d': 39.827466658711515, 'ign_k': 0.6454459531371669, 'ign_c': 14.367095138664217}.
[I 2026-08-06 02:33:35,755] Trial 1287 finished with values: [-0.5634081632354102, 0.02397967353611985] and parameters: {'k1': 0.08926311370835228, 'D_low': 31.117676855667376, 'k2': 4.763991596630584e-05, 'D_high': 1687.3495104568947, 'fire_exp': 1.0473002272689056, 'P_half': 608.3019192425825, 'pre_dampen_half': 14.689898077648792, 'gpp_af': 4.582731702170249, 'gpp_b': 0.35446974723746, 'gpp_d': 891.8036602897795, 'ign_k': 3.7173717478250508, 'ign_c': 14.367095138664217}.
[I 2026-08-06 02:33:36,769] Trial 1288 finished with values: [-0.5567423959027759, 0.019437597142421215] and parameters: {'k1': 0.021368329072358756, 'D_low': 9.330007965781027, 'k2': 4.763991596630584e-05, 'D_high': 6455.595882939566, 'fire_exp': 1.0473002272689056, 'P_half': 608.3019192425825, 'pre_dampen_half': 14.689898077648792, 'gpp_af': 5.713147414232527, 'gpp_b': 1.5938003265859821, 'gpp_d': 39.827466658711515, 'ign_k': 3.7173717478250508, 'ign_c': 14.367095138664217}.
[I 2026-08-06 02:33:37,716] Trial 1289 finished with values: [10.345075515561907, 10.345075515561907] and parameters: {'k1': 0.004244442212210019, 'D_low': 18.522006003174383, 'k2': 0.0004381141781653133, 'D_high': 6455.595882939566, 'fire_exp': 1.0473002272689056, 'P_half': 177.4954658911452, 'pre_dampen_half': 25.15960733455044, 'gpp_af': 4.582731702170249, 'gpp_b': 0.1676789742547917, 'gpp_d': 39.827466658711515, 'ign_k': 3.7173717478250508, 'ign_c': 19.19168994439752}.
[I 2026-08-06 02:33:38,634] Trial 1290 finished with values: [-0.4894502765308163, 0.051317940856301925] and parameters: {'k1': 0.03232155805617897, 'D_low': 9.330007965781027, 'k2': 4.763991596630584e-05, 'D_high': 12.728781576199358, 'fire_exp': 1.0473002272689056, 'P_half': 664.2027816373393, 'pre_dampen_half': 25.15960733455044, 'gpp_af': 60.68384709875971, 'gpp_b': 1.5938003265859821, 'gpp_d': 107.84642153666701, 'ign_k': 0.001887261434847181, 'ign_c': 14.367095138664217}.
[I 2026-08-06 02:33:39,566] Trial 1291 finished with values: [10.073790204522883, 10.073790204522883] and parameters: {'k1': 0.025383218374507292, 'D_low': 31.117676855667376, 'k2': 4.763991596630584e-05, 'D_high': 6455.595882939566, 'fire_exp': 1.0473002272689056, 'P_half': 664.2027816373393, 'pre_dampen_half': 14.689898077648792, 'gpp_af': 22.766850248686247, 'gpp_b': 2.199522084499044e-05, 'gpp_d': 107.84642153666701, 'ign_k': 3.7173717478250508, 'ign_c': 14.367095138664217}.
[I 2026-08-06 02:33:40,500] Trial 1292 finished with values: [10.50318851580316, 10.50318851580316] and parameters: {'k1': 0.021368329072358756, 'D_low': 18.522006003174383, 'k2': 4.763991596630584e-05, 'D_high': 1578.0404945802954, 'fire_exp': 1.0473002272689056, 'P_half': 664.2027816373393, 'pre_dampen_half': 25.15960733455044, 'gpp_af': 22.766850248686247, 'gpp_b': 0.0004933128725844619, 'gpp_d': 39.827466658711515, 'ign_k': 0.01113839807167031, 'ign_c': 14.367095138664217}.
[I 2026-08-06 02:33:41,433] Trial 1293 finished with values: [-0.5656412366681807, 0.025716041770966425] and parameters: {'k1': 0.025383218374507292, 'D_low': 31.117676855667376, 'k2': 9.725572961465083e-05, 'D_high': 1687.3495104568947, 'fire_exp': 1.0473002272689056, 'P_half': 177.4954658911452, 'pre_dampen_half': 14.689898077648792, 'gpp_af': 22.766850248686247, 'gpp_b': 1.5938003265859821, 'gpp_d': 107.84642153666701, 'ign_k': 3.7173717478250508, 'ign_c': 14.367095138664217}.
[I 2026-08-06 02:33:42,384] Trial 1294 finished with values: [-0.5631573234111894, 0.019822663231610305] and parameters: {'k1': 0.021368329072358756, 'D_low': 9.330007965781027, 'k2': 4.763991596630584e-05, 'D_high': 6455.595882939566, 'fire_exp': 1.0473002272689056, 'P_half': 664.2027816373393, 'pre_dampen_half': 14.689898077648792, 'gpp_af': 22.766850248686247, 'gpp_b': 1.5938003265859821, 'gpp_d': 107.84642153666701, 'ign_k': 3.7173717478250508, 'ign_c': 14.367095138664217}.
[I 2026-08-06 02:33:43,728] Trial 1295 finished with values: [10.780127635738003, 10.780127635738003] and parameters: {'k1': 0.021368329072358756, 'D_low': 18.522006003174383, 'k2': 0.042171429440250686, 'D_high': 6455.595882939566, 'fire_exp': 1.0473002272689056, 'P_half': 664.2027816373393, 'pre_dampen_half': 14.689898077648792, 'gpp_af': 4.582731702170249, 'gpp_b': 0.10123867001105968, 'gpp_d': 891.8036602897795, 'ign_k': 3.7173717478250508, 'ign_c': 14.367095138664217}.
[I 2026-08-06 02:33:44,691] Trial 1296 finished with values: [-0.5688929059001301, 0.027797083663950062] and parameters: {'k1': 0.03232155805617897, 'D_low': 9.330007965781027, 'k2': 7.915210103365496e-05, 'D_high': 6455.595882939566, 'fire_exp': 1.0473002272689056, 'P_half': 664.2027816373393, 'pre_dampen_half': 14.689898077648792, 'gpp_af': 22.766850248686247, 'gpp_b': 1.5938003265859821, 'gpp_d': 368.30088529547436, 'ign_k': 3.7173717478250508, 'ign_c': 14.367095138664217}.
[I 2026-08-06 02:33:45,657] Trial 1297 finished with values: [-0.5535181680658466, 0.018117791466871425] and parameters: {'k1': 0.025383218374507292, 'D_low': 18.522006003174383, 'k2': 4.763991596630584e-05, 'D_high': 400.9149428326862, 'fire_exp': 1.0473002272689056, 'P_half': 664.2027816373393, 'pre_dampen_half': 14.689898077648792, 'gpp_af': 4.582731702170249, 'gpp_b': 0.6637926838138378, 'gpp_d': 39.827466658711515, 'ign_k': 3.7173717478250508, 'ign_c': 14.367095138664217}.
[I 2026-08-06 02:33:46,607] Trial 1298 finished with values: [-0.5679534458926006, 0.026531136149699708] and parameters: {'k1': 0.021368329072358756, 'D_low': 9.330007965781027, 'k2': 4.763991596630584e-05, 'D_high': 6455.595882939566, 'fire_exp': 1.0473002272689056, 'P_half': 608.3019192425825, 'pre_dampen_half': 14.689898077648792, 'gpp_af': 4.582731702170249, 'gpp_b': 0.10123867001105968, 'gpp_d': 39.827466658711515, 'ign_k': 3.7173717478250508, 'ign_c': 14.367095138664217}.
[I 2026-08-06 02:33:47,573] Trial 1299 finished with values: [-0.5613217909937998, 0.018272371423072475] and parameters: {'k1': 0.0016608858962356998, 'D_low': 9.330007965781027, 'k2': 0.005695622647004589, 'D_high': 6455.595882939566, 'fire_exp': 1.2680134752324452, 'P_half': 664.2027816373393, 'pre_dampen_half': 14.689898077648792, 'gpp_af': 22.766850248686247, 'gpp_b': 0.6637926838138378, 'gpp_d': 891.8036602897795, 'ign_k': 3.7173717478250508, 'ign_c': 14.367095138664217}.
[I 2026-08-06 02:33:48,540] Trial 1300 finished with values: [10.025151450906982, 10.025151450906982] and parameters: {'k1': 0.025383218374507292, 'D_low': 18.522006003174383, 'k2': 0.006138509947844854, 'D_high': 1687.3495104568947, 'fire_exp': 1.0473002272689056, 'P_half': 608.3019192425825, 'pre_dampen_half': 14.689898077648792, 'gpp_af': 22.766850248686247, 'gpp_b': 0.052183838897628114, 'gpp_d': 39.827466658711515, 'ign_k': 3.7173717478250508, 'ign_c': 19.19168994439752}.
[I 2026-08-06 02:33:49,503] Trial 1301 finished with values: [10.264648848704539, 10.264648848704539] and parameters: {'k1': 0.025383218374507292, 'D_low': 18.522006003174383, 'k2': 4.763991596630584e-05, 'D_high': 6455.595882939566, 'fire_exp': 1.2680134752324452, 'P_half': 664.2027816373393, 'pre_dampen_half': 25.15960733455044, 'gpp_af': 22.766850248686247, 'gpp_b': 1.5938003265859821, 'gpp_d': 39.827466658711515, 'ign_k': 3.7173717478250508, 'ign_c': 14.367095138664217}.
[I 2026-08-06 02:33:50,468] Trial 1302 finished with values: [10.46299641627678, 10.46299641627678] and parameters: {'k1': 9.95829068749527e-05, 'D_low': 31.117676855667376, 'k2': 0.0004381141781653133, 'D_high': 24939.838794891497, 'fire_exp': 1.8704656029838527, 'P_half': 1090.418094655994, 'pre_dampen_half': 25.15960733455044, 'gpp_af': 11.234842109991876, 'gpp_b': 0.1676789742547917, 'gpp_d': 300.3420512048734, 'ign_k': 7.799059237255681, 'ign_c': 3.735862630812751}.
[I 2026-08-06 02:33:51,432] Trial 1303 finished with values: [10.04390877003632, 10.04390877003632] and parameters: {'k1': 0.0006294472924834207, 'D_low': 31.117676855667376, 'k2': 0.0499774937030317, 'D_high': 1578.0404945802954, 'fire_exp': 1.2680134752324452, 'P_half': 608.3019192425825, 'pre_dampen_half': 14.689898077648792, 'gpp_af': 4.582731702170249, 'gpp_b': 0.09760461369620549, 'gpp_d': 300.3420512048734, 'ign_k': 7.799059237255681, 'ign_c': 14.367095138664217}.
[I 2026-08-06 02:33:52,446] Trial 1304 finished with values: [10.3908928812831, 10.3908928812831] and parameters: {'k1': 0.021368329072358756, 'D_low': 616.4329525571076, 'k2': 0.0004381141781653133, 'D_high': 6455.595882939566, 'fire_exp': 1.3239942327296237, 'P_half': 39.03214299767183, 'pre_dampen_half': 25.15960733455044, 'gpp_af': 4.582731702170249, 'gpp_b': 1.5938003265859821, 'gpp_d': 39.827466658711515, 'ign_k': 3.7173717478250508, 'ign_c': 14.367095138664217}.
