[I 2026-08-19 14:44:22,323] Trial 347 finished with value: -0.4263493276239176 and parameters: {'k1': 0.00023053588508819504, 'D_low': 31325.109239117428, 'k2': 1.1349043709335228e-05, 'D_high': 4337501.039923356, 'fire_exp': 1.5117040337666128, 'P_half': 12.597157879476992, 'pre_dampen_half': 1.5529698302013724, 'gpp_af': 0.017224409340330996, 'gpp_b': 0.004054098181497399, 'gpp_d': 27.022213809429203, 'ign_k': 0.10140279792373008, 'ign_c': 15.26566988181101, 'trop_agb_crit': 12.854694345197162, 'trop_k_veg': 0.8740091206174273, 'pop_amp': 0.19144868488388078, 'pop_peak': 163.89481598949197, 'pop_sig': 1.7098814967586515, 'fuel_k': 0.13674960789299956, 'fuel_half': 1.5298306160631916}. Best is trial 121 with value: -0.6148958760349835.
[I 2026-08-19 14:44:24,901] Trial 348 finished with value: -0.3554625854118624 and parameters: {'k1': 0.0003408520190896285, 'D_low': 60.007079310282, 'k2': 1.1306946639086939e-05, 'D_high': 6089893.759664082, 'fire_exp': 1.3996264876911593, 'P_half': 32.897199176385065, 'pre_dampen_half': 0.013674136594800239, 'gpp_af': 5.062939764392119, 'gpp_b': 0.0002232657095978057, 'gpp_d': 8.289978778414758, 'ign_k': 2.9966990584190816, 'ign_c': 889.4136185243973, 'trop_agb_crit': 27.079047055342592, 'trop_k_veg': 5.974908311955571, 'pop_amp': 5.050524266271812, 'pop_peak': 0.8212685733991951, 'pop_sig': 0.38071373432115824, 'fuel_k': 2.4415301012579858, 'fuel_half': 0.2025268457852984}. Best is trial 121 with value: -0.6148958760349835.
[I 2026-08-19 14:44:27,247] Trial 349 finished with value: -0.5025029673765804 and parameters: {'k1': 0.010464541596225802, 'D_low': 106.3009262790463, 'k2': 0.00013003251288979227, 'D_high': 341624.54418348894, 'fire_exp': 5.95790955180536, 'P_half': 19.346723631711143, 'pre_dampen_half': 1.2664115432355771, 'gpp_af': 0.4049479702467927, 'gpp_b': 0.00019832792877737596, 'gpp_d': 6.588312530314279, 'ign_k': 0.1646175027731567, 'ign_c': 1.3695446387722943, 'trop_agb_crit': 18.160067716477243, 'trop_k_veg': 3.358078047204671, 'pop_amp': 0.010805000838288578, 'pop_peak': 10.899137074801482, 'pop_sig': 1.8698445929185805, 'fuel_k': 0.010179386791927857, 'fuel_half': 1.304919661214123}. Best is trial 121 with value: -0.6148958760349835.
[I 2026-08-19 14:44:30,444] Trial 350 finished with value: -0.3891685181457974 and parameters: {'k1': 0.010650506200165557, 'D_low': 57440.70697620901, 'k2': 9.40682157264326e-05, 'D_high': 198085.77821188967, 'fire_exp': 1.8027196398915093, 'P_half': 82.82827782299444, 'pre_dampen_half': 46.73126683802661, 'gpp_af': 0.02423601596204306, 'gpp_b': 0.00036234068241875644, 'gpp_d': 0.3024407211635689, 'ign_k': 0.004789001106826808, 'ign_c': 6.038951408586135, 'trop_agb_crit': 20.556916252908547, 'trop_k_veg': 5.2750603774616955, 'pop_amp': 0.00734504028636161, 'pop_peak': 0.13107875560874807, 'pop_sig': 2.3138325139201767, 'fuel_k': 0.05467980588607413, 'fuel_half': 2.057586193366924}. Best is trial 121 with value: -0.6148958760349835.
  trial  351/2500  best_overall=0.6149  (20.4 min)
[I 2026-08-19 14:44:33,814] Trial 351 finished with value: -0.3554625854118624 and parameters: {'k1': 0.0021694031844782633, 'D_low': 52.43410213875839, 'k2': 0.0004953418213538104, 'D_high': 7915851.881471597, 'fire_exp': 1.5319827035472582, 'P_half': 3.002123630232289, 'pre_dampen_half': 1.7152731259486962, 'gpp_af': 1.36212100152365, 'gpp_b': 0.00014083344376925435, 'gpp_d': 6.994580030405648, 'ign_k': 1.4737322085983993, 'ign_c': 80.34959127263825, 'trop_agb_crit': 2.2930353797756684, 'trop_k_veg': 4.203436834079638, 'pop_amp': 1.2678460886275635, 'pop_peak': 0.14816914972522843, 'pop_sig': 0.3357797722017694, 'fuel_k': 5.876312614883594, 'fuel_half': 1.449832579808305}. Best is trial 121 with value: -0.6148958760349835.
[I 2026-08-19 14:44:36,485] Trial 352 finished with value: -0.5750367240051355 and parameters: {'k1': 0.09720017978314258, 'D_low': 1536.8742527698312, 'k2': 1.0618777223327688e-05, 'D_high': 492544.66094057757, 'fire_exp': 1.209205126475707, 'P_half': 28.74560946923156, 'pre_dampen_half': 5.675623298413039, 'gpp_af': 0.009890083144407725, 'gpp_b': 0.00020204774405951356, 'gpp_d': 0.02478223792775039, 'ign_k': 2.128969138261053, 'ign_c': 3.8575728415503914, 'trop_agb_crit': 9.46653745783549, 'trop_k_veg': 5.586410641872299, 'pop_amp': 0.20109899115994884, 'pop_peak': 0.4527628637338775, 'pop_sig': 1.0656085686400403, 'fuel_k': 0.5875543409030703, 'fuel_half': 0.5425348699838094}. Best is trial 121 with value: -0.6148958760349835.
[I 2026-08-19 14:44:40,028] Trial 353 finished with value: -0.5477660032079925 and parameters: {'k1': 0.009003540728126279, 'D_low': 2.532399613110451, 'k2': 5.0804482427426475e-05, 'D_high': 48266.104799150904, 'fire_exp': 1.05098589236693, 'P_half': 54.17383908033061, 'pre_dampen_half': 6.235091796598201, 'gpp_af': 0.002352437811977343, 'gpp_b': 3.126847242314427e-05, 'gpp_d': 0.10917132004731898, 'ign_k': 0.2660697959919646, 'ign_c': 3.5854597550079745, 'trop_agb_crit': 29.26625246053673, 'trop_k_veg': 4.435015997742853, 'pop_amp': 0.238550380599306, 'pop_peak': 3.722562620243763, 'pop_sig': 0.4488910506473035, 'fuel_k': 0.16808381003220071, 'fuel_half': 0.15225303608521712}. Best is trial 121 with value: -0.6148958760349835.
[I 2026-08-19 14:44:43,041] Trial 354 finished with value: -0.5797856596173483 and parameters: {'k1': 0.00040005822901214807, 'D_low': 3915.4864190258627, 'k2': 0.0012471557720555243, 'D_high': 3503842.8907696, 'fire_exp': 1.1337028140955387, 'P_half': 2.459726262223479, 'pre_dampen_half': 0.5752791910684575, 'gpp_af': 0.031896526397677614, 'gpp_b': 0.0007433106162622663, 'gpp_d': 15.615307529158962, 'ign_k': 0.46017095266411273, 'ign_c': 4.617881557761708, 'trop_agb_crit': 12.927856560212229, 'trop_k_veg': 4.638695900231373, 'pop_amp': 0.1732849723028188, 'pop_peak': 61.88464377060532, 'pop_sig': 0.26151364819399003, 'fuel_k': 0.2906648603349238, 'fuel_half': 0.803558303258556}. Best is trial 121 with value: -0.6148958760349835.
[I 2026-08-19 14:44:45,421] Trial 355 finished with value: -0.5874110824079033 and parameters: {'k1': 0.0014441336007069165, 'D_low': 3.7132372634339146, 'k2': 4.6825174867937926e-05, 'D_high': 203136.1756772002, 'fire_exp': 1.0367502152213788, 'P_half': 12.131995976951304, 'pre_dampen_half': 2.6172394280255618, 'gpp_af': 0.07331279617800339, 'gpp_b': 0.003899517954631709, 'gpp_d': 58.460881991874835, 'ign_k': 0.1410882776829137, 'ign_c': 3.9977310415227407, 'trop_agb_crit': 14.879158046065113, 'trop_k_veg': 7.942728574277003, 'pop_amp': 0.2753141911143415, 'pop_peak': 37.92518380516576, 'pop_sig': 0.3101803507841009, 'fuel_k': 0.48170931058309135, 'fuel_half': 1.451315280405762}. Best is trial 121 with value: -0.6148958760349835.
[I 2026-08-19 14:44:48,148] Trial 356 finished with value: -0.5257906332147753 and parameters: {'k1': 0.006607703022732958, 'D_low': 98.77005396474217, 'k2': 1.706579634227375e-05, 'D_high': 69543.84904858717, 'fire_exp': 1.5150141936334316, 'P_half': 4.843402944114006, 'pre_dampen_half': 2.8169214082533056, 'gpp_af': 0.012146035071390775, 'gpp_b': 0.0017420472903342187, 'gpp_d': 12.018640174249418, 'ign_k': 0.46505386485159866, 'ign_c': 1.1737188194976511, 'trop_agb_crit': 9.269000136751073, 'trop_k_veg': 2.876875891371821, 'pop_amp': 0.6244084161635497, 'pop_peak': 270.70643233523924, 'pop_sig': 0.26837697380370623, 'fuel_k': 0.3365314961918607, 'fuel_half': 1.4961785751350583}. Best is trial 121 with value: -0.6148958760349835.
[I 2026-08-19 14:44:51,298] Trial 357 finished with value: -0.5769728373622399 and parameters: {'k1': 0.0006118180706130263, 'D_low': 58.3983925215429, 'k2': 4.827019308791468e-05, 'D_high': 1100039.2367631823, 'fire_exp': 1.5106195575068013, 'P_half': 36.62831445835326, 'pre_dampen_half': 46.931776217039626, 'gpp_af': 0.10327038828340068, 'gpp_b': 0.008804296171549089, 'gpp_d': 84.21202868113693, 'ign_k': 0.04007794160280835, 'ign_c': 2.1951883821517892, 'trop_agb_crit': 21.12202578813408, 'trop_k_veg': 4.016557281136383, 'pop_amp': 0.6693072810214115, 'pop_peak': 3.9869809945231447, 'pop_sig': 0.26235117065685976, 'fuel_k': 0.3165644503337506, 'fuel_half': 1.2448974543508826}. Best is trial 121 with value: -0.6148958760349835.
  trial  358/2500  best_overall=0.6149  (20.8 min)
[I 2026-08-19 14:44:54,108] Trial 358 finished with value: -0.38818616099816483 and parameters: {'k1': 0.06207680430613471, 'D_low': 10306.704952068003, 'k2': 2.3449846115642684e-05, 'D_high': 8431926.561356822, 'fire_exp': 3.6506770135585427, 'P_half': 131.7130084252713, 'pre_dampen_half': 23.51484319459095, 'gpp_af': 0.04417114782245281, 'gpp_b': 0.0002876241393464297, 'gpp_d': 0.02862549871530205, 'ign_k': 0.012508461207639645, 'ign_c': 2.9494421205466987, 'trop_agb_crit': 28.50751808726842, 'trop_k_veg': 5.634747422374446, 'pop_amp': 0.008149645948107482, 'pop_peak': 0.05416113834255296, 'pop_sig': 0.8253329668981236, 'fuel_k': 0.010778389726947715, 'fuel_half': 0.6573031912087354}. Best is trial 121 with value: -0.6148958760349835.
[I 2026-08-19 14:44:56,497] Trial 359 finished with value: -0.3554625854118624 and parameters: {'k1': 0.0018099638394865093, 'D_low': 15706.061736794209, 'k2': 0.0001547985026667507, 'D_high': 16271.926851672313, 'fire_exp': 1.0346971705345578, 'P_half': 62.265354955312006, 'pre_dampen_half': 0.3476254886134876, 'gpp_af': 0.27553496938012445, 'gpp_b': 2.4198897563964285e-05, 'gpp_d': 1.4303063665784317, 'ign_k': 2.248975900705804, 'ign_c': 179.51412118004598, 'trop_agb_crit': 10.384584153198514, 'trop_k_veg': 7.904900973028955, 'pop_amp': 0.01901418670476084, 'pop_peak': 1.0425121601853513, 'pop_sig': 0.8594943857908524, 'fuel_k': 2.3251735300859826, 'fuel_half': 1.338598996941755}. Best is trial 121 with value: -0.6148958760349835.
[I 2026-08-19 14:44:58,948] Trial 360 finished with value: -0.4551224394948689 and parameters: {'k1': 0.00018693945524109347, 'D_low': 10293.271580309241, 'k2': 1.1135029359974952e-05, 'D_high': 65787.91954444416, 'fire_exp': 1.7306614027892373, 'P_half': 2.753707353174631, 'pre_dampen_half': 0.3214924776696712, 'gpp_af': 0.14124933523264863, 'gpp_b': 0.006373525310114204, 'gpp_d': 5.1522913478091255, 'ign_k': 0.44991468461777623, 'ign_c': 2.2392856410287734, 'trop_agb_crit': 5.16923723213067, 'trop_k_veg': 4.223737207992931, 'pop_amp': 0.004523698713530452, 'pop_peak': 4.724584898395546, 'pop_sig': 0.5312694182302127, 'fuel_k': 2.2310116398741324, 'fuel_half': 0.18499713390763367}. Best is trial 121 with value: -0.6148958760349835.
[I 2026-08-19 14:45:01,505] Trial 361 finished with value: -0.40332403592983884 and parameters: {'k1': 0.0027739944779308183, 'D_low': 1.570106211261361, 'k2': 3.0036455683209585e-05, 'D_high': 18248.582510325847, 'fire_exp': 1.3844920493484603, 'P_half': 74.408010546623, 'pre_dampen_half': 0.8749623501108065, 'gpp_af': 0.002611739502929137, 'gpp_b': 0.012172254036324581, 'gpp_d': 15.018225547661219, 'ign_k': 0.10658762554740252, 'ign_c': 3.5587606597869743, 'trop_agb_crit': 21.318019342810004, 'trop_k_veg': 7.082069288388739, 'pop_amp': 0.07063228633194706, 'pop_peak': 19.69826934834703, 'pop_sig': 0.3818684655348043, 'fuel_k': 0.09626121442633685, 'fuel_half': 2.1182126651954056}. Best is trial 121 with value: -0.6148958760349835.
[I 2026-08-19 14:45:04,305] Trial 362 finished with value: -0.5176509178126149 and parameters: {'k1': 0.006865457243666228, 'D_low': 34002.28538128417, 'k2': 2.888166358611673e-05, 'D_high': 3710678.964785958, 'fire_exp': 2.103789092058286, 'P_half': 23.908856278693253, 'pre_dampen_half': 285.5903468454472, 'gpp_af': 0.006028314865067184, 'gpp_b': 0.0002079179678724035, 'gpp_d': 5.663291444073034, 'ign_k': 0.27960400820732484, 'ign_c': 7.037978326353025, 'trop_agb_crit': 26.98689901366175, 'trop_k_veg': 6.503046678190664, 'pop_amp': 0.004077168351100752, 'pop_peak': 0.1596548420485393, 'pop_sig': 1.0210975853144932, 'fuel_k': 0.01110903987043709, 'fuel_half': 4.410137805668658}. Best is trial 121 with value: -0.6148958760349835.
[I 2026-08-19 14:45:07,005] Trial 363 finished with value: -0.593929506094146 and parameters: {'k1': 0.00013128042783783092, 'D_low': 14.229577269966386, 'k2': 0.00017607923982171714, 'D_high': 1552158.8792840615, 'fire_exp': 1.0722151700419358, 'P_half': 1.317364946516739, 'pre_dampen_half': 0.6310878350108667, 'gpp_af': 0.9013198035581952, 'gpp_b': 0.0011162368658177416, 'gpp_d': 244.70633045737065, 'ign_k': 0.015011556519006633, 'ign_c': 9.140966577060093, 'trop_agb_crit': 16.7914919939104, 'trop_k_veg': 4.193759767669929, 'pop_amp': 2.2902382105388215, 'pop_peak': 7.799541172369222, 'pop_sig': 0.2610961264274307, 'fuel_k': 2.262352128936352, 'fuel_half': 0.8249346681384506}. Best is trial 121 with value: -0.6148958760349835.
[I 2026-08-19 14:45:09,262] Trial 364 finished with value: -0.47116989560067746 and parameters: {'k1': 0.0038105463992790228, 'D_low': 32.18217536196129, 'k2': 7.085770085874573e-05, 'D_high': 2540341.5605118503, 'fire_exp': 1.5606976566385617, 'P_half': 1.3143099253344133, 'pre_dampen_half': 14.643250604716583, 'gpp_af': 3.478828861122388, 'gpp_b': 0.0012482875058619034, 'gpp_d': 93.91799776988208, 'ign_k': 0.016799764657653413, 'ign_c': 5.468116028325158, 'trop_agb_crit': 12.323374987851201, 'trop_k_veg': 4.744673543097462, 'pop_amp': 3.05539100997306, 'pop_peak': 0.7362610014149831, 'pop_sig': 0.311724365041628, 'fuel_k': 2.488220767543734, 'fuel_half': 0.2312342403699428}. Best is trial 121 with value: -0.6148958760349835.
[I 2026-08-19 14:45:11,750] Trial 365 finished with value: -0.5787748562394127 and parameters: {'k1': 4.2859298282201115e-05, 'D_low': 5.668208958691524, 'k2': 0.0004288750832967494, 'D_high': 1698419.5342634309, 'fire_exp': 1.0088936546755285, 'P_half': 1.437047915931772, 'pre_dampen_half': 1.13400197993068, 'gpp_af': 0.035656240263241656, 'gpp_b': 1.6390204281144332e-05, 'gpp_d': 246.62010179024617, 'ign_k': 0.03455698677012686, 'ign_c': 2.8458236277678464, 'trop_agb_crit': 24.147393254164434, 'trop_k_veg': 4.3739839077688805, 'pop_amp': 1.9940019865570924, 'pop_peak': 43.75627766070188, 'pop_sig': 0.35421315225056926, 'fuel_k': 1.1718760676150897, 'fuel_half': 2.6267283535059316}. Best is trial 121 with value: -0.6148958760349835.
  trial  366/2500  best_overall=0.6149  (21.1 min)
[I 2026-08-19 14:45:14,757] Trial 366 finished with value: -0.5052171907046386 and parameters: {'k1': 0.001686200836467119, 'D_low': 4310.95353890593, 'k2': 0.00021403884488638638, 'D_high': 5105129.667645876, 'fire_exp': 1.2764745098509316, 'P_half': 665.8779172737412, 'pre_dampen_half': 1.6860319516022502, 'gpp_af': 0.06583501339891083, 'gpp_b': 2.106225029530633e-05, 'gpp_d': 4.324923003112072, 'ign_k': 0.2909655315429805, 'ign_c': 19.443082896476753, 'trop_agb_crit': 21.73874118799231, 'trop_k_veg': 6.048163604731526, 'pop_amp': 0.0013111637026045134, 'pop_peak': 26.626106304212104, 'pop_sig': 0.5487732122383713, 'fuel_k': 0.499456732294622, 'fuel_half': 1.4260644852993836}. Best is trial 121 with value: -0.6148958760349835.
[I 2026-08-19 14:45:18,639] Trial 367 finished with value: -0.4635817035171681 and parameters: {'k1': 0.0004138683199926637, 'D_low': 38.684984662042474, 'k2': 5.218769230754297e-05, 'D_high': 880004.4502400726, 'fire_exp': 1.3903886251723037, 'P_half': 5.036013240464389, 'pre_dampen_half': 0.44900066345018363, 'gpp_af': 1.8444987841437277, 'gpp_b': 0.00018934157363823892, 'gpp_d': 21.889963646987706, 'ign_k': 6.539787749847158, 'ign_c': 0.2893489317540125, 'trop_agb_crit': 8.619225811844512, 'trop_k_veg': 2.1812324707522155, 'pop_amp': 13.352689519980254, 'pop_peak': 0.7570554733102322, 'pop_sig': 0.3525364142034953, 'fuel_k': 1.1724562635158755, 'fuel_half': 2.464604877927874}. Best is trial 121 with value: -0.6148958760349835.
[I 2026-08-19 14:45:21,944] Trial 368 finished with value: -0.38839792273932294 and parameters: {'k1': 0.00010470296375960142, 'D_low': 75917.59098898729, 'k2': 0.00010181717028165407, 'D_high': 2559.7171203337502, 'fire_exp': 1.0348901636274064, 'P_half': 32.513365044568246, 'pre_dampen_half': 0.9398445423436935, 'gpp_af': 0.0016218925368749653, 'gpp_b': 2.4027801894000416e-05, 'gpp_d': 49.77831794346447, 'ign_k': 5.602005216953118, 'ign_c': 26.9116694803783, 'trop_agb_crit': 18.883840315045767, 'trop_k_veg': 1.7220119721597693, 'pop_amp': 0.016876099113399882, 'pop_peak': 0.0929903387137112, 'pop_sig': 2.145242096254741, 'fuel_k': 2.341930441175055, 'fuel_half': 0.5751325211242383}. Best is trial 121 with value: -0.6148958760349835.
[I 2026-08-19 14:45:24,691] Trial 369 finished with value: -0.5976437795691705 and parameters: {'k1': 0.002223761815631227, 'D_low': 40.346964857043204, 'k2': 0.00013115379870948983, 'D_high': 3939574.5109502855, 'fire_exp': 4.894143103628307, 'P_half': 365.84797454815106, 'pre_dampen_half': 31.334766529439396, 'gpp_af': 0.003759399910481485, 'gpp_b': 5.093922641709578e-05, 'gpp_d': 20.401581962331054, 'ign_k': 0.5968560546652439, 'ign_c': 0.11221089200712644, 'trop_agb_crit': 23.979003474568486, 'trop_k_veg': 2.659653567704202, 'pop_amp': 2.46045817321726, 'pop_peak': 5.440804883352223, 'pop_sig': 0.9574776259742931, 'fuel_k': 0.09442823603095526, 'fuel_half': 3.9773288922629977}. Best is trial 121 with value: -0.6148958760349835.
[I 2026-08-19 14:45:27,139] Trial 370 finished with value: -0.44197000691164384 and parameters: {'k1': 0.002328434207002887, 'D_low': 439.36264702138646, 'k2': 7.395067709472455e-05, 'D_high': 994130.649219031, 'fire_exp': 1.1328360129461383, 'P_half': 399.6958989470902, 'pre_dampen_half': 0.10957297163720571, 'gpp_af': 0.07234017275674202, 'gpp_b': 0.00019606794860697023, 'gpp_d': 45.00452933383176, 'ign_k': 0.05880205608764967, 'ign_c': 27.679369132104807, 'trop_agb_crit': 9.559633043744089, 'trop_k_veg': 7.451593675257508, 'pop_amp': 0.0072344075469694714, 'pop_peak': 1.7566868134456877, 'pop_sig': 1.6846598647791873, 'fuel_k': 0.18537755899010513, 'fuel_half': 2.6069934274444697}. Best is trial 121 with value: -0.6148958760349835.
[I 2026-08-19 14:45:29,723] Trial 371 finished with value: -0.5929239038975973 and parameters: {'k1': 0.002795598324044517, 'D_low': 40.80155863084924, 'k2': 0.0005901750243254164, 'D_high': 139056.16761939097, 'fire_exp': 9.780706606197448, 'P_half': 56.25874129469428, 'pre_dampen_half': 28.82597368792892, 'gpp_af': 0.1492548198456425, 'gpp_b': 1.077899969852849e-05, 'gpp_d': 3.2264611282866555, 'ign_k': 5.233970926265404, 'ign_c': 0.7773796094632546, 'trop_agb_crit': 15.291374303600962, 'trop_k_veg': 2.204005081004991, 'pop_amp': 1.3843218146028582, 'pop_peak': 16.06476197025147, 'pop_sig': 1.361112701082288, 'fuel_k': 0.022057550723549396, 'fuel_half': 9.957994864164915}. Best is trial 121 with value: -0.6148958760349835.
[I 2026-08-19 14:45:32,329] Trial 372 finished with value: -0.4047881810297073 and parameters: {'k1': 0.0020581169482234082, 'D_low': 2.579626175981733, 'k2': 4.214456363677746e-05, 'D_high': 2864377.447522962, 'fire_exp': 5.5941493524123285, 'P_half': 876.4212939424302, 'pre_dampen_half': 144.84599471279668, 'gpp_af': 0.0018085330222397198, 'gpp_b': 0.0004938822918139734, 'gpp_d': 55.831052059583996, 'ign_k': 0.6174587024119337, 'ign_c': 0.38626355939034235, 'trop_agb_crit': 27.44484875206404, 'trop_k_veg': 4.425355974695706, 'pop_amp': 0.9207272382623564, 'pop_peak': 0.37875144888006096, 'pop_sig': 1.5962970497796323, 'fuel_k': 0.14942578981179255, 'fuel_half': 3.171994644373331}. Best is trial 121 with value: -0.6148958760349835.
  trial  373/2500  best_overall=0.6149  (21.5 min)
[I 2026-08-19 14:45:35,698] Trial 373 finished with value: -0.3886894040821295 and parameters: {'k1': 0.0015485533151685456, 'D_low': 57397.208206338706, 'k2': 0.00032782732518268047, 'D_high': 98885.74005405209, 'fire_exp': 3.9001629230980948, 'P_half': 215.55209733135396, 'pre_dampen_half': 5.091965892283792, 'gpp_af': 0.050166738884127204, 'gpp_b': 3.179880803465485e-05, 'gpp_d': 42.406697597523355, 'ign_k': 5.510148756106411, 'ign_c': 0.10479383761410081, 'trop_agb_crit': 27.481205767779407, 'trop_k_veg': 4.433603284748507, 'pop_amp': 3.520732844661859, 'pop_peak': 3.4259698865734944, 'pop_sig': 0.8790969641939634, 'fuel_k': 0.23420316504638594, 'fuel_half': 3.172196347185918}. Best is trial 121 with value: -0.6148958760349835.
[I 2026-08-19 14:45:38,336] Trial 374 finished with value: -0.42475201387802375 and parameters: {'k1': 0.001782976504316186, 'D_low': 34.40206918006909, 'k2': 1.5066401672194435e-05, 'D_high': 2865428.5648190393, 'fire_exp': 9.793734257387962, 'P_half': 340.03188808789497, 'pre_dampen_half': 1.8804640626722735, 'gpp_af': 0.021425296525294974, 'gpp_b': 1.2742172783022327e-05, 'gpp_d': 423.2319132448758, 'ign_k': 0.70552438084225, 'ign_c': 0.21745088986766595, 'trop_agb_crit': 28.67049443840037, 'trop_k_veg': 2.3451665833868787, 'pop_amp': 0.6326316615647098, 'pop_peak': 63.46211260863102, 'pop_sig': 0.7795444678302458, 'fuel_k': 0.049962074949782005, 'fuel_half': 19.948228609443046}. Best is trial 121 with value: -0.6148958760349835.
[I 2026-08-19 14:45:40,945] Trial 375 finished with value: -0.5776089722443236 and parameters: {'k1': 0.008432150207815237, 'D_low': 5.812622063047394, 'k2': 0.00035757501414960353, 'D_high': 730275.8592651116, 'fire_exp': 3.4381558813861957, 'P_half': 83.05906771892646, 'pre_dampen_half': 3.339780211587493, 'gpp_af': 0.009211709358969327, 'gpp_b': 1.6241594663287236e-05, 'gpp_d': 29.017117577349357, 'ign_k': 0.0585316703614982, 'ign_c': 0.13219468404778248, 'trop_agb_crit': 21.591332305342696, 'trop_k_veg': 3.4311378659483225, 'pop_amp': 5.784429888336977, 'pop_peak': 0.15151954052428718, 'pop_sig': 0.8008048606389361, 'fuel_k': 0.2311431185049033, 'fuel_half': 1.803136889167816}. Best is trial 121 with value: -0.6148958760349835.
