[I 2026-08-19 17:23:59,604] Trial 927 finished with value: 0.5812692137326037 and parameters: {'k1': 0.0027695398651033237, 'D_low': 550.5861181498481, 'k2': 0.0015686914129812747, 'D_high': 2879685.9052295447, 'fire_exp': 2.2018164615020432, 'P_half': 7138.576638612914, 'pre_dampen_half': 0.31400274203006334, 'gpp_af': 0.07893222672591914, 'gpp_b': 1.098634968367046e-05, 'gpp_d': 9.05524531823529, 'ign_k': 7.634540821139544, 'ign_c': 0.18641727926400176, 'trop_agb_crit': 3.2565300124564, 'trop_k_veg': 1.7889813379223412, 'pop_amp': 0.03943905026465916, 'pop_peak': 22.403249548621574, 'pop_sig': 0.6055096866093667, 'fuel_k': 0.14449455043723275, 'fuel_half': 5.631061077585382}. Best is trial 0 with value: -0.6094076133578652.
[I 2026-08-19 17:24:01,217] Trial 928 finished with value: 0.5922199145019948 and parameters: {'k1': 5.3389262298007234e-05, 'D_low': 153.15779882678794, 'k2': 0.016164882566155198, 'D_high': 8610441.56644485, 'fire_exp': 3.096266376248146, 'P_half': 26.407984324094265, 'pre_dampen_half': 31.352875715044974, 'gpp_af': 0.5011862834830002, 'gpp_b': 0.0004838367119463803, 'gpp_d': 0.6340027955869952, 'ign_k': 0.14317596912064798, 'ign_c': 26.965888701206566, 'trop_agb_crit': 23.205572091327184, 'trop_k_veg': 4.889349514012629, 'pop_amp': 0.001035252276820251, 'pop_peak': 0.06133429043665866, 'pop_sig': 0.7008769443085012, 'fuel_k': 0.5506405254790536, 'fuel_half': 0.10294903673425737}. Best is trial 0 with value: -0.6094076133578652.
[I 2026-08-19 17:24:02,954] Trial 929 finished with value: -0.5492113824152043 and parameters: {'k1': 0.005747529313061939, 'D_low': 541.4070645408061, 'k2': 0.0002855468294208303, 'D_high': 7041851.124993697, 'fire_exp': 3.300384794035067, 'P_half': 27.505668523901225, 'pre_dampen_half': 1.6891947795658007, 'gpp_af': 0.8354954261794427, 'gpp_b': 1.6429811188321896e-05, 'gpp_d': 2.83661569411384, 'ign_k': 0.9804812499452893, 'ign_c': 0.3770243483699862, 'trop_agb_crit': 15.119666233602622, 'trop_k_veg': 5.333492072017625, 'pop_amp': 0.001138467845429711, 'pop_peak': 53.66309032782385, 'pop_sig': 0.8273984248825682, 'fuel_k': 0.15631593083493597, 'fuel_half': 0.2475140523646778}. Best is trial 0 with value: -0.6094076133578652.
[I 2026-08-19 17:24:04,660] Trial 930 finished with value: 0.4709056331709227 and parameters: {'k1': 1.8226377243402848e-05, 'D_low': 34856.01542974467, 'k2': 0.00014526854915549993, 'D_high': 3129678.2877451796, 'fire_exp': 1.9105046858983108, 'P_half': 32.16033412300467, 'pre_dampen_half': 0.24989578384402647, 'gpp_af': 0.0103714618275434, 'gpp_b': 0.004359344476108766, 'gpp_d': 37.48470180164415, 'ign_k': 0.10508227157470745, 'ign_c': 0.7184812879754109, 'trop_agb_crit': 17.741410051241765, 'trop_k_veg': 5.748922958460425, 'pop_amp': 3.094923382838514, 'pop_peak': 59.67877362438218, 'pop_sig': 0.8532091874314273, 'fuel_k': 5.954557319276171, 'fuel_half': 0.6987298310432034}. Best is trial 0 with value: -0.6094076133578652.
[I 2026-08-19 17:24:06,395] Trial 931 finished with value: 0.5797007444111896 and parameters: {'k1': 0.0003584451828690271, 'D_low': 86.8907319028963, 'k2': 0.000435693410604877, 'D_high': 20234.63581574186, 'fire_exp': 2.1219749150566147, 'P_half': 1365.864401214697, 'pre_dampen_half': 3.5993407234204384, 'gpp_af': 0.27206984167346965, 'gpp_b': 1.2455761223855038e-05, 'gpp_d': 5.821675328090702, 'ign_k': 0.4019923998452473, 'ign_c': 0.3138823387336225, 'trop_agb_crit': 17.57112867063629, 'trop_k_veg': 4.569413942635667, 'pop_amp': 0.007445448451462553, 'pop_peak': 102.57052323294975, 'pop_sig': 0.8367383624392546, 'fuel_k': 0.34219056171267054, 'fuel_half': 4.600411453535886}. Best is trial 0 with value: -0.6094076133578652.
[I 2026-08-19 17:24:08,010] Trial 932 finished with value: 0.5661365244376547 and parameters: {'k1': 0.003135996268668538, 'D_low': 1.8709944959629305, 'k2': 0.002080030778928225, 'D_high': 3680856.0534393997, 'fire_exp': 7.0861827862492675, 'P_half': 7.266572763160547, 'pre_dampen_half': 32.62312263013981, 'gpp_af': 0.6593143891993118, 'gpp_b': 0.0006831748919011889, 'gpp_d': 30.3041932000796, 'ign_k': 0.052452243809601645, 'ign_c': 6.945930001924763, 'trop_agb_crit': 20.268216183792198, 'trop_k_veg': 2.2250403870807753, 'pop_amp': 0.0035539403883100003, 'pop_peak': 0.16001735112568724, 'pop_sig': 0.6399875368832142, 'fuel_k': 0.20923264279012901, 'fuel_half': 0.2655221969567045}. Best is trial 0 with value: -0.6094076133578652.
[I 2026-08-19 17:24:09,666] Trial 933 finished with value: 0.6146220883780242 and parameters: {'k1': 0.0005933474949844206, 'D_low': 1196.0897478517493, 'k2': 0.0016303808748152774, 'D_high': 546962.335061293, 'fire_exp': 1.858620640223565, 'P_half': 200.37692524279436, 'pre_dampen_half': 19.468945577295386, 'gpp_af': 0.08838645016418403, 'gpp_b': 1.8553062201648597e-05, 'gpp_d': 38.503617681631674, 'ign_k': 1.1908626699775915, 'ign_c': 34.72464847231487, 'trop_agb_crit': 20.731417601591208, 'trop_k_veg': 3.129394635480315, 'pop_amp': 0.0010828304269345967, 'pop_peak': 82.79327745911428, 'pop_sig': 0.6045120672838481, 'fuel_k': 1.7189829795076008, 'fuel_half': 1.121411542105281}. Best is trial 0 with value: -0.6094076133578652.
[I 2026-08-19 17:24:11,337] Trial 934 finished with value: 0.6362114701134184 and parameters: {'k1': 5.1129454692539084e-05, 'D_low': 572587.6471736103, 'k2': 3.733759687538945e-05, 'D_high': 249972.24699387033, 'fire_exp': 1.6258549615300897, 'P_half': 303.4416071484322, 'pre_dampen_half': 2.04436407221119, 'gpp_af': 0.1569838834696551, 'gpp_b': 0.0006571561710163644, 'gpp_d': 995.0096426964388, 'ign_k': 0.004422181348497758, 'ign_c': 10.991429423652324, 'trop_agb_crit': 25.34130629536713, 'trop_k_veg': 7.979242296933296, 'pop_amp': 4.734425604885765, 'pop_peak': 5.713528194652429, 'pop_sig': 1.3056932077876524, 'fuel_k': 0.6909914579329736, 'fuel_half': 0.3759106227777153}. Best is trial 0 with value: -0.6094076133578652.
[I 2026-08-19 17:24:12,977] Trial 935 finished with value: 0.6052109040106356 and parameters: {'k1': 0.0943835909150416, 'D_low': 153.3229697319563, 'k2': 0.0035741089043203173, 'D_high': 716159.6867608809, 'fire_exp': 7.565118791546066, 'P_half': 21.70447416355876, 'pre_dampen_half': 106.4719660795957, 'gpp_af': 0.050597493467680305, 'gpp_b': 0.024679215673206894, 'gpp_d': 0.028465043724916733, 'ign_k': 0.7133995675156849, 'ign_c': 18.61067469307727, 'trop_agb_crit': 2.1048668922974145, 'trop_k_veg': 2.3748245676352626, 'pop_amp': 0.499406351036974, 'pop_peak': 926.6216116276215, 'pop_sig': 1.832936578712802, 'fuel_k': 0.0654980874316696, 'fuel_half': 0.1373581171288639}. Best is trial 0 with value: -0.6094076133578652.
[I 2026-08-19 17:24:14,575] Trial 936 finished with value: 0.5987303018617601 and parameters: {'k1': 0.0002748082639689186, 'D_low': 6707.017359208528, 'k2': 0.006278119432468864, 'D_high': 85410.73675906239, 'fire_exp': 5.834638806356826, 'P_half': 4.361492278368897, 'pre_dampen_half': 4.017678660359774, 'gpp_af': 0.029910209063014715, 'gpp_b': 0.04811228069370775, 'gpp_d': 12.262520444225968, 'ign_k': 0.019080869418382662, 'ign_c': 5.284481839721234, 'trop_agb_crit': 25.836066895867354, 'trop_k_veg': 3.1958697354435293, 'pop_amp': 0.003260769569016233, 'pop_peak': 0.18850430305016896, 'pop_sig': 0.5632116513599813, 'fuel_k': 2.0810599213762155, 'fuel_half': 3.393175077777462}. Best is trial 0 with value: -0.6094076133578652.
[I 2026-08-19 17:24:16,233] Trial 937 finished with value: 0.43738199825058843 and parameters: {'k1': 0.0001658557225168452, 'D_low': 1577.7485333484894, 'k2': 0.002089100545850204, 'D_high': 752401.8329278262, 'fire_exp': 1.963905257826348, 'P_half': 7.224066170117868, 'pre_dampen_half': 20.201138674933173, 'gpp_af': 0.5133782387456047, 'gpp_b': 0.008799053028975346, 'gpp_d': 841.3003887203573, 'ign_k': 0.46597450727877043, 'ign_c': 6.300310756771499, 'trop_agb_crit': 4.2058459207048156, 'trop_k_veg': 2.112730520946843, 'pop_amp': 0.0046448346914648156, 'pop_peak': 0.25369397483328276, 'pop_sig': 0.6750509383241822, 'fuel_k': 0.8673253675273286, 'fuel_half': 0.3483215718679824}. Best is trial 0 with value: -0.6094076133578652.
[I 2026-08-19 17:24:17,902] Trial 938 finished with value: 0.5002465641513427 and parameters: {'k1': 0.0022530151083639013, 'D_low': 157.52426600349102, 'k2': 0.0465395457712644, 'D_high': 559420.4908432142, 'fire_exp': 4.129488210036997, 'P_half': 6.453552050179886, 'pre_dampen_half': 381.43692662392255, 'gpp_af': 0.0493928490734237, 'gpp_b': 6.400501665780454e-05, 'gpp_d': 24.132748148629197, 'ign_k': 9.924900090895358, 'ign_c': 0.1371336620410062, 'trop_agb_crit': 1.4633542729545996, 'trop_k_veg': 1.6077819962085504, 'pop_amp': 0.19168199577234996, 'pop_peak': 221.65822168982046, 'pop_sig': 0.653746543939349, 'fuel_k': 0.0189664824391149, 'fuel_half': 1.612490666731743}. Best is trial 0 with value: -0.6094076133578652.
[I 2026-08-19 17:24:19,557] Trial 939 finished with value: 0.4462607742044721 and parameters: {'k1': 0.0008248193022394562, 'D_low': 387.3758810498951, 'k2': 0.009681323401931926, 'D_high': 5324586.642320819, 'fire_exp': 3.0176957963002202, 'P_half': 269.9172536191852, 'pre_dampen_half': 4.2481427508975385, 'gpp_af': 0.060362923906983924, 'gpp_b': 0.00034042345039071736, 'gpp_d': 15.924677820707645, 'ign_k': 2.1306075967843388, 'ign_c': 0.5165426610541237, 'trop_agb_crit': 7.943402824165167, 'trop_k_veg': 3.475598651613112, 'pop_amp': 0.008328708382942982, 'pop_peak': 1.084990592654344, 'pop_sig': 0.578126918518553, 'fuel_k': 0.6771043896112012, 'fuel_half': 0.12477806450984942}. Best is trial 0 with value: -0.6094076133578652.
  trial  940/2500  best_overall=0.6094  (25.9 min)
[I 2026-08-19 17:24:21,698] Trial 940 finished with value: -0.5710137768585357 and parameters: {'k1': 0.08146284341603319, 'D_low': 7.724341350759949, 'k2': 0.09439523739378682, 'D_high': 839833.9382903799, 'fire_exp': 2.4915105668190587, 'P_half': 2.42497232924149, 'pre_dampen_half': 0.8436226694038838, 'gpp_af': 0.015189462041385198, 'gpp_b': 4.659720203176632e-05, 'gpp_d': 230.0409767795567, 'ign_k': 0.29691324269176655, 'ign_c': 0.19787228470130275, 'trop_agb_crit': 22.609443646153558, 'trop_k_veg': 1.9911236627015543, 'pop_amp': 0.031848857522368525, 'pop_peak': 0.4220688458615981, 'pop_sig': 1.2179595835254933, 'fuel_k': 0.24619046898212438, 'fuel_half': 72.18671214857883}. Best is trial 0 with value: -0.6094076133578652.
[I 2026-08-19 17:24:23,385] Trial 941 finished with value: -0.5529370906330839 and parameters: {'k1': 0.05680770244116398, 'D_low': 36.492292930104504, 'k2': 0.02905092091270232, 'D_high': 2050648.4123378436, 'fire_exp': 1.7789260845064505, 'P_half': 1.4685352603315742, 'pre_dampen_half': 0.5435262846877684, 'gpp_af': 0.024370909931661935, 'gpp_b': 3.4542550875815595e-05, 'gpp_d': 0.05180262617527487, 'ign_k': 8.756574061451998, 'ign_c': 0.1595186497333652, 'trop_agb_crit': 4.795889161202188, 'trop_k_veg': 6.933443054338624, 'pop_amp': 0.07451064057749561, 'pop_peak': 1.7253100071703886, 'pop_sig': 0.7893446634096668, 'fuel_k': 0.018669950981088028, 'fuel_half': 4.921130877279888}. Best is trial 0 with value: -0.6094076133578652.
[I 2026-08-19 17:24:25,095] Trial 942 finished with value: 0.6081392818061757 and parameters: {'k1': 0.014208462702599919, 'D_low': 1824.0957086552762, 'k2': 0.0020711592858932105, 'D_high': 8763985.768894155, 'fire_exp': 7.5208459931209, 'P_half': 5.833584617012328, 'pre_dampen_half': 79.36304162654024, 'gpp_af': 0.055304952673547576, 'gpp_b': 1.0688207168443142e-05, 'gpp_d': 0.22280222693214127, 'ign_k': 0.012877779167672373, 'ign_c': 2.428648402997172, 'trop_agb_crit': 7.4572249235663595, 'trop_k_veg': 3.23744430208845, 'pop_amp': 0.011014611651360747, 'pop_peak': 570.9659949110323, 'pop_sig': 1.0398719940617753, 'fuel_k': 0.05363591855054565, 'fuel_half': 0.14232559384063956}. Best is trial 0 with value: -0.6094076133578652.
[I 2026-08-19 17:24:26,754] Trial 943 finished with value: 0.5562266906918618 and parameters: {'k1': 5.928842550742442e-05, 'D_low': 1.391602054789614, 'k2': 0.03334245307725241, 'D_high': 596535.0799125724, 'fire_exp': 3.0490929868735748, 'P_half': 43.78236509025417, 'pre_dampen_half': 1.0171279879646629, 'gpp_af': 0.03369559952954469, 'gpp_b': 0.0006495587343441787, 'gpp_d': 42.630431380630355, 'ign_k': 0.0798319694885472, 'ign_c': 2.977192025882095, 'trop_agb_crit': 14.85817976587444, 'trop_k_veg': 0.9839499832764378, 'pop_amp': 0.003031798449163578, 'pop_peak': 0.05405934810328699, 'pop_sig': 0.6111751044267846, 'fuel_k': 0.49487024978908417, 'fuel_half': 12.923101103947078}. Best is trial 0 with value: -0.6094076133578652.
[I 2026-08-19 17:24:28,432] Trial 944 finished with value: 0.5909163965784094 and parameters: {'k1': 4.160981279232752e-05, 'D_low': 3045.528092654705, 'k2': 0.001137469076464908, 'D_high': 184174.53020494102, 'fire_exp': 2.144255418127194, 'P_half': 2604.947032955183, 'pre_dampen_half': 2.9737636500597313, 'gpp_af': 0.7575011919507594, 'gpp_b': 0.00016590373732467247, 'gpp_d': 0.7129780095378961, 'ign_k': 2.1846809551173503, 'ign_c': 0.3197329853902586, 'trop_agb_crit': 22.942673182450754, 'trop_k_veg': 1.8915821218945397, 'pop_amp': 0.0014225650055620764, 'pop_peak': 2.151836336366101, 'pop_sig': 0.9054244119961355, 'fuel_k': 0.391663719318899, 'fuel_half': 1.3686659076861205}. Best is trial 0 with value: -0.6094076133578652.
[I 2026-08-19 17:24:30,073] Trial 945 finished with value: 0.6564575808067052 and parameters: {'k1': 0.0023962899219050985, 'D_low': 157.03758110909095, 'k2': 0.0015921901519998624, 'D_high': 141131.6414835901, 'fire_exp': 5.943001365521937, 'P_half': 3.941766658380585, 'pre_dampen_half': 308.8347186065545, 'gpp_af': 0.3054366081544782, 'gpp_b': 0.00016405262665663447, 'gpp_d': 132.92277611739948, 'ign_k': 0.5912024975146667, 'ign_c': 41.805590261209936, 'trop_agb_crit': 12.584325172235568, 'trop_k_veg': 5.044365901132524, 'pop_amp': 0.0038846396763543315, 'pop_peak': 0.6203457663719343, 'pop_sig': 0.8476609640862726, 'fuel_k': 2.5459647151555904, 'fuel_half': 0.13497776527879524}. Best is trial 0 with value: -0.6094076133578652.
[I 2026-08-19 17:24:31,691] Trial 946 finished with value: 0.4910227248533685 and parameters: {'k1': 0.09394847327968146, 'D_low': 136.2885136709516, 'k2': 0.0007941721206841998, 'D_high': 163099.83868345147, 'fire_exp': 1.76860002581683, 'P_half': 524.1175609750234, 'pre_dampen_half': 2.326252647221762, 'gpp_af': 0.0332735814826458, 'gpp_b': 0.0002791762538067811, 'gpp_d': 105.29669416627942, 'ign_k': 2.14354236129347, 'ign_c': 0.9097287741759535, 'trop_agb_crit': 2.505653848974304, 'trop_k_veg': 1.3529788204102577, 'pop_amp': 0.16493501054010126, 'pop_peak': 2.894811552608164, 'pop_sig': 1.5016814866372241, 'fuel_k': 0.060566195930921544, 'fuel_half': 8.885014461230814}. Best is trial 0 with value: -0.6094076133578652.
[I 2026-08-19 17:24:33,322] Trial 947 finished with value: 0.4958473918684587 and parameters: {'k1': 0.00040990411040588924, 'D_low': 304.7458517078094, 'k2': 0.029665438252917096, 'D_high': 85544.67551758581, 'fire_exp': 2.6626906235967525, 'P_half': 1.0023110185625417, 'pre_dampen_half': 0.46669124738214796, 'gpp_af': 0.6818232871356394, 'gpp_b': 0.0001704262235588048, 'gpp_d': 73.38156482985661, 'ign_k': 0.3427836052520516, 'ign_c': 0.27042341703153827, 'trop_agb_crit': 4.523061202196634, 'trop_k_veg': 0.8436132519917703, 'pop_amp': 0.3354527110919653, 'pop_peak': 0.12058837957864824, 'pop_sig': 0.7762590918805201, 'fuel_k': 0.043886590897676755, 'fuel_half': 2.340284082693333}. Best is trial 0 with value: -0.6094076133578652.
[I 2026-08-19 17:24:34,922] Trial 948 finished with value: 0.442656776678063 and parameters: {'k1': 0.0003093111079729866, 'D_low': 51.5029656891726, 'k2': 0.003952916362082651, 'D_high': 4298086.950066537, 'fire_exp': 1.9284189446743996, 'P_half': 3.8760272197940417, 'pre_dampen_half': 3.537084667574414, 'gpp_af': 9.316548422876211, 'gpp_b': 1.6729751403108055e-05, 'gpp_d': 159.77919353588763, 'ign_k': 0.047107637249365744, 'ign_c': 1.735392947185584, 'trop_agb_crit': 2.444185947343488, 'trop_k_veg': 1.7585982984533812, 'pop_amp': 0.19260201540257962, 'pop_peak': 1.4967907751603717, 'pop_sig': 1.0769079496721892, 'fuel_k': 0.6931825338762997, 'fuel_half': 91.97369099416218}. Best is trial 0 with value: -0.6094076133578652.
[I 2026-08-19 17:24:36,614] Trial 949 finished with value: 0.4430593446623563 and parameters: {'k1': 0.0020180186494773433, 'D_low': 15.002145539533261, 'k2': 0.0006798043495802559, 'D_high': 83411.56041650524, 'fire_exp': 3.106340026981362, 'P_half': 36.60067834309492, 'pre_dampen_half': 23.236236333794768, 'gpp_af': 0.05035266503961313, 'gpp_b': 0.00018954632954960358, 'gpp_d': 7.87769154676077, 'ign_k': 1.9529273706362693, 'ign_c': 1.5010437043750693, 'trop_agb_crit': 22.10507645983395, 'trop_k_veg': 3.9042473355623795, 'pop_amp': 0.0013650783856789962, 'pop_peak': 24.69217713355457, 'pop_sig': 0.6847325799225359, 'fuel_k': 1.2700917765374078, 'fuel_half': 1.7864160940227243}. Best is trial 0 with value: -0.6094076133578652.
[I 2026-08-19 17:24:38,233] Trial 950 finished with value: 0.5205569225127356 and parameters: {'k1': 0.00038982914998045965, 'D_low': 32.26704423253206, 'k2': 0.05317034140714468, 'D_high': 192780.07594499012, 'fire_exp': 2.0443703667777946, 'P_half': 4.300079624512099, 'pre_dampen_half': 1.1962620260877508, 'gpp_af': 0.002038249502122928, 'gpp_b': 0.0006975784793295994, 'gpp_d': 0.11913920032067196, 'ign_k': 1.9461049328847528, 'ign_c': 5.304327029196161, 'trop_agb_crit': 1.4199640180608086, 'trop_k_veg': 3.0666862489985864, 'pop_amp': 0.1444050588682047, 'pop_peak': 3.055032186723977, 'pop_sig': 1.11175811166083, 'fuel_k': 0.022595332812560737, 'fuel_half': 5.299710053229812}. Best is trial 0 with value: -0.6094076133578652.
[I 2026-08-19 17:24:39,941] Trial 951 finished with value: 0.6254165427244369 and parameters: {'k1': 0.022287691565195902, 'D_low': 937.0408663387835, 'k2': 0.013154891712742077, 'D_high': 4180354.7122943904, 'fire_exp': 6.74852103740426, 'P_half': 15.56991179114182, 'pre_dampen_half': 362.7569808360935, 'gpp_af': 0.1522503439204425, 'gpp_b': 0.0005097933257760433, 'gpp_d': 11.979529365978342, 'ign_k': 3.73007001232589, 'ign_c': 0.5601033344387428, 'trop_agb_crit': 3.3080863991838156, 'trop_k_veg': 1.2893504520122063, 'pop_amp': 4.76008954749054, 'pop_peak': 627.070572083079, 'pop_sig': 1.2593827359359535, 'fuel_k': 0.06366980818322289, 'fuel_half': 0.10592323812709963}. Best is trial 0 with value: -0.6094076133578652.
  trial  952/2500  best_overall=0.6094  (26.3 min)
[I 2026-08-19 17:24:41,879] Trial 952 finished with value: 0.5820237228240723 and parameters: {'k1': 0.00019978084963105723, 'D_low': 1.8342042183980123, 'k2': 0.07293858247280954, 'D_high': 103410.77968073393, 'fire_exp': 4.655124254701864, 'P_half': 60.65419337517379, 'pre_dampen_half': 0.6882771925415432, 'gpp_af': 0.004958987109097085, 'gpp_b': 0.0020445852167702205, 'gpp_d': 63.049172758404346, 'ign_k': 1.5811695873634763, 'ign_c': 19.3891356229283, 'trop_agb_crit': 4.644631342930504, 'trop_k_veg': 2.3971861454755468, 'pop_amp': 0.029515200089989285, 'pop_peak': 60.13145167965424, 'pop_sig': 1.8040376426388236, 'fuel_k': 0.05627861157304461, 'fuel_half': 0.33447636560068067}. Best is trial 0 with value: -0.6094076133578652.
[I 2026-08-19 17:24:43,551] Trial 953 finished with value: 0.6445374145881376 and parameters: {'k1': 0.0022112739384386195, 'D_low': 59662.26928108819, 'k2': 0.08436208647792853, 'D_high': 408781.3903290778, 'fire_exp': 6.045940121983721, 'P_half': 2.546908340499424, 'pre_dampen_half': 72.82826957402362, 'gpp_af': 0.050818396700103546, 'gpp_b': 8.615752920683507e-05, 'gpp_d': 64.22149983883759, 'ign_k': 5.319599762811843, 'ign_c': 42.4858075876844, 'trop_agb_crit': 1.1816938596516404, 'trop_k_veg': 2.144431068401118, 'pop_amp': 1.0212031503850048, 'pop_peak': 434.50060855098144, 'pop_sig': 1.8202782259295283, 'fuel_k': 0.052394939122482116, 'fuel_half': 0.1934703989192738}. Best is trial 0 with value: -0.6094076133578652.
[I 2026-08-19 17:24:45,216] Trial 954 finished with value: 0.6000209281688205 and parameters: {'k1': 0.0018447991408606092, 'D_low': 26440.74338542838, 'k2': 0.0014644077901016384, 'D_high': 72005.63160149289, 'fire_exp': 1.210720246087168, 'P_half': 561.5387563529622, 'pre_dampen_half': 3.7593462841978122, 'gpp_af': 0.03468551222880718, 'gpp_b': 0.04766345840183916, 'gpp_d': 865.7560202092237, 'ign_k': 0.47899385874869355, 'ign_c': 0.44166323636538324, 'trop_agb_crit': 21.588477037932112, 'trop_k_veg': 3.365564476483015, 'pop_amp': 4.248565726651322, 'pop_peak': 300.5648089849218, 'pop_sig': 0.7983894607318698, 'fuel_k': 0.13265485551514455, 'fuel_half': 0.23330698732431185}. Best is trial 0 with value: -0.6094076133578652.
[I 2026-08-19 17:24:46,887] Trial 955 finished with value: 0.49476606894802033 and parameters: {'k1': 0.001483634185668472, 'D_low': 26.151689616834545, 'k2': 0.03173440114267623, 'D_high': 4242034.6410721475, 'fire_exp': 2.882758011848463, 'P_half': 33.67590272804841, 'pre_dampen_half': 0.10281589732712881, 'gpp_af': 0.12187030760344192, 'gpp_b': 0.0006300591827636579, 'gpp_d': 289.47242665409715, 'ign_k': 0.16742504815145862, 'ign_c': 1.8431770918517634, 'trop_agb_crit': 16.10927865911463, 'trop_k_veg': 2.5992296939840247, 'pop_amp': 0.5723106675320577, 'pop_peak': 1.4842767152533693, 'pop_sig': 1.038146292669362, 'fuel_k': 1.2123528707244213, 'fuel_half': 5.295317477740896}. Best is trial 0 with value: -0.6094076133578652.
