[I 2026-07-24 02:07:27,471] Trial 192 finished with value: 0.5387141524129537 and parameters: {'k1': 6.664784757668993e-05, 'D_low': 68.6479657110534, 'k2': 0.003158962170523142, 'D_high': 587569.0808220524, 'fire_exp': 2.442970367088759, 'P_half': 25.70999048282986, 'pre_dampen_half': 0.9574277165126578, 'gpp_af': 0.2642742867911267, 'gpp_b': 0.0014250438962214607, 'gpp_d': 9.103189911031798, 'ign_k': 0.042946297779003655, 'ign_c': 3.467109660019441, 'trop_agb_crit': 9.169678779989066, 'trop_k_veg': 1.4056286954842545, 'gdp_gamma': 0.0013058350352891902, 'fuel_k': 1.8415364421621554, 'fuel_half': 1.3127590534210256}. Best is trial 0 with value: -0.6086958580586874.
[I 2026-07-24 02:07:27,899] Trial 193 finished with value: 0.6096285478700677 and parameters: {'k1': 4.5835451632248585e-05, 'D_low': 42.31830774984996, 'k2': 2.06937584547868e-05, 'D_high': 4262.419145327343, 'fire_exp': 1.687079050961181, 'P_half': 1.0130638133530516, 'pre_dampen_half': 107.14705475393775, 'gpp_af': 0.008531311426398689, 'gpp_b': 0.007712063560231339, 'gpp_d': 0.3624541515923768, 'ign_k': 0.03740444502175108, 'ign_c': 13.093433972791763, 'trop_agb_crit': 5.774251168362456, 'trop_k_veg': 1.0432285208309093, 'gdp_gamma': 0.4885929824771884, 'fuel_k': 0.06097234214132495, 'fuel_half': 6.427455564623223}. Best is trial 0 with value: -0.6086958580586874.
[I 2026-07-24 02:07:28,332] Trial 194 finished with value: 0.5065627840388519 and parameters: {'k1': 0.00017032769401318555, 'D_low': 2.7115023505215707, 'k2': 1.9096125750072e-05, 'D_high': 274096.232899093, 'fire_exp': 1.1979430752450855, 'P_half': 678.0966657121112, 'pre_dampen_half': 94.56178233656428, 'gpp_af': 0.39398502127536067, 'gpp_b': 0.0013312383707460105, 'gpp_d': 3.4185305002429516, 'ign_k': 0.019481222855627086, 'ign_c': 2.123455499102381, 'trop_agb_crit': 8.508685954838993, 'trop_k_veg': 0.5947532592111183, 'gdp_gamma': 1.9520959143257512, 'fuel_k': 0.044316240798472406, 'fuel_half': 26.843315913414486}. Best is trial 0 with value: -0.6086958580586874.
[I 2026-07-24 02:07:28,761] Trial 195 finished with value: 0.4394314819133871 and parameters: {'k1': 0.00026972763889287793, 'D_low': 1.9469491766731741, 'k2': 8.619936419589994e-05, 'D_high': 4054231.3976914003, 'fire_exp': 1.063260711330402, 'P_half': 5.76848577393044, 'pre_dampen_half': 16.67483366197125, 'gpp_af': 0.00194666569493629, 'gpp_b': 0.00010714087662987615, 'gpp_d': 1.4188363571803, 'ign_k': 0.003979845025861606, 'ign_c': 15.546824979111856, 'trop_agb_crit': 15.006938124199856, 'trop_k_veg': 0.8330730549837579, 'gdp_gamma': 0.4523917305211603, 'fuel_k': 0.03394074419041107, 'fuel_half': 16.02796385795726}. Best is trial 0 with value: -0.6086958580586874.
[I 2026-07-24 02:07:29,192] Trial 196 finished with value: -0.49790708051846355 and parameters: {'k1': 0.03975710359704051, 'D_low': 48109.48835201138, 'k2': 0.00044789378388297404, 'D_high': 4363435.948211324, 'fire_exp': 1.803178493782698, 'P_half': 1.1260533866279114, 'pre_dampen_half': 26.585326533297106, 'gpp_af': 12.260306732435756, 'gpp_b': 0.00036806132376392483, 'gpp_d': 55.188663651093464, 'ign_k': 0.0026062283301246927, 'ign_c': 58.11904480024931, 'trop_agb_crit': 13.947860280474188, 'trop_k_veg': 1.6279435842339838, 'gdp_gamma': 0.7039166653370196, 'fuel_k': 0.013846797374881306, 'fuel_half': 2.5029255770776198}. Best is trial 0 with value: -0.6086958580586874.
[I 2026-07-24 02:07:29,622] Trial 197 finished with value: -0.5567433657016424 and parameters: {'k1': 0.06924421244540441, 'D_low': 4729.406496674497, 'k2': 4.370607813381899e-05, 'D_high': 416669.29339719156, 'fire_exp': 1.5539429365030566, 'P_half': 35.16918549517159, 'pre_dampen_half': 31.618340280906455, 'gpp_af': 0.06366124489093933, 'gpp_b': 0.0001998663741698899, 'gpp_d': 1.8895755528202558, 'ign_k': 0.01407806562785068, 'ign_c': 19.58696754945236, 'trop_agb_crit': 15.191080860471594, 'trop_k_veg': 0.8645582556507675, 'gdp_gamma': 0.1499726126526802, 'fuel_k': 0.058267256334697426, 'fuel_half': 12.797069249979398}. Best is trial 0 with value: -0.6086958580586874.
[I 2026-07-24 02:07:30,054] Trial 198 finished with value: 0.5280645987253455 and parameters: {'k1': 0.025512061637699354, 'D_low': 44.34451709285773, 'k2': 0.051636350868535234, 'D_high': 1603034.450697586, 'fire_exp': 1.5455704477621195, 'P_half': 984.0452567483563, 'pre_dampen_half': 315.7451338799968, 'gpp_af': 0.009042092838590188, 'gpp_b': 2.2821554734568926e-05, 'gpp_d': 5.7326047776040365, 'ign_k': 0.059425851504785666, 'ign_c': 0.7997215783240662, 'trop_agb_crit': 5.053889251356038, 'trop_k_veg': 0.8782830019745473, 'gdp_gamma': 1.4850610421923218, 'fuel_k': 0.02571685194232534, 'fuel_half': 70.22999234855595}. Best is trial 0 with value: -0.6086958580586874.
[I 2026-07-24 02:07:30,491] Trial 199 finished with value: 0.570890167022996 and parameters: {'k1': 2.7030890759741714e-05, 'D_low': 383.66739009997093, 'k2': 7.426123068693426e-05, 'D_high': 17970.81110716985, 'fire_exp': 1.4109838216627577, 'P_half': 1.218318694719725, 'pre_dampen_half': 0.556303689938228, 'gpp_af': 0.0010553655272832472, 'gpp_b': 7.77519089648069e-05, 'gpp_d': 1.3096902779271329, 'ign_k': 0.005136075613382386, 'ign_c': 9.075767702940821, 'trop_agb_crit': 3.50987319348126, 'trop_k_veg': 0.5852505336548229, 'gdp_gamma': 0.910429790852254, 'fuel_k': 0.4982246515524712, 'fuel_half': 24.768053169185336}. Best is trial 0 with value: -0.6086958580586874.
[I 2026-07-24 02:07:30,920] Trial 200 finished with value: 0.4993256074916771 and parameters: {'k1': 0.00830725850219606, 'D_low': 2875.142309662966, 'k2': 2.7104549918270632e-05, 'D_high': 893851.31675468, 'fire_exp': 1.0626798402611315, 'P_half': 7.04801885163706, 'pre_dampen_half': 14.938281108642304, 'gpp_af': 0.756922658650091, 'gpp_b': 0.00011332509035709723, 'gpp_d': 0.8456588950550695, 'ign_k': 0.12293662084299539, 'ign_c': 13.2383344091971, 'trop_agb_crit': 18.183182753507108, 'trop_k_veg': 1.0884895290118866, 'gdp_gamma': 0.23016994313782935, 'fuel_k': 0.09603278273158207, 'fuel_half': 3.2288530509588007}. Best is trial 0 with value: -0.6086958580586874.
[I 2026-07-24 02:07:31,345] Trial 201 finished with value: 0.6347270206131593 and parameters: {'k1': 0.04554937695667181, 'D_low': 131186.0257044868, 'k2': 1.1655473704655984e-05, 'D_high': 1635443.1537109823, 'fire_exp': 2.346069018019352, 'P_half': 53.36141452802452, 'pre_dampen_half': 178.13457245965293, 'gpp_af': 0.03001973531443389, 'gpp_b': 0.0005680898315505371, 'gpp_d': 0.6456795789732357, 'ign_k': 0.002122988046920025, 'ign_c': 63.89818190032165, 'trop_agb_crit': 12.41675589512109, 'trop_k_veg': 1.2406097673724499, 'gdp_gamma': 0.1977758435281901, 'fuel_k': 0.01576966715934685, 'fuel_half': 1.6952956911379586}. Best is trial 0 with value: -0.6086958580586874.
[I 2026-07-24 02:07:31,773] Trial 202 finished with value: 0.518226021792376 and parameters: {'k1': 0.08698367532080889, 'D_low': 1155.0293490741947, 'k2': 0.0010680161966890108, 'D_high': 250728.960935537, 'fire_exp': 1.2834615303288623, 'P_half': 8.097480696748443, 'pre_dampen_half': 178.49024772335397, 'gpp_af': 44.95251907077796, 'gpp_b': 0.00019275075185492467, 'gpp_d': 14.382782412535741, 'ign_k': 0.0010281873300182524, 'ign_c': 0.7561026540301866, 'trop_agb_crit': 24.996747865196244, 'trop_k_veg': 1.00033034368358, 'gdp_gamma': 0.10638727120715875, 'fuel_k': 0.013525971101085334, 'fuel_half': 6.294334734443245}. Best is trial 0 with value: -0.6086958580586874.
[I 2026-07-24 02:07:32,198] Trial 203 finished with value: 0.6166661991984765 and parameters: {'k1': 3.6486952813805336e-05, 'D_low': 21.867813282963933, 'k2': 0.0032268889905715517, 'D_high': 973.2734606288041, 'fire_exp': 1.5222598176947093, 'P_half': 4.938988966696079, 'pre_dampen_half': 75.20528089927998, 'gpp_af': 0.0013188406525391847, 'gpp_b': 0.00024301359239154818, 'gpp_d': 0.45392307534834697, 'ign_k': 0.0010520745144193726, 'ign_c': 37.14985710842706, 'trop_agb_crit': 2.434022461143231, 'trop_k_veg': 0.8494722972897004, 'gdp_gamma': 0.16782671006155572, 'fuel_k': 0.05298034069485396, 'fuel_half': 19.086834546276737}. Best is trial 0 with value: -0.6086958580586874.
[I 2026-07-24 02:07:32,626] Trial 204 finished with value: 0.6002465912787891 and parameters: {'k1': 0.04273787033212609, 'D_low': 62466.97545012886, 'k2': 0.00020747064028049962, 'D_high': 2546103.6984394575, 'fire_exp': 1.8888816709267482, 'P_half': 95.6022542247932, 'pre_dampen_half': 5.064116166684911, 'gpp_af': 0.01368310479252524, 'gpp_b': 6.293687954393162e-05, 'gpp_d': 1.8650133788319774, 'ign_k': 0.016165184464887378, 'ign_c': 15.46413347748054, 'trop_agb_crit': 21.93360979291975, 'trop_k_veg': 1.5692909614634236, 'gdp_gamma': 0.25603493996480653, 'fuel_k': 0.041201713728770434, 'fuel_half': 16.600815416878177}. Best is trial 0 with value: -0.6086958580586874.
[I 2026-07-24 02:07:33,050] Trial 205 finished with value: 0.6396665169157888 and parameters: {'k1': 0.0009319799927810362, 'D_low': 26.647492895750236, 'k2': 0.005709742951234724, 'D_high': 5008690.668478233, 'fire_exp': 3.132068736597765, 'P_half': 11.329860278816525, 'pre_dampen_half': 963.4616167284258, 'gpp_af': 0.013419799994074657, 'gpp_b': 0.06291068613548735, 'gpp_d': 1.2786677229544472, 'ign_k': 0.02494053436655368, 'ign_c': 256.849326263957, 'trop_agb_crit': 12.76144973935501, 'trop_k_veg': 0.9936124921044234, 'gdp_gamma': 1.9332968382889708, 'fuel_k': 0.17812107396845003, 'fuel_half': 59.55731149145072}. Best is trial 0 with value: -0.6086958580586874.
[I 2026-07-24 02:07:33,486] Trial 206 finished with value: 0.48005148234639283 and parameters: {'k1': 0.01297345764464547, 'D_low': 137.1113525029694, 'k2': 0.0006257252530741309, 'D_high': 28982.962888793692, 'fire_exp': 2.1690895994764166, 'P_half': 13.943893089191059, 'pre_dampen_half': 599.9529041246923, 'gpp_af': 0.05128734172201843, 'gpp_b': 1.1198974464600246e-05, 'gpp_d': 149.56345386868207, 'ign_k': 0.022219262311746257, 'ign_c': 2.7556682760362063, 'trop_agb_crit': 28.437479996356373, 'trop_k_veg': 2.1785080385296127, 'gdp_gamma': 0.11312143753516236, 'fuel_k': 0.04185057802543451, 'fuel_half': 68.62070301346833}. Best is trial 0 with value: -0.6086958580586874.
[I 2026-07-24 02:07:33,922] Trial 207 finished with value: 0.5787093108563218 and parameters: {'k1': 0.0005928569201391311, 'D_low': 147.66788234080263, 'k2': 0.016684303085593218, 'D_high': 71924.81650365554, 'fire_exp': 2.89805509904211, 'P_half': 68.89717063170033, 'pre_dampen_half': 49.87276278521145, 'gpp_af': 0.0012096197788315048, 'gpp_b': 7.218891616626783e-05, 'gpp_d': 802.8485763212949, 'ign_k': 0.0012989169985742335, 'ign_c': 10.013739130995274, 'trop_agb_crit': 4.326252715095903, 'trop_k_veg': 0.8425890368474773, 'gdp_gamma': 0.09165851665039729, 'fuel_k': 0.037815471470685924, 'fuel_half': 2.822898959853228}. Best is trial 0 with value: -0.6086958580586874.
[I 2026-07-24 02:07:34,348] Trial 208 finished with value: 0.5976353522804978 and parameters: {'k1': 0.00010025582092970042, 'D_low': 2.294098145535936, 'k2': 0.00010070636208132729, 'D_high': 856.3329257876711, 'fire_exp': 1.003246949037717, 'P_half': 2.2173358134375225, 'pre_dampen_half': 4.903879332596964, 'gpp_af': 0.0037161157978167427, 'gpp_b': 0.001294937927540527, 'gpp_d': 8.874134001641263, 'ign_k': 0.007721718416879093, 'ign_c': 406.5225261384143, 'trop_agb_crit': 8.563655570512962, 'trop_k_veg': 2.449770735293699, 'gdp_gamma': 1.4388581268909773, 'fuel_k': 0.058463679476127156, 'fuel_half': 77.78148791921348}. Best is trial 0 with value: -0.6086958580586874.
[I 2026-07-24 02:07:34,774] Trial 209 finished with value: 0.5348567574121853 and parameters: {'k1': 0.056253539091015235, 'D_low': 1298.1059594162223, 'k2': 0.019088265501837284, 'D_high': 1536435.453466587, 'fire_exp': 1.4025631119622963, 'P_half': 1.2181531481329124, 'pre_dampen_half': 16.942619123365112, 'gpp_af': 0.03828529585298865, 'gpp_b': 0.0011461832950044673, 'gpp_d': 16.904503648160457, 'ign_k': 0.008874525010350845, 'ign_c': 142.33371592053817, 'trop_agb_crit': 3.7637255628774615, 'trop_k_veg': 0.6377817957609554, 'gdp_gamma': 0.22021678812699003, 'fuel_k': 0.03249190562717054, 'fuel_half': 35.88701001246432}. Best is trial 0 with value: -0.6086958580586874.
[I 2026-07-24 02:07:35,202] Trial 210 finished with value: 0.6558159627705591 and parameters: {'k1': 0.033737700128496986, 'D_low': 8.60879019555616, 'k2': 0.016066008084481945, 'D_high': 9951699.749356661, 'fire_exp': 1.1966346000435064, 'P_half': 137.44322637403135, 'pre_dampen_half': 259.61787885160453, 'gpp_af': 3.625758613617386, 'gpp_b': 0.0006414318694250145, 'gpp_d': 93.1598552088039, 'ign_k': 0.025034155372656602, 'ign_c': 1.39488526435687, 'trop_agb_crit': 10.22862205709503, 'trop_k_veg': 1.3832792869966448, 'gdp_gamma': 0.9742597370011545, 'fuel_k': 0.18754581589089753, 'fuel_half': 87.06163894081494}. Best is trial 0 with value: -0.6086958580586874.
[I 2026-07-24 02:07:35,632] Trial 211 finished with value: 0.5737699877913279 and parameters: {'k1': 0.0004365732038958319, 'D_low': 4.567768223833402, 'k2': 9.341438568531924e-05, 'D_high': 171357.8632493111, 'fire_exp': 1.0577349923072203, 'P_half': 10.77654190147684, 'pre_dampen_half': 0.06154558344524462, 'gpp_af': 0.012618984278902269, 'gpp_b': 5.8759706329126384e-05, 'gpp_d': 11.01134782902813, 'ign_k': 0.0031416111457525492, 'ign_c': 530.9779397662005, 'trop_agb_crit': 6.894778392473479, 'trop_k_veg': 1.4878855982104815, 'gdp_gamma': 0.10065785822631274, 'fuel_k': 0.10629726025019044, 'fuel_half': 13.131432783485643}. Best is trial 0 with value: -0.6086958580586874.
[I 2026-07-24 02:07:36,060] Trial 212 finished with value: 0.48068716391614585 and parameters: {'k1': 0.0002863226506202638, 'D_low': 3.8941639267475434, 'k2': 0.023656500560801725, 'D_high': 23607.589561975234, 'fire_exp': 2.566513274919338, 'P_half': 1.7963033053928972, 'pre_dampen_half': 444.4183395442983, 'gpp_af': 0.009036681053727593, 'gpp_b': 0.0016473992259151407, 'gpp_d': 94.40342020909492, 'ign_k': 0.0017363403925115856, 'ign_c': 0.4226677207451533, 'trop_agb_crit': 7.2895056767507365, 'trop_k_veg': 0.8994216784456421, 'gdp_gamma': 1.393093013605349, 'fuel_k': 0.2312747952689319, 'fuel_half': 15.520856063804793}. Best is trial 0 with value: -0.6086958580586874.
[I 2026-07-24 02:07:36,487] Trial 213 finished with value: 0.6053215434783186 and parameters: {'k1': 0.08134372242456378, 'D_low': 172.14280678661024, 'k2': 0.0014186583144903011, 'D_high': 359988.6481925471, 'fire_exp': 1.2362267677275287, 'P_half': 26.251331615739613, 'pre_dampen_half': 79.2936283537191, 'gpp_af': 0.7707318560001019, 'gpp_b': 0.0013793273846134596, 'gpp_d': 410.70788497668275, 'ign_k': 0.005111642407761368, 'ign_c': 8.439356578444253, 'trop_agb_crit': 27.589163791536155, 'trop_k_veg': 0.6666492384641319, 'gdp_gamma': 0.8699520881525807, 'fuel_k': 0.07579813413384158, 'fuel_half': 15.283910595797888}. Best is trial 0 with value: -0.6086958580586874.
[I 2026-07-24 02:07:36,916] Trial 214 finished with value: 0.5686428028057426 and parameters: {'k1': 0.0009614419984488866, 'D_low': 113.58556008181176, 'k2': 0.06708696556314443, 'D_high': 14033.332313578463, 'fire_exp': 1.0249966194014766, 'P_half': 2021.2027580410968, 'pre_dampen_half': 8.549911683593082, 'gpp_af': 0.1733268191384723, 'gpp_b': 2.3765365205242357e-05, 'gpp_d': 230.60181516979813, 'ign_k': 0.006252748686499834, 'ign_c': 6.192345366254053, 'trop_agb_crit': 4.113913133794884, 'trop_k_veg': 0.5431790995722876, 'gdp_gamma': 0.23471745170443195, 'fuel_k': 0.015957513072542555, 'fuel_half': 36.37857295244522}. Best is trial 0 with value: -0.6086958580586874.
[I 2026-07-24 02:07:37,342] Trial 215 finished with value: 0.5705810324991818 and parameters: {'k1': 0.001357866289112113, 'D_low': 284.2788139082298, 'k2': 0.006230022260091621, 'D_high': 54173.073994735205, 'fire_exp': 3.901669902997703, 'P_half': 20.629208471202066, 'pre_dampen_half': 373.08801318320815, 'gpp_af': 0.003919930764542853, 'gpp_b': 2.1040086830496886e-05, 'gpp_d': 66.47711794588817, 'ign_k': 0.002120421185169764, 'ign_c': 19.581686231950844, 'trop_agb_crit': 21.532576954869196, 'trop_k_veg': 1.0553805956626903, 'gdp_gamma': 0.30310438973369774, 'fuel_k': 0.02387410585513629, 'fuel_half': 28.28981506497493}. Best is trial 0 with value: -0.6086958580586874.
[I 2026-07-24 02:07:37,769] Trial 216 finished with value: 0.5687175009260826 and parameters: {'k1': 0.04986855213031752, 'D_low': 145.14985872192295, 'k2': 0.0002388243028138731, 'D_high': 13575.523901326444, 'fire_exp': 1.537304432899016, 'P_half': 23.760922188272623, 'pre_dampen_half': 38.6704818802029, 'gpp_af': 0.0036024249645193224, 'gpp_b': 0.0006885489621293737, 'gpp_d': 0.01020613424724593, 'ign_k': 0.10165603842330395, 'ign_c': 15.874742891479515, 'trop_agb_crit': 17.477605376590006, 'trop_k_veg': 0.7243078577009409, 'gdp_gamma': 0.061488133917131774, 'fuel_k': 0.03889124677717814, 'fuel_half': 12.539990847318247}. Best is trial 0 with value: -0.6086958580586874.
[I 2026-07-24 02:07:38,200] Trial 217 finished with value: 0.5930951780912517 and parameters: {'k1': 0.0813643145410459, 'D_low': 5555.9395626919695, 'k2': 2.681412234689015e-05, 'D_high': 38572.898165139224, 'fire_exp': 1.4023974705934563, 'P_half': 8.359938433322563, 'pre_dampen_half': 733.6690793249594, 'gpp_af': 0.6751052093267584, 'gpp_b': 0.0004291579837769507, 'gpp_d': 0.704753176720716, 'ign_k': 0.0010335392153912146, 'ign_c': 16.03853877935961, 'trop_agb_crit': 8.227492870097675, 'trop_k_veg': 0.5719222019924406, 'gdp_gamma': 0.028898244912106016, 'fuel_k': 0.04154091646797137, 'fuel_half': 7.800220713505182}. Best is trial 0 with value: -0.6086958580586874.
[I 2026-07-24 02:07:38,627] Trial 218 finished with value: 0.6318751372952385 and parameters: {'k1': 0.012622933503993251, 'D_low': 417.57807935852924, 'k2': 0.07739091996493144, 'D_high': 8449989.245699188, 'fire_exp': 1.6820701254163783, 'P_half': 8960.189288289117, 'pre_dampen_half': 435.60806249238817, 'gpp_af': 24.16608395468547, 'gpp_b': 1.4968080161629392e-05, 'gpp_d': 3.4481079513756905, 'ign_k': 0.001047529692615372, 'ign_c': 0.32942611471759164, 'trop_agb_crit': 6.935306589000566, 'trop_k_veg': 1.7811673239186818, 'gdp_gamma': 0.31488527069151073, 'fuel_k': 0.2986641656713291, 'fuel_half': 8.539261165391743}. Best is trial 0 with value: -0.6086958580586874.
[I 2026-07-24 02:07:39,068] Trial 219 finished with value: 0.603701201241478 and parameters: {'k1': 0.0006894000806880516, 'D_low': 5.601714755591017, 'k2': 0.07311174340034661, 'D_high': 1945623.2128392218, 'fire_exp': 2.7128861406801463, 'P_half': 10.330698331292325, 'pre_dampen_half': 854.678437694372, 'gpp_af': 0.8927089468848894, 'gpp_b': 0.00042750987988717757, 'gpp_d': 591.5145338505636, 'ign_k': 0.04903038493621422, 'ign_c': 57.574210456874745, 'trop_agb_crit': 13.362445168334245, 'trop_k_veg': 0.6011334153424481, 'gdp_gamma': 0.7167633445174928, 'fuel_k': 0.10805715378700509, 'fuel_half': 6.4223133403433526}. Best is trial 0 with value: -0.6086958580586874.
[I 2026-07-24 02:07:39,497] Trial 220 finished with value: 0.5176855352930543 and parameters: {'k1': 0.00020060033898010033, 'D_low': 20.760556054445598, 'k2': 0.00013052206635376894, 'D_high': 106703.1383891951, 'fire_exp': 1.6577650499820815, 'P_half': 10.029130933750848, 'pre_dampen_half': 53.6016864662521, 'gpp_af': 0.008040780373443092, 'gpp_b': 0.00010266082686418682, 'gpp_d': 0.43838792219417877, 'ign_k': 0.0030724919541271593, 'ign_c': 198.55818689957422, 'trop_agb_crit': 4.331710661604674, 'trop_k_veg': 1.3902094132988732, 'gdp_gamma': 0.200056401456005, 'fuel_k': 0.03692320366065604, 'fuel_half': 7.231408415063486}. Best is trial 0 with value: -0.6086958580586874.
[I 2026-07-24 02:07:39,924] Trial 221 finished with value: 0.6095059570538354 and parameters: {'k1': 0.06836180213617804, 'D_low': 12031.668747276502, 'k2': 2.7775565259748562e-05, 'D_high': 342549.69573546096, 'fire_exp': 2.491072312367706, 'P_half': 7.078520275087419, 'pre_dampen_half': 54.25769969852658, 'gpp_af': 0.00504610866173939, 'gpp_b': 0.00010517957096729867, 'gpp_d': 89.78920765834711, 'ign_k': 0.14770344775664837, 'ign_c': 48.24300226441912, 'trop_agb_crit': 15.866807851438468, 'trop_k_veg': 1.0261397733210647, 'gdp_gamma': 0.03434760258104486, 'fuel_k': 0.0961824080038688, 'fuel_half': 24.45766602373879}. Best is trial 0 with value: -0.6086958580586874.
[I 2026-07-24 02:07:40,361] Trial 222 finished with value: 0.603327594252622 and parameters: {'k1': 0.002369612231895778, 'D_low': 1780.2516435248856, 'k2': 6.688478889996912e-05, 'D_high': 2958001.874085371, 'fire_exp': 1.4210183980196385, 'P_half': 25.868171203105224, 'pre_dampen_half': 192.63822182096607, 'gpp_af': 0.7724672204812649, 'gpp_b': 2.038150306418881e-05, 'gpp_d': 100.62387330752323, 'ign_k': 0.016333507299052585, 'ign_c': 283.0717755677045, 'trop_agb_crit': 24.04310717883207, 'trop_k_veg': 0.8910252041465508, 'gdp_gamma': 0.12303620847580847, 'fuel_k': 0.22716922022054553, 'fuel_half': 42.84040407911478}. Best is trial 0 with value: -0.6086958580586874.
[I 2026-07-24 02:07:40,796] Trial 223 finished with value: 0.5547403996684378 and parameters: {'k1': 1.003388602930565e-05, 'D_low': 952.4478658643042, 'k2': 0.09588838200889581, 'D_high': 101699.30221998443, 'fire_exp': 1.1449123698071897, 'P_half': 12.607199319038074, 'pre_dampen_half': 129.55510936862837, 'gpp_af': 0.003968373003264231, 'gpp_b': 1.406609019340406e-05, 'gpp_d': 145.8119329506252, 'ign_k': 0.0011653824245069651, 'ign_c': 8.766635532299663, 'trop_agb_crit': 12.823174297714043, 'trop_k_veg': 1.37969136990177, 'gdp_gamma': 1.655041159469936, 'fuel_k': 0.04657407233300629, 'fuel_half': 32.15673584517346}. Best is trial 0 with value: -0.6086958580586874.
