[I 2026-06-10 19:42:04,875] Trial 962 finished with values: [10.49194256358049, 10.49194256358049] and parameters: {'k1': 0.0003783599106879794, 'D_low': 1.4002277211577039, 'k2': 0.00383039225527374, 'D_high': 1817.0401889219124, 'fire_exp': 1.9315537114423451, 'P_half': 157.3644610977214, 'pre_dampen_half': 189.36639872354493, 'gpp_af': 0.8594202650742228, 'gpp_b': 0.001674375583895437, 'gpp_d': 1.0088237648985734, 'ign_k': 1.6270983114897255, 'ign_c': 7.832259769732471, 'trop_agb_crit': 1.8023542850487386, 'trop_k_veg': 5.453348988480011, 'fire_amp': 2.6192385880432525}.
[I 2026-06-10 19:42:06,046] Trial 963 finished with values: [10.385269941137327, 10.385269941137327] and parameters: {'k1': 0.012840669372724958, 'D_low': 1.4002277211577039, 'k2': 0.02065142557895925, 'D_high': 1817.0401889219124, 'fire_exp': 1.111738490499784, 'P_half': 5.4712187293420325, 'pre_dampen_half': 121.93011993958949, 'gpp_af': 3.298293484806585, 'gpp_b': 0.0015782327810795573, 'gpp_d': 0.47379914349407487, 'ign_k': 0.9419612235978201, 'ign_c': 7.832259769732471, 'trop_agb_crit': 1.8023542850487386, 'trop_k_veg': 5.453348988480011, 'fire_amp': 4.314496597234754}.
[I 2026-06-10 19:42:07,570] Trial 964 finished with values: [-0.7026658619777647, 0.2580079079520321] and parameters: {'k1': 5.7909642338812115e-05, 'D_low': 13.012518385211498, 'k2': 0.0007731571570012607, 'D_high': 1817.0401889219124, 'fire_exp': 1.111738490499784, 'P_half': 774.5825831079144, 'pre_dampen_half': 189.36639872354493, 'gpp_af': 3.030008727251782, 'gpp_b': 0.002416023630607169, 'gpp_d': 7.631016235941559, 'ign_k': 0.8945150807271531, 'ign_c': 7.832259769732471, 'trop_agb_crit': 1.438876022196885, 'trop_k_veg': 5.447068407295338, 'fire_amp': 4.472176921013167}.
[I 2026-06-10 19:42:08,813] Trial 965 finished with values: [10.02975949629104, 10.02975949629104] and parameters: {'k1': 0.00026539376439360527, 'D_low': 1.4002277211577039, 'k2': 0.02432525237405086, 'D_high': 1817.0401889219124, 'fire_exp': 1.811096651915224, 'P_half': 157.3644610977214, 'pre_dampen_half': 393.2173465242997, 'gpp_af': 1.9998014714101113, 'gpp_b': 0.002416023630607169, 'gpp_d': 525.1661172395181, 'ign_k': 0.09256855841989636, 'ign_c': 7.832259769732471, 'trop_agb_crit': 8.0091368834625, 'trop_k_veg': 2.99731137426955, 'fire_amp': 4.472176921013167}.
[I 2026-06-10 19:42:10,061] Trial 966 finished with values: [10.34757199688206, 10.34757199688206] and parameters: {'k1': 5.7909642338812115e-05, 'D_low': 669.7348618512094, 'k2': 0.0007731571570012607, 'D_high': 1817.0401889219124, 'fire_exp': 1.4126958348191876, 'P_half': 18.93453091519153, 'pre_dampen_half': 189.36639872354493, 'gpp_af': 3.030008727251782, 'gpp_b': 0.0008861657881839811, 'gpp_d': 1.0088237648985734, 'ign_k': 0.09256855841989636, 'ign_c': 1.0208550480923066, 'trop_agb_crit': 8.0091368834625, 'trop_k_veg': 1.6003641872536711, 'fire_amp': 3.890668402773863}.
[I 2026-06-10 19:42:11,245] Trial 967 finished with values: [10.833035705375725, 10.833035705375725] and parameters: {'k1': 5.7909642338812115e-05, 'D_low': 2186.356344942016, 'k2': 0.005204862686958021, 'D_high': 1817.0401889219124, 'fire_exp': 1.111738490499784, 'P_half': 2.226799690893868, 'pre_dampen_half': 189.36639872354493, 'gpp_af': 1.9998014714101113, 'gpp_b': 5.0875243087016374e-05, 'gpp_d': 1.0088237648985734, 'ign_k': 0.09256855841989636, 'ign_c': 104.75330041760883, 'trop_agb_crit': 4.789307037039607, 'trop_k_veg': 5.453348988480011, 'fire_amp': 2.6192385880432525}.
[I 2026-06-10 19:42:12,400] Trial 968 finished with values: [10.414603120581136, 10.414603120581136] and parameters: {'k1': 0.00026539376439360527, 'D_low': 43.2326421037033, 'k2': 0.0008255198309657572, 'D_high': 1266.9536563782303, 'fire_exp': 1.7505406131449859, 'P_half': 12.262543158860007, 'pre_dampen_half': 189.36639872354493, 'gpp_af': 3.030008727251782, 'gpp_b': 1.1271749208350375, 'gpp_d': 525.1661172395181, 'ign_k': 0.8945150807271531, 'ign_c': 7.832259769732471, 'trop_agb_crit': 3.1920112940578624, 'trop_k_veg': 1.6003641872536711, 'fire_amp': 4.472176921013167}.
[I 2026-06-10 19:42:13,566] Trial 969 finished with values: [10.770799340687386, 10.770799340687386] and parameters: {'k1': 0.03648456083047798, 'D_low': 133.4807155996069, 'k2': 0.005204862686958021, 'D_high': 42210.21267871043, 'fire_exp': 1.1633452995374232, 'P_half': 996.7983879709292, 'pre_dampen_half': 189.36639872354493, 'gpp_af': 0.07302012718529301, 'gpp_b': 0.5903603324157484, 'gpp_d': 1.4397852866783676, 'ign_k': 0.13500744867919376, 'ign_c': 16.497426799845446, 'trop_agb_crit': 3.1419938725278875, 'trop_k_veg': 1.6003641872536711, 'fire_amp': 4.472176921013167}.
[I 2026-06-10 19:42:14,727] Trial 970 finished with values: [10.816457889974204, 10.816457889974204] and parameters: {'k1': 0.00031134168041628584, 'D_low': 236.79352040223893, 'k2': 0.005204862686958021, 'D_high': 1817.0401889219124, 'fire_exp': 5.351686653809503, 'P_half': 2.226799690893868, 'pre_dampen_half': 189.36639872354493, 'gpp_af': 0.8594202650742228, 'gpp_b': 8.168628001294799e-05, 'gpp_d': 1.0088237648985734, 'ign_k': 0.09256855841989636, 'ign_c': 2.2882309479728957, 'trop_agb_crit': 1.23202873794675, 'trop_k_veg': 5.453348988480011, 'fire_amp': 2.6192385880432525}.
[I 2026-06-10 19:42:15,914] Trial 971 finished with values: [10.37431725719254, 10.37431725719254] and parameters: {'k1': 5.7909642338812115e-05, 'D_low': 1.4002277211577039, 'k2': 0.02065142557895925, 'D_high': 1817.0401889219124, 'fire_exp': 1.2060040899560858, 'P_half': 157.3644610977214, 'pre_dampen_half': 189.36639872354493, 'gpp_af': 7.6249540788973835, 'gpp_b': 0.001674375583895437, 'gpp_d': 1.4397852866783676, 'ign_k': 1.6270983114897255, 'ign_c': 7.832259769732471, 'trop_agb_crit': 8.0091368834625, 'trop_k_veg': 5.453348988480011, 'fire_amp': 2.6192385880432525}.
[I 2026-06-10 19:42:17,198] Trial 972 finished with values: [10.27514533195996, 10.27514533195996] and parameters: {'k1': 5.7909642338812115e-05, 'D_low': 236.79352040223893, 'k2': 0.02065142557895925, 'D_high': 4213.54222759551, 'fire_exp': 1.2060040899560858, 'P_half': 996.7983879709292, 'pre_dampen_half': 189.36639872354493, 'gpp_af': 1.9998014714101113, 'gpp_b': 0.002416023630607169, 'gpp_d': 1.0088237648985734, 'ign_k': 0.09256855841989636, 'ign_c': 7.832259769732471, 'trop_agb_crit': 1.8023542850487386, 'trop_k_veg': 5.453348988480011, 'fire_amp': 5.015960627273085}.
[I 2026-06-10 19:42:18,424] Trial 973 finished with values: [10.61696354989227, 10.61696354989227] and parameters: {'k1': 0.0869690639641868, 'D_low': 1.4002277211577039, 'k2': 5.12525027816961e-05, 'D_high': 1817.0401889219124, 'fire_exp': 1.2060040899560858, 'P_half': 17.671138565264357, 'pre_dampen_half': 189.36639872354493, 'gpp_af': 3.030008727251782, 'gpp_b': 0.001674375583895437, 'gpp_d': 76.38081075786287, 'ign_k': 0.09256855841989636, 'ign_c': 2.2882309479728957, 'trop_agb_crit': 1.8023542850487386, 'trop_k_veg': 5.453348988480011, 'fire_amp': 2.6192385880432525}.
[I 2026-06-10 19:42:19,605] Trial 974 finished with values: [-0.6551402256559872, 0.49438104338627076] and parameters: {'k1': 5.7909642338812115e-05, 'D_low': 1.4002277211577039, 'k2': 0.0007731571570012607, 'D_high': 1817.0401889219124, 'fire_exp': 1.2060040899560858, 'P_half': 1.4551749476072258, 'pre_dampen_half': 189.36639872354493, 'gpp_af': 1.9998014714101113, 'gpp_b': 0.006999112505425414, 'gpp_d': 1.0088237648985734, 'ign_k': 0.29415751391396583, 'ign_c': 7.832259769732471, 'trop_agb_crit': 1.8023542850487386, 'trop_k_veg': 2.99731137426955, 'fire_amp': 5.44779717154213}.
[I 2026-06-10 19:42:20,740] Trial 975 finished with values: [11.547032334438192, 11.547032334438192] and parameters: {'k1': 5.7909642338812115e-05, 'D_low': 2186.356344942016, 'k2': 0.005204862686958021, 'D_high': 1266.9536563782303, 'fire_exp': 1.111738490499784, 'P_half': 2.6691447170887805, 'pre_dampen_half': 189.36639872354493, 'gpp_af': 1.9998014714101113, 'gpp_b': 5.0875243087016374e-05, 'gpp_d': 76.38081075786287, 'ign_k': 0.8945150807271531, 'ign_c': 16.497426799845446, 'trop_agb_crit': 8.0091368834625, 'trop_k_veg': 1.6003641872536711, 'fire_amp': 4.472176921013167}.
[I 2026-06-10 19:42:21,880] Trial 976 finished with values: [10.021824525035868, 10.021824525035868] and parameters: {'k1': 0.0007916322947490366, 'D_low': 669.7348618512094, 'k2': 0.005204862686958021, 'D_high': 1817.0401889219124, 'fire_exp': 1.2060040899560858, 'P_half': 157.3644610977214, 'pre_dampen_half': 189.36639872354493, 'gpp_af': 0.5310489989160803, 'gpp_b': 0.0008861657881839811, 'gpp_d': 76.38081075786287, 'ign_k': 0.09256855841989636, 'ign_c': 16.497426799845446, 'trop_agb_crit': 8.0091368834625, 'trop_k_veg': 5.453348988480011, 'fire_amp': 3.890668402773863}.
[I 2026-06-10 19:42:23,045] Trial 977 finished with values: [10.135648631302233, 10.135648631302233] and parameters: {'k1': 5.7909642338812115e-05, 'D_low': 2.5449737887285035, 'k2': 0.0007731571570012607, 'D_high': 1817.0401889219124, 'fire_exp': 1.2060040899560858, 'P_half': 2.226799690893868, 'pre_dampen_half': 189.36639872354493, 'gpp_af': 0.8594202650742228, 'gpp_b': 0.001674375583895437, 'gpp_d': 1.0088237648985734, 'ign_k': 0.09256855841989636, 'ign_c': 0.24361599465623282, 'trop_agb_crit': 1.0189592979395135, 'trop_k_veg': 5.453348988480011, 'fire_amp': 5.44779717154213}.
[I 2026-06-10 19:42:24,303] Trial 978 finished with values: [10.741218461647554, 10.741218461647554] and parameters: {'k1': 0.0868318308250935, 'D_low': 266.07970538371484, 'k2': 0.02065142557895925, 'D_high': 267.3088310781672, 'fire_exp': 1.111738490499784, 'P_half': 774.5825831079144, 'pre_dampen_half': 189.36639872354493, 'gpp_af': 1.9998014714101113, 'gpp_b': 0.001674375583895437, 'gpp_d': 76.38081075786287, 'ign_k': 0.09256855841989636, 'ign_c': 2.2882309479728957, 'trop_agb_crit': 3.1920112940578624, 'trop_k_veg': 5.453348988480011, 'fire_amp': 4.472176921013167}.
[I 2026-06-10 19:42:25,542] Trial 979 finished with values: [10.825062619290438, 10.825062619290438] and parameters: {'k1': 5.7909642338812115e-05, 'D_low': 13.012518385211498, 'k2': 0.02065142557895925, 'D_high': 1817.0401889219124, 'fire_exp': 1.811096651915224, 'P_half': 5617.618805806643, 'pre_dampen_half': 189.36639872354493, 'gpp_af': 0.004409093791567215, 'gpp_b': 0.002416023630607169, 'gpp_d': 0.47379914349407487, 'ign_k': 0.9419612235978201, 'ign_c': 2.2882309479728957, 'trop_agb_crit': 8.0091368834625, 'trop_k_veg': 5.453348988480011, 'fire_amp': 1.0804276661569383}.
[I 2026-06-10 19:42:26,685] Trial 980 finished with values: [-0.671199306976464, 0.3273493938568135] and parameters: {'k1': 5.7909642338812115e-05, 'D_low': 1.4002277211577039, 'k2': 0.02065142557895925, 'D_high': 1817.0401889219124, 'fire_exp': 1.2060040899560858, 'P_half': 2.6691447170887805, 'pre_dampen_half': 189.36639872354493, 'gpp_af': 1.9998014714101113, 'gpp_b': 0.006999112505425414, 'gpp_d': 7.631016235941559, 'ign_k': 0.09256855841989636, 'ign_c': 2.2882309479728957, 'trop_agb_crit': 8.0091368834625, 'trop_k_veg': 2.99731137426955, 'fire_amp': 2.042193818779288}.
[I 2026-06-10 19:42:28,246] Trial 981 finished with values: [-0.695075917985512, 0.3804054357836445] and parameters: {'k1': 0.00026539376439360527, 'D_low': 2186.356344942016, 'k2': 0.005204862686958021, 'D_high': 1817.0401889219124, 'fire_exp': 1.111738490499784, 'P_half': 157.3644610977214, 'pre_dampen_half': 189.36639872354493, 'gpp_af': 1.9998014714101113, 'gpp_b': 5.0875243087016374e-05, 'gpp_d': 76.38081075786287, 'ign_k': 0.09256855841989636, 'ign_c': 0.45630923983425714, 'trop_agb_crit': 8.0091368834625, 'trop_k_veg': 5.453348988480011, 'fire_amp': 2.6192385880432525}.
[I 2026-06-10 19:42:29,392] Trial 982 finished with values: [10.832956352628111, 10.832956352628111] and parameters: {'k1': 5.7909642338812115e-05, 'D_low': 1.4002277211577039, 'k2': 0.005204862686958021, 'D_high': 1817.0401889219124, 'fire_exp': 1.2060040899560858, 'P_half': 2.226799690893868, 'pre_dampen_half': 0.045566310715226425, 'gpp_af': 0.8594202650742228, 'gpp_b': 0.001674375583895437, 'gpp_d': 1.0088237648985734, 'ign_k': 0.09256855841989636, 'ign_c': 80.15297379101396, 'trop_agb_crit': 1.0189592979395135, 'trop_k_veg': 5.453348988480011, 'fire_amp': 2.6192385880432525}.
[I 2026-06-10 19:42:30,576] Trial 983 finished with values: [10.83333333328067, 10.83333333328067] and parameters: {'k1': 0.0007916322947490366, 'D_low': 1.4002277211577039, 'k2': 0.02065142557895925, 'D_high': 1817.0401889219124, 'fire_exp': 1.2060040899560858, 'P_half': 157.3644610977214, 'pre_dampen_half': 189.36639872354493, 'gpp_af': 1.9998014714101113, 'gpp_b': 0.001674375583895437, 'gpp_d': 76.38081075786287, 'ign_k': 1.6270983114897255, 'ign_c': 186.69871096222246, 'trop_agb_crit': 8.0091368834625, 'trop_k_veg': 5.453348988480011, 'fire_amp': 2.6192385880432525}.
[I 2026-06-10 19:42:31,866] Trial 984 finished with values: [10.713021995939108, 10.713021995939108] and parameters: {'k1': 0.00026539376439360527, 'D_low': 50.32059347286801, 'k2': 0.005204862686958021, 'D_high': 1266.9536563782303, 'fire_exp': 1.1633452995374232, 'P_half': 996.7983879709292, 'pre_dampen_half': 1.8469033699850426, 'gpp_af': 3.030008727251782, 'gpp_b': 0.002416023630607169, 'gpp_d': 7.631016235941559, 'ign_k': 0.13500744867919376, 'ign_c': 0.33139424373451987, 'trop_agb_crit': 3.1419938725278875, 'trop_k_veg': 2.99731137426955, 'fire_amp': 2.042193818779288}.
[I 2026-06-10 19:42:33,172] Trial 985 finished with values: [10.738021648148548, 10.738021648148548] and parameters: {'k1': 0.00026539376439360527, 'D_low': 43.2326421037033, 'k2': 0.02065142557895925, 'D_high': 267.3088310781672, 'fire_exp': 1.811096651915224, 'P_half': 5.4712187293420325, 'pre_dampen_half': 189.36639872354493, 'gpp_af': 0.004409093791567215, 'gpp_b': 0.002416023630607169, 'gpp_d': 525.1661172395181, 'ign_k': 0.007145711288893931, 'ign_c': 7.832259769732471, 'trop_agb_crit': 2.100813292597435, 'trop_k_veg': 1.6003641872536711, 'fire_amp': 4.472176921013167}.
[I 2026-06-10 19:42:34,368] Trial 986 finished with values: [10.276768664922416, 10.276768664922416] and parameters: {'k1': 5.7909642338812115e-05, 'D_low': 13.012518385211498, 'k2': 0.02065142557895925, 'D_high': 1266.9536563782303, 'fire_exp': 1.7505406131449859, 'P_half': 2.6691447170887805, 'pre_dampen_half': 189.36639872354493, 'gpp_af': 1.9998014714101113, 'gpp_b': 0.002416023630607169, 'gpp_d': 7.631016235941559, 'ign_k': 0.8945150807271531, 'ign_c': 2.2882309479728957, 'trop_agb_crit': 3.1920112940578624, 'trop_k_veg': 4.469525707857632, 'fire_amp': 2.042193818779288}.
[I 2026-06-10 19:42:35,550] Trial 987 finished with values: [-0.621630517677648, 0.5268678165300645] and parameters: {'k1': 5.7909642338812115e-05, 'D_low': 1.4002277211577039, 'k2': 0.0007731571570012607, 'D_high': 1817.0401889219124, 'fire_exp': 1.2060040899560858, 'P_half': 1.4551749476072258, 'pre_dampen_half': 189.36639872354493, 'gpp_af': 1.9998014714101113, 'gpp_b': 0.002416023630607169, 'gpp_d': 1.0088237648985734, 'ign_k': 0.09256855841989636, 'ign_c': 7.832259769732471, 'trop_agb_crit': 1.8023542850487386, 'trop_k_veg': 2.99731137426955, 'fire_amp': 5.015960627273085}.
[I 2026-06-10 19:42:36,731] Trial 988 finished with values: [10.410299064175966, 10.410299064175966] and parameters: {'k1': 0.0006042560675552671, 'D_low': 50.32059347286801, 'k2': 0.005204862686958021, 'D_high': 1055.3846463525656, 'fire_exp': 1.111738490499784, 'P_half': 114.62237838612074, 'pre_dampen_half': 189.36639872354493, 'gpp_af': 15.977732284872852, 'gpp_b': 0.002416023630607169, 'gpp_d': 1.0088237648985734, 'ign_k': 0.09256855841989636, 'ign_c': 16.497426799845446, 'trop_agb_crit': 3.3933702290907823, 'trop_k_veg': 5.453348988480011, 'fire_amp': 5.44779717154213}.
[I 2026-06-10 19:42:37,892] Trial 989 finished with values: [-0.5908040986069644, 0.5794501017229168] and parameters: {'k1': 5.7909642338812115e-05, 'D_low': 2186.356344942016, 'k2': 0.005204862686958021, 'D_high': 1817.0401889219124, 'fire_exp': 1.2060040899560858, 'P_half': 1.4551749476072258, 'pre_dampen_half': 189.36639872354493, 'gpp_af': 3.298293484806585, 'gpp_b': 5.0875243087016374e-05, 'gpp_d': 1.0088237648985734, 'ign_k': 0.09256855841989636, 'ign_c': 16.497426799845446, 'trop_agb_crit': 8.0091368834625, 'trop_k_veg': 5.453348988480011, 'fire_amp': 5.44779717154213}.
[I 2026-06-10 19:42:39,159] Trial 990 finished with values: [10.421532427651622, 10.421532427651622] and parameters: {'k1': 0.008535052150482593, 'D_low': 236.79352040223893, 'k2': 0.0001280886335404798, 'D_high': 1817.0401889219124, 'fire_exp': 1.2060040899560858, 'P_half': 114.62237838612074, 'pre_dampen_half': 9.044346216330972, 'gpp_af': 0.8594202650742228, 'gpp_b': 0.001674375583895437, 'gpp_d': 1.0088237648985734, 'ign_k': 0.9419612235978201, 'ign_c': 1.364908766641693, 'trop_agb_crit': 1.0189592979395135, 'trop_k_veg': 2.2484780838355256, 'fire_amp': 2.6192385880432525}.
[I 2026-06-10 19:42:40,410] Trial 991 finished with values: [10.448597240375191, 10.448597240375191] and parameters: {'k1': 0.00026539376439360527, 'D_low': 133.4807155996069, 'k2': 0.02065142557895925, 'D_high': 2298.2155660045737, 'fire_exp': 1.111738490499784, 'P_half': 2.6691447170887805, 'pre_dampen_half': 189.36639872354493, 'gpp_af': 1.9998014714101113, 'gpp_b': 0.002416023630607169, 'gpp_d': 525.1661172395181, 'ign_k': 0.8945150807271531, 'ign_c': 2.2882309479728957, 'trop_agb_crit': 5.635210829694053, 'trop_k_veg': 1.6003641872536711, 'fire_amp': 2.042193818779288}.
[I 2026-06-10 19:42:41,590] Trial 992 finished with values: [10.326295628166669, 10.326295628166669] and parameters: {'k1': 0.00026539376439360527, 'D_low': 1.4002277211577039, 'k2': 0.02065142557895925, 'D_high': 267.3088310781672, 'fire_exp': 1.111738490499784, 'P_half': 157.3644610977214, 'pre_dampen_half': 189.36639872354493, 'gpp_af': 3.298293484806585, 'gpp_b': 0.006999112505425414, 'gpp_d': 525.1661172395181, 'ign_k': 0.8945150807271531, 'ign_c': 16.497426799845446, 'trop_agb_crit': 8.0091368834625, 'trop_k_veg': 1.6003641872536711, 'fire_amp': 5.44779717154213}.
[I 2026-06-10 19:42:42,751] Trial 993 finished with values: [10.681801613826707, 10.681801613826707] and parameters: {'k1': 5.7909642338812115e-05, 'D_low': 236.79352040223893, 'k2': 0.005204862686958021, 'D_high': 154.95079374286178, 'fire_exp': 1.7505406131449859, 'P_half': 182.00694976756813, 'pre_dampen_half': 189.36639872354493, 'gpp_af': 0.8594202650742228, 'gpp_b': 0.001674375583895437, 'gpp_d': 525.1661172395181, 'ign_k': 0.09256855841989636, 'ign_c': 7.832259769732471, 'trop_agb_crit': 1.0189592979395135, 'trop_k_veg': 5.453348988480011, 'fire_amp': 5.015960627273085}.
[I 2026-06-10 19:42:43,889] Trial 994 finished with values: [10.669685733920177, 10.669685733920177] and parameters: {'k1': 5.7909642338812115e-05, 'D_low': 1.4002277211577039, 'k2': 0.005695622647004589, 'D_high': 1817.0401889219124, 'fire_exp': 1.111738490499784, 'P_half': 157.3644610977214, 'pre_dampen_half': 189.36639872354493, 'gpp_af': 3.298293484806585, 'gpp_b': 1.7375507377564614, 'gpp_d': 1.0088237648985734, 'ign_k': 0.3508854952536169, 'ign_c': 7.832259769732471, 'trop_agb_crit': 1.8023542850487386, 'trop_k_veg': 4.125263140134148, 'fire_amp': 5.44779717154213}.
[I 2026-06-10 19:42:45,029] Trial 995 finished with values: [-0.5998955513577181, 0.4621945922332914] and parameters: {'k1': 5.7909642338812115e-05, 'D_low': 2186.356344942016, 'k2': 0.0007731571570012607, 'D_high': 1817.0401889219124, 'fire_exp': 1.111738490499784, 'P_half': 1.4551749476072258, 'pre_dampen_half': 189.36639872354493, 'gpp_af': 3.298293484806585, 'gpp_b': 0.002416023630607169, 'gpp_d': 7.631016235941559, 'ign_k': 0.09256855841989636, 'ign_c': 2.2882309479728957, 'trop_agb_crit': 1.438876022196885, 'trop_k_veg': 5.453348988480011, 'fire_amp': 2.6192385880432525}.
[I 2026-06-10 19:42:46,302] Trial 996 finished with values: [10.448497457361611, 10.448497457361611] and parameters: {'k1': 0.0869690639641868, 'D_low': 2.5449737887285035, 'k2': 0.02065142557895925, 'D_high': 6682.9607218310075, 'fire_exp': 1.2060040899560858, 'P_half': 2.226799690893868, 'pre_dampen_half': 9.044346216330972, 'gpp_af': 0.8594202650742228, 'gpp_b': 9.129138790726056e-05, 'gpp_d': 1.0088237648985734, 'ign_k': 1.6270983114897255, 'ign_c': 7.018267183720731, 'trop_agb_crit': 8.0091368834625, 'trop_k_veg': 5.453348988480011, 'fire_amp': 2.6192385880432525}.
[I 2026-06-10 19:42:47,564] Trial 997 finished with values: [10.765077960269737, 10.765077960269737] and parameters: {'k1': 5.7909642338812115e-05, 'D_low': 266.07970538371484, 'k2': 0.0007731571570012607, 'D_high': 1817.0401889219124, 'fire_exp': 1.2060040899560858, 'P_half': 1.4551749476072258, 'pre_dampen_half': 189.36639872354493, 'gpp_af': 1.9998014714101113, 'gpp_b': 0.006999112505425414, 'gpp_d': 76.38081075786287, 'ign_k': 0.09256855841989636, 'ign_c': 2.2882309479728957, 'trop_agb_crit': 1.8023542850487386, 'trop_k_veg': 2.99731137426955, 'fire_amp': 5.44779717154213}.
[I 2026-06-10 19:42:49,136] Trial 998 finished with values: [-0.7121721948872114, 0.1788829146954971] and parameters: {'k1': 0.0006042560675552671, 'D_low': 50.32059347286801, 'k2': 0.02065142557895925, 'D_high': 1817.0401889219124, 'fire_exp': 1.111738490499784, 'P_half': 996.7983879709292, 'pre_dampen_half': 189.36639872354493, 'gpp_af': 1.9998014714101113, 'gpp_b': 0.002416023630607169, 'gpp_d': 525.1661172395181, 'ign_k': 0.0010897490003652056, 'ign_c': 2.2882309479728957, 'trop_agb_crit': 1.0189592979395135, 'trop_k_veg': 5.453348988480011, 'fire_amp': 5.44779717154213}.
