[I 2026-06-10 22:21:24,168] Trial 1186 finished with values: [10.173958993427757, 10.173958993427757] and parameters: {'k1': 0.012840669372724958, 'D_low': 1.3376564232104105, 'k2': 0.02065142557895925, 'D_high': 42210.21267871043, 'fire_exp': 1.2344878997299724, 'P_half': 61.6097529474144, 'pre_dampen_half': 4.847666216751353, 'gpp_af': 0.016306190741524337, 'gpp_b': 0.0012611058927054877, 'gpp_d': 0.7698760608299932, 'ign_k': 0.0029519227433917453, 'ign_c': 1.9423015749984096, 'trop_agb_crit': 8.0091368834625, 'trop_k_veg': 2.520089655463604, 'fire_amp': 1.5180207449214471}.
[I 2026-06-10 22:21:25,440] Trial 1187 finished with values: [-0.5149466633207987, 0.047032651662043845] and parameters: {'k1': 0.012840669372724958, 'D_low': 142.82597314566826, 'k2': 0.02065142557895925, 'D_high': 42210.21267871043, 'fire_exp': 1.0601964743503993, 'P_half': 2834.090429514774, 'pre_dampen_half': 4.603480758878793, 'gpp_af': 0.016306190741524337, 'gpp_b': 2.800940363375676e-05, 'gpp_d': 0.7698760608299932, 'ign_k': 0.010733257635049785, 'ign_c': 1.9423015749984096, 'trop_agb_crit': 5.436625733722961, 'trop_k_veg': 2.520089655463604, 'fire_amp': 4.783836175730692}.
[I 2026-06-10 22:21:26,704] Trial 1188 finished with values: [-0.6284348751748652, 0.047014690048053254] and parameters: {'k1': 0.012840669372724958, 'D_low': 1.3376564232104105, 'k2': 0.0004976087827261435, 'D_high': 42210.21267871043, 'fire_exp': 1.2344878997299724, 'P_half': 61.6097529474144, 'pre_dampen_half': 4.847666216751353, 'gpp_af': 0.016306190741524337, 'gpp_b': 0.001674375583895437, 'gpp_d': 3.257094673454639, 'ign_k': 0.002357279455676982, 'ign_c': 1.9423015749984096, 'trop_agb_crit': 8.0091368834625, 'trop_k_veg': 2.99731137426955, 'fire_amp': 2.7806853670293616}.
[I 2026-06-10 22:21:27,976] Trial 1189 finished with values: [10.756595258043362, 10.756595258043362] and parameters: {'k1': 0.012840669372724958, 'D_low': 1.3376564232104105, 'k2': 0.011065296106642572, 'D_high': 26.41768757953156, 'fire_exp': 1.5315561686017187, 'P_half': 61.6097529474144, 'pre_dampen_half': 4.847666216751353, 'gpp_af': 0.016306190741524337, 'gpp_b': 0.001674375583895437, 'gpp_d': 0.7698760608299932, 'ign_k': 0.010733257635049785, 'ign_c': 1.9423015749984096, 'trop_agb_crit': 8.0091368834625, 'trop_k_veg': 2.520089655463604, 'fire_amp': 2.7806853670293616}.
[I 2026-06-10 22:21:29,198] Trial 1190 finished with values: [10.468764086946619, 10.468764086946619] and parameters: {'k1': 0.012840669372724958, 'D_low': 171.2446447678494, 'k2': 0.02065142557895925, 'D_high': 42210.21267871043, 'fire_exp': 1.14171776851287, 'P_half': 61.6097529474144, 'pre_dampen_half': 33.71909132517384, 'gpp_af': 1.9226512897582446, 'gpp_b': 0.0012611058927054877, 'gpp_d': 298.943216845222, 'ign_k': 0.0029519227433917453, 'ign_c': 1.9423015749984096, 'trop_agb_crit': 8.0091368834625, 'trop_k_veg': 2.9214381145106936, 'fire_amp': 1.5180207449214471}.
[I 2026-06-10 22:21:30,420] Trial 1191 finished with values: [10.005312323217542, 10.005312323217542] and parameters: {'k1': 0.012840669372724958, 'D_low': 171.2446447678494, 'k2': 0.02065142557895925, 'D_high': 19427.30875500187, 'fire_exp': 1.7220686611084326, 'P_half': 61.6097529474144, 'pre_dampen_half': 33.71909132517384, 'gpp_af': 0.016306190741524337, 'gpp_b': 0.001674375583895437, 'gpp_d': 0.7698760608299932, 'ign_k': 0.8861249804463233, 'ign_c': 0.14665316366397016, 'trop_agb_crit': 2.5313878860438592, 'trop_k_veg': 2.1028049920164067, 'fire_amp': 1.5180207449214471}.
[I 2026-06-10 22:21:31,672] Trial 1192 finished with values: [-0.5193834351790589, 0.10721156580372637] and parameters: {'k1': 0.08006837661379566, 'D_low': 148.21691630007544, 'k2': 0.02065142557895925, 'D_high': 42210.21267871043, 'fire_exp': 1.0812994412809738, 'P_half': 93.43302657318476, 'pre_dampen_half': 4.603480758878793, 'gpp_af': 0.016306190741524337, 'gpp_b': 2.800940363375676e-05, 'gpp_d': 21.899070557043984, 'ign_k': 0.002676132993402929, 'ign_c': 2.226297338331262, 'trop_agb_crit': 8.0091368834625, 'trop_k_veg': 0.828441460847982, 'fire_amp': 1.746805197047088}.
[I 2026-06-10 22:21:32,960] Trial 1193 finished with values: [10.433855263336776, 10.433855263336776] and parameters: {'k1': 0.00033241455394308477, 'D_low': 171.2446447678494, 'k2': 0.02065142557895925, 'D_high': 42210.21267871043, 'fire_exp': 1.14171776851287, 'P_half': 61.6097529474144, 'pre_dampen_half': 16.009350908593582, 'gpp_af': 0.016306190741524337, 'gpp_b': 0.0012611058927054877, 'gpp_d': 0.7698760608299932, 'ign_k': 0.8861249804463233, 'ign_c': 1.4091459170104739, 'trop_agb_crit': 13.985331027461328, 'trop_k_veg': 2.520089655463604, 'fire_amp': 1.5180207449214471}.
[I 2026-06-10 22:21:34,264] Trial 1194 finished with values: [13.18712656823688, 13.18712656823688] and parameters: {'k1': 0.012840669372724958, 'D_low': 12.105387404469584, 'k2': 0.02065142557895925, 'D_high': 42210.21267871043, 'fire_exp': 1.1633452995374232, 'P_half': 61.6097529474144, 'pre_dampen_half': 16.009350908593582, 'gpp_af': 66.43290892740877, 'gpp_b': 0.0008861657881839811, 'gpp_d': 545.0253444559129, 'ign_k': 0.8861249804463233, 'ign_c': 1.4091459170104739, 'trop_agb_crit': 1.8566494291193822, 'trop_k_veg': 0.8796892190889679, 'fire_amp': 2.042193818779288}.
[I 2026-06-10 22:21:35,556] Trial 1195 finished with values: [10.832983065474302, 10.832983065474302] and parameters: {'k1': 0.0012397054908843052, 'D_low': 171.2446447678494, 'k2': 0.00014078352411766088, 'D_high': 42210.21267871043, 'fire_exp': 6.206609460089607, 'P_half': 61.6097529474144, 'pre_dampen_half': 7.72621571462232, 'gpp_af': 0.016306190741524337, 'gpp_b': 0.0012611058927054877, 'gpp_d': 545.0253444559129, 'ign_k': 0.002357279455676982, 'ign_c': 1.4091459170104739, 'trop_agb_crit': 8.0091368834625, 'trop_k_veg': 2.520089655463604, 'fire_amp': 2.7806853670293616}.
[I 2026-06-10 22:21:36,793] Trial 1196 finished with values: [10.621509731410626, 10.621509731410626] and parameters: {'k1': 0.012840669372724958, 'D_low': 148.21691630007544, 'k2': 0.0007731571570012607, 'D_high': 3454.0583523593405, 'fire_exp': 1.1633452995374232, 'P_half': 1554.7359415440887, 'pre_dampen_half': 1.8469033699850426, 'gpp_af': 0.0029171126401987806, 'gpp_b': 0.001674375583895437, 'gpp_d': 3.257094673454639, 'ign_k': 0.002357279455676982, 'ign_c': 3.8360290787481075, 'trop_agb_crit': 1.6222566606523396, 'trop_k_veg': 5.453348988480011, 'fire_amp': 5.1532175947535155}.
[I 2026-06-10 22:21:38,019] Trial 1197 finished with values: [-0.6189016358171819, 0.0463487455760343] and parameters: {'k1': 0.012840669372724958, 'D_low': 1.3376564232104105, 'k2': 0.0004976087827261435, 'D_high': 42210.21267871043, 'fire_exp': 1.2344878997299724, 'P_half': 61.6097529474144, 'pre_dampen_half': 4.847666216751353, 'gpp_af': 0.016306190741524337, 'gpp_b': 0.001674375583895437, 'gpp_d': 3.257094673454639, 'ign_k': 0.002357279455676982, 'ign_c': 1.9423015749984096, 'trop_agb_crit': 6.128416443551616, 'trop_k_veg': 2.99731137426955, 'fire_amp': 2.7806853670293616}.
[I 2026-06-10 22:21:39,257] Trial 1198 finished with values: [11.635014019940568, 11.635014019940568] and parameters: {'k1': 0.012840669372724958, 'D_low': 12.105387404469584, 'k2': 0.0004976087827261435, 'D_high': 30227.031291375773, 'fire_exp': 1.2344878997299724, 'P_half': 61.6097529474144, 'pre_dampen_half': 4.847666216751353, 'gpp_af': 0.016306190741524337, 'gpp_b': 0.00019552902383918484, 'gpp_d': 700.6693992445935, 'ign_k': 0.002357279455676982, 'ign_c': 48.704711413416454, 'trop_agb_crit': 8.0091368834625, 'trop_k_veg': 2.99731137426955, 'fire_amp': 5.44779717154213}.
[I 2026-06-10 22:21:40,523] Trial 1199 finished with values: [-0.4093303111822299, 0.05632432259348541] and parameters: {'k1': 0.012840669372724958, 'D_low': 1.4002277211577039, 'k2': 0.0007731571570012607, 'D_high': 83.14160873549643, 'fire_exp': 1.0601964743503993, 'P_half': 2834.090429514774, 'pre_dampen_half': 33.71909132517384, 'gpp_af': 0.016306190741524337, 'gpp_b': 1.3415796596713932e-05, 'gpp_d': 28.312234265202243, 'ign_k': 0.00840038491455979, 'ign_c': 7.081721844034206, 'trop_agb_crit': 1.8566494291193822, 'trop_k_veg': 5.453348988480011, 'fire_amp': 4.783836175730692}.
[setup] CRUJRA climate from data/crujra/, GPP from global_baseline_modelC_inputs_1997-2016.nc ...
[setup] loading GFED5 reference from burntArea.nc ...
[setup] land cells (GFED5 burnable): 13916 / 64800 (21.5%)
[setup] GFED5 land-mean monthly frac: 0.005068
[opt] REGION=SEAsia: fitting 1331 land cells only
[opt] warm-start from params.spatial.k1.json
[warm] Overall=0.6084  bias=0.6696 rmse=0.3818 seas=0.8232 spatial=0.7854
[opt] sampler=NSGAIISampler seed=42
[opt] running 1200 trials against GFED5 ...
  trial   10/1200  pareto_size=1  best_taylor=0.0153  best_ilamb=0.4069  (0.4 min)
  trial   20/1200  pareto_size=1  best_taylor=0.0153  best_ilamb=0.4069  (0.7 min)
  trial   30/1200  pareto_size=1  best_taylor=0.3105  best_ilamb=0.4779  (1.1 min)
  trial   40/1200  pareto_size=1  best_taylor=0.3105  best_ilamb=0.4779  (1.4 min)
  trial   50/1200  pareto_size=1  best_taylor=0.3105  best_ilamb=0.4779  (1.8 min)
  trial   60/1200  pareto_size=1  best_taylor=0.3105  best_ilamb=0.4779  (2.1 min)
  trial   71/1200  pareto_size=1  best_taylor=0.4112  best_ilamb=0.4369  (2.5 min)
  trial   83/1200  pareto_size=1  best_taylor=0.4112  best_ilamb=0.4369  (2.8 min)
  trial   95/1200  pareto_size=1  best_taylor=0.4112  best_ilamb=0.4369  (3.2 min)
  trial  106/1200  pareto_size=1  best_taylor=0.4112  best_ilamb=0.4369  (3.6 min)
  trial  117/1200  pareto_size=1  best_taylor=0.4112  best_ilamb=0.4369  (3.9 min)
  trial  129/1200  pareto_size=1  best_taylor=0.4112  best_ilamb=0.4369  (4.3 min)
  trial  141/1200  pareto_size=1  best_taylor=0.0717  best_ilamb=0.4420  (4.6 min)
  trial  153/1200  pareto_size=1  best_taylor=0.4786  best_ilamb=0.5235  (5.0 min)
  trial  165/1200  pareto_size=1  best_taylor=0.4786  best_ilamb=0.5235  (5.3 min)
  trial  177/1200  pareto_size=1  best_taylor=0.4786  best_ilamb=0.5235  (5.7 min)
  trial  188/1200  pareto_size=1  best_taylor=0.4786  best_ilamb=0.5235  (6.0 min)
  trial  199/1200  pareto_size=1  best_taylor=0.4786  best_ilamb=0.5235  (6.4 min)
  trial  210/1200  pareto_size=1  best_taylor=0.4786  best_ilamb=0.5235  (6.7 min)
  trial  221/1200  pareto_size=2  best_taylor=0.4786  best_ilamb=0.5235  (7.1 min)
  trial  233/1200  pareto_size=3  best_taylor=0.4786  best_ilamb=0.5235  (7.4 min)
  trial  245/1200  pareto_size=3  best_taylor=0.4786  best_ilamb=0.5235  (7.8 min)
  trial  256/1200  pareto_size=3  best_taylor=0.4786  best_ilamb=0.5235  (8.1 min)
  trial  267/1200  pareto_size=3  best_taylor=0.4786  best_ilamb=0.5235  (8.5 min)
  trial  279/1200  pareto_size=3  best_taylor=0.4786  best_ilamb=0.5235  (8.8 min)
  trial  290/1200  pareto_size=3  best_taylor=0.4786  best_ilamb=0.5235  (9.2 min)
  trial  302/1200  pareto_size=3  best_taylor=0.4786  best_ilamb=0.5235  (9.5 min)
  trial  314/1200  pareto_size=4  best_taylor=0.4786  best_ilamb=0.5235  (9.9 min)
  trial  326/1200  pareto_size=3  best_taylor=0.4786  best_ilamb=0.5235  (10.2 min)
  trial  336/1200  pareto_size=3  best_taylor=0.4786  best_ilamb=0.5235  (10.6 min)
  trial  345/1200  pareto_size=3  best_taylor=0.4786  best_ilamb=0.5235  (10.9 min)
  trial  356/1200  pareto_size=3  best_taylor=0.4786  best_ilamb=0.5235  (11.3 min)
  trial  368/1200  pareto_size=3  best_taylor=0.4786  best_ilamb=0.5235  (11.6 min)
  trial  380/1200  pareto_size=3  best_taylor=0.4786  best_ilamb=0.5235  (12.0 min)
  trial  392/1200  pareto_size=3  best_taylor=0.4786  best_ilamb=0.5235  (12.3 min)
  trial  404/1200  pareto_size=3  best_taylor=0.4786  best_ilamb=0.5235  (12.7 min)
  trial  416/1200  pareto_size=3  best_taylor=0.4786  best_ilamb=0.5235  (13.0 min)
  trial  428/1200  pareto_size=4  best_taylor=0.4931  best_ilamb=0.5470  (13.4 min)
  trial  440/1200  pareto_size=4  best_taylor=0.4931  best_ilamb=0.5470  (13.8 min)
  trial  451/1200  pareto_size=4  best_taylor=0.4931  best_ilamb=0.5470  (14.1 min)
  trial  463/1200  pareto_size=4  best_taylor=0.4931  best_ilamb=0.5470  (14.5 min)
  trial  477/1200  pareto_size=4  best_taylor=0.4931  best_ilamb=0.5470  (14.8 min)
  trial  491/1200  pareto_size=4  best_taylor=0.4931  best_ilamb=0.5470  (15.1 min)
  trial  503/1200  pareto_size=6  best_taylor=0.5043  best_ilamb=0.5505  (15.5 min)
  trial  513/1200  pareto_size=6  best_taylor=0.5043  best_ilamb=0.5505  (15.9 min)
  trial  525/1200  pareto_size=1  best_taylor=0.5396  best_ilamb=0.5463  (16.2 min)
  trial  539/1200  pareto_size=1  best_taylor=0.5396  best_ilamb=0.5463  (16.6 min)
  trial  550/1200  pareto_size=1  best_taylor=0.5396  best_ilamb=0.5463  (16.9 min)
  trial  560/1200  pareto_size=1  best_taylor=0.5396  best_ilamb=0.5463  (17.3 min)
  trial  572/1200  pareto_size=1  best_taylor=0.5396  best_ilamb=0.5463  (17.6 min)
  trial  586/1200  pareto_size=1  best_taylor=0.5876  best_ilamb=0.5655  (18.0 min)
  trial  601/1200  pareto_size=2  best_taylor=0.6187  best_ilamb=0.5655  (18.4 min)
  trial  615/1200  pareto_size=2  best_taylor=0.6187  best_ilamb=0.5655  (18.7 min)
  trial  628/1200  pareto_size=2  best_taylor=0.6187  best_ilamb=0.5655  (19.1 min)
  trial  640/1200  pareto_size=2  best_taylor=0.6187  best_ilamb=0.5655  (19.4 min)
  trial  654/1200  pareto_size=2  best_taylor=0.6187  best_ilamb=0.5655  (19.8 min)
  trial  668/1200  pareto_size=2  best_taylor=0.6187  best_ilamb=0.5655  (20.1 min)
  trial  682/1200  pareto_size=2  best_taylor=0.6187  best_ilamb=0.5655  (20.5 min)
  trial  697/1200  pareto_size=2  best_taylor=0.6187  best_ilamb=0.5655  (20.8 min)
  trial  712/1200  pareto_size=2  best_taylor=0.6187  best_ilamb=0.5655  (21.2 min)
  trial  726/1200  pareto_size=2  best_taylor=0.6187  best_ilamb=0.5655  (21.5 min)
  trial  741/1200  pareto_size=2  best_taylor=0.6187  best_ilamb=0.5655  (21.9 min)
  trial  756/1200  pareto_size=2  best_taylor=0.6187  best_ilamb=0.5655  (22.2 min)
  trial  771/1200  pareto_size=2  best_taylor=0.6187  best_ilamb=0.5655  (22.6 min)
  trial  786/1200  pareto_size=1  best_taylor=0.6605  best_ilamb=0.5541  (22.9 min)
  trial  801/1200  pareto_size=1  best_taylor=0.6605  best_ilamb=0.5541  (23.3 min)
  trial  816/1200  pareto_size=1  best_taylor=0.6605  best_ilamb=0.5541  (23.6 min)
  trial  830/1200  pareto_size=1  best_taylor=0.6605  best_ilamb=0.5541  (24.0 min)
  trial  844/1200  pareto_size=1  best_taylor=0.6605  best_ilamb=0.5541  (24.3 min)
  trial  860/1200  pareto_size=1  best_taylor=0.6605  best_ilamb=0.5541  (24.7 min)
  trial  875/1200  pareto_size=2  best_taylor=0.6605  best_ilamb=0.5762  (25.0 min)
  trial  890/1200  pareto_size=2  best_taylor=0.6605  best_ilamb=0.5762  (25.4 min)
  trial  905/1200  pareto_size=2  best_taylor=0.6605  best_ilamb=0.5762  (25.7 min)
  trial  920/1200  pareto_size=2  best_taylor=0.6605  best_ilamb=0.5762  (26.1 min)
  trial  935/1200  pareto_size=2  best_taylor=0.6605  best_ilamb=0.5762  (26.4 min)
  trial  950/1200  pareto_size=2  best_taylor=0.6605  best_ilamb=0.5762  (26.7 min)
  trial  965/1200  pareto_size=2  best_taylor=0.6605  best_ilamb=0.5762  (27.1 min)
  trial  980/1200  pareto_size=2  best_taylor=0.6605  best_ilamb=0.5762  (27.5 min)
  trial  995/1200  pareto_size=3  best_taylor=0.6605  best_ilamb=0.5823  (27.8 min)
  trial 1010/1200  pareto_size=3  best_taylor=0.6605  best_ilamb=0.5823  (28.1 min)
  trial 1025/1200  pareto_size=3  best_taylor=0.6605  best_ilamb=0.5823  (28.5 min)
  trial 1040/1200  pareto_size=3  best_taylor=0.6605  best_ilamb=0.5823  (28.8 min)
  trial 1056/1200  pareto_size=3  best_taylor=0.6605  best_ilamb=0.5823  (29.2 min)
  trial 1072/1200  pareto_size=4  best_taylor=0.6736  best_ilamb=0.5823  (29.5 min)
  trial 1088/1200  pareto_size=4  best_taylor=0.6736  best_ilamb=0.5823  (29.9 min)
  trial 1104/1200  pareto_size=5  best_taylor=0.6775  best_ilamb=0.5823  (30.3 min)
  trial 1120/1200  pareto_size=5  best_taylor=0.6775  best_ilamb=0.5823  (30.6 min)
  trial 1136/1200  pareto_size=5  best_taylor=0.6775  best_ilamb=0.5823  (31.0 min)
  trial 1152/1200  pareto_size=5  best_taylor=0.6775  best_ilamb=0.5823  (31.3 min)
  trial 1168/1200  pareto_size=5  best_taylor=0.6775  best_ilamb=0.5823  (31.6 min)
  trial 1184/1200  pareto_size=6  best_taylor=0.6775  best_ilamb=0.5823  (32.0 min)
  trial 1200/1200  pareto_size=6  best_taylor=0.6775  best_ilamb=0.5823  (32.3 min)

[done] 1200 trials in 32.3 min
[pareto] 6 non-dominated trials, 6 with fp_score >= 0.85
[chosen] trial 1099: ILAMB=0.4638  fp_score=0.9672  ratio=1.18
[best] Bias=0.6205  RMSE=0.3569  Seas=0.7281  Spatial=0.2567  Overall=0.4638
[diag] raw rate land-mean (yr^-1): 0.02766  (target ~ 0.06082)
[write] D:\FIRE_OFFLINE\models\C\params.seasia.json
[write] D:\FIRE_OFFLINE\ilamb\MODELS\ED-ModelC-final\burntArea.seasia.nc  (9.6 MB)

[FIX2] dumping top-6 Pareto candidates -> D:\FIRE_OFFLINE\ilamb\MODELS_TOPK_seasia
  k1: trial 1099  internal_overall=0.4638  taylor=0.6775  sigma=0.756  fp=0.967  ratio=1.18  amp=2.04
  k2: trial 1060  internal_overall=0.4636  taylor=0.6736  sigma=0.754  fp=0.968  ratio=1.17  amp=2.04
  k3: trial 782  internal_overall=0.5541  taylor=0.6605  sigma=0.812  fp=0.975  ratio=0.96  amp=1.86
  k4: trial 989  internal_overall=0.5823  taylor=0.6566  sigma=0.908  fp=0.983  ratio=1.08  amp=1.52
  k5: trial 1177  internal_overall=0.5807  taylor=0.6482  sigma=0.886  fp=0.983  ratio=1.05  amp=1.52
  k6: trial 864  internal_overall=0.5762  taylor=0.6170  sigma=0.789  fp=0.984  ratio=0.87  amp=1.52
[FIX2] manifest -> D:\FIRE_OFFLINE\models\C\topk.seasia.json
[FIX2] re-score all candidates with official ILAMB (CLAUDE.md recipe; clean ._* first), e.g. --model_root "$PWD/ilamb/MODELS_TOPK_seasia"
[FIX2] promote the candidate with the best OFFICIAL Overall, NOT the internal one.
=== done SEAsia exit=0 ===
=== fitting Australia (TAG=australia) ===
[I 2026-06-10 22:22:21,199] A new study created in memory with name: no-name-a68dc1a5-208e-4c91-b34b-12ebdaada06b
[I 2026-06-10 22:22:22,465] Trial 0 finished with values: [10.220516245688051, 10.220516245688051] and parameters: {'k1': 0.028401063201780267, 'D_low': 16.00237013173313, 'k2': 0.00033271381912662167, 'D_high': 2427.054417940131, 'fire_exp': 1.5191397119156032, 'P_half': 157.80309954142965, 'pre_dampen_half': 8.259599205585761, 'gpp_af': 0.03522602097143089, 'gpp_b': 0.00012118589392553798, 'gpp_d': 12.338826503601998, 'ign_k': 3.965503094323014, 'ign_c': 22.126836566118193, 'trop_agb_crit': 5.526463318565575, 'trop_k_veg': 2.724170387400844, 'fire_amp': 5.44779717154213}.
[I 2026-06-10 22:22:23,701] Trial 1 finished with values: [10.83252184962801, 10.83252184962801] and parameters: {'k1': 0.00031489116479568613, 'D_low': 6351.221010640702, 'k2': 0.008471801418819975, 'D_high': 2481.0409748678126, 'fire_exp': 1.4322493718230251, 'P_half': 4.2070539502879365, 'pre_dampen_half': 0.0195172246414495, 'gpp_af': 21.42302175774105, 'gpp_b': 0.040428727350273294, 'gpp_d': 34.70266988650411, 'ign_k': 0.0012087541473056963, 'ign_c': 757.9479953347999, 'trop_agb_crit': 16.967533607196547, 'trop_k_veg': 0.9008485225328876, 'fire_amp': 1.3851197621057665}.
[I 2026-06-10 22:22:24,947] Trial 2 finished with values: [10.83262150468183, 10.83262150468183] and parameters: {'k1': 5.415244119402538e-05, 'D_low': 16.480446427978972, 'k2': 0.0012561043700013551, 'D_high': 534.2937261279774, 'fire_exp': 1.9553708662745248, 'P_half': 280.163515871626, 'pre_dampen_half': 0.04982752357076448, 'gpp_af': 0.028888383623653185, 'gpp_b': 0.0015782327810795573, 'gpp_d': 1.9069966103000422, 'ign_k': 1.382623217936987, 'ign_c': 0.6290644294586147, 'trop_agb_crit': 5.748924681991978, 'trop_k_veg': 2.584093506411774, 'fire_amp': 1.0867895322868466}.
[I 2026-06-10 22:22:26,256] Trial 3 finished with values: [10.833333333148357, 10.833333333148357] and parameters: {'k1': 0.0026926469100861782, 'D_low': 4.809461967501573, 'k2': 1.8205657658407255e-05, 'D_high': 62451.395747430804, 'fire_exp': 9.23915031962725, 'P_half': 1712.3375973163984, 'pre_dampen_half': 0.3334792728637583, 'gpp_af': 0.0030786517836196197, 'gpp_b': 0.12746711578215045, 'gpp_d': 1.587678152692399, 'ign_k': 0.003077180271250686, 'ign_c': 9.565499215943817, 'trop_agb_crit': 1.1240768803005543, 'trop_k_veg': 6.221582596639011, 'fire_amp': 1.5899005744404588}.
[I 2026-06-10 22:22:27,521] Trial 4 finished with values: [10.830034600247858, 10.830034600247858] and parameters: {'k1': 0.004467752817973905, 'D_low': 17.65404805249507, 'k2': 0.0012030178871154666, 'D_high': 1537.592023548176, 'fire_exp': 1.5305744365500176, 'P_half': 7556.810141274427, 'pre_dampen_half': 75.10418138777538, 'gpp_af': 49.830438374949125, 'gpp_b': 2.3386439256208704, 'gpp_d': 9.761125443110442, 'ign_k': 4.869640941520899, 'ign_c': 0.22592797420156951, 'trop_agb_crit': 1.9475582306295418, 'trop_k_veg': 0.5667990147757791, 'fire_amp': 1.7912500010961188}.
[I 2026-06-10 22:22:28,837] Trial 5 finished with values: [10.830405184411498, 10.830405184411498] and parameters: {'k1': 0.00035868164986275477, 'D_low': 12.172958098369968, 'k2': 0.02065142557895925, 'D_high': 267.3088310781672, 'fire_exp': 1.9095652801045373, 'P_half': 148.17820606039086, 'pre_dampen_half': 0.050654860639753524, 'gpp_af': 10.25616274847308, 'gpp_b': 2.800940363375676e-05, 'gpp_d': 859.8737339212263, 'ign_k': 1.2273800987852967, 'ign_c': 0.6235377135673155, 'trop_agb_crit': 1.0189592979395135, 'trop_k_veg': 4.796046723963646, 'fire_amp': 3.548476438923424}.
