[I 2026-07-24 02:18:26,675] Trial 373 finished with value: 0.5498071411590896 and parameters: {'k1': 0.07015202311618998, 'D_low': 153.55562930315855, 'k2': 7.843096143487219e-05, 'D_high': 6238658.829578018, 'fire_exp': 1.4523011369637635, 'P_half': 99.48011811737112, 'pre_dampen_half': 0.06403146359557656, 'gpp_af': 0.09023967881118793, 'gpp_b': 0.00017118871356778484, 'gpp_d': 573.6567612192229, 'ign_k': 0.008075199497361723, 'ign_c': 21.494730638121673, 'trop_agb_crit': 2.6893037677013227, 'trop_k_veg': 3.4982642181880816, 'fuel_k': 0.9030550223409218, 'fuel_half': 0.10185572308671141}. Best is trial 0 with value: -0.6070628323553574.
[I 2026-07-24 02:18:27,101] Trial 374 finished with value: 0.6445374145881376 and parameters: {'k1': 0.040107445664410504, 'D_low': 1.5431730342305736, 'k2': 1.2326155647489577e-05, 'D_high': 50709.601286140045, 'fire_exp': 2.362085751982498, 'P_half': 87.67229871678701, 'pre_dampen_half': 0.18473954937034595, 'gpp_af': 0.9528412081579452, 'gpp_b': 0.0008010822289839319, 'gpp_d': 802.8394924283264, 'ign_k': 0.9594018461269747, 'ign_c': 102.23718988644644, 'trop_agb_crit': 1.227483754647187, 'trop_k_veg': 4.956236161974251, 'fuel_k': 5.718759603633701, 'fuel_half': 0.2963036833386259}. Best is trial 0 with value: -0.6070628323553574.
[I 2026-07-24 02:18:27,522] Trial 375 finished with value: -0.5736400979674794 and parameters: {'k1': 0.0004421264910055365, 'D_low': 2312.718165859293, 'k2': 0.002255982794097715, 'D_high': 110725.25707529549, 'fire_exp': 6.729644119377165, 'P_half': 21.320826601034828, 'pre_dampen_half': 123.70009831682218, 'gpp_af': 11.455109886098175, 'gpp_b': 0.033185908859036294, 'gpp_d': 329.8765976715379, 'ign_k': 0.21609524123906343, 'ign_c': 0.7897163795624665, 'trop_agb_crit': 17.449570724892077, 'trop_k_veg': 1.760260056337361, 'fuel_k': 0.2572180277595331, 'fuel_half': 0.1715813440733318}. Best is trial 0 with value: -0.6070628323553574.
[I 2026-07-24 02:18:27,937] Trial 376 finished with value: 0.5708078458378693 and parameters: {'k1': 9.328057725903157e-05, 'D_low': 988.381842228334, 'k2': 0.00840699060502241, 'D_high': 646293.375275241, 'fire_exp': 8.93163022198189, 'P_half': 10.840836666292883, 'pre_dampen_half': 424.2914268462918, 'gpp_af': 12.760838249622841, 'gpp_b': 0.022625850729216173, 'gpp_d': 430.32531516200953, 'ign_k': 0.07473747171482248, 'ign_c': 4.17325174509844, 'trop_agb_crit': 21.116779448452924, 'trop_k_veg': 2.666429475012583, 'fuel_k': 0.11349226494030981, 'fuel_half': 0.16214296210560578}. Best is trial 0 with value: -0.6070628323553574.
[I 2026-07-24 02:18:28,352] Trial 377 finished with value: 0.6150892331782988 and parameters: {'k1': 0.001415959936796261, 'D_low': 51236.18741311033, 'k2': 6.198512477950732e-05, 'D_high': 7384832.981425771, 'fire_exp': 1.9763535293100174, 'P_half': 3.712812893638154, 'pre_dampen_half': 280.5263439927992, 'gpp_af': 4.773278002697909, 'gpp_b': 1.9055126007637764, 'gpp_d': 166.65664295545952, 'ign_k': 1.580274593757137, 'ign_c': 0.13721285051380605, 'trop_agb_crit': 13.18464008412353, 'trop_k_veg': 3.584663991650466, 'fuel_k': 1.820314475584904, 'fuel_half': 17.19010760205367}. Best is trial 0 with value: -0.6070628323553574.
[I 2026-07-24 02:18:28,775] Trial 378 finished with value: 0.5967661437642506 and parameters: {'k1': 0.0001444092425823705, 'D_low': 493.2061488990213, 'k2': 0.0005352028569452701, 'D_high': 787656.0714029954, 'fire_exp': 5.032760050206193, 'P_half': 14.644287712730007, 'pre_dampen_half': 4.288801060222065, 'gpp_af': 0.18551256630218285, 'gpp_b': 0.2848881716101185, 'gpp_d': 192.95643883359648, 'ign_k': 0.052737506053767855, 'ign_c': 0.314193213012298, 'trop_agb_crit': 19.248991440945225, 'trop_k_veg': 0.7615249188101437, 'fuel_k': 0.9157097581389845, 'fuel_half': 0.7500144292619284}. Best is trial 0 with value: -0.6070628323553574.
[I 2026-07-24 02:18:29,209] Trial 379 finished with value: 0.4179111225548776 and parameters: {'k1': 0.003910489508806994, 'D_low': 3232.0227705261314, 'k2': 0.0019019849037439625, 'D_high': 576857.125911657, 'fire_exp': 5.122016114394829, 'P_half': 20.28587362838561, 'pre_dampen_half': 53.63984730393181, 'gpp_af': 34.621878629316576, 'gpp_b': 0.01602991167153239, 'gpp_d': 792.890646599794, 'ign_k': 0.17113963958169723, 'ign_c': 5.726111822423669, 'trop_agb_crit': 14.199837787418913, 'trop_k_veg': 1.1989313453179231, 'fuel_k': 0.19984779714198245, 'fuel_half': 0.19245436442060115}. Best is trial 0 with value: -0.6070628323553574.
[I 2026-07-24 02:18:29,632] Trial 380 finished with value: 0.5990591728740593 and parameters: {'k1': 0.026025252139770364, 'D_low': 43.09277617318208, 'k2': 0.00043251486431031613, 'D_high': 349058.4177287243, 'fire_exp': 9.180542434713859, 'P_half': 17.050518839257943, 'pre_dampen_half': 8.962854123420314, 'gpp_af': 6.644485686137163, 'gpp_b': 3.0777607921996117, 'gpp_d': 44.479396557999415, 'ign_k': 0.019814922575517143, 'ign_c': 6.048812326433961, 'trop_agb_crit': 11.526490542269189, 'trop_k_veg': 0.7353911331037888, 'fuel_k': 3.52739547532501, 'fuel_half': 0.20667491116457046}. Best is trial 0 with value: -0.6070628323553574.
[I 2026-07-24 02:18:30,049] Trial 381 finished with value: 0.5614028128805788 and parameters: {'k1': 0.00017965670660818897, 'D_low': 52.517115645014115, 'k2': 0.00036130671746512717, 'D_high': 7969898.905289695, 'fire_exp': 4.686889324323356, 'P_half': 3.668734231833234, 'pre_dampen_half': 0.7303802101627981, 'gpp_af': 5.91783483419952, 'gpp_b': 0.23583656980618475, 'gpp_d': 24.80693954247227, 'ign_k': 0.12020308703522092, 'ign_c': 2.324558821315925, 'trop_agb_crit': 5.592655462290291, 'trop_k_veg': 2.0083422619473277, 'fuel_k': 0.4796225997105866, 'fuel_half': 0.12553926120181744}. Best is trial 0 with value: -0.6070628323553574.
[I 2026-07-24 02:18:30,464] Trial 382 finished with value: 0.5687838251350932 and parameters: {'k1': 0.011582398160122891, 'D_low': 597.1432419980347, 'k2': 4.68188485770441e-05, 'D_high': 110683.04887770517, 'fire_exp': 1.1804945352947231, 'P_half': 30.04633424351736, 'pre_dampen_half': 3.526552796998115, 'gpp_af': 0.2801115266988863, 'gpp_b': 0.5871517608277415, 'gpp_d': 356.5497216627566, 'ign_k': 0.022329542445038694, 'ign_c': 0.6822298360401153, 'trop_agb_crit': 2.317857041172822, 'trop_k_veg': 1.5696299837005174, 'fuel_k': 1.8769723758858712, 'fuel_half': 2.3145591661353357}. Best is trial 0 with value: -0.6070628323553574.
[I 2026-07-24 02:18:30,883] Trial 383 finished with value: 0.46906302157427404 and parameters: {'k1': 3.589857435610693e-05, 'D_low': 659.8440246534025, 'k2': 0.018356955089574786, 'D_high': 6381843.794087368, 'fire_exp': 6.36669022127821, 'P_half': 5.638211398443163, 'pre_dampen_half': 49.16836859000885, 'gpp_af': 0.33024046334699175, 'gpp_b': 0.0004556128709369785, 'gpp_d': 5.4870662005472015, 'ign_k': 0.3209667759229933, 'ign_c': 6.499543269545283, 'trop_agb_crit': 4.181558174300533, 'trop_k_veg': 0.5100284178496993, 'fuel_k': 2.370525363583744, 'fuel_half': 0.10789654875645119}. Best is trial 0 with value: -0.6070628323553574.
[I 2026-07-24 02:18:31,298] Trial 384 finished with value: 0.628076827508458 and parameters: {'k1': 0.0003607681939666214, 'D_low': 145.00202508572917, 'k2': 0.001994924717701031, 'D_high': 1397.1008519077827, 'fire_exp': 5.9725674494637495, 'P_half': 29.160163726942926, 'pre_dampen_half': 407.16307641281736, 'gpp_af': 45.885336498924424, 'gpp_b': 0.20532055405928257, 'gpp_d': 464.10204988325944, 'ign_k': 0.05346613661274436, 'ign_c': 0.14932894887957748, 'trop_agb_crit': 12.22661790400711, 'trop_k_veg': 1.6960809517619289, 'fuel_k': 0.5256420170378311, 'fuel_half': 0.29482048350112167}. Best is trial 0 with value: -0.6070628323553574.
[I 2026-07-24 02:18:31,722] Trial 385 finished with value: 0.5433282108413435 and parameters: {'k1': 0.0026279659794217394, 'D_low': 35.8562284562391, 'k2': 0.00938934280766977, 'D_high': 2459919.8822290194, 'fire_exp': 2.3501368125318445, 'P_half': 1.5180366279186517, 'pre_dampen_half': 0.0927504206428056, 'gpp_af': 0.2246429865065686, 'gpp_b': 0.03870407547424373, 'gpp_d': 10.250353187211264, 'ign_k': 1.4719172307273618, 'ign_c': 0.38348137165433904, 'trop_agb_crit': 16.602601858487848, 'trop_k_veg': 0.8469629071566498, 'fuel_k': 0.29959689300709413, 'fuel_half': 0.28799711604273887}. Best is trial 0 with value: -0.6070628323553574.
[I 2026-07-24 02:18:32,142] Trial 386 finished with value: 0.6257895249758563 and parameters: {'k1': 1.4789245341587932e-05, 'D_low': 11730.113997846107, 'k2': 0.0026664864339715675, 'D_high': 8777.438081339513, 'fire_exp': 6.079600480372713, 'P_half': 42.06063505812374, 'pre_dampen_half': 67.67966331417334, 'gpp_af': 78.14857903215547, 'gpp_b': 0.001159232013731108, 'gpp_d': 44.19757022624039, 'ign_k': 0.21240351610232702, 'ign_c': 0.4881891757557054, 'trop_agb_crit': 19.55694619179219, 'trop_k_veg': 1.3295006516237247, 'fuel_k': 0.6574811202670443, 'fuel_half': 0.19546295086091287}. Best is trial 0 with value: -0.6070628323553574.
[I 2026-07-24 02:18:32,560] Trial 387 finished with value: -0.565184029037247 and parameters: {'k1': 0.00043607681719930435, 'D_low': 14.645941359707242, 'k2': 1.8209623043928988e-05, 'D_high': 3692037.898829972, 'fire_exp': 1.0514267159646937, 'P_half': 6.064255858345893, 'pre_dampen_half': 0.1323264192512311, 'gpp_af': 6.4720456130583015, 'gpp_b': 0.02608979815675883, 'gpp_d': 93.17152173430715, 'ign_k': 0.004144586291858797, 'ign_c': 3.771383736690753, 'trop_agb_crit': 1.026702112556334, 'trop_k_veg': 7.013142176449462, 'fuel_k': 2.9028235592631138, 'fuel_half': 0.14826768260879325}. Best is trial 0 with value: -0.6070628323553574.
[I 2026-07-24 02:18:32,986] Trial 388 finished with value: 0.5290618047294602 and parameters: {'k1': 0.0001937777919132248, 'D_low': 1.5609177614728103, 'k2': 2.0679427008669492e-05, 'D_high': 273484.92774034134, 'fire_exp': 1.2537880586610688, 'P_half': 23.96102679895651, 'pre_dampen_half': 1.2201327391706398, 'gpp_af': 1.9621008790024221, 'gpp_b': 0.06618211232928758, 'gpp_d': 172.27639617028078, 'ign_k': 0.0014615539140410538, 'ign_c': 5.6672925371338145, 'trop_agb_crit': 1.221028202103076, 'trop_k_veg': 7.749687186578167, 'fuel_k': 0.2916570671953036, 'fuel_half': 0.8123312419871982}. Best is trial 0 with value: -0.6070628323553574.
[I 2026-07-24 02:18:33,417] Trial 389 finished with value: 0.599093995175291 and parameters: {'k1': 0.00014663628556436137, 'D_low': 107.33801975920262, 'k2': 0.006821416529933495, 'D_high': 5672949.72492275, 'fire_exp': 1.8973165584150242, 'P_half': 6.177584476259799, 'pre_dampen_half': 1.1274295272499613, 'gpp_af': 49.63997296366508, 'gpp_b': 0.12154356872432956, 'gpp_d': 1.0909179023395588, 'ign_k': 0.21278056614833166, 'ign_c': 0.9160945984063003, 'trop_agb_crit': 13.13783083027937, 'trop_k_veg': 0.8844864201804054, 'fuel_k': 2.173902786417524, 'fuel_half': 0.18365283948604355}. Best is trial 0 with value: -0.6070628323553574.
[I 2026-07-24 02:18:33,851] Trial 390 finished with value: 0.5746277413761167 and parameters: {'k1': 0.0069685658518629165, 'D_low': 2.3322231258365984, 'k2': 1.9603510365816478e-05, 'D_high': 63394.67595045361, 'fire_exp': 1.8505888608569774, 'P_half': 137.55323745584025, 'pre_dampen_half': 0.04001705674113776, 'gpp_af': 2.4205421293815994, 'gpp_b': 0.0001905745444767479, 'gpp_d': 847.1523211321945, 'ign_k': 0.009662467953014701, 'ign_c': 12.700073535112955, 'trop_agb_crit': 1.860509701437444, 'trop_k_veg': 3.3786307601473284, 'fuel_k': 3.25916716458291, 'fuel_half': 0.12130590107430728}. Best is trial 0 with value: -0.6070628323553574.
[I 2026-07-24 02:18:34,275] Trial 391 finished with value: 0.6445374145881376 and parameters: {'k1': 0.0017072117533603306, 'D_low': 503.16762308936944, 'k2': 1.785243807110057e-05, 'D_high': 2694293.8136122134, 'fire_exp': 6.473352916089452, 'P_half': 127.5506874456338, 'pre_dampen_half': 50.54128950590158, 'gpp_af': 2.3157277808022614, 'gpp_b': 0.19336862069113464, 'gpp_d': 37.49029227894671, 'ign_k': 0.3238623503793213, 'ign_c': 137.1035535467035, 'trop_agb_crit': 5.585500168405192, 'trop_k_veg': 0.6206139306371982, 'fuel_k': 0.26243374689983984, 'fuel_half': 0.29846590636671755}. Best is trial 0 with value: -0.6070628323553574.
[I 2026-07-24 02:18:34,690] Trial 392 finished with value: 0.5186921062904842 and parameters: {'k1': 0.0008563133731191889, 'D_low': 12.20190659617348, 'k2': 1.1061573621855349e-05, 'D_high': 1256202.9921056037, 'fire_exp': 1.509337705829866, 'P_half': 7.877410514208842, 'pre_dampen_half': 0.05270947259433897, 'gpp_af': 3.2407279148966985, 'gpp_b': 0.18702083002457423, 'gpp_d': 358.942415262789, 'ign_k': 0.007457233238918748, 'ign_c': 2.774474711350988, 'trop_agb_crit': 3.1535516138149804, 'trop_k_veg': 6.816554368280704, 'fuel_k': 3.7299731295430325, 'fuel_half': 0.387815874717236}. Best is trial 0 with value: -0.6070628323553574.
[I 2026-07-24 02:18:35,099] Trial 393 finished with value: 0.4057692983037743 and parameters: {'k1': 0.019308846131977427, 'D_low': 37.2490723754908, 'k2': 1.1321308622559858e-05, 'D_high': 3048527.770495767, 'fire_exp': 1.3308831629086442, 'P_half': 77.119873034169, 'pre_dampen_half': 0.6798805320471056, 'gpp_af': 0.08170350012751092, 'gpp_b': 0.0012619626601393715, 'gpp_d': 788.8773815204665, 'ign_k': 0.6169510889182583, 'ign_c': 1.0852377545089509, 'trop_agb_crit': 4.353975000617741, 'trop_k_veg': 6.1169705839253465, 'fuel_k': 5.819405396727408, 'fuel_half': 2.928828602828568}. Best is trial 0 with value: -0.6070628323553574.
[I 2026-07-24 02:18:35,513] Trial 394 finished with value: 0.5860239774252759 and parameters: {'k1': 0.001054131172562823, 'D_low': 10971.35024081476, 'k2': 0.006224460727371139, 'D_high': 5439402.224287457, 'fire_exp': 1.8382523448195416, 'P_half': 4.983179185775749, 'pre_dampen_half': 3.453952463600254, 'gpp_af': 0.48770472790583, 'gpp_b': 0.3394122117254744, 'gpp_d': 0.543939360118279, 'ign_k': 1.2343770999315595, 'ign_c': 1.124048447821671, 'trop_agb_crit': 8.858605828740215, 'trop_k_veg': 2.0506745560083512, 'fuel_k': 0.47322324116102044, 'fuel_half': 0.5412519332996317}. Best is trial 0 with value: -0.6070628323553574.
[I 2026-07-24 02:18:35,947] Trial 395 finished with value: 0.4832167970035218 and parameters: {'k1': 0.001919723482716264, 'D_low': 34.724372287887554, 'k2': 3.401277353391315e-05, 'D_high': 1852355.1296179062, 'fire_exp': 2.5347666137329607, 'P_half': 4.520722118038324, 'pre_dampen_half': 0.031131681880483947, 'gpp_af': 1.1910193534999387, 'gpp_b': 0.000206923526539445, 'gpp_d': 79.80487162433164, 'ign_k': 0.41520831869791713, 'ign_c': 6.3031535799001395, 'trop_agb_crit': 1.16130548272036, 'trop_k_veg': 1.8544305450014287, 'fuel_k': 4.418361730054304, 'fuel_half': 3.0375380560875254}. Best is trial 0 with value: -0.6070628323553574.
[I 2026-07-24 02:18:36,423] Trial 396 finished with value: 0.6112875472568309 and parameters: {'k1': 0.0012837419814035508, 'D_low': 8160.079699096164, 'k2': 0.001356803299940754, 'D_high': 2842502.242280873, 'fire_exp': 8.542983606058934, 'P_half': 16.13411876057698, 'pre_dampen_half': 263.866121026866, 'gpp_af': 0.6196366620499782, 'gpp_b': 0.09892466321328307, 'gpp_d': 83.86000713618462, 'ign_k': 0.011301374478774136, 'ign_c': 30.396139513143975, 'trop_agb_crit': 5.793107895928786, 'trop_k_veg': 1.560981241598845, 'fuel_k': 0.3521465182421078, 'fuel_half': 0.6527915426008392}. Best is trial 0 with value: -0.6070628323553574.
[I 2026-07-24 02:18:36,853] Trial 397 finished with value: 0.5068951423320821 and parameters: {'k1': 0.002715875176837966, 'D_low': 1145.9418441110286, 'k2': 0.0020769700234230808, 'D_high': 40836.9099330944, 'fire_exp': 1.226649782404743, 'P_half': 1.1858576288681069, 'pre_dampen_half': 0.7986065778202202, 'gpp_af': 8.479621018947272, 'gpp_b': 0.011835447227646644, 'gpp_d': 3.3340547657852584, 'ign_k': 1.3580951318785572, 'ign_c': 3.315937639084604, 'trop_agb_crit': 6.250310218820735, 'trop_k_veg': 0.7709074211104537, 'fuel_k': 3.1904786054656764, 'fuel_half': 0.3174179615462058}. Best is trial 0 with value: -0.6070628323553574.
[I 2026-07-24 02:18:37,271] Trial 398 finished with value: -0.5707903132816303 and parameters: {'k1': 0.0111827897619382, 'D_low': 5.383495461714708, 'k2': 3.0329849117672337e-05, 'D_high': 1681813.5794119856, 'fire_exp': 1.01579119735152, 'P_half': 1.4531707507611629, 'pre_dampen_half': 1.9244147916338628, 'gpp_af': 0.09939593638889725, 'gpp_b': 0.00787436882035298, 'gpp_d': 549.4876695883452, 'ign_k': 0.14812865564374658, 'ign_c': 20.855306465072765, 'trop_agb_crit': 4.8642990004424975, 'trop_k_veg': 0.7805256615216895, 'fuel_k': 0.32827477424452367, 'fuel_half': 0.14780914486734925}. Best is trial 0 with value: -0.6070628323553574.
[I 2026-07-24 02:18:37,683] Trial 399 finished with value: 0.5029985276263436 and parameters: {'k1': 0.00012344991762942715, 'D_low': 6.968874443774189, 'k2': 1.3697938965761386e-05, 'D_high': 443725.8980091044, 'fire_exp': 1.3272305562296804, 'P_half': 4.033555798635501, 'pre_dampen_half': 0.151685059450161, 'gpp_af': 35.882902412888924, 'gpp_b': 0.03306034341649239, 'gpp_d': 80.50029888277541, 'ign_k': 0.03475690835040817, 'ign_c': 9.458500260987265, 'trop_agb_crit': 1.2195286752901564, 'trop_k_veg': 7.094627200443985, 'fuel_k': 3.1844757017793874, 'fuel_half': 0.4924642710135733}. Best is trial 0 with value: -0.6070628323553574.
[I 2026-07-24 02:18:38,094] Trial 400 finished with value: 0.5798159853100217 and parameters: {'k1': 0.09995002109885229, 'D_low': 38.585442982496524, 'k2': 0.00021175922084383744, 'D_high': 5492.229375264893, 'fire_exp': 1.4038665277678102, 'P_half': 2.9156677189825277, 'pre_dampen_half': 0.0444168344087169, 'gpp_af': 98.68148279265193, 'gpp_b': 0.017205199449322212, 'gpp_d': 429.86396702695754, 'ign_k': 2.243376270184848, 'ign_c': 0.3902942515801734, 'trop_agb_crit': 2.240542025409729, 'trop_k_veg': 2.8363706383443885, 'fuel_k': 3.5991758888189924, 'fuel_half': 0.49288100565643755}. Best is trial 0 with value: -0.6070628323553574.
[I 2026-07-24 02:18:38,504] Trial 401 finished with value: 0.6445374145881376 and parameters: {'k1': 0.052212569614544777, 'D_low': 43.15881407724053, 'k2': 3.2619969001032714e-05, 'D_high': 784921.1788242895, 'fire_exp': 1.1001642082114194, 'P_half': 2.452414848146319, 'pre_dampen_half': 0.06900462659046082, 'gpp_af': 0.011131174383706274, 'gpp_b': 0.04483960318473052, 'gpp_d': 108.58081583655355, 'ign_k': 0.16592105995019152, 'ign_c': 121.80772060457818, 'trop_agb_crit': 18.159112015931584, 'trop_k_veg': 0.6036408748914783, 'fuel_k': 0.765476520730364, 'fuel_half': 0.1477720233396105}. Best is trial 0 with value: -0.6070628323553574.
[I 2026-07-24 02:18:38,915] Trial 402 finished with value: 0.46809491644551837 and parameters: {'k1': 0.0008942906143323689, 'D_low': 4007.4862585297774, 'k2': 1.045332161614989e-05, 'D_high': 66800.20563637278, 'fire_exp': 1.5565119373433323, 'P_half': 205.52086847976352, 'pre_dampen_half': 0.17771561943453992, 'gpp_af': 0.7573212289538843, 'gpp_b': 2.8219708776240297e-05, 'gpp_d': 604.7797528281878, 'ign_k': 0.46361219733214, 'ign_c': 4.299691292417489, 'trop_agb_crit': 1.0818183285769152, 'trop_k_veg': 1.5568711364733503, 'fuel_k': 5.790941753233231, 'fuel_half': 0.14405768291909873}. Best is trial 0 with value: -0.6070628323553574.
[I 2026-07-24 02:18:39,345] Trial 403 finished with value: -0.5870331531109153 and parameters: {'k1': 0.028406300514408876, 'D_low': 5.5399109059020555, 'k2': 1.2834073648391531e-05, 'D_high': 330333.26046628645, 'fire_exp': 1.0119595908677643, 'P_half': 6.059574170637841, 'pre_dampen_half': 0.3994394741214168, 'gpp_af': 1.9201385242324893, 'gpp_b': 0.03848718944881807, 'gpp_d': 89.3375195638524, 'ign_k': 0.36043695652714447, 'ign_c': 13.141639157145184, 'trop_agb_crit': 5.508026071905156, 'trop_k_veg': 0.9855821062109952, 'fuel_k': 0.34505260012386213, 'fuel_half': 0.13635976521108326}. Best is trial 0 with value: -0.6070628323553574.
[I 2026-07-24 02:18:39,765] Trial 404 finished with value: 0.5818944314998298 and parameters: {'k1': 0.000299323755356327, 'D_low': 212.77468371046243, 'k2': 0.0038063801966341784, 'D_high': 5154973.68577263, 'fire_exp': 3.753207788802918, 'P_half': 291.0774491740414, 'pre_dampen_half': 2.085762747992542, 'gpp_af': 12.280336922850305, 'gpp_b': 0.2935811830020776, 'gpp_d': 63.495488774254426, 'ign_k': 0.0064431044652274675, 'ign_c': 1.3219997502371241, 'trop_agb_crit': 25.407223004082365, 'trop_k_veg': 2.1304740280736048, 'fuel_k': 0.5571636538781665, 'fuel_half': 0.17472428181354982}. Best is trial 0 with value: -0.6070628323553574.
[I 2026-07-24 02:18:40,180] Trial 405 finished with value: 0.5892384008955142 and parameters: {'k1': 0.022291977948332018, 'D_low': 1.909809897410719, 'k2': 2.642641349043426e-05, 'D_high': 54171.38927066991, 'fire_exp': 1.0914892746208935, 'P_half': 630.2152250433481, 'pre_dampen_half': 0.13262635422988397, 'gpp_af': 1.1115820541358743, 'gpp_b': 0.8881782806064925, 'gpp_d': 34.26272930645853, 'ign_k': 0.2613120703434284, 'ign_c': 34.350469604570506, 'trop_agb_crit': 5.349366122919468, 'trop_k_veg': 0.5733468084700388, 'fuel_k': 0.22168950600935838, 'fuel_half': 0.13945965820720843}. Best is trial 0 with value: -0.6070628323553574.
[I 2026-07-24 02:18:40,596] Trial 406 finished with value: -0.4880924195664207 and parameters: {'k1': 0.00845911536149609, 'D_low': 2.1864401617183407, 'k2': 4.7723089126831346e-05, 'D_high': 5697.627440055485, 'fire_exp': 1.3722430360185802, 'P_half': 1.2498642393281283, 'pre_dampen_half': 5.4516005599009185, 'gpp_af': 0.11122555625352168, 'gpp_b': 0.006123888850069292, 'gpp_d': 131.42086018404257, 'ign_k': 0.13520224290544278, 'ign_c': 7.8300058341527965, 'trop_agb_crit': 4.993120015585279, 'trop_k_veg': 0.8107560879000406, 'fuel_k': 1.112079453248953, 'fuel_half': 0.12649704230455155}. Best is trial 0 with value: -0.6070628323553574.
