[I 2026-06-10 19:47:47,284] Trial 1184 finished with values: [10.077928143529935, 10.077928143529935] and parameters: {'k1': 0.0002588246491696491, 'D_low': 43.2326421037033, 'k2': 0.02065142557895925, 'D_high': 839.2504050877119, 'fire_exp': 1.111738490499784, 'P_half': 157.3644610977214, 'pre_dampen_half': 189.36639872354493, 'gpp_af': 0.004409093791567215, 'gpp_b': 0.001674375583895437, 'gpp_d': 0.47379914349407487, 'ign_k': 0.8945150807271531, 'ign_c': 2.2882309479728957, 'trop_agb_crit': 3.1920112940578624, 'trop_k_veg': 5.453348988480011, 'fire_amp': 4.19233232783727}.
[I 2026-06-10 19:47:48,472] Trial 1185 finished with values: [10.83333333328067, 10.83333333328067] and parameters: {'k1': 0.004420612468360113, 'D_low': 236.79352040223893, 'k2': 0.005204862686958021, 'D_high': 42210.21267871043, 'fire_exp': 1.1633452995374232, 'P_half': 2.226799690893868, 'pre_dampen_half': 189.36639872354493, 'gpp_af': 0.07302012718529301, 'gpp_b': 0.006075587233670254, 'gpp_d': 1.0088237648985734, 'ign_k': 0.09256855841989636, 'ign_c': 433.39193318653685, 'trop_agb_crit': 1.0189592979395135, 'trop_k_veg': 5.453348988480011, 'fire_amp': 2.6192385880432525}.
[I 2026-06-10 19:47:50,340] Trial 1186 finished with values: [10.088731481572566, 10.088731481572566] and parameters: {'k1': 0.00026539376439360527, 'D_low': 50.32059347286801, 'k2': 0.02065142557895925, 'D_high': 1817.0401889219124, 'fire_exp': 1.111738490499784, 'P_half': 139.09474988024093, 'pre_dampen_half': 189.36639872354493, 'gpp_af': 0.8594202650742228, 'gpp_b': 0.001674375583895437, 'gpp_d': 1.0088237648985734, 'ign_k': 0.09256855841989636, 'ign_c': 2.2882309479728957, 'trop_agb_crit': 1.8728103227942046, 'trop_k_veg': 5.453348988480011, 'fire_amp': 3.820446126794591}.
[I 2026-06-10 19:47:51,794] Trial 1187 finished with values: [-0.6964407156771394, 0.14385848287344216] and parameters: {'k1': 0.00026539376439360527, 'D_low': 142.82597314566826, 'k2': 0.02065142557895925, 'D_high': 267.3088310781672, 'fire_exp': 1.111738490499784, 'P_half': 996.7983879709292, 'pre_dampen_half': 189.36639872354493, 'gpp_af': 1.9998014714101113, 'gpp_b': 0.002416023630607169, 'gpp_d': 525.1661172395181, 'ign_k': 0.8945150807271531, 'ign_c': 7.832259769732471, 'trop_agb_crit': 5.436625733722961, 'trop_k_veg': 5.453348988480011, 'fire_amp': 5.44779717154213}.
[I 2026-06-10 19:47:53,762] Trial 1188 finished with values: [-0.6561876243243379, 0.34993295231411736] and parameters: {'k1': 0.00026539376439360527, 'D_low': 2.5449737887285035, 'k2': 0.02065142557895925, 'D_high': 1817.0401889219124, 'fire_exp': 1.2060040899560858, 'P_half': 157.3644610977214, 'pre_dampen_half': 189.36639872354493, 'gpp_af': 0.8594202650742228, 'gpp_b': 5.0875243087016374e-05, 'gpp_d': 7.631016235941559, 'ign_k': 0.09256855841989636, 'ign_c': 2.2882309479728957, 'trop_agb_crit': 8.0091368834625, 'trop_k_veg': 5.453348988480011, 'fire_amp': 2.042193818779288}.
[I 2026-06-10 19:47:55,244] Trial 1189 finished with values: [10.756804042026932, 10.756804042026932] and parameters: {'k1': 0.00031134168041628584, 'D_low': 2.5449737887285035, 'k2': 0.02065142557895925, 'D_high': 26.41768757953156, 'fire_exp': 1.4572158037266703, 'P_half': 157.3644610977214, 'pre_dampen_half': 189.36639872354493, 'gpp_af': 0.09885838682552685, 'gpp_b': 0.002416023630607169, 'gpp_d': 7.631016235941559, 'ign_k': 0.09256855841989636, 'ign_c': 2.2882309479728957, 'trop_agb_crit': 8.0091368834625, 'trop_k_veg': 2.99731137426955, 'fire_amp': 2.042193818779288}.
[I 2026-06-10 19:47:56,516] Trial 1190 finished with values: [-0.7139809761782825, 0.23830232280845898] and parameters: {'k1': 0.0006042560675552671, 'D_low': 50.32059347286801, 'k2': 0.02065142557895925, 'D_high': 1817.0401889219124, 'fire_exp': 1.111738490499784, 'P_half': 996.7983879709292, 'pre_dampen_half': 189.36639872354493, 'gpp_af': 1.9226512897582446, 'gpp_b': 0.002416023630607169, 'gpp_d': 525.1661172395181, 'ign_k': 0.0010897490003652056, 'ign_c': 2.2882309479728957, 'trop_agb_crit': 8.0091368834625, 'trop_k_veg': 5.453348988480011, 'fire_amp': 5.44779717154213}.
[I 2026-06-10 19:47:57,868] Trial 1191 finished with values: [10.012185842753217, 10.012185842753217] and parameters: {'k1': 5.7909642338812115e-05, 'D_low': 236.79352040223893, 'k2': 0.02065142557895925, 'D_high': 19427.30875500187, 'fire_exp': 1.111738490499784, 'P_half': 157.3644610977214, 'pre_dampen_half': 189.36639872354493, 'gpp_af': 1.9998014714101113, 'gpp_b': 0.5903603324157484, 'gpp_d': 525.1661172395181, 'ign_k': 0.8945150807271531, 'ign_c': 2.2882309479728957, 'trop_agb_crit': 8.0091368834625, 'trop_k_veg': 1.7398457059623473, 'fire_amp': 2.6192385880432525}.
[I 2026-06-10 19:47:59,240] Trial 1192 finished with values: [-0.6705353320753875, 0.5749879529849565] and parameters: {'k1': 8.60693112508996e-05, 'D_low': 236.79352040223893, 'k2': 0.005204862686958021, 'D_high': 6682.9607218310075, 'fire_exp': 1.2060040899560858, 'P_half': 114.62237838612074, 'pre_dampen_half': 189.36639872354493, 'gpp_af': 1.9998014714101113, 'gpp_b': 0.001674375583895437, 'gpp_d': 76.38081075786287, 'ign_k': 0.09256855841989636, 'ign_c': 16.497426799845446, 'trop_agb_crit': 3.3933702290907823, 'trop_k_veg': 2.99731137426955, 'fire_amp': 2.6192385880432525}.
[I 2026-06-10 19:48:00,812] Trial 1193 finished with values: [10.309430127221262, 10.309430127221262] and parameters: {'k1': 0.00033241455394308477, 'D_low': 236.79352040223893, 'k2': 0.02065142557895925, 'D_high': 1266.9536563782303, 'fire_exp': 1.7505406131449859, 'P_half': 12.262543158860007, 'pre_dampen_half': 189.36639872354493, 'gpp_af': 0.09885838682552685, 'gpp_b': 8.168628001294799e-05, 'gpp_d': 525.1661172395181, 'ign_k': 0.09256855841989636, 'ign_c': 2.2882309479728957, 'trop_agb_crit': 13.985331027461328, 'trop_k_veg': 5.453348988480011, 'fire_amp': 4.472176921013167}.
[I 2026-06-10 19:48:02,151] Trial 1194 finished with values: [10.39702091223781, 10.39702091223781] and parameters: {'k1': 0.00026539376439360527, 'D_low': 1.6912931293332942, 'k2': 0.02065142557895925, 'D_high': 1817.0401889219124, 'fire_exp': 1.111738490499784, 'P_half': 157.3644610977214, 'pre_dampen_half': 189.36639872354493, 'gpp_af': 66.43290892740877, 'gpp_b': 0.5903603324157484, 'gpp_d': 7.631016235941559, 'ign_k': 0.8945150807271531, 'ign_c': 2.2882309479728957, 'trop_agb_crit': 8.0091368834625, 'trop_k_veg': 0.8796892190889679, 'fire_amp': 4.19233232783727}.
[I 2026-06-10 19:48:03,413] Trial 1195 finished with values: [10.833202319900268, 10.833202319900268] and parameters: {'k1': 0.0012397054908843052, 'D_low': 266.07970538371484, 'k2': 0.00014078352411766088, 'D_high': 1817.0401889219124, 'fire_exp': 6.206609460089607, 'P_half': 157.3644610977214, 'pre_dampen_half': 7.72621571462232, 'gpp_af': 0.8594202650742228, 'gpp_b': 0.001674375583895437, 'gpp_d': 76.38081075786287, 'ign_k': 0.09256855841989636, 'ign_c': 2.2882309479728957, 'trop_agb_crit': 8.0091368834625, 'trop_k_veg': 5.453348988480011, 'fire_amp': 2.042193818779288}.
[I 2026-06-10 19:48:04,649] Trial 1196 finished with values: [-0.7144060192624789, 0.34670296463032924] and parameters: {'k1': 0.0006042560675552671, 'D_low': 266.07970538371484, 'k2': 0.02065142557895925, 'D_high': 3454.0583523593405, 'fire_exp': 1.111738490499784, 'P_half': 1554.7359415440887, 'pre_dampen_half': 189.36639872354493, 'gpp_af': 3.030008727251782, 'gpp_b': 0.002416023630607169, 'gpp_d': 7.631016235941559, 'ign_k': 0.09256855841989636, 'ign_c': 3.8360290787481075, 'trop_agb_crit': 3.1920112940578624, 'trop_k_veg': 5.453348988480011, 'fire_amp': 5.1532175947535155}.
[I 2026-06-10 19:48:05,920] Trial 1197 finished with values: [10.896344393523764, 10.896344393523764] and parameters: {'k1': 5.7909642338812115e-05, 'D_low': 2.5449737887285035, 'k2': 0.005204862686958021, 'D_high': 1266.9536563782303, 'fire_exp': 1.2060040899560858, 'P_half': 12.262543158860007, 'pre_dampen_half': 189.36639872354493, 'gpp_af': 0.8594202650742228, 'gpp_b': 0.001674375583895437, 'gpp_d': 7.631016235941559, 'ign_k': 0.09256855841989636, 'ign_c': 2.2882309479728957, 'trop_agb_crit': 6.128416443551616, 'trop_k_veg': 5.453348988480011, 'fire_amp': 4.472176921013167}.
[I 2026-06-10 19:48:07,317] Trial 1198 finished with values: [-0.6670500295585992, 0.39544228612874166] and parameters: {'k1': 0.00031134168041628584, 'D_low': 2.5449737887285035, 'k2': 0.02065142557895925, 'D_high': 1266.9536563782303, 'fire_exp': 1.111738490499784, 'P_half': 157.3644610977214, 'pre_dampen_half': 189.36639872354493, 'gpp_af': 1.9998014714101113, 'gpp_b': 0.001674375583895437, 'gpp_d': 1.0088237648985734, 'ign_k': 0.09256855841989636, 'ign_c': 2.2882309479728957, 'trop_agb_crit': 8.0091368834625, 'trop_k_veg': 5.453348988480011, 'fire_amp': 4.472176921013167}.
[I 2026-06-10 19:48:08,660] Trial 1199 finished with values: [10.830361742744042, 10.830361742744042] and parameters: {'k1': 5.7909642338812115e-05, 'D_low': 133.4807155996069, 'k2': 0.02065142557895925, 'D_high': 267.3088310781672, 'fire_exp': 1.2060040899560858, 'P_half': 5.4712187293420325, 'pre_dampen_half': 189.36639872354493, 'gpp_af': 0.004409093791567215, 'gpp_b': 0.5903603324157484, 'gpp_d': 76.38081075786287, 'ign_k': 0.8945150807271531, 'ign_c': 16.497426799845446, 'trop_agb_crit': 8.0091368834625, 'trop_k_veg': 1.6003641872536711, 'fire_amp': 2.6192385880432525}.
[setup] CRUJRA climate from data/crujra/, GPP from global_baseline_modelC_inputs_1997-2016.nc ...
[setup] loading GFED5 reference from burntArea.nc ...
[setup] land cells (GFED5 burnable): 13916 / 64800 (21.5%)
[setup] GFED5 land-mean monthly frac: 0.005068
[opt] REGION=Africa: fitting 1816 land cells only
[opt] warm-start from params.spatial.k1.json
[warm] Overall=0.6084  bias=0.6696 rmse=0.3818 seas=0.8232 spatial=0.7854
[opt] sampler=NSGAIISampler seed=42
[opt] running 1200 trials against GFED5 ...
  trial   14/1200  pareto_size=1  best_taylor=0.7701  best_ilamb=0.6084  (0.4 min)
  trial   28/1200  pareto_size=1  best_taylor=0.7701  best_ilamb=0.6084  (0.7 min)
  trial   42/1200  pareto_size=1  best_taylor=0.7701  best_ilamb=0.6084  (1.0 min)
  trial   56/1200  pareto_size=1  best_taylor=0.7701  best_ilamb=0.6084  (1.4 min)
  trial   71/1200  pareto_size=1  best_taylor=0.7701  best_ilamb=0.6084  (1.7 min)
  trial   86/1200  pareto_size=1  best_taylor=0.7701  best_ilamb=0.6084  (2.1 min)
  trial  101/1200  pareto_size=1  best_taylor=0.7701  best_ilamb=0.6084  (2.4 min)
  trial  116/1200  pareto_size=1  best_taylor=0.6199  best_ilamb=0.5163  (2.8 min)
  trial  131/1200  pareto_size=1  best_taylor=0.6199  best_ilamb=0.5163  (3.1 min)
  trial  146/1200  pareto_size=1  best_taylor=0.6199  best_ilamb=0.5163  (3.4 min)
  trial  162/1200  pareto_size=1  best_taylor=0.6199  best_ilamb=0.5163  (3.8 min)
  trial  178/1200  pareto_size=1  best_taylor=0.6854  best_ilamb=0.4783  (4.1 min)
  trial  193/1200  pareto_size=1  best_taylor=0.6854  best_ilamb=0.4783  (4.5 min)
  trial  207/1200  pareto_size=1  best_taylor=0.6854  best_ilamb=0.4783  (4.8 min)
  trial  221/1200  pareto_size=1  best_taylor=0.6854  best_ilamb=0.4783  (5.2 min)
  trial  235/1200  pareto_size=1  best_taylor=0.6854  best_ilamb=0.4783  (5.5 min)
  trial  249/1200  pareto_size=1  best_taylor=0.6854  best_ilamb=0.4783  (5.9 min)
  trial  263/1200  pareto_size=1  best_taylor=0.6854  best_ilamb=0.4783  (6.2 min)
  trial  276/1200  pareto_size=1  best_taylor=0.6854  best_ilamb=0.4783  (6.6 min)
  trial  289/1200  pareto_size=1  best_taylor=0.6854  best_ilamb=0.4783  (6.9 min)
  trial  303/1200  pareto_size=2  best_taylor=0.7460  best_ilamb=0.6072  (7.3 min)
  trial  316/1200  pareto_size=2  best_taylor=0.7460  best_ilamb=0.6072  (7.6 min)
  trial  329/1200  pareto_size=2  best_taylor=0.7460  best_ilamb=0.6072  (8.0 min)
  trial  344/1200  pareto_size=2  best_taylor=0.7460  best_ilamb=0.6072  (8.3 min)
  trial  359/1200  pareto_size=2  best_taylor=0.7460  best_ilamb=0.6072  (8.7 min)
  trial  374/1200  pareto_size=2  best_taylor=0.7460  best_ilamb=0.6072  (9.0 min)
  trial  389/1200  pareto_size=2  best_taylor=0.7460  best_ilamb=0.6072  (9.4 min)
  trial  404/1200  pareto_size=2  best_taylor=0.7460  best_ilamb=0.6072  (9.7 min)
  trial  419/1200  pareto_size=2  best_taylor=0.7460  best_ilamb=0.6072  (10.1 min)
  trial  434/1200  pareto_size=2  best_taylor=0.7460  best_ilamb=0.6072  (10.4 min)
  trial  449/1200  pareto_size=2  best_taylor=0.7460  best_ilamb=0.6072  (10.8 min)
  trial  464/1200  pareto_size=2  best_taylor=0.7460  best_ilamb=0.6072  (11.1 min)
  trial  479/1200  pareto_size=4  best_taylor=0.7460  best_ilamb=0.6072  (11.5 min)
  trial  494/1200  pareto_size=4  best_taylor=0.7460  best_ilamb=0.6072  (11.8 min)
  trial  509/1200  pareto_size=5  best_taylor=0.7460  best_ilamb=0.6072  (12.2 min)
  trial  524/1200  pareto_size=5  best_taylor=0.7460  best_ilamb=0.6072  (12.5 min)
  trial  539/1200  pareto_size=5  best_taylor=0.7460  best_ilamb=0.6072  (12.9 min)
  trial  554/1200  pareto_size=5  best_taylor=0.7460  best_ilamb=0.6072  (13.2 min)
  trial  568/1200  pareto_size=5  best_taylor=0.7460  best_ilamb=0.6072  (13.6 min)
  trial  583/1200  pareto_size=5  best_taylor=0.7460  best_ilamb=0.6072  (13.9 min)
  trial  598/1200  pareto_size=5  best_taylor=0.7460  best_ilamb=0.6072  (14.3 min)
  trial  613/1200  pareto_size=5  best_taylor=0.7460  best_ilamb=0.6072  (14.6 min)
  trial  629/1200  pareto_size=5  best_taylor=0.7460  best_ilamb=0.6072  (15.0 min)
  trial  645/1200  pareto_size=5  best_taylor=0.7460  best_ilamb=0.6072  (15.3 min)
  trial  661/1200  pareto_size=5  best_taylor=0.7460  best_ilamb=0.6072  (15.6 min)
  trial  678/1200  pareto_size=5  best_taylor=0.7460  best_ilamb=0.6072  (16.0 min)
  trial  695/1200  pareto_size=5  best_taylor=0.7460  best_ilamb=0.6072  (16.4 min)
  trial  712/1200  pareto_size=5  best_taylor=0.7460  best_ilamb=0.6072  (16.7 min)
  trial  729/1200  pareto_size=5  best_taylor=0.7460  best_ilamb=0.6072  (17.1 min)
  trial  746/1200  pareto_size=5  best_taylor=0.7460  best_ilamb=0.6072  (17.4 min)
  trial  763/1200  pareto_size=5  best_taylor=0.7460  best_ilamb=0.6072  (17.8 min)
  trial  778/1200  pareto_size=3  best_taylor=0.7618  best_ilamb=0.5799  (18.1 min)
  trial  791/1200  pareto_size=3  best_taylor=0.7618  best_ilamb=0.5799  (18.5 min)
  trial  803/1200  pareto_size=3  best_taylor=0.7618  best_ilamb=0.5799  (18.8 min)
  trial  815/1200  pareto_size=3  best_taylor=0.7618  best_ilamb=0.5732  (19.2 min)
  trial  830/1200  pareto_size=3  best_taylor=0.7618  best_ilamb=0.5732  (19.5 min)
  trial  845/1200  pareto_size=3  best_taylor=0.7618  best_ilamb=0.5732  (19.9 min)
  trial  862/1200  pareto_size=3  best_taylor=0.7618  best_ilamb=0.5732  (20.2 min)
  trial  879/1200  pareto_size=3  best_taylor=0.7618  best_ilamb=0.5732  (20.6 min)
  trial  896/1200  pareto_size=3  best_taylor=0.7618  best_ilamb=0.5732  (20.9 min)
  trial  913/1200  pareto_size=3  best_taylor=0.7618  best_ilamb=0.5732  (21.3 min)
  trial  930/1200  pareto_size=3  best_taylor=0.7618  best_ilamb=0.5732  (21.6 min)
  trial  947/1200  pareto_size=3  best_taylor=0.7618  best_ilamb=0.5732  (22.0 min)
  trial  964/1200  pareto_size=4  best_taylor=0.7639  best_ilamb=0.5732  (22.3 min)
  trial  981/1200  pareto_size=4  best_taylor=0.7639  best_ilamb=0.5732  (22.7 min)
  trial  998/1200  pareto_size=4  best_taylor=0.7639  best_ilamb=0.5732  (23.0 min)
  trial 1015/1200  pareto_size=5  best_taylor=0.7761  best_ilamb=0.5732  (23.3 min)
  trial 1032/1200  pareto_size=6  best_taylor=0.7761  best_ilamb=0.5774  (23.7 min)
  trial 1049/1200  pareto_size=7  best_taylor=0.7761  best_ilamb=0.5774  (24.0 min)
  trial 1064/1200  pareto_size=7  best_taylor=0.7761  best_ilamb=0.5774  (24.4 min)
  trial 1070/1200  pareto_size=7  best_taylor=0.7761  best_ilamb=0.5774  (24.7 min)
  trial 1080/1200  pareto_size=9  best_taylor=0.7795  best_ilamb=0.5777  (25.1 min)
  trial 1094/1200  pareto_size=9  best_taylor=0.7795  best_ilamb=0.5777  (25.5 min)
  trial 1106/1200  pareto_size=9  best_taylor=0.7795  best_ilamb=0.5777  (25.8 min)
  trial 1116/1200  pareto_size=9  best_taylor=0.7795  best_ilamb=0.5777  (26.2 min)
  trial 1131/1200  pareto_size=6  best_taylor=0.7795  best_ilamb=0.5852  (26.6 min)
  trial 1144/1200  pareto_size=6  best_taylor=0.7795  best_ilamb=0.5852  (26.9 min)
  trial 1157/1200  pareto_size=6  best_taylor=0.7795  best_ilamb=0.5852  (27.3 min)
  trial 1171/1200  pareto_size=6  best_taylor=0.7795  best_ilamb=0.5852  (27.7 min)
  trial 1186/1200  pareto_size=7  best_taylor=0.7795  best_ilamb=0.5852  (28.0 min)

[done] 1200 trials in 28.4 min
[pareto] 8 non-dominated trials, 4 with fp_score >= 0.85
[chosen] trial 1133: ILAMB=0.5616  fp_score=0.8501  ratio=0.85
[best] Bias=0.6554  RMSE=0.3574  Seas=0.7208  Spatial=0.7169  Overall=0.5616
[diag] raw rate land-mean (yr^-1): 0.1084  (target ~ 0.06082)
[write] D:\FIRE_OFFLINE\models\C\params.africa.json
[write] D:\FIRE_OFFLINE\ilamb\MODELS\ED-ModelC-final\burntArea.africa.nc  (10.7 MB)

[FIX2] dumping top-4 Pareto candidates -> D:\FIRE_OFFLINE\ilamb\MODELS_TOPK_africa
  k1: trial 1133  internal_overall=0.5616  taylor=0.7066  sigma=0.788  fp=0.850  ratio=0.85  amp=4.47
  k2: trial 1187  internal_overall=0.4797  taylor=0.6964  sigma=0.881  fp=0.856  ratio=0.86  amp=5.45
  k3: trial 1034  internal_overall=0.4673  taylor=0.6534  sigma=1.360  fp=0.881  ratio=1.12  amp=3.85
  k4: trial 1177  internal_overall=0.4449  taylor=0.6025  sigma=1.545  fp=0.912  ratio=1.16  amp=4.47
[FIX2] manifest -> D:\FIRE_OFFLINE\models\C\topk.africa.json
[FIX2] re-score all candidates with official ILAMB (CLAUDE.md recipe; clean ._* first), e.g. --model_root "$PWD/ilamb/MODELS_TOPK_africa"
[FIX2] promote the candidate with the best OFFICIAL Overall, NOT the internal one.
=== done Africa exit=0 ===
=== fitting Boreal (TAG=boreal) ===
[I 2026-06-10 19:48:43,165] A new study created in memory with name: no-name-ce971d46-99b1-4974-b4e9-8e9ec6914c4a
[I 2026-06-10 19:48:44,980] Trial 0 finished with values: [10.797217369975533, 10.797217369975533] and parameters: {'k1': 0.028401063201780267, 'D_low': 16.00237013173313, 'k2': 0.00033271381912662167, 'D_high': 2427.054417940131, 'fire_exp': 1.5191397119156032, 'P_half': 157.80309954142965, 'pre_dampen_half': 8.259599205585761, 'gpp_af': 0.03522602097143089, 'gpp_b': 0.00012118589392553798, 'gpp_d': 12.338826503601998, 'ign_k': 3.965503094323014, 'ign_c': 22.126836566118193, 'trop_agb_crit': 5.526463318565575, 'trop_k_veg': 2.724170387400844, 'fire_amp': 5.44779717154213}.
[I 2026-06-10 19:48:46,838] Trial 1 finished with values: [10.833322549886176, 10.833322549886176] and parameters: {'k1': 0.00031489116479568613, 'D_low': 6351.221010640702, 'k2': 0.008471801418819975, 'D_high': 2481.0409748678126, 'fire_exp': 1.4322493718230251, 'P_half': 4.2070539502879365, 'pre_dampen_half': 0.0195172246414495, 'gpp_af': 21.42302175774105, 'gpp_b': 0.040428727350273294, 'gpp_d': 34.70266988650411, 'ign_k': 0.0012087541473056963, 'ign_c': 757.9479953347999, 'trop_agb_crit': 16.967533607196547, 'trop_k_veg': 0.9008485225328876, 'fire_amp': 1.3851197621057665}.
[I 2026-06-10 19:48:48,221] Trial 2 finished with values: [10.833333063669077, 10.833333063669077] and parameters: {'k1': 5.415244119402538e-05, 'D_low': 16.480446427978972, 'k2': 0.0012561043700013551, 'D_high': 534.2937261279774, 'fire_exp': 1.9553708662745248, 'P_half': 280.163515871626, 'pre_dampen_half': 0.04982752357076448, 'gpp_af': 0.028888383623653185, 'gpp_b': 0.0015782327810795573, 'gpp_d': 1.9069966103000422, 'ign_k': 1.382623217936987, 'ign_c': 0.6290644294586147, 'trop_agb_crit': 5.748924681991978, 'trop_k_veg': 2.584093506411774, 'fire_amp': 1.0867895322868466}.
[I 2026-06-10 19:48:49,680] Trial 3 finished with values: [10.83333333294111, 10.83333333294111] and parameters: {'k1': 0.0026926469100861782, 'D_low': 4.809461967501573, 'k2': 1.8205657658407255e-05, 'D_high': 62451.395747430804, 'fire_exp': 9.23915031962725, 'P_half': 1712.3375973163984, 'pre_dampen_half': 0.3334792728637583, 'gpp_af': 0.0030786517836196197, 'gpp_b': 0.12746711578215045, 'gpp_d': 1.587678152692399, 'ign_k': 0.003077180271250686, 'ign_c': 9.565499215943817, 'trop_agb_crit': 1.1240768803005543, 'trop_k_veg': 6.221582596639011, 'fire_amp': 1.5899005744404588}.
[I 2026-06-10 19:48:50,991] Trial 4 finished with values: [10.829133751038817, 10.829133751038817] and parameters: {'k1': 0.004467752817973905, 'D_low': 17.65404805249507, 'k2': 0.0012030178871154666, 'D_high': 1537.592023548176, 'fire_exp': 1.5305744365500176, 'P_half': 7556.810141274427, 'pre_dampen_half': 75.10418138777538, 'gpp_af': 49.830438374949125, 'gpp_b': 2.3386439256208704, 'gpp_d': 9.761125443110442, 'ign_k': 4.869640941520899, 'ign_c': 0.22592797420156951, 'trop_agb_crit': 1.9475582306295418, 'trop_k_veg': 0.5667990147757791, 'fire_amp': 1.7912500010961188}.
[I 2026-06-10 19:48:52,716] Trial 5 finished with values: [10.83331945864738, 10.83331945864738] and parameters: {'k1': 0.00035868164986275477, 'D_low': 12.172958098369968, 'k2': 0.02065142557895925, 'D_high': 267.3088310781672, 'fire_exp': 1.9095652801045373, 'P_half': 148.17820606039086, 'pre_dampen_half': 0.050654860639753524, 'gpp_af': 10.25616274847308, 'gpp_b': 2.800940363375676e-05, 'gpp_d': 859.8737339212263, 'ign_k': 1.2273800987852967, 'ign_c': 0.6235377135673155, 'trop_agb_crit': 1.0189592979395135, 'trop_k_veg': 4.796046723963646, 'fire_amp': 3.548476438923424}.
[I 2026-06-10 19:48:54,977] Trial 6 finished with values: [10.828860770489339, 10.828860770489339] and parameters: {'k1': 0.00824192526487645, 'D_low': 1216.4139351417061, 'k2': 1.97778285124627e-05, 'D_high': 271.55819552829405, 'fire_exp': 1.305777134899723, 'P_half': 2834.090429514774, 'pre_dampen_half': 13.076473382928533, 'gpp_af': 0.04513257622008944, 'gpp_b': 2.4063018320720924e-05, 'gpp_d': 0.3588488911386258, 'ign_k': 0.01998634077852888, 'ign_c': 82.87522363768154, 'trop_agb_crit': 8.74479618932312, 'trop_k_veg': 5.85168037586392, 'fire_amp': 2.330529660087218}.
