[I 2026-08-19 17:57:56,042] Trial 1971 finished with value: 0.5170260466586974 and parameters: {'k1': 0.00015254626009350553, 'D_low': 651.7759546334686, 'k2': 0.00022890258479682998, 'D_high': 53390.55354723949, 'fire_exp': 1.7732392958793213, 'P_half': 541.0208555258771, 'pre_dampen_half': 0.1287154474498333, 'gpp_af': 0.2236015035424419, 'gpp_b': 0.04598594133741469, 'gpp_d': 1.8569862465143496, 'ign_k': 7.0175904997968, 'ign_c': 0.1819241207602096, 'trop_agb_crit': 14.166517291595955, 'trop_k_veg': 5.4355825430877385, 'pop_amp': 0.02621447645955108, 'pop_peak': 1.1869500154573076, 'pop_sig': 0.31578665194712335, 'fuel_k': 5.782934731011092, 'fuel_half': 0.22459143444709032}. Best is trial 1622 with value: -0.6125870653324885.
  trial 1972/2500  best_overall=0.6126  (59.5 min)
[I 2026-08-19 17:57:58,330] Trial 1972 finished with value: 0.5223563244666929 and parameters: {'k1': 0.0005761137577892602, 'D_low': 309.15144716553925, 'k2': 0.001165486340207146, 'D_high': 167278.14063825295, 'fire_exp': 1.2315729568209977, 'P_half': 849.6297723326097, 'pre_dampen_half': 0.017217793621882835, 'gpp_af': 14.762569209112517, 'gpp_b': 0.019446696649475046, 'gpp_d': 50.104150232752914, 'ign_k': 2.261713108638647, 'ign_c': 0.22185337010039474, 'trop_agb_crit': 10.114439172382838, 'trop_k_veg': 3.0685829913755622, 'pop_amp': 0.07683167988576305, 'pop_peak': 0.07629657698508896, 'pop_sig': 0.36148817949292106, 'fuel_k': 3.319931441981009, 'fuel_half': 0.15046472628175592}. Best is trial 1622 with value: -0.6125870653324885.
[I 2026-08-19 17:58:00,194] Trial 1973 finished with value: 0.47960341215782687 and parameters: {'k1': 0.00035040366227640315, 'D_low': 371.8412212953527, 'k2': 2.295261942387544e-05, 'D_high': 312110.6357364193, 'fire_exp': 1.1308654746630602, 'P_half': 281.5517580097, 'pre_dampen_half': 0.18311060145673919, 'gpp_af': 0.5395922223048796, 'gpp_b': 0.016890765458473612, 'gpp_d': 14.95171375465707, 'ign_k': 6.70890654203065, 'ign_c': 0.136237560262559, 'trop_agb_crit': 21.25930874149745, 'trop_k_veg': 6.615546296978416, 'pop_amp': 0.031182195088563923, 'pop_peak': 0.11035175938012648, 'pop_sig': 0.43799799085818125, 'fuel_k': 0.49445861192362295, 'fuel_half': 0.15329304742666475}. Best is trial 1622 with value: -0.6125870653324885.
[I 2026-08-19 17:58:02,043] Trial 1974 finished with value: 0.5539319685445491 and parameters: {'k1': 3.931766330511578e-05, 'D_low': 211.14194700173087, 'k2': 0.0007723382866113344, 'D_high': 9189534.259602783, 'fire_exp': 2.365927417296105, 'P_half': 256.7447833116969, 'pre_dampen_half': 0.04938445354204523, 'gpp_af': 0.6118717768888171, 'gpp_b': 1.669239697539724e-05, 'gpp_d': 75.69826511517677, 'ign_k': 8.897577240989497, 'ign_c': 0.704760547640607, 'trop_agb_crit': 16.32707995437634, 'trop_k_veg': 7.369294149495253, 'pop_amp': 0.017451720054125496, 'pop_peak': 0.09781183723366257, 'pop_sig': 0.3061431788250309, 'fuel_k': 0.6181360042584175, 'fuel_half': 0.2390126779749129}. Best is trial 1622 with value: -0.6125870653324885.
[I 2026-08-19 17:58:03,852] Trial 1975 finished with value: 0.4833656530241619 and parameters: {'k1': 0.0002743137234959928, 'D_low': 3.040719651304341, 'k2': 0.038765702369136255, 'D_high': 654334.3104239944, 'fire_exp': 2.5241988165097826, 'P_half': 69.93883339404758, 'pre_dampen_half': 25.319283592667436, 'gpp_af': 0.10003449490169011, 'gpp_b': 0.03366949796118483, 'gpp_d': 879.2272043775573, 'ign_k': 0.2053020196653667, 'ign_c': 0.29607859410011267, 'trop_agb_crit': 8.289710553850501, 'trop_k_veg': 1.8165452937487183, 'pop_amp': 0.010828918050049777, 'pop_peak': 5.272297354530337, 'pop_sig': 0.36628387564935255, 'fuel_k': 0.03160412984997502, 'fuel_half': 63.81925723165224}. Best is trial 1622 with value: -0.6125870653324885.
[I 2026-08-19 17:58:05,638] Trial 1976 finished with value: 0.44752803145458964 and parameters: {'k1': 0.0005058179691776416, 'D_low': 5.996264983953414, 'k2': 0.0008849580513604741, 'D_high': 1139102.6445409155, 'fire_exp': 4.471106564309848, 'P_half': 19.433416595531416, 'pre_dampen_half': 319.5061164589434, 'gpp_af': 0.2352975553924264, 'gpp_b': 0.0006238076702309761, 'gpp_d': 13.420513951160466, 'ign_k': 0.2595708908458722, 'ign_c': 0.7381712509628415, 'trop_agb_crit': 1.8734576702021393, 'trop_k_veg': 2.379550697855289, 'pop_amp': 0.009940067375807401, 'pop_peak': 1.7943088911802614, 'pop_sig': 0.5874837778827684, 'fuel_k': 0.026576668388791545, 'fuel_half': 97.03932631057272}. Best is trial 1622 with value: -0.6125870653324885.
[I 2026-08-19 17:58:07,445] Trial 1977 finished with value: 0.5701853558007576 and parameters: {'k1': 0.00013999771058175557, 'D_low': 19766.405725922687, 'k2': 0.0012704211228106287, 'D_high': 4513299.430276963, 'fire_exp': 1.3667761583177322, 'P_half': 135.0320092692138, 'pre_dampen_half': 3.9870288240882243, 'gpp_af': 0.002497289010461456, 'gpp_b': 0.004292802632646243, 'gpp_d': 38.62882742619888, 'ign_k': 2.216423896047142, 'ign_c': 0.182027519332809, 'trop_agb_crit': 20.725140033328966, 'trop_k_veg': 5.869798740324336, 'pop_amp': 0.21167563852110663, 'pop_peak': 0.2053495651725417, 'pop_sig': 0.2597503034784162, 'fuel_k': 2.2599759984827372, 'fuel_half': 1.4381902926635313}. Best is trial 1622 with value: -0.6125870653324885.
[I 2026-08-19 17:58:09,276] Trial 1978 finished with value: -0.538924548609075 and parameters: {'k1': 0.00016922958819025032, 'D_low': 144.71541585128642, 'k2': 0.004452797573102377, 'D_high': 618986.1632796795, 'fire_exp': 1.1414459195920568, 'P_half': 1636.0016708442745, 'pre_dampen_half': 2.1518898256703944, 'gpp_af': 0.3219293393311966, 'gpp_b': 0.0001321760774901317, 'gpp_d': 285.53081908978663, 'ign_k': 8.88508572529567, 'ign_c': 0.5337188934195878, 'trop_agb_crit': 24.533099261670113, 'trop_k_veg': 3.461460548838843, 'pop_amp': 0.08344127118722496, 'pop_peak': 0.07026612631253253, 'pop_sig': 0.32187233611885235, 'fuel_k': 0.8984261171621074, 'fuel_half': 0.1656673389677869}. Best is trial 1622 with value: -0.6125870653324885.
[I 2026-08-19 17:58:11,045] Trial 1979 finished with value: 0.4519027299157077 and parameters: {'k1': 0.0005983631483691692, 'D_low': 3.1585478355223864, 'k2': 0.012357129114361183, 'D_high': 8108333.779732259, 'fire_exp': 2.0784658341222526, 'P_half': 58.2231441514666, 'pre_dampen_half': 19.562246111412787, 'gpp_af': 0.21054426082747196, 'gpp_b': 0.002087839594619209, 'gpp_d': 0.8561065033306309, 'ign_k': 0.2652757375674212, 'ign_c': 19.731365895562494, 'trop_agb_crit': 6.11289392128363, 'trop_k_veg': 3.240652945257275, 'pop_amp': 0.003201974858832579, 'pop_peak': 14.872013260393901, 'pop_sig': 0.6412184241729735, 'fuel_k': 0.011178390196508195, 'fuel_half': 52.72591917767161}. Best is trial 1622 with value: -0.6125870653324885.
[I 2026-08-19 17:58:12,843] Trial 1980 finished with value: 0.6262196743207462 and parameters: {'k1': 0.019725688392212566, 'D_low': 1.0495268691769888, 'k2': 0.0003568372889069269, 'D_high': 32324.99459591949, 'fire_exp': 2.974173172898311, 'P_half': 2.508207072397218, 'pre_dampen_half': 0.0659319377578546, 'gpp_af': 0.3058779901905854, 'gpp_b': 1.447505721297962e-05, 'gpp_d': 23.08411076320447, 'ign_k': 1.5998592898009876, 'ign_c': 31.410776972139818, 'trop_agb_crit': 6.807827168673235, 'trop_k_veg': 6.880532709638206, 'pop_amp': 0.001675248753471323, 'pop_peak': 0.5925800695548402, 'pop_sig': 0.9516792451293756, 'fuel_k': 3.510855061236655, 'fuel_half': 63.33163589396439}. Best is trial 1622 with value: -0.6125870653324885.
[I 2026-08-19 17:58:15,058] Trial 1981 finished with value: 0.4230288825412041 and parameters: {'k1': 0.00044426464981325175, 'D_low': 12.163787416832609, 'k2': 0.0647408453274058, 'D_high': 1640223.014647316, 'fire_exp': 1.78249041706523, 'P_half': 8.981595918082618, 'pre_dampen_half': 63.53348552370629, 'gpp_af': 0.011741339681887087, 'gpp_b': 0.00022049113722427246, 'gpp_d': 363.9047218882598, 'ign_k': 0.19275788729081494, 'ign_c': 9.606318598438783, 'trop_agb_crit': 1.897283047200384, 'trop_k_veg': 1.1963907536038132, 'pop_amp': 0.030961346833558317, 'pop_peak': 2.8140014258963104, 'pop_sig': 0.7487386508563514, 'fuel_k': 0.08288176889638146, 'fuel_half': 0.5022724978921669}. Best is trial 1622 with value: -0.6125870653324885.
[I 2026-08-19 17:58:17,180] Trial 1982 finished with value: 0.5510539776269531 and parameters: {'k1': 0.08463204040664986, 'D_low': 9.198391859490675, 'k2': 9.500426754202258e-05, 'D_high': 164946.3238509467, 'fire_exp': 2.3740148547804774, 'P_half': 7.197192964594256, 'pre_dampen_half': 0.02180030689629169, 'gpp_af': 0.01310883394412293, 'gpp_b': 0.0012719016406867783, 'gpp_d': 98.65460658981476, 'ign_k': 0.18279045836288413, 'ign_c': 0.3416836843878181, 'trop_agb_crit': 20.252814615608933, 'trop_k_veg': 4.464206663140293, 'pop_amp': 1.2550131834622327, 'pop_peak': 0.0534095265181764, 'pop_sig': 0.726326326689321, 'fuel_k': 0.28217489821821123, 'fuel_half': 0.311183285100716}. Best is trial 1622 with value: -0.6125870653324885.
  trial 1983/2500  best_overall=0.6126  (59.9 min)
[I 2026-08-19 17:58:19,469] Trial 1983 finished with value: 0.5351651348527917 and parameters: {'k1': 5.3706255710145485e-05, 'D_low': 15646.773081541069, 'k2': 0.005680720390630585, 'D_high': 5365264.817374481, 'fire_exp': 1.6925763158746445, 'P_half': 40.62467828862852, 'pre_dampen_half': 0.15266592050860028, 'gpp_af': 0.029601362785891705, 'gpp_b': 0.006017166854697802, 'gpp_d': 173.50306053369633, 'ign_k': 8.019031897251969, 'ign_c': 0.1403346528118589, 'trop_agb_crit': 9.285775640310577, 'trop_k_veg': 6.920979527723816, 'pop_amp': 0.13405570718492774, 'pop_peak': 2.0610404647459735, 'pop_sig': 0.2969013522868235, 'fuel_k': 1.5830409128236196, 'fuel_half': 0.10938203749682318}. Best is trial 1622 with value: -0.6125870653324885.
[I 2026-08-19 17:58:21,271] Trial 1984 finished with value: 0.46073482829271206 and parameters: {'k1': 0.004022613294118309, 'D_low': 2063.5959292667467, 'k2': 0.0008236325303490538, 'D_high': 2561269.751863308, 'fire_exp': 2.1840042843377234, 'P_half': 8.654466391810223, 'pre_dampen_half': 0.22240305572296867, 'gpp_af': 0.38822195769991846, 'gpp_b': 4.320514034877342e-05, 'gpp_d': 191.44256668054834, 'ign_k': 0.15641169009194672, 'ign_c': 3.0748352197976803, 'trop_agb_crit': 10.986277044871049, 'trop_k_veg': 1.183877458432078, 'pop_amp': 0.007967987701428066, 'pop_peak': 0.13006134127758223, 'pop_sig': 0.5329282907262651, 'fuel_k': 0.20304017526471133, 'fuel_half': 0.16898355509303753}. Best is trial 1622 with value: -0.6125870653324885.
[I 2026-08-19 17:58:23,040] Trial 1985 finished with value: 0.6445374145881376 and parameters: {'k1': 0.0014749332843493384, 'D_low': 2.1493231710692378, 'k2': 0.0004965655114968626, 'D_high': 32432.27775519971, 'fire_exp': 1.4312452910049325, 'P_half': 64.18360001015637, 'pre_dampen_half': 0.6832510995828922, 'gpp_af': 0.001012696101622909, 'gpp_b': 2.71145252094932e-05, 'gpp_d': 268.32107295484224, 'ign_k': 2.5992129187966393, 'ign_c': 73.06551312043739, 'trop_agb_crit': 18.06619867420389, 'trop_k_veg': 3.730941726862149, 'pop_amp': 0.08655321216619134, 'pop_peak': 3.4189574529454125, 'pop_sig': 0.28964046923232467, 'fuel_k': 3.714190473264423, 'fuel_half': 96.13849748991969}. Best is trial 1622 with value: -0.6125870653324885.
[I 2026-08-19 17:58:24,907] Trial 1986 finished with value: 0.6445374145881376 and parameters: {'k1': 0.022548504852958128, 'D_low': 6.558410632765119, 'k2': 0.00017887429855480095, 'D_high': 6227712.394946343, 'fire_exp': 1.431104427267348, 'P_half': 11.012141992796241, 'pre_dampen_half': 0.5607530054058509, 'gpp_af': 0.026181108621717245, 'gpp_b': 5.264560847590671e-05, 'gpp_d': 644.9393712637471, 'ign_k': 9.447437169112737, 'ign_c': 201.7413396111946, 'trop_agb_crit': 7.8145472544328936, 'trop_k_veg': 7.727539491663622, 'pop_amp': 0.012894300260895218, 'pop_peak': 0.47295657636245964, 'pop_sig': 0.2763095960395639, 'fuel_k': 1.5679515233068548, 'fuel_half': 14.065354869591513}. Best is trial 1622 with value: -0.6125870653324885.
[I 2026-08-19 17:58:26,682] Trial 1987 finished with value: 0.3936893745478014 and parameters: {'k1': 0.009452279044204003, 'D_low': 58.73022635765471, 'k2': 0.005086073197610313, 'D_high': 4465901.389186738, 'fire_exp': 2.5420587889683715, 'P_half': 25.251192381727343, 'pre_dampen_half': 3.019140535313318, 'gpp_af': 0.037406066287672325, 'gpp_b': 2.2099056952334185e-05, 'gpp_d': 65.0392842648754, 'ign_k': 6.382136284391501, 'ign_c': 14.742206734826567, 'trop_agb_crit': 5.685956112265675, 'trop_k_veg': 4.834431611521052, 'pop_amp': 0.005281329197688742, 'pop_peak': 0.07841854664237598, 'pop_sig': 0.291778207672349, 'fuel_k': 0.4373729432526414, 'fuel_half': 0.4527387183002885}. Best is trial 1622 with value: -0.6125870653324885.
[I 2026-08-19 17:58:28,474] Trial 1988 finished with value: 0.5955579501411605 and parameters: {'k1': 0.0007327458195866641, 'D_low': 18348.875453484092, 'k2': 0.00012267923609357055, 'D_high': 21574.188071231678, 'fire_exp': 1.1108518091980715, 'P_half': 115.25865665608252, 'pre_dampen_half': 2.7441776661945236, 'gpp_af': 0.05414979614320017, 'gpp_b': 0.023451284117071522, 'gpp_d': 290.9889217968577, 'ign_k': 0.2230055884113752, 'ign_c': 0.2870884950973975, 'trop_agb_crit': 8.904507050911626, 'trop_k_veg': 7.592786161500327, 'pop_amp': 0.10996236935952394, 'pop_peak': 0.20792622947398443, 'pop_sig': 0.30556796750639087, 'fuel_k': 0.6261645295900947, 'fuel_half': 0.1902940845314471}. Best is trial 1622 with value: -0.6125870653324885.
[I 2026-08-19 17:58:30,394] Trial 1989 finished with value: 0.5979595380881748 and parameters: {'k1': 0.02762635968182017, 'D_low': 34.52446298738931, 'k2': 0.03589185652646419, 'D_high': 69883.51820555814, 'fire_exp': 5.920367618353886, 'P_half': 32.849699092826256, 'pre_dampen_half': 7.052334633677313, 'gpp_af': 0.01527609806584545, 'gpp_b': 0.0002497574374545059, 'gpp_d': 4.046725704400079, 'ign_k': 6.216346174489968, 'ign_c': 26.82635470346106, 'trop_agb_crit': 6.157833863525995, 'trop_k_veg': 3.2639083012375565, 'pop_amp': 0.03041990387031971, 'pop_peak': 202.10473123361473, 'pop_sig': 1.8075051302173404, 'fuel_k': 0.49245848153579613, 'fuel_half': 0.40962005966989756}. Best is trial 1622 with value: -0.6125870653324885.
[I 2026-08-19 17:58:32,223] Trial 1990 finished with value: 0.41648102226001293 and parameters: {'k1': 0.0013375945756996372, 'D_low': 308.8120541558098, 'k2': 0.04367430448132241, 'D_high': 3883913.150009998, 'fire_exp': 2.1856936163082645, 'P_half': 141.7396229286413, 'pre_dampen_half': 55.24023724869457, 'gpp_af': 0.44683183910437635, 'gpp_b': 0.0009304370060519563, 'gpp_d': 82.71385193629597, 'ign_k': 2.9402998241533207, 'ign_c': 0.18833238712469766, 'trop_agb_crit': 4.442713903542844, 'trop_k_veg': 2.0602763335130523, 'pop_amp': 0.0028280302467430427, 'pop_peak': 48.20639131650429, 'pop_sig': 0.42111042695477496, 'fuel_k': 0.01643078032123355, 'fuel_half': 38.75987872004163}. Best is trial 1622 with value: -0.6125870653324885.
[I 2026-08-19 17:58:33,998] Trial 1991 finished with value: 0.5577783591816876 and parameters: {'k1': 2.082770546307142e-05, 'D_low': 3822.8153582209616, 'k2': 0.0005039653002155219, 'D_high': 64552.14905906268, 'fire_exp': 1.335154823009394, 'P_half': 1324.3135874817033, 'pre_dampen_half': 0.8662992882141806, 'gpp_af': 0.3989403430318565, 'gpp_b': 0.0011778924657702442, 'gpp_d': 30.084377113285903, 'ign_k': 1.613672916616615, 'ign_c': 0.5549458711358972, 'trop_agb_crit': 13.673165560903804, 'trop_k_veg': 6.729314665118483, 'pop_amp': 0.28810975546159157, 'pop_peak': 0.12345679347151138, 'pop_sig': 0.2687298348021155, 'fuel_k': 0.9086126273494359, 'fuel_half': 0.5834377195826772}. Best is trial 1622 with value: -0.6125870653324885.
[I 2026-08-19 17:58:35,859] Trial 1992 finished with value: 0.5996873044071154 and parameters: {'k1': 2.6193586612330524e-05, 'D_low': 4.226863205870041, 'k2': 0.000809970546096228, 'D_high': 65197.64324419707, 'fire_exp': 1.2227050608377277, 'P_half': 20.546727285997907, 'pre_dampen_half': 0.29978592015953587, 'gpp_af': 0.1680908875975268, 'gpp_b': 0.6521347340117392, 'gpp_d': 0.016897181152854695, 'ign_k': 0.0010532979679442874, 'ign_c': 118.57992622231195, 'trop_agb_crit': 19.46071406332791, 'trop_k_veg': 0.9300824773448809, 'pop_amp': 0.3840688776775785, 'pop_peak': 24.101662943332347, 'pop_sig': 1.1469534958025482, 'fuel_k': 1.172759772286314, 'fuel_half': 0.20784486653534756}. Best is trial 1622 with value: -0.6125870653324885.
[I 2026-08-19 17:58:37,754] Trial 1993 finished with value: 0.44055890559413957 and parameters: {'k1': 0.001374651226039443, 'D_low': 4.2778859032542735, 'k2': 0.0007010305153468962, 'D_high': 107945.33417753273, 'fire_exp': 1.6653417817039555, 'P_half': 181.85323294703386, 'pre_dampen_half': 18.479754840301087, 'gpp_af': 0.04979552950536642, 'gpp_b': 0.007678637457342117, 'gpp_d': 76.13514516951393, 'ign_k': 5.197313499216091, 'ign_c': 0.8544735845720083, 'trop_agb_crit': 5.103907066421073, 'trop_k_veg': 3.0545263728688496, 'pop_amp': 0.00814549073014575, 'pop_peak': 8.653733845675765, 'pop_sig': 0.5147002543845338, 'fuel_k': 0.06679908407770152, 'fuel_half': 98.98940793968315}. Best is trial 1622 with value: -0.6125870653324885.
  trial 1994/2500  best_overall=0.6126  (60.2 min)
[I 2026-08-19 17:58:40,096] Trial 1994 finished with value: -0.4686585941312038 and parameters: {'k1': 1.4991816727308386e-05, 'D_low': 1005.5234033514495, 'k2': 1.6634084511744476e-05, 'D_high': 2197754.31836717, 'fire_exp': 1.1769700342866123, 'P_half': 84.51320712847632, 'pre_dampen_half': 24.670119140215796, 'gpp_af': 0.04467367518973382, 'gpp_b': 0.15483118968499976, 'gpp_d': 148.12504471747542, 'ign_k': 0.036243487637565755, 'ign_c': 5.035099944895729, 'trop_agb_crit': 25.532520273692207, 'trop_k_veg': 3.1414457269038643, 'pop_amp': 0.5018102724967111, 'pop_peak': 6.276278724417191, 'pop_sig': 0.8047652040797839, 'fuel_k': 1.2594261712272803, 'fuel_half': 0.3165267787048611}. Best is trial 1622 with value: -0.6125870653324885.
[I 2026-08-19 17:58:41,944] Trial 1995 finished with value: 0.5225777862107266 and parameters: {'k1': 0.0010635492102057415, 'D_low': 3.5164185301152986, 'k2': 0.003274783430628755, 'D_high': 8392151.349690726, 'fire_exp': 7.728526954986442, 'P_half': 184.09421300647065, 'pre_dampen_half': 19.853586410664487, 'gpp_af': 0.0354963979537245, 'gpp_b': 2.124471070437027e-05, 'gpp_d': 8.369270295074575, 'ign_k': 1.3980584650802945, 'ign_c': 3.054976639091121, 'trop_agb_crit': 1.2673921604579412, 'trop_k_veg': 2.6877464209452557, 'pop_amp': 0.007829155304515537, 'pop_peak': 79.57110346913932, 'pop_sig': 0.8168900702676106, 'fuel_k': 0.5669116341298394, 'fuel_half': 0.18643832262413038}. Best is trial 1622 with value: -0.6125870653324885.
[I 2026-08-19 17:58:43,705] Trial 1996 finished with value: 0.5767014571822157 and parameters: {'k1': 0.0005837636558449021, 'D_low': 2349.8408969891348, 'k2': 0.0017730103420980333, 'D_high': 215458.17132294487, 'fire_exp': 1.2059536290302664, 'P_half': 287.5283262518939, 'pre_dampen_half': 0.012246777540177368, 'gpp_af': 0.059780335070184897, 'gpp_b': 0.09239069211332226, 'gpp_d': 265.3736780563737, 'ign_k': 2.6755353199219636, 'ign_c': 0.16737115551553922, 'trop_agb_crit': 11.129163512313497, 'trop_k_veg': 7.925982042464321, 'pop_amp': 0.09004778189676999, 'pop_peak': 0.1399216120050633, 'pop_sig': 0.4186909220684614, 'fuel_k': 1.725049643844669, 'fuel_half': 0.4552281384274595}. Best is trial 1622 with value: -0.6125870653324885.
[I 2026-08-19 17:58:45,534] Trial 1997 finished with value: 0.6492365896995642 and parameters: {'k1': 0.005953319261823643, 'D_low': 10.181053835519604, 'k2': 0.0015225468832143728, 'D_high': 1132049.2762122322, 'fire_exp': 2.234018158873111, 'P_half': 17.83427814551563, 'pre_dampen_half': 11.541355286704649, 'gpp_af': 0.0023803077679645196, 'gpp_b': 4.9268941199841795e-05, 'gpp_d': 335.39562601096105, 'ign_k': 4.851309025375138, 'ign_c': 31.857891594995362, 'trop_agb_crit': 12.46558096963882, 'trop_k_veg': 6.149716301973758, 'pop_amp': 0.0025948406368498903, 'pop_peak': 0.17842209624533215, 'pop_sig': 0.4799668228043982, 'fuel_k': 3.8260262033286647, 'fuel_half': 42.15850287825061}. Best is trial 1622 with value: -0.6125870653324885.
[I 2026-08-19 17:58:47,372] Trial 1998 finished with value: 0.5707237624028162 and parameters: {'k1': 0.0010487623090725457, 'D_low': 22931.879399401154, 'k2': 0.004471423869674637, 'D_high': 606456.145873199, 'fire_exp': 2.5572974129147754, 'P_half': 507.7978434301413, 'pre_dampen_half': 0.7104882106322046, 'gpp_af': 0.05023722662176834, 'gpp_b': 2.5710564186550732e-05, 'gpp_d': 0.7819369224301981, 'ign_k': 0.31754083907673075, 'ign_c': 0.12322136824793066, 'trop_agb_crit': 12.889332925778197, 'trop_k_veg': 2.772073979794304, 'pop_amp': 1.0666177854559502, 'pop_peak': 6.2033151349380695, 'pop_sig': 0.4507647000432728, 'fuel_k': 0.015555263116568113, 'fuel_half': 1.2909083312959913}. Best is trial 1622 with value: -0.6125870653324885.
[I 2026-08-19 17:58:49,136] Trial 1999 finished with value: -0.5678858338700636 and parameters: {'k1': 0.0010728193893149826, 'D_low': 1.5541423047404894, 'k2': 0.0022362972299923727, 'D_high': 4238378.706428229, 'fire_exp': 2.3258367463592955, 'P_half': 33.11497427568165, 'pre_dampen_half': 0.9923834798108727, 'gpp_af': 7.247688715101548, 'gpp_b': 0.014974529436071743, 'gpp_d': 15.71467968460408, 'ign_k': 3.0849750036971195, 'ign_c': 0.30857201346717955, 'trop_agb_crit': 15.004461492796153, 'trop_k_veg': 6.025591769453526, 'pop_amp': 0.24054955394102867, 'pop_peak': 0.20774915075243403, 'pop_sig': 0.6032028376828109, 'fuel_k': 1.1180447602157149, 'fuel_half': 0.14526640285345616}. Best is trial 1622 with value: -0.6125870653324885.
