[I 2026-08-14 14:11:47,813] Trial 388 finished with values: [-0.3554625854118624, 0.0] and parameters: {'k1': 1.7926680648388784e-05, 'D_low': 2.0349553327469425, 'k2': 2.5299503921303695e-05, 'D_high': 12.862664853393753, 'fire_exp': 1.2429193829348841, 'P_half': 894.5150807271528, 'pre_dampen_half': 0.022695682239207024, 'gpp_af': 0.951028874815854, 'gpp_b': 2.845739381375802, 'gpp_d': 1.14605265271501, 'ign_k': 1.8108143621079664, 'ign_c': 107.49405395173389, 'trop_agb_crit': 2.3118820898020997, 'trop_k_veg': 0.6898193780989617, 'fuel_k': 1.6630228777630973, 'fuel_half': 0.13249100882689224}.
[I 2026-08-14 14:11:49,848] Trial 389 finished with values: [-0.49797366860294734, 0.0764131758009442] and parameters: {'k1': 0.0024005553432620355, 'D_low': 1.7887890916820506, 'k2': 0.00010939944910100016, 'D_high': 160625.60954780428, 'fire_exp': 1.6214575867079866, 'P_half': 1938.3858782150498, 'pre_dampen_half': 51.70500756432223, 'gpp_af': 0.008983355849178878, 'gpp_b': 3.228689523591491e-05, 'gpp_d': 2.292633983096564, 'ign_k': 0.1137517159258866, 'ign_c': 3.0378658251922155, 'trop_agb_crit': 13.98132484257899, 'trop_k_veg': 3.715819581962784, 'fuel_k': 1.6630228777630973, 'fuel_half': 12.136386887218588}.
[I 2026-08-14 14:11:51,828] Trial 390 finished with values: [-0.40159653340068163, 2.2770119501025476e-07] and parameters: {'k1': 5.232779509048979e-05, 'D_low': 4.043300846639722, 'k2': 1.263794633808287e-05, 'D_high': 44.39648242927527, 'fire_exp': 6.188409493921614, 'P_half': 351.2704726270846, 'pre_dampen_half': 54.70750401264757, 'gpp_af': 0.34902252478382495, 'gpp_b': 0.040428727350273294, 'gpp_d': 857.4284557962634, 'ign_k': 0.03141110271934876, 'ign_c': 3.0378658251922155, 'trop_agb_crit': 21.825752290961518, 'trop_k_veg': 0.9008485225328876, 'fuel_k': 0.021123235354472927, 'fuel_half': 18.202647368248826}.
[I 2026-08-14 14:11:53,745] Trial 391 finished with values: [-0.4215607734376297, 0.0025342344887384627] and parameters: {'k1': 0.0029707920514735983, 'D_low': 4.043300846639722, 'k2': 1.854837679096716e-05, 'D_high': 316055.11434645514, 'fire_exp': 1.7973831035976209, 'P_half': 1938.3858782150498, 'pre_dampen_half': 0.1540694827802009, 'gpp_af': 6.940121430516967, 'gpp_b': 1.6569065206637924e-05, 'gpp_d': 34.70266988650411, 'ign_k': 0.03141110271934876, 'ign_c': 0.18316165443932733, 'trop_agb_crit': 16.86264052240002, 'trop_k_veg': 7.260694958828215, 'fuel_k': 0.28630931797361614, 'fuel_half': 2.100333410321807}.
[I 2026-08-14 14:11:55,625] Trial 392 finished with values: [-0.4167178149592285, 5.8812860179724424e-06] and parameters: {'k1': 0.0012329098365270509, 'D_low': 4.043300846639722, 'k2': 1.854837679096716e-05, 'D_high': 316055.11434645514, 'fire_exp': 1.182396148413737, 'P_half': 7683.876502998063, 'pre_dampen_half': 0.0195172246414495, 'gpp_af': 0.0025511964576171086, 'gpp_b': 3.228689523591491e-05, 'gpp_d': 2.292633983096564, 'ign_k': 0.04380580767905655, 'ign_c': 105.24574681335613, 'trop_agb_crit': 2.3118820898020997, 'trop_k_veg': 0.8258248924958269, 'fuel_k': 0.06382243375381637, 'fuel_half': 0.14319038307687884}.
[I 2026-08-14 14:11:57,788] Trial 393 finished with values: [-0.3554625854118624, 0.0] and parameters: {'k1': 1.0477226564098276e-05, 'D_low': 2.0349553327469425, 'k2': 0.08636422432723088, 'D_high': 38111.59226078823, 'fire_exp': 7.15130158264227, 'P_half': 4.961134450191397, 'pre_dampen_half': 0.10609580257119508, 'gpp_af': 0.0023751383317256927, 'gpp_b': 0.040428727350273294, 'gpp_d': 0.08139347272614299, 'ign_k': 0.0012087541473056963, 'ign_c': 0.4213183643253957, 'trop_agb_crit': 2.3118820898020997, 'trop_k_veg': 2.417028380770307, 'fuel_k': 0.02496045629458217, 'fuel_half': 12.136386887218588}.
[I 2026-08-14 14:12:00,295] Trial 394 finished with values: [-0.3554625854118624, 0.0] and parameters: {'k1': 0.0010204225357677778, 'D_low': 2.0349553327469425, 'k2': 1.854837679096716e-05, 'D_high': 392.2836933531829, 'fire_exp': 4.121043764940998, 'P_half': 3910.3637457741784, 'pre_dampen_half': 0.03411860497758073, 'gpp_af': 0.008983355849178878, 'gpp_b': 1.8375468962060828, 'gpp_d': 2.893272120738162, 'ign_k': 0.567034633562729, 'ign_c': 0.9748197009262509, 'trop_agb_crit': 13.98132484257899, 'trop_k_veg': 1.7570501127699654, 'fuel_k': 0.28630931797361614, 'fuel_half': 26.9364391631794}.
[I 2026-08-14 14:12:02,339] Trial 395 finished with values: [-0.35375451650379197, 0.0] and parameters: {'k1': 0.00014888230597983555, 'D_low': 367.4904945305323, 'k2': 1.263794633808287e-05, 'D_high': 44.39648242927527, 'fire_exp': 6.188409493921614, 'P_half': 351.2704726270846, 'pre_dampen_half': 54.70750401264757, 'gpp_af': 0.34902252478382495, 'gpp_b': 2.788681037423117, 'gpp_d': 225.8132942030758, 'ign_k': 1.8108143621079664, 'ign_c': 14.935213816355384, 'trop_agb_crit': 21.825752290961518, 'trop_k_veg': 0.9008485225328876, 'fuel_k': 0.021123235354472927, 'fuel_half': 3.7093134348291836}.
[I 2026-08-14 14:12:04,247] Trial 396 finished with values: [-0.40650381582438494, 2.086260721956279e-06] and parameters: {'k1': 6.069662445477729e-05, 'D_low': 126.11058927054879, 'k2': 1.263794633808287e-05, 'D_high': 44.39648242927527, 'fire_exp': 1.2429193829348841, 'P_half': 60.42560675552672, 'pre_dampen_half': 0.043181981126981975, 'gpp_af': 0.0023751383317256927, 'gpp_b': 0.4168322557207811, 'gpp_d': 700.6693992445935, 'ign_k': 0.31014294272127446, 'ign_c': 0.21947742689197342, 'trop_agb_crit': 2.1775224101934065, 'trop_k_veg': 0.6189606672462583, 'fuel_k': 0.06382243375381637, 'fuel_half': 8.17127270071559}.
[I 2026-08-14 14:12:06,087] Trial 397 finished with values: [-0.39819566206746265, 6.268681129739662e-08] and parameters: {'k1': 1.0477226564098276e-05, 'D_low': 2148.727319612887, 'k2': 1.3243445838637965e-05, 'D_high': 38111.59226078823, 'fire_exp': 2.1589564941849333, 'P_half': 1.7036120617148391, 'pre_dampen_half': 0.043181981126981975, 'gpp_af': 0.0023751383317256927, 'gpp_b': 0.040428727350273294, 'gpp_d': 700.6693992445935, 'ign_k': 0.0012087541473056963, 'ign_c': 11.462237838612067, 'trop_agb_crit': 16.967533607196547, 'trop_k_veg': 2.417028380770307, 'fuel_k': 0.02496045629458217, 'fuel_half': 57.882001937752435}.
[I 2026-08-14 14:12:08,038] Trial 398 finished with values: [-0.41528748508485275, 0.0013000375397318464] and parameters: {'k1': 0.0010204225357677778, 'D_low': 143.02113373766244, 'k2': 0.00010939944910100016, 'D_high': 160625.60954780428, 'fire_exp': 1.182396148413737, 'P_half': 1938.3858782150498, 'pre_dampen_half': 0.10609580257119508, 'gpp_af': 0.008983355849178878, 'gpp_b': 0.03611645441147496, 'gpp_d': 2.292633983096564, 'ign_k': 0.18170401889219123, 'ign_c': 3.0378658251922155, 'trop_agb_crit': 13.98132484257899, 'trop_k_veg': 3.715819581962784, 'fuel_k': 5.486054129200969, 'fuel_half': 2.100333410321807}.
[I 2026-08-14 14:12:09,961] Trial 399 finished with values: [-0.4167674727685581, 9.057264449296998e-05] and parameters: {'k1': 2.6285770615112825e-05, 'D_low': 28.331534346441074, 'k2': 4.509158385973329e-05, 'D_high': 39079.671568228776, 'fire_exp': 1.7973831035976209, 'P_half': 1535.1441568398143, 'pre_dampen_half': 0.043181981126981975, 'gpp_af': 6.940121430516967, 'gpp_b': 0.040428727350273294, 'gpp_d': 34.70266988650411, 'ign_k': 0.04380580767905655, 'ign_c': 0.21947742689197342, 'trop_agb_crit': 16.86264052240002, 'trop_k_veg': 0.6921865222804094, 'fuel_k': 0.02496045629458217, 'fuel_half': 3.7093134348291836}.
[I 2026-08-14 14:12:11,939] Trial 400 finished with values: [-0.409818566148371, 2.5158335738351134e-05] and parameters: {'k1': 0.000132965214572995, 'D_low': 105.0448464633852, 'k2': 0.08636422432723088, 'D_high': 160625.60954780428, 'fire_exp': 2.1589564941849333, 'P_half': 1938.3858782150498, 'pre_dampen_half': 0.0195172246414495, 'gpp_af': 0.0025511964576171086, 'gpp_b': 3.228689523591491e-05, 'gpp_d': 0.08139347272614299, 'ign_k': 0.0012087541473056963, 'ign_c': 0.7464754881442118, 'trop_agb_crit': 1.8730954962803803, 'trop_k_veg': 2.417028380770307, 'fuel_k': 0.02496045629458217, 'fuel_half': 15.581254655530845}.
[I 2026-08-14 14:12:14,002] Trial 401 finished with values: [-0.35771623385769336, 0.00027170002430032536] and parameters: {'k1': 0.0003667128654092894, 'D_low': 1.7887890916820506, 'k2': 0.0009670857606743155, 'D_high': 316055.11434645514, 'fire_exp': 1.7973831035976209, 'P_half': 894.5150807271528, 'pre_dampen_half': 0.10609580257119508, 'gpp_af': 70.3172069106713, 'gpp_b': 1.6569065206637924e-05, 'gpp_d': 0.012284844784580964, 'ign_k': 0.01077788960207927, 'ign_c': 107.49405395173389, 'trop_agb_crit': 13.98132484257899, 'trop_k_veg': 0.6898193780989617, 'fuel_k': 0.02214708063365415, 'fuel_half': 2.100333410321807}.
[I 2026-08-14 14:12:15,984] Trial 402 finished with values: [-0.4206900234792369, 0.007599050021306786] and parameters: {'k1': 0.0024005553432620355, 'D_low': 2.0349553327469425, 'k2': 0.0009670857606743155, 'D_high': 38111.59226078823, 'fire_exp': 2.1589564941849333, 'P_half': 3910.3637457741784, 'pre_dampen_half': 19.21689966904807, 'gpp_af': 0.0023751383317256927, 'gpp_b': 1.6569065206637924e-05, 'gpp_d': 0.012284844784580964, 'ign_k': 0.567034633562729, 'ign_c': 0.18316165443932733, 'trop_agb_crit': 13.98132484257899, 'trop_k_veg': 4.844706510617515, 'fuel_k': 1.6630228777630973, 'fuel_half': 2.100333410321807}.
[I 2026-08-14 14:12:17,931] Trial 403 finished with values: [-0.4201834445920517, 0.0027905528658523915] and parameters: {'k1': 0.0010204225357677778, 'D_low': 89.35942907009701, 'k2': 0.012413450098922581, 'D_high': 160625.60954780428, 'fire_exp': 1.182396148413737, 'P_half': 3910.3637457741784, 'pre_dampen_half': 0.10609580257119508, 'gpp_af': 0.008983355849178878, 'gpp_b': 3.228689523591491e-05, 'gpp_d': 2.292633983096564, 'ign_k': 0.003338063875587391, 'ign_c': 0.18316165443932733, 'trop_agb_crit': 15.870971677383487, 'trop_k_veg': 1.7570501127699654, 'fuel_k': 0.28630931797361614, 'fuel_half': 18.202647368248826}.
[I 2026-08-14 14:12:19,859] Trial 404 finished with values: [-0.5474370366423392, 0.071813048566444] and parameters: {'k1': 0.07573282902008706, 'D_low': 126.11058927054879, 'k2': 2.5299503921303695e-05, 'D_high': 625838.668783032, 'fire_exp': 1.2429193829348841, 'P_half': 65.33684593224972, 'pre_dampen_half': 0.15144408538724474, 'gpp_af': 0.0023751383317256927, 'gpp_b': 2.325239859823921e-05, 'gpp_d': 1.105785410092522, 'ign_k': 0.31014294272127446, 'ign_c': 0.4213183643253957, 'trop_agb_crit': 1.8730954962803803, 'trop_k_veg': 4.844706510617515, 'fuel_k': 1.6630228777630973, 'fuel_half': 2.841639333505349}.
[I 2026-08-14 14:12:21,944] Trial 405 finished with values: [-0.45944566925625274, 0.00895448700543311] and parameters: {'k1': 0.05554169083020911, 'D_low': 4.043300846639722, 'k2': 1.854837679096716e-05, 'D_high': 316055.11434645514, 'fire_exp': 1.6214575867079866, 'P_half': 351.2704726270846, 'pre_dampen_half': 0.03411860497758073, 'gpp_af': 0.008983355849178878, 'gpp_b': 3.228689523591491e-05, 'gpp_d': 3.0023172465753074, 'ign_k': 0.567034633562729, 'ign_c': 0.19678273362633986, 'trop_agb_crit': 1.7813653882411722, 'trop_k_veg': 3.715819581962784, 'fuel_k': 1.772261104101594, 'fuel_half': 2.100333410321807}.
[I 2026-08-14 14:12:23,813] Trial 406 finished with values: [-0.4113981835314976, 3.99746026502612e-06] and parameters: {'k1': 1.7926680648388784e-05, 'D_low': 70586.60227368641, 'k2': 1.263794633808287e-05, 'D_high': 44.39648242927527, 'fire_exp': 1.7973831035976209, 'P_half': 119.9763911113096, 'pre_dampen_half': 0.0195172246414495, 'gpp_af': 0.34902252478382495, 'gpp_b': 0.006752383987148558, 'gpp_d': 1.14605265271501, 'ign_k': 0.018707420137660268, 'ign_c': 107.49405395173389, 'trop_agb_crit': 16.967533607196547, 'trop_k_veg': 0.6898193780989617, 'fuel_k': 0.02214708063365415, 'fuel_half': 0.13249100882689224}.
[I 2026-08-14 14:12:26,125] Trial 407 finished with values: [-0.3554625854118624, 0.0] and parameters: {'k1': 0.0012329098365270509, 'D_low': 367.4904945305323, 'k2': 1.3243445838637965e-05, 'D_high': 44.39648242927527, 'fire_exp': 1.075051292556307, 'P_half': 4.961134450191397, 'pre_dampen_half': 0.37306104754535907, 'gpp_af': 0.34902252478382495, 'gpp_b': 0.4168322557207811, 'gpp_d': 0.17638479543546878, 'ign_k': 0.31014294272127446, 'ign_c': 105.24574681335613, 'trop_agb_crit': 2.1775224101934065, 'trop_k_veg': 2.1816482703680733, 'fuel_k': 0.06382243375381637, 'fuel_half': 8.17127270071559}.
[I 2026-08-14 14:12:28,401] Trial 408 finished with values: [-0.38292770615582794, 1.4848988705296051e-09] and parameters: {'k1': 1.0477226564098276e-05, 'D_low': 105.0448464633852, 'k2': 0.0009670857606743155, 'D_high': 38111.59226078823, 'fire_exp': 2.26267489175816, 'P_half': 343.5759946100352, 'pre_dampen_half': 0.0195172246414495, 'gpp_af': 0.03934396739328546, 'gpp_b': 1.1728753685919104, 'gpp_d': 0.08139347272614299, 'ign_k': 0.0012087541473056963, 'ign_c': 0.7464754881442118, 'trop_agb_crit': 3.8524922362032497, 'trop_k_veg': 2.417028380770307, 'fuel_k': 0.5588539902953054, 'fuel_half': 12.136386887218588}.
[I 2026-08-14 14:12:31,919] Trial 409 finished with values: [-0.3554625854118624, 0.0] and parameters: {'k1': 0.0024005553432620355, 'D_low': 3735.16768760467, 'k2': 0.0010495653625093638, 'D_high': 316055.11434645514, 'fire_exp': 1.4439251473259103, 'P_half': 27.59069025439785, 'pre_dampen_half': 0.10609580257119508, 'gpp_af': 0.4085228003668622, 'gpp_b': 2.788681037423117, 'gpp_d': 8.144272585223819, 'ign_k': 0.567034633562729, 'ign_c': 105.24574681335613, 'trop_agb_crit': 2.1775224101934065, 'trop_k_veg': 2.8224577471047865, 'fuel_k': 0.3176626387065175, 'fuel_half': 57.882001937752435}.
[I 2026-08-14 14:12:34,268] Trial 410 finished with values: [-0.41781417843248014, 0.0004825369484723341] and parameters: {'k1': 0.004312951023617458, 'D_low': 9.497440085397416, 'k2': 0.00019472216066157317, 'D_high': 71534.52030884045, 'fire_exp': 1.6214575867079866, 'P_half': 1938.3858782150498, 'pre_dampen_half': 0.043181981126981975, 'gpp_af': 0.008983355849178878, 'gpp_b': 3.228689523591491e-05, 'gpp_d': 16.460426816350523, 'ign_k': 0.0680787482656459, 'ign_c': 15.221840161091626, 'trop_agb_crit': 16.86264052240002, 'trop_k_veg': 1.4584243470991722, 'fuel_k': 5.486054129200969, 'fuel_half': 15.581254655530845}.
[I 2026-08-14 14:12:36,183] Trial 411 finished with values: [-0.4140143582614632, 0.00044310347026588204] and parameters: {'k1': 0.0006075902911081375, 'D_low': 126.11058927054879, 'k2': 1.854837679096716e-05, 'D_high': 12.862664853393753, 'fire_exp': 1.2429193829348841, 'P_half': 4.961134450191397, 'pre_dampen_half': 0.043181981126981975, 'gpp_af': 0.34902252478382495, 'gpp_b': 0.4168322557207811, 'gpp_d': 0.4841900740994021, 'ign_k': 0.04380580767905655, 'ign_c': 0.18316165443932733, 'trop_agb_crit': 2.1775224101934065, 'trop_k_veg': 1.7570501127699654, 'fuel_k': 1.6630228777630973, 'fuel_half': 8.17127270071559}.
[I 2026-08-14 14:12:38,214] Trial 412 finished with values: [-0.3698015274897902, 1.823300778691639e-05] and parameters: {'k1': 1.0477226564098276e-05, 'D_low': 2.0349553327469425, 'k2': 0.020679187143488792, 'D_high': 12.862664853393753, 'fire_exp': 1.2429193829348841, 'P_half': 539.5442811888478, 'pre_dampen_half': 0.022695682239207024, 'gpp_af': 0.03934396739328546, 'gpp_b': 0.23395511097933275, 'gpp_d': 3.0023172465753074, 'ign_k': 1.8108143621079664, 'ign_c': 1.3409701145872435, 'trop_agb_crit': 1.4946647023314867, 'trop_k_veg': 3.4508425771776365, 'fuel_k': 1.6630228777630973, 'fuel_half': 12.136386887218588}.
[I 2026-08-14 14:12:40,188] Trial 413 finished with values: [-0.4033111836443828, 1.8368583933892069e-06] and parameters: {'k1': 0.0012329098365270509, 'D_low': 3735.16768760467, 'k2': 1.263794633808287e-05, 'D_high': 3848.7982105145707, 'fire_exp': 1.075051292556307, 'P_half': 351.2704726270846, 'pre_dampen_half': 0.10609580257119508, 'gpp_af': 0.017521503225602402, 'gpp_b': 2.788681037423117, 'gpp_d': 2.292633983096564, 'ign_k': 0.04380580767905655, 'ign_c': 29.415751391396558, 'trop_agb_crit': 2.1775224101934065, 'trop_k_veg': 3.5482529660381696, 'fuel_k': 0.28630931797361614, 'fuel_half': 57.882001937752435}.
[I 2026-08-14 14:12:42,429] Trial 414 finished with values: [-0.4070454351892522, 1.9077621834506786e-06] and parameters: {'k1': 6.069662445477729e-05, 'D_low': 2.0349553327469425, 'k2': 2.5299503921303695e-05, 'D_high': 12.862664853393753, 'fire_exp': 1.7973831035976209, 'P_half': 4.961134450191397, 'pre_dampen_half': 0.03426913908389044, 'gpp_af': 0.16983565276584273, 'gpp_b': 1.1728753685919104, 'gpp_d': 3.0023172465753074, 'ign_k': 0.03141110271934876, 'ign_c': 3.0378658251922155, 'trop_agb_crit': 15.53776736258787, 'trop_k_veg': 4.844706510617515, 'fuel_k': 0.029111707920759254, 'fuel_half': 35.2847426865637}.
[I 2026-08-14 14:12:44,315] Trial 415 finished with values: [-0.3830126119074029, 4.2139025602239144e-10] and parameters: {'k1': 1.0477226564098276e-05, 'D_low': 9.222492453004657, 'k2': 1.263794633808287e-05, 'D_high': 16.752866684650684, 'fire_exp': 1.075051292556307, 'P_half': 1535.1441568398143, 'pre_dampen_half': 0.10609580257119508, 'gpp_af': 0.0023751383317256927, 'gpp_b': 2.788681037423117, 'gpp_d': 0.06888046676681166, 'ign_k': 0.04380580767905655, 'ign_c': 105.24574681335613, 'trop_agb_crit': 2.1775224101934065, 'trop_k_veg': 0.6921865222804094, 'fuel_k': 1.6630228777630973, 'fuel_half': 12.136386887218588}.
[I 2026-08-14 14:12:46,501] Trial 416 finished with values: [-0.42521808561534247, 0.005940807546684801] and parameters: {'k1': 1.8595266457134027e-05, 'D_low': 4.043300846639722, 'k2': 0.00019472216066157317, 'D_high': 160625.60954780428, 'fire_exp': 1.2429193829348841, 'P_half': 16.051347487097576, 'pre_dampen_half': 0.03426913908389044, 'gpp_af': 0.0023751383317256927, 'gpp_b': 0.00024732964314480056, 'gpp_d': 5.1227685768715014, 'ign_k': 0.03141110271934876, 'ign_c': 3.0378658251922155, 'trop_agb_crit': 21.825752290961518, 'trop_k_veg': 3.1061628445647007, 'fuel_k': 0.021123235354472927, 'fuel_half': 4.681702225035901}.
[I 2026-08-14 14:12:48,723] Trial 417 finished with values: [-0.40769512757580995, 5.439007680996255e-05] and parameters: {'k1': 0.0024005553432620355, 'D_low': 2.0349553327469425, 'k2': 0.0004673518999562748, 'D_high': 38111.59226078823, 'fire_exp': 2.1589564941849333, 'P_half': 1212.4080603355412, 'pre_dampen_half': 0.03411860497758073, 'gpp_af': 0.326288637536534, 'gpp_b': 0.23395511097933275, 'gpp_d': 3.0023172465753074, 'ign_k': 0.567034633562729, 'ign_c': 0.7464754881442118, 'trop_agb_crit': 2.3118820898020997, 'trop_k_veg': 2.417028380770307, 'fuel_k': 0.24067532026281035, 'fuel_half': 65.99277195883643}.
[I 2026-08-14 14:12:50,964] Trial 418 finished with values: [-0.35639432564137197, 2.7490696385967794e-09] and parameters: {'k1': 6.069662445477729e-05, 'D_low': 14787.382840410779, 'k2': 0.0009670857606743155, 'D_high': 1826.6972566585878, 'fire_exp': 1.2429193829348841, 'P_half': 351.2704726270846, 'pre_dampen_half': 0.0195172246414495, 'gpp_af': 0.34902252478382495, 'gpp_b': 1.1728753685919104, 'gpp_d': 0.015253065480601964, 'ign_k': 1.8108143621079664, 'ign_c': 14.935213816355384, 'trop_agb_crit': 3.8524922362032497, 'trop_k_veg': 2.8056728593013704, 'fuel_k': 0.021123235354472927, 'fuel_half': 65.99277195883643}.
[I 2026-08-14 14:12:53,303] Trial 419 finished with values: [-0.40216584028732905, 0.002188499689936174] and parameters: {'k1': 0.008822833027501576, 'D_low': 13702.184620615577, 'k2': 0.00019472216066157317, 'D_high': 160625.60954780428, 'fire_exp': 1.7973831035976209, 'P_half': 539.5442811888478, 'pre_dampen_half': 0.022695682239207024, 'gpp_af': 0.16983565276584273, 'gpp_b': 0.00012906175696809457, 'gpp_d': 3.0023172465753074, 'ign_k': 0.03141110271934876, 'ign_c': 1.3409701145872435, 'trop_agb_crit': 1.4946647023314867, 'trop_k_veg': 7.260694958828215, 'fuel_k': 5.486054129200969, 'fuel_half': 42.89592532297351}.
[I 2026-08-14 14:12:55,284] Trial 420 finished with values: [-0.39151507710751965, 1.9355036535717574e-06] and parameters: {'k1': 0.00014888230597983555, 'D_low': 93.75345303884801, 'k2': 1.854837679096716e-05, 'D_high': 316055.11434645514, 'fire_exp': 6.188409493921614, 'P_half': 1440.3650379563878, 'pre_dampen_half': 0.0195172246414495, 'gpp_af': 0.008983355849178878, 'gpp_b': 1.6569065206637924e-05, 'gpp_d': 20.84599542460349, 'ign_k': 0.18170401889219123, 'ign_c': 0.18316165443932733, 'trop_agb_crit': 5.024436417110404, 'trop_k_veg': 1.7570501127699654, 'fuel_k': 0.28630931797361614, 'fuel_half': 2.100333410321807}.
[I 2026-08-14 14:12:57,463] Trial 421 finished with values: [-0.3554625854118624, 0.0] and parameters: {'k1': 0.0024005553432620355, 'D_low': 105.0448464633852, 'k2': 0.08636422432723088, 'D_high': 316055.11434645514, 'fire_exp': 6.985064954051974, 'P_half': 1440.3650379563878, 'pre_dampen_half': 0.10609580257119508, 'gpp_af': 0.0023751383317256927, 'gpp_b': 0.040428727350273294, 'gpp_d': 12.151631524283598, 'ign_k': 0.567034633562729, 'ign_c': 0.18316165443932733, 'trop_agb_crit': 13.98132484257899, 'trop_k_veg': 2.4516474838484386, 'fuel_k': 0.3176626387065175, 'fuel_half': 12.136386887218588}.
[I 2026-08-14 14:12:59,454] Trial 422 finished with values: [-0.3871657543170908, 6.032903288044622e-08] and parameters: {'k1': 0.0131638092522722, 'D_low': 4.043300846639722, 'k2': 1.4363112408604443e-05, 'D_high': 160625.60954780428, 'fire_exp': 6.392491407653604, 'P_half': 1938.3858782150498, 'pre_dampen_half': 0.0195172246414495, 'gpp_af': 0.8533931648032835, 'gpp_b': 0.010847560307977218, 'gpp_d': 11.40961991569626, 'ign_k': 0.026539376439360548, 'ign_c': 0.3296550135838091, 'trop_agb_crit': 15.53776736258787, 'trop_k_veg': 3.1061628445647007, 'fuel_k': 5.486054129200969, 'fuel_half': 5.702471103033378}.
