[I 2026-07-25 00:33:50,532] Trial 577 finished with value: -0.629883323094065 and parameters: {'k1': 0.0059644086310033815, 'D_low': 275.45612568274333, 'k2': 0.007463412654670702, 'D_high': 1615342.7916400628, 'fire_exp': 1.6575876203865554, 'P_half': 273.1358743651122, 'pre_dampen_half': 3.6832371828237687, 'gpp_af': 0.0014936441381601905, 'gpp_b': 2.0293183341514192e-05, 'gpp_d': 644.3154566569406, 'ign_k': 0.0015305385214129683, 'ign_c': 20.037483311112325, 'trop_agb_crit': 27.0672912934856, 'trop_k_veg': 1.4666288835992174, 'gdp_gamma': 0.8775438546417241, 'cure_k': 0.003216413283533156, 'cure_p_min': 112.93905938042765, 'cure_gpp_ref': 0.24726266548246986, 'cure_agb_crit': 7.515175301309612, 'fuel_k': 0.012312350565369563, 'fuel_half': 7.729935649323801}. Best is trial 577 with value: -0.629883323094065.
[I 2026-07-25 00:33:50,983] Trial 578 finished with value: 0.5930285557578892 and parameters: {'k1': 0.00015607639118960526, 'D_low': 12.978476453866064, 'k2': 0.00023196739385038042, 'D_high': 3793442.783152101, 'fire_exp': 1.22274683195048, 'P_half': 89.44880202897794, 'pre_dampen_half': 0.0186908438299404, 'gpp_af': 25.53145483725117, 'gpp_b': 9.501490285453242e-05, 'gpp_d': 515.1145149493361, 'ign_k': 0.1626910514700587, 'ign_c': 76.92086968599746, 'trop_agb_crit': 17.966232266329467, 'trop_k_veg': 4.231469866479701, 'gdp_gamma': 0.037091842773147546, 'cure_k': 0.0021983614072465713, 'cure_p_min': 271.70821340199956, 'cure_gpp_ref': 0.4961374267247522, 'cure_agb_crit': 7.580358757272002, 'fuel_k': 0.012793500553900687, 'fuel_half': 0.14795966185695433}. Best is trial 577 with value: -0.629883323094065.
[I 2026-07-25 00:33:51,450] Trial 579 finished with value: 0.5954593784351058 and parameters: {'k1': 0.0011614210762138076, 'D_low': 159634.99688869857, 'k2': 1.013504819531534e-05, 'D_high': 44591.391331224346, 'fire_exp': 1.83030995401417, 'P_half': 221.89496747915175, 'pre_dampen_half': 0.32258517752727417, 'gpp_af': 2.3122177946926055, 'gpp_b': 0.0009486148554195209, 'gpp_d': 96.47320708271096, 'ign_k': 0.07883458813398811, 'ign_c': 1.3090677193648443, 'trop_agb_crit': 16.6000087882013, 'trop_k_veg': 1.9572043360038738, 'gdp_gamma': 1.3207115166761796, 'cure_k': 0.0017084092080215645, 'cure_p_min': 294.7291536091886, 'cure_gpp_ref': 1.8212240155613808, 'cure_agb_crit': 3.372146089564908, 'fuel_k': 0.465957471032859, 'fuel_half': 0.6563627242073738}. Best is trial 577 with value: -0.629883323094065.
[I 2026-07-25 00:33:51,942] Trial 580 finished with value: 0.5926167299632089 and parameters: {'k1': 1.0275673575966988e-05, 'D_low': 3041.0869373928817, 'k2': 0.0002577763200097015, 'D_high': 2844777.3903673245, 'fire_exp': 4.1605001732402, 'P_half': 25.233640966656033, 'pre_dampen_half': 49.80190948398828, 'gpp_af': 31.874917665815225, 'gpp_b': 1.6704085618471075e-05, 'gpp_d': 64.64646246182598, 'ign_k': 0.01324242726045727, 'ign_c': 13.559740755777336, 'trop_agb_crit': 14.727472198172546, 'trop_k_veg': 1.688114617022703, 'gdp_gamma': 0.15060859488146208, 'cure_k': 0.0014350621950572624, 'cure_p_min': 223.1571972463523, 'cure_gpp_ref': 0.5608796938854387, 'cure_agb_crit': 2.2527337552799147, 'fuel_k': 0.2936008321789307, 'fuel_half': 0.1318365716050774}. Best is trial 577 with value: -0.629883323094065.
[I 2026-07-25 00:33:52,395] Trial 581 finished with value: 0.4578113098746075 and parameters: {'k1': 0.0069605552011179125, 'D_low': 282.6773039523434, 'k2': 0.01015427045435804, 'D_high': 148666.8873091599, 'fire_exp': 1.8386984676956282, 'P_half': 126.66896114911246, 'pre_dampen_half': 0.5782462880421534, 'gpp_af': 0.006616051144227333, 'gpp_b': 0.0001390136043765779, 'gpp_d': 966.5501298385448, 'ign_k': 0.0011105004907940852, 'ign_c': 88.13364666830324, 'trop_agb_crit': 20.06997674004959, 'trop_k_veg': 0.9694796113145934, 'gdp_gamma': 0.9080688613580905, 'cure_k': 0.0015283175243372485, 'cure_p_min': 81.05681284814875, 'cure_gpp_ref': 0.20541946512565246, 'cure_agb_crit': 6.341730743543405, 'fuel_k': 0.014824296960564434, 'fuel_half': 2.483692574273839}. Best is trial 577 with value: -0.629883323094065.
[I 2026-07-25 00:33:52,850] Trial 582 finished with value: 0.5955115837024392 and parameters: {'k1': 0.0013248322144650223, 'D_low': 1232.6388682926724, 'k2': 7.295389960640551e-05, 'D_high': 4955.056639588231, 'fire_exp': 1.160793593276312, 'P_half': 6334.825127536927, 'pre_dampen_half': 0.020406783036657668, 'gpp_af': 0.083449185177887, 'gpp_b': 1.888567465211587, 'gpp_d': 23.299537564179023, 'ign_k': 0.013982776062553463, 'ign_c': 0.2518337121779901, 'trop_agb_crit': 23.39528418694962, 'trop_k_veg': 1.2834431988352764, 'gdp_gamma': 1.6008772392084176, 'cure_k': 0.002040208461181054, 'cure_p_min': 293.0761819782009, 'cure_gpp_ref': 1.5778227136347411, 'cure_agb_crit': 2.833900868772178, 'fuel_k': 0.2607732071899158, 'fuel_half': 2.980626130451497}. Best is trial 577 with value: -0.629883323094065.
[I 2026-07-25 00:33:53,300] Trial 583 finished with value: 0.586012769839038 and parameters: {'k1': 0.004868229324264313, 'D_low': 5636.815876836268, 'k2': 0.0005777527628974567, 'D_high': 52944.111201615975, 'fire_exp': 1.646394548754568, 'P_half': 173.47440325307429, 'pre_dampen_half': 0.7146224268912056, 'gpp_af': 0.06598159367548416, 'gpp_b': 0.06997947442955083, 'gpp_d': 4.077595363640279, 'ign_k': 0.017710384130454906, 'ign_c': 4.7914318351741345, 'trop_agb_crit': 15.531314344866354, 'trop_k_veg': 1.2788487644299338, 'gdp_gamma': 0.3964137615326851, 'cure_k': 0.0016410674834831606, 'cure_p_min': 391.2347099011343, 'cure_gpp_ref': 0.8205839806126911, 'cure_agb_crit': 2.563452819133221, 'fuel_k': 0.015969094406251584, 'fuel_half': 0.5818769542532981}. Best is trial 577 with value: -0.629883323094065.
[I 2026-07-25 00:33:53,803] Trial 584 finished with value: -0.5932636729717742 and parameters: {'k1': 0.003255443362885049, 'D_low': 1694.8362306757328, 'k2': 0.007098577037386817, 'D_high': 892115.29480595, 'fire_exp': 1.0676469415053957, 'P_half': 11.400456031644861, 'pre_dampen_half': 0.21192834377147407, 'gpp_af': 1.2335152924285875, 'gpp_b': 0.0011063940663284405, 'gpp_d': 85.6587296743518, 'ign_k': 0.10495541568387279, 'ign_c': 4.195786920294297, 'trop_agb_crit': 6.038813740264904, 'trop_k_veg': 2.1995488648629635, 'gdp_gamma': 0.1829366702346713, 'cure_k': 0.005269755970019673, 'cure_p_min': 361.11677921603956, 'cure_gpp_ref': 1.0768068331888176, 'cure_agb_crit': 3.425187665660364, 'fuel_k': 0.3286877270642078, 'fuel_half': 2.0002369834872065}. Best is trial 577 with value: -0.629883323094065.
[I 2026-07-25 00:33:54,255] Trial 585 finished with value: 0.40879402949363175 and parameters: {'k1': 0.00821958268983586, 'D_low': 1324.6751372100152, 'k2': 0.014256168099151473, 'D_high': 9878179.02881254, 'fire_exp': 1.2900684599788723, 'P_half': 24.341071678611996, 'pre_dampen_half': 5.819128315244084, 'gpp_af': 0.40110184356572554, 'gpp_b': 0.0010492857099141293, 'gpp_d': 198.31789477098, 'ign_k': 0.025885529139459303, 'ign_c': 3.119297187475645, 'trop_agb_crit': 5.500053686494808, 'trop_k_veg': 2.5127579688526067, 'gdp_gamma': 0.03691183557272301, 'cure_k': 0.009053144644277722, 'cure_p_min': 349.20240753557187, 'cure_gpp_ref': 0.44591648486525826, 'cure_agb_crit': 3.275189850298918, 'fuel_k': 0.6035307247071922, 'fuel_half': 0.6300297642914945}. Best is trial 577 with value: -0.629883323094065.
[I 2026-07-25 00:33:54,706] Trial 586 finished with value: 0.3826755001825429 and parameters: {'k1': 0.0006384876942332532, 'D_low': 605.0231118135029, 'k2': 0.0006758863906457214, 'D_high': 3881045.048942386, 'fire_exp': 1.2499939455237739, 'P_half': 566.7847907908302, 'pre_dampen_half': 10.386807873262436, 'gpp_af': 0.008911237510951433, 'gpp_b': 2.0558350349148054e-05, 'gpp_d': 552.5071421020997, 'ign_k': 0.0019002006903417119, 'ign_c': 9.168869862112986, 'trop_agb_crit': 24.29222605744327, 'trop_k_veg': 7.150841367027094, 'gdp_gamma': 0.6337261047798702, 'cure_k': 0.0020744763761728247, 'cure_p_min': 113.81476081139132, 'cure_gpp_ref': 0.15909955523119662, 'cure_agb_crit': 7.256990416070248, 'fuel_k': 0.011452364599757642, 'fuel_half': 2.83951095030874}. Best is trial 577 with value: -0.629883323094065.
[I 2026-07-25 00:33:55,160] Trial 587 finished with value: -0.5760678769953345 and parameters: {'k1': 0.0005442135467332773, 'D_low': 2135.93924984826, 'k2': 0.007127742624493498, 'D_high': 279700.5323957684, 'fire_exp': 1.4453722931620037, 'P_half': 35.68761969223996, 'pre_dampen_half': 0.07093142581136866, 'gpp_af': 4.036675376524148, 'gpp_b': 0.0018506734909070554, 'gpp_d': 8.624253464150716, 'ign_k': 0.47606999366840513, 'ign_c': 2.1246211696414865, 'trop_agb_crit': 6.28630524343222, 'trop_k_veg': 2.299012325212767, 'gdp_gamma': 0.512784960577885, 'cure_k': 0.0017508180187789538, 'cure_p_min': 285.27968015550505, 'cure_gpp_ref': 0.7989247430993628, 'cure_agb_crit': 6.23734446417392, 'fuel_k': 0.662121564347882, 'fuel_half': 0.36284139045970076}. Best is trial 577 with value: -0.629883323094065.
[I 2026-07-25 00:33:55,612] Trial 588 finished with value: -0.5925506827022458 and parameters: {'k1': 0.0016308674533681736, 'D_low': 3625.813304874906, 'k2': 0.010135329554336098, 'D_high': 77632.75404361839, 'fire_exp': 1.0260443168024937, 'P_half': 20.7015557721405, 'pre_dampen_half': 0.5496496293263048, 'gpp_af': 1.6176318847539595, 'gpp_b': 0.009736755606953584, 'gpp_d': 11.923553476302654, 'ign_k': 0.003932231360124827, 'ign_c': 0.5996118131916134, 'trop_agb_crit': 3.7456501600623966, 'trop_k_veg': 3.8091699915692123, 'gdp_gamma': 0.45429048661611404, 'cure_k': 0.05389884002230523, 'cure_p_min': 326.66124918613116, 'cure_gpp_ref': 0.7110372371584205, 'cure_agb_crit': 3.889010782883369, 'fuel_k': 0.5060220103575754, 'fuel_half': 10.552269977656893}. Best is trial 577 with value: -0.629883323094065.
[I 2026-07-25 00:33:56,065] Trial 589 finished with value: 0.5209409553067709 and parameters: {'k1': 0.008248692128399336, 'D_low': 79.68321024705486, 'k2': 0.010890498976699308, 'D_high': 1516171.7239316534, 'fire_exp': 2.0094052717448374, 'P_half': 284.0282613384458, 'pre_dampen_half': 38.79817985712191, 'gpp_af': 0.004367859764557591, 'gpp_b': 1.243735843338849e-05, 'gpp_d': 67.70742710117229, 'ign_k': 0.0025760084524510214, 'ign_c': 64.70542409800083, 'trop_agb_crit': 17.52108190104198, 'trop_k_veg': 1.941875253299957, 'gdp_gamma': 0.12664433977609965, 'cure_k': 0.001208145824303899, 'cure_p_min': 106.75839416712135, 'cure_gpp_ref': 0.43177561923630275, 'cure_agb_crit': 5.405186328169523, 'fuel_k': 0.010318410142625334, 'fuel_half': 2.3559058486404414}. Best is trial 577 with value: -0.629883323094065.
[I 2026-07-25 00:33:56,516] Trial 590 finished with value: 0.6051477788806707 and parameters: {'k1': 0.006148795761415938, 'D_low': 21.281575872975072, 'k2': 5.464495469691811e-05, 'D_high': 1398738.5828024724, 'fire_exp': 1.0880778637675395, 'P_half': 276.9484196224896, 'pre_dampen_half': 0.2647474765881664, 'gpp_af': 25.440221416546525, 'gpp_b': 0.0017835691019053425, 'gpp_d': 27.73313860000997, 'ign_k': 0.3635504795041482, 'ign_c': 72.98912242404025, 'trop_agb_crit': 24.106776277918534, 'trop_k_veg': 2.531531261745023, 'gdp_gamma': 0.8738373140577701, 'cure_k': 0.001101435128879403, 'cure_p_min': 382.0192504986058, 'cure_gpp_ref': 0.8730613397125763, 'cure_agb_crit': 7.605645819533839, 'fuel_k': 0.038297153160346396, 'fuel_half': 0.14593702385015206}. Best is trial 577 with value: -0.629883323094065.
[I 2026-07-25 00:33:56,967] Trial 591 finished with value: 0.5994672085555608 and parameters: {'k1': 0.016108171975144935, 'D_low': 2736.3440547818186, 'k2': 0.000890692897520507, 'D_high': 5907.43353895813, 'fire_exp': 1.6185984672445517, 'P_half': 1136.4438392738912, 'pre_dampen_half': 0.22554642764043414, 'gpp_af': 2.132264222985384, 'gpp_b': 0.006319221427704972, 'gpp_d': 0.5111837519087772, 'ign_k': 0.8389622713553015, 'ign_c': 6.03526595845357, 'trop_agb_crit': 21.909870518013644, 'trop_k_veg': 3.571089141823783, 'gdp_gamma': 0.9267173375664114, 'cure_k': 0.0034042167427837788, 'cure_p_min': 280.956993742524, 'cure_gpp_ref': 1.7067300600906223, 'cure_agb_crit': 3.5102959268204503, 'fuel_k': 0.1360862506967821, 'fuel_half': 2.5032960742895236}. Best is trial 577 with value: -0.629883323094065.
[I 2026-07-25 00:33:57,418] Trial 592 finished with value: 0.5582755031518167 and parameters: {'k1': 0.00355256151585631, 'D_low': 77.75743024604857, 'k2': 0.016838213748081404, 'D_high': 1111.8236367049783, 'fire_exp': 1.7286739773815167, 'P_half': 6.543444464016768, 'pre_dampen_half': 0.0954445743384328, 'gpp_af': 3.378714777671463, 'gpp_b': 0.010925990848031837, 'gpp_d': 3.4733420249327263, 'ign_k': 0.04503776387510258, 'ign_c': 0.5274744903558956, 'trop_agb_crit': 2.7023660329282047, 'trop_k_veg': 5.641281085891066, 'gdp_gamma': 0.19704155288728997, 'cure_k': 0.10313544977113034, 'cure_p_min': 207.2355691466576, 'cure_gpp_ref': 0.7334784255272027, 'cure_agb_crit': 5.438322473923194, 'fuel_k': 0.23038316075437934, 'fuel_half': 35.2451041883236}. Best is trial 577 with value: -0.629883323094065.
[I 2026-07-25 00:33:57,871] Trial 593 finished with value: 0.4521655561465745 and parameters: {'k1': 0.005850906711832825, 'D_low': 453.38174850622494, 'k2': 0.04045370634264316, 'D_high': 31826.575799663937, 'fire_exp': 1.0643989532892497, 'P_half': 7.878489928474135, 'pre_dampen_half': 0.6098826167784962, 'gpp_af': 3.3538397257807575, 'gpp_b': 0.020839900848286328, 'gpp_d': 873.0570007427792, 'ign_k': 0.21543383889563333, 'ign_c': 1.3791531788076183, 'trop_agb_crit': 3.284742575971881, 'trop_k_veg': 2.200012924216536, 'gdp_gamma': 0.5675008678563996, 'cure_k': 0.007212469301003091, 'cure_p_min': 384.9555012447951, 'cure_gpp_ref': 1.0951987362308973, 'cure_agb_crit': 4.354741907842882, 'fuel_k': 0.23791207695891148, 'fuel_half': 27.345198025397806}. Best is trial 577 with value: -0.629883323094065.
[I 2026-07-25 00:33:58,330] Trial 594 finished with value: 0.554980517311131 and parameters: {'k1': 0.0028965841215731172, 'D_low': 3257.1669374746475, 'k2': 0.026931359528494785, 'D_high': 73213.15260125813, 'fire_exp': 1.0968704461367749, 'P_half': 7.39447403520085, 'pre_dampen_half': 0.8404190660469804, 'gpp_af': 1.7622425710163383, 'gpp_b': 0.00013010219949661204, 'gpp_d': 8.116674021104373, 'ign_k': 0.09478829859836534, 'ign_c': 35.80021761902611, 'trop_agb_crit': 4.493592361634345, 'trop_k_veg': 1.4661974315299837, 'gdp_gamma': 0.034057624578676254, 'cure_k': 0.04113866582347129, 'cure_p_min': 201.94618458983516, 'cure_gpp_ref': 1.1858200072923426, 'cure_agb_crit': 2.930052389181332, 'fuel_k': 0.06242794937003721, 'fuel_half': 1.7285766292330795}. Best is trial 577 with value: -0.629883323094065.
[I 2026-07-25 00:33:58,781] Trial 595 finished with value: 0.5376886982391584 and parameters: {'k1': 0.0033280774439874623, 'D_low': 34935.23199232927, 'k2': 0.00013669893984420093, 'D_high': 490333.95693187614, 'fire_exp': 1.1542088692417969, 'P_half': 259.6099782085421, 'pre_dampen_half': 0.8466191705899397, 'gpp_af': 1.786268712261929, 'gpp_b': 0.006811188209915174, 'gpp_d': 15.596574463539401, 'ign_k': 0.04450304405747622, 'ign_c': 12.316393623469272, 'trop_agb_crit': 20.90143368753803, 'trop_k_veg': 2.5266090234760012, 'gdp_gamma': 0.10966657368648007, 'cure_k': 0.040264396157523745, 'cure_p_min': 209.1649858068931, 'cure_gpp_ref': 1.2722392349652663, 'cure_agb_crit': 4.924411072834134, 'fuel_k': 0.1241525180042799, 'fuel_half': 0.9908772902124279}. Best is trial 577 with value: -0.629883323094065.
[I 2026-07-25 00:33:59,234] Trial 596 finished with value: -0.5469059855608632 and parameters: {'k1': 0.0005948336282276316, 'D_low': 16.193898349943062, 'k2': 0.0006285512113046023, 'D_high': 288992.28906441625, 'fire_exp': 3.8326483381762033, 'P_half': 638.0287938507029, 'pre_dampen_half': 0.9304290890838988, 'gpp_af': 16.983046757817426, 'gpp_b': 1.171596125409186e-05, 'gpp_d': 3.191903656830786, 'ign_k': 0.031301638588969734, 'ign_c': 1.0134423421913765, 'trop_agb_crit': 27.54264664450651, 'trop_k_veg': 4.828892891184363, 'gdp_gamma': 0.47861299587257766, 'cure_k': 0.14954808067417727, 'cure_p_min': 243.56902777817967, 'cure_gpp_ref': 1.1007163949081924, 'cure_agb_crit': 5.398921147080813, 'fuel_k': 0.8219681672206434, 'fuel_half': 0.11485047313833233}. Best is trial 577 with value: -0.629883323094065.
[I 2026-07-25 00:33:59,687] Trial 597 finished with value: 0.5474825134171113 and parameters: {'k1': 0.012747752995704836, 'D_low': 16.638597513497892, 'k2': 0.008812125674239002, 'D_high': 134383.37183255964, 'fire_exp': 1.5561042342736824, 'P_half': 975.7513201162296, 'pre_dampen_half': 10.216812180596584, 'gpp_af': 0.0015233189967873094, 'gpp_b': 0.00017334917530913344, 'gpp_d': 734.836218235924, 'ign_k': 0.0010197878407255758, 'ign_c': 0.6532239573057772, 'trop_agb_crit': 22.692785883558564, 'trop_k_veg': 1.3761007259241624, 'gdp_gamma': 0.19046860043658015, 'cure_k': 0.017038793314082482, 'cure_p_min': 97.49190498909611, 'cure_gpp_ref': 0.37691232529467145, 'cure_agb_crit': 6.722043789439465, 'fuel_k': 0.010298637334572097, 'fuel_half': 4.530995920598462}. Best is trial 577 with value: -0.629883323094065.
[I 2026-07-25 00:34:00,139] Trial 598 finished with value: 0.4857968184815096 and parameters: {'k1': 0.009998823401465323, 'D_low': 27530.584308316196, 'k2': 0.00019906993336270666, 'D_high': 989779.435740833, 'fire_exp': 1.593548284018415, 'P_half': 6.4034412353891765, 'pre_dampen_half': 7.077211964521099, 'gpp_af': 0.003509498504401934, 'gpp_b': 0.00029838087789986657, 'gpp_d': 26.709149952309954, 'ign_k': 0.06670877201540999, 'ign_c': 0.19539370464346023, 'trop_agb_crit': 2.04248482273916, 'trop_k_veg': 0.9516539573070754, 'gdp_gamma': 0.28528594894553205, 'cure_k': 0.040542495583760094, 'cure_p_min': 312.4883822246603, 'cure_gpp_ref': 0.07272610860516379, 'cure_agb_crit': 2.256787664811733, 'fuel_k': 0.042786459017518604, 'fuel_half': 31.679634743676022}. Best is trial 577 with value: -0.629883323094065.
[I 2026-07-25 00:34:00,595] Trial 599 finished with value: 0.42433406595048373 and parameters: {'k1': 0.0001264964811155494, 'D_low': 428.6751194192408, 'k2': 0.0020601992424804953, 'D_high': 1067912.7476638749, 'fire_exp': 2.9688128358422627, 'P_half': 21.08350553212757, 'pre_dampen_half': 97.76429083478159, 'gpp_af': 11.039270298059687, 'gpp_b': 0.0011119569268177537, 'gpp_d': 698.2174515230885, 'ign_k': 0.03965948013299239, 'ign_c': 0.19338012374818156, 'trop_agb_crit': 20.811617056791345, 'trop_k_veg': 5.646489858691028, 'gdp_gamma': 0.09127994062163673, 'cure_k': 0.018974186460756024, 'cure_p_min': 342.64587350965945, 'cure_gpp_ref': 0.27215827805606985, 'cure_agb_crit': 3.331143427981609, 'fuel_k': 0.41913538609259643, 'fuel_half': 0.16710401854934762}. Best is trial 577 with value: -0.629883323094065.
[I 2026-07-25 00:34:01,044] Trial 600 finished with value: 0.6044332287639249 and parameters: {'k1': 0.006954614132905225, 'D_low': 7.321329187379027, 'k2': 0.006007465315159831, 'D_high': 7184117.624867254, 'fire_exp': 1.2077458973927153, 'P_half': 92.0268364490119, 'pre_dampen_half': 103.65697253928462, 'gpp_af': 0.002500822176025497, 'gpp_b': 0.0008280301736084393, 'gpp_d': 149.54814652726554, 'ign_k': 0.13453753351028988, 'ign_c': 322.08677917737214, 'trop_agb_crit': 10.562884946647525, 'trop_k_veg': 1.2414323455559553, 'gdp_gamma': 0.4970041795981476, 'cure_k': 0.004056312467587453, 'cure_p_min': 150.2335218708555, 'cure_gpp_ref': 0.6784247793196422, 'cure_agb_crit': 2.4408208499244037, 'fuel_k': 0.02339651014493001, 'fuel_half': 91.654638475162}. Best is trial 577 with value: -0.629883323094065.
[I 2026-07-25 00:34:01,497] Trial 601 finished with value: 0.6435662212984082 and parameters: {'k1': 0.01786176282630146, 'D_low': 3055.4025391594787, 'k2': 0.0026317182765536857, 'D_high': 236551.914622686, 'fire_exp': 1.0597387442872146, 'P_half': 2.4405206944564988, 'pre_dampen_half': 4.354508192409826, 'gpp_af': 1.7496897467687036, 'gpp_b': 0.005494407587936295, 'gpp_d': 179.17742025901737, 'ign_k': 0.838075817747237, 'ign_c': 4.884371190677602, 'trop_agb_crit': 5.4122381810814195, 'trop_k_veg': 1.8816172197220566, 'gdp_gamma': 0.9385883362585101, 'cure_k': 0.012621237194894849, 'cure_p_min': 328.2751155659888, 'cure_gpp_ref': 1.3478252916362279, 'cure_agb_crit': 2.9869034715147134, 'fuel_k': 0.1140370574676179, 'fuel_half': 0.5526189099857047}. Best is trial 577 with value: -0.629883323094065.
[I 2026-07-25 00:34:01,949] Trial 602 finished with value: 0.47827309631118253 and parameters: {'k1': 0.0026372697060586476, 'D_low': 21374.908683919686, 'k2': 0.0053942372222628866, 'D_high': 2315.573861181153, 'fire_exp': 1.3240413882262678, 'P_half': 75.18074686096867, 'pre_dampen_half': 0.6381671946449682, 'gpp_af': 7.032087345256415, 'gpp_b': 0.0009527511752149268, 'gpp_d': 56.994102543043624, 'ign_k': 0.001700220040173709, 'ign_c': 0.5518602304033068, 'trop_agb_crit': 2.200126423794861, 'trop_k_veg': 3.4376160135734852, 'gdp_gamma': 0.9467287715002687, 'cure_k': 0.06183683202488533, 'cure_p_min': 226.90575842880133, 'cure_gpp_ref': 1.1361493714900104, 'cure_agb_crit': 4.85133147559541, 'fuel_k': 0.7807090470169206, 'fuel_half': 1.848837813836889}. Best is trial 577 with value: -0.629883323094065.
