=== fitting Africa with FUEL_AMP form ===
[I 2026-06-10 21:13:58,144] A new study created in memory with name: no-name-9a07ae4d-3bc7-4a44-8c75-f5c4ee38ef18
[I 2026-06-10 21:14:00,402] Trial 0 finished with values: [10.622387895666215, 10.622387895666215] and parameters: {'k1': 0.028401063201780267, 'D_low': 16.00237013173313, 'k2': 0.00033271381912662167, 'D_high': 2427.054417940131, 'fire_exp': 1.5191397119156032, 'P_half': 157.80309954142965, 'pre_dampen_half': 8.259599205585761, 'gpp_af': 0.03522602097143089, 'gpp_b': 0.00012118589392553798, 'gpp_d': 12.338826503601998, 'ign_k': 3.965503094323014, 'ign_c': 22.126836566118193, 'trop_agb_crit': 5.526463318565575, 'trop_k_veg': 2.724170387400844, 'fuel_k': 0.10978148458640455, 'fuel_half': 71.14476009343416}.
[I 2026-06-10 21:14:02,620] Trial 1 finished with values: [10.716640252304856, 10.716640252304856] and parameters: {'k1': 0.008471801418819975, 'D_low': 248.10409748678117, 'k2': 4.207988669606632e-05, 'D_high': 42.070539502879384, 'fire_exp': 1.1430983876313219, 'P_half': 2915.443189153754, 'pre_dampen_half': 10.129197956845726, 'gpp_af': 3.4702669886504163, 'gpp_b': 1.3289448722869181e-05, 'gpp_d': 707.2114131472224, 'ign_k': 2.1368329072358767, 'ign_c': 0.70689749506246, 'trop_agb_crit': 1.8559980846490576, 'trop_k_veg': 0.83140195149031, 'fuel_k': 0.07002142869039264, 'fuel_half': 3.752055855124281}.
[I 2026-06-10 21:14:04,484] Trial 2 finished with values: [10.76623784746033, 10.76623784746033] and parameters: {'k1': 0.0005342937261279777, 'D_low': 14.61896279370496, 'k2': 0.0028016351587162596, 'D_high': 36.13894271216527, 'fire_exp': 1.9594972058679163, 'P_half': 29.204338471814108, 'pre_dampen_half': 1.9069966103000422, 'gpp_af': 8.43101393208247, 'gpp_b': 0.00015777663630582464, 'gpp_d': 3.725393839578884, 'ign_k': 0.23423849847112907, 'ign_c': 0.15339162591163621, 'trop_agb_crit': 7.896186801026689, 'trop_k_veg': 0.8022348220849581, 'fuel_k': 0.01516083650740451, 'fuel_half': 70.25166339242152}.
[I 2026-06-10 21:14:06,422] Trial 3 finished with values: [10.769224991500812, 10.769224991500812] and parameters: {'k1': 0.07286653737491042, 'D_low': 1712.3375973163984, 'k2': 0.00016536937182824412, 'D_high': 24.58603276328006, 'fire_exp': 4.833180632488465, 'P_half': 57.62487216478601, 'pre_dampen_half': 0.0407559644007287, 'gpp_af': 0.2991469302130217, 'gpp_b': 1.6081669283634658e-05, 'gpp_d': 352.0481045526035, 'ign_k': 0.010842262717330166, 'ign_c': 44.67752817973903, 'trop_agb_crit': 2.8869220380495735, 'trop_k_veg': 2.1144348148283285, 'fuel_k': 0.3302507755382605, 'fuel_half': 0.35856126103453967}.
[I 2026-06-10 21:14:08,828] Trial 4 finished with values: [10.769228872467407, 10.769228872467407] and parameters: {'k1': 0.07556810141274425, 'D_low': 1260.4664585649464, 'k2': 0.057279044707996205, 'D_high': 37958.531426706366, 'fire_exp': 3.961867790406583, 'P_half': 4869.640941520898, 'pre_dampen_half': 0.027698899227562825, 'gpp_af': 0.009548041810464166, 'gpp_b': 1.867943489455631e-05, 'gpp_d': 0.42330329965275953, 'ign_k': 0.03586816498627549, 'ign_c': 1.2172958098369964, 'trop_agb_crit': 16.755052359850303, 'trop_k_veg': 1.34444739467741, 'fuel_k': 0.060322392669638326, 'fuel_half': 4.247058562261868}.
[I 2026-06-10 21:14:10,779] Trial 5 finished with values: [10.769030943120706, 10.769030943120706] and parameters: {'k1': 3.661819220392426e-05, 'D_low': 1617.290081114315, 'k2': 1.9870215385428627e-05, 'D_high': 88623.26508576245, 'fire_exp': 5.918951335463645, 'P_half': 6.235377135673156, 'pre_dampen_half': 0.010656401760606449, 'gpp_af': 11.948328168545453, 'gpp_b': 0.17423847570785803, 'gpp_d': 44.16068895118583, 'ign_k': 1.2164139351417065, 'ign_c': 0.1977782851246272, 'trop_agb_crit': 3.384522041201139, 'trop_k_veg': 0.6894301219471972, 'fuel_k': 2.4993775341055975, 'fuel_half': 7.41129978108324}.
[I 2026-06-10 21:14:13,159] Trial 6 finished with values: [10.769098692965517, 10.769098692965517] and parameters: {'k1': 0.00021066486017042195, 'D_low': 1.7956984225677628, 'k2': 0.00017535949529764417, 'D_high': 199.86340778528879, 'fire_exp': 5.3654503243520235, 'P_half': 355.00125258511594, 'pre_dampen_half': 272.9378165037474, 'gpp_af': 0.22965432344634354, 'gpp_b': 5.2187377767381904e-05, 'gpp_d': 36.831884165358986, 'ign_k': 1.1044350847124695, 'ign_c': 17.583640270008505, 'trop_agb_crit': 13.766134492174427, 'trop_k_veg': 1.9658897090912955, 'fuel_k': 0.28328975157735103, 'fuel_half': 1.9170041589170652}.
[I 2026-06-10 21:14:15,012] Trial 7 finished with values: [10.757188332997073, 10.757188332997073] and parameters: {'k1': 1.263794633808287e-05, 'D_low': 2.7012557725439073, 'k2': 1.3357240411974104e-05, 'D_high': 3512.7047262708465, 'fire_exp': 2.0623196560647115, 'P_half': 108.21382910613987, 'pre_dampen_half': 345.01054536130147, 'gpp_af': 0.017638479543546873, 'gpp_b': 0.0028993292583566945, 'gpp_d': 59.94537656798816, 'ign_k': 0.008226074946221037, 'ign_c': 0.20319809838424974, 'trop_agb_crit': 2.679156169946616, 'trop_k_veg': 0.7818074020304813, 'fuel_k': 3.826843441487287, 'fuel_half': 26.56813924114492}.
[I 2026-06-10 21:14:17,169] Trial 8 finished with values: [10.769230769178105, 10.769230769178105] and parameters: {'k1': 0.0034167643418329683, 'D_low': 3060.8522106722494, 'k2': 0.016394127471631596, 'D_high': 55.75453980775374, 'fire_exp': 7.8083450855424115, 'P_half': 143.67095138664226, 'pre_dampen_half': 108.94336258132203, 'gpp_af': 30.231277487962974, 'gpp_b': 0.000809134743599756, 'gpp_d': 0.03550255612313078, 'ign_k': 0.008160948743089917, 'ign_c': 5.11012065649716, 'trop_agb_crit': 16.155001304356414, 'trop_k_veg': 5.437420238162096, 'fuel_k': 0.010454760061291155, 'fuel_half': 3.4059785435329952}.
[I 2026-06-10 21:14:18,996] Trial 9 finished with values: [10.769208427428909, 10.769208427428909] and parameters: {'k1': 0.0004673518999562748, 'D_low': 7.734482156646792, 'k2': 3.0162092627967762e-05, 'D_high': 224.10971619109526, 'fire_exp': 8.76818498976553, 'P_half': 19.625093208439857, 'pre_dampen_half': 3.926025433552808, 'gpp_af': 3.2741215209888828, 'gpp_b': 0.0015197691143574409, 'gpp_d': 722.6207258080483, 'ign_k': 7.076022085822011, 'ign_c': 1.0165510266418727, 'trop_agb_crit': 5.426206745606971, 'trop_k_veg': 1.1514990646668621, 'fuel_k': 0.06184861455357293, 'fuel_half': 0.12902113024567152}.
[I 2026-06-10 21:14:21,257] Trial 10 finished with values: [10.769230769178105, 10.769230769178105] and parameters: {'k1': 0.0027431991397796683, 'D_low': 102.49816559563212, 'k2': 1.6066267921727703e-05, 'D_high': 130.1924671436157, 'fire_exp': 8.095913996298554, 'P_half': 9.083381663660585, 'pre_dampen_half': 0.053024228766843526, 'gpp_af': 0.28006820077310235, 'gpp_b': 8.20167818679501, 'gpp_d': 0.1622842443218898, 'ign_k': 0.4881375191603672, 'ign_c': 111.29571947045997, 'trop_agb_crit': 2.243982507529704, 'trop_k_veg': 3.7655625092973986, 'fuel_k': 0.10513738477836053, 'fuel_half': 7.887102624766473}.
[I 2026-06-10 21:14:23,192] Trial 11 finished with values: [10.769219267289674, 10.769219267289674] and parameters: {'k1': 0.0034207303670092245, 'D_low': 139.02686711035005, 'k2': 2.296989871634208e-05, 'D_high': 21938.654178115055, 'fire_exp': 2.0930522257520923, 'P_half': 5.572807500029961, 'pre_dampen_half': 0.01599100311121483, 'gpp_af': 0.9004606022643074, 'gpp_b': 0.11624818236139055, 'gpp_d': 0.01210428510799503, 'ign_k': 0.11178209200698727, 'ign_c': 0.8053471030316095, 'trop_agb_crit': 8.974255743856958, 'trop_k_veg': 0.8108268204433952, 'fuel_k': 0.8308632327396432, 'fuel_half': 1.4461256820152137}.
[I 2026-06-10 21:14:25,246] Trial 12 finished with values: [10.769230769178105, 10.769230769178105] and parameters: {'k1': 0.055836727227548205, 'D_low': 3.548818403010947, 'k2': 0.00023134781612225627, 'D_high': 28.437674894443678, 'fire_exp': 8.408017719544832, 'P_half': 3231.152185441098, 'pre_dampen_half': 0.19485346746590884, 'gpp_af': 1.9948958651882591, 'gpp_b': 0.8004481426143578, 'gpp_d': 5.970408652384314, 'ign_k': 0.13140210226207386, 'ign_c': 0.9277034327414715, 'trop_agb_crit': 1.3725370520782985, 'trop_k_veg': 6.016243801593678, 'fuel_k': 3.1732007727581117, 'fuel_half': 7.930569433855141}.
[I 2026-06-10 21:14:27,415] Trial 13 finished with values: [10.769226699273567, 10.769226699273567] and parameters: {'k1': 0.00022704877557909215, 'D_low': 24.93666083446519, 'k2': 0.008013508750140624, 'D_high': 38765.111709116354, 'fire_exp': 7.710568935221308, 'P_half': 1316.7465326936142, 'pre_dampen_half': 16.22401095006136, 'gpp_af': 0.002634509839733607, 'gpp_b': 9.327650919528727e-05, 'gpp_d': 311.00755757274874, 'ign_k': 0.2665116749055355, 'ign_c': 0.10883991813938126, 'trop_agb_crit': 1.4121660706207504, 'trop_k_veg': 3.1470652177597604, 'fuel_k': 0.010329084861117386, 'fuel_half': 0.3036855685244964}.
[I 2026-06-10 21:14:29,374] Trial 14 finished with values: [10.769230463974834, 10.769230463974834] and parameters: {'k1': 0.001566517163094646, 'D_low': 585.5726588796255, 'k2': 0.004053638704742309, 'D_high': 78.90004262668583, 'fire_exp': 5.154413091020758, 'P_half': 8.89193644629625, 'pre_dampen_half': 0.4236414938631993, 'gpp_af': 5.400786701286536, 'gpp_b': 0.07903098490824653, 'gpp_d': 176.24510039685507, 'ign_k': 0.42702329684055446, 'ign_c': 18.760068220300635, 'trop_agb_crit': 1.3752099014456878, 'trop_k_veg': 1.3859384729785302, 'fuel_k': 0.054547178265401106, 'fuel_half': 0.5394720267647733}.
[I 2026-06-10 21:14:31,506] Trial 15 finished with values: [10.764237021677838, 10.764237021677838] and parameters: {'k1': 0.07799059237255677, 'D_low': 37.35862630812753, 'k2': 0.03699867920489089, 'D_high': 3346.220103048382, 'fire_exp': 6.234638880169447, 'P_half': 102.4585893986732, 'pre_dampen_half': 7.665128204660195, 'gpp_af': 0.29012721497386246, 'gpp_b': 0.0001484082099455773, 'gpp_d': 40.950628944766926, 'ign_k': 0.013276678836047658, 'ign_c': 0.12510188850164433, 'trop_agb_crit': 8.983402272488592, 'trop_k_veg': 0.8170196702261714, 'fuel_k': 4.099550041703093, 'fuel_half': 72.7420826493834}.
[I 2026-06-10 21:14:33,941] Trial 16 finished with values: [10.769038843390106, 10.769038843390106] and parameters: {'k1': 0.04565176372646328, 'D_low': 30.243691612726472, 'k2': 1.1529924570330218e-05, 'D_high': 51674.258133224095, 'fire_exp': 2.68030457906964, 'P_half': 7355.61985085331, 'pre_dampen_half': 657.8091125940398, 'gpp_af': 18.409723989839065, 'gpp_b': 0.0005843773200430936, 'gpp_d': 0.8423423635296958, 'ign_k': 2.5383218374507304, 'ign_c': 1.852200600317437, 'trop_agb_crit': 1.7797595772834214, 'trop_k_veg': 2.3411300034414677, 'fuel_k': 3.9882241263687397, 'fuel_half': 12.248682856804864}.
[I 2026-06-10 21:14:36,316] Trial 17 finished with values: [10.309999957116357, 10.309999957116357] and parameters: {'k1': 0.001906534551939351, 'D_low': 2.4474057445796826, 'k2': 0.002884223471687844, 'D_high': 91246.32886689917, 'fire_exp': 1.3806513288500464, 'P_half': 118.39097834757698, 'pre_dampen_half': 243.70551632385417, 'gpp_af': 5.056419398267455, 'gpp_b': 0.15208782389892764, 'gpp_d': 32.54021513867688, 'ign_k': 0.02741350741975827, 'ign_c': 1.4940577239079738, 'trop_agb_crit': 15.68644624233575, 'trop_k_veg': 4.7254560805090735, 'fuel_k': 2.563645943471902, 'fuel_half': 54.91887821601532}.
[I 2026-06-10 21:14:38,287] Trial 18 finished with values: [10.769151794316219, 10.769151794316219] and parameters: {'k1': 0.0011101191524846067, 'D_low': 101.40635645866499, 'k2': 0.015602015889668856, 'D_high': 3979.749374103118, 'fire_exp': 5.034622093017273, 'P_half': 1524.6518242848613, 'pre_dampen_half': 281.855626699674, 'gpp_af': 0.04897515106470033, 'gpp_b': 0.0017926591238975052, 'gpp_d': 0.029505956594932957, 'ign_k': 0.20564614086027933, 'ign_c': 0.13924162890248676, 'trop_agb_crit': 4.872420129560893, 'trop_k_veg': 2.251019475487767, 'fuel_k': 0.06252517815977368, 'fuel_half': 5.922427891922456}.
[I 2026-06-10 21:14:40,240] Trial 19 finished with values: [10.765888606639118, 10.765888606639118] and parameters: {'k1': 1.3243445838637965e-05, 'D_low': 1.4105638677535268, 'k2': 0.01951651378326559, 'D_high': 275.90690254397856, 'fire_exp': 1.3398633649925373, 'P_half': 122.73630375458193, 'pre_dampen_half': 70.78932406899747, 'gpp_af': 0.011997897226934482, 'gpp_b': 0.05461888811739216, 'gpp_d': 0.026713901787135636, 'ign_k': 0.001609633064821938, 'ign_c': 13.34807155996068, 'trop_agb_crit': 6.289029460848807, 'trop_k_veg': 2.9276023444448636, 'fuel_k': 1.040378926396937, 'fuel_half': 84.6362160256194}.
[I 2026-06-10 21:14:42,587] Trial 20 finished with values: [10.769206573275412, 10.769206573275412] and parameters: {'k1': 0.0011619873314872927, 'D_low': 19.5805953197504, 'k2': 0.015161591075671724, 'D_high': 121.15155843077676, 'fire_exp': 2.7477133304227777, 'P_half': 2.0598022365449626, 'pre_dampen_half': 0.013389171890458417, 'gpp_af': 65.04921701204668, 'gpp_b': 1.0372435026692937, 'gpp_d': 30.190550386581368, 'ign_k': 0.043232642103703305, 'ign_c': 0.49337516004483395, 'trop_agb_crit': 1.7024582907699128, 'trop_k_veg': 1.0006736835346968, 'fuel_k': 0.3356098860138198, 'fuel_half': 13.924761586031797}.
[I 2026-06-10 21:14:44,979] Trial 21 finished with values: [10.768397808478936, 10.768397808478936] and parameters: {'k1': 0.004373100990516265, 'D_low': 13.174543864342764, 'k2': 0.06598741607403362, 'D_high': 8945.150807271531, 'fire_exp': 3.583884892516702, 'P_half': 279.82272717049284, 'pre_dampen_half': 1.2531420756075002, 'gpp_af': 0.017324270154949112, 'gpp_b': 0.0013672126623075966, 'gpp_d': 61.550353610401785, 'ign_k': 0.0011417577140741143, 'ign_c': 0.29126651668813763, 'trop_agb_crit': 1.1693687409928537, 'trop_k_veg': 0.559773544096922, 'fuel_k': 2.3801202050712633, 'fuel_half': 12.911407200549919}.
[I 2026-06-10 21:14:46,878] Trial 22 finished with values: [10.76913747044102, 10.76913747044102] and parameters: {'k1': 0.0007883068789768041, 'D_low': 2.4622754931226587, 'k2': 0.0009256855841989632, 'D_high': 783.2259769732478, 'fire_exp': 1.4900535273878766, 'P_half': 54.37591736923918, 'pre_dampen_half': 0.9829324480069708, 'gpp_af': 1.200191344086032, 'gpp_b': 0.06464901394322495, 'gpp_d': 0.016846901973653922, 'ign_k': 0.0315101491238403, 'ign_c': 31.874227118134094, 'trop_agb_crit': 5.535964054794066, 'trop_k_veg': 5.373862339436157, 'fuel_k': 0.6760059777297096, 'fuel_half': 0.30817917005205625}.
[I 2026-06-10 21:14:49,209] Trial 23 finished with values: [10.76923071432557, 10.76923071432557] and parameters: {'k1': 1.915468390724633e-05, 'D_low': 371.25910452877287, 'k2': 1.2765717873951678e-05, 'D_high': 2203.4455606330694, 'fire_exp': 8.714254541331103, 'P_half': 200.3995359361214, 'pre_dampen_half': 0.8726691654212084, 'gpp_af': 1.646042681635055, 'gpp_b': 0.005617167092871686, 'gpp_d': 5.346676975436889, 'ign_k': 5.83256026854689, 'ign_c': 3.502761367842312, 'trop_agb_crit': 26.290267902103615, 'trop_k_veg': 6.153480144962658, 'fuel_k': 0.03498947175913594, 'fuel_half': 0.1614670469622492}.
[I 2026-06-10 21:14:51,364] Trial 24 finished with values: [10.769158502041892, 10.769158502041892] and parameters: {'k1': 2.5299503921303695e-05, 'D_low': 1.1827346017839087, 'k2': 2.3865571736727097e-05, 'D_high': 5395.442811888474, 'fire_exp': 1.1781176120963386, 'P_half': 18.875676307822275, 'pre_dampen_half': 167.63957643123794, 'gpp_af': 0.0013072530948736417, 'gpp_b': 0.7705678683116649, 'gpp_d': 0.2566101756040951, 'ign_k': 0.0029693357731296367, 'ign_c': 61.22780092275801, 'trop_agb_crit': 8.492290599869307, 'trop_k_veg': 5.6957588029545825, 'fuel_k': 1.1018907554284358, 'fuel_half': 25.73017803008086}.
[I 2026-06-10 21:14:53,230] Trial 25 finished with values: [10.767390921240178, 10.767390921240178] and parameters: {'k1': 0.00013431925993528124, 'D_low': 5.125758907937937, 'k2': 0.010056781316817115, 'D_high': 16878.698558795608, 'fire_exp': 9.783745385669455, 'P_half': 44.71679901231308, 'pre_dampen_half': 0.7245868181143026, 'gpp_af': 7.6219273293452225, 'gpp_b': 0.0011087183655158347, 'gpp_d': 450.59526947401275, 'ign_k': 2.7142572552186843, 'ign_c': 5.199673923878316, 'trop_agb_crit': 12.856643861355176, 'trop_k_veg': 4.050700716504252, 'fuel_k': 0.019341658237934812, 'fuel_half': 51.01039893789341}.
[I 2026-06-10 21:14:55,244] Trial 26 finished with values: [10.729469083973363, 10.729469083973363] and parameters: {'k1': 0.0010495653625093638, 'D_low': 2022.2268128429641, 'k2': 0.0001906331412032436, 'D_high': 38202.59936390114, 'fire_exp': 2.450200807937923, 'P_half': 1.104970302415413, 'pre_dampen_half': 336.4417490753902, 'gpp_af': 0.0028604435659156367, 'gpp_b': 0.0008239138919814073, 'gpp_d': 562.7426550259207, 'ign_k': 6.344955605329754, 'ign_c': 19.66760839944308, 'trop_agb_crit': 8.576304173303555, 'trop_k_veg': 1.733613253381165, 'fuel_k': 0.06525050422102326, 'fuel_half': 0.9682636678036001}.
[I 2026-06-10 21:14:57,620] Trial 27 finished with values: [10.75040499008152, 10.75040499008152] and parameters: {'k1': 0.004898620823554844, 'D_low': 1022.1111307208341, 'k2': 0.014666151770108535, 'D_high': 14403.650379563867, 'fire_exp': 1.2336901664320323, 'P_half': 94.99072859745384, 'pre_dampen_half': 0.01939964577577238, 'gpp_af': 0.5592994749372486, 'gpp_b': 0.004458440839692221, 'gpp_d': 274.48645214004335, 'ign_k': 0.025331450012450227, 'ign_c': 0.2939463458625969, 'trop_agb_crit': 1.626357634890109, 'trop_k_veg': 4.129715873342728, 'fuel_k': 0.5217990518430395, 'fuel_half': 0.2010796072862617}.
[I 2026-06-10 21:14:59,933] Trial 28 finished with values: [10.769230769178105, 10.769230769178105] and parameters: {'k1': 2.1698375693549493e-05, 'D_low': 636.6144994552209, 'k2': 1.9545735860656975e-05, 'D_high': 19383.858782150488, 'fire_exp': 5.084429468530997, 'P_half': 2.1154127741888553, 'pre_dampen_half': 0.02655758440526784, 'gpp_af': 85.74284557962646, 'gpp_b': 0.0017604543767148696, 'gpp_d': 0.713199016043363, 'ign_k': 1.7831926649375947, 'ign_c': 615.1688122361401, 'trop_agb_crit': 28.605077487330046, 'trop_k_veg': 4.037641278318054, 'fuel_k': 0.11099567024348489, 'fuel_half': 0.17803367228855943}.
[I 2026-06-10 21:15:01,771] Trial 29 finished with values: [10.68862281646231, 10.68862281646231] and parameters: {'k1': 0.012840669372724958, 'D_low': 171.2446447678494, 'k2': 0.0004976087827261435, 'D_high': 42210.21267871043, 'fire_exp': 1.2918065501148304, 'P_half': 93.43302657318476, 'pre_dampen_half': 0.011396414164620812, 'gpp_af': 0.2204465010099918, 'gpp_b': 2.176805640408474e-05, 'gpp_d': 0.03927259340973166, 'ign_k': 0.0029519227433917453, 'ign_c': 39.52220881906114, 'trop_agb_crit': 12.647327018493208, 'trop_k_veg': 2.520089655463604, 'fuel_k': 4.710433409437072, 'fuel_half': 1.3323297901105768}.
[I 2026-06-10 21:15:03,752] Trial 30 finished with values: [10.763723809926294, 10.763723809926294] and parameters: {'k1': 0.00013894673469237192, 'D_low': 2981.237069720883, 'k2': 7.841214856323651e-05, 'D_high': 71267.2757353232, 'fire_exp': 1.0283820194309468, 'P_half': 7577.314388518511, 'pre_dampen_half': 0.016436129702486316, 'gpp_af': 28.55719640738185, 'gpp_b': 0.014662453726154785, 'gpp_d': 922.1975850381748, 'ign_k': 0.001973268844408891, 'ign_c': 16.42166308203217, 'trop_agb_crit': 27.025726513675966, 'trop_k_veg': 2.132271839889451, 'fuel_k': 0.5604857991960507, 'fuel_half': 12.224921159070409}.
[I 2026-06-10 21:15:06,433] Trial 31 finished with values: [10.059055456264849, 10.059055456264849] and parameters: {'k1': 0.0006579066240690734, 'D_low': 323.7668055684038, 'k2': 0.002173988526401145, 'D_high': 40237.59749324181, 'fire_exp': 1.1103154430776774, 'P_half': 13.30003421978439, 'pre_dampen_half': 565.0116730717873, 'gpp_af': 28.269551568161315, 'gpp_b': 0.005419266601560437, 'gpp_d': 12.6084874067596, 'ign_k': 0.012868405331151606, 'ign_c': 0.5655677524618509, 'trop_agb_crit': 4.84104109932157, 'trop_k_veg': 1.331829048405031, 'fuel_k': 0.4182971994460706, 'fuel_half': 0.17108183937377372}.
[I 2026-06-10 21:15:08,732] Trial 32 finished with values: [10.769230769178105, 10.769230769178105] and parameters: {'k1': 0.0789912944297869, 'D_low': 8807.303814609768, 'k2': 0.0062036438354928424, 'D_high': 1394.3938716215926, 'fire_exp': 2.0395183461098596, 'P_half': 1799.6169659044353, 'pre_dampen_half': 26.52502871774026, 'gpp_af': 0.006502564919194479, 'gpp_b': 2.9212122082382512, 'gpp_d': 129.6242374700586, 'ign_k': 6.297956449676544, 'ign_c': 79.96096625957166, 'trop_agb_crit': 8.055428067442477, 'trop_k_veg': 1.5943541697874255, 'fuel_k': 3.901762247625935, 'fuel_half': 39.64529634406676}.
[I 2026-06-10 21:15:10,703] Trial 33 finished with values: [10.769230769178105, 10.769230769178105] and parameters: {'k1': 1.5166126720973775e-05, 'D_low': 1.2748758606816126, 'k2': 0.00032051877004248816, 'D_high': 17466.79902070734, 'fire_exp': 9.71127224604189, 'P_half': 3.9963872470333532, 'pre_dampen_half': 9.34659827560161, 'gpp_af': 0.08025170779205826, 'gpp_b': 6.599125487497978, 'gpp_d': 162.4032124640189, 'ign_k': 2.255873896214238, 'ign_c': 7.495017292334739, 'trop_agb_crit': 4.099573751320914, 'trop_k_veg': 1.0670503756847771, 'fuel_k': 0.014342328204470055, 'fuel_half': 39.27960653222747}.
[I 2026-06-10 21:15:12,642] Trial 34 finished with values: [10.769230769178105, 10.769230769178105] and parameters: {'k1': 0.01784859505675317, 'D_low': 9974.030527860266, 'k2': 0.09694989616890215, 'D_high': 1666.1988193989243, 'fire_exp': 5.874723287345401, 'P_half': 6012.608403836943, 'pre_dampen_half': 177.10750027272732, 'gpp_af': 0.017248070105409817, 'gpp_b': 0.005049691095545217, 'gpp_d': 0.04423816211030583, 'ign_k': 6.54943911252001, 'ign_c': 26.588787786923405, 'trop_agb_crit': 2.176372089556642, 'trop_k_veg': 3.2194243225123422, 'fuel_k': 0.5214993171821974, 'fuel_half': 1.1871023209662326}.
