[I 2026-08-20 01:13:17,274] Trial 2464 finished with value: -0.5053933529268175 and parameters: {'k1': 0.05452357372041124, 'D_low': 21.699098228375387, 'k2': 0.0017043375884846744, 'D_high': 7165459.856164127, 'fire_exp': 3.5062480529647884, 'P_half': 164.24575782561206, 'pre_dampen_half': 152.07020349255967, 'gpp_af': 0.863990690469296, 'gpp_b': 0.00034193809024139814, 'gpp_d': 0.8236536184949537, 'ign_k': 7.95361033152468, 'ign_c': 5.871923085947344, 'trop_agb_crit': 12.15498884786869, 'trop_k_veg': 2.55518687769236}. Best is trial 1285 with value: -0.6015874360929447.
[I 2026-08-20 01:13:19,783] Trial 2465 finished with value: 0.6404763887835129 and parameters: {'k1': 6.33544907906771e-05, 'D_low': 228.13236754477722, 'k2': 0.00253010618535074, 'D_high': 2061724.0965400888, 'fire_exp': 4.196695314114268, 'P_half': 1385.238486426473, 'pre_dampen_half': 0.15226921393418885, 'gpp_af': 11.869464825541645, 'gpp_b': 0.0032831890185738236, 'gpp_d': 0.2508882348592142, 'ign_k': 0.003548863721868943, 'ign_c': 0.11177153726667181, 'trop_agb_crit': 1.0822700920479849, 'trop_k_veg': 7.902840495173933}. Best is trial 1285 with value: -0.6015874360929447.
[I 2026-08-20 01:13:22,364] Trial 2466 finished with value: 0.5298726846221353 and parameters: {'k1': 0.0012573355518589137, 'D_low': 45031.100797517676, 'k2': 0.0723842983561553, 'D_high': 783449.7484510334, 'fire_exp': 2.282498593714816, 'P_half': 1.6399491182435684, 'pre_dampen_half': 5.675295863935338, 'gpp_af': 0.14367640230160086, 'gpp_b': 0.0011592589002781225, 'gpp_d': 3.549464223819729, 'ign_k': 1.0953434766781718, 'ign_c': 0.3070920288664078, 'trop_agb_crit': 12.321098371258683, 'trop_k_veg': 3.5427806502471033}. Best is trial 1285 with value: -0.6015874360929447.
[I 2026-08-20 01:13:24,854] Trial 2467 finished with value: 0.6445374145881376 and parameters: {'k1': 0.0017333393016545132, 'D_low': 17.70874109328614, 'k2': 0.014815041903403822, 'D_high': 114451.08376487026, 'fire_exp': 2.8534750331067267, 'P_half': 4.184950328497562, 'pre_dampen_half': 2.434109984655042, 'gpp_af': 17.16622620324439, 'gpp_b': 0.11947193506545954, 'gpp_d': 95.86045725520044, 'ign_k': 1.073581083500519, 'ign_c': 64.99449326083862, 'trop_agb_crit': 4.747494962317935, 'trop_k_veg': 2.9342132822739933}. Best is trial 1285 with value: -0.6015874360929447.
[I 2026-08-20 01:13:27,405] Trial 2468 finished with value: 0.48503722677211836 and parameters: {'k1': 0.03446356427003427, 'D_low': 3026.713302702069, 'k2': 5.849427240709664e-05, 'D_high': 4345039.044520659, 'fire_exp': 2.3910335033671575, 'P_half': 102.04222243432345, 'pre_dampen_half': 25.84149111354634, 'gpp_af': 14.189325520441768, 'gpp_b': 0.034302697134480545, 'gpp_d': 971.6436573683869, 'ign_k': 0.0335449691081012, 'ign_c': 0.3300080647157954, 'trop_agb_crit': 10.44736467141333, 'trop_k_veg': 2.630271377188611}. Best is trial 1285 with value: -0.6015874360929447.
[I 2026-08-20 01:13:30,029] Trial 2469 finished with value: 0.6300467307365869 and parameters: {'k1': 0.0022384212460100595, 'D_low': 17.4521407242287, 'k2': 0.08944714253750474, 'D_high': 55221.93546470547, 'fire_exp': 5.700462254550726, 'P_half': 23.72466464191887, 'pre_dampen_half': 0.10413538581505064, 'gpp_af': 0.019065522333299948, 'gpp_b': 0.14970024784710317, 'gpp_d': 0.4560804645081997, 'ign_k': 0.03967087244343381, 'ign_c': 1.1186585769777384, 'trop_agb_crit': 3.7749230436712473, 'trop_k_veg': 1.0393763876512294}. Best is trial 1285 with value: -0.6015874360929447.
[I 2026-08-20 01:13:32,367] Trial 2470 finished with value: 0.5551307042428777 and parameters: {'k1': 3.774849087491389e-05, 'D_low': 435.26802978100966, 'k2': 0.00023162955108387402, 'D_high': 295473.7636436902, 'fire_exp': 2.9738992741552117, 'P_half': 2.5626398796699337, 'pre_dampen_half': 1.2723342925006875, 'gpp_af': 57.66897361083377, 'gpp_b': 0.07878938984692428, 'gpp_d': 24.332858027030092, 'ign_k': 0.3822758001429678, 'ign_c': 2.8905934288154067, 'trop_agb_crit': 16.010872300595736, 'trop_k_veg': 1.3995171326344078}. Best is trial 1285 with value: -0.6015874360929447.
[I 2026-08-20 01:13:34,754] Trial 2471 finished with value: 0.6274974476296418 and parameters: {'k1': 0.0005255834909056135, 'D_low': 1796.7781502743546, 'k2': 7.318333171698612e-05, 'D_high': 20.745386373046113, 'fire_exp': 1.010606471113443, 'P_half': 6.35727220550899, 'pre_dampen_half': 0.2781829791938345, 'gpp_af': 2.896962209270103, 'gpp_b': 0.0012093780233636612, 'gpp_d': 0.12483900929742216, 'ign_k': 4.8707504499143, 'ign_c': 25.670673169839354, 'trop_agb_crit': 1.381282951651864, 'trop_k_veg': 6.9560507513165355}. Best is trial 1285 with value: -0.6015874360929447.
[I 2026-08-20 01:13:37,097] Trial 2472 finished with value: 0.6020184870833308 and parameters: {'k1': 0.00042403286265614397, 'D_low': 18819.857049443053, 'k2': 0.03791998329912454, 'D_high': 9054080.54526058, 'fire_exp': 2.7300395303705263, 'P_half': 453.0053975066046, 'pre_dampen_half': 25.363695422449002, 'gpp_af': 0.034792517141559204, 'gpp_b': 0.0035206354355760434, 'gpp_d': 1.4635062534201508, 'ign_k': 0.009883934412844584, 'ign_c': 43.73934375156248, 'trop_agb_crit': 3.24325370937423, 'trop_k_veg': 2.0145916483810553}. Best is trial 1285 with value: -0.6015874360929447.
[I 2026-08-20 01:13:40,407] Trial 2473 finished with value: 0.6445374145881376 and parameters: {'k1': 2.6517388360421374e-05, 'D_low': 11.253155581819765, 'k2': 0.05198339921040126, 'D_high': 40.11303426143775, 'fire_exp': 5.221618490749821, 'P_half': 3984.8347650646087, 'pre_dampen_half': 409.60832058760116, 'gpp_af': 19.178870649572833, 'gpp_b': 0.5715579387445918, 'gpp_d': 46.69129935787442, 'ign_k': 0.0011428653563788375, 'ign_c': 976.0630788799018, 'trop_agb_crit': 12.818394866507088, 'trop_k_veg': 5.741148136399671}. Best is trial 1285 with value: -0.6015874360929447.
[I 2026-08-20 01:13:42,728] Trial 2474 finished with value: -0.5440716115751763 and parameters: {'k1': 0.0009191798677493461, 'D_low': 17.45740942536603, 'k2': 0.00015035883718134393, 'D_high': 383719.46741093183, 'fire_exp': 1.9620993494832861, 'P_half': 12.859911245247165, 'pre_dampen_half': 0.43267527201106687, 'gpp_af': 0.60747503248519, 'gpp_b': 1.2775367208334925e-05, 'gpp_d': 1.7757892432184186, 'ign_k': 4.908819704423776, 'ign_c': 4.3125901612514586, 'trop_agb_crit': 2.922020979084599, 'trop_k_veg': 4.717806445630706}. Best is trial 1285 with value: -0.6015874360929447.
[I 2026-08-20 01:13:44,991] Trial 2475 finished with value: 0.4577916250753903 and parameters: {'k1': 0.0013073937168821541, 'D_low': 124.84174443116864, 'k2': 0.0006562557777641611, 'D_high': 4233883.724041925, 'fire_exp': 2.6358109621012136, 'P_half': 1.8506206158006293, 'pre_dampen_half': 0.33246380271259146, 'gpp_af': 0.15570125308354377, 'gpp_b': 7.13002023626599e-05, 'gpp_d': 985.6320752887877, 'ign_k': 7.235200352335427, 'ign_c': 16.8033606420959, 'trop_agb_crit': 5.331527049757445, 'trop_k_veg': 2.482724224246496}. Best is trial 1285 with value: -0.6015874360929447.
[I 2026-08-20 01:13:47,475] Trial 2476 finished with value: 0.6445374145881376 and parameters: {'k1': 0.007714790471897435, 'D_low': 50617.088640096794, 'k2': 3.416563356907517e-05, 'D_high': 98.1452896923638, 'fire_exp': 3.0594348568668326, 'P_half': 7525.003896546049, 'pre_dampen_half': 13.3744706891581, 'gpp_af': 86.1665564648823, 'gpp_b': 0.4906815951827279, 'gpp_d': 9.24781002224455, 'ign_k': 6.348703173099508, 'ign_c': 455.95852626320095, 'trop_agb_crit': 6.932902871826687, 'trop_k_veg': 7.396978284244262}. Best is trial 1285 with value: -0.6015874360929447.
[I 2026-08-20 01:13:49,707] Trial 2477 finished with value: 0.5882880832887464 and parameters: {'k1': 5.91329188976982e-05, 'D_low': 12.123296170301536, 'k2': 0.0009831991584905928, 'D_high': 25057.595146493964, 'fire_exp': 6.466788599102678, 'P_half': 1.3417703941855696, 'pre_dampen_half': 2.0645232067735435, 'gpp_af': 0.01304820526182016, 'gpp_b': 0.0001232549960204388, 'gpp_d': 43.322751307488595, 'ign_k': 0.05568072131452981, 'ign_c': 12.2097417422159, 'trop_agb_crit': 24.947253336719594, 'trop_k_veg': 7.922007505216143}. Best is trial 1285 with value: -0.6015874360929447.
[I 2026-08-20 01:13:52,412] Trial 2478 finished with value: 0.6445374145881376 and parameters: {'k1': 8.666474132044054e-05, 'D_low': 39166.84326761564, 'k2': 1.2173725542417633e-05, 'D_high': 11700.329631819583, 'fire_exp': 8.810995323883333, 'P_half': 11.011517037043504, 'pre_dampen_half': 2.3095805523288684, 'gpp_af': 0.06170730886782697, 'gpp_b': 0.007457916267033388, 'gpp_d': 0.017247585937533057, 'ign_k': 0.0076987890082000346, 'ign_c': 0.31388594289011534, 'trop_agb_crit': 8.728548279683697, 'trop_k_veg': 7.111455122281048}. Best is trial 1285 with value: -0.6015874360929447.
[I 2026-08-20 01:13:54,682] Trial 2479 finished with value: 0.6445374145881376 and parameters: {'k1': 0.0011805276503848953, 'D_low': 2792.468929932616, 'k2': 2.4305298181156973e-05, 'D_high': 948.3500220923344, 'fire_exp': 5.419872770562029, 'P_half': 1.6696306771756213, 'pre_dampen_half': 634.6655528660965, 'gpp_af': 0.01606424408637101, 'gpp_b': 0.0294948962005163, 'gpp_d': 1.0691495876902901, 'ign_k': 0.12418866866624736, 'ign_c': 650.2931551312618, 'trop_agb_crit': 28.494206550855996, 'trop_k_veg': 2.190651052896577}. Best is trial 1285 with value: -0.6015874360929447.
[I 2026-08-20 01:13:56,923] Trial 2480 finished with value: 0.6072181866485006 and parameters: {'k1': 2.1301485609781592e-05, 'D_low': 42.931508777797006, 'k2': 0.00011225675696894849, 'D_high': 37494.782822460475, 'fire_exp': 5.344227509267286, 'P_half': 1.8818707761603088, 'pre_dampen_half': 372.70298469149606, 'gpp_af': 1.032876451677882, 'gpp_b': 0.019738102747897213, 'gpp_d': 1.3347961154771302, 'ign_k': 0.017025372774215404, 'ign_c': 0.285915928030286, 'trop_agb_crit': 12.490854693089881, 'trop_k_veg': 6.8437253788028425}. Best is trial 1285 with value: -0.6015874360929447.
[I 2026-08-20 01:13:59,641] Trial 2481 finished with value: 0.6445374145881376 and parameters: {'k1': 0.0018186421357474212, 'D_low': 133879.01259300302, 'k2': 0.0009960344355990863, 'D_high': 200.105306093908, 'fire_exp': 1.1870366593222277, 'P_half': 8.32086092070558, 'pre_dampen_half': 130.78773828070052, 'gpp_af': 9.762807400711365, 'gpp_b': 8.99693137821322, 'gpp_d': 871.1347965341766, 'ign_k': 2.1572236794935638, 'ign_c': 6.2562975762557125, 'trop_agb_crit': 9.258766202451843, 'trop_k_veg': 5.355741480223698}. Best is trial 1285 with value: -0.6015874360929447.
[I 2026-08-20 01:14:02,816] Trial 2482 finished with value: 0.6445374145881376 and parameters: {'k1': 2.6527653915704248e-05, 'D_low': 8.559858943497913, 'k2': 0.015357942497078506, 'D_high': 15.194905356809079, 'fire_exp': 5.562676496546837, 'P_half': 4929.499097258973, 'pre_dampen_half': 47.29652080625443, 'gpp_af': 0.29082646702147974, 'gpp_b': 0.017633933520435678, 'gpp_d': 26.45833985960259, 'ign_k': 0.015852360013984466, 'ign_c': 652.9094396720452, 'trop_agb_crit': 6.0233637925094365, 'trop_k_veg': 1.134329509713261}. Best is trial 1285 with value: -0.6015874360929447.
[I 2026-08-20 01:14:05,164] Trial 2483 finished with value: 0.6445374145881376 and parameters: {'k1': 0.03136151670529262, 'D_low': 106307.4238677754, 'k2': 0.0013622226278524351, 'D_high': 13.487146545331631, 'fire_exp': 7.079733768195352, 'P_half': 2443.831178053688, 'pre_dampen_half': 0.0268155203361231, 'gpp_af': 4.292745065902363, 'gpp_b': 3.752961993396436, 'gpp_d': 0.011710699852964563, 'ign_k': 0.0027854242497764655, 'ign_c': 1.0866539416971548, 'trop_agb_crit': 4.070979031587462, 'trop_k_veg': 0.7101226063443368}. Best is trial 1285 with value: -0.6015874360929447.
[I 2026-08-20 01:14:07,567] Trial 2484 finished with value: 0.6445374145881376 and parameters: {'k1': 0.0007489007593801915, 'D_low': 96533.50027061811, 'k2': 0.02486645799103742, 'D_high': 4604.9666280237325, 'fire_exp': 6.022236145264388, 'P_half': 4.613535294405432, 'pre_dampen_half': 0.055378581923440154, 'gpp_af': 0.004647249434516857, 'gpp_b': 0.34310253869451557, 'gpp_d': 695.4228783776563, 'ign_k': 2.69666253795285, 'ign_c': 38.76721698180015, 'trop_agb_crit': 6.38438202330517, 'trop_k_veg': 1.7998804767193024}. Best is trial 1285 with value: -0.6015874360929447.
[I 2026-08-20 01:14:09,922] Trial 2485 finished with value: -0.5462885194642576 and parameters: {'k1': 0.02125046874525063, 'D_low': 20814.09432283327, 'k2': 0.0006449056133787453, 'D_high': 2204055.606802834, 'fire_exp': 2.3674002910057803, 'P_half': 2.58287993505942, 'pre_dampen_half': 60.79150480826464, 'gpp_af': 2.7547243968663016, 'gpp_b': 0.0912475702548478, 'gpp_d': 360.5142170873944, 'ign_k': 0.24935913866852533, 'ign_c': 0.13827567889780468, 'trop_agb_crit': 10.613457685176437, 'trop_k_veg': 3.328294924762256}. Best is trial 1285 with value: -0.6015874360929447.
[I 2026-08-20 01:14:12,178] Trial 2486 finished with value: 0.6010940188070393 and parameters: {'k1': 6.743320114968614e-05, 'D_low': 41931.12093005751, 'k2': 0.0003083760563482613, 'D_high': 49433.64216213827, 'fire_exp': 1.563604960362025, 'P_half': 1291.6869131491665, 'pre_dampen_half': 12.985935442370412, 'gpp_af': 0.008753350154236735, 'gpp_b': 1.6581197314440522e-05, 'gpp_d': 3.394830501665574, 'ign_k': 0.3923790756112274, 'ign_c': 29.43959640355596, 'trop_agb_crit': 9.998451019117175, 'trop_k_veg': 3.0568002878576612}. Best is trial 1285 with value: -0.6015874360929447.
[I 2026-08-20 01:14:14,489] Trial 2487 finished with value: -0.48413550769802194 and parameters: {'k1': 0.01721255157287568, 'D_low': 126.84110030136927, 'k2': 3.931278116246962e-05, 'D_high': 23856.04675140466, 'fire_exp': 1.9737122618469491, 'P_half': 23.461151994546157, 'pre_dampen_half': 19.267075242888343, 'gpp_af': 0.5060688033642754, 'gpp_b': 0.021987379601796767, 'gpp_d': 782.0210662749482, 'ign_k': 1.0840871987348262, 'ign_c': 0.12126023390452728, 'trop_agb_crit': 4.193462587824605, 'trop_k_veg': 3.8207286027569225}. Best is trial 1285 with value: -0.6015874360929447.
[I 2026-08-20 01:14:17,065] Trial 2488 finished with value: 0.6445374145881376 and parameters: {'k1': 0.05757122743232885, 'D_low': 173077.74177113618, 'k2': 8.047300821891097e-05, 'D_high': 88.69236232951228, 'fire_exp': 1.9077184897065023, 'P_half': 6696.872870500484, 'pre_dampen_half': 416.6027381648921, 'gpp_af': 2.9249056229048165, 'gpp_b': 0.228758357877043, 'gpp_d': 27.956706994426074, 'ign_k': 0.009953767094610377, 'ign_c': 0.42110391332661445, 'trop_agb_crit': 4.368537214306076, 'trop_k_veg': 3.204069728866026}. Best is trial 1285 with value: -0.6015874360929447.
[I 2026-08-20 01:14:19,327] Trial 2489 finished with value: 0.5828849289569147 and parameters: {'k1': 0.0031245390460602107, 'D_low': 6.4360563829346775, 'k2': 0.0006659750348835899, 'D_high': 894294.7028755434, 'fire_exp': 7.516552616822185, 'P_half': 1101.3518193661048, 'pre_dampen_half': 550.914042139137, 'gpp_af': 0.026171607197839807, 'gpp_b': 3.385070584381222e-05, 'gpp_d': 68.78629280374298, 'ign_k': 8.940908949899487, 'ign_c': 6.572791513678817, 'trop_agb_crit': 18.170661750157084, 'trop_k_veg': 2.68563389188057}. Best is trial 1285 with value: -0.6015874360929447.
[I 2026-08-20 01:14:21,690] Trial 2490 finished with value: -0.572235571441282 and parameters: {'k1': 0.0017157904217272146, 'D_low': 11.289415452264361, 'k2': 0.000374562548786994, 'D_high': 89435.73830536181, 'fire_exp': 3.3326044603211473, 'P_half': 95.60250296776378, 'pre_dampen_half': 159.38817633906893, 'gpp_af': 0.09399597850769618, 'gpp_b': 0.00029567211290679044, 'gpp_d': 6.841641357096527, 'ign_k': 6.6933566920289875, 'ign_c': 20.565489473086494, 'trop_agb_crit': 2.8527271957330056, 'trop_k_veg': 4.5574594633068894}. Best is trial 1285 with value: -0.6015874360929447.
[I 2026-08-20 01:14:24,909] Trial 2491 finished with value: 0.5818191748037035 and parameters: {'k1': 0.0036437802068117415, 'D_low': 11.733563720195523, 'k2': 0.0013304547497139908, 'D_high': 3878180.561717274, 'fire_exp': 1.7405392091068492, 'P_half': 64.61747413781609, 'pre_dampen_half': 0.10211379724481758, 'gpp_af': 2.081632266965939, 'gpp_b': 0.00012132842158452733, 'gpp_d': 151.92096052419677, 'ign_k': 0.005434713180997279, 'ign_c': 450.7499162129059, 'trop_agb_crit': 28.232712833628824, 'trop_k_veg': 4.010791584045298}. Best is trial 1285 with value: -0.6015874360929447.
[I 2026-08-20 01:14:27,074] Trial 2492 finished with value: 0.6259810122954805 and parameters: {'k1': 1.6226034066728147e-05, 'D_low': 109664.10184159993, 'k2': 0.003661370580142487, 'D_high': 578.9160188569883, 'fire_exp': 1.0472720471820234, 'P_half': 8.087746371574502, 'pre_dampen_half': 12.213126464114652, 'gpp_af': 0.028085498943717615, 'gpp_b': 5.277297502490732, 'gpp_d': 56.24005794823276, 'ign_k': 0.0010122964910620096, 'ign_c': 50.924860997690566, 'trop_agb_crit': 6.557689330134776, 'trop_k_veg': 4.043768373816391}. Best is trial 1285 with value: -0.6015874360929447.
[I 2026-08-20 01:14:29,444] Trial 2493 finished with value: -0.563270430769781 and parameters: {'k1': 0.005633743548754103, 'D_low': 65.28041507939642, 'k2': 0.01990180807977653, 'D_high': 501022.86602907866, 'fire_exp': 4.1344548255810185, 'P_half': 1.0481394742047083, 'pre_dampen_half': 1.9420665945084472, 'gpp_af': 31.56573031385726, 'gpp_b': 0.028419549027612415, 'gpp_d': 478.60052397536555, 'ign_k': 0.7451636254741604, 'ign_c': 1.6247597151208109, 'trop_agb_crit': 2.9335382075228726, 'trop_k_veg': 3.2652853119763314}. Best is trial 1285 with value: -0.6015874360929447.
[I 2026-08-20 01:14:31,878] Trial 2494 finished with value: 0.5607437796314167 and parameters: {'k1': 0.00030179415044469287, 'D_low': 15.05088947759768, 'k2': 0.0013385075789973113, 'D_high': 63109.84685458765, 'fire_exp': 6.138171733040715, 'P_half': 160.05942647118468, 'pre_dampen_half': 8.116350304777319, 'gpp_af': 0.12049331389770991, 'gpp_b': 0.00010661483823975631, 'gpp_d': 5.2733771465587305, 'ign_k': 2.116831522998959, 'ign_c': 3.1758916635241996, 'trop_agb_crit': 10.339191846387598, 'trop_k_veg': 2.944861611254858}. Best is trial 1285 with value: -0.6015874360929447.
[I 2026-08-20 01:14:34,550] Trial 2495 finished with value: 0.6031545448029025 and parameters: {'k1': 0.08461213725191384, 'D_low': 3231.075659728288, 'k2': 0.00022998002698287854, 'D_high': 38.40110120150915, 'fire_exp': 1.559572226033597, 'P_half': 94.47597009841874, 'pre_dampen_half': 768.888964280045, 'gpp_af': 0.4197942744662898, 'gpp_b': 0.012548204866702894, 'gpp_d': 1.3045489428144748, 'ign_k': 0.0025185097511853704, 'ign_c': 8.382496821349067, 'trop_agb_crit': 10.238355179959663, 'trop_k_veg': 7.760047007757313}. Best is trial 1285 with value: -0.6015874360929447.
[I 2026-08-20 01:14:36,949] Trial 2496 finished with value: 0.4171435799071015 and parameters: {'k1': 0.0022958191478933162, 'D_low': 400.81358447425026, 'k2': 0.00034904356371438837, 'D_high': 302888.5237312862, 'fire_exp': 3.3047304071334067, 'P_half': 5.487023245674532, 'pre_dampen_half': 19.37060393810027, 'gpp_af': 4.6854194216517095, 'gpp_b': 0.21288604606555034, 'gpp_d': 181.47600052268305, 'ign_k': 0.3545624629570399, 'ign_c': 0.9574807848404384, 'trop_agb_crit': 14.97291289158182, 'trop_k_veg': 2.4773666915605865}. Best is trial 1285 with value: -0.6015874360929447.
[I 2026-08-20 01:14:39,700] Trial 2497 finished with value: -0.5519288525057304 and parameters: {'k1': 0.03659322405626245, 'D_low': 731.449963684276, 'k2': 0.0011371454132710795, 'D_high': 9632940.655991923, 'fire_exp': 3.2211153728104707, 'P_half': 401.449137374913, 'pre_dampen_half': 170.5154716606367, 'gpp_af': 10.15897596643195, 'gpp_b': 0.09302022432220738, 'gpp_d': 331.35967796890225, 'ign_k': 1.93301446227201, 'ign_c': 0.9450658295633306, 'trop_agb_crit': 25.22009967901672, 'trop_k_veg': 2.039826010446237}. Best is trial 1285 with value: -0.6015874360929447.
[I 2026-08-20 01:14:42,156] Trial 2498 finished with value: 0.6262058044114921 and parameters: {'k1': 0.024844161932329807, 'D_low': 231.3196941906839, 'k2': 0.0021548596685646536, 'D_high': 846735.2903255218, 'fire_exp': 1.6817591074013423, 'P_half': 19.420663284607173, 'pre_dampen_half': 0.5526671379156853, 'gpp_af': 7.538449227787506, 'gpp_b': 1.1290893252542754e-05, 'gpp_d': 0.015796636279090833, 'ign_k': 0.04726953379409807, 'ign_c': 10.92783270033991, 'trop_agb_crit': 20.671182344469237, 'trop_k_veg': 0.5979736784855971}. Best is trial 1285 with value: -0.6015874360929447.
