[I 2026-08-06 10:17:48,282] Trial 351 finished with values: [10.750559866778383, 10.750559866778383] and parameters: {'k1': 0.012840669372724958, 'D_low': 70.18267183720735, 'k2': 0.003767022142229395, 'D_high': 5254.8834372681695, 'fire_exp': 1.0601964743503993, 'P_half': 4.213183643253957, 'pre_dampen_half': 107.40052367919465, 'gpp_af': 1.2389588752305056, 'gpp_b': 0.1500112079985056, 'gpp_d': 84.31013932082456, 'ign_k': 0.00840038491455979, 'ign_c': 20.03995359361212, 'trop_agb_crit': 1.6878075072665546, 'trop_k_veg': 6.9782110227926815}.
[I 2026-08-06 10:17:49,431] Trial 352 finished with values: [-0.5173945499133561, 0.17563280201039544] and parameters: {'k1': 2.316457903103837e-05, 'D_low': 520.4862686958022, 'k2': 0.014344484793173472, 'D_high': 645.2946500764235, 'fire_exp': 1.3170256885255098, 'P_half': 5.076307782729897, 'pre_dampen_half': 63.6685916079943, 'gpp_af': 0.2204465010099918, 'gpp_b': 0.0005739662837359252, 'gpp_d': 4.25060659305504, 'ign_k': 0.01364908766641695, 'ign_c': 2.8335389417624683, 'trop_agb_crit': 8.997007571451054, 'trop_k_veg': 0.983473833513531}.
[I 2026-08-06 10:17:50,555] Trial 353 finished with values: [10.10909751930148, 10.10909751930148] and parameters: {'k1': 0.012840669372724958, 'D_low': 70.18267183720735, 'k2': 8.923807143379776e-05, 'D_high': 5670.3463356272905, 'fire_exp': 1.0601964743503993, 'P_half': 2.0314811950454943, 'pre_dampen_half': 107.40052367919465, 'gpp_af': 1.9706963379095486, 'gpp_b': 0.1500112079985056, 'gpp_d': 84.31013932082456, 'ign_k': 0.00840038491455979, 'ign_c': 20.03995359361212, 'trop_agb_crit': 24.584290528289387, 'trop_k_veg': 4.030242248006271}.
[I 2026-08-06 10:17:51,728] Trial 354 finished with values: [10.769230768838547, 10.769230768838547] and parameters: {'k1': 2.316457903103837e-05, 'D_low': 520.4862686958022, 'k2': 4.30943585950406e-05, 'D_high': 1578.0309954142967, 'fire_exp': 7.601000466715835, 'P_half': 140.74279366401683, 'pre_dampen_half': 8.594202650742222, 'gpp_af': 22.867444764010127, 'gpp_b': 7.210246166617508e-05, 'gpp_d': 0.12878367369717508, 'ign_k': 0.00840038491455979, 'ign_c': 48.704711413416454, 'trop_agb_crit': 1.0693376406863295, 'trop_k_veg': 3.49157152291552}.
[I 2026-08-06 10:17:52,867] Trial 355 finished with values: [10.672070908763235, 10.672070908763235] and parameters: {'k1': 0.004312951023617458, 'D_low': 1397.5908789482219, 'k2': 1.915468390724633e-05, 'D_high': 3712.591045287726, 'fire_exp': 1.0629462657398439, 'P_half': 1.309149162209817, 'pre_dampen_half': 8.594202650742222, 'gpp_af': 0.7539992074650279, 'gpp_b': 0.0021331409710300844, 'gpp_d': 16.460426816350523, 'ign_k': 0.0680787482656459, 'ign_c': 15.221840161091626, 'trop_agb_crit': 8.997007571451054, 'trop_k_veg': 3.49157152291552}.
[I 2026-08-06 10:17:54,008] Trial 356 finished with values: [10.297215204501867, 10.297215204501867] and parameters: {'k1': 2.316457903103837e-05, 'D_low': 520.4862686958022, 'k2': 1.915468390724633e-05, 'D_high': 3712.591045287726, 'fire_exp': 1.0629462657398439, 'P_half': 140.74279366401683, 'pre_dampen_half': 8.594202650742222, 'gpp_af': 1.9706963379095486, 'gpp_b': 3.481277316673104e-05, 'gpp_d': 134.6119925566483, 'ign_k': 0.0032770228519285686, 'ign_c': 2.8335389417624683, 'trop_agb_crit': 24.584290528289387, 'trop_k_veg': 6.2065960186008615}.
[I 2026-08-06 10:17:55,149] Trial 357 finished with values: [10.659532163816936, 10.659532163816936] and parameters: {'k1': 0.004053638704742309, 'D_low': 4.484744524732794, 'k2': 1.915468390724633e-05, 'D_high': 3712.591045287726, 'fire_exp': 1.4665043946307825, 'P_half': 220.3445560633069, 'pre_dampen_half': 502.5175192217655, 'gpp_af': 0.06789053271698488, 'gpp_b': 0.12746711578215045, 'gpp_d': 16.460426816350523, 'ign_k': 0.010167079878196114, 'ign_c': 2.957080941494347, 'trop_agb_crit': 1.0455434848969813, 'trop_k_veg': 3.869465953383845}.
[I 2026-08-06 10:17:56,289] Trial 358 finished with values: [-0.4905884666593502, 0.11754438117140686] and parameters: {'k1': 0.012021930484915042, 'D_low': 2.4622754931226587, 'k2': 0.00021901578520649233, 'D_high': 9419.6122359782, 'fire_exp': 1.0629462657398439, 'P_half': 54.37591736923918, 'pre_dampen_half': 5.048653998722947, 'gpp_af': 1.200191344086032, 'gpp_b': 1.5385046399532158e-05, 'gpp_d': 16.460426816350523, 'ign_k': 0.11619873314872933, 'ign_c': 1.9580595319750387, 'trop_agb_crit': 1.0455434848969813, 'trop_k_veg': 0.983473833513531}.
[I 2026-08-06 10:17:57,412] Trial 359 finished with values: [10.519064153693053, 10.519064153693053] and parameters: {'k1': 0.008912611835817005, 'D_low': 355.00125258511594, 'k2': 0.0003432139136241583, 'D_high': 431.45617043093523, 'fire_exp': 1.3170256885255098, 'P_half': 5.076307782729897, 'pre_dampen_half': 63.6685916079943, 'gpp_af': 1.9706963379095486, 'gpp_b': 0.14577755664212386, 'gpp_d': 757.2868182332339, 'ign_k': 0.0043958167971197126, 'ign_c': 20.03995359361212, 'trop_agb_crit': 3.848553322122042, 'trop_k_veg': 3.1473758868965476}.
[I 2026-08-06 10:17:58,553] Trial 360 finished with values: [10.769230675911235, 10.769230675911235] and parameters: {'k1': 2.316457903103837e-05, 'D_low': 7.299348683062307, 'k2': 1.8205657658407255e-05, 'D_high': 21.947742689197344, 'fire_exp': 6.576079034416172, 'P_half': 220.3445560633069, 'pre_dampen_half': 502.5175192217655, 'gpp_af': 1.9706963379095486, 'gpp_b': 7.210246166617508e-05, 'gpp_d': 4.25060659305504, 'ign_k': 0.0680787482656459, 'ign_c': 15.221840161091626, 'trop_agb_crit': 1.0903028125370984, 'trop_k_veg': 2.4336356947036335}.
[I 2026-08-06 10:17:59,866] Trial 361 finished with values: [10.722587233226678, 10.722587233226678] and parameters: {'k1': 0.004312951023617458, 'D_low': 4.484744524732794, 'k2': 0.003767022142229395, 'D_high': 21.947742689197344, 'fire_exp': 1.221575427404682, 'P_half': 220.3445560633069, 'pre_dampen_half': 502.5175192217655, 'gpp_af': 14.476743839391009, 'gpp_b': 0.0021331409710300844, 'gpp_d': 0.043441170039664925, 'ign_k': 0.01364908766641695, 'ign_c': 48.704711413416454, 'trop_agb_crit': 1.0903028125370984, 'trop_k_veg': 2.4336356947036335}.
[I 2026-08-06 10:18:01,009] Trial 362 finished with values: [11.612595262651467, 11.612595262651467] and parameters: {'k1': 0.004312951023617458, 'D_low': 4.484744524732794, 'k2': 1.915468390724633e-05, 'D_high': 3712.591045287726, 'fire_exp': 1.0629462657398439, 'P_half': 107.12009151798692, 'pre_dampen_half': 552.4163637315892, 'gpp_af': 0.7539992074650279, 'gpp_b': 3.43926796010005e-05, 'gpp_d': 16.460426816350523, 'ign_k': 0.010167079878196114, 'ign_c': 0.10605801312906209, 'trop_agb_crit': 24.584290528289387, 'trop_k_veg': 1.4584243470991722}.
[I 2026-08-06 10:18:02,207] Trial 363 finished with values: [10.766322389431398, 10.766322389431398] and parameters: {'k1': 0.04669327135003539, 'D_low': 12.105387404469584, 'k2': 0.000140654144219877, 'D_high': 3712.591045287726, 'fire_exp': 4.13930014199088, 'P_half': 4.213183643253957, 'pre_dampen_half': 38.00678588560607, 'gpp_af': 1.9706963379095486, 'gpp_b': 0.14577755664212386, 'gpp_d': 757.2868182332339, 'ign_k': 0.00840038491455979, 'ign_c': 0.557280750002996, 'trop_agb_crit': 1.0693376406863295, 'trop_k_veg': 0.6673124511410327}.
[I 2026-08-06 10:18:03,383] Trial 364 finished with values: [10.624155653218466, 10.624155653218466] and parameters: {'k1': 0.004312951023617458, 'D_low': 3.525936800597896, 'k2': 1.915468390724633e-05, 'D_high': 21.947742689197344, 'fire_exp': 1.423480109671474, 'P_half': 221.2683656611821, 'pre_dampen_half': 8.594202650742222, 'gpp_af': 0.7539992074650279, 'gpp_b': 3.481277316673104e-05, 'gpp_d': 16.460426816350523, 'ign_k': 0.01364908766641695, 'ign_c': 15.221840161091626, 'trop_agb_crit': 10.691477813613638, 'trop_k_veg': 1.4584243470991722}.
[I 2026-08-06 10:18:04,606] Trial 365 finished with values: [-0.4728382538140193, 0.18192256299638732] and parameters: {'k1': 0.00031134168041628584, 'D_low': 2.4622754931226587, 'k2': 0.003767022142229395, 'D_high': 84090.06963311543, 'fire_exp': 1.1263716762638152, 'P_half': 336.708521740818, 'pre_dampen_half': 38.00678588560607, 'gpp_af': 1.200191344086032, 'gpp_b': 1.4540386644083135e-05, 'gpp_d': 757.2868182332339, 'ign_k': 0.00840038491455979, 'ign_c': 48.704711413416454, 'trop_agb_crit': 1.0693376406863295, 'trop_k_veg': 0.6673124511410327}.
[I 2026-08-06 10:18:05,787] Trial 366 finished with values: [-0.5133518544935771, 0.11898777437493857] and parameters: {'k1': 0.004312951023617458, 'D_low': 4.484744524732794, 'k2': 1.915468390724633e-05, 'D_high': 3712.591045287726, 'fire_exp': 1.1263716762638152, 'P_half': 220.3445560633069, 'pre_dampen_half': 502.5175192217655, 'gpp_af': 0.7539992074650279, 'gpp_b': 0.0021331409710300844, 'gpp_d': 16.460426816350523, 'ign_k': 0.0680787482656459, 'ign_c': 15.221840161091626, 'trop_agb_crit': 24.584290528289387, 'trop_k_veg': 1.4584243470991722}.
[I 2026-08-06 10:18:06,949] Trial 367 finished with values: [-0.47904632765664734, 0.18394811249072218] and parameters: {'k1': 2.316457903103837e-05, 'D_low': 1397.5908789482219, 'k2': 0.014344484793173472, 'D_high': 42210.21267871043, 'fire_exp': 1.0601964743503993, 'P_half': 140.74279366401683, 'pre_dampen_half': 17.707795393478506, 'gpp_af': 5.335773317316405, 'gpp_b': 7.210246166617508e-05, 'gpp_d': 4.25060659305504, 'ign_k': 0.00840038491455979, 'ign_c': 2.8335389417624683, 'trop_agb_crit': 8.997007571451054, 'trop_k_veg': 3.49157152291552}.
[I 2026-08-06 10:18:08,128] Trial 368 finished with values: [-0.4958873067758306, 0.16424921477696164] and parameters: {'k1': 2.316457903103837e-05, 'D_low': 34.459310919273356, 'k2': 0.014344484793173472, 'D_high': 1493.5213816355397, 'fire_exp': 1.1430983876313219, 'P_half': 523.1053126909052, 'pre_dampen_half': 63.6685916079943, 'gpp_af': 0.7539992074650279, 'gpp_b': 7.210246166617508e-05, 'gpp_d': 84.31013932082456, 'ign_k': 0.00840038491455979, 'ign_c': 2.8335389417624683, 'trop_agb_crit': 1.0455434848969813, 'trop_k_veg': 2.194427136482602}.
[I 2026-08-06 10:18:09,299] Trial 369 finished with values: [-0.4988964078772157, 0.22327111262989296] and parameters: {'k1': 0.00031134168041628584, 'D_low': 70.18267183720735, 'k2': 0.003767022142229395, 'D_high': 109.44963667961977, 'fire_exp': 1.0601964743503993, 'P_half': 4.213183643253957, 'pre_dampen_half': 107.40052367919465, 'gpp_af': 1.9706963379095486, 'gpp_b': 1.4540386644083135e-05, 'gpp_d': 84.31013932082456, 'ign_k': 0.00840038491455979, 'ign_c': 20.03995359361212, 'trop_agb_crit': 1.0693376406863295, 'trop_k_veg': 0.6673124511410327}.
[I 2026-08-06 10:18:10,481] Trial 370 finished with values: [10.255309256367362, 10.255309256367362] and parameters: {'k1': 0.006642027816373391, 'D_low': 4.484744524732794, 'k2': 0.03538758864779238, 'D_high': 3712.591045287726, 'fire_exp': 1.0629462657398439, 'P_half': 220.3445560633069, 'pre_dampen_half': 552.4163637315892, 'gpp_af': 0.7539992074650279, 'gpp_b': 3.481277316673104e-05, 'gpp_d': 16.460426816350523, 'ign_k': 3.589155871450839, 'ign_c': 15.221840161091626, 'trop_agb_crit': 24.584290528289387, 'trop_k_veg': 3.869465953383845}.
[I 2026-08-06 10:18:11,603] Trial 371 finished with values: [11.69967877946598, 11.69967877946598] and parameters: {'k1': 2.766282010813135e-05, 'D_low': 1683.621997588799, 'k2': 8.923807143379776e-05, 'D_high': 8182.111518618414, 'fire_exp': 1.0629462657398439, 'P_half': 4.213183643253957, 'pre_dampen_half': 502.5175192217655, 'gpp_af': 0.6403036652671171, 'gpp_b': 1.4540386644083135e-05, 'gpp_d': 14.792055086678463, 'ign_k': 0.0680787482656459, 'ign_c': 0.557280750002996, 'trop_agb_crit': 7.500118950416987, 'trop_k_veg': 0.6673124511410327}.
[I 2026-08-06 10:18:12,752] Trial 372 finished with values: [10.533177648914819, 10.533177648914819] and parameters: {'k1': 0.008912611835817005, 'D_low': 34.459310919273356, 'k2': 0.0003432139136241583, 'D_high': 21.947742689197344, 'fire_exp': 1.1263716762638152, 'P_half': 220.3445560633069, 'pre_dampen_half': 63.6685916079943, 'gpp_af': 1.200191344086032, 'gpp_b': 0.14577755664212386, 'gpp_d': 10.369565216756202, 'ign_k': 2.1368329072358767, 'ign_c': 15.221840161091626, 'trop_agb_crit': 1.0693376406863295, 'trop_k_veg': 1.4584243470991722}.
[I 2026-08-06 10:18:13,876] Trial 373 finished with values: [10.020450014680778, 10.020450014680778] and parameters: {'k1': 0.004312951023617458, 'D_low': 4.484744524732794, 'k2': 0.03538758864779238, 'D_high': 3712.591045287726, 'fire_exp': 1.0629462657398439, 'P_half': 220.3445560633069, 'pre_dampen_half': 502.5175192217655, 'gpp_af': 0.7539992074650279, 'gpp_b': 0.0021331409710300844, 'gpp_d': 16.460426816350523, 'ign_k': 3.589155871450839, 'ign_c': 15.221840161091626, 'trop_agb_crit': 24.584290528289387, 'trop_k_veg': 0.6743482387129308}.
[I 2026-08-06 10:18:15,061] Trial 374 finished with values: [10.134108898912991, 10.134108898912991] and parameters: {'k1': 0.004312951023617458, 'D_low': 520.4862686958022, 'k2': 1.915468390724633e-05, 'D_high': 63233.81951066786, 'fire_exp': 1.0629462657398439, 'P_half': 220.3445560633069, 'pre_dampen_half': 552.4163637315892, 'gpp_af': 0.7539992074650279, 'gpp_b': 0.07904599925873733, 'gpp_d': 4.25060659305504, 'ign_k': 0.010167079878196114, 'ign_c': 15.221840161091626, 'trop_agb_crit': 7.599113148200974, 'trop_k_veg': 0.983473833513531}.
[I 2026-08-06 10:18:16,195] Trial 375 finished with values: [-0.48986396378842806, 0.15403093927832356] and parameters: {'k1': 0.008912611835817005, 'D_low': 34.459310919273356, 'k2': 1.915468390724633e-05, 'D_high': 1493.5213816355397, 'fire_exp': 1.0629462657398439, 'P_half': 220.3445560633069, 'pre_dampen_half': 552.4163637315892, 'gpp_af': 0.7539992074650279, 'gpp_b': 0.07904599925873733, 'gpp_d': 16.460426816350523, 'ign_k': 0.010167079878196114, 'ign_c': 0.70689749506246, 'trop_agb_crit': 6.275146677376727, 'trop_k_veg': 4.345076509212382}.
[I 2026-08-06 10:18:17,315] Trial 376 finished with values: [10.112882581004353, 10.112882581004353] and parameters: {'k1': 3.23559867820537e-05, 'D_low': 2.6786906100977124, 'k2': 1.915468390724633e-05, 'D_high': 3712.591045287726, 'fire_exp': 1.1263716762638152, 'P_half': 220.3445560633069, 'pre_dampen_half': 552.4163637315892, 'gpp_af': 0.7539992074650279, 'gpp_b': 0.0021331409710300844, 'gpp_d': 16.460426816350523, 'ign_k': 0.0680787482656459, 'ign_c': 15.221840161091626, 'trop_agb_crit': 24.584290528289387, 'trop_k_veg': 1.4584243470991722}.
[I 2026-08-06 10:18:18,455] Trial 377 finished with values: [10.61265157225808, 10.61265157225808] and parameters: {'k1': 0.004312951023617458, 'D_low': 4.484744524732794, 'k2': 8.923807143379776e-05, 'D_high': 11069.082134755383, 'fire_exp': 1.0629462657398439, 'P_half': 220.3445560633069, 'pre_dampen_half': 502.5175192217655, 'gpp_af': 0.7539992074650279, 'gpp_b': 0.14577755664212386, 'gpp_d': 150.14555442537656, 'ign_k': 0.6161423618045312, 'ign_c': 0.557280750002996, 'trop_agb_crit': 1.14876138417489, 'trop_k_veg': 1.4584243470991722}.
[I 2026-08-06 10:18:19,599] Trial 378 finished with values: [10.011080260070424, 10.011080260070424] and parameters: {'k1': 3.23559867820537e-05, 'D_low': 34.459310919273356, 'k2': 0.001462400459012571, 'D_high': 8182.111518618414, 'fire_exp': 1.695318866910499, 'P_half': 220.3445560633069, 'pre_dampen_half': 63.6685916079943, 'gpp_af': 0.7539992074650279, 'gpp_b': 3.481277316673104e-05, 'gpp_d': 150.14555442537656, 'ign_k': 2.1368329072358767, 'ign_c': 0.70689749506246, 'trop_agb_crit': 24.584290528289387, 'trop_k_veg': 1.6081790145072552}.
[I 2026-08-06 10:18:20,844] Trial 379 finished with values: [10.6113837074255, 10.6113837074255] and parameters: {'k1': 0.004312951023617458, 'D_low': 1112.9571947046009, 'k2': 8.923807143379776e-05, 'D_high': 63233.81951066786, 'fire_exp': 1.423480109671474, 'P_half': 221.2683656611821, 'pre_dampen_half': 8.594202650742222, 'gpp_af': 1.9706963379095486, 'gpp_b': 3.481277316673104e-05, 'gpp_d': 150.14555442537656, 'ign_k': 0.0680787482656459, 'ign_c': 0.557280750002996, 'trop_agb_crit': 10.691477813613638, 'trop_k_veg': 1.0594599158279707}.
[I 2026-08-06 10:18:21,997] Trial 380 finished with values: [10.177412500513078, 10.177412500513078] and parameters: {'k1': 0.07111611367121734, 'D_low': 4.484744524732794, 'k2': 0.03538758864779238, 'D_high': 233.07122788234065, 'fire_exp': 1.0629462657398439, 'P_half': 220.3445560633069, 'pre_dampen_half': 552.4163637315892, 'gpp_af': 0.7539992074650279, 'gpp_b': 0.14577755664212386, 'gpp_d': 16.460426816350523, 'ign_k': 3.589155871450839, 'ign_c': 2.414259639010457, 'trop_agb_crit': 1.8545640943955186, 'trop_k_veg': 0.983473833513531}.
[I 2026-08-06 10:18:23,136] Trial 381 finished with values: [10.767284198683665, 10.767284198683665] and parameters: {'k1': 0.003392247823857357, 'D_low': 70.18267183720735, 'k2': 0.003767022142229395, 'D_high': 8182.111518618414, 'fire_exp': 8.551220505983894, 'P_half': 220.3445560633069, 'pre_dampen_half': 502.5175192217655, 'gpp_af': 0.003254982364882647, 'gpp_b': 3.481277316673104e-05, 'gpp_d': 84.31013932082456, 'ign_k': 0.0680787482656459, 'ign_c': 0.557280750002996, 'trop_agb_crit': 1.14876138417489, 'trop_k_veg': 0.6673124511410327}.
[I 2026-08-06 10:18:24,291] Trial 382 finished with values: [10.705807428339813, 10.705807428339813] and parameters: {'k1': 0.004312951023617458, 'D_low': 355.00125258511594, 'k2': 0.003101429427212743, 'D_high': 56093.68210693188, 'fire_exp': 4.87400221596597, 'P_half': 4.087300390305745, 'pre_dampen_half': 63.6685916079943, 'gpp_af': 1.9706963379095486, 'gpp_b': 3.481277316673104e-05, 'gpp_d': 0.12878367369717508, 'ign_k': 0.0680787482656459, 'ign_c': 0.557280750002996, 'trop_agb_crit': 1.14876138417489, 'trop_k_veg': 1.4584243470991722}.
[I 2026-08-06 10:18:25,477] Trial 383 finished with values: [10.39490352970228, 10.39490352970228] and parameters: {'k1': 0.006642027816373391, 'D_low': 355.00125258511594, 'k2': 0.03538758864779238, 'D_high': 3712.591045287726, 'fire_exp': 1.3170256885255098, 'P_half': 220.3445560633069, 'pre_dampen_half': 552.4163637315892, 'gpp_af': 0.7539992074650279, 'gpp_b': 0.14577755664212386, 'gpp_d': 5.1715677287580455, 'ign_k': 0.12329098365270515, 'ign_c': 15.221840161091626, 'trop_agb_crit': 24.584290528289387, 'trop_k_veg': 0.6743482387129308}.
[I 2026-08-06 10:18:26,617] Trial 384 finished with values: [10.701838069143886, 10.701838069143886] and parameters: {'k1': 0.00031134168041628584, 'D_low': 520.4862686958022, 'k2': 1.1065812688893481e-05, 'D_high': 431.45617043093523, 'fire_exp': 1.0601964743503993, 'P_half': 4.213183643253957, 'pre_dampen_half': 8.594202650742222, 'gpp_af': 5.335773317316405, 'gpp_b': 0.0054502936945582505, 'gpp_d': 0.02183661391281564, 'ign_k': 0.015990213696558658, 'ign_c': 11.400863701127316, 'trop_agb_crit': 7.500118950416987, 'trop_k_veg': 0.6673124511410327}.
[I 2026-08-06 10:18:27,754] Trial 385 finished with values: [10.766699397797229, 10.766699397797229] and parameters: {'k1': 0.012840669372724958, 'D_low': 680.2810205786727, 'k2': 8.923807143379776e-05, 'D_high': 5670.3463356272905, 'fire_exp': 1.0601964743503993, 'P_half': 2.0314811950454943, 'pre_dampen_half': 107.40052367919465, 'gpp_af': 0.002171465868062627, 'gpp_b': 0.1500112079985056, 'gpp_d': 84.31013932082456, 'ign_k': 0.00840038491455979, 'ign_c': 20.03995359361212, 'trop_agb_crit': 24.584290528289387, 'trop_k_veg': 0.6673124511410327}.
[I 2026-08-06 10:18:28,894] Trial 386 finished with values: [10.675368588638843, 10.675368588638843] and parameters: {'k1': 0.004312951023617458, 'D_low': 4.484744524732794, 'k2': 1.915468390724633e-05, 'D_high': 3712.591045287726, 'fire_exp': 1.0629462657398439, 'P_half': 220.3445560633069, 'pre_dampen_half': 8.144272585223819, 'gpp_af': 0.7539992074650279, 'gpp_b': 0.07904599925873733, 'gpp_d': 0.5363092465892282, 'ign_k': 0.010167079878196114, 'ign_c': 15.221840161091626, 'trop_agb_crit': 7.901343398678964, 'trop_k_veg': 1.4584243470991722}.
[I 2026-08-06 10:18:30,065] Trial 387 finished with values: [10.336391130019326, 10.336391130019326] and parameters: {'k1': 0.00016480446427978953, 'D_low': 4.484744524732794, 'k2': 1.915468390724633e-05, 'D_high': 1493.5213816355397, 'fire_exp': 1.1263716762638152, 'P_half': 220.3445560633069, 'pre_dampen_half': 502.5175192217655, 'gpp_af': 0.6403036652671171, 'gpp_b': 0.14577755664212386, 'gpp_d': 19.600139992927435, 'ign_k': 0.010167079878196114, 'ign_c': 30.45524314144142, 'trop_agb_crit': 24.584290528289387, 'trop_k_veg': 3.869465953383845}.
[I 2026-08-06 10:18:31,237] Trial 388 finished with values: [-0.5159580506556812, 0.11868386459005265] and parameters: {'k1': 0.008912611835817005, 'D_low': 4.484744524732794, 'k2': 1.915468390724633e-05, 'D_high': 21.947742689197344, 'fire_exp': 1.1263716762638152, 'P_half': 220.3445560633069, 'pre_dampen_half': 552.4163637315892, 'gpp_af': 24.725776073156705, 'gpp_b': 0.14577755664212386, 'gpp_d': 16.460426816350523, 'ign_k': 0.010167079878196114, 'ign_c': 0.70689749506246, 'trop_agb_crit': 24.584290528289387, 'trop_k_veg': 2.194427136482602}.
[I 2026-08-06 10:18:32,361] Trial 389 finished with values: [10.769230768838547, 10.769230768838547] and parameters: {'k1': 0.004312951023617458, 'D_low': 1112.9571947046009, 'k2': 8.923807143379776e-05, 'D_high': 8182.111518618414, 'fire_exp': 1.1263716762638152, 'P_half': 220.3445560633069, 'pre_dampen_half': 0.01693207443721426, 'gpp_af': 0.7539992074650279, 'gpp_b': 0.0021331409710300844, 'gpp_d': 16.460426816350523, 'ign_k': 0.0680787482656459, 'ign_c': 306.3001606653075, 'trop_agb_crit': 1.0455434848969813, 'trop_k_veg': 7.433058058371263}.
