[I 2026-08-19 17:02:22,064] Trial 144 finished with value: 0.5542149836889453 and parameters: {'k1': 0.0007672475427598135, 'D_low': 5009.8413467464, 'k2': 5.323355029318923e-05, 'D_high': 6391671.1130893715, 'fire_exp': 1.4648294992832238, 'P_half': 1.3136800493399545, 'pre_dampen_half': 11.847270248373672, 'gpp_af': 0.005479457134923262, 'gpp_b': 0.0018984939701722193, 'gpp_d': 0.3138000589430562, 'ign_k': 0.00382500116923882, 'ign_c': 2.530670583668523, 'trop_agb_crit': 10.475647011907101, 'trop_k_veg': 0.9441591315612846, 'pop_amp': 0.008484146099395691, 'pop_peak': 22.291986813323696, 'pop_sig': 1.7979462347872737, 'fuel_k': 0.12827651751614938, 'fuel_half': 26.66965737892193}. Best is trial 0 with value: -0.6094076133578652.
[I 2026-08-19 17:02:23,672] Trial 145 finished with value: 0.5597420177077577 and parameters: {'k1': 0.0020229181307572447, 'D_low': 139.04839753802156, 'k2': 0.004250204388259386, 'D_high': 1239554.0616436377, 'fire_exp': 1.680338354815017, 'P_half': 14.489411912600408, 'pre_dampen_half': 0.11336986763489999, 'gpp_af': 63.68228500821505, 'gpp_b': 0.818524706667565, 'gpp_d': 105.1674145896911, 'ign_k': 0.029808231886584977, 'ign_c': 1.045061184405608, 'trop_agb_crit': 7.5351939088128725, 'trop_k_veg': 0.9658101275758605, 'pop_amp': 0.007076287641957283, 'pop_peak': 0.29942029084111377, 'pop_sig': 0.7368121619517399, 'fuel_k': 0.45047372170813205, 'fuel_half': 28.315941795690215}. Best is trial 0 with value: -0.6094076133578652.
[I 2026-08-19 17:02:25,295] Trial 146 finished with value: 0.565909171908854 and parameters: {'k1': 0.00018449383817617165, 'D_low': 11.635779057233567, 'k2': 6.40227993639801e-05, 'D_high': 4808103.545493472, 'fire_exp': 1.8439647976995734, 'P_half': 12.171239312875375, 'pre_dampen_half': 0.5665340325494912, 'gpp_af': 0.35145886643706337, 'gpp_b': 0.023199094023576936, 'gpp_d': 0.9334767523633709, 'ign_k': 0.008611008751862893, 'ign_c': 0.5353078449694728, 'trop_agb_crit': 2.9270340039217726, 'trop_k_veg': 1.4258446475291129, 'pop_amp': 0.12409774473971111, 'pop_peak': 1.5488521652750553, 'pop_sig': 1.4866864862508957, 'fuel_k': 0.02389486790875082, 'fuel_half': 74.22759227270882}. Best is trial 0 with value: -0.6094076133578652.
[I 2026-08-19 17:02:26,935] Trial 147 finished with value: 0.42486633797542983 and parameters: {'k1': 0.016904640985621867, 'D_low': 3569.5848559288897, 'k2': 0.00406363289359332, 'D_high': 2983487.502474289, 'fire_exp': 1.815542680579259, 'P_half': 80.42903710166262, 'pre_dampen_half': 2.63109700893354, 'gpp_af': 0.19677785854581312, 'gpp_b': 0.000353373615096685, 'gpp_d': 247.68820960386083, 'ign_k': 4.320320266440206, 'ign_c': 0.46913964876816405, 'trop_agb_crit': 1.7359777948467439, 'trop_k_veg': 1.0846251322376388, 'pop_amp': 1.4839117278946856, 'pop_peak': 0.08470347369961789, 'pop_sig': 0.9478868618086664, 'fuel_k': 0.18984356324072887, 'fuel_half': 96.92915089895772}. Best is trial 0 with value: -0.6094076133578652.
[I 2026-08-19 17:02:28,530] Trial 148 finished with value: 0.6270076115455092 and parameters: {'k1': 0.0317355818356467, 'D_low': 239098.48774936126, 'k2': 0.003930786606366219, 'D_high': 2320313.2498915233, 'fire_exp': 1.0313892661756137, 'P_half': 63.58255424033802, 'pre_dampen_half': 0.24698464012712432, 'gpp_af': 2.296093561220617, 'gpp_b': 0.023041339499294888, 'gpp_d': 22.11882620785811, 'ign_k': 0.2838738940692493, 'ign_c': 0.13816532367354237, 'trop_agb_crit': 4.381300043628626, 'trop_k_veg': 0.5615081981850738, 'pop_amp': 11.79515486792475, 'pop_peak': 0.5407610700690796, 'pop_sig': 0.4765402777202431, 'fuel_k': 0.016897689070277475, 'fuel_half': 2.791226404648124}. Best is trial 0 with value: -0.6094076133578652.
[I 2026-08-19 17:02:30,111] Trial 149 finished with value: 0.5977531827433538 and parameters: {'k1': 5.4737339148891325e-05, 'D_low': 5.100124425838514, 'k2': 2.171626192375204e-05, 'D_high': 3480639.014320589, 'fire_exp': 2.279210877116258, 'P_half': 3.6870497365590937, 'pre_dampen_half': 2.872314587615599, 'gpp_af': 0.3633414223942419, 'gpp_b': 0.0036205606953262567, 'gpp_d': 0.08545369874539446, 'ign_k': 0.0031206876460383305, 'ign_c': 0.7095843951936845, 'trop_agb_crit': 5.220352729105134, 'trop_k_veg': 1.2822934657566625, 'pop_amp': 0.01560689022735283, 'pop_peak': 106.36789216634811, 'pop_sig': 0.6625709796154049, 'fuel_k': 0.14665667988788061, 'fuel_half': 3.2920155265612574}. Best is trial 0 with value: -0.6094076133578652.
[I 2026-08-19 17:02:31,757] Trial 150 finished with value: 0.5716138943526672 and parameters: {'k1': 0.0018287025338062704, 'D_low': 512.9676446025239, 'k2': 0.003277045756006567, 'D_high': 371661.3027159092, 'fire_exp': 1.5207808139143322, 'P_half': 150.81912115285087, 'pre_dampen_half': 0.2847193678078034, 'gpp_af': 0.4408034637626139, 'gpp_b': 0.0004617741376359213, 'gpp_d': 0.0429007956181671, 'ign_k': 2.31870304014183, 'ign_c': 0.22174919121468775, 'trop_agb_crit': 1.4992215072868917, 'trop_k_veg': 0.689114875350997, 'pop_amp': 0.0026427248831889503, 'pop_peak': 0.7922298197869662, 'pop_sig': 1.1288720241550203, 'fuel_k': 0.024671769251944104, 'fuel_half': 30.582102887803824}. Best is trial 0 with value: -0.6094076133578652.
[I 2026-08-19 17:02:33,337] Trial 151 finished with value: 0.6415011155033506 and parameters: {'k1': 0.006802402752826632, 'D_low': 46.167384581515954, 'k2': 0.038654773090976806, 'D_high': 913318.6069325979, 'fire_exp': 6.271696849363607, 'P_half': 2.1477104464373387, 'pre_dampen_half': 39.76492835081292, 'gpp_af': 16.087795481650453, 'gpp_b': 0.006394088483388523, 'gpp_d': 0.01436859322127791, 'ign_k': 0.5568451110102279, 'ign_c': 0.6509009235772772, 'trop_agb_crit': 9.430497324171075, 'trop_k_veg': 0.632877222773873, 'pop_amp': 0.018987838896511806, 'pop_peak': 1.8465353567082903, 'pop_sig': 0.7333763148023499, 'fuel_k': 0.3151851404876633, 'fuel_half': 15.748636722911536}. Best is trial 0 with value: -0.6094076133578652.
[I 2026-08-19 17:02:34,946] Trial 152 finished with value: 0.5264030920349738 and parameters: {'k1': 1.9581114115097764e-05, 'D_low': 654.6098874017327, 'k2': 0.0007258274929693169, 'D_high': 228523.03291660416, 'fire_exp': 1.312092891667978, 'P_half': 2.6906702216673346, 'pre_dampen_half': 3.3729916583599975, 'gpp_af': 0.9251112004361308, 'gpp_b': 0.534599565040751, 'gpp_d': 140.93905810504026, 'ign_k': 1.4154368745884007, 'ign_c': 2.6053905535015374, 'trop_agb_crit': 13.033497305947089, 'trop_k_veg': 0.6300516663266748, 'pop_amp': 0.593090850644168, 'pop_peak': 0.10275091474519352, 'pop_sig': 0.8825252448080977, 'fuel_k': 0.15967170927665314, 'fuel_half': 81.59495033167107}. Best is trial 0 with value: -0.6094076133578652.
[I 2026-08-19 17:02:36,543] Trial 153 finished with value: 0.6337489973449856 and parameters: {'k1': 0.0009984859881876865, 'D_low': 5.1846158155630135, 'k2': 0.010515312459769333, 'D_high': 6870192.645027589, 'fire_exp': 3.05492639880795, 'P_half': 80.34478649532775, 'pre_dampen_half': 6.531126484778014, 'gpp_af': 92.10669232228902, 'gpp_b': 0.0003734520365072951, 'gpp_d': 0.06071023148575268, 'ign_k': 3.6883270052824977, 'ign_c': 0.8471523289205827, 'trop_agb_crit': 10.178573114982305, 'trop_k_veg': 0.7924942706530675, 'pop_amp': 0.003788591188203705, 'pop_peak': 11.869432819517467, 'pop_sig': 0.5257427361042668, 'fuel_k': 0.01719519707829667, 'fuel_half': 3.7632142838942677}. Best is trial 0 with value: -0.6094076133578652.
  trial  154/2500  best_overall=0.6094  (4.2 min)
[I 2026-08-19 17:02:38,175] Trial 154 finished with value: 0.5412182101145667 and parameters: {'k1': 0.00011632615160562638, 'D_low': 75.91242405389396, 'k2': 0.041792328302855064, 'D_high': 1251715.545052885, 'fire_exp': 1.1080858580231066, 'P_half': 77.93726349816357, 'pre_dampen_half': 0.4835040489265136, 'gpp_af': 0.004735236970278377, 'gpp_b': 0.003044327661306979, 'gpp_d': 4.747069970090552, 'ign_k': 0.31280929802912044, 'ign_c': 0.15879787535865872, 'trop_agb_crit': 3.7456279371907724, 'trop_k_veg': 0.6557457525314985, 'pop_amp': 0.08441363148844017, 'pop_peak': 0.13531195661187254, 'pop_sig': 1.927836146562487, 'fuel_k': 0.8160934885878361, 'fuel_half': 85.36398578948169}. Best is trial 0 with value: -0.6094076133578652.
[I 2026-08-19 17:02:39,777] Trial 155 finished with value: 0.5699991009001291 and parameters: {'k1': 0.0008677688653754887, 'D_low': 1.4098848828497343, 'k2': 0.01800728009117844, 'D_high': 146991.28524125126, 'fire_exp': 2.164263780685551, 'P_half': 1.9866041206002378, 'pre_dampen_half': 0.5979592170007476, 'gpp_af': 63.05315103217627, 'gpp_b': 0.0022235617809596635, 'gpp_d': 1.4648206824350398, 'ign_k': 4.525124870673059, 'ign_c': 1.074358383106982, 'trop_agb_crit': 10.666575476029161, 'trop_k_veg': 0.902915331302161, 'pop_amp': 0.03654539511938265, 'pop_peak': 6.042099837265438, 'pop_sig': 0.5446657853022172, 'fuel_k': 0.3441808430202785, 'fuel_half': 34.5925730629732}. Best is trial 0 with value: -0.6094076133578652.
[I 2026-08-19 17:02:41,376] Trial 156 finished with value: 0.4387568154957855 and parameters: {'k1': 0.00024866222259452514, 'D_low': 3162.2443485043937, 'k2': 0.00019769942563237992, 'D_high': 186295.4869191717, 'fire_exp': 1.1457248109296239, 'P_half': 1.3023343493710653, 'pre_dampen_half': 0.8145959660895175, 'gpp_af': 2.448894694109193, 'gpp_b': 0.0001215626290066857, 'gpp_d': 44.17601964746012, 'ign_k': 0.3349401823586789, 'ign_c': 1.1661939737846156, 'trop_agb_crit': 4.826787451720799, 'trop_k_veg': 0.6776188895136586, 'pop_amp': 0.0010240097158346593, 'pop_peak': 0.09451792954364993, 'pop_sig': 1.9304857559719062, 'fuel_k': 0.02822662236244841, 'fuel_half': 7.485620008139031}. Best is trial 0 with value: -0.6094076133578652.
[I 2026-08-19 17:02:42,986] Trial 157 finished with value: 0.586219496531673 and parameters: {'k1': 0.0005507994098030677, 'D_low': 828.5932792827155, 'k2': 5.1194165904844514e-05, 'D_high': 378439.6641203305, 'fire_exp': 1.5653465787909193, 'P_half': 2.835738886816139, 'pre_dampen_half': 1.2624965244877144, 'gpp_af': 0.003928838979748379, 'gpp_b': 0.15806688850241474, 'gpp_d': 1.061374027332073, 'ign_k': 0.7888135459004821, 'ign_c': 22.614133910876575, 'trop_agb_crit': 2.0151503580253642, 'trop_k_veg': 0.8537274386069038, 'pop_amp': 0.004457816976946113, 'pop_peak': 4.691738924097708, 'pop_sig': 0.9216945275226591, 'fuel_k': 0.2234300165481665, 'fuel_half': 61.52712682117584}. Best is trial 0 with value: -0.6094076133578652.
[I 2026-08-19 17:02:44,610] Trial 158 finished with value: 0.41396064213720707 and parameters: {'k1': 9.928093785263413e-05, 'D_low': 1652.88291393628, 'k2': 0.0002639902750303851, 'D_high': 3065542.6761007328, 'fire_exp': 1.1931931434763388, 'P_half': 63.010548628084564, 'pre_dampen_half': 1.9564649205356588, 'gpp_af': 0.3948469383546868, 'gpp_b': 0.0013096661642302838, 'gpp_d': 50.77399155544685, 'ign_k': 3.709975296559998, 'ign_c': 0.37956773483328443, 'trop_agb_crit': 18.700280536431308, 'trop_k_veg': 0.9486597939648892, 'pop_amp': 0.005004047327655162, 'pop_peak': 0.5107190991962205, 'pop_sig': 1.0908902214226066, 'fuel_k': 0.05992339131698534, 'fuel_half': 86.82985057111054}. Best is trial 0 with value: -0.6094076133578652.
[I 2026-08-19 17:02:46,197] Trial 159 finished with value: -0.49562294772542054 and parameters: {'k1': 0.00012353748008848148, 'D_low': 5525.827101818505, 'k2': 0.0002531970831384024, 'D_high': 66734.9138755961, 'fire_exp': 1.0802360973274863, 'P_half': 274.29388517985404, 'pre_dampen_half': 8.308715175553278, 'gpp_af': 2.393499852148643, 'gpp_b': 9.643937682161649e-05, 'gpp_d': 1.297508972017858, 'ign_k': 6.910627748048529, 'ign_c': 8.845778509285937, 'trop_agb_crit': 24.285743994116206, 'trop_k_veg': 4.102303124185103, 'pop_amp': 0.029641592286948393, 'pop_peak': 2.3139163331687143, 'pop_sig': 1.5491330058538415, 'fuel_k': 0.8211249999740825, 'fuel_half': 0.3172434081731791}. Best is trial 0 with value: -0.6094076133578652.
[I 2026-08-19 17:02:47,822] Trial 160 finished with value: 0.5870792554495992 and parameters: {'k1': 0.0008300430918493358, 'D_low': 276.0254537586168, 'k2': 0.0002969943326511207, 'D_high': 404144.10516542185, 'fire_exp': 1.1119060048233118, 'P_half': 617.4203157966891, 'pre_dampen_half': 5.969469136900187, 'gpp_af': 9.474378163368003, 'gpp_b': 0.00023370966701348125, 'gpp_d': 0.07926186008309977, 'ign_k': 1.637991380353696, 'ign_c': 6.866605734491787, 'trop_agb_crit': 16.645506523099378, 'trop_k_veg': 3.417077105622609, 'pop_amp': 0.08799681982232503, 'pop_peak': 2.3448447515251307, 'pop_sig': 0.9033853826965306, 'fuel_k': 2.884955123808066, 'fuel_half': 0.6067145440471848}. Best is trial 0 with value: -0.6094076133578652.
[I 2026-08-19 17:02:49,403] Trial 161 finished with value: 0.46192330902951884 and parameters: {'k1': 0.00017074906511562731, 'D_low': 27.81122752354343, 'k2': 3.348006881259755e-05, 'D_high': 6714988.08798451, 'fire_exp': 1.158815942106939, 'P_half': 5.306996983529263, 'pre_dampen_half': 15.130126011247128, 'gpp_af': 0.6315402103797856, 'gpp_b': 0.0812762476851603, 'gpp_d': 4.434692939107026, 'ign_k': 0.00252692344251239, 'ign_c': 2.651687665170369, 'trop_agb_crit': 22.04291145847305, 'trop_k_veg': 0.900063424355422, 'pop_amp': 0.5297786064575368, 'pop_peak': 0.09440885392843729, 'pop_sig': 1.410701689707901, 'fuel_k': 0.4393523030992082, 'fuel_half': 27.32573597660925}. Best is trial 0 with value: -0.6094076133578652.
[I 2026-08-19 17:02:51,000] Trial 162 finished with value: 0.5662928793332823 and parameters: {'k1': 0.007804857214479103, 'D_low': 10.464581090786528, 'k2': 0.004916925983475132, 'D_high': 95866.55766547962, 'fire_exp': 4.23526519361965, 'P_half': 4.810720502033786, 'pre_dampen_half': 0.4788284354896986, 'gpp_af': 0.6791976352503263, 'gpp_b': 6.733447752518017e-05, 'gpp_d': 0.1380964358065972, 'ign_k': 7.475083494859083, 'ign_c': 1.458681570252516, 'trop_agb_crit': 8.576092888017381, 'trop_k_veg': 0.8489816962422484, 'pop_amp': 0.02030724881963476, 'pop_peak': 1.8981821391040792, 'pop_sig': 1.1560842704198393, 'fuel_k': 0.04274734302687334, 'fuel_half': 2.5304591940877557}. Best is trial 0 with value: -0.6094076133578652.
[I 2026-08-19 17:02:52,616] Trial 163 finished with value: 0.5868041278887847 and parameters: {'k1': 0.0001395146906315037, 'D_low': 560.782148822859, 'k2': 0.00034955680013934844, 'D_high': 12434.708345984202, 'fire_exp': 1.474451510936807, 'P_half': 152.6638791193512, 'pre_dampen_half': 0.2783828670110462, 'gpp_af': 1.083751656108581, 'gpp_b': 0.03747546928570508, 'gpp_d': 51.97406619933619, 'ign_k': 0.11148113297181408, 'ign_c': 0.31208895646516666, 'trop_agb_crit': 2.9856770154242467, 'trop_k_veg': 0.5021077172986528, 'pop_amp': 0.017131460151881422, 'pop_peak': 0.4329366170846149, 'pop_sig': 0.5321432930856218, 'fuel_k': 0.11941719059285145, 'fuel_half': 87.24868182141503}. Best is trial 0 with value: -0.6094076133578652.
[I 2026-08-19 17:02:54,229] Trial 164 finished with value: 0.6283517023524294 and parameters: {'k1': 0.0020967912285439396, 'D_low': 51.60080255116134, 'k2': 0.0041088272399323975, 'D_high': 8090826.986025909, 'fire_exp': 2.393767086013319, 'P_half': 86.09971115872374, 'pre_dampen_half': 49.00092251266675, 'gpp_af': 21.54949889851461, 'gpp_b': 0.05897067399375452, 'gpp_d': 0.17051162946848528, 'ign_k': 2.095730356927762, 'ign_c': 0.8932460635834413, 'trop_agb_crit': 11.214636356038596, 'trop_k_veg': 0.7588097522639345, 'pop_amp': 0.13478495314025188, 'pop_peak': 0.2725337829516172, 'pop_sig': 0.925596880975994, 'fuel_k': 0.05630873990541319, 'fuel_half': 21.491185162423218}. Best is trial 0 with value: -0.6094076133578652.
[I 2026-08-19 17:02:55,808] Trial 165 finished with value: 0.5314574143373352 and parameters: {'k1': 2.3255731284783424e-05, 'D_low': 479.60951047777127, 'k2': 0.00035925425920719514, 'D_high': 1817473.591335346, 'fire_exp': 1.1605331703391775, 'P_half': 6.280400487449297, 'pre_dampen_half': 4.931169744887361, 'gpp_af': 0.06271983491751096, 'gpp_b': 0.04067253777374166, 'gpp_d': 6.751524010264242, 'ign_k': 0.06500044975952174, 'ign_c': 0.9787671598402632, 'trop_agb_crit': 9.55654442046438, 'trop_k_veg': 0.6664872057333778, 'pop_amp': 0.0019187478251698194, 'pop_peak': 0.35513573957148664, 'pop_sig': 0.8432211323107545, 'fuel_k': 0.29912027518455514, 'fuel_half': 46.85967825216919}. Best is trial 0 with value: -0.6094076133578652.
[I 2026-08-19 17:02:57,447] Trial 166 finished with value: 0.41143404848465004 and parameters: {'k1': 0.026829175130556993, 'D_low': 524.508678302933, 'k2': 0.04643350482885651, 'D_high': 7504618.805123534, 'fire_exp': 1.127729003477519, 'P_half': 6.648134355269928, 'pre_dampen_half': 2.129331325362101, 'gpp_af': 0.010526328520824784, 'gpp_b': 4.713414288245843e-05, 'gpp_d': 2.292750480225779, 'ign_k': 0.1416328381479805, 'ign_c': 1.3317704481631216, 'trop_agb_crit': 3.0926944639456853, 'trop_k_veg': 0.9115550392675753, 'pop_amp': 0.012650219603291516, 'pop_peak': 0.2913297379287908, 'pop_sig': 1.1661707920575635, 'fuel_k': 0.10730747273249512, 'fuel_half': 80.40588850469824}. Best is trial 0 with value: -0.6094076133578652.
  trial  167/2500  best_overall=0.6094  (4.6 min)
[I 2026-08-19 17:02:59,048] Trial 167 finished with value: 0.6555075580976215 and parameters: {'k1': 1.3258704602134517e-05, 'D_low': 8994.642925405238, 'k2': 0.052081633897202086, 'D_high': 259532.21678424373, 'fire_exp': 1.2378693488560868, 'P_half': 1023.4877172103946, 'pre_dampen_half': 20.254134855699018, 'gpp_af': 0.007706814470361342, 'gpp_b': 2.0887354938662342e-05, 'gpp_d': 1.1517301795695196, 'ign_k': 5.93820207973845, 'ign_c': 37.33143261872522, 'trop_agb_crit': 27.57791005527228, 'trop_k_veg': 1.025232857386312, 'pop_amp': 0.0072989358771031135, 'pop_peak': 5.378377653056032, 'pop_sig': 0.863895530384989, 'fuel_k': 0.9379774913156421, 'fuel_half': 1.0614549364907868}. Best is trial 0 with value: -0.6094076133578652.
[I 2026-08-19 17:03:00,619] Trial 168 finished with value: 0.6141653061971721 and parameters: {'k1': 3.429922687755054e-05, 'D_low': 1934.8689442272362, 'k2': 0.0001933898957295522, 'D_high': 7478.340898650524, 'fire_exp': 1.3711156198803491, 'P_half': 165.90454918324576, 'pre_dampen_half': 0.436023907411643, 'gpp_af': 19.892756292355276, 'gpp_b': 0.00103976358270405, 'gpp_d': 0.5760999290690723, 'ign_k': 6.084662168165466, 'ign_c': 7.464166371345221, 'trop_agb_crit': 12.585204670354425, 'trop_k_veg': 4.983741489951308, 'pop_amp': 0.04500433091064369, 'pop_peak': 0.7034200950886372, 'pop_sig': 1.6928933568462763, 'fuel_k': 0.9028624943252483, 'fuel_half': 0.5755630450634736}. Best is trial 0 with value: -0.6094076133578652.
[I 2026-08-19 17:03:02,187] Trial 169 finished with value: 0.6018447438841168 and parameters: {'k1': 0.0006914877687330062, 'D_low': 1.02649228693368, 'k2': 0.00019471369295735803, 'D_high': 5499.610148749985, 'fire_exp': 1.5947415124924154, 'P_half': 148.62040308107956, 'pre_dampen_half': 0.42705738660800663, 'gpp_af': 0.4773934763168146, 'gpp_b': 0.0002098114948662515, 'gpp_d': 746.4319858839026, 'ign_k': 0.625350300174938, 'ign_c': 44.98545220106524, 'trop_agb_crit': 29.35397521274024, 'trop_k_veg': 0.6811691550806839, 'pop_amp': 0.0050987631491547225, 'pop_peak': 26.685875148536407, 'pop_sig': 1.5509530146704875, 'fuel_k': 0.8322222205459252, 'fuel_half': 22.337421511441285}. Best is trial 0 with value: -0.6094076133578652.
[I 2026-08-19 17:03:03,754] Trial 170 finished with value: 0.6023328222562371 and parameters: {'k1': 0.0003696098098891711, 'D_low': 596.2728616085625, 'k2': 0.0009435912818929593, 'D_high': 2272201.13158197, 'fire_exp': 1.1260793797542294, 'P_half': 3488.193138133415, 'pre_dampen_half': 98.07686664284105, 'gpp_af': 0.24943981311120808, 'gpp_b': 1.797007180237637e-05, 'gpp_d': 1.4927961864200538, 'ign_k': 0.23194472907360014, 'ign_c': 33.95494207650135, 'trop_agb_crit': 16.21744076465628, 'trop_k_veg': 0.9485170128358685, 'pop_amp': 0.0011864900181586598, 'pop_peak': 18.01944870083738, 'pop_sig': 0.4970396732833848, 'fuel_k': 0.774444610433729, 'fuel_half': 0.27394482790185193}. Best is trial 0 with value: -0.6094076133578652.
[I 2026-08-19 17:03:05,332] Trial 171 finished with value: 0.4920447309205108 and parameters: {'k1': 0.04237005079126255, 'D_low': 1712.331754068725, 'k2': 0.0020309771273263498, 'D_high': 1764963.005219163, 'fire_exp': 1.4086506944786803, 'P_half': 46.74601108276095, 'pre_dampen_half': 0.06601878129933626, 'gpp_af': 0.4869271245446371, 'gpp_b': 0.00017501708264947225, 'gpp_d': 2.964794863811187, 'ign_k': 2.900537162635162, 'ign_c': 0.7005025056703146, 'trop_agb_crit': 4.69542243824318, 'trop_k_veg': 0.620474730460293, 'pop_amp': 0.0725574289845539, 'pop_peak': 1.745351833637628, 'pop_sig': 1.9260847237948595, 'fuel_k': 0.11002357435298678, 'fuel_half': 98.04351290848054}. Best is trial 0 with value: -0.6094076133578652.
[I 2026-08-19 17:03:06,908] Trial 172 finished with value: 0.5695255325219155 and parameters: {'k1': 0.0003171302922953268, 'D_low': 7994.007507465504, 'k2': 0.019464270908492672, 'D_high': 43182.93896088934, 'fire_exp': 1.032827205361484, 'P_half': 6.349518656402495, 'pre_dampen_half': 1.219728497607821, 'gpp_af': 9.369805156581627, 'gpp_b': 0.002313885293782633, 'gpp_d': 5.013658711895667, 'ign_k': 0.10959800429322396, 'ign_c': 18.591936639647255, 'trop_agb_crit': 3.4173465834619305, 'trop_k_veg': 1.0230738229468894, 'pop_amp': 0.001973523402209508, 'pop_peak': 0.7935062151158812, 'pop_sig': 0.8615790272834514, 'fuel_k': 0.21333915492655037, 'fuel_half': 12.250163542248549}. Best is trial 0 with value: -0.6094076133578652.
