[I 2026-07-25 00:37:03,366] Trial 994 finished with value: 0.6025163485777953 and parameters: {'k1': 0.007105321956059873, 'D_low': 10516.23768268979, 'k2': 0.004155150388505642, 'D_high': 4705.4868967174225, 'fire_exp': 1.3079539829680362, 'P_half': 56.08018638248292, 'pre_dampen_half': 3.315788424829645, 'gpp_af': 6.039413792634419, 'gpp_b': 0.002623296787341565, 'gpp_d': 112.67061507434386, 'ign_k': 0.009963653072858914, 'ign_c': 0.39276949691326596, 'trop_agb_crit': 3.425954450775159, 'trop_k_veg': 4.9452239199498145, 'gdp_gamma': 0.1649658998727335, 'cure_k': 0.013037474505168385, 'cure_p_min': 341.4762626980665, 'cure_gpp_ref': 1.0112641255146884, 'cure_agb_crit': 2.4134146640831378, 'fuel_k': 0.06146796500619105, 'fuel_half': 8.151992275604805}. Best is trial 577 with value: -0.629883323094065.
[I 2026-07-25 00:37:03,830] Trial 995 finished with value: -0.589116323505827 and parameters: {'k1': 0.003389806929260089, 'D_low': 199.8357380482433, 'k2': 0.031644383639616004, 'D_high': 9865817.934003113, 'fire_exp': 1.6477351975111378, 'P_half': 1201.2128501860188, 'pre_dampen_half': 952.363434051475, 'gpp_af': 1.1540412736025631, 'gpp_b': 4.567104659926838e-05, 'gpp_d': 52.19666011670084, 'ign_k': 0.001086384808934385, 'ign_c': 9.453481166669354, 'trop_agb_crit': 10.345901834926188, 'trop_k_veg': 1.1471522510156003, 'gdp_gamma': 0.8179200390374276, 'cure_k': 0.002501462650830466, 'cure_p_min': 125.01755955547145, 'cure_gpp_ref': 1.8659819212793545, 'cure_agb_crit': 1.5269504699522793, 'fuel_k': 0.409961725678118, 'fuel_half': 72.4096087428644}. Best is trial 577 with value: -0.629883323094065.
[I 2026-07-25 00:37:04,288] Trial 996 finished with value: -0.5132261613604521 and parameters: {'k1': 0.05418935795617676, 'D_low': 710.163397956191, 'k2': 0.0067835183341265265, 'D_high': 35834.3116681219, 'fire_exp': 1.3234667409780174, 'P_half': 34.709927629959374, 'pre_dampen_half': 268.5964851841633, 'gpp_af': 0.5606732972508105, 'gpp_b': 0.00016235111321763614, 'gpp_d': 313.6266269597202, 'ign_k': 0.01185659862087157, 'ign_c': 87.01270862598307, 'trop_agb_crit': 9.590483618422976, 'trop_k_veg': 1.0967313452424479, 'gdp_gamma': 0.2459165861569209, 'cure_k': 0.004002617171863798, 'cure_p_min': 193.42840989878533, 'cure_gpp_ref': 0.9770503075484621, 'cure_agb_crit': 1.5212048929139328, 'fuel_k': 0.10632456526127008, 'fuel_half': 0.6612569530785773}. Best is trial 577 with value: -0.629883323094065.
[I 2026-07-25 00:37:04,744] Trial 997 finished with value: 0.4055306125416114 and parameters: {'k1': 0.0002507862166389354, 'D_low': 1.0455723738580973, 'k2': 0.002627780234923596, 'D_high': 2838368.4009811375, 'fire_exp': 1.1226214796388487, 'P_half': 4.224555337655969, 'pre_dampen_half': 0.21687239014385032, 'gpp_af': 0.3961400357365695, 'gpp_b': 0.0035109311348546684, 'gpp_d': 27.95802089604827, 'ign_k': 0.0013244092081079687, 'ign_c': 3.566690463212351, 'trop_agb_crit': 3.1522896768726936, 'trop_k_veg': 1.292826816199455, 'gdp_gamma': 1.6297696871244618, 'cure_k': 0.011636072161168439, 'cure_p_min': 89.88817296977324, 'cure_gpp_ref': 0.1025685015446115, 'cure_agb_crit': 4.0846459280383565, 'fuel_k': 0.01786828555400495, 'fuel_half': 2.2642505903526744}. Best is trial 577 with value: -0.629883323094065.
[I 2026-07-25 00:37:05,201] Trial 998 finished with value: 0.5029434381745137 and parameters: {'k1': 0.030755625291263206, 'D_low': 4.916391312397325, 'k2': 0.0012384182456818345, 'D_high': 3834783.2481454667, 'fire_exp': 1.4203360952996968, 'P_half': 109.81874897969989, 'pre_dampen_half': 0.36353384060705424, 'gpp_af': 0.09878436619197947, 'gpp_b': 3.2376963628489594e-05, 'gpp_d': 461.71331926051863, 'ign_k': 0.0051776031861824005, 'ign_c': 93.14721590408914, 'trop_agb_crit': 27.709451513018493, 'trop_k_veg': 1.0124207040036477, 'gdp_gamma': 0.34788581181141925, 'cure_k': 0.0034392686474454272, 'cure_p_min': 169.83842633161183, 'cure_gpp_ref': 0.14530714847406215, 'cure_agb_crit': 6.779260296547386, 'fuel_k': 0.10163291537503087, 'fuel_half': 9.070521944316615}. Best is trial 577 with value: -0.629883323094065.
[I 2026-07-25 00:37:05,659] Trial 999 finished with value: -0.5436931125603064 and parameters: {'k1': 0.06677274900842944, 'D_low': 18.35648041977669, 'k2': 2.3522534956498512e-05, 'D_high': 1086653.8287192439, 'fire_exp': 1.1076886250257005, 'P_half': 7.766542967216831, 'pre_dampen_half': 0.19806455039780146, 'gpp_af': 0.07975307540813391, 'gpp_b': 0.9415752593251003, 'gpp_d': 31.10593497460481, 'ign_k': 0.00918173898516647, 'ign_c': 0.10761298967764289, 'trop_agb_crit': 2.5667071843659404, 'trop_k_veg': 3.3973395718459707, 'gdp_gamma': 1.9254453699737186, 'cure_k': 0.15758522091258187, 'cure_p_min': 268.77074134881235, 'cure_gpp_ref': 0.05942248171950218, 'cure_agb_crit': 1.0401569258208911, 'fuel_k': 0.09869108218135135, 'fuel_half': 28.127079030888453}. Best is trial 577 with value: -0.629883323094065.
[I 2026-07-25 00:37:06,124] Trial 1000 finished with value: 0.4900775333596926 and parameters: {'k1': 0.004727955201818501, 'D_low': 17.90458214998603, 'k2': 0.0008452615293258084, 'D_high': 5902902.668682619, 'fire_exp': 2.0385311762272567, 'P_half': 483.83323095181004, 'pre_dampen_half': 1.2239846761548652, 'gpp_af': 0.0017896802218469782, 'gpp_b': 1.81740241746737e-05, 'gpp_d': 251.50671609750344, 'ign_k': 0.0024389817112012387, 'ign_c': 10.634957162769457, 'trop_agb_crit': 27.80718497905238, 'trop_k_veg': 0.8279252223129385, 'gdp_gamma': 1.0670056823530707, 'cure_k': 0.0015791435473940865, 'cure_p_min': 157.80915881423587, 'cure_gpp_ref': 0.07030055859699212, 'cure_agb_crit': 2.6818981883176987, 'fuel_k': 0.0569826686273053, 'fuel_half': 18.645014668008407}. Best is trial 577 with value: -0.629883323094065.
[I 2026-07-25 00:37:06,616] Trial 1001 finished with value: 0.5786403692312753 and parameters: {'k1': 0.00042989022337759137, 'D_low': 1.821083744587906, 'k2': 0.0007670186371976184, 'D_high': 454432.66324355354, 'fire_exp': 4.18689136350661, 'P_half': 10.335575948668657, 'pre_dampen_half': 42.4940630814529, 'gpp_af': 3.2332186473387226, 'gpp_b': 0.0009525348186083122, 'gpp_d': 345.5082034355493, 'ign_k': 0.024505096434702743, 'ign_c': 67.88895569657853, 'trop_agb_crit': 5.7540214211509335, 'trop_k_veg': 0.5884892612163705, 'gdp_gamma': 1.4005113182870157, 'cure_k': 0.015084740917846935, 'cure_p_min': 102.79031172122511, 'cure_gpp_ref': 0.22782395207553344, 'cure_agb_crit': 1.2278924397582163, 'fuel_k': 0.20064394927967016, 'fuel_half': 0.7336528532083618}. Best is trial 577 with value: -0.629883323094065.
[I 2026-07-25 00:37:07,090] Trial 1002 finished with value: 0.4203892852480505 and parameters: {'k1': 0.002035965614980384, 'D_low': 2390.7551946420535, 'k2': 0.002255786833620604, 'D_high': 2288926.4399830415, 'fire_exp': 2.6601752397563554, 'P_half': 235.6313247933181, 'pre_dampen_half': 8.463297809908212, 'gpp_af': 0.001464012994847344, 'gpp_b': 5.449015235026266e-05, 'gpp_d': 90.34844255314137, 'ign_k': 0.04254440526291745, 'ign_c': 7.618928771382035, 'trop_agb_crit': 23.938953742643967, 'trop_k_veg': 1.0180884070652194, 'gdp_gamma': 0.6836564072234614, 'cure_k': 0.0022682866540014992, 'cure_p_min': 111.665462789403, 'cure_gpp_ref': 0.3526470434039218, 'cure_agb_crit': 6.707753800497428, 'fuel_k': 0.014916284124185502, 'fuel_half': 7.238318888797658}. Best is trial 577 with value: -0.629883323094065.
[I 2026-07-25 00:37:07,560] Trial 1003 finished with value: 0.48460393788245404 and parameters: {'k1': 1.1756513986367596e-05, 'D_low': 7180.582488179344, 'k2': 0.0018262231594090743, 'D_high': 178690.22100014702, 'fire_exp': 1.463447872629565, 'P_half': 249.75177587201586, 'pre_dampen_half': 0.8953943796730507, 'gpp_af': 0.33296542384710065, 'gpp_b': 0.0003041073593486982, 'gpp_d': 24.163675375027964, 'ign_k': 0.0028240518531583835, 'ign_c': 18.122387147250514, 'trop_agb_crit': 13.77126535553844, 'trop_k_veg': 0.52822526606618, 'gdp_gamma': 0.6930788505770173, 'cure_k': 0.02338144571807816, 'cure_p_min': 122.87368080019638, 'cure_gpp_ref': 0.07299446319227818, 'cure_agb_crit': 2.2026143361062425, 'fuel_k': 0.9281852088831571, 'fuel_half': 59.31003110067605}. Best is trial 577 with value: -0.629883323094065.
[I 2026-07-25 00:37:08,020] Trial 1004 finished with value: 0.5559809994220966 and parameters: {'k1': 0.00024601429071527896, 'D_low': 45.23341382299429, 'k2': 9.136748792927921e-05, 'D_high': 125562.86983316045, 'fire_exp': 1.3448291405041897, 'P_half': 2.968267283194485, 'pre_dampen_half': 0.25635268111772647, 'gpp_af': 0.018128528363530984, 'gpp_b': 0.02441648412981981, 'gpp_d': 2.3434194226786302, 'ign_k': 0.0050649377141282785, 'ign_c': 2.1828762857209574, 'trop_agb_crit': 17.760292013272313, 'trop_k_veg': 1.052396310632884, 'gdp_gamma': 0.49453362000606177, 'cure_k': 0.02470196039668948, 'cure_p_min': 81.08763958638237, 'cure_gpp_ref': 0.23354306825480697, 'cure_agb_crit': 2.1687814532236342, 'fuel_k': 0.019947424690309846, 'fuel_half': 39.23806725248663}. Best is trial 577 with value: -0.629883323094065.
[I 2026-07-25 00:37:08,482] Trial 1005 finished with value: 0.5683303801451163 and parameters: {'k1': 5.095855253999879e-05, 'D_low': 1727.1077198807627, 'k2': 0.0074566260014629635, 'D_high': 2640733.8712130133, 'fire_exp': 3.1061848059989763, 'P_half': 135.2780074970006, 'pre_dampen_half': 132.35752383582587, 'gpp_af': 0.2539842200734913, 'gpp_b': 0.0001338039865020942, 'gpp_d': 909.1572607438729, 'ign_k': 0.0028830286031360265, 'ign_c': 360.9352998302145, 'trop_agb_crit': 5.896989726125448, 'trop_k_veg': 1.2438988294246303, 'gdp_gamma': 0.6618616963030001, 'cure_k': 0.025249491979813153, 'cure_p_min': 152.82040134235447, 'cure_gpp_ref': 0.16107687855377867, 'cure_agb_crit': 2.5844851571178715, 'fuel_k': 0.023516053227261642, 'fuel_half': 73.4784963307965}. Best is trial 577 with value: -0.629883323094065.
[I 2026-07-25 00:37:08,947] Trial 1006 finished with value: 0.4430425195761959 and parameters: {'k1': 0.07646699286210397, 'D_low': 58.79936670419021, 'k2': 0.01230109304823998, 'D_high': 5888460.68180076, 'fire_exp': 1.440732975402912, 'P_half': 2868.056165052523, 'pre_dampen_half': 25.49049718039544, 'gpp_af': 0.24609261530206472, 'gpp_b': 6.300123763693227e-05, 'gpp_d': 589.8244403886054, 'ign_k': 0.007221835860018441, 'ign_c': 1.428246928131483, 'trop_agb_crit': 9.906265534054736, 'trop_k_veg': 0.5414599225744757, 'gdp_gamma': 1.9368770746699346, 'cure_k': 0.0012458285990786442, 'cure_p_min': 149.06808567521333, 'cure_gpp_ref': 0.4290232708919644, 'cure_agb_crit': 2.9536730052679303, 'fuel_k': 0.34510415181447535, 'fuel_half': 18.33744848479553}. Best is trial 577 with value: -0.629883323094065.
[I 2026-07-25 00:37:09,407] Trial 1007 finished with value: 0.5353649591415268 and parameters: {'k1': 0.0005181256964415139, 'D_low': 6.974197109044851, 'k2': 5.4347057962251074e-05, 'D_high': 802720.2436758376, 'fire_exp': 3.3602812446784505, 'P_half': 141.15135646865218, 'pre_dampen_half': 2.4009739282739715, 'gpp_af': 0.19604722644433997, 'gpp_b': 0.0031873121717644064, 'gpp_d': 348.1448902152254, 'ign_k': 0.004728020483339852, 'ign_c': 16.790736180200764, 'trop_agb_crit': 19.462047375117592, 'trop_k_veg': 1.202467359687424, 'gdp_gamma': 1.0261415509683927, 'cure_k': 0.009902768760793578, 'cure_p_min': 146.83755510516332, 'cure_gpp_ref': 0.1846357930500621, 'cure_agb_crit': 1.8346371906284549, 'fuel_k': 0.14878648891292515, 'fuel_half': 0.28484231747481165}. Best is trial 577 with value: -0.629883323094065.
[I 2026-07-25 00:37:09,869] Trial 1008 finished with value: -0.5885458010651818 and parameters: {'k1': 9.048737325501018e-05, 'D_low': 3744.4279052544225, 'k2': 1.4822928459236014e-05, 'D_high': 8316804.930577705, 'fire_exp': 1.1083896747348236, 'P_half': 26.348628109721236, 'pre_dampen_half': 0.1915668178547539, 'gpp_af': 0.1306675270648457, 'gpp_b': 0.0001226972767372069, 'gpp_d': 126.19844104847516, 'ign_k': 0.002014613921347892, 'ign_c': 70.57793231083882, 'trop_agb_crit': 16.68150664228235, 'trop_k_veg': 0.7652422745174183, 'gdp_gamma': 1.0728252984504856, 'cure_k': 0.013202030882167311, 'cure_p_min': 135.24062748614128, 'cure_gpp_ref': 0.0701000963204421, 'cure_agb_crit': 1.890055324801306, 'fuel_k': 1.0319073290616372, 'fuel_half': 14.026839331525363}. Best is trial 577 with value: -0.629883323094065.
[I 2026-07-25 00:37:10,328] Trial 1009 finished with value: 0.4827113034067889 and parameters: {'k1': 0.004481368970557177, 'D_low': 716.6983171392619, 'k2': 0.000547516465236065, 'D_high': 75652.5981220026, 'fire_exp': 1.0661021769956198, 'P_half': 60.14249953751941, 'pre_dampen_half': 0.8812177507956758, 'gpp_af': 5.487954027894447, 'gpp_b': 1.0976132482023588, 'gpp_d': 4.460624719722807, 'ign_k': 0.09556917875041061, 'ign_c': 27.432156526294385, 'trop_agb_crit': 24.765629056049516, 'trop_k_veg': 2.066726936594267, 'gdp_gamma': 1.1120967561549349, 'cure_k': 0.00504507895226207, 'cure_p_min': 347.6877139471619, 'cure_gpp_ref': 0.7144309245745432, 'cure_agb_crit': 2.8041983753940456, 'fuel_k': 0.034094907462369366, 'fuel_half': 3.8266313287248357}. Best is trial 577 with value: -0.629883323094065.
[I 2026-07-25 00:37:10,789] Trial 1010 finished with value: 0.5874226012010583 and parameters: {'k1': 0.04284649962538718, 'D_low': 10510.46035608702, 'k2': 0.017976945604577, 'D_high': 6853570.720753936, 'fire_exp': 1.3278397683353957, 'P_half': 2741.2722914672668, 'pre_dampen_half': 514.6489905615692, 'gpp_af': 0.0018208471107029073, 'gpp_b': 0.00010047658198000816, 'gpp_d': 9.71915863792119, 'ign_k': 0.0018415314976531474, 'ign_c': 893.3693645842969, 'trop_agb_crit': 9.622945711217737, 'trop_k_veg': 1.68419049437982, 'gdp_gamma': 1.475341052493792, 'cure_k': 0.0016548517368905006, 'cure_p_min': 231.25471506141912, 'cure_gpp_ref': 1.3478674646632771, 'cure_agb_crit': 5.836347258604444, 'fuel_k': 0.031229576242770146, 'fuel_half': 15.144000608749318}. Best is trial 577 with value: -0.629883323094065.
[I 2026-07-25 00:37:11,254] Trial 1011 finished with value: -0.6225421201243669 and parameters: {'k1': 0.030783191075033918, 'D_low': 52.40365671694002, 'k2': 3.3561183363658864e-05, 'D_high': 926119.8190527718, 'fire_exp': 1.1772070491943503, 'P_half': 113.79656069858363, 'pre_dampen_half': 0.4026035311111857, 'gpp_af': 0.8404981665693949, 'gpp_b': 1.2994483277721154, 'gpp_d': 112.3869426001302, 'ign_k': 0.44977507759904156, 'ign_c': 12.32626344812574, 'trop_agb_crit': 6.640234855109996, 'trop_k_veg': 5.8891982691253055, 'gdp_gamma': 1.0231049967169867, 'cure_k': 0.048031267173568905, 'cure_p_min': 359.15073983273425, 'cure_gpp_ref': 1.5612772955115222, 'cure_agb_crit': 4.220624357241511, 'fuel_k': 0.05800694966670115, 'fuel_half': 1.6241187366104306}. Best is trial 577 with value: -0.629883323094065.
[I 2026-07-25 00:37:11,717] Trial 1012 finished with value: -0.5841747602170235 and parameters: {'k1': 0.0008123417801428142, 'D_low': 14.20945464271363, 'k2': 0.00013474872633868225, 'D_high': 3603151.647980737, 'fire_exp': 1.5785865017600544, 'P_half': 93.76218518963756, 'pre_dampen_half': 0.19607745129731577, 'gpp_af': 34.32768760516923, 'gpp_b': 0.08152167466745028, 'gpp_d': 360.99764953907845, 'ign_k': 0.07414980250005014, 'ign_c': 4.408363808432726, 'trop_agb_crit': 11.664838125986625, 'trop_k_veg': 4.937858939055024, 'gdp_gamma': 0.7362466884441621, 'cure_k': 0.021804624253609673, 'cure_p_min': 387.4910667087031, 'cure_gpp_ref': 0.5171211202466154, 'cure_agb_crit': 5.315576588215969, 'fuel_k': 0.22964795191989082, 'fuel_half': 1.914099634990039}. Best is trial 577 with value: -0.629883323094065.
[I 2026-07-25 00:37:12,175] Trial 1013 finished with value: 0.4861956282048141 and parameters: {'k1': 0.0029499881444516496, 'D_low': 19.686942137840834, 'k2': 0.00017222571874236619, 'D_high': 5030851.22962621, 'fire_exp': 1.02340557758565, 'P_half': 23.440354854866385, 'pre_dampen_half': 0.06392593906667447, 'gpp_af': 0.3803847443726391, 'gpp_b': 1.8613621192069487, 'gpp_d': 23.813394543339566, 'ign_k': 0.35327466068452074, 'ign_c': 3.0318997226107087, 'trop_agb_crit': 5.347763105350651, 'trop_k_veg': 5.120275537089254, 'gdp_gamma': 0.2249521167651724, 'cure_k': 0.6805784690359391, 'cure_p_min': 254.19569418245214, 'cure_gpp_ref': 1.715101156213554, 'cure_agb_crit': 3.613930778548369, 'fuel_k': 0.1814165922802589, 'fuel_half': 1.333770098543653}. Best is trial 577 with value: -0.629883323094065.
[I 2026-07-25 00:37:12,633] Trial 1014 finished with value: 0.5518740525093229 and parameters: {'k1': 8.90935357843781e-05, 'D_low': 85.89899746912482, 'k2': 0.03458884982859185, 'D_high': 1262866.351272444, 'fire_exp': 1.9639984894773328, 'P_half': 3.0430193440982136, 'pre_dampen_half': 0.10570216013461166, 'gpp_af': 1.603290157902386, 'gpp_b': 0.0002986676361095835, 'gpp_d': 3.524273761811188, 'ign_k': 0.018658921683012794, 'ign_c': 3.844056732771922, 'trop_agb_crit': 26.97897700568197, 'trop_k_veg': 1.2612895675907156, 'gdp_gamma': 0.07367018123554749, 'cure_k': 0.0030321159810190435, 'cure_p_min': 353.75494225357534, 'cure_gpp_ref': 0.983338472598753, 'cure_agb_crit': 4.024125253562569, 'fuel_k': 3.127734428781313, 'fuel_half': 5.947407325462136}. Best is trial 577 with value: -0.629883323094065.
[I 2026-07-25 00:37:13,090] Trial 1015 finished with value: 0.5963560778481868 and parameters: {'k1': 0.01081679251437556, 'D_low': 16.264469486840493, 'k2': 3.73209182249124e-05, 'D_high': 4864804.951189674, 'fire_exp': 1.4398264284138256, 'P_half': 39.28676093274434, 'pre_dampen_half': 0.06123585221215403, 'gpp_af': 0.6891883690776686, 'gpp_b': 0.040657117176040716, 'gpp_d': 435.1941369931748, 'ign_k': 0.24684474754839494, 'ign_c': 108.12126202744973, 'trop_agb_crit': 13.993839915820105, 'trop_k_veg': 6.423510343569233, 'gdp_gamma': 0.28324083530966176, 'cure_k': 0.025454676709294296, 'cure_p_min': 269.83645627592176, 'cure_gpp_ref': 1.4517420513412485, 'cure_agb_crit': 2.3859101680960606, 'fuel_k': 0.05674307768797794, 'fuel_half': 5.063544293393801}. Best is trial 577 with value: -0.629883323094065.
[I 2026-07-25 00:37:13,549] Trial 1016 finished with value: 0.477264928597845 and parameters: {'k1': 0.012641395631842106, 'D_low': 286.8841149200805, 'k2': 0.0017909735411237673, 'D_high': 2883972.9497763817, 'fire_exp': 1.2021813023667058, 'P_half': 188.06125305830727, 'pre_dampen_half': 1.7597031921854143, 'gpp_af': 0.0013088952548123147, 'gpp_b': 0.00035138734572089407, 'gpp_d': 16.259901815239665, 'ign_k': 0.010355736104175197, 'ign_c': 55.48754377681061, 'trop_agb_crit': 7.955378926306972, 'trop_k_veg': 1.045022150806716, 'gdp_gamma': 0.4229756461086883, 'cure_k': 0.0110960371951803, 'cure_p_min': 156.9262270855849, 'cure_gpp_ref': 0.06704084760850758, 'cure_agb_crit': 5.590842409620918, 'fuel_k': 0.14304506247207346, 'fuel_half': 91.85916673883352}. Best is trial 577 with value: -0.629883323094065.
[I 2026-07-25 00:37:14,007] Trial 1017 finished with value: 0.46265154838709344 and parameters: {'k1': 0.021134901014609395, 'D_low': 12.832377484332978, 'k2': 9.27751342717031e-05, 'D_high': 2664612.760184028, 'fire_exp': 1.02372644126848, 'P_half': 60.985610040089576, 'pre_dampen_half': 0.3265893511625943, 'gpp_af': 0.9494605346483874, 'gpp_b': 4.697723269502292, 'gpp_d': 97.86725225393, 'ign_k': 0.24808917275548473, 'ign_c': 47.415984852220696, 'trop_agb_crit': 2.7849700155184127, 'trop_k_veg': 4.638982065650151, 'gdp_gamma': 0.6646414359809384, 'cure_k': 0.24219196569786522, 'cure_p_min': 294.7872654155307, 'cure_gpp_ref': 0.9113050814147159, 'cure_agb_crit': 4.907957789812451, 'fuel_k': 0.04681252160465603, 'fuel_half': 2.1861623050090686}. Best is trial 577 with value: -0.629883323094065.
[I 2026-07-25 00:37:14,466] Trial 1018 finished with value: -0.605242749598401 and parameters: {'k1': 0.08444414344040267, 'D_low': 934.1456846066138, 'k2': 0.012073521627159472, 'D_high': 558497.4184335445, 'fire_exp': 2.248214767542015, 'P_half': 356.82633382357096, 'pre_dampen_half': 259.9424649487437, 'gpp_af': 0.03529783861192356, 'gpp_b': 2.076919088518287e-05, 'gpp_d': 70.181608223782, 'ign_k': 0.007849883699827191, 'ign_c': 34.13945776141512, 'trop_agb_crit': 16.503888539131832, 'trop_k_veg': 0.7620687373426004, 'gdp_gamma': 1.5241265462909197, 'cure_k': 0.0014551597036728116, 'cure_p_min': 252.21973070644947, 'cure_gpp_ref': 0.38064194090820797, 'cure_agb_crit': 2.6227077094700353, 'fuel_k': 0.22351463569713012, 'fuel_half': 95.90869745491547}. Best is trial 577 with value: -0.629883323094065.
[I 2026-07-25 00:37:14,922] Trial 1019 finished with value: 0.6087066885885564 and parameters: {'k1': 0.0038225207624963064, 'D_low': 9.783134115328311, 'k2': 1.091690876632767e-05, 'D_high': 2583734.7927445127, 'fire_exp': 1.8067501019350787, 'P_half': 55.59131795364781, 'pre_dampen_half': 2.0099330263636688, 'gpp_af': 0.6143208158968754, 'gpp_b': 0.02819186605838776, 'gpp_d': 58.23572633241601, 'ign_k': 0.4756805525617296, 'ign_c': 75.04296400924899, 'trop_agb_crit': 10.547187346095697, 'trop_k_veg': 5.971179899547364, 'gdp_gamma': 1.323317817848716, 'cure_k': 0.4935600140585376, 'cure_p_min': 259.5684207201601, 'cure_gpp_ref': 1.0357787361796593, 'cure_agb_crit': 3.4416955996344436, 'fuel_k': 0.12205355111944975, 'fuel_half': 0.520487345100645}. Best is trial 577 with value: -0.629883323094065.
