[I 2026-06-11 01:40:58,488] Trial 936 finished with values: [10.074792625881129, 10.074792625881129] and parameters: {'k1': 0.030699709531122967, 'D_low': 236.79352040223893, 'k2': 0.019383858782150494, 'D_high': 6682.9607218310075, 'fire_exp': 1.5191397119156032, 'P_half': 157.80309954142965, 'pre_dampen_half': 121.93011993958949, 'gpp_af': 0.060029341913968644, 'gpp_b': 0.0004360709560327289, 'gpp_d': 0.4742269251269962, 'ign_k': 0.0032383308053152635, 'ign_c': 22.126836566118193, 'trop_agb_crit': 2.100813292597435, 'trop_k_veg': 2.724170387400844, 'fire_amp': 1.5719333351012774}.
[I 2026-06-11 01:40:59,898] Trial 937 finished with values: [10.664173584384546, 10.664173584384546] and parameters: {'k1': 0.08315365004960601, 'D_low': 148.21691630007544, 'k2': 4.933751600448335e-05, 'D_high': 6682.9607218310075, 'fire_exp': 1.5191397119156032, 'P_half': 3.591771421517613, 'pre_dampen_half': 4.847666216751353, 'gpp_af': 1.0218989388622586, 'gpp_b': 0.03122740884124639, 'gpp_d': 1.4397852866783676, 'ign_k': 0.004105873950290761, 'ign_c': 2.226297338331262, 'trop_agb_crit': 2.100813292597435, 'trop_k_veg': 0.828441460847982, 'fire_amp': 2.7806853670293616}.
[I 2026-06-11 01:41:01,251] Trial 938 finished with values: [-0.687929225499823, 0.11666698685227872] and parameters: {'k1': 0.0869690639641868, 'D_low': 148.21691630007544, 'k2': 0.0007731571570012607, 'D_high': 6682.9607218310075, 'fire_exp': 1.2060040899560858, 'P_half': 3.591771421517613, 'pre_dampen_half': 4.847666216751353, 'gpp_af': 0.9219336658511308, 'gpp_b': 0.001674375583895437, 'gpp_d': 0.1619054449471649, 'ign_k': 7.544827057709847, 'ign_c': 1.9423015749984096, 'trop_agb_crit': 5.588032458772675, 'trop_k_veg': 5.636143940068465, 'fire_amp': 5.44779717154213}.
[I 2026-06-11 01:41:02,587] Trial 939 finished with values: [10.191982393402384, 10.191982393402384] and parameters: {'k1': 0.030699709531122967, 'D_low': 148.21691630007544, 'k2': 7.531057256501231e-05, 'D_high': 6682.9607218310075, 'fire_exp': 1.5191397119156032, 'P_half': 3.591771421517613, 'pre_dampen_half': 9.044346216330972, 'gpp_af': 6.384685545228285, 'gpp_b': 0.001674375583895437, 'gpp_d': 0.4742269251269962, 'ign_k': 0.004105873950290761, 'ign_c': 22.126836566118193, 'trop_agb_crit': 2.100813292597435, 'trop_k_veg': 0.5183533149347164, 'fire_amp': 3.820446126794591}.
[I 2026-06-11 01:41:03,948] Trial 940 finished with values: [-0.5762677277701694, 0.04441948992030709] and parameters: {'k1': 0.0869690639641868, 'D_low': 235.39834531862078, 'k2': 0.006802810205786726, 'D_high': 17663.59719322428, 'fire_exp': 1.5191397119156032, 'P_half': 157.80309954142965, 'pre_dampen_half': 4.847666216751353, 'gpp_af': 0.07576025464197739, 'gpp_b': 5.0875243087016374e-05, 'gpp_d': 0.4742269251269962, 'ign_k': 0.004105873950290761, 'ign_c': 1.364908766641693, 'trop_agb_crit': 2.100813292597435, 'trop_k_veg': 5.636143940068465, 'fire_amp': 5.44779717154213}.
[I 2026-06-11 01:41:06,046] Trial 941 finished with values: [-0.6032360928372941, 0.02759971515027093] and parameters: {'k1': 0.030699709531122967, 'D_low': 408.3047491580097, 'k2': 7.531057256501231e-05, 'D_high': 6682.9607218310075, 'fire_exp': 1.5191397119156032, 'P_half': 7.914423612155368, 'pre_dampen_half': 903.3231300044874, 'gpp_af': 0.005061568304359487, 'gpp_b': 0.004411400434514031, 'gpp_d': 0.1619054449471649, 'ign_k': 7.544827057709847, 'ign_c': 14.709699119495124, 'trop_agb_crit': 2.100813292597435, 'trop_k_veg': 2.724170387400844, 'fire_amp': 5.44779717154213}.
[I 2026-06-11 01:41:07,511] Trial 942 finished with values: [10.769230768838547, 10.769230768838547] and parameters: {'k1': 9.132348475718357e-05, 'D_low': 236.79352040223893, 'k2': 0.0007731571570012607, 'D_high': 6682.9607218310075, 'fire_exp': 1.2060040899560858, 'P_half': 5.4712187293420325, 'pre_dampen_half': 9.044346216330972, 'gpp_af': 0.9219336658511308, 'gpp_b': 0.0004360709560327289, 'gpp_d': 94.19931479490882, 'ign_k': 2.3805746020770413, 'ign_c': 228.79430573173593, 'trop_agb_crit': 2.100813292597435, 'trop_k_veg': 1.6648666152166967, 'fire_amp': 2.7806853670293616}.
[I 2026-06-11 01:41:08,847] Trial 943 finished with values: [-0.6332352721210645, 0.13574833753769955] and parameters: {'k1': 9.132348475718357e-05, 'D_low': 422.58534248395387, 'k2': 0.0001280886335404798, 'D_high': 20103.283734409175, 'fire_exp': 1.811096651915224, 'P_half': 3.591771421517613, 'pre_dampen_half': 121.93011993958949, 'gpp_af': 0.07118041471054574, 'gpp_b': 5.0875243087016374e-05, 'gpp_d': 0.47379914349407487, 'ign_k': 0.9419612235978201, 'ign_c': 7.081721844034206, 'trop_agb_crit': 1.8023542850487386, 'trop_k_veg': 0.7808079158649266, 'fire_amp': 1.4475279918261055}.
[I 2026-06-11 01:41:10,172] Trial 944 finished with values: [11.399381090058577, 11.399381090058577] and parameters: {'k1': 0.030699709531122967, 'D_low': 3.253741042140523, 'k2': 7.531057256501231e-05, 'D_high': 6682.9607218310075, 'fire_exp': 1.2060040899560858, 'P_half': 3.591771421517613, 'pre_dampen_half': 9.044346216330972, 'gpp_af': 0.9219336658511308, 'gpp_b': 0.001674375583895437, 'gpp_d': 0.4912895538720594, 'ign_k': 0.004105873950290761, 'ign_c': 1.9423015749984096, 'trop_agb_crit': 2.100813292597435, 'trop_k_veg': 0.5535297685306277, 'fire_amp': 5.44779717154213}.
[I 2026-06-11 01:41:11,536] Trial 945 finished with values: [10.754625599104227, 10.754625599104227] and parameters: {'k1': 9.132348475718357e-05, 'D_low': 236.79352040223893, 'k2': 0.0007731571570012607, 'D_high': 6682.9607218310075, 'fire_exp': 1.2060040899560858, 'P_half': 3.591771421517613, 'pre_dampen_half': 4.847666216751353, 'gpp_af': 1.1739995320396222, 'gpp_b': 3.7025577574822863, 'gpp_d': 0.47379914349407487, 'ign_k': 0.9419612235978201, 'ign_c': 1.364908766641693, 'trop_agb_crit': 25.429516249301212, 'trop_k_veg': 1.6648666152166967, 'fire_amp': 5.44779717154213}.
[I 2026-06-11 01:41:13,147] Trial 946 finished with values: [-0.6247085062954898, 0.10635102415627784] and parameters: {'k1': 9.132348475718357e-05, 'D_low': 148.21691630007544, 'k2': 0.0007731571570012607, 'D_high': 6682.9607218310075, 'fire_exp': 1.2060040899560858, 'P_half': 3.591771421517613, 'pre_dampen_half': 4.847666216751353, 'gpp_af': 0.07118041471054574, 'gpp_b': 5.0875243087016374e-05, 'gpp_d': 0.1619054449471649, 'ign_k': 7.544827057709847, 'ign_c': 7.081721844034206, 'trop_agb_crit': 25.429516249301212, 'trop_k_veg': 2.6508357486965424, 'fire_amp': 5.44779717154213}.
[I 2026-06-11 01:41:14,817] Trial 947 finished with values: [-0.554601413664092, 0.11453450808574439] and parameters: {'k1': 9.132348475718357e-05, 'D_low': 236.79352040223893, 'k2': 0.0001280886335404798, 'D_high': 1266.9536563782303, 'fire_exp': 1.2060040899560858, 'P_half': 5.4712187293420325, 'pre_dampen_half': 121.93011993958949, 'gpp_af': 0.060029341913968644, 'gpp_b': 0.0004360709560327289, 'gpp_d': 0.1619054449471649, 'ign_k': 2.3805746020770413, 'ign_c': 7.081721844034206, 'trop_agb_crit': 12.708819454040446, 'trop_k_veg': 1.6648666152166967, 'fire_amp': 1.5719333351012774}.
[I 2026-06-11 01:41:16,230] Trial 948 finished with values: [11.22539512610082, 11.22539512610082] and parameters: {'k1': 0.030699709531122967, 'D_low': 1.873653322520581, 'k2': 0.0001280886335404798, 'D_high': 32311.521854410956, 'fire_exp': 1.5191397119156032, 'P_half': 3.591771421517613, 'pre_dampen_half': 121.93011993958949, 'gpp_af': 0.07118041471054574, 'gpp_b': 0.001674375583895437, 'gpp_d': 0.1619054449471649, 'ign_k': 0.17320535908244444, 'ign_c': 7.081721844034206, 'trop_agb_crit': 2.1467649421045674, 'trop_k_veg': 0.9923523017201868, 'fire_amp': 1.5719333351012774}.
[I 2026-06-11 01:41:17,558] Trial 949 finished with values: [10.034653366477434, 10.034653366477434] and parameters: {'k1': 0.0869690639641868, 'D_low': 236.79352040223893, 'k2': 0.0007731571570012607, 'D_high': 6682.9607218310075, 'fire_exp': 1.5191397119156032, 'P_half': 3.591771421517613, 'pre_dampen_half': 4.847666216751353, 'gpp_af': 0.9219336658511308, 'gpp_b': 0.001674375583895437, 'gpp_d': 0.1619054449471649, 'ign_k': 0.0032383308053152635, 'ign_c': 4.142619760188259, 'trop_agb_crit': 12.9667438075127, 'trop_k_veg': 2.8926781829782864, 'fire_amp': 5.44779717154213}.
[I 2026-06-11 01:41:18,878] Trial 950 finished with values: [-0.44986708618553317, 0.09980683788951339] and parameters: {'k1': 9.132348475718357e-05, 'D_low': 236.79352040223893, 'k2': 0.0007731571570012607, 'D_high': 6682.9607218310075, 'fire_exp': 1.2060040899560858, 'P_half': 3.591771421517613, 'pre_dampen_half': 4.847666216751353, 'gpp_af': 0.9219336658511308, 'gpp_b': 0.001674375583895437, 'gpp_d': 1.4397852866783676, 'ign_k': 0.00636406716773548, 'ign_c': 1.9423015749984096, 'trop_agb_crit': 12.9667438075127, 'trop_k_veg': 2.99731137426955, 'fire_amp': 2.7806853670293616}.
[I 2026-06-11 01:41:20,250] Trial 951 finished with values: [16.777789122685608, 16.777789122685608] and parameters: {'k1': 0.030699709531122967, 'D_low': 236.79352040223893, 'k2': 0.00030808325588559425, 'D_high': 6682.9607218310075, 'fire_exp': 1.5191397119156032, 'P_half': 5.4712187293420325, 'pre_dampen_half': 121.93011993958949, 'gpp_af': 2.5017068255320485, 'gpp_b': 0.0039125625860770225, 'gpp_d': 304.7488318185732, 'ign_k': 0.004105873950290761, 'ign_c': 1.364908766641693, 'trop_agb_crit': 2.100813292597435, 'trop_k_veg': 2.99731137426955, 'fire_amp': 5.44779717154213}.
[I 2026-06-11 01:41:21,832] Trial 952 finished with values: [-0.5201714701615371, 0.09602224545775417] and parameters: {'k1': 0.0869690639641868, 'D_low': 148.21691630007544, 'k2': 2.091507303847255e-05, 'D_high': 1817.0401889219124, 'fire_exp': 1.5191397119156032, 'P_half': 61.6097529474144, 'pre_dampen_half': 9.044346216330972, 'gpp_af': 0.5970408652384318, 'gpp_b': 2.1309331861011757e-05, 'gpp_d': 0.1619054449471649, 'ign_k': 0.004105873950290761, 'ign_c': 1.364908766641693, 'trop_agb_crit': 2.100813292597435, 'trop_k_veg': 6.963655030926962, 'fire_amp': 5.44779717154213}.
[I 2026-06-11 01:41:23,402] Trial 953 finished with values: [-0.5682432799803069, 0.07367691966232048] and parameters: {'k1': 0.030699709531122967, 'D_low': 236.79352040223893, 'k2': 7.531057256501231e-05, 'D_high': 6682.9607218310075, 'fire_exp': 1.5191397119156032, 'P_half': 157.80309954142965, 'pre_dampen_half': 9.044346216330972, 'gpp_af': 0.15740732860520312, 'gpp_b': 5.349456206882108e-05, 'gpp_d': 304.7488318185732, 'ign_k': 2.9663798365255736, 'ign_c': 1.364908766641693, 'trop_agb_crit': 2.8052667649738585, 'trop_k_veg': 2.724170387400844, 'fire_amp': 5.44779717154213}.
[I 2026-06-11 01:41:24,725] Trial 954 finished with values: [-0.5893330652930258, 0.06657529028424247] and parameters: {'k1': 0.030699709531122967, 'D_low': 236.79352040223893, 'k2': 7.531057256501231e-05, 'D_high': 6682.9607218310075, 'fire_exp': 1.2060040899560858, 'P_half': 3.591771421517613, 'pre_dampen_half': 9.044346216330972, 'gpp_af': 0.10098504976210308, 'gpp_b': 0.001674375583895437, 'gpp_d': 0.4742269251269962, 'ign_k': 0.0032383308053152635, 'ign_c': 1.364908766641693, 'trop_agb_crit': 2.100813292597435, 'trop_k_veg': 6.963655030926962, 'fire_amp': 5.44779717154213}.
[I 2026-06-11 01:41:26,436] Trial 955 finished with values: [10.82428324986426, 10.82428324986426] and parameters: {'k1': 0.002829816861310949, 'D_low': 236.79352040223893, 'k2': 7.531057256501231e-05, 'D_high': 6682.9607218310075, 'fire_exp': 1.2060040899560858, 'P_half': 157.80309954142965, 'pre_dampen_half': 9.044346216330972, 'gpp_af': 24.539832961133826, 'gpp_b': 2.1309331861011757e-05, 'gpp_d': 304.7488318185732, 'ign_k': 2.9663798365255736, 'ign_c': 1.364908766641693, 'trop_agb_crit': 2.100813292597435, 'trop_k_veg': 2.724170387400844, 'fire_amp': 5.44779717154213}.
[I 2026-06-11 01:41:27,794] Trial 956 finished with values: [14.366627303577488, 14.366627303577488] and parameters: {'k1': 0.0869690639641868, 'D_low': 236.79352040223893, 'k2': 0.019383858782150494, 'D_high': 1266.9536563782303, 'fire_exp': 1.2060040899560858, 'P_half': 157.80309954142965, 'pre_dampen_half': 519.2532084685722, 'gpp_af': 0.046239120540552445, 'gpp_b': 0.001674375583895437, 'gpp_d': 1.4397852866783676, 'ign_k': 0.002357279455676982, 'ign_c': 4.142619760188259, 'trop_agb_crit': 12.708819454040446, 'trop_k_veg': 6.963655030926962, 'fire_amp': 5.44779717154213}.
[I 2026-06-11 01:41:29,290] Trial 957 finished with values: [-0.6476098176587359, 0.03888598377815433] and parameters: {'k1': 0.00023134781612225627, 'D_low': 69.05604395130307, 'k2': 0.0001280886335404798, 'D_high': 32311.521854410956, 'fire_exp': 1.2060040899560858, 'P_half': 7.914423612155368, 'pre_dampen_half': 121.93011993958949, 'gpp_af': 0.07118041471054574, 'gpp_b': 0.004411400434514031, 'gpp_d': 0.1619054449471649, 'ign_k': 7.544827057709847, 'ign_c': 14.709699119495124, 'trop_agb_crit': 24.199763404822136, 'trop_k_veg': 0.5535297685306277, 'fire_amp': 1.5719333351012774}.
[I 2026-06-11 01:41:30,838] Trial 958 finished with values: [-0.5324713228031789, 0.1021716850888944] and parameters: {'k1': 0.0869690639641868, 'D_low': 148.21691630007544, 'k2': 0.0001870742013766025, 'D_high': 1817.0401889219124, 'fire_exp': 1.5191397119156032, 'P_half': 51.10120656497163, 'pre_dampen_half': 9.044346216330972, 'gpp_af': 0.5970408652384318, 'gpp_b': 2.1309331861011757e-05, 'gpp_d': 0.1597583473194139, 'ign_k': 0.002357279455676982, 'ign_c': 22.126836566118193, 'trop_agb_crit': 1.511723155748678, 'trop_k_veg': 2.8926781829782864, 'fire_amp': 5.44779717154213}.
[I 2026-06-11 01:41:32,210] Trial 959 finished with values: [10.46866162815565, 10.46866162815565] and parameters: {'k1': 0.0869690639641868, 'D_low': 148.21691630007544, 'k2': 0.002090955698118952, 'D_high': 6682.9607218310075, 'fire_exp': 1.2060040899560858, 'P_half': 157.80309954142965, 'pre_dampen_half': 4.847666216751353, 'gpp_af': 0.10098504976210308, 'gpp_b': 0.001674375583895437, 'gpp_d': 0.4742269251269962, 'ign_k': 0.0032383308053152635, 'ign_c': 1.364908766641693, 'trop_agb_crit': 2.100813292597435, 'trop_k_veg': 6.963655030926962, 'fire_amp': 1.4244982124584922}.
[I 2026-06-11 01:41:33,577] Trial 960 finished with values: [-0.5267935944861571, 0.05750838183514262] and parameters: {'k1': 0.0869690639641868, 'D_low': 148.21691630007544, 'k2': 7.531057256501231e-05, 'D_high': 6682.9607218310075, 'fire_exp': 1.5191397119156032, 'P_half': 157.80309954142965, 'pre_dampen_half': 9.044346216330972, 'gpp_af': 0.060029341913968644, 'gpp_b': 2.1309331861011757e-05, 'gpp_d': 0.1619054449471649, 'ign_k': 0.004105873950290761, 'ign_c': 1.364908766641693, 'trop_agb_crit': 2.100813292597435, 'trop_k_veg': 2.724170387400844, 'fire_amp': 5.44779717154213}.
[I 2026-06-11 01:41:34,900] Trial 961 finished with values: [10.70075768155934, 10.70075768155934] and parameters: {'k1': 0.00023134781612225627, 'D_low': 69.05604395130307, 'k2': 0.0001280886335404798, 'D_high': 32311.521854410956, 'fire_exp': 1.2060040899560858, 'P_half': 3529.3895935767932, 'pre_dampen_half': 121.93011993958949, 'gpp_af': 0.07118041471054574, 'gpp_b': 0.004411400434514031, 'gpp_d': 0.1619054449471649, 'ign_k': 7.544827057709847, 'ign_c': 14.709699119495124, 'trop_agb_crit': 24.199763404822136, 'trop_k_veg': 0.5535297685306277, 'fire_amp': 1.5719333351012774}.
[I 2026-06-11 01:41:36,404] Trial 962 finished with values: [10.740099723284686, 10.740099723284686] and parameters: {'k1': 0.0869690639641868, 'D_low': 148.21691630007544, 'k2': 0.00383039225527374, 'D_high': 1266.9536563782303, 'fire_exp': 1.9315537114423451, 'P_half': 3.591771421517613, 'pre_dampen_half': 4.847666216751353, 'gpp_af': 0.9219336658511308, 'gpp_b': 0.001674375583895437, 'gpp_d': 0.47379914349407487, 'ign_k': 7.544827057709847, 'ign_c': 1.9423015749984096, 'trop_agb_crit': 5.588032458772675, 'trop_k_veg': 5.636143940068465, 'fire_amp': 1.1268480791003903}.
[I 2026-06-11 01:41:38,103] Trial 963 finished with values: [10.659593107029002, 10.659593107029002] and parameters: {'k1': 0.030699709531122967, 'D_low': 2267.735223551285, 'k2': 0.0001280886335404798, 'D_high': 32311.521854410956, 'fire_exp': 1.811096651915224, 'P_half': 157.80309954142965, 'pre_dampen_half': 9.044346216330972, 'gpp_af': 0.07118041471054574, 'gpp_b': 2.1309331861011757e-05, 'gpp_d': 0.4742269251269962, 'ign_k': 0.0032383308053152635, 'ign_c': 1.4879588507789996, 'trop_agb_crit': 19.102873436429586, 'trop_k_veg': 0.9923523017201868, 'fire_amp': 4.314496597234754}.
[I 2026-06-11 01:41:39,586] Trial 964 finished with values: [10.399816326738485, 10.399816326738485] and parameters: {'k1': 0.030699709531122967, 'D_low': 236.79352040223893, 'k2': 4.933751600448335e-05, 'D_high': 6682.9607218310075, 'fire_exp': 1.5191397119156032, 'P_half': 5.4712187293420325, 'pre_dampen_half': 121.93011993958949, 'gpp_af': 0.3939208112794227, 'gpp_b': 2.1309331861011757e-05, 'gpp_d': 0.1619054449471649, 'ign_k': 2.3805746020770413, 'ign_c': 1.364908766641693, 'trop_agb_crit': 2.100813292597435, 'trop_k_veg': 5.447068407295338, 'fire_amp': 1.5719333351012774}.
[I 2026-06-11 01:41:40,940] Trial 965 finished with values: [15.533457398433242, 15.533457398433242] and parameters: {'k1': 0.0869690639641868, 'D_low': 148.21691630007544, 'k2': 0.02432525237405086, 'D_high': 1817.0401889219124, 'fire_exp': 1.2060040899560858, 'P_half': 157.80309954142965, 'pre_dampen_half': 393.2173465242997, 'gpp_af': 0.9219336658511308, 'gpp_b': 0.001674375583895437, 'gpp_d': 0.4742269251269962, 'ign_k': 7.544827057709847, 'ign_c': 1.9423015749984096, 'trop_agb_crit': 5.588032458772675, 'trop_k_veg': 0.5535297685306277, 'fire_amp': 5.44779717154213}.
[I 2026-06-11 01:41:42,280] Trial 966 finished with values: [10.025151826785912, 10.025151826785912] and parameters: {'k1': 0.030699709531122967, 'D_low': 148.21691630007544, 'k2': 0.0007731571570012607, 'D_high': 6682.9607218310075, 'fire_exp': 1.5191397119156032, 'P_half': 157.80309954142965, 'pre_dampen_half': 9.044346216330972, 'gpp_af': 24.539832961133826, 'gpp_b': 2.1309331861011757e-05, 'gpp_d': 0.1619054449471649, 'ign_k': 2.9663798365255736, 'ign_c': 1.0208550480923066, 'trop_agb_crit': 2.100813292597435, 'trop_k_veg': 2.724170387400844, 'fire_amp': 5.44779717154213}.
[I 2026-06-11 01:41:43,713] Trial 967 finished with values: [-0.5473743288450553, 0.04022097719200557] and parameters: {'k1': 0.030699709531122967, 'D_low': 408.3047491580097, 'k2': 0.0002442377596403892, 'D_high': 6682.9607218310075, 'fire_exp': 1.2060040899560858, 'P_half': 157.80309954142965, 'pre_dampen_half': 903.3231300044874, 'gpp_af': 0.005061568304359487, 'gpp_b': 0.004411400434514031, 'gpp_d': 0.4742269251269962, 'ign_k': 0.004105873950290761, 'ign_c': 104.75330041760883, 'trop_agb_crit': 4.789307037039607, 'trop_k_veg': 0.5535297685306277, 'fire_amp': 5.44779717154213}.
[I 2026-06-11 01:41:45,254] Trial 968 finished with values: [10.766408758681019, 10.766408758681019] and parameters: {'k1': 0.03648456083047798, 'D_low': 236.79352040223893, 'k2': 0.019383858782150494, 'D_high': 1266.9536563782303, 'fire_exp': 1.5191397119156032, 'P_half': 5.4712187293420325, 'pre_dampen_half': 4.847666216751353, 'gpp_af': 0.10098504976210308, 'gpp_b': 1.1271749208350375, 'gpp_d': 0.4742269251269962, 'ign_k': 0.0032383308053152635, 'ign_c': 22.126836566118193, 'trop_agb_crit': 28.779217872092953, 'trop_k_veg': 2.724170387400844, 'fire_amp': 5.44779717154213}.
[I 2026-06-11 01:41:47,135] Trial 969 finished with values: [10.176857319039756, 10.176857319039756] and parameters: {'k1': 0.08006837661379566, 'D_low': 2267.735223551285, 'k2': 0.0007731571570012607, 'D_high': 6682.9607218310075, 'fire_exp': 1.2060040899560858, 'P_half': 3.591771421517613, 'pre_dampen_half': 695.7350580318054, 'gpp_af': 0.9219336658511308, 'gpp_b': 0.004411400434514031, 'gpp_d': 1.4397852866783676, 'ign_k': 0.0032383308053152635, 'ign_c': 1.4879588507789996, 'trop_agb_crit': 12.9667438075127, 'trop_k_veg': 0.9923523017201868, 'fire_amp': 1.5719333351012774}.
[I 2026-06-11 01:41:48,507] Trial 970 finished with values: [10.769185816860855, 10.769185816860855] and parameters: {'k1': 0.03648456083047798, 'D_low': 236.79352040223893, 'k2': 0.019383858782150494, 'D_high': 6682.9607218310075, 'fire_exp': 5.351686653809503, 'P_half': 157.80309954142965, 'pre_dampen_half': 4.847666216751353, 'gpp_af': 0.046239120540552445, 'gpp_b': 0.001674375583895437, 'gpp_d': 1.4397852866783676, 'ign_k': 0.004105873950290761, 'ign_c': 4.619723604324942, 'trop_agb_crit': 2.100813292597435, 'trop_k_veg': 6.963655030926962, 'fire_amp': 5.44779717154213}.
[I 2026-06-11 01:41:49,939] Trial 971 finished with values: [10.04179553330347, 10.04179553330347] and parameters: {'k1': 0.0002588246491696491, 'D_low': 408.3047491580097, 'k2': 0.0002442377596403892, 'D_high': 6682.9607218310075, 'fire_exp': 1.2060040899560858, 'P_half': 7.914423612155368, 'pre_dampen_half': 903.3231300044874, 'gpp_af': 7.6249540788973835, 'gpp_b': 0.004411400434514031, 'gpp_d': 0.1619054449471649, 'ign_k': 7.544827057709847, 'ign_c': 14.709699119495124, 'trop_agb_crit': 2.100813292597435, 'trop_k_veg': 0.5535297685306277, 'fire_amp': 3.1045399027418377}.
[I 2026-06-11 01:41:51,262] Trial 972 finished with values: [-0.6153833819142835, 0.07005459897368604] and parameters: {'k1': 0.0869690639641868, 'D_low': 235.39834531862078, 'k2': 0.0001870742013766025, 'D_high': 4213.54222759551, 'fire_exp': 1.5191397119156032, 'P_half': 5.4712187293420325, 'pre_dampen_half': 9.044346216330972, 'gpp_af': 0.060029341913968644, 'gpp_b': 5.0875243087016374e-05, 'gpp_d': 0.1619054449471649, 'ign_k': 0.004105873950290761, 'ign_c': 1.364908766641693, 'trop_agb_crit': 2.100813292597435, 'trop_k_veg': 2.8926781829782864, 'fire_amp': 5.44779717154213}.
