[I 2026-07-22 21:44:34,415] Trial 489 finished with values: [10.660270321940839, 10.660270321940839] and parameters: {'k1': 1.8595266457134027e-05, 'D_low': 102.19595065529477, 'k2': 0.015109086063191909, 'D_high': 580966.5602369158, 'fire_exp': 1.0341837609578937, 'P_half': 10.226988730324324, 'pre_dampen_half': 33.71909132517388, 'gpp_af': 1.1300566419249867, 'gpp_b': 0.00011277885258222645, 'gpp_d': 16.460426816350534, 'ign_k': 0.018707420137660268, 'ign_c': 170.36632990295922, 'trop_agb_crit': 6.1198430581046965, 'trop_k_veg': 0.5695379443977426, 'fuel_k': 1.8731335591844647, 'fuel_half': 42.6871254378718}.
[I 2026-07-22 21:44:34,872] Trial 490 finished with values: [10.18922374858608, 10.18922374858608] and parameters: {'k1': 0.004312951023617458, 'D_low': 13.25142220631392, 'k2': 1.6559474674046002e-05, 'D_high': 1488557.802851245, 'fire_exp': 1.024589524149873, 'P_half': 10.226988730324324, 'pre_dampen_half': 502.5175192217655, 'gpp_af': 70.3172069106713, 'gpp_b': 0.0005995821881487623, 'gpp_d': 857.4284557962626, 'ign_k': 0.01077788960207927, 'ign_c': 4.1108484350212295, 'trop_agb_crit': 1.1195539271968775, 'trop_k_veg': 0.9793402026070162, 'fuel_k': 0.028970790717327534, 'fuel_half': 3.632486956676605}.
[I 2026-07-22 21:44:35,315] Trial 491 finished with values: [10.975811713279684, 10.975811713279684] and parameters: {'k1': 0.0029707920514735983, 'D_low': 247.75146043208053, 'k2': 0.017300724838654365, 'D_high': 107013.64911724928, 'fire_exp': 1.024589524149873, 'P_half': 10.226988730324324, 'pre_dampen_half': 36.876350096202984, 'gpp_af': 0.0025511964576171086, 'gpp_b': 0.00012118589392553819, 'gpp_d': 4.576857873108685, 'ign_k': 0.018707420137660268, 'ign_c': 6.1609752947414345, 'trop_agb_crit': 19.28597237496244, 'trop_k_veg': 0.9793402026070162, 'fuel_k': 2.5629765645018403, 'fuel_half': 0.32476735706274484}.
[I 2026-07-22 21:44:35,755] Trial 492 finished with values: [-0.33030606458394357, 0.8828438845777344] and parameters: {'k1': 0.004312951023617458, 'D_low': 2.8627614274446977, 'k2': 0.020679187143488792, 'D_high': 145242.37928628005, 'fire_exp': 1.0482996836046896, 'P_half': 1.4378290221680121, 'pre_dampen_half': 26.373339933815235, 'gpp_af': 1.1300566419249867, 'gpp_b': 7.402343469704414e-05, 'gpp_d': 6.91394869865762, 'ign_k': 0.006290644294586149, 'ign_c': 8.405439129313676, 'trop_agb_crit': 13.365572767895445, 'trop_k_veg': 1.140286245977296, 'fuel_k': 1.6460650207153922, 'fuel_half': 15.298506868937444}.
[I 2026-07-22 21:44:36,189] Trial 493 finished with values: [10.154835379717037, 10.154835379717037] and parameters: {'k1': 0.00023352156626184448, 'D_low': 247.75146043208053, 'k2': 0.017300724838654365, 'D_high': 1488557.802851245, 'fire_exp': 1.024589524149873, 'P_half': 119.9763911113096, 'pre_dampen_half': 269.0845367054863, 'gpp_af': 0.7539992074650282, 'gpp_b': 0.00012118589392553819, 'gpp_d': 4.576857873108685, 'ign_k': 0.024287565087611766, 'ign_c': 6.1609752947414345, 'trop_agb_crit': 15.870971677383487, 'trop_k_veg': 4.130963924640279, 'fuel_k': 0.08612665817296865, 'fuel_half': 0.32476735706274484}.
  trial  494/1500  pareto_size=4  best_taylor=0.7828  best_ilamb=0.6071  (3.7 min)
[I 2026-07-22 21:44:36,695] Trial 494 finished with values: [-0.7189983183473937, 0.5487862793933798] and parameters: {'k1': 0.002968335334246999, 'D_low': 102.19595065529477, 'k2': 0.017300724838654365, 'D_high': 107013.64911724928, 'fire_exp': 1.4905138918021545, 'P_half': 220.3445560633069, 'pre_dampen_half': 26.373339933815235, 'gpp_af': 0.7539992074650282, 'gpp_b': 0.0032930655419269924, 'gpp_d': 16.460426816350534, 'ign_k': 3.210808548911192, 'ign_c': 4.1108484350212295, 'trop_agb_crit': 6.1198430581046965, 'trop_k_veg': 1.6340262437673856, 'fuel_k': 4.680936683972859, 'fuel_half': 28.412055118924748}.
[I 2026-07-22 21:44:37,138] Trial 495 finished with values: [10.969212117835047, 10.969212117835047] and parameters: {'k1': 0.00016480446427978953, 'D_low': 163.4864778201543, 'k2': 0.0007406380926311093, 'D_high': 580966.5602369158, 'fire_exp': 1.0862503061991866, 'P_half': 3.0257721519613185, 'pre_dampen_half': 33.97904243111269, 'gpp_af': 0.7539992074650282, 'gpp_b': 7.402343469704414e-05, 'gpp_d': 9.00460602264307, 'ign_k': 8.761971101023699, 'ign_c': 0.11650681118986138, 'trop_agb_crit': 2.171140223187998, 'trop_k_veg': 0.9793402026070162, 'fuel_k': 1.312881567992459, 'fuel_half': 42.6871254378718}.
[I 2026-07-22 21:44:37,575] Trial 496 finished with values: [10.491396432138343, 10.491396432138343] and parameters: {'k1': 0.004312951023617458, 'D_low': 2.8627614274446977, 'k2': 1.915468390724633e-05, 'D_high': 18489.90108223028, 'fire_exp': 2.3987174696212126, 'P_half': 13.019246714361572, 'pre_dampen_half': 502.5175192217655, 'gpp_af': 1.1300566419249867, 'gpp_b': 7.402343469704414e-05, 'gpp_d': 12.151631524283598, 'ign_k': 3.210808548911192, 'ign_c': 0.10544710041137256, 'trop_agb_crit': 1.7813653882411722, 'trop_k_veg': 1.4584243470991722, 'fuel_k': 4.680936683972859, 'fuel_half': 15.298506868937444}.
[I 2026-07-22 21:44:38,015] Trial 497 finished with values: [12.182604819100131, 12.182604819100131] and parameters: {'k1': 0.00019876655910112227, 'D_low': 158.0407962960918, 'k2': 1.6559474674046002e-05, 'D_high': 107013.64911724928, 'fire_exp': 1.0482996836046896, 'P_half': 13.019246714361572, 'pre_dampen_half': 26.373339933815235, 'gpp_af': 0.015769192447197523, 'gpp_b': 7.402343469704414e-05, 'gpp_d': 0.9568931772917474, 'ign_k': 0.024287565087611766, 'ign_c': 0.9294394155644988, 'trop_agb_crit': 19.28597237496244, 'trop_k_veg': 7.26254292602904, 'fuel_k': 4.680936683972859, 'fuel_half': 0.13249100882689224}.
[I 2026-07-22 21:44:38,445] Trial 498 finished with values: [10.435995493177717, 10.435995493177717] and parameters: {'k1': 0.0029707920514735983, 'D_low': 975.3810162817546, 'k2': 0.006051580666890612, 'D_high': 10377.055497115112, 'fire_exp': 1.0341837609578937, 'P_half': 10.226988730324324, 'pre_dampen_half': 36.876350096202984, 'gpp_af': 0.08765778781781633, 'gpp_b': 0.004922228103935987, 'gpp_d': 857.4284557962626, 'ign_k': 0.018707420137660268, 'ign_c': 6.1609752947414345, 'trop_agb_crit': 9.836162684900028, 'trop_k_veg': 0.9793402026070162, 'fuel_k': 3.6992394681929355, 'fuel_half': 15.298506868937444}.
[I 2026-07-22 21:44:38,879] Trial 499 finished with values: [-0.6994372662258894, 0.4184086507511805] and parameters: {'k1': 0.002971796631657383, 'D_low': 102.19595065529477, 'k2': 2.1698375693549493e-05, 'D_high': 1693415.5410667954, 'fire_exp': 2.4645237762603327, 'P_half': 13.019246714361572, 'pre_dampen_half': 269.0845367054863, 'gpp_af': 0.03924302839842014, 'gpp_b': 0.0032930655419269924, 'gpp_d': 0.3619181297408274, 'ign_k': 8.761971101023699, 'ign_c': 4.1108484350212295, 'trop_agb_crit': 2.539877620672643, 'trop_k_veg': 0.9793402026070162, 'fuel_k': 4.680936683972859, 'fuel_half': 16.371966573507315}.
[I 2026-07-22 21:44:39,310] Trial 500 finished with values: [-0.6609666208639514, 0.5184407829449876] and parameters: {'k1': 0.00023352156626184448, 'D_low': 247.75146043208053, 'k2': 1.127217425995114e-05, 'D_high': 887331.2884015184, 'fire_exp': 1.024589524149873, 'P_half': 38.82837025280678, 'pre_dampen_half': 347.79988160923324, 'gpp_af': 0.0025511964576171086, 'gpp_b': 0.00012118589392553819, 'gpp_d': 302.3127748796295, 'ign_k': 0.018707420137660268, 'ign_c': 6.1609752947414345, 'trop_agb_crit': 6.1198430581046965, 'trop_k_veg': 0.9793402026070162, 'fuel_k': 0.08612665817296865, 'fuel_half': 0.32476735706274484}.
[I 2026-07-22 21:44:39,750] Trial 501 finished with values: [11.53059150478658, 11.53059150478658] and parameters: {'k1': 0.00016480446427978953, 'D_low': 13.25142220631392, 'k2': 1.6559474674046002e-05, 'D_high': 71534.52030884045, 'fire_exp': 1.024589524149873, 'P_half': 8.91613269954689, 'pre_dampen_half': 347.79988160923324, 'gpp_af': 0.7539992074650282, 'gpp_b': 0.0032930655419269924, 'gpp_d': 12.151631524283598, 'ign_k': 0.031117676855667385, 'ign_c': 4.1108484350212295, 'trop_agb_crit': 15.870971677383487, 'trop_k_veg': 0.9389228405367727, 'fuel_k': 4.680936683972859, 'fuel_half': 0.32476735706274484}.
[I 2026-07-22 21:44:40,182] Trial 502 finished with values: [-0.14675710215064014, 0.8732779352053239] and parameters: {'k1': 1.8205657658407255e-05, 'D_low': 126.11058927054879, 'k2': 0.0001971137615017176, 'D_high': 708572.1663941594, 'fire_exp': 1.3219590610242518, 'P_half': 1.7036120617148391, 'pre_dampen_half': 26.373339933815235, 'gpp_af': 29.925002022877816, 'gpp_b': 0.0005392415140872105, 'gpp_d': 700.6693992445935, 'ign_k': 0.0013726318898045872, 'ign_c': 8.405439129313676, 'trop_agb_crit': 20.205002815711154, 'trop_k_veg': 0.9793402026070162, 'fuel_k': 0.08612665817296865, 'fuel_half': 0.253071961271088}.
[I 2026-07-22 21:44:40,612] Trial 503 finished with values: [10.003322864318026, 10.003322864318026] and parameters: {'k1': 0.003242143344038315, 'D_low': 163.4864778201543, 'k2': 2.1698375693549493e-05, 'D_high': 887331.2884015184, 'fire_exp': 1.0862503061991866, 'P_half': 10.226988730324324, 'pre_dampen_half': 36.876350096202984, 'gpp_af': 0.0025511964576171086, 'gpp_b': 3.228689523591491e-05, 'gpp_d': 700.6693992445935, 'ign_k': 0.03141110271934876, 'ign_c': 0.11650681118986138, 'trop_agb_crit': 15.870971677383487, 'trop_k_veg': 0.9793402026070162, 'fuel_k': 1.312881567992459, 'fuel_half': 42.6871254378718}.
[I 2026-07-22 21:44:41,039] Trial 504 finished with values: [10.666148597181103, 10.666148597181103] and parameters: {'k1': 0.004312951023617458, 'D_low': 13.25142220631392, 'k2': 1.6559474674046002e-05, 'D_high': 71534.52030884045, 'fire_exp': 1.024589524149873, 'P_half': 220.3445560633069, 'pre_dampen_half': 0.023226277943865486, 'gpp_af': 0.7539992074650282, 'gpp_b': 7.402343469704414e-05, 'gpp_d': 857.4284557962626, 'ign_k': 0.024287565087611766, 'ign_c': 15.221840161091619, 'trop_agb_crit': 24.584290528289387, 'trop_k_veg': 7.26254292602904, 'fuel_k': 0.08612665817296865, 'fuel_half': 52.005817291141206}.
[I 2026-07-22 21:44:41,469] Trial 505 finished with values: [-0.46255854094445903, 0.4753374593539339] and parameters: {'k1': 0.004312951023617458, 'D_low': 9.497440085397416, 'k2': 1.915468390724633e-05, 'D_high': 71534.52030884045, 'fire_exp': 1.024589524149873, 'P_half': 220.3445560633069, 'pre_dampen_half': 502.5175192217655, 'gpp_af': 0.7539992074650282, 'gpp_b': 0.0021331409710300844, 'gpp_d': 16.460426816350534, 'ign_k': 0.06807874826564587, 'ign_c': 15.221840161091619, 'trop_agb_crit': 24.584290528289387, 'trop_k_veg': 1.4584243470991722, 'fuel_k': 4.680936683972859, 'fuel_half': 52.005817291141206}.
[I 2026-07-22 21:44:41,900] Trial 506 finished with values: [10.119393302480008, 10.119393302480008] and parameters: {'k1': 0.00016480446427978953, 'D_low': 102.19595065529477, 'k2': 0.002342238625792905, 'D_high': 1488557.802851245, 'fire_exp': 1.0482996836046896, 'P_half': 13.019246714361572, 'pre_dampen_half': 26.373339933815235, 'gpp_af': 0.015769192447197523, 'gpp_b': 0.0054502936945582505, 'gpp_d': 16.460426816350534, 'ign_k': 0.024287565087611766, 'ign_c': 0.9294394155644988, 'trop_agb_crit': 15.870971677383487, 'trop_k_veg': 4.130963924640279, 'fuel_k': 0.08612665817296865, 'fuel_half': 16.371966573507315}.
[I 2026-07-22 21:44:42,338] Trial 507 finished with values: [11.125432611694432, 11.125432611694432] and parameters: {'k1': 0.0029707920514735983, 'D_low': 163.4864778201543, 'k2': 2.1698375693549493e-05, 'D_high': 887331.2884015184, 'fire_exp': 1.0341837609578937, 'P_half': 38.82837025280678, 'pre_dampen_half': 347.79988160923324, 'gpp_af': 0.0025511964576171086, 'gpp_b': 3.228689523591491e-05, 'gpp_d': 857.4284557962626, 'ign_k': 0.006290644294586149, 'ign_c': 6.1609752947414345, 'trop_agb_crit': 6.1198430581046965, 'trop_k_veg': 0.9793402026070162, 'fuel_k': 2.5629765645018403, 'fuel_half': 0.32476735706274484}.
[I 2026-07-22 21:44:42,770] Trial 508 finished with values: [10.15880109958326, 10.15880109958326] and parameters: {'k1': 0.00016480446427978953, 'D_low': 126.11058927054879, 'k2': 1.6559474674046002e-05, 'D_high': 1488557.802851245, 'fire_exp': 1.3219590610242518, 'P_half': 259.29513803785335, 'pre_dampen_half': 26.373339933815235, 'gpp_af': 0.7539992074650282, 'gpp_b': 7.402343469704414e-05, 'gpp_d': 302.3127748796295, 'ign_k': 0.0013726318898045872, 'ign_c': 6.1609752947414345, 'trop_agb_crit': 24.584290528289387, 'trop_k_veg': 0.9793402026070162, 'fuel_k': 0.08612665817296865, 'fuel_half': 57.882001937752385}.
[I 2026-07-22 21:44:43,201] Trial 509 finished with values: [-0.7165791821049645, 0.7460284449808122] and parameters: {'k1': 0.0029707920514735983, 'D_low': 9.497440085397416, 'k2': 1.6559474674046002e-05, 'D_high': 1488557.802851245, 'fire_exp': 1.024589524149873, 'P_half': 48.464976792190825, 'pre_dampen_half': 502.5175192217655, 'gpp_af': 0.09791370130598968, 'gpp_b': 0.0005995821881487623, 'gpp_d': 857.4284557962626, 'ign_k': 0.024287565087611766, 'ign_c': 8.405439129313676, 'trop_agb_crit': 1.1195539271968775, 'trop_k_veg': 6.911478238001162, 'fuel_k': 0.08612665817296865, 'fuel_half': 52.005817291141206}.
[I 2026-07-22 21:44:43,638] Trial 510 finished with values: [-0.2644001185223279, 0.6723069629334735] and parameters: {'k1': 0.002971796631657383, 'D_low': 102.19595065529477, 'k2': 0.0034207303670092245, 'D_high': 580966.5602369158, 'fire_exp': 1.161749421319469, 'P_half': 220.3445560633069, 'pre_dampen_half': 33.97904243111269, 'gpp_af': 1.1300566419249867, 'gpp_b': 0.0005392415140872105, 'gpp_d': 302.3127748796295, 'ign_k': 0.006039096247545781, 'ign_c': 6.1609752947414345, 'trop_agb_crit': 24.584290528289387, 'trop_k_veg': 0.5695379443977426, 'fuel_k': 1.312881567992459, 'fuel_half': 16.371966573507315}.
[I 2026-07-22 21:44:44,065] Trial 511 finished with values: [10.331902798623215, 10.331902798623215] and parameters: {'k1': 0.003242143344038315, 'D_low': 2.9612221068836555, 'k2': 0.0034207303670092245, 'D_high': 580966.5602369158, 'fire_exp': 1.161749421319469, 'P_half': 136.0956887810302, 'pre_dampen_half': 33.97904243111269, 'gpp_af': 0.008562341633595545, 'gpp_b': 3.228689523591491e-05, 'gpp_d': 302.3127748796295, 'ign_k': 0.47081597932501923, 'ign_c': 0.11650681118986138, 'trop_agb_crit': 3.5522713231614182, 'trop_k_veg': 0.9369104721775232, 'fuel_k': 1.312881567992459, 'fuel_half': 42.6871254378718}.
[I 2026-07-22 21:44:44,493] Trial 512 finished with values: [10.159822590443019, 10.159822590443019] and parameters: {'k1': 0.00013783578294796384, 'D_low': 247.75146043208053, 'k2': 1.127217425995114e-05, 'D_high': 10377.055497115112, 'fire_exp': 1.0341837609578937, 'P_half': 13.019246714361572, 'pre_dampen_half': 12.515601598062569, 'gpp_af': 0.008983355849178878, 'gpp_b': 0.00012118589392553819, 'gpp_d': 2.8006820077310226, 'ign_k': 5.985024829384178, 'ign_c': 6.3906950920732175, 'trop_agb_crit': 9.836162684900028, 'trop_k_veg': 1.7570501127699656, 'fuel_k': 0.04572914063536324, 'fuel_half': 1.3547291924247347}.
[I 2026-07-22 21:44:44,924] Trial 513 finished with values: [10.461568815024687, 10.461568815024687] and parameters: {'k1': 0.002971796631657383, 'D_low': 163.4864778201543, 'k2': 2.1698375693549493e-05, 'D_high': 1693415.5410667954, 'fire_exp': 2.4645237762603327, 'P_half': 13.019246714361572, 'pre_dampen_half': 269.0845367054863, 'gpp_af': 0.2077161282926346, 'gpp_b': 3.228689523591491e-05, 'gpp_d': 0.3619181297408274, 'ign_k': 8.761971101023699, 'ign_c': 4.1108484350212295, 'trop_agb_crit': 6.1198430581046965, 'trop_k_veg': 0.9793402026070162, 'fuel_k': 4.680936683972859, 'fuel_half': 16.371966573507315}.
[I 2026-07-22 21:44:45,350] Trial 514 finished with values: [10.708636616426993, 10.708636616426993] and parameters: {'k1': 0.002968335334246999, 'D_low': 2.8627614274446977, 'k2': 3.349496364344092e-05, 'D_high': 107013.64911724928, 'fire_exp': 2.3987174696212126, 'P_half': 220.3445560633069, 'pre_dampen_half': 10.059683154936915, 'gpp_af': 0.008562341633595545, 'gpp_b': 0.0005995821881487623, 'gpp_d': 12.151631524283598, 'ign_k': 0.006290644294586149, 'ign_c': 0.11650681118986138, 'trop_agb_crit': 1.7813653882411722, 'trop_k_veg': 1.140286245977296, 'fuel_k': 0.48736180483849406, 'fuel_half': 18.202647368248815}.
[I 2026-07-22 21:44:45,784] Trial 515 finished with values: [10.025465953759099, 10.025465953759099] and parameters: {'k1': 0.0029707920514735983, 'D_low': 13.25142220631392, 'k2': 1.6559474674046002e-05, 'D_high': 887331.2884015184, 'fire_exp': 1.4162240221284284, 'P_half': 38.82837025280678, 'pre_dampen_half': 36.876350096202984, 'gpp_af': 0.0025511964576171086, 'gpp_b': 3.228689523591491e-05, 'gpp_d': 302.3127748796295, 'ign_k': 0.006290644294586149, 'ign_c': 6.1609752947414345, 'trop_agb_crit': 19.84604666505718, 'trop_k_veg': 1.140286245977296, 'fuel_k': 0.08612665817296865, 'fuel_half': 0.32476735706274484}.
[I 2026-07-22 21:44:46,216] Trial 516 finished with values: [10.61957572759372, 10.61957572759372] and parameters: {'k1': 0.002971796631657383, 'D_low': 163.4864778201543, 'k2': 1.915468390724633e-05, 'D_high': 1513567.861194033, 'fire_exp': 1.6090272901502027, 'P_half': 10.226988730324324, 'pre_dampen_half': 269.0845367054863, 'gpp_af': 0.0025511964576171086, 'gpp_b': 3.228689523591491e-05, 'gpp_d': 0.3619181297408274, 'ign_k': 8.761971101023699, 'ign_c': 6.1609752947414345, 'trop_agb_crit': 6.1198430581046965, 'trop_k_veg': 2.42764713875812, 'fuel_k': 1.8731335591844647, 'fuel_half': 38.21129441691226}.
[I 2026-07-22 21:44:46,649] Trial 517 finished with values: [10.65233431987128, 10.65233431987128] and parameters: {'k1': 0.002968335334246999, 'D_low': 975.3810162817546, 'k2': 0.017300724838654365, 'D_high': 10377.055497115112, 'fire_exp': 1.0482996836046896, 'P_half': 220.3445560633069, 'pre_dampen_half': 2.488338093530606, 'gpp_af': 0.7539992074650282, 'gpp_b': 7.402343469704414e-05, 'gpp_d': 6.91394869865762, 'ign_k': 0.0012663923057989628, 'ign_c': 15.221840161091619, 'trop_agb_crit': 9.836162684900028, 'trop_k_veg': 1.140286245977296, 'fuel_k': 0.08872338014306087, 'fuel_half': 15.298506868937444}.
[I 2026-07-22 21:44:47,081] Trial 518 finished with values: [10.55333988871865, 10.55333988871865] and parameters: {'k1': 0.003242143344038315, 'D_low': 102.19595065529477, 'k2': 0.002342238625792905, 'D_high': 1488557.802851245, 'fire_exp': 1.0482996836046896, 'P_half': 10.226988730324324, 'pre_dampen_half': 269.0845367054863, 'gpp_af': 29.925002022877816, 'gpp_b': 0.0054502936945582505, 'gpp_d': 373.3014953695604, 'ign_k': 0.018707420137660268, 'ign_c': 6.1609752947414345, 'trop_agb_crit': 6.1198430581046965, 'trop_k_veg': 1.6340262437673856, 'fuel_k': 4.680936683972859, 'fuel_half': 16.371966573507315}.
[I 2026-07-22 21:44:47,512] Trial 519 finished with values: [10.75284839703464, 10.75284839703464] and parameters: {'k1': 0.004312951023617458, 'D_low': 9.497440085397416, 'k2': 1.6559474674046002e-05, 'D_high': 71534.52030884045, 'fire_exp': 1.024589524149873, 'P_half': 220.3445560633069, 'pre_dampen_half': 36.876350096202984, 'gpp_af': 0.07961191926812566, 'gpp_b': 2.8457393813758034, 'gpp_d': 16.460426816350534, 'ign_k': 0.018707420137660268, 'ign_c': 15.221840161091619, 'trop_agb_crit': 24.584290528289387, 'trop_k_veg': 1.4584243470991722, 'fuel_k': 4.680936683972859, 'fuel_half': 52.005817291141206}.
[I 2026-07-22 21:44:47,940] Trial 520 finished with values: [-0.5365299708051683, 0.49409268600562317] and parameters: {'k1': 0.0003938139750079109, 'D_low': 13.25142220631392, 'k2': 0.00209261568837867, 'D_high': 15907.988939621297, 'fire_exp': 1.2120759485719061, 'P_half': 13.019246714361572, 'pre_dampen_half': 502.5175192217655, 'gpp_af': 0.09791370130598968, 'gpp_b': 0.0005995821881487623, 'gpp_d': 857.4284557962626, 'ign_k': 5.985024829384178, 'ign_c': 4.1108484350212295, 'trop_agb_crit': 9.836162684900028, 'trop_k_veg': 1.7570501127699656, 'fuel_k': 0.08612665817296865, 'fuel_half': 52.005817291141206}.
[I 2026-07-22 21:44:48,374] Trial 521 finished with values: [10.055803355823471, 10.055803355823471] and parameters: {'k1': 1.8595266457134027e-05, 'D_low': 13.25142220631392, 'k2': 1.6559474674046002e-05, 'D_high': 887331.2884015184, 'fire_exp': 1.0482996836046896, 'P_half': 270.15957920129443, 'pre_dampen_half': 26.373339933815235, 'gpp_af': 0.015769192447197523, 'gpp_b': 7.402343469704414e-05, 'gpp_d': 302.3127748796295, 'ign_k': 0.024287565087611766, 'ign_c': 6.1609752947414345, 'trop_agb_crit': 19.84604666505718, 'trop_k_veg': 7.26254292602904, 'fuel_k': 0.08612665817296865, 'fuel_half': 57.882001937752385}.
[I 2026-07-22 21:44:48,808] Trial 522 finished with values: [10.622665672870632, 10.622665672870632] and parameters: {'k1': 0.002968335334246999, 'D_low': 102.19595065529477, 'k2': 1.6559474674046002e-05, 'D_high': 1488557.802851245, 'fire_exp': 2.3987174696212126, 'P_half': 13.019246714361572, 'pre_dampen_half': 36.876350096202984, 'gpp_af': 29.925002022877816, 'gpp_b': 0.0032930655419269924, 'gpp_d': 0.3619181297408274, 'ign_k': 0.018707420137660268, 'ign_c': 4.1108484350212295, 'trop_agb_crit': 6.1198430581046965, 'trop_k_veg': 0.9369104721775232, 'fuel_k': 4.680936683972859, 'fuel_half': 16.371966573507315}.
[I 2026-07-22 21:44:49,236] Trial 523 finished with values: [-0.6832260875353644, 0.38840035801150163] and parameters: {'k1': 0.004312951023617458, 'D_low': 9.497440085397416, 'k2': 0.011469197890812934, 'D_high': 71534.52030884045, 'fire_exp': 1.024589524149873, 'P_half': 13.019246714361572, 'pre_dampen_half': 36.876350096202984, 'gpp_af': 0.015769192447197523, 'gpp_b': 0.0032930655419269924, 'gpp_d': 302.3127748796295, 'ign_k': 3.210808548911192, 'ign_c': 6.1609752947414345, 'trop_agb_crit': 1.1195539271968775, 'trop_k_veg': 1.6340262437673856, 'fuel_k': 1.8731335591844647, 'fuel_half': 27.47623461877469}.
